simanneal start at 0.000174959
10001000
10002000
10001000
10001000
10004000
10011000
10002000
10003000
10005000
10008000
10006000
10011000
10015000
10011000
10011000
10014000
10020000
10018000
10011000
10007000
10008000
10012000
10008000
10006000
10006000
10007000
10007000
10012000
10009000
10003000
10009000
10003000
10007000
10008000
10001000
10001000
10001000
10005000
10001000
10001000
10001000
10001000
10004000
10007000
10004000
10016000
10001000
10017000
10002000
10008000
10003000
10003000
10006000
10006000
10006000
10003000
10003000
10004000
10001000
10004000
10004000
10001000
10001000
10002000
10002000
10004000
10003000
10002000
10001000
10007000
10006000
10001000
10003000
10003000
===== simanneal =====
all iter   : 80
accepted   : 74

0.909542168
1.89611796
beam: 10001000chokudai: 100010001.898351251
