simanneal start at 0.000660291
10001000
10001000
10001000
10001000
10001000
10001000
10001000
10001000
10001000
10002000
10001000
10001000
10001000
10001000
10001000
10001000
10001000
10001000
10001000
10001000
10001000
10001000
10001000
10001000
10001000
10001000
10001000
10001000
10001000
10001000
10001000
10001000
10001000
10001000
10001000
10001000
10001000
10004000
10001000
10001000
10001000
10003000
10001000
10001000
10009000
10001000
10001000
10001000
10001000
10004000
10004000
10001000
10001000
10001000
10001000
10001000
10007000
10004000
10004000
10005000
10010000
10008000
10001000
10001000
10001000
10001000
10001000
10001000
10005000
10005000
10001000
10001000
8000
7000
7000
13000
4000
12000
7000
7000
===== simanneal =====
all iter   : 102
accepted   : 80

0.903041458
2.037042501
beam: 4000chokudai: 100010002.038294126
