simanneal start at 0.000125916
1000
1000
1000
3000
1000
4000
5000
1000
1000
1000
1000
4000
1000
4000
1000
1000
1000
3000
6000
1000
1000
2000
1000
2000
1000
5000
4000
4000
1000
1000
1000
1000
1000
1000
4000
1000
4000
1000
1000
1000
1000
1000
4000
2000
1000
1000
1000
4000
5000
4000
5000
1000
1000
1000
1000
1000
1000
1000
5000
1000
1000
1000
1000
1000
1000
5000
1000
1000
1000
1000
1000
1000
5000
1000
1000
1000
1000
1000
1000
2000
1000
3000
1000
1000
2000
1000
1000
1000
1000
1000
1000
1000
1000
1000
4000
1000
1000
1000
1000
1000
1000
4000
5000
1000
1000
1000
1000
1000
1000
1000
2000
1000
1000
5000
1000
1000
1000
1000
1000
1000
1000
1000
3000
1000
4000
2000
1000
2000
2000
2000
2000
2000
1000
1000
4000
1000
1000
1000
1000
1000
1000
1000
2000
1000
1000
1000
1000
1000
2000
1000
1000
1000
1000
1000
1000
1000
1000
4000
1000
1000
1000
1000
1000
1000
1000
1000
1000
1000
1000
1000
1000
1000
1000
1000
===== simanneal =====
all iter   : 204
accepted   : 174

0.90153975
1.998751334
beam: 1000chokudai: 10002.000772542
