simanneal start at 0.000057042
10002000
10003000
10001000
10007000
10008000
10015000
10016000
12000
12000
11000
11000
13000
12000
12000
18000
13000
12000
11000
16000
16000
14000
15000
9000
13000
15000
14000
14000
12000
13000
17000
14000
13000
11000
13000
15000
11000
12000
11000
12000
13000
13000
19000
12000
14000
13000
19000
14000
12000
12000
19000
11000
13000
5000
2000
12000
8000
6000
6000
2000
5000
===== simanneal =====
all iter   : 194
accepted   : 60

0.907579334
2.100374793
beam: 2000chokudai: 10002.102888251
