simanneal start at 0.000350208
10005000
1000
1000
1000
1000
1000
1000
1000
1000
1000
1000
1000
1000
1000
1000
1000
1000
2000
1000
1000
1000
5000
1000
1000
1000
5000
1000
1000
1000
1000
1000
1000
1000
1000
1000
1000
1000
1000
1000
1000
1000
1000
1000
1000
1000
1000
1000
1000
1000
1000
1000
1000
1000
1000
1000
1000
1000
5000
1000
1000
2000
1000
1000
1000
1000
1000
1000
1000
1000
1000
1000
1000
1000
5000
1000
1000
1000
1000
1000
2000
1000
1000
1000
1000
1000
1000
1000
1000
1000
1000
1000
1000
1000
1000
1000
3000
1000
1000
1000
1000
3000
1000
1000
1000
1000
1000
1000
1000
1000
1000
1000
1000
1000
4000
1000
1000
1000
1000
1000
1000
3000
1000
1000
1000
1000
1000
1000
1000
1000
1000
1000
===== simanneal =====
all iter   : 158
accepted   : 131

0.901481334
1.942748501
beam: 1000chokudai: 10001.9472778339999999
