simanneal start at 0.000058959
2147483648
2147483648
2147483648
2000
2000
2000
2000
3000
6000
4000
6000
6000
4000
6000
1000
3000
1000
1000
1000
3000
3000
3000
3000
4000
1000
1000
3000
7000
3000
5000
6000
10000
4000
4000
3000
3000
3000
5000
5000
6000
5000
3000
9000
14000
11000
11000
14000
11000
10000
6000
5000
6000
6000
8000
10000
7000
5000
5000
5000
5000
5000
5000
5000
5000
5000
6000
7000
3000
5000
1000
2000
4000
3000
3000
===== simanneal =====
all iter   : 143
accepted   : 74

0.909083209
1.939397918
beam: 1000chokudai: 100010001.9413365009999999
