simanneal start at 0.000141625
1000
1000
1000
1000
1000
1000
1000
1000
1000
1000
1000
1000
1000
1000
1000
1000
1000
1000
1000
1000
1000
1000
1000
1000
1000
1000
1000
1000
1000
1000
1000
1000
1000
1000
1000
1000
1000
1000
1000
3000
5000
1000
1000
1000
1000
1000
1000
1000
1000
1000
1000
1000
1000
1000
1000
1000
1000
1000
1000
5000
1000
1000
5000
1000
1000
1000
1000
1000
1000
1000
1000
1000
1000
1000
1000
1000
5000
1000
5000
1000
1000
1000
1000
5000
1000
1000
1000
1000
1000
1000
1000
5000
1000
1000
1000
1000
1000
1000
1000
1000
1000
5000
5000
3000
5000
1000
1000
1000
5000
1000
1000
1000
1000
1000
1000
1000
1000
1000
1000
1000
1000
1000
1000
1000
1000
1000
1000
1000
1000
1000
1000
1000
1000
1000
1000
1000
1000
1000
1000
1000
1000
1000
1000
1000
1000
1000
1000
1000
1000
1000
5000
1000
1000
1000
1000
1000
1000
1000
1000
1000
1000
1000
1000
1000
1000
1000
1000
1000
1000
1000
1000
1000
1000
1000
1000
1000
1000
5000
1000
1000
1000
1000
1000
1000
1000
1000
1000
1000
1000
1000
1000
1000
1000
1000
1000
1000
1000
1000
1000
1000
1000
1000
1000
1000
1000
1000
1000
1000
1000
1000
1000
1000
5000
1000
1000
1000
1000
1000
1000
1000
1000
1000
1000
5000
1000
1000
1000
1000
1000
1000
1000
1000
1000
1000
1000
1000
1000
1000
1000
1000
1000
1000
1000
1000
1000
1000
5000
1000
1000
1000
1000
1000
1000
1000
1000
1000
1000
1000
1000
1000
1000
1000
1000
1000
1000
1000
1000
1000
1000
1000
3000
1000
1000
1000
1000
1000
1000
1000
1000
===== simanneal =====
all iter   : 306
accepted   : 279

0.90332825
2.6114680850000003
beam: 1000chokudai: 10002.612494501
