simanneal start at 0.000036833
3000
5000
1000
4000
1000
6000
2000
2000
1000
9000
3000
3000
9000
6000
8000
9000
7000
9000
4000
7000
7000
6000
6000
6000
6000
1000
7000
1000
1000
7000
2000
10000
5000
3000
5000
7000
9000
2000
7000
7000
3000
4000
3000
7000
6000
5000
8000
3000
3000
6000
5000
12000
3000
5000
3000
10000
9000
8000
8000
5000
4000
4000
5000
4000
6000
3000
2000
3000
3000
4000
2000
3000
5000
4000
9000
6000
7000
7000
6000
5000
===== simanneal =====
all iter   : 196
accepted   : 80

0.902235583
1.974006792
beam: 1000chokudai: 10001.9755997920000001
