simanneal start at 0.000064
2147483648
2147483648
2147483648
1000
1000
1000
1000
1000
1000
1000
1000
5000
5000
6000
6000
5000
2000
2000
4000
6000
1000
4000
1000
5000
6000
5000
6000
2000
2000
2000
7000
7000
7000
8000
9000
8000
9000
11000
1000
1000
1000
1000
2000
1000
2000
1000
1000
2000
1000
1000
7000
8000
8000
8000
1000
4000
1000
2000
2000
6000
2000
2000
2000
1000
2000
2000
2000
1000
2000
8000
4000
1000
2000
8000
11000
2000
2000
2000
1000
1000
3000
1000
1000
1000
1000
===== simanneal =====
all iter   : 334
accepted   : 85

1.51306671
