simanneal start at 0.000027416
2147483648
2147483648
2147483648
2147483648
2147483648
2147483648
2147483648
2147483648
2147483648
2147483648
2147483648
2147483648
2000
1000
1000
1000
4000
2000
1000
1000
3000
11000
1000
1000
1000
1000
1000
1000
1000
1000
1000
2000
1000
6000
5000
1000
1000
5000
8000
9000
10000
15000
4000
6000
21000
13000
5000
5000
1000
4000
4000
4000
1000
5000
1000
1000
1000
4000
3000
4000
5000
5000
5000
1000
3000
1000
1000
5000
7000
1000
1000
===== simanneal =====
all iter   : 144
accepted   : 71

1.508528542
