simanneal start at 0.000049125
1000
1000
1000
1000
1000
1000
6000
8000
2000
8000
7000
6000
3000
7000
1000
1000
4000
4000
7000
4000
1000
1000
1000
1000
1000
1000
1000
1000
1000
6000
3000
1000
1000
1000
1000
2000
3000
1000
1000
1000
2000
1000
1000
1000
1000
1000
1000
1000
1000
1000
1000
1000
1000
1000
1000
1000
1000
2000
1000
10000
1000
1000
4000
3000
1000
1000
1000
1000
9000
9000
10000
2000
8000
3000
6000
8000
9000
4000
2000
1000
1000
1000
1000
1000
1000
3000
1000
1000
13000
1000
7000
1000
16000
9000
3000
3000
7000
13000
16000
7000
1000
1000
1000
1000
6000
7000
7000
1000
1000
1000
1000
1000
1000
3000
1000
1000
10000
1000
2000
1000
1000
1000
===== simanneal =====
all iter   : 175
accepted   : 122

1.51150925
