simanneal start at 0.00042975
2147483648
2147483648
7000
7000
7000
7000
7000
7000
7000
7000
2000
2000
2000
2000
8000
8000
7000
2000
2000
8000
7000
7000
7000
7000
7000
7000
7000
7000
2000
8000
2000
2000
9000
2000
8000
8000
8000
2000
7000
7000
7000
2000
7000
7000
8000
8000
11000
2000
6000
6000
6000
2000
8000
2000
8000
8000
2000
2000
2000
1000
9000
7000
5000
9000
9000
2000
2000
2000
7000
7000
8000
8000
8000
8000
8000
2000
2000
11000
8000
8000
7000
7000
7000
7000
2000
7000
2000
2000
2000
1000
2000
2000
7000
11000
2000
2000
2000
7000
7000
7000
7000
7000
7000
7000
8000
10000
8000
===== simanneal =====
all iter   : 476
accepted   : 107

1.506041875
