simanneal start at 0.000044125
1000
1000
1000
1000
5000
1000
6000
2000
1000
1000
4000
6000
3000
4000
7000
3000
5000
6000
6000
3000
6000
6000
6000
6000
6000
6000
6000
6000
5000
1000
5000
6000
6000
6000
6000
3000
7000
4000
4000
2000
4000
4000
4000
4000
8000
4000
1000
5000
3000
2000
3000
3000
3000
3000
6000
2000
2000
3000
12000
8000
12000
12000
4000
10000
11000
11000
12000
12000
19000
10000
9000
10000
9000
12000
14000
11000
1000
4000
2000
4000
5000
5000
1000
1000
4000
3000
5000
6000
5000
8000
15000
12000
11000
6000
6000
14000
11000
9000
3000
9000
12000
12000
10000
10000
11000
11000
4000
13000
5000
11000
5000
14000
1000
8000
6000
3000
4000
1000
1000
2000
1000
1000
1000
2000
2000
7000
1000
1000
1000
2000
4000
4000
5000
3000
5000
5000
2000
2000
3000
5000
4000
3000
2000
2000
===== simanneal =====
all iter   : 285
accepted   : 144

1.507918042
