simanneal start at 0.000186583
4000
1000
2000
9000
8000
6000
6000
8000
8000
10000
6000
8000
6000
10000
3000
1000
8000
7000
2000
4000
3000
3000
5000
2000
4000
4000
5000
6000
2000
6000
7000
4000
2000
6000
6000
3000
5000
6000
8000
6000
10000
9000
10000
10000
9000
11000
7000
7000
7000
7000
2000
3000
10000
5000
8000
2000
1000
7000
2000
4000
3000
2000
2000
2000
2000
1000
1000
3000
6000
1000
5000
5000
4000
5000
5000
2000
2000
2000
2000
4000
7000
2000
7000
2000
2000
3000
8000
6000
11000
5000
5000
5000
4000
4000
5000
1000
6000
3000
4000
12000
3000
6000
1000
1000
1000
1000
===== simanneal =====
all iter   : 314
accepted   : 106

1.504310542
