simanneal start at 0.000110917
1000
1000
1000
1000
1000
1000
1000
1000
1000
1000
1000
1000
1000
1000
1000
1000
1000
1000
1000
1000
1000
1000
1000
1000
1000
1000
1000
1000
1000
1000
1000
1000
1000
1000
1000
1000
1000
1000
1000
1000
1000
1000
1000
2000
1000
1000
1000
1000
1000
1000
2000
1000
1000
1000
1000
1000
1000
1000
1000
1000
1000
1000
4000
1000
1000
1000
1000
1000
1000
1000
1000
1000
1000
1000
1000
1000
1000
1000
1000
1000
1000
1000
1000
1000
1000
1000
2000
1000
1000
1000
1000
1000
2000
1000
1000
1000
1000
1000
1000
1000
1000
1000
1000
1000
1000
2000
2000
1000
1000
1000
1000
2000
1000
1000
1000
1000
1000
1000
1000
1000
1000
1000
1000
2000
1000
5000
1000
1000
1000
1000
4000
2000
1000
1000
1000
1000
1000
1000
1000
1000
1000
1000
2000
1000
1000
1000
1000
2000
1000
1000
1000
1000
1000
1000
1000
6000
1000
1000
1000
1000
1000
1000
1000
1000
1000
1000
1000
1000
1000
1000
1000
1000
1000
1000
2000
1000
1000
1000
1000
1000
1000
1000
1000
3000
1000
1000
1000
1000
1000
1000
1000
1000
1000
1000
1000
2000
1000
1000
1000
1000
1000
1000
1000
1000
1000
1000
3000
1000
1000
1000
1000
1000
1000
1000
1000
1000
1000
1000
1000
1000
1000
1000
1000
2000
1000
1000
1000
1000
1000
1000
1000
1000
1000
1000
1000
1000
1000
1000
1000
1000
1000
1000
1000
1000
1000
3000
1000
1000
1000
1000
1000
1000
1000
1000
1000
1000
1000
1000
1000
1000
1000
2000
1000
1000
1000
1000
1000
2000
1000
1000
1000
1000
1000
1000
1000
1000
1000
1000
1000
1000
1000
1000
1000
1000
1000
1000
1000
1000
1000
1000
1000
1000
1000
1000
1000
6000
1000
1000
1000
1000
1000
1000
1000
1000
1000
1000
1000
1000
1000
1000
1000
1000
1000
1000
1000
2000
2000
1000
1000
2000
1000
1000
1000
1000
1000
2000
1000
1000
1000
2000
1000
1000
1000
1000
1000
1000
1000
1000
1000
1000
2000
3000
1000
1000
1000
1000
1000
1000
2000
1000
1000
1000
1000
1000
1000
2000
1000
1000
1000
1000
1000
1000
1000
1000
1000
1000
2000
1000
1000
2000
1000
1000
1000
1000
1000
1000
1000
2000
1000
1000
1000
2000
1000
1000
1000
1000
1000
1000
1000
1000
1000
1000
1000
1000
1000
1000
1000
1000
1000
1000
1000
1000
1000
1000
1000
1000
2000
1000
1000
1000
1000
1000
1000
1000
1000
1000
1000
1000
1000
1000
1000
1000
1000
1000
1000
1000
1000
1000
1000
1000
1000
3000
1000
1000
1000
1000
1000
1000
2000
1000
2000
1000
1000
1000
1000
1000
1000
1000
2000
1000
1000
1000
1000
1000
1000
1000
1000
1000
1000
2000
1000
1000
1000
1000
1000
1000
1000
1000
1000
1000
1000
1000
2000
1000
1000
1000
1000
1000
1000
1000
1000
2000
1000
2000
1000
1000
1000
1000
1000
1000
1000
1000
1000
1000
1000
1000
1000
1000
1000
1000
1000
1000
1000
1000
1000
1000
1000
1000
1000
1000
1000
1000
1000
1000
1000
2000
1000
1000
1000
1000
1000
1000
1000
2000
1000
1000
1000
===== simanneal =====
all iter   : 529
accepted   : 527

1.502179626
