simanneal start at 0.000322209
4000
3000
4000
2000
2000
2000
2000
2000
2000
2000
6000
6000
2000
2000
2000
2000
6000
2000
7000
2000
6000
6000
1000
6000
2000
4000
4000
2000
8000
7000
2000
6000
2000
1000
4000
3000
4000
2000
4000
4000
4000
6000
2000
2000
2000
1000
1000
12000
1000
2000
2000
7000
6000
7000
2000
2000
2000
4000
4000
3000
2000
2000
1000
6000
1000
3000
2000
1000
6000
1000
1000
1000
1000
2000
6000
6000
1000
1000
2000
6000
6000
7000
6000
6000
6000
8000
6000
6000
6000
6000
===== simanneal =====
all iter   : 379
accepted   : 90

1.502617126
