# move from (113,89) to (50,6)
113 89 100
112 89 100
111 89 100
110 89 100
109 89 100
108 89 100
107 89 100
106 89 100
105 89 100
104 89 100
103 89 100
102 89 100
101 89 100
100 89 100
99 89 100
98 89 100
97 89 100
96 89 100
95 89 100
95 89 100
94 89 100
94 89 100
93 89 100
93 89 100
92 89 100
92 89 100
91 89 100
91 89 100
90 89 100
90 89 100
90 89 100
89 89 100
89 89 100
89 89 100
88 89 100
88 89 100
88 89 100
87 89 100
87 89 100
87 89 100
86 89 100
86 89 100
86 89 100
85 89 100
85 89 100
85 89 100
84 89 100
84 89 100
84 89 100
83 89 100
83 89 100
83 89 100
83 89 100
82 89 100
82 89 100
82 89 100
82 89 100
81 89 100
81 89 100
81 89 100
81 89 100
81 89 100
80 89 100
80 89 100
80 89 100
80 89 100
80 89 100
80 89 100
79 89 100
79 89 100
79 89 100
79 89 100
79 89 100
79 89 100
79 89 100
78 89 100
78 89 100
78 89 100
78 89 100
78 89 100
78 89 100
78 89 100
78 89 100
77 89 100
77 89 100
77 89 100
77 89 100
77 89 100
77 89 100
77 89 100
77 89 100
77 89 100
77 89 100
76 89 100
76 89 100
76 89 100
76 89 100
76 89 100
76 89 100
76 89 100
76 89 100
76 89 100
76 89 100
76 89 100
76 89 100
75 89 100
75 89 100
75 89 100
75 89 100
75 89 100
75 89 100
75 89 100
75 89 100
75 89 100
75 89 100
75 89 100
75 89 100
75 89 100
75 89 100
74 89 100
74 89 100
74 89 100
74 89 100
74 89 100
74 89 100
74 89 100
74 89 100
74 89 100
74 89 100
74 89 100
74 89 100
74 89 100
74 89 100
74 89 100
74 89 100
74 89 100
73 89 100
73 89 100
73 89 100
73 89 100
73 89 100
73 89 100
73 89 100
73 89 100
73 89 100
73 89 100
73 89 100
73 89 100
73 89 100
73 89 100
73 89 100
73 89 100
73 89 100
73 89 100
73 89 100
72 89 100
72 89 100
72 89 100
72 89 100
72 89 100
72 89 100
72 89 100
72 89 100
72 89 100
72 89 100
72 89 100
72 89 100
72 89 100
72 89 100
72 89 100
72 89 100
72 89 100
72 89 100
72 89 100
72 89 100
72 89 100
72 89 100
71 89 100
71 89 100
71 89 100
71 89 100
71 89 100
71 89 100
71 89 100
71 89 100
71 89 100
71 89 100
71 89 100
71 89 100
71 89 100
71 89 100
71 89 100
71 89 100
71 89 100
71 89 100
71 89 100
71 89 100
71 89 100
71 89 100
71 89 100
71 89 100
71 89 100
70 89 100
70 89 100
70 89 100
70 89 100
70 89 100
70 89 100
70 89 100
70 89 100
70 89 100
70 89 100
70 89 100
70 89 100
70 89 100
70 89 100
70 89 100
70 89 100
70 89 100
70 89 100
70 89 100
70 89 100
70 89 100
70 89 100
70 89 100
70 89 100
70 89 100
70 89 100
70 89 100
69 89 100
69 89 100
69 89 100
69 89 100
69 89 100
69 89 100
69 89 100
69 89 100
69 89 100
69 89 100
69 89 100
69 89 100
69 89 100
69 89 100
69 89 100
69 89 100
69 89 100
69 89 100
69 89 100
69 89 100
69 89 100
69 89 100
69 89 100
69 89 100
69 89 100
69 89 100
69 89 100
69 89 100
69 89 100
68 89 100
68 89 100
68 89 100
68 89 100
68 89 100
68 89 100
68 89 100
68 89 100
68 89 100
68 89 100
68 89 100
68 89 100
68 89 100
68 89 100
68 89 100
68 89 100
68 89 100
68 89 100
68 89 100
68 89 100
68 89 100
68 89 100
68 89 100
68 89 100
68 89 100
68 89 100
68 89 100
68 89 100
68 89 100
68 89 100
67 89 100
67 89 100
67 89 100
67 89 100
67 89 100
67 89 100
67 89 100
67 89 100
67 89 100
67 89 100
67 89 100
67 89 100
67 89 100
67 89 100
67 89 100
67 89 100
67 89 100
67 89 100
67 89 100
67 89 100
67 89 100
67 89 100
67 89 100
67 89 100
67 89 100
67 89 100
67 89 100
67 89 100
67 89 100
67 89 100
67 89 100
66 89 100
66 89 100
66 89 100
66 89 100
66 89 100
66 89 100
66 89 100
66 89 100
66 89 100
66 89 100
66 89 100
66 89 100
66 89 100
66 89 100
66 89 100
66 89 100
66 89 100
66 89 100
66 89 100
66 89 100
66 89 100
66 89 100
66 89 100
66 89 100
66 89 100
66 89 100
66 89 100
66 89 100
66 89 100
66 89 100
66 89 100
66 89 100
65 89 100
65 89 100
65 89 100
65 89 100
65 89 100
65 89 100
65 89 100
65 89 100
65 89 100
65 89 100
65 89 100
65 89 100
65 89 100
65 89 100
65 89 100
65 89 100
65 89 100
65 89 100
65 89 100
65 89 100
65 89 100
65 89 100
65 89 100
65 89 100
65 89 100
65 89 100
65 89 100
65 89 100
65 89 100
65 89 100
65 89 100
65 89 100
64 89 100
64 89 100
64 89 100
64 89 100
64 89 100
64 89 100
64 89 100
64 89 100
64 89 100
64 89 100
64 89 100
64 89 100
64 89 100
64 89 100
64 89 100
64 89 100
64 89 100
64 89 100
64 89 100
64 89 100
64 89 100
64 89 100
64 89 100
64 89 100
64 89 100
64 89 100
64 89 100
64 89 100
64 89 100
64 89 100
64 89 100
64 89 100
63 89 100
63 89 100
63 89 100
63 89 100
63 89 100
63 89 100
63 89 100
63 89 100
63 89 100
63 89 100
63 89 100
63 89 100
63 89 100
63 89 100
63 89 100
63 89 100
63 89 100
63 89 100
63 89 100
63 89 100
63 89 100
63 89 100
63 89 100
63 89 100
63 89 100
63 89 100
63 89 100
63 89 100
63 89 100
63 89 100
63 89 100
63 89 100
62 89 100
62 89 100
62 89 100
62 89 100
62 89 100
62 89 100
62 89 100
62 89 100
62 89 100
62 89 100
62 89 100
62 89 100
62 89 100
62 89 100
62 89 100
62 89 100
62 89 100
62 89 100
62 89 100
62 89 100
62 89 100
62 89 100
62 89 100
62 89 100
62 89 100
62 89 100
62 89 100
62 89 100
62 89 100
62 89 100
62 89 100
62 89 100
61 89 100
61 89 100
61 89 100
61 89 100
61 89 100
61 89 100
61 89 100
61 89 100
61 89 100
61 89 100
61 89 100
61 89 100
61 89 100
61 89 100
61 89 100
61 89 100
61 89 100
61 89 100
61 89 100
61 89 100
61 89 100
61 89 100
61 89 100
61 89 100
61 89 100
61 89 100
61 89 100
61 89 100
61 89 100
61 89 100
61 89 100
61 89 100
60 89 100
60 89 100
60 89 100
60 89 100
60 89 100
60 89 100
60 89 100
60 89 100
60 89 100
60 89 100
60 89 100
60 89 100
60 89 100
60 89 100
60 89 100
60 89 100
60 89 100
60 89 100
60 89 100
60 89 100
60 89 100
60 89 100
60 89 100
60 89 100
60 89 100
60 89 100
60 89 100
60 89 100
60 89 100
60 89 100
60 89 100
60 89 100
60 89 100
59 89 100
59 89 100
59 89 100
59 89 100
59 89 100
59 89 100
59 89 100
59 89 100
59 89 100
59 89 100
59 89 100
59 89 100
59 89 100
59 89 100
59 89 100
59 89 100
59 89 100
59 89 100
59 89 100
59 89 100
59 89 100
59 89 100
59 89 100
59 89 100
59 89 100
59 89 100
59 89 100
59 89 100
59 89 100
59 89 100
59 89 100
59 89 100
59 89 100
58 89 100
58 89 100
58 89 100
58 89 100
58 89 100
58 89 100
58 89 100
58 89 100
58 89 100
58 89 100
58 89 100
58 89 100
58 89 100
58 89 100
58 89 100
58 89 100
58 89 100
58 89 100
58 89 100
58 89 100
58 89 100
58 89 100
58 89 100
58 89 100
58 89 100
58 89 100
58 89 100
58 89 100
58 89 100
58 89 100
58 89 100
58 89 100
58 89 100
57 89 100
57 89 100
57 89 100
57 89 100
57 89 100
57 89 100
57 89 100
57 89 100
57 89 100
57 89 100
57 89 100
57 89 100
57 89 100
57 89 100
57 89 100
57 89 100
57 89 100
57 89 100
57 89 100
57 89 100
57 89 100
57 89 100
57 89 100
57 89 100
57 89 100
57 89 100
57 89 100
57 89 100
57 89 100
57 89 100
57 89 100
57 89 100
57 89 100
56 89 100
56 89 100
56 89 100
56 89 100
56 89 100
56 89 100
56 89 100
56 89 100
56 89 100
56 89 100
56 89 100
56 89 100
56 89 100
56 89 100
56 89 100
56 89 100
56 89 100
56 89 100
56 89 100
56 89 100
56 89 100
56 89 100
56 89 100
56 89 100
56 89 100
56 89 100
56 89 100
56 89 100
56 89 100
56 89 100
56 89 100
56 89 100
56 89 100
56 89 100
55 89 100
55 89 100
55 89 100
55 89 100
55 89 100
55 89 100
55 89 100
55 89 100
55 89 100
55 89 100
55 89 100
55 89 100
55 89 100
55 89 100
55 89 100
55 89 100
55 89 100
55 89 100
55 89 100
55 89 100
55 89 100
55 89 100
55 89 100
55 89 100
55 89 100
55 89 100
55 89 100
55 89 100
55 89 100
55 89 100
55 89 100
55 89 100
55 89 100
55 89 100
54 89 100
54 89 100
54 89 100
54 89 100
54 89 100
54 89 100
54 89 100
54 89 100
54 89 100
54 89 100
54 89 100
54 89 100
54 89 100
54 89 100
54 89 100
54 89 100
54 89 100
54 89 100
54 89 100
54 89 100
54 89 100
54 89 100
54 89 100
54 89 100
54 89 100
54 89 100
54 89 100
54 89 100
54 89 100
54 89 100
54 89 100
54 89 100
54 89 100
54 89 100
54 89 100
53 89 100
53 89 100
53 89 100
53 89 100
53 89 100
53 89 100
53 89 100
53 89 100
53 89 100
53 89 100
53 89 100
53 89 100
53 89 100
53 89 100
53 89 100
53 89 100
53 89 100
53 89 100
53 89 100
53 89 100
53 89 100
53 89 100
53 89 100
53 89 100
53 89 100
53 89 100
53 89 100
53 89 100
53 89 100
53 89 100
53 89 100
53 89 100
53 89 100
53 89 100
53 89 100
52 89 100
52 89 100
52 89 100
52 89 100
52 89 100
52 89 100
52 89 100
52 89 100
52 89 100
52 89 100
52 89 100
52 89 100
52 89 100
52 89 100
52 89 100
52 89 100
52 89 100
52 89 100
52 89 100
52 89 100
52 89 100
52 89 100
52 89 100
52 89 100
52 89 100
52 89 100
52 89 100
52 89 100
52 89 100
52 89 100
52 89 100
52 89 100
52 89 100
52 89 100
52 89 100
52 89 100
51 89 100
51 89 100
51 89 100
51 89 100
51 89 100
51 89 100
51 89 100
51 89 100
51 89 100
51 89 100
51 89 100
51 89 100
51 89 100
51 89 100
51 89 100
51 89 100
51 89 100
51 89 100
51 89 100
51 89 100
51 89 100
51 89 100
51 89 100
51 89 100
51 89 100
51 89 100
51 89 100
51 89 100
51 89 100
51 89 100
51 89 100
51 89 100
51 89 100
51 89 100
51 89 100
51 89 100
51 89 100
50 89 100
50 89 100
50 89 100
50 89 100
50 89 100
50 89 100
50 89 100
50 89 100
50 89 100
50 89 100
50 89 100
50 89 100
50 89 100
50 89 100
50 89 100
50 89 100
50 89 100
50 89 100
50 89 100
50 89 100
50 89 100
50 89 100
50 89 100
50 89 100
50 89 100
50 89 100
50 89 100
50 89 100
50 89 100
50 89 100
50 89 100
50 89 100
50 89 100
50 89 100
50 89 100
50 89 100
50 89 100
50 88 100
50 88 100
50 88 100
50 88 100
50 88 100
50 88 100
50 88 100
50 88 100
50 88 100
50 88 100
50 88 100
50 88 100
50 88 100
50 88 100
50 88 100
50 88 100
50 88 100
50 88 100
50 88 100
50 88 100
50 88 100
50 88 100
50 88 100
50 88 100
50 88 100
50 88 100
50 88 100
50 88 100
50 88 100
50 88 100
50 88 100
50 88 100
50 88 100
50 88 100
50 88 100
50 87 100
50 87 100
50 87 100
50 87 100
50 87 100
50 87 100
50 87 100
50 87 100
50 87 100
50 87 100
50 87 100
50 87 100
50 87 100
50 87 100
50 87 100
50 87 100
50 87 100
50 87 100
50 87 100
50 87 100
50 87 100
50 87 100
50 87 100
50 87 100
50 87 100
50 87 100
50 87 100
50 87 100
50 87 100
50 87 100
50 87 100
50 87 100
50 87 100
50 87 100
50 86 100
50 86 100
50 86 100
50 86 100
50 86 100
50 86 100
50 86 100
50 86 100
50 86 100
50 86 100
50 86 100
50 86 100
50 86 100
50 86 100
50 86 100
50 86 100
50 86 100
50 86 100
50 86 100
50 86 100
50 86 100
50 86 100
50 86 100
50 86 100
50 86 100
50 86 100
50 86 100
50 86 100
50 86 100
50 86 100
50 86 100
50 86 100
50 85 100
50 85 100
50 85 100
50 85 100
50 85 100
50 85 100
50 85 100
50 85 100
50 85 100
50 85 100
50 85 100
50 85 100
50 85 100
50 85 100
50 85 100
50 85 100
50 85 100
50 85 100
50 85 100
50 85 100
50 85 100
50 85 100
50 85 100
50 85 100
50 85 100
50 85 100
50 85 100
50 85 100
50 85 100
50 85 100
50 84 100
50 84 100
50 84 100
50 84 100
50 84 100
50 84 100
50 84 100
50 84 100
50 84 100
50 84 100
50 84 100
50 84 100
50 84 100
50 84 100
50 84 100
50 84 100
50 84 100
50 84 100
50 84 100
50 84 100
50 84 100
50 84 100
50 84 100
50 84 100
50 84 100
50 84 100
50 84 100
50 84 100
50 84 100
50 83 100
50 83 100
50 83 100
50 83 100
50 83 100
50 83 100
50 83 100
50 83 100
50 83 100
50 83 100
50 83 100
50 83 100
50 83 100
50 83 100
50 83 100
50 83 100
50 83 100
50 83 100
50 83 100
50 83 100
50 83 100
50 83 100
50 83 100
50 83 100
50 83 100
50 83 100
50 83 100
50 83 100
50 82 100
50 82 100
50 82 100
50 82 100
50 82 100
50 82 100
50 82 100
50 82 100
50 82 100
50 82 100
50 82 100
50 82 100
50 82 100
50 82 100
50 82 100
50 82 100
50 82 100
50 82 100
50 82 100
50 82 100
50 82 100
50 82 100
50 82 100
50 82 100
50 82 100
50 82 100
50 82 100
50 81 100
50 81 100
50 81 100
50 81 100
50 81 100
50 81 100
50 81 100
50 81 100
50 81 100
50 81 100
50 81 100
50 81 100
50 81 100
50 81 100
50 81 100
50 81 100
50 81 100
50 81 100
50 81 100
50 81 100
50 81 100
50 81 100
50 81 100
50 81 100
50 81 100
50 81 100
50 80 100
50 80 100
50 80 100
50 80 100
50 80 100
50 80 100
50 80 100
50 80 100
50 80 100
50 80 100
50 80 100
50 80 100
50 80 100
50 80 100
50 80 100
50 80 100
50 80 100
50 80 100
50 80 100
50 80 100
50 80 100
50 80 100
50 80 100
50 80 100
50 80 100
50 80 100
50 79 100
50 79 100
50 79 100
50 79 100
50 79 100
50 79 100
50 79 100
50 79 100
50 79 100
50 79 100
50 79 100
50 79 100
50 79 100
50 79 100
50 79 100
50 79 100
50 79 100
50 79 100
50 79 100
50 79 100
50 79 100
50 79 100
50 79 100
50 79 100
50 79 100
50 79 100
50 78 100
50 78 100
50 78 100
50 78 100
50 78 100
50 78 100
50 78 100
50 78 100
50 78 100
50 78 100
50 78 100
50 78 100
50 78 100
50 78 100
50 78 100
50 78 100
50 78 100
50 78 100
50 78 100
50 78 100
50 78 100
50 78 100
50 78 100
50 78 100
50 78 100
50 78 100
50 78 100
50 77 100
50 77 100
50 77 100
50 77 100
50 77 100
50 77 100
50 77 100
50 77 100
50 77 100
50 77 100
50 77 100
50 77 100
50 77 100
50 77 100
50 77 100
50 77 100
50 77 100
50 77 100
50 77 100
50 77 100
50 77 100
50 77 100
50 77 100
50 77 100
50 77 100
50 77 100
50 77 100
50 76 100
50 76 100
50 76 100
50 76 100
50 76 100
50 76 100
50 76 100
50 76 100
50 76 100
50 76 100
50 76 100
50 76 100
50 76 100
50 76 100
50 76 100
50 76 100
50 76 100
50 76 100
50 76 100
50 76 100
50 76 100
50 76 100
50 76 100
50 76 100
50 76 100
50 76 100
50 76 100
50 75 100
50 75 100
50 75 100
50 75 100
50 75 100
50 75 100
50 75 100
50 75 100
50 75 100
50 75 100
50 75 100
50 75 100
50 75 100
50 75 100
50 75 100
50 75 100
50 75 100
50 75 100
50 75 100
50 75 100
50 75 100
50 75 100
50 75 100
50 75 100
50 75 100
50 75 100
50 75 100
50 74 100
50 74 100
50 74 100
50 74 100
50 74 100
50 74 100
50 74 100
50 74 100
50 74 100
50 74 100
50 74 100
50 74 100
50 74 100
50 74 100
50 74 100
50 74 100
50 74 100
50 74 100
50 74 100
50 74 100
50 74 100
50 74 100
50 74 100
50 74 100
50 74 100
50 74 100
50 74 100
50 74 100
50 73 100
50 73 100
50 73 100
50 73 100
50 73 100
50 73 100
50 73 100
50 73 100
50 73 100
50 73 100
50 73 100
50 73 100
50 73 100
50 73 100
50 73 100
50 73 100
50 73 100
50 73 100
50 73 100
50 73 100
50 73 100
50 73 100
50 73 100
50 73 100
50 73 100
50 73 100
50 73 100
50 73 100
50 72 100
50 72 100
50 72 100
50 72 100
50 72 100
50 72 100
50 72 100
50 72 100
50 72 100
50 72 100
50 72 100
50 72 100
50 72 100
50 72 100
50 72 100
50 72 100
50 72 100
50 72 100
50 72 100
50 72 100
50 72 100
50 72 100
50 72 100
50 72 100
50 72 100
50 72 100
50 72 100
50 72 100
50 71 100
50 71 100
50 71 100
50 71 100
50 71 100
50 71 100
50 71 100
50 71 100
50 71 100
50 71 100
50 71 100
50 71 100
50 71 100
50 71 100
50 71 100
50 71 100
50 71 100
50 71 100
50 71 100
50 71 100
50 71 100
50 71 100
50 71 100
50 71 100
50 71 100
50 71 100
50 71 100
50 71 100
50 70 100
50 70 100
50 70 100
50 70 100
50 70 100
50 70 100
50 70 100
50 70 100
50 70 100
50 70 100
50 70 100
50 70 100
50 70 100
50 70 100
50 70 100
50 70 100
50 70 100
50 70 100
50 70 100
50 70 100
50 70 100
50 70 100
50 70 100
50 70 100
50 70 100
50 70 100
50 70 100
50 70 100
50 69 100
50 69 100
50 69 100
50 69 100
50 69 100
50 69 100
50 69 100
50 69 100
50 69 100
50 69 100
50 69 100
50 69 100
50 69 100
50 69 100
50 69 100
50 69 100
50 69 100
50 69 100
50 69 100
50 69 100
50 69 100
50 69 100
50 69 100
50 69 100
50 69 100
50 69 100
50 69 100
50 69 100
50 68 100
50 68 100
50 68 100
50 68 100
50 68 100
50 68 100
50 68 100
50 68 100
50 68 100
50 68 100
50 68 100
50 68 100
50 68 100
50 68 100
50 68 100
50 68 100
50 68 100
50 68 100
50 68 100
50 68 100
50 68 100
50 68 100
50 68 100
50 68 100
50 68 100
50 68 100
50 68 100
50 68 100
50 67 100
50 67 100
50 67 100
50 67 100
50 67 100
50 67 100
50 67 100
50 67 100
50 67 100
50 67 100
50 67 100
50 67 100
50 67 100
50 67 100
50 67 100
50 67 100
50 67 100
50 67 100
50 67 100
50 67 100
50 67 100
50 67 100
50 67 100
50 67 100
50 67 100
50 67 100
50 67 100
50 67 100
50 66 100
50 66 100
50 66 100
50 66 100
50 66 100
50 66 100
50 66 100
50 66 100
50 66 100
50 66 100
50 66 100
50 66 100
50 66 100
50 66 100
50 66 100
50 66 100
50 66 100
50 66 100
50 66 100
50 66 100
50 66 100
50 66 100
50 66 100
50 66 100
50 66 100
50 66 100
50 66 100
50 65 100
50 65 100
50 65 100
50 65 100
50 65 100
50 65 100
50 65 100
50 65 100
50 65 100
50 65 100
50 65 100
50 65 100
50 65 100
50 65 100
50 65 100
50 65 100
50 65 100
50 65 100
50 65 100
50 65 100
50 65 100
50 65 100
50 65 100
50 65 100
50 65 100
50 64 100
50 64 100
50 64 100
50 64 100
50 64 100
50 64 100
50 64 100
50 64 100
50 64 100
50 64 100
50 64 100
50 64 100
50 64 100
50 64 100
50 64 100
50 64 100
50 64 100
50 64 100
50 64 100
50 64 100
50 64 100
50 64 100
50 64 100
50 64 100
50 63 100
50 63 100
50 63 100
50 63 100
50 63 100
50 63 100
50 63 100
50 63 100
50 63 100
50 63 100
50 63 100
50 63 100
50 63 100
50 63 100
50 63 100
50 63 100
50 63 100
50 63 100
50 63 100
50 63 100
50 63 100
50 63 100
50 62 100
50 62 100
50 62 100
50 62 100
50 62 100
50 62 100
50 62 100
50 62 100
50 62 100
50 62 100
50 62 100
50 62 100
50 62 100
50 62 100
50 62 100
50 62 100
50 62 100
50 62 100
50 62 100
50 62 100
50 61 100
50 61 100
50 61 100
50 61 100
50 61 100
50 61 100
50 61 100
50 61 100
50 61 100
50 61 100
50 61 100
50 61 100
50 61 100
50 61 100
50 61 100
50 61 100
50 61 100
50 61 100
50 60 100
50 60 100
50 60 100
50 60 100
50 60 100
50 60 100
50 60 100
50 60 100
50 60 100
50 60 100
50 60 100
50 60 100
50 60 100
50 60 100
50 60 100
50 60 100
50 59 100
50 59 100
50 59 100
50 59 100
50 59 100
50 59 100
50 59 100
50 59 100
50 59 100
50 59 100
50 59 100
50 59 100
50 59 100
50 59 100
50 59 100
50 58 100
50 58 100
50 58 100
50 58 100
50 58 100
50 58 100
50 58 100
50 58 100
50 58 100
50 58 100
50 58 100
50 58 100
50 58 100
50 58 100
50 57 100
50 57 100
50 57 100
50 57 100
50 57 100
50 57 100
50 57 100
50 57 100
50 57 100
50 57 100
50 57 100
50 57 100
50 56 100
50 56 100
50 56 100
50 56 100
50 56 100
50 56 100
50 56 100
50 56 100
50 56 100
50 56 100
50 56 100
50 55 100
50 55 100
50 55 100
50 55 100
50 55 100
50 55 100
50 55 100
50 55 100
50 55 100
50 55 100
50 55 100
50 54 100
50 54 100
50 54 100
50 54 100
50 54 100
50 54 100
50 54 100
50 54 100
50 54 100
50 54 100
50 53 100
50 53 100
50 53 100
50 53 100
50 53 100
50 53 100
50 53 100
50 53 100
50 53 100
50 53 100
50 52 100
50 52 100
50 52 100
50 52 100
50 52 100
50 52 100
50 52 100
50 52 100
50 52 100
50 51 100
50 51 100
50 51 100
50 51 100
50 51 100
50 51 100
50 51 100
50 51 100
50 51 100
50 50 100
50 50 100
50 50 100
50 50 100
50 50 100
50 50 100
50 50 100
50 50 100
50 50 100
50 49 100
50 49 100
50 49 100
50 49 100
50 49 100
50 49 100
50 49 100
50 49 100
50 49 100
50 48 100
50 48 100
50 48 100
50 48 100
50 48 100
50 48 100
50 48 100
50 48 100
50 48 100
50 48 100
50 47 100
50 47 100
50 47 100
50 47 100
50 47 100
50 47 100
50 47 100
50 47 100
50 47 100
50 47 100
50 46 100
50 46 100
50 46 100
50 46 100
50 46 100
50 46 100
50 46 100
50 46 100
50 46 100
50 46 100
50 45 100
50 45 100
50 45 100
50 45 100
50 45 100
50 45 100
50 45 100
50 45 100
50 45 100
50 44 100
50 44 100
50 44 100
50 44 100
50 44 100
50 44 100
50 44 100
50 44 100
50 44 100
50 43 100
50 43 100
50 43 100
50 43 100
50 43 100
50 43 100
50 43 100
50 43 100
50 43 100
50 42 100
50 42 100
50 42 100
50 42 100
50 42 100
50 42 100
50 42 100
50 42 100
50 41 100
50 41 100
50 41 100
50 41 100
50 41 100
50 41 100
50 41 100
50 40 100
50 40 100
50 40 100
50 40 100
50 40 100
50 40 100
50 40 100
50 39 100
50 39 100
50 39 100
50 39 100
50 39 100
50 39 100
50 38 100
50 38 100
50 38 100
50 38 100
50 38 100
50 37 100
50 37 100
50 37 100
50 37 100
50 37 100
50 36 100
50 36 100
50 36 100
50 36 100
50 36 100
50 35 100
50 35 100
50 35 100
50 35 100
50 34 100
50 34 100
50 34 100
50 34 100
50 33 100
50 33 100
50 33 100
50 33 100
50 32 100
50 32 100
50 32 100
50 32 100
50 31 100
50 31 100
50 31 100
50 31 100
50 30 100
50 30 100
50 30 100
50 30 100
50 29 100
50 29 100
50 29 100
50 29 100
50 28 100
50 28 100
50 28 100
50 28 100
50 27 100
50 27 100
50 27 100
50 27 100
50 26 100
50 26 100
50 26 100
50 25 100
50 25 100
50 25 100
50 24 100
50 24 100
50 24 100
50 23 100
50 23 100
50 22 100
50 22 100
50 21 100
50 21 100
50 20 100
50 19 100
50 18 100
50 17 100
50 16 100
50 15 100
50 14 100
50 13 100
50 12 100
50 11 100
50 10 100
50 9 100
50 8 100
50 7 100
50 6 100
# move from (19,185) to (50,6)
19 185 100
20 185 100
21 185 100
22 185 100
23 185 100
24 185 100
25 185 100
26 185 100
27 185 100
28 185 100
29 185 100
30 185 100
31 185 100
32 185 100
33 185 100
34 185 100
35 185 100
36 185 100
37 185 100
38 185 100
39 185 100
40 185 100
40 185 100
41 185 100
41 185 100
42 185 100
42 185 100
43 185 100
43 185 100
43 185 100
44 185 100
44 185 100
44 185 100
45 185 100
45 185 100
45 185 100
45 185 100
46 185 100
46 185 100
46 185 100
46 185 100
47 185 100
47 185 100
47 185 100
47 185 100
47 185 100
48 185 100
48 185 100
48 185 100
48 185 100
48 185 100
48 185 100
49 185 100
49 185 100
49 185 100
49 185 100
49 185 100
49 185 100
50 185 100
50 185 100
50 185 100
50 185 100
50 185 100
50 185 100
50 184 100
50 184 100
50 184 100
50 184 100
50 184 100
50 184 100
50 183 100
50 183 100
50 183 100
50 183 100
50 183 100
50 182 100
50 182 100
50 182 100
50 182 100
50 181 100
50 181 100
50 181 100
50 181 100
50 180 100
50 180 100
50 180 100
50 179 100
50 179 100
50 179 100
50 178 100
50 178 100
50 178 100
50 177 100
50 177 100
50 176 100
50 176 100
50 175 100
50 175 100
50 174 100
50 174 100
50 173 100
50 173 100
50 172 100
50 172 100
50 171 100
50 171 100
50 170 100
50 170 100
50 169 100
50 169 100
50 168 100
50 168 100
50 167 100
50 167 100
50 167 100
50 166 100
50 166 100
50 166 100
50 165 100
50 165 100
50 165 100
50 165 100
50 164 100
50 164 100
50 164 100
50 164 100
50 163 100
50 163 100
50 163 100
50 163 100
50 163 100
50 162 100
50 162 100
50 162 100
50 162 100
50 162 100
50 161 100
50 161 100
50 161 100
50 161 100
50 161 100
50 161 100
50 160 100
50 160 100
50 160 100
50 160 100
50 160 100
50 160 100
50 159 100
50 159 100
50 159 100
50 159 100
50 159 100
50 159 100
50 159 100
50 158 100
50 158 100
50 158 100
50 158 100
50 158 100
50 158 100
50 158 100
50 157 100
50 157 100
50 157 100
50 157 100
50 157 100
50 157 100
50 157 100
50 157 100
50 156 100
50 156 100
50 156 100
50 156 100
50 156 100
50 156 100
50 156 100
50 156 100
50 155 100
50 155 100
50 155 100
50 155 100
50 155 100
50 155 100
50 155 100
50 155 100
50 154 100
50 154 100
50 154 100
50 154 100
50 154 100
50 154 100
50 154 100
50 154 100
50 153 100
50 153 100
50 153 100
50 153 100
50 153 100
50 153 100
50 153 100
50 153 100
50 152 100
50 152 100
50 152 100
50 152 100
50 152 100
50 152 100
50 152 100
50 152 100
50 151 100
50 151 100
50 151 100
50 151 100
50 151 100
50 151 100
50 151 100
50 151 100
50 150 100
50 150 100
50 150 100
50 150 100
50 150 100
50 150 100
50 150 100
50 150 100
50 149 100
50 149 100
50 149 100
50 149 100
50 149 100
50 149 100
50 149 100
50 149 100
50 148 100
50 148 100
50 148 100
50 148 100
50 148 100
50 148 100
50 148 100
50 148 100
50 147 100
50 147 100
50 147 100
50 147 100
50 147 100
50 147 100
50 147 100
50 147 100
50 146 100
50 146 100
50 146 100
50 146 100
50 146 100
50 146 100
50 146 100
50 146 100
50 146 100
50 145 100
50 145 100
50 145 100
50 145 100
50 145 100
50 145 100
50 145 100
50 145 100
50 145 100
50 145 100
50 144 100
50 144 100
50 144 100
50 144 100
50 144 100
50 144 100
50 144 100
50 144 100
50 144 100
50 144 100
50 144 100
50 143 100
50 143 100
50 143 100
50 143 100
50 143 100
50 143 100
50 143 100
50 143 100
50 143 100
50 143 100
50 143 100
50 143 100
50 142 100
50 142 100
50 142 100
50 142 100
50 142 100
50 142 100
50 142 100
50 142 100
50 142 100
50 142 100
50 142 100
50 142 100
50 142 100
50 141 100
50 141 100
50 141 100
50 141 100
50 141 100
50 141 100
50 141 100
50 141 100
50 141 100
50 141 100
50 141 100
50 141 100
50 141 100
50 141 100
50 140 100
50 140 100
50 140 100
50 140 100
50 140 100
50 140 100
50 140 100
50 140 100
50 140 100
50 140 100
50 140 100
50 140 100
50 140 100
50 140 100
50 140 100
50 139 100
50 139 100
50 139 100
50 139 100
50 139 100
50 139 100
50 139 100
50 139 100
50 139 100
50 139 100
50 139 100
50 139 100
50 139 100
50 139 100
50 139 100
50 139 100
50 139 100
50 138 100
50 138 100
50 138 100
50 138 100
50 138 100
50 138 100
50 138 100
50 138 100
50 138 100
50 138 100
50 138 100
50 138 100
50 138 100
50 138 100
50 138 100
50 138 100
50 138 100
50 138 100
50 137 100
50 137 100
50 137 100
50 137 100
50 137 100
50 137 100
50 137 100
50 137 100
50 137 100
50 137 100
50 137 100
50 137 100
50 137 100
50 137 100
50 137 100
50 137 100
50 137 100
50 137 100
50 137 100
50 136 100
50 136 100
50 136 100
50 136 100
50 136 100
50 136 100
50 136 100
50 136 100
50 136 100
50 136 100
50 136 100
50 136 100
50 136 100
50 136 100
50 136 100
50 136 100
50 136 100
50 136 100
50 136 100
50 135 100
50 135 100
50 135 100
50 135 100
50 135 100
50 135 100
50 135 100
50 135 100
50 135 100
50 135 100
50 135 100
50 135 100
50 135 100
50 135 100
50 135 100
50 135 100
50 135 100
50 135 100
50 135 100
50 135 100
50 134 100
50 134 100
50 134 100
50 134 100
50 134 100
50 134 100
50 134 100
50 134 100
50 134 100
50 134 100
50 134 100
50 134 100
50 134 100
50 134 100
50 134 100
50 134 100
50 134 100
50 134 100
50 134 100
50 134 100
50 133 100
50 133 100
50 133 100
50 133 100
50 133 100
50 133 100
50 133 100
50 133 100
50 133 100
50 133 100
50 133 100
50 133 100
50 133 100
50 133 100
50 133 100
50 133 100
50 133 100
50 133 100
50 133 100
50 132 100
50 132 100
50 132 100
50 132 100
50 132 100
50 132 100
50 132 100
50 132 100
50 132 100
50 132 100
50 132 100
50 132 100
50 132 100
50 132 100
50 132 100
50 132 100
50 132 100
50 132 100
50 132 100
50 131 100
50 131 100
50 131 100
50 131 100
50 131 100
50 131 100
50 131 100
50 131 100
50 131 100
50 131 100
50 131 100
50 131 100
50 131 100
50 131 100
50 131 100
50 131 100
50 131 100
50 131 100
50 130 100
50 130 100
50 130 100
50 130 100
50 130 100
50 130 100
50 130 100
50 130 100
50 130 100
50 130 100
50 130 100
50 130 100
50 130 100
50 130 100
50 130 100
50 130 100
50 130 100
50 130 100
50 129 100
50 129 100
50 129 100
50 129 100
50 129 100
50 129 100
50 129 100
50 129 100
50 129 100
50 129 100
50 129 100
50 129 100
50 129 100
50 129 100
50 129 100
50 129 100
50 129 100
50 128 100
50 128 100
50 128 100
50 128 100
50 128 100
50 128 100
50 128 100
50 128 100
50 128 100
50 128 100
50 128 100
50 128 100
50 128 100
50 128 100
50 128 100
50 128 100
50 128 100
50 127 100
50 127 100
50 127 100
50 127 100
50 127 100
50 127 100
50 127 100
50 127 100
50 127 100
50 127 100
50 127 100
50 127 100
50 127 100
50 127 100
50 127 100
50 127 100
50 127 100
50 126 100
50 126 100
50 126 100
50 126 100
50 126 100
50 126 100
50 126 100
50 126 100
50 126 100
50 126 100
50 126 100
50 126 100
50 126 100
50 126 100
50 126 100
50 126 100
50 126 100
50 125 100
50 125 100
50 125 100
50 125 100
50 125 100
50 125 100
50 125 100
50 125 100
50 125 100
50 125 100
50 125 100
50 125 100
50 125 100
50 125 100
50 125 100
50 125 100
50 125 100
50 125 100
50 124 100
50 124 100
50 124 100
50 124 100
50 124 100
50 124 100
50 124 100
50 124 100
50 124 100
50 124 100
50 124 100
50 124 100
50 124 100
50 124 100
50 124 100
50 124 100
50 124 100
50 124 100
50 123 100
50 123 100
50 123 100
50 123 100
50 123 100
50 123 100
50 123 100
50 123 100
50 123 100
50 123 100
50 123 100
50 123 100
50 123 100
50 123 100
50 123 100
50 123 100
50 123 100
50 123 100
50 123 100
50 122 100
50 122 100
50 122 100
50 122 100
50 122 100
50 122 100
50 122 100
50 122 100
50 122 100
50 122 100
50 122 100
50 122 100
50 122 100
50 122 100
50 122 100
50 122 100
50 122 100
50 122 100
50 122 100
50 121 100
50 121 100
50 121 100
50 121 100
50 121 100
50 121 100
50 121 100
50 121 100
50 121 100
50 121 100
50 121 100
50 121 100
50 121 100
50 121 100
50 121 100
50 121 100
50 121 100
50 121 100
50 121 100
50 121 100
50 121 100
50 120 100
50 120 100
50 120 100
50 120 100
50 120 100
50 120 100
50 120 100
50 120 100
50 120 100
50 120 100
50 120 100
50 120 100
50 120 100
50 120 100
50 120 100
50 120 100
50 120 100
50 120 100
50 120 100
50 120 100
50 120 100
50 120 100
50 119 100
50 119 100
50 119 100
50 119 100
50 119 100
50 119 100
50 119 100
50 119 100
50 119 100
50 119 100
50 119 100
50 119 100
50 119 100
50 119 100
50 119 100
50 119 100
50 119 100
50 119 100
50 119 100
50 119 100
50 119 100
50 119 100
50 119 100
50 119 100
50 118 100
50 118 100
50 118 100
50 118 100
50 118 100
50 118 100
50 118 100
50 118 100
50 118 100
50 118 100
50 118 100
50 118 100
50 118 100
50 118 100
50 118 100
50 118 100
50 118 100
50 118 100
50 118 100
50 118 100
50 118 100
50 118 100
50 118 100
50 118 100
50 118 100
50 117 100
50 117 100
50 117 100
50 117 100
50 117 100
50 117 100
50 117 100
50 117 100
50 117 100
50 117 100
50 117 100
50 117 100
50 117 100
50 117 100
50 117 100
50 117 100
50 117 100
50 117 100
50 117 100
50 117 100
50 117 100
50 117 100
50 117 100
50 117 100
50 117 100
50 117 100
50 117 100
50 116 100
50 116 100
50 116 100
50 116 100
50 116 100
50 116 100
50 116 100
50 116 100
50 116 100
50 116 100
50 116 100
50 116 100
50 116 100
50 116 100
50 116 100
50 116 100
50 116 100
50 116 100
50 116 100
50 116 100
50 116 100
50 116 100
50 116 100
50 116 100
50 116 100
50 116 100
50 116 100
50 116 100
50 116 100
50 115 100
50 115 100
50 115 100
50 115 100
50 115 100
50 115 100
50 115 100
50 115 100
50 115 100
50 115 100
50 115 100
50 115 100
50 115 100
50 115 100
50 115 100
50 115 100
50 115 100
50 115 100
50 115 100
50 115 100
50 115 100
50 115 100
50 115 100
50 115 100
50 115 100
50 115 100
50 115 100
50 115 100
50 115 100
50 115 100
50 114 100
50 114 100
50 114 100
50 114 100
50 114 100
50 114 100
50 114 100
50 114 100
50 114 100
50 114 100
50 114 100
50 114 100
50 114 100
50 114 100
50 114 100
50 114 100
50 114 100
50 114 100
50 114 100
50 114 100
50 114 100
50 114 100
50 114 100
50 114 100
50 114 100
50 114 100
50 114 100
50 114 100
50 114 100
50 114 100
50 114 100
50 114 100
50 113 100
50 113 100
50 113 100
50 113 100
50 113 100
50 113 100
50 113 100
50 113 100
50 113 100
50 113 100
50 113 100
50 113 100
50 113 100
50 113 100
50 113 100
50 113 100
50 113 100
50 113 100
50 113 100
50 113 100
50 113 100
50 113 100
50 113 100
50 113 100
50 113 100
50 113 100
50 113 100
50 113 100
50 113 100
50 113 100
50 113 100
50 113 100
50 113 100
50 112 100
50 112 100
50 112 100
50 112 100
50 112 100
50 112 100
50 112 100
50 112 100
50 112 100
50 112 100
50 112 100
50 112 100
50 112 100
50 112 100
50 112 100
50 112 100
50 112 100
50 112 100
50 112 100
50 112 100
50 112 100
50 112 100
50 112 100
50 112 100
50 112 100
50 112 100
50 112 100
50 112 100
50 112 100
50 112 100
50 112 100
50 112 100
50 112 100
50 111 100
50 111 100
50 111 100
50 111 100
50 111 100
50 111 100
50 111 100
50 111 100
50 111 100
50 111 100
50 111 100
50 111 100
50 111 100
50 111 100
50 111 100
50 111 100
50 111 100
50 111 100
50 111 100
50 111 100
50 111 100
50 111 100
50 111 100
50 111 100
50 111 100
50 111 100
50 111 100
50 111 100
50 111 100
50 111 100
50 111 100
50 111 100
50 111 100
50 111 100
50 110 100
50 110 100
50 110 100
50 110 100
50 110 100
50 110 100
50 110 100
50 110 100
50 110 100
50 110 100
50 110 100
50 110 100
50 110 100
50 110 100
50 110 100
50 110 100
50 110 100
50 110 100
50 110 100
50 110 100
50 110 100
50 110 100
50 110 100
50 110 100
50 110 100
50 110 100
50 110 100
50 110 100
50 110 100
50 110 100
50 110 100
50 110 100
50 110 100
50 110 100
50 109 100
50 109 100
50 109 100
50 109 100
50 109 100
50 109 100
50 109 100
50 109 100
50 109 100
50 109 100
50 109 100
50 109 100
50 109 100
50 109 100
50 109 100
50 109 100
50 109 100
50 109 100
50 109 100
50 109 100
50 109 100
50 109 100
50 109 100
50 109 100
50 109 100
50 109 100
50 109 100
50 109 100
50 109 100
50 109 100
50 109 100
50 109 100
50 109 100
50 109 100
50 108 100
50 108 100
50 108 100
50 108 100
50 108 100
50 108 100
50 108 100
50 108 100
50 108 100
50 108 100
50 108 100
50 108 100
50 108 100
50 108 100
50 108 100
50 108 100
50 108 100
50 108 100
50 108 100
50 108 100
50 108 100
50 108 100
50 108 100
50 108 100
50 108 100
50 108 100
50 108 100
50 108 100
50 108 100
50 108 100
50 108 100
50 108 100
50 108 100
50 107 100
50 107 100
50 107 100
50 107 100
50 107 100
50 107 100
50 107 100
50 107 100
50 107 100
50 107 100
50 107 100
50 107 100
50 107 100
50 107 100
50 107 100
50 107 100
50 107 100
50 107 100
50 107 100
50 107 100
50 107 100
50 107 100
50 107 100
50 107 100
50 107 100
50 107 100
50 107 100
50 107 100
50 107 100
50 107 100
50 107 100
50 107 100
50 107 100
50 106 100
50 106 100
50 106 100
50 106 100
50 106 100
50 106 100
50 106 100
50 106 100
50 106 100
50 106 100
50 106 100
50 106 100
50 106 100
50 106 100
50 106 100
50 106 100
50 106 100
50 106 100
50 106 100
50 106 100
50 106 100
50 106 100
50 106 100
50 106 100
50 106 100
50 106 100
50 106 100
50 106 100
50 106 100
50 106 100
50 106 100
50 106 100
50 106 100
50 105 100
50 105 100
50 105 100
50 105 100
50 105 100
50 105 100
50 105 100
50 105 100
50 105 100
50 105 100
50 105 100
50 105 100
50 105 100
50 105 100
50 105 100
50 105 100
50 105 100
50 105 100
50 105 100
50 105 100
50 105 100
50 105 100
50 105 100
50 105 100
50 105 100
50 105 100
50 105 100
50 105 100
50 105 100
50 105 100
50 105 100
50 105 100
50 105 100
50 105 100
50 104 100
50 104 100
50 104 100
50 104 100
50 104 100
50 104 100
50 104 100
50 104 100
50 104 100
50 104 100
50 104 100
50 104 100
50 104 100
50 104 100
50 104 100
50 104 100
50 104 100
50 104 100
50 104 100
50 104 100
50 104 100
50 104 100
50 104 100
50 104 100
50 104 100
50 104 100
50 104 100
50 104 100
50 104 100
50 104 100
50 104 100
50 104 100
50 104 100
50 104 100
50 103 100
50 103 100
50 103 100
50 103 100
50 103 100
50 103 100
50 103 100
50 103 100
50 103 100
50 103 100
50 103 100
50 103 100
50 103 100
50 103 100
50 103 100
50 103 100
50 103 100
50 103 100
50 103 100
50 103 100
50 103 100
50 103 100
50 103 100
50 103 100
50 103 100
50 103 100
50 103 100
50 103 100
50 103 100
50 103 100
50 103 100
50 103 100
50 103 100
50 103 100
50 103 100
50 102 100
50 102 100
50 102 100
50 102 100
50 102 100
50 102 100
50 102 100
50 102 100
50 102 100
50 102 100
50 102 100
50 102 100
50 102 100
50 102 100
50 102 100
50 102 100
50 102 100
50 102 100
50 102 100
50 102 100
50 102 100
50 102 100
50 102 100
50 102 100
50 102 100
50 102 100
50 102 100
50 102 100
50 102 100
50 102 100
50 102 100
50 102 100
50 102 100
50 102 100
50 102 100
50 102 100
50 102 100
50 101 100
50 101 100
50 101 100
50 101 100
50 101 100
50 101 100
50 101 100
50 101 100
50 101 100
50 101 100
50 101 100
50 101 100
50 101 100
50 101 100
50 101 100
50 101 100
50 101 100
50 101 100
50 101 100
50 101 100
50 101 100
50 101 100
50 101 100
50 101 100
50 101 100
50 101 100
50 101 100
50 101 100
50 101 100
50 101 100
50 101 100
50 101 100
50 101 100
50 101 100
50 101 100
50 101 100
50 101 100
50 101 100
50 100 100
50 100 100
50 100 100
50 100 100
50 100 100
50 100 100
50 100 100
50 100 100
50 100 100
50 100 100
50 100 100
50 100 100
50 100 100
50 100 100
50 100 100
50 100 100
50 100 100
50 100 100
50 100 100
50 100 100
50 100 100
50 100 100
50 100 100
50 100 100
50 100 100
50 100 100
50 100 100
50 100 100
50 100 100
50 100 100
50 100 100
50 100 100
50 100 100
50 100 100
50 100 100
50 100 100
50 100 100
50 100 100
50 100 100
50 99 100
50 99 100
50 99 100
50 99 100
50 99 100
50 99 100
50 99 100
50 99 100
50 99 100
50 99 100
50 99 100
50 99 100
50 99 100
50 99 100
50 99 100
50 99 100
50 99 100
50 99 100
50 99 100
50 99 100
50 99 100
50 99 100
50 99 100
50 99 100
50 99 100
50 99 100
50 99 100
50 99 100
50 99 100
50 99 100
50 99 100
50 99 100
50 99 100
50 99 100
50 99 100
50 99 100
50 99 100
50 99 100
50 99 100
50 99 100
50 98 100
50 98 100
50 98 100
50 98 100
50 98 100
50 98 100
50 98 100
50 98 100
50 98 100
50 98 100
50 98 100
50 98 100
50 98 100
50 98 100
50 98 100
50 98 100
50 98 100
50 98 100
50 98 100
50 98 100
50 98 100
50 98 100
50 98 100
50 98 100
50 98 100
50 98 100
50 98 100
50 98 100
50 98 100
50 98 100
50 98 100
50 98 100
50 98 100
50 98 100
50 98 100
50 98 100
50 98 100
50 98 100
50 98 100
50 98 100
50 98 100
50 97 100
50 97 100
50 97 100
50 97 100
50 97 100
50 97 100
50 97 100
50 97 100
50 97 100
50 97 100
50 97 100
50 97 100
50 97 100
50 97 100
50 97 100
50 97 100
50 97 100
50 97 100
50 97 100
50 97 100
50 97 100
50 97 100
50 97 100
50 97 100
50 97 100
50 97 100
50 97 100
50 97 100
50 97 100
50 97 100
50 97 100
50 97 100
50 97 100
50 97 100
50 97 100
50 97 100
50 97 100
50 97 100
50 97 100
50 97 100
50 97 100
50 97 100
50 96 100
50 96 100
50 96 100
50 96 100
50 96 100
50 96 100
50 96 100
50 96 100
50 96 100
50 96 100
50 96 100
50 96 100
50 96 100
50 96 100
50 96 100
50 96 100
50 96 100
50 96 100
50 96 100
50 96 100
50 96 100
50 96 100
50 96 100
50 96 100
50 96 100
50 96 100
50 96 100
50 96 100
50 96 100
50 96 100
50 96 100
50 96 100
50 96 100
50 96 100
50 96 100
50 96 100
50 96 100
50 96 100
50 96 100
50 96 100
50 96 100
50 96 100
50 95 100
50 95 100
50 95 100
50 95 100
50 95 100
50 95 100
50 95 100
50 95 100
50 95 100
50 95 100
50 95 100
50 95 100
50 95 100
50 95 100
50 95 100
50 95 100
50 95 100
50 95 100
50 95 100
50 95 100
50 95 100
50 95 100
50 95 100
50 95 100
50 95 100
50 95 100
50 95 100
50 95 100
50 95 100
50 95 100
50 95 100
50 95 100
50 95 100
50 95 100
50 95 100
50 95 100
50 95 100
50 95 100
50 95 100
50 95 100
50 95 100
50 95 100
50 94 100
50 94 100
50 94 100
50 94 100
50 94 100
50 94 100
50 94 100
50 94 100
50 94 100
50 94 100
50 94 100
50 94 100
50 94 100
50 94 100
50 94 100
50 94 100
50 94 100
50 94 100
50 94 100
50 94 100
50 94 100
50 94 100
50 94 100
50 94 100
50 94 100
50 94 100
50 94 100
50 94 100
50 94 100
50 94 100
50 94 100
50 94 100
50 94 100
50 94 100
50 94 100
50 94 100
50 94 100
50 94 100
50 94 100
50 94 100
50 94 100
50 94 100
50 93 100
50 93 100
50 93 100
50 93 100
50 93 100
50 93 100
50 93 100
50 93 100
50 93 100
50 93 100
50 93 100
50 93 100
50 93 100
50 93 100
50 93 100
50 93 100
50 93 100
50 93 100
50 93 100
50 93 100
50 93 100
50 93 100
50 93 100
50 93 100
50 93 100
50 93 100
50 93 100
50 93 100
50 93 100
50 93 100
50 93 100
50 93 100
50 93 100
50 93 100
50 93 100
50 93 100
50 93 100
50 93 100
50 93 100
50 93 100
50 93 100
50 92 100
50 92 100
50 92 100
50 92 100
50 92 100
50 92 100
50 92 100
50 92 100
50 92 100
50 92 100
50 92 100
50 92 100
50 92 100
50 92 100
50 92 100
50 92 100
50 92 100
50 92 100
50 92 100
50 92 100
50 92 100
50 92 100
50 92 100
50 92 100
50 92 100
50 92 100
50 92 100
50 92 100
50 92 100
50 92 100
50 92 100
50 92 100
50 92 100
50 92 100
50 92 100
50 92 100
50 92 100
50 92 100
50 92 100
50 92 100
50 92 100
50 91 100
50 91 100
50 91 100
50 91 100
50 91 100
50 91 100
50 91 100
50 91 100
50 91 100
50 91 100
50 91 100
50 91 100
50 91 100
50 91 100
50 91 100
50 91 100
50 91 100
50 91 100
50 91 100
50 91 100
50 91 100
50 91 100
50 91 100
50 91 100
50 91 100
50 91 100
50 91 100
50 91 100
50 91 100
50 91 100
50 91 100
50 91 100
50 91 100
50 91 100
50 91 100
50 91 100
50 91 100
50 91 100
50 91 100
50 91 100
50 90 100
50 90 100
50 90 100
50 90 100
50 90 100
50 90 100
50 90 100
50 90 100
50 90 100
50 90 100
50 90 100
50 90 100
50 90 100
50 90 100
50 90 100
50 90 100
50 90 100
50 90 100
50 90 100
50 90 100
50 90 100
50 90 100
50 90 100
50 90 100
50 90 100
50 90 100
50 90 100
50 90 100
50 90 100
50 90 100
50 90 100
50 90 100
50 90 100
50 90 100
50 90 100
50 90 100
50 90 100
50 90 100
# move from (146,62) to (50,6)
146 62 100
145 62 100
144 62 100
143 62 100
142 62 100
141 62 100
140 62 100
139 62 100
138 62 100
137 62 100
136 62 100
135 62 100
134 62 100
133 62 100
132 62 100
131 62 100
130 62 100
129 62 100
128 62 100
127 62 100
126 62 100
125 62 100
124 62 100
123 62 100
123 62 100
122 62 100
122 62 100
121 62 100
121 62 100
120 62 100
120 62 100
119 62 100
119 62 100
118 62 100
118 62 100
117 62 100
117 62 100
116 62 100
116 62 100
115 62 100
115 62 100
114 62 100
114 62 100
113 62 100
113 62 100
112 62 100
112 62 100
112 62 100
111 62 100
111 62 100
111 62 100
110 62 100
110 62 100
110 62 100
109 62 100
109 62 100
109 62 100
108 62 100
108 62 100
108 62 100
107 62 100
107 62 100
107 62 100
107 62 100
106 62 100
106 62 100
106 62 100
106 62 100
105 62 100
105 62 100
105 62 100
105 62 100
105 62 100
104 62 100
104 62 100
104 62 100
104 62 100
104 62 100
104 62 100
103 62 100
103 62 100
103 62 100
103 62 100
103 62 100
103 62 100
103 62 100
102 62 100
102 62 100
102 62 100
102 62 100
102 62 100
102 62 100
102 62 100
102 62 100
101 62 100
101 62 100
101 62 100
101 62 100
101 62 100
101 62 100
101 62 100
101 62 100
101 62 100
100 62 100
100 62 100
100 62 100
100 62 100
100 62 100
100 62 100
100 62 100
100 62 100
100 62 100
100 62 100
99 62 100
99 62 100
99 62 100
99 62 100
99 62 100
99 62 100
99 62 100
99 62 100
99 62 100
99 62 100
99 62 100
98 62 100
98 62 100
98 62 100
98 62 100
98 62 100
98 62 100
98 62 100
98 62 100
98 62 100
98 62 100
98 62 100
98 62 100
97 62 100
97 62 100
97 62 100
97 62 100
97 62 100
97 62 100
97 62 100
97 62 100
97 62 100
97 62 100
97 62 100
97 62 100
96 62 100
96 62 100
96 62 100
96 62 100
96 62 100
96 62 100
96 62 100
96 62 100
96 62 100
96 62 100
96 62 100
96 62 100
96 62 100
95 62 100
95 62 100
95 62 100
95 62 100
95 62 100
95 62 100
95 62 100
95 62 100
95 62 100
95 62 100
95 62 100
95 62 100
95 62 100
94 62 100
94 62 100
94 62 100
94 62 100
94 62 100
94 62 100
94 62 100
94 62 100
94 62 100
94 62 100
94 62 100
94 62 100
94 62 100
94 62 100
93 62 100
93 62 100
93 62 100
93 62 100
93 62 100
93 62 100
93 62 100
93 62 100
93 62 100
93 62 100
93 62 100
93 62 100
93 62 100
93 62 100
92 62 100
92 62 100
92 62 100
92 62 100
92 62 100
92 62 100
92 62 100
92 62 100
92 62 100
92 62 100
92 62 100
92 62 100
92 62 100
92 62 100
91 62 100
91 62 100
91 62 100
91 62 100
91 62 100
91 62 100
91 62 100
91 62 100
91 62 100
91 62 100
91 62 100
91 62 100
91 62 100
91 62 100
90 62 100
90 62 100
90 62 100
90 62 100
90 62 100
90 62 100
90 62 100
90 62 100
90 62 100
90 62 100
90 62 100
90 62 100
90 62 100
90 62 100
90 62 100
89 62 100
89 62 100
89 62 100
89 62 100
89 62 100
89 62 100
89 62 100
89 62 100
89 62 100
89 62 100
89 62 100
89 62 100
89 62 100
89 62 100
89 62 100
88 62 100
88 62 100
88 62 100
88 62 100
88 62 100
88 62 100
88 62 100
88 62 100
88 62 100
88 62 100
88 62 100
88 62 100
88 62 100
88 62 100
88 62 100
88 62 100
87 62 100
87 62 100
87 62 100
87 62 100
87 62 100
87 62 100
87 62 100
87 62 100
87 62 100
87 62 100
87 62 100
87 62 100
87 62 100
87 62 100
87 62 100
87 62 100
87 62 100
86 62 100
86 62 100
86 62 100
86 62 100
86 62 100
86 62 100
86 62 100
86 62 100
86 62 100
86 62 100
86 62 100
86 62 100
86 62 100
86 62 100
86 62 100
86 62 100
86 62 100
86 62 100
85 62 100
85 62 100
85 62 100
85 62 100
85 62 100
85 62 100
85 62 100
85 62 100
85 62 100
85 62 100
85 62 100
85 62 100
85 62 100
85 62 100
85 62 100
85 62 100
85 62 100
85 62 100
85 62 100
85 62 100
84 62 100
84 62 100
84 62 100
84 62 100
84 62 100
84 62 100
84 62 100
84 62 100
84 62 100
84 62 100
84 62 100
84 62 100
84 62 100
84 62 100
84 62 100
84 62 100
84 62 100
84 62 100
84 62 100
84 62 100
84 62 100
84 62 100
83 62 100
83 62 100
83 62 100
83 62 100
83 62 100
83 62 100
83 62 100
83 62 100
83 62 100
83 62 100
83 62 100
83 62 100
83 62 100
83 62 100
83 62 100
83 62 100
83 62 100
83 62 100
83 62 100
83 62 100
83 62 100
83 62 100
83 62 100
83 62 100
82 62 100
82 62 100
82 62 100
82 62 100
82 62 100
82 62 100
82 62 100
82 62 100
82 62 100
82 62 100
82 62 100
82 62 100
82 62 100
82 62 100
82 62 100
82 62 100
82 62 100
82 62 100
82 62 100
82 62 100
82 62 100
82 62 100
82 62 100
82 62 100
82 62 100
82 62 100
81 62 100
81 62 100
81 62 100
81 62 100
81 62 100
81 62 100
81 62 100
81 62 100
81 62 100
81 62 100
81 62 100
81 62 100
81 62 100
81 62 100
81 62 100
81 62 100
81 62 100
81 62 100
81 62 100
81 62 100
81 62 100
81 62 100
81 62 100
81 62 100
81 62 100
81 62 100
81 62 100
81 62 100
80 62 100
80 62 100
80 62 100
80 62 100
80 62 100
80 62 100
80 62 100
80 62 100
80 62 100
80 62 100
80 62 100
80 62 100
80 62 100
80 62 100
80 62 100
80 62 100
80 62 100
80 62 100
80 62 100
80 62 100
80 62 100
80 62 100
80 62 100
80 62 100
80 62 100
80 62 100
80 62 100
80 62 100
80 62 100
80 62 100
79 62 100
79 62 100
79 62 100
79 62 100
79 62 100
79 62 100
79 62 100
79 62 100
79 62 100
79 62 100
79 62 100
79 62 100
79 62 100
79 62 100
79 62 100
79 62 100
79 62 100
79 62 100
79 62 100
79 62 100
79 62 100
79 62 100
79 62 100
79 62 100
79 62 100
79 62 100
79 62 100
79 62 100
79 62 100
79 62 100
79 62 100
79 62 100
78 62 100
78 62 100
78 62 100
78 62 100
78 62 100
78 62 100
78 62 100
78 62 100
78 62 100
78 62 100
78 62 100
78 62 100
78 62 100
78 62 100
78 62 100
78 62 100
78 62 100
78 62 100
78 62 100
78 62 100
78 62 100
78 62 100
78 62 100
78 62 100
78 62 100
78 62 100
78 62 100
78 62 100
78 62 100
78 62 100
78 62 100
78 62 100
78 62 100
78 62 100
77 62 100
77 62 100
77 62 100
77 62 100
77 62 100
77 62 100
77 62 100
77 62 100
77 62 100
77 62 100
77 62 100
77 62 100
77 62 100
77 62 100
77 62 100
77 62 100
77 62 100
77 62 100
77 62 100
77 62 100
77 62 100
77 62 100
77 62 100
77 62 100
77 62 100
77 62 100
77 62 100
77 62 100
77 62 100
77 62 100
77 62 100
77 62 100
77 62 100
77 62 100
77 62 100
76 62 100
76 62 100
76 62 100
76 62 100
76 62 100
76 62 100
76 62 100
76 62 100
76 62 100
76 62 100
76 62 100
76 62 100
76 62 100
76 62 100
76 62 100
76 62 100
76 62 100
76 62 100
76 62 100
76 62 100
76 62 100
76 62 100
76 62 100
76 62 100
76 62 100
76 62 100
76 62 100
76 62 100
76 62 100
76 62 100
76 62 100
76 62 100
76 62 100
76 62 100
76 62 100
76 62 100
76 62 100
75 62 100
75 62 100
75 62 100
75 62 100
75 62 100
75 62 100
75 62 100
75 62 100
75 62 100
75 62 100
75 62 100
75 62 100
75 62 100
75 62 100
75 62 100
75 62 100
75 62 100
75 62 100
75 62 100
75 62 100
75 62 100
75 62 100
75 62 100
75 62 100
75 62 100
75 62 100
75 62 100
75 62 100
75 62 100
75 62 100
75 62 100
75 62 100
75 62 100
75 62 100
75 62 100
75 62 100
75 62 100
75 62 100
74 62 100
74 62 100
74 62 100
74 62 100
74 62 100
74 62 100
74 62 100
74 62 100
74 62 100
74 62 100
74 62 100
74 62 100
74 62 100
74 62 100
74 62 100
74 62 100
74 62 100
74 62 100
74 62 100
74 62 100
74 62 100
74 62 100
74 62 100
74 62 100
74 62 100
74 62 100
74 62 100
74 62 100
74 62 100
74 62 100
74 62 100
74 62 100
74 62 100
74 62 100
74 62 100
74 62 100
74 62 100
74 62 100
74 62 100
73 62 100
73 62 100
73 62 100
73 62 100
73 62 100
73 62 100
73 62 100
73 62 100
73 62 100
73 62 100
73 62 100
73 62 100
73 62 100
73 62 100
73 62 100
73 62 100
73 62 100
73 62 100
73 62 100
73 62 100
73 62 100
73 62 100
73 62 100
73 62 100
73 62 100
73 62 100
73 62 100
73 62 100
73 62 100
73 62 100
73 62 100
73 62 100
73 62 100
73 62 100
73 62 100
73 62 100
73 62 100
73 62 100
73 62 100
73 62 100
73 62 100
72 62 100
72 62 100
72 62 100
72 62 100
72 62 100
72 62 100
72 62 100
72 62 100
72 62 100
72 62 100
72 62 100
72 62 100
72 62 100
72 62 100
72 62 100
72 62 100
72 62 100
72 62 100
72 62 100
72 62 100
72 62 100
72 62 100
72 62 100
72 62 100
72 62 100
72 62 100
72 62 100
72 62 100
72 62 100
72 62 100
72 62 100
72 62 100
72 62 100
72 62 100
72 62 100
72 62 100
72 62 100
72 62 100
72 62 100
72 62 100
72 62 100
72 62 100
71 62 100
71 62 100
71 62 100
71 62 100
71 62 100
71 62 100
71 62 100
71 62 100
71 62 100
71 62 100
71 62 100
71 62 100
71 62 100
71 62 100
71 62 100
71 62 100
71 62 100
71 62 100
71 62 100
71 62 100
71 62 100
71 62 100
71 62 100
71 62 100
71 62 100
71 62 100
71 62 100
71 62 100
71 62 100
71 62 100
71 62 100
71 62 100
71 62 100
71 62 100
71 62 100
71 62 100
71 62 100
71 62 100
71 62 100
71 62 100
71 62 100
71 62 100
71 62 100
70 62 100
70 62 100
70 62 100
70 62 100
70 62 100
70 62 100
70 62 100
70 62 100
70 62 100
70 62 100
70 62 100
70 62 100
70 62 100
70 62 100
70 62 100
70 62 100
70 62 100
70 62 100
70 62 100
70 62 100
70 62 100
70 62 100
70 62 100
70 62 100
70 62 100
70 62 100
70 62 100
70 62 100
70 62 100
70 62 100
70 62 100
70 62 100
70 62 100
70 62 100
70 62 100
70 62 100
70 62 100
70 62 100
70 62 100
70 62 100
70 62 100
70 62 100
70 62 100
69 62 100
69 62 100
69 62 100
69 62 100
69 62 100
69 62 100
69 62 100
69 62 100
69 62 100
69 62 100
69 62 100
69 62 100
69 62 100
69 62 100
69 62 100
69 62 100
69 62 100
69 62 100
69 62 100
69 62 100
69 62 100
69 62 100
69 62 100
69 62 100
69 62 100
69 62 100
69 62 100
69 62 100
69 62 100
69 62 100
69 62 100
69 62 100
69 62 100
69 62 100
69 62 100
69 62 100
69 62 100
69 62 100
69 62 100
69 62 100
69 62 100
69 62 100
69 62 100
69 62 100
68 62 100
68 62 100
68 62 100
68 62 100
68 62 100
68 62 100
68 62 100
68 62 100
68 62 100
68 62 100
68 62 100
68 62 100
68 62 100
68 62 100
68 62 100
68 62 100
68 62 100
68 62 100
68 62 100
68 62 100
68 62 100
68 62 100
68 62 100
68 62 100
68 62 100
68 62 100
68 62 100
68 62 100
68 62 100
68 62 100
68 62 100
68 62 100
68 62 100
68 62 100
68 62 100
68 62 100
68 62 100
68 62 100
68 62 100
68 62 100
68 62 100
68 62 100
68 62 100
68 62 100
67 62 100
67 62 100
67 62 100
67 62 100
67 62 100
67 62 100
67 62 100
67 62 100
67 62 100
67 62 100
67 62 100
67 62 100
67 62 100
67 62 100
67 62 100
67 62 100
67 62 100
67 62 100
67 62 100
67 62 100
67 62 100
67 62 100
67 62 100
67 62 100
67 62 100
67 62 100
67 62 100
67 62 100
67 62 100
67 62 100
67 62 100
67 62 100
67 62 100
67 62 100
67 62 100
67 62 100
67 62 100
67 62 100
67 62 100
67 62 100
67 62 100
67 62 100
67 62 100
66 62 100
66 62 100
66 62 100
66 62 100
66 62 100
66 62 100
66 62 100
66 62 100
66 62 100
66 62 100
66 62 100
66 62 100
66 62 100
66 62 100
66 62 100
66 62 100
66 62 100
66 62 100
66 62 100
66 62 100
66 62 100
66 62 100
66 62 100
66 62 100
66 62 100
66 62 100
66 62 100
66 62 100
66 62 100
66 62 100
66 62 100
66 62 100
66 62 100
66 62 100
66 62 100
66 62 100
66 62 100
66 62 100
66 62 100
66 62 100
66 62 100
66 62 100
66 62 100
65 62 100
65 62 100
65 62 100
65 62 100
65 62 100
65 62 100
65 62 100
65 62 100
65 62 100
65 62 100
65 62 100
65 62 100
65 62 100
65 62 100
65 62 100
65 62 100
65 62 100
65 62 100
65 62 100
65 62 100
65 62 100
65 62 100
65 62 100
65 62 100
65 62 100
65 62 100
65 62 100
65 62 100
65 62 100
65 62 100
65 62 100
65 62 100
65 62 100
65 62 100
65 62 100
65 62 100
65 62 100
65 62 100
65 62 100
65 62 100
65 62 100
65 62 100
64 62 100
64 62 100
64 62 100
64 62 100
64 62 100
64 62 100
64 62 100
64 62 100
64 62 100
64 62 100
64 62 100
64 62 100
64 62 100
64 62 100
64 62 100
64 62 100
64 62 100
64 62 100
64 62 100
64 62 100
64 62 100
64 62 100
64 62 100
64 62 100
64 62 100
64 62 100
64 62 100
64 62 100
64 62 100
64 62 100
64 62 100
64 62 100
64 62 100
64 62 100
64 62 100
64 62 100
64 62 100
64 62 100
64 62 100
64 62 100
64 62 100
63 62 100
63 62 100
63 62 100
63 62 100
63 62 100
63 62 100
63 62 100
63 62 100
63 62 100
63 62 100
63 62 100
63 62 100
63 62 100
63 62 100
63 62 100
63 62 100
63 62 100
63 62 100
63 62 100
63 62 100
63 62 100
63 62 100
63 62 100
63 62 100
63 62 100
63 62 100
63 62 100
63 62 100
63 62 100
63 62 100
63 62 100
63 62 100
63 62 100
63 62 100
63 62 100
63 62 100
63 62 100
63 62 100
63 62 100
63 62 100
62 62 100
62 62 100
62 62 100
62 62 100
62 62 100
62 62 100
62 62 100
62 62 100
62 62 100
62 62 100
62 62 100
62 62 100
62 62 100
62 62 100
62 62 100
62 62 100
62 62 100
62 62 100
62 62 100
62 62 100
62 62 100
62 62 100
62 62 100
62 62 100
62 62 100
62 62 100
62 62 100
62 62 100
62 62 100
62 62 100
62 62 100
62 62 100
62 62 100
62 62 100
62 62 100
62 62 100
62 62 100
62 62 100
62 62 100
61 62 100
61 62 100
61 62 100
61 62 100
61 62 100
61 62 100
61 62 100
61 62 100
61 62 100
61 62 100
61 62 100
61 62 100
61 62 100
61 62 100
61 62 100
61 62 100
61 62 100
61 62 100
61 62 100
61 62 100
61 62 100
61 62 100
61 62 100
61 62 100
61 62 100
61 62 100
61 62 100
61 62 100
61 62 100
61 62 100
61 62 100
61 62 100
61 62 100
61 62 100
61 62 100
61 62 100
61 62 100
61 62 100
60 62 100
60 62 100
60 62 100
60 62 100
60 62 100
60 62 100
60 62 100
60 62 100
60 62 100
60 62 100
60 62 100
60 62 100
60 62 100
60 62 100
60 62 100
60 62 100
60 62 100
60 62 100
60 62 100
60 62 100
60 62 100
60 62 100
60 62 100
60 62 100
60 62 100
60 62 100
60 62 100
60 62 100
60 62 100
60 62 100
60 62 100
60 62 100
60 62 100
60 62 100
60 62 100
60 62 100
60 62 100
59 62 100
59 62 100
59 62 100
59 62 100
59 62 100
59 62 100
59 62 100
59 62 100
59 62 100
59 62 100
59 62 100
59 62 100
59 62 100
59 62 100
59 62 100
59 62 100
59 62 100
59 62 100
59 62 100
59 62 100
59 62 100
59 62 100
59 62 100
59 62 100
59 62 100
59 62 100
59 62 100
59 62 100
59 62 100
59 62 100
59 62 100
59 62 100
59 62 100
59 62 100
59 62 100
59 62 100
58 62 100
58 62 100
58 62 100
58 62 100
58 62 100
58 62 100
58 62 100
58 62 100
58 62 100
58 62 100
58 62 100
58 62 100
58 62 100
58 62 100
58 62 100
58 62 100
58 62 100
58 62 100
58 62 100
58 62 100
58 62 100
58 62 100
58 62 100
58 62 100
58 62 100
58 62 100
58 62 100
58 62 100
58 62 100
58 62 100
58 62 100
58 62 100
58 62 100
58 62 100
57 62 100
57 62 100
57 62 100
57 62 100
57 62 100
57 62 100
57 62 100
57 62 100
57 62 100
57 62 100
57 62 100
57 62 100
57 62 100
57 62 100
57 62 100
57 62 100
57 62 100
57 62 100
57 62 100
57 62 100
57 62 100
57 62 100
57 62 100
57 62 100
57 62 100
57 62 100
57 62 100
57 62 100
57 62 100
57 62 100
57 62 100
57 62 100
56 62 100
56 62 100
56 62 100
56 62 100
56 62 100
56 62 100
56 62 100
56 62 100
56 62 100
56 62 100
56 62 100
56 62 100
56 62 100
56 62 100
56 62 100
56 62 100
56 62 100
56 62 100
56 62 100
56 62 100
56 62 100
56 62 100
56 62 100
56 62 100
56 62 100
56 62 100
56 62 100
56 62 100
56 62 100
56 62 100
55 62 100
55 62 100
55 62 100
55 62 100
55 62 100
55 62 100
55 62 100
55 62 100
55 62 100
55 62 100
55 62 100
55 62 100
55 62 100
55 62 100
55 62 100
55 62 100
55 62 100
55 62 100
55 62 100
55 62 100
55 62 100
55 62 100
55 62 100
55 62 100
55 62 100
55 62 100
55 62 100
55 62 100
54 62 100
54 62 100
54 62 100
54 62 100
54 62 100
54 62 100
54 62 100
54 62 100
54 62 100
54 62 100
54 62 100
54 62 100
54 62 100
54 62 100
54 62 100
54 62 100
54 62 100
54 62 100
54 62 100
54 62 100
54 62 100
54 62 100
54 62 100
54 62 100
54 62 100
54 62 100
53 62 100
53 62 100
53 62 100
53 62 100
53 62 100
53 62 100
53 62 100
53 62 100
53 62 100
53 62 100
53 62 100
53 62 100
53 62 100
53 62 100
53 62 100
53 62 100
53 62 100
53 62 100
53 62 100
53 62 100
53 62 100
53 62 100
53 62 100
53 62 100
52 62 100
52 62 100
52 62 100
52 62 100
52 62 100
52 62 100
52 62 100
52 62 100
52 62 100
52 62 100
52 62 100
52 62 100
52 62 100
52 62 100
52 62 100
52 62 100
52 62 100
52 62 100
52 62 100
52 62 100
52 62 100
52 62 100
51 62 100
51 62 100
51 62 100
51 62 100
51 62 100
51 62 100
51 62 100
51 62 100
51 62 100
51 62 100
51 62 100
51 62 100
51 62 100
51 62 100
51 62 100
51 62 100
51 62 100
51 62 100
51 62 100
51 62 100
51 62 100
# move from (127,199) to (50,6)
127 199 100
126 199 100
125 199 100
124 199 100
123 199 100
122 199 100
121 199 100
120 199 100
119 199 100
118 199 100
117 199 100
116 199 100
115 199 100
114 199 100
113 199 100
112 199 100
111 199 100
110 199 100
109 199 100
108 199 100
107 199 100
107 199 100
106 199 100
106 199 100
105 199 100
105 199 100
104 199 100
104 199 100
103 199 100
103 199 100
102 199 100
102 199 100
101 199 100
101 199 100
100 199 100
100 199 100
99 199 100
99 199 100
99 199 100
98 199 100
98 199 100
98 199 100
97 199 100
97 199 100
97 199 100
96 199 100
96 199 100
96 199 100
95 199 100
95 199 100
95 199 100
94 199 100
94 199 100
94 199 100
93 199 100
93 199 100
93 199 100
92 199 100
92 199 100
92 199 100
91 199 100
91 199 100
91 199 100
90 199 100
90 199 100
90 199 100
89 199 100
89 199 100
89 199 100
88 199 100
88 199 100
88 199 100
87 199 100
87 199 100
87 199 100
87 199 100
86 199 100
86 199 100
86 199 100
86 199 100
85 199 100
85 199 100
85 199 100
85 199 100
85 199 100
84 199 100
84 199 100
84 199 100
84 199 100
84 199 100
84 199 100
83 199 100
83 199 100
83 199 100
83 199 100
83 199 100
83 199 100
83 199 100
82 199 100
82 199 100
82 199 100
82 199 100
82 199 100
82 199 100
82 199 100
82 199 100
81 199 100
81 199 100
81 199 100
81 199 100
81 199 100
81 199 100
81 199 100
81 199 100
81 199 100
81 199 100
80 199 100
80 199 100
80 199 100
80 199 100
80 199 100
80 199 100
80 199 100
80 199 100
80 199 100
80 199 100
80 199 100
79 199 100
79 199 100
79 199 100
79 199 100
79 199 100
79 199 100
79 199 100
79 199 100
79 199 100
79 199 100
79 199 100
79 199 100
79 199 100
78 199 100
78 199 100
78 199 100
78 199 100
78 199 100
78 199 100
78 199 100
78 199 100
78 199 100
78 199 100
78 199 100
78 199 100
78 199 100
78 199 100
78 199 100
77 199 100
77 199 100
77 199 100
77 199 100
77 199 100
77 199 100
77 199 100
77 199 100
77 199 100
77 199 100
77 199 100
77 199 100
77 199 100
77 199 100
77 199 100
77 199 100
76 199 100
76 199 100
76 199 100
76 199 100
76 199 100
76 199 100
76 199 100
76 199 100
76 199 100
76 199 100
76 199 100
76 199 100
76 199 100
76 199 100
76 199 100
76 199 100
76 199 100
76 199 100
75 199 100
75 199 100
75 199 100
75 199 100
75 199 100
75 199 100
75 199 100
75 199 100
75 199 100
75 199 100
75 199 100
75 199 100
75 199 100
75 199 100
75 199 100
75 199 100
75 199 100
75 199 100
75 199 100
75 199 100
74 199 100
74 199 100
74 199 100
74 199 100
74 199 100
74 199 100
74 199 100
74 199 100
74 199 100
74 199 100
74 199 100
74 199 100
74 199 100
74 199 100
74 199 100
74 199 100
74 199 100
74 199 100
74 199 100
74 199 100
74 199 100
73 199 100
73 199 100
73 199 100
73 199 100
73 199 100
73 199 100
73 199 100
73 199 100
73 199 100
73 199 100
73 199 100
73 199 100
73 199 100
73 199 100
73 199 100
73 199 100
73 199 100
73 199 100
73 199 100
73 199 100
73 199 100
73 199 100
73 199 100
72 199 100
72 199 100
72 199 100
72 199 100
72 199 100
72 199 100
72 199 100
72 199 100
72 199 100
72 199 100
72 199 100
72 199 100
72 199 100
72 199 100
72 199 100
72 199 100
72 199 100
72 199 100
72 199 100
72 199 100
72 199 100
72 199 100
72 199 100
72 199 100
71 199 100
71 199 100
71 199 100
71 199 100
71 199 100
71 199 100
71 199 100
71 199 100
71 199 100
71 199 100
71 199 100
71 199 100
71 199 100
71 199 100
71 199 100
71 199 100
71 199 100
71 199 100
71 199 100
71 199 100
71 199 100
71 199 100
71 199 100
71 199 100
70 199 100
70 199 100
70 199 100
70 199 100
70 199 100
70 199 100
70 199 100
70 199 100
70 199 100
70 199 100
70 199 100
70 199 100
70 199 100
70 199 100
70 199 100
70 199 100
70 199 100
70 199 100
70 199 100
70 199 100
70 199 100
70 199 100
70 199 100
70 199 100
70 199 100
69 199 100
69 199 100
69 199 100
69 199 100
69 199 100
69 199 100
69 199 100
69 199 100
69 199 100
69 199 100
69 199 100
69 199 100
69 199 100
69 199 100
69 199 100
69 199 100
69 199 100
69 199 100
69 199 100
69 199 100
69 199 100
69 199 100
69 199 100
69 199 100
69 199 100
68 199 100
68 199 100
68 199 100
68 199 100
68 199 100
68 199 100
68 199 100
68 199 100
68 199 100
68 199 100
68 199 100
68 199 100
68 199 100
68 199 100
68 199 100
68 199 100
68 199 100
68 199 100
68 199 100
68 199 100
68 199 100
68 199 100
68 199 100
68 199 100
67 199 100
67 199 100
67 199 100
67 199 100
67 199 100
67 199 100
67 199 100
67 199 100
67 199 100
67 199 100
67 199 100
67 199 100
67 199 100
67 199 100
67 199 100
67 199 100
67 199 100
67 199 100
67 199 100
67 199 100
67 199 100
67 199 100
67 199 100
66 199 100
66 199 100
66 199 100
66 199 100
66 199 100
66 199 100
66 199 100
66 199 100
66 199 100
66 199 100
66 199 100
66 199 100
66 199 100
66 199 100
66 199 100
66 199 100
66 199 100
66 199 100
66 199 100
66 199 100
66 199 100
66 199 100
65 199 100
65 199 100
65 199 100
65 199 100
65 199 100
65 199 100
65 199 100
65 199 100
65 199 100
65 199 100
65 199 100
65 199 100
65 199 100
65 199 100
65 199 100
65 199 100
65 199 100
65 199 100
65 199 100
65 199 100
65 199 100
64 199 100
64 199 100
64 199 100
64 199 100
64 199 100
64 199 100
64 199 100
64 199 100
64 199 100
64 199 100
64 199 100
64 199 100
64 199 100
64 199 100
64 199 100
64 199 100
64 199 100
64 199 100
64 199 100
63 199 100
63 199 100
63 199 100
63 199 100
63 199 100
63 199 100
63 199 100
63 199 100
63 199 100
63 199 100
63 199 100
63 199 100
63 199 100
63 199 100
63 199 100
63 199 100
63 199 100
63 199 100
62 199 100
62 199 100
62 199 100
62 199 100
62 199 100
62 199 100
62 199 100
62 199 100
62 199 100
62 199 100
62 199 100
62 199 100
62 199 100
62 199 100
62 199 100
62 199 100
62 199 100
61 199 100
61 199 100
61 199 100
61 199 100
61 199 100
61 199 100
61 199 100
61 199 100
61 199 100
61 199 100
61 199 100
61 199 100
61 199 100
61 199 100
61 199 100
61 199 100
60 199 100
60 199 100
60 199 100
60 199 100
60 199 100
60 199 100
60 199 100
60 199 100
60 199 100
60 199 100
60 199 100
60 199 100
60 199 100
60 199 100
60 199 100
59 199 100
59 199 100
59 199 100
59 199 100
59 199 100
59 199 100
59 199 100
59 199 100
59 199 100
59 199 100
59 199 100
59 199 100
59 199 100
59 199 100
58 199 100
58 199 100
58 199 100
58 199 100
58 199 100
58 199 100
58 199 100
58 199 100
58 199 100
58 199 100
58 199 100
58 199 100
58 199 100
57 199 100
57 199 100
57 199 100
57 199 100
57 199 100
57 199 100
57 199 100
57 199 100
57 199 100
57 199 100
57 199 100
57 199 100
57 199 100
56 199 100
56 199 100
56 199 100
56 199 100
56 199 100
56 199 100
56 199 100
56 199 100
56 199 100
56 199 100
56 199 100
56 199 100
55 199 100
55 199 100
55 199 100
55 199 100
55 199 100
55 199 100
55 199 100
55 199 100
55 199 100
55 199 100
55 199 100
54 199 100
54 199 100
54 199 100
54 199 100
54 199 100
54 199 100
54 199 100
54 199 100
54 199 100
54 199 100
54 199 100
53 199 100
53 199 100
53 199 100
53 199 100
53 199 100
53 199 100
53 199 100
53 199 100
53 199 100
53 199 100
53 199 100
52 199 100
52 199 100
52 199 100
52 199 100
52 199 100
52 199 100
52 199 100
52 199 100
52 199 100
52 199 100
51 199 100
51 199 100
51 199 100
51 199 100
51 199 100
51 199 100
51 199 100
51 199 100
51 199 100
51 199 100
50 199 100
50 199 100
50 199 100
50 199 100
50 199 100
50 199 100
50 199 100
50 199 100
50 199 100
50 198 100
50 198 100
50 198 100
50 198 100
50 198 100
50 198 100
50 198 100
50 198 100
50 198 100
50 197 100
50 197 100
50 197 100
50 197 100
50 197 100
50 197 100
50 197 100
50 197 100
50 197 100
50 196 100
50 196 100
50 196 100
50 196 100
50 196 100
50 196 100
50 196 100
50 196 100
50 196 100
50 195 100
50 195 100
50 195 100
50 195 100
50 195 100
50 195 100
50 195 100
50 195 100
50 195 100
50 194 100
50 194 100
50 194 100
50 194 100
50 194 100
50 194 100
50 194 100
50 194 100
50 193 100
50 193 100
50 193 100
50 193 100
50 193 100
50 193 100
50 193 100
50 193 100
50 192 100
50 192 100
50 192 100
50 192 100
50 192 100
50 192 100
50 192 100
50 192 100
50 191 100
50 191 100
50 191 100
50 191 100
50 191 100
50 191 100
50 191 100
50 191 100
50 190 100
50 190 100
50 190 100
50 190 100
50 190 100
50 190 100
50 190 100
50 190 100
50 189 100
50 189 100
50 189 100
50 189 100
50 189 100
50 189 100
50 189 100
50 189 100
50 188 100
50 188 100
50 188 100
50 188 100
50 188 100
50 188 100
50 188 100
50 188 100
50 187 100
50 187 100
50 187 100
50 187 100
50 187 100
50 187 100
50 187 100
50 186 100
50 186 100
50 186 100
50 186 100
50 186 100
50 186 100
50 186 100
# move from (80,118) to (50,6)
80 118 100
79 118 100
78 118 100
77 118 100
76 118 100
75 118 100
74 118 100
73 118 100
72 118 100
72 118 100
71 118 100
71 118 100
70 118 100
70 118 100
70 118 100
69 118 100
69 118 100
69 118 100
69 118 100
68 118 100
68 118 100
68 118 100
68 118 100
68 118 100
67 118 100
67 118 100
67 118 100
67 118 100
67 118 100
67 118 100
66 118 100
66 118 100
66 118 100
66 118 100
66 118 100
66 118 100
66 118 100
65 118 100
65 118 100
65 118 100
65 118 100
65 118 100
65 118 100
65 118 100
65 118 100
65 118 100
64 118 100
64 118 100
64 118 100
64 118 100
64 118 100
64 118 100
64 118 100
64 118 100
64 118 100
64 118 100
63 118 100
63 118 100
63 118 100
63 118 100
63 118 100
63 118 100
63 118 100
63 118 100
63 118 100
63 118 100
63 118 100
62 118 100
62 118 100
62 118 100
62 118 100
62 118 100
62 118 100
62 118 100
62 118 100
62 118 100
62 118 100
62 118 100
62 118 100
62 118 100
61 118 100
61 118 100
61 118 100
61 118 100
61 118 100
61 118 100
61 118 100
61 118 100
61 118 100
61 118 100
61 118 100
61 118 100
61 118 100
61 118 100
60 118 100
60 118 100
60 118 100
60 118 100
60 118 100
60 118 100
60 118 100
60 118 100
60 118 100
60 118 100
60 118 100
60 118 100
60 118 100
60 118 100
60 118 100
59 118 100
59 118 100
59 118 100
59 118 100
59 118 100
59 118 100
59 118 100
59 118 100
59 118 100
59 118 100
59 118 100
59 118 100
59 118 100
59 118 100
59 118 100
59 118 100
58 118 100
58 118 100
58 118 100
58 118 100
58 118 100
58 118 100
58 118 100
58 118 100
58 118 100
58 118 100
58 118 100
58 118 100
58 118 100
58 118 100
58 118 100
58 118 100
58 118 100
57 118 100
57 118 100
57 118 100
57 118 100
57 118 100
57 118 100
57 118 100
57 118 100
57 118 100
57 118 100
57 118 100
57 118 100
57 118 100
57 118 100
57 118 100
57 118 100
57 118 100
57 118 100
56 118 100
56 118 100
56 118 100
56 118 100
56 118 100
56 118 100
56 118 100
56 118 100
56 118 100
56 118 100
56 118 100
56 118 100
56 118 100
56 118 100
56 118 100
56 118 100
56 118 100
56 118 100
55 118 100
55 118 100
55 118 100
55 118 100
55 118 100
55 118 100
55 118 100
55 118 100
55 118 100
55 118 100
55 118 100
55 118 100
55 118 100
55 118 100
55 118 100
55 118 100
55 118 100
55 118 100
55 118 100
54 118 100
54 118 100
54 118 100
54 118 100
54 118 100
54 118 100
54 118 100
54 118 100
54 118 100
54 118 100
54 118 100
54 118 100
54 118 100
54 118 100
54 118 100
54 118 100
54 118 100
54 118 100
54 118 100
54 118 100
53 118 100
53 118 100
53 118 100
53 118 100
53 118 100
53 118 100
53 118 100
53 118 100
53 118 100
53 118 100
53 118 100
53 118 100
53 118 100
53 118 100
53 118 100
53 118 100
53 118 100
53 118 100
53 118 100
53 118 100
53 118 100
52 118 100
52 118 100
52 118 100
52 118 100
52 118 100
52 118 100
52 118 100
52 118 100
52 118 100
52 118 100
52 118 100
52 118 100
52 118 100
52 118 100
52 118 100
52 118 100
52 118 100
52 118 100
52 118 100
52 118 100
52 118 100
52 118 100
51 118 100
51 118 100
51 118 100
51 118 100
51 118 100
51 118 100
51 118 100
51 118 100
51 118 100
51 118 100
51 118 100
51 118 100
51 118 100
51 118 100
51 118 100
51 118 100
51 118 100
51 118 100
51 118 100
51 118 100
51 118 100
51 118 100
51 118 100
51 118 100
# move from (65,158) to (50,6)
65 158 100
65 158 100
65 158 100
64 158 100
64 158 100
64 158 100
63 158 100
63 158 100
63 158 100
62 158 100
62 158 100
62 158 100
62 158 100
61 158 100
61 158 100
61 158 100
61 158 100
60 158 100
60 158 100
60 158 100
60 158 100
59 158 100
59 158 100
59 158 100
59 158 100
59 158 100
58 158 100
58 158 100
58 158 100
58 158 100
58 158 100
57 158 100
57 158 100
57 158 100
57 158 100
57 158 100
56 158 100
56 158 100
56 158 100
56 158 100
56 158 100
56 158 100
55 158 100
55 158 100
55 158 100
55 158 100
55 158 100
55 158 100
55 158 100
54 158 100
54 158 100
54 158 100
54 158 100
54 158 100
54 158 100
54 158 100
53 158 100
53 158 100
53 158 100
53 158 100
53 158 100
53 158 100
53 158 100
52 158 100
52 158 100
52 158 100
52 158 100
52 158 100
52 158 100
52 158 100
52 158 100
51 158 100
51 158 100
51 158 100
51 158 100
51 158 100
51 158 100
51 158 100
51 158 100
