0 5 0 30 0
0 5 360 0 0
0 2 860 40 0
0 4 780 80 0
0 3 590 40 0
0 3 590 0 0
0 3 590 0 230
0 2 1080 420 0
0 2 820 0 0
0 4 820 0 230
0 5 860 0 0
0 3 860 0 230
0 3 30 640 0
1 1 0 170 0
1 5 0 70 0
2 0 260 500 0
3 0 260 520 160
3 1 620 80 0
3 0 640 520 0
4 2 820 230 0
4 4 230 170 0
4 4 780 80 230
4 0 0 170 100
4 4 110 170 140
4 2 150 170 140
4 3 30 640 230
4 5 265 640 315
4 5 640 640 155
4 4 495 450 160
4 4 875 450 0
4 4 220 410 0
4 5 0 70 150
4 0 390 80 0
5 2 900 40 0
6 3 300 80 40
8 2 915 440 0
9 3 210 80 690
7 3 275 0 1490
