simanneal start at 0.000096917
10001000
10001000
10004000
10003000
10001000
10001000
10002000
10001000
10001000
10001000
10001000
10003000
10001000
10001000
10001000
4000
3000
4000
4000
3000
3000
3000
3000
4000
3000
3000
4000
3000
2000
2000
2000
2000
2000
3000
2000
2000
5000
5000
5000
5000
2000
5000
3000
5000
3000
3000
3000
5000
3000
3000
5000
5000
2000
2000
5000
2000
3000
5000
2000
2000
2000
3000
3000
3000
3000
2000
3000
===== simanneal =====
all iter   : 397
accepted   : 67

0.701938167
1.508854542
beam: 2000chokudai: 30001.516810292
