simanneal start at 0.000060708
1000
1000
1000
1000
1000
1000
2000
2000
1000
3000
1000
1000
4000
1000
1000
2000
1000
1000
1000
2000
1000
1000
2000
1000
1000
1000
1000
1000
1000
1000
1000
1000
1000
1000
1000
1000
1000
1000
1000
1000
2000
1000
1000
1000
1000
1000
2000
4000
1000
1000
1000
1000
1000
1000
1000
1000
1000
1000
2000
1000
1000
1000
1000
1000
1000
1000
1000
1000
1000
1000
1000
1000
1000
1000
1000
1000
1000
1000
1000
1000
4000
1000
2000
1000
1000
1000
1000
1000
1000
2000
1000
1000
1000
1000
4000
1000
1000
1000
1000
2000
5000
2000
2000
1000
1000
1000
1000
1000
1000
2000
1000
2000
1000
1000
1000
1000
1000
1000
1000
1000
4000
1000
1000
1000
1000
2000
1000
1000
1000
1000
1000
1000
1000
1000
1000
3000
1000
1000
1000
1000
4000
1000
2000
1000
1000
1000
1000
1000
1000
1000
1000
1000
1000
1000
1000
1000
1000
1000
1000
1000
1000
1000
3000
2000
1000
1000
3000
4000
1000
1000
1000
1000
1000
1000
1000
1000
1000
1000
1000
2000
1000
1000
1000
1000
1000
1000
4000
1000
1000
1000
1000
1000
1000
1000
1000
1000
1000
1000
1000
1000
1000
1000
1000
1000
1000
1000
4000
1000
2000
1000
6000
1000
1000
1000
1000
1000
1000
1000
3000
5000
1000
6000
1000
1000
4000
1000
1000
1000
2000
1000
1000
1000
1000
1000
1000
1000
1000
1000
1000
1000
1000
===== simanneal =====
all iter   : 255
accepted   : 241

0.701644625
1.502126125
beam: 1000chokudai: 10001.50293075
