simanneal start at 0.000109416
10001000
10001000
10001000
10001000
10001000
10001000
10001000
10008000
10002000
10003000
10001000
10001000
10001000
10001000
10001000
10001000
10004000
10005000
10003000
10005000
10007000
10006000
10008000
10015000
10009000
10003000
10003000
10005000
10003000
10003000
10002000
10003000
10001000
10001000
10001000
10003000
10001000
10001000
10001000
10003000
10010000
10007000
10007000
10004000
10002000
10002000
10001000
10003000
10001000
10001000
10003000
10001000
10001000
===== simanneal =====
all iter   : 57
accepted   : 53

0.708464292
1.489398042
beam: 10001000chokudai: 100010001.490487375
