simanneal start at 0.000043
1000
1000
1000
1000
1000
1000
1000
1000
1000
2000
1000
1000
1000
1000
1000
1000
1000
1000
1000
1000
3000
1000
1000
1000
1000
2000
1000
1000
1000
1000
1000
1000
1000
1000
1000
1000
2000
1000
1000
1000
1000
1000
1000
1000
1000
1000
1000
1000
1000
1000
1000
1000
1000
1000
1000
1000
1000
1000
1000
1000
1000
1000
1000
1000
1000
1000
1000
1000
1000
1000
1000
1000
1000
1000
1000
1000
1000
1000
1000
1000
1000
1000
1000
1000
1000
1000
1000
1000
2000
1000
1000
1000
1000
1000
1000
1000
1000
1000
1000
1000
1000
1000
1000
1000
1000
1000
1000
2000
2000
1000
1000
1000
1000
1000
1000
1000
1000
1000
1000
2000
2000
2000
2000
1000
1000
2000
1000
2000
1000
2000
1000
1000
1000
1000
1000
1000
1000
1000
1000
1000
2000
5000
1000
3000
1000
1000
1000
1000
2000
1000
1000
1000
1000
1000
1000
1000
1000
1000
1000
1000
1000
1000
1000
1000
1000
1000
1000
1000
1000
1000
1000
1000
1000
1000
1000
1000
5000
1000
1000
1000
1000
1000
1000
1000
1000
1000
1000
1000
1000
1000
2000
1000
2000
1000
1000
1000
1000
2000
1000
1000
1000
1000
1000
1000
1000
1000
1000
1000
1000
1000
1000
1000
2000
1000
3000
1000
2000
1000
1000
2000
1000
1000
1000
1000
1000
1000
1000
1000
1000
1000
1000
1000
1000
1000
1000
1000
1000
1000
1000
1000
1000
1000
1000
1000
1000
2000
1000
1000
1000
1000
1000
1000
1000
1000
2000
1000
1000
2000
1000
1000
1000
1000
1000
1000
===== simanneal =====
all iter   : 266
accepted   : 264

0.7008585
1.574253459
beam: 1000chokudai: 10001.5767906680000001
