# move from (174,175) to (21,165)
174 175 100
173 175 100
172 175 100
171 175 100
170 175 100
169 175 100
168 175 100
167 175 100
166 175 100
165 175 100
164 175 100
163 175 100
162 175 100
161 175 100
160 175 100
159 175 100
158 175 100
157 175 100
156 175 100
156 175 100
155 175 100
155 175 100
154 175 100
154 175 100
153 175 100
153 175 100
153 175 100
152 175 100
152 175 100
152 175 100
151 175 100
151 175 100
151 175 100
151 175 100
150 175 100
150 175 100
150 175 100
150 175 100
149 175 100
149 175 100
149 175 100
149 175 100
149 175 100
148 175 100
148 175 100
148 175 100
148 175 100
148 175 100
148 175 100
147 175 100
147 175 100
147 175 100
147 175 100
147 175 100
147 175 100
147 175 100
146 175 100
146 175 100
146 175 100
146 175 100
146 175 100
146 175 100
146 175 100
146 175 100
145 175 100
145 175 100
145 175 100
145 175 100
145 175 100
145 175 100
145 175 100
145 175 100
145 175 100
145 175 100
144 175 100
144 175 100
144 175 100
144 175 100
144 175 100
144 175 100
144 175 100
144 175 100
144 175 100
144 175 100
144 175 100
144 175 100
143 175 100
143 175 100
143 175 100
143 175 100
143 175 100
143 175 100
143 175 100
143 175 100
143 175 100
143 175 100
143 175 100
143 175 100
143 175 100
143 175 100
142 175 100
142 175 100
142 175 100
142 175 100
142 175 100
142 175 100
142 175 100
142 175 100
142 175 100
142 175 100
142 175 100
142 175 100
142 175 100
142 175 100
142 175 100
142 175 100
141 175 100
141 175 100
141 175 100
141 175 100
141 175 100
141 175 100
141 175 100
141 175 100
141 175 100
141 175 100
141 175 100
141 175 100
141 175 100
141 175 100
141 175 100
141 175 100
141 175 100
141 175 100
140 175 100
140 175 100
140 175 100
140 175 100
140 175 100
140 175 100
140 175 100
140 175 100
140 175 100
140 175 100
140 175 100
140 175 100
140 175 100
140 175 100
140 175 100
140 175 100
140 175 100
140 175 100
140 175 100
139 175 100
139 175 100
139 175 100
139 175 100
139 175 100
139 175 100
139 175 100
139 175 100
139 175 100
139 175 100
139 175 100
139 175 100
139 175 100
139 175 100
139 175 100
139 175 100
139 175 100
139 175 100
139 175 100
139 175 100
138 175 100
138 175 100
138 175 100
138 175 100
138 175 100
138 175 100
138 175 100
138 175 100
138 175 100
138 175 100
138 175 100
138 175 100
138 175 100
138 175 100
138 175 100
138 175 100
138 175 100
138 175 100
138 175 100
138 175 100
137 175 100
137 175 100
137 175 100
137 175 100
137 175 100
137 175 100
137 175 100
137 175 100
137 175 100
137 175 100
137 175 100
137 175 100
137 175 100
137 175 100
137 175 100
137 175 100
137 175 100
137 175 100
137 175 100
137 175 100
136 175 100
136 175 100
136 175 100
136 175 100
136 175 100
136 175 100
136 175 100
136 175 100
136 175 100
136 175 100
136 175 100
136 175 100
136 175 100
136 175 100
136 175 100
136 175 100
136 175 100
136 175 100
136 175 100
135 175 100
135 175 100
135 175 100
135 175 100
135 175 100
135 175 100
135 175 100
135 175 100
135 175 100
135 175 100
135 175 100
135 175 100
135 175 100
135 175 100
135 175 100
135 175 100
135 175 100
135 175 100
135 175 100
134 175 100
134 175 100
134 175 100
134 175 100
134 175 100
134 175 100
134 175 100
134 175 100
134 175 100
134 175 100
134 175 100
134 175 100
134 175 100
134 175 100
134 175 100
134 175 100
134 175 100
134 175 100
134 175 100
133 175 100
133 175 100
133 175 100
133 175 100
133 175 100
133 175 100
133 175 100
133 175 100
133 175 100
133 175 100
133 175 100
133 175 100
133 175 100
133 175 100
133 175 100
133 175 100
133 175 100
133 175 100
132 175 100
132 175 100
132 175 100
132 175 100
132 175 100
132 175 100
132 175 100
132 175 100
132 175 100
132 175 100
132 175 100
132 175 100
132 175 100
132 175 100
132 175 100
132 175 100
132 175 100
132 175 100
131 175 100
131 175 100
131 175 100
131 175 100
131 175 100
131 175 100
131 175 100
131 175 100
131 175 100
131 175 100
131 175 100
131 175 100
131 175 100
131 175 100
131 175 100
131 175 100
131 175 100
130 175 100
130 175 100
130 175 100
130 175 100
130 175 100
130 175 100
130 175 100
130 175 100
130 175 100
130 175 100
130 175 100
130 175 100
130 175 100
130 175 100
130 175 100
130 175 100
129 175 100
129 175 100
129 175 100
129 175 100
129 175 100
129 175 100
129 175 100
129 175 100
129 175 100
129 175 100
129 175 100
129 175 100
129 175 100
129 175 100
129 175 100
128 175 100
128 175 100
128 175 100
128 175 100
128 175 100
128 175 100
128 175 100
128 175 100
128 175 100
128 175 100
128 175 100
128 175 100
128 175 100
128 175 100
128 175 100
127 175 100
127 175 100
127 175 100
127 175 100
127 175 100
127 175 100
127 175 100
127 175 100
127 175 100
127 175 100
127 175 100
127 175 100
127 175 100
127 175 100
127 175 100
127 175 100
126 175 100
126 175 100
126 175 100
126 175 100
126 175 100
126 175 100
126 175 100
126 175 100
126 175 100
126 175 100
126 175 100
126 175 100
126 175 100
126 175 100
126 175 100
126 175 100
125 175 100
125 175 100
125 175 100
125 175 100
125 175 100
125 175 100
125 175 100
125 175 100
125 175 100
125 175 100
125 175 100
125 175 100
125 175 100
125 175 100
125 175 100
125 175 100
125 175 100
124 175 100
124 175 100
124 175 100
124 175 100
124 175 100
124 175 100
124 175 100
124 175 100
124 175 100
124 175 100
124 175 100
124 175 100
124 175 100
124 175 100
124 175 100
124 175 100
124 175 100
124 175 100
123 175 100
123 175 100
123 175 100
123 175 100
123 175 100
123 175 100
123 175 100
123 175 100
123 175 100
123 175 100
123 175 100
123 175 100
123 175 100
123 175 100
123 175 100
123 175 100
123 175 100
123 175 100
122 175 100
122 175 100
122 175 100
122 175 100
122 175 100
122 175 100
122 175 100
122 175 100
122 175 100
122 175 100
122 175 100
122 175 100
122 175 100
122 175 100
122 175 100
122 175 100
122 175 100
122 175 100
121 175 100
121 175 100
121 175 100
121 175 100
121 175 100
121 175 100
121 175 100
121 175 100
121 175 100
121 175 100
121 175 100
121 175 100
121 175 100
121 175 100
121 175 100
121 175 100
121 175 100
120 175 100
120 175 100
120 175 100
120 175 100
120 175 100
120 175 100
120 175 100
120 175 100
120 175 100
120 175 100
120 175 100
120 175 100
120 175 100
120 175 100
120 175 100
120 175 100
119 175 100
119 175 100
119 175 100
119 175 100
119 175 100
119 175 100
119 175 100
119 175 100
119 175 100
119 175 100
119 175 100
119 175 100
119 175 100
119 175 100
118 175 100
118 175 100
118 175 100
118 175 100
118 175 100
118 175 100
118 175 100
118 175 100
118 175 100
118 175 100
118 175 100
118 175 100
117 175 100
117 175 100
117 175 100
117 175 100
117 175 100
117 175 100
117 175 100
117 175 100
117 175 100
116 175 100
116 175 100
116 175 100
116 175 100
116 175 100
116 175 100
116 175 100
115 175 100
115 175 100
115 175 100
115 175 100
115 175 100
114 175 100
114 175 100
114 175 100
114 175 100
113 175 100
113 175 100
113 175 100
112 175 100
112 175 100
111 175 100
111 175 100
110 175 100
110 175 100
109 175 100
108 175 100
107 175 100
106 175 100
105 175 100
104 175 100
103 175 100
102 175 100
101 175 100
100 175 100
99 175 100
98 175 100
97 175 100
96 175 100
95 175 100
94 175 100
93 175 100
92 175 100
91 175 100
90 175 100
89 175 100
88 175 100
87 175 100
86 175 100
85 175 100
84 175 100
83 175 100
82 175 100
81 175 100
80 175 100
79 175 100
78 175 100
77 175 100
76 175 100
75 175 100
74 175 100
73 175 100
72 175 100
71 175 100
70 175 100
69 175 100
68 175 100
68 175 100
67 175 100
67 175 100
66 175 100
66 175 100
66 175 100
65 175 100
65 175 100
65 175 100
64 175 100
64 175 100
64 175 100
63 175 100
63 175 100
63 175 100
62 175 100
62 175 100
62 175 100
62 175 100
61 175 100
61 175 100
61 175 100
61 175 100
60 175 100
60 175 100
60 175 100
60 175 100
59 175 100
59 175 100
59 175 100
59 175 100
59 175 100
58 175 100
58 175 100
58 175 100
58 175 100
58 175 100
58 175 100
57 175 100
57 175 100
57 175 100
57 175 100
57 175 100
57 175 100
57 175 100
56 175 100
56 175 100
56 175 100
56 175 100
56 175 100
56 175 100
56 175 100
56 175 100
56 175 100
55 175 100
55 175 100
55 175 100
55 175 100
55 175 100
55 175 100
55 175 100
55 175 100
55 175 100
55 175 100
55 175 100
54 175 100
54 175 100
54 175 100
54 175 100
54 175 100
54 175 100
54 175 100
54 175 100
54 175 100
54 175 100
54 175 100
54 175 100
54 175 100
53 175 100
53 175 100
53 175 100
53 175 100
53 175 100
53 175 100
53 175 100
53 175 100
53 175 100
53 175 100
53 175 100
53 175 100
53 175 100
53 175 100
53 175 100
53 175 100
52 175 100
52 175 100
52 175 100
52 175 100
52 175 100
52 175 100
52 175 100
52 175 100
52 175 100
52 175 100
52 175 100
52 175 100
52 175 100
52 175 100
52 175 100
52 175 100
52 175 100
52 175 100
51 175 100
51 175 100
51 175 100
51 175 100
51 175 100
51 175 100
51 175 100
51 175 100
51 175 100
51 175 100
51 175 100
51 175 100
51 175 100
51 175 100
51 175 100
51 175 100
51 175 100
51 175 100
51 175 100
50 175 100
50 175 100
50 175 100
50 175 100
50 175 100
50 175 100
50 175 100
50 175 100
50 175 100
50 175 100
50 175 100
50 175 100
50 175 100
50 175 100
50 175 100
50 175 100
50 175 100
50 175 100
50 175 100
50 175 100
49 175 100
49 175 100
49 175 100
49 175 100
49 175 100
49 175 100
49 175 100
49 175 100
49 175 100
49 175 100
49 175 100
49 175 100
49 175 100
49 175 100
49 175 100
49 175 100
49 175 100
49 175 100
49 175 100
49 175 100
48 175 100
48 175 100
48 175 100
48 175 100
48 175 100
48 175 100
48 175 100
48 175 100
48 175 100
48 175 100
48 175 100
48 175 100
48 175 100
48 175 100
48 175 100
48 175 100
48 175 100
48 175 100
48 175 100
48 175 100
47 175 100
47 175 100
47 175 100
47 175 100
47 175 100
47 175 100
47 175 100
47 175 100
47 175 100
47 175 100
47 175 100
47 175 100
47 175 100
47 175 100
47 175 100
47 175 100
47 175 100
47 175 100
47 175 100
47 175 100
46 175 100
46 175 100
46 175 100
46 175 100
46 175 100
46 175 100
46 175 100
46 175 100
46 175 100
46 175 100
46 175 100
46 175 100
46 175 100
46 175 100
46 175 100
46 175 100
46 175 100
46 175 100
46 175 100
45 175 100
45 175 100
45 175 100
45 175 100
45 175 100
45 175 100
45 175 100
45 175 100
45 175 100
45 175 100
45 175 100
45 175 100
45 175 100
45 175 100
45 175 100
45 175 100
45 175 100
45 175 100
45 175 100
44 175 100
44 175 100
44 175 100
44 175 100
44 175 100
44 175 100
44 175 100
44 175 100
44 175 100
44 175 100
44 175 100
44 175 100
44 175 100
44 175 100
44 175 100
44 175 100
44 175 100
44 175 100
43 175 100
43 175 100
43 175 100
43 175 100
43 175 100
43 175 100
43 175 100
43 175 100
43 175 100
43 175 100
43 175 100
43 175 100
43 175 100
43 175 100
43 175 100
43 175 100
43 175 100
43 175 100
42 175 100
42 175 100
42 175 100
42 175 100
42 175 100
42 175 100
42 175 100
42 175 100
42 175 100
42 175 100
42 175 100
42 175 100
42 175 100
42 175 100
42 175 100
42 175 100
42 175 100
42 175 100
42 175 100
41 175 100
41 175 100
41 175 100
41 175 100
41 175 100
41 175 100
41 175 100
41 175 100
41 175 100
41 175 100
41 175 100
41 175 100
41 175 100
41 175 100
41 175 100
41 175 100
41 175 100
41 175 100
41 175 100
40 175 100
40 175 100
40 175 100
40 175 100
40 175 100
40 175 100
40 175 100
40 175 100
40 175 100
40 175 100
40 175 100
40 175 100
40 175 100
40 175 100
40 175 100
40 175 100
40 175 100
40 175 100
40 175 100
40 175 100
39 175 100
39 175 100
39 175 100
39 175 100
39 175 100
39 175 100
39 175 100
39 175 100
39 175 100
39 175 100
39 175 100
39 175 100
39 175 100
39 175 100
39 175 100
39 175 100
39 175 100
39 175 100
39 175 100
39 175 100
39 175 100
38 175 100
38 175 100
38 175 100
38 175 100
38 175 100
38 175 100
38 175 100
38 175 100
38 175 100
38 175 100
38 175 100
38 175 100
38 175 100
38 175 100
38 175 100
38 175 100
38 175 100
38 175 100
38 175 100
38 175 100
38 175 100
37 175 100
37 175 100
37 175 100
37 175 100
37 175 100
37 175 100
37 175 100
37 175 100
37 175 100
37 175 100
37 175 100
37 175 100
37 175 100
37 175 100
37 175 100
37 175 100
37 175 100
37 175 100
37 175 100
37 175 100
37 175 100
36 175 100
36 175 100
36 175 100
36 175 100
36 175 100
36 175 100
36 175 100
36 175 100
36 175 100
36 175 100
36 175 100
36 175 100
36 175 100
36 175 100
36 175 100
36 175 100
36 175 100
36 175 100
36 175 100
36 175 100
36 175 100
35 175 100
35 175 100
35 175 100
35 175 100
35 175 100
35 175 100
35 175 100
35 175 100
35 175 100
35 175 100
35 175 100
35 175 100
35 175 100
35 175 100
35 175 100
35 175 100
35 175 100
35 175 100
35 175 100
35 175 100
34 175 100
34 175 100
34 175 100
34 175 100
34 175 100
34 175 100
34 175 100
34 175 100
34 175 100
34 175 100
34 175 100
34 175 100
34 175 100
34 175 100
34 175 100
34 175 100
34 175 100
34 175 100
33 175 100
33 175 100
33 175 100
33 175 100
33 175 100
33 175 100
33 175 100
33 175 100
33 175 100
33 175 100
33 175 100
33 175 100
33 175 100
33 175 100
33 175 100
32 175 100
32 175 100
32 175 100
32 175 100
32 175 100
32 175 100
32 175 100
32 175 100
32 175 100
32 175 100
32 175 100
32 175 100
31 175 100
31 175 100
31 175 100
31 175 100
31 175 100
31 175 100
31 175 100
31 175 100
31 175 100
30 175 100
30 175 100
30 175 100
30 175 100
30 175 100
30 175 100
30 175 100
29 175 100
29 175 100
29 175 100
29 175 100
29 175 100
28 175 100
28 175 100
28 175 100
28 175 100
27 175 100
27 175 100
27 175 100
26 175 100
26 175 100
26 175 100
25 175 100
25 175 100
24 175 100
24 175 100
23 175 100
23 175 100
22 175 100
22 175 100
21 175 100
21 175 100
21 174 100
21 173 100
21 172 100
21 171 100
21 170 100
21 169 100
21 168 100
21 167 100
21 166 100
21 165 100
# move from (117,13) to (21,165)
117 13 100
116 13 100
115 13 100
114 13 100
113 13 100
112 13 100
111 13 100
110 13 100
109 13 100
108 13 100
108 13 100
107 13 100
107 13 100
106 13 100
106 13 100
106 13 100
105 13 100
105 13 100
105 13 100
104 13 100
104 13 100
104 13 100
104 13 100
103 13 100
103 13 100
103 13 100
103 13 100
103 13 100
102 13 100
102 13 100
102 13 100
102 13 100
102 13 100
101 13 100
101 13 100
101 13 100
101 13 100
101 13 100
100 13 100
100 13 100
100 13 100
100 13 100
100 13 100
100 13 100
99 13 100
99 13 100
99 13 100
99 13 100
99 13 100
99 13 100
98 13 100
98 13 100
98 13 100
98 13 100
98 13 100
98 13 100
98 13 100
97 13 100
97 13 100
97 13 100
97 13 100
97 13 100
97 13 100
97 13 100
97 13 100
96 13 100
96 13 100
96 13 100
96 13 100
96 13 100
96 13 100
96 13 100
96 13 100
96 13 100
95 13 100
95 13 100
95 13 100
95 13 100
95 13 100
95 13 100
95 13 100
95 13 100
95 13 100
95 13 100
95 13 100
94 13 100
94 13 100
94 13 100
94 13 100
94 13 100
94 13 100
94 13 100
94 13 100
94 13 100
94 13 100
94 13 100
94 13 100
94 13 100
94 13 100
93 13 100
93 13 100
93 13 100
93 13 100
93 13 100
93 13 100
93 13 100
93 13 100
93 13 100
93 13 100
93 13 100
93 13 100
93 13 100
93 13 100
93 13 100
93 13 100
93 13 100
93 13 100
92 13 100
92 13 100
92 13 100
92 13 100
92 13 100
92 13 100
92 13 100
92 13 100
92 13 100
92 13 100
92 13 100
92 13 100
92 13 100
92 13 100
92 13 100
92 13 100
92 13 100
92 13 100
92 13 100
92 13 100
92 13 100
92 13 100
91 13 100
91 13 100
91 13 100
91 13 100
91 13 100
91 13 100
91 13 100
91 13 100
91 13 100
91 13 100
91 13 100
91 13 100
91 13 100
91 13 100
91 13 100
91 13 100
91 13 100
91 13 100
91 13 100
91 13 100
91 13 100
91 13 100
91 13 100
91 13 100
91 13 100
91 13 100
90 13 100
90 13 100
90 13 100
90 13 100
90 13 100
90 13 100
90 13 100
90 13 100
90 13 100
90 13 100
90 13 100
90 13 100
90 13 100
90 13 100
90 13 100
90 13 100
90 13 100
90 13 100
90 13 100
90 13 100
90 13 100
90 13 100
90 13 100
90 13 100
90 13 100
90 13 100
90 13 100
90 13 100
90 13 100
89 13 100
89 13 100
89 13 100
89 13 100
89 13 100
89 13 100
89 13 100
89 13 100
89 13 100
89 13 100
89 13 100
89 13 100
89 13 100
89 13 100
89 13 100
89 13 100
89 13 100
89 13 100
89 13 100
89 13 100
89 13 100
89 13 100
89 13 100
89 13 100
89 13 100
89 13 100
89 13 100
89 13 100
89 13 100
89 13 100
89 13 100
89 13 100
88 13 100
88 13 100
88 13 100
88 13 100
88 13 100
88 13 100
88 13 100
88 13 100
88 13 100
88 13 100
88 13 100
88 13 100
88 13 100
88 13 100
88 13 100
88 13 100
88 13 100
88 13 100
88 13 100
88 13 100
88 13 100
88 13 100
88 13 100
88 13 100
88 13 100
88 13 100
88 13 100
88 13 100
88 13 100
88 13 100
88 13 100
88 13 100
88 13 100
88 13 100
87 13 100
87 13 100
87 13 100
87 13 100
87 13 100
87 13 100
87 13 100
87 13 100
87 13 100
87 13 100
87 13 100
87 13 100
87 13 100
87 13 100
87 13 100
87 13 100
87 13 100
87 13 100
87 13 100
87 13 100
87 13 100
87 13 100
87 13 100
87 13 100
87 13 100
87 13 100
87 13 100
87 13 100
87 13 100
87 13 100
87 13 100
87 13 100
87 13 100
87 13 100
87 13 100
86 13 100
86 13 100
86 13 100
86 13 100
86 13 100
86 13 100
86 13 100
86 13 100
86 13 100
86 13 100
86 13 100
86 13 100
86 13 100
86 13 100
86 13 100
86 13 100
86 13 100
86 13 100
86 13 100
86 13 100
86 13 100
86 13 100
86 13 100
86 13 100
86 13 100
86 13 100
86 13 100
86 13 100
86 13 100
86 13 100
86 13 100
86 13 100
86 13 100
86 13 100
86 13 100
85 13 100
85 13 100
85 13 100
85 13 100
85 13 100
85 13 100
85 13 100
85 13 100
85 13 100
85 13 100
85 13 100
85 13 100
85 13 100
85 13 100
85 13 100
85 13 100
85 13 100
85 13 100
85 13 100
85 13 100
85 13 100
85 13 100
85 13 100
85 13 100
85 13 100
85 13 100
85 13 100
85 13 100
85 13 100
85 13 100
85 13 100
85 13 100
85 13 100
85 13 100
85 13 100
85 13 100
84 13 100
84 13 100
84 13 100
84 13 100
84 13 100
84 13 100
84 13 100
84 13 100
84 13 100
84 13 100
84 13 100
84 13 100
84 13 100
84 13 100
84 13 100
84 13 100
84 13 100
84 13 100
84 13 100
84 13 100
84 13 100
84 13 100
84 13 100
84 13 100
84 13 100
84 13 100
84 13 100
84 13 100
84 13 100
84 13 100
84 13 100
84 13 100
84 13 100
84 13 100
84 13 100
84 13 100
83 13 100
83 13 100
83 13 100
83 13 100
83 13 100
83 13 100
83 13 100
83 13 100
83 13 100
83 13 100
83 13 100
83 13 100
83 13 100
83 13 100
83 13 100
83 13 100
83 13 100
83 13 100
83 13 100
83 13 100
83 13 100
83 13 100
83 13 100
83 13 100
83 13 100
83 13 100
83 13 100
83 13 100
83 13 100
83 13 100
83 13 100
83 13 100
83 13 100
83 13 100
83 13 100
82 13 100
82 13 100
82 13 100
82 13 100
82 13 100
82 13 100
82 13 100
82 13 100
82 13 100
82 13 100
82 13 100
82 13 100
82 13 100
82 13 100
82 13 100
82 13 100
82 13 100
82 13 100
82 13 100
82 13 100
82 13 100
82 13 100
82 13 100
82 13 100
82 13 100
82 13 100
82 13 100
82 13 100
82 13 100
82 13 100
82 13 100
82 13 100
82 13 100
82 13 100
81 13 100
81 13 100
81 13 100
81 13 100
81 13 100
81 13 100
81 13 100
81 13 100
81 13 100
81 13 100
81 13 100
81 13 100
81 13 100
81 13 100
81 13 100
81 13 100
81 13 100
81 13 100
81 13 100
81 13 100
81 13 100
81 13 100
81 13 100
81 13 100
81 13 100
81 13 100
81 13 100
81 13 100
81 13 100
81 13 100
81 13 100
81 13 100
81 13 100
80 13 100
80 13 100
80 13 100
80 13 100
80 13 100
80 13 100
80 13 100
80 13 100
80 13 100
80 13 100
80 13 100
80 13 100
80 13 100
80 13 100
80 13 100
80 13 100
80 13 100
80 13 100
80 13 100
80 13 100
80 13 100
80 13 100
80 13 100
80 13 100
80 13 100
80 13 100
80 13 100
80 13 100
80 13 100
80 13 100
80 13 100
80 13 100
80 13 100
79 13 100
79 13 100
79 13 100
79 13 100
79 13 100
79 13 100
79 13 100
79 13 100
79 13 100
79 13 100
79 13 100
79 13 100
79 13 100
79 13 100
79 13 100
79 13 100
79 13 100
79 13 100
79 13 100
79 13 100
79 13 100
79 13 100
79 13 100
79 13 100
79 13 100
79 13 100
79 13 100
79 13 100
79 13 100
79 13 100
79 13 100
79 13 100
79 13 100
78 13 100
78 13 100
78 13 100
78 13 100
78 13 100
78 13 100
78 13 100
78 13 100
78 13 100
78 13 100
78 13 100
78 13 100
78 13 100
78 13 100
78 13 100
78 13 100
78 13 100
78 13 100
78 13 100
78 13 100
78 13 100
78 13 100
78 13 100
78 13 100
78 13 100
78 13 100
78 13 100
78 13 100
78 13 100
78 13 100
78 13 100
78 13 100
78 13 100
77 13 100
77 13 100
77 13 100
77 13 100
77 13 100
77 13 100
77 13 100
77 13 100
77 13 100
77 13 100
77 13 100
77 13 100
77 13 100
77 13 100
77 13 100
77 13 100
77 13 100
77 13 100
77 13 100
77 13 100
77 13 100
77 13 100
77 13 100
77 13 100
77 13 100
77 13 100
77 13 100
77 13 100
77 13 100
77 13 100
77 13 100
77 13 100
77 13 100
77 13 100
76 13 100
76 13 100
76 13 100
76 13 100
76 13 100
76 13 100
76 13 100
76 13 100
76 13 100
76 13 100
76 13 100
76 13 100
76 13 100
76 13 100
76 13 100
76 13 100
76 13 100
76 13 100
76 13 100
76 13 100
76 13 100
76 13 100
76 13 100
76 13 100
76 13 100
76 13 100
76 13 100
76 13 100
76 13 100
76 13 100
76 13 100
76 13 100
76 13 100
76 13 100
76 13 100
75 13 100
75 13 100
75 13 100
75 13 100
75 13 100
75 13 100
75 13 100
75 13 100
75 13 100
75 13 100
75 13 100
75 13 100
75 13 100
75 13 100
75 13 100
75 13 100
75 13 100
75 13 100
75 13 100
75 13 100
75 13 100
75 13 100
75 13 100
75 13 100
75 13 100
75 13 100
75 13 100
75 13 100
75 13 100
75 13 100
75 13 100
75 13 100
75 13 100
75 13 100
75 13 100
74 13 100
74 13 100
74 13 100
74 13 100
74 13 100
74 13 100
74 13 100
74 13 100
74 13 100
74 13 100
74 13 100
74 13 100
74 13 100
74 13 100
74 13 100
74 13 100
74 13 100
74 13 100
74 13 100
74 13 100
74 13 100
74 13 100
74 13 100
74 13 100
74 13 100
74 13 100
74 13 100
74 13 100
74 13 100
74 13 100
74 13 100
74 13 100
74 13 100
74 13 100
74 13 100
73 13 100
73 13 100
73 13 100
73 13 100
73 13 100
73 13 100
73 13 100
73 13 100
73 13 100
73 13 100
73 13 100
73 13 100
73 13 100
73 13 100
73 13 100
73 13 100
73 13 100
73 13 100
73 13 100
73 13 100
73 13 100
73 13 100
73 13 100
73 13 100
73 13 100
73 13 100
73 13 100
73 13 100
73 13 100
73 13 100
73 13 100
73 13 100
73 13 100
73 13 100
72 13 100
72 13 100
72 13 100
72 13 100
72 13 100
72 13 100
72 13 100
72 13 100
72 13 100
72 13 100
72 13 100
72 13 100
72 13 100
72 13 100
72 13 100
72 13 100
72 13 100
72 13 100
72 13 100
72 13 100
72 13 100
72 13 100
72 13 100
72 13 100
72 13 100
72 13 100
72 13 100
72 13 100
72 13 100
72 13 100
72 13 100
72 13 100
72 13 100
72 13 100
71 13 100
71 13 100
71 13 100
71 13 100
71 13 100
71 13 100
71 13 100
71 13 100
71 13 100
71 13 100
71 13 100
71 13 100
71 13 100
71 13 100
71 13 100
71 13 100
71 13 100
71 13 100
71 13 100
71 13 100
71 13 100
71 13 100
71 13 100
71 13 100
71 13 100
71 13 100
71 13 100
71 13 100
71 13 100
71 13 100
71 13 100
71 13 100
70 13 100
70 13 100
70 13 100
70 13 100
70 13 100
70 13 100
70 13 100
70 13 100
70 13 100
70 13 100
70 13 100
70 13 100
70 13 100
70 13 100
70 13 100
70 13 100
70 13 100
70 13 100
70 13 100
70 13 100
70 13 100
70 13 100
70 13 100
70 13 100
70 13 100
70 13 100
70 13 100
70 13 100
70 13 100
70 13 100
69 13 100
69 13 100
69 13 100
69 13 100
69 13 100
69 13 100
69 13 100
69 13 100
69 13 100
69 13 100
69 13 100
69 13 100
69 13 100
69 13 100
69 13 100
69 13 100
69 13 100
69 13 100
69 13 100
69 13 100
69 13 100
69 13 100
69 13 100
69 13 100
69 13 100
69 13 100
68 13 100
68 13 100
68 13 100
68 13 100
68 13 100
68 13 100
68 13 100
68 13 100
68 13 100
68 13 100
68 13 100
68 13 100
68 13 100
68 13 100
68 13 100
68 13 100
68 13 100
68 13 100
68 13 100
68 13 100
68 13 100
67 13 100
67 13 100
67 13 100
67 13 100
67 13 100
67 13 100
67 13 100
67 13 100
67 13 100
67 13 100
67 13 100
67 13 100
67 13 100
67 13 100
67 13 100
67 13 100
66 13 100
66 13 100
66 13 100
66 13 100
66 13 100
66 13 100
66 13 100
66 13 100
66 13 100
66 13 100
66 13 100
66 13 100
65 13 100
65 13 100
65 13 100
65 13 100
65 13 100
65 13 100
65 13 100
65 13 100
64 13 100
64 13 100
64 13 100
64 13 100
64 13 100
64 13 100
63 13 100
63 13 100
63 13 100
63 13 100
62 13 100
62 13 100
62 13 100
61 13 100
61 13 100
61 13 100
60 13 100
60 13 100
59 13 100
59 13 100
58 13 100
58 13 100
57 13 100
57 13 100
56 13 100
56 13 100
55 13 100
55 13 100
54 13 100
54 13 100
53 13 100
53 13 100
52 13 100
52 13 100
51 13 100
51 13 100
50 13 100
50 13 100
49 13 100
48 13 100
47 13 100
46 13 100
45 13 100
44 13 100
43 13 100
43 13 100
42 13 100
42 13 100
41 13 100
41 13 100
40 13 100
40 13 100
39 13 100
39 13 100
39 13 100
38 13 100
38 13 100
38 13 100
37 13 100
37 13 100
37 13 100
36 13 100
36 13 100
36 13 100
35 13 100
35 13 100
35 13 100
34 13 100
34 13 100
34 13 100
34 13 100
33 13 100
33 13 100
33 13 100
33 13 100
32 13 100
32 13 100
32 13 100
32 13 100
32 13 100
31 13 100
31 13 100
31 13 100
31 13 100
31 13 100
31 13 100
30 13 100
30 13 100
30 13 100
30 13 100
30 13 100
30 13 100
30 13 100
30 13 100
29 13 100
29 13 100
29 13 100
29 13 100
29 13 100
29 13 100
29 13 100
29 13 100
29 13 100
29 13 100
28 13 100
28 13 100
28 13 100
28 13 100
28 13 100
28 13 100
28 13 100
28 13 100
28 13 100
28 13 100
28 13 100
28 13 100
27 13 100
27 13 100
27 13 100
27 13 100
27 13 100
27 13 100
27 13 100
27 13 100
27 13 100
27 13 100
27 13 100
27 13 100
27 13 100
27 13 100
26 13 100
26 13 100
26 13 100
26 13 100
26 13 100
26 13 100
26 13 100
26 13 100
26 13 100
26 13 100
26 13 100
26 13 100
26 13 100
26 13 100
26 13 100
25 13 100
25 13 100
25 13 100
25 13 100
25 13 100
25 13 100
25 13 100
25 13 100
25 13 100
25 13 100
25 13 100
25 13 100
25 13 100
25 13 100
25 13 100
25 13 100
24 13 100
24 13 100
24 13 100
24 13 100
24 13 100
24 13 100
24 13 100
24 13 100
24 13 100
24 13 100
24 13 100
24 13 100
24 13 100
24 13 100
24 13 100
24 13 100
23 13 100
23 13 100
23 13 100
23 13 100
23 13 100
23 13 100
23 13 100
23 13 100
23 13 100
23 13 100
23 13 100
23 13 100
23 13 100
23 13 100
23 13 100
23 13 100
22 13 100
22 13 100
22 13 100
22 13 100
22 13 100
22 13 100
22 13 100
22 13 100
22 13 100
22 13 100
22 13 100
22 13 100
22 13 100
22 13 100
22 13 100
22 13 100
21 13 100
21 13 100
21 13 100
21 13 100
21 13 100
21 13 100
21 13 100
21 13 100
21 13 100
21 13 100
21 13 100
21 13 100
21 13 100
21 13 100
21 13 100
21 14 100
21 14 100
21 14 100
21 14 100
21 14 100
21 14 100
21 14 100
21 14 100
21 14 100
21 14 100
21 14 100
21 14 100
21 14 100
21 14 100
21 15 100
21 15 100
21 15 100
21 15 100
21 15 100
21 15 100
21 15 100
21 15 100
21 15 100
21 15 100
21 15 100
21 15 100
21 15 100
21 16 100
21 16 100
21 16 100
21 16 100
21 16 100
21 16 100
21 16 100
21 16 100
21 16 100
21 16 100
21 16 100
21 17 100
21 17 100
21 17 100
21 17 100
21 17 100
21 17 100
21 17 100
21 17 100
21 17 100
21 17 100
21 18 100
21 18 100
21 18 100
21 18 100
21 18 100
21 18 100
21 18 100
21 18 100
21 19 100
21 19 100
21 19 100
21 19 100
21 19 100
21 19 100
21 19 100
21 20 100
21 20 100
21 20 100
21 20 100
21 20 100
21 20 100
21 21 100
21 21 100
21 21 100
21 21 100
21 21 100
21 22 100
21 22 100
21 22 100
21 22 100
21 23 100
21 23 100
21 23 100
21 24 100
21 24 100
21 24 100
21 25 100
21 25 100
21 26 100
21 26 100
21 27 100
21 27 100
21 28 100
21 28 100
21 29 100
21 29 100
21 29 100
21 30 100
21 30 100
21 30 100
21 31 100
21 31 100
21 31 100
21 32 100
21 32 100
21 32 100
21 32 100
21 33 100
21 33 100
21 33 100
21 33 100
21 34 100
21 34 100
21 34 100
21 34 100
21 35 100
21 35 100
21 35 100
21 35 100
21 36 100
21 36 100
21 36 100
21 36 100
21 37 100
21 37 100
21 37 100
21 37 100
21 38 100
21 38 100
21 38 100
21 38 100
21 39 100
21 39 100
21 39 100
21 40 100
21 40 100
21 40 100
21 41 100
21 41 100
21 41 100
21 42 100
21 42 100
21 42 100
21 42 100
21 43 100
21 43 100
21 43 100
21 43 100
21 44 100
21 44 100
21 44 100
21 44 100
21 45 100
21 45 100
21 45 100
21 45 100
21 45 100
21 46 100
21 46 100
21 46 100
21 46 100
21 46 100
21 47 100
21 47 100
21 47 100
21 47 100
21 47 100
21 47 100
21 48 100
21 48 100
21 48 100
21 48 100
21 48 100
21 48 100
21 49 100
21 49 100
21 49 100
21 49 100
21 49 100
21 49 100
21 49 100
21 50 100
21 50 100
21 50 100
21 50 100
21 50 100
21 50 100
21 50 100
21 51 100
21 51 100
21 51 100
21 51 100
21 51 100
21 51 100
21 51 100
21 52 100
21 52 100
21 52 100
21 52 100
21 52 100
21 52 100
21 53 100
21 53 100
21 53 100
21 53 100
21 53 100
21 54 100
21 54 100
21 54 100
21 54 100
21 55 100
21 55 100
21 55 100
21 55 100
21 56 100
21 56 100
21 56 100
21 57 100
21 57 100
21 57 100
21 58 100
21 58 100
21 59 100
21 59 100
21 60 100
21 60 100
21 61 100
21 61 100
21 62 100
21 62 100
21 63 100
21 63 100
21 64 100
21 64 100
21 65 100
21 66 100
21 67 100
21 68 100
21 69 100
21 70 100
21 71 100
21 72 100
21 73 100
21 74 100
21 75 100
21 76 100
21 77 100
21 78 100
21 78 100
21 79 100
21 79 100
21 80 100
21 80 100
21 80 100
21 81 100
21 81 100
21 81 100
21 82 100
21 82 100
21 82 100
21 82 100
21 83 100
21 83 100
21 83 100
21 83 100
21 83 100
21 83 100
21 84 100
21 84 100
21 84 100
21 84 100
21 84 100
21 84 100
21 84 100
21 85 100
21 85 100
21 85 100
21 85 100
21 85 100
21 85 100
21 85 100
21 85 100
21 86 100
21 86 100
21 86 100
21 86 100
21 86 100
21 86 100
21 86 100
21 86 100
21 86 100
21 86 100
21 87 100
21 87 100
21 87 100
21 87 100
21 87 100
21 87 100
21 87 100
21 87 100
21 87 100
21 87 100
21 87 100
21 88 100
21 88 100
21 88 100
21 88 100
21 88 100
21 88 100
21 88 100
21 88 100
21 88 100
21 88 100
21 88 100
21 88 100
21 88 100
21 89 100
21 89 100
21 89 100
21 89 100
21 89 100
21 89 100
21 89 100
21 89 100
21 89 100
21 89 100
21 89 100
21 89 100
21 89 100
21 89 100
21 90 100
21 90 100
21 90 100
21 90 100
21 90 100
21 90 100
21 90 100
21 90 100
21 90 100
21 90 100
21 90 100
21 90 100
21 90 100
21 90 100
21 90 100
21 91 100
21 91 100
21 91 100
21 91 100
21 91 100
21 91 100
21 91 100
21 91 100
21 91 100
21 91 100
21 91 100
21 91 100
21 91 100
21 91 100
21 91 100
21 91 100
21 92 100
21 92 100
21 92 100
21 92 100
21 92 100
21 92 100
21 92 100
21 92 100
21 92 100
21 92 100
21 92 100
21 92 100
21 92 100
21 92 100
21 92 100
21 92 100
21 92 100
21 93 100
21 93 100
21 93 100
21 93 100
21 93 100
21 93 100
21 93 100
21 93 100
21 93 100
21 93 100
21 93 100
21 93 100
21 93 100
21 93 100
21 93 100
21 93 100
21 93 100
21 93 100
21 94 100
21 94 100
21 94 100
21 94 100
21 94 100
21 94 100
21 94 100
21 94 100
21 94 100
21 94 100
21 94 100
21 94 100
21 94 100
21 94 100
21 94 100
21 94 100
21 94 100
21 94 100
21 95 100
21 95 100
21 95 100
21 95 100
21 95 100
21 95 100
21 95 100
21 95 100
21 95 100
21 95 100
21 95 100
21 95 100
21 95 100
21 95 100
21 95 100
21 95 100
21 95 100
21 95 100
21 96 100
21 96 100
21 96 100
21 96 100
21 96 100
21 96 100
21 96 100
21 96 100
21 96 100
21 96 100
21 96 100
21 96 100
21 96 100
21 96 100
21 96 100
21 96 100
21 96 100
21 97 100
21 97 100
21 97 100
21 97 100
21 97 100
21 97 100
21 97 100
21 97 100
21 97 100
21 97 100
21 97 100
21 97 100
21 97 100
21 97 100
21 97 100
21 97 100
21 98 100
21 98 100
21 98 100
21 98 100
21 98 100
21 98 100
21 98 100
21 98 100
21 98 100
21 98 100
21 98 100
21 98 100
21 98 100
21 98 100
21 98 100
21 99 100
21 99 100
21 99 100
21 99 100
21 99 100
21 99 100
21 99 100
21 99 100
21 99 100
21 99 100
21 99 100
21 99 100
21 99 100
21 100 100
21 100 100
21 100 100
21 100 100
21 100 100
21 100 100
21 100 100
21 100 100
21 100 100
21 100 100
21 100 100
21 100 100
21 101 100
21 101 100
21 101 100
21 101 100
21 101 100
21 101 100
21 101 100
21 101 100
21 101 100
21 101 100
21 101 100
21 102 100
21 102 100
21 102 100
21 102 100
21 102 100
21 102 100
21 102 100
21 102 100
21 102 100
21 102 100
21 103 100
21 103 100
21 103 100
21 103 100
21 103 100
21 103 100
21 103 100
21 103 100
21 103 100
21 103 100
21 104 100
21 104 100
21 104 100
21 104 100
21 104 100
21 104 100
21 104 100
21 104 100
21 104 100
21 105 100
21 105 100
21 105 100
21 105 100
21 105 100
21 105 100
21 105 100
21 105 100
21 106 100
21 106 100
21 106 100
21 106 100
21 106 100
21 106 100
21 106 100
21 106 100
21 107 100
21 107 100
21 107 100
21 107 100
21 107 100
21 107 100
21 107 100
21 107 100
21 108 100
21 108 100
21 108 100
21 108 100
21 108 100
21 108 100
21 108 100
21 109 100
21 109 100
21 109 100
21 109 100
21 109 100
21 109 100
21 109 100
21 110 100
21 110 100
21 110 100
21 110 100
21 110 100
21 110 100
21 111 100
21 111 100
21 111 100
21 111 100
21 111 100
21 112 100
21 112 100
21 112 100
21 112 100
21 113 100
21 113 100
21 113 100
21 113 100
21 114 100
21 114 100
21 114 100
21 115 100
21 115 100
21 115 100
21 116 100
21 116 100
21 116 100
21 117 100
21 117 100
21 117 100
21 118 100
21 118 100
21 118 100
21 119 100
21 119 100
21 119 100
21 120 100
21 120 100
21 120 100
21 120 100
21 121 100
21 121 100
21 121 100
21 121 100
21 122 100
21 122 100
21 122 100
21 122 100
21 122 100
21 123 100
21 123 100
21 123 100
21 123 100
21 123 100
21 123 100
21 124 100
21 124 100
21 124 100
21 124 100
21 124 100
21 124 100
21 124 100
21 125 100
21 125 100
21 125 100
21 125 100
21 125 100
21 125 100
21 125 100
21 126 100
21 126 100
21 126 100
21 126 100
21 126 100
21 126 100
21 126 100
21 126 100
21 127 100
21 127 100
21 127 100
21 127 100
21 127 100
21 127 100
21 127 100
21 128 100
21 128 100
21 128 100
21 128 100
21 128 100
21 128 100
21 128 100
21 129 100
21 129 100
21 129 100
21 129 100
21 129 100
21 129 100
21 130 100
21 130 100
21 130 100
21 130 100
21 130 100
21 130 100
21 131 100
21 131 100
21 131 100
21 131 100
21 131 100
21 132 100
21 132 100
21 132 100
21 132 100
21 132 100
21 133 100
21 133 100
21 133 100
21 133 100
21 134 100
21 134 100
21 134 100
21 134 100
21 135 100
21 135 100
21 135 100
21 135 100
21 136 100
21 136 100
21 136 100
21 136 100
21 137 100
21 137 100
21 137 100
21 137 100
21 138 100
21 138 100
21 138 100
21 138 100
21 138 100
21 139 100
21 139 100
21 139 100
21 139 100
21 139 100
21 140 100
21 140 100
21 140 100
21 140 100
21 140 100
21 141 100
21 141 100
21 141 100
21 141 100
21 141 100
21 142 100
21 142 100
21 142 100
21 142 100
21 142 100
21 143 100
21 143 100
21 143 100
21 143 100
21 143 100
21 144 100
21 144 100
21 144 100
21 144 100
21 145 100
21 145 100
21 145 100
21 145 100
21 146 100
21 146 100
21 146 100
21 147 100
21 147 100
21 147 100
21 148 100
21 148 100
21 149 100
21 149 100
21 150 100
21 151 100
21 152 100
21 153 100
21 154 100
21 155 100
21 156 100
21 157 100
21 158 100
21 159 100
21 160 100
21 161 100
21 162 100
21 163 100
21 164 100
