# move from (14,170) to (198,107)
14 170 100
15 170 100
16 170 100
17 170 100
18 170 100
19 170 100
20 170 100
21 170 100
22 170 100
23 170 100
24 170 100
25 170 100
26 170 100
27 170 100
28 170 100
29 170 100
30 170 100
31 170 100
32 170 100
33 170 100
34 170 100
35 170 100
35 170 100
36 170 100
36 170 100
37 170 100
37 170 100
38 170 100
38 170 100
38 170 100
39 170 100
39 170 100
39 170 100
40 170 100
40 170 100
40 170 100
40 170 100
41 170 100
41 170 100
41 170 100
41 170 100
42 170 100
42 170 100
42 170 100
42 170 100
42 170 100
43 170 100
43 170 100
43 170 100
43 170 100
43 170 100
44 170 100
44 170 100
44 170 100
44 170 100
44 170 100
45 170 100
45 170 100
45 170 100
45 170 100
45 170 100
45 170 100
46 170 100
46 170 100
46 170 100
46 170 100
46 170 100
46 170 100
47 170 100
47 170 100
47 170 100
47 170 100
47 170 100
47 170 100
47 170 100
48 170 100
48 170 100
48 170 100
48 170 100
48 170 100
48 170 100
48 170 100
48 170 100
49 170 100
49 170 100
49 170 100
49 170 100
49 170 100
49 170 100
49 170 100
49 170 100
49 170 100
50 170 100
50 170 100
50 170 100
50 170 100
50 170 100
50 170 100
50 170 100
50 170 100
50 170 100
50 170 100
51 170 100
51 170 100
51 170 100
51 170 100
51 170 100
51 170 100
51 170 100
51 170 100
51 170 100
51 170 100
51 170 100
52 170 100
52 170 100
52 170 100
52 170 100
52 170 100
52 170 100
52 170 100
52 170 100
52 170 100
52 170 100
52 170 100
52 170 100
53 170 100
53 170 100
53 170 100
53 170 100
53 170 100
53 170 100
53 170 100
53 170 100
53 170 100
53 170 100
53 170 100
53 170 100
53 170 100
53 170 100
54 170 100
54 170 100
54 170 100
54 170 100
54 170 100
54 170 100
54 170 100
54 170 100
54 170 100
54 170 100
54 170 100
54 170 100
54 170 100
54 170 100
54 170 100
55 170 100
55 170 100
55 170 100
55 170 100
55 170 100
55 170 100
55 170 100
55 170 100
55 170 100
55 170 100
55 170 100
55 170 100
55 170 100
55 170 100
55 170 100
56 170 100
56 170 100
56 170 100
56 170 100
56 170 100
56 170 100
56 170 100
56 170 100
56 170 100
56 170 100
56 170 100
56 170 100
56 170 100
56 170 100
56 170 100
57 170 100
57 170 100
57 170 100
57 170 100
57 170 100
57 170 100
57 170 100
57 170 100
57 170 100
57 170 100
57 170 100
57 170 100
57 170 100
57 170 100
57 170 100
58 170 100
58 170 100
58 170 100
58 170 100
58 170 100
58 170 100
58 170 100
58 170 100
58 170 100
58 170 100
58 170 100
58 170 100
58 170 100
58 170 100
58 170 100
59 170 100
59 170 100
59 170 100
59 170 100
59 170 100
59 170 100
59 170 100
59 170 100
59 170 100
59 170 100
59 170 100
59 170 100
59 170 100
60 170 100
60 170 100
60 170 100
60 170 100
60 170 100
60 170 100
60 170 100
60 170 100
60 170 100
60 170 100
60 170 100
60 170 100
61 170 100
61 170 100
61 170 100
61 170 100
61 170 100
61 170 100
61 170 100
61 170 100
61 170 100
61 170 100
62 170 100
62 170 100
62 170 100
62 170 100
62 170 100
62 170 100
62 170 100
62 170 100
63 170 100
63 170 100
63 170 100
63 170 100
63 170 100
63 170 100
64 170 100
64 170 100
64 170 100
64 170 100
64 170 100
65 170 100
65 170 100
65 170 100
66 170 100
66 170 100
66 170 100
67 170 100
67 170 100
68 170 100
68 170 100
69 170 100
70 170 100
71 170 100
72 170 100
73 170 100
74 170 100
75 170 100
76 170 100
77 170 100
78 170 100
79 170 100
80 170 100
81 170 100
82 170 100
83 170 100
84 170 100
85 170 100
86 170 100
87 170 100
88 170 100
89 170 100
90 170 100
91 170 100
92 170 100
93 170 100
94 170 100
95 170 100
96 170 100
97 170 100
98 170 100
99 170 100
100 170 100
100 170 100
101 170 100
101 170 100
102 170 100
102 170 100
103 170 100
103 170 100
103 170 100
104 170 100
104 170 100
104 170 100
105 170 100
105 170 100
105 170 100
106 170 100
106 170 100
106 170 100
107 170 100
107 170 100
107 170 100
108 170 100
108 170 100
108 170 100
109 170 100
109 170 100
110 170 100
110 170 100
111 170 100
112 170 100
113 170 100
114 170 100
115 170 100
116 170 100
117 170 100
118 170 100
119 170 100
120 170 100
121 170 100
122 170 100
123 170 100
124 170 100
125 170 100
126 170 100
127 170 100
128 170 100
129 170 100
130 170 100
131 170 100
132 170 100
133 170 100
134 170 100
135 170 100
136 170 100
137 170 100
138 170 100
139 170 100
140 170 100
141 170 100
142 170 100
143 170 100
144 170 100
145 170 100
146 170 100
147 170 100
148 170 100
149 170 100
149 170 100
150 170 100
150 170 100
151 170 100
151 170 100
151 170 100
152 170 100
152 170 100
152 170 100
152 170 100
153 170 100
153 170 100
153 170 100
153 170 100
153 170 100
153 170 100
154 170 100
154 170 100
154 170 100
154 170 100
154 170 100
154 170 100
154 170 100
155 170 100
155 170 100
155 170 100
155 170 100
155 170 100
155 170 100
155 170 100
155 170 100
155 170 100
156 170 100
156 170 100
156 170 100
156 170 100
156 170 100
156 170 100
156 170 100
156 170 100
156 170 100
156 170 100
156 170 100
156 170 100
157 170 100
157 170 100
157 170 100
157 170 100
157 170 100
157 170 100
157 170 100
157 170 100
157 170 100
157 170 100
157 170 100
157 170 100
157 170 100
157 170 100
157 170 100
158 170 100
158 170 100
158 170 100
158 170 100
158 170 100
158 170 100
158 170 100
158 170 100
158 170 100
158 170 100
158 170 100
158 170 100
158 170 100
158 170 100
158 170 100
158 170 100
158 170 100
158 170 100
159 170 100
159 170 100
159 170 100
159 170 100
159 170 100
159 170 100
159 170 100
159 170 100
159 170 100
159 170 100
159 170 100
159 170 100
159 170 100
159 170 100
159 170 100
159 170 100
159 170 100
159 170 100
159 170 100
159 170 100
159 170 100
160 170 100
160 170 100
160 170 100
160 170 100
160 170 100
160 170 100
160 170 100
160 170 100
160 170 100
160 170 100
160 170 100
160 170 100
160 170 100
160 170 100
160 170 100
160 170 100
160 170 100
160 170 100
160 170 100
160 170 100
160 170 100
160 170 100
160 170 100
161 170 100
161 170 100
161 170 100
161 170 100
161 170 100
161 170 100
161 170 100
161 170 100
161 170 100
161 170 100
161 170 100
161 170 100
161 170 100
161 170 100
161 170 100
161 170 100
161 170 100
161 170 100
161 170 100
161 170 100
161 170 100
161 170 100
161 170 100
161 170 100
161 170 100
161 170 100
162 170 100
162 170 100
162 170 100
162 170 100
162 170 100
162 170 100
162 170 100
162 170 100
162 170 100
162 170 100
162 170 100
162 170 100
162 170 100
162 170 100
162 170 100
162 170 100
162 170 100
162 170 100
162 170 100
162 170 100
162 170 100
162 170 100
162 170 100
162 170 100
162 170 100
162 170 100
162 170 100
163 170 100
163 170 100
163 170 100
163 170 100
163 170 100
163 170 100
163 170 100
163 170 100
163 170 100
163 170 100
163 170 100
163 170 100
163 170 100
163 170 100
163 170 100
163 170 100
163 170 100
163 170 100
163 170 100
163 170 100
163 170 100
163 170 100
163 170 100
163 170 100
163 170 100
163 170 100
163 170 100
163 170 100
164 170 100
164 170 100
164 170 100
164 170 100
164 170 100
164 170 100
164 170 100
164 170 100
164 170 100
164 170 100
164 170 100
164 170 100
164 170 100
164 170 100
164 170 100
164 170 100
164 170 100
164 170 100
164 170 100
164 170 100
164 170 100
164 170 100
164 170 100
164 170 100
164 170 100
164 170 100
164 170 100
164 170 100
164 170 100
165 170 100
165 170 100
165 170 100
165 170 100
165 170 100
165 170 100
165 170 100
165 170 100
165 170 100
165 170 100
165 170 100
165 170 100
165 170 100
165 170 100
165 170 100
165 170 100
165 170 100
165 170 100
165 170 100
165 170 100
165 170 100
165 170 100
165 170 100
165 170 100
165 170 100
165 170 100
165 170 100
165 170 100
165 170 100
165 170 100
166 170 100
166 170 100
166 170 100
166 170 100
166 170 100
166 170 100
166 170 100
166 170 100
166 170 100
166 170 100
166 170 100
166 170 100
166 170 100
166 170 100
166 170 100
166 170 100
166 170 100
166 170 100
166 170 100
166 170 100
166 170 100
166 170 100
166 170 100
166 170 100
166 170 100
166 170 100
166 170 100
166 170 100
166 170 100
166 170 100
166 170 100
167 170 100
167 170 100
167 170 100
167 170 100
167 170 100
167 170 100
167 170 100
167 170 100
167 170 100
167 170 100
167 170 100
167 170 100
167 170 100
167 170 100
167 170 100
167 170 100
167 170 100
167 170 100
167 170 100
167 170 100
167 170 100
167 170 100
167 170 100
167 170 100
167 170 100
167 170 100
167 170 100
167 170 100
167 170 100
167 170 100
167 170 100
168 170 100
168 170 100
168 170 100
168 170 100
168 170 100
168 170 100
168 170 100
168 170 100
168 170 100
168 170 100
168 170 100
168 170 100
168 170 100
168 170 100
168 170 100
168 170 100
168 170 100
168 170 100
168 170 100
168 170 100
168 170 100
168 170 100
168 170 100
168 170 100
168 170 100
168 170 100
168 170 100
168 170 100
168 170 100
168 170 100
168 170 100
168 170 100
169 170 100
169 170 100
169 170 100
169 170 100
169 170 100
169 170 100
169 170 100
169 170 100
169 170 100
169 170 100
169 170 100
169 170 100
169 170 100
169 170 100
169 170 100
169 170 100
169 170 100
169 170 100
169 170 100
169 170 100
169 170 100
169 170 100
169 170 100
169 170 100
169 170 100
169 170 100
169 170 100
169 170 100
169 170 100
169 170 100
169 170 100
169 170 100
170 170 100
170 170 100
170 170 100
170 170 100
170 170 100
170 170 100
170 170 100
170 170 100
170 170 100
170 170 100
170 170 100
170 170 100
170 170 100
170 170 100
170 170 100
170 170 100
170 170 100
170 170 100
170 170 100
170 170 100
170 170 100
170 170 100
170 170 100
170 170 100
170 170 100
170 170 100
170 170 100
170 170 100
170 170 100
170 170 100
170 170 100
170 170 100
171 170 100
171 170 100
171 170 100
171 170 100
171 170 100
171 170 100
171 170 100
171 170 100
171 170 100
171 170 100
171 170 100
171 170 100
171 170 100
171 170 100
171 170 100
171 170 100
171 170 100
171 170 100
171 170 100
171 170 100
171 170 100
171 170 100
171 170 100
171 170 100
171 170 100
171 170 100
171 170 100
171 170 100
171 170 100
171 170 100
171 170 100
172 170 100
172 170 100
172 170 100
172 170 100
172 170 100
172 170 100
172 170 100
172 170 100
172 170 100
172 170 100
172 170 100
172 170 100
172 170 100
172 170 100
172 170 100
172 170 100
172 170 100
172 170 100
172 170 100
172 170 100
172 170 100
172 170 100
172 170 100
172 170 100
172 170 100
172 170 100
172 170 100
172 170 100
172 170 100
172 170 100
172 170 100
173 170 100
173 170 100
173 170 100
173 170 100
173 170 100
173 170 100
173 170 100
173 170 100
173 170 100
173 170 100
173 170 100
173 170 100
173 170 100
173 170 100
173 170 100
173 170 100
173 170 100
173 170 100
173 170 100
173 170 100
173 170 100
173 170 100
173 170 100
173 170 100
173 170 100
173 170 100
173 170 100
173 170 100
173 170 100
173 170 100
173 170 100
174 170 100
174 170 100
174 170 100
174 170 100
174 170 100
174 170 100
174 170 100
174 170 100
174 170 100
174 170 100
174 170 100
174 170 100
174 170 100
174 170 100
174 170 100
174 170 100
174 170 100
174 170 100
174 170 100
174 170 100
174 170 100
174 170 100
174 170 100
174 170 100
174 170 100
174 170 100
174 170 100
174 170 100
174 170 100
174 170 100
175 170 100
175 170 100
175 170 100
175 170 100
175 170 100
175 170 100
175 170 100
175 170 100
175 170 100
175 170 100
175 170 100
175 170 100
175 170 100
175 170 100
175 170 100
175 170 100
175 170 100
175 170 100
175 170 100
175 170 100
175 170 100
175 170 100
175 170 100
175 170 100
175 170 100
175 170 100
175 170 100
175 170 100
175 170 100
176 170 100
176 170 100
176 170 100
176 170 100
176 170 100
176 170 100
176 170 100
176 170 100
176 170 100
176 170 100
176 170 100
176 170 100
176 170 100
176 170 100
176 170 100
176 170 100
176 170 100
176 170 100
176 170 100
176 170 100
176 170 100
176 170 100
176 170 100
176 170 100
176 170 100
176 170 100
176 170 100
177 170 100
177 170 100
177 170 100
177 170 100
177 170 100
177 170 100
177 170 100
177 170 100
177 170 100
177 170 100
177 170 100
177 170 100
177 170 100
177 170 100
177 170 100
177 170 100
177 170 100
177 170 100
177 170 100
177 170 100
177 170 100
177 170 100
177 170 100
177 170 100
177 170 100
177 170 100
178 170 100
178 170 100
178 170 100
178 170 100
178 170 100
178 170 100
178 170 100
178 170 100
178 170 100
178 170 100
178 170 100
178 170 100
178 170 100
178 170 100
178 170 100
178 170 100
178 170 100
178 170 100
178 170 100
178 170 100
178 170 100
178 170 100
178 170 100
179 170 100
179 170 100
179 170 100
179 170 100
179 170 100
179 170 100
179 170 100
179 170 100
179 170 100
179 170 100
179 170 100
179 170 100
179 170 100
179 170 100
179 170 100
179 170 100
179 170 100
179 170 100
179 170 100
179 170 100
180 170 100
180 170 100
180 170 100
180 170 100
180 170 100
180 170 100
180 170 100
180 170 100
180 170 100
180 170 100
180 170 100
180 170 100
180 170 100
180 170 100
180 170 100
180 170 100
180 170 100
181 170 100
181 170 100
181 170 100
181 170 100
181 170 100
181 170 100
181 170 100
181 170 100
181 170 100
181 170 100
181 170 100
181 170 100
181 170 100
181 170 100
182 170 100
182 170 100
182 170 100
182 170 100
182 170 100
182 170 100
182 170 100
182 170 100
182 170 100
182 170 100
182 170 100
183 170 100
183 170 100
183 170 100
183 170 100
183 170 100
183 170 100
183 170 100
183 170 100
184 170 100
184 170 100
184 170 100
184 170 100
184 170 100
184 170 100
185 170 100
185 170 100
185 170 100
185 170 100
186 170 100
186 170 100
186 170 100
187 170 100
187 170 100
188 170 100
188 170 100
189 170 100
189 170 100
190 170 100
190 170 100
191 170 100
191 170 100
192 170 100
193 170 100
194 170 100
195 170 100
196 170 100
197 170 100
198 170 100
198 169 100
198 168 100
198 167 100
198 166 100
198 165 100
198 164 100
198 163 100
198 162 100
198 161 100
198 161 100
198 160 100
198 160 100
198 159 100
198 159 100
198 159 100
198 158 100
198 158 100
198 158 100
198 158 100
198 157 100
198 157 100
198 157 100
198 157 100
198 157 100
198 157 100
198 156 100
198 156 100
198 156 100
198 156 100
198 156 100
198 156 100
198 156 100
198 155 100
198 155 100
198 155 100
198 155 100
198 155 100
198 155 100
198 155 100
198 155 100
198 155 100
198 154 100
198 154 100
198 154 100
198 154 100
198 154 100
198 154 100
198 154 100
198 154 100
198 154 100
198 154 100
198 154 100
198 153 100
198 153 100
198 153 100
198 153 100
198 153 100
198 153 100
198 153 100
198 153 100
198 153 100
198 153 100
198 153 100
198 153 100
198 153 100
198 152 100
198 152 100
198 152 100
198 152 100
198 152 100
198 152 100
198 152 100
198 152 100
198 152 100
198 152 100
198 152 100
198 152 100
198 152 100
198 152 100
198 152 100
198 151 100
198 151 100
198 151 100
198 151 100
198 151 100
198 151 100
198 151 100
198 151 100
198 151 100
198 151 100
198 151 100
198 151 100
198 151 100
198 151 100
198 151 100
198 151 100
198 151 100
198 150 100
198 150 100
198 150 100
198 150 100
198 150 100
198 150 100
198 150 100
198 150 100
198 150 100
198 150 100
198 150 100
198 150 100
198 150 100
198 150 100
198 150 100
198 150 100
198 150 100
198 150 100
198 149 100
198 149 100
198 149 100
198 149 100
198 149 100
198 149 100
198 149 100
198 149 100
198 149 100
198 149 100
198 149 100
198 149 100
198 149 100
198 149 100
198 149 100
198 149 100
198 149 100
198 149 100
198 149 100
198 149 100
198 148 100
198 148 100
198 148 100
198 148 100
198 148 100
198 148 100
198 148 100
198 148 100
198 148 100
198 148 100
198 148 100
198 148 100
198 148 100
198 148 100
198 148 100
198 148 100
198 148 100
198 148 100
198 148 100
198 148 100
198 148 100
198 148 100
198 147 100
198 147 100
198 147 100
198 147 100
198 147 100
198 147 100
198 147 100
198 147 100
198 147 100
198 147 100
198 147 100
198 147 100
198 147 100
198 147 100
198 147 100
198 147 100
198 147 100
198 147 100
198 147 100
198 147 100
198 147 100
198 147 100
198 147 100
198 147 100
198 146 100
198 146 100
198 146 100
198 146 100
198 146 100
198 146 100
198 146 100
198 146 100
198 146 100
198 146 100
198 146 100
198 146 100
198 146 100
198 146 100
198 146 100
198 146 100
198 146 100
198 146 100
198 146 100
198 146 100
198 146 100
198 146 100
198 146 100
198 146 100
198 146 100
198 146 100
198 145 100
198 145 100
198 145 100
198 145 100
198 145 100
198 145 100
198 145 100
198 145 100
198 145 100
198 145 100
198 145 100
198 145 100
198 145 100
198 145 100
198 145 100
198 145 100
198 145 100
198 145 100
198 145 100
198 145 100
198 145 100
198 145 100
198 145 100
198 145 100
198 145 100
198 145 100
198 145 100
198 145 100
198 144 100
198 144 100
198 144 100
198 144 100
198 144 100
198 144 100
198 144 100
198 144 100
198 144 100
198 144 100
198 144 100
198 144 100
198 144 100
198 144 100
198 144 100
198 144 100
198 144 100
198 144 100
198 144 100
198 144 100
198 144 100
198 144 100
198 144 100
198 144 100
198 144 100
198 144 100
198 144 100
198 144 100
198 144 100
198 144 100
198 143 100
198 143 100
198 143 100
198 143 100
198 143 100
198 143 100
198 143 100
198 143 100
198 143 100
198 143 100
198 143 100
198 143 100
198 143 100
198 143 100
198 143 100
198 143 100
198 143 100
198 143 100
198 143 100
198 143 100
198 143 100
198 143 100
198 143 100
198 143 100
198 143 100
198 143 100
198 143 100
198 143 100
198 143 100
198 143 100
198 143 100
198 142 100
198 142 100
198 142 100
198 142 100
198 142 100
198 142 100
198 142 100
198 142 100
198 142 100
198 142 100
198 142 100
198 142 100
198 142 100
198 142 100
198 142 100
198 142 100
198 142 100
198 142 100
198 142 100
198 142 100
198 142 100
198 142 100
198 142 100
198 142 100
198 142 100
198 142 100
198 142 100
198 142 100
198 142 100
198 142 100
198 142 100
198 142 100
198 141 100
198 141 100
198 141 100
198 141 100
198 141 100
198 141 100
198 141 100
198 141 100
198 141 100
198 141 100
198 141 100
198 141 100
198 141 100
198 141 100
198 141 100
198 141 100
198 141 100
198 141 100
198 141 100
198 141 100
198 141 100
198 141 100
198 141 100
198 141 100
198 141 100
198 141 100
198 141 100
198 141 100
198 141 100
198 141 100
198 141 100
198 141 100
198 140 100
198 140 100
198 140 100
198 140 100
198 140 100
198 140 100
198 140 100
198 140 100
198 140 100
198 140 100
198 140 100
198 140 100
198 140 100
198 140 100
198 140 100
198 140 100
198 140 100
198 140 100
198 140 100
198 140 100
198 140 100
198 140 100
198 140 100
198 140 100
198 140 100
198 140 100
198 140 100
198 140 100
198 140 100
198 140 100
198 140 100
198 140 100
198 139 100
198 139 100
198 139 100
198 139 100
198 139 100
198 139 100
198 139 100
198 139 100
198 139 100
198 139 100
198 139 100
198 139 100
198 139 100
198 139 100
198 139 100
198 139 100
198 139 100
198 139 100
198 139 100
198 139 100
198 139 100
198 139 100
198 139 100
198 139 100
198 139 100
198 139 100
198 139 100
198 139 100
198 139 100
198 139 100
198 139 100
198 138 100
198 138 100
198 138 100
198 138 100
198 138 100
198 138 100
198 138 100
198 138 100
198 138 100
198 138 100
198 138 100
198 138 100
198 138 100
198 138 100
198 138 100
198 138 100
198 138 100
198 138 100
198 138 100
198 138 100
198 138 100
198 138 100
198 138 100
198 138 100
198 138 100
198 138 100
198 138 100
198 138 100
198 138 100
198 137 100
198 137 100
198 137 100
198 137 100
198 137 100
198 137 100
198 137 100
198 137 100
198 137 100
198 137 100
198 137 100
198 137 100
198 137 100
198 137 100
198 137 100
198 137 100
198 137 100
198 137 100
198 137 100
198 137 100
198 137 100
198 137 100
198 137 100
198 137 100
198 137 100
198 137 100
198 137 100
198 136 100
198 136 100
198 136 100
198 136 100
198 136 100
198 136 100
198 136 100
198 136 100
198 136 100
198 136 100
198 136 100
198 136 100
198 136 100
198 136 100
198 136 100
198 136 100
198 136 100
198 136 100
198 136 100
198 136 100
198 136 100
198 136 100
198 136 100
198 136 100
198 135 100
198 135 100
198 135 100
198 135 100
198 135 100
198 135 100
198 135 100
198 135 100
198 135 100
198 135 100
198 135 100
198 135 100
198 135 100
198 135 100
198 135 100
198 135 100
198 135 100
198 135 100
198 135 100
198 135 100
198 135 100
198 134 100
198 134 100
198 134 100
198 134 100
198 134 100
198 134 100
198 134 100
198 134 100
198 134 100
198 134 100
198 134 100
198 134 100
198 134 100
198 134 100
198 134 100
198 134 100
198 134 100
198 134 100
198 133 100
198 133 100
198 133 100
198 133 100
198 133 100
198 133 100
198 133 100
198 133 100
198 133 100
198 133 100
198 133 100
198 133 100
198 133 100
198 133 100
198 133 100
198 132 100
198 132 100
198 132 100
198 132 100
198 132 100
198 132 100
198 132 100
198 132 100
198 132 100
198 132 100
198 132 100
198 132 100
198 132 100
198 131 100
198 131 100
198 131 100
198 131 100
198 131 100
198 131 100
198 131 100
198 131 100
198 131 100
198 131 100
198 131 100
198 130 100
198 130 100
198 130 100
198 130 100
198 130 100
198 130 100
198 130 100
198 130 100
198 130 100
198 130 100
198 129 100
198 129 100
198 129 100
198 129 100
198 129 100
198 129 100
198 129 100
198 129 100
198 129 100
198 128 100
198 128 100
198 128 100
198 128 100
198 128 100
198 128 100
198 128 100
198 128 100
198 127 100
198 127 100
198 127 100
198 127 100
198 127 100
198 127 100
198 127 100
198 126 100
198 126 100
198 126 100
198 126 100
198 126 100
198 126 100
198 126 100
198 125 100
198 125 100
198 125 100
198 125 100
198 125 100
198 125 100
198 124 100
198 124 100
198 124 100
198 124 100
198 124 100
198 123 100
198 123 100
198 123 100
198 123 100
198 123 100
198 122 100
198 122 100
198 122 100
198 122 100
198 121 100
198 121 100
198 121 100
198 120 100
198 120 100
198 119 100
198 119 100
198 118 100
198 117 100
198 116 100
198 115 100
198 114 100
198 113 100
198 112 100
198 111 100
198 110 100
198 109 100
198 108 100
198 107 100
# move from (79,55) to (198,107)
79 55 100
80 55 100
81 55 100
82 55 100
83 55 100
84 55 100
85 55 100
86 55 100
87 55 100
88 55 100
89 55 100
90 55 100
91 55 100
92 55 100
93 55 100
94 55 100
95 55 100
96 55 100
97 55 100
98 55 100
99 55 100
100 55 100
101 55 100
102 55 100
103 55 100
104 55 100
105 55 100
106 55 100
107 55 100
108 55 100
109 55 100
110 55 100
111 55 100
112 55 100
113 55 100
114 55 100
115 55 100
116 55 100
117 55 100
118 55 100
119 55 100
120 55 100
121 55 100
122 55 100
123 55 100
124 55 100
125 55 100
126 55 100
127 55 100
128 55 100
129 55 100
130 55 100
130 55 100
131 55 100
131 55 100
132 55 100
132 55 100
132 55 100
133 55 100
133 55 100
133 55 100
133 55 100
134 55 100
134 55 100
134 55 100
134 55 100
134 55 100
134 55 100
135 55 100
135 55 100
135 55 100
135 55 100
135 55 100
135 55 100
135 55 100
135 55 100
136 55 100
136 55 100
136 55 100
136 55 100
136 55 100
136 55 100
136 55 100
136 55 100
136 55 100
136 55 100
136 55 100
137 55 100
137 55 100
137 55 100
137 55 100
137 55 100
137 55 100
137 55 100
137 55 100
137 55 100
137 55 100
137 55 100
137 55 100
137 55 100
137 55 100
138 55 100
138 55 100
138 55 100
138 55 100
138 55 100
138 55 100
138 55 100
138 55 100
138 55 100
138 55 100
138 55 100
138 55 100
138 55 100
138 55 100
138 55 100
138 55 100
138 55 100
139 55 100
139 55 100
139 55 100
139 55 100
139 55 100
139 55 100
139 55 100
139 55 100
139 55 100
139 55 100
139 55 100
139 55 100
139 55 100
139 55 100
139 55 100
139 55 100
139 55 100
139 55 100
139 55 100
140 55 100
140 55 100
140 55 100
140 55 100
140 55 100
140 55 100
140 55 100
140 55 100
140 55 100
140 55 100
140 55 100
140 55 100
140 55 100
140 55 100
140 55 100
140 55 100
140 55 100
140 55 100
140 55 100
140 55 100
140 55 100
140 55 100
141 55 100
141 55 100
141 55 100
141 55 100
141 55 100
141 55 100
141 55 100
141 55 100
141 55 100
141 55 100
141 55 100
141 55 100
141 55 100
141 55 100
141 55 100
141 55 100
141 55 100
141 55 100
141 55 100
141 55 100
141 55 100
141 55 100
141 55 100
142 55 100
142 55 100
142 55 100
142 55 100
142 55 100
142 55 100
142 55 100
142 55 100
142 55 100
142 55 100
142 55 100
142 55 100
142 55 100
142 55 100
142 55 100
142 55 100
142 55 100
142 55 100
142 55 100
142 55 100
142 55 100
142 55 100
142 55 100
142 55 100
143 55 100
143 55 100
143 55 100
143 55 100
143 55 100
143 55 100
143 55 100
143 55 100
143 55 100
143 55 100
143 55 100
143 55 100
143 55 100
143 55 100
143 55 100
143 55 100
143 55 100
143 55 100
143 55 100
143 55 100
143 55 100
143 55 100
143 55 100
143 55 100
143 55 100
144 55 100
144 55 100
144 55 100
144 55 100
144 55 100
144 55 100
144 55 100
144 55 100
144 55 100
144 55 100
144 55 100
144 55 100
144 55 100
144 55 100
144 55 100
144 55 100
144 55 100
144 55 100
144 55 100
144 55 100
144 55 100
144 55 100
144 55 100
144 55 100
144 55 100
145 55 100
145 55 100
145 55 100
145 55 100
145 55 100
145 55 100
145 55 100
145 55 100
145 55 100
145 55 100
145 55 100
145 55 100
145 55 100
145 55 100
145 55 100
145 55 100
145 55 100
145 55 100
145 55 100
145 55 100
145 55 100
145 55 100
145 55 100
145 55 100
145 55 100
146 55 100
146 55 100
146 55 100
146 55 100
146 55 100
146 55 100
146 55 100
146 55 100
146 55 100
146 55 100
146 55 100
146 55 100
146 55 100
146 55 100
146 55 100
146 55 100
146 55 100
146 55 100
146 55 100
146 55 100
146 55 100
146 55 100
146 55 100
146 55 100
147 55 100
147 55 100
147 55 100
147 55 100
147 55 100
147 55 100
147 55 100
147 55 100
147 55 100
147 55 100
147 55 100
147 55 100
147 55 100
147 55 100
147 55 100
147 55 100
147 55 100
147 55 100
147 55 100
147 55 100
147 55 100
147 55 100
147 55 100
147 55 100
148 55 100
148 55 100
148 55 100
148 55 100
148 55 100
148 55 100
148 55 100
148 55 100
148 55 100
148 55 100
148 55 100
148 55 100
148 55 100
148 55 100
148 55 100
148 55 100
148 55 100
148 55 100
148 55 100
148 55 100
148 55 100
148 55 100
148 55 100
149 55 100
149 55 100
149 55 100
149 55 100
149 55 100
149 55 100
149 55 100
149 55 100
149 55 100
149 55 100
149 55 100
149 55 100
149 55 100
149 55 100
149 55 100
149 55 100
149 55 100
149 55 100
149 55 100
149 55 100
149 55 100
149 55 100
149 55 100
150 55 100
150 55 100
150 55 100
150 55 100
150 55 100
150 55 100
150 55 100
150 55 100
150 55 100
150 55 100
150 55 100
150 55 100
150 55 100
150 55 100
150 55 100
150 55 100
150 55 100
150 55 100
150 55 100
150 55 100
150 55 100
150 55 100
151 55 100
151 55 100
151 55 100
151 55 100
151 55 100
151 55 100
151 55 100
151 55 100
151 55 100
151 55 100
151 55 100
151 55 100
151 55 100
151 55 100
151 55 100
151 55 100
151 55 100
151 55 100
151 55 100
151 55 100
151 55 100
151 55 100
152 55 100
152 55 100
152 55 100
152 55 100
152 55 100
152 55 100
152 55 100
152 55 100
152 55 100
152 55 100
152 55 100
152 55 100
152 55 100
152 55 100
152 55 100
152 55 100
152 55 100
152 55 100
152 55 100
152 55 100
152 55 100
153 55 100
153 55 100
153 55 100
153 55 100
153 55 100
153 55 100
153 55 100
153 55 100
153 55 100
153 55 100
153 55 100
153 55 100
153 55 100
153 55 100
153 55 100
153 55 100
153 55 100
153 55 100
153 55 100
153 55 100
154 55 100
154 55 100
154 55 100
154 55 100
154 55 100
154 55 100
154 55 100
154 55 100
154 55 100
154 55 100
154 55 100
154 55 100
154 55 100
154 55 100
154 55 100
154 55 100
154 55 100
154 55 100
155 55 100
155 55 100
155 55 100
155 55 100
155 55 100
155 55 100
155 55 100
155 55 100
155 55 100
155 55 100
155 55 100
155 55 100
155 55 100
155 55 100
155 55 100
155 55 100
155 55 100
156 55 100
156 55 100
156 55 100
156 55 100
156 55 100
156 55 100
156 55 100
156 55 100
156 55 100
156 55 100
156 55 100
156 55 100
156 55 100
156 55 100
157 55 100
157 55 100
157 55 100
157 55 100
157 55 100
157 55 100
157 55 100
157 55 100
157 55 100
157 55 100
157 55 100
157 55 100
158 55 100
158 55 100
158 55 100
158 55 100
158 55 100
158 55 100
158 55 100
158 55 100
158 55 100
158 55 100
159 55 100
159 55 100
159 55 100
159 55 100
159 55 100
159 55 100
159 55 100
160 55 100
160 55 100
160 55 100
160 55 100
160 55 100
161 55 100
161 55 100
161 55 100
161 55 100
162 55 100
162 55 100
162 55 100
163 55 100
163 55 100
164 55 100
164 55 100
165 55 100
166 55 100
167 55 100
168 55 100
169 55 100
170 55 100
171 55 100
172 55 100
173 55 100
174 55 100
175 55 100
176 55 100
177 55 100
178 55 100
179 55 100
180 55 100
181 55 100
182 55 100
183 55 100
184 55 100
185 55 100
186 55 100
187 55 100
188 55 100
189 55 100
190 55 100
191 55 100
192 55 100
193 55 100
194 55 100
195 55 100
196 55 100
197 55 100
198 55 100
198 55 100
198 56 100
198 56 100
198 57 100
198 58 100
198 58 100
198 59 100
198 59 100
198 60 100
198 60 100
198 61 100
198 61 100
198 62 100
198 62 100
198 63 100
198 63 100
198 63 100
198 64 100
198 64 100
198 64 100
198 64 100
198 65 100
198 65 100
198 65 100
198 65 100
198 65 100
198 66 100
198 66 100
198 66 100
198 66 100
198 66 100
198 66 100
198 67 100
198 67 100
198 67 100
198 67 100
198 67 100
198 67 100
198 67 100
198 68 100
198 68 100
198 68 100
198 68 100
198 68 100
198 68 100
198 68 100
198 68 100
198 69 100
198 69 100
198 69 100
198 69 100
198 69 100
198 69 100
198 69 100
198 69 100
198 70 100
198 70 100
198 70 100
198 70 100
198 70 100
198 70 100
198 70 100
198 70 100
198 70 100
198 71 100
198 71 100
198 71 100
198 71 100
198 71 100
198 71 100
198 71 100
198 71 100
198 71 100
198 72 100
198 72 100
198 72 100
198 72 100
198 72 100
198 72 100
198 72 100
198 72 100
198 72 100
198 73 100
198 73 100
198 73 100
198 73 100
198 73 100
198 73 100
198 73 100
198 73 100
198 74 100
198 74 100
198 74 100
198 74 100
198 74 100
198 74 100
198 74 100
198 74 100
198 75 100
198 75 100
198 75 100
198 75 100
198 75 100
198 75 100
198 75 100
198 75 100
198 76 100
198 76 100
198 76 100
198 76 100
198 76 100
198 76 100
198 76 100
198 77 100
198 77 100
198 77 100
198 77 100
198 77 100
198 77 100
198 77 100
198 78 100
198 78 100
198 78 100
198 78 100
198 78 100
198 78 100
198 78 100
198 79 100
198 79 100
198 79 100
198 79 100
198 79 100
198 79 100
198 79 100
198 80 100
198 80 100
198 80 100
198 80 100
198 80 100
198 80 100
198 80 100
198 81 100
198 81 100
198 81 100
198 81 100
198 81 100
198 81 100
198 82 100
198 82 100
198 82 100
198 82 100
198 82 100
198 82 100
198 83 100
198 83 100
198 83 100
198 83 100
198 83 100
198 84 100
198 84 100
198 84 100
198 84 100
198 84 100
198 85 100
198 85 100
198 85 100
198 85 100
198 86 100
198 86 100
198 86 100
198 87 100
198 87 100
198 88 100
198 88 100
198 89 100
198 90 100
198 91 100
198 92 100
198 93 100
198 94 100
198 95 100
198 96 100
198 97 100
198 98 100
198 99 100
198 100 100
198 101 100
198 102 100
198 103 100
198 104 100
198 105 100
198 106 100
# move from (26,21) to (198,107)
26 21 100
27 21 100
28 21 100
29 21 100
30 21 100
31 21 100
32 21 100
32 21 100
33 21 100
33 21 100
34 21 100
34 21 100
35 21 100
35 21 100
36 21 100
36 21 100
37 21 100
37 21 100
38 21 100
38 21 100
39 21 100
39 21 100
40 21 100
40 21 100
40 21 100
41 21 100
41 21 100
41 21 100
42 21 100
42 21 100
42 21 100
43 21 100
43 21 100
43 21 100
44 21 100
44 21 100
44 21 100
44 21 100
45 21 100
45 21 100
45 21 100
45 21 100
45 21 100
46 21 100
46 21 100
46 21 100
46 21 100
46 21 100
46 21 100
47 21 100
47 21 100
47 21 100
47 21 100
47 21 100
47 21 100
47 21 100
48 21 100
48 21 100
48 21 100
48 21 100
48 21 100
48 21 100
48 21 100
48 21 100
48 21 100
49 21 100
49 21 100
49 21 100
49 21 100
49 21 100
49 21 100
49 21 100
49 21 100
49 21 100
49 21 100
49 21 100
50 21 100
50 21 100
50 21 100
50 21 100
50 21 100
50 21 100
50 21 100
50 21 100
50 21 100
50 21 100
50 21 100
50 21 100
51 21 100
51 21 100
51 21 100
51 21 100
51 21 100
51 21 100
51 21 100
51 21 100
51 21 100
51 21 100
51 21 100
51 21 100
51 21 100
51 21 100
52 21 100
52 21 100
52 21 100
52 21 100
52 21 100
52 21 100
52 21 100
52 21 100
52 21 100
52 21 100
52 21 100
52 21 100
52 21 100
52 21 100
52 21 100
53 21 100
53 21 100
53 21 100
53 21 100
53 21 100
53 21 100
53 21 100
53 21 100
53 21 100
53 21 100
53 21 100
53 21 100
53 21 100
53 21 100
53 21 100
53 21 100
54 21 100
54 21 100
54 21 100
54 21 100
54 21 100
54 21 100
54 21 100
54 21 100
54 21 100
54 21 100
54 21 100
54 21 100
54 21 100
54 21 100
54 21 100
54 21 100
55 21 100
55 21 100
55 21 100
55 21 100
55 21 100
55 21 100
55 21 100
55 21 100
55 21 100
55 21 100
55 21 100
55 21 100
55 21 100
55 21 100
55 21 100
56 21 100
56 21 100
56 21 100
56 21 100
56 21 100
56 21 100
56 21 100
56 21 100
56 21 100
56 21 100
56 21 100
56 21 100
56 21 100
56 21 100
56 21 100
57 21 100
57 21 100
57 21 100
57 21 100
57 21 100
57 21 100
57 21 100
57 21 100
57 21 100
57 21 100
57 21 100
57 21 100
57 21 100
57 21 100
58 21 100
58 21 100
58 21 100
58 21 100
58 21 100
58 21 100
58 21 100
58 21 100
58 21 100
58 21 100
58 21 100
58 21 100
59 21 100
59 21 100
59 21 100
59 21 100
59 21 100
59 21 100
59 21 100
59 21 100
59 21 100
59 21 100
59 21 100
60 21 100
60 21 100
60 21 100
60 21 100
60 21 100
60 21 100
60 21 100
60 21 100
60 21 100
61 21 100
61 21 100
61 21 100
61 21 100
61 21 100
61 21 100
61 21 100
61 21 100
62 21 100
62 21 100
62 21 100
62 21 100
62 21 100
62 21 100
62 21 100
63 21 100
63 21 100
63 21 100
63 21 100
63 21 100
63 21 100
64 21 100
64 21 100
64 21 100
64 21 100
64 21 100
65 21 100
65 21 100
65 21 100
65 21 100
66 21 100
66 21 100
66 21 100
66 21 100
67 21 100
67 21 100
67 21 100
67 21 100
68 21 100
68 21 100
68 21 100
69 21 100
69 21 100
69 21 100
70 21 100
70 21 100
70 21 100
71 21 100
71 21 100
71 21 100
72 21 100
72 21 100
73 21 100
73 21 100
74 21 100
74 21 100
75 21 100
75 21 100
76 21 100
77 21 100
78 21 100
79 21 100
80 21 100
81 21 100
82 21 100
83 21 100
84 21 100
85 21 100
86 21 100
87 21 100
88 21 100
89 21 100
90 21 100
91 21 100
92 21 100
93 21 100
93 21 100
94 21 100
94 21 100
95 21 100
95 21 100
96 21 100
96 21 100
96 21 100
97 21 100
97 21 100
97 21 100
98 21 100
98 21 100
98 21 100
98 21 100
99 21 100
99 21 100
99 21 100
99 21 100
99 21 100
100 21 100
100 21 100
100 21 100
100 21 100
100 21 100
101 21 100
101 21 100
101 21 100
101 21 100
101 21 100
101 21 100
102 21 100
102 21 100
102 21 100
102 21 100
102 21 100
102 21 100
102 21 100
103 21 100
103 21 100
103 21 100
103 21 100
103 21 100
103 21 100
103 21 100
103 21 100
103 21 100
104 21 100
104 21 100
104 21 100
104 21 100
104 21 100
104 21 100
104 21 100
104 21 100
104 21 100
104 21 100
105 21 100
105 21 100
105 21 100
105 21 100
105 21 100
105 21 100
105 21 100
105 21 100
105 21 100
105 21 100
105 21 100
105 21 100
106 21 100
106 21 100
106 21 100
106 21 100
106 21 100
106 21 100
106 21 100
106 21 100
106 21 100
106 21 100
106 21 100
106 21 100
106 21 100
107 21 100
107 21 100
107 21 100
107 21 100
107 21 100
107 21 100
107 21 100
107 21 100
107 21 100
107 21 100
107 21 100
107 21 100
107 21 100
107 21 100
107 21 100
108 21 100
108 21 100
108 21 100
108 21 100
108 21 100
108 21 100
108 21 100
108 21 100
108 21 100
108 21 100
108 21 100
108 21 100
108 21 100
108 21 100
108 21 100
108 21 100
108 21 100
109 21 100
109 21 100
109 21 100
109 21 100
109 21 100
109 21 100
109 21 100
109 21 100
109 21 100
109 21 100
109 21 100
109 21 100
109 21 100
109 21 100
109 21 100
109 21 100
109 21 100
109 21 100
109 21 100
110 21 100
110 21 100
110 21 100
110 21 100
110 21 100
110 21 100
110 21 100
110 21 100
110 21 100
110 21 100
110 21 100
110 21 100
110 21 100
110 21 100
110 21 100
110 21 100
110 21 100
110 21 100
110 21 100
110 21 100
110 21 100
111 21 100
111 21 100
111 21 100
111 21 100
111 21 100
111 21 100
111 21 100
111 21 100
111 21 100
111 21 100
111 21 100
111 21 100
111 21 100
111 21 100
111 21 100
111 21 100
111 21 100
111 21 100
111 21 100
111 21 100
111 21 100
111 21 100
112 21 100
112 21 100
112 21 100
112 21 100
112 21 100
112 21 100
112 21 100
112 21 100
112 21 100
112 21 100
112 21 100
112 21 100
112 21 100
112 21 100
112 21 100
112 21 100
112 21 100
112 21 100
112 21 100
112 21 100
112 21 100
112 21 100
112 21 100
112 21 100
113 21 100
113 21 100
113 21 100
113 21 100
113 21 100
113 21 100
113 21 100
113 21 100
113 21 100
113 21 100
113 21 100
113 21 100
113 21 100
113 21 100
113 21 100
113 21 100
113 21 100
113 21 100
113 21 100
113 21 100
113 21 100
113 21 100
113 21 100
113 21 100
113 21 100
114 21 100
114 21 100
114 21 100
114 21 100
114 21 100
114 21 100
114 21 100
114 21 100
114 21 100
114 21 100
114 21 100
114 21 100
114 21 100
114 21 100
114 21 100
114 21 100
114 21 100
114 21 100
114 21 100
114 21 100
114 21 100
114 21 100
114 21 100
114 21 100
114 21 100
114 21 100
115 21 100
115 21 100
115 21 100
115 21 100
115 21 100
115 21 100
115 21 100
115 21 100
115 21 100
115 21 100
115 21 100
115 21 100
115 21 100
115 21 100
115 21 100
115 21 100
115 21 100
115 21 100
115 21 100
115 21 100
115 21 100
115 21 100
115 21 100
115 21 100
115 21 100
115 21 100
115 21 100
116 21 100
116 21 100
116 21 100
116 21 100
116 21 100
116 21 100
116 21 100
116 21 100
116 21 100
116 21 100
116 21 100
116 21 100
116 21 100
116 21 100
116 21 100
116 21 100
116 21 100
116 21 100
116 21 100
116 21 100
116 21 100
116 21 100
116 21 100
116 21 100
116 21 100
116 21 100
116 21 100
117 21 100
117 21 100
117 21 100
117 21 100
117 21 100
117 21 100
117 21 100
117 21 100
117 21 100
117 21 100
117 21 100
117 21 100
117 21 100
117 21 100
117 21 100
117 21 100
117 21 100
117 21 100
117 21 100
117 21 100
117 21 100
117 21 100
117 21 100
117 21 100
117 21 100
117 21 100
117 21 100
118 21 100
118 21 100
118 21 100
118 21 100
118 21 100
118 21 100
118 21 100
118 21 100
118 21 100
118 21 100
118 21 100
118 21 100
118 21 100
118 21 100
118 21 100
118 21 100
118 21 100
118 21 100
118 21 100
118 21 100
118 21 100
118 21 100
118 21 100
118 21 100
118 21 100
118 21 100
118 21 100
119 21 100
119 21 100
119 21 100
119 21 100
119 21 100
119 21 100
119 21 100
119 21 100
119 21 100
119 21 100
119 21 100
119 21 100
119 21 100
119 21 100
119 21 100
119 21 100
119 21 100
119 21 100
119 21 100
119 21 100
119 21 100
119 21 100
119 21 100
119 21 100
119 21 100
119 21 100
120 21 100
120 21 100
120 21 100
120 21 100
120 21 100
120 21 100
120 21 100
120 21 100
120 21 100
120 21 100
120 21 100
120 21 100
120 21 100
120 21 100
120 21 100
120 21 100
120 21 100
120 21 100
120 21 100
120 21 100
120 21 100
120 21 100
120 21 100
120 21 100
120 21 100
121 21 100
121 21 100
121 21 100
121 21 100
121 21 100
121 21 100
121 21 100
121 21 100
121 21 100
121 21 100
121 21 100
121 21 100
121 21 100
121 21 100
121 21 100
121 21 100
121 21 100
121 21 100
121 21 100
121 21 100
121 21 100
121 21 100
121 21 100
121 21 100
122 21 100
122 21 100
122 21 100
122 21 100
122 21 100
122 21 100
122 21 100
122 21 100
122 21 100
122 21 100
122 21 100
122 21 100
122 21 100
122 21 100
122 21 100
122 21 100
122 21 100
122 21 100
122 21 100
122 21 100
122 21 100
122 21 100
122 21 100
123 21 100
123 21 100
123 21 100
123 21 100
123 21 100
123 21 100
123 21 100
123 21 100
123 21 100
123 21 100
123 21 100
123 21 100
123 21 100
123 21 100
123 21 100
123 21 100
123 21 100
123 21 100
123 21 100
123 21 100
123 21 100
123 21 100
123 21 100
124 21 100
124 21 100
124 21 100
124 21 100
124 21 100
124 21 100
124 21 100
124 21 100
124 21 100
124 21 100
124 21 100
124 21 100
124 21 100
124 21 100
124 21 100
124 21 100
124 21 100
124 21 100
124 21 100
124 21 100
124 21 100
124 21 100
125 21 100
125 21 100
125 21 100
125 21 100
125 21 100
125 21 100
125 21 100
125 21 100
125 21 100
125 21 100
125 21 100
125 21 100
125 21 100
125 21 100
125 21 100
125 21 100
125 21 100
125 21 100
125 21 100
125 21 100
125 21 100
125 21 100
126 21 100
126 21 100
126 21 100
126 21 100
126 21 100
126 21 100
126 21 100
126 21 100
126 21 100
126 21 100
126 21 100
126 21 100
126 21 100
126 21 100
126 21 100
126 21 100
126 21 100
126 21 100
126 21 100
126 21 100
126 21 100
126 21 100
127 21 100
127 21 100
127 21 100
127 21 100
127 21 100
127 21 100
127 21 100
127 21 100
127 21 100
127 21 100
127 21 100
127 21 100
127 21 100
127 21 100
127 21 100
127 21 100
127 21 100
127 21 100
127 21 100
127 21 100
127 21 100
128 21 100
128 21 100
128 21 100
128 21 100
128 21 100
128 21 100
128 21 100
128 21 100
128 21 100
128 21 100
128 21 100
128 21 100
128 21 100
128 21 100
128 21 100
128 21 100
128 21 100
128 21 100
128 21 100
128 21 100
128 21 100
129 21 100
129 21 100
129 21 100
129 21 100
129 21 100
129 21 100
129 21 100
129 21 100
129 21 100
129 21 100
129 21 100
129 21 100
129 21 100
129 21 100
129 21 100
129 21 100
129 21 100
129 21 100
129 21 100
129 21 100
130 21 100
130 21 100
130 21 100
130 21 100
130 21 100
130 21 100
130 21 100
130 21 100
130 21 100
130 21 100
130 21 100
130 21 100
130 21 100
130 21 100
130 21 100
130 21 100
130 21 100
130 21 100
130 21 100
131 21 100
131 21 100
131 21 100
131 21 100
131 21 100
131 21 100
131 21 100
131 21 100
131 21 100
131 21 100
131 21 100
131 21 100
131 21 100
131 21 100
131 21 100
131 21 100
131 21 100
132 21 100
132 21 100
132 21 100
132 21 100
132 21 100
132 21 100
132 21 100
132 21 100
132 21 100
132 21 100
132 21 100
132 21 100
132 21 100
132 21 100
132 21 100
133 21 100
133 21 100
133 21 100
133 21 100
133 21 100
133 21 100
133 21 100
133 21 100
133 21 100
133 21 100
133 21 100
133 21 100
133 21 100
134 21 100
134 21 100
134 21 100
134 21 100
134 21 100
134 21 100
134 21 100
134 21 100
134 21 100
134 21 100
134 21 100
135 21 100
135 21 100
135 21 100
135 21 100
135 21 100
135 21 100
135 21 100
135 21 100
135 21 100
136 21 100
136 21 100
136 21 100
136 21 100
136 21 100
136 21 100
136 21 100
137 21 100
137 21 100
137 21 100
137 21 100
137 21 100
137 21 100
138 21 100
138 21 100
138 21 100
138 21 100
138 21 100
139 21 100
139 21 100
139 21 100
139 21 100
140 21 100
140 21 100
140 21 100
141 21 100
141 21 100
141 21 100
142 21 100
142 21 100
142 21 100
143 21 100
143 21 100
143 21 100
144 21 100
144 21 100
144 21 100
145 21 100
145 21 100
145 21 100
146 21 100
146 21 100
146 21 100
147 21 100
147 21 100
147 21 100
148 21 100
148 21 100
149 21 100
149 21 100
150 21 100
150 21 100
151 21 100
151 21 100
152 21 100
152 21 100
153 21 100
153 21 100
154 21 100
154 21 100
155 21 100
155 21 100
156 21 100
156 21 100
157 21 100
157 21 100
158 21 100
158 21 100
159 21 100
159 21 100
160 21 100
160 21 100
161 21 100
161 21 100
162 21 100
162 21 100
163 21 100
163 21 100
163 21 100
164 21 100
164 21 100
164 21 100
165 21 100
165 21 100
165 21 100
165 21 100
166 21 100
166 21 100
166 21 100
166 21 100
166 21 100
166 21 100
167 21 100
167 21 100
167 21 100
167 21 100
167 21 100
167 21 100
167 21 100
168 21 100
168 21 100
168 21 100
168 21 100
168 21 100
168 21 100
168 21 100
168 21 100
168 21 100
169 21 100
169 21 100
169 21 100
169 21 100
169 21 100
169 21 100
169 21 100
169 21 100
169 21 100
169 21 100
169 21 100
170 21 100
170 21 100
170 21 100
170 21 100
170 21 100
170 21 100
170 21 100
170 21 100
170 21 100
170 21 100
170 21 100
170 21 100
170 21 100
171 21 100
171 21 100
171 21 100
171 21 100
171 21 100
171 21 100
171 21 100
171 21 100
171 21 100
171 21 100
171 21 100
171 21 100
171 21 100
171 21 100
171 21 100
171 21 100
172 21 100
172 21 100
172 21 100
172 21 100
172 21 100
172 21 100
172 21 100
172 21 100
172 21 100
172 21 100
172 21 100
172 21 100
172 21 100
172 21 100
172 21 100
172 21 100
172 21 100
172 21 100
172 21 100
173 21 100
173 21 100
173 21 100
173 21 100
173 21 100
173 21 100
173 21 100
173 21 100
173 21 100
173 21 100
173 21 100
173 21 100
173 21 100
173 21 100
173 21 100
173 21 100
173 21 100
173 21 100
173 21 100
173 21 100
173 21 100
174 21 100
174 21 100
174 21 100
174 21 100
174 21 100
174 21 100
174 21 100
174 21 100
174 21 100
174 21 100
174 21 100
174 21 100
174 21 100
174 21 100
174 21 100
174 21 100
174 21 100
174 21 100
174 21 100
174 21 100
174 21 100
174 21 100
174 21 100
174 21 100
175 21 100
175 21 100
175 21 100
175 21 100
175 21 100
175 21 100
175 21 100
175 21 100
175 21 100
175 21 100
175 21 100
175 21 100
175 21 100
175 21 100
175 21 100
175 21 100
175 21 100
175 21 100
175 21 100
175 21 100
175 21 100
175 21 100
175 21 100
175 21 100
175 21 100
176 21 100
176 21 100
176 21 100
176 21 100
176 21 100
176 21 100
176 21 100
176 21 100
176 21 100
176 21 100
176 21 100
176 21 100
176 21 100
176 21 100
176 21 100
176 21 100
176 21 100
176 21 100
176 21 100
176 21 100
176 21 100
176 21 100
176 21 100
176 21 100
176 21 100
176 21 100
176 21 100
177 21 100
177 21 100
177 21 100
177 21 100
177 21 100
177 21 100
177 21 100
177 21 100
177 21 100
177 21 100
177 21 100
177 21 100
177 21 100
177 21 100
177 21 100
177 21 100
177 21 100
177 21 100
177 21 100
177 21 100
177 21 100
177 21 100
177 21 100
177 21 100
177 21 100
177 21 100
177 21 100
178 21 100
178 21 100
178 21 100
178 21 100
178 21 100
178 21 100
178 21 100
178 21 100
178 21 100
178 21 100
178 21 100
178 21 100
178 21 100
178 21 100
178 21 100
178 21 100
178 21 100
178 21 100
178 21 100
178 21 100
178 21 100
178 21 100
178 21 100
178 21 100
178 21 100
178 21 100
178 21 100
178 21 100
179 21 100
179 21 100
179 21 100
179 21 100
179 21 100
179 21 100
179 21 100
179 21 100
179 21 100
179 21 100
179 21 100
179 21 100
179 21 100
179 21 100
179 21 100
179 21 100
179 21 100
179 21 100
179 21 100
179 21 100
179 21 100
179 21 100
179 21 100
179 21 100
179 21 100
179 21 100
179 21 100
180 21 100
180 21 100
180 21 100
180 21 100
180 21 100
180 21 100
180 21 100
180 21 100
180 21 100
180 21 100
180 21 100
180 21 100
180 21 100
180 21 100
180 21 100
180 21 100
180 21 100
180 21 100
180 21 100
180 21 100
180 21 100
180 21 100
180 21 100
180 21 100
180 21 100
180 21 100
180 21 100
181 21 100
181 21 100
181 21 100
181 21 100
181 21 100
181 21 100
181 21 100
181 21 100
181 21 100
181 21 100
181 21 100
181 21 100
181 21 100
181 21 100
181 21 100
181 21 100
181 21 100
181 21 100
181 21 100
181 21 100
181 21 100
181 21 100
181 21 100
181 21 100
181 21 100
181 21 100
181 21 100
182 21 100
182 21 100
182 21 100
182 21 100
182 21 100
182 21 100
182 21 100
182 21 100
182 21 100
182 21 100
182 21 100
182 21 100
182 21 100
182 21 100
182 21 100
182 21 100
182 21 100
182 21 100
182 21 100
182 21 100
182 21 100
182 21 100
182 21 100
182 21 100
182 21 100
182 21 100
183 21 100
183 21 100
183 21 100
183 21 100
183 21 100
183 21 100
183 21 100
183 21 100
183 21 100
183 21 100
183 21 100
183 21 100
183 21 100
183 21 100
183 21 100
183 21 100
183 21 100
183 21 100
183 21 100
183 21 100
183 21 100
183 21 100
183 21 100
183 21 100
183 21 100
183 21 100
184 21 100
184 21 100
184 21 100
184 21 100
184 21 100
184 21 100
184 21 100
184 21 100
184 21 100
184 21 100
184 21 100
184 21 100
184 21 100
184 21 100
184 21 100
184 21 100
184 21 100
184 21 100
184 21 100
184 21 100
184 21 100
184 21 100
184 21 100
184 21 100
184 21 100
184 21 100
185 21 100
185 21 100
185 21 100
185 21 100
185 21 100
185 21 100
185 21 100
185 21 100
185 21 100
185 21 100
185 21 100
185 21 100
185 21 100
185 21 100
185 21 100
185 21 100
185 21 100
185 21 100
185 21 100
185 21 100
185 21 100
185 21 100
185 21 100
185 21 100
185 21 100
186 21 100
186 21 100
186 21 100
186 21 100
186 21 100
186 21 100
186 21 100
186 21 100
186 21 100
186 21 100
186 21 100
186 21 100
186 21 100
186 21 100
186 21 100
186 21 100
186 21 100
186 21 100
186 21 100
186 21 100
186 21 100
186 21 100
186 21 100
186 21 100
187 21 100
187 21 100
187 21 100
187 21 100
187 21 100
187 21 100
187 21 100
187 21 100
187 21 100
187 21 100
187 21 100
187 21 100
187 21 100
187 21 100
187 21 100
187 21 100
187 21 100
187 21 100
187 21 100
187 21 100
187 21 100
187 21 100
187 21 100
188 21 100
188 21 100
188 21 100
188 21 100
188 21 100
188 21 100
188 21 100
188 21 100
188 21 100
188 21 100
188 21 100
188 21 100
188 21 100
188 21 100
188 21 100
188 21 100
188 21 100
188 21 100
188 21 100
188 21 100
188 21 100
188 21 100
188 21 100
189 21 100
189 21 100
189 21 100
189 21 100
189 21 100
189 21 100
189 21 100
189 21 100
189 21 100
189 21 100
189 21 100
189 21 100
189 21 100
189 21 100
189 21 100
189 21 100
189 21 100
189 21 100
189 21 100
189 21 100
189 21 100
189 21 100
190 21 100
190 21 100
190 21 100
190 21 100
190 21 100
190 21 100
190 21 100
190 21 100
190 21 100
190 21 100
190 21 100
190 21 100
190 21 100
190 21 100
190 21 100
190 21 100
190 21 100
190 21 100
190 21 100
190 21 100
190 21 100
190 21 100
191 21 100
191 21 100
191 21 100
191 21 100
191 21 100
191 21 100
191 21 100
191 21 100
191 21 100
191 21 100
191 21 100
191 21 100
191 21 100
191 21 100
191 21 100
191 21 100
191 21 100
191 21 100
191 21 100
191 21 100
191 21 100
191 21 100
191 21 100
192 21 100
192 21 100
192 21 100
192 21 100
192 21 100
192 21 100
192 21 100
192 21 100
192 21 100
192 21 100
192 21 100
192 21 100
192 21 100
192 21 100
192 21 100
192 21 100
192 21 100
192 21 100
192 21 100
192 21 100
192 21 100
192 21 100
192 21 100
193 21 100
193 21 100
193 21 100
193 21 100
193 21 100
193 21 100
193 21 100
193 21 100
193 21 100
193 21 100
193 21 100
193 21 100
193 21 100
193 21 100
193 21 100
193 21 100
193 21 100
193 21 100
193 21 100
193 21 100
193 21 100
193 21 100
193 21 100
193 21 100
193 21 100
194 21 100
194 21 100
194 21 100
194 21 100
194 21 100
194 21 100
194 21 100
194 21 100
194 21 100
194 21 100
194 21 100
194 21 100
194 21 100
194 21 100
194 21 100
194 21 100
194 21 100
194 21 100
194 21 100
194 21 100
194 21 100
194 21 100
194 21 100
194 21 100
194 21 100
194 21 100
195 21 100
195 21 100
195 21 100
195 21 100
195 21 100
195 21 100
195 21 100
195 21 100
195 21 100
195 21 100
195 21 100
195 21 100
195 21 100
195 21 100
195 21 100
195 21 100
195 21 100
195 21 100
195 21 100
195 21 100
195 21 100
195 21 100
195 21 100
195 21 100
195 21 100
195 21 100
195 21 100
196 21 100
196 21 100
196 21 100
196 21 100
196 21 100
196 21 100
196 21 100
196 21 100
196 21 100
196 21 100
196 21 100
196 21 100
196 21 100
196 21 100
196 21 100
196 21 100
196 21 100
196 21 100
196 21 100
196 21 100
196 21 100
196 21 100
196 21 100
196 21 100
196 21 100
196 21 100
196 21 100
196 21 100
196 21 100
197 21 100
197 21 100
197 21 100
197 21 100
197 21 100
197 21 100
197 21 100
197 21 100
197 21 100
197 21 100
197 21 100
197 21 100
197 21 100
197 21 100
197 21 100
197 21 100
197 21 100
197 21 100
197 21 100
197 21 100
197 21 100
197 21 100
197 21 100
197 21 100
197 21 100
197 21 100
197 21 100
197 21 100
197 21 100
197 21 100
198 21 100
198 21 100
198 21 100
198 21 100
198 21 100
198 21 100
198 21 100
198 21 100
198 21 100
198 21 100
198 21 100
198 21 100
198 21 100
198 21 100
198 21 100
198 21 100
198 21 100
198 21 100
198 21 100
198 21 100
198 21 100
198 21 100
198 21 100
198 21 100
198 21 100
198 21 100
198 21 100
198 21 100
198 21 100
198 21 100
198 22 100
198 22 100
198 22 100
198 22 100
198 22 100
198 22 100
198 22 100
198 22 100
198 22 100
198 22 100
198 22 100
198 22 100
198 22 100
198 22 100
198 22 100
198 22 100
198 22 100
198 22 100
198 22 100
198 22 100
198 22 100
198 22 100
198 22 100
198 22 100
198 22 100
198 22 100
198 22 100
198 22 100
198 22 100
198 22 100
198 22 100
198 23 100
198 23 100
198 23 100
198 23 100
198 23 100
198 23 100
198 23 100
198 23 100
198 23 100
198 23 100
198 23 100
198 23 100
198 23 100
198 23 100
198 23 100
198 23 100
198 23 100
198 23 100
198 23 100
198 23 100
198 23 100
198 23 100
198 23 100
198 23 100
198 23 100
198 23 100
198 23 100
198 23 100
198 23 100
198 23 100
198 24 100
198 24 100
198 24 100
198 24 100
198 24 100
198 24 100
198 24 100
198 24 100
198 24 100
198 24 100
198 24 100
198 24 100
198 24 100
198 24 100
198 24 100
198 24 100
198 24 100
198 24 100
198 24 100
198 24 100
198 24 100
198 24 100
198 24 100
198 24 100
198 24 100
198 24 100
198 24 100
198 24 100
198 24 100
198 24 100
198 25 100
198 25 100
198 25 100
198 25 100
198 25 100
198 25 100
198 25 100
198 25 100
198 25 100
198 25 100
198 25 100
198 25 100
198 25 100
198 25 100
198 25 100
198 25 100
198 25 100
198 25 100
198 25 100
198 25 100
198 25 100
198 25 100
198 25 100
198 25 100
198 25 100
198 25 100
198 25 100
198 25 100
198 25 100
198 26 100
198 26 100
198 26 100
198 26 100
198 26 100
198 26 100
198 26 100
198 26 100
198 26 100
198 26 100
198 26 100
198 26 100
198 26 100
198 26 100
198 26 100
198 26 100
198 26 100
198 26 100
198 26 100
198 26 100
198 26 100
198 26 100
198 26 100
198 26 100
198 26 100
198 26 100
198 26 100
198 26 100
198 26 100
198 27 100
198 27 100
198 27 100
198 27 100
198 27 100
198 27 100
198 27 100
198 27 100
198 27 100
198 27 100
198 27 100
198 27 100
198 27 100
198 27 100
198 27 100
198 27 100
198 27 100
198 27 100
198 27 100
198 27 100
198 27 100
198 27 100
198 27 100
198 27 100
198 27 100
198 27 100
198 27 100
198 28 100
198 28 100
198 28 100
198 28 100
198 28 100
198 28 100
198 28 100
198 28 100
198 28 100
198 28 100
198 28 100
198 28 100
198 28 100
198 28 100
198 28 100
198 28 100
198 28 100
198 28 100
198 28 100
198 28 100
198 28 100
198 28 100
198 28 100
198 28 100
198 28 100
198 28 100
198 29 100
198 29 100
198 29 100
198 29 100
198 29 100
198 29 100
198 29 100
198 29 100
198 29 100
198 29 100
198 29 100
198 29 100
198 29 100
198 29 100
198 29 100
198 29 100
198 29 100
198 29 100
198 29 100
198 29 100
198 29 100
198 29 100
198 29 100
198 29 100
198 29 100
198 30 100
198 30 100
198 30 100
198 30 100
198 30 100
198 30 100
198 30 100
198 30 100
198 30 100
198 30 100
198 30 100
198 30 100
198 30 100
198 30 100
198 30 100
198 30 100
198 30 100
198 30 100
198 30 100
198 30 100
198 30 100
198 30 100
198 30 100
198 30 100
198 31 100
198 31 100
198 31 100
198 31 100
198 31 100
198 31 100
198 31 100
198 31 100
198 31 100
198 31 100
198 31 100
198 31 100
198 31 100
198 31 100
198 31 100
198 31 100
198 31 100
198 31 100
198 31 100
198 31 100
198 31 100
198 31 100
198 31 100
198 32 100
198 32 100
198 32 100
198 32 100
198 32 100
198 32 100
198 32 100
198 32 100
198 32 100
198 32 100
198 32 100
198 32 100
198 32 100
198 32 100
198 32 100
198 32 100
198 32 100
198 32 100
198 32 100
198 32 100
198 32 100
198 32 100
198 33 100
198 33 100
198 33 100
198 33 100
198 33 100
198 33 100
198 33 100
198 33 100
198 33 100
198 33 100
198 33 100
198 33 100
198 33 100
198 33 100
198 33 100
198 33 100
198 33 100
198 33 100
198 33 100
198 33 100
198 33 100
198 34 100
198 34 100
198 34 100
198 34 100
198 34 100
198 34 100
198 34 100
198 34 100
198 34 100
198 34 100
198 34 100
198 34 100
198 34 100
198 34 100
198 34 100
198 34 100
198 34 100
198 34 100
198 34 100
198 34 100
198 35 100
198 35 100
198 35 100
198 35 100
198 35 100
198 35 100
198 35 100
198 35 100
198 35 100
198 35 100
198 35 100
198 35 100
198 35 100
198 35 100
198 35 100
198 35 100
198 35 100
198 35 100
198 36 100
198 36 100
198 36 100
198 36 100
198 36 100
198 36 100
198 36 100
198 36 100
198 36 100
198 36 100
198 36 100
198 36 100
198 36 100
198 36 100
198 36 100
198 36 100
198 37 100
198 37 100
198 37 100
198 37 100
198 37 100
198 37 100
198 37 100
198 37 100
198 37 100
198 37 100
198 37 100
198 37 100
198 37 100
198 37 100
198 38 100
198 38 100
198 38 100
198 38 100
198 38 100
198 38 100
198 38 100
198 38 100
198 38 100
198 38 100
198 38 100
198 38 100
198 39 100
198 39 100
198 39 100
198 39 100
198 39 100
198 39 100
198 39 100
198 39 100
198 39 100
198 40 100
198 40 100
198 40 100
198 40 100
198 40 100
198 40 100
198 40 100
198 41 100
198 41 100
198 41 100
198 41 100
198 41 100
198 41 100
198 42 100
198 42 100
198 42 100
198 42 100
198 43 100
198 43 100
198 43 100
198 43 100
198 44 100
198 44 100
198 44 100
198 45 100
198 45 100
198 46 100
198 46 100
198 47 100
198 47 100
198 48 100
198 48 100
198 49 100
198 49 100
198 50 100
198 50 100
198 51 100
198 51 100
198 52 100
198 52 100
198 53 100
198 53 100
198 54 100
198 54 100
# move from (38,67) to (198,107)
38 67 100
39 67 100
40 67 100
41 67 100
42 67 100
43 67 100
44 67 100
45 67 100
46 67 100
47 67 100
48 67 100
49 67 100
50 67 100
51 67 100
52 67 100
53 67 100
54 67 100
55 67 100
56 67 100
57 67 100
58 67 100
59 67 100
60 67 100
61 67 100
62 67 100
63 67 100
64 67 100
65 67 100
66 67 100
67 67 100
68 67 100
69 67 100
70 67 100
71 67 100
72 67 100
73 67 100
74 67 100
75 67 100
76 67 100
77 67 100
78 67 100
79 67 100
80 67 100
81 67 100
82 67 100
83 67 100
84 67 100
85 67 100
86 67 100
87 67 100
88 67 100
89 67 100
90 67 100
91 67 100
92 67 100
93 67 100
94 67 100
95 67 100
96 67 100
97 67 100
98 67 100
99 67 100
100 67 100
101 67 100
102 67 100
103 67 100
104 67 100
105 67 100
105 67 100
106 67 100
106 67 100
107 67 100
107 67 100
107 67 100
108 67 100
108 67 100
108 67 100
109 67 100
109 67 100
109 67 100
110 67 100
110 67 100
110 67 100
110 67 100
111 67 100
111 67 100
111 67 100
112 67 100
112 67 100
112 67 100
113 67 100
113 67 100
113 67 100
114 67 100
114 67 100
114 67 100
115 67 100
115 67 100
115 67 100
116 67 100
116 67 100
116 67 100
116 67 100
117 67 100
117 67 100
117 67 100
117 67 100
118 67 100
118 67 100
118 67 100
118 67 100
118 67 100
119 67 100
119 67 100
119 67 100
119 67 100
119 67 100
119 67 100
120 67 100
120 67 100
120 67 100
120 67 100
120 67 100
120 67 100
120 67 100
121 67 100
121 67 100
121 67 100
121 67 100
121 67 100
121 67 100
121 67 100
121 67 100
121 67 100
122 67 100
122 67 100
122 67 100
122 67 100
122 67 100
122 67 100
122 67 100
122 67 100
122 67 100
122 67 100
122 67 100
123 67 100
123 67 100
123 67 100
123 67 100
123 67 100
123 67 100
123 67 100
123 67 100
123 67 100
123 67 100
123 67 100
123 67 100
123 67 100
124 67 100
124 67 100
124 67 100
124 67 100
124 67 100
124 67 100
124 67 100
124 67 100
124 67 100
124 67 100
124 67 100
124 67 100
124 67 100
124 67 100
124 67 100
125 67 100
125 67 100
125 67 100
125 67 100
125 67 100
125 67 100
125 67 100
125 67 100
125 67 100
125 67 100
125 67 100
125 67 100
125 67 100
125 67 100
125 67 100
125 67 100
125 67 100
125 67 100
126 67 100
126 67 100
126 67 100
126 67 100
126 67 100
126 67 100
126 67 100
126 67 100
126 67 100
126 67 100
126 67 100
126 67 100
126 67 100
126 67 100
126 67 100
126 67 100
126 67 100
126 67 100
126 67 100
126 67 100
127 67 100
127 67 100
127 67 100
127 67 100
127 67 100
127 67 100
127 67 100
127 67 100
127 67 100
127 67 100
127 67 100
127 67 100
127 67 100
127 67 100
127 67 100
127 67 100
127 67 100
127 67 100
127 67 100
127 67 100
127 67 100
127 67 100
127 67 100
128 67 100
128 67 100
128 67 100
128 67 100
128 67 100
128 67 100
128 67 100
128 67 100
128 67 100
128 67 100
128 67 100
128 67 100
128 67 100
128 67 100
128 67 100
128 67 100
128 67 100
128 67 100
128 67 100
128 67 100
128 67 100
128 67 100
128 67 100
128 67 100
128 67 100
128 67 100
129 67 100
129 67 100
129 67 100
129 67 100
129 67 100
129 67 100
129 67 100
129 67 100
129 67 100
129 67 100
129 67 100
129 67 100
129 67 100
129 67 100
129 67 100
129 67 100
129 67 100
129 67 100
129 67 100
129 67 100
129 67 100
129 67 100
129 67 100
129 67 100
129 67 100
129 67 100
129 67 100
129 67 100
130 67 100
130 67 100
130 67 100
130 67 100
130 67 100
130 67 100
130 67 100
130 67 100
130 67 100
130 67 100
130 67 100
130 67 100
130 67 100
130 67 100
130 67 100
130 67 100
130 67 100
130 67 100
130 67 100
130 67 100
130 67 100
130 67 100
130 67 100
130 67 100
130 67 100
130 67 100
130 67 100
130 67 100
130 67 100
130 67 100
130 67 100
131 67 100
131 67 100
131 67 100
131 67 100
131 67 100
131 67 100
131 67 100
131 67 100
131 67 100
131 67 100
131 67 100
131 67 100
131 67 100
131 67 100
131 67 100
131 67 100
131 67 100
131 67 100
131 67 100
131 67 100
131 67 100
131 67 100
131 67 100
131 67 100
131 67 100
131 67 100
131 67 100
131 67 100
131 67 100
131 67 100
131 67 100
131 67 100
131 67 100
131 67 100
132 67 100
132 67 100
132 67 100
132 67 100
132 67 100
132 67 100
132 67 100
132 67 100
132 67 100
132 67 100
132 67 100
132 67 100
132 67 100
132 67 100
132 67 100
132 67 100
132 67 100
132 67 100
132 67 100
132 67 100
132 67 100
132 67 100
132 67 100
132 67 100
132 67 100
132 67 100
132 67 100
132 67 100
132 67 100
132 67 100
132 67 100
132 67 100
132 67 100
132 67 100
132 67 100
132 67 100
132 67 100
133 67 100
133 67 100
133 67 100
133 67 100
133 67 100
133 67 100
133 67 100
133 67 100
133 67 100
133 67 100
133 67 100
133 67 100
133 67 100
133 67 100
133 67 100
133 67 100
133 67 100
133 67 100
133 67 100
133 67 100
133 67 100
133 67 100
133 67 100
133 67 100
133 67 100
133 67 100
133 67 100
133 67 100
133 67 100
133 67 100
133 67 100
133 67 100
133 67 100
133 67 100
133 67 100
133 67 100
133 67 100
133 67 100
133 67 100
133 67 100
134 67 100
134 67 100
134 67 100
134 67 100
134 67 100
134 67 100
134 67 100
134 67 100
134 67 100
134 67 100
134 67 100
134 67 100
134 67 100
134 67 100
134 67 100
134 67 100
134 67 100
134 67 100
134 67 100
134 67 100
134 67 100
134 67 100
134 67 100
134 67 100
134 67 100
134 67 100
134 67 100
134 67 100
134 67 100
134 67 100
134 67 100
134 67 100
134 67 100
134 67 100
134 67 100
134 67 100
134 67 100
134 67 100
134 67 100
134 67 100
134 67 100
134 67 100
134 67 100
135 67 100
135 67 100
135 67 100
135 67 100
135 67 100
135 67 100
135 67 100
135 67 100
135 67 100
135 67 100
135 67 100
135 67 100
135 67 100
135 67 100
135 67 100
135 67 100
135 67 100
135 67 100
135 67 100
135 67 100
135 67 100
135 67 100
135 67 100
135 67 100
135 67 100
135 67 100
135 67 100
135 67 100
135 67 100
135 67 100
135 67 100
135 67 100
135 67 100
135 67 100
135 67 100
135 67 100
135 67 100
135 67 100
135 67 100
135 67 100
135 67 100
135 67 100
135 67 100
135 67 100
135 67 100
136 67 100
136 67 100
136 67 100
136 67 100
136 67 100
136 67 100
136 67 100
136 67 100
136 67 100
136 67 100
136 67 100
136 67 100
136 67 100
136 67 100
136 67 100
136 67 100
136 67 100
136 67 100
136 67 100
136 67 100
136 67 100
136 67 100
136 67 100
136 67 100
136 67 100
136 67 100
136 67 100
136 67 100
136 67 100
136 67 100
136 67 100
136 67 100
136 67 100
136 67 100
136 67 100
136 67 100
136 67 100
136 67 100
136 67 100
136 67 100
136 67 100
136 67 100
136 67 100
136 67 100
136 67 100
136 67 100
136 67 100
137 67 100
137 67 100
137 67 100
137 67 100
137 67 100
137 67 100
137 67 100
137 67 100
137 67 100
137 67 100
137 67 100
137 67 100
137 67 100
137 67 100
137 67 100
137 67 100
137 67 100
137 67 100
137 67 100
137 67 100
137 67 100
137 67 100
137 67 100
137 67 100
137 67 100
137 67 100
137 67 100
137 67 100
137 67 100
137 67 100
137 67 100
137 67 100
137 67 100
137 67 100
137 67 100
137 67 100
137 67 100
137 67 100
137 67 100
137 67 100
137 67 100
137 67 100
137 67 100
137 67 100
137 67 100
137 67 100
137 67 100
137 67 100
137 67 100
138 67 100
138 67 100
138 67 100
138 67 100
138 67 100
138 67 100
138 67 100
138 67 100
138 67 100
138 67 100
138 67 100
138 67 100
138 67 100
138 67 100
138 67 100
138 67 100
138 67 100
138 67 100
138 67 100
138 67 100
138 67 100
138 67 100
138 67 100
138 67 100
138 67 100
138 67 100
138 67 100
138 67 100
138 67 100
138 67 100
138 67 100
138 67 100
138 67 100
138 67 100
138 67 100
138 67 100
138 67 100
138 67 100
138 67 100
138 67 100
138 67 100
138 67 100
138 67 100
138 67 100
138 67 100
138 67 100
138 67 100
138 67 100
138 67 100
138 67 100
139 67 100
139 67 100
139 67 100
139 67 100
139 67 100
139 67 100
139 67 100
139 67 100
139 67 100
139 67 100
139 67 100
139 67 100
139 67 100
139 67 100
139 67 100
139 67 100
139 67 100
139 67 100
139 67 100
139 67 100
139 67 100
139 67 100
139 67 100
139 67 100
139 67 100
139 67 100
139 67 100
139 67 100
139 67 100
139 67 100
139 67 100
139 67 100
139 67 100
139 67 100
139 67 100
139 67 100
139 67 100
139 67 100
139 67 100
139 67 100
139 67 100
139 67 100
139 67 100
139 67 100
139 67 100
139 67 100
139 67 100
139 67 100
139 67 100
139 67 100
140 67 100
140 67 100
140 67 100
140 67 100
140 67 100
140 67 100
140 67 100
140 67 100
140 67 100
140 67 100
140 67 100
140 67 100
140 67 100
140 67 100
140 67 100
140 67 100
140 67 100
140 67 100
140 67 100
140 67 100
140 67 100
140 67 100
140 67 100
140 67 100
140 67 100
140 67 100
140 67 100
140 67 100
140 67 100
140 67 100
140 67 100
140 67 100
140 67 100
140 67 100
140 67 100
140 67 100
140 67 100
140 67 100
140 67 100
140 67 100
140 67 100
140 67 100
140 67 100
140 67 100
140 67 100
140 67 100
140 67 100
140 67 100
140 67 100
140 67 100
141 67 100
141 67 100
141 67 100
141 67 100
141 67 100
141 67 100
141 67 100
141 67 100
141 67 100
141 67 100
141 67 100
141 67 100
141 67 100
141 67 100
141 67 100
141 67 100
141 67 100
141 67 100
141 67 100
141 67 100
141 67 100
141 67 100
141 67 100
141 67 100
141 67 100
141 67 100
141 67 100
141 67 100
141 67 100
141 67 100
141 67 100
141 67 100
141 67 100
141 67 100
141 67 100
141 67 100
141 67 100
141 67 100
141 67 100
141 67 100
141 67 100
141 67 100
141 67 100
141 67 100
141 67 100
141 67 100
141 67 100
141 67 100
141 67 100
141 67 100
142 67 100
142 67 100
142 67 100
142 67 100
142 67 100
142 67 100
142 67 100
142 67 100
142 67 100
142 67 100
142 67 100
142 67 100
142 67 100
142 67 100
142 67 100
142 67 100
142 67 100
142 67 100
142 67 100
142 67 100
142 67 100
142 67 100
142 67 100
142 67 100
142 67 100
142 67 100
142 67 100
142 67 100
142 67 100
142 67 100
142 67 100
142 67 100
142 67 100
142 67 100
142 67 100
142 67 100
142 67 100
142 67 100
142 67 100
142 67 100
142 67 100
142 67 100
142 67 100
142 67 100
142 67 100
142 67 100
142 67 100
142 67 100
142 67 100
142 67 100
143 67 100
143 67 100
143 67 100
143 67 100
143 67 100
143 67 100
143 67 100
143 67 100
143 67 100
143 67 100
143 67 100
143 67 100
143 67 100
143 67 100
143 67 100
143 67 100
143 67 100
143 67 100
143 67 100
143 67 100
143 67 100
143 67 100
143 67 100
143 67 100
143 67 100
143 67 100
143 67 100
143 67 100
143 67 100
143 67 100
143 67 100
143 67 100
143 67 100
143 67 100
143 67 100
143 67 100
143 67 100
143 67 100
143 67 100
143 67 100
143 67 100
143 67 100
143 67 100
143 67 100
143 67 100
143 67 100
143 67 100
143 67 100
143 67 100
144 67 100
144 67 100
144 67 100
144 67 100
144 67 100
144 67 100
144 67 100
144 67 100
144 67 100
144 67 100
144 67 100
144 67 100
144 67 100
144 67 100
144 67 100
144 67 100
144 67 100
144 67 100
144 67 100
144 67 100
144 67 100
144 67 100
144 67 100
144 67 100
144 67 100
144 67 100
144 67 100
144 67 100
144 67 100
144 67 100
144 67 100
144 67 100
144 67 100
144 67 100
144 67 100
144 67 100
144 67 100
144 67 100
144 67 100
144 67 100
144 67 100
144 67 100
144 67 100
144 67 100
144 67 100
144 67 100
144 67 100
144 67 100
145 67 100
145 67 100
145 67 100
145 67 100
145 67 100
145 67 100
145 67 100
145 67 100
145 67 100
145 67 100
145 67 100
145 67 100
145 67 100
145 67 100
145 67 100
145 67 100
145 67 100
145 67 100
145 67 100
145 67 100
145 67 100
145 67 100
145 67 100
145 67 100
145 67 100
145 67 100
145 67 100
145 67 100
145 67 100
145 67 100
145 67 100
145 67 100
145 67 100
145 67 100
145 67 100
145 67 100
145 67 100
145 67 100
145 67 100
145 67 100
145 67 100
145 67 100
145 67 100
145 67 100
145 67 100
145 67 100
145 67 100
146 67 100
146 67 100
146 67 100
146 67 100
146 67 100
146 67 100
146 67 100
146 67 100
146 67 100
146 67 100
146 67 100
146 67 100
146 67 100
146 67 100
146 67 100
146 67 100
146 67 100
146 67 100
146 67 100
146 67 100
146 67 100
146 67 100
146 67 100
146 67 100
146 67 100
146 67 100
146 67 100
146 67 100
146 67 100
146 67 100
146 67 100
146 67 100
146 67 100
146 67 100
146 67 100
146 67 100
146 67 100
146 67 100
146 67 100
146 67 100
146 67 100
146 67 100
146 67 100
146 67 100
146 67 100
147 67 100
147 67 100
147 67 100
147 67 100
147 67 100
147 67 100
147 67 100
147 67 100
147 67 100
147 67 100
147 67 100
147 67 100
147 67 100
147 67 100
147 67 100
147 67 100
147 67 100
147 67 100
147 67 100
147 67 100
147 67 100
147 67 100
147 67 100
147 67 100
147 67 100
147 67 100
147 67 100
147 67 100
147 67 100
147 67 100
147 67 100
147 67 100
147 67 100
147 67 100
147 67 100
147 67 100
147 67 100
147 67 100
147 67 100
147 67 100
147 67 100
147 67 100
147 67 100
147 67 100
148 67 100
148 67 100
148 67 100
148 67 100
148 67 100
148 67 100
148 67 100
148 67 100
148 67 100
148 67 100
148 67 100
148 67 100
148 67 100
148 67 100
148 67 100
148 67 100
148 67 100
148 67 100
148 67 100
148 67 100
148 67 100
148 67 100
148 67 100
148 67 100
148 67 100
148 67 100
148 67 100
148 67 100
148 67 100
148 67 100
148 67 100
148 67 100
148 67 100
148 67 100
148 67 100
148 67 100
148 67 100
148 67 100
148 67 100
148 67 100
148 67 100
148 67 100
148 67 100
149 67 100
149 67 100
149 67 100
149 67 100
149 67 100
149 67 100
149 67 100
149 67 100
149 67 100
149 67 100
149 67 100
149 67 100
149 67 100
149 67 100
149 67 100
149 67 100
149 67 100
149 67 100
149 67 100
149 67 100
149 67 100
149 67 100
149 67 100
149 67 100
149 67 100
149 67 100
149 67 100
149 67 100
149 67 100
149 67 100
149 67 100
149 67 100
149 67 100
149 67 100
149 67 100
149 67 100
149 67 100
149 67 100
149 67 100
149 67 100
149 67 100
149 67 100
150 67 100
150 67 100
150 67 100
150 67 100
150 67 100
150 67 100
150 67 100
150 67 100
150 67 100
150 67 100
150 67 100
150 67 100
150 67 100
150 67 100
150 67 100
150 67 100
150 67 100
150 67 100
150 67 100
150 67 100
150 67 100
150 67 100
150 67 100
150 67 100
150 67 100
150 67 100
150 67 100
150 67 100
150 67 100
150 67 100
150 67 100
150 67 100
150 67 100
150 67 100
150 67 100
150 67 100
150 67 100
150 67 100
150 67 100
150 67 100
150 67 100
151 67 100
151 67 100
151 67 100
151 67 100
151 67 100
151 67 100
151 67 100
151 67 100
151 67 100
151 67 100
151 67 100
151 67 100
151 67 100
151 67 100
151 67 100
151 67 100
151 67 100
151 67 100
151 67 100
151 67 100
151 67 100
151 67 100
151 67 100
151 67 100
151 67 100
151 67 100
151 67 100
151 67 100
151 67 100
151 67 100
151 67 100
151 67 100
151 67 100
151 67 100
151 67 100
151 67 100
151 67 100
151 67 100
151 67 100
151 67 100
152 67 100
152 67 100
152 67 100
152 67 100
152 67 100
152 67 100
152 67 100
152 67 100
152 67 100
152 67 100
152 67 100
152 67 100
152 67 100
152 67 100
152 67 100
152 67 100
152 67 100
152 67 100
152 67 100
152 67 100
152 67 100
152 67 100
152 67 100
152 67 100
152 67 100
152 67 100
152 67 100
152 67 100
152 67 100
152 67 100
152 67 100
152 67 100
152 67 100
152 67 100
152 67 100
152 67 100
152 67 100
152 67 100
152 67 100
153 67 100
153 67 100
153 67 100
153 67 100
153 67 100
153 67 100
153 67 100
153 67 100
153 67 100
153 67 100
153 67 100
153 67 100
153 67 100
153 67 100
153 67 100
153 67 100
153 67 100
153 67 100
153 67 100
153 67 100
153 67 100
153 67 100
153 67 100
153 67 100
153 67 100
153 67 100
153 67 100
153 67 100
153 67 100
153 67 100
153 67 100
153 67 100
153 67 100
153 67 100
153 67 100
153 67 100
153 67 100
153 67 100
154 67 100
154 67 100
154 67 100
154 67 100
154 67 100
154 67 100
154 67 100
154 67 100
154 67 100
154 67 100
154 67 100
154 67 100
154 67 100
154 67 100
154 67 100
154 67 100
154 67 100
154 67 100
154 67 100
154 67 100
154 67 100
154 67 100
154 67 100
154 67 100
154 67 100
154 67 100
154 67 100
154 67 100
154 67 100
154 67 100
154 67 100
154 67 100
154 67 100
154 67 100
154 67 100
154 67 100
155 67 100
155 67 100
155 67 100
155 67 100
155 67 100
155 67 100
155 67 100
155 67 100
155 67 100
155 67 100
155 67 100
155 67 100
155 67 100
155 67 100
155 67 100
155 67 100
155 67 100
155 67 100
155 67 100
155 67 100
155 67 100
155 67 100
155 67 100
155 67 100
155 67 100
155 67 100
155 67 100
155 67 100
155 67 100
155 67 100
155 67 100
155 67 100
155 67 100
155 67 100
156 67 100
156 67 100
156 67 100
156 67 100
156 67 100
156 67 100
156 67 100
156 67 100
156 67 100
156 67 100
156 67 100
156 67 100
156 67 100
156 67 100
156 67 100
156 67 100
156 67 100
156 67 100
156 67 100
156 67 100
156 67 100
156 67 100
156 67 100
156 67 100
156 67 100
156 67 100
156 67 100
156 67 100
156 67 100
156 67 100
156 67 100
157 67 100
157 67 100
157 67 100
157 67 100
157 67 100
157 67 100
157 67 100
157 67 100
157 67 100
157 67 100
157 67 100
157 67 100
157 67 100
157 67 100
157 67 100
157 67 100
157 67 100
157 67 100
157 67 100
157 67 100
157 67 100
157 67 100
157 67 100
157 67 100
157 67 100
157 67 100
157 67 100
158 67 100
158 67 100
158 67 100
158 67 100
158 67 100
158 67 100
158 67 100
158 67 100
158 67 100
158 67 100
158 67 100
158 67 100
158 67 100
158 67 100
158 67 100
158 67 100
158 67 100
158 67 100
158 67 100
158 67 100
158 67 100
158 67 100
158 67 100
159 67 100
159 67 100
159 67 100
159 67 100
159 67 100
159 67 100
159 67 100
159 67 100
159 67 100
159 67 100
159 67 100
159 67 100
159 67 100
159 67 100
159 67 100
159 67 100
159 67 100
159 67 100
160 67 100
160 67 100
160 67 100
160 67 100
160 67 100
160 67 100
160 67 100
160 67 100
160 67 100
160 67 100
160 67 100
160 67 100
160 67 100
160 67 100
161 67 100
161 67 100
161 67 100
161 67 100
161 67 100
161 67 100
161 67 100
161 67 100
161 67 100
161 67 100
162 67 100
162 67 100
162 67 100
162 67 100
162 67 100
162 67 100
162 67 100
163 67 100
163 67 100
163 67 100
163 67 100
163 67 100
164 67 100
164 67 100
164 67 100
164 67 100
165 67 100
165 67 100
165 67 100
166 67 100
166 67 100
167 67 100
167 67 100
168 67 100
169 67 100
170 67 100
171 67 100
172 67 100
173 67 100
174 67 100
175 67 100
176 67 100
177 67 100
178 67 100
179 67 100
180 67 100
181 67 100
182 67 100
183 67 100
184 67 100
185 67 100
186 67 100
187 67 100
188 67 100
189 67 100
190 67 100
190 67 100
191 67 100
191 67 100
192 67 100
192 67 100
193 67 100
193 67 100
194 67 100
194 67 100
194 67 100
195 67 100
195 67 100
195 67 100
195 67 100
196 67 100
196 67 100
196 67 100
196 67 100
197 67 100
197 67 100
197 67 100
197 67 100
197 67 100
# move from (154,157) to (198,107)
154 157 100
155 157 100
156 157 100
157 157 100
158 157 100
158 157 100
159 157 100
159 157 100
160 157 100
160 157 100
160 157 100
161 157 100
161 157 100
161 157 100
161 157 100
162 157 100
162 157 100
162 157 100
162 157 100
162 157 100
162 157 100
163 157 100
163 157 100
163 157 100
163 157 100
163 157 100
163 157 100
163 157 100
164 157 100
164 157 100
164 157 100
164 157 100
164 157 100
164 157 100
164 157 100
164 157 100
164 157 100
165 157 100
165 157 100
165 157 100
165 157 100
165 157 100
165 157 100
165 157 100
165 157 100
165 157 100
165 157 100
165 157 100
166 157 100
166 157 100
166 157 100
166 157 100
166 157 100
166 157 100
166 157 100
166 157 100
166 157 100
166 157 100
166 157 100
166 157 100
166 157 100
167 157 100
167 157 100
167 157 100
167 157 100
167 157 100
167 157 100
167 157 100
167 157 100
167 157 100
167 157 100
167 157 100
167 157 100
167 157 100
167 157 100
167 157 100
168 157 100
168 157 100
168 157 100
168 157 100
168 157 100
168 157 100
168 157 100
168 157 100
168 157 100
168 157 100
168 157 100
168 157 100
168 157 100
168 157 100
168 157 100
168 157 100
168 157 100
169 157 100
169 157 100
169 157 100
169 157 100
169 157 100
169 157 100
169 157 100
169 157 100
169 157 100
169 157 100
169 157 100
169 157 100
169 157 100
169 157 100
169 157 100
169 157 100
169 157 100
169 157 100
170 157 100
170 157 100
170 157 100
170 157 100
170 157 100
170 157 100
170 157 100
170 157 100
170 157 100
170 157 100
170 157 100
170 157 100
170 157 100
170 157 100
170 157 100
170 157 100
170 157 100
170 157 100
170 157 100
170 157 100
171 157 100
171 157 100
171 157 100
171 157 100
171 157 100
171 157 100
171 157 100
171 157 100
171 157 100
171 157 100
171 157 100
171 157 100
171 157 100
171 157 100
171 157 100
171 157 100
171 157 100
171 157 100
171 157 100
171 157 100
171 157 100
172 157 100
172 157 100
172 157 100
172 157 100
172 157 100
172 157 100
172 157 100
172 157 100
172 157 100
172 157 100
172 157 100
172 157 100
172 157 100
172 157 100
172 157 100
172 157 100
172 157 100
172 157 100
172 157 100
172 157 100
172 157 100
173 157 100
173 157 100
173 157 100
173 157 100
173 157 100
173 157 100
173 157 100
173 157 100
173 157 100
173 157 100
173 157 100
173 157 100
173 157 100
173 157 100
173 157 100
173 157 100
173 157 100
173 157 100
173 157 100
173 157 100
173 157 100
173 157 100
174 157 100
174 157 100
174 157 100
174 157 100
174 157 100
174 157 100
174 157 100
174 157 100
174 157 100
174 157 100
174 157 100
174 157 100
174 157 100
174 157 100
174 157 100
174 157 100
174 157 100
174 157 100
174 157 100
174 157 100
174 157 100
174 157 100
174 157 100
175 157 100
175 157 100
175 157 100
175 157 100
175 157 100
175 157 100
175 157 100
175 157 100
175 157 100
175 157 100
175 157 100
175 157 100
175 157 100
175 157 100
175 157 100
175 157 100
175 157 100
175 157 100
175 157 100
175 157 100
175 157 100
175 157 100
175 157 100
175 157 100
176 157 100
176 157 100
176 157 100
176 157 100
176 157 100
176 157 100
176 157 100
176 157 100
176 157 100
176 157 100
176 157 100
176 157 100
176 157 100
176 157 100
176 157 100
176 157 100
176 157 100
176 157 100
176 157 100
176 157 100
176 157 100
176 157 100
176 157 100
176 157 100
176 157 100
177 157 100
177 157 100
177 157 100
177 157 100
177 157 100
177 157 100
177 157 100
177 157 100
177 157 100
177 157 100
177 157 100
177 157 100
177 157 100
177 157 100
177 157 100
177 157 100
177 157 100
177 157 100
177 157 100
177 157 100
177 157 100
177 157 100
177 157 100
177 157 100
177 157 100
178 157 100
178 157 100
178 157 100
178 157 100
178 157 100
178 157 100
178 157 100
178 157 100
178 157 100
178 157 100
178 157 100
178 157 100
178 157 100
178 157 100
178 157 100
178 157 100
178 157 100
178 157 100
178 157 100
178 157 100
178 157 100
178 157 100
178 157 100
178 157 100
178 157 100
178 157 100
179 157 100
179 157 100
179 157 100
179 157 100
179 157 100
179 157 100
179 157 100
179 157 100
179 157 100
179 157 100
179 157 100
179 157 100
179 157 100
179 157 100
179 157 100
179 157 100
179 157 100
179 157 100
179 157 100
179 157 100
179 157 100
179 157 100
179 157 100
179 157 100
179 157 100
179 157 100
180 157 100
180 157 100
180 157 100
180 157 100
180 157 100
180 157 100
180 157 100
180 157 100
180 157 100
180 157 100
180 157 100
180 157 100
180 157 100
180 157 100
180 157 100
180 157 100
180 157 100
180 157 100
180 157 100
180 157 100
180 157 100
180 157 100
180 157 100
180 157 100
180 157 100
180 157 100
180 157 100
181 157 100
181 157 100
181 157 100
181 157 100
181 157 100
181 157 100
181 157 100
181 157 100
181 157 100
181 157 100
181 157 100
181 157 100
181 157 100
181 157 100
181 157 100
181 157 100
181 157 100
181 157 100
181 157 100
181 157 100
181 157 100
181 157 100
181 157 100
181 157 100
181 157 100
181 157 100
181 157 100
182 157 100
182 157 100
182 157 100
182 157 100
182 157 100
182 157 100
182 157 100
182 157 100
182 157 100
182 157 100
182 157 100
182 157 100
182 157 100
182 157 100
182 157 100
182 157 100
182 157 100
182 157 100
182 157 100
182 157 100
182 157 100
182 157 100
182 157 100
182 157 100
182 157 100
182 157 100
183 157 100
183 157 100
183 157 100
183 157 100
183 157 100
183 157 100
183 157 100
183 157 100
183 157 100
183 157 100
183 157 100
183 157 100
183 157 100
183 157 100
183 157 100
183 157 100
183 157 100
183 157 100
183 157 100
183 157 100
183 157 100
183 157 100
183 157 100
183 157 100
183 157 100
184 157 100
184 157 100
184 157 100
184 157 100
184 157 100
184 157 100
184 157 100
184 157 100
184 157 100
184 157 100
184 157 100
184 157 100
184 157 100
184 157 100
184 157 100
184 157 100
184 157 100
184 157 100
184 157 100
184 157 100
184 157 100
184 157 100
184 157 100
184 157 100
185 157 100
185 157 100
185 157 100
185 157 100
185 157 100
185 157 100
185 157 100
185 157 100
185 157 100
185 157 100
185 157 100
185 157 100
185 157 100
185 157 100
185 157 100
185 157 100
185 157 100
185 157 100
185 157 100
185 157 100
185 157 100
185 157 100
185 157 100
186 157 100
186 157 100
186 157 100
186 157 100
186 157 100
186 157 100
186 157 100
186 157 100
186 157 100
186 157 100
186 157 100
186 157 100
186 157 100
186 157 100
186 157 100
186 157 100
186 157 100
186 157 100
186 157 100
186 157 100
186 157 100
186 157 100
187 157 100
187 157 100
187 157 100
187 157 100
187 157 100
187 157 100
187 157 100
187 157 100
187 157 100
187 157 100
187 157 100
187 157 100
187 157 100
187 157 100
187 157 100
187 157 100
187 157 100
187 157 100
187 157 100
187 157 100
187 157 100
187 157 100
188 157 100
188 157 100
188 157 100
188 157 100
188 157 100
188 157 100
188 157 100
188 157 100
188 157 100
188 157 100
188 157 100
188 157 100
188 157 100
188 157 100
188 157 100
188 157 100
188 157 100
188 157 100
188 157 100
188 157 100
188 157 100
189 157 100
189 157 100
189 157 100
189 157 100
189 157 100
189 157 100
189 157 100
189 157 100
189 157 100
189 157 100
189 157 100
189 157 100
189 157 100
189 157 100
189 157 100
189 157 100
189 157 100
189 157 100
189 157 100
189 157 100
190 157 100
190 157 100
190 157 100
190 157 100
190 157 100
190 157 100
190 157 100
190 157 100
190 157 100
190 157 100
190 157 100
190 157 100
190 157 100
190 157 100
190 157 100
190 157 100
190 157 100
190 157 100
190 157 100
191 157 100
191 157 100
191 157 100
191 157 100
191 157 100
191 157 100
191 157 100
191 157 100
191 157 100
191 157 100
191 157 100
191 157 100
191 157 100
191 157 100
191 157 100
191 157 100
191 157 100
191 157 100
192 157 100
192 157 100
192 157 100
192 157 100
192 157 100
192 157 100
192 157 100
192 157 100
192 157 100
192 157 100
192 157 100
192 157 100
192 157 100
192 157 100
192 157 100
192 157 100
192 157 100
193 157 100
193 157 100
193 157 100
193 157 100
193 157 100
193 157 100
193 157 100
193 157 100
193 157 100
193 157 100
193 157 100
193 157 100
193 157 100
193 157 100
193 157 100
194 157 100
194 157 100
194 157 100
194 157 100
194 157 100
194 157 100
194 157 100
194 157 100
194 157 100
194 157 100
194 157 100
194 157 100
194 157 100
195 157 100
195 157 100
195 157 100
195 157 100
195 157 100
195 157 100
195 157 100
195 157 100
195 157 100
195 157 100
195 157 100
196 157 100
196 157 100
196 157 100
196 157 100
196 157 100
196 157 100
196 157 100
196 157 100
196 157 100
197 157 100
197 157 100
197 157 100
197 157 100
197 157 100
197 157 100
197 157 100
# move from (106,81) to (198,107)
106 81 100
107 81 100
108 81 100
109 81 100
110 81 100
111 81 100
112 81 100
112 81 100
113 81 100
113 81 100
114 81 100
114 81 100
115 81 100
115 81 100
116 81 100
116 81 100
116 81 100
117 81 100
117 81 100
117 81 100
118 81 100
118 81 100
118 81 100
119 81 100
119 81 100
119 81 100
119 81 100
120 81 100
120 81 100
120 81 100
120 81 100
120 81 100
121 81 100
121 81 100
121 81 100
121 81 100
121 81 100
121 81 100
122 81 100
122 81 100
122 81 100
122 81 100
122 81 100
122 81 100
122 81 100
122 81 100
123 81 100
123 81 100
123 81 100
123 81 100
123 81 100
123 81 100
123 81 100
123 81 100
123 81 100
123 81 100
124 81 100
124 81 100
124 81 100
124 81 100
124 81 100
124 81 100
124 81 100
124 81 100
124 81 100
124 81 100
124 81 100
124 81 100
124 81 100
125 81 100
125 81 100
125 81 100
125 81 100
125 81 100
125 81 100
125 81 100
125 81 100
125 81 100
125 81 100
125 81 100
125 81 100
125 81 100
125 81 100
125 81 100
125 81 100
126 81 100
126 81 100
126 81 100
126 81 100
126 81 100
126 81 100
126 81 100
126 81 100
126 81 100
126 81 100
126 81 100
126 81 100
126 81 100
126 81 100
126 81 100
126 81 100
126 81 100
126 81 100
126 81 100
127 81 100
127 81 100
127 81 100
127 81 100
127 81 100
127 81 100
127 81 100
127 81 100
127 81 100
127 81 100
127 81 100
127 81 100
127 81 100
127 81 100
127 81 100
127 81 100
127 81 100
127 81 100
127 81 100
127 81 100
127 81 100
127 81 100
127 81 100
128 81 100
128 81 100
128 81 100
128 81 100
128 81 100
128 81 100
128 81 100
128 81 100
128 81 100
128 81 100
128 81 100
128 81 100
128 81 100
128 81 100
128 81 100
128 81 100
128 81 100
128 81 100
128 81 100
128 81 100
128 81 100
128 81 100
128 81 100
128 81 100
128 81 100
128 81 100
129 81 100
129 81 100
129 81 100
129 81 100
129 81 100
129 81 100
129 81 100
129 81 100
129 81 100
129 81 100
129 81 100
129 81 100
129 81 100
129 81 100
129 81 100
129 81 100
129 81 100
129 81 100
129 81 100
129 81 100
129 81 100
129 81 100
129 81 100
129 81 100
129 81 100
129 81 100
129 81 100
129 81 100
129 81 100
130 81 100
130 81 100
130 81 100
130 81 100
130 81 100
130 81 100
130 81 100
130 81 100
130 81 100
130 81 100
130 81 100
130 81 100
130 81 100
130 81 100
130 81 100
130 81 100
130 81 100
130 81 100
130 81 100
130 81 100
130 81 100
130 81 100
130 81 100
130 81 100
130 81 100
130 81 100
130 81 100
130 81 100
130 81 100
130 81 100
130 81 100
130 81 100
131 81 100
131 81 100
131 81 100
131 81 100
131 81 100
131 81 100
131 81 100
131 81 100
131 81 100
131 81 100
131 81 100
131 81 100
131 81 100
131 81 100
131 81 100
131 81 100
131 81 100
131 81 100
131 81 100
131 81 100
131 81 100
131 81 100
131 81 100
131 81 100
131 81 100
131 81 100
131 81 100
131 81 100
131 81 100
131 81 100
131 81 100
131 81 100
131 81 100
131 81 100
132 81 100
132 81 100
132 81 100
132 81 100
132 81 100
132 81 100
132 81 100
132 81 100
132 81 100
132 81 100
132 81 100
132 81 100
132 81 100
132 81 100
132 81 100
132 81 100
132 81 100
132 81 100
132 81 100
132 81 100
132 81 100
132 81 100
132 81 100
132 81 100
132 81 100
132 81 100
132 81 100
132 81 100
132 81 100
132 81 100
132 81 100
132 81 100
132 81 100
132 81 100
132 81 100
133 81 100
133 81 100
133 81 100
133 81 100
133 81 100
133 81 100
133 81 100
133 81 100
133 81 100
133 81 100
133 81 100
133 81 100
133 81 100
133 81 100
133 81 100
133 81 100
133 81 100
133 81 100
133 81 100
133 81 100
133 81 100
133 81 100
133 81 100
133 81 100
133 81 100
133 81 100
133 81 100
133 81 100
133 81 100
133 81 100
133 81 100
133 81 100
133 81 100
133 81 100
133 81 100
133 81 100
134 81 100
134 81 100
134 81 100
134 81 100
134 81 100
134 81 100
134 81 100
134 81 100
134 81 100
134 81 100
134 81 100
134 81 100
134 81 100
134 81 100
134 81 100
134 81 100
134 81 100
134 81 100
134 81 100
134 81 100
134 81 100
134 81 100
134 81 100
134 81 100
134 81 100
134 81 100
134 81 100
134 81 100
134 81 100
134 81 100
134 81 100
134 81 100
134 81 100
134 81 100
134 81 100
134 81 100
135 81 100
135 81 100
135 81 100
135 81 100
135 81 100
135 81 100
135 81 100
135 81 100
135 81 100
135 81 100
135 81 100
135 81 100
135 81 100
135 81 100
135 81 100
135 81 100
135 81 100
135 81 100
135 81 100
135 81 100
135 81 100
135 81 100
135 81 100
135 81 100
135 81 100
135 81 100
135 81 100
135 81 100
135 81 100
135 81 100
135 81 100
135 81 100
135 81 100
135 81 100
135 81 100
135 81 100
136 81 100
136 81 100
136 81 100
136 81 100
136 81 100
136 81 100
136 81 100
136 81 100
136 81 100
136 81 100
136 81 100
136 81 100
136 81 100
136 81 100
136 81 100
136 81 100
136 81 100
136 81 100
136 81 100
136 81 100
136 81 100
136 81 100
136 81 100
136 81 100
136 81 100
136 81 100
136 81 100
136 81 100
136 81 100
136 81 100
136 81 100
136 81 100
136 81 100
136 81 100
136 81 100
137 81 100
137 81 100
137 81 100
137 81 100
137 81 100
137 81 100
137 81 100
137 81 100
137 81 100
137 81 100
137 81 100
137 81 100
137 81 100
137 81 100
137 81 100
137 81 100
137 81 100
137 81 100
137 81 100
137 81 100
137 81 100
137 81 100
137 81 100
137 81 100
137 81 100
137 81 100
137 81 100
137 81 100
137 81 100
137 81 100
137 81 100
137 81 100
137 81 100
137 81 100
138 81 100
138 81 100
138 81 100
138 81 100
138 81 100
138 81 100
138 81 100
138 81 100
138 81 100
138 81 100
138 81 100
138 81 100
138 81 100
138 81 100
138 81 100
138 81 100
138 81 100
138 81 100
138 81 100
138 81 100
138 81 100
138 81 100
138 81 100
138 81 100
138 81 100
138 81 100
138 81 100
138 81 100
138 81 100
138 81 100
138 81 100
138 81 100
138 81 100
139 81 100
139 81 100
139 81 100
139 81 100
139 81 100
139 81 100
139 81 100
139 81 100
139 81 100
139 81 100
139 81 100
139 81 100
139 81 100
139 81 100
139 81 100
139 81 100
139 81 100
139 81 100
139 81 100
139 81 100
139 81 100
139 81 100
139 81 100
139 81 100
139 81 100
139 81 100
139 81 100
139 81 100
139 81 100
139 81 100
139 81 100
140 81 100
140 81 100
140 81 100
140 81 100
140 81 100
140 81 100
140 81 100
140 81 100
140 81 100
140 81 100
140 81 100
140 81 100
140 81 100
140 81 100
140 81 100
140 81 100
140 81 100
140 81 100
140 81 100
140 81 100
140 81 100
140 81 100
140 81 100
140 81 100
140 81 100
140 81 100
140 81 100
140 81 100
141 81 100
141 81 100
141 81 100
141 81 100
141 81 100
141 81 100
141 81 100
141 81 100
141 81 100
141 81 100
141 81 100
141 81 100
141 81 100
141 81 100
141 81 100
141 81 100
141 81 100
141 81 100
141 81 100
141 81 100
141 81 100
141 81 100
141 81 100
141 81 100
141 81 100
142 81 100
142 81 100
142 81 100
142 81 100
142 81 100
142 81 100
142 81 100
142 81 100
142 81 100
142 81 100
142 81 100
142 81 100
142 81 100
142 81 100
142 81 100
142 81 100
142 81 100
142 81 100
142 81 100
142 81 100
142 81 100
142 81 100
143 81 100
143 81 100
143 81 100
143 81 100
143 81 100
143 81 100
143 81 100
143 81 100
143 81 100
143 81 100
143 81 100
143 81 100
143 81 100
143 81 100
143 81 100
143 81 100
143 81 100
143 81 100
144 81 100
144 81 100
144 81 100
144 81 100
144 81 100
144 81 100
144 81 100
144 81 100
144 81 100
144 81 100
144 81 100
144 81 100
144 81 100
144 81 100
144 81 100
145 81 100
145 81 100
145 81 100
145 81 100
145 81 100
145 81 100
145 81 100
145 81 100
145 81 100
145 81 100
145 81 100
145 81 100
146 81 100
146 81 100
146 81 100
146 81 100
146 81 100
146 81 100
146 81 100
146 81 100
146 81 100
146 81 100
147 81 100
147 81 100
147 81 100
147 81 100
147 81 100
147 81 100
147 81 100
147 81 100
148 81 100
148 81 100
148 81 100
148 81 100
148 81 100
148 81 100
149 81 100
149 81 100
149 81 100
149 81 100
149 81 100
150 81 100
150 81 100
150 81 100
150 81 100
151 81 100
151 81 100
151 81 100
152 81 100
152 81 100
153 81 100
153 81 100
154 81 100
154 81 100
155 81 100
156 81 100
157 81 100
158 81 100
159 81 100
160 81 100
161 81 100
162 81 100
163 81 100
164 81 100
165 81 100
166 81 100
167 81 100
168 81 100
169 81 100
170 81 100
171 81 100
172 81 100
173 81 100
174 81 100
175 81 100
176 81 100
177 81 100
178 81 100
179 81 100
180 81 100
181 81 100
182 81 100
183 81 100
184 81 100
185 81 100
186 81 100
187 81 100
188 81 100
188 81 100
189 81 100
189 81 100
190 81 100
190 81 100
191 81 100
191 81 100
191 81 100
192 81 100
192 81 100
192 81 100
193 81 100
193 81 100
193 81 100
194 81 100
194 81 100
194 81 100
194 81 100
195 81 100
195 81 100
195 81 100
195 81 100
196 81 100
196 81 100
196 81 100
196 81 100
196 81 100
197 81 100
197 81 100
197 81 100
197 81 100
197 81 100
197 81 100
