# move from (53,67) to (117,155)
53 67 100
54 67 100
55 67 100
56 67 100
57 67 100
58 67 100
59 67 100
60 67 100
61 67 100
62 67 100
63 67 100
64 67 100
65 67 100
66 67 100
67 67 100
68 67 100
69 67 100
70 67 100
71 67 100
72 67 100
73 67 100
74 67 100
75 67 100
76 67 100
77 67 100
78 67 100
78 67 100
79 67 100
79 67 100
80 67 100
80 67 100
80 67 100
81 67 100
81 67 100
81 67 100
81 67 100
82 67 100
82 67 100
82 67 100
82 67 100
82 67 100
82 67 100
83 67 100
83 67 100
83 67 100
83 67 100
83 67 100
83 67 100
83 67 100
84 67 100
84 67 100
84 67 100
84 67 100
84 67 100
84 67 100
84 67 100
84 67 100
84 67 100
85 67 100
85 67 100
85 67 100
85 67 100
85 67 100
85 67 100
85 67 100
85 67 100
85 67 100
85 67 100
86 67 100
86 67 100
86 67 100
86 67 100
86 67 100
86 67 100
86 67 100
86 67 100
86 67 100
86 67 100
86 67 100
87 67 100
87 67 100
87 67 100
87 67 100
87 67 100
87 67 100
87 67 100
87 67 100
87 67 100
87 67 100
87 67 100
87 67 100
88 67 100
88 67 100
88 67 100
88 67 100
88 67 100
88 67 100
88 67 100
88 67 100
88 67 100
88 67 100
88 67 100
88 67 100
88 67 100
88 67 100
89 67 100
89 67 100
89 67 100
89 67 100
89 67 100
89 67 100
89 67 100
89 67 100
89 67 100
89 67 100
89 67 100
89 67 100
89 67 100
89 67 100
89 67 100
90 67 100
90 67 100
90 67 100
90 67 100
90 67 100
90 67 100
90 67 100
90 67 100
90 67 100
90 67 100
90 67 100
90 67 100
90 67 100
90 67 100
90 67 100
90 67 100
90 67 100
91 67 100
91 67 100
91 67 100
91 67 100
91 67 100
91 67 100
91 67 100
91 67 100
91 67 100
91 67 100
91 67 100
91 67 100
91 67 100
91 67 100
91 67 100
91 67 100
91 67 100
91 67 100
91 67 100
91 67 100
92 67 100
92 67 100
92 67 100
92 67 100
92 67 100
92 67 100
92 67 100
92 67 100
92 67 100
92 67 100
92 67 100
92 67 100
92 67 100
92 67 100
92 67 100
92 67 100
92 67 100
92 67 100
92 67 100
92 67 100
92 67 100
92 67 100
92 67 100
93 67 100
93 67 100
93 67 100
93 67 100
93 67 100
93 67 100
93 67 100
93 67 100
93 67 100
93 67 100
93 67 100
93 67 100
93 67 100
93 67 100
93 67 100
93 67 100
93 67 100
93 67 100
93 67 100
93 67 100
93 67 100
93 67 100
93 67 100
93 67 100
93 67 100
93 67 100
94 67 100
94 67 100
94 67 100
94 67 100
94 67 100
94 67 100
94 67 100
94 67 100
94 67 100
94 67 100
94 67 100
94 67 100
94 67 100
94 67 100
94 67 100
94 67 100
94 67 100
94 67 100
94 67 100
94 67 100
94 67 100
94 67 100
94 67 100
94 67 100
94 67 100
94 67 100
94 67 100
94 67 100
94 67 100
95 67 100
95 67 100
95 67 100
95 67 100
95 67 100
95 67 100
95 67 100
95 67 100
95 67 100
95 67 100
95 67 100
95 67 100
95 67 100
95 67 100
95 67 100
95 67 100
95 67 100
95 67 100
95 67 100
95 67 100
95 67 100
95 67 100
95 67 100
95 67 100
95 67 100
95 67 100
95 67 100
95 67 100
95 67 100
95 67 100
95 67 100
95 67 100
96 67 100
96 67 100
96 67 100
96 67 100
96 67 100
96 67 100
96 67 100
96 67 100
96 67 100
96 67 100
96 67 100
96 67 100
96 67 100
96 67 100
96 67 100
96 67 100
96 67 100
96 67 100
96 67 100
96 67 100
96 67 100
96 67 100
96 67 100
96 67 100
96 67 100
96 67 100
96 67 100
96 67 100
96 67 100
96 67 100
96 67 100
96 67 100
96 67 100
96 67 100
96 67 100
97 67 100
97 67 100
97 67 100
97 67 100
97 67 100
97 67 100
97 67 100
97 67 100
97 67 100
97 67 100
97 67 100
97 67 100
97 67 100
97 67 100
97 67 100
97 67 100
97 67 100
97 67 100
97 67 100
97 67 100
97 67 100
97 67 100
97 67 100
97 67 100
97 67 100
97 67 100
97 67 100
97 67 100
97 67 100
97 67 100
97 67 100
97 67 100
97 67 100
97 67 100
97 67 100
97 67 100
97 67 100
98 67 100
98 67 100
98 67 100
98 67 100
98 67 100
98 67 100
98 67 100
98 67 100
98 67 100
98 67 100
98 67 100
98 67 100
98 67 100
98 67 100
98 67 100
98 67 100
98 67 100
98 67 100
98 67 100
98 67 100
98 67 100
98 67 100
98 67 100
98 67 100
98 67 100
98 67 100
98 67 100
98 67 100
98 67 100
98 67 100
98 67 100
98 67 100
98 67 100
98 67 100
98 67 100
98 67 100
98 67 100
98 67 100
99 67 100
99 67 100
99 67 100
99 67 100
99 67 100
99 67 100
99 67 100
99 67 100
99 67 100
99 67 100
99 67 100
99 67 100
99 67 100
99 67 100
99 67 100
99 67 100
99 67 100
99 67 100
99 67 100
99 67 100
99 67 100
99 67 100
99 67 100
99 67 100
99 67 100
99 67 100
99 67 100
99 67 100
99 67 100
99 67 100
99 67 100
99 67 100
99 67 100
99 67 100
99 67 100
99 67 100
99 67 100
99 67 100
100 67 100
100 67 100
100 67 100
100 67 100
100 67 100
100 67 100
100 67 100
100 67 100
100 67 100
100 67 100
100 67 100
100 67 100
100 67 100
100 67 100
100 67 100
100 67 100
100 67 100
100 67 100
100 67 100
100 67 100
100 67 100
100 67 100
100 67 100
100 67 100
100 67 100
100 67 100
100 67 100
100 67 100
100 67 100
100 67 100
100 67 100
100 67 100
100 67 100
100 67 100
100 67 100
100 67 100
100 67 100
100 67 100
100 67 100
101 67 100
101 67 100
101 67 100
101 67 100
101 67 100
101 67 100
101 67 100
101 67 100
101 67 100
101 67 100
101 67 100
101 67 100
101 67 100
101 67 100
101 67 100
101 67 100
101 67 100
101 67 100
101 67 100
101 67 100
101 67 100
101 67 100
101 67 100
101 67 100
101 67 100
101 67 100
101 67 100
101 67 100
101 67 100
101 67 100
101 67 100
101 67 100
101 67 100
101 67 100
101 67 100
101 67 100
101 67 100
101 67 100
101 67 100
102 67 100
102 67 100
102 67 100
102 67 100
102 67 100
102 67 100
102 67 100
102 67 100
102 67 100
102 67 100
102 67 100
102 67 100
102 67 100
102 67 100
102 67 100
102 67 100
102 67 100
102 67 100
102 67 100
102 67 100
102 67 100
102 67 100
102 67 100
102 67 100
102 67 100
102 67 100
102 67 100
102 67 100
102 67 100
102 67 100
102 67 100
102 67 100
102 67 100
102 67 100
102 67 100
102 67 100
102 67 100
102 67 100
102 67 100
102 67 100
103 67 100
103 67 100
103 67 100
103 67 100
103 67 100
103 67 100
103 67 100
103 67 100
103 67 100
103 67 100
103 67 100
103 67 100
103 67 100
103 67 100
103 67 100
103 67 100
103 67 100
103 67 100
103 67 100
103 67 100
103 67 100
103 67 100
103 67 100
103 67 100
103 67 100
103 67 100
103 67 100
103 67 100
103 67 100
103 67 100
103 67 100
103 67 100
103 67 100
103 67 100
103 67 100
103 67 100
103 67 100
103 67 100
103 67 100
103 67 100
104 67 100
104 67 100
104 67 100
104 67 100
104 67 100
104 67 100
104 67 100
104 67 100
104 67 100
104 67 100
104 67 100
104 67 100
104 67 100
104 67 100
104 67 100
104 67 100
104 67 100
104 67 100
104 67 100
104 67 100
104 67 100
104 67 100
104 67 100
104 67 100
104 67 100
104 67 100
104 67 100
104 67 100
104 67 100
104 67 100
104 67 100
104 67 100
104 67 100
104 67 100
104 67 100
104 67 100
104 67 100
104 67 100
104 67 100
104 67 100
105 67 100
105 67 100
105 67 100
105 67 100
105 67 100
105 67 100
105 67 100
105 67 100
105 67 100
105 67 100
105 67 100
105 67 100
105 67 100
105 67 100
105 67 100
105 67 100
105 67 100
105 67 100
105 67 100
105 67 100
105 67 100
105 67 100
105 67 100
105 67 100
105 67 100
105 67 100
105 67 100
105 67 100
105 67 100
105 67 100
105 67 100
105 67 100
105 67 100
105 67 100
105 67 100
105 67 100
105 67 100
105 67 100
105 67 100
106 67 100
106 67 100
106 67 100
106 67 100
106 67 100
106 67 100
106 67 100
106 67 100
106 67 100
106 67 100
106 67 100
106 67 100
106 67 100
106 67 100
106 67 100
106 67 100
106 67 100
106 67 100
106 67 100
106 67 100
106 67 100
106 67 100
106 67 100
106 67 100
106 67 100
106 67 100
106 67 100
106 67 100
106 67 100
106 67 100
106 67 100
106 67 100
106 67 100
106 67 100
106 67 100
106 67 100
106 67 100
107 67 100
107 67 100
107 67 100
107 67 100
107 67 100
107 67 100
107 67 100
107 67 100
107 67 100
107 67 100
107 67 100
107 67 100
107 67 100
107 67 100
107 67 100
107 67 100
107 67 100
107 67 100
107 67 100
107 67 100
107 67 100
107 67 100
107 67 100
107 67 100
107 67 100
107 67 100
107 67 100
107 67 100
107 67 100
107 67 100
107 67 100
107 67 100
107 67 100
107 67 100
107 67 100
108 67 100
108 67 100
108 67 100
108 67 100
108 67 100
108 67 100
108 67 100
108 67 100
108 67 100
108 67 100
108 67 100
108 67 100
108 67 100
108 67 100
108 67 100
108 67 100
108 67 100
108 67 100
108 67 100
108 67 100
108 67 100
108 67 100
108 67 100
108 67 100
108 67 100
108 67 100
108 67 100
108 67 100
108 67 100
108 67 100
108 67 100
108 67 100
108 67 100
109 67 100
109 67 100
109 67 100
109 67 100
109 67 100
109 67 100
109 67 100
109 67 100
109 67 100
109 67 100
109 67 100
109 67 100
109 67 100
109 67 100
109 67 100
109 67 100
109 67 100
109 67 100
109 67 100
109 67 100
109 67 100
109 67 100
109 67 100
109 67 100
109 67 100
109 67 100
109 67 100
109 67 100
109 67 100
109 67 100
109 67 100
110 67 100
110 67 100
110 67 100
110 67 100
110 67 100
110 67 100
110 67 100
110 67 100
110 67 100
110 67 100
110 67 100
110 67 100
110 67 100
110 67 100
110 67 100
110 67 100
110 67 100
110 67 100
110 67 100
110 67 100
110 67 100
110 67 100
110 67 100
110 67 100
110 67 100
110 67 100
110 67 100
110 67 100
111 67 100
111 67 100
111 67 100
111 67 100
111 67 100
111 67 100
111 67 100
111 67 100
111 67 100
111 67 100
111 67 100
111 67 100
111 67 100
111 67 100
111 67 100
111 67 100
111 67 100
111 67 100
111 67 100
111 67 100
111 67 100
111 67 100
111 67 100
111 67 100
111 67 100
112 67 100
112 67 100
112 67 100
112 67 100
112 67 100
112 67 100
112 67 100
112 67 100
112 67 100
112 67 100
112 67 100
112 67 100
112 67 100
112 67 100
112 67 100
112 67 100
112 67 100
112 67 100
112 67 100
112 67 100
112 67 100
113 67 100
113 67 100
113 67 100
113 67 100
113 67 100
113 67 100
113 67 100
113 67 100
113 67 100
113 67 100
113 67 100
113 67 100
113 67 100
113 67 100
113 67 100
113 67 100
113 67 100
113 67 100
114 67 100
114 67 100
114 67 100
114 67 100
114 67 100
114 67 100
114 67 100
114 67 100
114 67 100
114 67 100
114 67 100
114 67 100
114 67 100
114 67 100
115 67 100
115 67 100
115 67 100
115 67 100
115 67 100
115 67 100
115 67 100
115 67 100
115 67 100
115 67 100
115 67 100
115 67 100
116 67 100
116 67 100
116 67 100
116 67 100
116 67 100
116 67 100
116 67 100
116 67 100
116 67 100
116 67 100
117 67 100
117 67 100
117 67 100
117 67 100
117 67 100
117 67 100
117 67 100
117 67 100
117 68 100
117 68 100
117 68 100
117 68 100
117 68 100
117 68 100
117 68 100
117 68 100
117 69 100
117 69 100
117 69 100
117 69 100
117 69 100
117 69 100
117 69 100
117 70 100
117 70 100
117 70 100
117 70 100
117 70 100
117 70 100
117 71 100
117 71 100
117 71 100
117 71 100
117 71 100
117 71 100
117 72 100
117 72 100
117 72 100
117 72 100
117 72 100
117 73 100
117 73 100
117 73 100
117 73 100
117 73 100
117 74 100
117 74 100
117 74 100
117 74 100
117 75 100
117 75 100
117 75 100
117 75 100
117 76 100
117 76 100
117 76 100
117 76 100
117 77 100
117 77 100
117 77 100
117 78 100
117 78 100
117 78 100
117 79 100
117 79 100
117 79 100
117 80 100
117 80 100
117 81 100
117 81 100
117 82 100
117 82 100
117 83 100
117 84 100
117 85 100
117 86 100
117 87 100
117 88 100
117 89 100
117 90 100
117 91 100
117 92 100
117 93 100
117 94 100
117 95 100
117 96 100
117 97 100
117 98 100
117 99 100
117 99 100
117 100 100
117 100 100
117 101 100
117 101 100
117 102 100
117 102 100
117 103 100
117 103 100
117 103 100
117 104 100
117 104 100
117 104 100
117 105 100
117 105 100
117 105 100
117 106 100
117 106 100
117 106 100
117 107 100
117 107 100
117 107 100
117 108 100
117 108 100
117 108 100
117 109 100
117 109 100
117 109 100
117 110 100
117 110 100
117 110 100
117 111 100
117 111 100
117 111 100
117 112 100
117 112 100
117 112 100
117 113 100
117 113 100
117 113 100
117 114 100
117 114 100
117 114 100
117 115 100
117 115 100
117 115 100
117 115 100
117 116 100
117 116 100
117 116 100
117 116 100
117 117 100
117 117 100
117 117 100
117 117 100
117 117 100
117 118 100
117 118 100
117 118 100
117 118 100
117 118 100
117 119 100
117 119 100
117 119 100
117 119 100
117 119 100
117 119 100
117 120 100
117 120 100
117 120 100
117 120 100
117 120 100
117 120 100
117 121 100
117 121 100
117 121 100
117 121 100
117 121 100
117 121 100
117 122 100
117 122 100
117 122 100
117 122 100
117 122 100
117 122 100
117 123 100
117 123 100
117 123 100
117 123 100
117 123 100
117 123 100
117 124 100
117 124 100
117 124 100
117 124 100
117 124 100
117 125 100
117 125 100
117 125 100
117 125 100
117 125 100
117 126 100
117 126 100
117 126 100
117 126 100
117 126 100
117 127 100
117 127 100
117 127 100
117 127 100
117 128 100
117 128 100
117 128 100
117 128 100
117 129 100
117 129 100
117 129 100
117 129 100
117 130 100
117 130 100
117 130 100
117 130 100
117 131 100
117 131 100
117 131 100
117 131 100
117 132 100
117 132 100
117 132 100
117 132 100
117 133 100
117 133 100
117 133 100
117 133 100
117 134 100
117 134 100
117 134 100
117 135 100
117 135 100
117 135 100
117 136 100
117 136 100
117 136 100
117 137 100
117 137 100
117 137 100
117 138 100
117 138 100
117 138 100
117 139 100
117 139 100
117 140 100
117 140 100
117 141 100
117 142 100
117 143 100
117 144 100
117 145 100
117 146 100
117 147 100
117 148 100
117 149 100
117 150 100
117 151 100
117 152 100
117 153 100
117 154 100
117 155 100
# move from (168,147) to (117,155)
168 147 100
167 147 100
166 147 100
165 147 100
164 147 100
163 147 100
162 147 100
161 147 100
160 147 100
159 147 100
158 147 100
157 147 100
156 147 100
155 147 100
154 147 100
153 147 100
152 147 100
151 147 100
150 147 100
149 147 100
148 147 100
147 147 100
146 147 100
145 147 100
144 147 100
143 147 100
142 147 100
141 147 100
140 147 100
139 147 100
138 147 100
137 147 100
136 147 100
135 147 100
134 147 100
133 147 100
132 147 100
131 147 100
130 147 100
129 147 100
128 147 100
127 147 100
126 147 100
125 147 100
124 147 100
123 147 100
122 147 100
121 147 100
120 147 100
119 147 100
118 147 100
# move from (5,196) to (117,155)
5 196 100
6 196 100
7 196 100
8 196 100
9 196 100
10 196 100
11 196 100
11 196 100
12 196 100
12 196 100
13 196 100
13 196 100
14 196 100
14 196 100
15 196 100
16 196 100
17 196 100
18 196 100
19 196 100
20 196 100
21 196 100
21 196 100
22 196 100
22 196 100
23 196 100
23 196 100
24 196 100
24 196 100
25 196 100
25 196 100
25 196 100
26 196 100
26 196 100
26 196 100
27 196 100
27 196 100
27 196 100
27 196 100
28 196 100
28 196 100
28 196 100
28 196 100
28 196 100
29 196 100
29 196 100
29 196 100
29 196 100
29 196 100
29 196 100
30 196 100
30 196 100
30 196 100
30 196 100
30 196 100
30 196 100
30 196 100
31 196 100
31 196 100
31 196 100
31 196 100
31 196 100
31 196 100
31 196 100
31 196 100
32 196 100
32 196 100
32 196 100
32 196 100
32 196 100
32 196 100
32 196 100
32 196 100
32 196 100
33 196 100
33 196 100
33 196 100
33 196 100
33 196 100
33 196 100
33 196 100
33 196 100
33 196 100
33 196 100
34 196 100
34 196 100
34 196 100
34 196 100
34 196 100
34 196 100
34 196 100
34 196 100
34 196 100
34 196 100
35 196 100
35 196 100
35 196 100
35 196 100
35 196 100
35 196 100
35 196 100
35 196 100
35 196 100
35 196 100
35 196 100
36 196 100
36 196 100
36 196 100
36 196 100
36 196 100
36 196 100
36 196 100
36 196 100
36 196 100
36 196 100
36 196 100
37 196 100
37 196 100
37 196 100
37 196 100
37 196 100
37 196 100
37 196 100
37 196 100
37 196 100
37 196 100
37 196 100
38 196 100
38 196 100
38 196 100
38 196 100
38 196 100
38 196 100
38 196 100
38 196 100
38 196 100
38 196 100
38 196 100
39 196 100
39 196 100
39 196 100
39 196 100
39 196 100
39 196 100
39 196 100
39 196 100
39 196 100
39 196 100
39 196 100
40 196 100
40 196 100
40 196 100
40 196 100
40 196 100
40 196 100
40 196 100
40 196 100
40 196 100
40 196 100
40 196 100
40 196 100
41 196 100
41 196 100
41 196 100
41 196 100
41 196 100
41 196 100
41 196 100
41 196 100
41 196 100
41 196 100
41 196 100
41 196 100
42 196 100
42 196 100
42 196 100
42 196 100
42 196 100
42 196 100
42 196 100
42 196 100
42 196 100
42 196 100
42 196 100
42 196 100
43 196 100
43 196 100
43 196 100
43 196 100
43 196 100
43 196 100
43 196 100
43 196 100
43 196 100
43 196 100
43 196 100
43 196 100
44 196 100
44 196 100
44 196 100
44 196 100
44 196 100
44 196 100
44 196 100
44 196 100
44 196 100
44 196 100
44 196 100
44 196 100
45 196 100
45 196 100
45 196 100
45 196 100
45 196 100
45 196 100
45 196 100
45 196 100
45 196 100
45 196 100
45 196 100
46 196 100
46 196 100
46 196 100
46 196 100
46 196 100
46 196 100
46 196 100
46 196 100
46 196 100
46 196 100
47 196 100
47 196 100
47 196 100
47 196 100
47 196 100
47 196 100
47 196 100
47 196 100
48 196 100
48 196 100
48 196 100
48 196 100
48 196 100
48 196 100
48 196 100
49 196 100
49 196 100
49 196 100
49 196 100
49 196 100
49 196 100
50 196 100
50 196 100
50 196 100
50 196 100
51 196 100
51 196 100
51 196 100
52 196 100
52 196 100
53 196 100
53 196 100
54 196 100
54 196 100
55 196 100
56 196 100
57 196 100
58 196 100
59 196 100
60 196 100
61 196 100
62 196 100
63 196 100
64 196 100
65 196 100
66 196 100
67 196 100
68 196 100
69 196 100
70 196 100
71 196 100
72 196 100
73 196 100
74 196 100
75 196 100
76 196 100
77 196 100
78 196 100
79 196 100
80 196 100
81 196 100
82 196 100
83 196 100
84 196 100
85 196 100
86 196 100
87 196 100
88 196 100
89 196 100
90 196 100
91 196 100
92 196 100
93 196 100
94 196 100
95 196 100
96 196 100
97 196 100
98 196 100
99 196 100
100 196 100
101 196 100
102 196 100
103 196 100
104 196 100
105 196 100
106 196 100
107 196 100
108 196 100
109 196 100
110 196 100
111 196 100
112 196 100
112 196 100
113 196 100
113 196 100
114 196 100
114 196 100
115 196 100
115 196 100
116 196 100
116 196 100
116 196 100
117 196 100
117 196 100
117 196 100
117 195 100
117 195 100
117 195 100
117 194 100
117 194 100
117 193 100
117 193 100
117 192 100
117 191 100
117 190 100
117 189 100
117 188 100
117 187 100
117 186 100
117 185 100
117 184 100
117 183 100
117 182 100
117 181 100
117 180 100
117 179 100
117 178 100
117 177 100
117 176 100
117 175 100
117 174 100
117 173 100
117 172 100
117 171 100
117 170 100
117 169 100
117 168 100
117 167 100
117 166 100
117 165 100
117 164 100
117 163 100
117 162 100
117 161 100
117 160 100
117 159 100
117 158 100
117 157 100
117 156 100
# move from (1,28) to (117,155)
1 28 100
2 28 100
3 28 100
4 28 100
5 28 100
6 28 100
7 28 100
8 28 100
9 28 100
10 28 100
11 28 100
12 28 100
12 28 100
13 28 100
13 28 100
14 28 100
14 28 100
14 28 100
15 28 100
15 28 100
15 28 100
16 28 100
16 28 100
16 28 100
16 28 100
17 28 100
17 28 100
17 28 100
17 28 100
17 28 100
18 28 100
18 28 100
18 28 100
18 28 100
18 28 100
18 28 100
19 28 100
19 28 100
19 28 100
19 28 100
19 28 100
19 28 100
19 28 100
20 28 100
20 28 100
20 28 100
20 28 100
20 28 100
20 28 100
20 28 100
20 28 100
21 28 100
21 28 100
21 28 100
21 28 100
21 28 100
21 28 100
21 28 100
21 28 100
22 28 100
22 28 100
22 28 100
22 28 100
22 28 100
22 28 100
22 28 100
22 28 100
22 28 100
23 28 100
23 28 100
23 28 100
23 28 100
23 28 100
23 28 100
23 28 100
23 28 100
23 28 100
23 28 100
24 28 100
24 28 100
24 28 100
24 28 100
24 28 100
24 28 100
24 28 100
24 28 100
24 28 100
24 28 100
24 28 100
25 28 100
25 28 100
25 28 100
25 28 100
25 28 100
25 28 100
25 28 100
25 28 100
25 28 100
25 28 100
25 28 100
25 28 100
26 28 100
26 28 100
26 28 100
26 28 100
26 28 100
26 28 100
26 28 100
26 28 100
26 28 100
26 28 100
26 28 100
26 28 100
26 28 100
26 28 100
27 28 100
27 28 100
27 28 100
27 28 100
27 28 100
27 28 100
27 28 100
27 28 100
27 28 100
27 28 100
27 28 100
27 28 100
27 28 100
27 28 100
27 28 100
27 28 100
28 28 100
28 28 100
28 28 100
28 28 100
28 28 100
28 28 100
28 28 100
28 28 100
28 28 100
28 28 100
28 28 100
28 28 100
28 28 100
28 28 100
28 28 100
28 28 100
28 28 100
28 28 100
29 28 100
29 28 100
29 28 100
29 28 100
29 28 100
29 28 100
29 28 100
29 28 100
29 28 100
29 28 100
29 28 100
29 28 100
29 28 100
29 28 100
29 28 100
29 28 100
29 28 100
29 28 100
29 28 100
29 28 100
29 28 100
30 28 100
30 28 100
30 28 100
30 28 100
30 28 100
30 28 100
30 28 100
30 28 100
30 28 100
30 28 100
30 28 100
30 28 100
30 28 100
30 28 100
30 28 100
30 28 100
30 28 100
30 28 100
30 28 100
30 28 100
30 28 100
30 28 100
30 28 100
31 28 100
31 28 100
31 28 100
31 28 100
31 28 100
31 28 100
31 28 100
31 28 100
31 28 100
31 28 100
31 28 100
31 28 100
31 28 100
31 28 100
31 28 100
31 28 100
31 28 100
31 28 100
31 28 100
31 28 100
31 28 100
31 28 100
31 28 100
31 28 100
31 28 100
32 28 100
32 28 100
32 28 100
32 28 100
32 28 100
32 28 100
32 28 100
32 28 100
32 28 100
32 28 100
32 28 100
32 28 100
32 28 100
32 28 100
32 28 100
32 28 100
32 28 100
32 28 100
32 28 100
32 28 100
32 28 100
32 28 100
32 28 100
32 28 100
32 28 100
32 28 100
33 28 100
33 28 100
33 28 100
33 28 100
33 28 100
33 28 100
33 28 100
33 28 100
33 28 100
33 28 100
33 28 100
33 28 100
33 28 100
33 28 100
33 28 100
33 28 100
33 28 100
33 28 100
33 28 100
33 28 100
33 28 100
33 28 100
33 28 100
33 28 100
33 28 100
33 28 100
33 28 100
34 28 100
34 28 100
34 28 100
34 28 100
34 28 100
34 28 100
34 28 100
34 28 100
34 28 100
34 28 100
34 28 100
34 28 100
34 28 100
34 28 100
34 28 100
34 28 100
34 28 100
34 28 100
34 28 100
34 28 100
34 28 100
34 28 100
34 28 100
34 28 100
34 28 100
34 28 100
34 28 100
35 28 100
35 28 100
35 28 100
35 28 100
35 28 100
35 28 100
35 28 100
35 28 100
35 28 100
35 28 100
35 28 100
35 28 100
35 28 100
35 28 100
35 28 100
35 28 100
35 28 100
35 28 100
35 28 100
35 28 100
35 28 100
35 28 100
35 28 100
35 28 100
35 28 100
35 28 100
35 28 100
36 28 100
36 28 100
36 28 100
36 28 100
36 28 100
36 28 100
36 28 100
36 28 100
36 28 100
36 28 100
36 28 100
36 28 100
36 28 100
36 28 100
36 28 100
36 28 100
36 28 100
36 28 100
36 28 100
36 28 100
36 28 100
36 28 100
36 28 100
36 28 100
36 28 100
36 28 100
37 28 100
37 28 100
37 28 100
37 28 100
37 28 100
37 28 100
37 28 100
37 28 100
37 28 100
37 28 100
37 28 100
37 28 100
37 28 100
37 28 100
37 28 100
37 28 100
37 28 100
37 28 100
37 28 100
37 28 100
37 28 100
37 28 100
37 28 100
37 28 100
37 28 100
37 28 100
38 28 100
38 28 100
38 28 100
38 28 100
38 28 100
38 28 100
38 28 100
38 28 100
38 28 100
38 28 100
38 28 100
38 28 100
38 28 100
38 28 100
38 28 100
38 28 100
38 28 100
38 28 100
38 28 100
38 28 100
38 28 100
38 28 100
38 28 100
38 28 100
39 28 100
39 28 100
39 28 100
39 28 100
39 28 100
39 28 100
39 28 100
39 28 100
39 28 100
39 28 100
39 28 100
39 28 100
39 28 100
39 28 100
39 28 100
39 28 100
39 28 100
39 28 100
39 28 100
39 28 100
39 28 100
39 28 100
40 28 100
40 28 100
40 28 100
40 28 100
40 28 100
40 28 100
40 28 100
40 28 100
40 28 100
40 28 100
40 28 100
40 28 100
40 28 100
40 28 100
40 28 100
40 28 100
40 28 100
40 28 100
40 28 100
40 28 100
40 28 100
41 28 100
41 28 100
41 28 100
41 28 100
41 28 100
41 28 100
41 28 100
41 28 100
41 28 100
41 28 100
41 28 100
41 28 100
41 28 100
41 28 100
41 28 100
41 28 100
41 28 100
41 28 100
41 28 100
42 28 100
42 28 100
42 28 100
42 28 100
42 28 100
42 28 100
42 28 100
42 28 100
42 28 100
42 28 100
42 28 100
42 28 100
42 28 100
42 28 100
42 28 100
42 28 100
42 28 100
42 28 100
43 28 100
43 28 100
43 28 100
43 28 100
43 28 100
43 28 100
43 28 100
43 28 100
43 28 100
43 28 100
43 28 100
43 28 100
43 28 100
43 28 100
43 28 100
43 28 100
43 28 100
44 28 100
44 28 100
44 28 100
44 28 100
44 28 100
44 28 100
44 28 100
44 28 100
44 28 100
44 28 100
44 28 100
44 28 100
44 28 100
44 28 100
44 28 100
44 28 100
45 28 100
45 28 100
45 28 100
45 28 100
45 28 100
45 28 100
45 28 100
45 28 100
45 28 100
45 28 100
45 28 100
45 28 100
45 28 100
45 28 100
45 28 100
45 28 100
46 28 100
46 28 100
46 28 100
46 28 100
46 28 100
46 28 100
46 28 100
46 28 100
46 28 100
46 28 100
46 28 100
46 28 100
46 28 100
46 28 100
46 28 100
47 28 100
47 28 100
47 28 100
47 28 100
47 28 100
47 28 100
47 28 100
47 28 100
47 28 100
47 28 100
47 28 100
47 28 100
47 28 100
47 28 100
47 28 100
48 28 100
48 28 100
48 28 100
48 28 100
48 28 100
48 28 100
48 28 100
48 28 100
48 28 100
48 28 100
48 28 100
48 28 100
48 28 100
48 28 100
48 28 100
49 28 100
49 28 100
49 28 100
49 28 100
49 28 100
49 28 100
49 28 100
49 28 100
49 28 100
49 28 100
49 28 100
49 28 100
49 28 100
49 28 100
49 28 100
50 28 100
50 28 100
50 28 100
50 28 100
50 28 100
50 28 100
50 28 100
50 28 100
50 28 100
50 28 100
50 28 100
50 28 100
50 28 100
50 28 100
51 28 100
51 28 100
51 28 100
51 28 100
51 28 100
51 28 100
51 28 100
51 28 100
51 28 100
51 28 100
51 28 100
51 28 100
51 28 100
51 28 100
52 28 100
52 28 100
52 28 100
52 28 100
52 28 100
52 28 100
52 28 100
52 28 100
52 28 100
52 28 100
52 28 100
52 28 100
52 28 100
53 28 100
53 28 100
53 28 100
53 28 100
53 28 100
53 28 100
53 28 100
53 28 100
53 28 100
53 28 100
53 28 100
53 28 100
53 28 100
54 28 100
54 28 100
54 28 100
54 28 100
54 28 100
54 28 100
54 28 100
54 28 100
54 28 100
54 28 100
54 28 100
54 28 100
55 28 100
55 28 100
55 28 100
55 28 100
55 28 100
55 28 100
55 28 100
55 28 100
55 28 100
55 28 100
55 28 100
55 28 100
56 28 100
56 28 100
56 28 100
56 28 100
56 28 100
56 28 100
56 28 100
56 28 100
56 28 100
56 28 100
56 28 100
57 28 100
57 28 100
57 28 100
57 28 100
57 28 100
57 28 100
57 28 100
57 28 100
57 28 100
57 28 100
58 28 100
58 28 100
58 28 100
58 28 100
58 28 100
58 28 100
58 28 100
58 28 100
58 28 100
59 28 100
59 28 100
59 28 100
59 28 100
59 28 100
59 28 100
59 28 100
60 28 100
60 28 100
60 28 100
60 28 100
60 28 100
60 28 100
61 28 100
61 28 100
61 28 100
61 28 100
61 28 100
62 28 100
62 28 100
62 28 100
63 28 100
63 28 100
63 28 100
64 28 100
64 28 100
65 28 100
65 28 100
66 28 100
67 28 100
68 28 100
69 28 100
70 28 100
71 28 100
72 28 100
73 28 100
74 28 100
75 28 100
76 28 100
77 28 100
78 28 100
79 28 100
80 28 100
81 28 100
82 28 100
83 28 100
84 28 100
85 28 100
86 28 100
87 28 100
88 28 100
89 28 100
90 28 100
91 28 100
92 28 100
93 28 100
94 28 100
95 28 100
96 28 100
97 28 100
98 28 100
99 28 100
100 28 100
101 28 100
102 28 100
103 28 100
104 28 100
105 28 100
106 28 100
107 28 100
108 28 100
109 28 100
110 28 100
111 28 100
112 28 100
113 28 100
114 28 100
115 28 100
116 28 100
117 28 100
117 28 100
117 29 100
117 29 100
117 30 100
117 30 100
117 31 100
117 31 100
117 32 100
117 32 100
117 33 100
117 33 100
117 34 100
117 34 100
117 34 100
117 35 100
117 35 100
117 35 100
117 36 100
117 36 100
117 36 100
117 36 100
117 37 100
117 37 100
117 37 100
117 37 100
117 37 100
117 38 100
117 38 100
117 38 100
117 38 100
117 38 100
117 38 100
117 38 100
117 39 100
117 39 100
117 39 100
117 39 100
117 39 100
117 39 100
117 39 100
117 39 100
117 39 100
117 40 100
117 40 100
117 40 100
117 40 100
117 40 100
117 40 100
117 40 100
117 40 100
117 40 100
117 40 100
117 41 100
117 41 100
117 41 100
117 41 100
117 41 100
117 41 100
117 41 100
117 41 100
117 41 100
117 41 100
117 41 100
117 41 100
117 42 100
117 42 100
117 42 100
117 42 100
117 42 100
117 42 100
117 42 100
117 42 100
117 42 100
117 42 100
117 42 100
117 42 100
117 42 100
117 42 100
117 43 100
117 43 100
117 43 100
117 43 100
117 43 100
117 43 100
117 43 100
117 43 100
117 43 100
117 43 100
117 43 100
117 43 100
117 43 100
117 43 100
117 43 100
117 44 100
117 44 100
117 44 100
117 44 100
117 44 100
117 44 100
117 44 100
117 44 100
117 44 100
117 44 100
117 44 100
117 44 100
117 44 100
117 44 100
117 44 100
117 44 100
117 44 100
117 45 100
117 45 100
117 45 100
117 45 100
117 45 100
117 45 100
117 45 100
117 45 100
117 45 100
117 45 100
117 45 100
117 45 100
117 45 100
117 45 100
117 45 100
117 45 100
117 45 100
117 45 100
117 46 100
117 46 100
117 46 100
117 46 100
117 46 100
117 46 100
117 46 100
117 46 100
117 46 100
117 46 100
117 46 100
117 46 100
117 46 100
117 46 100
117 46 100
117 46 100
117 46 100
117 46 100
117 46 100
117 47 100
117 47 100
117 47 100
117 47 100
117 47 100
117 47 100
117 47 100
117 47 100
117 47 100
117 47 100
117 47 100
117 47 100
117 47 100
117 47 100
117 47 100
117 47 100
117 47 100
117 47 100
117 47 100
117 47 100
117 48 100
117 48 100
117 48 100
117 48 100
117 48 100
117 48 100
117 48 100
117 48 100
117 48 100
117 48 100
117 48 100
117 48 100
117 48 100
117 48 100
117 48 100
117 48 100
117 48 100
117 48 100
117 48 100
117 48 100
117 48 100
117 49 100
117 49 100
117 49 100
117 49 100
117 49 100
117 49 100
117 49 100
117 49 100
117 49 100
117 49 100
117 49 100
117 49 100
117 49 100
117 49 100
117 49 100
117 49 100
117 49 100
117 49 100
117 49 100
117 49 100
117 49 100
117 49 100
117 50 100
117 50 100
117 50 100
117 50 100
117 50 100
117 50 100
117 50 100
117 50 100
117 50 100
117 50 100
117 50 100
117 50 100
117 50 100
117 50 100
117 50 100
117 50 100
117 50 100
117 50 100
117 50 100
117 50 100
117 50 100
117 50 100
117 50 100
117 51 100
117 51 100
117 51 100
117 51 100
117 51 100
117 51 100
117 51 100
117 51 100
117 51 100
117 51 100
117 51 100
117 51 100
117 51 100
117 51 100
117 51 100
117 51 100
117 51 100
117 51 100
117 51 100
117 51 100
117 51 100
117 51 100
117 51 100
117 52 100
117 52 100
117 52 100
117 52 100
117 52 100
117 52 100
117 52 100
117 52 100
117 52 100
117 52 100
117 52 100
117 52 100
117 52 100
117 52 100
117 52 100
117 52 100
117 52 100
117 52 100
117 52 100
117 52 100
117 52 100
117 52 100
117 52 100
117 52 100
117 53 100
117 53 100
117 53 100
117 53 100
117 53 100
117 53 100
117 53 100
117 53 100
117 53 100
117 53 100
117 53 100
117 53 100
117 53 100
117 53 100
117 53 100
117 53 100
117 53 100
117 53 100
117 53 100
117 53 100
117 53 100
117 53 100
117 53 100
117 53 100
117 54 100
117 54 100
117 54 100
117 54 100
117 54 100
117 54 100
117 54 100
117 54 100
117 54 100
117 54 100
117 54 100
117 54 100
117 54 100
117 54 100
117 54 100
117 54 100
117 54 100
117 54 100
117 54 100
117 54 100
117 54 100
117 54 100
117 54 100
117 55 100
117 55 100
117 55 100
117 55 100
117 55 100
117 55 100
117 55 100
117 55 100
117 55 100
117 55 100
117 55 100
117 55 100
117 55 100
117 55 100
117 55 100
117 55 100
117 55 100
117 55 100
117 55 100
117 55 100
117 55 100
117 55 100
117 55 100
117 56 100
117 56 100
117 56 100
117 56 100
117 56 100
117 56 100
117 56 100
117 56 100
117 56 100
117 56 100
117 56 100
117 56 100
117 56 100
117 56 100
117 56 100
117 56 100
117 56 100
117 56 100
117 56 100
117 56 100
117 56 100
117 56 100
117 56 100
117 57 100
117 57 100
117 57 100
117 57 100
117 57 100
117 57 100
117 57 100
117 57 100
117 57 100
117 57 100
117 57 100
117 57 100
117 57 100
117 57 100
117 57 100
117 57 100
117 57 100
117 57 100
117 57 100
117 57 100
117 57 100
117 57 100
117 58 100
117 58 100
117 58 100
117 58 100
117 58 100
117 58 100
117 58 100
117 58 100
117 58 100
117 58 100
117 58 100
117 58 100
117 58 100
117 58 100
117 58 100
117 58 100
117 58 100
117 58 100
117 58 100
117 58 100
117 58 100
117 59 100
117 59 100
117 59 100
117 59 100
117 59 100
117 59 100
117 59 100
117 59 100
117 59 100
117 59 100
117 59 100
117 59 100
117 59 100
117 59 100
117 59 100
117 59 100
117 59 100
117 59 100
117 59 100
117 59 100
117 60 100
117 60 100
117 60 100
117 60 100
117 60 100
117 60 100
117 60 100
117 60 100
117 60 100
117 60 100
117 60 100
117 60 100
117 60 100
117 60 100
117 60 100
117 60 100
117 60 100
117 60 100
117 61 100
117 61 100
117 61 100
117 61 100
117 61 100
117 61 100
117 61 100
117 61 100
117 61 100
117 61 100
117 61 100
117 61 100
117 61 100
117 61 100
117 61 100
117 61 100
117 62 100
117 62 100
117 62 100
117 62 100
117 62 100
117 62 100
117 62 100
117 62 100
117 62 100
117 62 100
117 62 100
117 62 100
117 62 100
117 62 100
117 62 100
117 63 100
117 63 100
117 63 100
117 63 100
117 63 100
117 63 100
117 63 100
117 63 100
117 63 100
117 63 100
117 63 100
117 63 100
117 63 100
117 64 100
117 64 100
117 64 100
117 64 100
117 64 100
117 64 100
117 64 100
117 64 100
117 64 100
117 64 100
117 64 100
117 64 100
117 65 100
117 65 100
117 65 100
117 65 100
117 65 100
117 65 100
117 65 100
117 65 100
117 65 100
117 65 100
117 66 100
117 66 100
117 66 100
117 66 100
117 66 100
117 66 100
117 66 100
117 66 100
117 66 100
