# move from (136,36) to (72,49)
136 36 100
136 36 100
135 36 100
135 36 100
134 36 100
134 36 100
133 36 100
133 36 100
132 36 100
132 36 100
131 36 100
131 36 100
130 36 100
130 36 100
129 36 100
129 36 100
128 36 100
128 36 100
127 36 100
127 36 100
126 36 100
126 36 100
125 36 100
125 36 100
124 36 100
124 36 100
123 36 100
123 36 100
122 36 100
122 36 100
121 36 100
121 36 100
120 36 100
120 36 100
119 36 100
119 36 100
118 36 100
118 36 100
118 36 100
117 36 100
117 36 100
117 36 100
116 36 100
116 36 100
116 36 100
116 36 100
115 36 100
115 36 100
115 36 100
115 36 100
115 36 100
115 36 100
114 36 100
114 36 100
114 36 100
114 36 100
114 36 100
114 36 100
114 36 100
113 36 100
113 36 100
113 36 100
113 36 100
113 36 100
113 36 100
113 36 100
113 36 100
112 36 100
112 36 100
112 36 100
112 36 100
112 36 100
112 36 100
112 36 100
112 36 100
112 36 100
112 36 100
111 36 100
111 36 100
111 36 100
111 36 100
111 36 100
111 36 100
111 36 100
111 36 100
111 36 100
111 36 100
111 36 100
110 36 100
110 36 100
110 36 100
110 36 100
110 36 100
110 36 100
110 36 100
110 36 100
110 36 100
110 36 100
110 36 100
110 36 100
109 36 100
109 36 100
109 36 100
109 36 100
109 36 100
109 36 100
109 36 100
109 36 100
109 36 100
109 36 100
109 36 100
109 36 100
109 36 100
108 36 100
108 36 100
108 36 100
108 36 100
108 36 100
108 36 100
108 36 100
108 36 100
108 36 100
108 36 100
108 36 100
108 36 100
108 36 100
107 36 100
107 36 100
107 36 100
107 36 100
107 36 100
107 36 100
107 36 100
107 36 100
107 36 100
107 36 100
107 36 100
107 36 100
107 36 100
106 36 100
106 36 100
106 36 100
106 36 100
106 36 100
106 36 100
106 36 100
106 36 100
106 36 100
106 36 100
106 36 100
106 36 100
106 36 100
105 36 100
105 36 100
105 36 100
105 36 100
105 36 100
105 36 100
105 36 100
105 36 100
105 36 100
105 36 100
105 36 100
105 36 100
105 36 100
105 36 100
104 36 100
104 36 100
104 36 100
104 36 100
104 36 100
104 36 100
104 36 100
104 36 100
104 36 100
104 36 100
104 36 100
104 36 100
104 36 100
104 36 100
103 36 100
103 36 100
103 36 100
103 36 100
103 36 100
103 36 100
103 36 100
103 36 100
103 36 100
103 36 100
103 36 100
103 36 100
103 36 100
103 36 100
103 36 100
102 36 100
102 36 100
102 36 100
102 36 100
102 36 100
102 36 100
102 36 100
102 36 100
102 36 100
102 36 100
102 36 100
102 36 100
102 36 100
102 36 100
102 36 100
101 36 100
101 36 100
101 36 100
101 36 100
101 36 100
101 36 100
101 36 100
101 36 100
101 36 100
101 36 100
101 36 100
101 36 100
101 36 100
101 36 100
101 36 100
101 36 100
100 36 100
100 36 100
100 36 100
100 36 100
100 36 100
100 36 100
100 36 100
100 36 100
100 36 100
100 36 100
100 36 100
100 36 100
100 36 100
100 36 100
100 36 100
100 36 100
100 36 100
99 36 100
99 36 100
99 36 100
99 36 100
99 36 100
99 36 100
99 36 100
99 36 100
99 36 100
99 36 100
99 36 100
99 36 100
99 36 100
99 36 100
99 36 100
99 36 100
99 36 100
99 36 100
98 36 100
98 36 100
98 36 100
98 36 100
98 36 100
98 36 100
98 36 100
98 36 100
98 36 100
98 36 100
98 36 100
98 36 100
98 36 100
98 36 100
98 36 100
98 36 100
98 36 100
98 36 100
98 36 100
98 36 100
97 36 100
97 36 100
97 36 100
97 36 100
97 36 100
97 36 100
97 36 100
97 36 100
97 36 100
97 36 100
97 36 100
97 36 100
97 36 100
97 36 100
97 36 100
97 36 100
97 36 100
97 36 100
97 36 100
97 36 100
97 36 100
96 36 100
96 36 100
96 36 100
96 36 100
96 36 100
96 36 100
96 36 100
96 36 100
96 36 100
96 36 100
96 36 100
96 36 100
96 36 100
96 36 100
96 36 100
96 36 100
96 36 100
96 36 100
96 36 100
96 36 100
96 36 100
96 36 100
95 36 100
95 36 100
95 36 100
95 36 100
95 36 100
95 36 100
95 36 100
95 36 100
95 36 100
95 36 100
95 36 100
95 36 100
95 36 100
95 36 100
95 36 100
95 36 100
95 36 100
95 36 100
95 36 100
95 36 100
95 36 100
95 36 100
94 36 100
94 36 100
94 36 100
94 36 100
94 36 100
94 36 100
94 36 100
94 36 100
94 36 100
94 36 100
94 36 100
94 36 100
94 36 100
94 36 100
94 36 100
94 36 100
94 36 100
94 36 100
94 36 100
94 36 100
94 36 100
94 36 100
93 36 100
93 36 100
93 36 100
93 36 100
93 36 100
93 36 100
93 36 100
93 36 100
93 36 100
93 36 100
93 36 100
93 36 100
93 36 100
93 36 100
93 36 100
93 36 100
93 36 100
93 36 100
93 36 100
93 36 100
93 36 100
93 36 100
92 36 100
92 36 100
92 36 100
92 36 100
92 36 100
92 36 100
92 36 100
92 36 100
92 36 100
92 36 100
92 36 100
92 36 100
92 36 100
92 36 100
92 36 100
92 36 100
92 36 100
92 36 100
92 36 100
92 36 100
92 36 100
91 36 100
91 36 100
91 36 100
91 36 100
91 36 100
91 36 100
91 36 100
91 36 100
91 36 100
91 36 100
91 36 100
91 36 100
91 36 100
91 36 100
91 36 100
91 36 100
91 36 100
91 36 100
91 36 100
90 36 100
90 36 100
90 36 100
90 36 100
90 36 100
90 36 100
90 36 100
90 36 100
90 36 100
90 36 100
90 36 100
90 36 100
90 36 100
90 36 100
90 36 100
90 36 100
90 36 100
89 36 100
89 36 100
89 36 100
89 36 100
89 36 100
89 36 100
89 36 100
89 36 100
89 36 100
89 36 100
89 36 100
89 36 100
89 36 100
89 36 100
89 36 100
88 36 100
88 36 100
88 36 100
88 36 100
88 36 100
88 36 100
88 36 100
88 36 100
88 36 100
88 36 100
88 36 100
88 36 100
88 36 100
87 36 100
87 36 100
87 36 100
87 36 100
87 36 100
87 36 100
87 36 100
87 36 100
87 36 100
87 36 100
87 36 100
86 36 100
86 36 100
86 36 100
86 36 100
86 36 100
86 36 100
86 36 100
86 36 100
86 36 100
86 36 100
85 36 100
85 36 100
85 36 100
85 36 100
85 36 100
85 36 100
85 36 100
85 36 100
84 36 100
84 36 100
84 36 100
84 36 100
84 36 100
84 36 100
84 36 100
84 36 100
83 36 100
83 36 100
83 36 100
83 36 100
83 36 100
83 36 100
83 36 100
82 36 100
82 36 100
82 36 100
82 36 100
82 36 100
82 36 100
82 36 100
81 36 100
81 36 100
81 36 100
81 36 100
81 36 100
81 36 100
80 36 100
80 36 100
80 36 100
80 36 100
80 36 100
80 36 100
79 36 100
79 36 100
79 36 100
79 36 100
79 36 100
79 36 100
78 36 100
78 36 100
78 36 100
78 36 100
78 36 100
77 36 100
77 36 100
77 36 100
77 36 100
77 36 100
76 36 100
76 36 100
76 36 100
76 36 100
76 36 100
75 36 100
75 36 100
75 36 100
75 36 100
74 36 100
74 36 100
74 36 100
73 36 100
73 36 100
73 36 100
72 36 100
72 36 100
72 36 100
72 37 100
72 37 100
72 38 100
72 38 100
72 39 100
72 39 100
72 40 100
72 40 100
72 41 100
72 41 100
72 42 100
72 42 100
72 43 100
72 44 100
72 45 100
72 46 100
72 47 100
72 48 100
72 49 100
# move from (73,177) to (72,49)
73 177 100
72 177 100
72 176 100
72 175 100
72 174 100
72 173 100
72 173 100
72 172 100
72 172 100
72 171 100
72 171 100
72 170 100
72 170 100
72 169 100
72 169 100
72 168 100
72 168 100
72 168 100
72 167 100
72 167 100
72 167 100
72 166 100
72 166 100
72 166 100
72 166 100
72 165 100
72 165 100
72 165 100
72 165 100
72 164 100
72 164 100
72 164 100
72 164 100
72 164 100
72 163 100
72 163 100
72 163 100
72 163 100
72 163 100
72 162 100
72 162 100
72 162 100
72 162 100
72 162 100
72 161 100
72 161 100
72 161 100
72 161 100
72 161 100
72 161 100
72 160 100
72 160 100
72 160 100
72 160 100
72 160 100
72 160 100
72 159 100
72 159 100
72 159 100
72 159 100
72 159 100
72 159 100
72 159 100
72 158 100
72 158 100
72 158 100
72 158 100
72 158 100
72 158 100
72 158 100
72 157 100
72 157 100
72 157 100
72 157 100
72 157 100
72 157 100
72 157 100
72 157 100
72 156 100
72 156 100
72 156 100
72 156 100
72 156 100
72 156 100
72 156 100
72 156 100
72 156 100
72 155 100
72 155 100
72 155 100
72 155 100
72 155 100
72 155 100
72 155 100
72 155 100
72 155 100
72 155 100
72 154 100
72 154 100
72 154 100
72 154 100
72 154 100
72 154 100
72 154 100
72 154 100
72 154 100
72 154 100
72 154 100
72 154 100
72 153 100
72 153 100
72 153 100
72 153 100
72 153 100
72 153 100
72 153 100
72 153 100
72 153 100
72 153 100
72 153 100
72 153 100
72 153 100
72 153 100
72 152 100
72 152 100
72 152 100
72 152 100
72 152 100
72 152 100
72 152 100
72 152 100
72 152 100
72 152 100
72 152 100
72 152 100
72 152 100
72 152 100
72 152 100
72 152 100
72 151 100
72 151 100
72 151 100
72 151 100
72 151 100
72 151 100
72 151 100
72 151 100
72 151 100
72 151 100
72 151 100
72 151 100
72 151 100
72 151 100
72 151 100
72 151 100
72 151 100
72 151 100
72 151 100
72 150 100
72 150 100
72 150 100
72 150 100
72 150 100
72 150 100
72 150 100
72 150 100
72 150 100
72 150 100
72 150 100
72 150 100
72 150 100
72 150 100
72 150 100
72 150 100
72 150 100
72 150 100
72 150 100
72 150 100
72 150 100
72 149 100
72 149 100
72 149 100
72 149 100
72 149 100
72 149 100
72 149 100
72 149 100
72 149 100
72 149 100
72 149 100
72 149 100
72 149 100
72 149 100
72 149 100
72 149 100
72 149 100
72 149 100
72 149 100
72 149 100
72 149 100
72 149 100
72 149 100
72 148 100
72 148 100
72 148 100
72 148 100
72 148 100
72 148 100
72 148 100
72 148 100
72 148 100
72 148 100
72 148 100
72 148 100
72 148 100
72 148 100
72 148 100
72 148 100
72 148 100
72 148 100
72 148 100
72 148 100
72 148 100
72 148 100
72 148 100
72 148 100
72 148 100
72 147 100
72 147 100
72 147 100
72 147 100
72 147 100
72 147 100
72 147 100
72 147 100
72 147 100
72 147 100
72 147 100
72 147 100
72 147 100
72 147 100
72 147 100
72 147 100
72 147 100
72 147 100
72 147 100
72 147 100
72 147 100
72 147 100
72 147 100
72 147 100
72 147 100
72 147 100
72 147 100
72 146 100
72 146 100
72 146 100
72 146 100
72 146 100
72 146 100
72 146 100
72 146 100
72 146 100
72 146 100
72 146 100
72 146 100
72 146 100
72 146 100
72 146 100
72 146 100
72 146 100
72 146 100
72 146 100
72 146 100
72 146 100
72 146 100
72 146 100
72 146 100
72 146 100
72 146 100
72 146 100
72 146 100
72 145 100
72 145 100
72 145 100
72 145 100
72 145 100
72 145 100
72 145 100
72 145 100
72 145 100
72 145 100
72 145 100
72 145 100
72 145 100
72 145 100
72 145 100
72 145 100
72 145 100
72 145 100
72 145 100
72 145 100
72 145 100
72 145 100
72 145 100
72 145 100
72 145 100
72 145 100
72 145 100
72 145 100
72 145 100
72 144 100
72 144 100
72 144 100
72 144 100
72 144 100
72 144 100
72 144 100
72 144 100
72 144 100
72 144 100
72 144 100
72 144 100
72 144 100
72 144 100
72 144 100
72 144 100
72 144 100
72 144 100
72 144 100
72 144 100
72 144 100
72 144 100
72 144 100
72 144 100
72 144 100
72 144 100
72 144 100
72 144 100
72 144 100
72 143 100
72 143 100
72 143 100
72 143 100
72 143 100
72 143 100
72 143 100
72 143 100
72 143 100
72 143 100
72 143 100
72 143 100
72 143 100
72 143 100
72 143 100
72 143 100
72 143 100
72 143 100
72 143 100
72 143 100
72 143 100
72 143 100
72 143 100
72 143 100
72 143 100
72 143 100
72 143 100
72 143 100
72 143 100
72 142 100
72 142 100
72 142 100
72 142 100
72 142 100
72 142 100
72 142 100
72 142 100
72 142 100
72 142 100
72 142 100
72 142 100
72 142 100
72 142 100
72 142 100
72 142 100
72 142 100
72 142 100
72 142 100
72 142 100
72 142 100
72 142 100
72 142 100
72 142 100
72 142 100
72 142 100
72 142 100
72 142 100
72 142 100
72 142 100
72 141 100
72 141 100
72 141 100
72 141 100
72 141 100
72 141 100
72 141 100
72 141 100
72 141 100
72 141 100
72 141 100
72 141 100
72 141 100
72 141 100
72 141 100
72 141 100
72 141 100
72 141 100
72 141 100
72 141 100
72 141 100
72 141 100
72 141 100
72 141 100
72 141 100
72 141 100
72 141 100
72 141 100
72 141 100
72 141 100
72 140 100
72 140 100
72 140 100
72 140 100
72 140 100
72 140 100
72 140 100
72 140 100
72 140 100
72 140 100
72 140 100
72 140 100
72 140 100
72 140 100
72 140 100
72 140 100
72 140 100
72 140 100
72 140 100
72 140 100
72 140 100
72 140 100
72 140 100
72 140 100
72 140 100
72 140 100
72 140 100
72 140 100
72 140 100
72 140 100
72 140 100
72 140 100
72 139 100
72 139 100
72 139 100
72 139 100
72 139 100
72 139 100
72 139 100
72 139 100
72 139 100
72 139 100
72 139 100
72 139 100
72 139 100
72 139 100
72 139 100
72 139 100
72 139 100
72 139 100
72 139 100
72 139 100
72 139 100
72 139 100
72 139 100
72 139 100
72 139 100
72 139 100
72 139 100
72 139 100
72 139 100
72 139 100
72 139 100
72 139 100
72 139 100
72 138 100
72 138 100
72 138 100
72 138 100
72 138 100
72 138 100
72 138 100
72 138 100
72 138 100
72 138 100
72 138 100
72 138 100
72 138 100
72 138 100
72 138 100
72 138 100
72 138 100
72 138 100
72 138 100
72 138 100
72 138 100
72 138 100
72 138 100
72 138 100
72 138 100
72 138 100
72 138 100
72 138 100
72 138 100
72 138 100
72 138 100
72 138 100
72 138 100
72 138 100
72 138 100
72 137 100
72 137 100
72 137 100
72 137 100
72 137 100
72 137 100
72 137 100
72 137 100
72 137 100
72 137 100
72 137 100
72 137 100
72 137 100
72 137 100
72 137 100
72 137 100
72 137 100
72 137 100
72 137 100
72 137 100
72 137 100
72 137 100
72 137 100
72 137 100
72 137 100
72 137 100
72 137 100
72 137 100
72 137 100
72 137 100
72 137 100
72 137 100
72 137 100
72 137 100
72 137 100
72 137 100
72 137 100
72 136 100
72 136 100
72 136 100
72 136 100
72 136 100
72 136 100
72 136 100
72 136 100
72 136 100
72 136 100
72 136 100
72 136 100
72 136 100
72 136 100
72 136 100
72 136 100
72 136 100
72 136 100
72 136 100
72 136 100
72 136 100
72 136 100
72 136 100
72 136 100
72 136 100
72 136 100
72 136 100
72 136 100
72 136 100
72 136 100
72 136 100
72 136 100
72 136 100
72 136 100
72 136 100
72 136 100
72 136 100
72 136 100
72 135 100
72 135 100
72 135 100
72 135 100
72 135 100
72 135 100
72 135 100
72 135 100
72 135 100
72 135 100
72 135 100
72 135 100
72 135 100
72 135 100
72 135 100
72 135 100
72 135 100
72 135 100
72 135 100
72 135 100
72 135 100
72 135 100
72 135 100
72 135 100
72 135 100
72 135 100
72 135 100
72 135 100
72 135 100
72 135 100
72 135 100
72 135 100
72 135 100
72 135 100
72 135 100
72 135 100
72 135 100
72 135 100
72 135 100
72 134 100
72 134 100
72 134 100
72 134 100
72 134 100
72 134 100
72 134 100
72 134 100
72 134 100
72 134 100
72 134 100
72 134 100
72 134 100
72 134 100
72 134 100
72 134 100
72 134 100
72 134 100
72 134 100
72 134 100
72 134 100
72 134 100
72 134 100
72 134 100
72 134 100
72 134 100
72 134 100
72 134 100
72 134 100
72 134 100
72 134 100
72 134 100
72 134 100
72 134 100
72 134 100
72 134 100
72 134 100
72 134 100
72 134 100
72 133 100
72 133 100
72 133 100
72 133 100
72 133 100
72 133 100
72 133 100
72 133 100
72 133 100
72 133 100
72 133 100
72 133 100
72 133 100
72 133 100
72 133 100
72 133 100
72 133 100
72 133 100
72 133 100
72 133 100
72 133 100
72 133 100
72 133 100
72 133 100
72 133 100
72 133 100
72 133 100
72 133 100
72 133 100
72 133 100
72 133 100
72 133 100
72 133 100
72 133 100
72 133 100
72 133 100
72 133 100
72 133 100
72 133 100
72 132 100
72 132 100
72 132 100
72 132 100
72 132 100
72 132 100
72 132 100
72 132 100
72 132 100
72 132 100
72 132 100
72 132 100
72 132 100
72 132 100
72 132 100
72 132 100
72 132 100
72 132 100
72 132 100
72 132 100
72 132 100
72 132 100
72 132 100
72 132 100
72 132 100
72 132 100
72 132 100
72 132 100
72 132 100
72 132 100
72 132 100
72 132 100
72 132 100
72 132 100
72 132 100
72 132 100
72 132 100
72 132 100
72 131 100
72 131 100
72 131 100
72 131 100
72 131 100
72 131 100
72 131 100
72 131 100
72 131 100
72 131 100
72 131 100
72 131 100
72 131 100
72 131 100
72 131 100
72 131 100
72 131 100
72 131 100
72 131 100
72 131 100
72 131 100
72 131 100
72 131 100
72 131 100
72 131 100
72 131 100
72 131 100
72 131 100
72 131 100
72 131 100
72 131 100
72 131 100
72 131 100
72 131 100
72 131 100
72 131 100
72 130 100
72 130 100
72 130 100
72 130 100
72 130 100
72 130 100
72 130 100
72 130 100
72 130 100
72 130 100
72 130 100
72 130 100
72 130 100
72 130 100
72 130 100
72 130 100
72 130 100
72 130 100
72 130 100
72 130 100
72 130 100
72 130 100
72 130 100
72 130 100
72 130 100
72 130 100
72 130 100
72 130 100
72 130 100
72 130 100
72 130 100
72 130 100
72 130 100
72 129 100
72 129 100
72 129 100
72 129 100
72 129 100
72 129 100
72 129 100
72 129 100
72 129 100
72 129 100
72 129 100
72 129 100
72 129 100
72 129 100
72 129 100
72 129 100
72 129 100
72 129 100
72 129 100
72 129 100
72 129 100
72 129 100
72 129 100
72 129 100
72 129 100
72 129 100
72 129 100
72 129 100
72 129 100
72 129 100
72 129 100
72 128 100
72 128 100
72 128 100
72 128 100
72 128 100
72 128 100
72 128 100
72 128 100
72 128 100
72 128 100
72 128 100
72 128 100
72 128 100
72 128 100
72 128 100
72 128 100
72 128 100
72 128 100
72 128 100
72 128 100
72 128 100
72 128 100
72 128 100
72 128 100
72 128 100
72 128 100
72 128 100
72 127 100
72 127 100
72 127 100
72 127 100
72 127 100
72 127 100
72 127 100
72 127 100
72 127 100
72 127 100
72 127 100
72 127 100
72 127 100
72 127 100
72 127 100
72 127 100
72 127 100
72 127 100
72 127 100
72 127 100
72 127 100
72 127 100
72 127 100
72 126 100
72 126 100
72 126 100
72 126 100
72 126 100
72 126 100
72 126 100
72 126 100
72 126 100
72 126 100
72 126 100
72 126 100
72 126 100
72 126 100
72 126 100
72 126 100
72 126 100
72 126 100
72 126 100
72 125 100
72 125 100
72 125 100
72 125 100
72 125 100
72 125 100
72 125 100
72 125 100
72 125 100
72 125 100
72 125 100
72 125 100
72 125 100
72 125 100
72 125 100
72 124 100
72 124 100
72 124 100
72 124 100
72 124 100
72 124 100
72 124 100
72 124 100
72 124 100
72 124 100
72 124 100
72 124 100
72 123 100
72 123 100
72 123 100
72 123 100
72 123 100
72 123 100
72 123 100
72 123 100
72 123 100
72 122 100
72 122 100
72 122 100
72 122 100
72 122 100
72 122 100
72 122 100
72 121 100
72 121 100
72 121 100
72 121 100
72 121 100
72 120 100
72 120 100
72 120 100
72 120 100
72 119 100
72 119 100
72 119 100
72 118 100
72 118 100
72 117 100
72 117 100
72 116 100
72 115 100
72 114 100
72 113 100
72 112 100
72 111 100
72 110 100
72 109 100
72 108 100
72 107 100
72 106 100
72 105 100
72 104 100
72 103 100
72 102 100
72 101 100
72 100 100
72 99 100
72 98 100
72 97 100
72 96 100
72 96 100
72 95 100
72 95 100
72 94 100
72 94 100
72 93 100
72 93 100
72 92 100
72 92 100
72 91 100
72 91 100
72 90 100
72 90 100
72 89 100
72 89 100
72 88 100
72 88 100
72 87 100
72 87 100
72 86 100
72 86 100
72 85 100
72 84 100
72 83 100
72 82 100
72 81 100
72 80 100
72 79 100
72 78 100
72 77 100
72 76 100
72 75 100
72 74 100
72 73 100
72 72 100
72 71 100
72 70 100
72 69 100
72 68 100
72 67 100
72 66 100
72 65 100
72 64 100
72 63 100
72 62 100
72 61 100
72 60 100
72 59 100
72 58 100
72 57 100
72 56 100
72 55 100
72 54 100
72 53 100
72 52 100
72 51 100
72 50 100
# move from (174,4) to (72,49)
174 4 100
174 4 100
174 4 100
174 4 100
174 4 100
173 4 100
173 4 100
173 4 100
173 4 100
173 4 100
172 4 100
172 4 100
172 4 100
172 4 100
171 4 100
171 4 100
171 4 100
171 4 100
170 4 100
170 4 100
170 4 100
170 4 100
169 4 100
169 4 100
169 4 100
169 4 100
168 4 100
168 4 100
168 4 100
168 4 100
167 4 100
167 4 100
167 4 100
167 4 100
166 4 100
166 4 100
166 4 100
166 4 100
166 4 100
165 4 100
165 4 100
165 4 100
165 4 100
165 4 100
164 4 100
164 4 100
164 4 100
164 4 100
164 4 100
164 4 100
163 4 100
163 4 100
163 4 100
163 4 100
163 4 100
163 4 100
162 4 100
162 4 100
162 4 100
162 4 100
162 4 100
162 4 100
162 4 100
161 4 100
161 4 100
161 4 100
161 4 100
161 4 100
161 4 100
161 4 100
161 4 100
160 4 100
160 4 100
160 4 100
160 4 100
160 4 100
160 4 100
160 4 100
160 4 100
160 4 100
159 4 100
159 4 100
159 4 100
159 4 100
159 4 100
159 4 100
159 4 100
159 4 100
159 4 100
159 4 100
158 4 100
158 4 100
158 4 100
158 4 100
158 4 100
158 4 100
158 4 100
158 4 100
158 4 100
158 4 100
158 4 100
157 4 100
157 4 100
157 4 100
157 4 100
157 4 100
157 4 100
157 4 100
157 4 100
157 4 100
157 4 100
157 4 100
156 4 100
156 4 100
156 4 100
156 4 100
156 4 100
156 4 100
156 4 100
156 4 100
156 4 100
156 4 100
156 4 100
155 4 100
155 4 100
155 4 100
155 4 100
155 4 100
155 4 100
155 4 100
155 4 100
155 4 100
155 4 100
155 4 100
155 4 100
154 4 100
154 4 100
154 4 100
154 4 100
154 4 100
154 4 100
154 4 100
154 4 100
154 4 100
154 4 100
154 4 100
154 4 100
153 4 100
153 4 100
153 4 100
153 4 100
153 4 100
153 4 100
153 4 100
153 4 100
153 4 100
153 4 100
153 4 100
153 4 100
152 4 100
152 4 100
152 4 100
152 4 100
152 4 100
152 4 100
152 4 100
152 4 100
152 4 100
152 4 100
152 4 100
152 4 100
151 4 100
151 4 100
151 4 100
151 4 100
151 4 100
151 4 100
151 4 100
151 4 100
151 4 100
151 4 100
151 4 100
151 4 100
150 4 100
150 4 100
150 4 100
150 4 100
150 4 100
150 4 100
150 4 100
150 4 100
150 4 100
150 4 100
150 4 100
150 4 100
149 4 100
149 4 100
149 4 100
149 4 100
149 4 100
149 4 100
149 4 100
149 4 100
149 4 100
149 4 100
149 4 100
149 4 100
149 4 100
148 4 100
148 4 100
148 4 100
148 4 100
148 4 100
148 4 100
148 4 100
148 4 100
148 4 100
148 4 100
148 4 100
148 4 100
148 4 100
148 4 100
147 4 100
147 4 100
147 4 100
147 4 100
147 4 100
147 4 100
147 4 100
147 4 100
147 4 100
147 4 100
147 4 100
147 4 100
147 4 100
147 4 100
147 4 100
146 4 100
146 4 100
146 4 100
146 4 100
146 4 100
146 4 100
146 4 100
146 4 100
146 4 100
146 4 100
146 4 100
146 4 100
146 4 100
146 4 100
146 4 100
146 4 100
145 4 100
145 4 100
145 4 100
145 4 100
145 4 100
145 4 100
145 4 100
145 4 100
145 4 100
145 4 100
145 4 100
145 4 100
145 4 100
145 4 100
145 4 100
145 4 100
144 4 100
144 4 100
144 4 100
144 4 100
144 4 100
144 4 100
144 4 100
144 4 100
144 4 100
144 4 100
144 4 100
144 4 100
144 4 100
144 4 100
144 4 100
144 4 100
144 4 100
143 4 100
143 4 100
143 4 100
143 4 100
143 4 100
143 4 100
143 4 100
143 4 100
143 4 100
143 4 100
143 4 100
143 4 100
143 4 100
143 4 100
143 4 100
143 4 100
143 4 100
142 4 100
142 4 100
142 4 100
142 4 100
142 4 100
142 4 100
142 4 100
142 4 100
142 4 100
142 4 100
142 4 100
142 4 100
142 4 100
142 4 100
142 4 100
142 4 100
142 4 100
142 4 100
141 4 100
141 4 100
141 4 100
141 4 100
141 4 100
141 4 100
141 4 100
141 4 100
141 4 100
141 4 100
141 4 100
141 4 100
141 4 100
141 4 100
141 4 100
141 4 100
141 4 100
141 4 100
140 4 100
140 4 100
140 4 100
140 4 100
140 4 100
140 4 100
140 4 100
140 4 100
140 4 100
140 4 100
140 4 100
140 4 100
140 4 100
140 4 100
140 4 100
140 4 100
140 4 100
140 4 100
139 4 100
139 4 100
139 4 100
139 4 100
139 4 100
139 4 100
139 4 100
139 4 100
139 4 100
139 4 100
139 4 100
139 4 100
139 4 100
139 4 100
139 4 100
139 4 100
139 4 100
138 4 100
138 4 100
138 4 100
138 4 100
138 4 100
138 4 100
138 4 100
138 4 100
138 4 100
138 4 100
138 4 100
138 4 100
138 4 100
138 4 100
138 4 100
138 4 100
138 4 100
137 4 100
137 4 100
137 4 100
137 4 100
137 4 100
137 4 100
137 4 100
137 4 100
137 4 100
137 4 100
137 4 100
137 4 100
137 4 100
137 4 100
137 4 100
137 4 100
136 4 100
136 4 100
136 4 100
136 4 100
136 4 100
136 4 100
136 4 100
136 4 100
136 4 100
136 4 100
136 4 100
136 4 100
136 4 100
136 4 100
135 4 100
135 4 100
135 4 100
135 4 100
135 4 100
135 4 100
135 4 100
135 4 100
135 4 100
135 4 100
135 4 100
135 4 100
135 4 100
134 4 100
134 4 100
134 4 100
134 4 100
134 4 100
134 4 100
134 4 100
134 4 100
134 4 100
134 4 100
134 4 100
133 4 100
133 4 100
133 4 100
133 4 100
133 4 100
133 4 100
133 4 100
133 4 100
133 4 100
132 4 100
132 4 100
132 4 100
132 4 100
132 4 100
132 4 100
132 4 100
132 4 100
131 4 100
131 4 100
131 4 100
131 4 100
131 4 100
131 4 100
130 4 100
130 4 100
130 4 100
130 4 100
130 4 100
129 4 100
129 4 100
129 4 100
129 4 100
128 4 100
128 4 100
128 4 100
128 4 100
127 4 100
127 4 100
127 4 100
126 4 100
126 4 100
125 4 100
125 4 100
124 4 100
124 4 100
123 4 100
122 4 100
121 4 100
120 4 100
119 4 100
118 4 100
117 4 100
116 4 100
115 4 100
114 4 100
113 4 100
112 4 100
111 4 100
110 4 100
109 4 100
108 4 100
107 4 100
106 4 100
105 4 100
104 4 100
103 4 100
102 4 100
102 4 100
101 4 100
101 4 100
100 4 100
100 4 100
100 4 100
99 4 100
99 4 100
99 4 100
99 4 100
98 4 100
98 4 100
98 4 100
98 4 100
98 4 100
97 4 100
97 4 100
97 4 100
97 4 100
97 4 100
97 4 100
96 4 100
96 4 100
96 4 100
96 4 100
96 4 100
96 4 100
96 4 100
95 4 100
95 4 100
95 4 100
95 4 100
95 4 100
95 4 100
95 4 100
95 4 100
94 4 100
94 4 100
94 4 100
94 4 100
94 4 100
94 4 100
94 4 100
94 4 100
93 4 100
93 4 100
93 4 100
93 4 100
93 4 100
93 4 100
93 4 100
93 4 100
93 4 100
92 4 100
92 4 100
92 4 100
92 4 100
92 4 100
92 4 100
92 4 100
92 4 100
92 4 100
91 4 100
91 4 100
91 4 100
91 4 100
91 4 100
91 4 100
91 4 100
91 4 100
91 4 100
90 4 100
90 4 100
90 4 100
90 4 100
90 4 100
90 4 100
90 4 100
90 4 100
90 4 100
89 4 100
89 4 100
89 4 100
89 4 100
89 4 100
89 4 100
89 4 100
89 4 100
89 4 100
89 4 100
88 4 100
88 4 100
88 4 100
88 4 100
88 4 100
88 4 100
88 4 100
88 4 100
88 4 100
88 4 100
87 4 100
87 4 100
87 4 100
87 4 100
87 4 100
87 4 100
87 4 100
87 4 100
87 4 100
87 4 100
86 4 100
86 4 100
86 4 100
86 4 100
86 4 100
86 4 100
86 4 100
86 4 100
86 4 100
86 4 100
86 4 100
85 4 100
85 4 100
85 4 100
85 4 100
85 4 100
85 4 100
85 4 100
85 4 100
85 4 100
85 4 100
85 4 100
85 4 100
84 4 100
84 4 100
84 4 100
84 4 100
84 4 100
84 4 100
84 4 100
84 4 100
84 4 100
84 4 100
84 4 100
84 4 100
84 4 100
84 4 100
83 4 100
83 4 100
83 4 100
83 4 100
83 4 100
83 4 100
83 4 100
83 4 100
83 4 100
83 4 100
83 4 100
83 4 100
83 4 100
83 4 100
83 4 100
83 4 100
82 4 100
82 4 100
82 4 100
82 4 100
82 4 100
82 4 100
82 4 100
82 4 100
82 4 100
82 4 100
82 4 100
82 4 100
82 4 100
82 4 100
82 4 100
82 4 100
82 4 100
82 4 100
82 4 100
81 4 100
81 4 100
81 4 100
81 4 100
81 4 100
81 4 100
81 4 100
81 4 100
81 4 100
81 4 100
81 4 100
81 4 100
81 4 100
81 4 100
81 4 100
81 4 100
81 4 100
81 4 100
81 4 100
81 4 100
81 4 100
81 4 100
80 4 100
80 4 100
80 4 100
80 4 100
80 4 100
80 4 100
80 4 100
80 4 100
80 4 100
80 4 100
80 4 100
80 4 100
80 4 100
80 4 100
80 4 100
80 4 100
80 4 100
80 4 100
80 4 100
80 4 100
80 4 100
80 4 100
80 4 100
80 4 100
80 4 100
79 4 100
79 4 100
79 4 100
79 4 100
79 4 100
79 4 100
79 4 100
79 4 100
79 4 100
79 4 100
79 4 100
79 4 100
79 4 100
79 4 100
79 4 100
79 4 100
79 4 100
79 4 100
79 4 100
79 4 100
79 4 100
79 4 100
79 4 100
79 4 100
79 4 100
79 4 100
79 4 100
78 4 100
78 4 100
78 4 100
78 4 100
78 4 100
78 4 100
78 4 100
78 4 100
78 4 100
78 4 100
78 4 100
78 4 100
78 4 100
78 4 100
78 4 100
78 4 100
78 4 100
78 4 100
78 4 100
78 4 100
78 4 100
78 4 100
78 4 100
78 4 100
78 4 100
78 4 100
78 4 100
78 4 100
78 4 100
77 4 100
77 4 100
77 4 100
77 4 100
77 4 100
77 4 100
77 4 100
77 4 100
77 4 100
77 4 100
77 4 100
77 4 100
77 4 100
77 4 100
77 4 100
77 4 100
77 4 100
77 4 100
77 4 100
77 4 100
77 4 100
77 4 100
77 4 100
77 4 100
77 4 100
77 4 100
77 4 100
77 4 100
77 4 100
77 4 100
76 4 100
76 4 100
76 4 100
76 4 100
76 4 100
76 4 100
76 4 100
76 4 100
76 4 100
76 4 100
76 4 100
76 4 100
76 4 100
76 4 100
76 4 100
76 4 100
76 4 100
76 4 100
76 4 100
76 4 100
76 4 100
76 4 100
76 4 100
76 4 100
76 4 100
76 4 100
76 4 100
76 4 100
76 4 100
76 4 100
76 4 100
75 4 100
75 4 100
75 4 100
75 4 100
75 4 100
75 4 100
75 4 100
75 4 100
75 4 100
75 4 100
75 4 100
75 4 100
75 4 100
75 4 100
75 4 100
75 4 100
75 4 100
75 4 100
75 4 100
75 4 100
75 4 100
75 4 100
75 4 100
75 4 100
75 4 100
75 4 100
75 4 100
75 4 100
75 4 100
75 4 100
75 4 100
75 4 100
74 4 100
74 4 100
74 4 100
74 4 100
74 4 100
74 4 100
74 4 100
74 4 100
74 4 100
74 4 100
74 4 100
74 4 100
74 4 100
74 4 100
74 4 100
74 4 100
74 4 100
74 4 100
74 4 100
74 4 100
74 4 100
74 4 100
74 4 100
74 4 100
74 4 100
74 4 100
74 4 100
74 4 100
74 4 100
74 4 100
74 4 100
74 4 100
74 4 100
73 4 100
73 4 100
73 4 100
73 4 100
73 4 100
73 4 100
73 4 100
73 4 100
73 4 100
73 4 100
73 4 100
73 4 100
73 4 100
73 4 100
73 4 100
73 4 100
73 4 100
73 4 100
73 4 100
73 4 100
73 4 100
73 4 100
73 4 100
73 4 100
73 4 100
73 4 100
73 4 100
73 4 100
73 4 100
73 4 100
73 4 100
73 4 100
73 4 100
72 4 100
72 4 100
72 4 100
72 4 100
72 4 100
72 4 100
72 4 100
72 4 100
72 4 100
72 4 100
72 4 100
72 4 100
72 4 100
72 4 100
72 4 100
72 4 100
72 4 100
72 4 100
72 4 100
72 4 100
72 4 100
72 4 100
72 4 100
72 4 100
72 4 100
72 4 100
72 4 100
72 4 100
72 4 100
72 4 100
72 4 100
72 4 100
72 5 100
72 5 100
72 5 100
72 5 100
72 5 100
72 5 100
72 5 100
72 5 100
72 5 100
72 5 100
72 5 100
72 5 100
72 5 100
72 5 100
72 5 100
72 5 100
72 5 100
72 5 100
72 5 100
72 5 100
72 5 100
72 5 100
72 5 100
72 5 100
72 5 100
72 5 100
72 5 100
72 5 100
72 5 100
72 5 100
72 5 100
72 5 100
72 5 100
72 6 100
72 6 100
72 6 100
72 6 100
72 6 100
72 6 100
72 6 100
72 6 100
72 6 100
72 6 100
72 6 100
72 6 100
72 6 100
72 6 100
72 6 100
72 6 100
72 6 100
72 6 100
72 6 100
72 6 100
72 6 100
72 6 100
72 6 100
72 6 100
72 6 100
72 6 100
72 6 100
72 6 100
72 6 100
72 6 100
72 6 100
72 6 100
72 6 100
72 7 100
72 7 100
72 7 100
72 7 100
72 7 100
72 7 100
72 7 100
72 7 100
72 7 100
72 7 100
72 7 100
72 7 100
72 7 100
72 7 100
72 7 100
72 7 100
72 7 100
72 7 100
72 7 100
72 7 100
72 7 100
72 7 100
72 7 100
72 7 100
72 7 100
72 7 100
72 7 100
72 7 100
72 7 100
72 7 100
72 7 100
72 7 100
72 7 100
72 8 100
72 8 100
72 8 100
72 8 100
72 8 100
72 8 100
72 8 100
72 8 100
72 8 100
72 8 100
72 8 100
72 8 100
72 8 100
72 8 100
72 8 100
72 8 100
72 8 100
72 8 100
72 8 100
72 8 100
72 8 100
72 8 100
72 8 100
72 8 100
72 8 100
72 8 100
72 8 100
72 8 100
72 8 100
72 8 100
72 8 100
72 8 100
72 9 100
72 9 100
72 9 100
72 9 100
72 9 100
72 9 100
72 9 100
72 9 100
72 9 100
72 9 100
72 9 100
72 9 100
72 9 100
72 9 100
72 9 100
72 9 100
72 9 100
72 9 100
72 9 100
72 9 100
72 9 100
72 9 100
72 9 100
72 9 100
72 9 100
72 9 100
72 9 100
72 9 100
72 9 100
72 9 100
72 9 100
72 10 100
72 10 100
72 10 100
72 10 100
72 10 100
72 10 100
72 10 100
72 10 100
72 10 100
72 10 100
72 10 100
72 10 100
72 10 100
72 10 100
72 10 100
72 10 100
72 10 100
72 10 100
72 10 100
72 10 100
72 10 100
72 10 100
72 10 100
72 10 100
72 10 100
72 10 100
72 10 100
72 10 100
72 10 100
72 10 100
72 10 100
72 11 100
72 11 100
72 11 100
72 11 100
72 11 100
72 11 100
72 11 100
72 11 100
72 11 100
72 11 100
72 11 100
72 11 100
72 11 100
72 11 100
72 11 100
72 11 100
72 11 100
72 11 100
72 11 100
72 11 100
72 11 100
72 11 100
72 11 100
72 11 100
72 11 100
72 11 100
72 11 100
72 11 100
72 11 100
72 11 100
72 12 100
72 12 100
72 12 100
72 12 100
72 12 100
72 12 100
72 12 100
72 12 100
72 12 100
72 12 100
72 12 100
72 12 100
72 12 100
72 12 100
72 12 100
72 12 100
72 12 100
72 12 100
72 12 100
72 12 100
72 12 100
72 12 100
72 12 100
72 12 100
72 12 100
72 12 100
72 12 100
72 12 100
72 12 100
72 12 100
72 13 100
72 13 100
72 13 100
72 13 100
72 13 100
72 13 100
72 13 100
72 13 100
72 13 100
72 13 100
72 13 100
72 13 100
72 13 100
72 13 100
72 13 100
72 13 100
72 13 100
72 13 100
72 13 100
72 13 100
72 13 100
72 13 100
72 13 100
72 13 100
72 13 100
72 13 100
72 13 100
72 13 100
72 13 100
72 13 100
72 14 100
72 14 100
72 14 100
72 14 100
72 14 100
72 14 100
72 14 100
72 14 100
72 14 100
72 14 100
72 14 100
72 14 100
72 14 100
72 14 100
72 14 100
72 14 100
72 14 100
72 14 100
72 14 100
72 14 100
72 14 100
72 14 100
72 14 100
72 14 100
72 14 100
72 14 100
72 14 100
72 14 100
72 14 100
72 14 100
72 15 100
72 15 100
72 15 100
72 15 100
72 15 100
72 15 100
72 15 100
72 15 100
72 15 100
72 15 100
72 15 100
72 15 100
72 15 100
72 15 100
72 15 100
72 15 100
72 15 100
72 15 100
72 15 100
72 15 100
72 15 100
72 15 100
72 15 100
72 15 100
72 15 100
72 15 100
72 15 100
72 15 100
72 15 100
72 16 100
72 16 100
72 16 100
72 16 100
72 16 100
72 16 100
72 16 100
72 16 100
72 16 100
72 16 100
72 16 100
72 16 100
72 16 100
72 16 100
72 16 100
72 16 100
72 16 100
72 16 100
72 16 100
72 16 100
72 16 100
72 16 100
72 16 100
72 16 100
72 16 100
72 16 100
72 16 100
72 16 100
72 16 100
72 17 100
72 17 100
72 17 100
72 17 100
72 17 100
72 17 100
72 17 100
72 17 100
72 17 100
72 17 100
72 17 100
72 17 100
72 17 100
72 17 100
72 17 100
72 17 100
72 17 100
72 17 100
72 17 100
72 17 100
72 17 100
72 17 100
72 17 100
72 17 100
72 17 100
72 17 100
72 17 100
72 17 100
72 18 100
72 18 100
72 18 100
72 18 100
72 18 100
72 18 100
72 18 100
72 18 100
72 18 100
72 18 100
72 18 100
72 18 100
72 18 100
72 18 100
72 18 100
72 18 100
72 18 100
72 18 100
72 18 100
72 18 100
72 18 100
72 18 100
72 18 100
72 18 100
72 18 100
72 18 100
72 18 100
72 19 100
72 19 100
72 19 100
72 19 100
72 19 100
72 19 100
72 19 100
72 19 100
72 19 100
72 19 100
72 19 100
72 19 100
72 19 100
72 19 100
72 19 100
72 19 100
72 19 100
72 19 100
72 19 100
72 19 100
72 19 100
72 19 100
72 19 100
72 19 100
72 19 100
72 19 100
72 20 100
72 20 100
72 20 100
72 20 100
72 20 100
72 20 100
72 20 100
72 20 100
72 20 100
72 20 100
72 20 100
72 20 100
72 20 100
72 20 100
72 20 100
72 20 100
72 20 100
72 20 100
72 20 100
72 20 100
72 20 100
72 20 100
72 20 100
72 20 100
72 20 100
72 21 100
72 21 100
72 21 100
72 21 100
72 21 100
72 21 100
72 21 100
72 21 100
72 21 100
72 21 100
72 21 100
72 21 100
72 21 100
72 21 100
72 21 100
72 21 100
72 21 100
72 21 100
72 21 100
72 21 100
72 21 100
72 21 100
72 21 100
72 22 100
72 22 100
72 22 100
72 22 100
72 22 100
72 22 100
72 22 100
72 22 100
72 22 100
72 22 100
72 22 100
72 22 100
72 22 100
72 22 100
72 22 100
72 22 100
72 22 100
72 22 100
72 22 100
72 22 100
72 22 100
72 23 100
72 23 100
72 23 100
72 23 100
72 23 100
72 23 100
72 23 100
72 23 100
72 23 100
72 23 100
72 23 100
72 23 100
72 23 100
72 23 100
72 23 100
72 23 100
72 23 100
72 23 100
72 23 100
72 24 100
72 24 100
72 24 100
72 24 100
72 24 100
72 24 100
72 24 100
72 24 100
72 24 100
72 24 100
72 24 100
72 24 100
72 24 100
72 24 100
72 24 100
72 24 100
72 24 100
72 25 100
72 25 100
72 25 100
72 25 100
72 25 100
72 25 100
72 25 100
72 25 100
72 25 100
72 25 100
72 25 100
72 25 100
72 25 100
72 25 100
72 25 100
72 26 100
72 26 100
72 26 100
72 26 100
72 26 100
72 26 100
72 26 100
72 26 100
72 26 100
72 26 100
72 26 100
72 26 100
72 26 100
72 27 100
72 27 100
72 27 100
72 27 100
72 27 100
72 27 100
72 27 100
72 27 100
72 27 100
72 27 100
72 27 100
72 28 100
72 28 100
72 28 100
72 28 100
72 28 100
72 28 100
72 28 100
72 28 100
72 28 100
72 29 100
72 29 100
72 29 100
72 29 100
72 29 100
72 29 100
72 29 100
72 29 100
72 30 100
72 30 100
72 30 100
72 30 100
72 30 100
72 30 100
72 31 100
72 31 100
72 31 100
72 31 100
72 31 100
72 32 100
72 32 100
72 32 100
72 32 100
72 33 100
72 33 100
72 33 100
72 33 100
72 34 100
72 34 100
72 34 100
72 35 100
72 35 100
72 35 100
# move from (10,167) to (72,49)
10 167 100
11 167 100
12 167 100
13 167 100
13 167 100
14 167 100
14 167 100
15 167 100
15 167 100
16 167 100
16 167 100
17 167 100
17 167 100
18 167 100
18 167 100
19 167 100
19 167 100
20 167 100
21 167 100
22 167 100
23 167 100
23 167 100
24 167 100
24 167 100
25 167 100
25 167 100
26 167 100
26 167 100
27 167 100
27 167 100
27 167 100
28 167 100
28 167 100
28 167 100
29 167 100
29 167 100
29 167 100
29 167 100
30 167 100
30 167 100
30 167 100
30 167 100
31 167 100
31 167 100
31 167 100
31 167 100
31 167 100
32 167 100
32 167 100
32 167 100
32 167 100
32 167 100
33 167 100
33 167 100
33 167 100
33 167 100
33 167 100
33 167 100
34 167 100
34 167 100
34 167 100
34 167 100
34 167 100
35 167 100
35 167 100
35 167 100
35 167 100
35 167 100
36 167 100
36 167 100
36 167 100
36 167 100
36 167 100
37 167 100
37 167 100
37 167 100
37 167 100
38 167 100
38 167 100
38 167 100
38 167 100
39 167 100
39 167 100
39 167 100
39 167 100
40 167 100
40 167 100
40 167 100
40 167 100
41 167 100
41 167 100
41 167 100
42 167 100
42 167 100
42 167 100
43 167 100
43 167 100
43 167 100
44 167 100
44 167 100
44 167 100
45 167 100
45 167 100
45 167 100
45 167 100
46 167 100
46 167 100
46 167 100
46 167 100
47 167 100
47 167 100
47 167 100
47 167 100
47 167 100
48 167 100
48 167 100
48 167 100
48 167 100
48 167 100
48 167 100
49 167 100
49 167 100
49 167 100
49 167 100
49 167 100
49 167 100
49 167 100
50 167 100
50 167 100
50 167 100
50 167 100
50 167 100
50 167 100
50 167 100
50 167 100
51 167 100
51 167 100
51 167 100
51 167 100
51 167 100
51 167 100
51 167 100
51 167 100
51 167 100
52 167 100
52 167 100
52 167 100
52 167 100
52 167 100
52 167 100
52 167 100
52 167 100
52 167 100
52 167 100
53 167 100
53 167 100
53 167 100
53 167 100
53 167 100
53 167 100
53 167 100
53 167 100
53 167 100
53 167 100
54 167 100
54 167 100
54 167 100
54 167 100
54 167 100
54 167 100
54 167 100
54 167 100
54 167 100
54 167 100
54 167 100
55 167 100
55 167 100
55 167 100
55 167 100
55 167 100
55 167 100
55 167 100
55 167 100
55 167 100
55 167 100
55 167 100
56 167 100
56 167 100
56 167 100
56 167 100
56 167 100
56 167 100
56 167 100
56 167 100
56 167 100
56 167 100
56 167 100
57 167 100
57 167 100
57 167 100
57 167 100
57 167 100
57 167 100
57 167 100
57 167 100
57 167 100
57 167 100
58 167 100
58 167 100
58 167 100
58 167 100
58 167 100
58 167 100
58 167 100
58 167 100
58 167 100
59 167 100
59 167 100
59 167 100
59 167 100
59 167 100
59 167 100
59 167 100
59 167 100
59 167 100
60 167 100
60 167 100
60 167 100
60 167 100
60 167 100
60 167 100
60 167 100
60 167 100
61 167 100
61 167 100
61 167 100
61 167 100
61 167 100
61 167 100
61 167 100
62 167 100
62 167 100
62 167 100
62 167 100
62 167 100
62 167 100
62 167 100
63 167 100
63 167 100
63 167 100
63 167 100
63 167 100
63 167 100
63 167 100
64 167 100
64 167 100
64 167 100
64 167 100
64 167 100
64 167 100
64 167 100
65 167 100
65 167 100
65 167 100
65 167 100
65 167 100
65 167 100
65 167 100
66 167 100
66 167 100
66 167 100
66 167 100
66 167 100
66 167 100
66 167 100
67 167 100
67 167 100
67 167 100
67 167 100
67 167 100
67 167 100
67 167 100
68 167 100
68 167 100
68 167 100
68 167 100
68 167 100
68 167 100
69 167 100
69 167 100
69 167 100
69 167 100
69 167 100
70 167 100
70 167 100
70 167 100
70 167 100
71 167 100
71 167 100
71 167 100
71 167 100
