# move from (129,127) to (176,23)
129 127 100
130 127 100
131 127 100
132 127 100
133 127 100
134 127 100
135 127 100
136 127 100
137 127 100
138 127 100
139 127 100
140 127 100
141 127 100
142 127 100
143 127 100
144 127 100
145 127 100
146 127 100
147 127 100
148 127 100
149 127 100
150 127 100
151 127 100
152 127 100
153 127 100
154 127 100
155 127 100
156 127 100
157 127 100
158 127 100
159 127 100
160 127 100
161 127 100
162 127 100
163 127 100
164 127 100
165 127 100
166 127 100
167 127 100
168 127 100
169 127 100
170 127 100
171 127 100
172 127 100
173 127 100
174 127 100
175 127 100
176 127 100
176 126 100
176 125 100
176 124 100
176 123 100
176 122 100
176 121 100
176 120 100
176 119 100
176 118 100
176 117 100
176 116 100
176 115 100
176 114 100
176 113 100
176 112 100
176 111 100
176 110 100
176 109 100
176 108 100
176 107 100
176 106 100
176 105 100
176 104 100
176 104 100
176 103 100
176 103 100
176 102 100
176 102 100
176 101 100
176 101 100
176 100 100
176 100 100
176 100 100
176 99 100
176 99 100
176 99 100
176 98 100
176 98 100
176 98 100
176 97 100
176 97 100
176 97 100
176 97 100
176 96 100
176 96 100
176 96 100
176 96 100
176 96 100
176 95 100
176 95 100
176 95 100
176 95 100
176 95 100
176 95 100
176 94 100
176 94 100
176 94 100
176 94 100
176 94 100
176 94 100
176 94 100
176 93 100
176 93 100
176 93 100
176 93 100
176 93 100
176 93 100
176 93 100
176 93 100
176 92 100
176 92 100
176 92 100
176 92 100
176 92 100
176 92 100
176 92 100
176 92 100
176 91 100
176 91 100
176 91 100
176 91 100
176 91 100
176 91 100
176 91 100
176 91 100
176 91 100
176 90 100
176 90 100
176 90 100
176 90 100
176 90 100
176 90 100
176 90 100
176 90 100
176 90 100
176 89 100
176 89 100
176 89 100
176 89 100
176 89 100
176 89 100
176 89 100
176 89 100
176 88 100
176 88 100
176 88 100
176 88 100
176 88 100
176 88 100
176 88 100
176 87 100
176 87 100
176 87 100
176 87 100
176 87 100
176 87 100
176 86 100
176 86 100
176 86 100
176 86 100
176 86 100
176 85 100
176 85 100
176 85 100
176 85 100
176 84 100
176 84 100
176 84 100
176 84 100
176 83 100
176 83 100
176 83 100
176 82 100
176 82 100
176 82 100
176 81 100
176 81 100
176 81 100
176 80 100
176 80 100
176 80 100
176 79 100
176 79 100
176 79 100
176 78 100
176 78 100
176 78 100
176 77 100
176 77 100
176 77 100
176 76 100
176 76 100
176 76 100
176 75 100
176 75 100
176 74 100
176 74 100
176 73 100
176 73 100
176 72 100
176 71 100
176 70 100
176 69 100
176 68 100
176 67 100
176 66 100
176 65 100
176 64 100
176 63 100
176 62 100
176 61 100
176 60 100
176 59 100
176 58 100
176 57 100
176 56 100
176 55 100
176 54 100
176 53 100
176 52 100
176 51 100
176 50 100
176 49 100
176 48 100
176 47 100
176 46 100
176 45 100
176 44 100
176 43 100
176 42 100
176 41 100
176 40 100
176 39 100
176 38 100
176 37 100
176 36 100
176 35 100
176 34 100
176 33 100
176 32 100
176 31 100
176 30 100
176 29 100
176 28 100
176 27 100
176 26 100
176 25 100
176 24 100
176 23 100
# move from (152,62) to (176,23)
152 62 100
153 62 100
154 62 100
155 62 100
156 62 100
157 62 100
158 62 100
159 62 100
160 62 100
161 62 100
162 62 100
163 62 100
164 62 100
165 62 100
166 62 100
167 62 100
168 62 100
169 62 100
170 62 100
171 62 100
172 62 100
173 62 100
174 62 100
175 62 100
# move from (104,190) to (176,23)
104 190 100
105 190 100
106 190 100
107 190 100
107 190 100
108 190 100
108 190 100
109 190 100
109 190 100
109 190 100
110 190 100
110 190 100
110 190 100
111 190 100
111 190 100
111 190 100
111 190 100
112 190 100
112 190 100
112 190 100
112 190 100
113 190 100
113 190 100
113 190 100
113 190 100
114 190 100
114 190 100
114 190 100
114 190 100
114 190 100
115 190 100
115 190 100
115 190 100
115 190 100
115 190 100
115 190 100
116 190 100
116 190 100
116 190 100
116 190 100
116 190 100
116 190 100
117 190 100
117 190 100
117 190 100
117 190 100
117 190 100
117 190 100
117 190 100
118 190 100
118 190 100
118 190 100
118 190 100
118 190 100
118 190 100
118 190 100
118 190 100
119 190 100
119 190 100
119 190 100
119 190 100
119 190 100
119 190 100
119 190 100
119 190 100
119 190 100
120 190 100
120 190 100
120 190 100
120 190 100
120 190 100
120 190 100
120 190 100
120 190 100
120 190 100
121 190 100
121 190 100
121 190 100
121 190 100
121 190 100
121 190 100
121 190 100
121 190 100
121 190 100
122 190 100
122 190 100
122 190 100
122 190 100
122 190 100
122 190 100
122 190 100
122 190 100
122 190 100
123 190 100
123 190 100
123 190 100
123 190 100
123 190 100
123 190 100
123 190 100
123 190 100
124 190 100
124 190 100
124 190 100
124 190 100
124 190 100
124 190 100
124 190 100
125 190 100
125 190 100
125 190 100
125 190 100
125 190 100
125 190 100
126 190 100
126 190 100
126 190 100
126 190 100
126 190 100
127 190 100
127 190 100
127 190 100
127 190 100
128 190 100
128 190 100
128 190 100
129 190 100
129 190 100
129 190 100
130 190 100
130 190 100
130 190 100
131 190 100
131 190 100
131 190 100
132 190 100
132 190 100
132 190 100
133 190 100
133 190 100
133 190 100
134 190 100
134 190 100
134 190 100
134 190 100
135 190 100
135 190 100
135 190 100
135 190 100
136 190 100
136 190 100
136 190 100
136 190 100
136 190 100
137 190 100
137 190 100
137 190 100
137 190 100
137 190 100
138 190 100
138 190 100
138 190 100
138 190 100
138 190 100
139 190 100
139 190 100
139 190 100
139 190 100
139 190 100
139 190 100
140 190 100
140 190 100
140 190 100
140 190 100
140 190 100
140 190 100
141 190 100
141 190 100
141 190 100
141 190 100
141 190 100
141 190 100
141 190 100
142 190 100
142 190 100
142 190 100
142 190 100
142 190 100
142 190 100
142 190 100
143 190 100
143 190 100
143 190 100
143 190 100
143 190 100
143 190 100
143 190 100
143 190 100
144 190 100
144 190 100
144 190 100
144 190 100
144 190 100
144 190 100
144 190 100
144 190 100
144 190 100
145 190 100
145 190 100
145 190 100
145 190 100
145 190 100
145 190 100
145 190 100
145 190 100
145 190 100
145 190 100
146 190 100
146 190 100
146 190 100
146 190 100
146 190 100
146 190 100
146 190 100
146 190 100
146 190 100
146 190 100
146 190 100
147 190 100
147 190 100
147 190 100
147 190 100
147 190 100
147 190 100
147 190 100
147 190 100
147 190 100
147 190 100
147 190 100
147 190 100
148 190 100
148 190 100
148 190 100
148 190 100
148 190 100
148 190 100
148 190 100
148 190 100
148 190 100
148 190 100
148 190 100
148 190 100
148 190 100
148 190 100
149 190 100
149 190 100
149 190 100
149 190 100
149 190 100
149 190 100
149 190 100
149 190 100
149 190 100
149 190 100
149 190 100
149 190 100
149 190 100
149 190 100
149 190 100
150 190 100
150 190 100
150 190 100
150 190 100
150 190 100
150 190 100
150 190 100
150 190 100
150 190 100
150 190 100
150 190 100
150 190 100
150 190 100
150 190 100
150 190 100
150 190 100
150 190 100
151 190 100
151 190 100
151 190 100
151 190 100
151 190 100
151 190 100
151 190 100
151 190 100
151 190 100
151 190 100
151 190 100
151 190 100
151 190 100
151 190 100
151 190 100
151 190 100
151 190 100
151 190 100
152 190 100
152 190 100
152 190 100
152 190 100
152 190 100
152 190 100
152 190 100
152 190 100
152 190 100
152 190 100
152 190 100
152 190 100
152 190 100
152 190 100
152 190 100
152 190 100
152 190 100
152 190 100
153 190 100
153 190 100
153 190 100
153 190 100
153 190 100
153 190 100
153 190 100
153 190 100
153 190 100
153 190 100
153 190 100
153 190 100
153 190 100
153 190 100
153 190 100
153 190 100
153 190 100
153 190 100
154 190 100
154 190 100
154 190 100
154 190 100
154 190 100
154 190 100
154 190 100
154 190 100
154 190 100
154 190 100
154 190 100
154 190 100
154 190 100
154 190 100
154 190 100
154 190 100
154 190 100
155 190 100
155 190 100
155 190 100
155 190 100
155 190 100
155 190 100
155 190 100
155 190 100
155 190 100
155 190 100
155 190 100
155 190 100
155 190 100
155 190 100
155 190 100
155 190 100
156 190 100
156 190 100
156 190 100
156 190 100
156 190 100
156 190 100
156 190 100
156 190 100
156 190 100
156 190 100
156 190 100
156 190 100
156 190 100
156 190 100
156 190 100
157 190 100
157 190 100
157 190 100
157 190 100
157 190 100
157 190 100
157 190 100
157 190 100
157 190 100
157 190 100
157 190 100
157 190 100
157 190 100
157 190 100
158 190 100
158 190 100
158 190 100
158 190 100
158 190 100
158 190 100
158 190 100
158 190 100
158 190 100
158 190 100
158 190 100
158 190 100
158 190 100
159 190 100
159 190 100
159 190 100
159 190 100
159 190 100
159 190 100
159 190 100
159 190 100
159 190 100
159 190 100
159 190 100
159 190 100
160 190 100
160 190 100
160 190 100
160 190 100
160 190 100
160 190 100
160 190 100
160 190 100
160 190 100
160 190 100
160 190 100
160 190 100
161 190 100
161 190 100
161 190 100
161 190 100
161 190 100
161 190 100
161 190 100
161 190 100
161 190 100
161 190 100
161 190 100
162 190 100
162 190 100
162 190 100
162 190 100
162 190 100
162 190 100
162 190 100
162 190 100
162 190 100
162 190 100
162 190 100
163 190 100
163 190 100
163 190 100
163 190 100
163 190 100
163 190 100
163 190 100
163 190 100
163 190 100
163 190 100
164 190 100
164 190 100
164 190 100
164 190 100
164 190 100
164 190 100
164 190 100
164 190 100
164 190 100
165 190 100
165 190 100
165 190 100
165 190 100
165 190 100
165 190 100
165 190 100
165 190 100
166 190 100
166 190 100
166 190 100
166 190 100
166 190 100
166 190 100
167 190 100
167 190 100
167 190 100
167 190 100
167 190 100
168 190 100
168 190 100
168 190 100
169 190 100
169 190 100
170 190 100
171 190 100
172 190 100
173 190 100
174 190 100
175 190 100
176 190 100
176 189 100
176 188 100
176 187 100
176 186 100
176 185 100
176 184 100
176 183 100
176 182 100
176 181 100
176 180 100
176 179 100
176 178 100
176 177 100
176 176 100
176 175 100
176 174 100
176 173 100
176 172 100
176 171 100
176 170 100
176 169 100
176 168 100
176 167 100
176 166 100
176 165 100
176 164 100
176 163 100
176 162 100
176 161 100
176 160 100
176 159 100
176 158 100
176 157 100
176 156 100
176 155 100
176 154 100
176 153 100
176 152 100
176 151 100
176 150 100
176 149 100
176 148 100
176 147 100
176 146 100
176 145 100
176 144 100
176 143 100
176 142 100
176 141 100
176 140 100
176 139 100
176 138 100
176 137 100
176 136 100
176 135 100
176 134 100
176 133 100
176 132 100
176 131 100
176 130 100
176 129 100
176 128 100
