# move from (19,40) to (195,73)
19 40 100
20 40 100
21 40 100
22 40 100
23 40 100
23 40 100
24 40 100
24 40 100
25 40 100
25 40 100
26 40 100
26 40 100
27 40 100
27 40 100
28 40 100
28 40 100
29 40 100
29 40 100
30 40 100
30 40 100
31 40 100
31 40 100
32 40 100
32 40 100
33 40 100
33 40 100
33 40 100
34 40 100
34 40 100
34 40 100
34 40 100
35 40 100
35 40 100
35 40 100
35 40 100
35 40 100
36 40 100
36 40 100
36 40 100
36 40 100
36 40 100
36 40 100
36 40 100
36 40 100
37 40 100
37 40 100
37 40 100
37 40 100
37 40 100
37 40 100
37 40 100
37 40 100
37 40 100
37 40 100
38 40 100
38 40 100
38 40 100
38 40 100
38 40 100
38 40 100
38 40 100
38 40 100
38 40 100
38 40 100
38 40 100
38 40 100
38 40 100
38 40 100
39 40 100
39 40 100
39 40 100
39 40 100
39 40 100
39 40 100
39 40 100
39 40 100
39 40 100
39 40 100
39 40 100
39 40 100
39 40 100
39 40 100
39 40 100
39 40 100
39 40 100
40 40 100
40 40 100
40 40 100
40 40 100
40 40 100
40 40 100
40 40 100
40 40 100
40 40 100
40 40 100
40 40 100
40 40 100
40 40 100
40 40 100
40 40 100
40 40 100
40 40 100
40 40 100
40 40 100
40 40 100
41 40 100
41 40 100
41 40 100
41 40 100
41 40 100
41 40 100
41 40 100
41 40 100
41 40 100
41 40 100
41 40 100
41 40 100
41 40 100
41 40 100
41 40 100
41 40 100
41 40 100
41 40 100
41 40 100
41 40 100
41 40 100
41 40 100
42 40 100
42 40 100
42 40 100
42 40 100
42 40 100
42 40 100
42 40 100
42 40 100
42 40 100
42 40 100
42 40 100
42 40 100
42 40 100
42 40 100
42 40 100
42 40 100
42 40 100
42 40 100
42 40 100
42 40 100
42 40 100
42 40 100
42 40 100
43 40 100
43 40 100
43 40 100
43 40 100
43 40 100
43 40 100
43 40 100
43 40 100
43 40 100
43 40 100
43 40 100
43 40 100
43 40 100
43 40 100
43 40 100
43 40 100
43 40 100
43 40 100
43 40 100
43 40 100
43 40 100
43 40 100
43 40 100
43 40 100
44 40 100
44 40 100
44 40 100
44 40 100
44 40 100
44 40 100
44 40 100
44 40 100
44 40 100
44 40 100
44 40 100
44 40 100
44 40 100
44 40 100
44 40 100
44 40 100
44 40 100
44 40 100
44 40 100
44 40 100
44 40 100
44 40 100
44 40 100
44 40 100
44 40 100
45 40 100
45 40 100
45 40 100
45 40 100
45 40 100
45 40 100
45 40 100
45 40 100
45 40 100
45 40 100
45 40 100
45 40 100
45 40 100
45 40 100
45 40 100
45 40 100
45 40 100
45 40 100
45 40 100
45 40 100
45 40 100
45 40 100
45 40 100
45 40 100
45 40 100
45 40 100
46 40 100
46 40 100
46 40 100
46 40 100
46 40 100
46 40 100
46 40 100
46 40 100
46 40 100
46 40 100
46 40 100
46 40 100
46 40 100
46 40 100
46 40 100
46 40 100
46 40 100
46 40 100
46 40 100
46 40 100
46 40 100
46 40 100
46 40 100
46 40 100
46 40 100
46 40 100
46 40 100
47 40 100
47 40 100
47 40 100
47 40 100
47 40 100
47 40 100
47 40 100
47 40 100
47 40 100
47 40 100
47 40 100
47 40 100
47 40 100
47 40 100
47 40 100
47 40 100
47 40 100
47 40 100
47 40 100
47 40 100
47 40 100
47 40 100
47 40 100
47 40 100
47 40 100
47 40 100
47 40 100
47 40 100
47 40 100
48 40 100
48 40 100
48 40 100
48 40 100
48 40 100
48 40 100
48 40 100
48 40 100
48 40 100
48 40 100
48 40 100
48 40 100
48 40 100
48 40 100
48 40 100
48 40 100
48 40 100
48 40 100
48 40 100
48 40 100
48 40 100
48 40 100
48 40 100
48 40 100
48 40 100
48 40 100
48 40 100
48 40 100
48 40 100
48 40 100
48 40 100
49 40 100
49 40 100
49 40 100
49 40 100
49 40 100
49 40 100
49 40 100
49 40 100
49 40 100
49 40 100
49 40 100
49 40 100
49 40 100
49 40 100
49 40 100
49 40 100
49 40 100
49 40 100
49 40 100
49 40 100
49 40 100
49 40 100
49 40 100
49 40 100
49 40 100
49 40 100
49 40 100
49 40 100
49 40 100
49 40 100
49 40 100
49 40 100
49 40 100
49 40 100
50 40 100
50 40 100
50 40 100
50 40 100
50 40 100
50 40 100
50 40 100
50 40 100
50 40 100
50 40 100
50 40 100
50 40 100
50 40 100
50 40 100
50 40 100
50 40 100
50 40 100
50 40 100
50 40 100
50 40 100
50 40 100
50 40 100
50 40 100
50 40 100
50 40 100
50 40 100
50 40 100
50 40 100
50 40 100
50 40 100
50 40 100
50 40 100
50 40 100
50 40 100
50 40 100
50 40 100
51 40 100
51 40 100
51 40 100
51 40 100
51 40 100
51 40 100
51 40 100
51 40 100
51 40 100
51 40 100
51 40 100
51 40 100
51 40 100
51 40 100
51 40 100
51 40 100
51 40 100
51 40 100
51 40 100
51 40 100
51 40 100
51 40 100
51 40 100
51 40 100
51 40 100
51 40 100
51 40 100
51 40 100
51 40 100
51 40 100
51 40 100
51 40 100
51 40 100
51 40 100
51 40 100
51 40 100
52 40 100
52 40 100
52 40 100
52 40 100
52 40 100
52 40 100
52 40 100
52 40 100
52 40 100
52 40 100
52 40 100
52 40 100
52 40 100
52 40 100
52 40 100
52 40 100
52 40 100
52 40 100
52 40 100
52 40 100
52 40 100
52 40 100
52 40 100
52 40 100
52 40 100
52 40 100
52 40 100
52 40 100
52 40 100
52 40 100
52 40 100
52 40 100
52 40 100
52 40 100
52 40 100
52 40 100
53 40 100
53 40 100
53 40 100
53 40 100
53 40 100
53 40 100
53 40 100
53 40 100
53 40 100
53 40 100
53 40 100
53 40 100
53 40 100
53 40 100
53 40 100
53 40 100
53 40 100
53 40 100
53 40 100
53 40 100
53 40 100
53 40 100
53 40 100
53 40 100
53 40 100
53 40 100
53 40 100
53 40 100
53 40 100
53 40 100
53 40 100
53 40 100
53 40 100
53 40 100
53 40 100
54 40 100
54 40 100
54 40 100
54 40 100
54 40 100
54 40 100
54 40 100
54 40 100
54 40 100
54 40 100
54 40 100
54 40 100
54 40 100
54 40 100
54 40 100
54 40 100
54 40 100
54 40 100
54 40 100
54 40 100
54 40 100
54 40 100
54 40 100
54 40 100
54 40 100
54 40 100
54 40 100
54 40 100
54 40 100
54 40 100
54 40 100
54 40 100
54 40 100
54 40 100
55 40 100
55 40 100
55 40 100
55 40 100
55 40 100
55 40 100
55 40 100
55 40 100
55 40 100
55 40 100
55 40 100
55 40 100
55 40 100
55 40 100
55 40 100
55 40 100
55 40 100
55 40 100
55 40 100
55 40 100
55 40 100
55 40 100
55 40 100
55 40 100
55 40 100
55 40 100
55 40 100
55 40 100
55 40 100
55 40 100
55 40 100
55 40 100
56 40 100
56 40 100
56 40 100
56 40 100
56 40 100
56 40 100
56 40 100
56 40 100
56 40 100
56 40 100
56 40 100
56 40 100
56 40 100
56 40 100
56 40 100
56 40 100
56 40 100
56 40 100
56 40 100
56 40 100
56 40 100
56 40 100
56 40 100
56 40 100
56 40 100
56 40 100
56 40 100
56 40 100
56 40 100
56 40 100
57 40 100
57 40 100
57 40 100
57 40 100
57 40 100
57 40 100
57 40 100
57 40 100
57 40 100
57 40 100
57 40 100
57 40 100
57 40 100
57 40 100
57 40 100
57 40 100
57 40 100
57 40 100
57 40 100
57 40 100
57 40 100
57 40 100
57 40 100
57 40 100
57 40 100
57 40 100
57 40 100
57 40 100
57 40 100
58 40 100
58 40 100
58 40 100
58 40 100
58 40 100
58 40 100
58 40 100
58 40 100
58 40 100
58 40 100
58 40 100
58 40 100
58 40 100
58 40 100
58 40 100
58 40 100
58 40 100
58 40 100
58 40 100
58 40 100
58 40 100
58 40 100
58 40 100
58 40 100
58 40 100
58 40 100
58 40 100
58 40 100
59 40 100
59 40 100
59 40 100
59 40 100
59 40 100
59 40 100
59 40 100
59 40 100
59 40 100
59 40 100
59 40 100
59 40 100
59 40 100
59 40 100
59 40 100
59 40 100
59 40 100
59 40 100
59 40 100
59 40 100
59 40 100
59 40 100
59 40 100
59 40 100
59 40 100
59 40 100
59 40 100
59 40 100
60 40 100
60 40 100
60 40 100
60 40 100
60 40 100
60 40 100
60 40 100
60 40 100
60 40 100
60 40 100
60 40 100
60 40 100
60 40 100
60 40 100
60 40 100
60 40 100
60 40 100
60 40 100
60 40 100
60 40 100
60 40 100
60 40 100
60 40 100
60 40 100
60 40 100
60 40 100
60 40 100
60 40 100
61 40 100
61 40 100
61 40 100
61 40 100
61 40 100
61 40 100
61 40 100
61 40 100
61 40 100
61 40 100
61 40 100
61 40 100
61 40 100
61 40 100
61 40 100
61 40 100
61 40 100
61 40 100
61 40 100
61 40 100
61 40 100
61 40 100
61 40 100
61 40 100
61 40 100
61 40 100
61 40 100
61 40 100
62 40 100
62 40 100
62 40 100
62 40 100
62 40 100
62 40 100
62 40 100
62 40 100
62 40 100
62 40 100
62 40 100
62 40 100
62 40 100
62 40 100
62 40 100
62 40 100
62 40 100
62 40 100
62 40 100
62 40 100
62 40 100
62 40 100
62 40 100
62 40 100
62 40 100
62 40 100
62 40 100
62 40 100
63 40 100
63 40 100
63 40 100
63 40 100
63 40 100
63 40 100
63 40 100
63 40 100
63 40 100
63 40 100
63 40 100
63 40 100
63 40 100
63 40 100
63 40 100
63 40 100
63 40 100
63 40 100
63 40 100
63 40 100
63 40 100
63 40 100
63 40 100
63 40 100
63 40 100
63 40 100
63 40 100
63 40 100
64 40 100
64 40 100
64 40 100
64 40 100
64 40 100
64 40 100
64 40 100
64 40 100
64 40 100
64 40 100
64 40 100
64 40 100
64 40 100
64 40 100
64 40 100
64 40 100
64 40 100
64 40 100
64 40 100
64 40 100
64 40 100
64 40 100
64 40 100
64 40 100
64 40 100
64 40 100
64 40 100
65 40 100
65 40 100
65 40 100
65 40 100
65 40 100
65 40 100
65 40 100
65 40 100
65 40 100
65 40 100
65 40 100
65 40 100
65 40 100
65 40 100
65 40 100
65 40 100
65 40 100
65 40 100
65 40 100
65 40 100
65 40 100
65 40 100
65 40 100
65 40 100
65 40 100
66 40 100
66 40 100
66 40 100
66 40 100
66 40 100
66 40 100
66 40 100
66 40 100
66 40 100
66 40 100
66 40 100
66 40 100
66 40 100
66 40 100
66 40 100
66 40 100
66 40 100
66 40 100
66 40 100
66 40 100
66 40 100
66 40 100
67 40 100
67 40 100
67 40 100
67 40 100
67 40 100
67 40 100
67 40 100
67 40 100
67 40 100
67 40 100
67 40 100
67 40 100
67 40 100
67 40 100
67 40 100
67 40 100
67 40 100
67 40 100
68 40 100
68 40 100
68 40 100
68 40 100
68 40 100
68 40 100
68 40 100
68 40 100
68 40 100
68 40 100
68 40 100
68 40 100
68 40 100
68 40 100
69 40 100
69 40 100
69 40 100
69 40 100
69 40 100
69 40 100
69 40 100
69 40 100
69 40 100
69 40 100
69 40 100
70 40 100
70 40 100
70 40 100
70 40 100
70 40 100
70 40 100
70 40 100
70 40 100
70 40 100
71 40 100
71 40 100
71 40 100
71 40 100
71 40 100
71 40 100
71 40 100
72 40 100
72 40 100
72 40 100
72 40 100
72 40 100
72 40 100
73 40 100
73 40 100
73 40 100
73 40 100
73 40 100
74 40 100
74 40 100
74 40 100
74 40 100
75 40 100
75 40 100
75 40 100
75 40 100
76 40 100
76 40 100
76 40 100
76 40 100
77 40 100
77 40 100
77 40 100
77 40 100
78 40 100
78 40 100
78 40 100
78 40 100
79 40 100
79 40 100
79 40 100
80 40 100
80 40 100
80 40 100
81 40 100
81 40 100
82 40 100
82 40 100
83 40 100
83 40 100
84 40 100
85 40 100
86 40 100
86 40 100
87 40 100
87 40 100
88 40 100
88 40 100
89 40 100
89 40 100
90 40 100
90 40 100
91 40 100
91 40 100
92 40 100
92 40 100
93 40 100
93 40 100
94 40 100
94 40 100
95 40 100
95 40 100
96 40 100
96 40 100
97 40 100
97 40 100
98 40 100
98 40 100
98 40 100
99 40 100
99 40 100
99 40 100
100 40 100
100 40 100
100 40 100
101 40 100
101 40 100
101 40 100
101 40 100
102 40 100
102 40 100
102 40 100
102 40 100
103 40 100
103 40 100
103 40 100
104 40 100
104 40 100
104 40 100
105 40 100
105 40 100
105 40 100
106 40 100
106 40 100
107 40 100
107 40 100
108 40 100
108 40 100
109 40 100
109 40 100
110 40 100
110 40 100
110 40 100
111 40 100
111 40 100
111 40 100
112 40 100
112 40 100
112 40 100
112 40 100
113 40 100
113 40 100
113 40 100
113 40 100
114 40 100
114 40 100
114 40 100
114 40 100
115 40 100
115 40 100
115 40 100
115 40 100
115 40 100
116 40 100
116 40 100
116 40 100
116 40 100
116 40 100
117 40 100
117 40 100
117 40 100
117 40 100
118 40 100
118 40 100
118 40 100
119 40 100
119 40 100
119 40 100
120 40 100
120 40 100
121 40 100
121 40 100
122 40 100
122 40 100
123 40 100
123 40 100
124 40 100
125 40 100
126 40 100
127 40 100
128 40 100
129 40 100
130 40 100
131 40 100
132 40 100
133 40 100
134 40 100
135 40 100
136 40 100
137 40 100
138 40 100
139 40 100
140 40 100
141 40 100
142 40 100
143 40 100
144 40 100
145 40 100
146 40 100
147 40 100
148 40 100
148 40 100
149 40 100
149 40 100
150 40 100
150 40 100
151 40 100
151 40 100
152 40 100
152 40 100
153 40 100
153 40 100
154 40 100
154 40 100
155 40 100
155 40 100
156 40 100
156 40 100
156 40 100
157 40 100
157 40 100
157 40 100
158 40 100
158 40 100
158 40 100
158 40 100
159 40 100
159 40 100
159 40 100
159 40 100
160 40 100
160 40 100
160 40 100
160 40 100
161 40 100
161 40 100
161 40 100
161 40 100
162 40 100
162 40 100
162 40 100
162 40 100
163 40 100
163 40 100
163 40 100
163 40 100
164 40 100
164 40 100
164 40 100
165 40 100
165 40 100
165 40 100
166 40 100
166 40 100
166 40 100
167 40 100
167 40 100
167 40 100
168 40 100
168 40 100
168 40 100
169 40 100
169 40 100
169 40 100
170 40 100
170 40 100
170 40 100
171 40 100
171 40 100
171 40 100
171 40 100
172 40 100
172 40 100
172 40 100
172 40 100
173 40 100
173 40 100
173 40 100
174 40 100
174 40 100
174 40 100
175 40 100
175 40 100
176 40 100
176 40 100
177 40 100
178 40 100
179 40 100
180 40 100
181 40 100
182 40 100
183 40 100
184 40 100
185 40 100
186 40 100
187 40 100
188 40 100
189 40 100
190 40 100
191 40 100
192 40 100
193 40 100
194 40 100
195 40 100
195 41 100
195 42 100
195 43 100
195 44 100
195 45 100
195 46 100
195 47 100
195 48 100
195 49 100
195 50 100
195 51 100
195 52 100
195 53 100
195 54 100
195 55 100
195 56 100
195 57 100
195 58 100
195 59 100
195 60 100
195 61 100
195 62 100
195 63 100
195 64 100
195 65 100
195 66 100
195 67 100
195 68 100
195 69 100
195 70 100
195 71 100
195 72 100
195 73 100
