# move from (47,199) to (177,4)
47 199 100
48 199 100
49 199 100
50 199 100
51 199 100
52 199 100
53 199 100
54 199 100
55 199 100
56 199 100
57 199 100
58 199 100
59 199 100
60 199 100
61 199 100
62 199 100
63 199 100
64 199 100
65 199 100
66 199 100
67 199 100
67 199 100
68 199 100
68 199 100
69 199 100
69 199 100
69 199 100
70 199 100
70 199 100
70 199 100
71 199 100
71 199 100
71 199 100
71 199 100
72 199 100
72 199 100
72 199 100
72 199 100
72 199 100
73 199 100
73 199 100
73 199 100
73 199 100
73 199 100
74 199 100
74 199 100
74 199 100
74 199 100
74 199 100
75 199 100
75 199 100
75 199 100
75 199 100
75 199 100
76 199 100
76 199 100
76 199 100
76 199 100
76 199 100
77 199 100
77 199 100
77 199 100
77 199 100
77 199 100
78 199 100
78 199 100
78 199 100
78 199 100
79 199 100
79 199 100
79 199 100
79 199 100
79 199 100
80 199 100
80 199 100
80 199 100
80 199 100
80 199 100
81 199 100
81 199 100
81 199 100
81 199 100
81 199 100
81 199 100
82 199 100
82 199 100
82 199 100
82 199 100
82 199 100
82 199 100
82 199 100
82 199 100
83 199 100
83 199 100
83 199 100
83 199 100
83 199 100
83 199 100
83 199 100
83 199 100
83 199 100
83 199 100
84 199 100
84 199 100
84 199 100
84 199 100
84 199 100
84 199 100
84 199 100
84 199 100
84 199 100
84 199 100
84 199 100
84 199 100
85 199 100
85 199 100
85 199 100
85 199 100
85 199 100
85 199 100
85 199 100
85 199 100
85 199 100
85 199 100
85 199 100
85 199 100
85 199 100
86 199 100
86 199 100
86 199 100
86 199 100
86 199 100
86 199 100
86 199 100
86 199 100
86 199 100
86 199 100
86 199 100
86 199 100
86 199 100
86 199 100
86 199 100
87 199 100
87 199 100
87 199 100
87 199 100
87 199 100
87 199 100
87 199 100
87 199 100
87 199 100
87 199 100
87 199 100
87 199 100
87 199 100
87 199 100
87 199 100
87 199 100
88 199 100
88 199 100
88 199 100
88 199 100
88 199 100
88 199 100
88 199 100
88 199 100
88 199 100
88 199 100
88 199 100
88 199 100
88 199 100
88 199 100
88 199 100
88 199 100
88 199 100
88 199 100
89 199 100
89 199 100
89 199 100
89 199 100
89 199 100
89 199 100
89 199 100
89 199 100
89 199 100
89 199 100
89 199 100
89 199 100
89 199 100
89 199 100
89 199 100
89 199 100
89 199 100
89 199 100
89 199 100
89 199 100
90 199 100
90 199 100
90 199 100
90 199 100
90 199 100
90 199 100
90 199 100
90 199 100
90 199 100
90 199 100
90 199 100
90 199 100
90 199 100
90 199 100
90 199 100
90 199 100
90 199 100
90 199 100
90 199 100
90 199 100
90 199 100
90 199 100
91 199 100
91 199 100
91 199 100
91 199 100
91 199 100
91 199 100
91 199 100
91 199 100
91 199 100
91 199 100
91 199 100
91 199 100
91 199 100
91 199 100
91 199 100
91 199 100
91 199 100
91 199 100
91 199 100
91 199 100
91 199 100
91 199 100
91 199 100
92 199 100
92 199 100
92 199 100
92 199 100
92 199 100
92 199 100
92 199 100
92 199 100
92 199 100
92 199 100
92 199 100
92 199 100
92 199 100
92 199 100
92 199 100
92 199 100
92 199 100
92 199 100
92 199 100
92 199 100
92 199 100
92 199 100
92 199 100
92 199 100
92 199 100
93 199 100
93 199 100
93 199 100
93 199 100
93 199 100
93 199 100
93 199 100
93 199 100
93 199 100
93 199 100
93 199 100
93 199 100
93 199 100
93 199 100
93 199 100
93 199 100
93 199 100
93 199 100
93 199 100
93 199 100
93 199 100
93 199 100
93 199 100
93 199 100
93 199 100
93 199 100
93 199 100
94 199 100
94 199 100
94 199 100
94 199 100
94 199 100
94 199 100
94 199 100
94 199 100
94 199 100
94 199 100
94 199 100
94 199 100
94 199 100
94 199 100
94 199 100
94 199 100
94 199 100
94 199 100
94 199 100
94 199 100
94 199 100
94 199 100
94 199 100
94 199 100
94 199 100
94 199 100
94 199 100
94 199 100
94 199 100
95 199 100
95 199 100
95 199 100
95 199 100
95 199 100
95 199 100
95 199 100
95 199 100
95 199 100
95 199 100
95 199 100
95 199 100
95 199 100
95 199 100
95 199 100
95 199 100
95 199 100
95 199 100
95 199 100
95 199 100
95 199 100
95 199 100
95 199 100
95 199 100
95 199 100
95 199 100
95 199 100
95 199 100
95 199 100
95 199 100
96 199 100
96 199 100
96 199 100
96 199 100
96 199 100
96 199 100
96 199 100
96 199 100
96 199 100
96 199 100
96 199 100
96 199 100
96 199 100
96 199 100
96 199 100
96 199 100
96 199 100
96 199 100
96 199 100
96 199 100
96 199 100
96 199 100
96 199 100
96 199 100
96 199 100
96 199 100
96 199 100
96 199 100
96 199 100
96 199 100
96 199 100
96 199 100
97 199 100
97 199 100
97 199 100
97 199 100
97 199 100
97 199 100
97 199 100
97 199 100
97 199 100
97 199 100
97 199 100
97 199 100
97 199 100
97 199 100
97 199 100
97 199 100
97 199 100
97 199 100
97 199 100
97 199 100
97 199 100
97 199 100
97 199 100
97 199 100
97 199 100
97 199 100
97 199 100
97 199 100
97 199 100
97 199 100
97 199 100
97 199 100
97 199 100
98 199 100
98 199 100
98 199 100
98 199 100
98 199 100
98 199 100
98 199 100
98 199 100
98 199 100
98 199 100
98 199 100
98 199 100
98 199 100
98 199 100
98 199 100
98 199 100
98 199 100
98 199 100
98 199 100
98 199 100
98 199 100
98 199 100
98 199 100
98 199 100
98 199 100
98 199 100
98 199 100
98 199 100
98 199 100
98 199 100
98 199 100
98 199 100
98 199 100
98 199 100
99 199 100
99 199 100
99 199 100
99 199 100
99 199 100
99 199 100
99 199 100
99 199 100
99 199 100
99 199 100
99 199 100
99 199 100
99 199 100
99 199 100
99 199 100
99 199 100
99 199 100
99 199 100
99 199 100
99 199 100
99 199 100
99 199 100
99 199 100
99 199 100
99 199 100
99 199 100
99 199 100
99 199 100
99 199 100
99 199 100
99 199 100
99 199 100
99 199 100
99 199 100
99 199 100
100 199 100
100 199 100
100 199 100
100 199 100
100 199 100
100 199 100
100 199 100
100 199 100
100 199 100
100 199 100
100 199 100
100 199 100
100 199 100
100 199 100
100 199 100
100 199 100
100 199 100
100 199 100
100 199 100
100 199 100
100 199 100
100 199 100
100 199 100
100 199 100
100 199 100
100 199 100
100 199 100
100 199 100
100 199 100
100 199 100
100 199 100
100 199 100
100 199 100
100 199 100
100 199 100
100 199 100
101 199 100
101 199 100
101 199 100
101 199 100
101 199 100
101 199 100
101 199 100
101 199 100
101 199 100
101 199 100
101 199 100
101 199 100
101 199 100
101 199 100
101 199 100
101 199 100
101 199 100
101 199 100
101 199 100
101 199 100
101 199 100
101 199 100
101 199 100
101 199 100
101 199 100
101 199 100
101 199 100
101 199 100
101 199 100
101 199 100
101 199 100
101 199 100
101 199 100
101 199 100
101 199 100
102 199 100
102 199 100
102 199 100
102 199 100
102 199 100
102 199 100
102 199 100
102 199 100
102 199 100
102 199 100
102 199 100
102 199 100
102 199 100
102 199 100
102 199 100
102 199 100
102 199 100
102 199 100
102 199 100
102 199 100
102 199 100
102 199 100
102 199 100
102 199 100
102 199 100
102 199 100
102 199 100
102 199 100
102 199 100
102 199 100
102 199 100
102 199 100
102 199 100
102 199 100
103 199 100
103 199 100
103 199 100
103 199 100
103 199 100
103 199 100
103 199 100
103 199 100
103 199 100
103 199 100
103 199 100
103 199 100
103 199 100
103 199 100
103 199 100
103 199 100
103 199 100
103 199 100
103 199 100
103 199 100
103 199 100
103 199 100
103 199 100
103 199 100
103 199 100
103 199 100
103 199 100
103 199 100
103 199 100
103 199 100
103 199 100
103 199 100
104 199 100
104 199 100
104 199 100
104 199 100
104 199 100
104 199 100
104 199 100
104 199 100
104 199 100
104 199 100
104 199 100
104 199 100
104 199 100
104 199 100
104 199 100
104 199 100
104 199 100
104 199 100
104 199 100
104 199 100
104 199 100
104 199 100
104 199 100
104 199 100
104 199 100
104 199 100
104 199 100
104 199 100
104 199 100
104 199 100
105 199 100
105 199 100
105 199 100
105 199 100
105 199 100
105 199 100
105 199 100
105 199 100
105 199 100
105 199 100
105 199 100
105 199 100
105 199 100
105 199 100
105 199 100
105 199 100
105 199 100
105 199 100
105 199 100
105 199 100
105 199 100
105 199 100
105 199 100
105 199 100
105 199 100
105 199 100
105 199 100
106 199 100
106 199 100
106 199 100
106 199 100
106 199 100
106 199 100
106 199 100
106 199 100
106 199 100
106 199 100
106 199 100
106 199 100
106 199 100
106 199 100
106 199 100
106 199 100
106 199 100
106 199 100
106 199 100
106 199 100
106 199 100
106 199 100
106 199 100
107 199 100
107 199 100
107 199 100
107 199 100
107 199 100
107 199 100
107 199 100
107 199 100
107 199 100
107 199 100
107 199 100
107 199 100
107 199 100
107 199 100
107 199 100
107 199 100
107 199 100
107 199 100
107 199 100
107 199 100
108 199 100
108 199 100
108 199 100
108 199 100
108 199 100
108 199 100
108 199 100
108 199 100
108 199 100
108 199 100
108 199 100
108 199 100
108 199 100
108 199 100
108 199 100
108 199 100
108 199 100
109 199 100
109 199 100
109 199 100
109 199 100
109 199 100
109 199 100
109 199 100
109 199 100
109 199 100
109 199 100
109 199 100
109 199 100
109 199 100
109 199 100
110 199 100
110 199 100
110 199 100
110 199 100
110 199 100
110 199 100
110 199 100
110 199 100
110 199 100
110 199 100
110 199 100
110 199 100
111 199 100
111 199 100
111 199 100
111 199 100
111 199 100
111 199 100
111 199 100
111 199 100
111 199 100
111 199 100
112 199 100
112 199 100
112 199 100
112 199 100
112 199 100
112 199 100
112 199 100
112 199 100
112 199 100
113 199 100
113 199 100
113 199 100
113 199 100
113 199 100
113 199 100
113 199 100
113 199 100
114 199 100
114 199 100
114 199 100
114 199 100
114 199 100
114 199 100
114 199 100
115 199 100
115 199 100
115 199 100
115 199 100
115 199 100
115 199 100
116 199 100
116 199 100
116 199 100
116 199 100
116 199 100
116 199 100
117 199 100
117 199 100
117 199 100
117 199 100
117 199 100
117 199 100
118 199 100
118 199 100
118 199 100
118 199 100
118 199 100
119 199 100
119 199 100
119 199 100
119 199 100
120 199 100
120 199 100
120 199 100
121 199 100
121 199 100
121 199 100
122 199 100
122 199 100
123 199 100
123 199 100
124 199 100
124 199 100
125 199 100
126 199 100
127 199 100
128 199 100
129 199 100
130 199 100
131 199 100
132 199 100
133 199 100
134 199 100
135 199 100
136 199 100
137 199 100
138 199 100
139 199 100
140 199 100
141 199 100
142 199 100
143 199 100
144 199 100
145 199 100
146 199 100
147 199 100
148 199 100
149 199 100
150 199 100
151 199 100
152 199 100
153 199 100
154 199 100
154 199 100
155 199 100
155 199 100
156 199 100
156 199 100
157 199 100
157 199 100
157 199 100
158 199 100
158 199 100
158 199 100
159 199 100
159 199 100
159 199 100
159 199 100
160 199 100
160 199 100
160 199 100
160 199 100
160 199 100
161 199 100
161 199 100
161 199 100
161 199 100
161 199 100
162 199 100
162 199 100
162 199 100
162 199 100
162 199 100
162 199 100
163 199 100
163 199 100
163 199 100
163 199 100
163 199 100
163 199 100
163 199 100
164 199 100
164 199 100
164 199 100
164 199 100
164 199 100
164 199 100
164 199 100
165 199 100
165 199 100
165 199 100
165 199 100
165 199 100
165 199 100
165 199 100
166 199 100
166 199 100
166 199 100
166 199 100
166 199 100
166 199 100
166 199 100
167 199 100
167 199 100
167 199 100
167 199 100
167 199 100
167 199 100
167 199 100
168 199 100
168 199 100
168 199 100
168 199 100
168 199 100
168 199 100
168 199 100
169 199 100
169 199 100
169 199 100
169 199 100
169 199 100
169 199 100
170 199 100
170 199 100
170 199 100
170 199 100
170 199 100
170 199 100
171 199 100
171 199 100
171 199 100
171 199 100
171 199 100
171 199 100
172 199 100
172 199 100
172 199 100
172 199 100
172 199 100
172 199 100
173 199 100
173 199 100
173 199 100
173 199 100
173 199 100
173 199 100
174 199 100
174 199 100
174 199 100
174 199 100
174 199 100
174 199 100
175 199 100
175 199 100
175 199 100
175 199 100
175 199 100
175 199 100
176 199 100
176 199 100
176 199 100
176 199 100
176 199 100
176 199 100
177 199 100
177 199 100
177 199 100
177 199 100
177 199 100
177 199 100
177 198 100
177 198 100
177 198 100
177 198 100
177 198 100
177 197 100
177 197 100
177 197 100
177 197 100
177 197 100
177 196 100
177 196 100
177 196 100
177 196 100
177 195 100
177 195 100
177 195 100
177 194 100
177 194 100
177 194 100
177 193 100
177 193 100
177 193 100
177 192 100
177 192 100
177 192 100
177 191 100
177 191 100
177 191 100
177 190 100
177 190 100
177 189 100
177 189 100
177 188 100
177 188 100
177 187 100
177 187 100
177 186 100
177 186 100
177 185 100
177 185 100
177 184 100
177 184 100
177 183 100
177 183 100
177 182 100
177 182 100
177 181 100
177 181 100
177 180 100
177 180 100
177 179 100
177 179 100
177 178 100
177 178 100
177 178 100
177 177 100
177 177 100
177 177 100
177 176 100
177 176 100
177 176 100
177 175 100
177 175 100
177 175 100
177 174 100
177 174 100
177 174 100
177 174 100
177 173 100
177 173 100
177 173 100
177 173 100
177 172 100
177 172 100
177 172 100
177 172 100
177 172 100
177 171 100
177 171 100
177 171 100
177 171 100
177 171 100
177 170 100
177 170 100
177 170 100
177 170 100
177 170 100
177 170 100
177 170 100
177 169 100
177 169 100
177 169 100
177 169 100
177 169 100
177 169 100
177 169 100
177 169 100
177 168 100
177 168 100
177 168 100
177 168 100
177 168 100
177 168 100
177 168 100
177 168 100
177 168 100
177 168 100
177 168 100
177 167 100
177 167 100
177 167 100
177 167 100
177 167 100
177 167 100
177 167 100
177 167 100
177 167 100
177 167 100
177 167 100
177 167 100
177 167 100
177 166 100
177 166 100
177 166 100
177 166 100
177 166 100
177 166 100
177 166 100
177 166 100
177 166 100
177 166 100
177 166 100
177 166 100
177 166 100
177 166 100
177 166 100
177 166 100
177 165 100
177 165 100
177 165 100
177 165 100
177 165 100
177 165 100
177 165 100
177 165 100
177 165 100
177 165 100
177 165 100
177 165 100
177 165 100
177 165 100
177 165 100
177 165 100
177 165 100
177 165 100
177 165 100
177 164 100
177 164 100
177 164 100
177 164 100
177 164 100
177 164 100
177 164 100
177 164 100
177 164 100
177 164 100
177 164 100
177 164 100
177 164 100
177 164 100
177 164 100
177 164 100
177 164 100
177 164 100
177 164 100
177 164 100
177 164 100
177 164 100
177 163 100
177 163 100
177 163 100
177 163 100
177 163 100
177 163 100
177 163 100
177 163 100
177 163 100
177 163 100
177 163 100
177 163 100
177 163 100
177 163 100
177 163 100
177 163 100
177 163 100
177 163 100
177 163 100
177 163 100
177 163 100
177 163 100
177 163 100
177 163 100
177 163 100
177 162 100
177 162 100
177 162 100
177 162 100
177 162 100
177 162 100
177 162 100
177 162 100
177 162 100
177 162 100
177 162 100
177 162 100
177 162 100
177 162 100
177 162 100
177 162 100
177 162 100
177 162 100
177 162 100
177 162 100
177 162 100
177 162 100
177 162 100
177 162 100
177 162 100
177 162 100
177 162 100
177 161 100
177 161 100
177 161 100
177 161 100
177 161 100
177 161 100
177 161 100
177 161 100
177 161 100
177 161 100
177 161 100
177 161 100
177 161 100
177 161 100
177 161 100
177 161 100
177 161 100
177 161 100
177 161 100
177 161 100
177 161 100
177 161 100
177 161 100
177 161 100
177 161 100
177 161 100
177 161 100
177 161 100
177 161 100
177 160 100
177 160 100
177 160 100
177 160 100
177 160 100
177 160 100
177 160 100
177 160 100
177 160 100
177 160 100
177 160 100
177 160 100
177 160 100
177 160 100
177 160 100
177 160 100
177 160 100
177 160 100
177 160 100
177 160 100
177 160 100
177 160 100
177 160 100
177 160 100
177 160 100
177 160 100
177 160 100
177 160 100
177 160 100
177 160 100
177 159 100
177 159 100
177 159 100
177 159 100
177 159 100
177 159 100
177 159 100
177 159 100
177 159 100
177 159 100
177 159 100
177 159 100
177 159 100
177 159 100
177 159 100
177 159 100
177 159 100
177 159 100
177 159 100
177 159 100
177 159 100
177 159 100
177 159 100
177 159 100
177 159 100
177 159 100
177 159 100
177 159 100
177 159 100
177 159 100
177 159 100
177 158 100
177 158 100
177 158 100
177 158 100
177 158 100
177 158 100
177 158 100
177 158 100
177 158 100
177 158 100
177 158 100
177 158 100
177 158 100
177 158 100
177 158 100
177 158 100
177 158 100
177 158 100
177 158 100
177 158 100
177 158 100
177 158 100
177 158 100
177 158 100
177 158 100
177 158 100
177 158 100
177 158 100
177 158 100
177 158 100
177 158 100
177 157 100
177 157 100
177 157 100
177 157 100
177 157 100
177 157 100
177 157 100
177 157 100
177 157 100
177 157 100
177 157 100
177 157 100
177 157 100
177 157 100
177 157 100
177 157 100
177 157 100
177 157 100
177 157 100
177 157 100
177 157 100
177 157 100
177 157 100
177 157 100
177 157 100
177 157 100
177 157 100
177 157 100
177 157 100
177 157 100
177 157 100
177 156 100
177 156 100
177 156 100
177 156 100
177 156 100
177 156 100
177 156 100
177 156 100
177 156 100
177 156 100
177 156 100
177 156 100
177 156 100
177 156 100
177 156 100
177 156 100
177 156 100
177 156 100
177 156 100
177 156 100
177 156 100
177 156 100
177 156 100
177 156 100
177 156 100
177 156 100
177 156 100
177 156 100
177 156 100
177 156 100
177 156 100
177 156 100
177 155 100
177 155 100
177 155 100
177 155 100
177 155 100
177 155 100
177 155 100
177 155 100
177 155 100
177 155 100
177 155 100
177 155 100
177 155 100
177 155 100
177 155 100
177 155 100
177 155 100
177 155 100
177 155 100
177 155 100
177 155 100
177 155 100
177 155 100
177 155 100
177 155 100
177 155 100
177 155 100
177 155 100
177 155 100
177 155 100
177 155 100
177 155 100
177 154 100
177 154 100
177 154 100
177 154 100
177 154 100
177 154 100
177 154 100
177 154 100
177 154 100
177 154 100
177 154 100
177 154 100
177 154 100
177 154 100
177 154 100
177 154 100
177 154 100
177 154 100
177 154 100
177 154 100
177 154 100
177 154 100
177 154 100
177 154 100
177 154 100
177 154 100
177 154 100
177 154 100
177 154 100
177 154 100
177 154 100
177 154 100
177 154 100
177 153 100
177 153 100
177 153 100
177 153 100
177 153 100
177 153 100
177 153 100
177 153 100
177 153 100
177 153 100
177 153 100
177 153 100
177 153 100
177 153 100
177 153 100
177 153 100
177 153 100
177 153 100
177 153 100
177 153 100
177 153 100
177 153 100
177 153 100
177 153 100
177 153 100
177 153 100
177 153 100
177 153 100
177 153 100
177 153 100
177 153 100
177 153 100
177 153 100
177 153 100
177 152 100
177 152 100
177 152 100
177 152 100
177 152 100
177 152 100
177 152 100
177 152 100
177 152 100
177 152 100
177 152 100
177 152 100
177 152 100
177 152 100
177 152 100
177 152 100
177 152 100
177 152 100
177 152 100
177 152 100
177 152 100
177 152 100
177 152 100
177 152 100
177 152 100
177 152 100
177 152 100
177 152 100
177 152 100
177 152 100
177 152 100
177 152 100
177 152 100
177 152 100
177 151 100
177 151 100
177 151 100
177 151 100
177 151 100
177 151 100
177 151 100
177 151 100
177 151 100
177 151 100
177 151 100
177 151 100
177 151 100
177 151 100
177 151 100
177 151 100
177 151 100
177 151 100
177 151 100
177 151 100
177 151 100
177 151 100
177 151 100
177 151 100
177 151 100
177 151 100
177 151 100
177 151 100
177 151 100
177 151 100
177 151 100
177 151 100
177 151 100
177 151 100
177 150 100
177 150 100
177 150 100
177 150 100
177 150 100
177 150 100
177 150 100
177 150 100
177 150 100
177 150 100
177 150 100
177 150 100
177 150 100
177 150 100
177 150 100
177 150 100
177 150 100
177 150 100
177 150 100
177 150 100
177 150 100
177 150 100
177 150 100
177 150 100
177 150 100
177 150 100
177 150 100
177 150 100
177 150 100
177 150 100
177 150 100
177 150 100
177 150 100
177 150 100
177 149 100
177 149 100
177 149 100
177 149 100
177 149 100
177 149 100
177 149 100
177 149 100
177 149 100
177 149 100
177 149 100
177 149 100
177 149 100
177 149 100
177 149 100
177 149 100
177 149 100
177 149 100
177 149 100
177 149 100
177 149 100
177 149 100
177 149 100
177 149 100
177 149 100
177 149 100
177 149 100
177 149 100
177 149 100
177 149 100
177 149 100
177 149 100
177 149 100
177 148 100
177 148 100
177 148 100
177 148 100
177 148 100
177 148 100
177 148 100
177 148 100
177 148 100
177 148 100
177 148 100
177 148 100
177 148 100
177 148 100
177 148 100
177 148 100
177 148 100
177 148 100
177 148 100
177 148 100
177 148 100
177 148 100
177 148 100
177 148 100
177 148 100
177 148 100
177 148 100
177 148 100
177 148 100
177 148 100
177 148 100
177 148 100
177 148 100
177 147 100
177 147 100
177 147 100
177 147 100
177 147 100
177 147 100
177 147 100
177 147 100
177 147 100
177 147 100
177 147 100
177 147 100
177 147 100
177 147 100
177 147 100
177 147 100
177 147 100
177 147 100
177 147 100
177 147 100
177 147 100
177 147 100
177 147 100
177 147 100
177 147 100
177 147 100
177 147 100
177 147 100
177 147 100
177 147 100
177 147 100
177 147 100
177 146 100
177 146 100
177 146 100
177 146 100
177 146 100
177 146 100
177 146 100
177 146 100
177 146 100
177 146 100
177 146 100
177 146 100
177 146 100
177 146 100
177 146 100
177 146 100
177 146 100
177 146 100
177 146 100
177 146 100
177 146 100
177 146 100
177 146 100
177 146 100
177 146 100
177 146 100
177 146 100
177 146 100
177 146 100
177 146 100
177 146 100
177 146 100
177 145 100
177 145 100
177 145 100
177 145 100
177 145 100
177 145 100
177 145 100
177 145 100
177 145 100
177 145 100
177 145 100
177 145 100
177 145 100
177 145 100
177 145 100
177 145 100
177 145 100
177 145 100
177 145 100
177 145 100
177 145 100
177 145 100
177 145 100
177 145 100
177 145 100
177 145 100
177 145 100
177 145 100
177 145 100
177 145 100
177 145 100
177 145 100
177 144 100
177 144 100
177 144 100
177 144 100
177 144 100
177 144 100
177 144 100
177 144 100
177 144 100
177 144 100
177 144 100
177 144 100
177 144 100
177 144 100
177 144 100
177 144 100
177 144 100
177 144 100
177 144 100
177 144 100
177 144 100
177 144 100
177 144 100
177 144 100
177 144 100
177 144 100
177 144 100
177 144 100
177 144 100
177 144 100
177 144 100
177 144 100
177 143 100
177 143 100
177 143 100
177 143 100
177 143 100
177 143 100
177 143 100
177 143 100
177 143 100
177 143 100
177 143 100
177 143 100
177 143 100
177 143 100
177 143 100
177 143 100
177 143 100
177 143 100
177 143 100
177 143 100
177 143 100
177 143 100
177 143 100
177 143 100
177 143 100
177 143 100
177 143 100
177 143 100
177 143 100
177 143 100
177 143 100
177 143 100
177 142 100
177 142 100
177 142 100
177 142 100
177 142 100
177 142 100
177 142 100
177 142 100
177 142 100
177 142 100
177 142 100
177 142 100
177 142 100
177 142 100
177 142 100
177 142 100
177 142 100
177 142 100
177 142 100
177 142 100
177 142 100
177 142 100
177 142 100
177 142 100
177 142 100
177 142 100
177 142 100
177 142 100
177 142 100
177 142 100
177 142 100
177 142 100
177 141 100
177 141 100
177 141 100
177 141 100
177 141 100
177 141 100
177 141 100
177 141 100
177 141 100
177 141 100
177 141 100
177 141 100
177 141 100
177 141 100
177 141 100
177 141 100
177 141 100
177 141 100
177 141 100
177 141 100
177 141 100
177 141 100
177 141 100
177 141 100
177 141 100
177 141 100
177 141 100
177 141 100
177 141 100
177 141 100
177 141 100
177 141 100
177 140 100
177 140 100
177 140 100
177 140 100
177 140 100
177 140 100
177 140 100
177 140 100
177 140 100
177 140 100
177 140 100
177 140 100
177 140 100
177 140 100
177 140 100
177 140 100
177 140 100
177 140 100
177 140 100
177 140 100
177 140 100
177 140 100
177 140 100
177 140 100
177 140 100
177 140 100
177 140 100
177 140 100
177 140 100
177 140 100
177 140 100
177 139 100
177 139 100
177 139 100
177 139 100
177 139 100
177 139 100
177 139 100
177 139 100
177 139 100
177 139 100
177 139 100
177 139 100
177 139 100
177 139 100
177 139 100
177 139 100
177 139 100
177 139 100
177 139 100
177 139 100
177 139 100
177 139 100
177 139 100
177 139 100
177 139 100
177 139 100
177 139 100
177 139 100
177 139 100
177 138 100
177 138 100
177 138 100
177 138 100
177 138 100
177 138 100
177 138 100
177 138 100
177 138 100
177 138 100
177 138 100
177 138 100
177 138 100
177 138 100
177 138 100
177 138 100
177 138 100
177 138 100
177 138 100
177 138 100
177 138 100
177 138 100
177 138 100
177 138 100
177 138 100
177 138 100
177 138 100
177 137 100
177 137 100
177 137 100
177 137 100
177 137 100
177 137 100
177 137 100
177 137 100
177 137 100
177 137 100
177 137 100
177 137 100
177 137 100
177 137 100
177 137 100
177 137 100
177 137 100
177 137 100
177 137 100
177 137 100
177 137 100
177 137 100
177 137 100
177 137 100
177 136 100
177 136 100
177 136 100
177 136 100
177 136 100
177 136 100
177 136 100
177 136 100
177 136 100
177 136 100
177 136 100
177 136 100
177 136 100
177 136 100
177 136 100
177 136 100
177 136 100
177 136 100
177 136 100
177 136 100
177 136 100
177 135 100
177 135 100
177 135 100
177 135 100
177 135 100
177 135 100
177 135 100
177 135 100
177 135 100
177 135 100
177 135 100
177 135 100
177 135 100
177 135 100
177 135 100
177 135 100
177 135 100
177 134 100
177 134 100
177 134 100
177 134 100
177 134 100
177 134 100
177 134 100
177 134 100
177 134 100
177 134 100
177 134 100
177 134 100
177 134 100
177 134 100
177 133 100
177 133 100
177 133 100
177 133 100
177 133 100
177 133 100
177 133 100
177 133 100
177 133 100
177 133 100
177 133 100
177 132 100
177 132 100
177 132 100
177 132 100
177 132 100
177 132 100
177 132 100
177 132 100
177 131 100
177 131 100
177 131 100
177 131 100
177 131 100
177 131 100
177 130 100
177 130 100
177 130 100
177 130 100
177 130 100
177 129 100
177 129 100
177 129 100
177 129 100
177 128 100
177 128 100
177 128 100
177 128 100
177 127 100
177 127 100
177 127 100
177 126 100
177 126 100
177 126 100
177 125 100
177 125 100
177 124 100
177 124 100
177 123 100
177 122 100
177 121 100
177 120 100
177 119 100
177 118 100
177 117 100
177 116 100
177 115 100
177 114 100
177 113 100
177 112 100
177 111 100
177 110 100
177 109 100
177 108 100
177 107 100
177 106 100
177 105 100
177 104 100
177 103 100
177 102 100
177 101 100
177 101 100
177 100 100
177 100 100
177 99 100
177 99 100
177 99 100
177 98 100
177 98 100
177 98 100
177 98 100
177 97 100
177 97 100
177 97 100
177 97 100
177 97 100
177 97 100
177 96 100
177 96 100
177 96 100
177 96 100
177 96 100
177 96 100
177 96 100
177 96 100
177 95 100
177 95 100
177 95 100
177 95 100
177 95 100
177 95 100
177 95 100
177 95 100
177 95 100
177 95 100
177 95 100
177 94 100
177 94 100
177 94 100
177 94 100
177 94 100
177 94 100
177 94 100
177 94 100
177 94 100
177 94 100
177 94 100
177 94 100
177 94 100
177 94 100
177 93 100
177 93 100
177 93 100
177 93 100
177 93 100
177 93 100
177 93 100
177 93 100
177 93 100
177 93 100
177 93 100
177 93 100
177 93 100
177 93 100
177 93 100
177 93 100
177 93 100
177 92 100
177 92 100
177 92 100
177 92 100
177 92 100
177 92 100
177 92 100
177 92 100
177 92 100
177 92 100
177 92 100
177 92 100
177 92 100
177 92 100
177 92 100
177 92 100
177 92 100
177 92 100
177 92 100
177 92 100
177 91 100
177 91 100
177 91 100
177 91 100
177 91 100
177 91 100
177 91 100
177 91 100
177 91 100
177 91 100
177 91 100
177 91 100
177 91 100
177 91 100
177 91 100
177 91 100
177 91 100
177 91 100
177 91 100
177 91 100
177 91 100
177 91 100
177 91 100
177 90 100
177 90 100
177 90 100
177 90 100
177 90 100
177 90 100
177 90 100
177 90 100
177 90 100
177 90 100
177 90 100
177 90 100
177 90 100
177 90 100
177 90 100
177 90 100
177 90 100
177 90 100
177 90 100
177 90 100
177 90 100
177 90 100
177 90 100
177 90 100
177 90 100
177 90 100
177 89 100
177 89 100
177 89 100
177 89 100
177 89 100
177 89 100
177 89 100
177 89 100
177 89 100
177 89 100
177 89 100
177 89 100
177 89 100
177 89 100
177 89 100
177 89 100
177 89 100
177 89 100
177 89 100
177 89 100
177 89 100
177 89 100
177 89 100
177 89 100
177 89 100
177 89 100
177 89 100
177 89 100
177 89 100
177 88 100
177 88 100
177 88 100
177 88 100
177 88 100
177 88 100
177 88 100
177 88 100
177 88 100
177 88 100
177 88 100
177 88 100
177 88 100
177 88 100
177 88 100
177 88 100
177 88 100
177 88 100
177 88 100
177 88 100
177 88 100
177 88 100
177 88 100
177 88 100
177 88 100
177 88 100
177 88 100
177 88 100
177 88 100
177 88 100
177 88 100
177 87 100
177 87 100
177 87 100
177 87 100
177 87 100
177 87 100
177 87 100
177 87 100
177 87 100
177 87 100
177 87 100
177 87 100
177 87 100
177 87 100
177 87 100
177 87 100
177 87 100
177 87 100
177 87 100
177 87 100
177 87 100
177 87 100
177 87 100
177 87 100
177 87 100
177 87 100
177 87 100
177 87 100
177 87 100
177 87 100
177 87 100
177 87 100
177 86 100
177 86 100
177 86 100
177 86 100
177 86 100
177 86 100
177 86 100
177 86 100
177 86 100
177 86 100
177 86 100
177 86 100
177 86 100
177 86 100
177 86 100
177 86 100
177 86 100
177 86 100
177 86 100
177 86 100
177 86 100
177 86 100
177 86 100
177 86 100
177 86 100
177 86 100
177 86 100
177 86 100
177 86 100
177 86 100
177 86 100
177 86 100
177 86 100
177 85 100
177 85 100
177 85 100
177 85 100
177 85 100
177 85 100
177 85 100
177 85 100
177 85 100
177 85 100
177 85 100
177 85 100
177 85 100
177 85 100
177 85 100
177 85 100
177 85 100
177 85 100
177 85 100
177 85 100
177 85 100
177 85 100
177 85 100
177 85 100
177 85 100
177 85 100
177 85 100
177 85 100
177 85 100
177 85 100
177 85 100
177 85 100
177 85 100
177 84 100
177 84 100
177 84 100
177 84 100
177 84 100
177 84 100
177 84 100
177 84 100
177 84 100
177 84 100
177 84 100
177 84 100
177 84 100
177 84 100
177 84 100
177 84 100
177 84 100
177 84 100
177 84 100
177 84 100
177 84 100
177 84 100
177 84 100
177 84 100
177 84 100
177 84 100
177 84 100
177 84 100
177 84 100
177 84 100
177 84 100
177 84 100
177 83 100
177 83 100
177 83 100
177 83 100
177 83 100
177 83 100
177 83 100
177 83 100
177 83 100
177 83 100
177 83 100
177 83 100
177 83 100
177 83 100
177 83 100
177 83 100
177 83 100
177 83 100
177 83 100
177 83 100
177 83 100
177 83 100
177 83 100
177 83 100
177 83 100
177 83 100
177 83 100
177 83 100
177 83 100
177 83 100
177 83 100
177 83 100
177 82 100
177 82 100
177 82 100
177 82 100
177 82 100
177 82 100
177 82 100
177 82 100
177 82 100
177 82 100
177 82 100
177 82 100
177 82 100
177 82 100
177 82 100
177 82 100
177 82 100
177 82 100
177 82 100
177 82 100
177 82 100
177 82 100
177 82 100
177 82 100
177 82 100
177 82 100
177 82 100
177 82 100
177 82 100
177 82 100
177 82 100
177 82 100
177 81 100
177 81 100
177 81 100
177 81 100
177 81 100
177 81 100
177 81 100
177 81 100
177 81 100
177 81 100
177 81 100
177 81 100
177 81 100
177 81 100
177 81 100
177 81 100
177 81 100
177 81 100
177 81 100
177 81 100
177 81 100
177 81 100
177 81 100
177 81 100
177 81 100
177 81 100
177 81 100
177 81 100
177 81 100
177 81 100
177 81 100
177 81 100
177 80 100
177 80 100
177 80 100
177 80 100
177 80 100
177 80 100
177 80 100
177 80 100
177 80 100
177 80 100
177 80 100
177 80 100
177 80 100
177 80 100
177 80 100
177 80 100
177 80 100
177 80 100
177 80 100
177 80 100
177 80 100
177 80 100
177 80 100
177 80 100
177 80 100
177 80 100
177 80 100
177 80 100
177 80 100
177 80 100
177 80 100
177 80 100
177 80 100
177 79 100
177 79 100
177 79 100
177 79 100
177 79 100
177 79 100
177 79 100
177 79 100
177 79 100
177 79 100
177 79 100
177 79 100
177 79 100
177 79 100
177 79 100
177 79 100
177 79 100
177 79 100
177 79 100
177 79 100
177 79 100
177 79 100
177 79 100
177 79 100
177 79 100
177 79 100
177 79 100
177 79 100
177 79 100
177 79 100
177 79 100
177 79 100
177 79 100
177 78 100
177 78 100
177 78 100
177 78 100
177 78 100
177 78 100
177 78 100
177 78 100
177 78 100
177 78 100
177 78 100
177 78 100
177 78 100
177 78 100
177 78 100
177 78 100
177 78 100
177 78 100
177 78 100
177 78 100
177 78 100
177 78 100
177 78 100
177 78 100
177 78 100
177 78 100
177 78 100
177 78 100
177 78 100
177 78 100
177 78 100
177 78 100
177 78 100
177 78 100
177 77 100
177 77 100
177 77 100
177 77 100
177 77 100
177 77 100
177 77 100
177 77 100
177 77 100
177 77 100
177 77 100
177 77 100
177 77 100
177 77 100
177 77 100
177 77 100
177 77 100
177 77 100
177 77 100
177 77 100
177 77 100
177 77 100
177 77 100
177 77 100
177 77 100
177 77 100
177 77 100
177 77 100
177 77 100
177 77 100
177 77 100
177 77 100
177 77 100
177 77 100
177 76 100
177 76 100
177 76 100
177 76 100
177 76 100
177 76 100
177 76 100
177 76 100
177 76 100
177 76 100
177 76 100
177 76 100
177 76 100
177 76 100
177 76 100
177 76 100
177 76 100
177 76 100
177 76 100
177 76 100
177 76 100
177 76 100
177 76 100
177 76 100
177 76 100
177 76 100
177 76 100
177 76 100
177 76 100
177 76 100
177 76 100
177 76 100
177 76 100
177 76 100
177 76 100
177 75 100
177 75 100
177 75 100
177 75 100
177 75 100
177 75 100
177 75 100
177 75 100
177 75 100
177 75 100
177 75 100
177 75 100
177 75 100
177 75 100
177 75 100
177 75 100
177 75 100
177 75 100
177 75 100
177 75 100
177 75 100
177 75 100
177 75 100
177 75 100
177 75 100
177 75 100
177 75 100
177 75 100
177 75 100
177 75 100
177 75 100
177 75 100
177 75 100
177 75 100
177 75 100
177 74 100
177 74 100
177 74 100
177 74 100
177 74 100
177 74 100
177 74 100
177 74 100
177 74 100
177 74 100
177 74 100
177 74 100
177 74 100
177 74 100
177 74 100
177 74 100
177 74 100
177 74 100
177 74 100
177 74 100
177 74 100
177 74 100
177 74 100
177 74 100
177 74 100
177 74 100
177 74 100
177 74 100
177 74 100
177 74 100
177 74 100
177 74 100
177 74 100
177 74 100
177 74 100
177 74 100
177 73 100
177 73 100
177 73 100
177 73 100
177 73 100
177 73 100
177 73 100
177 73 100
177 73 100
177 73 100
177 73 100
177 73 100
177 73 100
177 73 100
177 73 100
177 73 100
177 73 100
177 73 100
177 73 100
177 73 100
177 73 100
177 73 100
177 73 100
177 73 100
177 73 100
177 73 100
177 73 100
177 73 100
177 73 100
177 73 100
177 73 100
177 73 100
177 73 100
177 73 100
177 73 100
177 73 100
177 72 100
177 72 100
177 72 100
177 72 100
177 72 100
177 72 100
177 72 100
177 72 100
177 72 100
177 72 100
177 72 100
177 72 100
177 72 100
177 72 100
177 72 100
177 72 100
177 72 100
177 72 100
177 72 100
177 72 100
177 72 100
177 72 100
177 72 100
177 72 100
177 72 100
177 72 100
177 72 100
177 72 100
177 72 100
177 72 100
177 72 100
177 72 100
177 72 100
177 72 100
177 72 100
177 72 100
177 71 100
177 71 100
177 71 100
177 71 100
177 71 100
177 71 100
177 71 100
177 71 100
177 71 100
177 71 100
177 71 100
177 71 100
177 71 100
177 71 100
177 71 100
177 71 100
177 71 100
177 71 100
177 71 100
177 71 100
177 71 100
177 71 100
177 71 100
177 71 100
177 71 100
177 71 100
177 71 100
177 71 100
177 71 100
177 71 100
177 71 100
177 71 100
177 71 100
177 71 100
177 71 100
177 71 100
177 70 100
177 70 100
177 70 100
177 70 100
177 70 100
177 70 100
177 70 100
177 70 100
177 70 100
177 70 100
177 70 100
177 70 100
177 70 100
177 70 100
177 70 100
177 70 100
177 70 100
177 70 100
177 70 100
177 70 100
177 70 100
177 70 100
177 70 100
177 70 100
177 70 100
177 70 100
177 70 100
177 70 100
177 70 100
177 70 100
177 70 100
177 70 100
177 70 100
177 70 100
177 70 100
177 70 100
177 69 100
177 69 100
177 69 100
177 69 100
177 69 100
177 69 100
177 69 100
177 69 100
177 69 100
177 69 100
177 69 100
177 69 100
177 69 100
177 69 100
177 69 100
177 69 100
177 69 100
177 69 100
177 69 100
177 69 100
177 69 100
177 69 100
177 69 100
177 69 100
177 69 100
177 69 100
177 69 100
177 69 100
177 69 100
177 69 100
177 69 100
177 69 100
177 69 100
177 69 100
177 69 100
177 69 100
177 68 100
177 68 100
177 68 100
177 68 100
177 68 100
177 68 100
177 68 100
177 68 100
177 68 100
177 68 100
177 68 100
177 68 100
177 68 100
177 68 100
177 68 100
177 68 100
177 68 100
177 68 100
177 68 100
177 68 100
177 68 100
177 68 100
177 68 100
177 68 100
177 68 100
177 68 100
177 68 100
177 68 100
177 68 100
177 68 100
177 68 100
177 68 100
177 68 100
177 68 100
177 68 100
177 67 100
177 67 100
177 67 100
177 67 100
177 67 100
177 67 100
177 67 100
177 67 100
177 67 100
177 67 100
177 67 100
177 67 100
177 67 100
177 67 100
177 67 100
177 67 100
177 67 100
177 67 100
177 67 100
177 67 100
177 67 100
177 67 100
177 67 100
177 67 100
177 67 100
177 67 100
177 67 100
177 67 100
177 67 100
177 67 100
177 67 100
177 67 100
177 67 100
177 67 100
177 67 100
177 66 100
177 66 100
177 66 100
177 66 100
177 66 100
177 66 100
177 66 100
177 66 100
177 66 100
177 66 100
177 66 100
177 66 100
177 66 100
177 66 100
177 66 100
177 66 100
177 66 100
177 66 100
177 66 100
177 66 100
177 66 100
177 66 100
177 66 100
177 66 100
177 66 100
177 66 100
177 66 100
177 66 100
177 66 100
177 66 100
177 66 100
177 66 100
177 66 100
177 66 100
177 66 100
177 65 100
177 65 100
177 65 100
177 65 100
177 65 100
177 65 100
177 65 100
177 65 100
177 65 100
177 65 100
177 65 100
177 65 100
177 65 100
177 65 100
177 65 100
177 65 100
177 65 100
177 65 100
177 65 100
177 65 100
177 65 100
177 65 100
177 65 100
177 65 100
177 65 100
177 65 100
177 65 100
177 65 100
177 65 100
177 65 100
177 65 100
177 65 100
177 65 100
177 65 100
177 65 100
177 64 100
177 64 100
177 64 100
177 64 100
177 64 100
177 64 100
177 64 100
177 64 100
177 64 100
177 64 100
177 64 100
177 64 100
177 64 100
177 64 100
177 64 100
177 64 100
177 64 100
177 64 100
177 64 100
177 64 100
177 64 100
177 64 100
177 64 100
177 64 100
177 64 100
177 64 100
177 64 100
177 64 100
177 64 100
177 64 100
177 64 100
177 64 100
177 64 100
177 64 100
177 64 100
177 63 100
177 63 100
177 63 100
177 63 100
177 63 100
177 63 100
177 63 100
177 63 100
177 63 100
177 63 100
177 63 100
177 63 100
177 63 100
177 63 100
177 63 100
177 63 100
177 63 100
177 63 100
177 63 100
177 63 100
177 63 100
177 63 100
177 63 100
177 63 100
177 63 100
177 63 100
177 63 100
177 63 100
177 63 100
177 63 100
177 63 100
177 63 100
177 63 100
177 63 100
177 62 100
177 62 100
177 62 100
177 62 100
177 62 100
177 62 100
177 62 100
177 62 100
177 62 100
177 62 100
177 62 100
177 62 100
177 62 100
177 62 100
177 62 100
177 62 100
177 62 100
177 62 100
177 62 100
177 62 100
177 62 100
177 62 100
177 62 100
177 62 100
177 62 100
177 62 100
177 62 100
177 62 100
177 62 100
177 62 100
177 62 100
177 62 100
177 62 100
177 62 100
177 61 100
177 61 100
177 61 100
177 61 100
177 61 100
177 61 100
177 61 100
177 61 100
177 61 100
177 61 100
177 61 100
177 61 100
177 61 100
177 61 100
177 61 100
177 61 100
177 61 100
177 61 100
177 61 100
177 61 100
177 61 100
177 61 100
177 61 100
177 61 100
177 61 100
177 61 100
177 61 100
177 61 100
177 61 100
177 61 100
177 61 100
177 61 100
177 61 100
177 60 100
177 60 100
177 60 100
177 60 100
177 60 100
177 60 100
177 60 100
177 60 100
177 60 100
177 60 100
177 60 100
177 60 100
177 60 100
177 60 100
177 60 100
177 60 100
177 60 100
177 60 100
177 60 100
177 60 100
177 60 100
177 60 100
177 60 100
177 60 100
177 60 100
177 60 100
177 60 100
177 60 100
177 60 100
177 60 100
177 60 100
177 60 100
177 59 100
177 59 100
177 59 100
177 59 100
177 59 100
177 59 100
177 59 100
177 59 100
177 59 100
177 59 100
177 59 100
177 59 100
177 59 100
177 59 100
177 59 100
177 59 100
177 59 100
177 59 100
177 59 100
177 59 100
177 59 100
177 59 100
177 59 100
177 59 100
177 59 100
177 59 100
177 59 100
177 59 100
177 59 100
177 59 100
177 58 100
177 58 100
177 58 100
177 58 100
177 58 100
177 58 100
177 58 100
177 58 100
177 58 100
177 58 100
177 58 100
177 58 100
177 58 100
177 58 100
177 58 100
177 58 100
177 58 100
177 58 100
177 58 100
177 58 100
177 58 100
177 58 100
177 58 100
177 58 100
177 58 100
177 58 100
177 58 100
177 58 100
177 58 100
177 58 100
177 57 100
177 57 100
177 57 100
177 57 100
177 57 100
177 57 100
177 57 100
177 57 100
177 57 100
177 57 100
177 57 100
177 57 100
177 57 100
177 57 100
177 57 100
177 57 100
177 57 100
177 57 100
177 57 100
177 57 100
177 57 100
177 57 100
177 57 100
177 57 100
177 57 100
177 57 100
177 57 100
177 57 100
177 57 100
177 56 100
177 56 100
177 56 100
177 56 100
177 56 100
177 56 100
177 56 100
177 56 100
177 56 100
177 56 100
177 56 100
177 56 100
177 56 100
177 56 100
177 56 100
177 56 100
177 56 100
177 56 100
177 56 100
177 56 100
177 56 100
177 56 100
177 56 100
177 56 100
177 56 100
177 56 100
177 56 100
177 56 100
177 56 100
177 56 100
177 55 100
177 55 100
177 55 100
177 55 100
177 55 100
177 55 100
177 55 100
177 55 100
177 55 100
177 55 100
177 55 100
177 55 100
177 55 100
177 55 100
177 55 100
177 55 100
177 55 100
177 55 100
177 55 100
177 55 100
177 55 100
177 55 100
177 55 100
177 55 100
177 55 100
177 55 100
177 55 100
177 55 100
177 55 100
177 55 100
177 54 100
177 54 100
177 54 100
177 54 100
177 54 100
177 54 100
177 54 100
177 54 100
177 54 100
177 54 100
177 54 100
177 54 100
177 54 100
177 54 100
177 54 100
177 54 100
177 54 100
177 54 100
177 54 100
177 54 100
177 54 100
177 54 100
177 54 100
177 54 100
177 54 100
177 54 100
177 54 100
177 54 100
177 54 100
177 54 100
177 54 100
177 54 100
177 53 100
177 53 100
177 53 100
177 53 100
177 53 100
177 53 100
177 53 100
177 53 100
177 53 100
177 53 100
177 53 100
177 53 100
177 53 100
177 53 100
177 53 100
177 53 100
177 53 100
177 53 100
177 53 100
177 53 100
177 53 100
177 53 100
177 53 100
177 53 100
177 53 100
177 53 100
177 53 100
177 53 100
177 53 100
177 53 100
177 53 100
177 53 100
177 53 100
177 52 100
177 52 100
177 52 100
177 52 100
177 52 100
177 52 100
177 52 100
177 52 100
177 52 100
177 52 100
177 52 100
177 52 100
177 52 100
177 52 100
177 52 100
177 52 100
177 52 100
177 52 100
177 52 100
177 52 100
177 52 100
177 52 100
177 52 100
177 52 100
177 52 100
177 52 100
177 52 100
177 52 100
177 52 100
177 52 100
177 52 100
177 52 100
177 52 100
177 52 100
177 52 100
177 51 100
177 51 100
177 51 100
177 51 100
177 51 100
177 51 100
177 51 100
177 51 100
177 51 100
177 51 100
177 51 100
177 51 100
177 51 100
177 51 100
177 51 100
177 51 100
177 51 100
177 51 100
177 51 100
177 51 100
177 51 100
177 51 100
177 51 100
177 51 100
177 51 100
177 51 100
177 51 100
177 51 100
177 51 100
177 51 100
177 51 100
177 51 100
177 51 100
177 51 100
177 51 100
177 51 100
177 51 100
177 50 100
177 50 100
177 50 100
177 50 100
177 50 100
177 50 100
177 50 100
177 50 100
177 50 100
177 50 100
177 50 100
177 50 100
177 50 100
177 50 100
177 50 100
177 50 100
177 50 100
177 50 100
177 50 100
177 50 100
177 50 100
177 50 100
177 50 100
177 50 100
177 50 100
177 50 100
177 50 100
177 50 100
177 50 100
177 50 100
177 50 100
177 50 100
177 50 100
177 50 100
177 50 100
177 50 100
177 50 100
177 50 100
177 49 100
177 49 100
177 49 100
177 49 100
177 49 100
177 49 100
177 49 100
177 49 100
177 49 100
177 49 100
177 49 100
177 49 100
177 49 100
177 49 100
177 49 100
177 49 100
177 49 100
177 49 100
177 49 100
177 49 100
177 49 100
177 49 100
177 49 100
177 49 100
177 49 100
177 49 100
177 49 100
177 49 100
177 49 100
177 49 100
177 49 100
177 49 100
177 49 100
177 49 100
177 49 100
177 49 100
177 49 100
177 49 100
177 48 100
177 48 100
177 48 100
177 48 100
177 48 100
177 48 100
177 48 100
177 48 100
177 48 100
177 48 100
177 48 100
177 48 100
177 48 100
177 48 100
177 48 100
177 48 100
177 48 100
177 48 100
177 48 100
177 48 100
177 48 100
177 48 100
177 48 100
177 48 100
177 48 100
177 48 100
177 48 100
177 48 100
177 48 100
177 48 100
177 48 100
177 48 100
177 48 100
177 48 100
177 48 100
177 48 100
177 48 100
177 48 100
177 47 100
177 47 100
177 47 100
177 47 100
177 47 100
177 47 100
177 47 100
177 47 100
177 47 100
177 47 100
177 47 100
177 47 100
177 47 100
177 47 100
177 47 100
177 47 100
177 47 100
177 47 100
177 47 100
177 47 100
177 47 100
177 47 100
177 47 100
177 47 100
177 47 100
177 47 100
177 47 100
177 47 100
177 47 100
177 47 100
177 47 100
177 47 100
177 47 100
177 47 100
177 47 100
177 47 100
177 47 100
177 47 100
177 46 100
177 46 100
177 46 100
177 46 100
177 46 100
177 46 100
177 46 100
177 46 100
177 46 100
177 46 100
177 46 100
177 46 100
177 46 100
177 46 100
177 46 100
177 46 100
177 46 100
177 46 100
177 46 100
177 46 100
177 46 100
177 46 100
177 46 100
177 46 100
177 46 100
177 46 100
177 46 100
177 46 100
177 46 100
177 46 100
177 46 100
177 46 100
177 46 100
177 46 100
177 46 100
177 46 100
177 46 100
177 45 100
177 45 100
177 45 100
177 45 100
177 45 100
177 45 100
177 45 100
177 45 100
177 45 100
177 45 100
177 45 100
177 45 100
177 45 100
177 45 100
177 45 100
177 45 100
177 45 100
177 45 100
177 45 100
177 45 100
177 45 100
177 45 100
177 45 100
177 45 100
177 45 100
177 45 100
177 45 100
177 45 100
177 45 100
177 45 100
177 45 100
177 45 100
177 45 100
177 45 100
177 45 100
177 44 100
177 44 100
177 44 100
177 44 100
177 44 100
177 44 100
177 44 100
177 44 100
177 44 100
177 44 100
177 44 100
177 44 100
177 44 100
177 44 100
177 44 100
177 44 100
177 44 100
177 44 100
177 44 100
177 44 100
177 44 100
177 44 100
177 44 100
177 44 100
177 44 100
177 44 100
177 44 100
177 44 100
177 44 100
177 44 100
177 44 100
177 44 100
177 44 100
177 43 100
177 43 100
177 43 100
177 43 100
177 43 100
177 43 100
177 43 100
177 43 100
177 43 100
177 43 100
177 43 100
177 43 100
177 43 100
177 43 100
177 43 100
177 43 100
177 43 100
177 43 100
177 43 100
177 43 100
177 43 100
177 43 100
177 43 100
177 43 100
177 43 100
177 43 100
177 43 100
177 43 100
177 43 100
177 43 100
177 43 100
177 42 100
177 42 100
177 42 100
177 42 100
177 42 100
177 42 100
177 42 100
177 42 100
177 42 100
177 42 100
177 42 100
177 42 100
177 42 100
177 42 100
177 42 100
177 42 100
177 42 100
177 42 100
177 42 100
177 42 100
177 42 100
177 42 100
177 42 100
177 42 100
177 42 100
177 42 100
177 42 100
177 42 100
177 42 100
177 42 100
177 41 100
177 41 100
177 41 100
177 41 100
177 41 100
177 41 100
177 41 100
177 41 100
177 41 100
177 41 100
177 41 100
177 41 100
177 41 100
177 41 100
177 41 100
177 41 100
177 41 100
177 41 100
177 41 100
177 41 100
177 41 100
177 41 100
177 41 100
177 41 100
177 41 100
177 41 100
177 41 100
177 41 100
177 41 100
177 40 100
177 40 100
177 40 100
177 40 100
177 40 100
177 40 100
177 40 100
177 40 100
177 40 100
177 40 100
177 40 100
177 40 100
177 40 100
177 40 100
177 40 100
177 40 100
177 40 100
177 40 100
177 40 100
177 40 100
177 40 100
177 40 100
177 40 100
177 40 100
177 40 100
177 40 100
177 40 100
177 40 100
177 39 100
177 39 100
177 39 100
177 39 100
177 39 100
177 39 100
177 39 100
177 39 100
177 39 100
177 39 100
177 39 100
177 39 100
177 39 100
177 39 100
177 39 100
177 39 100
177 39 100
177 39 100
177 39 100
177 39 100
177 39 100
177 39 100
177 39 100
177 39 100
177 39 100
177 39 100
177 39 100
177 38 100
177 38 100
177 38 100
177 38 100
177 38 100
177 38 100
177 38 100
177 38 100
177 38 100
177 38 100
177 38 100
177 38 100
177 38 100
177 38 100
177 38 100
177 38 100
177 38 100
177 38 100
177 38 100
177 38 100
177 38 100
177 38 100
177 38 100
177 38 100
177 38 100
177 38 100
177 38 100
177 37 100
177 37 100
177 37 100
177 37 100
177 37 100
177 37 100
177 37 100
177 37 100
177 37 100
177 37 100
177 37 100
177 37 100
177 37 100
177 37 100
177 37 100
177 37 100
177 37 100
177 37 100
177 37 100
177 37 100
177 37 100
177 37 100
177 37 100
177 37 100
177 37 100
177 37 100
177 36 100
177 36 100
177 36 100
177 36 100
177 36 100
177 36 100
177 36 100
177 36 100
177 36 100
177 36 100
177 36 100
177 36 100
177 36 100
177 36 100
177 36 100
177 36 100
177 36 100
177 36 100
177 36 100
177 36 100
177 36 100
177 36 100
177 36 100
177 36 100
177 36 100
177 35 100
177 35 100
177 35 100
177 35 100
177 35 100
177 35 100
177 35 100
177 35 100
177 35 100
177 35 100
177 35 100
177 35 100
177 35 100
177 35 100
177 35 100
177 35 100
177 35 100
177 35 100
177 35 100
177 35 100
177 35 100
177 35 100
177 35 100
177 35 100
177 34 100
177 34 100
177 34 100
177 34 100
177 34 100
177 34 100
177 34 100
177 34 100
177 34 100
177 34 100
177 34 100
177 34 100
177 34 100
177 34 100
177 34 100
177 34 100
177 34 100
177 34 100
177 34 100
177 34 100
177 34 100
177 34 100
177 34 100
177 33 100
177 33 100
177 33 100
177 33 100
177 33 100
177 33 100
177 33 100
177 33 100
177 33 100
177 33 100
177 33 100
177 33 100
177 33 100
177 33 100
177 33 100
177 33 100
177 33 100
177 33 100
177 33 100
177 33 100
177 33 100
177 33 100
177 33 100
177 32 100
177 32 100
177 32 100
177 32 100
177 32 100
177 32 100
177 32 100
177 32 100
177 32 100
177 32 100
177 32 100
177 32 100
177 32 100
177 32 100
177 32 100
177 32 100
177 32 100
177 32 100
177 32 100
177 32 100
177 32 100
177 32 100
177 32 100
177 31 100
177 31 100
177 31 100
177 31 100
177 31 100
177 31 100
177 31 100
177 31 100
177 31 100
177 31 100
177 31 100
177 31 100
177 31 100
177 31 100
177 31 100
177 31 100
177 31 100
177 31 100
177 31 100
177 31 100
177 31 100
177 31 100
177 31 100
177 30 100
177 30 100
177 30 100
177 30 100
177 30 100
177 30 100
177 30 100
177 30 100
177 30 100
177 30 100
177 30 100
177 30 100
177 30 100
177 30 100
177 30 100
177 30 100
177 30 100
177 30 100
177 30 100
177 30 100
177 30 100
177 30 100
177 30 100
177 29 100
177 29 100
177 29 100
177 29 100
177 29 100
177 29 100
177 29 100
177 29 100
177 29 100
177 29 100
177 29 100
177 29 100
177 29 100
177 29 100
177 29 100
177 29 100
177 29 100
177 29 100
177 29 100
177 29 100
177 29 100
177 29 100
177 29 100
177 29 100
177 28 100
177 28 100
177 28 100
177 28 100
177 28 100
177 28 100
177 28 100
177 28 100
177 28 100
177 28 100
177 28 100
177 28 100
177 28 100
177 28 100
177 28 100
177 28 100
177 28 100
177 28 100
177 28 100
177 28 100
177 28 100
177 28 100
177 28 100
177 28 100
177 27 100
177 27 100
177 27 100
177 27 100
177 27 100
177 27 100
177 27 100
177 27 100
177 27 100
177 27 100
177 27 100
177 27 100
177 27 100
177 27 100
177 27 100
177 27 100
177 27 100
177 27 100
177 27 100
177 27 100
177 27 100
177 27 100
177 27 100
177 27 100
177 27 100
177 26 100
177 26 100
177 26 100
177 26 100
177 26 100
177 26 100
177 26 100
177 26 100
177 26 100
177 26 100
177 26 100
177 26 100
177 26 100
177 26 100
177 26 100
177 26 100
177 26 100
177 26 100
177 26 100
177 26 100
177 26 100
177 26 100
177 26 100
177 26 100
177 26 100
177 25 100
177 25 100
177 25 100
177 25 100
177 25 100
177 25 100
177 25 100
177 25 100
177 25 100
177 25 100
177 25 100
177 25 100
177 25 100
177 25 100
177 25 100
177 25 100
177 25 100
177 25 100
177 25 100
177 25 100
177 25 100
177 25 100
177 25 100
177 25 100
177 25 100
177 24 100
177 24 100
177 24 100
177 24 100
177 24 100
177 24 100
177 24 100
177 24 100
177 24 100
177 24 100
177 24 100
177 24 100
177 24 100
177 24 100
177 24 100
177 24 100
177 24 100
177 24 100
177 24 100
177 24 100
177 24 100
177 24 100
177 24 100
177 24 100
177 24 100
177 24 100
177 23 100
177 23 100
177 23 100
177 23 100
177 23 100
177 23 100
177 23 100
177 23 100
177 23 100
177 23 100
177 23 100
177 23 100
177 23 100
177 23 100
177 23 100
177 23 100
177 23 100
177 23 100
177 23 100
177 23 100
177 23 100
177 23 100
177 23 100
177 23 100
177 23 100
177 23 100
177 22 100
177 22 100
177 22 100
177 22 100
177 22 100
177 22 100
177 22 100
177 22 100
177 22 100
177 22 100
177 22 100
177 22 100
177 22 100
177 22 100
177 22 100
177 22 100
177 22 100
177 22 100
177 22 100
177 22 100
177 22 100
177 22 100
177 22 100
177 22 100
177 22 100
177 22 100
177 21 100
177 21 100
177 21 100
177 21 100
177 21 100
177 21 100
177 21 100
177 21 100
177 21 100
177 21 100
177 21 100
177 21 100
177 21 100
177 21 100
177 21 100
177 21 100
177 21 100
177 21 100
177 21 100
177 21 100
177 21 100
177 21 100
177 21 100
177 21 100
177 21 100
177 20 100
177 20 100
177 20 100
177 20 100
177 20 100
177 20 100
177 20 100
177 20 100
177 20 100
177 20 100
177 20 100
177 20 100
177 20 100
177 20 100
177 20 100
177 20 100
177 20 100
177 20 100
177 20 100
177 20 100
177 20 100
177 20 100
177 20 100
177 20 100
177 19 100
177 19 100
177 19 100
177 19 100
177 19 100
177 19 100
177 19 100
177 19 100
177 19 100
177 19 100
177 19 100
177 19 100
177 19 100
177 19 100
177 19 100
177 19 100
177 19 100
177 19 100
177 19 100
177 19 100
177 19 100
177 18 100
177 18 100
177 18 100
177 18 100
177 18 100
177 18 100
177 18 100
177 18 100
177 18 100
177 18 100
177 18 100
177 18 100
177 18 100
177 18 100
177 18 100
177 18 100
177 18 100
177 18 100
177 18 100
177 17 100
177 17 100
177 17 100
177 17 100
177 17 100
177 17 100
177 17 100
177 17 100
177 17 100
177 17 100
177 17 100
177 17 100
177 17 100
177 17 100
177 17 100
177 17 100
177 16 100
177 16 100
177 16 100
177 16 100
177 16 100
177 16 100
177 16 100
177 16 100
177 16 100
177 16 100
177 16 100
177 16 100
177 16 100
177 15 100
177 15 100
177 15 100
177 15 100
177 15 100
177 15 100
177 15 100
177 15 100
177 15 100
177 15 100
177 15 100
177 14 100
177 14 100
177 14 100
177 14 100
177 14 100
177 14 100
177 14 100
177 14 100
177 13 100
177 13 100
177 13 100
177 13 100
177 13 100
177 13 100
177 13 100
177 12 100
177 12 100
177 12 100
177 12 100
177 12 100
177 11 100
177 11 100
177 11 100
177 11 100
177 10 100
177 10 100
177 10 100
177 9 100
177 9 100
177 8 100
177 8 100
177 7 100
177 7 100
177 6 100
177 5 100
177 4 100
# move from (91,111) to (177,4)
91 111 100
91 111 100
91 111 100
92 111 100
92 111 100
92 111 100
93 111 100
93 111 100
93 111 100
94 111 100
94 111 100
94 111 100
94 111 100
95 111 100
95 111 100
95 111 100
95 111 100
96 111 100
96 111 100
96 111 100
96 111 100
97 111 100
97 111 100
97 111 100
97 111 100
97 111 100
98 111 100
98 111 100
98 111 100
98 111 100
98 111 100
99 111 100
99 111 100
99 111 100
99 111 100
99 111 100
100 111 100
100 111 100
100 111 100
100 111 100
100 111 100
101 111 100
101 111 100
101 111 100
101 111 100
102 111 100
102 111 100
102 111 100
102 111 100
103 111 100
103 111 100
103 111 100
103 111 100
104 111 100
104 111 100
104 111 100
104 111 100
105 111 100
105 111 100
105 111 100
105 111 100
106 111 100
106 111 100
106 111 100
106 111 100
107 111 100
107 111 100
107 111 100
107 111 100
108 111 100
108 111 100
108 111 100
108 111 100
109 111 100
109 111 100
109 111 100
109 111 100
110 111 100
110 111 100
110 111 100
111 111 100
111 111 100
111 111 100
112 111 100
112 111 100
112 111 100
113 111 100
113 111 100
113 111 100
114 111 100
114 111 100
115 111 100
115 111 100
116 111 100
116 111 100
117 111 100
117 111 100
118 111 100
118 111 100
119 111 100
119 111 100
120 111 100
120 111 100
121 111 100
121 111 100
122 111 100
122 111 100
123 111 100
123 111 100
124 111 100
124 111 100
124 111 100
125 111 100
125 111 100
125 111 100
126 111 100
126 111 100
126 111 100
127 111 100
127 111 100
127 111 100
127 111 100
128 111 100
128 111 100
128 111 100
128 111 100
129 111 100
129 111 100
129 111 100
129 111 100
129 111 100
130 111 100
130 111 100
130 111 100
130 111 100
130 111 100
130 111 100
131 111 100
131 111 100
131 111 100
131 111 100
131 111 100
131 111 100
131 111 100
132 111 100
132 111 100
132 111 100
132 111 100
132 111 100
132 111 100
132 111 100
132 111 100
133 111 100
133 111 100
133 111 100
133 111 100
133 111 100
133 111 100
133 111 100
133 111 100
133 111 100
133 111 100
134 111 100
134 111 100
134 111 100
134 111 100
134 111 100
134 111 100
134 111 100
134 111 100
134 111 100
134 111 100
134 111 100
134 111 100
135 111 100
135 111 100
135 111 100
135 111 100
135 111 100
135 111 100
135 111 100
135 111 100
135 111 100
135 111 100
135 111 100
135 111 100
135 111 100
135 111 100
136 111 100
136 111 100
136 111 100
136 111 100
136 111 100
136 111 100
136 111 100
136 111 100
136 111 100
136 111 100
136 111 100
136 111 100
136 111 100
136 111 100
136 111 100
136 111 100
137 111 100
137 111 100
137 111 100
137 111 100
137 111 100
137 111 100
137 111 100
137 111 100
137 111 100
137 111 100
137 111 100
137 111 100
137 111 100
137 111 100
137 111 100
137 111 100
137 111 100
138 111 100
138 111 100
138 111 100
138 111 100
138 111 100
138 111 100
138 111 100
138 111 100
138 111 100
138 111 100
138 111 100
138 111 100
138 111 100
138 111 100
138 111 100
138 111 100
138 111 100
138 111 100
139 111 100
139 111 100
139 111 100
139 111 100
139 111 100
139 111 100
139 111 100
139 111 100
139 111 100
139 111 100
139 111 100
139 111 100
139 111 100
139 111 100
139 111 100
139 111 100
139 111 100
139 111 100
140 111 100
140 111 100
140 111 100
140 111 100
140 111 100
140 111 100
140 111 100
140 111 100
140 111 100
140 111 100
140 111 100
140 111 100
140 111 100
140 111 100
140 111 100
140 111 100
140 111 100
140 111 100
141 111 100
141 111 100
141 111 100
141 111 100
141 111 100
141 111 100
141 111 100
141 111 100
141 111 100
141 111 100
141 111 100
141 111 100
141 111 100
141 111 100
141 111 100
141 111 100
141 111 100
142 111 100
142 111 100
142 111 100
142 111 100
142 111 100
142 111 100
142 111 100
142 111 100
142 111 100
142 111 100
142 111 100
142 111 100
142 111 100
142 111 100
142 111 100
143 111 100
143 111 100
143 111 100
143 111 100
143 111 100
143 111 100
143 111 100
143 111 100
143 111 100
143 111 100
143 111 100
143 111 100
143 111 100
143 111 100
144 111 100
144 111 100
144 111 100
144 111 100
144 111 100
144 111 100
144 111 100
144 111 100
144 111 100
144 111 100
144 111 100
144 111 100
144 111 100
145 111 100
145 111 100
145 111 100
145 111 100
145 111 100
145 111 100
145 111 100
145 111 100
145 111 100
145 111 100
145 111 100
146 111 100
146 111 100
146 111 100
146 111 100
146 111 100
146 111 100
146 111 100
146 111 100
146 111 100
146 111 100
147 111 100
147 111 100
147 111 100
147 111 100
147 111 100
147 111 100
147 111 100
147 111 100
147 111 100
148 111 100
148 111 100
148 111 100
148 111 100
148 111 100
148 111 100
148 111 100
149 111 100
149 111 100
149 111 100
149 111 100
149 111 100
149 111 100
149 111 100
150 111 100
150 111 100
150 111 100
150 111 100
150 111 100
150 111 100
151 111 100
151 111 100
151 111 100
151 111 100
151 111 100
152 111 100
152 111 100
152 111 100
152 111 100
153 111 100
153 111 100
153 111 100
153 111 100
154 111 100
154 111 100
154 111 100
155 111 100
155 111 100
155 111 100
156 111 100
156 111 100
156 111 100
157 111 100
157 111 100
158 111 100
158 111 100
159 111 100
159 111 100
160 111 100
160 111 100
161 111 100
161 111 100
162 111 100
162 111 100
163 111 100
163 111 100
164 111 100
165 111 100
166 111 100
167 111 100
168 111 100
169 111 100
170 111 100
171 111 100
172 111 100
173 111 100
174 111 100
175 111 100
176 111 100
# move from (129,199) to (177,4)
# move from (134,145) to (177,4)
134 145 100
135 145 100
136 145 100
137 145 100
138 145 100
139 145 100
140 145 100
141 145 100
142 145 100
143 145 100
144 145 100
145 145 100
146 145 100
147 145 100
148 145 100
149 145 100
150 145 100
151 145 100
152 145 100
153 145 100
154 145 100
155 145 100
156 145 100
157 145 100
158 145 100
158 145 100
159 145 100
159 145 100
160 145 100
160 145 100
160 145 100
161 145 100
161 145 100
161 145 100
162 145 100
162 145 100
162 145 100
162 145 100
163 145 100
163 145 100
163 145 100
163 145 100
163 145 100
164 145 100
164 145 100
164 145 100
164 145 100
164 145 100
164 145 100
165 145 100
165 145 100
165 145 100
165 145 100
165 145 100
165 145 100
165 145 100
166 145 100
166 145 100
166 145 100
166 145 100
166 145 100
166 145 100
166 145 100
166 145 100
167 145 100
167 145 100
167 145 100
167 145 100
167 145 100
167 145 100
167 145 100
167 145 100
167 145 100
167 145 100
168 145 100
168 145 100
168 145 100
168 145 100
168 145 100
168 145 100
168 145 100
168 145 100
168 145 100
168 145 100
168 145 100
168 145 100
168 145 100
169 145 100
169 145 100
169 145 100
169 145 100
169 145 100
169 145 100
169 145 100
169 145 100
169 145 100
169 145 100
169 145 100
169 145 100
169 145 100
169 145 100
169 145 100
170 145 100
170 145 100
170 145 100
170 145 100
170 145 100
170 145 100
170 145 100
170 145 100
170 145 100
170 145 100
170 145 100
170 145 100
170 145 100
170 145 100
170 145 100
170 145 100
170 145 100
170 145 100
170 145 100
171 145 100
171 145 100
171 145 100
171 145 100
171 145 100
171 145 100
171 145 100
171 145 100
171 145 100
171 145 100
171 145 100
171 145 100
171 145 100
171 145 100
171 145 100
171 145 100
171 145 100
171 145 100
171 145 100
171 145 100
171 145 100
171 145 100
172 145 100
172 145 100
172 145 100
172 145 100
172 145 100
172 145 100
172 145 100
172 145 100
172 145 100
172 145 100
172 145 100
172 145 100
172 145 100
172 145 100
172 145 100
172 145 100
172 145 100
172 145 100
172 145 100
172 145 100
172 145 100
172 145 100
172 145 100
172 145 100
172 145 100
173 145 100
173 145 100
173 145 100
173 145 100
173 145 100
173 145 100
173 145 100
173 145 100
173 145 100
173 145 100
173 145 100
173 145 100
173 145 100
173 145 100
173 145 100
173 145 100
173 145 100
173 145 100
173 145 100
173 145 100
173 145 100
173 145 100
173 145 100
173 145 100
173 145 100
173 145 100
173 145 100
173 145 100
174 145 100
174 145 100
174 145 100
174 145 100
174 145 100
174 145 100
174 145 100
174 145 100
174 145 100
174 145 100
174 145 100
174 145 100
174 145 100
174 145 100
174 145 100
174 145 100
174 145 100
174 145 100
174 145 100
174 145 100
174 145 100
174 145 100
174 145 100
174 145 100
174 145 100
174 145 100
174 145 100
174 145 100
174 145 100
174 145 100
175 145 100
175 145 100
175 145 100
175 145 100
175 145 100
175 145 100
175 145 100
175 145 100
175 145 100
175 145 100
175 145 100
175 145 100
175 145 100
175 145 100
175 145 100
175 145 100
175 145 100
175 145 100
175 145 100
175 145 100
175 145 100
175 145 100
175 145 100
175 145 100
175 145 100
175 145 100
175 145 100
175 145 100
175 145 100
175 145 100
175 145 100
176 145 100
176 145 100
176 145 100
176 145 100
176 145 100
176 145 100
176 145 100
176 145 100
176 145 100
176 145 100
176 145 100
176 145 100
176 145 100
176 145 100
176 145 100
176 145 100
176 145 100
176 145 100
176 145 100
176 145 100
176 145 100
176 145 100
176 145 100
176 145 100
176 145 100
176 145 100
176 145 100
176 145 100
176 145 100
176 145 100
176 145 100
176 145 100
# move from (156,127) to (177,4)
156 127 100
157 127 100
158 127 100
159 127 100
160 127 100
161 127 100
162 127 100
163 127 100
164 127 100
165 127 100
166 127 100
167 127 100
168 127 100
169 127 100
170 127 100
171 127 100
172 127 100
173 127 100
174 127 100
174 127 100
175 127 100
175 127 100
176 127 100
176 127 100
176 127 100
# move from (112,17) to (177,4)
112 17 100
112 17 100
112 17 100
112 17 100
112 17 100
112 17 100
112 17 100
112 17 100
112 17 100
112 17 100
112 17 100
112 17 100
112 17 100
112 17 100
112 17 100
112 17 100
112 17 100
112 17 100
112 17 100
112 17 100
112 17 100
112 17 100
112 17 100
112 17 100
112 17 100
112 17 100
112 17 100
112 17 100
112 17 100
112 17 100
113 17 100
113 17 100
113 17 100
113 17 100
113 17 100
113 17 100
113 17 100
113 17 100
113 17 100
113 17 100
113 17 100
113 17 100
113 17 100
113 17 100
113 17 100
113 17 100
113 17 100
113 17 100
113 17 100
113 17 100
113 17 100
113 17 100
113 17 100
113 17 100
113 17 100
113 17 100
113 17 100
113 17 100
114 17 100
114 17 100
114 17 100
114 17 100
114 17 100
114 17 100
114 17 100
114 17 100
114 17 100
114 17 100
114 17 100
114 17 100
114 17 100
114 17 100
114 17 100
114 17 100
114 17 100
114 17 100
114 17 100
114 17 100
114 17 100
114 17 100
114 17 100
114 17 100
114 17 100
114 17 100
114 17 100
115 17 100
115 17 100
115 17 100
115 17 100
115 17 100
115 17 100
115 17 100
115 17 100
115 17 100
115 17 100
115 17 100
115 17 100
115 17 100
115 17 100
115 17 100
115 17 100
115 17 100
115 17 100
115 17 100
115 17 100
115 17 100
115 17 100
115 17 100
115 17 100
115 17 100
115 17 100
115 17 100
116 17 100
116 17 100
116 17 100
116 17 100
116 17 100
116 17 100
116 17 100
116 17 100
116 17 100
116 17 100
116 17 100
116 17 100
116 17 100
116 17 100
116 17 100
116 17 100
116 17 100
116 17 100
116 17 100
116 17 100
116 17 100
116 17 100
116 17 100
116 17 100
116 17 100
116 17 100
117 17 100
117 17 100
117 17 100
117 17 100
117 17 100
117 17 100
117 17 100
117 17 100
117 17 100
117 17 100
117 17 100
117 17 100
117 17 100
117 17 100
117 17 100
117 17 100
117 17 100
117 17 100
117 17 100
117 17 100
117 17 100
117 17 100
117 17 100
117 17 100
117 17 100
117 17 100
118 17 100
118 17 100
118 17 100
118 17 100
118 17 100
118 17 100
118 17 100
118 17 100
118 17 100
118 17 100
118 17 100
118 17 100
118 17 100
118 17 100
118 17 100
118 17 100
118 17 100
118 17 100
118 17 100
118 17 100
118 17 100
118 17 100
118 17 100
118 17 100
118 17 100
118 17 100
119 17 100
119 17 100
119 17 100
119 17 100
119 17 100
119 17 100
119 17 100
119 17 100
119 17 100
119 17 100
119 17 100
119 17 100
119 17 100
119 17 100
119 17 100
119 17 100
119 17 100
119 17 100
119 17 100
119 17 100
119 17 100
119 17 100
119 17 100
119 17 100
119 17 100
119 17 100
120 17 100
120 17 100
120 17 100
120 17 100
120 17 100
120 17 100
120 17 100
120 17 100
120 17 100
120 17 100
120 17 100
120 17 100
120 17 100
120 17 100
120 17 100
120 17 100
120 17 100
120 17 100
120 17 100
120 17 100
120 17 100
120 17 100
120 17 100
120 17 100
120 17 100
121 17 100
121 17 100
121 17 100
121 17 100
121 17 100
121 17 100
121 17 100
121 17 100
121 17 100
121 17 100
121 17 100
121 17 100
121 17 100
121 17 100
121 17 100
121 17 100
121 17 100
121 17 100
121 17 100
121 17 100
121 17 100
121 17 100
121 17 100
121 17 100
121 17 100
122 17 100
122 17 100
122 17 100
122 17 100
122 17 100
122 17 100
122 17 100
122 17 100
122 17 100
122 17 100
122 17 100
122 17 100
122 17 100
122 17 100
122 17 100
122 17 100
122 17 100
122 17 100
122 17 100
122 17 100
122 17 100
122 17 100
122 17 100
122 17 100
123 17 100
123 17 100
123 17 100
123 17 100
123 17 100
123 17 100
123 17 100
123 17 100
123 17 100
123 17 100
123 17 100
123 17 100
123 17 100
123 17 100
123 17 100
123 17 100
123 17 100
123 17 100
123 17 100
123 17 100
123 17 100
123 17 100
123 17 100
124 17 100
124 17 100
124 17 100
124 17 100
124 17 100
124 17 100
124 17 100
124 17 100
124 17 100
124 17 100
124 17 100
124 17 100
124 17 100
124 17 100
124 17 100
124 17 100
124 17 100
124 17 100
124 17 100
124 17 100
124 17 100
125 17 100
125 17 100
125 17 100
125 17 100
125 17 100
125 17 100
125 17 100
125 17 100
125 17 100
125 17 100
125 17 100
125 17 100
125 17 100
125 17 100
125 17 100
125 17 100
125 17 100
125 17 100
125 17 100
125 17 100
126 17 100
126 17 100
126 17 100
126 17 100
126 17 100
126 17 100
126 17 100
126 17 100
126 17 100
126 17 100
126 17 100
126 17 100
126 17 100
126 17 100
126 17 100
126 17 100
126 17 100
126 17 100
127 17 100
127 17 100
127 17 100
127 17 100
127 17 100
127 17 100
127 17 100
127 17 100
127 17 100
127 17 100
127 17 100
127 17 100
127 17 100
127 17 100
127 17 100
127 17 100
127 17 100
128 17 100
128 17 100
128 17 100
128 17 100
128 17 100
128 17 100
128 17 100
128 17 100
128 17 100
128 17 100
128 17 100
128 17 100
128 17 100
128 17 100
128 17 100
128 17 100
129 17 100
129 17 100
129 17 100
129 17 100
129 17 100
129 17 100
129 17 100
129 17 100
129 17 100
129 17 100
129 17 100
129 17 100
129 17 100
129 17 100
129 17 100
129 17 100
130 17 100
130 17 100
130 17 100
130 17 100
130 17 100
130 17 100
130 17 100
130 17 100
130 17 100
130 17 100
130 17 100
130 17 100
130 17 100
130 17 100
130 17 100
130 17 100
131 17 100
131 17 100
131 17 100
131 17 100
131 17 100
131 17 100
131 17 100
131 17 100
131 17 100
131 17 100
131 17 100
131 17 100
131 17 100
131 17 100
131 17 100
131 17 100
131 17 100
132 17 100
132 17 100
132 17 100
132 17 100
132 17 100
132 17 100
132 17 100
132 17 100
132 17 100
132 17 100
132 17 100
132 17 100
132 17 100
132 17 100
132 17 100
132 17 100
132 17 100
132 17 100
133 17 100
133 17 100
133 17 100
133 17 100
133 17 100
133 17 100
133 17 100
133 17 100
133 17 100
133 17 100
133 17 100
133 17 100
133 17 100
133 17 100
133 17 100
133 17 100
133 17 100
133 17 100
133 17 100
133 17 100
134 17 100
134 17 100
134 17 100
134 17 100
134 17 100
134 17 100
134 17 100
134 17 100
134 17 100
134 17 100
134 17 100
134 17 100
134 17 100
134 17 100
134 17 100
134 17 100
134 17 100
134 17 100
134 17 100
134 17 100
134 17 100
134 17 100
135 17 100
135 17 100
135 17 100
135 17 100
135 17 100
135 17 100
135 17 100
135 17 100
135 17 100
135 17 100
135 17 100
135 17 100
135 17 100
135 17 100
135 17 100
135 17 100
135 17 100
135 17 100
135 17 100
135 17 100
135 17 100
135 17 100
135 17 100
136 17 100
136 17 100
136 17 100
136 17 100
136 17 100
136 17 100
136 17 100
136 17 100
136 17 100
136 17 100
136 17 100
136 17 100
136 17 100
136 17 100
136 17 100
136 17 100
136 17 100
136 17 100
136 17 100
136 17 100
136 17 100
136 17 100
136 17 100
136 17 100
137 17 100
137 17 100
137 17 100
137 17 100
137 17 100
137 17 100
137 17 100
137 17 100
137 17 100
137 17 100
137 17 100
137 17 100
137 17 100
137 17 100
137 17 100
137 17 100
137 17 100
137 17 100
137 17 100
137 17 100
137 17 100
137 17 100
137 17 100
137 17 100
137 17 100
138 17 100
138 17 100
138 17 100
138 17 100
138 17 100
138 17 100
138 17 100
138 17 100
138 17 100
138 17 100
138 17 100
138 17 100
138 17 100
138 17 100
138 17 100
138 17 100
138 17 100
138 17 100
138 17 100
138 17 100
138 17 100
138 17 100
138 17 100
138 17 100
138 17 100
139 17 100
139 17 100
139 17 100
139 17 100
139 17 100
139 17 100
139 17 100
139 17 100
139 17 100
139 17 100
139 17 100
139 17 100
139 17 100
139 17 100
139 17 100
139 17 100
139 17 100
139 17 100
139 17 100
139 17 100
139 17 100
139 17 100
139 17 100
139 17 100
139 17 100
140 17 100
140 17 100
140 17 100
140 17 100
140 17 100
140 17 100
140 17 100
140 17 100
140 17 100
140 17 100
140 17 100
140 17 100
140 17 100
140 17 100
140 17 100
140 17 100
140 17 100
140 17 100
140 17 100
140 17 100
140 17 100
140 17 100
140 17 100
140 17 100
141 17 100
141 17 100
141 17 100
141 17 100
141 17 100
141 17 100
141 17 100
141 17 100
141 17 100
141 17 100
141 17 100
141 17 100
141 17 100
141 17 100
141 17 100
141 17 100
141 17 100
141 17 100
141 17 100
141 17 100
141 17 100
141 17 100
141 17 100
141 17 100
141 17 100
142 17 100
142 17 100
142 17 100
142 17 100
142 17 100
142 17 100
142 17 100
142 17 100
142 17 100
142 17 100
142 17 100
142 17 100
142 17 100
142 17 100
142 17 100
142 17 100
142 17 100
142 17 100
142 17 100
142 17 100
142 17 100
142 17 100
142 17 100
142 17 100
142 17 100
143 17 100
143 17 100
143 17 100
143 17 100
143 17 100
143 17 100
143 17 100
143 17 100
143 17 100
143 17 100
143 17 100
143 17 100
143 17 100
143 17 100
143 17 100
143 17 100
143 17 100
143 17 100
143 17 100
143 17 100
143 17 100
143 17 100
143 17 100
143 17 100
143 17 100
143 17 100
144 17 100
144 17 100
144 17 100
144 17 100
144 17 100
144 17 100
144 17 100
144 17 100
144 17 100
144 17 100
144 17 100
144 17 100
144 17 100
144 17 100
144 17 100
144 17 100
144 17 100
144 17 100
144 17 100
144 17 100
144 17 100
144 17 100
144 17 100
144 17 100
144 17 100
144 17 100
144 17 100
144 17 100
145 17 100
145 17 100
145 17 100
145 17 100
145 17 100
145 17 100
145 17 100
145 17 100
145 17 100
145 17 100
145 17 100
145 17 100
145 17 100
145 17 100
145 17 100
145 17 100
145 17 100
145 17 100
145 17 100
145 17 100
145 17 100
145 17 100
145 17 100
145 17 100
145 17 100
145 17 100
145 17 100
145 17 100
145 17 100
145 17 100
146 17 100
146 17 100
146 17 100
146 17 100
146 17 100
146 17 100
146 17 100
146 17 100
146 17 100
146 17 100
146 17 100
146 17 100
146 17 100
146 17 100
146 17 100
146 17 100
146 17 100
146 17 100
146 17 100
146 17 100
146 17 100
146 17 100
146 17 100
146 17 100
146 17 100
146 17 100
146 17 100
146 17 100
146 17 100
146 17 100
146 17 100
146 17 100
147 17 100
147 17 100
147 17 100
147 17 100
147 17 100
147 17 100
147 17 100
147 17 100
147 17 100
147 17 100
147 17 100
147 17 100
147 17 100
147 17 100
147 17 100
147 17 100
147 17 100
147 17 100
147 17 100
147 17 100
147 17 100
147 17 100
147 17 100
147 17 100
147 17 100
147 17 100
147 17 100
147 17 100
147 17 100
147 17 100
147 17 100
147 17 100
147 17 100
147 17 100
148 17 100
148 17 100
148 17 100
148 17 100
148 17 100
148 17 100
148 17 100
148 17 100
148 17 100
148 17 100
148 17 100
148 17 100
148 17 100
148 17 100
148 17 100
148 17 100
148 17 100
148 17 100
148 17 100
148 17 100
148 17 100
148 17 100
148 17 100
148 17 100
148 17 100
148 17 100
148 17 100
148 17 100
148 17 100
148 17 100
148 17 100
148 17 100
148 17 100
148 17 100
148 17 100
149 17 100
149 17 100
149 17 100
149 17 100
149 17 100
149 17 100
149 17 100
149 17 100
149 17 100
149 17 100
149 17 100
149 17 100
149 17 100
149 17 100
149 17 100
149 17 100
149 17 100
149 17 100
149 17 100
149 17 100
149 17 100
149 17 100
149 17 100
149 17 100
149 17 100
149 17 100
149 17 100
149 17 100
149 17 100
149 17 100
149 17 100
149 17 100
149 17 100
149 17 100
149 17 100
149 17 100
150 17 100
150 17 100
150 17 100
150 17 100
150 17 100
150 17 100
150 17 100
150 17 100
150 17 100
150 17 100
150 17 100
150 17 100
150 17 100
150 17 100
150 17 100
150 17 100
150 17 100
150 17 100
150 17 100
150 17 100
150 17 100
150 17 100
150 17 100
150 17 100
150 17 100
150 17 100
150 17 100
150 17 100
150 17 100
150 17 100
150 17 100
150 17 100
150 17 100
150 17 100
150 17 100
150 17 100
151 17 100
151 17 100
151 17 100
151 17 100
151 17 100
151 17 100
151 17 100
151 17 100
151 17 100
151 17 100
151 17 100
151 17 100
151 17 100
151 17 100
151 17 100
151 17 100
151 17 100
151 17 100
151 17 100
151 17 100
151 17 100
151 17 100
151 17 100
151 17 100
151 17 100
151 17 100
151 17 100
151 17 100
151 17 100
151 17 100
151 17 100
151 17 100
151 17 100
151 17 100
151 17 100
151 17 100
152 17 100
152 17 100
152 17 100
152 17 100
152 17 100
152 17 100
152 17 100
152 17 100
152 17 100
152 17 100
152 17 100
152 17 100
152 17 100
152 17 100
152 17 100
152 17 100
152 17 100
152 17 100
152 17 100
152 17 100
152 17 100
152 17 100
152 17 100
152 17 100
152 17 100
152 17 100
152 17 100
152 17 100
152 17 100
152 17 100
152 17 100
152 17 100
152 17 100
152 17 100
152 17 100
152 17 100
153 17 100
153 17 100
153 17 100
153 17 100
153 17 100
153 17 100
153 17 100
153 17 100
153 17 100
153 17 100
153 17 100
153 17 100
153 17 100
153 17 100
153 17 100
153 17 100
153 17 100
153 17 100
153 17 100
153 17 100
153 17 100
153 17 100
153 17 100
153 17 100
153 17 100
153 17 100
153 17 100
153 17 100
153 17 100
153 17 100
153 17 100
153 17 100
153 17 100
153 17 100
153 17 100
153 17 100
154 17 100
154 17 100
154 17 100
154 17 100
154 17 100
154 17 100
154 17 100
154 17 100
154 17 100
154 17 100
154 17 100
154 17 100
154 17 100
154 17 100
154 17 100
154 17 100
154 17 100
154 17 100
154 17 100
154 17 100
154 17 100
154 17 100
154 17 100
154 17 100
154 17 100
154 17 100
154 17 100
154 17 100
154 17 100
154 17 100
154 17 100
154 17 100
154 17 100
154 17 100
154 17 100
154 17 100
155 17 100
155 17 100
155 17 100
155 17 100
155 17 100
155 17 100
155 17 100
155 17 100
155 17 100
155 17 100
155 17 100
155 17 100
155 17 100
155 17 100
155 17 100
155 17 100
155 17 100
155 17 100
155 17 100
155 17 100
155 17 100
155 17 100
155 17 100
155 17 100
155 17 100
155 17 100
155 17 100
155 17 100
155 17 100
155 17 100
155 17 100
155 17 100
155 17 100
155 17 100
155 17 100
155 17 100
156 17 100
156 17 100
156 17 100
156 17 100
156 17 100
156 17 100
156 17 100
156 17 100
156 17 100
156 17 100
156 17 100
156 17 100
156 17 100
156 17 100
156 17 100
156 17 100
156 17 100
156 17 100
156 17 100
156 17 100
156 17 100
156 17 100
156 17 100
156 17 100
156 17 100
156 17 100
156 17 100
156 17 100
156 17 100
156 17 100
156 17 100
156 17 100
156 17 100
156 17 100
156 17 100
156 17 100
156 17 100
157 17 100
157 17 100
157 17 100
157 17 100
157 17 100
157 17 100
157 17 100
157 17 100
157 17 100
157 17 100
157 17 100
157 17 100
157 17 100
157 17 100
157 17 100
157 17 100
157 17 100
157 17 100
157 17 100
157 17 100
157 17 100
157 17 100
157 17 100
157 17 100
157 17 100
157 17 100
157 17 100
157 17 100
157 17 100
157 17 100
157 17 100
157 17 100
157 17 100
157 17 100
157 17 100
157 17 100
157 17 100
158 17 100
158 17 100
158 17 100
158 17 100
158 17 100
158 17 100
158 17 100
158 17 100
158 17 100
158 17 100
158 17 100
158 17 100
158 17 100
158 17 100
158 17 100
158 17 100
158 17 100
158 17 100
158 17 100
158 17 100
158 17 100
158 17 100
158 17 100
158 17 100
158 17 100
158 17 100
158 17 100
158 17 100
158 17 100
158 17 100
158 17 100
158 17 100
158 17 100
158 17 100
158 17 100
158 17 100
158 17 100
158 17 100
159 17 100
159 17 100
159 17 100
159 17 100
159 17 100
159 17 100
159 17 100
159 17 100
159 17 100
159 17 100
159 17 100
159 17 100
159 17 100
159 17 100
159 17 100
159 17 100
159 17 100
159 17 100
159 17 100
159 17 100
159 17 100
159 17 100
159 17 100
159 17 100
159 17 100
159 17 100
159 17 100
159 17 100
159 17 100
159 17 100
159 17 100
159 17 100
159 17 100
159 17 100
159 17 100
159 17 100
159 17 100
159 17 100
160 17 100
160 17 100
160 17 100
160 17 100
160 17 100
160 17 100
160 17 100
160 17 100
160 17 100
160 17 100
160 17 100
160 17 100
160 17 100
160 17 100
160 17 100
160 17 100
160 17 100
160 17 100
160 17 100
160 17 100
160 17 100
160 17 100
160 17 100
160 17 100
160 17 100
160 17 100
160 17 100
160 17 100
160 17 100
160 17 100
160 17 100
160 17 100
160 17 100
160 17 100
160 17 100
160 17 100
160 17 100
160 17 100
161 17 100
161 17 100
161 17 100
161 17 100
161 17 100
161 17 100
161 17 100
161 17 100
161 17 100
161 17 100
161 17 100
161 17 100
161 17 100
161 17 100
161 17 100
161 17 100
161 17 100
161 17 100
161 17 100
161 17 100
161 17 100
161 17 100
161 17 100
161 17 100
161 17 100
161 17 100
161 17 100
161 17 100
161 17 100
161 17 100
161 17 100
161 17 100
161 17 100
161 17 100
161 17 100
161 17 100
161 17 100
161 17 100
162 17 100
162 17 100
162 17 100
162 17 100
162 17 100
162 17 100
162 17 100
162 17 100
162 17 100
162 17 100
162 17 100
162 17 100
162 17 100
162 17 100
162 17 100
162 17 100
162 17 100
162 17 100
162 17 100
162 17 100
162 17 100
162 17 100
162 17 100
162 17 100
162 17 100
162 17 100
162 17 100
162 17 100
162 17 100
162 17 100
162 17 100
162 17 100
162 17 100
162 17 100
162 17 100
162 17 100
162 17 100
163 17 100
163 17 100
163 17 100
163 17 100
163 17 100
163 17 100
163 17 100
163 17 100
163 17 100
163 17 100
163 17 100
163 17 100
163 17 100
163 17 100
163 17 100
163 17 100
163 17 100
163 17 100
163 17 100
163 17 100
163 17 100
163 17 100
163 17 100
163 17 100
163 17 100
163 17 100
163 17 100
163 17 100
163 17 100
163 17 100
163 17 100
163 17 100
163 17 100
163 17 100
163 17 100
163 17 100
164 17 100
164 17 100
164 17 100
164 17 100
164 17 100
164 17 100
164 17 100
164 17 100
164 17 100
164 17 100
164 17 100
164 17 100
164 17 100
164 17 100
164 17 100
164 17 100
164 17 100
164 17 100
164 17 100
164 17 100
164 17 100
164 17 100
164 17 100
164 17 100
164 17 100
164 17 100
164 17 100
164 17 100
164 17 100
164 17 100
164 17 100
164 17 100
164 17 100
164 17 100
164 17 100
165 17 100
165 17 100
165 17 100
165 17 100
165 17 100
165 17 100
165 17 100
165 17 100
165 17 100
165 17 100
165 17 100
165 17 100
165 17 100
165 17 100
165 17 100
165 17 100
165 17 100
165 17 100
165 17 100
165 17 100
165 17 100
165 17 100
165 17 100
165 17 100
165 17 100
165 17 100
165 17 100
165 17 100
165 17 100
165 17 100
165 17 100
165 17 100
165 17 100
166 17 100
166 17 100
166 17 100
166 17 100
166 17 100
166 17 100
166 17 100
166 17 100
166 17 100
166 17 100
166 17 100
166 17 100
166 17 100
166 17 100
166 17 100
166 17 100
166 17 100
166 17 100
166 17 100
166 17 100
166 17 100
166 17 100
166 17 100
166 17 100
166 17 100
166 17 100
166 17 100
166 17 100
166 17 100
166 17 100
166 17 100
167 17 100
167 17 100
167 17 100
167 17 100
167 17 100
167 17 100
167 17 100
167 17 100
167 17 100
167 17 100
167 17 100
167 17 100
167 17 100
167 17 100
167 17 100
167 17 100
167 17 100
167 17 100
167 17 100
167 17 100
167 17 100
167 17 100
167 17 100
167 17 100
167 17 100
167 17 100
167 17 100
167 17 100
167 17 100
167 17 100
168 17 100
168 17 100
168 17 100
168 17 100
168 17 100
168 17 100
168 17 100
168 17 100
168 17 100
168 17 100
168 17 100
168 17 100
168 17 100
168 17 100
168 17 100
168 17 100
168 17 100
168 17 100
168 17 100
168 17 100
168 17 100
168 17 100
168 17 100
168 17 100
168 17 100
168 17 100
168 17 100
168 17 100
168 17 100
169 17 100
169 17 100
169 17 100
169 17 100
169 17 100
169 17 100
169 17 100
169 17 100
169 17 100
169 17 100
169 17 100
169 17 100
169 17 100
169 17 100
169 17 100
169 17 100
169 17 100
169 17 100
169 17 100
169 17 100
169 17 100
169 17 100
169 17 100
169 17 100
169 17 100
169 17 100
169 17 100
169 17 100
170 17 100
170 17 100
170 17 100
170 17 100
170 17 100
170 17 100
170 17 100
170 17 100
170 17 100
170 17 100
170 17 100
170 17 100
170 17 100
170 17 100
170 17 100
170 17 100
170 17 100
170 17 100
170 17 100
170 17 100
170 17 100
170 17 100
170 17 100
170 17 100
170 17 100
170 17 100
170 17 100
171 17 100
171 17 100
171 17 100
171 17 100
171 17 100
171 17 100
171 17 100
171 17 100
171 17 100
171 17 100
171 17 100
171 17 100
171 17 100
171 17 100
171 17 100
171 17 100
171 17 100
171 17 100
171 17 100
171 17 100
171 17 100
171 17 100
171 17 100
171 17 100
171 17 100
171 17 100
172 17 100
172 17 100
172 17 100
172 17 100
172 17 100
172 17 100
172 17 100
172 17 100
172 17 100
172 17 100
172 17 100
172 17 100
172 17 100
172 17 100
172 17 100
172 17 100
172 17 100
172 17 100
172 17 100
172 17 100
172 17 100
172 17 100
172 17 100
172 17 100
172 17 100
173 17 100
173 17 100
173 17 100
173 17 100
173 17 100
173 17 100
173 17 100
173 17 100
173 17 100
173 17 100
173 17 100
173 17 100
173 17 100
173 17 100
173 17 100
173 17 100
173 17 100
173 17 100
173 17 100
173 17 100
173 17 100
173 17 100
173 17 100
173 17 100
174 17 100
174 17 100
174 17 100
174 17 100
174 17 100
174 17 100
174 17 100
174 17 100
174 17 100
174 17 100
174 17 100
174 17 100
174 17 100
174 17 100
174 17 100
174 17 100
174 17 100
174 17 100
174 17 100
174 17 100
174 17 100
174 17 100
174 17 100
175 17 100
175 17 100
175 17 100
175 17 100
175 17 100
175 17 100
175 17 100
175 17 100
175 17 100
175 17 100
175 17 100
175 17 100
175 17 100
175 17 100
175 17 100
175 17 100
175 17 100
175 17 100
175 17 100
175 17 100
175 17 100
176 17 100
176 17 100
176 17 100
176 17 100
176 17 100
176 17 100
176 17 100
176 17 100
176 17 100
176 17 100
176 17 100
176 17 100
176 17 100
176 17 100
176 17 100
176 17 100
176 17 100
176 17 100
# move from (140,89) to (177,4)
140 89 100
141 89 100
142 89 100
143 89 100
144 89 100
144 89 100
145 89 100
145 89 100
146 89 100
146 89 100
147 89 100
147 89 100
148 89 100
148 89 100
149 89 100
149 89 100
150 89 100
150 89 100
151 89 100
151 89 100
152 89 100
152 89 100
153 89 100
153 89 100
154 89 100
154 89 100
155 89 100
155 89 100
155 89 100
156 89 100
156 89 100
156 89 100
157 89 100
157 89 100
157 89 100
157 89 100
158 89 100
158 89 100
158 89 100
158 89 100
159 89 100
159 89 100
159 89 100
159 89 100
159 89 100
160 89 100
160 89 100
160 89 100
160 89 100
160 89 100
160 89 100
161 89 100
161 89 100
161 89 100
161 89 100
161 89 100
161 89 100
161 89 100
162 89 100
162 89 100
162 89 100
162 89 100
162 89 100
162 89 100
162 89 100
162 89 100
163 89 100
163 89 100
163 89 100
163 89 100
163 89 100
163 89 100
163 89 100
163 89 100
163 89 100
164 89 100
164 89 100
164 89 100
164 89 100
164 89 100
164 89 100
164 89 100
164 89 100
164 89 100
164 89 100
165 89 100
165 89 100
165 89 100
165 89 100
165 89 100
165 89 100
165 89 100
165 89 100
165 89 100
165 89 100
166 89 100
166 89 100
166 89 100
166 89 100
166 89 100
166 89 100
166 89 100
166 89 100
166 89 100
166 89 100
166 89 100
167 89 100
167 89 100
167 89 100
167 89 100
167 89 100
167 89 100
167 89 100
167 89 100
167 89 100
167 89 100
167 89 100
167 89 100
168 89 100
168 89 100
168 89 100
168 89 100
168 89 100
168 89 100
168 89 100
168 89 100
168 89 100
168 89 100
168 89 100
168 89 100
168 89 100
169 89 100
169 89 100
169 89 100
169 89 100
169 89 100
169 89 100
169 89 100
169 89 100
169 89 100
169 89 100
169 89 100
169 89 100
169 89 100
169 89 100
170 89 100
170 89 100
170 89 100
170 89 100
170 89 100
170 89 100
170 89 100
170 89 100
170 89 100
170 89 100
170 89 100
170 89 100
170 89 100
170 89 100
170 89 100
170 89 100
171 89 100
171 89 100
171 89 100
171 89 100
171 89 100
171 89 100
171 89 100
171 89 100
171 89 100
171 89 100
171 89 100
171 89 100
171 89 100
171 89 100
171 89 100
171 89 100
171 89 100
171 89 100
172 89 100
172 89 100
172 89 100
172 89 100
172 89 100
172 89 100
172 89 100
172 89 100
172 89 100
172 89 100
172 89 100
172 89 100
172 89 100
172 89 100
172 89 100
172 89 100
172 89 100
172 89 100
172 89 100
172 89 100
173 89 100
173 89 100
173 89 100
173 89 100
173 89 100
173 89 100
173 89 100
173 89 100
173 89 100
173 89 100
173 89 100
173 89 100
173 89 100
173 89 100
173 89 100
173 89 100
173 89 100
173 89 100
173 89 100
173 89 100
173 89 100
173 89 100
174 89 100
174 89 100
174 89 100
174 89 100
174 89 100
174 89 100
174 89 100
174 89 100
174 89 100
174 89 100
174 89 100
174 89 100
174 89 100
174 89 100
174 89 100
174 89 100
174 89 100
174 89 100
174 89 100
174 89 100
174 89 100
174 89 100
174 89 100
174 89 100
174 89 100
175 89 100
175 89 100
175 89 100
175 89 100
175 89 100
175 89 100
175 89 100
175 89 100
175 89 100
175 89 100
175 89 100
175 89 100
175 89 100
175 89 100
175 89 100
175 89 100
175 89 100
175 89 100
175 89 100
175 89 100
175 89 100
175 89 100
175 89 100
175 89 100
175 89 100
175 89 100
175 89 100
176 89 100
176 89 100
176 89 100
176 89 100
176 89 100
176 89 100
176 89 100
176 89 100
176 89 100
176 89 100
176 89 100
176 89 100
176 89 100
176 89 100
176 89 100
176 89 100
176 89 100
176 89 100
176 89 100
176 89 100
176 89 100
176 89 100
176 89 100
176 89 100
176 89 100
176 89 100
176 89 100
176 89 100
# move from (194,23) to (177,4)
194 23 100
194 23 100
193 23 100
193 23 100
192 23 100
192 23 100
192 23 100
191 23 100
191 23 100
191 23 100
190 23 100
190 23 100
190 23 100
190 23 100
189 23 100
189 23 100
189 23 100
189 23 100
189 23 100
188 23 100
188 23 100
188 23 100
188 23 100
188 23 100
188 23 100
187 23 100
187 23 100
187 23 100
187 23 100
187 23 100
187 23 100
187 23 100
187 23 100
186 23 100
186 23 100
186 23 100
186 23 100
186 23 100
186 23 100
186 23 100
186 23 100
186 23 100
185 23 100
185 23 100
185 23 100
185 23 100
185 23 100
185 23 100
185 23 100
185 23 100
185 23 100
185 23 100
184 23 100
184 23 100
184 23 100
184 23 100
184 23 100
184 23 100
184 23 100
184 23 100
184 23 100
184 23 100
184 23 100
183 23 100
183 23 100
183 23 100
183 23 100
183 23 100
183 23 100
183 23 100
183 23 100
183 23 100
183 23 100
183 23 100
182 23 100
182 23 100
182 23 100
182 23 100
182 23 100
182 23 100
182 23 100
182 23 100
182 23 100
182 23 100
182 23 100
182 23 100
182 23 100
181 23 100
181 23 100
181 23 100
181 23 100
181 23 100
181 23 100
181 23 100
181 23 100
181 23 100
181 23 100
181 23 100
181 23 100
181 23 100
181 23 100
180 23 100
180 23 100
180 23 100
180 23 100
180 23 100
180 23 100
180 23 100
180 23 100
180 23 100
180 23 100
180 23 100
180 23 100
180 23 100
180 23 100
180 23 100
180 23 100
179 23 100
179 23 100
179 23 100
179 23 100
179 23 100
179 23 100
179 23 100
179 23 100
179 23 100
179 23 100
179 23 100
179 23 100
179 23 100
179 23 100
179 23 100
179 23 100
179 23 100
179 23 100
179 23 100
178 23 100
178 23 100
178 23 100
178 23 100
178 23 100
178 23 100
178 23 100
178 23 100
178 23 100
178 23 100
178 23 100
178 23 100
178 23 100
178 23 100
178 23 100
178 23 100
178 23 100
178 23 100
178 23 100
178 23 100
178 23 100
178 23 100
