# move from (129,3) to (107,133)
129 3 100
128 3 100
127 3 100
126 3 100
125 3 100
124 3 100
123 3 100
122 3 100
121 3 100
120 3 100
119 3 100
118 3 100
117 3 100
116 3 100
115 3 100
114 3 100
113 3 100
112 3 100
111 3 100
110 3 100
109 3 100
108 3 100
107 3 100
107 4 100
107 5 100
107 6 100
107 7 100
107 8 100
107 9 100
107 10 100
107 11 100
107 12 100
107 13 100
107 14 100
107 15 100
107 16 100
107 17 100
107 18 100
107 19 100
107 20 100
107 21 100
107 22 100
107 23 100
107 24 100
107 25 100
107 26 100
107 27 100
107 28 100
107 29 100
107 30 100
107 31 100
107 32 100
107 33 100
107 34 100
107 34 100
107 35 100
107 35 100
107 36 100
107 36 100
107 37 100
107 37 100
107 38 100
107 39 100
107 40 100
107 41 100
107 42 100
107 43 100
107 44 100
107 45 100
107 46 100
107 46 100
107 47 100
107 47 100
107 48 100
107 48 100
107 48 100
107 49 100
107 49 100
107 49 100
107 50 100
107 50 100
107 50 100
107 50 100
107 51 100
107 51 100
107 51 100
107 51 100
107 51 100
107 51 100
107 52 100
107 52 100
107 52 100
107 52 100
107 52 100
107 52 100
107 52 100
107 53 100
107 53 100
107 53 100
107 53 100
107 53 100
107 53 100
107 53 100
107 53 100
107 54 100
107 54 100
107 54 100
107 54 100
107 54 100
107 54 100
107 54 100
107 54 100
107 55 100
107 55 100
107 55 100
107 55 100
107 55 100
107 55 100
107 55 100
107 55 100
107 55 100
107 56 100
107 56 100
107 56 100
107 56 100
107 56 100
107 56 100
107 56 100
107 56 100
107 56 100
107 57 100
107 57 100
107 57 100
107 57 100
107 57 100
107 57 100
107 57 100
107 57 100
107 57 100
107 57 100
107 58 100
107 58 100
107 58 100
107 58 100
107 58 100
107 58 100
107 58 100
107 58 100
107 58 100
107 58 100
107 59 100
107 59 100
107 59 100
107 59 100
107 59 100
107 59 100
107 59 100
107 59 100
107 59 100
107 59 100
107 60 100
107 60 100
107 60 100
107 60 100
107 60 100
107 60 100
107 60 100
107 60 100
107 60 100
107 60 100
107 60 100
107 61 100
107 61 100
107 61 100
107 61 100
107 61 100
107 61 100
107 61 100
107 61 100
107 61 100
107 61 100
107 61 100
107 61 100
107 62 100
107 62 100
107 62 100
107 62 100
107 62 100
107 62 100
107 62 100
107 62 100
107 62 100
107 62 100
107 62 100
107 62 100
107 62 100
107 63 100
107 63 100
107 63 100
107 63 100
107 63 100
107 63 100
107 63 100
107 63 100
107 63 100
107 63 100
107 63 100
107 63 100
107 63 100
107 63 100
107 63 100
107 64 100
107 64 100
107 64 100
107 64 100
107 64 100
107 64 100
107 64 100
107 64 100
107 64 100
107 64 100
107 64 100
107 64 100
107 64 100
107 64 100
107 64 100
107 64 100
107 65 100
107 65 100
107 65 100
107 65 100
107 65 100
107 65 100
107 65 100
107 65 100
107 65 100
107 65 100
107 65 100
107 65 100
107 65 100
107 65 100
107 65 100
107 65 100
107 65 100
107 65 100
107 66 100
107 66 100
107 66 100
107 66 100
107 66 100
107 66 100
107 66 100
107 66 100
107 66 100
107 66 100
107 66 100
107 66 100
107 66 100
107 66 100
107 66 100
107 66 100
107 66 100
107 66 100
107 66 100
107 67 100
107 67 100
107 67 100
107 67 100
107 67 100
107 67 100
107 67 100
107 67 100
107 67 100
107 67 100
107 67 100
107 67 100
107 67 100
107 67 100
107 67 100
107 67 100
107 67 100
107 67 100
107 67 100
107 67 100
107 68 100
107 68 100
107 68 100
107 68 100
107 68 100
107 68 100
107 68 100
107 68 100
107 68 100
107 68 100
107 68 100
107 68 100
107 68 100
107 68 100
107 68 100
107 68 100
107 68 100
107 68 100
107 68 100
107 68 100
107 69 100
107 69 100
107 69 100
107 69 100
107 69 100
107 69 100
107 69 100
107 69 100
107 69 100
107 69 100
107 69 100
107 69 100
107 69 100
107 69 100
107 69 100
107 69 100
107 69 100
107 69 100
107 69 100
107 70 100
107 70 100
107 70 100
107 70 100
107 70 100
107 70 100
107 70 100
107 70 100
107 70 100
107 70 100
107 70 100
107 70 100
107 70 100
107 70 100
107 70 100
107 70 100
107 70 100
107 71 100
107 71 100
107 71 100
107 71 100
107 71 100
107 71 100
107 71 100
107 71 100
107 71 100
107 71 100
107 71 100
107 71 100
107 71 100
107 71 100
107 71 100
107 71 100
107 72 100
107 72 100
107 72 100
107 72 100
107 72 100
107 72 100
107 72 100
107 72 100
107 72 100
107 72 100
107 72 100
107 72 100
107 72 100
107 72 100
107 72 100
107 73 100
107 73 100
107 73 100
107 73 100
107 73 100
107 73 100
107 73 100
107 73 100
107 73 100
107 73 100
107 73 100
107 73 100
107 73 100
107 73 100
107 73 100
107 74 100
107 74 100
107 74 100
107 74 100
107 74 100
107 74 100
107 74 100
107 74 100
107 74 100
107 74 100
107 74 100
107 74 100
107 74 100
107 74 100
107 74 100
107 75 100
107 75 100
107 75 100
107 75 100
107 75 100
107 75 100
107 75 100
107 75 100
107 75 100
107 75 100
107 75 100
107 75 100
107 75 100
107 75 100
107 75 100
107 75 100
107 75 100
107 76 100
107 76 100
107 76 100
107 76 100
107 76 100
107 76 100
107 76 100
107 76 100
107 76 100
107 76 100
107 76 100
107 76 100
107 76 100
107 76 100
107 76 100
107 76 100
107 76 100
107 76 100
107 77 100
107 77 100
107 77 100
107 77 100
107 77 100
107 77 100
107 77 100
107 77 100
107 77 100
107 77 100
107 77 100
107 77 100
107 77 100
107 77 100
107 77 100
107 77 100
107 77 100
107 77 100
107 77 100
107 77 100
107 78 100
107 78 100
107 78 100
107 78 100
107 78 100
107 78 100
107 78 100
107 78 100
107 78 100
107 78 100
107 78 100
107 78 100
107 78 100
107 78 100
107 78 100
107 78 100
107 78 100
107 78 100
107 78 100
107 78 100
107 78 100
107 78 100
107 79 100
107 79 100
107 79 100
107 79 100
107 79 100
107 79 100
107 79 100
107 79 100
107 79 100
107 79 100
107 79 100
107 79 100
107 79 100
107 79 100
107 79 100
107 79 100
107 79 100
107 79 100
107 79 100
107 79 100
107 79 100
107 79 100
107 79 100
107 79 100
107 80 100
107 80 100
107 80 100
107 80 100
107 80 100
107 80 100
107 80 100
107 80 100
107 80 100
107 80 100
107 80 100
107 80 100
107 80 100
107 80 100
107 80 100
107 80 100
107 80 100
107 80 100
107 80 100
107 80 100
107 80 100
107 80 100
107 80 100
107 80 100
107 80 100
107 81 100
107 81 100
107 81 100
107 81 100
107 81 100
107 81 100
107 81 100
107 81 100
107 81 100
107 81 100
107 81 100
107 81 100
107 81 100
107 81 100
107 81 100
107 81 100
107 81 100
107 81 100
107 81 100
107 81 100
107 81 100
107 81 100
107 81 100
107 81 100
107 81 100
107 81 100
107 82 100
107 82 100
107 82 100
107 82 100
107 82 100
107 82 100
107 82 100
107 82 100
107 82 100
107 82 100
107 82 100
107 82 100
107 82 100
107 82 100
107 82 100
107 82 100
107 82 100
107 82 100
107 82 100
107 82 100
107 82 100
107 82 100
107 82 100
107 82 100
107 82 100
107 82 100
107 83 100
107 83 100
107 83 100
107 83 100
107 83 100
107 83 100
107 83 100
107 83 100
107 83 100
107 83 100
107 83 100
107 83 100
107 83 100
107 83 100
107 83 100
107 83 100
107 83 100
107 83 100
107 83 100
107 83 100
107 83 100
107 83 100
107 83 100
107 83 100
107 83 100
107 84 100
107 84 100
107 84 100
107 84 100
107 84 100
107 84 100
107 84 100
107 84 100
107 84 100
107 84 100
107 84 100
107 84 100
107 84 100
107 84 100
107 84 100
107 84 100
107 84 100
107 84 100
107 84 100
107 84 100
107 84 100
107 84 100
107 84 100
107 84 100
107 85 100
107 85 100
107 85 100
107 85 100
107 85 100
107 85 100
107 85 100
107 85 100
107 85 100
107 85 100
107 85 100
107 85 100
107 85 100
107 85 100
107 85 100
107 85 100
107 85 100
107 85 100
107 85 100
107 85 100
107 85 100
107 85 100
107 85 100
107 86 100
107 86 100
107 86 100
107 86 100
107 86 100
107 86 100
107 86 100
107 86 100
107 86 100
107 86 100
107 86 100
107 86 100
107 86 100
107 86 100
107 86 100
107 86 100
107 86 100
107 86 100
107 86 100
107 86 100
107 86 100
107 86 100
107 87 100
107 87 100
107 87 100
107 87 100
107 87 100
107 87 100
107 87 100
107 87 100
107 87 100
107 87 100
107 87 100
107 87 100
107 87 100
107 87 100
107 87 100
107 87 100
107 87 100
107 87 100
107 87 100
107 87 100
107 88 100
107 88 100
107 88 100
107 88 100
107 88 100
107 88 100
107 88 100
107 88 100
107 88 100
107 88 100
107 88 100
107 88 100
107 88 100
107 88 100
107 88 100
107 88 100
107 88 100
107 88 100
107 89 100
107 89 100
107 89 100
107 89 100
107 89 100
107 89 100
107 89 100
107 89 100
107 89 100
107 89 100
107 89 100
107 89 100
107 89 100
107 89 100
107 89 100
107 89 100
107 90 100
107 90 100
107 90 100
107 90 100
107 90 100
107 90 100
107 90 100
107 90 100
107 90 100
107 90 100
107 90 100
107 90 100
107 90 100
107 90 100
107 91 100
107 91 100
107 91 100
107 91 100
107 91 100
107 91 100
107 91 100
107 91 100
107 91 100
107 91 100
107 91 100
107 92 100
107 92 100
107 92 100
107 92 100
107 92 100
107 92 100
107 92 100
107 92 100
107 92 100
107 92 100
107 93 100
107 93 100
107 93 100
107 93 100
107 93 100
107 93 100
107 93 100
107 93 100
107 93 100
107 94 100
107 94 100
107 94 100
107 94 100
107 94 100
107 94 100
107 94 100
107 94 100
107 95 100
107 95 100
107 95 100
107 95 100
107 95 100
107 95 100
107 95 100
107 96 100
107 96 100
107 96 100
107 96 100
107 96 100
107 96 100
107 96 100
107 97 100
107 97 100
107 97 100
107 97 100
107 97 100
107 97 100
107 98 100
107 98 100
107 98 100
107 98 100
107 98 100
107 98 100
107 99 100
107 99 100
107 99 100
107 99 100
107 99 100
107 100 100
107 100 100
107 100 100
107 100 100
107 100 100
107 101 100
107 101 100
107 101 100
107 101 100
107 102 100
107 102 100
107 102 100
107 102 100
107 103 100
107 103 100
107 103 100
107 103 100
107 104 100
107 104 100
107 104 100
107 105 100
107 105 100
107 105 100
107 106 100
107 106 100
107 106 100
107 107 100
107 107 100
107 107 100
107 108 100
107 108 100
107 109 100
107 109 100
107 110 100
107 110 100
107 111 100
107 111 100
107 112 100
107 112 100
107 113 100
107 113 100
107 114 100
107 114 100
107 115 100
107 115 100
107 116 100
107 116 100
107 117 100
107 117 100
107 118 100
107 118 100
107 119 100
107 119 100
107 120 100
107 121 100
107 122 100
107 123 100
107 124 100
107 125 100
107 126 100
107 127 100
107 128 100
107 129 100
107 130 100
107 131 100
107 132 100
107 133 100
# move from (25,116) to (107,133)
25 116 100
26 116 100
27 116 100
28 116 100
29 116 100
30 116 100
31 116 100
32 116 100
33 116 100
34 116 100
35 116 100
36 116 100
37 116 100
38 116 100
39 116 100
40 116 100
41 116 100
42 116 100
43 116 100
44 116 100
45 116 100
46 116 100
47 116 100
48 116 100
49 116 100
50 116 100
51 116 100
52 116 100
53 116 100
54 116 100
55 116 100
56 116 100
56 116 100
57 116 100
57 116 100
58 116 100
58 116 100
59 116 100
59 116 100
60 116 100
60 116 100
61 116 100
61 116 100
62 116 100
62 116 100
63 116 100
63 116 100
64 116 100
64 116 100
65 116 100
65 116 100
66 116 100
66 116 100
67 116 100
67 116 100
68 116 100
68 116 100
69 116 100
69 116 100
70 116 100
70 116 100
70 116 100
71 116 100
71 116 100
71 116 100
72 116 100
72 116 100
72 116 100
72 116 100
73 116 100
73 116 100
73 116 100
73 116 100
73 116 100
74 116 100
74 116 100
74 116 100
74 116 100
74 116 100
74 116 100
75 116 100
75 116 100
75 116 100
75 116 100
75 116 100
75 116 100
76 116 100
76 116 100
76 116 100
76 116 100
76 116 100
76 116 100
77 116 100
77 116 100
77 116 100
77 116 100
77 116 100
77 116 100
78 116 100
78 116 100
78 116 100
78 116 100
78 116 100
78 116 100
79 116 100
79 116 100
79 116 100
79 116 100
79 116 100
80 116 100
80 116 100
80 116 100
80 116 100
80 116 100
81 116 100
81 116 100
81 116 100
81 116 100
81 116 100
82 116 100
82 116 100
82 116 100
82 116 100
82 116 100
83 116 100
83 116 100
83 116 100
83 116 100
83 116 100
83 116 100
84 116 100
84 116 100
84 116 100
84 116 100
84 116 100
84 116 100
84 116 100
85 116 100
85 116 100
85 116 100
85 116 100
85 116 100
85 116 100
85 116 100
86 116 100
86 116 100
86 116 100
86 116 100
86 116 100
86 116 100
86 116 100
86 116 100
87 116 100
87 116 100
87 116 100
87 116 100
87 116 100
87 116 100
87 116 100
87 116 100
88 116 100
88 116 100
88 116 100
88 116 100
88 116 100
88 116 100
88 116 100
88 116 100
89 116 100
89 116 100
89 116 100
89 116 100
89 116 100
89 116 100
89 116 100
90 116 100
90 116 100
90 116 100
90 116 100
90 116 100
90 116 100
91 116 100
91 116 100
91 116 100
91 116 100
92 116 100
92 116 100
92 116 100
92 116 100
93 116 100
93 116 100
93 116 100
94 116 100
94 116 100
95 116 100
95 116 100
96 116 100
96 116 100
97 116 100
98 116 100
99 116 100
100 116 100
101 116 100
102 116 100
103 116 100
103 116 100
104 116 100
104 116 100
105 116 100
105 116 100
106 116 100
106 116 100
# move from (57,185) to (107,133)
57 185 100
57 185 100
58 185 100
58 185 100
59 185 100
59 185 100
60 185 100
60 185 100
61 185 100
61 185 100
62 185 100
62 185 100
63 185 100
63 185 100
64 185 100
64 185 100
65 185 100
65 185 100
66 185 100
66 185 100
67 185 100
67 185 100
68 185 100
68 185 100
68 185 100
69 185 100
69 185 100
69 185 100
70 185 100
70 185 100
70 185 100
70 185 100
71 185 100
71 185 100
71 185 100
71 185 100
72 185 100
72 185 100
72 185 100
72 185 100
73 185 100
73 185 100
73 185 100
73 185 100
74 185 100
74 185 100
74 185 100
74 185 100
75 185 100
75 185 100
75 185 100
75 185 100
76 185 100
76 185 100
76 185 100
76 185 100
77 185 100
77 185 100
77 185 100
77 185 100
77 185 100
78 185 100
78 185 100
78 185 100
78 185 100
78 185 100
78 185 100
79 185 100
79 185 100
79 185 100
79 185 100
79 185 100
79 185 100
79 185 100
80 185 100
80 185 100
80 185 100
80 185 100
80 185 100
80 185 100
80 185 100
80 185 100
80 185 100
80 185 100
81 185 100
81 185 100
81 185 100
81 185 100
81 185 100
81 185 100
81 185 100
81 185 100
81 185 100
81 185 100
81 185 100
81 185 100
81 185 100
82 185 100
82 185 100
82 185 100
82 185 100
82 185 100
82 185 100
82 185 100
82 185 100
82 185 100
82 185 100
82 185 100
82 185 100
82 185 100
82 185 100
82 185 100
82 185 100
83 185 100
83 185 100
83 185 100
83 185 100
83 185 100
83 185 100
83 185 100
83 185 100
83 185 100
83 185 100
83 185 100
83 185 100
83 185 100
83 185 100
83 185 100
83 185 100
83 185 100
83 185 100
83 185 100
83 185 100
84 185 100
84 185 100
84 185 100
84 185 100
84 185 100
84 185 100
84 185 100
84 185 100
84 185 100
84 185 100
84 185 100
84 185 100
84 185 100
84 185 100
84 185 100
84 185 100
84 185 100
84 185 100
84 185 100
84 185 100
84 185 100
84 185 100
84 185 100
85 185 100
85 185 100
85 185 100
85 185 100
85 185 100
85 185 100
85 185 100
85 185 100
85 185 100
85 185 100
85 185 100
85 185 100
85 185 100
85 185 100
85 185 100
85 185 100
85 185 100
85 185 100
85 185 100
85 185 100
85 185 100
85 185 100
85 185 100
85 185 100
85 185 100
85 185 100
85 185 100
86 185 100
86 185 100
86 185 100
86 185 100
86 185 100
86 185 100
86 185 100
86 185 100
86 185 100
86 185 100
86 185 100
86 185 100
86 185 100
86 185 100
86 185 100
86 185 100
86 185 100
86 185 100
86 185 100
86 185 100
86 185 100
86 185 100
86 185 100
86 185 100
86 185 100
86 185 100
86 185 100
86 185 100
86 185 100
86 185 100
86 185 100
87 185 100
87 185 100
87 185 100
87 185 100
87 185 100
87 185 100
87 185 100
87 185 100
87 185 100
87 185 100
87 185 100
87 185 100
87 185 100
87 185 100
87 185 100
87 185 100
87 185 100
87 185 100
87 185 100
87 185 100
87 185 100
87 185 100
87 185 100
87 185 100
87 185 100
87 185 100
87 185 100
87 185 100
87 185 100
87 185 100
87 185 100
87 185 100
87 185 100
87 185 100
88 185 100
88 185 100
88 185 100
88 185 100
88 185 100
88 185 100
88 185 100
88 185 100
88 185 100
88 185 100
88 185 100
88 185 100
88 185 100
88 185 100
88 185 100
88 185 100
88 185 100
88 185 100
88 185 100
88 185 100
88 185 100
88 185 100
88 185 100
88 185 100
88 185 100
88 185 100
88 185 100
88 185 100
88 185 100
88 185 100
88 185 100
88 185 100
88 185 100
88 185 100
88 185 100
88 185 100
89 185 100
89 185 100
89 185 100
89 185 100
89 185 100
89 185 100
89 185 100
89 185 100
89 185 100
89 185 100
89 185 100
89 185 100
89 185 100
89 185 100
89 185 100
89 185 100
89 185 100
89 185 100
89 185 100
89 185 100
89 185 100
89 185 100
89 185 100
89 185 100
89 185 100
89 185 100
89 185 100
89 185 100
89 185 100
89 185 100
89 185 100
89 185 100
89 185 100
89 185 100
89 185 100
89 185 100
89 185 100
90 185 100
90 185 100
90 185 100
90 185 100
90 185 100
90 185 100
90 185 100
90 185 100
90 185 100
90 185 100
90 185 100
90 185 100
90 185 100
90 185 100
90 185 100
90 185 100
90 185 100
90 185 100
90 185 100
90 185 100
90 185 100
90 185 100
90 185 100
90 185 100
90 185 100
90 185 100
90 185 100
90 185 100
90 185 100
90 185 100
90 185 100
90 185 100
90 185 100
90 185 100
90 185 100
90 185 100
90 185 100
91 185 100
91 185 100
91 185 100
91 185 100
91 185 100
91 185 100
91 185 100
91 185 100
91 185 100
91 185 100
91 185 100
91 185 100
91 185 100
91 185 100
91 185 100
91 185 100
91 185 100
91 185 100
91 185 100
91 185 100
91 185 100
91 185 100
91 185 100
91 185 100
91 185 100
91 185 100
91 185 100
91 185 100
91 185 100
91 185 100
91 185 100
91 185 100
91 185 100
91 185 100
91 185 100
91 185 100
92 185 100
92 185 100
92 185 100
92 185 100
92 185 100
92 185 100
92 185 100
92 185 100
92 185 100
92 185 100
92 185 100
92 185 100
92 185 100
92 185 100
92 185 100
92 185 100
92 185 100
92 185 100
92 185 100
92 185 100
92 185 100
92 185 100
92 185 100
92 185 100
92 185 100
92 185 100
92 185 100
92 185 100
92 185 100
92 185 100
92 185 100
92 185 100
92 185 100
92 185 100
92 185 100
92 185 100
93 185 100
93 185 100
93 185 100
93 185 100
93 185 100
93 185 100
93 185 100
93 185 100
93 185 100
93 185 100
93 185 100
93 185 100
93 185 100
93 185 100
93 185 100
93 185 100
93 185 100
93 185 100
93 185 100
93 185 100
93 185 100
93 185 100
93 185 100
93 185 100
93 185 100
93 185 100
93 185 100
93 185 100
93 185 100
93 185 100
93 185 100
93 185 100
93 185 100
93 185 100
93 185 100
93 185 100
94 185 100
94 185 100
94 185 100
94 185 100
94 185 100
94 185 100
94 185 100
94 185 100
94 185 100
94 185 100
94 185 100
94 185 100
94 185 100
94 185 100
94 185 100
94 185 100
94 185 100
94 185 100
94 185 100
94 185 100
94 185 100
94 185 100
94 185 100
94 185 100
94 185 100
94 185 100
94 185 100
94 185 100
94 185 100
94 185 100
94 185 100
94 185 100
94 185 100
94 185 100
94 185 100
94 185 100
95 185 100
95 185 100
95 185 100
95 185 100
95 185 100
95 185 100
95 185 100
95 185 100
95 185 100
95 185 100
95 185 100
95 185 100
95 185 100
95 185 100
95 185 100
95 185 100
95 185 100
95 185 100
95 185 100
95 185 100
95 185 100
95 185 100
95 185 100
95 185 100
95 185 100
95 185 100
95 185 100
95 185 100
95 185 100
95 185 100
95 185 100
95 185 100
95 185 100
95 185 100
95 185 100
95 185 100
95 185 100
96 185 100
96 185 100
96 185 100
96 185 100
96 185 100
96 185 100
96 185 100
96 185 100
96 185 100
96 185 100
96 185 100
96 185 100
96 185 100
96 185 100
96 185 100
96 185 100
96 185 100
96 185 100
96 185 100
96 185 100
96 185 100
96 185 100
96 185 100
96 185 100
96 185 100
96 185 100
96 185 100
96 185 100
96 185 100
96 185 100
96 185 100
96 185 100
96 185 100
96 185 100
96 185 100
96 185 100
96 185 100
97 185 100
97 185 100
97 185 100
97 185 100
97 185 100
97 185 100
97 185 100
97 185 100
97 185 100
97 185 100
97 185 100
97 185 100
97 185 100
97 185 100
97 185 100
97 185 100
97 185 100
97 185 100
97 185 100
97 185 100
97 185 100
97 185 100
97 185 100
97 185 100
97 185 100
97 185 100
97 185 100
97 185 100
97 185 100
97 185 100
97 185 100
97 185 100
97 185 100
97 185 100
97 185 100
97 185 100
97 185 100
97 185 100
97 185 100
98 185 100
98 185 100
98 185 100
98 185 100
98 185 100
98 185 100
98 185 100
98 185 100
98 185 100
98 185 100
98 185 100
98 185 100
98 185 100
98 185 100
98 185 100
98 185 100
98 185 100
98 185 100
98 185 100
98 185 100
98 185 100
98 185 100
98 185 100
98 185 100
98 185 100
98 185 100
98 185 100
98 185 100
98 185 100
98 185 100
98 185 100
98 185 100
98 185 100
98 185 100
98 185 100
98 185 100
98 185 100
98 185 100
98 185 100
98 185 100
99 185 100
99 185 100
99 185 100
99 185 100
99 185 100
99 185 100
99 185 100
99 185 100
99 185 100
99 185 100
99 185 100
99 185 100
99 185 100
99 185 100
99 185 100
99 185 100
99 185 100
99 185 100
99 185 100
99 185 100
99 185 100
99 185 100
99 185 100
99 185 100
99 185 100
99 185 100
99 185 100
99 185 100
99 185 100
99 185 100
99 185 100
99 185 100
99 185 100
99 185 100
99 185 100
99 185 100
99 185 100
99 185 100
99 185 100
99 185 100
99 185 100
100 185 100
100 185 100
100 185 100
100 185 100
100 185 100
100 185 100
100 185 100
100 185 100
100 185 100
100 185 100
100 185 100
100 185 100
100 185 100
100 185 100
100 185 100
100 185 100
100 185 100
100 185 100
100 185 100
100 185 100
100 185 100
100 185 100
100 185 100
100 185 100
100 185 100
100 185 100
100 185 100
100 185 100
100 185 100
100 185 100
100 185 100
100 185 100
100 185 100
100 185 100
100 185 100
100 185 100
100 185 100
100 185 100
100 185 100
100 185 100
100 185 100
101 185 100
101 185 100
101 185 100
101 185 100
101 185 100
101 185 100
101 185 100
101 185 100
101 185 100
101 185 100
101 185 100
101 185 100
101 185 100
101 185 100
101 185 100
101 185 100
101 185 100
101 185 100
101 185 100
101 185 100
101 185 100
101 185 100
101 185 100
101 185 100
101 185 100
101 185 100
101 185 100
101 185 100
101 185 100
101 185 100
101 185 100
101 185 100
101 185 100
101 185 100
101 185 100
101 185 100
101 185 100
101 185 100
101 185 100
101 185 100
101 185 100
102 185 100
102 185 100
102 185 100
102 185 100
102 185 100
102 185 100
102 185 100
102 185 100
102 185 100
102 185 100
102 185 100
102 185 100
102 185 100
102 185 100
102 185 100
102 185 100
102 185 100
102 185 100
102 185 100
102 185 100
102 185 100
102 185 100
102 185 100
102 185 100
102 185 100
102 185 100
102 185 100
102 185 100
102 185 100
102 185 100
102 185 100
102 185 100
102 185 100
102 185 100
102 185 100
102 185 100
102 185 100
102 185 100
102 185 100
102 185 100
102 185 100
103 185 100
103 185 100
103 185 100
103 185 100
103 185 100
103 185 100
103 185 100
103 185 100
103 185 100
103 185 100
103 185 100
103 185 100
103 185 100
103 185 100
103 185 100
103 185 100
103 185 100
103 185 100
103 185 100
103 185 100
103 185 100
103 185 100
103 185 100
103 185 100
103 185 100
103 185 100
103 185 100
103 185 100
103 185 100
103 185 100
103 185 100
103 185 100
103 185 100
103 185 100
103 185 100
103 185 100
103 185 100
103 185 100
103 185 100
103 185 100
104 185 100
104 185 100
104 185 100
104 185 100
104 185 100
104 185 100
104 185 100
104 185 100
104 185 100
104 185 100
104 185 100
104 185 100
104 185 100
104 185 100
104 185 100
104 185 100
104 185 100
104 185 100
104 185 100
104 185 100
104 185 100
104 185 100
104 185 100
104 185 100
104 185 100
104 185 100
104 185 100
104 185 100
104 185 100
104 185 100
104 185 100
104 185 100
104 185 100
104 185 100
104 185 100
104 185 100
104 185 100
104 185 100
105 185 100
105 185 100
105 185 100
105 185 100
105 185 100
105 185 100
105 185 100
105 185 100
105 185 100
105 185 100
105 185 100
105 185 100
105 185 100
105 185 100
105 185 100
105 185 100
105 185 100
105 185 100
105 185 100
105 185 100
105 185 100
105 185 100
105 185 100
105 185 100
105 185 100
105 185 100
105 185 100
105 185 100
105 185 100
105 185 100
105 185 100
105 185 100
105 185 100
105 185 100
105 185 100
105 185 100
106 185 100
106 185 100
106 185 100
106 185 100
106 185 100
106 185 100
106 185 100
106 185 100
106 185 100
106 185 100
106 185 100
106 185 100
106 185 100
106 185 100
106 185 100
106 185 100
106 185 100
106 185 100
106 185 100
106 185 100
106 185 100
106 185 100
106 185 100
106 185 100
106 185 100
106 185 100
106 185 100
106 185 100
106 185 100
106 185 100
106 185 100
106 185 100
106 185 100
106 185 100
107 185 100
107 185 100
107 185 100
107 185 100
107 185 100
107 185 100
107 185 100
107 185 100
107 185 100
107 185 100
107 185 100
107 185 100
107 185 100
107 185 100
107 185 100
107 185 100
107 185 100
107 185 100
107 185 100
107 185 100
107 185 100
107 185 100
107 185 100
107 185 100
107 185 100
107 185 100
107 185 100
107 185 100
107 185 100
107 185 100
107 185 100
107 185 100
107 185 100
107 184 100
107 184 100
107 184 100
107 184 100
107 184 100
107 184 100
107 184 100
107 184 100
107 184 100
107 184 100
107 184 100
107 184 100
107 184 100
107 184 100
107 184 100
107 184 100
107 184 100
107 184 100
107 184 100
107 184 100
107 184 100
107 184 100
107 184 100
107 184 100
107 184 100
107 184 100
107 184 100
107 184 100
107 184 100
107 184 100
107 183 100
107 183 100
107 183 100
107 183 100
107 183 100
107 183 100
107 183 100
107 183 100
107 183 100
107 183 100
107 183 100
107 183 100
107 183 100
107 183 100
107 183 100
107 183 100
107 183 100
107 183 100
107 183 100
107 183 100
107 183 100
107 183 100
107 183 100
107 183 100
107 183 100
107 183 100
107 183 100
107 183 100
107 183 100
107 182 100
107 182 100
107 182 100
107 182 100
107 182 100
107 182 100
107 182 100
107 182 100
107 182 100
107 182 100
107 182 100
107 182 100
107 182 100
107 182 100
107 182 100
107 182 100
107 182 100
107 182 100
107 182 100
107 182 100
107 182 100
107 182 100
107 182 100
107 182 100
107 182 100
107 182 100
107 182 100
107 182 100
107 181 100
107 181 100
107 181 100
107 181 100
107 181 100
107 181 100
107 181 100
107 181 100
107 181 100
107 181 100
107 181 100
107 181 100
107 181 100
107 181 100
107 181 100
107 181 100
107 181 100
107 181 100
107 181 100
107 181 100
107 181 100
107 181 100
107 181 100
107 181 100
107 181 100
107 181 100
107 181 100
107 181 100
107 180 100
107 180 100
107 180 100
107 180 100
107 180 100
107 180 100
107 180 100
107 180 100
107 180 100
107 180 100
107 180 100
107 180 100
107 180 100
107 180 100
107 180 100
107 180 100
107 180 100
107 180 100
107 180 100
107 180 100
107 180 100
107 180 100
107 180 100
107 180 100
107 180 100
107 180 100
107 180 100
107 180 100
107 180 100
107 179 100
107 179 100
107 179 100
107 179 100
107 179 100
107 179 100
107 179 100
107 179 100
107 179 100
107 179 100
107 179 100
107 179 100
107 179 100
107 179 100
107 179 100
107 179 100
107 179 100
107 179 100
107 179 100
107 179 100
107 179 100
107 179 100
107 179 100
107 179 100
107 179 100
107 179 100
107 179 100
107 179 100
107 179 100
107 179 100
107 178 100
107 178 100
107 178 100
107 178 100
107 178 100
107 178 100
107 178 100
107 178 100
107 178 100
107 178 100
107 178 100
107 178 100
107 178 100
107 178 100
107 178 100
107 178 100
107 178 100
107 178 100
107 178 100
107 178 100
107 178 100
107 178 100
107 178 100
107 178 100
107 178 100
107 178 100
107 178 100
107 178 100
107 178 100
107 178 100
107 178 100
107 177 100
107 177 100
107 177 100
107 177 100
107 177 100
107 177 100
107 177 100
107 177 100
107 177 100
107 177 100
107 177 100
107 177 100
107 177 100
107 177 100
107 177 100
107 177 100
107 177 100
107 177 100
107 177 100
107 177 100
107 177 100
107 177 100
107 177 100
107 177 100
107 177 100
107 177 100
107 177 100
107 177 100
107 177 100
107 177 100
107 177 100
107 176 100
107 176 100
107 176 100
107 176 100
107 176 100
107 176 100
107 176 100
107 176 100
107 176 100
107 176 100
107 176 100
107 176 100
107 176 100
107 176 100
107 176 100
107 176 100
107 176 100
107 176 100
107 176 100
107 176 100
107 176 100
107 176 100
107 176 100
107 176 100
107 176 100
107 176 100
107 176 100
107 176 100
107 176 100
107 176 100
107 176 100
107 175 100
107 175 100
107 175 100
107 175 100
107 175 100
107 175 100
107 175 100
107 175 100
107 175 100
107 175 100
107 175 100
107 175 100
107 175 100
107 175 100
107 175 100
107 175 100
107 175 100
107 175 100
107 175 100
107 175 100
107 175 100
107 175 100
107 175 100
107 175 100
107 175 100
107 175 100
107 175 100
107 175 100
107 175 100
107 175 100
107 174 100
107 174 100
107 174 100
107 174 100
107 174 100
107 174 100
107 174 100
107 174 100
107 174 100
107 174 100
107 174 100
107 174 100
107 174 100
107 174 100
107 174 100
107 174 100
107 174 100
107 174 100
107 174 100
107 174 100
107 174 100
107 174 100
107 174 100
107 174 100
107 174 100
107 174 100
107 174 100
107 174 100
107 174 100
107 174 100
107 173 100
107 173 100
107 173 100
107 173 100
107 173 100
107 173 100
107 173 100
107 173 100
107 173 100
107 173 100
107 173 100
107 173 100
107 173 100
107 173 100
107 173 100
107 173 100
107 173 100
107 173 100
107 173 100
107 173 100
107 173 100
107 173 100
107 173 100
107 173 100
107 173 100
107 173 100
107 173 100
107 173 100
107 173 100
107 173 100
107 172 100
107 172 100
107 172 100
107 172 100
107 172 100
107 172 100
107 172 100
107 172 100
107 172 100
107 172 100
107 172 100
107 172 100
107 172 100
107 172 100
107 172 100
107 172 100
107 172 100
107 172 100
107 172 100
107 172 100
107 172 100
107 172 100
107 172 100
107 172 100
107 172 100
107 172 100
107 172 100
107 172 100
107 172 100
107 172 100
107 172 100
107 171 100
107 171 100
107 171 100
107 171 100
107 171 100
107 171 100
107 171 100
107 171 100
107 171 100
107 171 100
107 171 100
107 171 100
107 171 100
107 171 100
107 171 100
107 171 100
107 171 100
107 171 100
107 171 100
107 171 100
107 171 100
107 171 100
107 171 100
107 171 100
107 171 100
107 171 100
107 171 100
107 171 100
107 171 100
107 171 100
107 171 100
107 170 100
107 170 100
107 170 100
107 170 100
107 170 100
107 170 100
107 170 100
107 170 100
107 170 100
107 170 100
107 170 100
107 170 100
107 170 100
107 170 100
107 170 100
107 170 100
107 170 100
107 170 100
107 170 100
107 170 100
107 170 100
107 170 100
107 170 100
107 170 100
107 170 100
107 170 100
107 170 100
107 170 100
107 170 100
107 170 100
107 170 100
107 169 100
107 169 100
107 169 100
107 169 100
107 169 100
107 169 100
107 169 100
107 169 100
107 169 100
107 169 100
107 169 100
107 169 100
107 169 100
107 169 100
107 169 100
107 169 100
107 169 100
107 169 100
107 169 100
107 169 100
107 169 100
107 169 100
107 169 100
107 169 100
107 169 100
107 169 100
107 169 100
107 169 100
107 169 100
107 169 100
107 169 100
107 169 100
107 168 100
107 168 100
107 168 100
107 168 100
107 168 100
107 168 100
107 168 100
107 168 100
107 168 100
107 168 100
107 168 100
107 168 100
107 168 100
107 168 100
107 168 100
107 168 100
107 168 100
107 168 100
107 168 100
107 168 100
107 168 100
107 168 100
107 168 100
107 168 100
107 168 100
107 168 100
107 168 100
107 168 100
107 168 100
107 168 100
107 168 100
107 168 100
107 167 100
107 167 100
107 167 100
107 167 100
107 167 100
107 167 100
107 167 100
107 167 100
107 167 100
107 167 100
107 167 100
107 167 100
107 167 100
107 167 100
107 167 100
107 167 100
107 167 100
107 167 100
107 167 100
107 167 100
107 167 100
107 167 100
107 167 100
107 167 100
107 167 100
107 167 100
107 167 100
107 167 100
107 167 100
107 167 100
107 167 100
107 167 100
107 166 100
107 166 100
107 166 100
107 166 100
107 166 100
107 166 100
107 166 100
107 166 100
107 166 100
107 166 100
107 166 100
107 166 100
107 166 100
107 166 100
107 166 100
107 166 100
107 166 100
107 166 100
107 166 100
107 166 100
107 166 100
107 166 100
107 166 100
107 166 100
107 166 100
107 166 100
107 166 100
107 166 100
107 166 100
107 166 100
107 166 100
107 165 100
107 165 100
107 165 100
107 165 100
107 165 100
107 165 100
107 165 100
107 165 100
107 165 100
107 165 100
107 165 100
107 165 100
107 165 100
107 165 100
107 165 100
107 165 100
107 165 100
107 165 100
107 165 100
107 165 100
107 165 100
107 165 100
107 165 100
107 165 100
107 165 100
107 165 100
107 165 100
107 165 100
107 165 100
107 165 100
107 165 100
107 164 100
107 164 100
107 164 100
107 164 100
107 164 100
107 164 100
107 164 100
107 164 100
107 164 100
107 164 100
107 164 100
107 164 100
107 164 100
107 164 100
107 164 100
107 164 100
107 164 100
107 164 100
107 164 100
107 164 100
107 164 100
107 164 100
107 164 100
107 164 100
107 164 100
107 164 100
107 164 100
107 164 100
107 164 100
107 164 100
107 163 100
107 163 100
107 163 100
107 163 100
107 163 100
107 163 100
107 163 100
107 163 100
107 163 100
107 163 100
107 163 100
107 163 100
107 163 100
107 163 100
107 163 100
107 163 100
107 163 100
107 163 100
107 163 100
107 163 100
107 163 100
107 163 100
107 163 100
107 163 100
107 163 100
107 163 100
107 163 100
107 163 100
107 163 100
107 163 100
107 162 100
107 162 100
107 162 100
107 162 100
107 162 100
107 162 100
107 162 100
107 162 100
107 162 100
107 162 100
107 162 100
107 162 100
107 162 100
107 162 100
107 162 100
107 162 100
107 162 100
107 162 100
107 162 100
107 162 100
107 162 100
107 162 100
107 162 100
107 162 100
107 162 100
107 162 100
107 162 100
107 162 100
107 161 100
107 161 100
107 161 100
107 161 100
107 161 100
107 161 100
107 161 100
107 161 100
107 161 100
107 161 100
107 161 100
107 161 100
107 161 100
107 161 100
107 161 100
107 161 100
107 161 100
107 161 100
107 161 100
107 161 100
107 161 100
107 161 100
107 161 100
107 161 100
107 161 100
107 161 100
107 161 100
107 160 100
107 160 100
107 160 100
107 160 100
107 160 100
107 160 100
107 160 100
107 160 100
107 160 100
107 160 100
107 160 100
107 160 100
107 160 100
107 160 100
107 160 100
107 160 100
107 160 100
107 160 100
107 160 100
107 160 100
107 160 100
107 160 100
107 160 100
107 160 100
107 159 100
107 159 100
107 159 100
107 159 100
107 159 100
107 159 100
107 159 100
107 159 100
107 159 100
107 159 100
107 159 100
107 159 100
107 159 100
107 159 100
107 159 100
107 159 100
107 159 100
107 159 100
107 159 100
107 159 100
107 158 100
107 158 100
107 158 100
107 158 100
107 158 100
107 158 100
107 158 100
107 158 100
107 158 100
107 158 100
107 158 100
107 158 100
107 158 100
107 158 100
107 158 100
107 158 100
107 158 100
107 157 100
107 157 100
107 157 100
107 157 100
107 157 100
107 157 100
107 157 100
107 157 100
107 157 100
107 157 100
107 157 100
107 157 100
107 157 100
107 157 100
107 156 100
107 156 100
107 156 100
107 156 100
107 156 100
107 156 100
107 156 100
107 156 100
107 156 100
107 156 100
107 156 100
107 155 100
107 155 100
107 155 100
107 155 100
107 155 100
107 155 100
107 155 100
107 155 100
107 155 100
107 154 100
107 154 100
107 154 100
107 154 100
107 154 100
107 154 100
107 154 100
107 153 100
107 153 100
107 153 100
107 153 100
107 153 100
107 153 100
107 152 100
107 152 100
107 152 100
107 152 100
107 152 100
107 152 100
107 151 100
107 151 100
107 151 100
107 151 100
107 151 100
107 150 100
107 150 100
107 150 100
107 150 100
107 150 100
107 149 100
107 149 100
107 149 100
107 149 100
107 149 100
107 148 100
107 148 100
107 148 100
107 148 100
107 147 100
107 147 100
107 147 100
107 146 100
107 146 100
107 146 100
107 145 100
107 145 100
107 144 100
107 144 100
107 143 100
107 142 100
107 141 100
107 140 100
107 139 100
107 138 100
107 137 100
107 136 100
107 135 100
107 134 100
# move from (196,174) to (107,133)
196 174 100
196 174 100
195 174 100
195 174 100
194 174 100
194 174 100
193 174 100
193 174 100
192 174 100
192 174 100
192 174 100
191 174 100
191 174 100
191 174 100
191 174 100
190 174 100
190 174 100
190 174 100
190 174 100
190 174 100
189 174 100
189 174 100
189 174 100
189 174 100
189 174 100
189 174 100
188 174 100
188 174 100
188 174 100
188 174 100
188 174 100
188 174 100
188 174 100
187 174 100
187 174 100
187 174 100
187 174 100
187 174 100
187 174 100
187 174 100
186 174 100
186 174 100
186 174 100
186 174 100
186 174 100
186 174 100
186 174 100
185 174 100
185 174 100
185 174 100
185 174 100
185 174 100
185 174 100
185 174 100
184 174 100
184 174 100
184 174 100
184 174 100
184 174 100
184 174 100
183 174 100
183 174 100
183 174 100
183 174 100
183 174 100
183 174 100
182 174 100
182 174 100
182 174 100
182 174 100
182 174 100
182 174 100
181 174 100
181 174 100
181 174 100
181 174 100
181 174 100
181 174 100
180 174 100
180 174 100
180 174 100
180 174 100
180 174 100
180 174 100
179 174 100
179 174 100
179 174 100
179 174 100
179 174 100
179 174 100
179 174 100
178 174 100
178 174 100
178 174 100
178 174 100
178 174 100
178 174 100
178 174 100
178 174 100
178 174 100
177 174 100
177 174 100
177 174 100
177 174 100
177 174 100
177 174 100
177 174 100
177 174 100
177 174 100
177 174 100
176 174 100
176 174 100
176 174 100
176 174 100
176 174 100
176 174 100
176 174 100
176 174 100
176 174 100
176 174 100
176 174 100
175 174 100
175 174 100
175 174 100
175 174 100
175 174 100
175 174 100
175 174 100
175 174 100
175 174 100
175 174 100
175 174 100
175 174 100
174 174 100
174 174 100
174 174 100
174 174 100
174 174 100
174 174 100
174 174 100
174 174 100
174 174 100
174 174 100
174 174 100
174 174 100
173 174 100
173 174 100
173 174 100
173 174 100
173 174 100
173 174 100
173 174 100
173 174 100
173 174 100
173 174 100
173 174 100
172 174 100
172 174 100
172 174 100
172 174 100
172 174 100
172 174 100
172 174 100
172 174 100
172 174 100
172 174 100
171 174 100
171 174 100
171 174 100
171 174 100
171 174 100
171 174 100
171 174 100
171 174 100
170 174 100
170 174 100
170 174 100
170 174 100
170 174 100
170 174 100
170 174 100
169 174 100
169 174 100
169 174 100
169 174 100
169 174 100
169 174 100
168 174 100
168 174 100
168 174 100
168 174 100
168 174 100
168 174 100
167 174 100
167 174 100
167 174 100
167 174 100
167 174 100
167 174 100
166 174 100
166 174 100
166 174 100
166 174 100
166 174 100
166 174 100
165 174 100
165 174 100
165 174 100
165 174 100
165 174 100
165 174 100
164 174 100
164 174 100
164 174 100
164 174 100
164 174 100
164 174 100
164 174 100
163 174 100
163 174 100
163 174 100
163 174 100
163 174 100
163 174 100
163 174 100
162 174 100
162 174 100
162 174 100
162 174 100
162 174 100
162 174 100
162 174 100
162 174 100
161 174 100
161 174 100
161 174 100
161 174 100
161 174 100
161 174 100
161 174 100
161 174 100
160 174 100
160 174 100
160 174 100
160 174 100
160 174 100
160 174 100
160 174 100
160 174 100
160 174 100
159 174 100
159 174 100
159 174 100
159 174 100
159 174 100
159 174 100
159 174 100
159 174 100
158 174 100
158 174 100
158 174 100
158 174 100
158 174 100
158 174 100
158 174 100
158 174 100
157 174 100
157 174 100
157 174 100
157 174 100
157 174 100
157 174 100
157 174 100
156 174 100
156 174 100
156 174 100
156 174 100
156 174 100
155 174 100
155 174 100
155 174 100
155 174 100
154 174 100
154 174 100
154 174 100
153 174 100
153 174 100
153 174 100
152 174 100
152 174 100
151 174 100
151 174 100
150 174 100
150 174 100
149 174 100
149 174 100
148 174 100
148 174 100
147 174 100
147 174 100
146 174 100
146 174 100
146 174 100
145 174 100
145 174 100
145 174 100
144 174 100
144 174 100
143 174 100
143 174 100
142 174 100
142 174 100
141 174 100
141 174 100
140 174 100
140 174 100
139 174 100
139 174 100
138 174 100
138 174 100
137 174 100
137 174 100
136 174 100
136 174 100
136 174 100
135 174 100
135 174 100
135 174 100
134 174 100
134 174 100
134 174 100
134 174 100
133 174 100
133 174 100
133 174 100
133 174 100
133 174 100
132 174 100
132 174 100
132 174 100
132 174 100
132 174 100
132 174 100
132 174 100
131 174 100
131 174 100
131 174 100
131 174 100
131 174 100
131 174 100
131 174 100
131 174 100
130 174 100
130 174 100
130 174 100
130 174 100
130 174 100
130 174 100
130 174 100
130 174 100
129 174 100
129 174 100
129 174 100
129 174 100
129 174 100
129 174 100
129 174 100
129 174 100
128 174 100
128 174 100
128 174 100
128 174 100
128 174 100
128 174 100
128 174 100
128 174 100
127 174 100
127 174 100
127 174 100
127 174 100
127 174 100
127 174 100
127 174 100
127 174 100
126 174 100
126 174 100
126 174 100
126 174 100
126 174 100
126 174 100
126 174 100
126 174 100
125 174 100
125 174 100
125 174 100
125 174 100
125 174 100
125 174 100
125 174 100
125 174 100
125 174 100
124 174 100
124 174 100
124 174 100
124 174 100
124 174 100
124 174 100
124 174 100
124 174 100
124 174 100
124 174 100
123 174 100
123 174 100
123 174 100
123 174 100
123 174 100
123 174 100
123 174 100
123 174 100
123 174 100
123 174 100
123 174 100
122 174 100
122 174 100
122 174 100
122 174 100
122 174 100
122 174 100
122 174 100
122 174 100
122 174 100
122 174 100
122 174 100
122 174 100
122 174 100
121 174 100
121 174 100
121 174 100
121 174 100
121 174 100
121 174 100
121 174 100
121 174 100
121 174 100
121 174 100
121 174 100
121 174 100
121 174 100
121 174 100
121 174 100
120 174 100
120 174 100
120 174 100
120 174 100
120 174 100
120 174 100
120 174 100
120 174 100
120 174 100
120 174 100
120 174 100
120 174 100
120 174 100
120 174 100
120 174 100
120 174 100
119 174 100
119 174 100
119 174 100
119 174 100
119 174 100
119 174 100
119 174 100
119 174 100
119 174 100
119 174 100
119 174 100
119 174 100
119 174 100
119 174 100
119 174 100
119 174 100
118 174 100
118 174 100
118 174 100
118 174 100
118 174 100
118 174 100
118 174 100
118 174 100
118 174 100
118 174 100
118 174 100
118 174 100
118 174 100
118 174 100
118 174 100
118 174 100
117 174 100
117 174 100
117 174 100
117 174 100
117 174 100
117 174 100
117 174 100
117 174 100
117 174 100
117 174 100
117 174 100
117 174 100
117 174 100
117 174 100
117 174 100
116 174 100
116 174 100
116 174 100
116 174 100
116 174 100
116 174 100
116 174 100
116 174 100
116 174 100
116 174 100
116 174 100
116 174 100
116 174 100
116 174 100
116 174 100
115 174 100
115 174 100
115 174 100
115 174 100
115 174 100
115 174 100
115 174 100
115 174 100
115 174 100
115 174 100
115 174 100
115 174 100
115 174 100
115 174 100
115 174 100
115 174 100
114 174 100
114 174 100
114 174 100
114 174 100
114 174 100
114 174 100
114 174 100
114 174 100
114 174 100
114 174 100
114 174 100
114 174 100
114 174 100
114 174 100
114 174 100
114 174 100
114 174 100
114 174 100
113 174 100
113 174 100
113 174 100
113 174 100
113 174 100
113 174 100
113 174 100
113 174 100
113 174 100
113 174 100
113 174 100
113 174 100
113 174 100
113 174 100
113 174 100
113 174 100
113 174 100
113 174 100
113 174 100
113 174 100
112 174 100
112 174 100
112 174 100
112 174 100
112 174 100
112 174 100
112 174 100
112 174 100
112 174 100
112 174 100
112 174 100
112 174 100
112 174 100
112 174 100
112 174 100
112 174 100
112 174 100
112 174 100
112 174 100
112 174 100
112 174 100
112 174 100
112 174 100
111 174 100
111 174 100
111 174 100
111 174 100
111 174 100
111 174 100
111 174 100
111 174 100
111 174 100
111 174 100
111 174 100
111 174 100
111 174 100
111 174 100
111 174 100
111 174 100
111 174 100
111 174 100
111 174 100
111 174 100
111 174 100
111 174 100
111 174 100
111 174 100
111 174 100
110 174 100
110 174 100
110 174 100
110 174 100
110 174 100
110 174 100
110 174 100
110 174 100
110 174 100
110 174 100
110 174 100
110 174 100
110 174 100
110 174 100
110 174 100
110 174 100
110 174 100
110 174 100
110 174 100
110 174 100
110 174 100
110 174 100
110 174 100
110 174 100
110 174 100
110 174 100
110 174 100
109 174 100
109 174 100
109 174 100
109 174 100
109 174 100
109 174 100
109 174 100
109 174 100
109 174 100
109 174 100
109 174 100
109 174 100
109 174 100
109 174 100
109 174 100
109 174 100
109 174 100
109 174 100
109 174 100
109 174 100
109 174 100
109 174 100
109 174 100
109 174 100
109 174 100
109 174 100
109 174 100
109 174 100
109 174 100
108 174 100
108 174 100
108 174 100
108 174 100
108 174 100
108 174 100
108 174 100
108 174 100
108 174 100
108 174 100
108 174 100
108 174 100
108 174 100
108 174 100
108 174 100
108 174 100
108 174 100
108 174 100
108 174 100
108 174 100
108 174 100
108 174 100
108 174 100
108 174 100
108 174 100
108 174 100
108 174 100
108 174 100
108 174 100
108 174 100
# move from (34,47) to (107,133)
34 47 100
35 47 100
36 47 100
37 47 100
38 47 100
39 47 100
40 47 100
41 47 100
42 47 100
43 47 100
44 47 100
45 47 100
46 47 100
47 47 100
48 47 100
49 47 100
50 47 100
51 47 100
52 47 100
53 47 100
54 47 100
54 47 100
55 47 100
55 47 100
56 47 100
56 47 100
57 47 100
57 47 100
58 47 100
58 47 100
59 47 100
59 47 100
60 47 100
60 47 100
61 47 100
61 47 100
62 47 100
62 47 100
63 47 100
63 47 100
63 47 100
64 47 100
64 47 100
64 47 100
64 47 100
65 47 100
65 47 100
65 47 100
65 47 100
65 47 100
66 47 100
66 47 100
66 47 100
66 47 100
66 47 100
66 47 100
67 47 100
67 47 100
67 47 100
67 47 100
67 47 100
67 47 100
67 47 100
68 47 100
68 47 100
68 47 100
68 47 100
68 47 100
68 47 100
68 47 100
68 47 100
69 47 100
69 47 100
69 47 100
69 47 100
69 47 100
69 47 100
69 47 100
69 47 100
70 47 100
70 47 100
70 47 100
70 47 100
70 47 100
70 47 100
70 47 100
71 47 100
71 47 100
71 47 100
71 47 100
71 47 100
71 47 100
71 47 100
72 47 100
72 47 100
72 47 100
72 47 100
72 47 100
72 47 100
73 47 100
73 47 100
73 47 100
73 47 100
73 47 100
73 47 100
74 47 100
74 47 100
74 47 100
74 47 100
74 47 100
74 47 100
75 47 100
75 47 100
75 47 100
75 47 100
75 47 100
75 47 100
76 47 100
76 47 100
76 47 100
76 47 100
76 47 100
76 47 100
77 47 100
77 47 100
77 47 100
77 47 100
77 47 100
77 47 100
77 47 100
78 47 100
78 47 100
78 47 100
78 47 100
78 47 100
78 47 100
78 47 100
78 47 100
79 47 100
79 47 100
79 47 100
79 47 100
79 47 100
79 47 100
79 47 100
79 47 100
80 47 100
80 47 100
80 47 100
80 47 100
80 47 100
80 47 100
80 47 100
80 47 100
80 47 100
81 47 100
81 47 100
81 47 100
81 47 100
81 47 100
81 47 100
81 47 100
81 47 100
81 47 100
82 47 100
82 47 100
82 47 100
82 47 100
82 47 100
82 47 100
82 47 100
82 47 100
83 47 100
83 47 100
83 47 100
83 47 100
83 47 100
83 47 100
83 47 100
84 47 100
84 47 100
84 47 100
84 47 100
84 47 100
84 47 100
84 47 100
85 47 100
85 47 100
85 47 100
85 47 100
85 47 100
85 47 100
86 47 100
86 47 100
86 47 100
86 47 100
86 47 100
86 47 100
87 47 100
87 47 100
87 47 100
87 47 100
87 47 100
87 47 100
88 47 100
88 47 100
88 47 100
88 47 100
88 47 100
88 47 100
88 47 100
89 47 100
89 47 100
89 47 100
89 47 100
89 47 100
89 47 100
89 47 100
90 47 100
90 47 100
90 47 100
90 47 100
90 47 100
90 47 100
90 47 100
91 47 100
91 47 100
91 47 100
91 47 100
91 47 100
91 47 100
92 47 100
92 47 100
92 47 100
92 47 100
92 47 100
92 47 100
93 47 100
93 47 100
93 47 100
93 47 100
93 47 100
94 47 100
94 47 100
94 47 100
94 47 100
95 47 100
95 47 100
95 47 100
95 47 100
96 47 100
96 47 100
96 47 100
96 47 100
97 47 100
97 47 100
97 47 100
97 47 100
98 47 100
98 47 100
98 47 100
98 47 100
98 47 100
99 47 100
99 47 100
99 47 100
99 47 100
99 47 100
100 47 100
100 47 100
100 47 100
100 47 100
100 47 100
101 47 100
101 47 100
101 47 100
101 47 100
101 47 100
102 47 100
102 47 100
102 47 100
102 47 100
102 47 100
103 47 100
103 47 100
103 47 100
103 47 100
104 47 100
104 47 100
104 47 100
105 47 100
105 47 100
105 47 100
106 47 100
106 47 100
# move from (181,30) to (107,133)
181 30 100
180 30 100
179 30 100
178 30 100
178 30 100
177 30 100
177 30 100
176 30 100
176 30 100
175 30 100
174 30 100
173 30 100
173 30 100
172 30 100
172 30 100
171 30 100
171 30 100
170 30 100
170 30 100
169 30 100
169 30 100
168 30 100
168 30 100
167 30 100
167 30 100
166 30 100
166 30 100
165 30 100
165 30 100
164 30 100
164 30 100
163 30 100
163 30 100
162 30 100
162 30 100
161 30 100
161 30 100
160 30 100
160 30 100
159 30 100
159 30 100
158 30 100
157 30 100
156 30 100
155 30 100
154 30 100
153 30 100
152 30 100
151 30 100
151 30 100
150 30 100
150 30 100
149 30 100
149 30 100
149 30 100
148 30 100
148 30 100
148 30 100
147 30 100
147 30 100
147 30 100
147 30 100
146 30 100
146 30 100
146 30 100
146 30 100
145 30 100
145 30 100
145 30 100
145 30 100
144 30 100
144 30 100
144 30 100
143 30 100
143 30 100
143 30 100
142 30 100
142 30 100
141 30 100
141 30 100
140 30 100
140 30 100
139 30 100
139 30 100
139 30 100
138 30 100
138 30 100
138 30 100
137 30 100
137 30 100
137 30 100
136 30 100
136 30 100
136 30 100
136 30 100
135 30 100
135 30 100
135 30 100
135 30 100
134 30 100
134 30 100
134 30 100
133 30 100
133 30 100
133 30 100
132 30 100
132 30 100
131 30 100
131 30 100
130 30 100
130 30 100
129 30 100
129 30 100
128 30 100
127 30 100
126 30 100
125 30 100
124 30 100
123 30 100
122 30 100
121 30 100
120 30 100
119 30 100
118 30 100
117 30 100
116 30 100
115 30 100
114 30 100
113 30 100
112 30 100
111 30 100
110 30 100
109 30 100
108 30 100
# move from (83,94) to (107,133)
83 94 100
83 94 100
83 94 100
83 94 100
83 94 100
83 94 100
83 94 100
83 94 100
83 94 100
83 94 100
83 94 100
83 94 100
83 94 100
83 94 100
83 94 100
83 94 100
83 94 100
83 94 100
83 94 100
83 94 100
83 94 100
83 94 100
83 94 100
84 94 100
84 94 100
84 94 100
84 94 100
84 94 100
84 94 100
84 94 100
84 94 100
84 94 100
84 94 100
84 94 100
84 94 100
84 94 100
84 94 100
84 94 100
84 94 100
84 94 100
84 94 100
84 94 100
84 94 100
84 94 100
85 94 100
85 94 100
85 94 100
85 94 100
85 94 100
85 94 100
85 94 100
85 94 100
85 94 100
85 94 100
85 94 100
85 94 100
85 94 100
85 94 100
85 94 100
85 94 100
85 94 100
85 94 100
85 94 100
85 94 100
85 94 100
86 94 100
86 94 100
86 94 100
86 94 100
86 94 100
86 94 100
86 94 100
86 94 100
86 94 100
86 94 100
86 94 100
86 94 100
86 94 100
86 94 100
86 94 100
86 94 100
86 94 100
86 94 100
86 94 100
86 94 100
87 94 100
87 94 100
87 94 100
87 94 100
87 94 100
87 94 100
87 94 100
87 94 100
87 94 100
87 94 100
87 94 100
87 94 100
87 94 100
87 94 100
87 94 100
87 94 100
87 94 100
87 94 100
87 94 100
87 94 100
87 94 100
88 94 100
88 94 100
88 94 100
88 94 100
88 94 100
88 94 100
88 94 100
88 94 100
88 94 100
88 94 100
88 94 100
88 94 100
88 94 100
88 94 100
88 94 100
88 94 100
88 94 100
88 94 100
88 94 100
88 94 100
88 94 100
89 94 100
89 94 100
89 94 100
89 94 100
89 94 100
89 94 100
89 94 100
89 94 100
89 94 100
89 94 100
89 94 100
89 94 100
89 94 100
89 94 100
89 94 100
89 94 100
89 94 100
89 94 100
89 94 100
89 94 100
89 94 100
89 94 100
90 94 100
90 94 100
90 94 100
90 94 100
90 94 100
90 94 100
90 94 100
90 94 100
90 94 100
90 94 100
90 94 100
90 94 100
90 94 100
90 94 100
90 94 100
90 94 100
90 94 100
90 94 100
90 94 100
90 94 100
90 94 100
90 94 100
91 94 100
91 94 100
91 94 100
91 94 100
91 94 100
91 94 100
91 94 100
91 94 100
91 94 100
91 94 100
91 94 100
91 94 100
91 94 100
91 94 100
91 94 100
91 94 100
91 94 100
91 94 100
91 94 100
91 94 100
91 94 100
92 94 100
92 94 100
92 94 100
92 94 100
92 94 100
92 94 100
92 94 100
92 94 100
92 94 100
92 94 100
92 94 100
92 94 100
92 94 100
92 94 100
92 94 100
92 94 100
92 94 100
92 94 100
92 94 100
93 94 100
93 94 100
93 94 100
93 94 100
93 94 100
93 94 100
93 94 100
93 94 100
93 94 100
93 94 100
93 94 100
93 94 100
93 94 100
93 94 100
93 94 100
93 94 100
93 94 100
94 94 100
94 94 100
94 94 100
94 94 100
94 94 100
94 94 100
94 94 100
94 94 100
94 94 100
94 94 100
94 94 100
94 94 100
94 94 100
94 94 100
94 94 100
95 94 100
95 94 100
95 94 100
95 94 100
95 94 100
95 94 100
95 94 100
95 94 100
95 94 100
95 94 100
95 94 100
95 94 100
95 94 100
95 94 100
96 94 100
96 94 100
96 94 100
96 94 100
96 94 100
96 94 100
96 94 100
96 94 100
96 94 100
96 94 100
96 94 100
96 94 100
96 94 100
97 94 100
97 94 100
97 94 100
97 94 100
97 94 100
97 94 100
97 94 100
97 94 100
97 94 100
97 94 100
97 94 100
97 94 100
98 94 100
98 94 100
98 94 100
98 94 100
98 94 100
98 94 100
98 94 100
98 94 100
98 94 100
98 94 100
98 94 100
98 94 100
99 94 100
99 94 100
99 94 100
99 94 100
99 94 100
99 94 100
99 94 100
99 94 100
99 94 100
99 94 100
99 94 100
99 94 100
100 94 100
100 94 100
100 94 100
100 94 100
100 94 100
100 94 100
100 94 100
100 94 100
100 94 100
100 94 100
100 94 100
101 94 100
101 94 100
101 94 100
101 94 100
101 94 100
101 94 100
101 94 100
101 94 100
101 94 100
101 94 100
102 94 100
102 94 100
102 94 100
102 94 100
102 94 100
102 94 100
102 94 100
102 94 100
102 94 100
103 94 100
103 94 100
103 94 100
103 94 100
103 94 100
103 94 100
103 94 100
103 94 100
104 94 100
104 94 100
104 94 100
104 94 100
104 94 100
104 94 100
104 94 100
105 94 100
105 94 100
105 94 100
105 94 100
105 94 100
105 94 100
105 94 100
106 94 100
106 94 100
106 94 100
106 94 100
106 94 100
106 94 100
106 94 100
# move from (40,5) to (107,133)
40 5 100
40 5 100
40 5 100
40 5 100
40 5 100
40 5 100
40 5 100
40 5 100
40 5 100
40 5 100
40 5 100
40 5 100
40 5 100
41 5 100
41 5 100
41 5 100
41 5 100
41 5 100
41 5 100
41 5 100
41 5 100
41 5 100
41 5 100
41 5 100
41 5 100
41 5 100
41 5 100
42 5 100
42 5 100
42 5 100
42 5 100
42 5 100
42 5 100
42 5 100
42 5 100
42 5 100
42 5 100
42 5 100
42 5 100
42 5 100
42 5 100
42 5 100
42 5 100
43 5 100
43 5 100
43 5 100
43 5 100
43 5 100
43 5 100
43 5 100
43 5 100
43 5 100
43 5 100
43 5 100
43 5 100
43 5 100
43 5 100
43 5 100
43 5 100
43 5 100
44 5 100
44 5 100
44 5 100
44 5 100
44 5 100
44 5 100
44 5 100
44 5 100
44 5 100
44 5 100
44 5 100
44 5 100
44 5 100
44 5 100
44 5 100
44 5 100
44 5 100
44 5 100
45 5 100
45 5 100
45 5 100
45 5 100
45 5 100
45 5 100
45 5 100
45 5 100
45 5 100
45 5 100
45 5 100
45 5 100
45 5 100
45 5 100
45 5 100
45 5 100
45 5 100
45 5 100
46 5 100
46 5 100
46 5 100
46 5 100
46 5 100
46 5 100
46 5 100
46 5 100
46 5 100
46 5 100
46 5 100
46 5 100
46 5 100
46 5 100
46 5 100
46 5 100
46 5 100
46 5 100
47 5 100
47 5 100
47 5 100
47 5 100
47 5 100
47 5 100
47 5 100
47 5 100
47 5 100
47 5 100
47 5 100
47 5 100
47 5 100
47 5 100
47 5 100
47 5 100
47 5 100
48 5 100
48 5 100
48 5 100
48 5 100
48 5 100
48 5 100
48 5 100
48 5 100
48 5 100
48 5 100
48 5 100
48 5 100
48 5 100
48 5 100
48 5 100
48 5 100
49 5 100
49 5 100
49 5 100
49 5 100
49 5 100
49 5 100
49 5 100
49 5 100
49 5 100
49 5 100
49 5 100
49 5 100
49 5 100
49 5 100
49 5 100
49 5 100
50 5 100
50 5 100
50 5 100
50 5 100
50 5 100
50 5 100
50 5 100
50 5 100
50 5 100
50 5 100
50 5 100
50 5 100
50 5 100
50 5 100
50 5 100
50 5 100
51 5 100
51 5 100
51 5 100
51 5 100
51 5 100
51 5 100
51 5 100
51 5 100
51 5 100
51 5 100
51 5 100
51 5 100
51 5 100
51 5 100
51 5 100
51 5 100
52 5 100
52 5 100
52 5 100
52 5 100
52 5 100
52 5 100
52 5 100
52 5 100
52 5 100
52 5 100
52 5 100
52 5 100
52 5 100
52 5 100
52 5 100
52 5 100
52 5 100
52 5 100
53 5 100
53 5 100
53 5 100
53 5 100
53 5 100
53 5 100
53 5 100
53 5 100
53 5 100
53 5 100
53 5 100
53 5 100
53 5 100
53 5 100
53 5 100
53 5 100
53 5 100
53 5 100
53 5 100
53 5 100
54 5 100
54 5 100
54 5 100
54 5 100
54 5 100
54 5 100
54 5 100
54 5 100
54 5 100
54 5 100
54 5 100
54 5 100
54 5 100
54 5 100
54 5 100
54 5 100
54 5 100
54 5 100
54 5 100
54 5 100
54 5 100
54 5 100
55 5 100
55 5 100
55 5 100
55 5 100
55 5 100
55 5 100
55 5 100
55 5 100
55 5 100
55 5 100
55 5 100
55 5 100
55 5 100
55 5 100
55 5 100
55 5 100
55 5 100
55 5 100
55 5 100
55 5 100
55 5 100
55 5 100
55 5 100
55 5 100
55 5 100
56 5 100
56 5 100
56 5 100
56 5 100
56 5 100
56 5 100
56 5 100
56 5 100
56 5 100
56 5 100
56 5 100
56 5 100
56 5 100
56 5 100
56 5 100
56 5 100
56 5 100
56 5 100
56 5 100
56 5 100
56 5 100
56 5 100
56 5 100
56 5 100
56 5 100
56 5 100
56 5 100
56 5 100
57 5 100
57 5 100
57 5 100
57 5 100
57 5 100
57 5 100
57 5 100
57 5 100
57 5 100
57 5 100
57 5 100
57 5 100
57 5 100
57 5 100
57 5 100
57 5 100
57 5 100
57 5 100
57 5 100
57 5 100
57 5 100
57 5 100
57 5 100
57 5 100
57 5 100
57 5 100
57 5 100
57 5 100
57 5 100
57 5 100
58 5 100
58 5 100
58 5 100
58 5 100
58 5 100
58 5 100
58 5 100
58 5 100
58 5 100
58 5 100
58 5 100
58 5 100
58 5 100
58 5 100
58 5 100
58 5 100
58 5 100
58 5 100
58 5 100
58 5 100
58 5 100
58 5 100
58 5 100
58 5 100
58 5 100
58 5 100
58 5 100
58 5 100
58 5 100
58 5 100
58 5 100
59 5 100
59 5 100
59 5 100
59 5 100
59 5 100
59 5 100
59 5 100
59 5 100
59 5 100
59 5 100
59 5 100
59 5 100
59 5 100
59 5 100
59 5 100
59 5 100
59 5 100
59 5 100
59 5 100
59 5 100
59 5 100
59 5 100
59 5 100
59 5 100
59 5 100
59 5 100
59 5 100
59 5 100
59 5 100
59 5 100
59 5 100
60 5 100
60 5 100
60 5 100
60 5 100
60 5 100
60 5 100
60 5 100
60 5 100
60 5 100
60 5 100
60 5 100
60 5 100
60 5 100
60 5 100
60 5 100
60 5 100
60 5 100
60 5 100
60 5 100
60 5 100
60 5 100
60 5 100
60 5 100
60 5 100
60 5 100
60 5 100
60 5 100
60 5 100
60 5 100
60 5 100
61 5 100
61 5 100
61 5 100
61 5 100
61 5 100
61 5 100
61 5 100
61 5 100
61 5 100
61 5 100
61 5 100
61 5 100
61 5 100
61 5 100
61 5 100
61 5 100
61 5 100
61 5 100
61 5 100
61 5 100
61 5 100
61 5 100
61 5 100
61 5 100
61 5 100
61 5 100
61 5 100
61 5 100
61 5 100
62 5 100
62 5 100
62 5 100
62 5 100
62 5 100
62 5 100
62 5 100
62 5 100
62 5 100
62 5 100
62 5 100
62 5 100
62 5 100
62 5 100
62 5 100
62 5 100
62 5 100
62 5 100
62 5 100
62 5 100
62 5 100
62 5 100
62 5 100
62 5 100
62 5 100
62 5 100
62 5 100
62 5 100
62 5 100
63 5 100
63 5 100
63 5 100
63 5 100
63 5 100
63 5 100
63 5 100
63 5 100
63 5 100
63 5 100
63 5 100
63 5 100
63 5 100
63 5 100
63 5 100
63 5 100
63 5 100
63 5 100
63 5 100
63 5 100
63 5 100
63 5 100
63 5 100
63 5 100
63 5 100
63 5 100
63 5 100
63 5 100
64 5 100
64 5 100
64 5 100
64 5 100
64 5 100
64 5 100
64 5 100
64 5 100
64 5 100
64 5 100
64 5 100
64 5 100
64 5 100
64 5 100
64 5 100
64 5 100
64 5 100
64 5 100
64 5 100
64 5 100
64 5 100
64 5 100
64 5 100
64 5 100
64 5 100
64 5 100
64 5 100
64 5 100
65 5 100
65 5 100
65 5 100
65 5 100
65 5 100
65 5 100
65 5 100
65 5 100
65 5 100
65 5 100
65 5 100
65 5 100
65 5 100
65 5 100
65 5 100
65 5 100
65 5 100
65 5 100
65 5 100
65 5 100
65 5 100
65 5 100
65 5 100
65 5 100
65 5 100
65 5 100
65 5 100
65 5 100
65 5 100
66 5 100
66 5 100
66 5 100
66 5 100
66 5 100
66 5 100
66 5 100
66 5 100
66 5 100
66 5 100
66 5 100
66 5 100
66 5 100
66 5 100
66 5 100
66 5 100
66 5 100
66 5 100
66 5 100
66 5 100
66 5 100
66 5 100
66 5 100
66 5 100
66 5 100
66 5 100
66 5 100
66 5 100
66 5 100
66 5 100
66 5 100
67 5 100
67 5 100
67 5 100
67 5 100
67 5 100
67 5 100
67 5 100
67 5 100
67 5 100
67 5 100
67 5 100
67 5 100
67 5 100
67 5 100
67 5 100
67 5 100
67 5 100
67 5 100
67 5 100
67 5 100
67 5 100
67 5 100
67 5 100
67 5 100
67 5 100
67 5 100
67 5 100
67 5 100
67 5 100
67 5 100
67 5 100
67 5 100
67 5 100
68 5 100
68 5 100
68 5 100
68 5 100
68 5 100
68 5 100
68 5 100
68 5 100
68 5 100
68 5 100
68 5 100
68 5 100
68 5 100
68 5 100
68 5 100
68 5 100
68 5 100
68 5 100
68 5 100
68 5 100
68 5 100
68 5 100
68 5 100
68 5 100
68 5 100
68 5 100
68 5 100
68 5 100
68 5 100
68 5 100
68 5 100
68 5 100
68 5 100
68 5 100
68 5 100
69 5 100
69 5 100
69 5 100
69 5 100
69 5 100
69 5 100
69 5 100
69 5 100
69 5 100
69 5 100
69 5 100
69 5 100
69 5 100
69 5 100
69 5 100
69 5 100
69 5 100
69 5 100
69 5 100
69 5 100
69 5 100
69 5 100
69 5 100
69 5 100
69 5 100
69 5 100
69 5 100
69 5 100
69 5 100
69 5 100
69 5 100
69 5 100
69 5 100
69 5 100
69 5 100
69 5 100
69 5 100
70 5 100
70 5 100
70 5 100
70 5 100
70 5 100
70 5 100
70 5 100
70 5 100
70 5 100
70 5 100
70 5 100
70 5 100
70 5 100
70 5 100
70 5 100
70 5 100
70 5 100
70 5 100
70 5 100
70 5 100
70 5 100
70 5 100
70 5 100
70 5 100
70 5 100
70 5 100
70 5 100
70 5 100
70 5 100
70 5 100
70 5 100
70 5 100
70 5 100
70 5 100
70 5 100
70 5 100
70 5 100
70 5 100
70 5 100
71 5 100
71 5 100
71 5 100
71 5 100
71 5 100
71 5 100
71 5 100
71 5 100
71 5 100
71 5 100
71 5 100
71 5 100
71 5 100
71 5 100
71 5 100
71 5 100
71 5 100
71 5 100
71 5 100
71 5 100
71 5 100
71 5 100
71 5 100
71 5 100
71 5 100
71 5 100
71 5 100
71 5 100
71 5 100
71 5 100
71 5 100
71 5 100
71 5 100
71 5 100
71 5 100
71 5 100
71 5 100
71 5 100
71 5 100
72 5 100
72 5 100
72 5 100
72 5 100
72 5 100
72 5 100
72 5 100
72 5 100
72 5 100
72 5 100
72 5 100
72 5 100
72 5 100
72 5 100
72 5 100
72 5 100
72 5 100
72 5 100
72 5 100
72 5 100
72 5 100
72 5 100
72 5 100
72 5 100
72 5 100
72 5 100
72 5 100
72 5 100
72 5 100
72 5 100
72 5 100
72 5 100
72 5 100
72 5 100
72 5 100
72 5 100
72 5 100
72 5 100
72 5 100
73 5 100
73 5 100
73 5 100
73 5 100
73 5 100
73 5 100
73 5 100
73 5 100
73 5 100
73 5 100
73 5 100
73 5 100
73 5 100
73 5 100
73 5 100
73 5 100
73 5 100
73 5 100
73 5 100
73 5 100
73 5 100
73 5 100
73 5 100
73 5 100
73 5 100
73 5 100
73 5 100
73 5 100
73 5 100
73 5 100
73 5 100
73 5 100
73 5 100
73 5 100
73 5 100
73 5 100
73 5 100
73 5 100
74 5 100
74 5 100
74 5 100
74 5 100
74 5 100
74 5 100
74 5 100
74 5 100
74 5 100
74 5 100
74 5 100
74 5 100
74 5 100
74 5 100
74 5 100
74 5 100
74 5 100
74 5 100
74 5 100
74 5 100
74 5 100
74 5 100
74 5 100
74 5 100
74 5 100
74 5 100
74 5 100
74 5 100
74 5 100
74 5 100
74 5 100
74 5 100
74 5 100
74 5 100
74 5 100
74 5 100
74 5 100
75 5 100
75 5 100
75 5 100
75 5 100
75 5 100
75 5 100
75 5 100
75 5 100
75 5 100
75 5 100
75 5 100
75 5 100
75 5 100
75 5 100
75 5 100
75 5 100
75 5 100
75 5 100
75 5 100
75 5 100
75 5 100
75 5 100
75 5 100
75 5 100
75 5 100
75 5 100
75 5 100
75 5 100
75 5 100
75 5 100
75 5 100
75 5 100
75 5 100
75 5 100
75 5 100
76 5 100
76 5 100
76 5 100
76 5 100
76 5 100
76 5 100
76 5 100
76 5 100
76 5 100
76 5 100
76 5 100
76 5 100
76 5 100
76 5 100
76 5 100
76 5 100
76 5 100
76 5 100
76 5 100
76 5 100
76 5 100
76 5 100
76 5 100
76 5 100
76 5 100
76 5 100
76 5 100
76 5 100
76 5 100
76 5 100
76 5 100
76 5 100
76 5 100
77 5 100
77 5 100
77 5 100
77 5 100
77 5 100
77 5 100
77 5 100
77 5 100
77 5 100
77 5 100
77 5 100
77 5 100
77 5 100
77 5 100
77 5 100
77 5 100
77 5 100
77 5 100
77 5 100
77 5 100
77 5 100
77 5 100
77 5 100
77 5 100
77 5 100
77 5 100
77 5 100
77 5 100
77 5 100
77 5 100
77 5 100
78 5 100
78 5 100
78 5 100
78 5 100
78 5 100
78 5 100
78 5 100
78 5 100
78 5 100
78 5 100
78 5 100
78 5 100
78 5 100
78 5 100
78 5 100
78 5 100
78 5 100
78 5 100
78 5 100
78 5 100
78 5 100
78 5 100
78 5 100
78 5 100
78 5 100
78 5 100
78 5 100
78 5 100
78 5 100
78 5 100
79 5 100
79 5 100
79 5 100
79 5 100
79 5 100
79 5 100
79 5 100
79 5 100
79 5 100
79 5 100
79 5 100
79 5 100
79 5 100
79 5 100
79 5 100
79 5 100
79 5 100
79 5 100
79 5 100
79 5 100
79 5 100
79 5 100
79 5 100
79 5 100
79 5 100
79 5 100
79 5 100
79 5 100
79 5 100
79 5 100
80 5 100
80 5 100
80 5 100
80 5 100
80 5 100
80 5 100
80 5 100
80 5 100
80 5 100
80 5 100
80 5 100
80 5 100
80 5 100
80 5 100
80 5 100
80 5 100
80 5 100
80 5 100
80 5 100
80 5 100
80 5 100
80 5 100
80 5 100
80 5 100
80 5 100
80 5 100
80 5 100
80 5 100
80 5 100
80 5 100
80 5 100
81 5 100
81 5 100
81 5 100
81 5 100
81 5 100
81 5 100
81 5 100
81 5 100
81 5 100
81 5 100
81 5 100
81 5 100
81 5 100
81 5 100
81 5 100
81 5 100
81 5 100
81 5 100
81 5 100
81 5 100
81 5 100
81 5 100
81 5 100
81 5 100
81 5 100
81 5 100
81 5 100
81 5 100
81 5 100
81 5 100
81 5 100
81 5 100
82 5 100
82 5 100
82 5 100
82 5 100
82 5 100
82 5 100
82 5 100
82 5 100
82 5 100
82 5 100
82 5 100
82 5 100
82 5 100
82 5 100
82 5 100
82 5 100
82 5 100
82 5 100
82 5 100
82 5 100
82 5 100
82 5 100
82 5 100
82 5 100
82 5 100
82 5 100
82 5 100
82 5 100
82 5 100
82 5 100
82 5 100
82 5 100
83 5 100
83 5 100
83 5 100
83 5 100
83 5 100
83 5 100
83 5 100
83 5 100
83 5 100
83 5 100
83 5 100
83 5 100
83 5 100
83 5 100
83 5 100
83 5 100
83 5 100
83 5 100
83 5 100
83 5 100
83 5 100
83 5 100
83 5 100
83 5 100
83 5 100
83 5 100
83 5 100
83 5 100
83 5 100
83 5 100
83 5 100
83 5 100
84 5 100
84 5 100
84 5 100
84 5 100
84 5 100
84 5 100
84 5 100
84 5 100
84 5 100
84 5 100
84 5 100
84 5 100
84 5 100
84 5 100
84 5 100
84 5 100
84 5 100
84 5 100
84 5 100
84 5 100
84 5 100
84 5 100
84 5 100
84 5 100
84 5 100
84 5 100
84 5 100
84 5 100
84 5 100
84 5 100
84 5 100
85 5 100
85 5 100
85 5 100
85 5 100
85 5 100
85 5 100
85 5 100
85 5 100
85 5 100
85 5 100
85 5 100
85 5 100
85 5 100
85 5 100
85 5 100
85 5 100
85 5 100
85 5 100
85 5 100
85 5 100
85 5 100
85 5 100
85 5 100
85 5 100
85 5 100
85 5 100
85 5 100
85 5 100
85 5 100
85 5 100
86 5 100
86 5 100
86 5 100
86 5 100
86 5 100
86 5 100
86 5 100
86 5 100
86 5 100
86 5 100
86 5 100
86 5 100
86 5 100
86 5 100
86 5 100
86 5 100
86 5 100
86 5 100
86 5 100
86 5 100
86 5 100
86 5 100
86 5 100
86 5 100
86 5 100
86 5 100
86 5 100
86 5 100
87 5 100
87 5 100
87 5 100
87 5 100
87 5 100
87 5 100
87 5 100
87 5 100
87 5 100
87 5 100
87 5 100
87 5 100
87 5 100
87 5 100
87 5 100
87 5 100
87 5 100
87 5 100
87 5 100
87 5 100
87 5 100
87 5 100
87 5 100
87 5 100
87 5 100
88 5 100
88 5 100
88 5 100
88 5 100
88 5 100
88 5 100
88 5 100
88 5 100
88 5 100
88 5 100
88 5 100
88 5 100
88 5 100
88 5 100
88 5 100
88 5 100
88 5 100
88 5 100
88 5 100
88 5 100
88 5 100
89 5 100
89 5 100
89 5 100
89 5 100
89 5 100
89 5 100
89 5 100
89 5 100
89 5 100
89 5 100
89 5 100
89 5 100
89 5 100
89 5 100
89 5 100
89 5 100
89 5 100
89 5 100
90 5 100
90 5 100
90 5 100
90 5 100
90 5 100
90 5 100
90 5 100
90 5 100
90 5 100
90 5 100
90 5 100
90 5 100
90 5 100
90 5 100
90 5 100
91 5 100
91 5 100
91 5 100
91 5 100
91 5 100
91 5 100
91 5 100
91 5 100
91 5 100
91 5 100
91 5 100
91 5 100
91 5 100
92 5 100
92 5 100
92 5 100
92 5 100
92 5 100
92 5 100
92 5 100
92 5 100
92 5 100
92 5 100
92 5 100
93 5 100
93 5 100
93 5 100
93 5 100
93 5 100
93 5 100
93 5 100
93 5 100
93 5 100
93 5 100
94 5 100
94 5 100
94 5 100
94 5 100
94 5 100
94 5 100
94 5 100
94 5 100
94 5 100
95 5 100
95 5 100
95 5 100
95 5 100
95 5 100
95 5 100
95 5 100
95 5 100
95 5 100
96 5 100
96 5 100
96 5 100
96 5 100
96 5 100
96 5 100
96 5 100
96 5 100
97 5 100
97 5 100
97 5 100
97 5 100
97 5 100
97 5 100
97 5 100
98 5 100
98 5 100
98 5 100
98 5 100
98 5 100
98 5 100
99 5 100
99 5 100
99 5 100
99 5 100
100 5 100
100 5 100
100 5 100
101 5 100
101 5 100
102 5 100
103 5 100
104 5 100
105 5 100
106 5 100
