# move from (156,54) to (58,36)
156 54 100
155 54 100
154 54 100
153 54 100
152 54 100
151 54 100
150 54 100
150 54 100
149 54 100
149 54 100
148 54 100
148 54 100
148 54 100
147 54 100
147 54 100
147 54 100
147 54 100
146 54 100
146 54 100
146 54 100
146 54 100
145 54 100
145 54 100
145 54 100
145 54 100
145 54 100
144 54 100
144 54 100
144 54 100
144 54 100
143 54 100
143 54 100
143 54 100
143 54 100
142 54 100
142 54 100
142 54 100
141 54 100
141 54 100
141 54 100
140 54 100
140 54 100
140 54 100
139 54 100
139 54 100
138 54 100
138 54 100
137 54 100
137 54 100
136 54 100
136 54 100
135 54 100
134 54 100
133 54 100
132 54 100
131 54 100
130 54 100
129 54 100
128 54 100
127 54 100
126 54 100
125 54 100
124 54 100
123 54 100
122 54 100
121 54 100
120 54 100
119 54 100
118 54 100
117 54 100
116 54 100
116 54 100
115 54 100
115 54 100
114 54 100
114 54 100
114 54 100
113 54 100
113 54 100
113 54 100
113 54 100
112 54 100
112 54 100
112 54 100
112 54 100
112 54 100
111 54 100
111 54 100
111 54 100
111 54 100
111 54 100
110 54 100
110 54 100
110 54 100
110 54 100
110 54 100
109 54 100
109 54 100
109 54 100
109 54 100
109 54 100
108 54 100
108 54 100
108 54 100
108 54 100
107 54 100
107 54 100
107 54 100
106 54 100
106 54 100
105 54 100
105 54 100
104 54 100
103 54 100
102 54 100
101 54 100
100 54 100
99 54 100
98 54 100
97 54 100
96 54 100
95 54 100
94 54 100
93 54 100
92 54 100
91 54 100
90 54 100
89 54 100
88 54 100
88 54 100
87 54 100
87 54 100
86 54 100
86 54 100
86 54 100
85 54 100
85 54 100
85 54 100
85 54 100
84 54 100
84 54 100
84 54 100
84 54 100
84 54 100
83 54 100
83 54 100
83 54 100
83 54 100
83 54 100
83 54 100
83 54 100
82 54 100
82 54 100
82 54 100
82 54 100
82 54 100
82 54 100
82 54 100
82 54 100
82 54 100
82 54 100
81 54 100
81 54 100
81 54 100
81 54 100
81 54 100
81 54 100
81 54 100
81 54 100
81 54 100
81 54 100
81 54 100
81 54 100
80 54 100
80 54 100
80 54 100
80 54 100
80 54 100
80 54 100
80 54 100
80 54 100
80 54 100
80 54 100
80 54 100
80 54 100
80 54 100
79 54 100
79 54 100
79 54 100
79 54 100
79 54 100
79 54 100
79 54 100
79 54 100
79 54 100
79 54 100
79 54 100
79 54 100
79 54 100
78 54 100
78 54 100
78 54 100
78 54 100
78 54 100
78 54 100
78 54 100
78 54 100
78 54 100
78 54 100
78 54 100
78 54 100
78 54 100
77 54 100
77 54 100
77 54 100
77 54 100
77 54 100
77 54 100
77 54 100
77 54 100
77 54 100
77 54 100
77 54 100
76 54 100
76 54 100
76 54 100
76 54 100
76 54 100
76 54 100
76 54 100
76 54 100
76 54 100
75 54 100
75 54 100
75 54 100
75 54 100
75 54 100
75 54 100
75 54 100
74 54 100
74 54 100
74 54 100
74 54 100
74 54 100
74 54 100
73 54 100
73 54 100
73 54 100
73 54 100
72 54 100
72 54 100
72 54 100
71 54 100
71 54 100
70 54 100
70 54 100
69 54 100
68 54 100
67 54 100
66 54 100
65 54 100
64 54 100
63 54 100
62 54 100
61 54 100
60 54 100
59 54 100
58 54 100
58 54 100
58 53 100
58 53 100
58 52 100
58 52 100
58 51 100
58 50 100
58 49 100
58 48 100
58 47 100
58 46 100
58 45 100
58 44 100
58 43 100
58 42 100
58 41 100
58 40 100
58 39 100
58 38 100
58 37 100
58 36 100
# move from (76,167) to (58,36)
76 167 100
75 167 100
74 167 100
73 167 100
72 167 100
71 167 100
70 167 100
69 167 100
68 167 100
67 167 100
66 167 100
65 167 100
64 167 100
63 167 100
62 167 100
61 167 100
61 167 100
60 167 100
60 167 100
59 167 100
59 167 100
59 167 100
58 167 100
58 167 100
58 167 100
58 167 100
58 166 100
58 166 100
58 166 100
58 166 100
58 165 100
58 165 100
58 165 100
58 165 100
58 164 100
58 164 100
58 164 100
58 163 100
58 163 100
58 163 100
58 162 100
58 162 100
58 162 100
58 161 100
58 161 100
58 160 100
58 160 100
58 159 100
58 159 100
58 158 100
58 158 100
58 157 100
58 157 100
58 156 100
58 156 100
58 155 100
58 155 100
58 154 100
58 154 100
58 153 100
58 153 100
58 152 100
58 152 100
58 151 100
58 151 100
58 150 100
58 150 100
58 149 100
58 148 100
58 147 100
58 146 100
58 145 100
58 144 100
58 143 100
58 142 100
58 141 100
58 140 100
58 139 100
58 138 100
58 137 100
58 136 100
58 135 100
58 134 100
58 133 100
58 132 100
58 131 100
58 130 100
58 129 100
58 128 100
58 127 100
58 126 100
58 125 100
58 124 100
58 123 100
58 122 100
58 121 100
58 120 100
58 119 100
58 118 100
58 117 100
58 116 100
58 115 100
58 114 100
58 113 100
58 112 100
58 111 100
58 110 100
58 109 100
58 108 100
58 107 100
58 106 100
58 105 100
58 104 100
58 103 100
58 102 100
58 101 100
58 100 100
58 99 100
58 98 100
58 97 100
58 96 100
58 95 100
58 94 100
58 93 100
58 92 100
58 91 100
58 90 100
58 89 100
58 88 100
58 87 100
58 86 100
58 85 100
58 84 100
58 83 100
58 82 100
58 82 100
58 81 100
58 81 100
58 81 100
58 80 100
58 80 100
58 80 100
58 80 100
58 79 100
58 79 100
58 79 100
58 79 100
58 79 100
58 78 100
58 78 100
58 78 100
58 78 100
58 78 100
58 78 100
58 77 100
58 77 100
58 77 100
58 77 100
58 77 100
58 77 100
58 77 100
58 77 100
58 76 100
58 76 100
58 76 100
58 76 100
58 76 100
58 76 100
58 76 100
58 76 100
58 76 100
58 75 100
58 75 100
58 75 100
58 75 100
58 75 100
58 75 100
58 75 100
58 75 100
58 75 100
58 75 100
58 75 100
58 74 100
58 74 100
58 74 100
58 74 100
58 74 100
58 74 100
58 74 100
58 74 100
58 74 100
58 74 100
58 74 100
58 74 100
58 73 100
58 73 100
58 73 100
58 73 100
58 73 100
58 73 100
58 73 100
58 73 100
58 73 100
58 73 100
58 73 100
58 73 100
58 72 100
58 72 100
58 72 100
58 72 100
58 72 100
58 72 100
58 72 100
58 72 100
58 72 100
58 72 100
58 72 100
58 71 100
58 71 100
58 71 100
58 71 100
58 71 100
58 71 100
58 71 100
58 71 100
58 71 100
58 71 100
58 71 100
58 70 100
58 70 100
58 70 100
58 70 100
58 70 100
58 70 100
58 70 100
58 70 100
58 70 100
58 70 100
58 69 100
58 69 100
58 69 100
58 69 100
58 69 100
58 69 100
58 69 100
58 69 100
58 69 100
58 68 100
58 68 100
58 68 100
58 68 100
58 68 100
58 68 100
58 68 100
58 68 100
58 68 100
58 67 100
58 67 100
58 67 100
58 67 100
58 67 100
58 67 100
58 67 100
58 67 100
58 67 100
58 66 100
58 66 100
58 66 100
58 66 100
58 66 100
58 66 100
58 66 100
58 66 100
58 66 100
58 65 100
58 65 100
58 65 100
58 65 100
58 65 100
58 65 100
58 65 100
58 65 100
58 65 100
58 64 100
58 64 100
58 64 100
58 64 100
58 64 100
58 64 100
58 64 100
58 64 100
58 64 100
58 63 100
58 63 100
58 63 100
58 63 100
58 63 100
58 63 100
58 63 100
58 63 100
58 62 100
58 62 100
58 62 100
58 62 100
58 62 100
58 62 100
58 62 100
58 61 100
58 61 100
58 61 100
58 61 100
58 61 100
58 61 100
58 60 100
58 60 100
58 60 100
58 60 100
58 60 100
58 59 100
58 59 100
58 59 100
58 59 100
58 58 100
58 58 100
58 58 100
58 58 100
58 57 100
58 57 100
58 57 100
58 56 100
58 56 100
58 55 100
58 55 100
# move from (13,183) to (58,36)
13 183 100
14 183 100
15 183 100
16 183 100
17 183 100
18 183 100
19 183 100
20 183 100
21 183 100
22 183 100
22 183 100
23 183 100
23 183 100
24 183 100
24 183 100
24 183 100
25 183 100
25 183 100
25 183 100
25 183 100
26 183 100
26 183 100
26 183 100
26 183 100
26 183 100
26 183 100
27 183 100
27 183 100
27 183 100
27 183 100
27 183 100
27 183 100
27 183 100
28 183 100
28 183 100
28 183 100
28 183 100
28 183 100
28 183 100
28 183 100
28 183 100
29 183 100
29 183 100
29 183 100
29 183 100
29 183 100
29 183 100
29 183 100
29 183 100
29 183 100
30 183 100
30 183 100
30 183 100
30 183 100
30 183 100
30 183 100
30 183 100
30 183 100
30 183 100
31 183 100
31 183 100
31 183 100
31 183 100
31 183 100
31 183 100
31 183 100
31 183 100
31 183 100
32 183 100
32 183 100
32 183 100
32 183 100
32 183 100
32 183 100
32 183 100
32 183 100
32 183 100
33 183 100
33 183 100
33 183 100
33 183 100
33 183 100
33 183 100
33 183 100
34 183 100
34 183 100
34 183 100
34 183 100
34 183 100
35 183 100
35 183 100
35 183 100
35 183 100
36 183 100
36 183 100
36 183 100
37 183 100
37 183 100
38 183 100
39 183 100
40 183 100
41 183 100
42 183 100
43 183 100
44 183 100
45 183 100
46 183 100
47 183 100
48 183 100
49 183 100
50 183 100
51 183 100
51 183 100
52 183 100
52 183 100
53 183 100
53 183 100
53 183 100
54 183 100
54 183 100
54 183 100
54 183 100
55 183 100
55 183 100
55 183 100
55 183 100
55 183 100
56 183 100
56 183 100
56 183 100
56 183 100
56 183 100
56 183 100
57 183 100
57 183 100
57 183 100
57 183 100
57 183 100
57 183 100
58 183 100
58 183 100
58 183 100
58 183 100
58 183 100
58 183 100
58 182 100
58 182 100
58 182 100
58 182 100
58 182 100
58 181 100
58 181 100
58 181 100
58 181 100
58 181 100
58 180 100
58 180 100
58 180 100
58 180 100
58 179 100
58 179 100
58 179 100
58 179 100
58 178 100
58 178 100
58 178 100
58 177 100
58 177 100
58 177 100
58 176 100
58 176 100
58 175 100
58 175 100
58 174 100
58 174 100
58 173 100
58 173 100
58 172 100
58 172 100
58 171 100
58 171 100
58 170 100
58 170 100
58 169 100
58 169 100
58 169 100
58 168 100
58 168 100
58 168 100
# move from (160,162) to (58,36)
160 162 100
159 162 100
158 162 100
157 162 100
156 162 100
155 162 100
154 162 100
153 162 100
152 162 100
151 162 100
150 162 100
149 162 100
148 162 100
147 162 100
146 162 100
145 162 100
144 162 100
143 162 100
142 162 100
141 162 100
140 162 100
139 162 100
138 162 100
137 162 100
136 162 100
135 162 100
134 162 100
133 162 100
132 162 100
131 162 100
130 162 100
129 162 100
128 162 100
127 162 100
126 162 100
125 162 100
124 162 100
123 162 100
122 162 100
121 162 100
120 162 100
119 162 100
119 162 100
118 162 100
118 162 100
117 162 100
116 162 100
115 162 100
114 162 100
113 162 100
112 162 100
111 162 100
110 162 100
109 162 100
108 162 100
107 162 100
106 162 100
105 162 100
104 162 100
103 162 100
102 162 100
101 162 100
100 162 100
99 162 100
98 162 100
97 162 100
96 162 100
95 162 100
94 162 100
93 162 100
92 162 100
91 162 100
90 162 100
89 162 100
88 162 100
87 162 100
86 162 100
85 162 100
84 162 100
83 162 100
82 162 100
81 162 100
80 162 100
79 162 100
78 162 100
77 162 100
76 162 100
75 162 100
74 162 100
73 162 100
72 162 100
71 162 100
70 162 100
69 162 100
68 162 100
67 162 100
66 162 100
65 162 100
64 162 100
63 162 100
62 162 100
61 162 100
60 162 100
60 162 100
59 162 100
59 162 100
