# move from (173,184) to (13,30)
173 184 100
172 184 100
171 184 100
170 184 100
169 184 100
168 184 100
167 184 100
166 184 100
165 184 100
164 184 100
163 184 100
162 184 100
161 184 100
161 184 100
160 184 100
160 184 100
159 184 100
159 184 100
159 184 100
158 184 100
158 184 100
158 184 100
158 184 100
158 184 100
157 184 100
157 184 100
157 184 100
157 184 100
157 184 100
157 184 100
156 184 100
156 184 100
156 184 100
156 184 100
156 184 100
156 184 100
156 184 100
156 184 100
155 184 100
155 184 100
155 184 100
155 184 100
155 184 100
155 184 100
155 184 100
155 184 100
155 184 100
154 184 100
154 184 100
154 184 100
154 184 100
154 184 100
154 184 100
154 184 100
154 184 100
154 184 100
154 184 100
153 184 100
153 184 100
153 184 100
153 184 100
153 184 100
153 184 100
153 184 100
153 184 100
153 184 100
153 184 100
153 184 100
152 184 100
152 184 100
152 184 100
152 184 100
152 184 100
152 184 100
152 184 100
152 184 100
152 184 100
152 184 100
152 184 100
152 184 100
151 184 100
151 184 100
151 184 100
151 184 100
151 184 100
151 184 100
151 184 100
151 184 100
151 184 100
151 184 100
151 184 100
151 184 100
150 184 100
150 184 100
150 184 100
150 184 100
150 184 100
150 184 100
150 184 100
150 184 100
150 184 100
150 184 100
150 184 100
149 184 100
149 184 100
149 184 100
149 184 100
149 184 100
149 184 100
149 184 100
149 184 100
149 184 100
149 184 100
149 184 100
148 184 100
148 184 100
148 184 100
148 184 100
148 184 100
148 184 100
148 184 100
148 184 100
148 184 100
148 184 100
147 184 100
147 184 100
147 184 100
147 184 100
147 184 100
147 184 100
147 184 100
147 184 100
147 184 100
146 184 100
146 184 100
146 184 100
146 184 100
146 184 100
146 184 100
146 184 100
146 184 100
145 184 100
145 184 100
145 184 100
145 184 100
145 184 100
145 184 100
145 184 100
145 184 100
144 184 100
144 184 100
144 184 100
144 184 100
144 184 100
144 184 100
144 184 100
143 184 100
143 184 100
143 184 100
143 184 100
143 184 100
143 184 100
142 184 100
142 184 100
142 184 100
142 184 100
142 184 100
141 184 100
141 184 100
141 184 100
141 184 100
141 184 100
140 184 100
140 184 100
140 184 100
140 184 100
139 184 100
139 184 100
139 184 100
138 184 100
138 184 100
138 184 100
137 184 100
137 184 100
136 184 100
136 184 100
135 184 100
135 184 100
134 184 100
134 184 100
133 184 100
133 184 100
132 184 100
132 184 100
131 184 100
131 184 100
130 184 100
130 184 100
129 184 100
129 184 100
128 184 100
128 184 100
127 184 100
127 184 100
126 184 100
125 184 100
124 184 100
123 184 100
122 184 100
121 184 100
120 184 100
119 184 100
118 184 100
117 184 100
116 184 100
115 184 100
114 184 100
113 184 100
112 184 100
111 184 100
110 184 100
109 184 100
108 184 100
107 184 100
106 184 100
105 184 100
104 184 100
103 184 100
102 184 100
101 184 100
100 184 100
99 184 100
98 184 100
97 184 100
97 184 100
96 184 100
96 184 100
96 184 100
95 184 100
95 184 100
95 184 100
95 184 100
94 184 100
94 184 100
94 184 100
94 184 100
94 184 100
94 184 100
94 184 100
93 184 100
93 184 100
93 184 100
93 184 100
93 184 100
93 184 100
93 184 100
93 184 100
93 184 100
92 184 100
92 184 100
92 184 100
92 184 100
92 184 100
92 184 100
92 184 100
92 184 100
92 184 100
92 184 100
92 184 100
92 184 100
91 184 100
91 184 100
91 184 100
91 184 100
91 184 100
91 184 100
91 184 100
91 184 100
91 184 100
91 184 100
91 184 100
91 184 100
91 184 100
91 184 100
90 184 100
90 184 100
90 184 100
90 184 100
90 184 100
90 184 100
90 184 100
90 184 100
90 184 100
90 184 100
90 184 100
90 184 100
90 184 100
90 184 100
90 184 100
90 184 100
89 184 100
89 184 100
89 184 100
89 184 100
89 184 100
89 184 100
89 184 100
89 184 100
89 184 100
89 184 100
89 184 100
89 184 100
89 184 100
89 184 100
89 184 100
89 184 100
88 184 100
88 184 100
88 184 100
88 184 100
88 184 100
88 184 100
88 184 100
88 184 100
88 184 100
88 184 100
88 184 100
88 184 100
88 184 100
88 184 100
88 184 100
88 184 100
87 184 100
87 184 100
87 184 100
87 184 100
87 184 100
87 184 100
87 184 100
87 184 100
87 184 100
87 184 100
87 184 100
87 184 100
87 184 100
87 184 100
86 184 100
86 184 100
86 184 100
86 184 100
86 184 100
86 184 100
86 184 100
86 184 100
86 184 100
86 184 100
86 184 100
86 184 100
85 184 100
85 184 100
85 184 100
85 184 100
85 184 100
85 184 100
85 184 100
85 184 100
85 184 100
85 184 100
84 184 100
84 184 100
84 184 100
84 184 100
84 184 100
84 184 100
84 184 100
84 184 100
83 184 100
83 184 100
83 184 100
83 184 100
83 184 100
83 184 100
82 184 100
82 184 100
82 184 100
82 184 100
82 184 100
81 184 100
81 184 100
81 184 100
80 184 100
80 184 100
80 184 100
79 184 100
79 184 100
78 184 100
78 184 100
77 184 100
76 184 100
75 184 100
74 184 100
73 184 100
72 184 100
71 184 100
70 184 100
69 184 100
68 184 100
67 184 100
66 184 100
66 184 100
65 184 100
65 184 100
64 184 100
64 184 100
64 184 100
63 184 100
63 184 100
63 184 100
63 184 100
63 184 100
62 184 100
62 184 100
62 184 100
62 184 100
62 184 100
62 184 100
62 184 100
61 184 100
61 184 100
61 184 100
61 184 100
61 184 100
61 184 100
61 184 100
61 184 100
61 184 100
60 184 100
60 184 100
60 184 100
60 184 100
60 184 100
60 184 100
60 184 100
60 184 100
60 184 100
60 184 100
60 184 100
60 184 100
59 184 100
59 184 100
59 184 100
59 184 100
59 184 100
59 184 100
59 184 100
59 184 100
59 184 100
59 184 100
59 184 100
59 184 100
59 184 100
59 184 100
59 184 100
58 184 100
58 184 100
58 184 100
58 184 100
58 184 100
58 184 100
58 184 100
58 184 100
58 184 100
58 184 100
58 184 100
58 184 100
58 184 100
58 184 100
58 184 100
58 184 100
58 184 100
58 184 100
58 184 100
57 184 100
57 184 100
57 184 100
57 184 100
57 184 100
57 184 100
57 184 100
57 184 100
57 184 100
57 184 100
57 184 100
57 184 100
57 184 100
57 184 100
57 184 100
57 184 100
57 184 100
57 184 100
57 184 100
57 184 100
57 184 100
57 184 100
56 184 100
56 184 100
56 184 100
56 184 100
56 184 100
56 184 100
56 184 100
56 184 100
56 184 100
56 184 100
56 184 100
56 184 100
56 184 100
56 184 100
56 184 100
56 184 100
56 184 100
56 184 100
56 184 100
56 184 100
56 184 100
56 184 100
56 184 100
56 184 100
56 184 100
56 184 100
55 184 100
55 184 100
55 184 100
55 184 100
55 184 100
55 184 100
55 184 100
55 184 100
55 184 100
55 184 100
55 184 100
55 184 100
55 184 100
55 184 100
55 184 100
55 184 100
55 184 100
55 184 100
55 184 100
55 184 100
55 184 100
55 184 100
55 184 100
55 184 100
55 184 100
55 184 100
55 184 100
55 184 100
55 184 100
54 184 100
54 184 100
54 184 100
54 184 100
54 184 100
54 184 100
54 184 100
54 184 100
54 184 100
54 184 100
54 184 100
54 184 100
54 184 100
54 184 100
54 184 100
54 184 100
54 184 100
54 184 100
54 184 100
54 184 100
54 184 100
54 184 100
54 184 100
54 184 100
54 184 100
54 184 100
54 184 100
54 184 100
54 184 100
54 184 100
54 184 100
54 184 100
54 184 100
53 184 100
53 184 100
53 184 100
53 184 100
53 184 100
53 184 100
53 184 100
53 184 100
53 184 100
53 184 100
53 184 100
53 184 100
53 184 100
53 184 100
53 184 100
53 184 100
53 184 100
53 184 100
53 184 100
53 184 100
53 184 100
53 184 100
53 184 100
53 184 100
53 184 100
53 184 100
53 184 100
53 184 100
53 184 100
53 184 100
53 184 100
53 184 100
53 184 100
53 184 100
53 184 100
53 184 100
53 184 100
52 184 100
52 184 100
52 184 100
52 184 100
52 184 100
52 184 100
52 184 100
52 184 100
52 184 100
52 184 100
52 184 100
52 184 100
52 184 100
52 184 100
52 184 100
52 184 100
52 184 100
52 184 100
52 184 100
52 184 100
52 184 100
52 184 100
52 184 100
52 184 100
52 184 100
52 184 100
52 184 100
52 184 100
52 184 100
52 184 100
52 184 100
52 184 100
52 184 100
52 184 100
52 184 100
52 184 100
52 184 100
52 184 100
52 184 100
52 184 100
51 184 100
51 184 100
51 184 100
51 184 100
51 184 100
51 184 100
51 184 100
51 184 100
51 184 100
51 184 100
51 184 100
51 184 100
51 184 100
51 184 100
51 184 100
51 184 100
51 184 100
51 184 100
51 184 100
51 184 100
51 184 100
51 184 100
51 184 100
51 184 100
51 184 100
51 184 100
51 184 100
51 184 100
51 184 100
51 184 100
51 184 100
51 184 100
51 184 100
51 184 100
51 184 100
51 184 100
51 184 100
51 184 100
51 184 100
51 184 100
51 184 100
51 184 100
51 184 100
50 184 100
50 184 100
50 184 100
50 184 100
50 184 100
50 184 100
50 184 100
50 184 100
50 184 100
50 184 100
50 184 100
50 184 100
50 184 100
50 184 100
50 184 100
50 184 100
50 184 100
50 184 100
50 184 100
50 184 100
50 184 100
50 184 100
50 184 100
50 184 100
50 184 100
50 184 100
50 184 100
50 184 100
50 184 100
50 184 100
50 184 100
50 184 100
50 184 100
50 184 100
50 184 100
50 184 100
50 184 100
50 184 100
50 184 100
50 184 100
50 184 100
50 184 100
50 184 100
50 184 100
50 184 100
49 184 100
49 184 100
49 184 100
49 184 100
49 184 100
49 184 100
49 184 100
49 184 100
49 184 100
49 184 100
49 184 100
49 184 100
49 184 100
49 184 100
49 184 100
49 184 100
49 184 100
49 184 100
49 184 100
49 184 100
49 184 100
49 184 100
49 184 100
49 184 100
49 184 100
49 184 100
49 184 100
49 184 100
49 184 100
49 184 100
49 184 100
49 184 100
49 184 100
49 184 100
49 184 100
49 184 100
49 184 100
49 184 100
49 184 100
49 184 100
49 184 100
49 184 100
49 184 100
49 184 100
49 184 100
49 184 100
49 184 100
48 184 100
48 184 100
48 184 100
48 184 100
48 184 100
48 184 100
48 184 100
48 184 100
48 184 100
48 184 100
48 184 100
48 184 100
48 184 100
48 184 100
48 184 100
48 184 100
48 184 100
48 184 100
48 184 100
48 184 100
48 184 100
48 184 100
48 184 100
48 184 100
48 184 100
48 184 100
48 184 100
48 184 100
48 184 100
48 184 100
48 184 100
48 184 100
48 184 100
48 184 100
48 184 100
48 184 100
48 184 100
48 184 100
48 184 100
48 184 100
48 184 100
48 184 100
48 184 100
48 184 100
48 184 100
48 184 100
48 184 100
48 184 100
47 184 100
47 184 100
47 184 100
47 184 100
47 184 100
47 184 100
47 184 100
47 184 100
47 184 100
47 184 100
47 184 100
47 184 100
47 184 100
47 184 100
47 184 100
47 184 100
47 184 100
47 184 100
47 184 100
47 184 100
47 184 100
47 184 100
47 184 100
47 184 100
47 184 100
47 184 100
47 184 100
47 184 100
47 184 100
47 184 100
47 184 100
47 184 100
47 184 100
47 184 100
47 184 100
47 184 100
47 184 100
47 184 100
47 184 100
47 184 100
47 184 100
47 184 100
47 184 100
47 184 100
47 184 100
47 184 100
47 184 100
47 184 100
46 184 100
46 184 100
46 184 100
46 184 100
46 184 100
46 184 100
46 184 100
46 184 100
46 184 100
46 184 100
46 184 100
46 184 100
46 184 100
46 184 100
46 184 100
46 184 100
46 184 100
46 184 100
46 184 100
46 184 100
46 184 100
46 184 100
46 184 100
46 184 100
46 184 100
46 184 100
46 184 100
46 184 100
46 184 100
46 184 100
46 184 100
46 184 100
46 184 100
46 184 100
46 184 100
46 184 100
46 184 100
46 184 100
46 184 100
46 184 100
46 184 100
46 184 100
46 184 100
46 184 100
46 184 100
46 184 100
46 184 100
46 184 100
45 184 100
45 184 100
45 184 100
45 184 100
45 184 100
45 184 100
45 184 100
45 184 100
45 184 100
45 184 100
45 184 100
45 184 100
45 184 100
45 184 100
45 184 100
45 184 100
45 184 100
45 184 100
45 184 100
45 184 100
45 184 100
45 184 100
45 184 100
45 184 100
45 184 100
45 184 100
45 184 100
45 184 100
45 184 100
45 184 100
45 184 100
45 184 100
45 184 100
45 184 100
45 184 100
45 184 100
45 184 100
45 184 100
45 184 100
45 184 100
45 184 100
45 184 100
45 184 100
45 184 100
45 184 100
45 184 100
45 184 100
45 184 100
44 184 100
44 184 100
44 184 100
44 184 100
44 184 100
44 184 100
44 184 100
44 184 100
44 184 100
44 184 100
44 184 100
44 184 100
44 184 100
44 184 100
44 184 100
44 184 100
44 184 100
44 184 100
44 184 100
44 184 100
44 184 100
44 184 100
44 184 100
44 184 100
44 184 100
44 184 100
44 184 100
44 184 100
44 184 100
44 184 100
44 184 100
44 184 100
44 184 100
44 184 100
44 184 100
44 184 100
44 184 100
44 184 100
44 184 100
44 184 100
44 184 100
44 184 100
44 184 100
44 184 100
44 184 100
44 184 100
44 184 100
43 184 100
43 184 100
43 184 100
43 184 100
43 184 100
43 184 100
43 184 100
43 184 100
43 184 100
43 184 100
43 184 100
43 184 100
43 184 100
43 184 100
43 184 100
43 184 100
43 184 100
43 184 100
43 184 100
43 184 100
43 184 100
43 184 100
43 184 100
43 184 100
43 184 100
43 184 100
43 184 100
43 184 100
43 184 100
43 184 100
43 184 100
43 184 100
43 184 100
43 184 100
43 184 100
43 184 100
43 184 100
43 184 100
43 184 100
43 184 100
43 184 100
43 184 100
43 184 100
43 184 100
43 184 100
43 184 100
43 184 100
42 184 100
42 184 100
42 184 100
42 184 100
42 184 100
42 184 100
42 184 100
42 184 100
42 184 100
42 184 100
42 184 100
42 184 100
42 184 100
42 184 100
42 184 100
42 184 100
42 184 100
42 184 100
42 184 100
42 184 100
42 184 100
42 184 100
42 184 100
42 184 100
42 184 100
42 184 100
42 184 100
42 184 100
42 184 100
42 184 100
42 184 100
42 184 100
42 184 100
42 184 100
42 184 100
42 184 100
42 184 100
42 184 100
42 184 100
42 184 100
42 184 100
42 184 100
42 184 100
42 184 100
42 184 100
42 184 100
41 184 100
41 184 100
41 184 100
41 184 100
41 184 100
41 184 100
41 184 100
41 184 100
41 184 100
41 184 100
41 184 100
41 184 100
41 184 100
41 184 100
41 184 100
41 184 100
41 184 100
41 184 100
41 184 100
41 184 100
41 184 100
41 184 100
41 184 100
41 184 100
41 184 100
41 184 100
41 184 100
41 184 100
41 184 100
41 184 100
41 184 100
41 184 100
41 184 100
41 184 100
41 184 100
41 184 100
41 184 100
41 184 100
41 184 100
41 184 100
41 184 100
41 184 100
41 184 100
41 184 100
41 184 100
40 184 100
40 184 100
40 184 100
40 184 100
40 184 100
40 184 100
40 184 100
40 184 100
40 184 100
40 184 100
40 184 100
40 184 100
40 184 100
40 184 100
40 184 100
40 184 100
40 184 100
40 184 100
40 184 100
40 184 100
40 184 100
40 184 100
40 184 100
40 184 100
40 184 100
40 184 100
40 184 100
40 184 100
40 184 100
40 184 100
40 184 100
40 184 100
40 184 100
40 184 100
40 184 100
40 184 100
40 184 100
40 184 100
40 184 100
40 184 100
40 184 100
40 184 100
40 184 100
40 184 100
39 184 100
39 184 100
39 184 100
39 184 100
39 184 100
39 184 100
39 184 100
39 184 100
39 184 100
39 184 100
39 184 100
39 184 100
39 184 100
39 184 100
39 184 100
39 184 100
39 184 100
39 184 100
39 184 100
39 184 100
39 184 100
39 184 100
39 184 100
39 184 100
39 184 100
39 184 100
39 184 100
39 184 100
39 184 100
39 184 100
39 184 100
39 184 100
39 184 100
39 184 100
39 184 100
39 184 100
39 184 100
39 184 100
39 184 100
39 184 100
39 184 100
39 184 100
39 184 100
38 184 100
38 184 100
38 184 100
38 184 100
38 184 100
38 184 100
38 184 100
38 184 100
38 184 100
38 184 100
38 184 100
38 184 100
38 184 100
38 184 100
38 184 100
38 184 100
38 184 100
38 184 100
38 184 100
38 184 100
38 184 100
38 184 100
38 184 100
38 184 100
38 184 100
38 184 100
38 184 100
38 184 100
38 184 100
38 184 100
38 184 100
38 184 100
38 184 100
38 184 100
38 184 100
38 184 100
38 184 100
38 184 100
38 184 100
38 184 100
38 184 100
38 184 100
37 184 100
37 184 100
37 184 100
37 184 100
37 184 100
37 184 100
37 184 100
37 184 100
37 184 100
37 184 100
37 184 100
37 184 100
37 184 100
37 184 100
37 184 100
37 184 100
37 184 100
37 184 100
37 184 100
37 184 100
37 184 100
37 184 100
37 184 100
37 184 100
37 184 100
37 184 100
37 184 100
37 184 100
37 184 100
37 184 100
37 184 100
37 184 100
37 184 100
37 184 100
37 184 100
37 184 100
37 184 100
37 184 100
37 184 100
36 184 100
36 184 100
36 184 100
36 184 100
36 184 100
36 184 100
36 184 100
36 184 100
36 184 100
36 184 100
36 184 100
36 184 100
36 184 100
36 184 100
36 184 100
36 184 100
36 184 100
36 184 100
36 184 100
36 184 100
36 184 100
36 184 100
36 184 100
36 184 100
36 184 100
36 184 100
36 184 100
36 184 100
36 184 100
36 184 100
36 184 100
36 184 100
36 184 100
36 184 100
36 184 100
36 184 100
35 184 100
35 184 100
35 184 100
35 184 100
35 184 100
35 184 100
35 184 100
35 184 100
35 184 100
35 184 100
35 184 100
35 184 100
35 184 100
35 184 100
35 184 100
35 184 100
35 184 100
35 184 100
35 184 100
35 184 100
35 184 100
35 184 100
35 184 100
35 184 100
35 184 100
35 184 100
35 184 100
35 184 100
35 184 100
35 184 100
35 184 100
35 184 100
35 184 100
34 184 100
34 184 100
34 184 100
34 184 100
34 184 100
34 184 100
34 184 100
34 184 100
34 184 100
34 184 100
34 184 100
34 184 100
34 184 100
34 184 100
34 184 100
34 184 100
34 184 100
34 184 100
34 184 100
34 184 100
34 184 100
34 184 100
34 184 100
34 184 100
34 184 100
34 184 100
34 184 100
34 184 100
34 184 100
34 184 100
33 184 100
33 184 100
33 184 100
33 184 100
33 184 100
33 184 100
33 184 100
33 184 100
33 184 100
33 184 100
33 184 100
33 184 100
33 184 100
33 184 100
33 184 100
33 184 100
33 184 100
33 184 100
33 184 100
33 184 100
33 184 100
33 184 100
33 184 100
33 184 100
33 184 100
33 184 100
33 184 100
33 184 100
32 184 100
32 184 100
32 184 100
32 184 100
32 184 100
32 184 100
32 184 100
32 184 100
32 184 100
32 184 100
32 184 100
32 184 100
32 184 100
32 184 100
32 184 100
32 184 100
32 184 100
32 184 100
32 184 100
32 184 100
32 184 100
32 184 100
32 184 100
32 184 100
32 184 100
31 184 100
31 184 100
31 184 100
31 184 100
31 184 100
31 184 100
31 184 100
31 184 100
31 184 100
31 184 100
31 184 100
31 184 100
31 184 100
31 184 100
31 184 100
31 184 100
31 184 100
31 184 100
31 184 100
31 184 100
31 184 100
31 184 100
31 184 100
30 184 100
30 184 100
30 184 100
30 184 100
30 184 100
30 184 100
30 184 100
30 184 100
30 184 100
30 184 100
30 184 100
30 184 100
30 184 100
30 184 100
30 184 100
30 184 100
30 184 100
30 184 100
30 184 100
30 184 100
30 184 100
29 184 100
29 184 100
29 184 100
29 184 100
29 184 100
29 184 100
29 184 100
29 184 100
29 184 100
29 184 100
29 184 100
29 184 100
29 184 100
29 184 100
29 184 100
29 184 100
29 184 100
29 184 100
29 184 100
29 184 100
28 184 100
28 184 100
28 184 100
28 184 100
28 184 100
28 184 100
28 184 100
28 184 100
28 184 100
28 184 100
28 184 100
28 184 100
28 184 100
28 184 100
28 184 100
28 184 100
28 184 100
28 184 100
28 184 100
27 184 100
27 184 100
27 184 100
27 184 100
27 184 100
27 184 100
27 184 100
27 184 100
27 184 100
27 184 100
27 184 100
27 184 100
27 184 100
27 184 100
27 184 100
27 184 100
27 184 100
27 184 100
27 184 100
26 184 100
26 184 100
26 184 100
26 184 100
26 184 100
26 184 100
26 184 100
26 184 100
26 184 100
26 184 100
26 184 100
26 184 100
26 184 100
26 184 100
26 184 100
26 184 100
26 184 100
26 184 100
26 184 100
25 184 100
25 184 100
25 184 100
25 184 100
25 184 100
25 184 100
25 184 100
25 184 100
25 184 100
25 184 100
25 184 100
25 184 100
25 184 100
25 184 100
25 184 100
25 184 100
25 184 100
25 184 100
25 184 100
24 184 100
24 184 100
24 184 100
24 184 100
24 184 100
24 184 100
24 184 100
24 184 100
24 184 100
24 184 100
24 184 100
24 184 100
24 184 100
24 184 100
24 184 100
24 184 100
24 184 100
24 184 100
24 184 100
24 184 100
23 184 100
23 184 100
23 184 100
23 184 100
23 184 100
23 184 100
23 184 100
23 184 100
23 184 100
23 184 100
23 184 100
23 184 100
23 184 100
23 184 100
23 184 100
23 184 100
23 184 100
23 184 100
23 184 100
23 184 100
23 184 100
22 184 100
22 184 100
22 184 100
22 184 100
22 184 100
22 184 100
22 184 100
22 184 100
22 184 100
22 184 100
22 184 100
22 184 100
22 184 100
22 184 100
22 184 100
22 184 100
22 184 100
22 184 100
22 184 100
22 184 100
22 184 100
22 184 100
22 184 100
21 184 100
21 184 100
21 184 100
21 184 100
21 184 100
21 184 100
21 184 100
21 184 100
21 184 100
21 184 100
21 184 100
21 184 100
21 184 100
21 184 100
21 184 100
21 184 100
21 184 100
21 184 100
21 184 100
21 184 100
21 184 100
21 184 100
21 184 100
21 184 100
20 184 100
20 184 100
20 184 100
20 184 100
20 184 100
20 184 100
20 184 100
20 184 100
20 184 100
20 184 100
20 184 100
20 184 100
20 184 100
20 184 100
20 184 100
20 184 100
20 184 100
20 184 100
20 184 100
20 184 100
20 184 100
20 184 100
20 184 100
20 184 100
20 184 100
19 184 100
19 184 100
19 184 100
19 184 100
19 184 100
19 184 100
19 184 100
19 184 100
19 184 100
19 184 100
19 184 100
19 184 100
19 184 100
19 184 100
19 184 100
19 184 100
19 184 100
19 184 100
19 184 100
19 184 100
19 184 100
19 184 100
19 184 100
19 184 100
19 184 100
19 184 100
18 184 100
18 184 100
18 184 100
18 184 100
18 184 100
18 184 100
18 184 100
18 184 100
18 184 100
18 184 100
18 184 100
18 184 100
18 184 100
18 184 100
18 184 100
18 184 100
18 184 100
18 184 100
18 184 100
18 184 100
18 184 100
18 184 100
18 184 100
18 184 100
18 184 100
18 184 100
17 184 100
17 184 100
17 184 100
17 184 100
17 184 100
17 184 100
17 184 100
17 184 100
17 184 100
17 184 100
17 184 100
17 184 100
17 184 100
17 184 100
17 184 100
17 184 100
17 184 100
17 184 100
17 184 100
17 184 100
17 184 100
17 184 100
17 184 100
17 184 100
17 184 100
17 184 100
17 184 100
16 184 100
16 184 100
16 184 100
16 184 100
16 184 100
16 184 100
16 184 100
16 184 100
16 184 100
16 184 100
16 184 100
16 184 100
16 184 100
16 184 100
16 184 100
16 184 100
16 184 100
16 184 100
16 184 100
16 184 100
16 184 100
16 184 100
16 184 100
16 184 100
16 184 100
16 184 100
16 184 100
15 184 100
15 184 100
15 184 100
15 184 100
15 184 100
15 184 100
15 184 100
15 184 100
15 184 100
15 184 100
15 184 100
15 184 100
15 184 100
15 184 100
15 184 100
15 184 100
15 184 100
15 184 100
15 184 100
15 184 100
15 184 100
15 184 100
15 184 100
15 184 100
15 184 100
15 184 100
15 184 100
14 184 100
14 184 100
14 184 100
14 184 100
14 184 100
14 184 100
14 184 100
14 184 100
14 184 100
14 184 100
14 184 100
14 184 100
14 184 100
14 184 100
14 184 100
14 184 100
14 184 100
14 184 100
14 184 100
14 184 100
14 184 100
14 184 100
14 184 100
14 184 100
14 184 100
14 184 100
14 184 100
13 184 100
13 184 100
13 184 100
13 184 100
13 184 100
13 184 100
13 184 100
13 184 100
13 184 100
13 184 100
13 184 100
13 184 100
13 184 100
13 184 100
13 184 100
13 184 100
13 184 100
13 184 100
13 184 100
13 184 100
13 184 100
13 184 100
13 184 100
13 184 100
13 184 100
13 184 100
13 183 100
13 183 100
13 183 100
13 183 100
13 183 100
13 183 100
13 183 100
13 183 100
13 183 100
13 183 100
13 183 100
13 183 100
13 183 100
13 183 100
13 183 100
13 183 100
13 183 100
13 183 100
13 183 100
13 183 100
13 183 100
13 183 100
13 182 100
13 182 100
13 182 100
13 182 100
13 182 100
13 182 100
13 182 100
13 182 100
13 182 100
13 182 100
13 182 100
13 182 100
13 182 100
13 182 100
13 182 100
13 182 100
13 182 100
13 182 100
13 181 100
13 181 100
13 181 100
13 181 100
13 181 100
13 181 100
13 181 100
13 181 100
13 181 100
13 181 100
13 181 100
13 181 100
13 181 100
13 181 100
13 180 100
13 180 100
13 180 100
13 180 100
13 180 100
13 180 100
13 180 100
13 180 100
13 180 100
13 180 100
13 180 100
13 179 100
13 179 100
13 179 100
13 179 100
13 179 100
13 179 100
13 179 100
13 179 100
13 179 100
13 178 100
13 178 100
13 178 100
13 178 100
13 178 100
13 178 100
13 178 100
13 177 100
13 177 100
13 177 100
13 177 100
13 177 100
13 177 100
13 176 100
13 176 100
13 176 100
13 176 100
13 176 100
13 175 100
13 175 100
13 175 100
13 175 100
13 174 100
13 174 100
13 174 100
13 174 100
13 173 100
13 173 100
13 173 100
13 173 100
13 172 100
13 172 100
13 172 100
13 172 100
13 171 100
13 171 100
13 171 100
13 171 100
13 170 100
13 170 100
13 170 100
13 170 100
13 170 100
13 169 100
13 169 100
13 169 100
13 169 100
13 169 100
13 168 100
13 168 100
13 168 100
13 168 100
13 168 100
13 168 100
13 167 100
13 167 100
13 167 100
13 167 100
13 167 100
13 167 100
13 166 100
13 166 100
13 166 100
13 166 100
13 166 100
13 166 100
13 166 100
13 165 100
13 165 100
13 165 100
13 165 100
13 165 100
13 165 100
13 165 100
13 165 100
13 164 100
13 164 100
13 164 100
13 164 100
13 164 100
13 164 100
13 164 100
13 164 100
13 163 100
13 163 100
13 163 100
13 163 100
13 163 100
13 163 100
13 163 100
13 163 100
13 163 100
13 162 100
13 162 100
13 162 100
13 162 100
13 162 100
13 162 100
13 162 100
13 162 100
13 162 100
13 161 100
13 161 100
13 161 100
13 161 100
13 161 100
13 161 100
13 161 100
13 161 100
13 160 100
13 160 100
13 160 100
13 160 100
13 160 100
13 160 100
13 160 100
13 160 100
13 159 100
13 159 100
13 159 100
13 159 100
13 159 100
13 159 100
13 159 100
13 158 100
13 158 100
13 158 100
13 158 100
13 158 100
13 158 100
13 157 100
13 157 100
13 157 100
13 157 100
13 157 100
13 156 100
13 156 100
13 156 100
13 156 100
13 155 100
13 155 100
13 155 100
13 154 100
13 154 100
13 153 100
13 153 100
13 152 100
13 151 100
13 150 100
13 149 100
13 148 100
13 147 100
13 146 100
13 145 100
13 144 100
13 143 100
13 142 100
13 141 100
13 140 100
13 139 100
13 138 100
13 137 100
13 136 100
13 135 100
13 134 100
13 133 100
13 132 100
13 131 100
13 130 100
13 129 100
13 128 100
13 127 100
13 126 100
13 125 100
13 124 100
13 123 100
13 122 100
13 121 100
13 120 100
13 119 100
13 118 100
13 117 100
13 116 100
13 115 100
13 114 100
13 113 100
13 112 100
13 111 100
13 110 100
13 109 100
13 108 100
13 107 100
13 106 100
13 105 100
13 104 100
13 103 100
13 102 100
13 101 100
13 101 100
13 100 100
13 100 100
13 100 100
13 99 100
13 99 100
13 99 100
13 99 100
13 98 100
13 98 100
13 98 100
13 98 100
13 97 100
13 97 100
13 97 100
13 97 100
13 97 100
13 96 100
13 96 100
13 96 100
13 96 100
13 96 100
13 96 100
13 95 100
13 95 100
13 95 100
13 95 100
13 95 100
13 95 100
13 94 100
13 94 100
13 94 100
13 94 100
13 94 100
13 94 100
13 93 100
13 93 100
13 93 100
13 93 100
13 93 100
13 93 100
13 92 100
13 92 100
13 92 100
13 92 100
13 92 100
13 92 100
13 91 100
13 91 100
13 91 100
13 91 100
13 91 100
13 91 100
13 90 100
13 90 100
13 90 100
13 90 100
13 90 100
13 90 100
13 89 100
13 89 100
13 89 100
13 89 100
13 89 100
13 89 100
13 88 100
13 88 100
13 88 100
13 88 100
13 88 100
13 88 100
13 87 100
13 87 100
13 87 100
13 87 100
13 87 100
13 86 100
13 86 100
13 86 100
13 86 100
13 86 100
13 85 100
13 85 100
13 85 100
13 85 100
13 85 100
13 84 100
13 84 100
13 84 100
13 84 100
13 83 100
13 83 100
13 83 100
13 83 100
13 82 100
13 82 100
13 82 100
13 81 100
13 81 100
13 81 100
13 80 100
13 80 100
13 79 100
13 79 100
13 78 100
13 78 100
13 77 100
13 76 100
13 75 100
13 74 100
13 73 100
13 72 100
13 71 100
13 70 100
13 69 100
13 68 100
13 68 100
13 67 100
13 67 100
13 66 100
13 66 100
13 65 100
13 65 100
13 64 100
13 64 100
13 63 100
13 63 100
13 62 100
13 62 100
13 61 100
13 61 100
13 60 100
13 60 100
13 59 100
13 59 100
13 58 100
13 58 100
13 57 100
13 57 100
13 56 100
13 56 100
13 55 100
13 55 100
13 54 100
13 54 100
13 53 100
13 53 100
13 52 100
13 52 100
13 51 100
13 51 100
13 50 100
13 49 100
13 48 100
13 47 100
13 46 100
13 45 100
13 44 100
13 43 100
13 42 100
13 41 100
13 40 100
13 39 100
13 38 100
13 37 100
13 36 100
13 35 100
13 34 100
13 33 100
13 32 100
13 31 100
13 30 100
# move from (143,156) to (13,30)
143 156 100
142 156 100
141 156 100
140 156 100
139 156 100
138 156 100
137 156 100
136 156 100
135 156 100
134 156 100
133 156 100
132 156 100
131 156 100
130 156 100
129 156 100
128 156 100
128 156 100
127 156 100
127 156 100
127 156 100
126 156 100
126 156 100
126 156 100
126 156 100
125 156 100
125 156 100
125 156 100
125 156 100
125 156 100
125 156 100
125 156 100
124 156 100
124 156 100
124 156 100
124 156 100
124 156 100
124 156 100
124 156 100
124 156 100
124 156 100
124 156 100
124 156 100
123 156 100
123 156 100
123 156 100
123 156 100
123 156 100
123 156 100
123 156 100
123 156 100
123 156 100
123 156 100
123 156 100
123 156 100
123 156 100
123 156 100
123 156 100
122 156 100
122 156 100
122 156 100
122 156 100
122 156 100
122 156 100
122 156 100
122 156 100
122 156 100
122 156 100
122 156 100
122 156 100
122 156 100
122 156 100
122 156 100
122 156 100
122 156 100
122 156 100
122 156 100
121 156 100
121 156 100
121 156 100
121 156 100
121 156 100
121 156 100
121 156 100
121 156 100
121 156 100
121 156 100
121 156 100
121 156 100
121 156 100
121 156 100
121 156 100
121 156 100
121 156 100
121 156 100
121 156 100
121 156 100
121 156 100
121 156 100
120 156 100
120 156 100
120 156 100
120 156 100
120 156 100
120 156 100
120 156 100
120 156 100
120 156 100
120 156 100
120 156 100
120 156 100
120 156 100
120 156 100
120 156 100
120 156 100
120 156 100
120 156 100
120 156 100
120 156 100
120 156 100
120 156 100
120 156 100
120 156 100
120 156 100
120 156 100
119 156 100
119 156 100
119 156 100
119 156 100
119 156 100
119 156 100
119 156 100
119 156 100
119 156 100
119 156 100
119 156 100
119 156 100
119 156 100
119 156 100
119 156 100
119 156 100
119 156 100
119 156 100
119 156 100
119 156 100
119 156 100
119 156 100
119 156 100
119 156 100
119 156 100
119 156 100
119 156 100
119 156 100
118 156 100
118 156 100
118 156 100
118 156 100
118 156 100
118 156 100
118 156 100
118 156 100
118 156 100
118 156 100
118 156 100
118 156 100
118 156 100
118 156 100
118 156 100
118 156 100
118 156 100
118 156 100
118 156 100
118 156 100
118 156 100
118 156 100
118 156 100
118 156 100
118 156 100
118 156 100
118 156 100
118 156 100
118 156 100
118 156 100
117 156 100
117 156 100
117 156 100
117 156 100
117 156 100
117 156 100
117 156 100
117 156 100
117 156 100
117 156 100
117 156 100
117 156 100
117 156 100
117 156 100
117 156 100
117 156 100
117 156 100
117 156 100
117 156 100
117 156 100
117 156 100
117 156 100
117 156 100
117 156 100
117 156 100
117 156 100
117 156 100
117 156 100
117 156 100
117 156 100
117 156 100
117 156 100
116 156 100
116 156 100
116 156 100
116 156 100
116 156 100
116 156 100
116 156 100
116 156 100
116 156 100
116 156 100
116 156 100
116 156 100
116 156 100
116 156 100
116 156 100
116 156 100
116 156 100
116 156 100
116 156 100
116 156 100
116 156 100
116 156 100
116 156 100
116 156 100
116 156 100
116 156 100
116 156 100
116 156 100
116 156 100
116 156 100
116 156 100
116 156 100
116 156 100
115 156 100
115 156 100
115 156 100
115 156 100
115 156 100
115 156 100
115 156 100
115 156 100
115 156 100
115 156 100
115 156 100
115 156 100
115 156 100
115 156 100
115 156 100
115 156 100
115 156 100
115 156 100
115 156 100
115 156 100
115 156 100
115 156 100
115 156 100
115 156 100
115 156 100
115 156 100
115 156 100
115 156 100
115 156 100
115 156 100
115 156 100
115 156 100
115 156 100
115 156 100
114 156 100
114 156 100
114 156 100
114 156 100
114 156 100
114 156 100
114 156 100
114 156 100
114 156 100
114 156 100
114 156 100
114 156 100
114 156 100
114 156 100
114 156 100
114 156 100
114 156 100
114 156 100
114 156 100
114 156 100
114 156 100
114 156 100
114 156 100
114 156 100
114 156 100
114 156 100
114 156 100
114 156 100
114 156 100
114 156 100
114 156 100
114 156 100
114 156 100
114 156 100
114 156 100
113 156 100
113 156 100
113 156 100
113 156 100
113 156 100
113 156 100
113 156 100
113 156 100
113 156 100
113 156 100
113 156 100
113 156 100
113 156 100
113 156 100
113 156 100
113 156 100
113 156 100
113 156 100
113 156 100
113 156 100
113 156 100
113 156 100
113 156 100
113 156 100
113 156 100
113 156 100
113 156 100
113 156 100
113 156 100
113 156 100
113 156 100
113 156 100
113 156 100
113 156 100
113 156 100
113 156 100
112 156 100
112 156 100
112 156 100
112 156 100
112 156 100
112 156 100
112 156 100
112 156 100
112 156 100
112 156 100
112 156 100
112 156 100
112 156 100
112 156 100
112 156 100
112 156 100
112 156 100
112 156 100
112 156 100
112 156 100
112 156 100
112 156 100
112 156 100
112 156 100
112 156 100
112 156 100
112 156 100
112 156 100
112 156 100
112 156 100
112 156 100
112 156 100
112 156 100
112 156 100
112 156 100
112 156 100
111 156 100
111 156 100
111 156 100
111 156 100
111 156 100
111 156 100
111 156 100
111 156 100
111 156 100
111 156 100
111 156 100
111 156 100
111 156 100
111 156 100
111 156 100
111 156 100
111 156 100
111 156 100
111 156 100
111 156 100
111 156 100
111 156 100
111 156 100
111 156 100
111 156 100
111 156 100
111 156 100
111 156 100
111 156 100
111 156 100
111 156 100
111 156 100
111 156 100
111 156 100
111 156 100
111 156 100
110 156 100
110 156 100
110 156 100
110 156 100
110 156 100
110 156 100
110 156 100
110 156 100
110 156 100
110 156 100
110 156 100
110 156 100
110 156 100
110 156 100
110 156 100
110 156 100
110 156 100
110 156 100
110 156 100
110 156 100
110 156 100
110 156 100
110 156 100
110 156 100
110 156 100
110 156 100
110 156 100
110 156 100
110 156 100
110 156 100
110 156 100
110 156 100
110 156 100
110 156 100
110 156 100
110 156 100
109 156 100
109 156 100
109 156 100
109 156 100
109 156 100
109 156 100
109 156 100
109 156 100
109 156 100
109 156 100
109 156 100
109 156 100
109 156 100
109 156 100
109 156 100
109 156 100
109 156 100
109 156 100
109 156 100
109 156 100
109 156 100
109 156 100
109 156 100
109 156 100
109 156 100
109 156 100
109 156 100
109 156 100
109 156 100
109 156 100
109 156 100
109 156 100
109 156 100
109 156 100
109 156 100
108 156 100
108 156 100
108 156 100
108 156 100
108 156 100
108 156 100
108 156 100
108 156 100
108 156 100
108 156 100
108 156 100
108 156 100
108 156 100
108 156 100
108 156 100
108 156 100
108 156 100
108 156 100
108 156 100
108 156 100
108 156 100
108 156 100
108 156 100
108 156 100
108 156 100
108 156 100
108 156 100
108 156 100
108 156 100
108 156 100
108 156 100
108 156 100
108 156 100
108 156 100
108 156 100
107 156 100
107 156 100
107 156 100
107 156 100
107 156 100
107 156 100
107 156 100
107 156 100
107 156 100
107 156 100
107 156 100
107 156 100
107 156 100
107 156 100
107 156 100
107 156 100
107 156 100
107 156 100
107 156 100
107 156 100
107 156 100
107 156 100
107 156 100
107 156 100
107 156 100
107 156 100
107 156 100
107 156 100
107 156 100
107 156 100
107 156 100
107 156 100
107 156 100
107 156 100
106 156 100
106 156 100
106 156 100
106 156 100
106 156 100
106 156 100
106 156 100
106 156 100
106 156 100
106 156 100
106 156 100
106 156 100
106 156 100
106 156 100
106 156 100
106 156 100
106 156 100
106 156 100
106 156 100
106 156 100
106 156 100
106 156 100
106 156 100
106 156 100
106 156 100
106 156 100
106 156 100
106 156 100
106 156 100
106 156 100
106 156 100
106 156 100
105 156 100
105 156 100
105 156 100
105 156 100
105 156 100
105 156 100
105 156 100
105 156 100
105 156 100
105 156 100
105 156 100
105 156 100
105 156 100
105 156 100
105 156 100
105 156 100
105 156 100
105 156 100
105 156 100
105 156 100
105 156 100
105 156 100
105 156 100
105 156 100
105 156 100
105 156 100
105 156 100
105 156 100
105 156 100
105 156 100
105 156 100
104 156 100
104 156 100
104 156 100
104 156 100
104 156 100
104 156 100
104 156 100
104 156 100
104 156 100
104 156 100
104 156 100
104 156 100
104 156 100
104 156 100
104 156 100
104 156 100
104 156 100
104 156 100
104 156 100
104 156 100
104 156 100
104 156 100
104 156 100
104 156 100
104 156 100
104 156 100
104 156 100
104 156 100
104 156 100
103 156 100
103 156 100
103 156 100
103 156 100
103 156 100
103 156 100
103 156 100
103 156 100
103 156 100
103 156 100
103 156 100
103 156 100
103 156 100
103 156 100
103 156 100
103 156 100
103 156 100
103 156 100
103 156 100
103 156 100
103 156 100
103 156 100
103 156 100
103 156 100
103 156 100
103 156 100
103 156 100
102 156 100
102 156 100
102 156 100
102 156 100
102 156 100
102 156 100
102 156 100
102 156 100
102 156 100
102 156 100
102 156 100
102 156 100
102 156 100
102 156 100
102 156 100
102 156 100
102 156 100
102 156 100
102 156 100
102 156 100
102 156 100
102 156 100
102 156 100
102 156 100
102 156 100
102 156 100
101 156 100
101 156 100
101 156 100
101 156 100
101 156 100
101 156 100
101 156 100
101 156 100
101 156 100
101 156 100
101 156 100
101 156 100
101 156 100
101 156 100
101 156 100
101 156 100
101 156 100
101 156 100
101 156 100
101 156 100
101 156 100
101 156 100
101 156 100
101 156 100
100 156 100
100 156 100
100 156 100
100 156 100
100 156 100
100 156 100
100 156 100
100 156 100
100 156 100
100 156 100
100 156 100
100 156 100
100 156 100
100 156 100
100 156 100
100 156 100
100 156 100
100 156 100
100 156 100
100 156 100
100 156 100
100 156 100
100 156 100
99 156 100
99 156 100
99 156 100
99 156 100
99 156 100
99 156 100
99 156 100
99 156 100
99 156 100
99 156 100
99 156 100
99 156 100
99 156 100
99 156 100
99 156 100
99 156 100
99 156 100
99 156 100
99 156 100
99 156 100
99 156 100
99 156 100
98 156 100
98 156 100
98 156 100
98 156 100
98 156 100
98 156 100
98 156 100
98 156 100
98 156 100
98 156 100
98 156 100
98 156 100
98 156 100
98 156 100
98 156 100
98 156 100
98 156 100
98 156 100
98 156 100
98 156 100
98 156 100
97 156 100
97 156 100
97 156 100
97 156 100
97 156 100
97 156 100
97 156 100
97 156 100
97 156 100
97 156 100
97 156 100
97 156 100
97 156 100
97 156 100
97 156 100
97 156 100
97 156 100
97 156 100
97 156 100
97 156 100
97 156 100
96 156 100
96 156 100
96 156 100
96 156 100
96 156 100
96 156 100
96 156 100
96 156 100
96 156 100
96 156 100
96 156 100
96 156 100
96 156 100
96 156 100
96 156 100
96 156 100
96 156 100
96 156 100
96 156 100
96 156 100
95 156 100
95 156 100
95 156 100
95 156 100
95 156 100
95 156 100
95 156 100
95 156 100
95 156 100
95 156 100
95 156 100
95 156 100
95 156 100
95 156 100
95 156 100
95 156 100
95 156 100
95 156 100
95 156 100
94 156 100
94 156 100
94 156 100
94 156 100
94 156 100
94 156 100
94 156 100
94 156 100
94 156 100
94 156 100
94 156 100
94 156 100
94 156 100
94 156 100
94 156 100
94 156 100
94 156 100
93 156 100
93 156 100
93 156 100
93 156 100
93 156 100
93 156 100
93 156 100
93 156 100
93 156 100
93 156 100
93 156 100
93 156 100
93 156 100
93 156 100
93 156 100
93 156 100
92 156 100
92 156 100
92 156 100
92 156 100
92 156 100
92 156 100
92 156 100
92 156 100
92 156 100
92 156 100
92 156 100
92 156 100
92 156 100
92 156 100
91 156 100
91 156 100
91 156 100
91 156 100
91 156 100
91 156 100
91 156 100
91 156 100
91 156 100
91 156 100
91 156 100
91 156 100
91 156 100
90 156 100
90 156 100
90 156 100
90 156 100
90 156 100
90 156 100
90 156 100
90 156 100
90 156 100
90 156 100
90 156 100
89 156 100
89 156 100
89 156 100
89 156 100
89 156 100
89 156 100
89 156 100
89 156 100
89 156 100
89 156 100
88 156 100
88 156 100
88 156 100
88 156 100
88 156 100
88 156 100
88 156 100
88 156 100
88 156 100
87 156 100
87 156 100
87 156 100
87 156 100
87 156 100
87 156 100
87 156 100
87 156 100
86 156 100
86 156 100
86 156 100
86 156 100
86 156 100
86 156 100
86 156 100
85 156 100
85 156 100
85 156 100
85 156 100
85 156 100
85 156 100
84 156 100
84 156 100
84 156 100
84 156 100
84 156 100
84 156 100
83 156 100
83 156 100
83 156 100
83 156 100
83 156 100
82 156 100
82 156 100
82 156 100
82 156 100
81 156 100
81 156 100
81 156 100
80 156 100
80 156 100
80 156 100
79 156 100
79 156 100
78 156 100
78 156 100
77 156 100
77 156 100
76 156 100
75 156 100
74 156 100
73 156 100
72 156 100
71 156 100
70 156 100
69 156 100
68 156 100
67 156 100
66 156 100
65 156 100
64 156 100
63 156 100
62 156 100
61 156 100
60 156 100
59 156 100
58 156 100
57 156 100
56 156 100
55 156 100
54 156 100
53 156 100
52 156 100
51 156 100
50 156 100
49 156 100
48 156 100
47 156 100
46 156 100
45 156 100
44 156 100
43 156 100
42 156 100
41 156 100
40 156 100
39 156 100
38 156 100
37 156 100
36 156 100
35 156 100
34 156 100
33 156 100
32 156 100
31 156 100
30 156 100
29 156 100
28 156 100
27 156 100
26 156 100
25 156 100
24 156 100
23 156 100
22 156 100
21 156 100
20 156 100
19 156 100
18 156 100
17 156 100
16 156 100
15 156 100
15 156 100
14 156 100
14 156 100
# move from (194,23) to (13,30)
194 23 100
193 23 100
192 23 100
191 23 100
190 23 100
189 23 100
188 23 100
187 23 100
186 23 100
185 23 100
184 23 100
183 23 100
182 23 100
181 23 100
180 23 100
179 23 100
179 23 100
178 23 100
178 23 100
178 23 100
178 23 100
177 23 100
177 23 100
177 23 100
177 23 100
177 23 100
177 23 100
177 23 100
176 23 100
176 23 100
176 23 100
176 23 100
176 23 100
176 23 100
176 23 100
176 23 100
176 23 100
176 23 100
176 23 100
176 23 100
175 23 100
175 23 100
175 23 100
175 23 100
175 23 100
175 23 100
175 23 100
175 23 100
175 23 100
175 23 100
175 23 100
175 23 100
175 23 100
175 23 100
175 23 100
175 23 100
175 23 100
175 23 100
174 23 100
174 23 100
174 23 100
174 23 100
174 23 100
174 23 100
174 23 100
174 23 100
174 23 100
174 23 100
174 23 100
174 23 100
174 23 100
174 23 100
174 23 100
174 23 100
174 23 100
174 23 100
174 23 100
174 23 100
174 23 100
174 23 100
174 23 100
174 23 100
174 23 100
173 23 100
173 23 100
173 23 100
173 23 100
173 23 100
173 23 100
173 23 100
173 23 100
173 23 100
173 23 100
173 23 100
173 23 100
173 23 100
173 23 100
173 23 100
173 23 100
173 23 100
173 23 100
173 23 100
173 23 100
173 23 100
173 23 100
173 23 100
173 23 100
173 23 100
173 23 100
173 23 100
173 23 100
173 23 100
173 23 100
172 23 100
172 23 100
172 23 100
172 23 100
172 23 100
172 23 100
172 23 100
172 23 100
172 23 100
172 23 100
172 23 100
172 23 100
172 23 100
172 23 100
172 23 100
172 23 100
172 23 100
172 23 100
172 23 100
172 23 100
172 23 100
172 23 100
172 23 100
172 23 100
172 23 100
172 23 100
172 23 100
172 23 100
172 23 100
172 23 100
172 23 100
172 23 100
172 23 100
172 23 100
172 23 100
171 23 100
171 23 100
171 23 100
171 23 100
171 23 100
171 23 100
171 23 100
171 23 100
171 23 100
171 23 100
171 23 100
171 23 100
171 23 100
171 23 100
171 23 100
171 23 100
171 23 100
171 23 100
171 23 100
171 23 100
171 23 100
171 23 100
171 23 100
171 23 100
171 23 100
171 23 100
171 23 100
171 23 100
171 23 100
171 23 100
171 23 100
171 23 100
171 23 100
171 23 100
171 23 100
171 23 100
171 23 100
170 23 100
170 23 100
170 23 100
170 23 100
170 23 100
170 23 100
170 23 100
170 23 100
170 23 100
170 23 100
170 23 100
170 23 100
170 23 100
170 23 100
170 23 100
170 23 100
170 23 100
170 23 100
170 23 100
170 23 100
170 23 100
170 23 100
170 23 100
170 23 100
170 23 100
170 23 100
170 23 100
170 23 100
170 23 100
170 23 100
170 23 100
170 23 100
170 23 100
170 23 100
170 23 100
170 23 100
170 23 100
170 23 100
170 23 100
169 23 100
169 23 100
169 23 100
169 23 100
169 23 100
169 23 100
169 23 100
169 23 100
169 23 100
169 23 100
169 23 100
169 23 100
169 23 100
169 23 100
169 23 100
169 23 100
169 23 100
169 23 100
169 23 100
169 23 100
169 23 100
169 23 100
169 23 100
169 23 100
169 23 100
169 23 100
169 23 100
169 23 100
169 23 100
169 23 100
169 23 100
169 23 100
169 23 100
169 23 100
169 23 100
169 23 100
169 23 100
169 23 100
169 23 100
168 23 100
168 23 100
168 23 100
168 23 100
168 23 100
168 23 100
168 23 100
168 23 100
168 23 100
168 23 100
168 23 100
168 23 100
168 23 100
168 23 100
168 23 100
168 23 100
168 23 100
168 23 100
168 23 100
168 23 100
168 23 100
168 23 100
168 23 100
168 23 100
168 23 100
168 23 100
168 23 100
168 23 100
168 23 100
168 23 100
168 23 100
168 23 100
168 23 100
168 23 100
168 23 100
168 23 100
168 23 100
168 23 100
167 23 100
167 23 100
167 23 100
167 23 100
167 23 100
167 23 100
167 23 100
167 23 100
167 23 100
167 23 100
167 23 100
167 23 100
167 23 100
167 23 100
167 23 100
167 23 100
167 23 100
167 23 100
167 23 100
167 23 100
167 23 100
167 23 100
167 23 100
167 23 100
167 23 100
167 23 100
167 23 100
167 23 100
167 23 100
167 23 100
167 23 100
167 23 100
167 23 100
167 23 100
167 23 100
167 23 100
166 23 100
166 23 100
166 23 100
166 23 100
166 23 100
166 23 100
166 23 100
166 23 100
166 23 100
166 23 100
166 23 100
166 23 100
166 23 100
166 23 100
166 23 100
166 23 100
166 23 100
166 23 100
166 23 100
166 23 100
166 23 100
166 23 100
166 23 100
166 23 100
166 23 100
166 23 100
166 23 100
166 23 100
166 23 100
166 23 100
166 23 100
166 23 100
166 23 100
166 23 100
165 23 100
165 23 100
165 23 100
165 23 100
165 23 100
165 23 100
165 23 100
165 23 100
165 23 100
165 23 100
165 23 100
165 23 100
165 23 100
165 23 100
165 23 100
165 23 100
165 23 100
165 23 100
165 23 100
165 23 100
165 23 100
165 23 100
165 23 100
165 23 100
165 23 100
165 23 100
165 23 100
165 23 100
165 23 100
165 23 100
164 23 100
164 23 100
164 23 100
164 23 100
164 23 100
164 23 100
164 23 100
164 23 100
164 23 100
164 23 100
164 23 100
164 23 100
164 23 100
164 23 100
164 23 100
164 23 100
164 23 100
164 23 100
164 23 100
164 23 100
164 23 100
164 23 100
164 23 100
164 23 100
164 23 100
164 23 100
164 23 100
163 23 100
163 23 100
163 23 100
163 23 100
163 23 100
163 23 100
163 23 100
163 23 100
163 23 100
163 23 100
163 23 100
163 23 100
163 23 100
163 23 100
163 23 100
163 23 100
163 23 100
163 23 100
163 23 100
163 23 100
163 23 100
163 23 100
163 23 100
163 23 100
162 23 100
162 23 100
162 23 100
162 23 100
162 23 100
162 23 100
162 23 100
162 23 100
162 23 100
162 23 100
162 23 100
162 23 100
162 23 100
162 23 100
162 23 100
162 23 100
162 23 100
162 23 100
162 23 100
162 23 100
162 23 100
161 23 100
161 23 100
161 23 100
161 23 100
161 23 100
161 23 100
161 23 100
161 23 100
161 23 100
161 23 100
161 23 100
161 23 100
161 23 100
161 23 100
161 23 100
161 23 100
161 23 100
161 23 100
160 23 100
160 23 100
160 23 100
160 23 100
160 23 100
160 23 100
160 23 100
160 23 100
160 23 100
160 23 100
160 23 100
160 23 100
160 23 100
160 23 100
160 23 100
159 23 100
159 23 100
159 23 100
159 23 100
159 23 100
159 23 100
159 23 100
159 23 100
159 23 100
159 23 100
159 23 100
159 23 100
159 23 100
158 23 100
158 23 100
158 23 100
158 23 100
158 23 100
158 23 100
158 23 100
158 23 100
158 23 100
158 23 100
157 23 100
157 23 100
157 23 100
157 23 100
157 23 100
157 23 100
157 23 100
157 23 100
156 23 100
156 23 100
156 23 100
156 23 100
156 23 100
156 23 100
155 23 100
155 23 100
155 23 100
155 23 100
154 23 100
154 23 100
153 23 100
152 23 100
151 23 100
150 23 100
149 23 100
148 23 100
147 23 100
146 23 100
145 23 100
144 23 100
143 23 100
142 23 100
141 23 100
140 23 100
139 23 100
138 23 100
137 23 100
136 23 100
135 23 100
134 23 100
133 23 100
132 23 100
131 23 100
130 23 100
129 23 100
129 23 100
128 23 100
128 23 100
127 23 100
127 23 100
127 23 100
126 23 100
126 23 100
126 23 100
126 23 100
125 23 100
125 23 100
125 23 100
125 23 100
125 23 100
125 23 100
124 23 100
124 23 100
124 23 100
124 23 100
124 23 100
124 23 100
124 23 100
123 23 100
123 23 100
123 23 100
123 23 100
123 23 100
123 23 100
123 23 100
123 23 100
123 23 100
122 23 100
122 23 100
122 23 100
122 23 100
122 23 100
122 23 100
122 23 100
122 23 100
122 23 100
122 23 100
122 23 100
121 23 100
121 23 100
121 23 100
121 23 100
121 23 100
121 23 100
121 23 100
121 23 100
121 23 100
121 23 100
121 23 100
121 23 100
120 23 100
120 23 100
120 23 100
120 23 100
120 23 100
120 23 100
120 23 100
120 23 100
120 23 100
120 23 100
120 23 100
120 23 100
120 23 100
119 23 100
119 23 100
119 23 100
119 23 100
119 23 100
119 23 100
119 23 100
119 23 100
119 23 100
119 23 100
119 23 100
119 23 100
119 23 100
119 23 100
118 23 100
118 23 100
118 23 100
118 23 100
118 23 100
118 23 100
118 23 100
118 23 100
118 23 100
118 23 100
118 23 100
118 23 100
118 23 100
117 23 100
117 23 100
117 23 100
117 23 100
117 23 100
117 23 100
117 23 100
117 23 100
117 23 100
117 23 100
117 23 100
117 23 100
116 23 100
116 23 100
116 23 100
116 23 100
116 23 100
116 23 100
116 23 100
116 23 100
116 23 100
116 23 100
116 23 100
115 23 100
115 23 100
115 23 100
115 23 100
115 23 100
115 23 100
115 23 100
115 23 100
115 23 100
114 23 100
114 23 100
114 23 100
114 23 100
114 23 100
114 23 100
114 23 100
113 23 100
113 23 100
113 23 100
113 23 100
113 23 100
112 23 100
112 23 100
112 23 100
112 23 100
111 23 100
111 23 100
111 23 100
110 23 100
110 23 100
109 23 100
109 23 100
108 23 100
107 23 100
106 23 100
105 23 100
104 23 100
103 23 100
102 23 100
101 23 100
100 23 100
99 23 100
98 23 100
97 23 100
96 23 100
95 23 100
94 23 100
93 23 100
92 23 100
91 23 100
90 23 100
89 23 100
88 23 100
87 23 100
86 23 100
85 23 100
85 23 100
84 23 100
84 23 100
83 23 100
83 23 100
83 23 100
82 23 100
82 23 100
82 23 100
82 23 100
81 23 100
81 23 100
81 23 100
81 23 100
81 23 100
81 23 100
80 23 100
80 23 100
80 23 100
80 23 100
80 23 100
80 23 100
80 23 100
79 23 100
79 23 100
79 23 100
79 23 100
79 23 100
79 23 100
79 23 100
79 23 100
79 23 100
79 23 100
78 23 100
78 23 100
78 23 100
78 23 100
78 23 100
78 23 100
78 23 100
78 23 100
78 23 100
78 23 100
78 23 100
78 23 100
78 23 100
77 23 100
77 23 100
77 23 100
77 23 100
77 23 100
77 23 100
77 23 100
77 23 100
77 23 100
77 23 100
77 23 100
77 23 100
77 23 100
77 23 100
77 23 100
77 23 100
77 23 100
77 23 100
76 23 100
76 23 100
76 23 100
76 23 100
76 23 100
76 23 100
76 23 100
76 23 100
76 23 100
76 23 100
76 23 100
76 23 100
76 23 100
76 23 100
76 23 100
76 23 100
76 23 100
76 23 100
76 23 100
76 23 100
76 23 100
76 23 100
76 23 100
75 23 100
75 23 100
75 23 100
75 23 100
75 23 100
75 23 100
75 23 100
75 23 100
75 23 100
75 23 100
75 23 100
75 23 100
75 23 100
75 23 100
75 23 100
75 23 100
75 23 100
75 23 100
75 23 100
75 23 100
75 23 100
75 23 100
75 23 100
75 23 100
75 23 100
75 23 100
75 23 100
75 23 100
75 23 100
74 23 100
74 23 100
74 23 100
74 23 100
74 23 100
74 23 100
74 23 100
74 23 100
74 23 100
74 23 100
74 23 100
74 23 100
74 23 100
74 23 100
74 23 100
74 23 100
74 23 100
74 23 100
74 23 100
74 23 100
74 23 100
74 23 100
74 23 100
74 23 100
74 23 100
74 23 100
74 23 100
74 23 100
74 23 100
74 23 100
74 23 100
74 23 100
74 23 100
74 23 100
74 23 100
73 23 100
73 23 100
73 23 100
73 23 100
73 23 100
73 23 100
73 23 100
73 23 100
73 23 100
73 23 100
73 23 100
73 23 100
73 23 100
73 23 100
73 23 100
73 23 100
73 23 100
73 23 100
73 23 100
73 23 100
73 23 100
73 23 100
73 23 100
73 23 100
73 23 100
73 23 100
73 23 100
73 23 100
73 23 100
73 23 100
73 23 100
73 23 100
73 23 100
73 23 100
73 23 100
73 23 100
73 23 100
73 23 100
73 23 100
72 23 100
72 23 100
72 23 100
72 23 100
72 23 100
72 23 100
72 23 100
72 23 100
72 23 100
72 23 100
72 23 100
72 23 100
72 23 100
72 23 100
72 23 100
72 23 100
72 23 100
72 23 100
72 23 100
72 23 100
72 23 100
72 23 100
72 23 100
72 23 100
72 23 100
72 23 100
72 23 100
72 23 100
72 23 100
72 23 100
72 23 100
72 23 100
72 23 100
72 23 100
72 23 100
72 23 100
72 23 100
72 23 100
72 23 100
72 23 100
72 23 100
72 23 100
72 23 100
71 23 100
71 23 100
71 23 100
71 23 100
71 23 100
71 23 100
71 23 100
71 23 100
71 23 100
71 23 100
71 23 100
71 23 100
71 23 100
71 23 100
71 23 100
71 23 100
71 23 100
71 23 100
71 23 100
71 23 100
71 23 100
71 23 100
71 23 100
71 23 100
71 23 100
71 23 100
71 23 100
71 23 100
71 23 100
71 23 100
71 23 100
71 23 100
71 23 100
71 23 100
71 23 100
71 23 100
71 23 100
71 23 100
71 23 100
71 23 100
71 23 100
71 23 100
71 23 100
71 23 100
71 23 100
71 23 100
70 23 100
70 23 100
70 23 100
70 23 100
70 23 100
70 23 100
70 23 100
70 23 100
70 23 100
70 23 100
70 23 100
70 23 100
70 23 100
70 23 100
70 23 100
70 23 100
70 23 100
70 23 100
70 23 100
70 23 100
70 23 100
70 23 100
70 23 100
70 23 100
70 23 100
70 23 100
70 23 100
70 23 100
70 23 100
70 23 100
70 23 100
70 23 100
70 23 100
70 23 100
70 23 100
70 23 100
70 23 100
70 23 100
70 23 100
70 23 100
70 23 100
70 23 100
70 23 100
70 23 100
70 23 100
70 23 100
70 23 100
70 23 100
69 23 100
69 23 100
69 23 100
69 23 100
69 23 100
69 23 100
69 23 100
69 23 100
69 23 100
69 23 100
69 23 100
69 23 100
69 23 100
69 23 100
69 23 100
69 23 100
69 23 100
69 23 100
69 23 100
69 23 100
69 23 100
69 23 100
69 23 100
69 23 100
69 23 100
69 23 100
69 23 100
69 23 100
69 23 100
69 23 100
69 23 100
69 23 100
69 23 100
69 23 100
69 23 100
69 23 100
69 23 100
69 23 100
69 23 100
69 23 100
69 23 100
69 23 100
69 23 100
69 23 100
69 23 100
69 23 100
69 23 100
69 23 100
68 23 100
68 23 100
68 23 100
68 23 100
68 23 100
68 23 100
68 23 100
68 23 100
68 23 100
68 23 100
68 23 100
68 23 100
68 23 100
68 23 100
68 23 100
68 23 100
68 23 100
68 23 100
68 23 100
68 23 100
68 23 100
68 23 100
68 23 100
68 23 100
68 23 100
68 23 100
68 23 100
68 23 100
68 23 100
68 23 100
68 23 100
68 23 100
68 23 100
68 23 100
68 23 100
68 23 100
68 23 100
68 23 100
68 23 100
68 23 100
68 23 100
68 23 100
68 23 100
68 23 100
68 23 100
68 23 100
68 23 100
68 23 100
67 23 100
67 23 100
67 23 100
67 23 100
67 23 100
67 23 100
67 23 100
67 23 100
67 23 100
67 23 100
67 23 100
67 23 100
67 23 100
67 23 100
67 23 100
67 23 100
67 23 100
67 23 100
67 23 100
67 23 100
67 23 100
67 23 100
67 23 100
67 23 100
67 23 100
67 23 100
67 23 100
67 23 100
67 23 100
67 23 100
67 23 100
67 23 100
67 23 100
67 23 100
67 23 100
67 23 100
67 23 100
67 23 100
67 23 100
67 23 100
67 23 100
67 23 100
67 23 100
67 23 100
67 23 100
67 23 100
67 23 100
66 23 100
66 23 100
66 23 100
66 23 100
66 23 100
66 23 100
66 23 100
66 23 100
66 23 100
66 23 100
66 23 100
66 23 100
66 23 100
66 23 100
66 23 100
66 23 100
66 23 100
66 23 100
66 23 100
66 23 100
66 23 100
66 23 100
66 23 100
66 23 100
66 23 100
66 23 100
66 23 100
66 23 100
66 23 100
66 23 100
66 23 100
66 23 100
66 23 100
66 23 100
66 23 100
66 23 100
66 23 100
66 23 100
66 23 100
66 23 100
66 23 100
66 23 100
66 23 100
66 23 100
66 23 100
66 23 100
66 23 100
65 23 100
65 23 100
65 23 100
65 23 100
65 23 100
65 23 100
65 23 100
65 23 100
65 23 100
65 23 100
65 23 100
65 23 100
65 23 100
65 23 100
65 23 100
65 23 100
65 23 100
65 23 100
65 23 100
65 23 100
65 23 100
65 23 100
65 23 100
65 23 100
65 23 100
65 23 100
65 23 100
65 23 100
65 23 100
65 23 100
65 23 100
65 23 100
65 23 100
65 23 100
65 23 100
65 23 100
65 23 100
65 23 100
65 23 100
65 23 100
65 23 100
65 23 100
65 23 100
65 23 100
65 23 100
65 23 100
65 23 100
64 23 100
64 23 100
64 23 100
64 23 100
64 23 100
64 23 100
64 23 100
64 23 100
64 23 100
64 23 100
64 23 100
64 23 100
64 23 100
64 23 100
64 23 100
64 23 100
64 23 100
64 23 100
64 23 100
64 23 100
64 23 100
64 23 100
64 23 100
64 23 100
64 23 100
64 23 100
64 23 100
64 23 100
64 23 100
64 23 100
64 23 100
64 23 100
64 23 100
64 23 100
64 23 100
64 23 100
64 23 100
64 23 100
64 23 100
64 23 100
64 23 100
64 23 100
64 23 100
64 23 100
64 23 100
64 23 100
63 23 100
63 23 100
63 23 100
63 23 100
63 23 100
63 23 100
63 23 100
63 23 100
63 23 100
63 23 100
63 23 100
63 23 100
63 23 100
63 23 100
63 23 100
63 23 100
63 23 100
63 23 100
63 23 100
63 23 100
63 23 100
63 23 100
63 23 100
63 23 100
63 23 100
63 23 100
63 23 100
63 23 100
63 23 100
63 23 100
63 23 100
63 23 100
63 23 100
63 23 100
63 23 100
63 23 100
63 23 100
63 23 100
63 23 100
63 23 100
63 23 100
63 23 100
63 23 100
63 23 100
63 23 100
63 23 100
62 23 100
62 23 100
62 23 100
62 23 100
62 23 100
62 23 100
62 23 100
62 23 100
62 23 100
62 23 100
62 23 100
62 23 100
62 23 100
62 23 100
62 23 100
62 23 100
62 23 100
62 23 100
62 23 100
62 23 100
62 23 100
62 23 100
62 23 100
62 23 100
62 23 100
62 23 100
62 23 100
62 23 100
62 23 100
62 23 100
62 23 100
62 23 100
62 23 100
62 23 100
62 23 100
62 23 100
62 23 100
62 23 100
62 23 100
62 23 100
62 23 100
62 23 100
62 23 100
62 23 100
62 23 100
61 23 100
61 23 100
61 23 100
61 23 100
61 23 100
61 23 100
61 23 100
61 23 100
61 23 100
61 23 100
61 23 100
61 23 100
61 23 100
61 23 100
61 23 100
61 23 100
61 23 100
61 23 100
61 23 100
61 23 100
61 23 100
61 23 100
61 23 100
61 23 100
61 23 100
61 23 100
61 23 100
61 23 100
61 23 100
61 23 100
61 23 100
61 23 100
61 23 100
61 23 100
61 23 100
61 23 100
61 23 100
61 23 100
61 23 100
61 23 100
61 23 100
61 23 100
60 23 100
60 23 100
60 23 100
60 23 100
60 23 100
60 23 100
60 23 100
60 23 100
60 23 100
60 23 100
60 23 100
60 23 100
60 23 100
60 23 100
60 23 100
60 23 100
60 23 100
60 23 100
60 23 100
60 23 100
60 23 100
60 23 100
60 23 100
60 23 100
60 23 100
60 23 100
60 23 100
60 23 100
60 23 100
60 23 100
60 23 100
60 23 100
60 23 100
60 23 100
60 23 100
60 23 100
60 23 100
60 23 100
59 23 100
59 23 100
59 23 100
59 23 100
59 23 100
59 23 100
59 23 100
59 23 100
59 23 100
59 23 100
59 23 100
59 23 100
59 23 100
59 23 100
59 23 100
59 23 100
59 23 100
59 23 100
59 23 100
59 23 100
59 23 100
59 23 100
59 23 100
59 23 100
59 23 100
59 23 100
59 23 100
59 23 100
59 23 100
59 23 100
59 23 100
59 23 100
59 23 100
59 23 100
58 23 100
58 23 100
58 23 100
58 23 100
58 23 100
58 23 100
58 23 100
58 23 100
58 23 100
58 23 100
58 23 100
58 23 100
58 23 100
58 23 100
58 23 100
58 23 100
58 23 100
58 23 100
58 23 100
58 23 100
58 23 100
58 23 100
58 23 100
58 23 100
58 23 100
58 23 100
58 23 100
58 23 100
58 23 100
58 23 100
57 23 100
57 23 100
57 23 100
57 23 100
57 23 100
57 23 100
57 23 100
57 23 100
57 23 100
57 23 100
57 23 100
57 23 100
57 23 100
57 23 100
57 23 100
57 23 100
57 23 100
57 23 100
57 23 100
57 23 100
57 23 100
57 23 100
57 23 100
57 23 100
57 23 100
57 23 100
57 23 100
56 23 100
56 23 100
56 23 100
56 23 100
56 23 100
56 23 100
56 23 100
56 23 100
56 23 100
56 23 100
56 23 100
56 23 100
56 23 100
56 23 100
56 23 100
56 23 100
56 23 100
56 23 100
56 23 100
56 23 100
56 23 100
56 23 100
56 23 100
56 23 100
55 23 100
55 23 100
55 23 100
55 23 100
55 23 100
55 23 100
55 23 100
55 23 100
55 23 100
55 23 100
55 23 100
55 23 100
55 23 100
55 23 100
55 23 100
55 23 100
55 23 100
55 23 100
55 23 100
55 23 100
55 23 100
54 23 100
54 23 100
54 23 100
54 23 100
54 23 100
54 23 100
54 23 100
54 23 100
54 23 100
54 23 100
54 23 100
54 23 100
54 23 100
54 23 100
54 23 100
54 23 100
54 23 100
54 23 100
54 23 100
53 23 100
53 23 100
53 23 100
53 23 100
53 23 100
53 23 100
53 23 100
53 23 100
53 23 100
53 23 100
53 23 100
53 23 100
53 23 100
53 23 100
53 23 100
53 23 100
53 23 100
52 23 100
52 23 100
52 23 100
52 23 100
52 23 100
52 23 100
52 23 100
52 23 100
52 23 100
52 23 100
52 23 100
52 23 100
52 23 100
52 23 100
52 23 100
51 23 100
51 23 100
51 23 100
51 23 100
51 23 100
51 23 100
51 23 100
51 23 100
51 23 100
51 23 100
51 23 100
51 23 100
51 23 100
51 23 100
50 23 100
50 23 100
50 23 100
50 23 100
50 23 100
50 23 100
50 23 100
50 23 100
50 23 100
50 23 100
50 23 100
50 23 100
49 23 100
49 23 100
49 23 100
49 23 100
49 23 100
49 23 100
49 23 100
49 23 100
49 23 100
49 23 100
49 23 100
48 23 100
48 23 100
48 23 100
48 23 100
48 23 100
48 23 100
48 23 100
48 23 100
48 23 100
48 23 100
47 23 100
47 23 100
47 23 100
47 23 100
47 23 100
47 23 100
47 23 100
47 23 100
47 23 100
47 23 100
46 23 100
46 23 100
46 23 100
46 23 100
46 23 100
46 23 100
46 23 100
46 23 100
46 23 100
45 23 100
45 23 100
45 23 100
45 23 100
45 23 100
45 23 100
45 23 100
45 23 100
45 23 100
44 23 100
44 23 100
44 23 100
44 23 100
44 23 100
44 23 100
44 23 100
44 23 100
44 23 100
43 23 100
43 23 100
43 23 100
43 23 100
43 23 100
43 23 100
43 23 100
43 23 100
42 23 100
42 23 100
42 23 100
42 23 100
42 23 100
42 23 100
42 23 100
41 23 100
41 23 100
41 23 100
41 23 100
41 23 100
41 23 100
40 23 100
40 23 100
40 23 100
40 23 100
40 23 100
39 23 100
39 23 100
39 23 100
39 23 100
38 23 100
38 23 100
38 23 100
37 23 100
37 23 100
36 23 100
36 23 100
35 23 100
34 23 100
33 23 100
32 23 100
31 23 100
30 23 100
29 23 100
28 23 100
27 23 100
26 23 100
25 23 100
24 23 100
23 23 100
22 23 100
21 23 100
20 23 100
19 23 100
18 23 100
17 23 100
16 23 100
15 23 100
14 23 100
13 23 100
13 24 100
13 25 100
13 26 100
13 27 100
13 28 100
13 29 100
# move from (33,61) to (13,30)
33 61 100
32 61 100
31 61 100
30 61 100
29 61 100
28 61 100
28 61 100
27 61 100
27 61 100
26 61 100
26 61 100
25 61 100
25 61 100
25 61 100
24 61 100
24 61 100
24 61 100
23 61 100
23 61 100
23 61 100
22 61 100
22 61 100
22 61 100
21 61 100
21 61 100
21 61 100
20 61 100
20 61 100
20 61 100
19 61 100
19 61 100
18 61 100
18 61 100
17 61 100
17 61 100
16 61 100
16 61 100
15 61 100
15 61 100
14 61 100
14 61 100
# move from (103,186) to (13,30)
103 186 100
102 186 100
101 186 100
100 186 100
99 186 100
98 186 100
97 186 100
96 186 100
95 186 100
95 186 100
94 186 100
94 186 100
94 186 100
93 186 100
93 186 100
93 186 100
93 186 100
93 186 100
92 186 100
92 186 100
92 186 100
92 186 100
92 186 100
92 186 100
92 186 100
91 186 100
91 186 100
91 186 100
91 186 100
91 186 100
91 186 100
91 186 100
91 186 100
91 186 100
90 186 100
90 186 100
90 186 100
90 186 100
90 186 100
90 186 100
90 186 100
90 186 100
90 186 100
90 186 100
90 186 100
89 186 100
89 186 100
89 186 100
89 186 100
89 186 100
89 186 100
89 186 100
89 186 100
89 186 100
89 186 100
89 186 100
89 186 100
88 186 100
88 186 100
88 186 100
88 186 100
88 186 100
88 186 100
88 186 100
88 186 100
88 186 100
88 186 100
88 186 100
88 186 100
87 186 100
87 186 100
87 186 100
87 186 100
87 186 100
87 186 100
87 186 100
87 186 100
87 186 100
87 186 100
87 186 100
86 186 100
86 186 100
86 186 100
86 186 100
86 186 100
86 186 100
86 186 100
86 186 100
86 186 100
85 186 100
85 186 100
85 186 100
85 186 100
85 186 100
85 186 100
85 186 100
85 186 100
84 186 100
84 186 100
84 186 100
84 186 100
84 186 100
84 186 100
83 186 100
83 186 100
83 186 100
83 186 100
82 186 100
82 186 100
82 186 100
81 186 100
81 186 100
80 186 100
80 186 100
79 186 100
78 186 100
77 186 100
76 186 100
75 186 100
74 186 100
73 186 100
72 186 100
71 186 100
70 186 100
69 186 100
68 186 100
67 186 100
66 186 100
65 186 100
65 186 100
64 186 100
64 186 100
64 186 100
63 186 100
63 186 100
63 186 100
63 186 100
62 186 100
62 186 100
62 186 100
62 186 100
62 186 100
62 186 100
61 186 100
61 186 100
61 186 100
61 186 100
61 186 100
61 186 100
61 186 100
61 186 100
60 186 100
60 186 100
60 186 100
60 186 100
60 186 100
60 186 100
60 186 100
60 186 100
60 186 100
60 186 100
60 186 100
59 186 100
59 186 100
59 186 100
59 186 100
59 186 100
59 186 100
59 186 100
59 186 100
59 186 100
59 186 100
59 186 100
59 186 100
59 186 100
59 186 100
58 186 100
58 186 100
58 186 100
58 186 100
58 186 100
58 186 100
58 186 100
58 186 100
58 186 100
58 186 100
58 186 100
58 186 100
58 186 100
58 186 100
58 186 100
58 186 100
58 186 100
57 186 100
57 186 100
57 186 100
57 186 100
57 186 100
57 186 100
57 186 100
57 186 100
57 186 100
57 186 100
57 186 100
57 186 100
57 186 100
57 186 100
57 186 100
57 186 100
57 186 100
57 186 100
57 186 100
57 186 100
57 186 100
56 186 100
56 186 100
56 186 100
56 186 100
56 186 100
56 186 100
56 186 100
56 186 100
56 186 100
56 186 100
56 186 100
56 186 100
56 186 100
56 186 100
56 186 100
56 186 100
56 186 100
56 186 100
56 186 100
56 186 100
56 186 100
56 186 100
56 186 100
56 186 100
56 186 100
55 186 100
55 186 100
55 186 100
55 186 100
55 186 100
55 186 100
55 186 100
55 186 100
55 186 100
55 186 100
55 186 100
55 186 100
55 186 100
55 186 100
55 186 100
55 186 100
55 186 100
55 186 100
55 186 100
55 186 100
55 186 100
55 186 100
55 186 100
55 186 100
55 186 100
55 186 100
55 186 100
55 186 100
55 186 100
54 186 100
54 186 100
54 186 100
54 186 100
54 186 100
54 186 100
54 186 100
54 186 100
54 186 100
54 186 100
54 186 100
54 186 100
54 186 100
54 186 100
54 186 100
54 186 100
54 186 100
54 186 100
54 186 100
54 186 100
54 186 100
54 186 100
54 186 100
54 186 100
54 186 100
54 186 100
54 186 100
54 186 100
54 186 100
54 186 100
54 186 100
54 186 100
54 186 100
53 186 100
53 186 100
53 186 100
53 186 100
53 186 100
53 186 100
53 186 100
53 186 100
53 186 100
53 186 100
53 186 100
53 186 100
53 186 100
53 186 100
53 186 100
53 186 100
53 186 100
53 186 100
53 186 100
53 186 100
53 186 100
53 186 100
53 186 100
53 186 100
53 186 100
53 186 100
53 186 100
53 186 100
53 186 100
53 186 100
53 186 100
53 186 100
53 186 100
53 186 100
53 186 100
53 186 100
53 186 100
52 186 100
52 186 100
52 186 100
52 186 100
52 186 100
52 186 100
52 186 100
52 186 100
52 186 100
52 186 100
52 186 100
52 186 100
52 186 100
52 186 100
52 186 100
52 186 100
52 186 100
52 186 100
52 186 100
52 186 100
52 186 100
52 186 100
52 186 100
52 186 100
52 186 100
52 186 100
52 186 100
52 186 100
52 186 100
52 186 100
52 186 100
52 186 100
52 186 100
52 186 100
52 186 100
52 186 100
52 186 100
52 186 100
52 186 100
52 186 100
52 186 100
51 186 100
51 186 100
51 186 100
51 186 100
51 186 100
51 186 100
51 186 100
51 186 100
51 186 100
51 186 100
51 186 100
51 186 100
51 186 100
51 186 100
51 186 100
51 186 100
51 186 100
51 186 100
51 186 100
51 186 100
51 186 100
51 186 100
51 186 100
51 186 100
51 186 100
51 186 100
51 186 100
51 186 100
51 186 100
51 186 100
51 186 100
51 186 100
51 186 100
51 186 100
51 186 100
51 186 100
51 186 100
51 186 100
51 186 100
51 186 100
51 186 100
51 186 100
51 186 100
51 186 100
50 186 100
50 186 100
50 186 100
50 186 100
50 186 100
50 186 100
50 186 100
50 186 100
50 186 100
50 186 100
50 186 100
50 186 100
50 186 100
50 186 100
50 186 100
50 186 100
50 186 100
50 186 100
50 186 100
50 186 100
50 186 100
50 186 100
50 186 100
50 186 100
50 186 100
50 186 100
50 186 100
50 186 100
50 186 100
50 186 100
50 186 100
50 186 100
50 186 100
50 186 100
50 186 100
50 186 100
50 186 100
50 186 100
50 186 100
50 186 100
50 186 100
50 186 100
50 186 100
50 186 100
50 186 100
50 186 100
49 186 100
49 186 100
49 186 100
49 186 100
49 186 100
49 186 100
49 186 100
49 186 100
49 186 100
49 186 100
49 186 100
49 186 100
49 186 100
49 186 100
49 186 100
49 186 100
49 186 100
49 186 100
49 186 100
49 186 100
49 186 100
49 186 100
49 186 100
49 186 100
49 186 100
49 186 100
49 186 100
49 186 100
49 186 100
49 186 100
49 186 100
49 186 100
49 186 100
49 186 100
49 186 100
49 186 100
49 186 100
49 186 100
49 186 100
49 186 100
49 186 100
49 186 100
49 186 100
49 186 100
49 186 100
49 186 100
49 186 100
49 186 100
48 186 100
48 186 100
48 186 100
48 186 100
48 186 100
48 186 100
48 186 100
48 186 100
48 186 100
48 186 100
48 186 100
48 186 100
48 186 100
48 186 100
48 186 100
48 186 100
48 186 100
48 186 100
48 186 100
48 186 100
48 186 100
48 186 100
48 186 100
48 186 100
48 186 100
48 186 100
48 186 100
48 186 100
48 186 100
48 186 100
48 186 100
48 186 100
48 186 100
48 186 100
48 186 100
48 186 100
48 186 100
48 186 100
48 186 100
48 186 100
48 186 100
48 186 100
48 186 100
48 186 100
48 186 100
48 186 100
48 186 100
48 186 100
48 186 100
47 186 100
47 186 100
47 186 100
47 186 100
47 186 100
47 186 100
47 186 100
47 186 100
47 186 100
47 186 100
47 186 100
47 186 100
47 186 100
47 186 100
47 186 100
47 186 100
47 186 100
47 186 100
47 186 100
47 186 100
47 186 100
47 186 100
47 186 100
47 186 100
47 186 100
47 186 100
47 186 100
47 186 100
47 186 100
47 186 100
47 186 100
47 186 100
47 186 100
47 186 100
47 186 100
47 186 100
47 186 100
47 186 100
47 186 100
47 186 100
47 186 100
47 186 100
47 186 100
47 186 100
47 186 100
47 186 100
47 186 100
47 186 100
47 186 100
46 186 100
46 186 100
46 186 100
46 186 100
46 186 100
46 186 100
46 186 100
46 186 100
46 186 100
46 186 100
46 186 100
46 186 100
46 186 100
46 186 100
46 186 100
46 186 100
46 186 100
46 186 100
46 186 100
46 186 100
46 186 100
46 186 100
46 186 100
46 186 100
46 186 100
46 186 100
46 186 100
46 186 100
46 186 100
46 186 100
46 186 100
46 186 100
46 186 100
46 186 100
46 186 100
46 186 100
46 186 100
46 186 100
46 186 100
46 186 100
46 186 100
46 186 100
46 186 100
46 186 100
46 186 100
46 186 100
46 186 100
46 186 100
46 186 100
46 186 100
45 186 100
45 186 100
45 186 100
45 186 100
45 186 100
45 186 100
45 186 100
45 186 100
45 186 100
45 186 100
45 186 100
45 186 100
45 186 100
45 186 100
45 186 100
45 186 100
45 186 100
45 186 100
45 186 100
45 186 100
45 186 100
45 186 100
45 186 100
45 186 100
45 186 100
45 186 100
45 186 100
45 186 100
45 186 100
45 186 100
45 186 100
45 186 100
45 186 100
45 186 100
45 186 100
45 186 100
45 186 100
45 186 100
45 186 100
45 186 100
45 186 100
45 186 100
45 186 100
45 186 100
45 186 100
45 186 100
45 186 100
45 186 100
45 186 100
45 186 100
44 186 100
44 186 100
44 186 100
44 186 100
44 186 100
44 186 100
44 186 100
44 186 100
44 186 100
44 186 100
44 186 100
44 186 100
44 186 100
44 186 100
44 186 100
44 186 100
44 186 100
44 186 100
44 186 100
44 186 100
44 186 100
44 186 100
44 186 100
44 186 100
44 186 100
44 186 100
44 186 100
44 186 100
44 186 100
44 186 100
44 186 100
44 186 100
44 186 100
44 186 100
44 186 100
44 186 100
44 186 100
44 186 100
44 186 100
44 186 100
44 186 100
44 186 100
44 186 100
44 186 100
44 186 100
44 186 100
44 186 100
44 186 100
44 186 100
44 186 100
43 186 100
43 186 100
43 186 100
43 186 100
43 186 100
43 186 100
43 186 100
43 186 100
43 186 100
43 186 100
43 186 100
43 186 100
43 186 100
43 186 100
43 186 100
43 186 100
43 186 100
43 186 100
43 186 100
43 186 100
43 186 100
43 186 100
43 186 100
43 186 100
43 186 100
43 186 100
43 186 100
43 186 100
43 186 100
43 186 100
43 186 100
43 186 100
43 186 100
43 186 100
43 186 100
43 186 100
43 186 100
43 186 100
43 186 100
43 186 100
43 186 100
43 186 100
43 186 100
43 186 100
43 186 100
43 186 100
43 186 100
43 186 100
43 186 100
43 186 100
42 186 100
42 186 100
42 186 100
42 186 100
42 186 100
42 186 100
42 186 100
42 186 100
42 186 100
42 186 100
42 186 100
42 186 100
42 186 100
42 186 100
42 186 100
42 186 100
42 186 100
42 186 100
42 186 100
42 186 100
42 186 100
42 186 100
42 186 100
42 186 100
42 186 100
42 186 100
42 186 100
42 186 100
42 186 100
42 186 100
42 186 100
42 186 100
42 186 100
42 186 100
42 186 100
42 186 100
42 186 100
42 186 100
42 186 100
42 186 100
42 186 100
42 186 100
42 186 100
42 186 100
42 186 100
42 186 100
42 186 100
42 186 100
42 186 100
41 186 100
41 186 100
41 186 100
41 186 100
41 186 100
41 186 100
41 186 100
41 186 100
41 186 100
41 186 100
41 186 100
41 186 100
41 186 100
41 186 100
41 186 100
41 186 100
41 186 100
41 186 100
41 186 100
41 186 100
41 186 100
41 186 100
41 186 100
41 186 100
41 186 100
41 186 100
41 186 100
41 186 100
41 186 100
41 186 100
41 186 100
41 186 100
41 186 100
41 186 100
41 186 100
41 186 100
41 186 100
41 186 100
41 186 100
41 186 100
41 186 100
41 186 100
41 186 100
41 186 100
41 186 100
41 186 100
41 186 100
41 186 100
40 186 100
40 186 100
40 186 100
40 186 100
40 186 100
40 186 100
40 186 100
40 186 100
40 186 100
40 186 100
40 186 100
40 186 100
40 186 100
40 186 100
40 186 100
40 186 100
40 186 100
40 186 100
40 186 100
40 186 100
40 186 100
40 186 100
40 186 100
40 186 100
40 186 100
40 186 100
40 186 100
40 186 100
40 186 100
40 186 100
40 186 100
40 186 100
40 186 100
40 186 100
40 186 100
40 186 100
40 186 100
40 186 100
40 186 100
40 186 100
40 186 100
40 186 100
40 186 100
40 186 100
40 186 100
40 186 100
40 186 100
39 186 100
39 186 100
39 186 100
39 186 100
39 186 100
39 186 100
39 186 100
39 186 100
39 186 100
39 186 100
39 186 100
39 186 100
39 186 100
39 186 100
39 186 100
39 186 100
39 186 100
39 186 100
39 186 100
39 186 100
39 186 100
39 186 100
39 186 100
39 186 100
39 186 100
39 186 100
39 186 100
39 186 100
39 186 100
39 186 100
39 186 100
39 186 100
39 186 100
39 186 100
39 186 100
39 186 100
39 186 100
39 186 100
39 186 100
39 186 100
39 186 100
39 186 100
39 186 100
39 186 100
38 186 100
38 186 100
38 186 100
38 186 100
38 186 100
38 186 100
38 186 100
38 186 100
38 186 100
38 186 100
38 186 100
38 186 100
38 186 100
38 186 100
38 186 100
38 186 100
38 186 100
38 186 100
38 186 100
38 186 100
38 186 100
38 186 100
38 186 100
38 186 100
38 186 100
38 186 100
38 186 100
38 186 100
38 186 100
38 186 100
38 186 100
38 186 100
38 186 100
38 186 100
38 186 100
38 186 100
38 186 100
38 186 100
38 186 100
38 186 100
38 186 100
37 186 100
37 186 100
37 186 100
37 186 100
37 186 100
37 186 100
37 186 100
37 186 100
37 186 100
37 186 100
37 186 100
37 186 100
37 186 100
37 186 100
37 186 100
37 186 100
37 186 100
37 186 100
37 186 100
37 186 100
37 186 100
37 186 100
37 186 100
37 186 100
37 186 100
37 186 100
37 186 100
37 186 100
37 186 100
37 186 100
37 186 100
37 186 100
37 186 100
37 186 100
37 186 100
37 186 100
37 186 100
37 186 100
36 186 100
36 186 100
36 186 100
36 186 100
36 186 100
36 186 100
36 186 100
36 186 100
36 186 100
36 186 100
36 186 100
36 186 100
36 186 100
36 186 100
36 186 100
36 186 100
36 186 100
36 186 100
36 186 100
36 186 100
36 186 100
36 186 100
36 186 100
36 186 100
36 186 100
36 186 100
36 186 100
36 186 100
36 186 100
36 186 100
36 186 100
36 186 100
36 186 100
36 186 100
35 186 100
35 186 100
35 186 100
35 186 100
35 186 100
35 186 100
35 186 100
35 186 100
35 186 100
35 186 100
35 186 100
35 186 100
35 186 100
35 186 100
35 186 100
35 186 100
35 186 100
35 186 100
35 186 100
35 186 100
35 186 100
35 186 100
35 186 100
35 186 100
35 186 100
35 186 100
35 186 100
35 186 100
35 186 100
35 186 100
35 186 100
34 186 100
34 186 100
34 186 100
34 186 100
34 186 100
34 186 100
34 186 100
34 186 100
34 186 100
34 186 100
34 186 100
34 186 100
34 186 100
34 186 100
34 186 100
34 186 100
34 186 100
34 186 100
34 186 100
34 186 100
34 186 100
34 186 100
34 186 100
34 186 100
34 186 100
34 186 100
34 186 100
34 186 100
34 186 100
33 186 100
33 186 100
33 186 100
33 186 100
33 186 100
33 186 100
33 186 100
33 186 100
33 186 100
33 186 100
33 186 100
33 186 100
33 186 100
33 186 100
33 186 100
33 186 100
33 186 100
33 186 100
33 186 100
33 186 100
33 186 100
33 186 100
33 186 100
33 186 100
33 186 100
33 186 100
32 186 100
32 186 100
32 186 100
32 186 100
32 186 100
32 186 100
32 186 100
32 186 100
32 186 100
32 186 100
32 186 100
32 186 100
32 186 100
32 186 100
32 186 100
32 186 100
32 186 100
32 186 100
32 186 100
32 186 100
32 186 100
32 186 100
32 186 100
32 186 100
31 186 100
31 186 100
31 186 100
31 186 100
31 186 100
31 186 100
31 186 100
31 186 100
31 186 100
31 186 100
31 186 100
31 186 100
31 186 100
31 186 100
31 186 100
31 186 100
31 186 100
31 186 100
31 186 100
31 186 100
31 186 100
31 186 100
31 186 100
30 186 100
30 186 100
30 186 100
30 186 100
30 186 100
30 186 100
30 186 100
30 186 100
30 186 100
30 186 100
30 186 100
30 186 100
30 186 100
30 186 100
30 186 100
30 186 100
30 186 100
30 186 100
30 186 100
30 186 100
30 186 100
30 186 100
29 186 100
29 186 100
29 186 100
29 186 100
29 186 100
29 186 100
29 186 100
29 186 100
29 186 100
29 186 100
29 186 100
29 186 100
29 186 100
29 186 100
29 186 100
29 186 100
29 186 100
29 186 100
29 186 100
29 186 100
29 186 100
28 186 100
28 186 100
28 186 100
28 186 100
28 186 100
28 186 100
28 186 100
28 186 100
28 186 100
28 186 100
28 186 100
28 186 100
28 186 100
28 186 100
28 186 100
28 186 100
28 186 100
28 186 100
28 186 100
28 186 100
27 186 100
27 186 100
27 186 100
27 186 100
27 186 100
27 186 100
27 186 100
27 186 100
27 186 100
27 186 100
27 186 100
27 186 100
27 186 100
27 186 100
27 186 100
27 186 100
27 186 100
27 186 100
27 186 100
27 186 100
27 186 100
26 186 100
26 186 100
26 186 100
26 186 100
26 186 100
26 186 100
26 186 100
26 186 100
26 186 100
26 186 100
26 186 100
26 186 100
26 186 100
26 186 100
26 186 100
26 186 100
26 186 100
26 186 100
26 186 100
26 186 100
26 186 100
25 186 100
25 186 100
25 186 100
25 186 100
25 186 100
25 186 100
25 186 100
25 186 100
25 186 100
25 186 100
25 186 100
25 186 100
25 186 100
25 186 100
25 186 100
25 186 100
25 186 100
25 186 100
25 186 100
25 186 100
25 186 100
25 186 100
24 186 100
24 186 100
24 186 100
24 186 100
24 186 100
24 186 100
24 186 100
24 186 100
24 186 100
24 186 100
24 186 100
24 186 100
24 186 100
24 186 100
24 186 100
24 186 100
24 186 100
24 186 100
24 186 100
24 186 100
24 186 100
24 186 100
24 186 100
24 186 100
23 186 100
23 186 100
23 186 100
23 186 100
23 186 100
23 186 100
23 186 100
23 186 100
23 186 100
23 186 100
23 186 100
23 186 100
23 186 100
23 186 100
23 186 100
23 186 100
23 186 100
23 186 100
23 186 100
23 186 100
23 186 100
23 186 100
23 186 100
23 186 100
23 186 100
23 186 100
22 186 100
22 186 100
22 186 100
22 186 100
22 186 100
22 186 100
22 186 100
22 186 100
22 186 100
22 186 100
22 186 100
22 186 100
22 186 100
22 186 100
22 186 100
22 186 100
22 186 100
22 186 100
22 186 100
22 186 100
22 186 100
22 186 100
22 186 100
22 186 100
22 186 100
22 186 100
22 186 100
22 186 100
21 186 100
21 186 100
21 186 100
21 186 100
21 186 100
21 186 100
21 186 100
21 186 100
21 186 100
21 186 100
21 186 100
21 186 100
21 186 100
21 186 100
21 186 100
21 186 100
21 186 100
21 186 100
21 186 100
21 186 100
21 186 100
21 186 100
21 186 100
21 186 100
21 186 100
21 186 100
21 186 100
21 186 100
21 186 100
21 186 100
20 186 100
20 186 100
20 186 100
20 186 100
20 186 100
20 186 100
20 186 100
20 186 100
20 186 100
20 186 100
20 186 100
20 186 100
20 186 100
20 186 100
20 186 100
20 186 100
20 186 100
20 186 100
20 186 100
20 186 100
20 186 100
20 186 100
20 186 100
20 186 100
20 186 100
20 186 100
20 186 100
20 186 100
20 186 100
20 186 100
20 186 100
20 186 100
19 186 100
19 186 100
19 186 100
19 186 100
19 186 100
19 186 100
19 186 100
19 186 100
19 186 100
19 186 100
19 186 100
19 186 100
19 186 100
19 186 100
19 186 100
19 186 100
19 186 100
19 186 100
19 186 100
19 186 100
19 186 100
19 186 100
19 186 100
19 186 100
19 186 100
19 186 100
19 186 100
19 186 100
19 186 100
19 186 100
19 186 100
19 186 100
19 186 100
18 186 100
18 186 100
18 186 100
18 186 100
18 186 100
18 186 100
18 186 100
18 186 100
18 186 100
18 186 100
18 186 100
18 186 100
18 186 100
18 186 100
18 186 100
18 186 100
18 186 100
18 186 100
18 186 100
18 186 100
18 186 100
18 186 100
18 186 100
18 186 100
18 186 100
18 186 100
18 186 100
18 186 100
18 186 100
18 186 100
18 186 100
18 186 100
18 186 100
18 186 100
17 186 100
17 186 100
17 186 100
17 186 100
17 186 100
17 186 100
17 186 100
17 186 100
17 186 100
17 186 100
17 186 100
17 186 100
17 186 100
17 186 100
17 186 100
17 186 100
17 186 100
17 186 100
17 186 100
17 186 100
17 186 100
17 186 100
17 186 100
17 186 100
17 186 100
17 186 100
17 186 100
17 186 100
17 186 100
17 186 100
17 186 100
17 186 100
17 186 100
17 186 100
17 186 100
16 186 100
16 186 100
16 186 100
16 186 100
16 186 100
16 186 100
16 186 100
16 186 100
16 186 100
16 186 100
16 186 100
16 186 100
16 186 100
16 186 100
16 186 100
16 186 100
16 186 100
16 186 100
16 186 100
16 186 100
16 186 100
16 186 100
16 186 100
16 186 100
16 186 100
16 186 100
16 186 100
16 186 100
16 186 100
16 186 100
16 186 100
16 186 100
16 186 100
16 186 100
16 186 100
15 186 100
15 186 100
15 186 100
15 186 100
15 186 100
15 186 100
15 186 100
15 186 100
15 186 100
15 186 100
15 186 100
15 186 100
15 186 100
15 186 100
15 186 100
15 186 100
15 186 100
15 186 100
15 186 100
15 186 100
15 186 100
15 186 100
15 186 100
15 186 100
15 186 100
15 186 100
15 186 100
15 186 100
15 186 100
15 186 100
15 186 100
15 186 100
15 186 100
15 186 100
15 186 100
14 186 100
14 186 100
14 186 100
14 186 100
14 186 100
14 186 100
14 186 100
14 186 100
14 186 100
14 186 100
14 186 100
14 186 100
14 186 100
14 186 100
14 186 100
14 186 100
14 186 100
14 186 100
14 186 100
14 186 100
14 186 100
14 186 100
14 186 100
14 186 100
14 186 100
14 186 100
14 186 100
14 186 100
14 186 100
14 186 100
14 186 100
14 186 100
14 186 100
14 186 100
14 186 100
13 186 100
13 186 100
13 186 100
13 186 100
13 186 100
13 186 100
13 186 100
13 186 100
13 186 100
13 186 100
13 186 100
13 186 100
13 186 100
13 186 100
13 186 100
13 186 100
13 186 100
13 186 100
13 186 100
13 186 100
13 186 100
13 186 100
13 186 100
13 186 100
13 186 100
13 186 100
13 186 100
13 186 100
13 186 100
13 186 100
13 186 100
13 186 100
13 186 100
13 186 100
13 185 100
13 185 100
13 185 100
13 185 100
13 185 100
13 185 100
13 185 100
13 185 100
13 185 100
13 185 100
13 185 100
13 185 100
13 185 100
13 185 100
13 185 100
13 185 100
13 185 100
13 185 100
13 185 100
13 185 100
13 185 100
13 185 100
13 185 100
13 185 100
13 185 100
13 185 100
13 185 100
13 185 100
13 185 100
13 185 100
# move from (182,135) to (13,30)
182 135 100
181 135 100
180 135 100
179 135 100
178 135 100
177 135 100
176 135 100
175 135 100
174 135 100
174 135 100
173 135 100
173 135 100
173 135 100
173 135 100
172 135 100
172 135 100
172 135 100
172 135 100
172 135 100
172 135 100
172 135 100
171 135 100
171 135 100
171 135 100
171 135 100
171 135 100
171 135 100
171 135 100
171 135 100
171 135 100
171 135 100
171 135 100
171 135 100
170 135 100
170 135 100
170 135 100
170 135 100
170 135 100
170 135 100
170 135 100
170 135 100
170 135 100
170 135 100
170 135 100
170 135 100
170 135 100
170 135 100
170 135 100
170 135 100
170 135 100
169 135 100
169 135 100
169 135 100
169 135 100
169 135 100
169 135 100
169 135 100
169 135 100
169 135 100
169 135 100
169 135 100
169 135 100
169 135 100
169 135 100
169 135 100
169 135 100
169 135 100
169 135 100
169 135 100
169 135 100
169 135 100
169 135 100
168 135 100
168 135 100
168 135 100
168 135 100
168 135 100
168 135 100
168 135 100
168 135 100
168 135 100
168 135 100
168 135 100
168 135 100
168 135 100
168 135 100
168 135 100
168 135 100
168 135 100
168 135 100
168 135 100
168 135 100
168 135 100
168 135 100
168 135 100
168 135 100
168 135 100
168 135 100
167 135 100
167 135 100
167 135 100
167 135 100
167 135 100
167 135 100
167 135 100
167 135 100
167 135 100
167 135 100
167 135 100
167 135 100
167 135 100
167 135 100
167 135 100
167 135 100
167 135 100
167 135 100
167 135 100
167 135 100
167 135 100
167 135 100
167 135 100
167 135 100
167 135 100
167 135 100
167 135 100
167 135 100
167 135 100
167 135 100
166 135 100
166 135 100
166 135 100
166 135 100
166 135 100
166 135 100
166 135 100
166 135 100
166 135 100
166 135 100
166 135 100
166 135 100
166 135 100
166 135 100
166 135 100
166 135 100
166 135 100
166 135 100
166 135 100
166 135 100
166 135 100
166 135 100
166 135 100
166 135 100
166 135 100
166 135 100
166 135 100
166 135 100
166 135 100
166 135 100
166 135 100
166 135 100
165 135 100
165 135 100
165 135 100
165 135 100
165 135 100
165 135 100
165 135 100
165 135 100
165 135 100
165 135 100
165 135 100
165 135 100
165 135 100
165 135 100
165 135 100
165 135 100
165 135 100
165 135 100
165 135 100
165 135 100
165 135 100
165 135 100
165 135 100
165 135 100
165 135 100
165 135 100
165 135 100
165 135 100
165 135 100
165 135 100
165 135 100
165 135 100
165 135 100
164 135 100
164 135 100
164 135 100
164 135 100
164 135 100
164 135 100
164 135 100
164 135 100
164 135 100
164 135 100
164 135 100
164 135 100
164 135 100
164 135 100
164 135 100
164 135 100
164 135 100
164 135 100
164 135 100
164 135 100
164 135 100
164 135 100
164 135 100
164 135 100
164 135 100
164 135 100
164 135 100
164 135 100
164 135 100
164 135 100
164 135 100
164 135 100
164 135 100
163 135 100
163 135 100
163 135 100
163 135 100
163 135 100
163 135 100
163 135 100
163 135 100
163 135 100
163 135 100
163 135 100
163 135 100
163 135 100
163 135 100
163 135 100
163 135 100
163 135 100
163 135 100
163 135 100
163 135 100
163 135 100
163 135 100
163 135 100
163 135 100
163 135 100
163 135 100
163 135 100
163 135 100
163 135 100
163 135 100
163 135 100
163 135 100
163 135 100
162 135 100
162 135 100
162 135 100
162 135 100
162 135 100
162 135 100
162 135 100
162 135 100
162 135 100
162 135 100
162 135 100
162 135 100
162 135 100
162 135 100
162 135 100
162 135 100
162 135 100
162 135 100
162 135 100
162 135 100
162 135 100
162 135 100
162 135 100
162 135 100
162 135 100
162 135 100
162 135 100
162 135 100
162 135 100
162 135 100
162 135 100
162 135 100
161 135 100
161 135 100
161 135 100
161 135 100
161 135 100
161 135 100
161 135 100
161 135 100
161 135 100
161 135 100
161 135 100
161 135 100
161 135 100
161 135 100
161 135 100
161 135 100
161 135 100
161 135 100
161 135 100
161 135 100
161 135 100
161 135 100
161 135 100
161 135 100
161 135 100
161 135 100
161 135 100
161 135 100
161 135 100
161 135 100
160 135 100
160 135 100
160 135 100
160 135 100
160 135 100
160 135 100
160 135 100
160 135 100
160 135 100
160 135 100
160 135 100
160 135 100
160 135 100
160 135 100
160 135 100
160 135 100
160 135 100
160 135 100
160 135 100
160 135 100
160 135 100
160 135 100
160 135 100
160 135 100
160 135 100
160 135 100
160 135 100
159 135 100
159 135 100
159 135 100
159 135 100
159 135 100
159 135 100
159 135 100
159 135 100
159 135 100
159 135 100
159 135 100
159 135 100
159 135 100
159 135 100
159 135 100
159 135 100
159 135 100
159 135 100
159 135 100
159 135 100
159 135 100
159 135 100
159 135 100
159 135 100
159 135 100
158 135 100
158 135 100
158 135 100
158 135 100
158 135 100
158 135 100
158 135 100
158 135 100
158 135 100
158 135 100
158 135 100
158 135 100
158 135 100
158 135 100
158 135 100
158 135 100
158 135 100
158 135 100
158 135 100
158 135 100
158 135 100
158 135 100
157 135 100
157 135 100
157 135 100
157 135 100
157 135 100
157 135 100
157 135 100
157 135 100
157 135 100
157 135 100
157 135 100
157 135 100
157 135 100
157 135 100
157 135 100
157 135 100
157 135 100
157 135 100
157 135 100
156 135 100
156 135 100
156 135 100
156 135 100
156 135 100
156 135 100
156 135 100
156 135 100
156 135 100
156 135 100
156 135 100
156 135 100
156 135 100
156 135 100
156 135 100
155 135 100
155 135 100
155 135 100
155 135 100
155 135 100
155 135 100
155 135 100
155 135 100
155 135 100
155 135 100
155 135 100
154 135 100
154 135 100
154 135 100
154 135 100
154 135 100
154 135 100
154 135 100
154 135 100
153 135 100
153 135 100
153 135 100
153 135 100
153 135 100
152 135 100
152 135 100
152 135 100
151 135 100
151 135 100
150 135 100
149 135 100
148 135 100
147 135 100
146 135 100
145 135 100
144 135 100
143 135 100
142 135 100
141 135 100
140 135 100
139 135 100
138 135 100
138 135 100
137 135 100
137 135 100
136 135 100
136 135 100
136 135 100
135 135 100
135 135 100
135 135 100
134 135 100
134 135 100
134 135 100
134 135 100
133 135 100
133 135 100
133 135 100
133 135 100
133 135 100
133 135 100
132 135 100
132 135 100
132 135 100
132 135 100
132 135 100
132 135 100
132 135 100
131 135 100
131 135 100
131 135 100
131 135 100
131 135 100
131 135 100
131 135 100
131 135 100
131 135 100
130 135 100
130 135 100
130 135 100
130 135 100
130 135 100
130 135 100
130 135 100
130 135 100
130 135 100
130 135 100
130 135 100
129 135 100
129 135 100
129 135 100
129 135 100
129 135 100
129 135 100
129 135 100
129 135 100
129 135 100
129 135 100
129 135 100
129 135 100
129 135 100
128 135 100
128 135 100
128 135 100
128 135 100
128 135 100
128 135 100
128 135 100
128 135 100
128 135 100
128 135 100
128 135 100
128 135 100
128 135 100
128 135 100
128 135 100
127 135 100
127 135 100
127 135 100
127 135 100
127 135 100
127 135 100
127 135 100
127 135 100
127 135 100
127 135 100
127 135 100
127 135 100
127 135 100
127 135 100
127 135 100
127 135 100
127 135 100
126 135 100
126 135 100
126 135 100
126 135 100
126 135 100
126 135 100
126 135 100
126 135 100
126 135 100
126 135 100
126 135 100
126 135 100
126 135 100
126 135 100
126 135 100
126 135 100
126 135 100
126 135 100
126 135 100
125 135 100
125 135 100
125 135 100
125 135 100
125 135 100
125 135 100
125 135 100
125 135 100
125 135 100
125 135 100
125 135 100
125 135 100
125 135 100
125 135 100
125 135 100
125 135 100
125 135 100
125 135 100
125 135 100
125 135 100
125 135 100
124 135 100
124 135 100
124 135 100
124 135 100
124 135 100
124 135 100
124 135 100
124 135 100
124 135 100
124 135 100
124 135 100
124 135 100
124 135 100
124 135 100
124 135 100
124 135 100
124 135 100
124 135 100
124 135 100
124 135 100
124 135 100
124 135 100
123 135 100
123 135 100
123 135 100
123 135 100
123 135 100
123 135 100
123 135 100
123 135 100
123 135 100
123 135 100
123 135 100
123 135 100
123 135 100
123 135 100
123 135 100
123 135 100
123 135 100
123 135 100
123 135 100
123 135 100
123 135 100
123 135 100
122 135 100
122 135 100
122 135 100
122 135 100
122 135 100
122 135 100
122 135 100
122 135 100
122 135 100
122 135 100
122 135 100
122 135 100
122 135 100
122 135 100
122 135 100
122 135 100
122 135 100
122 135 100
122 135 100
122 135 100
122 135 100
122 135 100
121 135 100
121 135 100
121 135 100
121 135 100
121 135 100
121 135 100
121 135 100
121 135 100
121 135 100
121 135 100
121 135 100
121 135 100
121 135 100
121 135 100
121 135 100
121 135 100
121 135 100
121 135 100
121 135 100
121 135 100
121 135 100
120 135 100
120 135 100
120 135 100
120 135 100
120 135 100
120 135 100
120 135 100
120 135 100
120 135 100
120 135 100
120 135 100
120 135 100
120 135 100
120 135 100
120 135 100
120 135 100
120 135 100
120 135 100
120 135 100
120 135 100
119 135 100
119 135 100
119 135 100
119 135 100
119 135 100
119 135 100
119 135 100
119 135 100
119 135 100
119 135 100
119 135 100
119 135 100
119 135 100
119 135 100
119 135 100
119 135 100
119 135 100
118 135 100
118 135 100
118 135 100
118 135 100
118 135 100
118 135 100
118 135 100
118 135 100
118 135 100
118 135 100
118 135 100
118 135 100
118 135 100
118 135 100
117 135 100
117 135 100
117 135 100
117 135 100
117 135 100
117 135 100
117 135 100
117 135 100
117 135 100
117 135 100
117 135 100
116 135 100
116 135 100
116 135 100
116 135 100
116 135 100
116 135 100
116 135 100
116 135 100
115 135 100
115 135 100
115 135 100
115 135 100
115 135 100
115 135 100
114 135 100
114 135 100
114 135 100
114 135 100
113 135 100
113 135 100
113 135 100
112 135 100
112 135 100
111 135 100
111 135 100
110 135 100
109 135 100
108 135 100
107 135 100
106 135 100
105 135 100
104 135 100
103 135 100
102 135 100
101 135 100
100 135 100
99 135 100
98 135 100
97 135 100
96 135 100
95 135 100
94 135 100
93 135 100
92 135 100
91 135 100
90 135 100
89 135 100
88 135 100
87 135 100
86 135 100
85 135 100
84 135 100
83 135 100
82 135 100
81 135 100
80 135 100
79 135 100
78 135 100
77 135 100
76 135 100
75 135 100
74 135 100
73 135 100
72 135 100
71 135 100
70 135 100
70 135 100
69 135 100
69 135 100
69 135 100
68 135 100
68 135 100
68 135 100
68 135 100
67 135 100
67 135 100
67 135 100
67 135 100
67 135 100
67 135 100
66 135 100
66 135 100
66 135 100
66 135 100
66 135 100
66 135 100
66 135 100
66 135 100
66 135 100
65 135 100
65 135 100
65 135 100
65 135 100
65 135 100
65 135 100
65 135 100
65 135 100
65 135 100
65 135 100
65 135 100
64 135 100
64 135 100
64 135 100
64 135 100
64 135 100
64 135 100
64 135 100
64 135 100
64 135 100
64 135 100
64 135 100
64 135 100
64 135 100
63 135 100
63 135 100
63 135 100
63 135 100
63 135 100
63 135 100
63 135 100
63 135 100
63 135 100
63 135 100
63 135 100
63 135 100
63 135 100
63 135 100
62 135 100
62 135 100
62 135 100
62 135 100
62 135 100
62 135 100
62 135 100
62 135 100
62 135 100
62 135 100
62 135 100
62 135 100
62 135 100
62 135 100
61 135 100
61 135 100
61 135 100
61 135 100
61 135 100
61 135 100
61 135 100
61 135 100
61 135 100
61 135 100
61 135 100
61 135 100
60 135 100
60 135 100
60 135 100
60 135 100
60 135 100
60 135 100
60 135 100
60 135 100
60 135 100
60 135 100
59 135 100
59 135 100
59 135 100
59 135 100
59 135 100
59 135 100
59 135 100
59 135 100
58 135 100
58 135 100
58 135 100
58 135 100
58 135 100
58 135 100
57 135 100
57 135 100
57 135 100
57 135 100
56 135 100
56 135 100
56 135 100
55 135 100
55 135 100
54 135 100
53 135 100
52 135 100
51 135 100
50 135 100
49 135 100
48 135 100
47 135 100
46 135 100
45 135 100
44 135 100
43 135 100
42 135 100
41 135 100
40 135 100
39 135 100
38 135 100
37 135 100
36 135 100
35 135 100
35 135 100
34 135 100
34 135 100
33 135 100
33 135 100
32 135 100
32 135 100
32 135 100
31 135 100
31 135 100
31 135 100
31 135 100
30 135 100
30 135 100
30 135 100
30 135 100
29 135 100
29 135 100
29 135 100
29 135 100
29 135 100
29 135 100
28 135 100
28 135 100
28 135 100
28 135 100
28 135 100
28 135 100
28 135 100
27 135 100
27 135 100
27 135 100
27 135 100
27 135 100
27 135 100
27 135 100
27 135 100
26 135 100
26 135 100
26 135 100
26 135 100
26 135 100
26 135 100
26 135 100
26 135 100
26 135 100
25 135 100
25 135 100
25 135 100
25 135 100
25 135 100
25 135 100
25 135 100
25 135 100
25 135 100
25 135 100
24 135 100
24 135 100
24 135 100
24 135 100
24 135 100
24 135 100
24 135 100
24 135 100
24 135 100
24 135 100
23 135 100
23 135 100
23 135 100
23 135 100
23 135 100
23 135 100
23 135 100
23 135 100
23 135 100
22 135 100
22 135 100
22 135 100
22 135 100
22 135 100
22 135 100
22 135 100
22 135 100
21 135 100
21 135 100
21 135 100
21 135 100
21 135 100
21 135 100
21 135 100
20 135 100
20 135 100
20 135 100
20 135 100
20 135 100
19 135 100
19 135 100
19 135 100
19 135 100
18 135 100
18 135 100
18 135 100
17 135 100
17 135 100
16 135 100
15 135 100
14 135 100
# move from (80,3) to (13,30)
80 3 100
79 3 100
78 3 100
77 3 100
76 3 100
75 3 100
74 3 100
73 3 100
72 3 100
71 3 100
70 3 100
69 3 100
68 3 100
67 3 100
66 3 100
65 3 100
64 3 100
63 3 100
62 3 100
61 3 100
60 3 100
59 3 100
58 3 100
57 3 100
56 3 100
55 3 100
54 3 100
53 3 100
52 3 100
51 3 100
50 3 100
49 3 100
48 3 100
47 3 100
46 3 100
45 3 100
44 3 100
43 3 100
42 3 100
41 3 100
40 3 100
39 3 100
38 3 100
37 3 100
36 3 100
36 3 100
35 3 100
35 3 100
34 3 100
34 3 100
34 3 100
33 3 100
33 3 100
33 3 100
33 3 100
32 3 100
32 3 100
32 3 100
32 3 100
32 3 100
31 3 100
31 3 100
31 3 100
31 3 100
31 3 100
31 3 100
30 3 100
30 3 100
30 3 100
30 3 100
30 3 100
30 3 100
29 3 100
29 3 100
29 3 100
29 3 100
29 3 100
29 3 100
28 3 100
28 3 100
28 3 100
28 3 100
28 3 100
28 3 100
27 3 100
27 3 100
27 3 100
27 3 100
27 3 100
27 3 100
26 3 100
26 3 100
26 3 100
26 3 100
26 3 100
25 3 100
25 3 100
25 3 100
25 3 100
24 3 100
24 3 100
24 3 100
23 3 100
23 3 100
22 3 100
22 3 100
21 3 100
20 3 100
19 3 100
18 3 100
17 3 100
16 3 100
15 3 100
14 3 100
13 3 100
13 4 100
13 5 100
13 6 100
13 7 100
13 8 100
13 9 100
13 10 100
13 11 100
13 12 100
13 13 100
13 14 100
13 15 100
13 16 100
13 17 100
13 18 100
13 19 100
13 20 100
13 21 100
13 22 100
# move from (113,60) to (13,30)
113 60 100
112 60 100
111 60 100
110 60 100
109 60 100
108 60 100
107 60 100
106 60 100
105 60 100
104 60 100
103 60 100
102 60 100
101 60 100
100 60 100
99 60 100
98 60 100
97 60 100
96 60 100
95 60 100
94 60 100
93 60 100
92 60 100
91 60 100
90 60 100
89 60 100
88 60 100
87 60 100
86 60 100
85 60 100
84 60 100
83 60 100
82 60 100
81 60 100
80 60 100
79 60 100
79 60 100
78 60 100
78 60 100
77 60 100
77 60 100
77 60 100
76 60 100
76 60 100
76 60 100
76 60 100
75 60 100
75 60 100
75 60 100
75 60 100
75 60 100
74 60 100
74 60 100
74 60 100
74 60 100
74 60 100
74 60 100
74 60 100
73 60 100
73 60 100
73 60 100
73 60 100
73 60 100
73 60 100
73 60 100
73 60 100
73 60 100
73 60 100
73 60 100
72 60 100
72 60 100
72 60 100
72 60 100
72 60 100
72 60 100
72 60 100
72 60 100
72 60 100
72 60 100
72 60 100
72 60 100
72 60 100
72 60 100
72 60 100
71 60 100
71 60 100
71 60 100
71 60 100
71 60 100
71 60 100
71 60 100
71 60 100
71 60 100
71 60 100
71 60 100
71 60 100
71 60 100
71 60 100
71 60 100
71 60 100
71 60 100
71 60 100
71 60 100
71 60 100
70 60 100
70 60 100
70 60 100
70 60 100
70 60 100
70 60 100
70 60 100
70 60 100
70 60 100
70 60 100
70 60 100
70 60 100
70 60 100
70 60 100
70 60 100
70 60 100
70 60 100
70 60 100
70 60 100
70 60 100
70 60 100
70 60 100
70 60 100
70 60 100
69 60 100
69 60 100
69 60 100
69 60 100
69 60 100
69 60 100
69 60 100
69 60 100
69 60 100
69 60 100
69 60 100
69 60 100
69 60 100
69 60 100
69 60 100
69 60 100
69 60 100
69 60 100
69 60 100
69 60 100
69 60 100
69 60 100
69 60 100
69 60 100
69 60 100
69 60 100
69 60 100
69 60 100
69 60 100
68 60 100
68 60 100
68 60 100
68 60 100
68 60 100
68 60 100
68 60 100
68 60 100
68 60 100
68 60 100
68 60 100
68 60 100
68 60 100
68 60 100
68 60 100
68 60 100
68 60 100
68 60 100
68 60 100
68 60 100
68 60 100
68 60 100
68 60 100
68 60 100
68 60 100
68 60 100
68 60 100
68 60 100
68 60 100
68 60 100
68 60 100
68 60 100
67 60 100
67 60 100
67 60 100
67 60 100
67 60 100
67 60 100
67 60 100
67 60 100
67 60 100
67 60 100
67 60 100
67 60 100
67 60 100
67 60 100
67 60 100
67 60 100
67 60 100
67 60 100
67 60 100
67 60 100
67 60 100
67 60 100
67 60 100
67 60 100
67 60 100
67 60 100
67 60 100
67 60 100
67 60 100
67 60 100
67 60 100
67 60 100
67 60 100
67 60 100
66 60 100
66 60 100
66 60 100
66 60 100
66 60 100
66 60 100
66 60 100
66 60 100
66 60 100
66 60 100
66 60 100
66 60 100
66 60 100
66 60 100
66 60 100
66 60 100
66 60 100
66 60 100
66 60 100
66 60 100
66 60 100
66 60 100
66 60 100
66 60 100
66 60 100
66 60 100
66 60 100
66 60 100
66 60 100
66 60 100
66 60 100
66 60 100
66 60 100
66 60 100
66 60 100
65 60 100
65 60 100
65 60 100
65 60 100
65 60 100
65 60 100
65 60 100
65 60 100
65 60 100
65 60 100
65 60 100
65 60 100
65 60 100
65 60 100
65 60 100
65 60 100
65 60 100
65 60 100
65 60 100
65 60 100
65 60 100
65 60 100
65 60 100
65 60 100
65 60 100
65 60 100
65 60 100
65 60 100
65 60 100
65 60 100
65 60 100
65 60 100
65 60 100
65 60 100
65 60 100
65 60 100
64 60 100
64 60 100
64 60 100
64 60 100
64 60 100
64 60 100
64 60 100
64 60 100
64 60 100
64 60 100
64 60 100
64 60 100
64 60 100
64 60 100
64 60 100
64 60 100
64 60 100
64 60 100
64 60 100
64 60 100
64 60 100
64 60 100
64 60 100
64 60 100
64 60 100
64 60 100
64 60 100
64 60 100
64 60 100
64 60 100
64 60 100
64 60 100
64 60 100
64 60 100
64 60 100
63 60 100
63 60 100
63 60 100
63 60 100
63 60 100
63 60 100
63 60 100
63 60 100
63 60 100
63 60 100
63 60 100
63 60 100
63 60 100
63 60 100
63 60 100
63 60 100
63 60 100
63 60 100
63 60 100
63 60 100
63 60 100
63 60 100
63 60 100
63 60 100
63 60 100
63 60 100
63 60 100
63 60 100
63 60 100
63 60 100
63 60 100
63 60 100
63 60 100
63 60 100
62 60 100
62 60 100
62 60 100
62 60 100
62 60 100
62 60 100
62 60 100
62 60 100
62 60 100
62 60 100
62 60 100
62 60 100
62 60 100
62 60 100
62 60 100
62 60 100
62 60 100
62 60 100
62 60 100
62 60 100
62 60 100
62 60 100
62 60 100
62 60 100
62 60 100
62 60 100
62 60 100
62 60 100
62 60 100
62 60 100
62 60 100
62 60 100
61 60 100
61 60 100
61 60 100
61 60 100
61 60 100
61 60 100
61 60 100
61 60 100
61 60 100
61 60 100
61 60 100
61 60 100
61 60 100
61 60 100
61 60 100
61 60 100
61 60 100
61 60 100
61 60 100
61 60 100
61 60 100
61 60 100
61 60 100
61 60 100
61 60 100
61 60 100
61 60 100
61 60 100
61 60 100
61 60 100
60 60 100
60 60 100
60 60 100
60 60 100
60 60 100
60 60 100
60 60 100
60 60 100
60 60 100
60 60 100
60 60 100
60 60 100
60 60 100
60 60 100
60 60 100
60 60 100
60 60 100
60 60 100
60 60 100
60 60 100
60 60 100
60 60 100
60 60 100
60 60 100
60 60 100
60 60 100
60 60 100
59 60 100
59 60 100
59 60 100
59 60 100
59 60 100
59 60 100
59 60 100
59 60 100
59 60 100
59 60 100
59 60 100
59 60 100
59 60 100
59 60 100
59 60 100
59 60 100
59 60 100
59 60 100
59 60 100
59 60 100
59 60 100
59 60 100
59 60 100
58 60 100
58 60 100
58 60 100
58 60 100
58 60 100
58 60 100
58 60 100
58 60 100
58 60 100
58 60 100
58 60 100
58 60 100
58 60 100
58 60 100
58 60 100
58 60 100
58 60 100
58 60 100
58 60 100
57 60 100
57 60 100
57 60 100
57 60 100
57 60 100
57 60 100
57 60 100
57 60 100
57 60 100
57 60 100
57 60 100
57 60 100
57 60 100
57 60 100
57 60 100
56 60 100
56 60 100
56 60 100
56 60 100
56 60 100
56 60 100
56 60 100
56 60 100
56 60 100
56 60 100
56 60 100
55 60 100
55 60 100
55 60 100
55 60 100
55 60 100
55 60 100
55 60 100
55 60 100
54 60 100
54 60 100
54 60 100
54 60 100
54 60 100
53 60 100
53 60 100
53 60 100
52 60 100
52 60 100
51 60 100
50 60 100
49 60 100
48 60 100
47 60 100
46 60 100
45 60 100
44 60 100
43 60 100
42 60 100
41 60 100
40 60 100
39 60 100
38 60 100
37 60 100
36 60 100
35 60 100
34 60 100
33 60 100
