# move from (70,172) to (190,6)
70 172 100
71 172 100
72 172 100
73 172 100
74 172 100
75 172 100
76 172 100
77 172 100
78 172 100
79 172 100
80 172 100
81 172 100
82 172 100
83 172 100
84 172 100
85 172 100
86 172 100
87 172 100
88 172 100
89 172 100
90 172 100
91 172 100
92 172 100
93 172 100
94 172 100
94 172 100
95 172 100
95 172 100
96 172 100
96 172 100
97 172 100
97 172 100
98 172 100
98 172 100
99 172 100
99 172 100
100 172 100
100 172 100
101 172 100
101 172 100
102 172 100
102 172 100
102 172 100
103 172 100
103 172 100
103 172 100
104 172 100
104 172 100
104 172 100
105 172 100
105 172 100
105 172 100
106 172 100
106 172 100
106 172 100
106 172 100
107 172 100
107 172 100
107 172 100
107 172 100
108 172 100
108 172 100
108 172 100
108 172 100
109 172 100
109 172 100
109 172 100
109 172 100
110 172 100
110 172 100
110 172 100
110 172 100
111 172 100
111 172 100
111 172 100
111 172 100
112 172 100
112 172 100
112 172 100
112 172 100
113 172 100
113 172 100
113 172 100
113 172 100
114 172 100
114 172 100
114 172 100
114 172 100
115 172 100
115 172 100
115 172 100
115 172 100
115 172 100
116 172 100
116 172 100
116 172 100
116 172 100
116 172 100
117 172 100
117 172 100
117 172 100
117 172 100
117 172 100
117 172 100
118 172 100
118 172 100
118 172 100
118 172 100
118 172 100
118 172 100
118 172 100
119 172 100
119 172 100
119 172 100
119 172 100
119 172 100
119 172 100
119 172 100
119 172 100
120 172 100
120 172 100
120 172 100
120 172 100
120 172 100
120 172 100
120 172 100
120 172 100
120 172 100
121 172 100
121 172 100
121 172 100
121 172 100
121 172 100
121 172 100
121 172 100
121 172 100
121 172 100
121 172 100
122 172 100
122 172 100
122 172 100
122 172 100
122 172 100
122 172 100
122 172 100
122 172 100
122 172 100
122 172 100
122 172 100
123 172 100
123 172 100
123 172 100
123 172 100
123 172 100
123 172 100
123 172 100
123 172 100
123 172 100
123 172 100
123 172 100
124 172 100
124 172 100
124 172 100
124 172 100
124 172 100
124 172 100
124 172 100
124 172 100
124 172 100
124 172 100
124 172 100
125 172 100
125 172 100
125 172 100
125 172 100
125 172 100
125 172 100
125 172 100
125 172 100
125 172 100
125 172 100
125 172 100
126 172 100
126 172 100
126 172 100
126 172 100
126 172 100
126 172 100
126 172 100
126 172 100
126 172 100
126 172 100
127 172 100
127 172 100
127 172 100
127 172 100
127 172 100
127 172 100
127 172 100
127 172 100
127 172 100
127 172 100
128 172 100
128 172 100
128 172 100
128 172 100
128 172 100
128 172 100
128 172 100
128 172 100
128 172 100
129 172 100
129 172 100
129 172 100
129 172 100
129 172 100
129 172 100
129 172 100
129 172 100
130 172 100
130 172 100
130 172 100
130 172 100
130 172 100
130 172 100
130 172 100
131 172 100
131 172 100
131 172 100
131 172 100
131 172 100
131 172 100
131 172 100
132 172 100
132 172 100
132 172 100
132 172 100
132 172 100
132 172 100
132 172 100
133 172 100
133 172 100
133 172 100
133 172 100
133 172 100
133 172 100
133 172 100
134 172 100
134 172 100
134 172 100
134 172 100
134 172 100
134 172 100
134 172 100
135 172 100
135 172 100
135 172 100
135 172 100
135 172 100
135 172 100
135 172 100
136 172 100
136 172 100
136 172 100
136 172 100
136 172 100
136 172 100
136 172 100
136 172 100
137 172 100
137 172 100
137 172 100
137 172 100
137 172 100
137 172 100
137 172 100
137 172 100
138 172 100
138 172 100
138 172 100
138 172 100
138 172 100
138 172 100
138 172 100
138 172 100
139 172 100
139 172 100
139 172 100
139 172 100
139 172 100
139 172 100
139 172 100
140 172 100
140 172 100
140 172 100
140 172 100
140 172 100
140 172 100
140 172 100
141 172 100
141 172 100
141 172 100
141 172 100
141 172 100
141 172 100
142 172 100
142 172 100
142 172 100
142 172 100
142 172 100
143 172 100
143 172 100
143 172 100
143 172 100
144 172 100
144 172 100
144 172 100
144 172 100
145 172 100
145 172 100
145 172 100
146 172 100
146 172 100
146 172 100
147 172 100
147 172 100
147 172 100
148 172 100
148 172 100
148 172 100
149 172 100
149 172 100
149 172 100
150 172 100
150 172 100
150 172 100
151 172 100
151 172 100
151 172 100
152 172 100
152 172 100
152 172 100
153 172 100
153 172 100
153 172 100
154 172 100
154 172 100
154 172 100
154 172 100
155 172 100
155 172 100
155 172 100
155 172 100
155 172 100
156 172 100
156 172 100
156 172 100
156 172 100
156 172 100
156 172 100
157 172 100
157 172 100
157 172 100
157 172 100
157 172 100
157 172 100
157 172 100
157 172 100
158 172 100
158 172 100
158 172 100
158 172 100
158 172 100
158 172 100
158 172 100
158 172 100
158 172 100
159 172 100
159 172 100
159 172 100
159 172 100
159 172 100
159 172 100
159 172 100
159 172 100
159 172 100
159 172 100
160 172 100
160 172 100
160 172 100
160 172 100
160 172 100
160 172 100
160 172 100
160 172 100
160 172 100
160 172 100
160 172 100
160 172 100
161 172 100
161 172 100
161 172 100
161 172 100
161 172 100
161 172 100
161 172 100
161 172 100
161 172 100
161 172 100
161 172 100
161 172 100
161 172 100
161 172 100
162 172 100
162 172 100
162 172 100
162 172 100
162 172 100
162 172 100
162 172 100
162 172 100
162 172 100
162 172 100
162 172 100
162 172 100
162 172 100
162 172 100
162 172 100
162 172 100
163 172 100
163 172 100
163 172 100
163 172 100
163 172 100
163 172 100
163 172 100
163 172 100
163 172 100
163 172 100
163 172 100
163 172 100
163 172 100
163 172 100
163 172 100
163 172 100
163 172 100
163 172 100
164 172 100
164 172 100
164 172 100
164 172 100
164 172 100
164 172 100
164 172 100
164 172 100
164 172 100
164 172 100
164 172 100
164 172 100
164 172 100
164 172 100
164 172 100
164 172 100
164 172 100
164 172 100
164 172 100
165 172 100
165 172 100
165 172 100
165 172 100
165 172 100
165 172 100
165 172 100
165 172 100
165 172 100
165 172 100
165 172 100
165 172 100
165 172 100
165 172 100
165 172 100
165 172 100
165 172 100
165 172 100
165 172 100
165 172 100
166 172 100
166 172 100
166 172 100
166 172 100
166 172 100
166 172 100
166 172 100
166 172 100
166 172 100
166 172 100
166 172 100
166 172 100
166 172 100
166 172 100
166 172 100
166 172 100
166 172 100
166 172 100
166 172 100
166 172 100
167 172 100
167 172 100
167 172 100
167 172 100
167 172 100
167 172 100
167 172 100
167 172 100
167 172 100
167 172 100
167 172 100
167 172 100
167 172 100
167 172 100
167 172 100
167 172 100
167 172 100
167 172 100
167 172 100
168 172 100
168 172 100
168 172 100
168 172 100
168 172 100
168 172 100
168 172 100
168 172 100
168 172 100
168 172 100
168 172 100
168 172 100
168 172 100
168 172 100
168 172 100
168 172 100
168 172 100
168 172 100
168 172 100
169 172 100
169 172 100
169 172 100
169 172 100
169 172 100
169 172 100
169 172 100
169 172 100
169 172 100
169 172 100
169 172 100
169 172 100
169 172 100
169 172 100
169 172 100
169 172 100
169 172 100
169 172 100
169 172 100
170 172 100
170 172 100
170 172 100
170 172 100
170 172 100
170 172 100
170 172 100
170 172 100
170 172 100
170 172 100
170 172 100
170 172 100
170 172 100
170 172 100
170 172 100
170 172 100
170 172 100
170 172 100
170 172 100
170 172 100
171 172 100
171 172 100
171 172 100
171 172 100
171 172 100
171 172 100
171 172 100
171 172 100
171 172 100
171 172 100
171 172 100
171 172 100
171 172 100
171 172 100
171 172 100
171 172 100
171 172 100
171 172 100
171 172 100
171 172 100
172 172 100
172 172 100
172 172 100
172 172 100
172 172 100
172 172 100
172 172 100
172 172 100
172 172 100
172 172 100
172 172 100
172 172 100
172 172 100
172 172 100
172 172 100
172 172 100
172 172 100
172 172 100
172 172 100
172 172 100
172 172 100
173 172 100
173 172 100
173 172 100
173 172 100
173 172 100
173 172 100
173 172 100
173 172 100
173 172 100
173 172 100
173 172 100
173 172 100
173 172 100
173 172 100
173 172 100
173 172 100
173 172 100
173 172 100
173 172 100
173 172 100
173 172 100
173 172 100
174 172 100
174 172 100
174 172 100
174 172 100
174 172 100
174 172 100
174 172 100
174 172 100
174 172 100
174 172 100
174 172 100
174 172 100
174 172 100
174 172 100
174 172 100
174 172 100
174 172 100
174 172 100
174 172 100
174 172 100
174 172 100
174 172 100
174 172 100
175 172 100
175 172 100
175 172 100
175 172 100
175 172 100
175 172 100
175 172 100
175 172 100
175 172 100
175 172 100
175 172 100
175 172 100
175 172 100
175 172 100
175 172 100
175 172 100
175 172 100
175 172 100
175 172 100
175 172 100
175 172 100
175 172 100
175 172 100
175 172 100
175 172 100
176 172 100
176 172 100
176 172 100
176 172 100
176 172 100
176 172 100
176 172 100
176 172 100
176 172 100
176 172 100
176 172 100
176 172 100
176 172 100
176 172 100
176 172 100
176 172 100
176 172 100
176 172 100
176 172 100
176 172 100
176 172 100
176 172 100
176 172 100
176 172 100
176 172 100
176 172 100
176 172 100
177 172 100
177 172 100
177 172 100
177 172 100
177 172 100
177 172 100
177 172 100
177 172 100
177 172 100
177 172 100
177 172 100
177 172 100
177 172 100
177 172 100
177 172 100
177 172 100
177 172 100
177 172 100
177 172 100
177 172 100
177 172 100
177 172 100
177 172 100
177 172 100
177 172 100
177 172 100
177 172 100
177 172 100
177 172 100
178 172 100
178 172 100
178 172 100
178 172 100
178 172 100
178 172 100
178 172 100
178 172 100
178 172 100
178 172 100
178 172 100
178 172 100
178 172 100
178 172 100
178 172 100
178 172 100
178 172 100
178 172 100
178 172 100
178 172 100
178 172 100
178 172 100
178 172 100
178 172 100
178 172 100
178 172 100
178 172 100
178 172 100
178 172 100
178 172 100
178 172 100
179 172 100
179 172 100
179 172 100
179 172 100
179 172 100
179 172 100
179 172 100
179 172 100
179 172 100
179 172 100
179 172 100
179 172 100
179 172 100
179 172 100
179 172 100
179 172 100
179 172 100
179 172 100
179 172 100
179 172 100
179 172 100
179 172 100
179 172 100
179 172 100
179 172 100
179 172 100
179 172 100
179 172 100
179 172 100
179 172 100
179 172 100
179 172 100
180 172 100
180 172 100
180 172 100
180 172 100
180 172 100
180 172 100
180 172 100
180 172 100
180 172 100
180 172 100
180 172 100
180 172 100
180 172 100
180 172 100
180 172 100
180 172 100
180 172 100
180 172 100
180 172 100
180 172 100
180 172 100
180 172 100
180 172 100
180 172 100
180 172 100
180 172 100
180 172 100
180 172 100
180 172 100
180 172 100
180 172 100
180 172 100
180 172 100
181 172 100
181 172 100
181 172 100
181 172 100
181 172 100
181 172 100
181 172 100
181 172 100
181 172 100
181 172 100
181 172 100
181 172 100
181 172 100
181 172 100
181 172 100
181 172 100
181 172 100
181 172 100
181 172 100
181 172 100
181 172 100
181 172 100
181 172 100
181 172 100
181 172 100
181 172 100
181 172 100
181 172 100
181 172 100
181 172 100
181 172 100
181 172 100
181 172 100
182 172 100
182 172 100
182 172 100
182 172 100
182 172 100
182 172 100
182 172 100
182 172 100
182 172 100
182 172 100
182 172 100
182 172 100
182 172 100
182 172 100
182 172 100
182 172 100
182 172 100
182 172 100
182 172 100
182 172 100
182 172 100
182 172 100
182 172 100
182 172 100
182 172 100
182 172 100
182 172 100
182 172 100
182 172 100
182 172 100
182 172 100
182 172 100
183 172 100
183 172 100
183 172 100
183 172 100
183 172 100
183 172 100
183 172 100
183 172 100
183 172 100
183 172 100
183 172 100
183 172 100
183 172 100
183 172 100
183 172 100
183 172 100
183 172 100
183 172 100
183 172 100
183 172 100
183 172 100
183 172 100
183 172 100
183 172 100
183 172 100
183 172 100
183 172 100
183 172 100
183 172 100
183 172 100
183 172 100
183 172 100
184 172 100
184 172 100
184 172 100
184 172 100
184 172 100
184 172 100
184 172 100
184 172 100
184 172 100
184 172 100
184 172 100
184 172 100
184 172 100
184 172 100
184 172 100
184 172 100
184 172 100
184 172 100
184 172 100
184 172 100
184 172 100
184 172 100
184 172 100
184 172 100
184 172 100
184 172 100
184 172 100
184 172 100
184 172 100
184 172 100
185 172 100
185 172 100
185 172 100
185 172 100
185 172 100
185 172 100
185 172 100
185 172 100
185 172 100
185 172 100
185 172 100
185 172 100
185 172 100
185 172 100
185 172 100
185 172 100
185 172 100
185 172 100
185 172 100
185 172 100
185 172 100
185 172 100
185 172 100
185 172 100
185 172 100
185 172 100
185 172 100
185 172 100
185 172 100
186 172 100
186 172 100
186 172 100
186 172 100
186 172 100
186 172 100
186 172 100
186 172 100
186 172 100
186 172 100
186 172 100
186 172 100
186 172 100
186 172 100
186 172 100
186 172 100
186 172 100
186 172 100
186 172 100
186 172 100
186 172 100
186 172 100
186 172 100
186 172 100
186 172 100
186 172 100
186 172 100
186 172 100
187 172 100
187 172 100
187 172 100
187 172 100
187 172 100
187 172 100
187 172 100
187 172 100
187 172 100
187 172 100
187 172 100
187 172 100
187 172 100
187 172 100
187 172 100
187 172 100
187 172 100
187 172 100
187 172 100
187 172 100
187 172 100
187 172 100
187 172 100
187 172 100
187 172 100
187 172 100
188 172 100
188 172 100
188 172 100
188 172 100
188 172 100
188 172 100
188 172 100
188 172 100
188 172 100
188 172 100
188 172 100
188 172 100
188 172 100
188 172 100
188 172 100
188 172 100
188 172 100
188 172 100
188 172 100
188 172 100
188 172 100
188 172 100
188 172 100
188 172 100
188 172 100
188 172 100
189 172 100
189 172 100
189 172 100
189 172 100
189 172 100
189 172 100
189 172 100
189 172 100
189 172 100
189 172 100
189 172 100
189 172 100
189 172 100
189 172 100
189 172 100
189 172 100
189 172 100
189 172 100
189 172 100
189 172 100
189 172 100
189 172 100
189 172 100
189 172 100
189 172 100
190 172 100
190 172 100
190 172 100
190 172 100
190 172 100
190 172 100
190 172 100
190 172 100
190 172 100
190 172 100
190 172 100
190 172 100
190 172 100
190 172 100
190 172 100
190 172 100
190 172 100
190 172 100
190 172 100
190 172 100
190 172 100
190 172 100
190 172 100
190 172 100
190 172 100
190 171 100
190 171 100
190 171 100
190 171 100
190 171 100
190 171 100
190 171 100
190 171 100
190 171 100
190 171 100
190 171 100
190 171 100
190 171 100
190 171 100
190 171 100
190 171 100
190 171 100
190 171 100
190 171 100
190 171 100
190 171 100
190 171 100
190 171 100
190 171 100
190 171 100
190 171 100
190 170 100
190 170 100
190 170 100
190 170 100
190 170 100
190 170 100
190 170 100
190 170 100
190 170 100
190 170 100
190 170 100
190 170 100
190 170 100
190 170 100
190 170 100
190 170 100
190 170 100
190 170 100
190 170 100
190 170 100
190 170 100
190 170 100
190 170 100
190 170 100
190 170 100
190 170 100
190 170 100
190 169 100
190 169 100
190 169 100
190 169 100
190 169 100
190 169 100
190 169 100
190 169 100
190 169 100
190 169 100
190 169 100
190 169 100
190 169 100
190 169 100
190 169 100
190 169 100
190 169 100
190 169 100
190 169 100
190 169 100
190 169 100
190 169 100
190 169 100
190 169 100
190 169 100
190 169 100
190 169 100
190 169 100
190 169 100
190 168 100
190 168 100
190 168 100
190 168 100
190 168 100
190 168 100
190 168 100
190 168 100
190 168 100
190 168 100
190 168 100
190 168 100
190 168 100
190 168 100
190 168 100
190 168 100
190 168 100
190 168 100
190 168 100
190 168 100
190 168 100
190 168 100
190 168 100
190 168 100
190 168 100
190 168 100
190 168 100
190 168 100
190 168 100
190 168 100
190 167 100
190 167 100
190 167 100
190 167 100
190 167 100
190 167 100
190 167 100
190 167 100
190 167 100
190 167 100
190 167 100
190 167 100
190 167 100
190 167 100
190 167 100
190 167 100
190 167 100
190 167 100
190 167 100
190 167 100
190 167 100
190 167 100
190 167 100
190 167 100
190 167 100
190 167 100
190 167 100
190 167 100
190 167 100
190 167 100
190 167 100
190 167 100
190 166 100
190 166 100
190 166 100
190 166 100
190 166 100
190 166 100
190 166 100
190 166 100
190 166 100
190 166 100
190 166 100
190 166 100
190 166 100
190 166 100
190 166 100
190 166 100
190 166 100
190 166 100
190 166 100
190 166 100
190 166 100
190 166 100
190 166 100
190 166 100
190 166 100
190 166 100
190 166 100
190 166 100
190 166 100
190 166 100
190 166 100
190 166 100
190 166 100
190 166 100
190 165 100
190 165 100
190 165 100
190 165 100
190 165 100
190 165 100
190 165 100
190 165 100
190 165 100
190 165 100
190 165 100
190 165 100
190 165 100
190 165 100
190 165 100
190 165 100
190 165 100
190 165 100
190 165 100
190 165 100
190 165 100
190 165 100
190 165 100
190 165 100
190 165 100
190 165 100
190 165 100
190 165 100
190 165 100
190 165 100
190 165 100
190 165 100
190 165 100
190 165 100
190 165 100
190 164 100
190 164 100
190 164 100
190 164 100
190 164 100
190 164 100
190 164 100
190 164 100
190 164 100
190 164 100
190 164 100
190 164 100
190 164 100
190 164 100
190 164 100
190 164 100
190 164 100
190 164 100
190 164 100
190 164 100
190 164 100
190 164 100
190 164 100
190 164 100
190 164 100
190 164 100
190 164 100
190 164 100
190 164 100
190 164 100
190 164 100
190 164 100
190 164 100
190 164 100
190 164 100
190 164 100
190 163 100
190 163 100
190 163 100
190 163 100
190 163 100
190 163 100
190 163 100
190 163 100
190 163 100
190 163 100
190 163 100
190 163 100
190 163 100
190 163 100
190 163 100
190 163 100
190 163 100
190 163 100
190 163 100
190 163 100
190 163 100
190 163 100
190 163 100
190 163 100
190 163 100
190 163 100
190 163 100
190 163 100
190 163 100
190 163 100
190 163 100
190 163 100
190 163 100
190 163 100
190 163 100
190 163 100
190 162 100
190 162 100
190 162 100
190 162 100
190 162 100
190 162 100
190 162 100
190 162 100
190 162 100
190 162 100
190 162 100
190 162 100
190 162 100
190 162 100
190 162 100
190 162 100
190 162 100
190 162 100
190 162 100
190 162 100
190 162 100
190 162 100
190 162 100
190 162 100
190 162 100
190 162 100
190 162 100
190 162 100
190 162 100
190 162 100
190 162 100
190 162 100
190 162 100
190 162 100
190 162 100
190 162 100
190 161 100
190 161 100
190 161 100
190 161 100
190 161 100
190 161 100
190 161 100
190 161 100
190 161 100
190 161 100
190 161 100
190 161 100
190 161 100
190 161 100
190 161 100
190 161 100
190 161 100
190 161 100
190 161 100
190 161 100
190 161 100
190 161 100
190 161 100
190 161 100
190 161 100
190 161 100
190 161 100
190 161 100
190 161 100
190 161 100
190 161 100
190 161 100
190 161 100
190 161 100
190 161 100
190 160 100
190 160 100
190 160 100
190 160 100
190 160 100
190 160 100
190 160 100
190 160 100
190 160 100
190 160 100
190 160 100
190 160 100
190 160 100
190 160 100
190 160 100
190 160 100
190 160 100
190 160 100
190 160 100
190 160 100
190 160 100
190 160 100
190 160 100
190 160 100
190 160 100
190 160 100
190 160 100
190 160 100
190 160 100
190 160 100
190 160 100
190 160 100
190 160 100
190 160 100
190 159 100
190 159 100
190 159 100
190 159 100
190 159 100
190 159 100
190 159 100
190 159 100
190 159 100
190 159 100
190 159 100
190 159 100
190 159 100
190 159 100
190 159 100
190 159 100
190 159 100
190 159 100
190 159 100
190 159 100
190 159 100
190 159 100
190 159 100
190 159 100
190 159 100
190 159 100
190 159 100
190 159 100
190 159 100
190 159 100
190 159 100
190 159 100
190 158 100
190 158 100
190 158 100
190 158 100
190 158 100
190 158 100
190 158 100
190 158 100
190 158 100
190 158 100
190 158 100
190 158 100
190 158 100
190 158 100
190 158 100
190 158 100
190 158 100
190 158 100
190 158 100
190 158 100
190 158 100
190 158 100
190 158 100
190 158 100
190 158 100
190 158 100
190 158 100
190 158 100
190 158 100
190 158 100
190 157 100
190 157 100
190 157 100
190 157 100
190 157 100
190 157 100
190 157 100
190 157 100
190 157 100
190 157 100
190 157 100
190 157 100
190 157 100
190 157 100
190 157 100
190 157 100
190 157 100
190 157 100
190 157 100
190 157 100
190 157 100
190 157 100
190 157 100
190 157 100
190 157 100
190 157 100
190 157 100
190 157 100
190 157 100
190 156 100
190 156 100
190 156 100
190 156 100
190 156 100
190 156 100
190 156 100
190 156 100
190 156 100
190 156 100
190 156 100
190 156 100
190 156 100
190 156 100
190 156 100
190 156 100
190 156 100
190 156 100
190 156 100
190 156 100
190 156 100
190 156 100
190 156 100
190 156 100
190 156 100
190 156 100
190 156 100
190 155 100
190 155 100
190 155 100
190 155 100
190 155 100
190 155 100
190 155 100
190 155 100
190 155 100
190 155 100
190 155 100
190 155 100
190 155 100
190 155 100
190 155 100
190 155 100
190 155 100
190 155 100
190 155 100
190 155 100
190 155 100
190 155 100
190 155 100
190 155 100
190 155 100
190 154 100
190 154 100
190 154 100
190 154 100
190 154 100
190 154 100
190 154 100
190 154 100
190 154 100
190 154 100
190 154 100
190 154 100
190 154 100
190 154 100
190 154 100
190 154 100
190 154 100
190 154 100
190 154 100
190 154 100
190 154 100
190 154 100
190 154 100
190 154 100
190 153 100
190 153 100
190 153 100
190 153 100
190 153 100
190 153 100
190 153 100
190 153 100
190 153 100
190 153 100
190 153 100
190 153 100
190 153 100
190 153 100
190 153 100
190 153 100
190 153 100
190 153 100
190 153 100
190 153 100
190 153 100
190 153 100
190 153 100
190 152 100
190 152 100
190 152 100
190 152 100
190 152 100
190 152 100
190 152 100
190 152 100
190 152 100
190 152 100
190 152 100
190 152 100
190 152 100
190 152 100
190 152 100
190 152 100
190 152 100
190 152 100
190 152 100
190 152 100
190 152 100
190 152 100
190 152 100
190 151 100
190 151 100
190 151 100
190 151 100
190 151 100
190 151 100
190 151 100
190 151 100
190 151 100
190 151 100
190 151 100
190 151 100
190 151 100
190 151 100
190 151 100
190 151 100
190 151 100
190 151 100
190 151 100
190 151 100
190 151 100
190 151 100
190 150 100
190 150 100
190 150 100
190 150 100
190 150 100
190 150 100
190 150 100
190 150 100
190 150 100
190 150 100
190 150 100
190 150 100
190 150 100
190 150 100
190 150 100
190 150 100
190 150 100
190 150 100
190 150 100
190 150 100
190 150 100
190 150 100
190 149 100
190 149 100
190 149 100
190 149 100
190 149 100
190 149 100
190 149 100
190 149 100
190 149 100
190 149 100
190 149 100
190 149 100
190 149 100
190 149 100
190 149 100
190 149 100
190 149 100
190 149 100
190 149 100
190 149 100
190 149 100
190 149 100
190 148 100
190 148 100
190 148 100
190 148 100
190 148 100
190 148 100
190 148 100
190 148 100
190 148 100
190 148 100
190 148 100
190 148 100
190 148 100
190 148 100
190 148 100
190 148 100
190 148 100
190 148 100
190 148 100
190 148 100
190 148 100
190 148 100
190 147 100
190 147 100
190 147 100
190 147 100
190 147 100
190 147 100
190 147 100
190 147 100
190 147 100
190 147 100
190 147 100
190 147 100
190 147 100
190 147 100
190 147 100
190 147 100
190 147 100
190 147 100
190 147 100
190 147 100
190 147 100
190 146 100
190 146 100
190 146 100
190 146 100
190 146 100
190 146 100
190 146 100
190 146 100
190 146 100
190 146 100
190 146 100
190 146 100
190 146 100
190 146 100
190 146 100
190 146 100
190 146 100
190 146 100
190 146 100
190 146 100
190 145 100
190 145 100
190 145 100
190 145 100
190 145 100
190 145 100
190 145 100
190 145 100
190 145 100
190 145 100
190 145 100
190 145 100
190 145 100
190 145 100
190 145 100
190 145 100
190 145 100
190 145 100
190 145 100
190 144 100
190 144 100
190 144 100
190 144 100
190 144 100
190 144 100
190 144 100
190 144 100
190 144 100
190 144 100
190 144 100
190 144 100
190 144 100
190 144 100
190 144 100
190 144 100
190 144 100
190 143 100
190 143 100
190 143 100
190 143 100
190 143 100
190 143 100
190 143 100
190 143 100
190 143 100
190 143 100
190 143 100
190 143 100
190 143 100
190 143 100
190 143 100
190 143 100
190 142 100
190 142 100
190 142 100
190 142 100
190 142 100
190 142 100
190 142 100
190 142 100
190 142 100
190 142 100
190 142 100
190 142 100
190 142 100
190 142 100
190 142 100
190 141 100
190 141 100
190 141 100
190 141 100
190 141 100
190 141 100
190 141 100
190 141 100
190 141 100
190 141 100
190 141 100
190 141 100
190 141 100
190 141 100
190 141 100
190 140 100
190 140 100
190 140 100
190 140 100
190 140 100
190 140 100
190 140 100
190 140 100
190 140 100
190 140 100
190 140 100
190 140 100
190 140 100
190 140 100
190 140 100
190 139 100
190 139 100
190 139 100
190 139 100
190 139 100
190 139 100
190 139 100
190 139 100
190 139 100
190 139 100
190 139 100
190 139 100
190 139 100
190 139 100
190 139 100
190 138 100
190 138 100
190 138 100
190 138 100
190 138 100
190 138 100
190 138 100
190 138 100
190 138 100
190 138 100
190 138 100
190 138 100
190 138 100
190 138 100
190 138 100
190 138 100
190 137 100
190 137 100
190 137 100
190 137 100
190 137 100
190 137 100
190 137 100
190 137 100
190 137 100
190 137 100
190 137 100
190 137 100
190 137 100
190 137 100
190 137 100
190 137 100
190 137 100
190 137 100
190 136 100
190 136 100
190 136 100
190 136 100
190 136 100
190 136 100
190 136 100
190 136 100
190 136 100
190 136 100
190 136 100
190 136 100
190 136 100
190 136 100
190 136 100
190 136 100
190 136 100
190 136 100
190 136 100
190 135 100
190 135 100
190 135 100
190 135 100
190 135 100
190 135 100
190 135 100
190 135 100
190 135 100
190 135 100
190 135 100
190 135 100
190 135 100
190 135 100
190 135 100
190 135 100
190 135 100
190 135 100
190 135 100
190 135 100
190 135 100
190 134 100
190 134 100
190 134 100
190 134 100
190 134 100
190 134 100
190 134 100
190 134 100
190 134 100
190 134 100
190 134 100
190 134 100
190 134 100
190 134 100
190 134 100
190 134 100
190 134 100
190 134 100
190 134 100
190 134 100
190 134 100
190 134 100
190 134 100
190 133 100
190 133 100
190 133 100
190 133 100
190 133 100
190 133 100
190 133 100
190 133 100
190 133 100
190 133 100
190 133 100
190 133 100
190 133 100
190 133 100
190 133 100
190 133 100
190 133 100
190 133 100
190 133 100
190 133 100
190 133 100
190 133 100
190 133 100
190 133 100
190 132 100
190 132 100
190 132 100
190 132 100
190 132 100
190 132 100
190 132 100
190 132 100
190 132 100
190 132 100
190 132 100
190 132 100
190 132 100
190 132 100
190 132 100
190 132 100
190 132 100
190 132 100
190 132 100
190 132 100
190 132 100
190 132 100
190 132 100
190 132 100
190 132 100
190 131 100
190 131 100
190 131 100
190 131 100
190 131 100
190 131 100
190 131 100
190 131 100
190 131 100
190 131 100
190 131 100
190 131 100
190 131 100
190 131 100
190 131 100
190 131 100
190 131 100
190 131 100
190 131 100
190 131 100
190 131 100
190 131 100
190 131 100
190 131 100
190 131 100
190 131 100
190 130 100
190 130 100
190 130 100
190 130 100
190 130 100
190 130 100
190 130 100
190 130 100
190 130 100
190 130 100
190 130 100
190 130 100
190 130 100
190 130 100
190 130 100
190 130 100
190 130 100
190 130 100
190 130 100
190 130 100
190 130 100
190 130 100
190 130 100
190 130 100
190 130 100
190 130 100
190 130 100
190 129 100
190 129 100
190 129 100
190 129 100
190 129 100
190 129 100
190 129 100
190 129 100
190 129 100
190 129 100
190 129 100
190 129 100
190 129 100
190 129 100
190 129 100
190 129 100
190 129 100
190 129 100
190 129 100
190 129 100
190 129 100
190 129 100
190 129 100
190 129 100
190 129 100
190 129 100
190 129 100
190 128 100
190 128 100
190 128 100
190 128 100
190 128 100
190 128 100
190 128 100
190 128 100
190 128 100
190 128 100
190 128 100
190 128 100
190 128 100
190 128 100
190 128 100
190 128 100
190 128 100
190 128 100
190 128 100
190 128 100
190 128 100
190 128 100
190 128 100
190 128 100
190 128 100
190 128 100
190 128 100
190 127 100
190 127 100
190 127 100
190 127 100
190 127 100
190 127 100
190 127 100
190 127 100
190 127 100
190 127 100
190 127 100
190 127 100
190 127 100
190 127 100
190 127 100
190 127 100
190 127 100
190 127 100
190 127 100
190 127 100
190 127 100
190 127 100
190 127 100
190 127 100
190 127 100
190 127 100
190 127 100
190 126 100
190 126 100
190 126 100
190 126 100
190 126 100
190 126 100
190 126 100
190 126 100
190 126 100
190 126 100
190 126 100
190 126 100
190 126 100
190 126 100
190 126 100
190 126 100
190 126 100
190 126 100
190 126 100
190 126 100
190 126 100
190 126 100
190 126 100
190 126 100
190 126 100
190 126 100
190 125 100
190 125 100
190 125 100
190 125 100
190 125 100
190 125 100
190 125 100
190 125 100
190 125 100
190 125 100
190 125 100
190 125 100
190 125 100
190 125 100
190 125 100
190 125 100
190 125 100
190 125 100
190 125 100
190 125 100
190 125 100
190 125 100
190 125 100
190 125 100
190 125 100
190 125 100
190 124 100
190 124 100
190 124 100
190 124 100
190 124 100
190 124 100
190 124 100
190 124 100
190 124 100
190 124 100
190 124 100
190 124 100
190 124 100
190 124 100
190 124 100
190 124 100
190 124 100
190 124 100
190 124 100
190 124 100
190 124 100
190 124 100
190 124 100
190 124 100
190 124 100
190 124 100
190 123 100
190 123 100
190 123 100
190 123 100
190 123 100
190 123 100
190 123 100
190 123 100
190 123 100
190 123 100
190 123 100
190 123 100
190 123 100
190 123 100
190 123 100
190 123 100
190 123 100
190 123 100
190 123 100
190 123 100
190 123 100
190 123 100
190 123 100
190 123 100
190 123 100
190 123 100
190 123 100
190 122 100
190 122 100
190 122 100
190 122 100
190 122 100
190 122 100
190 122 100
190 122 100
190 122 100
190 122 100
190 122 100
190 122 100
190 122 100
190 122 100
190 122 100
190 122 100
190 122 100
190 122 100
190 122 100
190 122 100
190 122 100
190 122 100
190 122 100
190 122 100
190 122 100
190 122 100
190 122 100
190 122 100
190 122 100
190 121 100
190 121 100
190 121 100
190 121 100
190 121 100
190 121 100
190 121 100
190 121 100
190 121 100
190 121 100
190 121 100
190 121 100
190 121 100
190 121 100
190 121 100
190 121 100
190 121 100
190 121 100
190 121 100
190 121 100
190 121 100
190 121 100
190 121 100
190 121 100
190 121 100
190 121 100
190 121 100
190 121 100
190 121 100
190 121 100
190 121 100
190 120 100
190 120 100
190 120 100
190 120 100
190 120 100
190 120 100
190 120 100
190 120 100
190 120 100
190 120 100
190 120 100
190 120 100
190 120 100
190 120 100
190 120 100
190 120 100
190 120 100
190 120 100
190 120 100
190 120 100
190 120 100
190 120 100
190 120 100
190 120 100
190 120 100
190 120 100
190 120 100
190 120 100
190 120 100
190 120 100
190 120 100
190 120 100
190 120 100
190 119 100
190 119 100
190 119 100
190 119 100
190 119 100
190 119 100
190 119 100
190 119 100
190 119 100
190 119 100
190 119 100
190 119 100
190 119 100
190 119 100
190 119 100
190 119 100
190 119 100
190 119 100
190 119 100
190 119 100
190 119 100
190 119 100
190 119 100
190 119 100
190 119 100
190 119 100
190 119 100
190 119 100
190 119 100
190 119 100
190 119 100
190 119 100
190 119 100
190 119 100
190 119 100
190 118 100
190 118 100
190 118 100
190 118 100
190 118 100
190 118 100
190 118 100
190 118 100
190 118 100
190 118 100
190 118 100
190 118 100
190 118 100
190 118 100
190 118 100
190 118 100
190 118 100
190 118 100
190 118 100
190 118 100
190 118 100
190 118 100
190 118 100
190 118 100
190 118 100
190 118 100
190 118 100
190 118 100
190 118 100
190 118 100
190 118 100
190 118 100
190 118 100
190 118 100
190 118 100
190 118 100
190 118 100
190 117 100
190 117 100
190 117 100
190 117 100
190 117 100
190 117 100
190 117 100
190 117 100
190 117 100
190 117 100
190 117 100
190 117 100
190 117 100
190 117 100
190 117 100
190 117 100
190 117 100
190 117 100
190 117 100
190 117 100
190 117 100
190 117 100
190 117 100
190 117 100
190 117 100
190 117 100
190 117 100
190 117 100
190 117 100
190 117 100
190 117 100
190 117 100
190 117 100
190 117 100
190 117 100
190 117 100
190 117 100
190 117 100
190 117 100
190 116 100
190 116 100
190 116 100
190 116 100
190 116 100
190 116 100
190 116 100
190 116 100
190 116 100
190 116 100
190 116 100
190 116 100
190 116 100
190 116 100
190 116 100
190 116 100
190 116 100
190 116 100
190 116 100
190 116 100
190 116 100
190 116 100
190 116 100
190 116 100
190 116 100
190 116 100
190 116 100
190 116 100
190 116 100
190 116 100
190 116 100
190 116 100
190 116 100
190 116 100
190 116 100
190 116 100
190 116 100
190 116 100
190 116 100
190 116 100
190 115 100
190 115 100
190 115 100
190 115 100
190 115 100
190 115 100
190 115 100
190 115 100
190 115 100
190 115 100
190 115 100
190 115 100
190 115 100
190 115 100
190 115 100
190 115 100
190 115 100
190 115 100
190 115 100
190 115 100
190 115 100
190 115 100
190 115 100
190 115 100
190 115 100
190 115 100
190 115 100
190 115 100
190 115 100
190 115 100
190 115 100
190 115 100
190 115 100
190 115 100
190 115 100
190 115 100
190 115 100
190 115 100
190 115 100
190 115 100
190 115 100
190 114 100
190 114 100
190 114 100
190 114 100
190 114 100
190 114 100
190 114 100
190 114 100
190 114 100
190 114 100
190 114 100
190 114 100
190 114 100
190 114 100
190 114 100
190 114 100
190 114 100
190 114 100
190 114 100
190 114 100
190 114 100
190 114 100
190 114 100
190 114 100
190 114 100
190 114 100
190 114 100
190 114 100
190 114 100
190 114 100
190 114 100
190 114 100
190 114 100
190 114 100
190 114 100
190 114 100
190 114 100
190 114 100
190 114 100
190 114 100
190 114 100
190 114 100
190 113 100
190 113 100
190 113 100
190 113 100
190 113 100
190 113 100
190 113 100
190 113 100
190 113 100
190 113 100
190 113 100
190 113 100
190 113 100
190 113 100
190 113 100
190 113 100
190 113 100
190 113 100
190 113 100
190 113 100
190 113 100
190 113 100
190 113 100
190 113 100
190 113 100
190 113 100
190 113 100
190 113 100
190 113 100
190 113 100
190 113 100
190 113 100
190 113 100
190 113 100
190 113 100
190 113 100
190 113 100
190 113 100
190 113 100
190 113 100
190 113 100
190 113 100
190 113 100
190 112 100
190 112 100
190 112 100
190 112 100
190 112 100
190 112 100
190 112 100
190 112 100
190 112 100
190 112 100
190 112 100
190 112 100
190 112 100
190 112 100
190 112 100
190 112 100
190 112 100
190 112 100
190 112 100
190 112 100
190 112 100
190 112 100
190 112 100
190 112 100
190 112 100
190 112 100
190 112 100
190 112 100
190 112 100
190 112 100
190 112 100
190 112 100
190 112 100
190 112 100
190 112 100
190 112 100
190 112 100
190 112 100
190 112 100
190 112 100
190 112 100
190 112 100
190 112 100
190 112 100
190 111 100
190 111 100
190 111 100
190 111 100
190 111 100
190 111 100
190 111 100
190 111 100
190 111 100
190 111 100
190 111 100
190 111 100
190 111 100
190 111 100
190 111 100
190 111 100
190 111 100
190 111 100
190 111 100
190 111 100
190 111 100
190 111 100
190 111 100
190 111 100
190 111 100
190 111 100
190 111 100
190 111 100
190 111 100
190 111 100
190 111 100
190 111 100
190 111 100
190 111 100
190 111 100
190 111 100
190 111 100
190 111 100
190 111 100
190 111 100
190 111 100
190 111 100
190 111 100
190 111 100
190 110 100
190 110 100
190 110 100
190 110 100
190 110 100
190 110 100
190 110 100
190 110 100
190 110 100
190 110 100
190 110 100
190 110 100
190 110 100
190 110 100
190 110 100
190 110 100
190 110 100
190 110 100
190 110 100
190 110 100
190 110 100
190 110 100
190 110 100
190 110 100
190 110 100
190 110 100
190 110 100
190 110 100
190 110 100
190 110 100
190 110 100
190 110 100
190 110 100
190 110 100
190 110 100
190 110 100
190 110 100
190 110 100
190 110 100
190 110 100
190 110 100
190 110 100
190 110 100
190 110 100
190 109 100
190 109 100
190 109 100
190 109 100
190 109 100
190 109 100
190 109 100
190 109 100
190 109 100
190 109 100
190 109 100
190 109 100
190 109 100
190 109 100
190 109 100
190 109 100
190 109 100
190 109 100
190 109 100
190 109 100
190 109 100
190 109 100
190 109 100
190 109 100
190 109 100
190 109 100
190 109 100
190 109 100
190 109 100
190 109 100
190 109 100
190 109 100
190 109 100
190 109 100
190 109 100
190 109 100
190 109 100
190 109 100
190 109 100
190 109 100
190 109 100
190 109 100
190 109 100
190 109 100
190 108 100
190 108 100
190 108 100
190 108 100
190 108 100
190 108 100
190 108 100
190 108 100
190 108 100
190 108 100
190 108 100
190 108 100
190 108 100
190 108 100
190 108 100
190 108 100
190 108 100
190 108 100
190 108 100
190 108 100
190 108 100
190 108 100
190 108 100
190 108 100
190 108 100
190 108 100
190 108 100
190 108 100
190 108 100
190 108 100
190 108 100
190 108 100
190 108 100
190 108 100
190 108 100
190 108 100
190 108 100
190 108 100
190 108 100
190 108 100
190 108 100
190 108 100
190 108 100
190 108 100
190 107 100
190 107 100
190 107 100
190 107 100
190 107 100
190 107 100
190 107 100
190 107 100
190 107 100
190 107 100
190 107 100
190 107 100
190 107 100
190 107 100
190 107 100
190 107 100
190 107 100
190 107 100
190 107 100
190 107 100
190 107 100
190 107 100
190 107 100
190 107 100
190 107 100
190 107 100
190 107 100
190 107 100
190 107 100
190 107 100
190 107 100
190 107 100
190 107 100
190 107 100
190 107 100
190 107 100
190 107 100
190 107 100
190 107 100
190 107 100
190 107 100
190 107 100
190 107 100
190 107 100
190 106 100
190 106 100
190 106 100
190 106 100
190 106 100
190 106 100
190 106 100
190 106 100
190 106 100
190 106 100
190 106 100
190 106 100
190 106 100
190 106 100
190 106 100
190 106 100
190 106 100
190 106 100
190 106 100
190 106 100
190 106 100
190 106 100
190 106 100
190 106 100
190 106 100
190 106 100
190 106 100
190 106 100
190 106 100
190 106 100
190 106 100
190 106 100
190 106 100
190 106 100
190 106 100
190 106 100
190 106 100
190 106 100
190 106 100
190 106 100
190 106 100
190 106 100
190 106 100
190 105 100
190 105 100
190 105 100
190 105 100
190 105 100
190 105 100
190 105 100
190 105 100
190 105 100
190 105 100
190 105 100
190 105 100
190 105 100
190 105 100
190 105 100
190 105 100
190 105 100
190 105 100
190 105 100
190 105 100
190 105 100
190 105 100
190 105 100
190 105 100
190 105 100
190 105 100
190 105 100
190 105 100
190 105 100
190 105 100
190 105 100
190 105 100
190 105 100
190 105 100
190 105 100
190 105 100
190 105 100
190 105 100
190 105 100
190 105 100
190 105 100
190 105 100
190 105 100
190 104 100
190 104 100
190 104 100
190 104 100
190 104 100
190 104 100
190 104 100
190 104 100
190 104 100
190 104 100
190 104 100
190 104 100
190 104 100
190 104 100
190 104 100
190 104 100
190 104 100
190 104 100
190 104 100
190 104 100
190 104 100
190 104 100
190 104 100
190 104 100
190 104 100
190 104 100
190 104 100
190 104 100
190 104 100
190 104 100
190 104 100
190 104 100
190 104 100
190 104 100
190 104 100
190 104 100
190 104 100
190 104 100
190 104 100
190 104 100
190 104 100
190 104 100
190 103 100
190 103 100
190 103 100
190 103 100
190 103 100
190 103 100
190 103 100
190 103 100
190 103 100
190 103 100
190 103 100
190 103 100
190 103 100
190 103 100
190 103 100
190 103 100
190 103 100
190 103 100
190 103 100
190 103 100
190 103 100
190 103 100
190 103 100
190 103 100
190 103 100
190 103 100
190 103 100
190 103 100
190 103 100
190 103 100
190 103 100
190 103 100
190 103 100
190 103 100
190 103 100
190 103 100
190 103 100
190 103 100
190 103 100
190 103 100
190 103 100
190 102 100
190 102 100
190 102 100
190 102 100
190 102 100
190 102 100
190 102 100
190 102 100
190 102 100
190 102 100
190 102 100
190 102 100
190 102 100
190 102 100
190 102 100
190 102 100
190 102 100
190 102 100
190 102 100
190 102 100
190 102 100
190 102 100
190 102 100
190 102 100
190 102 100
190 102 100
190 102 100
190 102 100
190 102 100
190 102 100
190 102 100
190 102 100
190 102 100
190 102 100
190 102 100
190 102 100
190 102 100
190 102 100
190 102 100
190 102 100
190 102 100
190 101 100
190 101 100
190 101 100
190 101 100
190 101 100
190 101 100
190 101 100
190 101 100
190 101 100
190 101 100
190 101 100
190 101 100
190 101 100
190 101 100
190 101 100
190 101 100
190 101 100
190 101 100
190 101 100
190 101 100
190 101 100
190 101 100
190 101 100
190 101 100
190 101 100
190 101 100
190 101 100
190 101 100
190 101 100
190 101 100
190 101 100
190 101 100
190 101 100
190 101 100
190 101 100
190 101 100
190 101 100
190 101 100
190 101 100
190 101 100
190 101 100
190 100 100
190 100 100
190 100 100
190 100 100
190 100 100
190 100 100
190 100 100
190 100 100
190 100 100
190 100 100
190 100 100
190 100 100
190 100 100
190 100 100
190 100 100
190 100 100
190 100 100
190 100 100
190 100 100
190 100 100
190 100 100
190 100 100
190 100 100
190 100 100
190 100 100
190 100 100
190 100 100
190 100 100
190 100 100
190 100 100
190 100 100
190 100 100
190 100 100
190 100 100
190 100 100
190 100 100
190 100 100
190 100 100
190 100 100
190 100 100
190 100 100
190 100 100
190 99 100
190 99 100
190 99 100
190 99 100
190 99 100
190 99 100
190 99 100
190 99 100
190 99 100
190 99 100
190 99 100
190 99 100
190 99 100
190 99 100
190 99 100
190 99 100
190 99 100
190 99 100
190 99 100
190 99 100
190 99 100
190 99 100
190 99 100
190 99 100
190 99 100
190 99 100
190 99 100
190 99 100
190 99 100
190 99 100
190 99 100
190 99 100
190 99 100
190 99 100
190 99 100
190 99 100
190 99 100
190 99 100
190 99 100
190 99 100
190 99 100
190 99 100
190 99 100
190 98 100
190 98 100
190 98 100
190 98 100
190 98 100
190 98 100
190 98 100
190 98 100
190 98 100
190 98 100
190 98 100
190 98 100
190 98 100
190 98 100
190 98 100
190 98 100
190 98 100
190 98 100
190 98 100
190 98 100
190 98 100
190 98 100
190 98 100
190 98 100
190 98 100
190 98 100
190 98 100
190 98 100
190 98 100
190 98 100
190 98 100
190 98 100
190 98 100
190 98 100
190 98 100
190 98 100
190 98 100
190 98 100
190 98 100
190 98 100
190 98 100
190 98 100
190 98 100
190 98 100
190 97 100
190 97 100
190 97 100
190 97 100
190 97 100
190 97 100
190 97 100
190 97 100
190 97 100
190 97 100
190 97 100
190 97 100
190 97 100
190 97 100
190 97 100
190 97 100
190 97 100
190 97 100
190 97 100
190 97 100
190 97 100
190 97 100
190 97 100
190 97 100
190 97 100
190 97 100
190 97 100
190 97 100
190 97 100
190 97 100
190 97 100
190 97 100
190 97 100
190 97 100
190 97 100
190 97 100
190 97 100
190 97 100
190 97 100
190 97 100
190 97 100
190 97 100
190 97 100
190 97 100
190 97 100
190 96 100
190 96 100
190 96 100
190 96 100
190 96 100
190 96 100
190 96 100
190 96 100
190 96 100
190 96 100
190 96 100
190 96 100
190 96 100
190 96 100
190 96 100
190 96 100
190 96 100
190 96 100
190 96 100
190 96 100
190 96 100
190 96 100
190 96 100
190 96 100
190 96 100
190 96 100
190 96 100
190 96 100
190 96 100
190 96 100
190 96 100
190 96 100
190 96 100
190 96 100
190 96 100
190 96 100
190 96 100
190 96 100
190 96 100
190 96 100
190 96 100
190 96 100
190 96 100
190 96 100
190 96 100
190 96 100
190 95 100
190 95 100
190 95 100
190 95 100
190 95 100
190 95 100
190 95 100
190 95 100
190 95 100
190 95 100
190 95 100
190 95 100
190 95 100
190 95 100
190 95 100
190 95 100
190 95 100
190 95 100
190 95 100
190 95 100
190 95 100
190 95 100
190 95 100
190 95 100
190 95 100
190 95 100
190 95 100
190 95 100
190 95 100
190 95 100
190 95 100
190 95 100
190 95 100
190 95 100
190 95 100
190 95 100
190 95 100
190 95 100
190 95 100
190 95 100
190 95 100
190 95 100
190 95 100
190 95 100
190 95 100
190 95 100
190 94 100
190 94 100
190 94 100
190 94 100
190 94 100
190 94 100
190 94 100
190 94 100
190 94 100
190 94 100
190 94 100
190 94 100
190 94 100
190 94 100
190 94 100
190 94 100
190 94 100
190 94 100
190 94 100
190 94 100
190 94 100
190 94 100
190 94 100
190 94 100
190 94 100
190 94 100
190 94 100
190 94 100
190 94 100
190 94 100
190 94 100
190 94 100
190 94 100
190 94 100
190 94 100
190 94 100
190 94 100
190 94 100
190 94 100
190 94 100
190 94 100
190 94 100
190 94 100
190 94 100
190 94 100
190 94 100
190 94 100
190 93 100
190 93 100
190 93 100
190 93 100
190 93 100
190 93 100
190 93 100
190 93 100
190 93 100
190 93 100
190 93 100
190 93 100
190 93 100
190 93 100
190 93 100
190 93 100
190 93 100
190 93 100
190 93 100
190 93 100
190 93 100
190 93 100
190 93 100
190 93 100
190 93 100
190 93 100
190 93 100
190 93 100
190 93 100
190 93 100
190 93 100
190 93 100
190 93 100
190 93 100
190 93 100
190 93 100
190 93 100
190 93 100
190 93 100
190 93 100
190 93 100
190 93 100
190 93 100
190 93 100
190 93 100
190 93 100
190 93 100
190 92 100
190 92 100
190 92 100
190 92 100
190 92 100
190 92 100
190 92 100
190 92 100
190 92 100
190 92 100
190 92 100
190 92 100
190 92 100
190 92 100
190 92 100
190 92 100
190 92 100
190 92 100
190 92 100
190 92 100
190 92 100
190 92 100
190 92 100
190 92 100
190 92 100
190 92 100
190 92 100
190 92 100
190 92 100
190 92 100
190 92 100
190 92 100
190 92 100
190 92 100
190 92 100
190 92 100
190 92 100
190 92 100
190 92 100
190 92 100
190 92 100
190 92 100
190 92 100
190 92 100
190 92 100
190 92 100
190 92 100
190 92 100
190 91 100
190 91 100
190 91 100
190 91 100
190 91 100
190 91 100
190 91 100
190 91 100
190 91 100
190 91 100
190 91 100
190 91 100
190 91 100
190 91 100
190 91 100
190 91 100
190 91 100
190 91 100
190 91 100
190 91 100
190 91 100
190 91 100
190 91 100
190 91 100
190 91 100
190 91 100
190 91 100
190 91 100
190 91 100
190 91 100
190 91 100
190 91 100
190 91 100
190 91 100
190 91 100
190 91 100
190 91 100
190 91 100
190 91 100
190 91 100
190 91 100
190 91 100
190 91 100
190 91 100
190 91 100
190 91 100
190 91 100
190 91 100
190 90 100
190 90 100
190 90 100
190 90 100
190 90 100
190 90 100
190 90 100
190 90 100
190 90 100
190 90 100
190 90 100
190 90 100
190 90 100
190 90 100
190 90 100
190 90 100
190 90 100
190 90 100
190 90 100
190 90 100
190 90 100
190 90 100
190 90 100
190 90 100
190 90 100
190 90 100
190 90 100
190 90 100
190 90 100
190 90 100
190 90 100
190 90 100
190 90 100
190 90 100
190 90 100
190 90 100
190 90 100
190 90 100
190 90 100
190 90 100
190 90 100
190 90 100
190 90 100
190 90 100
190 90 100
190 90 100
190 90 100
190 90 100
190 89 100
190 89 100
190 89 100
190 89 100
190 89 100
190 89 100
190 89 100
190 89 100
190 89 100
190 89 100
190 89 100
190 89 100
190 89 100
190 89 100
190 89 100
190 89 100
190 89 100
190 89 100
190 89 100
190 89 100
190 89 100
190 89 100
190 89 100
190 89 100
190 89 100
190 89 100
190 89 100
190 89 100
190 89 100
190 89 100
190 89 100
190 89 100
190 89 100
190 89 100
190 89 100
190 89 100
190 89 100
190 89 100
190 89 100
190 89 100
190 89 100
190 89 100
190 89 100
190 89 100
190 89 100
190 89 100
190 89 100
190 89 100
190 89 100
190 88 100
190 88 100
190 88 100
190 88 100
190 88 100
190 88 100
190 88 100
190 88 100
190 88 100
190 88 100
190 88 100
190 88 100
190 88 100
190 88 100
190 88 100
190 88 100
190 88 100
190 88 100
190 88 100
190 88 100
190 88 100
190 88 100
190 88 100
190 88 100
190 88 100
190 88 100
190 88 100
190 88 100
190 88 100
190 88 100
190 88 100
190 88 100
190 88 100
190 88 100
190 88 100
190 88 100
190 88 100
190 88 100
190 88 100
190 88 100
190 88 100
190 88 100
190 88 100
190 88 100
190 88 100
190 88 100
190 88 100
190 88 100
190 88 100
190 87 100
190 87 100
190 87 100
190 87 100
190 87 100
190 87 100
190 87 100
190 87 100
190 87 100
190 87 100
190 87 100
190 87 100
190 87 100
190 87 100
190 87 100
190 87 100
190 87 100
190 87 100
190 87 100
190 87 100
190 87 100
190 87 100
190 87 100
190 87 100
190 87 100
190 87 100
190 87 100
190 87 100
190 87 100
190 87 100
190 87 100
190 87 100
190 87 100
190 87 100
190 87 100
190 87 100
190 87 100
190 87 100
190 87 100
190 87 100
190 87 100
190 87 100
190 87 100
190 87 100
190 87 100
190 87 100
190 87 100
190 87 100
190 87 100
190 86 100
190 86 100
190 86 100
190 86 100
190 86 100
190 86 100
190 86 100
190 86 100
190 86 100
190 86 100
190 86 100
190 86 100
190 86 100
190 86 100
190 86 100
190 86 100
190 86 100
190 86 100
190 86 100
190 86 100
190 86 100
190 86 100
190 86 100
190 86 100
190 86 100
190 86 100
190 86 100
190 86 100
190 86 100
190 86 100
190 86 100
190 86 100
190 86 100
190 86 100
190 86 100
190 86 100
190 86 100
190 86 100
190 86 100
190 86 100
190 86 100
190 86 100
190 86 100
190 86 100
190 86 100
190 86 100
190 86 100
190 86 100
190 85 100
190 85 100
190 85 100
190 85 100
190 85 100
190 85 100
190 85 100
190 85 100
190 85 100
190 85 100
190 85 100
190 85 100
190 85 100
190 85 100
190 85 100
190 85 100
190 85 100
190 85 100
190 85 100
190 85 100
190 85 100
190 85 100
190 85 100
190 85 100
190 85 100
190 85 100
190 85 100
190 85 100
190 85 100
190 85 100
190 85 100
190 85 100
190 85 100
190 85 100
190 85 100
190 85 100
190 85 100
190 85 100
190 85 100
190 85 100
190 85 100
190 85 100
190 85 100
190 85 100
190 85 100
190 85 100
190 85 100
190 85 100
190 84 100
190 84 100
190 84 100
190 84 100
190 84 100
190 84 100
190 84 100
190 84 100
190 84 100
190 84 100
190 84 100
190 84 100
190 84 100
190 84 100
190 84 100
190 84 100
190 84 100
190 84 100
190 84 100
190 84 100
190 84 100
190 84 100
190 84 100
190 84 100
190 84 100
190 84 100
190 84 100
190 84 100
190 84 100
190 84 100
190 84 100
190 84 100
190 84 100
190 84 100
190 84 100
190 84 100
190 84 100
190 84 100
190 84 100
190 84 100
190 84 100
190 84 100
190 84 100
190 84 100
190 84 100
190 84 100
190 84 100
190 84 100
190 83 100
190 83 100
190 83 100
190 83 100
190 83 100
190 83 100
190 83 100
190 83 100
190 83 100
190 83 100
190 83 100
190 83 100
190 83 100
190 83 100
190 83 100
190 83 100
190 83 100
190 83 100
190 83 100
190 83 100
190 83 100
190 83 100
190 83 100
190 83 100
190 83 100
190 83 100
190 83 100
190 83 100
190 83 100
190 83 100
190 83 100
190 83 100
190 83 100
190 83 100
190 83 100
190 83 100
190 83 100
190 83 100
190 83 100
190 83 100
190 83 100
190 83 100
190 83 100
190 83 100
190 83 100
190 83 100
190 83 100
190 83 100
190 82 100
190 82 100
190 82 100
190 82 100
190 82 100
190 82 100
190 82 100
190 82 100
190 82 100
190 82 100
190 82 100
190 82 100
190 82 100
190 82 100
190 82 100
190 82 100
190 82 100
190 82 100
190 82 100
190 82 100
190 82 100
190 82 100
190 82 100
190 82 100
190 82 100
190 82 100
190 82 100
190 82 100
190 82 100
190 82 100
190 82 100
190 82 100
190 82 100
190 82 100
190 82 100
190 82 100
190 82 100
190 82 100
190 82 100
190 82 100
190 82 100
190 82 100
190 82 100
190 82 100
190 82 100
190 82 100
190 82 100
190 82 100
190 81 100
190 81 100
190 81 100
190 81 100
190 81 100
190 81 100
190 81 100
190 81 100
190 81 100
190 81 100
190 81 100
190 81 100
190 81 100
190 81 100
190 81 100
190 81 100
190 81 100
190 81 100
190 81 100
190 81 100
190 81 100
190 81 100
190 81 100
190 81 100
190 81 100
190 81 100
190 81 100
190 81 100
190 81 100
190 81 100
190 81 100
190 81 100
190 81 100
190 81 100
190 81 100
190 81 100
190 81 100
190 81 100
190 81 100
190 81 100
190 81 100
190 81 100
190 81 100
190 81 100
190 81 100
190 81 100
190 81 100
190 80 100
190 80 100
190 80 100
190 80 100
190 80 100
190 80 100
190 80 100
190 80 100
190 80 100
190 80 100
190 80 100
190 80 100
190 80 100
190 80 100
190 80 100
190 80 100
190 80 100
190 80 100
190 80 100
190 80 100
190 80 100
190 80 100
190 80 100
190 80 100
190 80 100
190 80 100
190 80 100
190 80 100
190 80 100
190 80 100
190 80 100
190 80 100
190 80 100
190 80 100
190 80 100
190 80 100
190 80 100
190 80 100
190 80 100
190 80 100
190 80 100
190 80 100
190 80 100
190 80 100
190 80 100
190 80 100
190 79 100
190 79 100
190 79 100
190 79 100
190 79 100
190 79 100
190 79 100
190 79 100
190 79 100
190 79 100
190 79 100
190 79 100
190 79 100
190 79 100
190 79 100
190 79 100
190 79 100
190 79 100
190 79 100
190 79 100
190 79 100
190 79 100
190 79 100
190 79 100
190 79 100
190 79 100
190 79 100
190 79 100
190 79 100
190 79 100
190 79 100
190 79 100
190 79 100
190 79 100
190 79 100
190 79 100
190 79 100
190 79 100
190 79 100
190 79 100
190 79 100
190 79 100
190 79 100
190 79 100
190 79 100
190 78 100
190 78 100
190 78 100
190 78 100
190 78 100
190 78 100
190 78 100
190 78 100
190 78 100
190 78 100
190 78 100
190 78 100
190 78 100
190 78 100
190 78 100
190 78 100
190 78 100
190 78 100
190 78 100
190 78 100
190 78 100
190 78 100
190 78 100
190 78 100
190 78 100
190 78 100
190 78 100
190 78 100
190 78 100
190 78 100
190 78 100
190 78 100
190 78 100
190 78 100
190 78 100
190 78 100
190 78 100
190 78 100
190 78 100
190 78 100
190 78 100
190 78 100
190 78 100
190 78 100
190 77 100
190 77 100
190 77 100
190 77 100
190 77 100
190 77 100
190 77 100
190 77 100
190 77 100
190 77 100
190 77 100
190 77 100
190 77 100
190 77 100
190 77 100
190 77 100
190 77 100
190 77 100
190 77 100
190 77 100
190 77 100
190 77 100
190 77 100
190 77 100
190 77 100
190 77 100
190 77 100
190 77 100
190 77 100
190 77 100
190 77 100
190 77 100
190 77 100
190 77 100
190 77 100
190 77 100
190 77 100
190 77 100
190 77 100
190 77 100
190 77 100
190 77 100
190 77 100
190 76 100
190 76 100
190 76 100
190 76 100
190 76 100
190 76 100
190 76 100
190 76 100
190 76 100
190 76 100
190 76 100
190 76 100
190 76 100
190 76 100
190 76 100
190 76 100
190 76 100
190 76 100
190 76 100
190 76 100
190 76 100
190 76 100
190 76 100
190 76 100
190 76 100
190 76 100
190 76 100
190 76 100
190 76 100
190 76 100
190 76 100
190 76 100
190 76 100
190 76 100
190 76 100
190 76 100
190 76 100
190 76 100
190 76 100
190 76 100
190 76 100
190 76 100
190 75 100
190 75 100
190 75 100
190 75 100
190 75 100
190 75 100
190 75 100
190 75 100
190 75 100
190 75 100
190 75 100
190 75 100
190 75 100
190 75 100
190 75 100
190 75 100
190 75 100
190 75 100
190 75 100
190 75 100
190 75 100
190 75 100
190 75 100
190 75 100
190 75 100
190 75 100
190 75 100
190 75 100
190 75 100
190 75 100
190 75 100
190 75 100
190 75 100
190 75 100
190 75 100
190 75 100
190 75 100
190 75 100
190 75 100
190 75 100
190 75 100
190 75 100
190 74 100
190 74 100
190 74 100
190 74 100
190 74 100
190 74 100
190 74 100
190 74 100
190 74 100
190 74 100
190 74 100
190 74 100
190 74 100
190 74 100
190 74 100
190 74 100
190 74 100
190 74 100
190 74 100
190 74 100
190 74 100
190 74 100
190 74 100
190 74 100
190 74 100
190 74 100
190 74 100
190 74 100
190 74 100
190 74 100
190 74 100
190 74 100
190 74 100
190 74 100
190 74 100
190 74 100
190 74 100
190 74 100
190 74 100
190 74 100
190 74 100
190 74 100
190 73 100
190 73 100
190 73 100
190 73 100
190 73 100
190 73 100
190 73 100
190 73 100
190 73 100
190 73 100
190 73 100
190 73 100
190 73 100
190 73 100
190 73 100
190 73 100
190 73 100
190 73 100
190 73 100
190 73 100
190 73 100
190 73 100
190 73 100
190 73 100
190 73 100
190 73 100
190 73 100
190 73 100
190 73 100
190 73 100
190 73 100
190 73 100
190 73 100
190 73 100
190 73 100
190 73 100
190 73 100
190 73 100
190 73 100
190 73 100
190 73 100
190 73 100
190 72 100
190 72 100
190 72 100
190 72 100
190 72 100
190 72 100
190 72 100
190 72 100
190 72 100
190 72 100
190 72 100
190 72 100
190 72 100
190 72 100
190 72 100
190 72 100
190 72 100
190 72 100
190 72 100
190 72 100
190 72 100
190 72 100
190 72 100
190 72 100
190 72 100
190 72 100
190 72 100
190 72 100
190 72 100
190 72 100
190 72 100
190 72 100
190 72 100
190 72 100
190 72 100
190 72 100
190 72 100
190 72 100
190 72 100
190 72 100
190 72 100
190 72 100
190 71 100
190 71 100
190 71 100
190 71 100
190 71 100
190 71 100
190 71 100
190 71 100
190 71 100
190 71 100
190 71 100
190 71 100
190 71 100
190 71 100
190 71 100
190 71 100
190 71 100
190 71 100
190 71 100
190 71 100
190 71 100
190 71 100
190 71 100
190 71 100
190 71 100
190 71 100
190 71 100
190 71 100
190 71 100
190 71 100
190 71 100
190 71 100
190 71 100
190 71 100
190 71 100
190 71 100
190 71 100
190 71 100
190 71 100
190 71 100
190 71 100
190 71 100
190 70 100
190 70 100
190 70 100
190 70 100
190 70 100
190 70 100
190 70 100
190 70 100
190 70 100
190 70 100
190 70 100
190 70 100
190 70 100
190 70 100
190 70 100
190 70 100
190 70 100
190 70 100
190 70 100
190 70 100
190 70 100
190 70 100
190 70 100
190 70 100
190 70 100
190 70 100
190 70 100
190 70 100
190 70 100
190 70 100
190 70 100
190 70 100
190 70 100
190 70 100
190 70 100
190 70 100
190 70 100
190 70 100
190 70 100
190 70 100
190 70 100
190 70 100
190 69 100
190 69 100
190 69 100
190 69 100
190 69 100
190 69 100
190 69 100
190 69 100
190 69 100
190 69 100
190 69 100
190 69 100
190 69 100
190 69 100
190 69 100
190 69 100
190 69 100
190 69 100
190 69 100
190 69 100
190 69 100
190 69 100
190 69 100
190 69 100
190 69 100
190 69 100
190 69 100
190 69 100
190 69 100
190 69 100
190 69 100
190 69 100
190 69 100
190 69 100
190 69 100
190 69 100
190 69 100
190 69 100
190 69 100
190 69 100
190 69 100
190 69 100
190 68 100
190 68 100
190 68 100
190 68 100
190 68 100
190 68 100
190 68 100
190 68 100
190 68 100
190 68 100
190 68 100
190 68 100
190 68 100
190 68 100
190 68 100
190 68 100
190 68 100
190 68 100
190 68 100
190 68 100
190 68 100
190 68 100
190 68 100
190 68 100
190 68 100
190 68 100
190 68 100
190 68 100
190 68 100
190 68 100
190 68 100
190 68 100
190 68 100
190 68 100
190 68 100
190 68 100
190 68 100
190 68 100
190 68 100
190 68 100
190 68 100
190 68 100
190 67 100
190 67 100
190 67 100
190 67 100
190 67 100
190 67 100
190 67 100
190 67 100
190 67 100
190 67 100
190 67 100
190 67 100
190 67 100
190 67 100
190 67 100
190 67 100
190 67 100
190 67 100
190 67 100
190 67 100
190 67 100
190 67 100
190 67 100
190 67 100
190 67 100
190 67 100
190 67 100
190 67 100
190 67 100
190 67 100
190 67 100
190 67 100
190 67 100
190 67 100
190 67 100
190 67 100
190 67 100
190 67 100
190 67 100
190 67 100
190 67 100
190 67 100
190 66 100
190 66 100
190 66 100
190 66 100
190 66 100
190 66 100
190 66 100
190 66 100
190 66 100
190 66 100
190 66 100
190 66 100
190 66 100
190 66 100
190 66 100
190 66 100
190 66 100
190 66 100
190 66 100
190 66 100
190 66 100
190 66 100
190 66 100
190 66 100
190 66 100
190 66 100
190 66 100
190 66 100
190 66 100
190 66 100
190 66 100
190 66 100
190 66 100
190 66 100
190 66 100
190 66 100
190 66 100
190 66 100
190 66 100
190 66 100
190 66 100
190 65 100
190 65 100
190 65 100
190 65 100
190 65 100
190 65 100
190 65 100
190 65 100
190 65 100
190 65 100
190 65 100
190 65 100
190 65 100
190 65 100
190 65 100
190 65 100
190 65 100
190 65 100
190 65 100
190 65 100
190 65 100
190 65 100
190 65 100
190 65 100
190 65 100
190 65 100
190 65 100
190 65 100
190 65 100
190 65 100
190 65 100
190 65 100
190 65 100
190 65 100
190 65 100
190 65 100
190 65 100
190 65 100
190 65 100
190 65 100
190 64 100
190 64 100
190 64 100
190 64 100
190 64 100
190 64 100
190 64 100
190 64 100
190 64 100
190 64 100
190 64 100
190 64 100
190 64 100
190 64 100
190 64 100
190 64 100
190 64 100
190 64 100
190 64 100
190 64 100
190 64 100
190 64 100
190 64 100
190 64 100
190 64 100
190 64 100
190 64 100
190 64 100
190 64 100
190 64 100
190 64 100
190 64 100
190 64 100
190 64 100
190 64 100
190 64 100
190 64 100
190 64 100
190 64 100
190 64 100
190 63 100
190 63 100
190 63 100
190 63 100
190 63 100
190 63 100
190 63 100
190 63 100
190 63 100
190 63 100
190 63 100
190 63 100
190 63 100
190 63 100
190 63 100
190 63 100
190 63 100
190 63 100
190 63 100
190 63 100
190 63 100
190 63 100
190 63 100
190 63 100
190 63 100
190 63 100
190 63 100
190 63 100
190 63 100
190 63 100
190 63 100
190 63 100
190 63 100
190 63 100
190 63 100
190 63 100
190 63 100
190 63 100
190 63 100
190 62 100
190 62 100
190 62 100
190 62 100
190 62 100
190 62 100
190 62 100
190 62 100
190 62 100
190 62 100
190 62 100
190 62 100
190 62 100
190 62 100
190 62 100
190 62 100
190 62 100
190 62 100
190 62 100
190 62 100
190 62 100
190 62 100
190 62 100
190 62 100
190 62 100
190 62 100
190 62 100
190 62 100
190 62 100
190 62 100
190 62 100
190 62 100
190 62 100
190 62 100
190 62 100
190 62 100
190 62 100
190 62 100
190 62 100
190 61 100
190 61 100
190 61 100
190 61 100
190 61 100
190 61 100
190 61 100
190 61 100
190 61 100
190 61 100
190 61 100
190 61 100
190 61 100
190 61 100
190 61 100
190 61 100
190 61 100
190 61 100
190 61 100
190 61 100
190 61 100
190 61 100
190 61 100
190 61 100
190 61 100
190 61 100
190 61 100
190 61 100
190 61 100
190 61 100
190 61 100
190 61 100
190 61 100
190 61 100
190 61 100
190 61 100
190 61 100
190 61 100
190 61 100
190 60 100
190 60 100
190 60 100
190 60 100
190 60 100
190 60 100
190 60 100
190 60 100
190 60 100
190 60 100
190 60 100
190 60 100
190 60 100
190 60 100
190 60 100
190 60 100
190 60 100
190 60 100
190 60 100
190 60 100
190 60 100
190 60 100
190 60 100
190 60 100
190 60 100
190 60 100
190 60 100
190 60 100
190 60 100
190 60 100
190 60 100
190 60 100
190 60 100
190 60 100
190 60 100
190 60 100
190 60 100
190 60 100
190 60 100
190 60 100
190 59 100
190 59 100
190 59 100
190 59 100
190 59 100
190 59 100
190 59 100
190 59 100
190 59 100
190 59 100
190 59 100
190 59 100
190 59 100
190 59 100
190 59 100
190 59 100
190 59 100
190 59 100
190 59 100
190 59 100
190 59 100
190 59 100
190 59 100
190 59 100
190 59 100
190 59 100
190 59 100
190 59 100
190 59 100
190 59 100
190 59 100
190 59 100
190 59 100
190 59 100
190 59 100
190 59 100
190 59 100
190 59 100
190 59 100
190 59 100
190 58 100
190 58 100
190 58 100
190 58 100
190 58 100
190 58 100
190 58 100
190 58 100
190 58 100
190 58 100
190 58 100
190 58 100
190 58 100
190 58 100
190 58 100
190 58 100
190 58 100
190 58 100
190 58 100
190 58 100
190 58 100
190 58 100
190 58 100
190 58 100
190 58 100
190 58 100
190 58 100
190 58 100
190 58 100
190 58 100
190 58 100
190 58 100
190 58 100
190 58 100
190 58 100
190 58 100
190 58 100
190 58 100
190 58 100
190 58 100
190 57 100
190 57 100
190 57 100
190 57 100
190 57 100
190 57 100
190 57 100
190 57 100
190 57 100
190 57 100
190 57 100
190 57 100
190 57 100
190 57 100
190 57 100
190 57 100
190 57 100
190 57 100
190 57 100
190 57 100
190 57 100
190 57 100
190 57 100
190 57 100
190 57 100
190 57 100
190 57 100
190 57 100
190 57 100
190 57 100
190 57 100
190 57 100
190 57 100
190 57 100
190 57 100
190 57 100
190 57 100
190 57 100
190 57 100
190 57 100
190 56 100
190 56 100
190 56 100
190 56 100
190 56 100
190 56 100
190 56 100
190 56 100
190 56 100
190 56 100
190 56 100
190 56 100
190 56 100
190 56 100
190 56 100
190 56 100
190 56 100
190 56 100
190 56 100
190 56 100
190 56 100
190 56 100
190 56 100
190 56 100
190 56 100
190 56 100
190 56 100
190 56 100
190 56 100
190 56 100
190 56 100
190 56 100
190 56 100
190 56 100
190 56 100
190 56 100
190 56 100
190 56 100
190 56 100
190 56 100
190 55 100
190 55 100
190 55 100
190 55 100
190 55 100
190 55 100
190 55 100
190 55 100
190 55 100
190 55 100
190 55 100
190 55 100
190 55 100
190 55 100
190 55 100
190 55 100
190 55 100
190 55 100
190 55 100
190 55 100
190 55 100
190 55 100
190 55 100
190 55 100
190 55 100
190 55 100
190 55 100
190 55 100
190 55 100
190 55 100
190 55 100
190 55 100
190 55 100
190 55 100
190 55 100
190 55 100
190 55 100
190 55 100
190 54 100
190 54 100
190 54 100
190 54 100
190 54 100
190 54 100
190 54 100
190 54 100
190 54 100
190 54 100
190 54 100
190 54 100
190 54 100
190 54 100
190 54 100
190 54 100
190 54 100
190 54 100
190 54 100
190 54 100
190 54 100
190 54 100
190 54 100
190 54 100
190 54 100
190 54 100
190 54 100
190 54 100
190 54 100
190 54 100
190 54 100
190 54 100
190 54 100
190 54 100
190 54 100
190 54 100
190 53 100
190 53 100
190 53 100
190 53 100
190 53 100
190 53 100
190 53 100
190 53 100
190 53 100
190 53 100
190 53 100
190 53 100
190 53 100
190 53 100
190 53 100
190 53 100
190 53 100
190 53 100
190 53 100
190 53 100
190 53 100
190 53 100
190 53 100
190 53 100
190 53 100
190 53 100
190 53 100
190 53 100
190 53 100
190 53 100
190 53 100
190 53 100
190 53 100
190 53 100
190 52 100
190 52 100
190 52 100
190 52 100
190 52 100
190 52 100
190 52 100
190 52 100
190 52 100
190 52 100
190 52 100
190 52 100
190 52 100
190 52 100
190 52 100
190 52 100
190 52 100
190 52 100
190 52 100
190 52 100
190 52 100
190 52 100
190 52 100
190 52 100
190 52 100
190 52 100
190 52 100
190 52 100
190 52 100
190 52 100
190 52 100
190 52 100
190 51 100
190 51 100
190 51 100
190 51 100
190 51 100
190 51 100
190 51 100
190 51 100
190 51 100
190 51 100
190 51 100
190 51 100
190 51 100
190 51 100
190 51 100
190 51 100
190 51 100
190 51 100
190 51 100
190 51 100
190 51 100
190 51 100
190 51 100
190 51 100
190 51 100
190 51 100
190 51 100
190 51 100
190 51 100
190 51 100
190 50 100
190 50 100
190 50 100
190 50 100
190 50 100
190 50 100
190 50 100
190 50 100
190 50 100
190 50 100
190 50 100
190 50 100
190 50 100
190 50 100
190 50 100
190 50 100
190 50 100
190 50 100
190 50 100
190 50 100
190 50 100
190 50 100
190 50 100
190 50 100
190 50 100
190 50 100
190 50 100
190 50 100
190 50 100
190 49 100
190 49 100
190 49 100
190 49 100
190 49 100
190 49 100
190 49 100
190 49 100
190 49 100
190 49 100
190 49 100
190 49 100
190 49 100
190 49 100
190 49 100
190 49 100
190 49 100
190 49 100
190 49 100
190 49 100
190 49 100
190 49 100
190 49 100
190 49 100
190 49 100
190 49 100
190 49 100
190 49 100
190 48 100
190 48 100
190 48 100
190 48 100
190 48 100
190 48 100
190 48 100
190 48 100
190 48 100
190 48 100
190 48 100
190 48 100
190 48 100
190 48 100
190 48 100
190 48 100
190 48 100
190 48 100
190 48 100
190 48 100
190 48 100
190 48 100
190 48 100
190 48 100
190 48 100
190 48 100
190 48 100
190 48 100
190 47 100
190 47 100
190 47 100
190 47 100
190 47 100
190 47 100
190 47 100
190 47 100
190 47 100
190 47 100
190 47 100
190 47 100
190 47 100
190 47 100
190 47 100
190 47 100
190 47 100
190 47 100
190 47 100
190 47 100
190 47 100
190 47 100
190 47 100
190 47 100
190 47 100
190 47 100
190 47 100
190 46 100
190 46 100
190 46 100
190 46 100
190 46 100
190 46 100
190 46 100
190 46 100
190 46 100
190 46 100
190 46 100
190 46 100
190 46 100
190 46 100
190 46 100
190 46 100
190 46 100
190 46 100
190 46 100
190 46 100
190 46 100
190 46 100
190 46 100
190 46 100
190 46 100
190 46 100
190 46 100
190 45 100
190 45 100
190 45 100
190 45 100
190 45 100
190 45 100
190 45 100
190 45 100
190 45 100
190 45 100
190 45 100
190 45 100
190 45 100
190 45 100
190 45 100
190 45 100
190 45 100
190 45 100
190 45 100
190 45 100
190 45 100
190 45 100
190 45 100
190 45 100
190 45 100
190 45 100
190 44 100
190 44 100
190 44 100
190 44 100
190 44 100
190 44 100
190 44 100
190 44 100
190 44 100
190 44 100
190 44 100
190 44 100
190 44 100
190 44 100
190 44 100
190 44 100
190 44 100
190 44 100
190 44 100
190 44 100
190 44 100
190 44 100
190 44 100
190 44 100
190 44 100
190 43 100
190 43 100
190 43 100
190 43 100
190 43 100
190 43 100
190 43 100
190 43 100
190 43 100
190 43 100
190 43 100
190 43 100
190 43 100
190 43 100
190 43 100
190 43 100
190 43 100
190 43 100
190 43 100
190 43 100
190 43 100
190 43 100
190 43 100
190 43 100
190 42 100
190 42 100
190 42 100
190 42 100
190 42 100
190 42 100
190 42 100
190 42 100
190 42 100
190 42 100
190 42 100
190 42 100
190 42 100
190 42 100
190 42 100
190 42 100
190 42 100
190 42 100
190 42 100
190 42 100
190 42 100
190 42 100
190 42 100
190 41 100
190 41 100
190 41 100
190 41 100
190 41 100
190 41 100
190 41 100
190 41 100
190 41 100
190 41 100
190 41 100
190 41 100
190 41 100
190 41 100
190 41 100
190 41 100
190 41 100
190 41 100
190 41 100
190 41 100
190 41 100
190 40 100
190 40 100
190 40 100
190 40 100
190 40 100
190 40 100
190 40 100
190 40 100
190 40 100
190 40 100
190 40 100
190 40 100
190 40 100
190 40 100
190 40 100
190 40 100
190 40 100
190 40 100
190 40 100
190 40 100
190 39 100
190 39 100
190 39 100
190 39 100
190 39 100
190 39 100
190 39 100
190 39 100
190 39 100
190 39 100
190 39 100
190 39 100
190 39 100
190 39 100
190 39 100
190 39 100
190 39 100
190 39 100
190 38 100
190 38 100
190 38 100
190 38 100
190 38 100
190 38 100
190 38 100
190 38 100
190 38 100
190 38 100
190 38 100
190 38 100
190 38 100
190 38 100
190 38 100
190 38 100
190 37 100
190 37 100
190 37 100
190 37 100
190 37 100
190 37 100
190 37 100
190 37 100
190 37 100
190 37 100
190 37 100
190 37 100
190 37 100
190 37 100
190 37 100
190 36 100
190 36 100
190 36 100
190 36 100
190 36 100
190 36 100
190 36 100
190 36 100
190 36 100
190 36 100
190 36 100
190 36 100
190 36 100
190 35 100
190 35 100
190 35 100
190 35 100
190 35 100
190 35 100
190 35 100
190 35 100
190 35 100
190 35 100
190 35 100
190 35 100
190 34 100
190 34 100
190 34 100
190 34 100
190 34 100
190 34 100
190 34 100
190 34 100
190 34 100
190 34 100
190 34 100
190 33 100
190 33 100
190 33 100
190 33 100
190 33 100
190 33 100
190 33 100
190 33 100
190 33 100
190 32 100
190 32 100
190 32 100
190 32 100
190 32 100
190 32 100
190 32 100
190 32 100
190 31 100
190 31 100
190 31 100
190 31 100
190 31 100
190 31 100
190 31 100
190 30 100
190 30 100
190 30 100
190 30 100
190 30 100
190 30 100
190 30 100
190 29 100
190 29 100
190 29 100
190 29 100
190 29 100
190 29 100
190 28 100
190 28 100
190 28 100
190 28 100
190 28 100
190 27 100
190 27 100
190 27 100
190 27 100
190 26 100
190 26 100
190 26 100
190 25 100
190 25 100
190 24 100
190 24 100
190 23 100
190 23 100
190 22 100
190 21 100
190 20 100
190 19 100
190 18 100
190 17 100
190 16 100
190 15 100
190 14 100
190 13 100
190 12 100
190 11 100
190 10 100
190 9 100
190 8 100
190 7 100
190 6 100
# move from (92,0) to (190,6)
92 0 100
93 0 100
94 0 100
95 0 100
96 0 100
96 0 100
97 0 100
97 0 100
98 0 100
98 0 100
99 0 100
99 0 100
99 0 100
100 0 100
100 0 100
100 0 100
101 0 100
101 0 100
101 0 100
101 0 100
102 0 100
102 0 100
102 0 100
102 0 100
103 0 100
103 0 100
103 0 100
103 0 100
104 0 100
104 0 100
104 0 100
104 0 100
105 0 100
105 0 100
105 0 100
105 0 100
106 0 100
106 0 100
106 0 100
106 0 100
106 0 100
107 0 100
107 0 100
107 0 100
107 0 100
107 0 100
108 0 100
108 0 100
108 0 100
108 0 100
108 0 100
108 0 100
109 0 100
109 0 100
109 0 100
109 0 100
109 0 100
109 0 100
109 0 100
110 0 100
110 0 100
110 0 100
110 0 100
110 0 100
110 0 100
110 0 100
110 0 100
110 0 100
111 0 100
111 0 100
111 0 100
111 0 100
111 0 100
111 0 100
111 0 100
111 0 100
111 0 100
111 0 100
111 0 100
112 0 100
112 0 100
112 0 100
112 0 100
112 0 100
112 0 100
112 0 100
112 0 100
112 0 100
112 0 100
112 0 100
112 0 100
112 0 100
113 0 100
113 0 100
113 0 100
113 0 100
113 0 100
113 0 100
113 0 100
113 0 100
113 0 100
113 0 100
113 0 100
113 0 100
113 0 100
113 0 100
113 0 100
114 0 100
114 0 100
114 0 100
114 0 100
114 0 100
114 0 100
114 0 100
114 0 100
114 0 100
114 0 100
114 0 100
114 0 100
114 0 100
114 0 100
114 0 100
114 0 100
114 0 100
114 0 100
115 0 100
115 0 100
115 0 100
115 0 100
115 0 100
115 0 100
115 0 100
115 0 100
115 0 100
115 0 100
115 0 100
115 0 100
115 0 100
115 0 100
115 0 100
115 0 100
115 0 100
115 0 100
115 0 100
116 0 100
116 0 100
116 0 100
116 0 100
116 0 100
116 0 100
116 0 100
116 0 100
116 0 100
116 0 100
116 0 100
116 0 100
116 0 100
116 0 100
116 0 100
116 0 100
116 0 100
116 0 100
116 0 100
116 0 100
116 0 100
117 0 100
117 0 100
117 0 100
117 0 100
117 0 100
117 0 100
117 0 100
117 0 100
117 0 100
117 0 100
117 0 100
117 0 100
117 0 100
117 0 100
117 0 100
117 0 100
117 0 100
117 0 100
117 0 100
117 0 100
117 0 100
118 0 100
118 0 100
118 0 100
118 0 100
118 0 100
118 0 100
118 0 100
118 0 100
118 0 100
118 0 100
118 0 100
118 0 100
118 0 100
118 0 100
118 0 100
118 0 100
118 0 100
118 0 100
118 0 100
118 0 100
118 0 100
119 0 100
119 0 100
119 0 100
119 0 100
119 0 100
119 0 100
119 0 100
119 0 100
119 0 100
119 0 100
119 0 100
119 0 100
119 0 100
119 0 100
119 0 100
119 0 100
119 0 100
119 0 100
119 0 100
119 0 100
119 0 100
120 0 100
120 0 100
120 0 100
120 0 100
120 0 100
120 0 100
120 0 100
120 0 100
120 0 100
120 0 100
120 0 100
120 0 100
120 0 100
120 0 100
120 0 100
120 0 100
120 0 100
120 0 100
120 0 100
120 0 100
120 0 100
121 0 100
121 0 100
121 0 100
121 0 100
121 0 100
121 0 100
121 0 100
121 0 100
121 0 100
121 0 100
121 0 100
121 0 100
121 0 100
121 0 100
121 0 100
121 0 100
121 0 100
121 0 100
121 0 100
121 0 100
121 0 100
122 0 100
122 0 100
122 0 100
122 0 100
122 0 100
122 0 100
122 0 100
122 0 100
122 0 100
122 0 100
122 0 100
122 0 100
122 0 100
122 0 100
122 0 100
122 0 100
122 0 100
122 0 100
122 0 100
122 0 100
122 0 100
122 0 100
123 0 100
123 0 100
123 0 100
123 0 100
123 0 100
123 0 100
123 0 100
123 0 100
123 0 100
123 0 100
123 0 100
123 0 100
123 0 100
123 0 100
123 0 100
123 0 100
123 0 100
123 0 100
123 0 100
123 0 100
123 0 100
123 0 100
124 0 100
124 0 100
124 0 100
124 0 100
124 0 100
124 0 100
124 0 100
124 0 100
124 0 100
124 0 100
124 0 100
124 0 100
124 0 100
124 0 100
124 0 100
124 0 100
124 0 100
124 0 100
124 0 100
124 0 100
124 0 100
124 0 100
125 0 100
125 0 100
125 0 100
125 0 100
125 0 100
125 0 100
125 0 100
125 0 100
125 0 100
125 0 100
125 0 100
125 0 100
125 0 100
125 0 100
125 0 100
125 0 100
125 0 100
125 0 100
125 0 100
125 0 100
125 0 100
126 0 100
126 0 100
126 0 100
126 0 100
126 0 100
126 0 100
126 0 100
126 0 100
126 0 100
126 0 100
126 0 100
126 0 100
126 0 100
126 0 100
126 0 100
126 0 100
126 0 100
126 0 100
126 0 100
126 0 100
126 0 100
127 0 100
127 0 100
127 0 100
127 0 100
127 0 100
127 0 100
127 0 100
127 0 100
127 0 100
127 0 100
127 0 100
127 0 100
127 0 100
127 0 100
127 0 100
127 0 100
127 0 100
127 0 100
127 0 100
127 0 100
127 0 100
127 0 100
128 0 100
128 0 100
128 0 100
128 0 100
128 0 100
128 0 100
128 0 100
128 0 100
128 0 100
128 0 100
128 0 100
128 0 100
128 0 100
128 0 100
128 0 100
128 0 100
128 0 100
128 0 100
128 0 100
128 0 100
128 0 100
128 0 100
129 0 100
129 0 100
129 0 100
129 0 100
129 0 100
129 0 100
129 0 100
129 0 100
129 0 100
129 0 100
129 0 100
129 0 100
129 0 100
129 0 100
129 0 100
129 0 100
129 0 100
129 0 100
129 0 100
129 0 100
129 0 100
129 0 100
129 0 100
129 0 100
130 0 100
130 0 100
130 0 100
130 0 100
130 0 100
130 0 100
130 0 100
130 0 100
130 0 100
130 0 100
130 0 100
130 0 100
130 0 100
130 0 100
130 0 100
130 0 100
130 0 100
130 0 100
130 0 100
130 0 100
130 0 100
130 0 100
130 0 100
130 0 100
130 0 100
131 0 100
131 0 100
131 0 100
131 0 100
131 0 100
131 0 100
131 0 100
131 0 100
131 0 100
131 0 100
131 0 100
131 0 100
131 0 100
131 0 100
131 0 100
131 0 100
131 0 100
131 0 100
131 0 100
131 0 100
131 0 100
131 0 100
131 0 100
131 0 100
131 0 100
131 0 100
131 0 100
132 0 100
132 0 100
132 0 100
132 0 100
132 0 100
132 0 100
132 0 100
132 0 100
132 0 100
132 0 100
132 0 100
132 0 100
132 0 100
132 0 100
132 0 100
132 0 100
132 0 100
132 0 100
132 0 100
132 0 100
132 0 100
132 0 100
132 0 100
132 0 100
132 0 100
132 0 100
132 0 100
132 0 100
132 0 100
133 0 100
133 0 100
133 0 100
133 0 100
133 0 100
133 0 100
133 0 100
133 0 100
133 0 100
133 0 100
133 0 100
133 0 100
133 0 100
133 0 100
133 0 100
133 0 100
133 0 100
133 0 100
133 0 100
133 0 100
133 0 100
133 0 100
133 0 100
133 0 100
133 0 100
133 0 100
133 0 100
133 0 100
133 0 100
133 0 100
134 0 100
134 0 100
134 0 100
134 0 100
134 0 100
134 0 100
134 0 100
134 0 100
134 0 100
134 0 100
134 0 100
134 0 100
134 0 100
134 0 100
134 0 100
134 0 100
134 0 100
134 0 100
134 0 100
134 0 100
134 0 100
134 0 100
134 0 100
134 0 100
134 0 100
134 0 100
134 0 100
134 0 100
134 0 100
134 0 100
134 0 100
135 0 100
135 0 100
135 0 100
135 0 100
135 0 100
135 0 100
135 0 100
135 0 100
135 0 100
135 0 100
135 0 100
135 0 100
135 0 100
135 0 100
135 0 100
135 0 100
135 0 100
135 0 100
135 0 100
135 0 100
135 0 100
135 0 100
135 0 100
135 0 100
135 0 100
135 0 100
135 0 100
135 0 100
135 0 100
135 0 100
135 0 100
136 0 100
136 0 100
136 0 100
136 0 100
136 0 100
136 0 100
136 0 100
136 0 100
136 0 100
136 0 100
136 0 100
136 0 100
136 0 100
136 0 100
136 0 100
136 0 100
136 0 100
136 0 100
136 0 100
136 0 100
136 0 100
136 0 100
136 0 100
136 0 100
136 0 100
136 0 100
136 0 100
136 0 100
136 0 100
136 0 100
136 0 100
137 0 100
137 0 100
137 0 100
137 0 100
137 0 100
137 0 100
137 0 100
137 0 100
137 0 100
137 0 100
137 0 100
137 0 100
137 0 100
137 0 100
137 0 100
137 0 100
137 0 100
137 0 100
137 0 100
137 0 100
137 0 100
137 0 100
137 0 100
137 0 100
137 0 100
137 0 100
137 0 100
137 0 100
137 0 100
137 0 100
137 0 100
138 0 100
138 0 100
138 0 100
138 0 100
138 0 100
138 0 100
138 0 100
138 0 100
138 0 100
138 0 100
138 0 100
138 0 100
138 0 100
138 0 100
138 0 100
138 0 100
138 0 100
138 0 100
138 0 100
138 0 100
138 0 100
138 0 100
138 0 100
138 0 100
138 0 100
138 0 100
138 0 100
138 0 100
138 0 100
139 0 100
139 0 100
139 0 100
139 0 100
139 0 100
139 0 100
139 0 100
139 0 100
139 0 100
139 0 100
139 0 100
139 0 100
139 0 100
139 0 100
139 0 100
139 0 100
139 0 100
139 0 100
139 0 100
139 0 100
139 0 100
139 0 100
139 0 100
139 0 100
139 0 100
139 0 100
139 0 100
140 0 100
140 0 100
140 0 100
140 0 100
140 0 100
140 0 100
140 0 100
140 0 100
140 0 100
140 0 100
140 0 100
140 0 100
140 0 100
140 0 100
140 0 100
140 0 100
140 0 100
140 0 100
140 0 100
140 0 100
140 0 100
140 0 100
140 0 100
140 0 100
140 0 100
141 0 100
141 0 100
141 0 100
141 0 100
141 0 100
141 0 100
141 0 100
141 0 100
141 0 100
141 0 100
141 0 100
141 0 100
141 0 100
141 0 100
141 0 100
141 0 100
141 0 100
141 0 100
141 0 100
141 0 100
141 0 100
141 0 100
141 0 100
142 0 100
142 0 100
142 0 100
142 0 100
142 0 100
142 0 100
142 0 100
142 0 100
142 0 100
142 0 100
142 0 100
142 0 100
142 0 100
142 0 100
142 0 100
142 0 100
142 0 100
142 0 100
142 0 100
142 0 100
142 0 100
143 0 100
143 0 100
143 0 100
143 0 100
143 0 100
143 0 100
143 0 100
143 0 100
143 0 100
143 0 100
143 0 100
143 0 100
143 0 100
143 0 100
143 0 100
143 0 100
143 0 100
143 0 100
143 0 100
144 0 100
144 0 100
144 0 100
144 0 100
144 0 100
144 0 100
144 0 100
144 0 100
144 0 100
144 0 100
144 0 100
144 0 100
144 0 100
144 0 100
144 0 100
144 0 100
144 0 100
144 0 100
145 0 100
145 0 100
145 0 100
145 0 100
145 0 100
145 0 100
145 0 100
145 0 100
145 0 100
145 0 100
145 0 100
145 0 100
145 0 100
145 0 100
145 0 100
145 0 100
145 0 100
146 0 100
146 0 100
146 0 100
146 0 100
146 0 100
146 0 100
146 0 100
146 0 100
146 0 100
146 0 100
146 0 100
146 0 100
146 0 100
146 0 100
146 0 100
146 0 100
146 0 100
147 0 100
147 0 100
147 0 100
147 0 100
147 0 100
147 0 100
147 0 100
147 0 100
147 0 100
147 0 100
147 0 100
147 0 100
147 0 100
147 0 100
147 0 100
147 0 100
148 0 100
148 0 100
148 0 100
148 0 100
148 0 100
148 0 100
148 0 100
148 0 100
148 0 100
148 0 100
148 0 100
148 0 100
148 0 100
148 0 100
148 0 100
149 0 100
149 0 100
149 0 100
149 0 100
149 0 100
149 0 100
149 0 100
149 0 100
149 0 100
149 0 100
149 0 100
149 0 100
149 0 100
149 0 100
150 0 100
150 0 100
150 0 100
150 0 100
150 0 100
150 0 100
150 0 100
150 0 100
150 0 100
150 0 100
150 0 100
150 0 100
150 0 100
151 0 100
151 0 100
151 0 100
151 0 100
151 0 100
151 0 100
151 0 100
151 0 100
151 0 100
151 0 100
151 0 100
152 0 100
152 0 100
152 0 100
152 0 100
152 0 100
152 0 100
152 0 100
152 0 100
152 0 100
153 0 100
153 0 100
153 0 100
153 0 100
153 0 100
153 0 100
153 0 100
153 0 100
154 0 100
154 0 100
154 0 100
154 0 100
154 0 100
154 0 100
154 0 100
155 0 100
155 0 100
155 0 100
155 0 100
155 0 100
155 0 100
156 0 100
156 0 100
156 0 100
156 0 100
156 0 100
156 0 100
157 0 100
157 0 100
157 0 100
157 0 100
157 0 100
157 0 100
158 0 100
158 0 100
158 0 100
158 0 100
158 0 100
158 0 100
159 0 100
159 0 100
159 0 100
159 0 100
159 0 100
160 0 100
160 0 100
160 0 100
160 0 100
160 0 100
161 0 100
161 0 100
161 0 100
161 0 100
161 0 100
161 0 100
162 0 100
162 0 100
162 0 100
162 0 100
162 0 100
163 0 100
163 0 100
163 0 100
163 0 100
163 0 100
164 0 100
164 0 100
164 0 100
164 0 100
164 0 100
165 0 100
165 0 100
165 0 100
165 0 100
166 0 100
166 0 100
166 0 100
167 0 100
167 0 100
168 0 100
168 0 100
169 0 100
170 0 100
171 0 100
172 0 100
173 0 100
174 0 100
175 0 100
176 0 100
177 0 100
178 0 100
179 0 100
180 0 100
181 0 100
182 0 100
183 0 100
184 0 100
185 0 100
186 0 100
187 0 100
188 0 100
189 0 100
190 0 100
190 1 100
190 2 100
190 3 100
190 4 100
190 5 100
# move from (89,128) to (190,6)
89 128 100
90 128 100
91 128 100
92 128 100
93 128 100
94 128 100
95 128 100
96 128 100
96 128 100
97 128 100
97 128 100
98 128 100
98 128 100
99 128 100
99 128 100
99 128 100
100 128 100
100 128 100
100 128 100
101 128 100
101 128 100
101 128 100
102 128 100
102 128 100
102 128 100
103 128 100
103 128 100
103 128 100
104 128 100
104 128 100
104 128 100
105 128 100
105 128 100
105 128 100
106 128 100
106 128 100
106 128 100
107 128 100
107 128 100
107 128 100
108 128 100
108 128 100
108 128 100
108 128 100
109 128 100
109 128 100
109 128 100
109 128 100
110 128 100
110 128 100
110 128 100
110 128 100
110 128 100
111 128 100
111 128 100
111 128 100
111 128 100
111 128 100
111 128 100
112 128 100
112 128 100
112 128 100
112 128 100
112 128 100
112 128 100
112 128 100
113 128 100
113 128 100
113 128 100
113 128 100
113 128 100
113 128 100
113 128 100
113 128 100
113 128 100
114 128 100
114 128 100
114 128 100
114 128 100
114 128 100
114 128 100
114 128 100
114 128 100
114 128 100
114 128 100
115 128 100
115 128 100
115 128 100
115 128 100
115 128 100
115 128 100
115 128 100
115 128 100
115 128 100
115 128 100
115 128 100
116 128 100
116 128 100
116 128 100
116 128 100
116 128 100
116 128 100
116 128 100
116 128 100
116 128 100
116 128 100
116 128 100
117 128 100
117 128 100
117 128 100
117 128 100
117 128 100
117 128 100
117 128 100
117 128 100
117 128 100
117 128 100
117 128 100
118 128 100
118 128 100
118 128 100
118 128 100
118 128 100
118 128 100
118 128 100
118 128 100
118 128 100
118 128 100
118 128 100
119 128 100
119 128 100
119 128 100
119 128 100
119 128 100
119 128 100
119 128 100
119 128 100
119 128 100
119 128 100
120 128 100
120 128 100
120 128 100
120 128 100
120 128 100
120 128 100
120 128 100
120 128 100
120 128 100
121 128 100
121 128 100
121 128 100
121 128 100
121 128 100
121 128 100
121 128 100
121 128 100
122 128 100
122 128 100
122 128 100
122 128 100
122 128 100
122 128 100
122 128 100
123 128 100
123 128 100
123 128 100
123 128 100
123 128 100
123 128 100
124 128 100
124 128 100
124 128 100
124 128 100
125 128 100
125 128 100
125 128 100
126 128 100
126 128 100
127 128 100
127 128 100
128 128 100
129 128 100
130 128 100
131 128 100
132 128 100
133 128 100
134 128 100
135 128 100
136 128 100
137 128 100
138 128 100
139 128 100
140 128 100
141 128 100
142 128 100
143 128 100
144 128 100
145 128 100
146 128 100
147 128 100
148 128 100
149 128 100
150 128 100
151 128 100
152 128 100
153 128 100
154 128 100
155 128 100
156 128 100
157 128 100
158 128 100
159 128 100
160 128 100
161 128 100
162 128 100
163 128 100
164 128 100
165 128 100
165 128 100
166 128 100
166 128 100
167 128 100
167 128 100
168 128 100
168 128 100
168 128 100
169 128 100
169 128 100
169 128 100
169 128 100
170 128 100
170 128 100
170 128 100
170 128 100
170 128 100
171 128 100
171 128 100
171 128 100
171 128 100
171 128 100
171 128 100
171 128 100
172 128 100
172 128 100
172 128 100
172 128 100
172 128 100
172 128 100
172 128 100
172 128 100
173 128 100
173 128 100
173 128 100
173 128 100
173 128 100
173 128 100
173 128 100
173 128 100
173 128 100
174 128 100
174 128 100
174 128 100
174 128 100
174 128 100
174 128 100
174 128 100
174 128 100
174 128 100
174 128 100
175 128 100
175 128 100
175 128 100
175 128 100
175 128 100
175 128 100
175 128 100
175 128 100
175 128 100
175 128 100
176 128 100
176 128 100
176 128 100
176 128 100
176 128 100
176 128 100
176 128 100
176 128 100
176 128 100
176 128 100
176 128 100
177 128 100
177 128 100
177 128 100
177 128 100
177 128 100
177 128 100
177 128 100
177 128 100
177 128 100
177 128 100
177 128 100
178 128 100
178 128 100
178 128 100
178 128 100
178 128 100
178 128 100
178 128 100
178 128 100
178 128 100
178 128 100
178 128 100
179 128 100
179 128 100
179 128 100
179 128 100
179 128 100
179 128 100
179 128 100
179 128 100
179 128 100
179 128 100
179 128 100
180 128 100
180 128 100
180 128 100
180 128 100
180 128 100
180 128 100
180 128 100
180 128 100
180 128 100
180 128 100
180 128 100
180 128 100
181 128 100
181 128 100
181 128 100
181 128 100
181 128 100
181 128 100
181 128 100
181 128 100
181 128 100
181 128 100
181 128 100
181 128 100
181 128 100
181 128 100
182 128 100
182 128 100
182 128 100
182 128 100
182 128 100
182 128 100
182 128 100
182 128 100
182 128 100
182 128 100
182 128 100
182 128 100
182 128 100
182 128 100
182 128 100
182 128 100
183 128 100
183 128 100
183 128 100
183 128 100
183 128 100
183 128 100
183 128 100
183 128 100
183 128 100
183 128 100
183 128 100
183 128 100
183 128 100
183 128 100
183 128 100
183 128 100
183 128 100
183 128 100
184 128 100
184 128 100
184 128 100
184 128 100
184 128 100
184 128 100
184 128 100
184 128 100
184 128 100
184 128 100
184 128 100
184 128 100
184 128 100
184 128 100
184 128 100
184 128 100
184 128 100
184 128 100
184 128 100
184 128 100
185 128 100
185 128 100
185 128 100
185 128 100
185 128 100
185 128 100
185 128 100
185 128 100
185 128 100
185 128 100
185 128 100
185 128 100
185 128 100
185 128 100
185 128 100
185 128 100
185 128 100
185 128 100
185 128 100
185 128 100
185 128 100
185 128 100
185 128 100
186 128 100
186 128 100
186 128 100
186 128 100
186 128 100
186 128 100
186 128 100
186 128 100
186 128 100
186 128 100
186 128 100
186 128 100
186 128 100
186 128 100
186 128 100
186 128 100
186 128 100
186 128 100
186 128 100
186 128 100
186 128 100
186 128 100
186 128 100
186 128 100
186 128 100
187 128 100
187 128 100
187 128 100
187 128 100
187 128 100
187 128 100
187 128 100
187 128 100
187 128 100
187 128 100
187 128 100
187 128 100
187 128 100
187 128 100
187 128 100
187 128 100
187 128 100
187 128 100
187 128 100
187 128 100
187 128 100
187 128 100
187 128 100
187 128 100
187 128 100
187 128 100
187 128 100
188 128 100
188 128 100
188 128 100
188 128 100
188 128 100
188 128 100
188 128 100
188 128 100
188 128 100
188 128 100
188 128 100
188 128 100
188 128 100
188 128 100
188 128 100
188 128 100
188 128 100
188 128 100
188 128 100
188 128 100
188 128 100
188 128 100
188 128 100
188 128 100
188 128 100
188 128 100
188 128 100
188 128 100
189 128 100
189 128 100
189 128 100
189 128 100
189 128 100
189 128 100
189 128 100
189 128 100
189 128 100
189 128 100
189 128 100
189 128 100
189 128 100
189 128 100
189 128 100
189 128 100
189 128 100
189 128 100
189 128 100
189 128 100
189 128 100
189 128 100
189 128 100
189 128 100
189 128 100
189 128 100
189 128 100
189 128 100
# move from (164,145) to (190,6)
164 145 100
165 145 100
166 145 100
167 145 100
168 145 100
169 145 100
169 145 100
170 145 100
170 145 100
171 145 100
171 145 100
172 145 100
172 145 100
173 145 100
173 145 100
174 145 100
174 145 100
174 145 100
175 145 100
175 145 100
175 145 100
175 145 100
176 145 100
176 145 100
176 145 100
176 145 100
176 145 100
177 145 100
177 145 100
177 145 100
177 145 100
177 145 100
177 145 100
177 145 100
178 145 100
178 145 100
178 145 100
178 145 100
178 145 100
178 145 100
178 145 100
178 145 100
179 145 100
179 145 100
179 145 100
179 145 100
179 145 100
179 145 100
179 145 100
179 145 100
179 145 100
179 145 100
180 145 100
180 145 100
180 145 100
180 145 100
180 145 100
180 145 100
180 145 100
180 145 100
180 145 100
180 145 100
180 145 100
180 145 100
181 145 100
181 145 100
181 145 100
181 145 100
181 145 100
181 145 100
181 145 100
181 145 100
181 145 100
181 145 100
181 145 100
181 145 100
181 145 100
182 145 100
182 145 100
182 145 100
182 145 100
182 145 100
182 145 100
182 145 100
182 145 100
182 145 100
182 145 100
182 145 100
182 145 100
182 145 100
182 145 100
183 145 100
183 145 100
183 145 100
183 145 100
183 145 100
183 145 100
183 145 100
183 145 100
183 145 100
183 145 100
183 145 100
183 145 100
183 145 100
183 145 100
183 145 100
184 145 100
184 145 100
184 145 100
184 145 100
184 145 100
184 145 100
184 145 100
184 145 100
184 145 100
184 145 100
184 145 100
184 145 100
184 145 100
184 145 100
184 145 100
185 145 100
185 145 100
185 145 100
185 145 100
185 145 100
185 145 100
185 145 100
185 145 100
185 145 100
185 145 100
185 145 100
185 145 100
185 145 100
185 145 100
185 145 100
186 145 100
186 145 100
186 145 100
186 145 100
186 145 100
186 145 100
186 145 100
186 145 100
186 145 100
186 145 100
186 145 100
186 145 100
186 145 100
186 145 100
186 145 100
187 145 100
187 145 100
187 145 100
187 145 100
187 145 100
187 145 100
187 145 100
187 145 100
187 145 100
187 145 100
187 145 100
187 145 100
187 145 100
187 145 100
187 145 100
187 145 100
188 145 100
188 145 100
188 145 100
188 145 100
188 145 100
188 145 100
188 145 100
188 145 100
188 145 100
188 145 100
188 145 100
188 145 100
188 145 100
188 145 100
188 145 100
188 145 100
189 145 100
189 145 100
189 145 100
189 145 100
189 145 100
189 145 100
189 145 100
189 145 100
189 145 100
189 145 100
189 145 100
189 145 100
189 145 100
189 145 100
189 145 100
189 145 100
189 145 100
