# move from (84,32) to (9,135)
84 32 100
84 32 100
83 32 100
82 32 100
81 32 100
80 32 100
79 32 100
78 32 100
77 32 100
76 32 100
75 32 100
74 32 100
73 32 100
72 32 100
71 32 100
70 32 100
69 32 100
68 32 100
67 32 100
66 32 100
65 32 100
64 32 100
63 32 100
62 32 100
61 32 100
60 32 100
59 32 100
58 32 100
57 32 100
56 32 100
55 32 100
54 32 100
53 32 100
52 32 100
51 32 100
50 32 100
49 32 100
48 32 100
47 32 100
46 32 100
46 32 100
45 32 100
45 32 100
44 32 100
44 32 100
43 32 100
43 32 100
42 32 100
42 32 100
41 32 100
41 32 100
40 32 100
40 32 100
39 32 100
39 32 100
38 32 100
38 32 100
37 32 100
37 32 100
36 32 100
36 32 100
35 32 100
35 32 100
34 32 100
34 32 100
34 32 100
33 32 100
33 32 100
33 32 100
32 32 100
32 32 100
32 32 100
32 32 100
31 32 100
31 32 100
31 32 100
31 32 100
30 32 100
30 32 100
30 32 100
30 32 100
30 32 100
29 32 100
29 32 100
29 32 100
29 32 100
29 32 100
29 32 100
28 32 100
28 32 100
28 32 100
28 32 100
28 32 100
28 32 100
27 32 100
27 32 100
27 32 100
27 32 100
27 32 100
27 32 100
27 32 100
26 32 100
26 32 100
26 32 100
26 32 100
26 32 100
26 32 100
26 32 100
26 32 100
25 32 100
25 32 100
25 32 100
25 32 100
25 32 100
25 32 100
25 32 100
25 32 100
25 32 100
24 32 100
24 32 100
24 32 100
24 32 100
24 32 100
24 32 100
24 32 100
24 32 100
24 32 100
24 32 100
24 32 100
23 32 100
23 32 100
23 32 100
23 32 100
23 32 100
23 32 100
23 32 100
23 32 100
23 32 100
23 32 100
23 32 100
23 32 100
22 32 100
22 32 100
22 32 100
22 32 100
22 32 100
22 32 100
22 32 100
22 32 100
22 32 100
22 32 100
22 32 100
22 32 100
22 32 100
22 32 100
21 32 100
21 32 100
21 32 100
21 32 100
21 32 100
21 32 100
21 32 100
21 32 100
21 32 100
21 32 100
21 32 100
21 32 100
21 32 100
21 32 100
21 32 100
21 32 100
20 32 100
20 32 100
20 32 100
20 32 100
20 32 100
20 32 100
20 32 100
20 32 100
20 32 100
20 32 100
20 32 100
20 32 100
20 32 100
20 32 100
20 32 100
20 32 100
20 32 100
20 32 100
19 32 100
19 32 100
19 32 100
19 32 100
19 32 100
19 32 100
19 32 100
19 32 100
19 32 100
19 32 100
19 32 100
19 32 100
19 32 100
19 32 100
19 32 100
19 32 100
19 32 100
19 32 100
19 32 100
19 32 100
18 32 100
18 32 100
18 32 100
18 32 100
18 32 100
18 32 100
18 32 100
18 32 100
18 32 100
18 32 100
18 32 100
18 32 100
18 32 100
18 32 100
18 32 100
18 32 100
18 32 100
18 32 100
18 32 100
18 32 100
18 32 100
17 32 100
17 32 100
17 32 100
17 32 100
17 32 100
17 32 100
17 32 100
17 32 100
17 32 100
17 32 100
17 32 100
17 32 100
17 32 100
17 32 100
17 32 100
17 32 100
17 32 100
17 32 100
17 32 100
17 32 100
17 32 100
17 32 100
17 32 100
16 32 100
16 32 100
16 32 100
16 32 100
16 32 100
16 32 100
16 32 100
16 32 100
16 32 100
16 32 100
16 32 100
16 32 100
16 32 100
16 32 100
16 32 100
16 32 100
16 32 100
16 32 100
16 32 100
16 32 100
16 32 100
16 32 100
16 32 100
16 32 100
16 32 100
15 32 100
15 32 100
15 32 100
15 32 100
15 32 100
15 32 100
15 32 100
15 32 100
15 32 100
15 32 100
15 32 100
15 32 100
15 32 100
15 32 100
15 32 100
15 32 100
15 32 100
15 32 100
15 32 100
15 32 100
15 32 100
15 32 100
15 32 100
15 32 100
15 32 100
15 32 100
14 32 100
14 32 100
14 32 100
14 32 100
14 32 100
14 32 100
14 32 100
14 32 100
14 32 100
14 32 100
14 32 100
14 32 100
14 32 100
14 32 100
14 32 100
14 32 100
14 32 100
14 32 100
14 32 100
14 32 100
14 32 100
14 32 100
14 32 100
14 32 100
14 32 100
14 32 100
14 32 100
13 32 100
13 32 100
13 32 100
13 32 100
13 32 100
13 32 100
13 32 100
13 32 100
13 32 100
13 32 100
13 32 100
13 32 100
13 32 100
13 32 100
13 32 100
13 32 100
13 32 100
13 32 100
13 32 100
13 32 100
13 32 100
13 32 100
13 32 100
13 32 100
13 32 100
13 32 100
13 32 100
13 32 100
12 32 100
12 32 100
12 32 100
12 32 100
12 32 100
12 32 100
12 32 100
12 32 100
12 32 100
12 32 100
12 32 100
12 32 100
12 32 100
12 32 100
12 32 100
12 32 100
12 32 100
12 32 100
12 32 100
12 32 100
12 32 100
12 32 100
12 32 100
12 32 100
12 32 100
12 32 100
12 32 100
12 32 100
12 32 100
11 32 100
11 32 100
11 32 100
11 32 100
11 32 100
11 32 100
11 32 100
11 32 100
11 32 100
11 32 100
11 32 100
11 32 100
11 32 100
11 32 100
11 32 100
11 32 100
11 32 100
11 32 100
11 32 100
11 32 100
11 32 100
11 32 100
11 32 100
11 32 100
11 32 100
11 32 100
11 32 100
11 32 100
11 32 100
11 32 100
10 32 100
10 32 100
10 32 100
10 32 100
10 32 100
10 32 100
10 32 100
10 32 100
10 32 100
10 32 100
10 32 100
10 32 100
10 32 100
10 32 100
10 32 100
10 32 100
10 32 100
10 32 100
10 32 100
10 32 100
10 32 100
10 32 100
10 32 100
10 32 100
10 32 100
10 32 100
10 32 100
10 32 100
10 32 100
10 32 100
10 32 100
9 32 100
9 32 100
9 32 100
9 32 100
9 32 100
9 32 100
9 32 100
9 32 100
9 32 100
9 32 100
9 32 100
9 32 100
9 32 100
9 32 100
9 32 100
9 32 100
9 32 100
9 32 100
9 32 100
9 32 100
9 32 100
9 32 100
9 32 100
9 32 100
9 32 100
9 32 100
9 32 100
9 32 100
9 32 100
9 32 100
9 32 100
9 32 100
9 33 100
9 33 100
9 33 100
9 33 100
9 33 100
9 33 100
9 33 100
9 33 100
9 33 100
9 33 100
9 33 100
9 33 100
9 33 100
9 33 100
9 33 100
9 33 100
9 33 100
9 33 100
9 33 100
9 33 100
9 33 100
9 33 100
9 33 100
9 33 100
9 33 100
9 33 100
9 33 100
9 33 100
9 33 100
9 34 100
9 34 100
9 34 100
9 34 100
9 34 100
9 34 100
9 34 100
9 34 100
9 34 100
9 34 100
9 34 100
9 34 100
9 34 100
9 34 100
9 34 100
9 34 100
9 34 100
9 34 100
9 34 100
9 34 100
9 34 100
9 34 100
9 34 100
9 34 100
9 34 100
9 34 100
9 35 100
9 35 100
9 35 100
9 35 100
9 35 100
9 35 100
9 35 100
9 35 100
9 35 100
9 35 100
9 35 100
9 35 100
9 35 100
9 35 100
9 35 100
9 35 100
9 35 100
9 35 100
9 35 100
9 35 100
9 35 100
9 35 100
9 35 100
9 36 100
9 36 100
9 36 100
9 36 100
9 36 100
9 36 100
9 36 100
9 36 100
9 36 100
9 36 100
9 36 100
9 36 100
9 36 100
9 36 100
9 36 100
9 36 100
9 36 100
9 36 100
9 36 100
9 36 100
9 36 100
9 37 100
9 37 100
9 37 100
9 37 100
9 37 100
9 37 100
9 37 100
9 37 100
9 37 100
9 37 100
9 37 100
9 37 100
9 37 100
9 37 100
9 37 100
9 37 100
9 37 100
9 37 100
9 37 100
9 38 100
9 38 100
9 38 100
9 38 100
9 38 100
9 38 100
9 38 100
9 38 100
9 38 100
9 38 100
9 38 100
9 38 100
9 38 100
9 38 100
9 38 100
9 38 100
9 38 100
9 39 100
9 39 100
9 39 100
9 39 100
9 39 100
9 39 100
9 39 100
9 39 100
9 39 100
9 39 100
9 39 100
9 39 100
9 39 100
9 39 100
9 39 100
9 39 100
9 40 100
9 40 100
9 40 100
9 40 100
9 40 100
9 40 100
9 40 100
9 40 100
9 40 100
9 40 100
9 40 100
9 40 100
9 40 100
9 40 100
9 40 100
9 41 100
9 41 100
9 41 100
9 41 100
9 41 100
9 41 100
9 41 100
9 41 100
9 41 100
9 41 100
9 41 100
9 41 100
9 41 100
9 41 100
9 42 100
9 42 100
9 42 100
9 42 100
9 42 100
9 42 100
9 42 100
9 42 100
9 42 100
9 42 100
9 42 100
9 42 100
9 42 100
9 43 100
9 43 100
9 43 100
9 43 100
9 43 100
9 43 100
9 43 100
9 43 100
9 43 100
9 43 100
9 43 100
9 43 100
9 43 100
9 44 100
9 44 100
9 44 100
9 44 100
9 44 100
9 44 100
9 44 100
9 44 100
9 44 100
9 44 100
9 44 100
9 44 100
9 45 100
9 45 100
9 45 100
9 45 100
9 45 100
9 45 100
9 45 100
9 45 100
9 45 100
9 45 100
9 45 100
9 45 100
9 46 100
9 46 100
9 46 100
9 46 100
9 46 100
9 46 100
9 46 100
9 46 100
9 46 100
9 46 100
9 46 100
9 47 100
9 47 100
9 47 100
9 47 100
9 47 100
9 47 100
9 47 100
9 47 100
9 47 100
9 47 100
9 48 100
9 48 100
9 48 100
9 48 100
9 48 100
9 48 100
9 48 100
9 48 100
9 48 100
9 49 100
9 49 100
9 49 100
9 49 100
9 49 100
9 49 100
9 49 100
9 50 100
9 50 100
9 50 100
9 50 100
9 50 100
9 50 100
9 51 100
9 51 100
9 51 100
9 51 100
9 51 100
9 52 100
9 52 100
9 52 100
9 52 100
9 53 100
9 53 100
9 53 100
9 54 100
9 54 100
9 55 100
9 55 100
9 56 100
9 57 100
9 58 100
9 59 100
9 60 100
9 61 100
9 62 100
9 63 100
9 64 100
9 65 100
9 66 100
9 67 100
9 68 100
9 69 100
9 70 100
9 71 100
9 72 100
9 73 100
9 74 100
9 75 100
9 76 100
9 77 100
9 78 100
9 79 100
9 80 100
9 80 100
9 81 100
9 81 100
9 82 100
9 82 100
9 83 100
9 83 100
9 83 100
9 84 100
9 84 100
9 84 100
9 85 100
9 85 100
9 85 100
9 85 100
9 86 100
9 86 100
9 86 100
9 86 100
9 86 100
9 87 100
9 87 100
9 87 100
9 87 100
9 87 100
9 87 100
9 88 100
9 88 100
9 88 100
9 88 100
9 88 100
9 88 100
9 88 100
9 88 100
9 89 100
9 89 100
9 89 100
9 89 100
9 89 100
9 89 100
9 89 100
9 89 100
9 89 100
9 90 100
9 90 100
9 90 100
9 90 100
9 90 100
9 90 100
9 90 100
9 90 100
9 90 100
9 90 100
9 90 100
9 91 100
9 91 100
9 91 100
9 91 100
9 91 100
9 91 100
9 91 100
9 91 100
9 91 100
9 91 100
9 91 100
9 91 100
9 91 100
9 91 100
9 92 100
9 92 100
9 92 100
9 92 100
9 92 100
9 92 100
9 92 100
9 92 100
9 92 100
9 92 100
9 92 100
9 92 100
9 92 100
9 92 100
9 92 100
9 92 100
9 92 100
9 93 100
9 93 100
9 93 100
9 93 100
9 93 100
9 93 100
9 93 100
9 93 100
9 93 100
9 93 100
9 93 100
9 93 100
9 93 100
9 93 100
9 93 100
9 93 100
9 93 100
9 93 100
9 93 100
9 93 100
9 94 100
9 94 100
9 94 100
9 94 100
9 94 100
9 94 100
9 94 100
9 94 100
9 94 100
9 94 100
9 94 100
9 94 100
9 94 100
9 94 100
9 94 100
9 94 100
9 94 100
9 94 100
9 94 100
9 94 100
9 94 100
9 94 100
9 94 100
9 95 100
9 95 100
9 95 100
9 95 100
9 95 100
9 95 100
9 95 100
9 95 100
9 95 100
9 95 100
9 95 100
9 95 100
9 95 100
9 95 100
9 95 100
9 95 100
9 95 100
9 95 100
9 95 100
9 95 100
9 95 100
9 95 100
9 95 100
9 95 100
9 95 100
9 95 100
9 96 100
9 96 100
9 96 100
9 96 100
9 96 100
9 96 100
9 96 100
9 96 100
9 96 100
9 96 100
9 96 100
9 96 100
9 96 100
9 96 100
9 96 100
9 96 100
9 96 100
9 96 100
9 96 100
9 96 100
9 96 100
9 96 100
9 96 100
9 96 100
9 96 100
9 96 100
9 96 100
9 96 100
9 96 100
9 97 100
9 97 100
9 97 100
9 97 100
9 97 100
9 97 100
9 97 100
9 97 100
9 97 100
9 97 100
9 97 100
9 97 100
9 97 100
9 97 100
9 97 100
9 97 100
9 97 100
9 97 100
9 97 100
9 97 100
9 97 100
9 97 100
9 97 100
9 97 100
9 97 100
9 97 100
9 97 100
9 97 100
9 97 100
9 97 100
9 97 100
9 97 100
9 98 100
9 98 100
9 98 100
9 98 100
9 98 100
9 98 100
9 98 100
9 98 100
9 98 100
9 98 100
9 98 100
9 98 100
9 98 100
9 98 100
9 98 100
9 98 100
9 98 100
9 98 100
9 98 100
9 98 100
9 98 100
9 98 100
9 98 100
9 98 100
9 98 100
9 98 100
9 98 100
9 98 100
9 98 100
9 98 100
9 98 100
9 98 100
9 98 100
9 98 100
9 99 100
9 99 100
9 99 100
9 99 100
9 99 100
9 99 100
9 99 100
9 99 100
9 99 100
9 99 100
9 99 100
9 99 100
9 99 100
9 99 100
9 99 100
9 99 100
9 99 100
9 99 100
9 99 100
9 99 100
9 99 100
9 99 100
9 99 100
9 99 100
9 99 100
9 99 100
9 99 100
9 99 100
9 99 100
9 99 100
9 99 100
9 99 100
9 99 100
9 99 100
9 99 100
9 99 100
9 100 100
9 100 100
9 100 100
9 100 100
9 100 100
9 100 100
9 100 100
9 100 100
9 100 100
9 100 100
9 100 100
9 100 100
9 100 100
9 100 100
9 100 100
9 100 100
9 100 100
9 100 100
9 100 100
9 100 100
9 100 100
9 100 100
9 100 100
9 100 100
9 100 100
9 100 100
9 100 100
9 100 100
9 100 100
9 100 100
9 100 100
9 100 100
9 100 100
9 100 100
9 100 100
9 100 100
9 100 100
9 101 100
9 101 100
9 101 100
9 101 100
9 101 100
9 101 100
9 101 100
9 101 100
9 101 100
9 101 100
9 101 100
9 101 100
9 101 100
9 101 100
9 101 100
9 101 100
9 101 100
9 101 100
9 101 100
9 101 100
9 101 100
9 101 100
9 101 100
9 101 100
9 101 100
9 101 100
9 101 100
9 101 100
9 101 100
9 101 100
9 101 100
9 101 100
9 101 100
9 101 100
9 101 100
9 101 100
9 101 100
9 102 100
9 102 100
9 102 100
9 102 100
9 102 100
9 102 100
9 102 100
9 102 100
9 102 100
9 102 100
9 102 100
9 102 100
9 102 100
9 102 100
9 102 100
9 102 100
9 102 100
9 102 100
9 102 100
9 102 100
9 102 100
9 102 100
9 102 100
9 102 100
9 102 100
9 102 100
9 102 100
9 102 100
9 102 100
9 102 100
9 102 100
9 102 100
9 102 100
9 102 100
9 102 100
9 102 100
9 102 100
9 102 100
9 103 100
9 103 100
9 103 100
9 103 100
9 103 100
9 103 100
9 103 100
9 103 100
9 103 100
9 103 100
9 103 100
9 103 100
9 103 100
9 103 100
9 103 100
9 103 100
9 103 100
9 103 100
9 103 100
9 103 100
9 103 100
9 103 100
9 103 100
9 103 100
9 103 100
9 103 100
9 103 100
9 103 100
9 103 100
9 103 100
9 103 100
9 103 100
9 103 100
9 103 100
9 103 100
9 103 100
9 103 100
9 103 100
9 104 100
9 104 100
9 104 100
9 104 100
9 104 100
9 104 100
9 104 100
9 104 100
9 104 100
9 104 100
9 104 100
9 104 100
9 104 100
9 104 100
9 104 100
9 104 100
9 104 100
9 104 100
9 104 100
9 104 100
9 104 100
9 104 100
9 104 100
9 104 100
9 104 100
9 104 100
9 104 100
9 104 100
9 104 100
9 104 100
9 104 100
9 104 100
9 104 100
9 104 100
9 104 100
9 104 100
9 104 100
9 104 100
9 105 100
9 105 100
9 105 100
9 105 100
9 105 100
9 105 100
9 105 100
9 105 100
9 105 100
9 105 100
9 105 100
9 105 100
9 105 100
9 105 100
9 105 100
9 105 100
9 105 100
9 105 100
9 105 100
9 105 100
9 105 100
9 105 100
9 105 100
9 105 100
9 105 100
9 105 100
9 105 100
9 105 100
9 105 100
9 105 100
9 105 100
9 105 100
9 105 100
9 105 100
9 105 100
9 105 100
9 105 100
9 106 100
9 106 100
9 106 100
9 106 100
9 106 100
9 106 100
9 106 100
9 106 100
9 106 100
9 106 100
9 106 100
9 106 100
9 106 100
9 106 100
9 106 100
9 106 100
9 106 100
9 106 100
9 106 100
9 106 100
9 106 100
9 106 100
9 106 100
9 106 100
9 106 100
9 106 100
9 106 100
9 106 100
9 106 100
9 106 100
9 106 100
9 106 100
9 106 100
9 106 100
9 106 100
9 106 100
9 106 100
9 107 100
9 107 100
9 107 100
9 107 100
9 107 100
9 107 100
9 107 100
9 107 100
9 107 100
9 107 100
9 107 100
9 107 100
9 107 100
9 107 100
9 107 100
9 107 100
9 107 100
9 107 100
9 107 100
9 107 100
9 107 100
9 107 100
9 107 100
9 107 100
9 107 100
9 107 100
9 107 100
9 107 100
9 107 100
9 107 100
9 107 100
9 107 100
9 107 100
9 107 100
9 107 100
9 107 100
9 108 100
9 108 100
9 108 100
9 108 100
9 108 100
9 108 100
9 108 100
9 108 100
9 108 100
9 108 100
9 108 100
9 108 100
9 108 100
9 108 100
9 108 100
9 108 100
9 108 100
9 108 100
9 108 100
9 108 100
9 108 100
9 108 100
9 108 100
9 108 100
9 108 100
9 108 100
9 108 100
9 108 100
9 108 100
9 108 100
9 108 100
9 108 100
9 108 100
9 108 100
9 108 100
9 109 100
9 109 100
9 109 100
9 109 100
9 109 100
9 109 100
9 109 100
9 109 100
9 109 100
9 109 100
9 109 100
9 109 100
9 109 100
9 109 100
9 109 100
9 109 100
9 109 100
9 109 100
9 109 100
9 109 100
9 109 100
9 109 100
9 109 100
9 109 100
9 109 100
9 109 100
9 109 100
9 109 100
9 109 100
9 109 100
9 109 100
9 109 100
9 109 100
9 109 100
9 110 100
9 110 100
9 110 100
9 110 100
9 110 100
9 110 100
9 110 100
9 110 100
9 110 100
9 110 100
9 110 100
9 110 100
9 110 100
9 110 100
9 110 100
9 110 100
9 110 100
9 110 100
9 110 100
9 110 100
9 110 100
9 110 100
9 110 100
9 110 100
9 110 100
9 110 100
9 110 100
9 110 100
9 110 100
9 110 100
9 110 100
9 110 100
9 110 100
9 111 100
9 111 100
9 111 100
9 111 100
9 111 100
9 111 100
9 111 100
9 111 100
9 111 100
9 111 100
9 111 100
9 111 100
9 111 100
9 111 100
9 111 100
9 111 100
9 111 100
9 111 100
9 111 100
9 111 100
9 111 100
9 111 100
9 111 100
9 111 100
9 111 100
9 111 100
9 111 100
9 111 100
9 111 100
9 111 100
9 111 100
9 111 100
9 112 100
9 112 100
9 112 100
9 112 100
9 112 100
9 112 100
9 112 100
9 112 100
9 112 100
9 112 100
9 112 100
9 112 100
9 112 100
9 112 100
9 112 100
9 112 100
9 112 100
9 112 100
9 112 100
9 112 100
9 112 100
9 112 100
9 112 100
9 112 100
9 112 100
9 112 100
9 112 100
9 112 100
9 112 100
9 112 100
9 112 100
9 113 100
9 113 100
9 113 100
9 113 100
9 113 100
9 113 100
9 113 100
9 113 100
9 113 100
9 113 100
9 113 100
9 113 100
9 113 100
9 113 100
9 113 100
9 113 100
9 113 100
9 113 100
9 113 100
9 113 100
9 113 100
9 113 100
9 113 100
9 113 100
9 113 100
9 113 100
9 113 100
9 113 100
9 113 100
9 114 100
9 114 100
9 114 100
9 114 100
9 114 100
9 114 100
9 114 100
9 114 100
9 114 100
9 114 100
9 114 100
9 114 100
9 114 100
9 114 100
9 114 100
9 114 100
9 114 100
9 114 100
9 114 100
9 114 100
9 114 100
9 114 100
9 114 100
9 114 100
9 114 100
9 114 100
9 114 100
9 114 100
9 115 100
9 115 100
9 115 100
9 115 100
9 115 100
9 115 100
9 115 100
9 115 100
9 115 100
9 115 100
9 115 100
9 115 100
9 115 100
9 115 100
9 115 100
9 115 100
9 115 100
9 115 100
9 115 100
9 115 100
9 115 100
9 115 100
9 115 100
9 115 100
9 115 100
9 115 100
9 116 100
9 116 100
9 116 100
9 116 100
9 116 100
9 116 100
9 116 100
9 116 100
9 116 100
9 116 100
9 116 100
9 116 100
9 116 100
9 116 100
9 116 100
9 116 100
9 116 100
9 116 100
9 116 100
9 116 100
9 116 100
9 116 100
9 116 100
9 116 100
9 117 100
9 117 100
9 117 100
9 117 100
9 117 100
9 117 100
9 117 100
9 117 100
9 117 100
9 117 100
9 117 100
9 117 100
9 117 100
9 117 100
9 117 100
9 117 100
9 117 100
9 117 100
9 117 100
9 117 100
9 117 100
9 117 100
9 118 100
9 118 100
9 118 100
9 118 100
9 118 100
9 118 100
9 118 100
9 118 100
9 118 100
9 118 100
9 118 100
9 118 100
9 118 100
9 118 100
9 118 100
9 118 100
9 118 100
9 118 100
9 118 100
9 118 100
9 119 100
9 119 100
9 119 100
9 119 100
9 119 100
9 119 100
9 119 100
9 119 100
9 119 100
9 119 100
9 119 100
9 119 100
9 119 100
9 119 100
9 119 100
9 119 100
9 119 100
9 120 100
9 120 100
9 120 100
9 120 100
9 120 100
9 120 100
9 120 100
9 120 100
9 120 100
9 120 100
9 120 100
9 120 100
9 120 100
9 120 100
9 121 100
9 121 100
9 121 100
9 121 100
9 121 100
9 121 100
9 121 100
9 121 100
9 121 100
9 121 100
9 121 100
9 121 100
9 122 100
9 122 100
9 122 100
9 122 100
9 122 100
9 122 100
9 122 100
9 122 100
9 122 100
9 122 100
9 123 100
9 123 100
9 123 100
9 123 100
9 123 100
9 123 100
9 123 100
9 123 100
9 124 100
9 124 100
9 124 100
9 124 100
9 124 100
9 124 100
9 125 100
9 125 100
9 125 100
9 125 100
9 125 100
9 126 100
9 126 100
9 126 100
9 126 100
9 127 100
9 127 100
9 127 100
9 128 100
9 128 100
9 129 100
9 129 100
9 130 100
9 130 100
9 131 100
9 131 100
9 132 100
9 133 100
9 134 100
9 135 100
# move from (3,61) to (9,135)
3 61 100
4 61 100
5 61 100
6 61 100
7 61 100
8 61 100
# move from (180,80) to (9,135)
180 80 100
180 80 100
179 80 100
179 80 100
178 80 100
178 80 100
177 80 100
177 80 100
177 80 100
176 80 100
176 80 100
176 80 100
175 80 100
175 80 100
175 80 100
175 80 100
174 80 100
174 80 100
174 80 100
174 80 100
173 80 100
173 80 100
173 80 100
173 80 100
173 80 100
172 80 100
172 80 100
172 80 100
172 80 100
172 80 100
172 80 100
171 80 100
171 80 100
171 80 100
171 80 100
171 80 100
171 80 100
171 80 100
171 80 100
170 80 100
170 80 100
170 80 100
170 80 100
170 80 100
170 80 100
170 80 100
170 80 100
170 80 100
169 80 100
169 80 100
169 80 100
169 80 100
169 80 100
169 80 100
169 80 100
169 80 100
169 80 100
169 80 100
168 80 100
168 80 100
168 80 100
168 80 100
168 80 100
168 80 100
168 80 100
168 80 100
168 80 100
168 80 100
168 80 100
168 80 100
167 80 100
167 80 100
167 80 100
167 80 100
167 80 100
167 80 100
167 80 100
167 80 100
167 80 100
167 80 100
167 80 100
167 80 100
167 80 100
166 80 100
166 80 100
166 80 100
166 80 100
166 80 100
166 80 100
166 80 100
166 80 100
166 80 100
166 80 100
166 80 100
166 80 100
166 80 100
166 80 100
165 80 100
165 80 100
165 80 100
165 80 100
165 80 100
165 80 100
165 80 100
165 80 100
165 80 100
165 80 100
165 80 100
165 80 100
165 80 100
165 80 100
165 80 100
164 80 100
164 80 100
164 80 100
164 80 100
164 80 100
164 80 100
164 80 100
164 80 100
164 80 100
164 80 100
164 80 100
164 80 100
164 80 100
164 80 100
164 80 100
163 80 100
163 80 100
163 80 100
163 80 100
163 80 100
163 80 100
163 80 100
163 80 100
163 80 100
163 80 100
163 80 100
163 80 100
163 80 100
163 80 100
163 80 100
163 80 100
162 80 100
162 80 100
162 80 100
162 80 100
162 80 100
162 80 100
162 80 100
162 80 100
162 80 100
162 80 100
162 80 100
162 80 100
162 80 100
162 80 100
162 80 100
162 80 100
161 80 100
161 80 100
161 80 100
161 80 100
161 80 100
161 80 100
161 80 100
161 80 100
161 80 100
161 80 100
161 80 100
161 80 100
161 80 100
161 80 100
161 80 100
161 80 100
160 80 100
160 80 100
160 80 100
160 80 100
160 80 100
160 80 100
160 80 100
160 80 100
160 80 100
160 80 100
160 80 100
160 80 100
160 80 100
160 80 100
160 80 100
160 80 100
159 80 100
159 80 100
159 80 100
159 80 100
159 80 100
159 80 100
159 80 100
159 80 100
159 80 100
159 80 100
159 80 100
159 80 100
159 80 100
159 80 100
159 80 100
158 80 100
158 80 100
158 80 100
158 80 100
158 80 100
158 80 100
158 80 100
158 80 100
158 80 100
158 80 100
158 80 100
158 80 100
158 80 100
158 80 100
158 80 100
157 80 100
157 80 100
157 80 100
157 80 100
157 80 100
157 80 100
157 80 100
157 80 100
157 80 100
157 80 100
157 80 100
157 80 100
157 80 100
157 80 100
156 80 100
156 80 100
156 80 100
156 80 100
156 80 100
156 80 100
156 80 100
156 80 100
156 80 100
156 80 100
156 80 100
156 80 100
156 80 100
156 80 100
155 80 100
155 80 100
155 80 100
155 80 100
155 80 100
155 80 100
155 80 100
155 80 100
155 80 100
155 80 100
155 80 100
155 80 100
155 80 100
154 80 100
154 80 100
154 80 100
154 80 100
154 80 100
154 80 100
154 80 100
154 80 100
154 80 100
154 80 100
154 80 100
154 80 100
153 80 100
153 80 100
153 80 100
153 80 100
153 80 100
153 80 100
153 80 100
153 80 100
153 80 100
153 80 100
153 80 100
152 80 100
152 80 100
152 80 100
152 80 100
152 80 100
152 80 100
152 80 100
152 80 100
152 80 100
152 80 100
151 80 100
151 80 100
151 80 100
151 80 100
151 80 100
151 80 100
151 80 100
151 80 100
151 80 100
150 80 100
150 80 100
150 80 100
150 80 100
150 80 100
150 80 100
150 80 100
150 80 100
150 80 100
149 80 100
149 80 100
149 80 100
149 80 100
149 80 100
149 80 100
149 80 100
149 80 100
148 80 100
148 80 100
148 80 100
148 80 100
148 80 100
148 80 100
148 80 100
148 80 100
147 80 100
147 80 100
147 80 100
147 80 100
147 80 100
147 80 100
147 80 100
147 80 100
146 80 100
146 80 100
146 80 100
146 80 100
146 80 100
146 80 100
146 80 100
145 80 100
145 80 100
145 80 100
145 80 100
145 80 100
145 80 100
144 80 100
144 80 100
144 80 100
144 80 100
144 80 100
144 80 100
143 80 100
143 80 100
143 80 100
143 80 100
143 80 100
142 80 100
142 80 100
142 80 100
142 80 100
142 80 100
141 80 100
141 80 100
141 80 100
141 80 100
140 80 100
140 80 100
140 80 100
139 80 100
139 80 100
139 80 100
138 80 100
138 80 100
137 80 100
137 80 100
136 80 100
136 80 100
135 80 100
134 80 100
133 80 100
132 80 100
131 80 100
130 80 100
129 80 100
128 80 100
127 80 100
126 80 100
125 80 100
124 80 100
123 80 100
122 80 100
121 80 100
120 80 100
119 80 100
118 80 100
117 80 100
116 80 100
115 80 100
114 80 100
113 80 100
112 80 100
111 80 100
110 80 100
109 80 100
108 80 100
107 80 100
106 80 100
106 80 100
105 80 100
105 80 100
104 80 100
104 80 100
104 80 100
103 80 100
103 80 100
103 80 100
103 80 100
102 80 100
102 80 100
102 80 100
102 80 100
102 80 100
102 80 100
101 80 100
101 80 100
101 80 100
101 80 100
101 80 100
101 80 100
101 80 100
100 80 100
100 80 100
100 80 100
100 80 100
100 80 100
100 80 100
100 80 100
100 80 100
100 80 100
99 80 100
99 80 100
99 80 100
99 80 100
99 80 100
99 80 100
99 80 100
99 80 100
99 80 100
99 80 100
99 80 100
99 80 100
98 80 100
98 80 100
98 80 100
98 80 100
98 80 100
98 80 100
98 80 100
98 80 100
98 80 100
98 80 100
98 80 100
98 80 100
98 80 100
98 80 100
97 80 100
97 80 100
97 80 100
97 80 100
97 80 100
97 80 100
97 80 100
97 80 100
97 80 100
97 80 100
97 80 100
97 80 100
97 80 100
97 80 100
97 80 100
97 80 100
96 80 100
96 80 100
96 80 100
96 80 100
96 80 100
96 80 100
96 80 100
96 80 100
96 80 100
96 80 100
96 80 100
96 80 100
96 80 100
96 80 100
96 80 100
96 80 100
96 80 100
96 80 100
95 80 100
95 80 100
95 80 100
95 80 100
95 80 100
95 80 100
95 80 100
95 80 100
95 80 100
95 80 100
95 80 100
95 80 100
95 80 100
95 80 100
95 80 100
95 80 100
95 80 100
95 80 100
95 80 100
94 80 100
94 80 100
94 80 100
94 80 100
94 80 100
94 80 100
94 80 100
94 80 100
94 80 100
94 80 100
94 80 100
94 80 100
94 80 100
94 80 100
94 80 100
94 80 100
94 80 100
94 80 100
94 80 100
94 80 100
94 80 100
93 80 100
93 80 100
93 80 100
93 80 100
93 80 100
93 80 100
93 80 100
93 80 100
93 80 100
93 80 100
93 80 100
93 80 100
93 80 100
93 80 100
93 80 100
93 80 100
93 80 100
93 80 100
93 80 100
93 80 100
93 80 100
93 80 100
92 80 100
92 80 100
92 80 100
92 80 100
92 80 100
92 80 100
92 80 100
92 80 100
92 80 100
92 80 100
92 80 100
92 80 100
92 80 100
92 80 100
92 80 100
92 80 100
92 80 100
92 80 100
92 80 100
92 80 100
92 80 100
92 80 100
92 80 100
91 80 100
91 80 100
91 80 100
91 80 100
91 80 100
91 80 100
91 80 100
91 80 100
91 80 100
91 80 100
91 80 100
91 80 100
91 80 100
91 80 100
91 80 100
91 80 100
91 80 100
91 80 100
91 80 100
91 80 100
91 80 100
91 80 100
91 80 100
91 80 100
90 80 100
90 80 100
90 80 100
90 80 100
90 80 100
90 80 100
90 80 100
90 80 100
90 80 100
90 80 100
90 80 100
90 80 100
90 80 100
90 80 100
90 80 100
90 80 100
90 80 100
90 80 100
90 80 100
90 80 100
90 80 100
90 80 100
90 80 100
90 80 100
89 80 100
89 80 100
89 80 100
89 80 100
89 80 100
89 80 100
89 80 100
89 80 100
89 80 100
89 80 100
89 80 100
89 80 100
89 80 100
89 80 100
89 80 100
89 80 100
89 80 100
89 80 100
89 80 100
89 80 100
89 80 100
89 80 100
89 80 100
89 80 100
88 80 100
88 80 100
88 80 100
88 80 100
88 80 100
88 80 100
88 80 100
88 80 100
88 80 100
88 80 100
88 80 100
88 80 100
88 80 100
88 80 100
88 80 100
88 80 100
88 80 100
88 80 100
88 80 100
88 80 100
88 80 100
88 80 100
88 80 100
87 80 100
87 80 100
87 80 100
87 80 100
87 80 100
87 80 100
87 80 100
87 80 100
87 80 100
87 80 100
87 80 100
87 80 100
87 80 100
87 80 100
87 80 100
87 80 100
87 80 100
87 80 100
87 80 100
87 80 100
87 80 100
87 80 100
87 80 100
86 80 100
86 80 100
86 80 100
86 80 100
86 80 100
86 80 100
86 80 100
86 80 100
86 80 100
86 80 100
86 80 100
86 80 100
86 80 100
86 80 100
86 80 100
86 80 100
86 80 100
86 80 100
86 80 100
86 80 100
86 80 100
86 80 100
85 80 100
85 80 100
85 80 100
85 80 100
85 80 100
85 80 100
85 80 100
85 80 100
85 80 100
85 80 100
85 80 100
85 80 100
85 80 100
85 80 100
85 80 100
85 80 100
85 80 100
85 80 100
85 80 100
85 80 100
85 80 100
84 80 100
84 80 100
84 80 100
84 80 100
84 80 100
84 80 100
84 80 100
84 80 100
84 80 100
84 80 100
84 80 100
84 80 100
84 80 100
84 80 100
84 80 100
84 80 100
84 80 100
84 80 100
84 80 100
84 80 100
84 80 100
83 80 100
83 80 100
83 80 100
83 80 100
83 80 100
83 80 100
83 80 100
83 80 100
83 80 100
83 80 100
83 80 100
83 80 100
83 80 100
83 80 100
83 80 100
83 80 100
83 80 100
83 80 100
83 80 100
83 80 100
82 80 100
82 80 100
82 80 100
82 80 100
82 80 100
82 80 100
82 80 100
82 80 100
82 80 100
82 80 100
82 80 100
82 80 100
82 80 100
82 80 100
82 80 100
82 80 100
82 80 100
82 80 100
82 80 100
81 80 100
81 80 100
81 80 100
81 80 100
81 80 100
81 80 100
81 80 100
81 80 100
81 80 100
81 80 100
81 80 100
81 80 100
81 80 100
81 80 100
81 80 100
81 80 100
81 80 100
81 80 100
80 80 100
80 80 100
80 80 100
80 80 100
80 80 100
80 80 100
80 80 100
80 80 100
80 80 100
80 80 100
80 80 100
80 80 100
80 80 100
80 80 100
80 80 100
80 80 100
80 80 100
79 80 100
79 80 100
79 80 100
79 80 100
79 80 100
79 80 100
79 80 100
79 80 100
79 80 100
79 80 100
79 80 100
79 80 100
79 80 100
79 80 100
79 80 100
79 80 100
78 80 100
78 80 100
78 80 100
78 80 100
78 80 100
78 80 100
78 80 100
78 80 100
78 80 100
78 80 100
78 80 100
78 80 100
78 80 100
78 80 100
78 80 100
77 80 100
77 80 100
77 80 100
77 80 100
77 80 100
77 80 100
77 80 100
77 80 100
77 80 100
77 80 100
77 80 100
77 80 100
77 80 100
77 80 100
76 80 100
76 80 100
76 80 100
76 80 100
76 80 100
76 80 100
76 80 100
76 80 100
76 80 100
76 80 100
76 80 100
76 80 100
76 80 100
75 80 100
75 80 100
75 80 100
75 80 100
75 80 100
75 80 100
75 80 100
75 80 100
75 80 100
75 80 100
75 80 100
74 80 100
74 80 100
74 80 100
74 80 100
74 80 100
74 80 100
74 80 100
74 80 100
74 80 100
74 80 100
73 80 100
73 80 100
73 80 100
73 80 100
73 80 100
73 80 100
73 80 100
73 80 100
72 80 100
72 80 100
72 80 100
72 80 100
72 80 100
72 80 100
72 80 100
71 80 100
71 80 100
71 80 100
71 80 100
71 80 100
70 80 100
70 80 100
70 80 100
70 80 100
69 80 100
69 80 100
69 80 100
68 80 100
68 80 100
68 80 100
67 80 100
67 80 100
66 80 100
66 80 100
65 80 100
65 80 100
64 80 100
63 80 100
62 80 100
61 80 100
60 80 100
60 80 100
59 80 100
59 80 100
58 80 100
58 80 100
57 80 100
57 80 100
56 80 100
56 80 100
55 80 100
55 80 100
55 80 100
54 80 100
54 80 100
54 80 100
53 80 100
53 80 100
53 80 100
53 80 100
52 80 100
52 80 100
52 80 100
52 80 100
51 80 100
51 80 100
51 80 100
51 80 100
51 80 100
50 80 100
50 80 100
50 80 100
50 80 100
50 80 100
49 80 100
49 80 100
49 80 100
49 80 100
49 80 100
49 80 100
48 80 100
48 80 100
48 80 100
48 80 100
48 80 100
48 80 100
47 80 100
47 80 100
47 80 100
47 80 100
47 80 100
47 80 100
46 80 100
46 80 100
46 80 100
46 80 100
46 80 100
46 80 100
46 80 100
45 80 100
45 80 100
45 80 100
45 80 100
45 80 100
45 80 100
45 80 100
44 80 100
44 80 100
44 80 100
44 80 100
44 80 100
44 80 100
44 80 100
43 80 100
43 80 100
43 80 100
43 80 100
43 80 100
43 80 100
42 80 100
42 80 100
42 80 100
42 80 100
42 80 100
42 80 100
41 80 100
41 80 100
41 80 100
41 80 100
41 80 100
41 80 100
40 80 100
40 80 100
40 80 100
40 80 100
40 80 100
39 80 100
39 80 100
39 80 100
39 80 100
38 80 100
38 80 100
38 80 100
38 80 100
37 80 100
37 80 100
37 80 100
36 80 100
36 80 100
36 80 100
35 80 100
35 80 100
34 80 100
34 80 100
33 80 100
33 80 100
32 80 100
32 80 100
31 80 100
31 80 100
30 80 100
30 80 100
29 80 100
29 80 100
28 80 100
27 80 100
26 80 100
25 80 100
24 80 100
23 80 100
22 80 100
21 80 100
20 80 100
19 80 100
18 80 100
17 80 100
16 80 100
15 80 100
14 80 100
13 80 100
12 80 100
11 80 100
10 80 100
# move from (112,73) to (9,135)
112 73 100
111 73 100
110 73 100
109 73 100
108 73 100
108 73 100
107 73 100
107 73 100
106 73 100
106 73 100
105 73 100
105 73 100
105 73 100
104 73 100
104 73 100
104 73 100
104 73 100
103 73 100
103 73 100
103 73 100
103 73 100
103 73 100
102 73 100
102 73 100
102 73 100
102 73 100
102 73 100
102 73 100
102 73 100
101 73 100
101 73 100
101 73 100
101 73 100
101 73 100
101 73 100
101 73 100
101 73 100
100 73 100
100 73 100
100 73 100
100 73 100
100 73 100
100 73 100
100 73 100
100 73 100
100 73 100
99 73 100
99 73 100
99 73 100
99 73 100
99 73 100
99 73 100
99 73 100
99 73 100
99 73 100
99 73 100
99 73 100
98 73 100
98 73 100
98 73 100
98 73 100
98 73 100
98 73 100
98 73 100
98 73 100
98 73 100
98 73 100
98 73 100
98 73 100
97 73 100
97 73 100
97 73 100
97 73 100
97 73 100
97 73 100
97 73 100
97 73 100
97 73 100
97 73 100
97 73 100
97 73 100
96 73 100
96 73 100
96 73 100
96 73 100
96 73 100
96 73 100
96 73 100
96 73 100
96 73 100
96 73 100
96 73 100
96 73 100
96 73 100
95 73 100
95 73 100
95 73 100
95 73 100
95 73 100
95 73 100
95 73 100
95 73 100
95 73 100
95 73 100
95 73 100
95 73 100
95 73 100
94 73 100
94 73 100
94 73 100
94 73 100
94 73 100
94 73 100
94 73 100
94 73 100
94 73 100
94 73 100
94 73 100
94 73 100
94 73 100
93 73 100
93 73 100
93 73 100
93 73 100
93 73 100
93 73 100
93 73 100
93 73 100
93 73 100
93 73 100
93 73 100
93 73 100
93 73 100
92 73 100
92 73 100
92 73 100
92 73 100
92 73 100
92 73 100
92 73 100
92 73 100
92 73 100
92 73 100
92 73 100
92 73 100
92 73 100
91 73 100
91 73 100
91 73 100
91 73 100
91 73 100
91 73 100
91 73 100
91 73 100
91 73 100
91 73 100
91 73 100
91 73 100
90 73 100
90 73 100
90 73 100
90 73 100
90 73 100
90 73 100
90 73 100
90 73 100
90 73 100
90 73 100
90 73 100
89 73 100
89 73 100
89 73 100
89 73 100
89 73 100
89 73 100
89 73 100
89 73 100
89 73 100
89 73 100
89 73 100
88 73 100
88 73 100
88 73 100
88 73 100
88 73 100
88 73 100
88 73 100
88 73 100
88 73 100
88 73 100
87 73 100
87 73 100
87 73 100
87 73 100
87 73 100
87 73 100
87 73 100
87 73 100
87 73 100
86 73 100
86 73 100
86 73 100
86 73 100
86 73 100
86 73 100
86 73 100
86 73 100
86 73 100
85 73 100
85 73 100
85 73 100
85 73 100
85 73 100
85 73 100
85 73 100
85 73 100
85 73 100
84 73 100
84 73 100
84 73 100
84 73 100
84 73 100
84 73 100
84 73 100
84 73 100
83 73 100
83 73 100
83 73 100
83 73 100
83 73 100
83 73 100
83 73 100
83 73 100
82 73 100
82 73 100
82 73 100
82 73 100
82 73 100
82 73 100
82 73 100
82 73 100
81 73 100
81 73 100
81 73 100
81 73 100
81 73 100
81 73 100
81 73 100
80 73 100
80 73 100
80 73 100
80 73 100
80 73 100
80 73 100
80 73 100
79 73 100
79 73 100
79 73 100
79 73 100
79 73 100
79 73 100
79 73 100
78 73 100
78 73 100
78 73 100
78 73 100
78 73 100
78 73 100
77 73 100
77 73 100
77 73 100
77 73 100
77 73 100
76 73 100
76 73 100
76 73 100
76 73 100
76 73 100
75 73 100
75 73 100
75 73 100
75 73 100
74 73 100
74 73 100
74 73 100
74 73 100
73 73 100
73 73 100
73 73 100
72 73 100
72 73 100
72 73 100
71 73 100
71 73 100
70 73 100
70 73 100
69 73 100
69 73 100
68 73 100
67 73 100
66 73 100
65 73 100
64 73 100
63 73 100
62 73 100
61 73 100
60 73 100
60 73 100
59 73 100
59 73 100
58 73 100
58 73 100
57 73 100
57 73 100
57 73 100
56 73 100
56 73 100
56 73 100
55 73 100
55 73 100
55 73 100
55 73 100
54 73 100
54 73 100
54 73 100
54 73 100
54 73 100
53 73 100
53 73 100
53 73 100
53 73 100
53 73 100
53 73 100
52 73 100
52 73 100
52 73 100
52 73 100
52 73 100
52 73 100
52 73 100
51 73 100
51 73 100
51 73 100
51 73 100
51 73 100
51 73 100
51 73 100
50 73 100
50 73 100
50 73 100
50 73 100
50 73 100
50 73 100
50 73 100
50 73 100
49 73 100
49 73 100
49 73 100
49 73 100
49 73 100
49 73 100
49 73 100
49 73 100
48 73 100
48 73 100
48 73 100
48 73 100
48 73 100
48 73 100
48 73 100
48 73 100
47 73 100
47 73 100
47 73 100
47 73 100
47 73 100
47 73 100
47 73 100
46 73 100
46 73 100
46 73 100
46 73 100
46 73 100
46 73 100
46 73 100
45 73 100
45 73 100
45 73 100
45 73 100
45 73 100
45 73 100
45 73 100
44 73 100
44 73 100
44 73 100
44 73 100
44 73 100
44 73 100
43 73 100
43 73 100
43 73 100
43 73 100
43 73 100
42 73 100
42 73 100
42 73 100
42 73 100
42 73 100
41 73 100
41 73 100
41 73 100
41 73 100
40 73 100
40 73 100
40 73 100
39 73 100
39 73 100
39 73 100
38 73 100
38 73 100
37 73 100
37 73 100
36 73 100
36 73 100
35 73 100
34 73 100
33 73 100
32 73 100
31 73 100
30 73 100
29 73 100
28 73 100
27 73 100
26 73 100
25 73 100
24 73 100
23 73 100
22 73 100
21 73 100
20 73 100
19 73 100
18 73 100
17 73 100
16 73 100
15 73 100
14 73 100
13 73 100
12 73 100
11 73 100
10 73 100
# move from (55,147) to (9,135)
55 147 100
54 147 100
53 147 100
52 147 100
51 147 100
50 147 100
49 147 100
48 147 100
47 147 100
46 147 100
45 147 100
44 147 100
43 147 100
42 147 100
41 147 100
40 147 100
39 147 100
38 147 100
37 147 100
36 147 100
35 147 100
35 147 100
34 147 100
34 147 100
33 147 100
33 147 100
32 147 100
32 147 100
32 147 100
31 147 100
31 147 100
31 147 100
30 147 100
30 147 100
30 147 100
30 147 100
29 147 100
29 147 100
29 147 100
29 147 100
28 147 100
28 147 100
28 147 100
28 147 100
28 147 100
27 147 100
27 147 100
27 147 100
27 147 100
27 147 100
26 147 100
26 147 100
26 147 100
26 147 100
26 147 100
26 147 100
25 147 100
25 147 100
25 147 100
25 147 100
25 147 100
25 147 100
24 147 100
24 147 100
24 147 100
24 147 100
24 147 100
24 147 100
24 147 100
23 147 100
23 147 100
23 147 100
23 147 100
23 147 100
23 147 100
23 147 100
23 147 100
22 147 100
22 147 100
22 147 100
22 147 100
22 147 100
22 147 100
22 147 100
22 147 100
22 147 100
21 147 100
21 147 100
21 147 100
21 147 100
21 147 100
21 147 100
21 147 100
21 147 100
21 147 100
20 147 100
20 147 100
20 147 100
20 147 100
20 147 100
20 147 100
20 147 100
20 147 100
20 147 100
20 147 100
19 147 100
19 147 100
19 147 100
19 147 100
19 147 100
19 147 100
19 147 100
19 147 100
19 147 100
19 147 100
19 147 100
18 147 100
18 147 100
18 147 100
18 147 100
18 147 100
18 147 100
18 147 100
18 147 100
18 147 100
18 147 100
18 147 100
17 147 100
17 147 100
17 147 100
17 147 100
17 147 100
17 147 100
17 147 100
17 147 100
17 147 100
17 147 100
17 147 100
16 147 100
16 147 100
16 147 100
16 147 100
16 147 100
16 147 100
16 147 100
16 147 100
16 147 100
16 147 100
16 147 100
15 147 100
15 147 100
15 147 100
15 147 100
15 147 100
15 147 100
15 147 100
15 147 100
15 147 100
15 147 100
15 147 100
14 147 100
14 147 100
14 147 100
14 147 100
14 147 100
14 147 100
14 147 100
14 147 100
14 147 100
14 147 100
13 147 100
13 147 100
13 147 100
13 147 100
13 147 100
13 147 100
13 147 100
13 147 100
13 147 100
12 147 100
12 147 100
12 147 100
12 147 100
12 147 100
12 147 100
12 147 100
12 147 100
11 147 100
11 147 100
11 147 100
11 147 100
11 147 100
11 147 100
11 147 100
10 147 100
10 147 100
10 147 100
10 147 100
10 147 100
10 147 100
9 147 100
9 147 100
9 147 100
9 147 100
9 147 100
9 146 100
9 146 100
9 146 100
9 146 100
9 146 100
9 145 100
9 145 100
9 145 100
9 145 100
9 144 100
9 144 100
9 144 100
9 143 100
9 143 100
9 143 100
9 142 100
9 142 100
9 141 100
9 141 100
9 140 100
9 140 100
9 139 100
9 139 100
9 138 100
9 138 100
9 137 100
9 137 100
9 136 100
# move from (105,197) to (9,135)
105 197 100
104 197 100
103 197 100
102 197 100
101 197 100
100 197 100
99 197 100
98 197 100
97 197 100
96 197 100
95 197 100
94 197 100
93 197 100
92 197 100
91 197 100
90 197 100
89 197 100
88 197 100
87 197 100
86 197 100
85 197 100
84 197 100
83 197 100
82 197 100
81 197 100
80 197 100
79 197 100
78 197 100
77 197 100
76 197 100
75 197 100
74 197 100
73 197 100
72 197 100
71 197 100
71 197 100
70 197 100
70 197 100
69 197 100
69 197 100
69 197 100
68 197 100
68 197 100
68 197 100
67 197 100
67 197 100
67 197 100
67 197 100
66 197 100
66 197 100
66 197 100
66 197 100
66 197 100
65 197 100
65 197 100
65 197 100
65 197 100
65 197 100
65 197 100
64 197 100
64 197 100
64 197 100
64 197 100
64 197 100
64 197 100
64 197 100
63 197 100
63 197 100
63 197 100
63 197 100
63 197 100
63 197 100
63 197 100
63 197 100
63 197 100
62 197 100
62 197 100
62 197 100
62 197 100
62 197 100
62 197 100
62 197 100
62 197 100
62 197 100
62 197 100
61 197 100
61 197 100
61 197 100
61 197 100
61 197 100
61 197 100
61 197 100
61 197 100
61 197 100
61 197 100
61 197 100
60 197 100
60 197 100
60 197 100
60 197 100
60 197 100
60 197 100
60 197 100
60 197 100
60 197 100
60 197 100
60 197 100
60 197 100
60 197 100
59 197 100
59 197 100
59 197 100
59 197 100
59 197 100
59 197 100
59 197 100
59 197 100
59 197 100
59 197 100
59 197 100
59 197 100
59 197 100
59 197 100
58 197 100
58 197 100
58 197 100
58 197 100
58 197 100
58 197 100
58 197 100
58 197 100
58 197 100
58 197 100
58 197 100
58 197 100
58 197 100
58 197 100
58 197 100
58 197 100
57 197 100
57 197 100
57 197 100
57 197 100
57 197 100
57 197 100
57 197 100
57 197 100
57 197 100
57 197 100
57 197 100
57 197 100
57 197 100
57 197 100
57 197 100
57 197 100
57 197 100
57 197 100
56 197 100
56 197 100
56 197 100
56 197 100
56 197 100
56 197 100
56 197 100
56 197 100
56 197 100
56 197 100
56 197 100
56 197 100
56 197 100
56 197 100
56 197 100
56 197 100
56 197 100
56 197 100
56 197 100
56 197 100
55 197 100
55 197 100
55 197 100
55 197 100
55 197 100
55 197 100
55 197 100
55 197 100
55 197 100
55 197 100
55 197 100
55 197 100
55 197 100
55 197 100
55 197 100
55 197 100
55 197 100
55 197 100
55 197 100
55 197 100
55 197 100
55 197 100
55 197 100
54 197 100
54 197 100
54 197 100
54 197 100
54 197 100
54 197 100
54 197 100
54 197 100
54 197 100
54 197 100
54 197 100
54 197 100
54 197 100
54 197 100
54 197 100
54 197 100
54 197 100
54 197 100
54 197 100
54 197 100
54 197 100
54 197 100
54 197 100
54 197 100
54 197 100
54 197 100
53 197 100
53 197 100
53 197 100
53 197 100
53 197 100
53 197 100
53 197 100
53 197 100
53 197 100
53 197 100
53 197 100
53 197 100
53 197 100
53 197 100
53 197 100
53 197 100
53 197 100
53 197 100
53 197 100
53 197 100
53 197 100
53 197 100
53 197 100
53 197 100
53 197 100
53 197 100
53 197 100
53 197 100
53 197 100
52 197 100
52 197 100
52 197 100
52 197 100
52 197 100
52 197 100
52 197 100
52 197 100
52 197 100
52 197 100
52 197 100
52 197 100
52 197 100
52 197 100
52 197 100
52 197 100
52 197 100
52 197 100
52 197 100
52 197 100
52 197 100
52 197 100
52 197 100
52 197 100
52 197 100
52 197 100
52 197 100
52 197 100
52 197 100
52 197 100
52 197 100
52 197 100
51 197 100
51 197 100
51 197 100
51 197 100
51 197 100
51 197 100
51 197 100
51 197 100
51 197 100
51 197 100
51 197 100
51 197 100
51 197 100
51 197 100
51 197 100
51 197 100
51 197 100
51 197 100
51 197 100
51 197 100
51 197 100
51 197 100
51 197 100
51 197 100
51 197 100
51 197 100
51 197 100
51 197 100
51 197 100
51 197 100
51 197 100
51 197 100
51 197 100
51 197 100
51 197 100
50 197 100
50 197 100
50 197 100
50 197 100
50 197 100
50 197 100
50 197 100
50 197 100
50 197 100
50 197 100
50 197 100
50 197 100
50 197 100
50 197 100
50 197 100
50 197 100
50 197 100
50 197 100
50 197 100
50 197 100
50 197 100
50 197 100
50 197 100
50 197 100
50 197 100
50 197 100
50 197 100
50 197 100
50 197 100
50 197 100
50 197 100
50 197 100
50 197 100
50 197 100
50 197 100
50 197 100
50 197 100
50 197 100
49 197 100
49 197 100
49 197 100
49 197 100
49 197 100
49 197 100
49 197 100
49 197 100
49 197 100
49 197 100
49 197 100
49 197 100
49 197 100
49 197 100
49 197 100
49 197 100
49 197 100
49 197 100
49 197 100
49 197 100
49 197 100
49 197 100
49 197 100
49 197 100
49 197 100
49 197 100
49 197 100
49 197 100
49 197 100
49 197 100
49 197 100
49 197 100
49 197 100
49 197 100
49 197 100
49 197 100
49 197 100
49 197 100
49 197 100
49 197 100
48 197 100
48 197 100
48 197 100
48 197 100
48 197 100
48 197 100
48 197 100
48 197 100
48 197 100
48 197 100
48 197 100
48 197 100
48 197 100
48 197 100
48 197 100
48 197 100
48 197 100
48 197 100
48 197 100
48 197 100
48 197 100
48 197 100
48 197 100
48 197 100
48 197 100
48 197 100
48 197 100
48 197 100
48 197 100
48 197 100
48 197 100
48 197 100
48 197 100
48 197 100
48 197 100
48 197 100
48 197 100
48 197 100
48 197 100
48 197 100
48 197 100
47 197 100
47 197 100
47 197 100
47 197 100
47 197 100
47 197 100
47 197 100
47 197 100
47 197 100
47 197 100
47 197 100
47 197 100
47 197 100
47 197 100
47 197 100
47 197 100
47 197 100
47 197 100
47 197 100
47 197 100
47 197 100
47 197 100
47 197 100
47 197 100
47 197 100
47 197 100
47 197 100
47 197 100
47 197 100
47 197 100
47 197 100
47 197 100
47 197 100
47 197 100
47 197 100
47 197 100
47 197 100
47 197 100
47 197 100
47 197 100
47 197 100
47 197 100
46 197 100
46 197 100
46 197 100
46 197 100
46 197 100
46 197 100
46 197 100
46 197 100
46 197 100
46 197 100
46 197 100
46 197 100
46 197 100
46 197 100
46 197 100
46 197 100
46 197 100
46 197 100
46 197 100
46 197 100
46 197 100
46 197 100
46 197 100
46 197 100
46 197 100
46 197 100
46 197 100
46 197 100
46 197 100
46 197 100
46 197 100
46 197 100
46 197 100
46 197 100
46 197 100
46 197 100
46 197 100
46 197 100
46 197 100
46 197 100
46 197 100
46 197 100
46 197 100
45 197 100
45 197 100
45 197 100
45 197 100
45 197 100
45 197 100
45 197 100
45 197 100
45 197 100
45 197 100
45 197 100
45 197 100
45 197 100
45 197 100
45 197 100
45 197 100
45 197 100
45 197 100
45 197 100
45 197 100
45 197 100
45 197 100
45 197 100
45 197 100
45 197 100
45 197 100
45 197 100
45 197 100
45 197 100
45 197 100
45 197 100
45 197 100
45 197 100
45 197 100
45 197 100
45 197 100
45 197 100
45 197 100
45 197 100
45 197 100
45 197 100
45 197 100
45 197 100
44 197 100
44 197 100
44 197 100
44 197 100
44 197 100
44 197 100
44 197 100
44 197 100
44 197 100
44 197 100
44 197 100
44 197 100
44 197 100
44 197 100
44 197 100
44 197 100
44 197 100
44 197 100
44 197 100
44 197 100
44 197 100
44 197 100
44 197 100
44 197 100
44 197 100
44 197 100
44 197 100
44 197 100
44 197 100
44 197 100
44 197 100
44 197 100
44 197 100
44 197 100
44 197 100
44 197 100
44 197 100
44 197 100
44 197 100
44 197 100
44 197 100
44 197 100
43 197 100
43 197 100
43 197 100
43 197 100
43 197 100
43 197 100
43 197 100
43 197 100
43 197 100
43 197 100
43 197 100
43 197 100
43 197 100
43 197 100
43 197 100
43 197 100
43 197 100
43 197 100
43 197 100
43 197 100
43 197 100
43 197 100
43 197 100
43 197 100
43 197 100
43 197 100
43 197 100
43 197 100
43 197 100
43 197 100
43 197 100
43 197 100
43 197 100
43 197 100
43 197 100
43 197 100
43 197 100
43 197 100
43 197 100
43 197 100
43 197 100
42 197 100
42 197 100
42 197 100
42 197 100
42 197 100
42 197 100
42 197 100
42 197 100
42 197 100
42 197 100
42 197 100
42 197 100
42 197 100
42 197 100
42 197 100
42 197 100
42 197 100
42 197 100
42 197 100
42 197 100
42 197 100
42 197 100
42 197 100
42 197 100
42 197 100
42 197 100
42 197 100
42 197 100
42 197 100
42 197 100
42 197 100
42 197 100
42 197 100
42 197 100
42 197 100
42 197 100
42 197 100
42 197 100
42 197 100
42 197 100
41 197 100
41 197 100
41 197 100
41 197 100
41 197 100
41 197 100
41 197 100
41 197 100
41 197 100
41 197 100
41 197 100
41 197 100
41 197 100
41 197 100
41 197 100
41 197 100
41 197 100
41 197 100
41 197 100
41 197 100
41 197 100
41 197 100
41 197 100
41 197 100
41 197 100
41 197 100
41 197 100
41 197 100
41 197 100
41 197 100
41 197 100
41 197 100
41 197 100
41 197 100
41 197 100
41 197 100
41 197 100
41 197 100
40 197 100
40 197 100
40 197 100
40 197 100
40 197 100
40 197 100
40 197 100
40 197 100
40 197 100
40 197 100
40 197 100
40 197 100
40 197 100
40 197 100
40 197 100
40 197 100
40 197 100
40 197 100
40 197 100
40 197 100
40 197 100
40 197 100
40 197 100
40 197 100
40 197 100
40 197 100
40 197 100
40 197 100
40 197 100
40 197 100
40 197 100
40 197 100
40 197 100
40 197 100
40 197 100
40 197 100
40 197 100
39 197 100
39 197 100
39 197 100
39 197 100
39 197 100
39 197 100
39 197 100
39 197 100
39 197 100
39 197 100
39 197 100
39 197 100
39 197 100
39 197 100
39 197 100
39 197 100
39 197 100
39 197 100
39 197 100
39 197 100
39 197 100
39 197 100
39 197 100
39 197 100
39 197 100
39 197 100
39 197 100
39 197 100
39 197 100
39 197 100
39 197 100
39 197 100
39 197 100
39 197 100
39 197 100
38 197 100
38 197 100
38 197 100
38 197 100
38 197 100
38 197 100
38 197 100
38 197 100
38 197 100
38 197 100
38 197 100
38 197 100
38 197 100
38 197 100
38 197 100
38 197 100
38 197 100
38 197 100
38 197 100
38 197 100
38 197 100
38 197 100
38 197 100
38 197 100
38 197 100
38 197 100
38 197 100
38 197 100
38 197 100
38 197 100
38 197 100
38 197 100
38 197 100
37 197 100
37 197 100
37 197 100
37 197 100
37 197 100
37 197 100
37 197 100
37 197 100
37 197 100
37 197 100
37 197 100
37 197 100
37 197 100
37 197 100
37 197 100
37 197 100
37 197 100
37 197 100
37 197 100
37 197 100
37 197 100
37 197 100
37 197 100
37 197 100
37 197 100
37 197 100
37 197 100
37 197 100
37 197 100
37 197 100
36 197 100
36 197 100
36 197 100
36 197 100
36 197 100
36 197 100
36 197 100
36 197 100
36 197 100
36 197 100
36 197 100
36 197 100
36 197 100
36 197 100
36 197 100
36 197 100
36 197 100
36 197 100
36 197 100
36 197 100
36 197 100
36 197 100
36 197 100
36 197 100
36 197 100
36 197 100
36 197 100
35 197 100
35 197 100
35 197 100
35 197 100
35 197 100
35 197 100
35 197 100
35 197 100
35 197 100
35 197 100
35 197 100
35 197 100
35 197 100
35 197 100
35 197 100
35 197 100
35 197 100
35 197 100
35 197 100
35 197 100
35 197 100
35 197 100
35 197 100
35 197 100
34 197 100
34 197 100
34 197 100
34 197 100
34 197 100
34 197 100
34 197 100
34 197 100
34 197 100
34 197 100
34 197 100
34 197 100
34 197 100
34 197 100
34 197 100
34 197 100
34 197 100
34 197 100
34 197 100
34 197 100
34 197 100
33 197 100
33 197 100
33 197 100
33 197 100
33 197 100
33 197 100
33 197 100
33 197 100
33 197 100
33 197 100
33 197 100
33 197 100
33 197 100
33 197 100
33 197 100
33 197 100
33 197 100
33 197 100
32 197 100
32 197 100
32 197 100
32 197 100
32 197 100
32 197 100
32 197 100
32 197 100
32 197 100
32 197 100
32 197 100
32 197 100
32 197 100
32 197 100
32 197 100
31 197 100
31 197 100
31 197 100
31 197 100
31 197 100
31 197 100
31 197 100
31 197 100
31 197 100
31 197 100
31 197 100
31 197 100
30 197 100
30 197 100
30 197 100
30 197 100
30 197 100
30 197 100
30 197 100
30 197 100
30 197 100
29 197 100
29 197 100
29 197 100
29 197 100
29 197 100
29 197 100
29 197 100
28 197 100
28 197 100
28 197 100
28 197 100
28 197 100
27 197 100
27 197 100
27 197 100
27 197 100
26 197 100
26 197 100
26 197 100
25 197 100
25 197 100
24 197 100
24 197 100
23 197 100
23 197 100
22 197 100
21 197 100
20 197 100
19 197 100
18 197 100
17 197 100
16 197 100
15 197 100
14 197 100
13 197 100
12 197 100
11 197 100
10 197 100
9 197 100
9 196 100
9 195 100
9 194 100
9 193 100
9 192 100
9 191 100
9 190 100
9 189 100
9 188 100
9 187 100
9 186 100
9 185 100
9 184 100
9 183 100
9 182 100
9 181 100
9 180 100
9 179 100
9 178 100
9 177 100
9 176 100
9 175 100
9 175 100
9 174 100
9 174 100
9 173 100
9 173 100
9 172 100
9 172 100
9 172 100
9 171 100
9 171 100
9 171 100
9 171 100
9 170 100
9 170 100
9 170 100
9 170 100
9 169 100
9 169 100
9 169 100
9 169 100
9 169 100
9 168 100
9 168 100
9 168 100
9 168 100
9 168 100
9 168 100
9 167 100
9 167 100
9 167 100
9 167 100
9 167 100
9 167 100
9 167 100
9 166 100
9 166 100
9 166 100
9 166 100
9 166 100
9 166 100
9 166 100
9 166 100
9 165 100
9 165 100
9 165 100
9 165 100
9 165 100
9 165 100
9 165 100
9 165 100
9 164 100
9 164 100
9 164 100
9 164 100
9 164 100
9 164 100
9 164 100
9 164 100
9 164 100
9 163 100
9 163 100
9 163 100
9 163 100
9 163 100
9 163 100
9 163 100
9 163 100
9 163 100
9 162 100
9 162 100
9 162 100
9 162 100
9 162 100
9 162 100
9 162 100
9 162 100
9 162 100
9 161 100
9 161 100
9 161 100
9 161 100
9 161 100
9 161 100
9 161 100
9 161 100
9 161 100
9 160 100
9 160 100
9 160 100
9 160 100
9 160 100
9 160 100
9 160 100
9 160 100
9 160 100
9 159 100
9 159 100
9 159 100
9 159 100
9 159 100
9 159 100
9 159 100
9 159 100
9 159 100
9 158 100
9 158 100
9 158 100
9 158 100
9 158 100
9 158 100
9 158 100
9 158 100
9 158 100
9 157 100
9 157 100
9 157 100
9 157 100
9 157 100
9 157 100
9 157 100
9 157 100
9 157 100
9 156 100
9 156 100
9 156 100
9 156 100
9 156 100
9 156 100
9 156 100
9 156 100
9 156 100
9 155 100
9 155 100
9 155 100
9 155 100
9 155 100
9 155 100
9 155 100
9 155 100
9 155 100
9 154 100
9 154 100
9 154 100
9 154 100
9 154 100
9 154 100
9 154 100
9 154 100
9 154 100
9 153 100
9 153 100
9 153 100
9 153 100
9 153 100
9 153 100
9 153 100
9 153 100
9 153 100
9 152 100
9 152 100
9 152 100
9 152 100
9 152 100
9 152 100
9 152 100
9 152 100
9 151 100
9 151 100
9 151 100
9 151 100
9 151 100
9 151 100
9 151 100
9 151 100
9 150 100
9 150 100
9 150 100
9 150 100
9 150 100
9 150 100
9 150 100
9 149 100
9 149 100
9 149 100
9 149 100
9 149 100
9 149 100
9 149 100
9 148 100
9 148 100
9 148 100
9 148 100
9 148 100
9 148 100
# move from (161,9) to (9,135)
161 9 100
160 9 100
159 9 100
158 9 100
157 9 100
156 9 100
155 9 100
154 9 100
153 9 100
152 9 100
151 9 100
150 9 100
149 9 100
148 9 100
147 9 100
146 9 100
145 9 100
144 9 100
143 9 100
142 9 100
142 9 100
141 9 100
141 9 100
140 9 100
140 9 100
139 9 100
139 9 100
138 9 100
138 9 100
138 9 100
137 9 100
137 9 100
137 9 100
136 9 100
136 9 100
136 9 100
135 9 100
135 9 100
135 9 100
134 9 100
134 9 100
134 9 100
133 9 100
133 9 100
133 9 100
133 9 100
132 9 100
132 9 100
132 9 100
132 9 100
131 9 100
131 9 100
131 9 100
131 9 100
130 9 100
130 9 100
130 9 100
130 9 100
130 9 100
129 9 100
129 9 100
129 9 100
129 9 100
129 9 100
128 9 100
128 9 100
128 9 100
128 9 100
128 9 100
127 9 100
127 9 100
127 9 100
127 9 100
127 9 100
127 9 100
126 9 100
126 9 100
126 9 100
126 9 100
126 9 100
126 9 100
125 9 100
125 9 100
125 9 100
125 9 100
125 9 100
125 9 100
125 9 100
124 9 100
124 9 100
124 9 100
124 9 100
124 9 100
124 9 100
124 9 100
123 9 100
123 9 100
123 9 100
123 9 100
123 9 100
123 9 100
123 9 100
122 9 100
122 9 100
122 9 100
122 9 100
122 9 100
122 9 100
122 9 100
122 9 100
121 9 100
121 9 100
121 9 100
121 9 100
121 9 100
121 9 100
121 9 100
121 9 100
120 9 100
120 9 100
120 9 100
120 9 100
120 9 100
120 9 100
120 9 100
120 9 100
119 9 100
119 9 100
119 9 100
119 9 100
119 9 100
119 9 100
119 9 100
118 9 100
118 9 100
118 9 100
118 9 100
118 9 100
118 9 100
118 9 100
117 9 100
117 9 100
117 9 100
117 9 100
117 9 100
117 9 100
116 9 100
116 9 100
116 9 100
116 9 100
116 9 100
115 9 100
115 9 100
115 9 100
115 9 100
114 9 100
114 9 100
114 9 100
114 9 100
113 9 100
113 9 100
113 9 100
112 9 100
112 9 100
112 9 100
111 9 100
111 9 100
110 9 100
110 9 100
109 9 100
109 9 100
108 9 100
108 9 100
107 9 100
107 9 100
106 9 100
106 9 100
105 9 100
105 9 100
104 9 100
104 9 100
103 9 100
103 9 100
102 9 100
102 9 100
101 9 100
101 9 100
100 9 100
100 9 100
100 9 100
99 9 100
99 9 100
99 9 100
98 9 100
98 9 100
98 9 100
98 9 100
97 9 100
97 9 100
97 9 100
97 9 100
96 9 100
96 9 100
96 9 100
96 9 100
95 9 100
95 9 100
95 9 100
95 9 100
94 9 100
94 9 100
94 9 100
94 9 100
94 9 100
93 9 100
93 9 100
93 9 100
93 9 100
93 9 100
92 9 100
92 9 100
92 9 100
92 9 100
92 9 100
91 9 100
91 9 100
91 9 100
91 9 100
91 9 100
91 9 100
90 9 100
90 9 100
90 9 100
90 9 100
90 9 100
90 9 100
89 9 100
89 9 100
89 9 100
89 9 100
89 9 100
89 9 100
89 9 100
88 9 100
88 9 100
88 9 100
88 9 100
88 9 100
88 9 100
88 9 100
87 9 100
87 9 100
87 9 100
87 9 100
87 9 100
87 9 100
87 9 100
87 9 100
86 9 100
86 9 100
86 9 100
86 9 100
86 9 100
86 9 100
86 9 100
86 9 100
86 9 100
86 9 100
85 9 100
85 9 100
85 9 100
85 9 100
85 9 100
85 9 100
85 9 100
85 9 100
85 9 100
85 9 100
85 9 100
84 9 100
84 9 100
84 9 100
84 9 100
84 9 100
84 9 100
84 9 100
84 9 100
84 9 100
84 9 100
84 9 100
84 9 100
84 9 100
84 9 100
83 9 100
83 9 100
83 9 100
83 9 100
83 9 100
83 9 100
83 9 100
83 9 100
83 9 100
83 9 100
83 9 100
83 9 100
83 9 100
83 9 100
83 9 100
83 9 100
82 9 100
82 9 100
82 9 100
82 9 100
82 9 100
82 9 100
82 9 100
82 9 100
82 9 100
82 9 100
82 9 100
82 9 100
82 9 100
82 9 100
82 9 100
82 9 100
82 9 100
82 9 100
82 9 100
81 9 100
81 9 100
81 9 100
81 9 100
81 9 100
81 9 100
81 9 100
81 9 100
81 9 100
81 9 100
81 9 100
81 9 100
81 9 100
81 9 100
81 9 100
81 9 100
81 9 100
81 9 100
81 9 100
81 9 100
81 9 100
81 9 100
80 9 100
80 9 100
80 9 100
80 9 100
80 9 100
80 9 100
80 9 100
80 9 100
80 9 100
80 9 100
80 9 100
80 9 100
80 9 100
80 9 100
80 9 100
80 9 100
80 9 100
80 9 100
80 9 100
80 9 100
80 9 100
80 9 100
80 9 100
80 9 100
80 9 100
79 9 100
79 9 100
79 9 100
79 9 100
79 9 100
79 9 100
79 9 100
79 9 100
79 9 100
79 9 100
79 9 100
79 9 100
79 9 100
79 9 100
79 9 100
79 9 100
79 9 100
79 9 100
79 9 100
79 9 100
79 9 100
79 9 100
79 9 100
79 9 100
79 9 100
79 9 100
79 9 100
78 9 100
78 9 100
78 9 100
78 9 100
78 9 100
78 9 100
78 9 100
78 9 100
78 9 100
78 9 100
78 9 100
78 9 100
78 9 100
78 9 100
78 9 100
78 9 100
78 9 100
78 9 100
78 9 100
78 9 100
78 9 100
78 9 100
78 9 100
78 9 100
78 9 100
78 9 100
78 9 100
78 9 100
78 9 100
77 9 100
77 9 100
77 9 100
77 9 100
77 9 100
77 9 100
77 9 100
77 9 100
77 9 100
77 9 100
77 9 100
77 9 100
77 9 100
77 9 100
77 9 100
77 9 100
77 9 100
77 9 100
77 9 100
77 9 100
77 9 100
77 9 100
77 9 100
77 9 100
77 9 100
77 9 100
77 9 100
77 9 100
77 9 100
77 9 100
77 9 100
76 9 100
76 9 100
76 9 100
76 9 100
76 9 100
76 9 100
76 9 100
76 9 100
76 9 100
76 9 100
76 9 100
76 9 100
76 9 100
76 9 100
76 9 100
76 9 100
76 9 100
76 9 100
76 9 100
76 9 100
76 9 100
76 9 100
76 9 100
76 9 100
76 9 100
76 9 100
76 9 100
76 9 100
76 9 100
76 9 100
76 9 100
76 9 100
75 9 100
75 9 100
75 9 100
75 9 100
75 9 100
75 9 100
75 9 100
75 9 100
75 9 100
75 9 100
75 9 100
75 9 100
75 9 100
75 9 100
75 9 100
75 9 100
75 9 100
75 9 100
75 9 100
75 9 100
75 9 100
75 9 100
75 9 100
75 9 100
75 9 100
75 9 100
75 9 100
75 9 100
75 9 100
75 9 100
75 9 100
75 9 100
74 9 100
74 9 100
74 9 100
74 9 100
74 9 100
74 9 100
74 9 100
74 9 100
74 9 100
74 9 100
74 9 100
74 9 100
74 9 100
74 9 100
74 9 100
74 9 100
74 9 100
74 9 100
74 9 100
74 9 100
74 9 100
74 9 100
74 9 100
74 9 100
74 9 100
74 9 100
74 9 100
74 9 100
74 9 100
74 9 100
74 9 100
74 9 100
73 9 100
73 9 100
73 9 100
73 9 100
73 9 100
73 9 100
73 9 100
73 9 100
73 9 100
73 9 100
73 9 100
73 9 100
73 9 100
73 9 100
73 9 100
73 9 100
73 9 100
73 9 100
73 9 100
73 9 100
73 9 100
73 9 100
73 9 100
73 9 100
73 9 100
73 9 100
73 9 100
73 9 100
73 9 100
73 9 100
73 9 100
72 9 100
72 9 100
72 9 100
72 9 100
72 9 100
72 9 100
72 9 100
72 9 100
72 9 100
72 9 100
72 9 100
72 9 100
72 9 100
72 9 100
72 9 100
72 9 100
72 9 100
72 9 100
72 9 100
72 9 100
72 9 100
72 9 100
72 9 100
72 9 100
72 9 100
72 9 100
72 9 100
72 9 100
72 9 100
71 9 100
71 9 100
71 9 100
71 9 100
71 9 100
71 9 100
71 9 100
71 9 100
71 9 100
71 9 100
71 9 100
71 9 100
71 9 100
71 9 100
71 9 100
71 9 100
71 9 100
71 9 100
71 9 100
71 9 100
71 9 100
71 9 100
71 9 100
71 9 100
71 9 100
71 9 100
70 9 100
70 9 100
70 9 100
70 9 100
70 9 100
70 9 100
70 9 100
70 9 100
70 9 100
70 9 100
70 9 100
70 9 100
70 9 100
70 9 100
70 9 100
70 9 100
70 9 100
70 9 100
70 9 100
70 9 100
70 9 100
70 9 100
70 9 100
69 9 100
69 9 100
69 9 100
69 9 100
69 9 100
69 9 100
69 9 100
69 9 100
69 9 100
69 9 100
69 9 100
69 9 100
69 9 100
69 9 100
69 9 100
69 9 100
69 9 100
69 9 100
69 9 100
69 9 100
68 9 100
68 9 100
68 9 100
68 9 100
68 9 100
68 9 100
68 9 100
68 9 100
68 9 100
68 9 100
68 9 100
68 9 100
68 9 100
68 9 100
68 9 100
68 9 100
68 9 100
67 9 100
67 9 100
67 9 100
67 9 100
67 9 100
67 9 100
67 9 100
67 9 100
67 9 100
67 9 100
67 9 100
67 9 100
67 9 100
67 9 100
66 9 100
66 9 100
66 9 100
66 9 100
66 9 100
66 9 100
66 9 100
66 9 100
66 9 100
66 9 100
66 9 100
66 9 100
65 9 100
65 9 100
65 9 100
65 9 100
65 9 100
65 9 100
65 9 100
65 9 100
65 9 100
65 9 100
64 9 100
64 9 100
64 9 100
64 9 100
64 9 100
64 9 100
64 9 100
64 9 100
64 9 100
63 9 100
63 9 100
63 9 100
63 9 100
63 9 100
63 9 100
63 9 100
63 9 100
62 9 100
62 9 100
62 9 100
62 9 100
62 9 100
62 9 100
62 9 100
61 9 100
61 9 100
61 9 100
61 9 100
61 9 100
61 9 100
60 9 100
60 9 100
60 9 100
60 9 100
60 9 100
60 9 100
59 9 100
59 9 100
59 9 100
59 9 100
59 9 100
58 9 100
58 9 100
58 9 100
58 9 100
58 9 100
57 9 100
57 9 100
57 9 100
57 9 100
56 9 100
56 9 100
56 9 100
56 9 100
55 9 100
55 9 100
55 9 100
55 9 100
54 9 100
54 9 100
54 9 100
54 9 100
53 9 100
53 9 100
53 9 100
52 9 100
52 9 100
52 9 100
51 9 100
51 9 100
50 9 100
50 9 100
49 9 100
49 9 100
48 9 100
47 9 100
46 9 100
45 9 100
44 9 100
43 9 100
42 9 100
41 9 100
40 9 100
39 9 100
39 9 100
38 9 100
38 9 100
37 9 100
37 9 100
36 9 100
36 9 100
36 9 100
35 9 100
35 9 100
35 9 100
35 9 100
34 9 100
34 9 100
34 9 100
34 9 100
34 9 100
33 9 100
33 9 100
33 9 100
33 9 100
33 9 100
33 9 100
32 9 100
32 9 100
32 9 100
32 9 100
32 9 100
32 9 100
32 9 100
31 9 100
31 9 100
31 9 100
31 9 100
31 9 100
31 9 100
31 9 100
31 9 100
31 9 100
30 9 100
30 9 100
30 9 100
30 9 100
30 9 100
30 9 100
30 9 100
30 9 100
30 9 100
30 9 100
29 9 100
29 9 100
29 9 100
29 9 100
29 9 100
29 9 100
29 9 100
29 9 100
29 9 100
29 9 100
29 9 100
28 9 100
28 9 100
28 9 100
28 9 100
28 9 100
28 9 100
28 9 100
28 9 100
28 9 100
28 9 100
28 9 100
28 9 100
27 9 100
27 9 100
27 9 100
27 9 100
27 9 100
27 9 100
27 9 100
27 9 100
27 9 100
27 9 100
27 9 100
27 9 100
27 9 100
26 9 100
26 9 100
26 9 100
26 9 100
26 9 100
26 9 100
26 9 100
26 9 100
26 9 100
26 9 100
26 9 100
26 9 100
26 9 100
25 9 100
25 9 100
25 9 100
25 9 100
25 9 100
25 9 100
25 9 100
25 9 100
25 9 100
25 9 100
25 9 100
25 9 100
25 9 100
25 9 100
24 9 100
24 9 100
24 9 100
24 9 100
24 9 100
24 9 100
24 9 100
24 9 100
24 9 100
24 9 100
24 9 100
24 9 100
24 9 100
24 9 100
24 9 100
23 9 100
23 9 100
23 9 100
23 9 100
23 9 100
23 9 100
23 9 100
23 9 100
23 9 100
23 9 100
23 9 100
23 9 100
23 9 100
23 9 100
23 9 100
23 9 100
22 9 100
22 9 100
22 9 100
22 9 100
22 9 100
22 9 100
22 9 100
22 9 100
22 9 100
22 9 100
22 9 100
22 9 100
22 9 100
22 9 100
22 9 100
22 9 100
22 9 100
21 9 100
21 9 100
21 9 100
21 9 100
21 9 100
21 9 100
21 9 100
21 9 100
21 9 100
21 9 100
21 9 100
21 9 100
21 9 100
21 9 100
21 9 100
21 9 100
21 9 100
21 9 100
20 9 100
20 9 100
20 9 100
20 9 100
20 9 100
20 9 100
20 9 100
20 9 100
20 9 100
20 9 100
20 9 100
20 9 100
20 9 100
20 9 100
20 9 100
20 9 100
20 9 100
20 9 100
19 9 100
19 9 100
19 9 100
19 9 100
19 9 100
19 9 100
19 9 100
19 9 100
19 9 100
19 9 100
19 9 100
19 9 100
19 9 100
19 9 100
19 9 100
19 9 100
19 9 100
19 9 100
19 9 100
18 9 100
18 9 100
18 9 100
18 9 100
18 9 100
18 9 100
18 9 100
18 9 100
18 9 100
18 9 100
18 9 100
18 9 100
18 9 100
18 9 100
18 9 100
18 9 100
18 9 100
18 9 100
18 9 100
17 9 100
17 9 100
17 9 100
17 9 100
17 9 100
17 9 100
17 9 100
17 9 100
17 9 100
17 9 100
17 9 100
17 9 100
17 9 100
17 9 100
17 9 100
17 9 100
17 9 100
17 9 100
16 9 100
16 9 100
16 9 100
16 9 100
16 9 100
16 9 100
16 9 100
16 9 100
16 9 100
16 9 100
16 9 100
16 9 100
16 9 100
16 9 100
16 9 100
16 9 100
16 9 100
16 9 100
15 9 100
15 9 100
15 9 100
15 9 100
15 9 100
15 9 100
15 9 100
15 9 100
15 9 100
15 9 100
15 9 100
15 9 100
15 9 100
15 9 100
15 9 100
15 9 100
14 9 100
14 9 100
14 9 100
14 9 100
14 9 100
14 9 100
14 9 100
14 9 100
14 9 100
14 9 100
14 9 100
14 9 100
14 9 100
14 9 100
14 9 100
13 9 100
13 9 100
13 9 100
13 9 100
13 9 100
13 9 100
13 9 100
13 9 100
13 9 100
13 9 100
13 9 100
13 9 100
13 9 100
12 9 100
12 9 100
12 9 100
12 9 100
12 9 100
12 9 100
12 9 100
12 9 100
12 9 100
12 9 100
12 9 100
11 9 100
11 9 100
11 9 100
11 9 100
11 9 100
11 9 100
11 9 100
11 9 100
11 9 100
10 9 100
10 9 100
10 9 100
10 9 100
10 9 100
10 9 100
10 9 100
10 9 100
9 9 100
9 9 100
9 9 100
9 9 100
9 9 100
9 9 100
9 10 100
9 10 100
9 10 100
9 10 100
9 10 100
9 10 100
9 10 100
9 11 100
9 11 100
9 11 100
9 11 100
9 11 100
9 11 100
9 11 100
9 11 100
9 12 100
9 12 100
9 12 100
9 12 100
9 12 100
9 12 100
9 12 100
9 12 100
9 12 100
9 13 100
9 13 100
9 13 100
9 13 100
9 13 100
9 13 100
9 13 100
9 13 100
9 13 100
9 13 100
9 13 100
9 14 100
9 14 100
9 14 100
9 14 100
9 14 100
9 14 100
9 14 100
9 14 100
9 14 100
9 14 100
9 14 100
9 14 100
9 14 100
9 15 100
9 15 100
9 15 100
9 15 100
9 15 100
9 15 100
9 15 100
9 15 100
9 15 100
9 15 100
9 15 100
9 15 100
9 15 100
9 15 100
9 15 100
9 15 100
9 16 100
9 16 100
9 16 100
9 16 100
9 16 100
9 16 100
9 16 100
9 16 100
9 16 100
9 16 100
9 16 100
9 16 100
9 16 100
9 16 100
9 16 100
9 16 100
9 16 100
9 16 100
9 16 100
9 17 100
9 17 100
9 17 100
9 17 100
9 17 100
9 17 100
9 17 100
9 17 100
9 17 100
9 17 100
9 17 100
9 17 100
9 17 100
9 17 100
9 17 100
9 17 100
9 17 100
9 17 100
9 17 100
9 17 100
9 17 100
9 17 100
9 18 100
9 18 100
9 18 100
9 18 100
9 18 100
9 18 100
9 18 100
9 18 100
9 18 100
9 18 100
9 18 100
9 18 100
9 18 100
9 18 100
9 18 100
9 18 100
9 18 100
9 18 100
9 18 100
9 18 100
9 18 100
9 18 100
9 18 100
9 18 100
9 18 100
9 18 100
9 19 100
9 19 100
9 19 100
9 19 100
9 19 100
9 19 100
9 19 100
9 19 100
9 19 100
9 19 100
9 19 100
9 19 100
9 19 100
9 19 100
9 19 100
9 19 100
9 19 100
9 19 100
9 19 100
9 19 100
9 19 100
9 19 100
9 19 100
9 19 100
9 19 100
9 19 100
9 19 100
9 19 100
9 19 100
9 19 100
9 20 100
9 20 100
9 20 100
9 20 100
9 20 100
9 20 100
9 20 100
9 20 100
9 20 100
9 20 100
9 20 100
9 20 100
9 20 100
9 20 100
9 20 100
9 20 100
9 20 100
9 20 100
9 20 100
9 20 100
9 20 100
9 20 100
9 20 100
9 20 100
9 20 100
9 20 100
9 20 100
9 20 100
9 20 100
9 20 100
9 20 100
9 20 100
9 20 100
9 21 100
9 21 100
9 21 100
9 21 100
9 21 100
9 21 100
9 21 100
9 21 100
9 21 100
9 21 100
9 21 100
9 21 100
9 21 100
9 21 100
9 21 100
9 21 100
9 21 100
9 21 100
9 21 100
9 21 100
9 21 100
9 21 100
9 21 100
9 21 100
9 21 100
9 21 100
9 21 100
9 21 100
9 21 100
9 21 100
9 21 100
9 21 100
9 21 100
9 21 100
9 21 100
9 21 100
9 22 100
9 22 100
9 22 100
9 22 100
9 22 100
9 22 100
9 22 100
9 22 100
9 22 100
9 22 100
9 22 100
9 22 100
9 22 100
9 22 100
9 22 100
9 22 100
9 22 100
9 22 100
9 22 100
9 22 100
9 22 100
9 22 100
9 22 100
9 22 100
9 22 100
9 22 100
9 22 100
9 22 100
9 22 100
9 22 100
9 22 100
9 22 100
9 22 100
9 22 100
9 22 100
9 22 100
9 22 100
9 22 100
9 23 100
9 23 100
9 23 100
9 23 100
9 23 100
9 23 100
9 23 100
9 23 100
9 23 100
9 23 100
9 23 100
9 23 100
9 23 100
9 23 100
9 23 100
9 23 100
9 23 100
9 23 100
9 23 100
9 23 100
9 23 100
9 23 100
9 23 100
9 23 100
9 23 100
9 23 100
9 23 100
9 23 100
9 23 100
9 23 100
9 23 100
9 23 100
9 23 100
9 23 100
9 23 100
9 23 100
9 23 100
9 23 100
9 23 100
9 23 100
9 24 100
9 24 100
9 24 100
9 24 100
9 24 100
9 24 100
9 24 100
9 24 100
9 24 100
9 24 100
9 24 100
9 24 100
9 24 100
9 24 100
9 24 100
9 24 100
9 24 100
9 24 100
9 24 100
9 24 100
9 24 100
9 24 100
9 24 100
9 24 100
9 24 100
9 24 100
9 24 100
9 24 100
9 24 100
9 24 100
9 24 100
9 24 100
9 24 100
9 24 100
9 24 100
9 24 100
9 24 100
9 24 100
9 24 100
9 24 100
9 24 100
9 25 100
9 25 100
9 25 100
9 25 100
9 25 100
9 25 100
9 25 100
9 25 100
9 25 100
9 25 100
9 25 100
9 25 100
9 25 100
9 25 100
9 25 100
9 25 100
9 25 100
9 25 100
9 25 100
9 25 100
9 25 100
9 25 100
9 25 100
9 25 100
9 25 100
9 25 100
9 25 100
9 25 100
9 25 100
9 25 100
9 25 100
9 25 100
9 25 100
9 25 100
9 25 100
9 25 100
9 25 100
9 25 100
9 25 100
9 25 100
9 25 100
9 25 100
9 26 100
9 26 100
9 26 100
9 26 100
9 26 100
9 26 100
9 26 100
9 26 100
9 26 100
9 26 100
9 26 100
9 26 100
9 26 100
9 26 100
9 26 100
9 26 100
9 26 100
9 26 100
9 26 100
9 26 100
9 26 100
9 26 100
9 26 100
9 26 100
9 26 100
9 26 100
9 26 100
9 26 100
9 26 100
9 26 100
9 26 100
9 26 100
9 26 100
9 26 100
9 26 100
9 26 100
9 26 100
9 26 100
9 26 100
9 26 100
9 26 100
9 26 100
9 27 100
9 27 100
9 27 100
9 27 100
9 27 100
9 27 100
9 27 100
9 27 100
9 27 100
9 27 100
9 27 100
9 27 100
9 27 100
9 27 100
9 27 100
9 27 100
9 27 100
9 27 100
9 27 100
9 27 100
9 27 100
9 27 100
9 27 100
9 27 100
9 27 100
9 27 100
9 27 100
9 27 100
9 27 100
9 27 100
9 27 100
9 27 100
9 27 100
9 27 100
9 27 100
9 27 100
9 27 100
9 27 100
9 27 100
9 27 100
9 27 100
9 27 100
9 28 100
9 28 100
9 28 100
9 28 100
9 28 100
9 28 100
9 28 100
9 28 100
9 28 100
9 28 100
9 28 100
9 28 100
9 28 100
9 28 100
9 28 100
9 28 100
9 28 100
9 28 100
9 28 100
9 28 100
9 28 100
9 28 100
9 28 100
9 28 100
9 28 100
9 28 100
9 28 100
9 28 100
9 28 100
9 28 100
9 28 100
9 28 100
9 28 100
9 28 100
9 28 100
9 28 100
9 28 100
9 28 100
9 28 100
9 28 100
9 28 100
9 29 100
9 29 100
9 29 100
9 29 100
9 29 100
9 29 100
9 29 100
9 29 100
9 29 100
9 29 100
9 29 100
9 29 100
9 29 100
9 29 100
9 29 100
9 29 100
9 29 100
9 29 100
9 29 100
9 29 100
9 29 100
9 29 100
9 29 100
9 29 100
9 29 100
9 29 100
9 29 100
9 29 100
9 29 100
9 29 100
9 29 100
9 29 100
9 29 100
9 29 100
9 29 100
9 29 100
9 29 100
9 29 100
9 29 100
9 30 100
9 30 100
9 30 100
9 30 100
9 30 100
9 30 100
9 30 100
9 30 100
9 30 100
9 30 100
9 30 100
9 30 100
9 30 100
9 30 100
9 30 100
9 30 100
9 30 100
9 30 100
9 30 100
9 30 100
9 30 100
9 30 100
9 30 100
9 30 100
9 30 100
9 30 100
9 30 100
9 30 100
9 30 100
9 30 100
9 30 100
9 30 100
9 30 100
9 30 100
9 30 100
9 30 100
9 30 100
9 31 100
9 31 100
9 31 100
9 31 100
9 31 100
9 31 100
9 31 100
9 31 100
9 31 100
9 31 100
9 31 100
9 31 100
9 31 100
9 31 100
9 31 100
9 31 100
9 31 100
9 31 100
9 31 100
9 31 100
9 31 100
9 31 100
9 31 100
9 31 100
9 31 100
9 31 100
9 31 100
9 31 100
9 31 100
9 31 100
9 31 100
9 31 100
9 31 100
9 31 100
9 31 100
# move from (127,165) to (9,135)
127 165 100
127 165 100
127 165 100
127 165 100
127 165 100
127 165 100
127 165 100
127 165 100
127 165 100
127 165 100
127 165 100
127 165 100
127 165 100
127 165 100
127 165 100
127 165 100
127 165 100
127 165 100
127 165 100
127 165 100
127 165 100
127 165 100
127 165 100
127 165 100
126 165 100
126 165 100
126 165 100
126 165 100
126 165 100
126 165 100
126 165 100
126 165 100
126 165 100
126 165 100
126 165 100
126 165 100
126 165 100
126 165 100
126 165 100
126 165 100
126 165 100
126 165 100
126 165 100
126 165 100
126 165 100
126 165 100
126 165 100
126 165 100
125 165 100
125 165 100
125 165 100
125 165 100
125 165 100
125 165 100
125 165 100
125 165 100
125 165 100
125 165 100
125 165 100
125 165 100
125 165 100
125 165 100
125 165 100
125 165 100
125 165 100
125 165 100
125 165 100
125 165 100
125 165 100
125 165 100
125 165 100
125 165 100
124 165 100
124 165 100
124 165 100
124 165 100
124 165 100
124 165 100
124 165 100
124 165 100
124 165 100
124 165 100
124 165 100
124 165 100
124 165 100
124 165 100
124 165 100
124 165 100
124 165 100
124 165 100
124 165 100
124 165 100
124 165 100
124 165 100
124 165 100
123 165 100
123 165 100
123 165 100
123 165 100
123 165 100
123 165 100
123 165 100
123 165 100
123 165 100
123 165 100
123 165 100
123 165 100
123 165 100
123 165 100
123 165 100
123 165 100
123 165 100
123 165 100
123 165 100
123 165 100
123 165 100
123 165 100
123 165 100
122 165 100
122 165 100
122 165 100
122 165 100
122 165 100
122 165 100
122 165 100
122 165 100
122 165 100
122 165 100
122 165 100
122 165 100
122 165 100
122 165 100
122 165 100
122 165 100
122 165 100
122 165 100
122 165 100
122 165 100
122 165 100
122 165 100
121 165 100
121 165 100
121 165 100
121 165 100
121 165 100
121 165 100
121 165 100
121 165 100
121 165 100
121 165 100
121 165 100
121 165 100
121 165 100
121 165 100
121 165 100
121 165 100
121 165 100
121 165 100
121 165 100
121 165 100
121 165 100
120 165 100
120 165 100
120 165 100
120 165 100
120 165 100
120 165 100
120 165 100
120 165 100
120 165 100
120 165 100
120 165 100
120 165 100
120 165 100
120 165 100
120 165 100
120 165 100
120 165 100
120 165 100
120 165 100
120 165 100
119 165 100
119 165 100
119 165 100
119 165 100
119 165 100
119 165 100
119 165 100
119 165 100
119 165 100
119 165 100
119 165 100
119 165 100
119 165 100
119 165 100
119 165 100
119 165 100
119 165 100
119 165 100
119 165 100
118 165 100
118 165 100
118 165 100
118 165 100
118 165 100
118 165 100
118 165 100
118 165 100
118 165 100
118 165 100
118 165 100
118 165 100
118 165 100
118 165 100
118 165 100
118 165 100
118 165 100
117 165 100
117 165 100
117 165 100
117 165 100
117 165 100
117 165 100
117 165 100
117 165 100
117 165 100
117 165 100
117 165 100
117 165 100
117 165 100
117 165 100
117 165 100
116 165 100
116 165 100
116 165 100
116 165 100
116 165 100
116 165 100
116 165 100
116 165 100
116 165 100
116 165 100
116 165 100
116 165 100
116 165 100
116 165 100
115 165 100
115 165 100
115 165 100
115 165 100
115 165 100
115 165 100
115 165 100
115 165 100
115 165 100
115 165 100
115 165 100
115 165 100
114 165 100
114 165 100
114 165 100
114 165 100
114 165 100
114 165 100
114 165 100
114 165 100
114 165 100
114 165 100
114 165 100
113 165 100
113 165 100
113 165 100
113 165 100
113 165 100
113 165 100
113 165 100
113 165 100
113 165 100
113 165 100
112 165 100
112 165 100
112 165 100
112 165 100
112 165 100
112 165 100
112 165 100
112 165 100
112 165 100
111 165 100
111 165 100
111 165 100
111 165 100
111 165 100
111 165 100
111 165 100
111 165 100
110 165 100
110 165 100
110 165 100
110 165 100
110 165 100
110 165 100
110 165 100
109 165 100
109 165 100
109 165 100
109 165 100
109 165 100
109 165 100
109 165 100
108 165 100
108 165 100
108 165 100
108 165 100
108 165 100
108 165 100
107 165 100
107 165 100
107 165 100
107 165 100
107 165 100
106 165 100
106 165 100
106 165 100
106 165 100
106 165 100
105 165 100
105 165 100
105 165 100
105 165 100
104 165 100
104 165 100
104 165 100
104 165 100
103 165 100
103 165 100
103 165 100
103 165 100
102 165 100
102 165 100
102 165 100
102 165 100
101 165 100
101 165 100
101 165 100
101 165 100
100 165 100
100 165 100
100 165 100
100 165 100
99 165 100
99 165 100
99 165 100
99 165 100
98 165 100
98 165 100
98 165 100
98 165 100
98 165 100
97 165 100
97 165 100
97 165 100
97 165 100
97 165 100
97 165 100
96 165 100
96 165 100
96 165 100
96 165 100
96 165 100
96 165 100
96 165 100
95 165 100
95 165 100
95 165 100
95 165 100
95 165 100
95 165 100
95 165 100
95 165 100
95 165 100
94 165 100
94 165 100
94 165 100
94 165 100
94 165 100
94 165 100
94 165 100
94 165 100
94 165 100
94 165 100
93 165 100
93 165 100
93 165 100
93 165 100
93 165 100
93 165 100
93 165 100
93 165 100
93 165 100
93 165 100
93 165 100
93 165 100
92 165 100
92 165 100
92 165 100
92 165 100
92 165 100
92 165 100
92 165 100
92 165 100
92 165 100
92 165 100
92 165 100
92 165 100
92 165 100
92 165 100
92 165 100
91 165 100
91 165 100
91 165 100
91 165 100
91 165 100
91 165 100
91 165 100
91 165 100
91 165 100
91 165 100
91 165 100
91 165 100
91 165 100
91 165 100
91 165 100
91 165 100
91 165 100
90 165 100
90 165 100
90 165 100
90 165 100
90 165 100
90 165 100
90 165 100
90 165 100
90 165 100
90 165 100
90 165 100
90 165 100
90 165 100
90 165 100
90 165 100
90 165 100
90 165 100
90 165 100
90 165 100
90 165 100
89 165 100
89 165 100
89 165 100
89 165 100
89 165 100
89 165 100
89 165 100
89 165 100
89 165 100
89 165 100
89 165 100
89 165 100
89 165 100
89 165 100
89 165 100
89 165 100
89 165 100
89 165 100
89 165 100
89 165 100
89 165 100
89 165 100
89 165 100
88 165 100
88 165 100
88 165 100
88 165 100
88 165 100
88 165 100
88 165 100
88 165 100
88 165 100
88 165 100
88 165 100
88 165 100
88 165 100
88 165 100
88 165 100
88 165 100
88 165 100
88 165 100
88 165 100
88 165 100
88 165 100
88 165 100
88 165 100
88 165 100
88 165 100
88 165 100
87 165 100
87 165 100
87 165 100
87 165 100
87 165 100
87 165 100
87 165 100
87 165 100
87 165 100
87 165 100
87 165 100
87 165 100
87 165 100
87 165 100
87 165 100
87 165 100
87 165 100
87 165 100
87 165 100
87 165 100
87 165 100
87 165 100
87 165 100
87 165 100
87 165 100
87 165 100
87 165 100
87 165 100
86 165 100
86 165 100
86 165 100
86 165 100
86 165 100
86 165 100
86 165 100
86 165 100
86 165 100
86 165 100
86 165 100
86 165 100
86 165 100
86 165 100
86 165 100
86 165 100
86 165 100
86 165 100
86 165 100
86 165 100
86 165 100
86 165 100
86 165 100
86 165 100
86 165 100
86 165 100
86 165 100
86 165 100
86 165 100
86 165 100
85 165 100
85 165 100
85 165 100
85 165 100
85 165 100
85 165 100
85 165 100
85 165 100
85 165 100
85 165 100
85 165 100
85 165 100
85 165 100
85 165 100
85 165 100
85 165 100
85 165 100
85 165 100
85 165 100
85 165 100
85 165 100
85 165 100
85 165 100
85 165 100
85 165 100
85 165 100
85 165 100
85 165 100
85 165 100
85 165 100
85 165 100
84 165 100
84 165 100
84 165 100
84 165 100
84 165 100
84 165 100
84 165 100
84 165 100
84 165 100
84 165 100
84 165 100
84 165 100
84 165 100
84 165 100
84 165 100
84 165 100
84 165 100
84 165 100
84 165 100
84 165 100
84 165 100
84 165 100
84 165 100
84 165 100
84 165 100
84 165 100
84 165 100
84 165 100
84 165 100
84 165 100
83 165 100
83 165 100
83 165 100
83 165 100
83 165 100
83 165 100
83 165 100
83 165 100
83 165 100
83 165 100
83 165 100
83 165 100
83 165 100
83 165 100
83 165 100
83 165 100
83 165 100
83 165 100
83 165 100
83 165 100
83 165 100
83 165 100
83 165 100
83 165 100
83 165 100
83 165 100
83 165 100
83 165 100
83 165 100
83 165 100
82 165 100
82 165 100
82 165 100
82 165 100
82 165 100
82 165 100
82 165 100
82 165 100
82 165 100
82 165 100
82 165 100
82 165 100
82 165 100
82 165 100
82 165 100
82 165 100
82 165 100
82 165 100
82 165 100
82 165 100
82 165 100
82 165 100
82 165 100
82 165 100
82 165 100
82 165 100
82 165 100
82 165 100
81 165 100
81 165 100
81 165 100
81 165 100
81 165 100
81 165 100
81 165 100
81 165 100
81 165 100
81 165 100
81 165 100
81 165 100
81 165 100
81 165 100
81 165 100
81 165 100
81 165 100
81 165 100
81 165 100
81 165 100
81 165 100
81 165 100
81 165 100
81 165 100
81 165 100
81 165 100
80 165 100
80 165 100
80 165 100
80 165 100
80 165 100
80 165 100
80 165 100
80 165 100
80 165 100
80 165 100
80 165 100
80 165 100
80 165 100
80 165 100
80 165 100
80 165 100
80 165 100
80 165 100
80 165 100
80 165 100
80 165 100
80 165 100
80 165 100
79 165 100
79 165 100
79 165 100
79 165 100
79 165 100
79 165 100
79 165 100
79 165 100
79 165 100
79 165 100
79 165 100
79 165 100
79 165 100
79 165 100
79 165 100
79 165 100
79 165 100
79 165 100
79 165 100
79 165 100
78 165 100
78 165 100
78 165 100
78 165 100
78 165 100
78 165 100
78 165 100
78 165 100
78 165 100
78 165 100
78 165 100
78 165 100
78 165 100
78 165 100
78 165 100
78 165 100
78 165 100
77 165 100
77 165 100
77 165 100
77 165 100
77 165 100
77 165 100
77 165 100
77 165 100
77 165 100
77 165 100
77 165 100
77 165 100
77 165 100
77 165 100
76 165 100
76 165 100
76 165 100
76 165 100
76 165 100
76 165 100
76 165 100
76 165 100
76 165 100
76 165 100
76 165 100
75 165 100
75 165 100
75 165 100
75 165 100
75 165 100
75 165 100
75 165 100
75 165 100
75 165 100
74 165 100
74 165 100
74 165 100
74 165 100
74 165 100
74 165 100
74 165 100
73 165 100
73 165 100
73 165 100
73 165 100
73 165 100
72 165 100
72 165 100
72 165 100
72 165 100
71 165 100
71 165 100
71 165 100
70 165 100
70 165 100
70 165 100
69 165 100
69 165 100
68 165 100
68 165 100
67 165 100
67 165 100
66 165 100
66 165 100
65 165 100
65 165 100
64 165 100
64 165 100
63 165 100
63 165 100
62 165 100
62 165 100
61 165 100
61 165 100
60 165 100
60 165 100
59 165 100
59 165 100
58 165 100
58 165 100
57 165 100
57 165 100
56 165 100
56 165 100
55 165 100
55 165 100
54 165 100
54 165 100
53 165 100
53 165 100
52 165 100
52 165 100
52 165 100
51 165 100
51 165 100
51 165 100
50 165 100
50 165 100
50 165 100
49 165 100
49 165 100
49 165 100
49 165 100
48 165 100
48 165 100
48 165 100
48 165 100
48 165 100
47 165 100
47 165 100
47 165 100
47 165 100
47 165 100
47 165 100
46 165 100
46 165 100
46 165 100
46 165 100
46 165 100
46 165 100
46 165 100
46 165 100
45 165 100
45 165 100
45 165 100
45 165 100
45 165 100
45 165 100
45 165 100
45 165 100
45 165 100
45 165 100
44 165 100
44 165 100
44 165 100
44 165 100
44 165 100
44 165 100
44 165 100
44 165 100
44 165 100
44 165 100
44 165 100
44 165 100
44 165 100
43 165 100
43 165 100
43 165 100
43 165 100
43 165 100
43 165 100
43 165 100
43 165 100
43 165 100
43 165 100
43 165 100
43 165 100
43 165 100
43 165 100
43 165 100
43 165 100
42 165 100
42 165 100
42 165 100
42 165 100
42 165 100
42 165 100
42 165 100
42 165 100
42 165 100
42 165 100
42 165 100
42 165 100
42 165 100
42 165 100
42 165 100
42 165 100
42 165 100
42 165 100
42 165 100
41 165 100
41 165 100
41 165 100
41 165 100
41 165 100
41 165 100
41 165 100
41 165 100
41 165 100
41 165 100
41 165 100
41 165 100
41 165 100
41 165 100
41 165 100
41 165 100
41 165 100
41 165 100
41 165 100
41 165 100
41 165 100
41 165 100
40 165 100
40 165 100
40 165 100
40 165 100
40 165 100
40 165 100
40 165 100
40 165 100
40 165 100
40 165 100
40 165 100
40 165 100
40 165 100
40 165 100
40 165 100
40 165 100
40 165 100
40 165 100
40 165 100
40 165 100
40 165 100
40 165 100
40 165 100
40 165 100
40 165 100
40 165 100
39 165 100
39 165 100
39 165 100
39 165 100
39 165 100
39 165 100
39 165 100
39 165 100
39 165 100
39 165 100
39 165 100
39 165 100
39 165 100
39 165 100
39 165 100
39 165 100
39 165 100
39 165 100
39 165 100
39 165 100
39 165 100
39 165 100
39 165 100
39 165 100
39 165 100
39 165 100
39 165 100
39 165 100
39 165 100
38 165 100
38 165 100
38 165 100
38 165 100
38 165 100
38 165 100
38 165 100
38 165 100
38 165 100
38 165 100
38 165 100
38 165 100
38 165 100
38 165 100
38 165 100
38 165 100
38 165 100
38 165 100
38 165 100
38 165 100
38 165 100
38 165 100
38 165 100
38 165 100
38 165 100
38 165 100
38 165 100
38 165 100
38 165 100
38 165 100
38 165 100
37 165 100
37 165 100
37 165 100
37 165 100
37 165 100
37 165 100
37 165 100
37 165 100
37 165 100
37 165 100
37 165 100
37 165 100
37 165 100
37 165 100
37 165 100
37 165 100
37 165 100
37 165 100
37 165 100
37 165 100
37 165 100
37 165 100
37 165 100
37 165 100
37 165 100
37 165 100
37 165 100
37 165 100
37 165 100
37 165 100
37 165 100
37 165 100
37 165 100
37 165 100
36 165 100
36 165 100
36 165 100
36 165 100
36 165 100
36 165 100
36 165 100
36 165 100
36 165 100
36 165 100
36 165 100
36 165 100
36 165 100
36 165 100
36 165 100
36 165 100
36 165 100
36 165 100
36 165 100
36 165 100
36 165 100
36 165 100
36 165 100
36 165 100
36 165 100
36 165 100
36 165 100
36 165 100
36 165 100
36 165 100
36 165 100
36 165 100
36 165 100
36 165 100
36 165 100
36 165 100
35 165 100
35 165 100
35 165 100
35 165 100
35 165 100
35 165 100
35 165 100
35 165 100
35 165 100
35 165 100
35 165 100
35 165 100
35 165 100
35 165 100
35 165 100
35 165 100
35 165 100
35 165 100
35 165 100
35 165 100
35 165 100
35 165 100
35 165 100
35 165 100
35 165 100
35 165 100
35 165 100
35 165 100
35 165 100
35 165 100
35 165 100
35 165 100
35 165 100
35 165 100
35 165 100
35 165 100
35 165 100
35 165 100
34 165 100
34 165 100
34 165 100
34 165 100
34 165 100
34 165 100
34 165 100
34 165 100
34 165 100
34 165 100
34 165 100
34 165 100
34 165 100
34 165 100
34 165 100
34 165 100
34 165 100
34 165 100
34 165 100
34 165 100
34 165 100
34 165 100
34 165 100
34 165 100
34 165 100
34 165 100
34 165 100
34 165 100
34 165 100
34 165 100
34 165 100
34 165 100
34 165 100
34 165 100
34 165 100
34 165 100
34 165 100
34 165 100
34 165 100
33 165 100
33 165 100
33 165 100
33 165 100
33 165 100
33 165 100
33 165 100
33 165 100
33 165 100
33 165 100
33 165 100
33 165 100
33 165 100
33 165 100
33 165 100
33 165 100
33 165 100
33 165 100
33 165 100
33 165 100
33 165 100
33 165 100
33 165 100
33 165 100
33 165 100
33 165 100
33 165 100
33 165 100
33 165 100
33 165 100
33 165 100
33 165 100
33 165 100
33 165 100
33 165 100
33 165 100
33 165 100
33 165 100
33 165 100
33 165 100
32 165 100
32 165 100
32 165 100
32 165 100
32 165 100
32 165 100
32 165 100
32 165 100
32 165 100
32 165 100
32 165 100
32 165 100
32 165 100
32 165 100
32 165 100
32 165 100
32 165 100
32 165 100
32 165 100
32 165 100
32 165 100
32 165 100
32 165 100
32 165 100
32 165 100
32 165 100
32 165 100
32 165 100
32 165 100
32 165 100
32 165 100
32 165 100
32 165 100
32 165 100
32 165 100
32 165 100
32 165 100
32 165 100
32 165 100
32 165 100
32 165 100
32 165 100
31 165 100
31 165 100
31 165 100
31 165 100
31 165 100
31 165 100
31 165 100
31 165 100
31 165 100
31 165 100
31 165 100
31 165 100
31 165 100
31 165 100
31 165 100
31 165 100
31 165 100
31 165 100
31 165 100
31 165 100
31 165 100
31 165 100
31 165 100
31 165 100
31 165 100
31 165 100
31 165 100
31 165 100
31 165 100
31 165 100
31 165 100
31 165 100
31 165 100
31 165 100
31 165 100
31 165 100
31 165 100
31 165 100
31 165 100
31 165 100
31 165 100
31 165 100
30 165 100
30 165 100
30 165 100
30 165 100
30 165 100
30 165 100
30 165 100
30 165 100
30 165 100
30 165 100
30 165 100
30 165 100
30 165 100
30 165 100
30 165 100
30 165 100
30 165 100
30 165 100
30 165 100
30 165 100
30 165 100
30 165 100
30 165 100
30 165 100
30 165 100
30 165 100
30 165 100
30 165 100
30 165 100
30 165 100
30 165 100
30 165 100
30 165 100
30 165 100
30 165 100
30 165 100
30 165 100
30 165 100
30 165 100
30 165 100
30 165 100
30 165 100
30 165 100
29 165 100
29 165 100
29 165 100
29 165 100
29 165 100
29 165 100
29 165 100
29 165 100
29 165 100
29 165 100
29 165 100
29 165 100
29 165 100
29 165 100
29 165 100
29 165 100
29 165 100
29 165 100
29 165 100
29 165 100
29 165 100
29 165 100
29 165 100
29 165 100
29 165 100
29 165 100
29 165 100
29 165 100
29 165 100
29 165 100
29 165 100
29 165 100
29 165 100
29 165 100
29 165 100
29 165 100
29 165 100
29 165 100
29 165 100
29 165 100
29 165 100
29 165 100
29 165 100
29 165 100
28 165 100
28 165 100
28 165 100
28 165 100
28 165 100
28 165 100
28 165 100
28 165 100
28 165 100
28 165 100
28 165 100
28 165 100
28 165 100
28 165 100
28 165 100
28 165 100
28 165 100
28 165 100
28 165 100
28 165 100
28 165 100
28 165 100
28 165 100
28 165 100
28 165 100
28 165 100
28 165 100
28 165 100
28 165 100
28 165 100
28 165 100
28 165 100
28 165 100
28 165 100
28 165 100
28 165 100
28 165 100
28 165 100
28 165 100
28 165 100
28 165 100
28 165 100
28 165 100
28 165 100
27 165 100
27 165 100
27 165 100
27 165 100
27 165 100
27 165 100
27 165 100
27 165 100
27 165 100
27 165 100
27 165 100
27 165 100
27 165 100
27 165 100
27 165 100
27 165 100
27 165 100
27 165 100
27 165 100
27 165 100
27 165 100
27 165 100
27 165 100
27 165 100
27 165 100
27 165 100
27 165 100
27 165 100
27 165 100
27 165 100
27 165 100
27 165 100
27 165 100
27 165 100
27 165 100
27 165 100
27 165 100
27 165 100
27 165 100
27 165 100
27 165 100
27 165 100
27 165 100
27 165 100
26 165 100
26 165 100
26 165 100
26 165 100
26 165 100
26 165 100
26 165 100
26 165 100
26 165 100
26 165 100
26 165 100
26 165 100
26 165 100
26 165 100
26 165 100
26 165 100
26 165 100
26 165 100
26 165 100
26 165 100
26 165 100
26 165 100
26 165 100
26 165 100
26 165 100
26 165 100
26 165 100
26 165 100
26 165 100
26 165 100
26 165 100
26 165 100
26 165 100
26 165 100
26 165 100
26 165 100
26 165 100
26 165 100
26 165 100
26 165 100
26 165 100
26 165 100
26 165 100
26 165 100
25 165 100
25 165 100
25 165 100
25 165 100
25 165 100
25 165 100
25 165 100
25 165 100
25 165 100
25 165 100
25 165 100
25 165 100
25 165 100
25 165 100
25 165 100
25 165 100
25 165 100
25 165 100
25 165 100
25 165 100
25 165 100
25 165 100
25 165 100
25 165 100
25 165 100
25 165 100
25 165 100
25 165 100
25 165 100
25 165 100
25 165 100
25 165 100
25 165 100
25 165 100
25 165 100
25 165 100
25 165 100
25 165 100
25 165 100
25 165 100
25 165 100
25 165 100
25 165 100
25 165 100
24 165 100
24 165 100
24 165 100
24 165 100
24 165 100
24 165 100
24 165 100
24 165 100
24 165 100
24 165 100
24 165 100
24 165 100
24 165 100
24 165 100
24 165 100
24 165 100
24 165 100
24 165 100
24 165 100
24 165 100
24 165 100
24 165 100
24 165 100
24 165 100
24 165 100
24 165 100
24 165 100
24 165 100
24 165 100
24 165 100
24 165 100
24 165 100
24 165 100
24 165 100
24 165 100
24 165 100
24 165 100
24 165 100
24 165 100
24 165 100
24 165 100
24 165 100
24 165 100
23 165 100
23 165 100
23 165 100
23 165 100
23 165 100
23 165 100
23 165 100
23 165 100
23 165 100
23 165 100
23 165 100
23 165 100
23 165 100
23 165 100
23 165 100
23 165 100
23 165 100
23 165 100
23 165 100
23 165 100
23 165 100
23 165 100
23 165 100
23 165 100
23 165 100
23 165 100
23 165 100
23 165 100
23 165 100
23 165 100
23 165 100
23 165 100
23 165 100
23 165 100
23 165 100
23 165 100
23 165 100
23 165 100
23 165 100
23 165 100
23 165 100
23 165 100
22 165 100
22 165 100
22 165 100
22 165 100
22 165 100
22 165 100
22 165 100
22 165 100
22 165 100
22 165 100
22 165 100
22 165 100
22 165 100
22 165 100
22 165 100
22 165 100
22 165 100
22 165 100
22 165 100
22 165 100
22 165 100
22 165 100
22 165 100
22 165 100
22 165 100
22 165 100
22 165 100
22 165 100
22 165 100
22 165 100
22 165 100
22 165 100
22 165 100
22 165 100
22 165 100
22 165 100
22 165 100
22 165 100
22 165 100
22 165 100
21 165 100
21 165 100
21 165 100
21 165 100
21 165 100
21 165 100
21 165 100
21 165 100
21 165 100
21 165 100
21 165 100
21 165 100
21 165 100
21 165 100
21 165 100
21 165 100
21 165 100
21 165 100
21 165 100
21 165 100
21 165 100
21 165 100
21 165 100
21 165 100
21 165 100
21 165 100
21 165 100
21 165 100
21 165 100
21 165 100
21 165 100
21 165 100
21 165 100
21 165 100
21 165 100
21 165 100
21 165 100
21 165 100
20 165 100
20 165 100
20 165 100
20 165 100
20 165 100
20 165 100
20 165 100
20 165 100
20 165 100
20 165 100
20 165 100
20 165 100
20 165 100
20 165 100
20 165 100
20 165 100
20 165 100
20 165 100
20 165 100
20 165 100
20 165 100
20 165 100
20 165 100
20 165 100
20 165 100
20 165 100
20 165 100
20 165 100
20 165 100
20 165 100
20 165 100
20 165 100
20 165 100
20 165 100
20 165 100
19 165 100
19 165 100
19 165 100
19 165 100
19 165 100
19 165 100
19 165 100
19 165 100
19 165 100
19 165 100
19 165 100
19 165 100
19 165 100
19 165 100
19 165 100
19 165 100
19 165 100
19 165 100
19 165 100
19 165 100
19 165 100
19 165 100
19 165 100
19 165 100
19 165 100
19 165 100
19 165 100
19 165 100
19 165 100
19 165 100
19 165 100
19 165 100
18 165 100
18 165 100
18 165 100
18 165 100
18 165 100
18 165 100
18 165 100
18 165 100
18 165 100
18 165 100
18 165 100
18 165 100
18 165 100
18 165 100
18 165 100
18 165 100
18 165 100
18 165 100
18 165 100
18 165 100
18 165 100
18 165 100
18 165 100
18 165 100
18 165 100
18 165 100
18 165 100
18 165 100
17 165 100
17 165 100
17 165 100
17 165 100
17 165 100
17 165 100
17 165 100
17 165 100
17 165 100
17 165 100
17 165 100
17 165 100
17 165 100
17 165 100
17 165 100
17 165 100
17 165 100
17 165 100
17 165 100
17 165 100
17 165 100
17 165 100
17 165 100
17 165 100
17 165 100
16 165 100
16 165 100
16 165 100
16 165 100
16 165 100
16 165 100
16 165 100
16 165 100
16 165 100
16 165 100
16 165 100
16 165 100
16 165 100
16 165 100
16 165 100
16 165 100
16 165 100
16 165 100
16 165 100
16 165 100
16 165 100
15 165 100
15 165 100
15 165 100
15 165 100
15 165 100
15 165 100
15 165 100
15 165 100
15 165 100
15 165 100
15 165 100
15 165 100
15 165 100
15 165 100
15 165 100
15 165 100
15 165 100
15 165 100
14 165 100
14 165 100
14 165 100
14 165 100
14 165 100
14 165 100
14 165 100
14 165 100
14 165 100
14 165 100
14 165 100
14 165 100
14 165 100
14 165 100
14 165 100
14 165 100
13 165 100
13 165 100
13 165 100
13 165 100
13 165 100
13 165 100
13 165 100
13 165 100
13 165 100
13 165 100
13 165 100
13 165 100
13 165 100
13 165 100
12 165 100
12 165 100
12 165 100
12 165 100
12 165 100
12 165 100
12 165 100
12 165 100
12 165 100
12 165 100
12 165 100
12 165 100
11 165 100
11 165 100
11 165 100
11 165 100
11 165 100
11 165 100
11 165 100
11 165 100
11 165 100
11 165 100
11 165 100
10 165 100
10 165 100
10 165 100
10 165 100
10 165 100
10 165 100
10 165 100
10 165 100
10 165 100
