# move from (125,187) to (64,57)
125 187 100
124 187 100
123 187 100
122 187 100
121 187 100
120 187 100
119 187 100
118 187 100
117 187 100
116 187 100
115 187 100
114 187 100
113 187 100
112 187 100
111 187 100
110 187 100
109 187 100
108 187 100
107 187 100
106 187 100
105 187 100
104 187 100
103 187 100
102 187 100
101 187 100
100 187 100
99 187 100
98 187 100
97 187 100
96 187 100
95 187 100
94 187 100
93 187 100
92 187 100
91 187 100
90 187 100
89 187 100
88 187 100
87 187 100
86 187 100
85 187 100
84 187 100
83 187 100
82 187 100
81 187 100
80 187 100
79 187 100
78 187 100
77 187 100
76 187 100
75 187 100
74 187 100
73 187 100
72 187 100
71 187 100
70 187 100
69 187 100
68 187 100
67 187 100
67 187 100
66 187 100
66 187 100
65 187 100
65 187 100
64 187 100
64 187 100
64 186 100
64 186 100
64 186 100
64 185 100
64 185 100
64 185 100
64 184 100
64 184 100
64 184 100
64 183 100
64 183 100
64 183 100
64 182 100
64 182 100
64 182 100
64 181 100
64 181 100
64 181 100
64 181 100
64 180 100
64 180 100
64 180 100
64 180 100
64 179 100
64 179 100
64 179 100
64 179 100
64 179 100
64 178 100
64 178 100
64 178 100
64 178 100
64 178 100
64 178 100
64 177 100
64 177 100
64 177 100
64 177 100
64 177 100
64 177 100
64 177 100
64 176 100
64 176 100
64 176 100
64 176 100
64 176 100
64 176 100
64 176 100
64 176 100
64 175 100
64 175 100
64 175 100
64 175 100
64 175 100
64 175 100
64 175 100
64 175 100
64 175 100
64 174 100
64 174 100
64 174 100
64 174 100
64 174 100
64 174 100
64 174 100
64 174 100
64 174 100
64 174 100
64 173 100
64 173 100
64 173 100
64 173 100
64 173 100
64 173 100
64 173 100
64 173 100
64 173 100
64 173 100
64 172 100
64 172 100
64 172 100
64 172 100
64 172 100
64 172 100
64 172 100
64 172 100
64 172 100
64 172 100
64 171 100
64 171 100
64 171 100
64 171 100
64 171 100
64 171 100
64 171 100
64 171 100
64 171 100
64 171 100
64 170 100
64 170 100
64 170 100
64 170 100
64 170 100
64 170 100
64 170 100
64 170 100
64 170 100
64 169 100
64 169 100
64 169 100
64 169 100
64 169 100
64 169 100
64 169 100
64 169 100
64 168 100
64 168 100
64 168 100
64 168 100
64 168 100
64 168 100
64 168 100
64 168 100
64 167 100
64 167 100
64 167 100
64 167 100
64 167 100
64 167 100
64 167 100
64 167 100
64 166 100
64 166 100
64 166 100
64 166 100
64 166 100
64 166 100
64 166 100
64 166 100
64 165 100
64 165 100
64 165 100
64 165 100
64 165 100
64 165 100
64 165 100
64 164 100
64 164 100
64 164 100
64 164 100
64 164 100
64 164 100
64 164 100
64 163 100
64 163 100
64 163 100
64 163 100
64 163 100
64 163 100
64 162 100
64 162 100
64 162 100
64 162 100
64 162 100
64 161 100
64 161 100
64 161 100
64 161 100
64 161 100
64 160 100
64 160 100
64 160 100
64 160 100
64 160 100
64 159 100
64 159 100
64 159 100
64 159 100
64 159 100
64 158 100
64 158 100
64 158 100
64 158 100
64 158 100
64 158 100
64 157 100
64 157 100
64 157 100
64 157 100
64 157 100
64 157 100
64 156 100
64 156 100
64 156 100
64 156 100
64 156 100
64 156 100
64 156 100
64 155 100
64 155 100
64 155 100
64 155 100
64 155 100
64 155 100
64 155 100
64 154 100
64 154 100
64 154 100
64 154 100
64 154 100
64 154 100
64 154 100
64 154 100
64 153 100
64 153 100
64 153 100
64 153 100
64 153 100
64 153 100
64 153 100
64 153 100
64 152 100
64 152 100
64 152 100
64 152 100
64 152 100
64 152 100
64 152 100
64 152 100
64 151 100
64 151 100
64 151 100
64 151 100
64 151 100
64 151 100
64 151 100
64 151 100
64 150 100
64 150 100
64 150 100
64 150 100
64 150 100
64 150 100
64 150 100
64 150 100
64 149 100
64 149 100
64 149 100
64 149 100
64 149 100
64 149 100
64 149 100
64 149 100
64 148 100
64 148 100
64 148 100
64 148 100
64 148 100
64 148 100
64 148 100
64 148 100
64 147 100
64 147 100
64 147 100
64 147 100
64 147 100
64 147 100
64 147 100
64 147 100
64 146 100
64 146 100
64 146 100
64 146 100
64 146 100
64 146 100
64 146 100
64 146 100
64 145 100
64 145 100
64 145 100
64 145 100
64 145 100
64 145 100
64 145 100
64 145 100
64 145 100
64 144 100
64 144 100
64 144 100
64 144 100
64 144 100
64 144 100
64 144 100
64 144 100
64 144 100
64 143 100
64 143 100
64 143 100
64 143 100
64 143 100
64 143 100
64 143 100
64 143 100
64 143 100
64 143 100
64 142 100
64 142 100
64 142 100
64 142 100
64 142 100
64 142 100
64 142 100
64 142 100
64 142 100
64 142 100
64 141 100
64 141 100
64 141 100
64 141 100
64 141 100
64 141 100
64 141 100
64 141 100
64 141 100
64 140 100
64 140 100
64 140 100
64 140 100
64 140 100
64 140 100
64 140 100
64 140 100
64 139 100
64 139 100
64 139 100
64 139 100
64 139 100
64 139 100
64 138 100
64 138 100
64 138 100
64 138 100
64 138 100
64 137 100
64 137 100
64 137 100
64 137 100
64 136 100
64 136 100
64 136 100
64 135 100
64 135 100
64 135 100
64 134 100
64 134 100
64 134 100
64 133 100
64 133 100
64 133 100
64 132 100
64 132 100
64 132 100
64 132 100
64 131 100
64 131 100
64 131 100
64 131 100
64 131 100
64 130 100
64 130 100
64 130 100
64 130 100
64 130 100
64 130 100
64 129 100
64 129 100
64 129 100
64 129 100
64 129 100
64 129 100
64 129 100
64 128 100
64 128 100
64 128 100
64 128 100
64 128 100
64 128 100
64 128 100
64 128 100
64 128 100
64 127 100
64 127 100
64 127 100
64 127 100
64 127 100
64 127 100
64 127 100
64 127 100
64 127 100
64 127 100
64 127 100
64 126 100
64 126 100
64 126 100
64 126 100
64 126 100
64 126 100
64 126 100
64 126 100
64 126 100
64 126 100
64 126 100
64 126 100
64 126 100
64 125 100
64 125 100
64 125 100
64 125 100
64 125 100
64 125 100
64 125 100
64 125 100
64 125 100
64 125 100
64 125 100
64 125 100
64 125 100
64 125 100
64 124 100
64 124 100
64 124 100
64 124 100
64 124 100
64 124 100
64 124 100
64 124 100
64 124 100
64 124 100
64 124 100
64 124 100
64 124 100
64 124 100
64 123 100
64 123 100
64 123 100
64 123 100
64 123 100
64 123 100
64 123 100
64 123 100
64 123 100
64 123 100
64 123 100
64 123 100
64 123 100
64 123 100
64 122 100
64 122 100
64 122 100
64 122 100
64 122 100
64 122 100
64 122 100
64 122 100
64 122 100
64 122 100
64 122 100
64 122 100
64 122 100
64 122 100
64 121 100
64 121 100
64 121 100
64 121 100
64 121 100
64 121 100
64 121 100
64 121 100
64 121 100
64 121 100
64 121 100
64 121 100
64 121 100
64 120 100
64 120 100
64 120 100
64 120 100
64 120 100
64 120 100
64 120 100
64 120 100
64 120 100
64 120 100
64 120 100
64 120 100
64 120 100
64 119 100
64 119 100
64 119 100
64 119 100
64 119 100
64 119 100
64 119 100
64 119 100
64 119 100
64 119 100
64 119 100
64 119 100
64 118 100
64 118 100
64 118 100
64 118 100
64 118 100
64 118 100
64 118 100
64 118 100
64 118 100
64 118 100
64 118 100
64 117 100
64 117 100
64 117 100
64 117 100
64 117 100
64 117 100
64 117 100
64 117 100
64 117 100
64 117 100
64 116 100
64 116 100
64 116 100
64 116 100
64 116 100
64 116 100
64 116 100
64 116 100
64 116 100
64 115 100
64 115 100
64 115 100
64 115 100
64 115 100
64 115 100
64 115 100
64 115 100
64 114 100
64 114 100
64 114 100
64 114 100
64 114 100
64 114 100
64 114 100
64 114 100
64 114 100
64 113 100
64 113 100
64 113 100
64 113 100
64 113 100
64 113 100
64 113 100
64 113 100
64 113 100
64 112 100
64 112 100
64 112 100
64 112 100
64 112 100
64 112 100
64 112 100
64 112 100
64 112 100
64 112 100
64 111 100
64 111 100
64 111 100
64 111 100
64 111 100
64 111 100
64 111 100
64 111 100
64 111 100
64 111 100
64 111 100
64 111 100
64 110 100
64 110 100
64 110 100
64 110 100
64 110 100
64 110 100
64 110 100
64 110 100
64 110 100
64 110 100
64 110 100
64 110 100
64 110 100
64 109 100
64 109 100
64 109 100
64 109 100
64 109 100
64 109 100
64 109 100
64 109 100
64 109 100
64 109 100
64 109 100
64 109 100
64 109 100
64 109 100
64 109 100
64 108 100
64 108 100
64 108 100
64 108 100
64 108 100
64 108 100
64 108 100
64 108 100
64 108 100
64 108 100
64 108 100
64 108 100
64 108 100
64 108 100
64 108 100
64 108 100
64 108 100
64 107 100
64 107 100
64 107 100
64 107 100
64 107 100
64 107 100
64 107 100
64 107 100
64 107 100
64 107 100
64 107 100
64 107 100
64 107 100
64 107 100
64 107 100
64 107 100
64 107 100
64 107 100
64 106 100
64 106 100
64 106 100
64 106 100
64 106 100
64 106 100
64 106 100
64 106 100
64 106 100
64 106 100
64 106 100
64 106 100
64 106 100
64 106 100
64 106 100
64 106 100
64 106 100
64 106 100
64 106 100
64 105 100
64 105 100
64 105 100
64 105 100
64 105 100
64 105 100
64 105 100
64 105 100
64 105 100
64 105 100
64 105 100
64 105 100
64 105 100
64 105 100
64 105 100
64 105 100
64 105 100
64 105 100
64 105 100
64 105 100
64 104 100
64 104 100
64 104 100
64 104 100
64 104 100
64 104 100
64 104 100
64 104 100
64 104 100
64 104 100
64 104 100
64 104 100
64 104 100
64 104 100
64 104 100
64 104 100
64 104 100
64 104 100
64 104 100
64 104 100
64 104 100
64 103 100
64 103 100
64 103 100
64 103 100
64 103 100
64 103 100
64 103 100
64 103 100
64 103 100
64 103 100
64 103 100
64 103 100
64 103 100
64 103 100
64 103 100
64 103 100
64 103 100
64 103 100
64 103 100
64 103 100
64 103 100
64 102 100
64 102 100
64 102 100
64 102 100
64 102 100
64 102 100
64 102 100
64 102 100
64 102 100
64 102 100
64 102 100
64 102 100
64 102 100
64 102 100
64 102 100
64 102 100
64 102 100
64 102 100
64 102 100
64 102 100
64 102 100
64 101 100
64 101 100
64 101 100
64 101 100
64 101 100
64 101 100
64 101 100
64 101 100
64 101 100
64 101 100
64 101 100
64 101 100
64 101 100
64 101 100
64 101 100
64 101 100
64 101 100
64 101 100
64 101 100
64 101 100
64 101 100
64 101 100
64 100 100
64 100 100
64 100 100
64 100 100
64 100 100
64 100 100
64 100 100
64 100 100
64 100 100
64 100 100
64 100 100
64 100 100
64 100 100
64 100 100
64 100 100
64 100 100
64 100 100
64 100 100
64 100 100
64 100 100
64 100 100
64 100 100
64 99 100
64 99 100
64 99 100
64 99 100
64 99 100
64 99 100
64 99 100
64 99 100
64 99 100
64 99 100
64 99 100
64 99 100
64 99 100
64 99 100
64 99 100
64 99 100
64 99 100
64 99 100
64 99 100
64 99 100
64 99 100
64 99 100
64 99 100
64 98 100
64 98 100
64 98 100
64 98 100
64 98 100
64 98 100
64 98 100
64 98 100
64 98 100
64 98 100
64 98 100
64 98 100
64 98 100
64 98 100
64 98 100
64 98 100
64 98 100
64 98 100
64 98 100
64 98 100
64 98 100
64 98 100
64 98 100
64 97 100
64 97 100
64 97 100
64 97 100
64 97 100
64 97 100
64 97 100
64 97 100
64 97 100
64 97 100
64 97 100
64 97 100
64 97 100
64 97 100
64 97 100
64 97 100
64 97 100
64 97 100
64 97 100
64 97 100
64 97 100
64 97 100
64 97 100
64 97 100
64 96 100
64 96 100
64 96 100
64 96 100
64 96 100
64 96 100
64 96 100
64 96 100
64 96 100
64 96 100
64 96 100
64 96 100
64 96 100
64 96 100
64 96 100
64 96 100
64 96 100
64 96 100
64 96 100
64 96 100
64 96 100
64 96 100
64 96 100
64 96 100
64 95 100
64 95 100
64 95 100
64 95 100
64 95 100
64 95 100
64 95 100
64 95 100
64 95 100
64 95 100
64 95 100
64 95 100
64 95 100
64 95 100
64 95 100
64 95 100
64 95 100
64 95 100
64 95 100
64 95 100
64 95 100
64 95 100
64 95 100
64 94 100
64 94 100
64 94 100
64 94 100
64 94 100
64 94 100
64 94 100
64 94 100
64 94 100
64 94 100
64 94 100
64 94 100
64 94 100
64 94 100
64 94 100
64 94 100
64 94 100
64 94 100
64 94 100
64 94 100
64 94 100
64 93 100
64 93 100
64 93 100
64 93 100
64 93 100
64 93 100
64 93 100
64 93 100
64 93 100
64 93 100
64 93 100
64 93 100
64 93 100
64 93 100
64 93 100
64 93 100
64 93 100
64 93 100
64 93 100
64 92 100
64 92 100
64 92 100
64 92 100
64 92 100
64 92 100
64 92 100
64 92 100
64 92 100
64 92 100
64 92 100
64 92 100
64 92 100
64 92 100
64 92 100
64 92 100
64 91 100
64 91 100
64 91 100
64 91 100
64 91 100
64 91 100
64 91 100
64 91 100
64 91 100
64 91 100
64 91 100
64 91 100
64 91 100
64 91 100
64 90 100
64 90 100
64 90 100
64 90 100
64 90 100
64 90 100
64 90 100
64 90 100
64 90 100
64 90 100
64 90 100
64 90 100
64 89 100
64 89 100
64 89 100
64 89 100
64 89 100
64 89 100
64 89 100
64 89 100
64 89 100
64 89 100
64 89 100
64 88 100
64 88 100
64 88 100
64 88 100
64 88 100
64 88 100
64 88 100
64 88 100
64 88 100
64 88 100
64 87 100
64 87 100
64 87 100
64 87 100
64 87 100
64 87 100
64 87 100
64 87 100
64 87 100
64 87 100
64 86 100
64 86 100
64 86 100
64 86 100
64 86 100
64 86 100
64 86 100
64 86 100
64 86 100
64 86 100
64 86 100
64 85 100
64 85 100
64 85 100
64 85 100
64 85 100
64 85 100
64 85 100
64 85 100
64 85 100
64 85 100
64 85 100
64 84 100
64 84 100
64 84 100
64 84 100
64 84 100
64 84 100
64 84 100
64 84 100
64 84 100
64 84 100
64 84 100
64 84 100
64 83 100
64 83 100
64 83 100
64 83 100
64 83 100
64 83 100
64 83 100
64 83 100
64 83 100
64 83 100
64 83 100
64 83 100
64 82 100
64 82 100
64 82 100
64 82 100
64 82 100
64 82 100
64 82 100
64 82 100
64 82 100
64 82 100
64 82 100
64 82 100
64 82 100
64 81 100
64 81 100
64 81 100
64 81 100
64 81 100
64 81 100
64 81 100
64 81 100
64 81 100
64 81 100
64 81 100
64 81 100
64 81 100
64 81 100
64 80 100
64 80 100
64 80 100
64 80 100
64 80 100
64 80 100
64 80 100
64 80 100
64 80 100
64 80 100
64 80 100
64 80 100
64 80 100
64 79 100
64 79 100
64 79 100
64 79 100
64 79 100
64 79 100
64 79 100
64 79 100
64 79 100
64 79 100
64 79 100
64 79 100
64 79 100
64 78 100
64 78 100
64 78 100
64 78 100
64 78 100
64 78 100
64 78 100
64 78 100
64 78 100
64 78 100
64 78 100
64 77 100
64 77 100
64 77 100
64 77 100
64 77 100
64 77 100
64 77 100
64 77 100
64 77 100
64 77 100
64 76 100
64 76 100
64 76 100
64 76 100
64 76 100
64 76 100
64 76 100
64 76 100
64 76 100
64 75 100
64 75 100
64 75 100
64 75 100
64 75 100
64 75 100
64 75 100
64 74 100
64 74 100
64 74 100
64 74 100
64 74 100
64 74 100
64 73 100
64 73 100
64 73 100
64 73 100
64 73 100
64 72 100
64 72 100
64 72 100
64 72 100
64 71 100
64 71 100
64 71 100
64 70 100
64 70 100
64 69 100
64 69 100
64 68 100
64 68 100
64 67 100
64 67 100
64 66 100
64 66 100
64 65 100
64 65 100
64 64 100
64 64 100
64 63 100
64 63 100
64 62 100
64 62 100
64 61 100
64 61 100
64 60 100
64 60 100
64 59 100
64 59 100
64 58 100
64 58 100
64 57 100
64 57 100
# move from (18,22) to (64,57)
18 22 100
19 22 100
20 22 100
21 22 100
22 22 100
23 22 100
24 22 100
25 22 100
26 22 100
27 22 100
28 22 100
29 22 100
30 22 100
31 22 100
32 22 100
33 22 100
34 22 100
35 22 100
36 22 100
37 22 100
38 22 100
39 22 100
40 22 100
41 22 100
42 22 100
43 22 100
44 22 100
45 22 100
45 22 100
46 22 100
46 22 100
47 22 100
47 22 100
48 22 100
48 22 100
49 22 100
49 22 100
50 22 100
50 22 100
51 22 100
51 22 100
52 22 100
52 22 100
53 22 100
53 22 100
54 22 100
54 22 100
55 22 100
55 22 100
56 22 100
56 22 100
57 22 100
57 22 100
58 22 100
58 22 100
58 22 100
59 22 100
59 22 100
59 22 100
59 22 100
60 22 100
60 22 100
60 22 100
60 22 100
60 22 100
61 22 100
61 22 100
61 22 100
61 22 100
61 22 100
61 22 100
62 22 100
62 22 100
62 22 100
62 22 100
62 22 100
62 22 100
62 22 100
63 22 100
63 22 100
63 22 100
63 22 100
63 22 100
63 22 100
63 22 100
64 22 100
64 22 100
64 22 100
64 22 100
64 22 100
64 22 100
64 22 100
64 22 100
64 23 100
64 23 100
64 23 100
64 23 100
64 23 100
64 23 100
64 23 100
64 24 100
64 24 100
64 24 100
64 24 100
64 24 100
64 24 100
64 25 100
64 25 100
64 25 100
64 25 100
64 26 100
64 26 100
64 26 100
64 27 100
64 27 100
64 27 100
64 28 100
64 28 100
64 29 100
64 29 100
64 30 100
64 30 100
64 31 100
64 32 100
64 33 100
64 34 100
64 35 100
64 36 100
64 37 100
64 38 100
64 39 100
64 40 100
64 41 100
64 42 100
64 43 100
64 44 100
64 45 100
64 46 100
64 47 100
64 48 100
64 49 100
64 50 100
64 51 100
64 52 100
64 53 100
64 54 100
64 54 100
64 55 100
64 55 100
64 56 100
64 56 100
# move from (25,118) to (64,57)
25 118 100
26 118 100
27 118 100
28 118 100
29 118 100
30 118 100
31 118 100
32 118 100
33 118 100
34 118 100
35 118 100
36 118 100
37 118 100
38 118 100
39 118 100
39 118 100
40 118 100
40 118 100
41 118 100
41 118 100
42 118 100
42 118 100
42 118 100
43 118 100
43 118 100
43 118 100
43 118 100
44 118 100
44 118 100
44 118 100
44 118 100
44 118 100
45 118 100
45 118 100
45 118 100
45 118 100
45 118 100
45 118 100
46 118 100
46 118 100
46 118 100
46 118 100
46 118 100
46 118 100
46 118 100
47 118 100
47 118 100
47 118 100
47 118 100
47 118 100
47 118 100
47 118 100
48 118 100
48 118 100
48 118 100
48 118 100
48 118 100
48 118 100
48 118 100
49 118 100
49 118 100
49 118 100
49 118 100
49 118 100
49 118 100
50 118 100
50 118 100
50 118 100
50 118 100
50 118 100
51 118 100
51 118 100
51 118 100
51 118 100
51 118 100
52 118 100
52 118 100
52 118 100
52 118 100
53 118 100
53 118 100
53 118 100
53 118 100
54 118 100
54 118 100
54 118 100
54 118 100
55 118 100
55 118 100
55 118 100
55 118 100
55 118 100
56 118 100
56 118 100
56 118 100
56 118 100
56 118 100
56 118 100
57 118 100
57 118 100
57 118 100
57 118 100
57 118 100
57 118 100
57 118 100
58 118 100
58 118 100
58 118 100
58 118 100
58 118 100
58 118 100
58 118 100
58 118 100
59 118 100
59 118 100
59 118 100
59 118 100
59 118 100
59 118 100
59 118 100
59 118 100
59 118 100
59 118 100
60 118 100
60 118 100
60 118 100
60 118 100
60 118 100
60 118 100
60 118 100
60 118 100
60 118 100
60 118 100
60 118 100
61 118 100
61 118 100
61 118 100
61 118 100
61 118 100
61 118 100
61 118 100
61 118 100
61 118 100
61 118 100
61 118 100
61 118 100
62 118 100
62 118 100
62 118 100
62 118 100
62 118 100
62 118 100
62 118 100
62 118 100
62 118 100
62 118 100
62 118 100
62 118 100
63 118 100
63 118 100
63 118 100
63 118 100
63 118 100
63 118 100
63 118 100
63 118 100
63 118 100
63 118 100
63 118 100
63 118 100
# move from (95,164) to (64,57)
95 164 100
94 164 100
93 164 100
92 164 100
91 164 100
90 164 100
89 164 100
88 164 100
87 164 100
86 164 100
85 164 100
84 164 100
83 164 100
82 164 100
81 164 100
80 164 100
80 164 100
79 164 100
79 164 100
78 164 100
78 164 100
77 164 100
77 164 100
76 164 100
76 164 100
75 164 100
75 164 100
74 164 100
74 164 100
74 164 100
73 164 100
73 164 100
73 164 100
72 164 100
72 164 100
72 164 100
72 164 100
71 164 100
71 164 100
71 164 100
71 164 100
71 164 100
70 164 100
70 164 100
70 164 100
70 164 100
70 164 100
69 164 100
69 164 100
69 164 100
69 164 100
69 164 100
68 164 100
68 164 100
68 164 100
68 164 100
68 164 100
67 164 100
67 164 100
67 164 100
67 164 100
67 164 100
66 164 100
66 164 100
66 164 100
66 164 100
66 164 100
66 164 100
65 164 100
65 164 100
65 164 100
65 164 100
65 164 100
65 164 100
# move from (35,153) to (64,57)
35 153 100
35 153 100
35 153 100
36 153 100
36 153 100
36 153 100
37 153 100
37 153 100
37 153 100
37 153 100
38 153 100
38 153 100
38 153 100
38 153 100
39 153 100
39 153 100
39 153 100
39 153 100
40 153 100
40 153 100
40 153 100
40 153 100
40 153 100
41 153 100
41 153 100
41 153 100
41 153 100
41 153 100
42 153 100
42 153 100
42 153 100
42 153 100
42 153 100
42 153 100
43 153 100
43 153 100
43 153 100
43 153 100
43 153 100
43 153 100
43 153 100
44 153 100
44 153 100
44 153 100
44 153 100
44 153 100
44 153 100
44 153 100
44 153 100
45 153 100
45 153 100
45 153 100
45 153 100
45 153 100
45 153 100
45 153 100
45 153 100
45 153 100
46 153 100
46 153 100
46 153 100
46 153 100
46 153 100
46 153 100
46 153 100
46 153 100
46 153 100
46 153 100
46 153 100
47 153 100
47 153 100
47 153 100
47 153 100
47 153 100
47 153 100
47 153 100
47 153 100
47 153 100
47 153 100
47 153 100
47 153 100
47 153 100
48 153 100
48 153 100
48 153 100
48 153 100
48 153 100
48 153 100
48 153 100
48 153 100
48 153 100
48 153 100
48 153 100
48 153 100
48 153 100
48 153 100
49 153 100
49 153 100
49 153 100
49 153 100
49 153 100
49 153 100
49 153 100
49 153 100
49 153 100
49 153 100
49 153 100
49 153 100
49 153 100
49 153 100
49 153 100
49 153 100
50 153 100
50 153 100
50 153 100
50 153 100
50 153 100
50 153 100
50 153 100
50 153 100
50 153 100
50 153 100
50 153 100
50 153 100
50 153 100
50 153 100
50 153 100
50 153 100
50 153 100
51 153 100
51 153 100
51 153 100
51 153 100
51 153 100
51 153 100
51 153 100
51 153 100
51 153 100
51 153 100
51 153 100
51 153 100
51 153 100
51 153 100
51 153 100
51 153 100
51 153 100
52 153 100
52 153 100
52 153 100
52 153 100
52 153 100
52 153 100
52 153 100
52 153 100
52 153 100
52 153 100
52 153 100
52 153 100
52 153 100
52 153 100
52 153 100
52 153 100
53 153 100
53 153 100
53 153 100
53 153 100
53 153 100
53 153 100
53 153 100
53 153 100
53 153 100
53 153 100
53 153 100
53 153 100
53 153 100
53 153 100
53 153 100
54 153 100
54 153 100
54 153 100
54 153 100
54 153 100
54 153 100
54 153 100
54 153 100
54 153 100
54 153 100
54 153 100
54 153 100
54 153 100
54 153 100
55 153 100
55 153 100
55 153 100
55 153 100
55 153 100
55 153 100
55 153 100
55 153 100
55 153 100
55 153 100
55 153 100
55 153 100
55 153 100
56 153 100
56 153 100
56 153 100
56 153 100
56 153 100
56 153 100
56 153 100
56 153 100
56 153 100
56 153 100
56 153 100
56 153 100
57 153 100
57 153 100
57 153 100
57 153 100
57 153 100
57 153 100
57 153 100
57 153 100
57 153 100
57 153 100
57 153 100
58 153 100
58 153 100
58 153 100
58 153 100
58 153 100
58 153 100
58 153 100
58 153 100
58 153 100
58 153 100
59 153 100
59 153 100
59 153 100
59 153 100
59 153 100
59 153 100
59 153 100
59 153 100
59 153 100
60 153 100
60 153 100
60 153 100
60 153 100
60 153 100
60 153 100
60 153 100
60 153 100
61 153 100
61 153 100
61 153 100
61 153 100
61 153 100
61 153 100
61 153 100
61 153 100
62 153 100
62 153 100
62 153 100
62 153 100
62 153 100
62 153 100
62 153 100
62 153 100
63 153 100
63 153 100
63 153 100
63 153 100
63 153 100
63 153 100
63 153 100
63 153 100
# move from (94,58) to (64,57)
94 58 100
93 58 100
92 58 100
91 58 100
90 58 100
89 58 100
88 58 100
87 58 100
86 58 100
85 58 100
84 58 100
83 58 100
82 58 100
81 58 100
80 58 100
79 58 100
78 58 100
77 58 100
77 58 100
76 58 100
76 58 100
75 58 100
75 58 100
74 58 100
74 58 100
73 58 100
73 58 100
72 58 100
71 58 100
70 58 100
69 58 100
68 58 100
68 58 100
67 58 100
67 58 100
66 58 100
66 58 100
65 58 100
65 58 100
# move from (1,92) to (64,57)
1 92 100
2 92 100
3 92 100
4 92 100
5 92 100
6 92 100
7 92 100
8 92 100
9 92 100
10 92 100
11 92 100
12 92 100
13 92 100
14 92 100
15 92 100
16 92 100
17 92 100
18 92 100
19 92 100
20 92 100
21 92 100
22 92 100
23 92 100
24 92 100
25 92 100
26 92 100
27 92 100
28 92 100
29 92 100
30 92 100
30 92 100
31 92 100
31 92 100
32 92 100
32 92 100
32 92 100
33 92 100
33 92 100
33 92 100
34 92 100
34 92 100
34 92 100
34 92 100
35 92 100
35 92 100
35 92 100
35 92 100
35 92 100
36 92 100
36 92 100
36 92 100
36 92 100
36 92 100
36 92 100
37 92 100
37 92 100
37 92 100
37 92 100
37 92 100
37 92 100
37 92 100
38 92 100
38 92 100
38 92 100
38 92 100
38 92 100
38 92 100
38 92 100
38 92 100
39 92 100
39 92 100
39 92 100
39 92 100
39 92 100
39 92 100
39 92 100
39 92 100
40 92 100
40 92 100
40 92 100
40 92 100
40 92 100
40 92 100
40 92 100
40 92 100
41 92 100
41 92 100
41 92 100
41 92 100
41 92 100
41 92 100
41 92 100
41 92 100
42 92 100
42 92 100
42 92 100
42 92 100
42 92 100
42 92 100
42 92 100
42 92 100
43 92 100
43 92 100
43 92 100
43 92 100
43 92 100
43 92 100
43 92 100
43 92 100
43 92 100
44 92 100
44 92 100
44 92 100
44 92 100
44 92 100
44 92 100
44 92 100
44 92 100
44 92 100
45 92 100
45 92 100
45 92 100
45 92 100
45 92 100
45 92 100
45 92 100
45 92 100
45 92 100
45 92 100
46 92 100
46 92 100
46 92 100
46 92 100
46 92 100
46 92 100
46 92 100
46 92 100
46 92 100
46 92 100
47 92 100
47 92 100
47 92 100
47 92 100
47 92 100
47 92 100
47 92 100
47 92 100
47 92 100
47 92 100
48 92 100
48 92 100
48 92 100
48 92 100
48 92 100
48 92 100
48 92 100
48 92 100
48 92 100
48 92 100
49 92 100
49 92 100
49 92 100
49 92 100
49 92 100
49 92 100
49 92 100
49 92 100
49 92 100
50 92 100
50 92 100
50 92 100
50 92 100
50 92 100
50 92 100
50 92 100
50 92 100
51 92 100
51 92 100
51 92 100
51 92 100
51 92 100
51 92 100
51 92 100
51 92 100
52 92 100
52 92 100
52 92 100
52 92 100
52 92 100
52 92 100
52 92 100
53 92 100
53 92 100
53 92 100
53 92 100
53 92 100
53 92 100
53 92 100
53 92 100
54 92 100
54 92 100
54 92 100
54 92 100
54 92 100
54 92 100
54 92 100
54 92 100
55 92 100
55 92 100
55 92 100
55 92 100
55 92 100
55 92 100
55 92 100
55 92 100
55 92 100
56 92 100
56 92 100
56 92 100
56 92 100
56 92 100
56 92 100
56 92 100
56 92 100
56 92 100
56 92 100
57 92 100
57 92 100
57 92 100
57 92 100
57 92 100
57 92 100
57 92 100
57 92 100
57 92 100
57 92 100
57 92 100
57 92 100
58 92 100
58 92 100
58 92 100
58 92 100
58 92 100
58 92 100
58 92 100
58 92 100
58 92 100
58 92 100
58 92 100
58 92 100
58 92 100
59 92 100
59 92 100
59 92 100
59 92 100
59 92 100
59 92 100
59 92 100
59 92 100
59 92 100
59 92 100
59 92 100
59 92 100
59 92 100
59 92 100
60 92 100
60 92 100
60 92 100
60 92 100
60 92 100
60 92 100
60 92 100
60 92 100
60 92 100
60 92 100
60 92 100
60 92 100
60 92 100
60 92 100
60 92 100
61 92 100
61 92 100
61 92 100
61 92 100
61 92 100
61 92 100
61 92 100
61 92 100
61 92 100
61 92 100
61 92 100
61 92 100
61 92 100
61 92 100
61 92 100
61 92 100
62 92 100
62 92 100
62 92 100
62 92 100
62 92 100
62 92 100
62 92 100
62 92 100
62 92 100
62 92 100
62 92 100
62 92 100
62 92 100
62 92 100
62 92 100
62 92 100
63 92 100
63 92 100
63 92 100
63 92 100
63 92 100
63 92 100
63 92 100
63 92 100
63 92 100
63 92 100
63 92 100
63 92 100
63 92 100
63 92 100
63 92 100
63 92 100
# move from (101,194) to (64,57)
101 194 100
100 194 100
99 194 100
98 194 100
97 194 100
96 194 100
95 194 100
94 194 100
93 194 100
92 194 100
91 194 100
90 194 100
89 194 100
88 194 100
87 194 100
86 194 100
85 194 100
84 194 100
83 194 100
82 194 100
81 194 100
80 194 100
79 194 100
78 194 100
77 194 100
76 194 100
75 194 100
74 194 100
73 194 100
72 194 100
71 194 100
70 194 100
69 194 100
68 194 100
67 194 100
66 194 100
65 194 100
64 194 100
64 193 100
64 192 100
64 191 100
64 190 100
64 190 100
64 189 100
64 189 100
64 188 100
64 188 100
# move from (176,170) to (64,57)
176 170 100
175 170 100
174 170 100
173 170 100
172 170 100
171 170 100
170 170 100
169 170 100
168 170 100
167 170 100
166 170 100
165 170 100
164 170 100
163 170 100
162 170 100
161 170 100
160 170 100
159 170 100
158 170 100
157 170 100
156 170 100
155 170 100
154 170 100
153 170 100
152 170 100
151 170 100
150 170 100
149 170 100
148 170 100
147 170 100
146 170 100
145 170 100
144 170 100
143 170 100
142 170 100
141 170 100
140 170 100
139 170 100
138 170 100
137 170 100
136 170 100
135 170 100
134 170 100
133 170 100
132 170 100
131 170 100
130 170 100
129 170 100
128 170 100
127 170 100
126 170 100
125 170 100
124 170 100
123 170 100
122 170 100
121 170 100
120 170 100
119 170 100
118 170 100
117 170 100
116 170 100
115 170 100
114 170 100
113 170 100
112 170 100
111 170 100
110 170 100
109 170 100
108 170 100
107 170 100
106 170 100
105 170 100
104 170 100
103 170 100
102 170 100
101 170 100
100 170 100
99 170 100
98 170 100
97 170 100
96 170 100
95 170 100
94 170 100
93 170 100
92 170 100
91 170 100
90 170 100
89 170 100
88 170 100
87 170 100
86 170 100
85 170 100
84 170 100
83 170 100
82 170 100
81 170 100
80 170 100
79 170 100
79 170 100
78 170 100
78 170 100
77 170 100
77 170 100
76 170 100
76 170 100
75 170 100
75 170 100
74 170 100
74 170 100
74 170 100
73 170 100
73 170 100
73 170 100
73 170 100
72 170 100
72 170 100
72 170 100
72 170 100
72 170 100
71 170 100
71 170 100
71 170 100
71 170 100
71 170 100
71 170 100
70 170 100
70 170 100
70 170 100
70 170 100
70 170 100
70 170 100
70 170 100
69 170 100
69 170 100
69 170 100
69 170 100
69 170 100
69 170 100
69 170 100
69 170 100
68 170 100
68 170 100
68 170 100
68 170 100
68 170 100
68 170 100
68 170 100
68 170 100
67 170 100
67 170 100
67 170 100
67 170 100
67 170 100
67 170 100
67 170 100
67 170 100
66 170 100
66 170 100
66 170 100
66 170 100
66 170 100
66 170 100
66 170 100
66 170 100
65 170 100
65 170 100
65 170 100
65 170 100
65 170 100
65 170 100
65 170 100
65 170 100
65 170 100
# move from (190,196) to (64,57)
190 196 100
189 196 100
188 196 100
187 196 100
186 196 100
185 196 100
184 196 100
183 196 100
182 196 100
181 196 100
180 196 100
179 196 100
178 196 100
177 196 100
176 196 100
175 196 100
174 196 100
173 196 100
172 196 100
171 196 100
170 196 100
169 196 100
168 196 100
167 196 100
166 196 100
165 196 100
164 196 100
163 196 100
162 196 100
161 196 100
160 196 100
159 196 100
158 196 100
157 196 100
156 196 100
155 196 100
154 196 100
153 196 100
152 196 100
151 196 100
150 196 100
149 196 100
148 196 100
147 196 100
146 196 100
145 196 100
144 196 100
143 196 100
142 196 100
141 196 100
140 196 100
139 196 100
138 196 100
137 196 100
136 196 100
135 196 100
134 196 100
133 196 100
132 196 100
131 196 100
130 196 100
129 196 100
128 196 100
127 196 100
126 196 100
125 196 100
124 196 100
123 196 100
122 196 100
121 196 100
120 196 100
119 196 100
118 196 100
117 196 100
116 196 100
115 196 100
114 196 100
113 196 100
112 196 100
111 196 100
110 196 100
109 196 100
108 196 100
107 196 100
106 196 100
105 196 100
104 196 100
103 196 100
102 196 100
101 196 100
100 196 100
99 196 100
98 196 100
97 196 100
96 196 100
95 196 100
94 196 100
93 196 100
92 196 100
91 196 100
90 196 100
89 196 100
88 196 100
87 196 100
86 196 100
85 196 100
84 196 100
83 196 100
82 196 100
81 196 100
80 196 100
79 196 100
78 196 100
77 196 100
76 196 100
75 196 100
74 196 100
73 196 100
72 196 100
71 196 100
70 196 100
69 196 100
68 196 100
67 196 100
66 196 100
65 196 100
64 196 100
64 195 100
