# move from (130,196) to (92,32)
130 196 100
129 196 100
128 196 100
127 196 100
126 196 100
125 196 100
124 196 100
123 196 100
122 196 100
121 196 100
120 196 100
119 196 100
118 196 100
117 196 100
116 196 100
115 196 100
114 196 100
113 196 100
112 196 100
111 196 100
110 196 100
110 196 100
109 196 100
109 196 100
108 196 100
108 196 100
108 196 100
107 196 100
107 196 100
107 196 100
106 196 100
106 196 100
106 196 100
105 196 100
105 196 100
105 196 100
105 196 100
104 196 100
104 196 100
104 196 100
104 196 100
103 196 100
103 196 100
103 196 100
103 196 100
103 196 100
102 196 100
102 196 100
102 196 100
102 196 100
102 196 100
101 196 100
101 196 100
101 196 100
101 196 100
101 196 100
101 196 100
100 196 100
100 196 100
100 196 100
100 196 100
100 196 100
100 196 100
99 196 100
99 196 100
99 196 100
99 196 100
99 196 100
99 196 100
99 196 100
98 196 100
98 196 100
98 196 100
98 196 100
98 196 100
98 196 100
98 196 100
97 196 100
97 196 100
97 196 100
97 196 100
97 196 100
97 196 100
97 196 100
96 196 100
96 196 100
96 196 100
96 196 100
96 196 100
96 196 100
95 196 100
95 196 100
95 196 100
95 196 100
95 196 100
95 196 100
94 196 100
94 196 100
94 196 100
94 196 100
94 196 100
93 196 100
93 196 100
93 196 100
93 196 100
92 196 100
92 196 100
92 196 100
92 196 100
92 195 100
92 195 100
92 195 100
92 195 100
92 194 100
92 194 100
92 194 100
92 194 100
92 194 100
92 193 100
92 193 100
92 193 100
92 193 100
92 193 100
92 193 100
92 192 100
92 192 100
92 192 100
92 192 100
92 192 100
92 192 100
92 191 100
92 191 100
92 191 100
92 191 100
92 191 100
92 191 100
92 191 100
92 190 100
92 190 100
92 190 100
92 190 100
92 190 100
92 190 100
92 190 100
92 190 100
92 189 100
92 189 100
92 189 100
92 189 100
92 189 100
92 189 100
92 189 100
92 189 100
92 189 100
92 188 100
92 188 100
92 188 100
92 188 100
92 188 100
92 188 100
92 188 100
92 188 100
92 188 100
92 188 100
92 187 100
92 187 100
92 187 100
92 187 100
92 187 100
92 187 100
92 187 100
92 187 100
92 187 100
92 187 100
92 187 100
92 186 100
92 186 100
92 186 100
92 186 100
92 186 100
92 186 100
92 186 100
92 186 100
92 186 100
92 186 100
92 186 100
92 185 100
92 185 100
92 185 100
92 185 100
92 185 100
92 185 100
92 185 100
92 185 100
92 185 100
92 185 100
92 185 100
92 184 100
92 184 100
92 184 100
92 184 100
92 184 100
92 184 100
92 184 100
92 184 100
92 184 100
92 184 100
92 184 100
92 183 100
92 183 100
92 183 100
92 183 100
92 183 100
92 183 100
92 183 100
92 183 100
92 183 100
92 183 100
92 183 100
92 182 100
92 182 100
92 182 100
92 182 100
92 182 100
92 182 100
92 182 100
92 182 100
92 182 100
92 182 100
92 181 100
92 181 100
92 181 100
92 181 100
92 181 100
92 181 100
92 181 100
92 181 100
92 181 100
92 180 100
92 180 100
92 180 100
92 180 100
92 180 100
92 180 100
92 180 100
92 180 100
92 180 100
92 179 100
92 179 100
92 179 100
92 179 100
92 179 100
92 179 100
92 179 100
92 179 100
92 179 100
92 178 100
92 178 100
92 178 100
92 178 100
92 178 100
92 178 100
92 178 100
92 178 100
92 178 100
92 177 100
92 177 100
92 177 100
92 177 100
92 177 100
92 177 100
92 177 100
92 177 100
92 177 100
92 176 100
92 176 100
92 176 100
92 176 100
92 176 100
92 176 100
92 176 100
92 176 100
92 176 100
92 176 100
92 175 100
92 175 100
92 175 100
92 175 100
92 175 100
92 175 100
92 175 100
92 175 100
92 175 100
92 175 100
92 175 100
92 174 100
92 174 100
92 174 100
92 174 100
92 174 100
92 174 100
92 174 100
92 174 100
92 174 100
92 174 100
92 174 100
92 174 100
92 173 100
92 173 100
92 173 100
92 173 100
92 173 100
92 173 100
92 173 100
92 173 100
92 173 100
92 173 100
92 173 100
92 173 100
92 173 100
92 173 100
92 172 100
92 172 100
92 172 100
92 172 100
92 172 100
92 172 100
92 172 100
92 172 100
92 172 100
92 172 100
92 172 100
92 172 100
92 172 100
92 172 100
92 172 100
92 172 100
92 171 100
92 171 100
92 171 100
92 171 100
92 171 100
92 171 100
92 171 100
92 171 100
92 171 100
92 171 100
92 171 100
92 171 100
92 171 100
92 171 100
92 171 100
92 171 100
92 171 100
92 171 100
92 170 100
92 170 100
92 170 100
92 170 100
92 170 100
92 170 100
92 170 100
92 170 100
92 170 100
92 170 100
92 170 100
92 170 100
92 170 100
92 170 100
92 170 100
92 170 100
92 170 100
92 170 100
92 170 100
92 170 100
92 169 100
92 169 100
92 169 100
92 169 100
92 169 100
92 169 100
92 169 100
92 169 100
92 169 100
92 169 100
92 169 100
92 169 100
92 169 100
92 169 100
92 169 100
92 169 100
92 169 100
92 169 100
92 169 100
92 169 100
92 169 100
92 168 100
92 168 100
92 168 100
92 168 100
92 168 100
92 168 100
92 168 100
92 168 100
92 168 100
92 168 100
92 168 100
92 168 100
92 168 100
92 168 100
92 168 100
92 168 100
92 168 100
92 168 100
92 168 100
92 168 100
92 168 100
92 168 100
92 167 100
92 167 100
92 167 100
92 167 100
92 167 100
92 167 100
92 167 100
92 167 100
92 167 100
92 167 100
92 167 100
92 167 100
92 167 100
92 167 100
92 167 100
92 167 100
92 167 100
92 167 100
92 167 100
92 167 100
92 167 100
92 167 100
92 167 100
92 166 100
92 166 100
92 166 100
92 166 100
92 166 100
92 166 100
92 166 100
92 166 100
92 166 100
92 166 100
92 166 100
92 166 100
92 166 100
92 166 100
92 166 100
92 166 100
92 166 100
92 166 100
92 166 100
92 166 100
92 166 100
92 166 100
92 166 100
92 165 100
92 165 100
92 165 100
92 165 100
92 165 100
92 165 100
92 165 100
92 165 100
92 165 100
92 165 100
92 165 100
92 165 100
92 165 100
92 165 100
92 165 100
92 165 100
92 165 100
92 165 100
92 165 100
92 165 100
92 165 100
92 165 100
92 165 100
92 165 100
92 165 100
92 164 100
92 164 100
92 164 100
92 164 100
92 164 100
92 164 100
92 164 100
92 164 100
92 164 100
92 164 100
92 164 100
92 164 100
92 164 100
92 164 100
92 164 100
92 164 100
92 164 100
92 164 100
92 164 100
92 164 100
92 164 100
92 164 100
92 164 100
92 164 100
92 164 100
92 164 100
92 163 100
92 163 100
92 163 100
92 163 100
92 163 100
92 163 100
92 163 100
92 163 100
92 163 100
92 163 100
92 163 100
92 163 100
92 163 100
92 163 100
92 163 100
92 163 100
92 163 100
92 163 100
92 163 100
92 163 100
92 163 100
92 163 100
92 163 100
92 163 100
92 163 100
92 163 100
92 163 100
92 163 100
92 163 100
92 162 100
92 162 100
92 162 100
92 162 100
92 162 100
92 162 100
92 162 100
92 162 100
92 162 100
92 162 100
92 162 100
92 162 100
92 162 100
92 162 100
92 162 100
92 162 100
92 162 100
92 162 100
92 162 100
92 162 100
92 162 100
92 162 100
92 162 100
92 162 100
92 162 100
92 162 100
92 162 100
92 162 100
92 162 100
92 162 100
92 162 100
92 161 100
92 161 100
92 161 100
92 161 100
92 161 100
92 161 100
92 161 100
92 161 100
92 161 100
92 161 100
92 161 100
92 161 100
92 161 100
92 161 100
92 161 100
92 161 100
92 161 100
92 161 100
92 161 100
92 161 100
92 161 100
92 161 100
92 161 100
92 161 100
92 161 100
92 161 100
92 161 100
92 161 100
92 161 100
92 161 100
92 161 100
92 161 100
92 161 100
92 160 100
92 160 100
92 160 100
92 160 100
92 160 100
92 160 100
92 160 100
92 160 100
92 160 100
92 160 100
92 160 100
92 160 100
92 160 100
92 160 100
92 160 100
92 160 100
92 160 100
92 160 100
92 160 100
92 160 100
92 160 100
92 160 100
92 160 100
92 160 100
92 160 100
92 160 100
92 160 100
92 160 100
92 160 100
92 160 100
92 160 100
92 160 100
92 160 100
92 160 100
92 160 100
92 159 100
92 159 100
92 159 100
92 159 100
92 159 100
92 159 100
92 159 100
92 159 100
92 159 100
92 159 100
92 159 100
92 159 100
92 159 100
92 159 100
92 159 100
92 159 100
92 159 100
92 159 100
92 159 100
92 159 100
92 159 100
92 159 100
92 159 100
92 159 100
92 159 100
92 159 100
92 159 100
92 159 100
92 159 100
92 159 100
92 159 100
92 159 100
92 159 100
92 159 100
92 159 100
92 159 100
92 158 100
92 158 100
92 158 100
92 158 100
92 158 100
92 158 100
92 158 100
92 158 100
92 158 100
92 158 100
92 158 100
92 158 100
92 158 100
92 158 100
92 158 100
92 158 100
92 158 100
92 158 100
92 158 100
92 158 100
92 158 100
92 158 100
92 158 100
92 158 100
92 158 100
92 158 100
92 158 100
92 158 100
92 158 100
92 158 100
92 158 100
92 158 100
92 158 100
92 158 100
92 158 100
92 158 100
92 157 100
92 157 100
92 157 100
92 157 100
92 157 100
92 157 100
92 157 100
92 157 100
92 157 100
92 157 100
92 157 100
92 157 100
92 157 100
92 157 100
92 157 100
92 157 100
92 157 100
92 157 100
92 157 100
92 157 100
92 157 100
92 157 100
92 157 100
92 157 100
92 157 100
92 157 100
92 157 100
92 157 100
92 157 100
92 157 100
92 157 100
92 157 100
92 157 100
92 157 100
92 157 100
92 157 100
92 156 100
92 156 100
92 156 100
92 156 100
92 156 100
92 156 100
92 156 100
92 156 100
92 156 100
92 156 100
92 156 100
92 156 100
92 156 100
92 156 100
92 156 100
92 156 100
92 156 100
92 156 100
92 156 100
92 156 100
92 156 100
92 156 100
92 156 100
92 156 100
92 156 100
92 156 100
92 156 100
92 156 100
92 156 100
92 156 100
92 156 100
92 156 100
92 156 100
92 156 100
92 156 100
92 156 100
92 155 100
92 155 100
92 155 100
92 155 100
92 155 100
92 155 100
92 155 100
92 155 100
92 155 100
92 155 100
92 155 100
92 155 100
92 155 100
92 155 100
92 155 100
92 155 100
92 155 100
92 155 100
92 155 100
92 155 100
92 155 100
92 155 100
92 155 100
92 155 100
92 155 100
92 155 100
92 155 100
92 155 100
92 155 100
92 155 100
92 155 100
92 155 100
92 155 100
92 155 100
92 154 100
92 154 100
92 154 100
92 154 100
92 154 100
92 154 100
92 154 100
92 154 100
92 154 100
92 154 100
92 154 100
92 154 100
92 154 100
92 154 100
92 154 100
92 154 100
92 154 100
92 154 100
92 154 100
92 154 100
92 154 100
92 154 100
92 154 100
92 154 100
92 154 100
92 154 100
92 154 100
92 154 100
92 154 100
92 154 100
92 154 100
92 154 100
92 154 100
92 153 100
92 153 100
92 153 100
92 153 100
92 153 100
92 153 100
92 153 100
92 153 100
92 153 100
92 153 100
92 153 100
92 153 100
92 153 100
92 153 100
92 153 100
92 153 100
92 153 100
92 153 100
92 153 100
92 153 100
92 153 100
92 153 100
92 153 100
92 153 100
92 153 100
92 153 100
92 153 100
92 153 100
92 153 100
92 153 100
92 153 100
92 152 100
92 152 100
92 152 100
92 152 100
92 152 100
92 152 100
92 152 100
92 152 100
92 152 100
92 152 100
92 152 100
92 152 100
92 152 100
92 152 100
92 152 100
92 152 100
92 152 100
92 152 100
92 152 100
92 152 100
92 152 100
92 152 100
92 152 100
92 152 100
92 152 100
92 152 100
92 152 100
92 152 100
92 152 100
92 151 100
92 151 100
92 151 100
92 151 100
92 151 100
92 151 100
92 151 100
92 151 100
92 151 100
92 151 100
92 151 100
92 151 100
92 151 100
92 151 100
92 151 100
92 151 100
92 151 100
92 151 100
92 151 100
92 151 100
92 151 100
92 151 100
92 151 100
92 151 100
92 151 100
92 151 100
92 151 100
92 150 100
92 150 100
92 150 100
92 150 100
92 150 100
92 150 100
92 150 100
92 150 100
92 150 100
92 150 100
92 150 100
92 150 100
92 150 100
92 150 100
92 150 100
92 150 100
92 150 100
92 150 100
92 150 100
92 150 100
92 150 100
92 150 100
92 150 100
92 150 100
92 150 100
92 149 100
92 149 100
92 149 100
92 149 100
92 149 100
92 149 100
92 149 100
92 149 100
92 149 100
92 149 100
92 149 100
92 149 100
92 149 100
92 149 100
92 149 100
92 149 100
92 149 100
92 149 100
92 149 100
92 149 100
92 149 100
92 149 100
92 149 100
92 149 100
92 148 100
92 148 100
92 148 100
92 148 100
92 148 100
92 148 100
92 148 100
92 148 100
92 148 100
92 148 100
92 148 100
92 148 100
92 148 100
92 148 100
92 148 100
92 148 100
92 148 100
92 148 100
92 148 100
92 148 100
92 148 100
92 148 100
92 148 100
92 147 100
92 147 100
92 147 100
92 147 100
92 147 100
92 147 100
92 147 100
92 147 100
92 147 100
92 147 100
92 147 100
92 147 100
92 147 100
92 147 100
92 147 100
92 147 100
92 147 100
92 147 100
92 147 100
92 147 100
92 147 100
92 147 100
92 147 100
92 146 100
92 146 100
92 146 100
92 146 100
92 146 100
92 146 100
92 146 100
92 146 100
92 146 100
92 146 100
92 146 100
92 146 100
92 146 100
92 146 100
92 146 100
92 146 100
92 146 100
92 146 100
92 146 100
92 146 100
92 146 100
92 146 100
92 146 100
92 145 100
92 145 100
92 145 100
92 145 100
92 145 100
92 145 100
92 145 100
92 145 100
92 145 100
92 145 100
92 145 100
92 145 100
92 145 100
92 145 100
92 145 100
92 145 100
92 145 100
92 145 100
92 145 100
92 145 100
92 145 100
92 145 100
92 144 100
92 144 100
92 144 100
92 144 100
92 144 100
92 144 100
92 144 100
92 144 100
92 144 100
92 144 100
92 144 100
92 144 100
92 144 100
92 144 100
92 144 100
92 144 100
92 144 100
92 144 100
92 144 100
92 144 100
92 144 100
92 144 100
92 143 100
92 143 100
92 143 100
92 143 100
92 143 100
92 143 100
92 143 100
92 143 100
92 143 100
92 143 100
92 143 100
92 143 100
92 143 100
92 143 100
92 143 100
92 143 100
92 143 100
92 143 100
92 143 100
92 143 100
92 143 100
92 142 100
92 142 100
92 142 100
92 142 100
92 142 100
92 142 100
92 142 100
92 142 100
92 142 100
92 142 100
92 142 100
92 142 100
92 142 100
92 142 100
92 142 100
92 142 100
92 142 100
92 142 100
92 142 100
92 142 100
92 141 100
92 141 100
92 141 100
92 141 100
92 141 100
92 141 100
92 141 100
92 141 100
92 141 100
92 141 100
92 141 100
92 141 100
92 141 100
92 141 100
92 141 100
92 141 100
92 141 100
92 141 100
92 141 100
92 141 100
92 140 100
92 140 100
92 140 100
92 140 100
92 140 100
92 140 100
92 140 100
92 140 100
92 140 100
92 140 100
92 140 100
92 140 100
92 140 100
92 140 100
92 140 100
92 140 100
92 140 100
92 140 100
92 140 100
92 139 100
92 139 100
92 139 100
92 139 100
92 139 100
92 139 100
92 139 100
92 139 100
92 139 100
92 139 100
92 139 100
92 139 100
92 139 100
92 139 100
92 139 100
92 139 100
92 139 100
92 139 100
92 138 100
92 138 100
92 138 100
92 138 100
92 138 100
92 138 100
92 138 100
92 138 100
92 138 100
92 138 100
92 138 100
92 138 100
92 138 100
92 138 100
92 138 100
92 138 100
92 137 100
92 137 100
92 137 100
92 137 100
92 137 100
92 137 100
92 137 100
92 137 100
92 137 100
92 137 100
92 137 100
92 137 100
92 137 100
92 137 100
92 137 100
92 136 100
92 136 100
92 136 100
92 136 100
92 136 100
92 136 100
92 136 100
92 136 100
92 136 100
92 136 100
92 136 100
92 136 100
92 135 100
92 135 100
92 135 100
92 135 100
92 135 100
92 135 100
92 135 100
92 135 100
92 135 100
92 135 100
92 134 100
92 134 100
92 134 100
92 134 100
92 134 100
92 134 100
92 134 100
92 134 100
92 133 100
92 133 100
92 133 100
92 133 100
92 133 100
92 133 100
92 133 100
92 132 100
92 132 100
92 132 100
92 132 100
92 132 100
92 132 100
92 131 100
92 131 100
92 131 100
92 131 100
92 131 100
92 130 100
92 130 100
92 130 100
92 130 100
92 129 100
92 129 100
92 129 100
92 129 100
92 128 100
92 128 100
92 128 100
92 128 100
92 127 100
92 127 100
92 127 100
92 127 100
92 126 100
92 126 100
92 126 100
92 126 100
92 126 100
92 125 100
92 125 100
92 125 100
92 125 100
92 125 100
92 125 100
92 124 100
92 124 100
92 124 100
92 124 100
92 124 100
92 124 100
92 124 100
92 124 100
92 123 100
92 123 100
92 123 100
92 123 100
92 123 100
92 123 100
92 123 100
92 123 100
92 123 100
92 122 100
92 122 100
92 122 100
92 122 100
92 122 100
92 122 100
92 122 100
92 122 100
92 122 100
92 122 100
92 122 100
92 121 100
92 121 100
92 121 100
92 121 100
92 121 100
92 121 100
92 121 100
92 121 100
92 121 100
92 121 100
92 121 100
92 121 100
92 120 100
92 120 100
92 120 100
92 120 100
92 120 100
92 120 100
92 120 100
92 120 100
92 120 100
92 120 100
92 120 100
92 120 100
92 119 100
92 119 100
92 119 100
92 119 100
92 119 100
92 119 100
92 119 100
92 119 100
92 119 100
92 119 100
92 119 100
92 119 100
92 119 100
92 118 100
92 118 100
92 118 100
92 118 100
92 118 100
92 118 100
92 118 100
92 118 100
92 118 100
92 118 100
92 118 100
92 118 100
92 117 100
92 117 100
92 117 100
92 117 100
92 117 100
92 117 100
92 117 100
92 117 100
92 117 100
92 117 100
92 117 100
92 117 100
92 116 100
92 116 100
92 116 100
92 116 100
92 116 100
92 116 100
92 116 100
92 116 100
92 116 100
92 116 100
92 116 100
92 116 100
92 115 100
92 115 100
92 115 100
92 115 100
92 115 100
92 115 100
92 115 100
92 115 100
92 115 100
92 115 100
92 115 100
92 115 100
92 114 100
92 114 100
92 114 100
92 114 100
92 114 100
92 114 100
92 114 100
92 114 100
92 114 100
92 114 100
92 114 100
92 114 100
92 114 100
92 113 100
92 113 100
92 113 100
92 113 100
92 113 100
92 113 100
92 113 100
92 113 100
92 113 100
92 113 100
92 113 100
92 113 100
92 113 100
92 112 100
92 112 100
92 112 100
92 112 100
92 112 100
92 112 100
92 112 100
92 112 100
92 112 100
92 112 100
92 112 100
92 112 100
92 112 100
92 111 100
92 111 100
92 111 100
92 111 100
92 111 100
92 111 100
92 111 100
92 111 100
92 111 100
92 111 100
92 111 100
92 111 100
92 111 100
92 110 100
92 110 100
92 110 100
92 110 100
92 110 100
92 110 100
92 110 100
92 110 100
92 110 100
92 110 100
92 110 100
92 110 100
92 109 100
92 109 100
92 109 100
92 109 100
92 109 100
92 109 100
92 109 100
92 109 100
92 109 100
92 109 100
92 109 100
92 108 100
92 108 100
92 108 100
92 108 100
92 108 100
92 108 100
92 108 100
92 108 100
92 108 100
92 108 100
92 107 100
92 107 100
92 107 100
92 107 100
92 107 100
92 107 100
92 107 100
92 107 100
92 106 100
92 106 100
92 106 100
92 106 100
92 106 100
92 106 100
92 106 100
92 105 100
92 105 100
92 105 100
92 105 100
92 105 100
92 104 100
92 104 100
92 104 100
92 104 100
92 103 100
92 103 100
92 103 100
92 103 100
92 102 100
92 102 100
92 102 100
92 101 100
92 101 100
92 101 100
92 100 100
92 100 100
92 99 100
92 99 100
92 98 100
92 98 100
92 97 100
92 96 100
92 95 100
92 94 100
92 93 100
92 92 100
92 91 100
92 90 100
92 89 100
92 88 100
92 87 100
92 86 100
92 85 100
92 84 100
92 83 100
92 82 100
92 81 100
92 80 100
92 79 100
92 78 100
92 77 100
92 76 100
92 75 100
92 74 100
92 73 100
92 72 100
92 71 100
92 70 100
92 69 100
92 68 100
92 67 100
92 66 100
92 65 100
92 64 100
92 63 100
92 62 100
92 61 100
92 60 100
92 59 100
92 58 100
92 57 100
92 56 100
92 55 100
92 54 100
92 53 100
92 52 100
92 51 100
92 50 100
92 49 100
92 48 100
92 47 100
92 46 100
92 45 100
92 44 100
92 43 100
92 42 100
92 41 100
92 40 100
92 39 100
92 38 100
92 37 100
92 36 100
92 35 100
92 34 100
92 33 100
92 32 100
# move from (68,152) to (92,32)
68 152 100
68 152 100
69 152 100
69 152 100
70 152 100
70 152 100
71 152 100
71 152 100
72 152 100
72 152 100
72 152 100
73 152 100
73 152 100
73 152 100
74 152 100
74 152 100
74 152 100
75 152 100
75 152 100
75 152 100
75 152 100
76 152 100
76 152 100
76 152 100
76 152 100
77 152 100
77 152 100
77 152 100
77 152 100
78 152 100
78 152 100
78 152 100
78 152 100
79 152 100
79 152 100
79 152 100
79 152 100
80 152 100
80 152 100
80 152 100
80 152 100
81 152 100
81 152 100
81 152 100
81 152 100
82 152 100
82 152 100
82 152 100
82 152 100
82 152 100
83 152 100
83 152 100
83 152 100
83 152 100
83 152 100
84 152 100
84 152 100
84 152 100
84 152 100
84 152 100
84 152 100
85 152 100
85 152 100
85 152 100
85 152 100
85 152 100
85 152 100
85 152 100
86 152 100
86 152 100
86 152 100
86 152 100
86 152 100
86 152 100
86 152 100
86 152 100
86 152 100
87 152 100
87 152 100
87 152 100
87 152 100
87 152 100
87 152 100
87 152 100
87 152 100
87 152 100
87 152 100
87 152 100
87 152 100
88 152 100
88 152 100
88 152 100
88 152 100
88 152 100
88 152 100
88 152 100
88 152 100
88 152 100
88 152 100
88 152 100
88 152 100
88 152 100
88 152 100
88 152 100
89 152 100
89 152 100
89 152 100
89 152 100
89 152 100
89 152 100
89 152 100
89 152 100
89 152 100
89 152 100
89 152 100
89 152 100
89 152 100
89 152 100
89 152 100
89 152 100
89 152 100
89 152 100
90 152 100
90 152 100
90 152 100
90 152 100
90 152 100
90 152 100
90 152 100
90 152 100
90 152 100
90 152 100
90 152 100
90 152 100
90 152 100
90 152 100
90 152 100
90 152 100
90 152 100
90 152 100
90 152 100
90 152 100
90 152 100
91 152 100
91 152 100
91 152 100
91 152 100
91 152 100
91 152 100
91 152 100
91 152 100
91 152 100
91 152 100
91 152 100
91 152 100
91 152 100
91 152 100
91 152 100
91 152 100
91 152 100
91 152 100
91 152 100
91 152 100
91 152 100
91 152 100
91 152 100
91 152 100
91 152 100
# move from (94,91) to (92,32)
94 91 100
93 91 100
# move from (159,45) to (92,32)
159 45 100
158 45 100
157 45 100
156 45 100
155 45 100
154 45 100
153 45 100
152 45 100
151 45 100
150 45 100
149 45 100
149 45 100
148 45 100
148 45 100
147 45 100
147 45 100
146 45 100
146 45 100
146 45 100
145 45 100
145 45 100
145 45 100
144 45 100
144 45 100
144 45 100
143 45 100
143 45 100
143 45 100
142 45 100
142 45 100
142 45 100
141 45 100
141 45 100
141 45 100
140 45 100
140 45 100
140 45 100
139 45 100
139 45 100
139 45 100
139 45 100
138 45 100
138 45 100
138 45 100
138 45 100
137 45 100
137 45 100
137 45 100
137 45 100
137 45 100
136 45 100
136 45 100
136 45 100
136 45 100
136 45 100
135 45 100
135 45 100
135 45 100
135 45 100
135 45 100
134 45 100
134 45 100
134 45 100
134 45 100
134 45 100
133 45 100
133 45 100
133 45 100
133 45 100
132 45 100
132 45 100
132 45 100
132 45 100
131 45 100
131 45 100
131 45 100
130 45 100
130 45 100
130 45 100
129 45 100
129 45 100
128 45 100
128 45 100
127 45 100
127 45 100
126 45 100
126 45 100
125 45 100
125 45 100
124 45 100
124 45 100
123 45 100
122 45 100
121 45 100
120 45 100
119 45 100
118 45 100
117 45 100
116 45 100
115 45 100
114 45 100
113 45 100
112 45 100
111 45 100
110 45 100
109 45 100
108 45 100
107 45 100
106 45 100
105 45 100
104 45 100
103 45 100
102 45 100
101 45 100
100 45 100
99 45 100
98 45 100
97 45 100
96 45 100
95 45 100
94 45 100
93 45 100
# move from (45,139) to (92,32)
45 139 100
46 139 100
47 139 100
48 139 100
49 139 100
50 139 100
51 139 100
52 139 100
53 139 100
54 139 100
55 139 100
56 139 100
57 139 100
58 139 100
59 139 100
60 139 100
61 139 100
62 139 100
63 139 100
64 139 100
65 139 100
66 139 100
67 139 100
68 139 100
69 139 100
70 139 100
71 139 100
72 139 100
73 139 100
74 139 100
74 139 100
75 139 100
75 139 100
76 139 100
76 139 100
77 139 100
77 139 100
78 139 100
78 139 100
79 139 100
79 139 100
80 139 100
80 139 100
81 139 100
81 139 100
82 139 100
82 139 100
82 139 100
83 139 100
83 139 100
83 139 100
84 139 100
84 139 100
84 139 100
84 139 100
85 139 100
85 139 100
85 139 100
85 139 100
85 139 100
86 139 100
86 139 100
86 139 100
86 139 100
86 139 100
86 139 100
86 139 100
87 139 100
87 139 100
87 139 100
87 139 100
87 139 100
87 139 100
87 139 100
87 139 100
88 139 100
88 139 100
88 139 100
88 139 100
88 139 100
88 139 100
88 139 100
88 139 100
88 139 100
88 139 100
89 139 100
89 139 100
89 139 100
89 139 100
89 139 100
89 139 100
89 139 100
89 139 100
89 139 100
89 139 100
89 139 100
89 139 100
90 139 100
90 139 100
90 139 100
90 139 100
90 139 100
90 139 100
90 139 100
90 139 100
90 139 100
90 139 100
90 139 100
90 139 100
90 139 100
90 139 100
91 139 100
91 139 100
91 139 100
91 139 100
91 139 100
91 139 100
91 139 100
91 139 100
91 139 100
91 139 100
91 139 100
91 139 100
91 139 100
91 139 100
91 139 100
91 139 100
# move from (6,74) to (92,32)
6 74 100
7 74 100
8 74 100
9 74 100
10 74 100
11 74 100
12 74 100
13 74 100
14 74 100
15 74 100
16 74 100
17 74 100
18 74 100
19 74 100
20 74 100
21 74 100
22 74 100
23 74 100
24 74 100
25 74 100
26 74 100
27 74 100
27 74 100
28 74 100
28 74 100
29 74 100
29 74 100
29 74 100
30 74 100
30 74 100
30 74 100
31 74 100
31 74 100
31 74 100
31 74 100
32 74 100
32 74 100
32 74 100
32 74 100
32 74 100
33 74 100
33 74 100
33 74 100
33 74 100
33 74 100
34 74 100
34 74 100
34 74 100
34 74 100
34 74 100
34 74 100
35 74 100
35 74 100
35 74 100
35 74 100
35 74 100
35 74 100
36 74 100
36 74 100
36 74 100
36 74 100
36 74 100
36 74 100
36 74 100
37 74 100
37 74 100
37 74 100
37 74 100
37 74 100
37 74 100
37 74 100
37 74 100
38 74 100
38 74 100
38 74 100
38 74 100
38 74 100
38 74 100
38 74 100
38 74 100
38 74 100
39 74 100
39 74 100
39 74 100
39 74 100
39 74 100
39 74 100
39 74 100
39 74 100
39 74 100
39 74 100
39 74 100
40 74 100
40 74 100
40 74 100
40 74 100
40 74 100
40 74 100
40 74 100
40 74 100
40 74 100
40 74 100
40 74 100
40 74 100
40 74 100
40 74 100
41 74 100
41 74 100
41 74 100
41 74 100
41 74 100
41 74 100
41 74 100
41 74 100
41 74 100
41 74 100
41 74 100
41 74 100
41 74 100
41 74 100
41 74 100
41 74 100
41 74 100
42 74 100
42 74 100
42 74 100
42 74 100
42 74 100
42 74 100
42 74 100
42 74 100
42 74 100
42 74 100
42 74 100
42 74 100
42 74 100
42 74 100
42 74 100
42 74 100
42 74 100
42 74 100
42 74 100
42 74 100
43 74 100
43 74 100
43 74 100
43 74 100
43 74 100
43 74 100
43 74 100
43 74 100
43 74 100
43 74 100
43 74 100
43 74 100
43 74 100
43 74 100
43 74 100
43 74 100
43 74 100
43 74 100
43 74 100
43 74 100
43 74 100
43 74 100
44 74 100
44 74 100
44 74 100
44 74 100
44 74 100
44 74 100
44 74 100
44 74 100
44 74 100
44 74 100
44 74 100
44 74 100
44 74 100
44 74 100
44 74 100
44 74 100
44 74 100
44 74 100
44 74 100
44 74 100
44 74 100
44 74 100
44 74 100
44 74 100
45 74 100
45 74 100
45 74 100
45 74 100
45 74 100
45 74 100
45 74 100
45 74 100
45 74 100
45 74 100
45 74 100
45 74 100
45 74 100
45 74 100
45 74 100
45 74 100
45 74 100
45 74 100
45 74 100
45 74 100
45 74 100
45 74 100
45 74 100
45 74 100
45 74 100
46 74 100
46 74 100
46 74 100
46 74 100
46 74 100
46 74 100
46 74 100
46 74 100
46 74 100
46 74 100
46 74 100
46 74 100
46 74 100
46 74 100
46 74 100
46 74 100
46 74 100
46 74 100
46 74 100
46 74 100
46 74 100
46 74 100
46 74 100
46 74 100
46 74 100
46 74 100
47 74 100
47 74 100
47 74 100
47 74 100
47 74 100
47 74 100
47 74 100
47 74 100
47 74 100
47 74 100
47 74 100
47 74 100
47 74 100
47 74 100
47 74 100
47 74 100
47 74 100
47 74 100
47 74 100
47 74 100
47 74 100
47 74 100
47 74 100
47 74 100
47 74 100
47 74 100
47 74 100
48 74 100
48 74 100
48 74 100
48 74 100
48 74 100
48 74 100
48 74 100
48 74 100
48 74 100
48 74 100
48 74 100
48 74 100
48 74 100
48 74 100
48 74 100
48 74 100
48 74 100
48 74 100
48 74 100
48 74 100
48 74 100
48 74 100
48 74 100
48 74 100
48 74 100
48 74 100
48 74 100
48 74 100
49 74 100
49 74 100
49 74 100
49 74 100
49 74 100
49 74 100
49 74 100
49 74 100
49 74 100
49 74 100
49 74 100
49 74 100
49 74 100
49 74 100
49 74 100
49 74 100
49 74 100
49 74 100
49 74 100
49 74 100
49 74 100
49 74 100
49 74 100
49 74 100
49 74 100
49 74 100
49 74 100
49 74 100
50 74 100
50 74 100
50 74 100
50 74 100
50 74 100
50 74 100
50 74 100
50 74 100
50 74 100
50 74 100
50 74 100
50 74 100
50 74 100
50 74 100
50 74 100
50 74 100
50 74 100
50 74 100
50 74 100
50 74 100
50 74 100
50 74 100
50 74 100
50 74 100
50 74 100
50 74 100
50 74 100
50 74 100
50 74 100
50 74 100
51 74 100
51 74 100
51 74 100
51 74 100
51 74 100
51 74 100
51 74 100
51 74 100
51 74 100
51 74 100
51 74 100
51 74 100
51 74 100
51 74 100
51 74 100
51 74 100
51 74 100
51 74 100
51 74 100
51 74 100
51 74 100
51 74 100
51 74 100
51 74 100
51 74 100
51 74 100
51 74 100
51 74 100
51 74 100
51 74 100
51 74 100
52 74 100
52 74 100
52 74 100
52 74 100
52 74 100
52 74 100
52 74 100
52 74 100
52 74 100
52 74 100
52 74 100
52 74 100
52 74 100
52 74 100
52 74 100
52 74 100
52 74 100
52 74 100
52 74 100
52 74 100
52 74 100
52 74 100
52 74 100
52 74 100
52 74 100
52 74 100
52 74 100
52 74 100
52 74 100
52 74 100
52 74 100
52 74 100
52 74 100
53 74 100
53 74 100
53 74 100
53 74 100
53 74 100
53 74 100
53 74 100
53 74 100
53 74 100
53 74 100
53 74 100
53 74 100
53 74 100
53 74 100
53 74 100
53 74 100
53 74 100
53 74 100
53 74 100
53 74 100
53 74 100
53 74 100
53 74 100
53 74 100
53 74 100
53 74 100
53 74 100
53 74 100
53 74 100
53 74 100
53 74 100
53 74 100
53 74 100
53 74 100
53 74 100
54 74 100
54 74 100
54 74 100
54 74 100
54 74 100
54 74 100
54 74 100
54 74 100
54 74 100
54 74 100
54 74 100
54 74 100
54 74 100
54 74 100
54 74 100
54 74 100
54 74 100
54 74 100
54 74 100
54 74 100
54 74 100
54 74 100
54 74 100
54 74 100
54 74 100
54 74 100
54 74 100
54 74 100
54 74 100
54 74 100
54 74 100
54 74 100
54 74 100
54 74 100
54 74 100
54 74 100
55 74 100
55 74 100
55 74 100
55 74 100
55 74 100
55 74 100
55 74 100
55 74 100
55 74 100
55 74 100
55 74 100
55 74 100
55 74 100
55 74 100
55 74 100
55 74 100
55 74 100
55 74 100
55 74 100
55 74 100
55 74 100
55 74 100
55 74 100
55 74 100
55 74 100
55 74 100
55 74 100
55 74 100
55 74 100
55 74 100
55 74 100
55 74 100
55 74 100
55 74 100
55 74 100
55 74 100
55 74 100
56 74 100
56 74 100
56 74 100
56 74 100
56 74 100
56 74 100
56 74 100
56 74 100
56 74 100
56 74 100
56 74 100
56 74 100
56 74 100
56 74 100
56 74 100
56 74 100
56 74 100
56 74 100
56 74 100
56 74 100
56 74 100
56 74 100
56 74 100
56 74 100
56 74 100
56 74 100
56 74 100
56 74 100
56 74 100
56 74 100
56 74 100
56 74 100
56 74 100
56 74 100
56 74 100
56 74 100
56 74 100
57 74 100
57 74 100
57 74 100
57 74 100
57 74 100
57 74 100
57 74 100
57 74 100
57 74 100
57 74 100
57 74 100
57 74 100
57 74 100
57 74 100
57 74 100
57 74 100
57 74 100
57 74 100
57 74 100
57 74 100
57 74 100
57 74 100
57 74 100
57 74 100
57 74 100
57 74 100
57 74 100
57 74 100
57 74 100
57 74 100
57 74 100
57 74 100
57 74 100
57 74 100
57 74 100
57 74 100
58 74 100
58 74 100
58 74 100
58 74 100
58 74 100
58 74 100
58 74 100
58 74 100
58 74 100
58 74 100
58 74 100
58 74 100
58 74 100
58 74 100
58 74 100
58 74 100
58 74 100
58 74 100
58 74 100
58 74 100
58 74 100
58 74 100
58 74 100
58 74 100
58 74 100
58 74 100
58 74 100
58 74 100
58 74 100
58 74 100
58 74 100
58 74 100
58 74 100
58 74 100
59 74 100
59 74 100
59 74 100
59 74 100
59 74 100
59 74 100
59 74 100
59 74 100
59 74 100
59 74 100
59 74 100
59 74 100
59 74 100
59 74 100
59 74 100
59 74 100
59 74 100
59 74 100
59 74 100
59 74 100
59 74 100
59 74 100
59 74 100
59 74 100
59 74 100
59 74 100
59 74 100
59 74 100
59 74 100
59 74 100
59 74 100
59 74 100
59 74 100
60 74 100
60 74 100
60 74 100
60 74 100
60 74 100
60 74 100
60 74 100
60 74 100
60 74 100
60 74 100
60 74 100
60 74 100
60 74 100
60 74 100
60 74 100
60 74 100
60 74 100
60 74 100
60 74 100
60 74 100
60 74 100
60 74 100
60 74 100
60 74 100
60 74 100
60 74 100
60 74 100
60 74 100
60 74 100
60 74 100
60 74 100
61 74 100
61 74 100
61 74 100
61 74 100
61 74 100
61 74 100
61 74 100
61 74 100
61 74 100
61 74 100
61 74 100
61 74 100
61 74 100
61 74 100
61 74 100
61 74 100
61 74 100
61 74 100
61 74 100
61 74 100
61 74 100
61 74 100
61 74 100
61 74 100
61 74 100
61 74 100
61 74 100
61 74 100
61 74 100
61 74 100
62 74 100
62 74 100
62 74 100
62 74 100
62 74 100
62 74 100
62 74 100
62 74 100
62 74 100
62 74 100
62 74 100
62 74 100
62 74 100
62 74 100
62 74 100
62 74 100
62 74 100
62 74 100
62 74 100
62 74 100
62 74 100
62 74 100
62 74 100
62 74 100
62 74 100
62 74 100
62 74 100
62 74 100
63 74 100
63 74 100
63 74 100
63 74 100
63 74 100
63 74 100
63 74 100
63 74 100
63 74 100
63 74 100
63 74 100
63 74 100
63 74 100
63 74 100
63 74 100
63 74 100
63 74 100
63 74 100
63 74 100
63 74 100
63 74 100
63 74 100
63 74 100
63 74 100
63 74 100
63 74 100
63 74 100
63 74 100
64 74 100
64 74 100
64 74 100
64 74 100
64 74 100
64 74 100
64 74 100
64 74 100
64 74 100
64 74 100
64 74 100
64 74 100
64 74 100
64 74 100
64 74 100
64 74 100
64 74 100
64 74 100
64 74 100
64 74 100
64 74 100
64 74 100
64 74 100
64 74 100
64 74 100
64 74 100
64 74 100
65 74 100
65 74 100
65 74 100
65 74 100
65 74 100
65 74 100
65 74 100
65 74 100
65 74 100
65 74 100
65 74 100
65 74 100
65 74 100
65 74 100
65 74 100
65 74 100
65 74 100
65 74 100
65 74 100
65 74 100
65 74 100
65 74 100
65 74 100
65 74 100
65 74 100
65 74 100
65 74 100
66 74 100
66 74 100
66 74 100
66 74 100
66 74 100
66 74 100
66 74 100
66 74 100
66 74 100
66 74 100
66 74 100
66 74 100
66 74 100
66 74 100
66 74 100
66 74 100
66 74 100
66 74 100
66 74 100
66 74 100
66 74 100
66 74 100
66 74 100
66 74 100
66 74 100
66 74 100
67 74 100
67 74 100
67 74 100
67 74 100
67 74 100
67 74 100
67 74 100
67 74 100
67 74 100
67 74 100
67 74 100
67 74 100
67 74 100
67 74 100
67 74 100
67 74 100
67 74 100
67 74 100
67 74 100
67 74 100
67 74 100
67 74 100
67 74 100
67 74 100
67 74 100
67 74 100
68 74 100
68 74 100
68 74 100
68 74 100
68 74 100
68 74 100
68 74 100
68 74 100
68 74 100
68 74 100
68 74 100
68 74 100
68 74 100
68 74 100
68 74 100
68 74 100
68 74 100
68 74 100
68 74 100
68 74 100
68 74 100
68 74 100
68 74 100
68 74 100
68 74 100
69 74 100
69 74 100
69 74 100
69 74 100
69 74 100
69 74 100
69 74 100
69 74 100
69 74 100
69 74 100
69 74 100
69 74 100
69 74 100
69 74 100
69 74 100
69 74 100
69 74 100
69 74 100
69 74 100
69 74 100
69 74 100
69 74 100
69 74 100
69 74 100
69 74 100
70 74 100
70 74 100
70 74 100
70 74 100
70 74 100
70 74 100
70 74 100
70 74 100
70 74 100
70 74 100
70 74 100
70 74 100
70 74 100
70 74 100
70 74 100
70 74 100
70 74 100
70 74 100
70 74 100
70 74 100
70 74 100
70 74 100
70 74 100
71 74 100
71 74 100
71 74 100
71 74 100
71 74 100
71 74 100
71 74 100
71 74 100
71 74 100
71 74 100
71 74 100
71 74 100
71 74 100
71 74 100
71 74 100
71 74 100
71 74 100
71 74 100
71 74 100
71 74 100
71 74 100
72 74 100
72 74 100
72 74 100
72 74 100
72 74 100
72 74 100
72 74 100
72 74 100
72 74 100
72 74 100
72 74 100
72 74 100
72 74 100
72 74 100
72 74 100
72 74 100
72 74 100
72 74 100
73 74 100
73 74 100
73 74 100
73 74 100
73 74 100
73 74 100
73 74 100
73 74 100
73 74 100
73 74 100
73 74 100
73 74 100
73 74 100
73 74 100
73 74 100
74 74 100
74 74 100
74 74 100
74 74 100
74 74 100
74 74 100
74 74 100
74 74 100
74 74 100
74 74 100
74 74 100
74 74 100
75 74 100
75 74 100
75 74 100
75 74 100
75 74 100
75 74 100
75 74 100
75 74 100
75 74 100
75 74 100
76 74 100
76 74 100
76 74 100
76 74 100
76 74 100
76 74 100
76 74 100
76 74 100
77 74 100
77 74 100
77 74 100
77 74 100
77 74 100
77 74 100
78 74 100
78 74 100
78 74 100
78 74 100
78 74 100
79 74 100
79 74 100
79 74 100
79 74 100
80 74 100
80 74 100
80 74 100
80 74 100
81 74 100
81 74 100
81 74 100
82 74 100
82 74 100
82 74 100
83 74 100
83 74 100
83 74 100
84 74 100
84 74 100
84 74 100
85 74 100
85 74 100
85 74 100
86 74 100
86 74 100
86 74 100
87 74 100
87 74 100
87 74 100
88 74 100
88 74 100
89 74 100
89 74 100
90 74 100
90 74 100
91 74 100
# move from (0,44) to (92,32)
0 44 100
1 44 100
2 44 100
3 44 100
4 44 100
5 44 100
6 44 100
7 44 100
8 44 100
9 44 100
10 44 100
11 44 100
12 44 100
13 44 100
14 44 100
15 44 100
16 44 100
17 44 100
18 44 100
19 44 100
19 44 100
20 44 100
20 44 100
21 44 100
21 44 100
21 44 100
22 44 100
22 44 100
22 44 100
23 44 100
23 44 100
23 44 100
23 44 100
24 44 100
24 44 100
24 44 100
24 44 100
24 44 100
25 44 100
25 44 100
25 44 100
25 44 100
25 44 100
25 44 100
25 44 100
26 44 100
26 44 100
26 44 100
26 44 100
26 44 100
26 44 100
26 44 100
26 44 100
27 44 100
27 44 100
27 44 100
27 44 100
27 44 100
27 44 100
27 44 100
27 44 100
27 44 100
27 44 100
27 44 100
28 44 100
28 44 100
28 44 100
28 44 100
28 44 100
28 44 100
28 44 100
28 44 100
28 44 100
28 44 100
28 44 100
28 44 100
28 44 100
28 44 100
29 44 100
29 44 100
29 44 100
29 44 100
29 44 100
29 44 100
29 44 100
29 44 100
29 44 100
29 44 100
29 44 100
29 44 100
29 44 100
29 44 100
29 44 100
29 44 100
29 44 100
30 44 100
30 44 100
30 44 100
30 44 100
30 44 100
30 44 100
30 44 100
30 44 100
30 44 100
30 44 100
30 44 100
30 44 100
30 44 100
30 44 100
30 44 100
30 44 100
30 44 100
30 44 100
30 44 100
30 44 100
31 44 100
31 44 100
31 44 100
31 44 100
31 44 100
31 44 100
31 44 100
31 44 100
31 44 100
31 44 100
31 44 100
31 44 100
31 44 100
31 44 100
31 44 100
31 44 100
31 44 100
31 44 100
31 44 100
31 44 100
31 44 100
31 44 100
32 44 100
32 44 100
32 44 100
32 44 100
32 44 100
32 44 100
32 44 100
32 44 100
32 44 100
32 44 100
32 44 100
32 44 100
32 44 100
32 44 100
32 44 100
32 44 100
32 44 100
32 44 100
32 44 100
32 44 100
32 44 100
32 44 100
32 44 100
32 44 100
33 44 100
33 44 100
33 44 100
33 44 100
33 44 100
33 44 100
33 44 100
33 44 100
33 44 100
33 44 100
33 44 100
33 44 100
33 44 100
33 44 100
33 44 100
33 44 100
33 44 100
33 44 100
33 44 100
33 44 100
33 44 100
33 44 100
33 44 100
33 44 100
34 44 100
34 44 100
34 44 100
34 44 100
34 44 100
34 44 100
34 44 100
34 44 100
34 44 100
34 44 100
34 44 100
34 44 100
34 44 100
34 44 100
34 44 100
34 44 100
34 44 100
34 44 100
34 44 100
34 44 100
34 44 100
34 44 100
34 44 100
34 44 100
35 44 100
35 44 100
35 44 100
35 44 100
35 44 100
35 44 100
35 44 100
35 44 100
35 44 100
35 44 100
35 44 100
35 44 100
35 44 100
35 44 100
35 44 100
35 44 100
35 44 100
35 44 100
35 44 100
35 44 100
35 44 100
35 44 100
35 44 100
35 44 100
36 44 100
36 44 100
36 44 100
36 44 100
36 44 100
36 44 100
36 44 100
36 44 100
36 44 100
36 44 100
36 44 100
36 44 100
36 44 100
36 44 100
36 44 100
36 44 100
36 44 100
36 44 100
36 44 100
36 44 100
36 44 100
36 44 100
36 44 100
36 44 100
37 44 100
37 44 100
37 44 100
37 44 100
37 44 100
37 44 100
37 44 100
37 44 100
37 44 100
37 44 100
37 44 100
37 44 100
37 44 100
37 44 100
37 44 100
37 44 100
37 44 100
37 44 100
37 44 100
37 44 100
37 44 100
37 44 100
37 44 100
37 44 100
37 44 100
38 44 100
38 44 100
38 44 100
38 44 100
38 44 100
38 44 100
38 44 100
38 44 100
38 44 100
38 44 100
38 44 100
38 44 100
38 44 100
38 44 100
38 44 100
38 44 100
38 44 100
38 44 100
38 44 100
38 44 100
38 44 100
38 44 100
38 44 100
38 44 100
38 44 100
38 44 100
39 44 100
39 44 100
39 44 100
39 44 100
39 44 100
39 44 100
39 44 100
39 44 100
39 44 100
39 44 100
39 44 100
39 44 100
39 44 100
39 44 100
39 44 100
39 44 100
39 44 100
39 44 100
39 44 100
39 44 100
39 44 100
39 44 100
39 44 100
39 44 100
39 44 100
39 44 100
39 44 100
39 44 100
40 44 100
40 44 100
40 44 100
40 44 100
40 44 100
40 44 100
40 44 100
40 44 100
40 44 100
40 44 100
40 44 100
40 44 100
40 44 100
40 44 100
40 44 100
40 44 100
40 44 100
40 44 100
40 44 100
40 44 100
40 44 100
40 44 100
40 44 100
40 44 100
40 44 100
40 44 100
40 44 100
40 44 100
40 44 100
40 44 100
40 44 100
41 44 100
41 44 100
41 44 100
41 44 100
41 44 100
41 44 100
41 44 100
41 44 100
41 44 100
41 44 100
41 44 100
41 44 100
41 44 100
41 44 100
41 44 100
41 44 100
41 44 100
41 44 100
41 44 100
41 44 100
41 44 100
41 44 100
41 44 100
41 44 100
41 44 100
41 44 100
41 44 100
41 44 100
41 44 100
41 44 100
41 44 100
41 44 100
41 44 100
41 44 100
42 44 100
42 44 100
42 44 100
42 44 100
42 44 100
42 44 100
42 44 100
42 44 100
42 44 100
42 44 100
42 44 100
42 44 100
42 44 100
42 44 100
42 44 100
42 44 100
42 44 100
42 44 100
42 44 100
42 44 100
42 44 100
42 44 100
42 44 100
42 44 100
42 44 100
42 44 100
42 44 100
42 44 100
42 44 100
42 44 100
42 44 100
42 44 100
42 44 100
42 44 100
42 44 100
42 44 100
42 44 100
43 44 100
43 44 100
43 44 100
43 44 100
43 44 100
43 44 100
43 44 100
43 44 100
43 44 100
43 44 100
43 44 100
43 44 100
43 44 100
43 44 100
43 44 100
43 44 100
43 44 100
43 44 100
43 44 100
43 44 100
43 44 100
43 44 100
43 44 100
43 44 100
43 44 100
43 44 100
43 44 100
43 44 100
43 44 100
43 44 100
43 44 100
43 44 100
43 44 100
43 44 100
43 44 100
43 44 100
43 44 100
43 44 100
43 44 100
44 44 100
44 44 100
44 44 100
44 44 100
44 44 100
44 44 100
44 44 100
44 44 100
44 44 100
44 44 100
44 44 100
44 44 100
44 44 100
44 44 100
44 44 100
44 44 100
44 44 100
44 44 100
44 44 100
44 44 100
44 44 100
44 44 100
44 44 100
44 44 100
44 44 100
44 44 100
44 44 100
44 44 100
44 44 100
44 44 100
44 44 100
44 44 100
44 44 100
44 44 100
44 44 100
44 44 100
44 44 100
44 44 100
44 44 100
44 44 100
44 44 100
44 44 100
45 44 100
45 44 100
45 44 100
45 44 100
45 44 100
45 44 100
45 44 100
45 44 100
45 44 100
45 44 100
45 44 100
45 44 100
45 44 100
45 44 100
45 44 100
45 44 100
45 44 100
45 44 100
45 44 100
45 44 100
45 44 100
45 44 100
45 44 100
45 44 100
45 44 100
45 44 100
45 44 100
45 44 100
45 44 100
45 44 100
45 44 100
45 44 100
45 44 100
45 44 100
45 44 100
45 44 100
45 44 100
45 44 100
45 44 100
45 44 100
45 44 100
45 44 100
45 44 100
45 44 100
46 44 100
46 44 100
46 44 100
46 44 100
46 44 100
46 44 100
46 44 100
46 44 100
46 44 100
46 44 100
46 44 100
46 44 100
46 44 100
46 44 100
46 44 100
46 44 100
46 44 100
46 44 100
46 44 100
46 44 100
46 44 100
46 44 100
46 44 100
46 44 100
46 44 100
46 44 100
46 44 100
46 44 100
46 44 100
46 44 100
46 44 100
46 44 100
46 44 100
46 44 100
46 44 100
46 44 100
46 44 100
46 44 100
46 44 100
46 44 100
46 44 100
46 44 100
46 44 100
46 44 100
46 44 100
47 44 100
47 44 100
47 44 100
47 44 100
47 44 100
47 44 100
47 44 100
47 44 100
47 44 100
47 44 100
47 44 100
47 44 100
47 44 100
47 44 100
47 44 100
47 44 100
47 44 100
47 44 100
47 44 100
47 44 100
47 44 100
47 44 100
47 44 100
47 44 100
47 44 100
47 44 100
47 44 100
47 44 100
47 44 100
47 44 100
47 44 100
47 44 100
47 44 100
47 44 100
47 44 100
47 44 100
47 44 100
47 44 100
47 44 100
47 44 100
47 44 100
47 44 100
47 44 100
47 44 100
47 44 100
48 44 100
48 44 100
48 44 100
48 44 100
48 44 100
48 44 100
48 44 100
48 44 100
48 44 100
48 44 100
48 44 100
48 44 100
48 44 100
48 44 100
48 44 100
48 44 100
48 44 100
48 44 100
48 44 100
48 44 100
48 44 100
48 44 100
48 44 100
48 44 100
48 44 100
48 44 100
48 44 100
48 44 100
48 44 100
48 44 100
48 44 100
48 44 100
48 44 100
48 44 100
48 44 100
48 44 100
48 44 100
48 44 100
48 44 100
48 44 100
48 44 100
48 44 100
48 44 100
48 44 100
48 44 100
48 44 100
49 44 100
49 44 100
49 44 100
49 44 100
49 44 100
49 44 100
49 44 100
49 44 100
49 44 100
49 44 100
49 44 100
49 44 100
49 44 100
49 44 100
49 44 100
49 44 100
49 44 100
49 44 100
49 44 100
49 44 100
49 44 100
49 44 100
49 44 100
49 44 100
49 44 100
49 44 100
49 44 100
49 44 100
49 44 100
49 44 100
49 44 100
49 44 100
49 44 100
49 44 100
49 44 100
49 44 100
49 44 100
49 44 100
49 44 100
49 44 100
49 44 100
49 44 100
49 44 100
49 44 100
49 44 100
50 44 100
50 44 100
50 44 100
50 44 100
50 44 100
50 44 100
50 44 100
50 44 100
50 44 100
50 44 100
50 44 100
50 44 100
50 44 100
50 44 100
50 44 100
50 44 100
50 44 100
50 44 100
50 44 100
50 44 100
50 44 100
50 44 100
50 44 100
50 44 100
50 44 100
50 44 100
50 44 100
50 44 100
50 44 100
50 44 100
50 44 100
50 44 100
50 44 100
50 44 100
50 44 100
50 44 100
50 44 100
50 44 100
50 44 100
50 44 100
50 44 100
50 44 100
50 44 100
50 44 100
50 44 100
51 44 100
51 44 100
51 44 100
51 44 100
51 44 100
51 44 100
51 44 100
51 44 100
51 44 100
51 44 100
51 44 100
51 44 100
51 44 100
51 44 100
51 44 100
51 44 100
51 44 100
51 44 100
51 44 100
51 44 100
51 44 100
51 44 100
51 44 100
51 44 100
51 44 100
51 44 100
51 44 100
51 44 100
51 44 100
51 44 100
51 44 100
51 44 100
51 44 100
51 44 100
51 44 100
51 44 100
51 44 100
51 44 100
51 44 100
51 44 100
51 44 100
51 44 100
51 44 100
51 44 100
52 44 100
52 44 100
52 44 100
52 44 100
52 44 100
52 44 100
52 44 100
52 44 100
52 44 100
52 44 100
52 44 100
52 44 100
52 44 100
52 44 100
52 44 100
52 44 100
52 44 100
52 44 100
52 44 100
52 44 100
52 44 100
52 44 100
52 44 100
52 44 100
52 44 100
52 44 100
52 44 100
52 44 100
52 44 100
52 44 100
52 44 100
52 44 100
52 44 100
52 44 100
52 44 100
52 44 100
52 44 100
52 44 100
52 44 100
52 44 100
52 44 100
52 44 100
52 44 100
53 44 100
53 44 100
53 44 100
53 44 100
53 44 100
53 44 100
53 44 100
53 44 100
53 44 100
53 44 100
53 44 100
53 44 100
53 44 100
53 44 100
53 44 100
53 44 100
53 44 100
53 44 100
53 44 100
53 44 100
53 44 100
53 44 100
53 44 100
53 44 100
53 44 100
53 44 100
53 44 100
53 44 100
53 44 100
53 44 100
53 44 100
53 44 100
53 44 100
53 44 100
53 44 100
53 44 100
53 44 100
53 44 100
53 44 100
53 44 100
53 44 100
53 44 100
54 44 100
54 44 100
54 44 100
54 44 100
54 44 100
54 44 100
54 44 100
54 44 100
54 44 100
54 44 100
54 44 100
54 44 100
54 44 100
54 44 100
54 44 100
54 44 100
54 44 100
54 44 100
54 44 100
54 44 100
54 44 100
54 44 100
54 44 100
54 44 100
54 44 100
54 44 100
54 44 100
54 44 100
54 44 100
54 44 100
54 44 100
54 44 100
54 44 100
54 44 100
54 44 100
54 44 100
54 44 100
54 44 100
54 44 100
54 44 100
54 44 100
55 44 100
55 44 100
55 44 100
55 44 100
55 44 100
55 44 100
55 44 100
55 44 100
55 44 100
55 44 100
55 44 100
55 44 100
55 44 100
55 44 100
55 44 100
55 44 100
55 44 100
55 44 100
55 44 100
55 44 100
55 44 100
55 44 100
55 44 100
55 44 100
55 44 100
55 44 100
55 44 100
55 44 100
55 44 100
55 44 100
55 44 100
55 44 100
55 44 100
55 44 100
55 44 100
55 44 100
55 44 100
55 44 100
55 44 100
56 44 100
56 44 100
56 44 100
56 44 100
56 44 100
56 44 100
56 44 100
56 44 100
56 44 100
56 44 100
56 44 100
56 44 100
56 44 100
56 44 100
56 44 100
56 44 100
56 44 100
56 44 100
56 44 100
56 44 100
56 44 100
56 44 100
56 44 100
56 44 100
56 44 100
56 44 100
56 44 100
56 44 100
56 44 100
56 44 100
56 44 100
56 44 100
56 44 100
56 44 100
56 44 100
56 44 100
56 44 100
57 44 100
57 44 100
57 44 100
57 44 100
57 44 100
57 44 100
57 44 100
57 44 100
57 44 100
57 44 100
57 44 100
57 44 100
57 44 100
57 44 100
57 44 100
57 44 100
57 44 100
57 44 100
57 44 100
57 44 100
57 44 100
57 44 100
57 44 100
57 44 100
57 44 100
57 44 100
57 44 100
57 44 100
57 44 100
57 44 100
57 44 100
57 44 100
57 44 100
57 44 100
58 44 100
58 44 100
58 44 100
58 44 100
58 44 100
58 44 100
58 44 100
58 44 100
58 44 100
58 44 100
58 44 100
58 44 100
58 44 100
58 44 100
58 44 100
58 44 100
58 44 100
58 44 100
58 44 100
58 44 100
58 44 100
58 44 100
58 44 100
58 44 100
58 44 100
58 44 100
58 44 100
58 44 100
58 44 100
58 44 100
58 44 100
58 44 100
59 44 100
59 44 100
59 44 100
59 44 100
59 44 100
59 44 100
59 44 100
59 44 100
59 44 100
59 44 100
59 44 100
59 44 100
59 44 100
59 44 100
59 44 100
59 44 100
59 44 100
59 44 100
59 44 100
59 44 100
59 44 100
59 44 100
59 44 100
59 44 100
59 44 100
59 44 100
59 44 100
59 44 100
59 44 100
59 44 100
60 44 100
60 44 100
60 44 100
60 44 100
60 44 100
60 44 100
60 44 100
60 44 100
60 44 100
60 44 100
60 44 100
60 44 100
60 44 100
60 44 100
60 44 100
60 44 100
60 44 100
60 44 100
60 44 100
60 44 100
60 44 100
60 44 100
60 44 100
60 44 100
60 44 100
60 44 100
60 44 100
60 44 100
60 44 100
61 44 100
61 44 100
61 44 100
61 44 100
61 44 100
61 44 100
61 44 100
61 44 100
61 44 100
61 44 100
61 44 100
61 44 100
61 44 100
61 44 100
61 44 100
61 44 100
61 44 100
61 44 100
61 44 100
61 44 100
61 44 100
61 44 100
61 44 100
61 44 100
61 44 100
61 44 100
61 44 100
61 44 100
62 44 100
62 44 100
62 44 100
62 44 100
62 44 100
62 44 100
62 44 100
62 44 100
62 44 100
62 44 100
62 44 100
62 44 100
62 44 100
62 44 100
62 44 100
62 44 100
62 44 100
62 44 100
62 44 100
62 44 100
62 44 100
62 44 100
62 44 100
62 44 100
62 44 100
62 44 100
62 44 100
63 44 100
63 44 100
63 44 100
63 44 100
63 44 100
63 44 100
63 44 100
63 44 100
63 44 100
63 44 100
63 44 100
63 44 100
63 44 100
63 44 100
63 44 100
63 44 100
63 44 100
63 44 100
63 44 100
63 44 100
63 44 100
63 44 100
63 44 100
63 44 100
63 44 100
63 44 100
64 44 100
64 44 100
64 44 100
64 44 100
64 44 100
64 44 100
64 44 100
64 44 100
64 44 100
64 44 100
64 44 100
64 44 100
64 44 100
64 44 100
64 44 100
64 44 100
64 44 100
64 44 100
64 44 100
64 44 100
64 44 100
64 44 100
64 44 100
64 44 100
65 44 100
65 44 100
65 44 100
65 44 100
65 44 100
65 44 100
65 44 100
65 44 100
65 44 100
65 44 100
65 44 100
65 44 100
65 44 100
65 44 100
65 44 100
65 44 100
65 44 100
65 44 100
65 44 100
65 44 100
65 44 100
65 44 100
65 44 100
66 44 100
66 44 100
66 44 100
66 44 100
66 44 100
66 44 100
66 44 100
66 44 100
66 44 100
66 44 100
66 44 100
66 44 100
66 44 100
66 44 100
66 44 100
66 44 100
66 44 100
66 44 100
66 44 100
66 44 100
66 44 100
67 44 100
67 44 100
67 44 100
67 44 100
67 44 100
67 44 100
67 44 100
67 44 100
67 44 100
67 44 100
67 44 100
67 44 100
67 44 100
67 44 100
67 44 100
67 44 100
67 44 100
67 44 100
68 44 100
68 44 100
68 44 100
68 44 100
68 44 100
68 44 100
68 44 100
68 44 100
68 44 100
68 44 100
68 44 100
68 44 100
68 44 100
68 44 100
68 44 100
68 44 100
69 44 100
69 44 100
69 44 100
69 44 100
69 44 100
69 44 100
69 44 100
69 44 100
69 44 100
69 44 100
69 44 100
69 44 100
69 44 100
70 44 100
70 44 100
70 44 100
70 44 100
70 44 100
70 44 100
70 44 100
70 44 100
70 44 100
70 44 100
70 44 100
71 44 100
71 44 100
71 44 100
71 44 100
71 44 100
71 44 100
71 44 100
71 44 100
71 44 100
72 44 100
72 44 100
72 44 100
72 44 100
72 44 100
72 44 100
72 44 100
73 44 100
73 44 100
73 44 100
73 44 100
73 44 100
73 44 100
74 44 100
74 44 100
74 44 100
74 44 100
74 44 100
75 44 100
75 44 100
75 44 100
75 44 100
76 44 100
76 44 100
76 44 100
76 44 100
77 44 100
77 44 100
77 44 100
78 44 100
78 44 100
78 44 100
79 44 100
79 44 100
79 44 100
80 44 100
80 44 100
80 44 100
81 44 100
81 44 100
81 44 100
82 44 100
82 44 100
82 44 100
83 44 100
83 44 100
83 44 100
84 44 100
84 44 100
85 44 100
85 44 100
86 44 100
87 44 100
88 44 100
89 44 100
90 44 100
91 44 100
# move from (115,61) to (92,32)
115 61 100
115 61 100
114 61 100
113 61 100
112 61 100
111 61 100
110 61 100
109 61 100
108 61 100
107 61 100
106 61 100
105 61 100
104 61 100
103 61 100
102 61 100
101 61 100
100 61 100
99 61 100
98 61 100
97 61 100
96 61 100
95 61 100
94 61 100
93 61 100
# move from (161,180) to (92,32)
161 180 100
160 180 100
159 180 100
158 180 100
157 180 100
156 180 100
155 180 100
154 180 100
153 180 100
152 180 100
151 180 100
150 180 100
149 180 100
148 180 100
147 180 100
146 180 100
145 180 100
144 180 100
143 180 100
142 180 100
141 180 100
140 180 100
139 180 100
138 180 100
137 180 100
136 180 100
135 180 100
134 180 100
133 180 100
132 180 100
131 180 100
130 180 100
129 180 100
128 180 100
127 180 100
126 180 100
125 180 100
124 180 100
123 180 100
122 180 100
121 180 100
120 180 100
119 180 100
118 180 100
118 180 100
117 180 100
117 180 100
116 180 100
116 180 100
115 180 100
115 180 100
115 180 100
114 180 100
114 180 100
114 180 100
113 180 100
113 180 100
113 180 100
112 180 100
112 180 100
112 180 100
111 180 100
111 180 100
111 180 100
110 180 100
110 180 100
110 180 100
110 180 100
109 180 100
109 180 100
109 180 100
109 180 100
108 180 100
108 180 100
108 180 100
108 180 100
107 180 100
107 180 100
107 180 100
107 180 100
106 180 100
106 180 100
106 180 100
106 180 100
106 180 100
105 180 100
105 180 100
105 180 100
105 180 100
105 180 100
105 180 100
104 180 100
104 180 100
104 180 100
104 180 100
104 180 100
104 180 100
104 180 100
103 180 100
103 180 100
103 180 100
103 180 100
103 180 100
103 180 100
103 180 100
103 180 100
103 180 100
102 180 100
102 180 100
102 180 100
102 180 100
102 180 100
102 180 100
102 180 100
102 180 100
102 180 100
102 180 100
101 180 100
101 180 100
101 180 100
101 180 100
101 180 100
101 180 100
101 180 100
101 180 100
101 180 100
101 180 100
101 180 100
100 180 100
100 180 100
100 180 100
100 180 100
100 180 100
100 180 100
100 180 100
100 180 100
100 180 100
100 180 100
100 180 100
100 180 100
99 180 100
99 180 100
99 180 100
99 180 100
99 180 100
99 180 100
99 180 100
99 180 100
99 180 100
99 180 100
99 180 100
99 180 100
99 180 100
98 180 100
98 180 100
98 180 100
98 180 100
98 180 100
98 180 100
98 180 100
98 180 100
98 180 100
98 180 100
98 180 100
98 180 100
98 180 100
98 180 100
97 180 100
97 180 100
97 180 100
97 180 100
97 180 100
97 180 100
97 180 100
97 180 100
97 180 100
97 180 100
97 180 100
97 180 100
97 180 100
97 180 100
97 180 100
96 180 100
96 180 100
96 180 100
96 180 100
96 180 100
96 180 100
96 180 100
96 180 100
96 180 100
96 180 100
96 180 100
96 180 100
96 180 100
96 180 100
96 180 100
95 180 100
95 180 100
95 180 100
95 180 100
95 180 100
95 180 100
95 180 100
95 180 100
95 180 100
95 180 100
95 180 100
95 180 100
95 180 100
95 180 100
94 180 100
94 180 100
94 180 100
94 180 100
94 180 100
94 180 100
94 180 100
94 180 100
94 180 100
94 180 100
94 180 100
94 180 100
94 180 100
93 180 100
93 180 100
93 180 100
93 180 100
93 180 100
93 180 100
93 180 100
93 180 100
93 180 100
93 180 100
93 180 100
