# move from (160,82) to (140,50)
160 82 100
159 82 100
158 82 100
157 82 100
156 82 100
155 82 100
154 82 100
153 82 100
152 82 100
151 82 100
150 82 100
149 82 100
149 82 100
148 82 100
148 82 100
148 82 100
147 82 100
147 82 100
147 82 100
146 82 100
146 82 100
146 82 100
146 82 100
146 82 100
145 82 100
145 82 100
145 82 100
145 82 100
145 82 100
145 82 100
144 82 100
144 82 100
144 82 100
144 82 100
144 82 100
144 82 100
144 82 100
144 82 100
143 82 100
143 82 100
143 82 100
143 82 100
143 82 100
143 82 100
143 82 100
143 82 100
143 82 100
143 82 100
142 82 100
142 82 100
142 82 100
142 82 100
142 82 100
142 82 100
142 82 100
142 82 100
142 82 100
142 82 100
142 82 100
142 82 100
141 82 100
141 82 100
141 82 100
141 82 100
141 82 100
141 82 100
141 82 100
141 82 100
141 82 100
141 82 100
141 82 100
141 82 100
141 82 100
141 82 100
140 82 100
140 82 100
140 82 100
140 82 100
140 82 100
140 82 100
140 82 100
140 82 100
140 82 100
140 82 100
140 82 100
140 82 100
140 82 100
140 82 100
140 82 100
140 82 100
140 81 100
140 81 100
140 81 100
140 81 100
140 81 100
140 81 100
140 81 100
140 81 100
140 81 100
140 81 100
140 81 100
140 81 100
140 81 100
140 81 100
140 81 100
140 81 100
140 80 100
140 80 100
140 80 100
140 80 100
140 80 100
140 80 100
140 80 100
140 80 100
140 80 100
140 80 100
140 80 100
140 80 100
140 80 100
140 80 100
140 80 100
140 79 100
140 79 100
140 79 100
140 79 100
140 79 100
140 79 100
140 79 100
140 79 100
140 79 100
140 79 100
140 79 100
140 79 100
140 79 100
140 79 100
140 78 100
140 78 100
140 78 100
140 78 100
140 78 100
140 78 100
140 78 100
140 78 100
140 78 100
140 78 100
140 78 100
140 78 100
140 77 100
140 77 100
140 77 100
140 77 100
140 77 100
140 77 100
140 77 100
140 77 100
140 77 100
140 77 100
140 76 100
140 76 100
140 76 100
140 76 100
140 76 100
140 76 100
140 76 100
140 76 100
140 75 100
140 75 100
140 75 100
140 75 100
140 75 100
140 75 100
140 75 100
140 74 100
140 74 100
140 74 100
140 74 100
140 74 100
140 73 100
140 73 100
140 73 100
140 73 100
140 72 100
140 72 100
140 72 100
140 71 100
140 71 100
140 70 100
140 70 100
140 69 100
140 68 100
140 67 100
140 66 100
140 65 100
140 64 100
140 63 100
140 62 100
140 61 100
140 60 100
140 59 100
140 58 100
140 57 100
140 56 100
140 55 100
140 54 100
140 53 100
140 52 100
140 51 100
140 50 100
# move from (89,49) to (140,50)
89 49 100
90 49 100
91 49 100
92 49 100
93 49 100
94 49 100
95 49 100
96 49 100
97 49 100
98 49 100
99 49 100
100 49 100
101 49 100
102 49 100
103 49 100
104 49 100
105 49 100
106 49 100
107 49 100
108 49 100
109 49 100
110 49 100
111 49 100
112 49 100
113 49 100
114 49 100
115 49 100
116 49 100
117 49 100
118 49 100
119 49 100
120 49 100
121 49 100
122 49 100
123 49 100
124 49 100
125 49 100
126 49 100
127 49 100
128 49 100
129 49 100
130 49 100
131 49 100
132 49 100
133 49 100
134 49 100
135 49 100
136 49 100
137 49 100
138 49 100
139 49 100
140 49 100
# move from (3,113) to (140,50)
3 113 100
4 113 100
5 113 100
6 113 100
7 113 100
8 113 100
9 113 100
10 113 100
11 113 100
12 113 100
13 113 100
14 113 100
15 113 100
16 113 100
17 113 100
18 113 100
19 113 100
20 113 100
21 113 100
22 113 100
23 113 100
23 113 100
24 113 100
24 113 100
24 113 100
25 113 100
25 113 100
25 113 100
25 113 100
26 113 100
26 113 100
26 113 100
26 113 100
26 113 100
27 113 100
27 113 100
27 113 100
27 113 100
27 113 100
27 113 100
27 113 100
27 113 100
28 113 100
28 113 100
28 113 100
28 113 100
28 113 100
28 113 100
28 113 100
28 113 100
28 113 100
28 113 100
28 113 100
29 113 100
29 113 100
29 113 100
29 113 100
29 113 100
29 113 100
29 113 100
29 113 100
29 113 100
29 113 100
29 113 100
29 113 100
29 113 100
29 113 100
29 113 100
30 113 100
30 113 100
30 113 100
30 113 100
30 113 100
30 113 100
30 113 100
30 113 100
30 113 100
30 113 100
30 113 100
30 113 100
30 113 100
30 113 100
30 113 100
30 113 100
30 113 100
30 113 100
30 113 100
31 113 100
31 113 100
31 113 100
31 113 100
31 113 100
31 113 100
31 113 100
31 113 100
31 113 100
31 113 100
31 113 100
31 113 100
31 113 100
31 113 100
31 113 100
31 113 100
31 113 100
31 113 100
31 113 100
31 113 100
31 113 100
31 113 100
32 113 100
32 113 100
32 113 100
32 113 100
32 113 100
32 113 100
32 113 100
32 113 100
32 113 100
32 113 100
32 113 100
32 113 100
32 113 100
32 113 100
32 113 100
32 113 100
32 113 100
32 113 100
32 113 100
32 113 100
32 113 100
32 113 100
32 113 100
32 113 100
32 113 100
32 113 100
33 113 100
33 113 100
33 113 100
33 113 100
33 113 100
33 113 100
33 113 100
33 113 100
33 113 100
33 113 100
33 113 100
33 113 100
33 113 100
33 113 100
33 113 100
33 113 100
33 113 100
33 113 100
33 113 100
33 113 100
33 113 100
33 113 100
33 113 100
33 113 100
33 113 100
33 113 100
33 113 100
33 113 100
34 113 100
34 113 100
34 113 100
34 113 100
34 113 100
34 113 100
34 113 100
34 113 100
34 113 100
34 113 100
34 113 100
34 113 100
34 113 100
34 113 100
34 113 100
34 113 100
34 113 100
34 113 100
34 113 100
34 113 100
34 113 100
34 113 100
34 113 100
34 113 100
34 113 100
34 113 100
34 113 100
34 113 100
34 113 100
34 113 100
35 113 100
35 113 100
35 113 100
35 113 100
35 113 100
35 113 100
35 113 100
35 113 100
35 113 100
35 113 100
35 113 100
35 113 100
35 113 100
35 113 100
35 113 100
35 113 100
35 113 100
35 113 100
35 113 100
35 113 100
35 113 100
35 113 100
35 113 100
35 113 100
35 113 100
35 113 100
35 113 100
35 113 100
35 113 100
35 113 100
36 113 100
36 113 100
36 113 100
36 113 100
36 113 100
36 113 100
36 113 100
36 113 100
36 113 100
36 113 100
36 113 100
36 113 100
36 113 100
36 113 100
36 113 100
36 113 100
36 113 100
36 113 100
36 113 100
36 113 100
36 113 100
36 113 100
36 113 100
36 113 100
36 113 100
36 113 100
36 113 100
36 113 100
36 113 100
36 113 100
37 113 100
37 113 100
37 113 100
37 113 100
37 113 100
37 113 100
37 113 100
37 113 100
37 113 100
37 113 100
37 113 100
37 113 100
37 113 100
37 113 100
37 113 100
37 113 100
37 113 100
37 113 100
37 113 100
37 113 100
37 113 100
37 113 100
37 113 100
37 113 100
37 113 100
37 113 100
37 113 100
37 113 100
38 113 100
38 113 100
38 113 100
38 113 100
38 113 100
38 113 100
38 113 100
38 113 100
38 113 100
38 113 100
38 113 100
38 113 100
38 113 100
38 113 100
38 113 100
38 113 100
38 113 100
38 113 100
38 113 100
38 113 100
38 113 100
38 113 100
38 113 100
38 113 100
38 113 100
38 113 100
38 113 100
39 113 100
39 113 100
39 113 100
39 113 100
39 113 100
39 113 100
39 113 100
39 113 100
39 113 100
39 113 100
39 113 100
39 113 100
39 113 100
39 113 100
39 113 100
39 113 100
39 113 100
39 113 100
39 113 100
39 113 100
39 113 100
39 113 100
39 113 100
39 113 100
39 113 100
40 113 100
40 113 100
40 113 100
40 113 100
40 113 100
40 113 100
40 113 100
40 113 100
40 113 100
40 113 100
40 113 100
40 113 100
40 113 100
40 113 100
40 113 100
40 113 100
40 113 100
40 113 100
40 113 100
40 113 100
40 113 100
40 113 100
40 113 100
41 113 100
41 113 100
41 113 100
41 113 100
41 113 100
41 113 100
41 113 100
41 113 100
41 113 100
41 113 100
41 113 100
41 113 100
41 113 100
41 113 100
41 113 100
41 113 100
41 113 100
41 113 100
41 113 100
41 113 100
41 113 100
41 113 100
42 113 100
42 113 100
42 113 100
42 113 100
42 113 100
42 113 100
42 113 100
42 113 100
42 113 100
42 113 100
42 113 100
42 113 100
42 113 100
42 113 100
42 113 100
42 113 100
42 113 100
42 113 100
42 113 100
42 113 100
42 113 100
43 113 100
43 113 100
43 113 100
43 113 100
43 113 100
43 113 100
43 113 100
43 113 100
43 113 100
43 113 100
43 113 100
43 113 100
43 113 100
43 113 100
43 113 100
43 113 100
43 113 100
43 113 100
43 113 100
43 113 100
44 113 100
44 113 100
44 113 100
44 113 100
44 113 100
44 113 100
44 113 100
44 113 100
44 113 100
44 113 100
44 113 100
44 113 100
44 113 100
44 113 100
44 113 100
44 113 100
44 113 100
44 113 100
44 113 100
44 113 100
45 113 100
45 113 100
45 113 100
45 113 100
45 113 100
45 113 100
45 113 100
45 113 100
45 113 100
45 113 100
45 113 100
45 113 100
45 113 100
45 113 100
45 113 100
45 113 100
45 113 100
45 113 100
45 113 100
45 113 100
46 113 100
46 113 100
46 113 100
46 113 100
46 113 100
46 113 100
46 113 100
46 113 100
46 113 100
46 113 100
46 113 100
46 113 100
46 113 100
46 113 100
46 113 100
46 113 100
46 113 100
46 113 100
46 113 100
47 113 100
47 113 100
47 113 100
47 113 100
47 113 100
47 113 100
47 113 100
47 113 100
47 113 100
47 113 100
47 113 100
47 113 100
47 113 100
47 113 100
47 113 100
47 113 100
47 113 100
47 113 100
47 113 100
48 113 100
48 113 100
48 113 100
48 113 100
48 113 100
48 113 100
48 113 100
48 113 100
48 113 100
48 113 100
48 113 100
48 113 100
48 113 100
48 113 100
48 113 100
48 113 100
48 113 100
48 113 100
48 113 100
49 113 100
49 113 100
49 113 100
49 113 100
49 113 100
49 113 100
49 113 100
49 113 100
49 113 100
49 113 100
49 113 100
49 113 100
49 113 100
49 113 100
49 113 100
49 113 100
49 113 100
49 113 100
49 113 100
50 113 100
50 113 100
50 113 100
50 113 100
50 113 100
50 113 100
50 113 100
50 113 100
50 113 100
50 113 100
50 113 100
50 113 100
50 113 100
50 113 100
50 113 100
50 113 100
50 113 100
50 113 100
51 113 100
51 113 100
51 113 100
51 113 100
51 113 100
51 113 100
51 113 100
51 113 100
51 113 100
51 113 100
51 113 100
51 113 100
51 113 100
51 113 100
51 113 100
51 113 100
51 113 100
52 113 100
52 113 100
52 113 100
52 113 100
52 113 100
52 113 100
52 113 100
52 113 100
52 113 100
52 113 100
52 113 100
52 113 100
52 113 100
52 113 100
52 113 100
52 113 100
53 113 100
53 113 100
53 113 100
53 113 100
53 113 100
53 113 100
53 113 100
53 113 100
53 113 100
53 113 100
53 113 100
53 113 100
53 113 100
53 113 100
54 113 100
54 113 100
54 113 100
54 113 100
54 113 100
54 113 100
54 113 100
54 113 100
54 113 100
54 113 100
54 113 100
54 113 100
54 113 100
55 113 100
55 113 100
55 113 100
55 113 100
55 113 100
55 113 100
55 113 100
55 113 100
55 113 100
55 113 100
55 113 100
56 113 100
56 113 100
56 113 100
56 113 100
56 113 100
56 113 100
56 113 100
56 113 100
56 113 100
57 113 100
57 113 100
57 113 100
57 113 100
57 113 100
57 113 100
57 113 100
57 113 100
58 113 100
58 113 100
58 113 100
58 113 100
58 113 100
58 113 100
58 113 100
59 113 100
59 113 100
59 113 100
59 113 100
59 113 100
59 113 100
60 113 100
60 113 100
60 113 100
60 113 100
60 113 100
60 113 100
61 113 100
61 113 100
61 113 100
61 113 100
61 113 100
61 113 100
62 113 100
62 113 100
62 113 100
62 113 100
62 113 100
62 113 100
63 113 100
63 113 100
63 113 100
63 113 100
63 113 100
63 113 100
63 113 100
64 113 100
64 113 100
64 113 100
64 113 100
64 113 100
64 113 100
64 113 100
64 113 100
65 113 100
65 113 100
65 113 100
65 113 100
65 113 100
65 113 100
65 113 100
65 113 100
65 113 100
66 113 100
66 113 100
66 113 100
66 113 100
66 113 100
66 113 100
66 113 100
66 113 100
66 113 100
66 113 100
67 113 100
67 113 100
67 113 100
67 113 100
67 113 100
67 113 100
67 113 100
67 113 100
67 113 100
67 113 100
67 113 100
67 113 100
68 113 100
68 113 100
68 113 100
68 113 100
68 113 100
68 113 100
68 113 100
68 113 100
68 113 100
68 113 100
68 113 100
68 113 100
68 113 100
68 113 100
69 113 100
69 113 100
69 113 100
69 113 100
69 113 100
69 113 100
69 113 100
69 113 100
69 113 100
69 113 100
69 113 100
69 113 100
69 113 100
69 113 100
69 113 100
69 113 100
70 113 100
70 113 100
70 113 100
70 113 100
70 113 100
70 113 100
70 113 100
70 113 100
70 113 100
70 113 100
70 113 100
70 113 100
70 113 100
70 113 100
70 113 100
70 113 100
70 113 100
71 113 100
71 113 100
71 113 100
71 113 100
71 113 100
71 113 100
71 113 100
71 113 100
71 113 100
71 113 100
71 113 100
71 113 100
71 113 100
71 113 100
71 113 100
71 113 100
71 113 100
71 113 100
72 113 100
72 113 100
72 113 100
72 113 100
72 113 100
72 113 100
72 113 100
72 113 100
72 113 100
72 113 100
72 113 100
72 113 100
72 113 100
72 113 100
72 113 100
72 113 100
72 113 100
72 113 100
73 113 100
73 113 100
73 113 100
73 113 100
73 113 100
73 113 100
73 113 100
73 113 100
73 113 100
73 113 100
73 113 100
73 113 100
73 113 100
73 113 100
73 113 100
73 113 100
73 113 100
73 113 100
73 113 100
74 113 100
74 113 100
74 113 100
74 113 100
74 113 100
74 113 100
74 113 100
74 113 100
74 113 100
74 113 100
74 113 100
74 113 100
74 113 100
74 113 100
74 113 100
74 113 100
74 113 100
74 113 100
74 113 100
75 113 100
75 113 100
75 113 100
75 113 100
75 113 100
75 113 100
75 113 100
75 113 100
75 113 100
75 113 100
75 113 100
75 113 100
75 113 100
75 113 100
75 113 100
75 113 100
75 113 100
75 113 100
75 113 100
76 113 100
76 113 100
76 113 100
76 113 100
76 113 100
76 113 100
76 113 100
76 113 100
76 113 100
76 113 100
76 113 100
76 113 100
76 113 100
76 113 100
76 113 100
76 113 100
76 113 100
76 113 100
77 113 100
77 113 100
77 113 100
77 113 100
77 113 100
77 113 100
77 113 100
77 113 100
77 113 100
77 113 100
77 113 100
77 113 100
77 113 100
77 113 100
77 113 100
77 113 100
77 113 100
77 113 100
78 113 100
78 113 100
78 113 100
78 113 100
78 113 100
78 113 100
78 113 100
78 113 100
78 113 100
78 113 100
78 113 100
78 113 100
78 113 100
78 113 100
78 113 100
78 113 100
78 113 100
78 113 100
79 113 100
79 113 100
79 113 100
79 113 100
79 113 100
79 113 100
79 113 100
79 113 100
79 113 100
79 113 100
79 113 100
79 113 100
79 113 100
79 113 100
79 113 100
79 113 100
79 113 100
79 113 100
80 113 100
80 113 100
80 113 100
80 113 100
80 113 100
80 113 100
80 113 100
80 113 100
80 113 100
80 113 100
80 113 100
80 113 100
80 113 100
80 113 100
80 113 100
80 113 100
80 113 100
80 113 100
80 113 100
81 113 100
81 113 100
81 113 100
81 113 100
81 113 100
81 113 100
81 113 100
81 113 100
81 113 100
81 113 100
81 113 100
81 113 100
81 113 100
81 113 100
81 113 100
81 113 100
81 113 100
81 113 100
81 113 100
81 113 100
82 113 100
82 113 100
82 113 100
82 113 100
82 113 100
82 113 100
82 113 100
82 113 100
82 113 100
82 113 100
82 113 100
82 113 100
82 113 100
82 113 100
82 113 100
82 113 100
82 113 100
82 113 100
82 113 100
82 113 100
82 113 100
82 113 100
83 113 100
83 113 100
83 113 100
83 113 100
83 113 100
83 113 100
83 113 100
83 113 100
83 113 100
83 113 100
83 113 100
83 113 100
83 113 100
83 113 100
83 113 100
83 113 100
83 113 100
83 113 100
83 113 100
83 113 100
83 113 100
83 113 100
83 113 100
83 113 100
84 113 100
84 113 100
84 113 100
84 113 100
84 113 100
84 113 100
84 113 100
84 113 100
84 113 100
84 113 100
84 113 100
84 113 100
84 113 100
84 113 100
84 113 100
84 113 100
84 113 100
84 113 100
84 113 100
84 113 100
84 113 100
84 113 100
84 113 100
84 113 100
84 113 100
84 113 100
85 113 100
85 113 100
85 113 100
85 113 100
85 113 100
85 113 100
85 113 100
85 113 100
85 113 100
85 113 100
85 113 100
85 113 100
85 113 100
85 113 100
85 113 100
85 113 100
85 113 100
85 113 100
85 113 100
85 113 100
85 113 100
85 113 100
85 113 100
85 113 100
85 113 100
85 113 100
85 113 100
86 113 100
86 113 100
86 113 100
86 113 100
86 113 100
86 113 100
86 113 100
86 113 100
86 113 100
86 113 100
86 113 100
86 113 100
86 113 100
86 113 100
86 113 100
86 113 100
86 113 100
86 113 100
86 113 100
86 113 100
86 113 100
86 113 100
86 113 100
86 113 100
86 113 100
86 113 100
86 113 100
86 113 100
86 113 100
87 113 100
87 113 100
87 113 100
87 113 100
87 113 100
87 113 100
87 113 100
87 113 100
87 113 100
87 113 100
87 113 100
87 113 100
87 113 100
87 113 100
87 113 100
87 113 100
87 113 100
87 113 100
87 113 100
87 113 100
87 113 100
87 113 100
87 113 100
87 113 100
87 113 100
87 113 100
87 113 100
87 113 100
87 113 100
88 113 100
88 113 100
88 113 100
88 113 100
88 113 100
88 113 100
88 113 100
88 113 100
88 113 100
88 113 100
88 113 100
88 113 100
88 113 100
88 113 100
88 113 100
88 113 100
88 113 100
88 113 100
88 113 100
88 113 100
88 113 100
88 113 100
88 113 100
88 113 100
88 113 100
88 113 100
88 113 100
88 113 100
88 113 100
88 113 100
89 113 100
89 113 100
89 113 100
89 113 100
89 113 100
89 113 100
89 113 100
89 113 100
89 113 100
89 113 100
89 113 100
89 113 100
89 113 100
89 113 100
89 113 100
89 113 100
89 113 100
89 113 100
89 113 100
89 113 100
89 113 100
89 113 100
89 113 100
89 113 100
89 113 100
89 113 100
89 113 100
89 113 100
89 113 100
89 113 100
90 113 100
90 113 100
90 113 100
90 113 100
90 113 100
90 113 100
90 113 100
90 113 100
90 113 100
90 113 100
90 113 100
90 113 100
90 113 100
90 113 100
90 113 100
90 113 100
90 113 100
90 113 100
90 113 100
90 113 100
90 113 100
90 113 100
90 113 100
90 113 100
90 113 100
90 113 100
90 113 100
90 113 100
90 113 100
91 113 100
91 113 100
91 113 100
91 113 100
91 113 100
91 113 100
91 113 100
91 113 100
91 113 100
91 113 100
91 113 100
91 113 100
91 113 100
91 113 100
91 113 100
91 113 100
91 113 100
91 113 100
91 113 100
91 113 100
91 113 100
91 113 100
91 113 100
91 113 100
91 113 100
91 113 100
91 113 100
92 113 100
92 113 100
92 113 100
92 113 100
92 113 100
92 113 100
92 113 100
92 113 100
92 113 100
92 113 100
92 113 100
92 113 100
92 113 100
92 113 100
92 113 100
92 113 100
92 113 100
92 113 100
92 113 100
92 113 100
92 113 100
92 113 100
92 113 100
92 113 100
92 113 100
93 113 100
93 113 100
93 113 100
93 113 100
93 113 100
93 113 100
93 113 100
93 113 100
93 113 100
93 113 100
93 113 100
93 113 100
93 113 100
93 113 100
93 113 100
93 113 100
93 113 100
93 113 100
93 113 100
93 113 100
93 113 100
93 113 100
94 113 100
94 113 100
94 113 100
94 113 100
94 113 100
94 113 100
94 113 100
94 113 100
94 113 100
94 113 100
94 113 100
94 113 100
94 113 100
94 113 100
94 113 100
94 113 100
94 113 100
94 113 100
94 113 100
94 113 100
95 113 100
95 113 100
95 113 100
95 113 100
95 113 100
95 113 100
95 113 100
95 113 100
95 113 100
95 113 100
95 113 100
95 113 100
95 113 100
95 113 100
95 113 100
95 113 100
95 113 100
96 113 100
96 113 100
96 113 100
96 113 100
96 113 100
96 113 100
96 113 100
96 113 100
96 113 100
96 113 100
96 113 100
96 113 100
96 113 100
96 113 100
97 113 100
97 113 100
97 113 100
97 113 100
97 113 100
97 113 100
97 113 100
97 113 100
97 113 100
97 113 100
97 113 100
97 113 100
98 113 100
98 113 100
98 113 100
98 113 100
98 113 100
98 113 100
98 113 100
98 113 100
98 113 100
98 113 100
98 113 100
99 113 100
99 113 100
99 113 100
99 113 100
99 113 100
99 113 100
99 113 100
99 113 100
99 113 100
99 113 100
100 113 100
100 113 100
100 113 100
100 113 100
100 113 100
100 113 100
100 113 100
100 113 100
100 113 100
101 113 100
101 113 100
101 113 100
101 113 100
101 113 100
101 113 100
101 113 100
101 113 100
102 113 100
102 113 100
102 113 100
102 113 100
102 113 100
102 113 100
102 113 100
102 113 100
103 113 100
103 113 100
103 113 100
103 113 100
103 113 100
103 113 100
103 113 100
104 113 100
104 113 100
104 113 100
104 113 100
104 113 100
104 113 100
104 113 100
105 113 100
105 113 100
105 113 100
105 113 100
105 113 100
105 113 100
106 113 100
106 113 100
106 113 100
106 113 100
106 113 100
106 113 100
107 113 100
107 113 100
107 113 100
107 113 100
107 113 100
108 113 100
108 113 100
108 113 100
108 113 100
109 113 100
109 113 100
109 113 100
110 113 100
110 113 100
111 113 100
111 113 100
112 113 100
113 113 100
114 113 100
115 113 100
116 113 100
117 113 100
118 113 100
119 113 100
120 113 100
121 113 100
122 113 100
123 113 100
124 113 100
125 113 100
126 113 100
127 113 100
128 113 100
129 113 100
130 113 100
131 113 100
132 113 100
133 113 100
134 113 100
135 113 100
136 113 100
137 113 100
138 113 100
139 113 100
140 113 100
140 112 100
140 111 100
140 110 100
140 109 100
140 108 100
140 107 100
140 106 100
140 105 100
140 104 100
140 103 100
140 103 100
140 102 100
140 102 100
140 101 100
140 101 100
140 100 100
140 100 100
140 99 100
140 99 100
140 98 100
140 98 100
140 98 100
140 97 100
140 97 100
140 97 100
140 96 100
140 96 100
140 96 100
140 95 100
140 95 100
140 95 100
140 95 100
140 94 100
140 94 100
140 94 100
140 94 100
140 93 100
140 93 100
140 93 100
140 93 100
140 93 100
140 92 100
140 92 100
140 92 100
140 92 100
140 92 100
140 92 100
140 91 100
140 91 100
140 91 100
140 91 100
140 91 100
140 91 100
140 91 100
140 91 100
140 90 100
140 90 100
140 90 100
140 90 100
140 90 100
140 90 100
140 90 100
140 90 100
140 90 100
140 89 100
140 89 100
140 89 100
140 89 100
140 89 100
140 89 100
140 89 100
140 89 100
140 89 100
140 89 100
140 89 100
140 88 100
140 88 100
140 88 100
140 88 100
140 88 100
140 88 100
140 88 100
140 88 100
140 88 100
140 88 100
140 88 100
140 88 100
140 88 100
140 87 100
140 87 100
140 87 100
140 87 100
140 87 100
140 87 100
140 87 100
140 87 100
140 87 100
140 87 100
140 87 100
140 87 100
140 87 100
140 87 100
140 86 100
140 86 100
140 86 100
140 86 100
140 86 100
140 86 100
140 86 100
140 86 100
140 86 100
140 86 100
140 86 100
140 86 100
140 86 100
140 86 100
140 86 100
140 85 100
140 85 100
140 85 100
140 85 100
140 85 100
140 85 100
140 85 100
140 85 100
140 85 100
140 85 100
140 85 100
140 85 100
140 85 100
140 85 100
140 85 100
140 84 100
140 84 100
140 84 100
140 84 100
140 84 100
140 84 100
140 84 100
140 84 100
140 84 100
140 84 100
140 84 100
140 84 100
140 84 100
140 84 100
140 84 100
140 84 100
140 83 100
140 83 100
140 83 100
140 83 100
140 83 100
140 83 100
140 83 100
140 83 100
140 83 100
140 83 100
140 83 100
140 83 100
140 83 100
140 83 100
140 83 100
140 83 100
# move from (25,8) to (140,50)
25 8 100
26 8 100
27 8 100
28 8 100
29 8 100
30 8 100
31 8 100
32 8 100
33 8 100
34 8 100
35 8 100
36 8 100
37 8 100
38 8 100
39 8 100
40 8 100
41 8 100
42 8 100
43 8 100
44 8 100
45 8 100
46 8 100
47 8 100
48 8 100
49 8 100
50 8 100
50 8 100
51 8 100
51 8 100
52 8 100
52 8 100
52 8 100
53 8 100
53 8 100
53 8 100
54 8 100
54 8 100
54 8 100
55 8 100
55 8 100
55 8 100
55 8 100
56 8 100
56 8 100
56 8 100
56 8 100
57 8 100
57 8 100
57 8 100
57 8 100
58 8 100
58 8 100
58 8 100
58 8 100
58 8 100
59 8 100
59 8 100
59 8 100
59 8 100
59 8 100
60 8 100
60 8 100
60 8 100
60 8 100
60 8 100
61 8 100
61 8 100
61 8 100
61 8 100
61 8 100
61 8 100
62 8 100
62 8 100
62 8 100
62 8 100
62 8 100
62 8 100
63 8 100
63 8 100
63 8 100
63 8 100
63 8 100
63 8 100
64 8 100
64 8 100
64 8 100
64 8 100
64 8 100
65 8 100
65 8 100
65 8 100
65 8 100
65 8 100
66 8 100
66 8 100
66 8 100
66 8 100
66 8 100
67 8 100
67 8 100
67 8 100
67 8 100
68 8 100
68 8 100
68 8 100
68 8 100
69 8 100
69 8 100
69 8 100
70 8 100
70 8 100
70 8 100
71 8 100
71 8 100
71 8 100
72 8 100
72 8 100
72 8 100
73 8 100
73 8 100
73 8 100
74 8 100
74 8 100
74 8 100
75 8 100
75 8 100
76 8 100
76 8 100
77 8 100
77 8 100
78 8 100
78 8 100
79 8 100
79 8 100
79 8 100
80 8 100
80 8 100
80 8 100
81 8 100
81 8 100
81 8 100
82 8 100
82 8 100
82 8 100
83 8 100
83 8 100
83 8 100
84 8 100
84 8 100
84 8 100
85 8 100
85 8 100
85 8 100
86 8 100
86 8 100
86 8 100
87 8 100
87 8 100
87 8 100
88 8 100
88 8 100
88 8 100
89 8 100
89 8 100
89 8 100
90 8 100
90 8 100
90 8 100
91 8 100
91 8 100
91 8 100
92 8 100
92 8 100
92 8 100
93 8 100
93 8 100
93 8 100
94 8 100
94 8 100
94 8 100
94 8 100
95 8 100
95 8 100
95 8 100
95 8 100
96 8 100
96 8 100
96 8 100
96 8 100
96 8 100
97 8 100
97 8 100
97 8 100
97 8 100
97 8 100
97 8 100
98 8 100
98 8 100
98 8 100
98 8 100
98 8 100
98 8 100
98 8 100
99 8 100
99 8 100
99 8 100
99 8 100
99 8 100
99 8 100
99 8 100
99 8 100
100 8 100
100 8 100
100 8 100
100 8 100
100 8 100
100 8 100
100 8 100
100 8 100
100 8 100
101 8 100
101 8 100
101 8 100
101 8 100
101 8 100
101 8 100
101 8 100
101 8 100
101 8 100
101 8 100
101 8 100
102 8 100
102 8 100
102 8 100
102 8 100
102 8 100
102 8 100
102 8 100
102 8 100
102 8 100
102 8 100
102 8 100
102 8 100
103 8 100
103 8 100
103 8 100
103 8 100
103 8 100
103 8 100
103 8 100
103 8 100
103 8 100
103 8 100
103 8 100
103 8 100
103 8 100
103 8 100
104 8 100
104 8 100
104 8 100
104 8 100
104 8 100
104 8 100
104 8 100
104 8 100
104 8 100
104 8 100
104 8 100
104 8 100
104 8 100
104 8 100
105 8 100
105 8 100
105 8 100
105 8 100
105 8 100
105 8 100
105 8 100
105 8 100
105 8 100
105 8 100
105 8 100
105 8 100
105 8 100
105 8 100
105 8 100
106 8 100
106 8 100
106 8 100
106 8 100
106 8 100
106 8 100
106 8 100
106 8 100
106 8 100
106 8 100
106 8 100
106 8 100
106 8 100
106 8 100
107 8 100
107 8 100
107 8 100
107 8 100
107 8 100
107 8 100
107 8 100
107 8 100
107 8 100
107 8 100
107 8 100
107 8 100
107 8 100
108 8 100
108 8 100
108 8 100
108 8 100
108 8 100
108 8 100
108 8 100
108 8 100
108 8 100
108 8 100
108 8 100
108 8 100
109 8 100
109 8 100
109 8 100
109 8 100
109 8 100
109 8 100
109 8 100
109 8 100
109 8 100
109 8 100
109 8 100
110 8 100
110 8 100
110 8 100
110 8 100
110 8 100
110 8 100
110 8 100
110 8 100
110 8 100
110 8 100
111 8 100
111 8 100
111 8 100
111 8 100
111 8 100
111 8 100
111 8 100
111 8 100
111 8 100
111 8 100
112 8 100
112 8 100
112 8 100
112 8 100
112 8 100
112 8 100
112 8 100
112 8 100
112 8 100
112 8 100
113 8 100
113 8 100
113 8 100
113 8 100
113 8 100
113 8 100
113 8 100
113 8 100
113 8 100
113 8 100
113 8 100
114 8 100
114 8 100
114 8 100
114 8 100
114 8 100
114 8 100
114 8 100
114 8 100
114 8 100
114 8 100
114 8 100
114 8 100
115 8 100
115 8 100
115 8 100
115 8 100
115 8 100
115 8 100
115 8 100
115 8 100
115 8 100
115 8 100
115 8 100
115 8 100
115 8 100
116 8 100
116 8 100
116 8 100
116 8 100
116 8 100
116 8 100
116 8 100
116 8 100
116 8 100
116 8 100
116 8 100
116 8 100
116 8 100
116 8 100
117 8 100
117 8 100
117 8 100
117 8 100
117 8 100
117 8 100
117 8 100
117 8 100
117 8 100
117 8 100
117 8 100
117 8 100
117 8 100
117 8 100
117 8 100
117 8 100
118 8 100
118 8 100
118 8 100
118 8 100
118 8 100
118 8 100
118 8 100
118 8 100
118 8 100
118 8 100
118 8 100
118 8 100
118 8 100
118 8 100
118 8 100
118 8 100
118 8 100
119 8 100
119 8 100
119 8 100
119 8 100
119 8 100
119 8 100
119 8 100
119 8 100
119 8 100
119 8 100
119 8 100
119 8 100
119 8 100
119 8 100
119 8 100
119 8 100
119 8 100
119 8 100
120 8 100
120 8 100
120 8 100
120 8 100
120 8 100
120 8 100
120 8 100
120 8 100
120 8 100
120 8 100
120 8 100
120 8 100
120 8 100
120 8 100
120 8 100
120 8 100
120 8 100
120 8 100
120 8 100
121 8 100
121 8 100
121 8 100
121 8 100
121 8 100
121 8 100
121 8 100
121 8 100
121 8 100
121 8 100
121 8 100
121 8 100
121 8 100
121 8 100
121 8 100
121 8 100
121 8 100
121 8 100
121 8 100
122 8 100
122 8 100
122 8 100
122 8 100
122 8 100
122 8 100
122 8 100
122 8 100
122 8 100
122 8 100
122 8 100
122 8 100
122 8 100
122 8 100
122 8 100
122 8 100
122 8 100
122 8 100
122 8 100
123 8 100
123 8 100
123 8 100
123 8 100
123 8 100
123 8 100
123 8 100
123 8 100
123 8 100
123 8 100
123 8 100
123 8 100
123 8 100
123 8 100
123 8 100
123 8 100
123 8 100
123 8 100
124 8 100
124 8 100
124 8 100
124 8 100
124 8 100
124 8 100
124 8 100
124 8 100
124 8 100
124 8 100
124 8 100
124 8 100
124 8 100
124 8 100
124 8 100
124 8 100
124 8 100
125 8 100
125 8 100
125 8 100
125 8 100
125 8 100
125 8 100
125 8 100
125 8 100
125 8 100
125 8 100
125 8 100
125 8 100
125 8 100
125 8 100
125 8 100
125 8 100
126 8 100
126 8 100
126 8 100
126 8 100
126 8 100
126 8 100
126 8 100
126 8 100
126 8 100
126 8 100
126 8 100
126 8 100
126 8 100
126 8 100
126 8 100
127 8 100
127 8 100
127 8 100
127 8 100
127 8 100
127 8 100
127 8 100
127 8 100
127 8 100
127 8 100
127 8 100
127 8 100
127 8 100
128 8 100
128 8 100
128 8 100
128 8 100
128 8 100
128 8 100
128 8 100
128 8 100
128 8 100
128 8 100
128 8 100
128 8 100
129 8 100
129 8 100
129 8 100
129 8 100
129 8 100
129 8 100
129 8 100
129 8 100
129 8 100
129 8 100
129 8 100
129 8 100
130 8 100
130 8 100
130 8 100
130 8 100
130 8 100
130 8 100
130 8 100
130 8 100
130 8 100
130 8 100
130 8 100
131 8 100
131 8 100
131 8 100
131 8 100
131 8 100
131 8 100
131 8 100
131 8 100
131 8 100
131 8 100
131 8 100
132 8 100
132 8 100
132 8 100
132 8 100
132 8 100
132 8 100
132 8 100
132 8 100
132 8 100
132 8 100
133 8 100
133 8 100
133 8 100
133 8 100
133 8 100
133 8 100
133 8 100
133 8 100
133 8 100
133 8 100
134 8 100
134 8 100
134 8 100
134 8 100
134 8 100
134 8 100
134 8 100
134 8 100
134 8 100
134 8 100
135 8 100
135 8 100
135 8 100
135 8 100
135 8 100
135 8 100
135 8 100
135 8 100
135 8 100
135 8 100
136 8 100
136 8 100
136 8 100
136 8 100
136 8 100
136 8 100
136 8 100
136 8 100
136 8 100
136 8 100
137 8 100
137 8 100
137 8 100
137 8 100
137 8 100
137 8 100
137 8 100
137 8 100
137 8 100
137 8 100
138 8 100
138 8 100
138 8 100
138 8 100
138 8 100
138 8 100
138 8 100
138 8 100
138 8 100
139 8 100
139 8 100
139 8 100
139 8 100
139 8 100
139 8 100
139 8 100
139 8 100
139 8 100
140 8 100
140 8 100
140 8 100
140 8 100
140 8 100
140 8 100
140 8 100
140 8 100
140 9 100
140 9 100
140 9 100
140 9 100
140 9 100
140 9 100
140 9 100
140 9 100
140 9 100
140 10 100
140 10 100
140 10 100
140 10 100
140 10 100
140 10 100
140 10 100
140 10 100
140 10 100
140 11 100
140 11 100
140 11 100
140 11 100
140 11 100
140 11 100
140 11 100
140 11 100
140 11 100
140 11 100
140 12 100
140 12 100
140 12 100
140 12 100
140 12 100
140 12 100
140 12 100
140 12 100
140 12 100
140 12 100
140 12 100
140 13 100
140 13 100
140 13 100
140 13 100
140 13 100
140 13 100
140 13 100
140 13 100
140 13 100
140 13 100
140 13 100
140 13 100
140 13 100
140 14 100
140 14 100
140 14 100
140 14 100
140 14 100
140 14 100
140 14 100
140 14 100
140 14 100
140 14 100
140 14 100
140 14 100
140 14 100
140 14 100
140 15 100
140 15 100
140 15 100
140 15 100
140 15 100
140 15 100
140 15 100
140 15 100
140 15 100
140 15 100
140 15 100
140 15 100
140 15 100
140 15 100
140 15 100
140 16 100
140 16 100
140 16 100
140 16 100
140 16 100
140 16 100
140 16 100
140 16 100
140 16 100
140 16 100
140 16 100
140 16 100
140 16 100
140 16 100
140 16 100
140 16 100
140 16 100
140 17 100
140 17 100
140 17 100
140 17 100
140 17 100
140 17 100
140 17 100
140 17 100
140 17 100
140 17 100
140 17 100
140 17 100
140 17 100
140 17 100
140 17 100
140 17 100
140 17 100
140 17 100
140 18 100
140 18 100
140 18 100
140 18 100
140 18 100
140 18 100
140 18 100
140 18 100
140 18 100
140 18 100
140 18 100
140 18 100
140 18 100
140 18 100
140 18 100
140 18 100
140 18 100
140 18 100
140 19 100
140 19 100
140 19 100
140 19 100
140 19 100
140 19 100
140 19 100
140 19 100
140 19 100
140 19 100
140 19 100
140 19 100
140 19 100
140 19 100
140 19 100
140 19 100
140 19 100
140 20 100
140 20 100
140 20 100
140 20 100
140 20 100
140 20 100
140 20 100
140 20 100
140 20 100
140 20 100
140 20 100
140 20 100
140 20 100
140 20 100
140 20 100
140 20 100
140 21 100
140 21 100
140 21 100
140 21 100
140 21 100
140 21 100
140 21 100
140 21 100
140 21 100
140 21 100
140 21 100
140 21 100
140 21 100
140 21 100
140 21 100
140 22 100
140 22 100
140 22 100
140 22 100
140 22 100
140 22 100
140 22 100
140 22 100
140 22 100
140 22 100
140 22 100
140 22 100
140 22 100
140 23 100
140 23 100
140 23 100
140 23 100
140 23 100
140 23 100
140 23 100
140 23 100
140 23 100
140 23 100
140 23 100
140 24 100
140 24 100
140 24 100
140 24 100
140 24 100
140 24 100
140 24 100
140 24 100
140 24 100
140 25 100
140 25 100
140 25 100
140 25 100
140 25 100
140 25 100
140 25 100
140 25 100
140 26 100
140 26 100
140 26 100
140 26 100
140 26 100
140 26 100
140 27 100
140 27 100
140 27 100
140 27 100
140 27 100
140 27 100
140 28 100
140 28 100
140 28 100
140 28 100
140 28 100
140 29 100
140 29 100
140 29 100
140 29 100
140 29 100
140 30 100
140 30 100
140 30 100
140 30 100
140 31 100
140 31 100
140 31 100
140 31 100
140 32 100
140 32 100
140 32 100
140 32 100
140 33 100
140 33 100
140 33 100
140 34 100
140 34 100
140 34 100
140 35 100
140 35 100
140 35 100
140 36 100
140 36 100
140 37 100
140 37 100
140 38 100
140 39 100
140 40 100
140 41 100
140 42 100
140 43 100
140 44 100
140 45 100
140 46 100
140 47 100
140 48 100
# move from (116,170) to (140,50)
116 170 100
117 170 100
118 170 100
119 170 100
120 170 100
121 170 100
122 170 100
123 170 100
124 170 100
125 170 100
126 170 100
127 170 100
128 170 100
129 170 100
130 170 100
131 170 100
132 170 100
133 170 100
134 170 100
135 170 100
136 170 100
137 170 100
138 170 100
139 170 100
140 170 100
140 169 100
140 168 100
140 167 100
140 166 100
140 165 100
140 164 100
140 163 100
140 162 100
140 161 100
140 160 100
140 159 100
140 158 100
140 157 100
140 156 100
140 155 100
140 154 100
140 153 100
140 152 100
140 151 100
140 150 100
140 149 100
140 148 100
140 147 100
140 146 100
140 145 100
140 145 100
140 144 100
140 144 100
140 143 100
140 143 100
140 142 100
140 142 100
140 142 100
140 141 100
140 141 100
140 141 100
140 140 100
140 140 100
140 140 100
140 139 100
140 139 100
140 139 100
140 138 100
140 138 100
140 138 100
140 137 100
140 137 100
140 137 100
140 136 100
140 136 100
140 136 100
140 135 100
140 135 100
140 134 100
140 134 100
140 133 100
140 133 100
140 132 100
140 132 100
140 131 100
140 131 100
140 130 100
140 130 100
140 129 100
140 128 100
140 127 100
140 126 100
140 125 100
140 124 100
140 123 100
140 122 100
140 121 100
140 120 100
140 119 100
140 118 100
140 117 100
140 116 100
140 115 100
140 114 100
