# move from (138,56) to (1,162)
138 56 100
137 56 100
136 56 100
135 56 100
134 56 100
133 56 100
132 56 100
131 56 100
130 56 100
129 56 100
129 56 100
128 56 100
128 56 100
128 56 100
127 56 100
127 56 100
127 56 100
127 56 100
126 56 100
126 56 100
126 56 100
126 56 100
126 56 100
125 56 100
125 56 100
125 56 100
125 56 100
125 56 100
125 56 100
125 56 100
124 56 100
124 56 100
124 56 100
124 56 100
124 56 100
124 56 100
124 56 100
124 56 100
124 56 100
123 56 100
123 56 100
123 56 100
123 56 100
123 56 100
123 56 100
123 56 100
123 56 100
123 56 100
123 56 100
123 56 100
123 56 100
122 56 100
122 56 100
122 56 100
122 56 100
122 56 100
122 56 100
122 56 100
122 56 100
122 56 100
122 56 100
122 56 100
122 56 100
122 56 100
122 56 100
121 56 100
121 56 100
121 56 100
121 56 100
121 56 100
121 56 100
121 56 100
121 56 100
121 56 100
121 56 100
121 56 100
121 56 100
121 56 100
121 56 100
121 56 100
121 56 100
121 56 100
120 56 100
120 56 100
120 56 100
120 56 100
120 56 100
120 56 100
120 56 100
120 56 100
120 56 100
120 56 100
120 56 100
120 56 100
120 56 100
120 56 100
120 56 100
120 56 100
120 56 100
120 56 100
120 56 100
119 56 100
119 56 100
119 56 100
119 56 100
119 56 100
119 56 100
119 56 100
119 56 100
119 56 100
119 56 100
119 56 100
119 56 100
119 56 100
119 56 100
119 56 100
119 56 100
119 56 100
119 56 100
119 56 100
119 56 100
118 56 100
118 56 100
118 56 100
118 56 100
118 56 100
118 56 100
118 56 100
118 56 100
118 56 100
118 56 100
118 56 100
118 56 100
118 56 100
118 56 100
118 56 100
118 56 100
118 56 100
118 56 100
118 56 100
118 56 100
117 56 100
117 56 100
117 56 100
117 56 100
117 56 100
117 56 100
117 56 100
117 56 100
117 56 100
117 56 100
117 56 100
117 56 100
117 56 100
117 56 100
117 56 100
117 56 100
117 56 100
117 56 100
117 56 100
117 56 100
116 56 100
116 56 100
116 56 100
116 56 100
116 56 100
116 56 100
116 56 100
116 56 100
116 56 100
116 56 100
116 56 100
116 56 100
116 56 100
116 56 100
116 56 100
116 56 100
116 56 100
116 56 100
116 56 100
115 56 100
115 56 100
115 56 100
115 56 100
115 56 100
115 56 100
115 56 100
115 56 100
115 56 100
115 56 100
115 56 100
115 56 100
115 56 100
115 56 100
115 56 100
115 56 100
115 56 100
114 56 100
114 56 100
114 56 100
114 56 100
114 56 100
114 56 100
114 56 100
114 56 100
114 56 100
114 56 100
114 56 100
114 56 100
114 56 100
114 56 100
114 56 100
113 56 100
113 56 100
113 56 100
113 56 100
113 56 100
113 56 100
113 56 100
113 56 100
113 56 100
113 56 100
113 56 100
113 56 100
112 56 100
112 56 100
112 56 100
112 56 100
112 56 100
112 56 100
112 56 100
112 56 100
112 56 100
112 56 100
111 56 100
111 56 100
111 56 100
111 56 100
111 56 100
111 56 100
111 56 100
111 56 100
110 56 100
110 56 100
110 56 100
110 56 100
110 56 100
110 56 100
109 56 100
109 56 100
109 56 100
109 56 100
109 56 100
108 56 100
108 56 100
108 56 100
108 56 100
107 56 100
107 56 100
107 56 100
107 56 100
106 56 100
106 56 100
106 56 100
105 56 100
105 56 100
105 56 100
104 56 100
104 56 100
104 56 100
103 56 100
103 56 100
102 56 100
102 56 100
101 56 100
101 56 100
100 56 100
100 56 100
99 56 100
98 56 100
97 56 100
96 56 100
95 56 100
94 56 100
93 56 100
93 56 100
92 56 100
92 56 100
91 56 100
91 56 100
90 56 100
90 56 100
90 56 100
89 56 100
89 56 100
89 56 100
88 56 100
88 56 100
88 56 100
88 56 100
87 56 100
87 56 100
87 56 100
87 56 100
87 56 100
86 56 100
86 56 100
86 56 100
86 56 100
86 56 100
86 56 100
85 56 100
85 56 100
85 56 100
85 56 100
85 56 100
85 56 100
85 56 100
84 56 100
84 56 100
84 56 100
84 56 100
84 56 100
84 56 100
84 56 100
84 56 100
83 56 100
83 56 100
83 56 100
83 56 100
83 56 100
83 56 100
83 56 100
83 56 100
82 56 100
82 56 100
82 56 100
82 56 100
82 56 100
82 56 100
82 56 100
82 56 100
81 56 100
81 56 100
81 56 100
81 56 100
81 56 100
81 56 100
81 56 100
80 56 100
80 56 100
80 56 100
80 56 100
80 56 100
80 56 100
79 56 100
79 56 100
79 56 100
79 56 100
79 56 100
78 56 100
78 56 100
78 56 100
78 56 100
77 56 100
77 56 100
76 56 100
76 56 100
75 56 100
74 56 100
73 56 100
72 56 100
71 56 100
70 56 100
69 56 100
68 56 100
67 56 100
66 56 100
65 56 100
64 56 100
63 56 100
62 56 100
61 56 100
60 56 100
59 56 100
58 56 100
57 56 100
56 56 100
55 56 100
54 56 100
53 56 100
52 56 100
51 56 100
51 56 100
50 56 100
50 56 100
50 56 100
49 56 100
49 56 100
49 56 100
49 56 100
48 56 100
48 56 100
48 56 100
48 56 100
48 56 100
47 56 100
47 56 100
47 56 100
47 56 100
47 56 100
46 56 100
46 56 100
46 56 100
46 56 100
46 56 100
46 56 100
45 56 100
45 56 100
45 56 100
45 56 100
45 56 100
44 56 100
44 56 100
44 56 100
44 56 100
44 56 100
43 56 100
43 56 100
43 56 100
43 56 100
42 56 100
42 56 100
42 56 100
41 56 100
41 56 100
41 56 100
40 56 100
40 56 100
39 56 100
39 56 100
38 56 100
38 56 100
37 56 100
36 56 100
35 56 100
34 56 100
33 56 100
32 56 100
31 56 100
30 56 100
29 56 100
28 56 100
27 56 100
26 56 100
25 56 100
24 56 100
23 56 100
22 56 100
21 56 100
21 56 100
20 56 100
20 56 100
19 56 100
19 56 100
19 56 100
18 56 100
18 56 100
18 56 100
18 56 100
17 56 100
17 56 100
17 56 100
17 56 100
17 56 100
16 56 100
16 56 100
16 56 100
16 56 100
16 56 100
16 56 100
15 56 100
15 56 100
15 56 100
15 56 100
15 56 100
15 56 100
15 56 100
14 56 100
14 56 100
14 56 100
14 56 100
14 56 100
14 56 100
14 56 100
14 56 100
13 56 100
13 56 100
13 56 100
13 56 100
13 56 100
13 56 100
13 56 100
13 56 100
12 56 100
12 56 100
12 56 100
12 56 100
12 56 100
12 56 100
12 56 100
12 56 100
11 56 100
11 56 100
11 56 100
11 56 100
11 56 100
11 56 100
11 56 100
11 56 100
10 56 100
10 56 100
10 56 100
10 56 100
10 56 100
10 56 100
10 56 100
9 56 100
9 56 100
9 56 100
9 56 100
9 56 100
8 56 100
8 56 100
8 56 100
8 56 100
7 56 100
7 56 100
7 56 100
6 56 100
6 56 100
5 56 100
4 56 100
3 56 100
2 56 100
1 56 100
1 57 100
1 58 100
1 59 100
1 60 100
1 61 100
1 62 100
1 63 100
1 64 100
1 65 100
1 66 100
1 67 100
1 68 100
1 69 100
1 70 100
1 71 100
1 72 100
1 73 100
1 74 100
1 75 100
1 76 100
1 77 100
1 78 100
1 79 100
1 80 100
1 81 100
1 82 100
1 83 100
1 84 100
1 85 100
1 86 100
1 87 100
1 88 100
1 89 100
1 90 100
1 91 100
1 92 100
1 93 100
1 94 100
1 95 100
1 96 100
1 97 100
1 98 100
1 99 100
1 100 100
1 101 100
1 102 100
1 103 100
1 104 100
1 105 100
1 106 100
1 107 100
1 108 100
1 109 100
1 110 100
1 111 100
1 112 100
1 113 100
1 114 100
1 115 100
1 116 100
1 116 100
1 117 100
1 117 100
1 117 100
1 118 100
1 118 100
1 118 100
1 118 100
1 118 100
1 118 100
1 119 100
1 119 100
1 119 100
1 119 100
1 119 100
1 119 100
1 119 100
1 119 100
1 119 100
1 119 100
1 120 100
1 120 100
1 120 100
1 120 100
1 120 100
1 120 100
1 120 100
1 120 100
1 120 100
1 120 100
1 120 100
1 120 100
1 120 100
1 120 100
1 121 100
1 121 100
1 121 100
1 121 100
1 121 100
1 121 100
1 121 100
1 121 100
1 121 100
1 121 100
1 121 100
1 121 100
1 121 100
1 121 100
1 121 100
1 121 100
1 121 100
1 121 100
1 122 100
1 122 100
1 122 100
1 122 100
1 122 100
1 122 100
1 122 100
1 122 100
1 122 100
1 122 100
1 122 100
1 122 100
1 122 100
1 122 100
1 122 100
1 122 100
1 122 100
1 122 100
1 122 100
1 122 100
1 122 100
1 123 100
1 123 100
1 123 100
1 123 100
1 123 100
1 123 100
1 123 100
1 123 100
1 123 100
1 123 100
1 123 100
1 123 100
1 123 100
1 123 100
1 123 100
1 123 100
1 123 100
1 123 100
1 123 100
1 123 100
1 123 100
1 123 100
1 123 100
1 124 100
1 124 100
1 124 100
1 124 100
1 124 100
1 124 100
1 124 100
1 124 100
1 124 100
1 124 100
1 124 100
1 124 100
1 124 100
1 124 100
1 124 100
1 124 100
1 124 100
1 124 100
1 124 100
1 124 100
1 124 100
1 124 100
1 124 100
1 124 100
1 124 100
1 125 100
1 125 100
1 125 100
1 125 100
1 125 100
1 125 100
1 125 100
1 125 100
1 125 100
1 125 100
1 125 100
1 125 100
1 125 100
1 125 100
1 125 100
1 125 100
1 125 100
1 125 100
1 125 100
1 125 100
1 125 100
1 125 100
1 125 100
1 125 100
1 125 100
1 125 100
1 125 100
1 126 100
1 126 100
1 126 100
1 126 100
1 126 100
1 126 100
1 126 100
1 126 100
1 126 100
1 126 100
1 126 100
1 126 100
1 126 100
1 126 100
1 126 100
1 126 100
1 126 100
1 126 100
1 126 100
1 126 100
1 126 100
1 126 100
1 126 100
1 126 100
1 126 100
1 126 100
1 126 100
1 127 100
1 127 100
1 127 100
1 127 100
1 127 100
1 127 100
1 127 100
1 127 100
1 127 100
1 127 100
1 127 100
1 127 100
1 127 100
1 127 100
1 127 100
1 127 100
1 127 100
1 127 100
1 127 100
1 127 100
1 127 100
1 127 100
1 127 100
1 127 100
1 127 100
1 127 100
1 127 100
1 127 100
1 128 100
1 128 100
1 128 100
1 128 100
1 128 100
1 128 100
1 128 100
1 128 100
1 128 100
1 128 100
1 128 100
1 128 100
1 128 100
1 128 100
1 128 100
1 128 100
1 128 100
1 128 100
1 128 100
1 128 100
1 128 100
1 128 100
1 128 100
1 128 100
1 128 100
1 128 100
1 128 100
1 128 100
1 129 100
1 129 100
1 129 100
1 129 100
1 129 100
1 129 100
1 129 100
1 129 100
1 129 100
1 129 100
1 129 100
1 129 100
1 129 100
1 129 100
1 129 100
1 129 100
1 129 100
1 129 100
1 129 100
1 129 100
1 129 100
1 129 100
1 129 100
1 129 100
1 129 100
1 129 100
1 129 100
1 130 100
1 130 100
1 130 100
1 130 100
1 130 100
1 130 100
1 130 100
1 130 100
1 130 100
1 130 100
1 130 100
1 130 100
1 130 100
1 130 100
1 130 100
1 130 100
1 130 100
1 130 100
1 130 100
1 130 100
1 130 100
1 130 100
1 130 100
1 130 100
1 130 100
1 130 100
1 130 100
1 131 100
1 131 100
1 131 100
1 131 100
1 131 100
1 131 100
1 131 100
1 131 100
1 131 100
1 131 100
1 131 100
1 131 100
1 131 100
1 131 100
1 131 100
1 131 100
1 131 100
1 131 100
1 131 100
1 131 100
1 131 100
1 131 100
1 131 100
1 131 100
1 131 100
1 131 100
1 132 100
1 132 100
1 132 100
1 132 100
1 132 100
1 132 100
1 132 100
1 132 100
1 132 100
1 132 100
1 132 100
1 132 100
1 132 100
1 132 100
1 132 100
1 132 100
1 132 100
1 132 100
1 132 100
1 132 100
1 132 100
1 132 100
1 132 100
1 132 100
1 133 100
1 133 100
1 133 100
1 133 100
1 133 100
1 133 100
1 133 100
1 133 100
1 133 100
1 133 100
1 133 100
1 133 100
1 133 100
1 133 100
1 133 100
1 133 100
1 133 100
1 133 100
1 133 100
1 133 100
1 133 100
1 133 100
1 134 100
1 134 100
1 134 100
1 134 100
1 134 100
1 134 100
1 134 100
1 134 100
1 134 100
1 134 100
1 134 100
1 134 100
1 134 100
1 134 100
1 134 100
1 134 100
1 134 100
1 134 100
1 134 100
1 134 100
1 135 100
1 135 100
1 135 100
1 135 100
1 135 100
1 135 100
1 135 100
1 135 100
1 135 100
1 135 100
1 135 100
1 135 100
1 135 100
1 135 100
1 135 100
1 135 100
1 135 100
1 136 100
1 136 100
1 136 100
1 136 100
1 136 100
1 136 100
1 136 100
1 136 100
1 136 100
1 136 100
1 136 100
1 136 100
1 136 100
1 136 100
1 136 100
1 137 100
1 137 100
1 137 100
1 137 100
1 137 100
1 137 100
1 137 100
1 137 100
1 137 100
1 137 100
1 137 100
1 137 100
1 138 100
1 138 100
1 138 100
1 138 100
1 138 100
1 138 100
1 138 100
1 138 100
1 138 100
1 139 100
1 139 100
1 139 100
1 139 100
1 139 100
1 139 100
1 139 100
1 140 100
1 140 100
1 140 100
1 140 100
1 140 100
1 140 100
1 141 100
1 141 100
1 141 100
1 141 100
1 141 100
1 142 100
1 142 100
1 142 100
1 142 100
1 142 100
1 143 100
1 143 100
1 143 100
1 143 100
1 143 100
1 144 100
1 144 100
1 144 100
1 144 100
1 144 100
1 145 100
1 145 100
1 145 100
1 145 100
1 145 100
1 146 100
1 146 100
1 146 100
1 146 100
1 146 100
1 146 100
1 147 100
1 147 100
1 147 100
1 147 100
1 147 100
1 147 100
1 148 100
1 148 100
1 148 100
1 148 100
1 148 100
1 148 100
1 149 100
1 149 100
1 149 100
1 149 100
1 149 100
1 150 100
1 150 100
1 150 100
1 150 100
1 150 100
1 151 100
1 151 100
1 151 100
1 151 100
1 152 100
1 152 100
1 152 100
1 153 100
1 153 100
1 153 100
1 154 100
1 154 100
1 155 100
1 155 100
1 156 100
1 157 100
1 158 100
1 159 100
1 160 100
1 161 100
1 162 100
# move from (91,7) to (1,162)
91 7 100
90 7 100
89 7 100
88 7 100
87 7 100
86 7 100
85 7 100
84 7 100
83 7 100
82 7 100
81 7 100
80 7 100
79 7 100
78 7 100
77 7 100
76 7 100
75 7 100
74 7 100
73 7 100
72 7 100
71 7 100
70 7 100
69 7 100
68 7 100
67 7 100
66 7 100
65 7 100
64 7 100
63 7 100
62 7 100
61 7 100
60 7 100
59 7 100
58 7 100
57 7 100
56 7 100
55 7 100
54 7 100
53 7 100
52 7 100
51 7 100
50 7 100
49 7 100
48 7 100
47 7 100
47 7 100
46 7 100
46 7 100
45 7 100
45 7 100
44 7 100
44 7 100
44 7 100
43 7 100
43 7 100
43 7 100
43 7 100
42 7 100
42 7 100
42 7 100
42 7 100
42 7 100
42 7 100
41 7 100
41 7 100
41 7 100
41 7 100
41 7 100
41 7 100
41 7 100
40 7 100
40 7 100
40 7 100
40 7 100
40 7 100
40 7 100
40 7 100
40 7 100
40 7 100
40 7 100
39 7 100
39 7 100
39 7 100
39 7 100
39 7 100
39 7 100
39 7 100
39 7 100
39 7 100
39 7 100
39 7 100
39 7 100
39 7 100
38 7 100
38 7 100
38 7 100
38 7 100
38 7 100
38 7 100
38 7 100
38 7 100
38 7 100
38 7 100
38 7 100
38 7 100
38 7 100
38 7 100
38 7 100
38 7 100
37 7 100
37 7 100
37 7 100
37 7 100
37 7 100
37 7 100
37 7 100
37 7 100
37 7 100
37 7 100
37 7 100
37 7 100
37 7 100
37 7 100
37 7 100
37 7 100
37 7 100
37 7 100
37 7 100
36 7 100
36 7 100
36 7 100
36 7 100
36 7 100
36 7 100
36 7 100
36 7 100
36 7 100
36 7 100
36 7 100
36 7 100
36 7 100
36 7 100
36 7 100
36 7 100
36 7 100
36 7 100
36 7 100
36 7 100
36 7 100
35 7 100
35 7 100
35 7 100
35 7 100
35 7 100
35 7 100
35 7 100
35 7 100
35 7 100
35 7 100
35 7 100
35 7 100
35 7 100
35 7 100
35 7 100
35 7 100
35 7 100
35 7 100
35 7 100
35 7 100
35 7 100
34 7 100
34 7 100
34 7 100
34 7 100
34 7 100
34 7 100
34 7 100
34 7 100
34 7 100
34 7 100
34 7 100
34 7 100
34 7 100
34 7 100
34 7 100
34 7 100
34 7 100
34 7 100
34 7 100
34 7 100
33 7 100
33 7 100
33 7 100
33 7 100
33 7 100
33 7 100
33 7 100
33 7 100
33 7 100
33 7 100
33 7 100
33 7 100
33 7 100
33 7 100
33 7 100
33 7 100
33 7 100
32 7 100
32 7 100
32 7 100
32 7 100
32 7 100
32 7 100
32 7 100
32 7 100
32 7 100
32 7 100
32 7 100
32 7 100
32 7 100
31 7 100
31 7 100
31 7 100
31 7 100
31 7 100
31 7 100
31 7 100
31 7 100
31 7 100
30 7 100
30 7 100
30 7 100
30 7 100
30 7 100
30 7 100
29 7 100
29 7 100
29 7 100
28 7 100
28 7 100
27 7 100
26 7 100
25 7 100
24 7 100
23 7 100
22 7 100
21 7 100
20 7 100
19 7 100
18 7 100
17 7 100
16 7 100
15 7 100
14 7 100
13 7 100
12 7 100
11 7 100
10 7 100
9 7 100
8 7 100
7 7 100
6 7 100
5 7 100
4 7 100
3 7 100
2 7 100
1 7 100
1 8 100
1 9 100
1 10 100
1 11 100
1 12 100
1 13 100
1 14 100
1 15 100
1 16 100
1 17 100
1 17 100
1 18 100
1 18 100
1 18 100
1 19 100
1 19 100
1 19 100
1 19 100
1 20 100
1 20 100
1 20 100
1 20 100
1 20 100
1 20 100
1 21 100
1 21 100
1 21 100
1 21 100
1 21 100
1 21 100
1 21 100
1 21 100
1 22 100
1 22 100
1 22 100
1 22 100
1 22 100
1 22 100
1 22 100
1 22 100
1 22 100
1 23 100
1 23 100
1 23 100
1 23 100
1 23 100
1 23 100
1 23 100
1 23 100
1 23 100
1 23 100
1 24 100
1 24 100
1 24 100
1 24 100
1 24 100
1 24 100
1 24 100
1 24 100
1 24 100
1 24 100
1 25 100
1 25 100
1 25 100
1 25 100
1 25 100
1 25 100
1 25 100
1 25 100
1 25 100
1 26 100
1 26 100
1 26 100
1 26 100
1 26 100
1 26 100
1 26 100
1 26 100
1 27 100
1 27 100
1 27 100
1 27 100
1 27 100
1 27 100
1 28 100
1 28 100
1 28 100
1 28 100
1 29 100
1 29 100
1 29 100
1 30 100
1 30 100
1 31 100
1 32 100
1 33 100
1 34 100
1 35 100
1 36 100
1 37 100
1 38 100
1 39 100
1 40 100
1 41 100
1 42 100
1 43 100
1 44 100
1 45 100
1 46 100
1 47 100
1 48 100
1 49 100
1 50 100
1 51 100
1 52 100
1 53 100
1 54 100
1 55 100
# move from (4,86) to (1,162)
4 86 100
3 86 100
2 86 100
# move from (70,33) to (1,162)
70 33 100
69 33 100
68 33 100
67 33 100
66 33 100
65 33 100
64 33 100
63 33 100
62 33 100
61 33 100
60 33 100
59 33 100
58 33 100
57 33 100
56 33 100
55 33 100
54 33 100
53 33 100
52 33 100
51 33 100
50 33 100
49 33 100
48 33 100
47 33 100
46 33 100
45 33 100
44 33 100
43 33 100
42 33 100
41 33 100
40 33 100
40 33 100
39 33 100
39 33 100
39 33 100
38 33 100
38 33 100
38 33 100
38 33 100
37 33 100
37 33 100
37 33 100
37 33 100
37 33 100
36 33 100
36 33 100
36 33 100
36 33 100
36 33 100
36 33 100
35 33 100
35 33 100
35 33 100
35 33 100
35 33 100
35 33 100
34 33 100
34 33 100
34 33 100
34 33 100
34 33 100
34 33 100
33 33 100
33 33 100
33 33 100
33 33 100
33 33 100
32 33 100
32 33 100
32 33 100
32 33 100
31 33 100
31 33 100
31 33 100
30 33 100
30 33 100
29 33 100
28 33 100
27 33 100
26 33 100
25 33 100
24 33 100
23 33 100
22 33 100
21 33 100
20 33 100
19 33 100
18 33 100
17 33 100
16 33 100
15 33 100
14 33 100
13 33 100
12 33 100
11 33 100
10 33 100
9 33 100
8 33 100
7 33 100
6 33 100
5 33 100
4 33 100
3 33 100
2 33 100
# move from (27,43) to (1,162)
27 43 100
26 43 100
25 43 100
24 43 100
23 43 100
22 43 100
21 43 100
20 43 100
19 43 100
18 43 100
17 43 100
16 43 100
15 43 100
14 43 100
13 43 100
12 43 100
11 43 100
10 43 100
9 43 100
8 43 100
7 43 100
6 43 100
5 43 100
4 43 100
3 43 100
2 43 100
# move from (101,137) to (1,162)
101 137 100
100 137 100
99 137 100
98 137 100
97 137 100
96 137 100
95 137 100
94 137 100
93 137 100
92 137 100
91 137 100
90 137 100
90 137 100
89 137 100
89 137 100
88 137 100
88 137 100
87 137 100
87 137 100
86 137 100
86 137 100
85 137 100
85 137 100
84 137 100
84 137 100
83 137 100
83 137 100
82 137 100
82 137 100
81 137 100
81 137 100
80 137 100
80 137 100
79 137 100
78 137 100
77 137 100
76 137 100
75 137 100
74 137 100
73 137 100
72 137 100
71 137 100
70 137 100
69 137 100
68 137 100
67 137 100
66 137 100
65 137 100
64 137 100
63 137 100
62 137 100
62 137 100
61 137 100
61 137 100
61 137 100
60 137 100
60 137 100
60 137 100
60 137 100
59 137 100
59 137 100
59 137 100
59 137 100
59 137 100
59 137 100
58 137 100
58 137 100
58 137 100
58 137 100
58 137 100
58 137 100
58 137 100
57 137 100
57 137 100
57 137 100
57 137 100
57 137 100
57 137 100
57 137 100
57 137 100
56 137 100
56 137 100
56 137 100
56 137 100
56 137 100
56 137 100
56 137 100
56 137 100
56 137 100
55 137 100
55 137 100
55 137 100
55 137 100
55 137 100
55 137 100
55 137 100
55 137 100
54 137 100
54 137 100
54 137 100
54 137 100
54 137 100
54 137 100
54 137 100
53 137 100
53 137 100
53 137 100
53 137 100
53 137 100
52 137 100
52 137 100
52 137 100
52 137 100
51 137 100
51 137 100
51 137 100
50 137 100
50 137 100
49 137 100
48 137 100
47 137 100
46 137 100
45 137 100
44 137 100
43 137 100
42 137 100
41 137 100
40 137 100
39 137 100
38 137 100
37 137 100
36 137 100
35 137 100
34 137 100
33 137 100
32 137 100
31 137 100
30 137 100
29 137 100
28 137 100
27 137 100
26 137 100
25 137 100
24 137 100
23 137 100
22 137 100
21 137 100
20 137 100
19 137 100
18 137 100
17 137 100
17 137 100
16 137 100
16 137 100
16 137 100
16 137 100
15 137 100
15 137 100
15 137 100
15 137 100
15 137 100
15 137 100
14 137 100
14 137 100
14 137 100
14 137 100
14 137 100
14 137 100
14 137 100
14 137 100
14 137 100
13 137 100
13 137 100
13 137 100
13 137 100
13 137 100
13 137 100
13 137 100
13 137 100
13 137 100
13 137 100
13 137 100
13 137 100
13 137 100
12 137 100
12 137 100
12 137 100
12 137 100
12 137 100
12 137 100
12 137 100
12 137 100
12 137 100
12 137 100
12 137 100
12 137 100
12 137 100
12 137 100
12 137 100
12 137 100
12 137 100
12 137 100
11 137 100
11 137 100
11 137 100
11 137 100
11 137 100
11 137 100
11 137 100
11 137 100
11 137 100
11 137 100
11 137 100
11 137 100
11 137 100
11 137 100
11 137 100
11 137 100
11 137 100
11 137 100
11 137 100
11 137 100
11 137 100
11 137 100
10 137 100
10 137 100
10 137 100
10 137 100
10 137 100
10 137 100
10 137 100
10 137 100
10 137 100
10 137 100
10 137 100
10 137 100
10 137 100
10 137 100
10 137 100
10 137 100
10 137 100
10 137 100
10 137 100
10 137 100
10 137 100
10 137 100
10 137 100
10 137 100
10 137 100
9 137 100
9 137 100
9 137 100
9 137 100
9 137 100
9 137 100
9 137 100
9 137 100
9 137 100
9 137 100
9 137 100
9 137 100
9 137 100
9 137 100
9 137 100
9 137 100
9 137 100
9 137 100
9 137 100
9 137 100
9 137 100
9 137 100
9 137 100
9 137 100
9 137 100
9 137 100
9 137 100
8 137 100
8 137 100
8 137 100
8 137 100
8 137 100
8 137 100
8 137 100
8 137 100
8 137 100
8 137 100
8 137 100
8 137 100
8 137 100
8 137 100
8 137 100
8 137 100
8 137 100
8 137 100
8 137 100
8 137 100
8 137 100
8 137 100
8 137 100
8 137 100
8 137 100
8 137 100
8 137 100
8 137 100
7 137 100
7 137 100
7 137 100
7 137 100
7 137 100
7 137 100
7 137 100
7 137 100
7 137 100
7 137 100
7 137 100
7 137 100
7 137 100
7 137 100
7 137 100
7 137 100
7 137 100
7 137 100
7 137 100
7 137 100
7 137 100
7 137 100
7 137 100
7 137 100
7 137 100
7 137 100
7 137 100
6 137 100
6 137 100
6 137 100
6 137 100
6 137 100
6 137 100
6 137 100
6 137 100
6 137 100
6 137 100
6 137 100
6 137 100
6 137 100
6 137 100
6 137 100
6 137 100
6 137 100
6 137 100
6 137 100
6 137 100
6 137 100
6 137 100
6 137 100
6 137 100
6 137 100
6 137 100
5 137 100
5 137 100
5 137 100
5 137 100
5 137 100
5 137 100
5 137 100
5 137 100
5 137 100
5 137 100
5 137 100
5 137 100
5 137 100
5 137 100
5 137 100
5 137 100
5 137 100
5 137 100
5 137 100
5 137 100
5 137 100
5 137 100
5 137 100
4 137 100
4 137 100
4 137 100
4 137 100
4 137 100
4 137 100
4 137 100
4 137 100
4 137 100
4 137 100
4 137 100
4 137 100
4 137 100
4 137 100
4 137 100
4 137 100
4 137 100
4 137 100
4 137 100
4 137 100
3 137 100
3 137 100
3 137 100
3 137 100
3 137 100
3 137 100
3 137 100
3 137 100
3 137 100
3 137 100
3 137 100
3 137 100
3 137 100
3 137 100
3 137 100
3 137 100
3 137 100
2 137 100
2 137 100
2 137 100
2 137 100
2 137 100
2 137 100
2 137 100
2 137 100
2 137 100
2 137 100
2 137 100
2 137 100
2 137 100
2 137 100
# move from (192,65) to (1,162)
192 65 100
191 65 100
190 65 100
189 65 100
188 65 100
187 65 100
186 65 100
185 65 100
184 65 100
183 65 100
182 65 100
181 65 100
180 65 100
179 65 100
178 65 100
177 65 100
176 65 100
175 65 100
174 65 100
173 65 100
172 65 100
171 65 100
170 65 100
169 65 100
168 65 100
168 65 100
167 65 100
167 65 100
166 65 100
166 65 100
166 65 100
165 65 100
165 65 100
165 65 100
164 65 100
164 65 100
164 65 100
164 65 100
163 65 100
163 65 100
163 65 100
163 65 100
163 65 100
163 65 100
162 65 100
162 65 100
162 65 100
162 65 100
162 65 100
162 65 100
162 65 100
161 65 100
161 65 100
161 65 100
161 65 100
161 65 100
161 65 100
161 65 100
161 65 100
161 65 100
160 65 100
160 65 100
160 65 100
160 65 100
160 65 100
160 65 100
160 65 100
160 65 100
160 65 100
160 65 100
160 65 100
160 65 100
159 65 100
159 65 100
159 65 100
159 65 100
159 65 100
159 65 100
159 65 100
159 65 100
159 65 100
159 65 100
159 65 100
159 65 100
159 65 100
159 65 100
159 65 100
158 65 100
158 65 100
158 65 100
158 65 100
158 65 100
158 65 100
158 65 100
158 65 100
158 65 100
158 65 100
158 65 100
158 65 100
158 65 100
158 65 100
158 65 100
158 65 100
158 65 100
158 65 100
158 65 100
157 65 100
157 65 100
157 65 100
157 65 100
157 65 100
157 65 100
157 65 100
157 65 100
157 65 100
157 65 100
157 65 100
157 65 100
157 65 100
157 65 100
157 65 100
157 65 100
157 65 100
157 65 100
157 65 100
157 65 100
157 65 100
157 65 100
156 65 100
156 65 100
156 65 100
156 65 100
156 65 100
156 65 100
156 65 100
156 65 100
156 65 100
156 65 100
156 65 100
156 65 100
156 65 100
156 65 100
156 65 100
156 65 100
156 65 100
156 65 100
156 65 100
156 65 100
156 65 100
156 65 100
156 65 100
156 65 100
156 65 100
155 65 100
155 65 100
155 65 100
155 65 100
155 65 100
155 65 100
155 65 100
155 65 100
155 65 100
155 65 100
155 65 100
155 65 100
155 65 100
155 65 100
155 65 100
155 65 100
155 65 100
155 65 100
155 65 100
155 65 100
155 65 100
155 65 100
155 65 100
155 65 100
155 65 100
155 65 100
154 65 100
154 65 100
154 65 100
154 65 100
154 65 100
154 65 100
154 65 100
154 65 100
154 65 100
154 65 100
154 65 100
154 65 100
154 65 100
154 65 100
154 65 100
154 65 100
154 65 100
154 65 100
154 65 100
154 65 100
154 65 100
154 65 100
154 65 100
154 65 100
154 65 100
154 65 100
153 65 100
153 65 100
153 65 100
153 65 100
153 65 100
153 65 100
153 65 100
153 65 100
153 65 100
153 65 100
153 65 100
153 65 100
153 65 100
153 65 100
153 65 100
153 65 100
153 65 100
153 65 100
153 65 100
153 65 100
153 65 100
153 65 100
153 65 100
153 65 100
153 65 100
152 65 100
152 65 100
152 65 100
152 65 100
152 65 100
152 65 100
152 65 100
152 65 100
152 65 100
152 65 100
152 65 100
152 65 100
152 65 100
152 65 100
152 65 100
152 65 100
152 65 100
152 65 100
152 65 100
152 65 100
152 65 100
152 65 100
151 65 100
151 65 100
151 65 100
151 65 100
151 65 100
151 65 100
151 65 100
151 65 100
151 65 100
151 65 100
151 65 100
151 65 100
151 65 100
151 65 100
151 65 100
151 65 100
151 65 100
151 65 100
151 65 100
150 65 100
150 65 100
150 65 100
150 65 100
150 65 100
150 65 100
150 65 100
150 65 100
150 65 100
150 65 100
150 65 100
150 65 100
150 65 100
150 65 100
150 65 100
149 65 100
149 65 100
149 65 100
149 65 100
149 65 100
149 65 100
149 65 100
149 65 100
149 65 100
149 65 100
149 65 100
149 65 100
148 65 100
148 65 100
148 65 100
148 65 100
148 65 100
148 65 100
148 65 100
148 65 100
148 65 100
147 65 100
147 65 100
147 65 100
147 65 100
147 65 100
147 65 100
146 65 100
146 65 100
146 65 100
146 65 100
145 65 100
145 65 100
144 65 100
143 65 100
142 65 100
141 65 100
140 65 100
139 65 100
138 65 100
137 65 100
136 65 100
135 65 100
134 65 100
133 65 100
132 65 100
131 65 100
130 65 100
129 65 100
128 65 100
127 65 100
126 65 100
125 65 100
124 65 100
123 65 100
122 65 100
122 65 100
121 65 100
121 65 100
121 65 100
121 65 100
120 65 100
120 65 100
120 65 100
120 65 100
120 65 100
120 65 100
120 65 100
120 65 100
120 65 100
119 65 100
119 65 100
119 65 100
119 65 100
119 65 100
119 65 100
119 65 100
119 65 100
119 65 100
119 65 100
119 65 100
119 65 100
119 65 100
119 65 100
119 65 100
118 65 100
118 65 100
118 65 100
118 65 100
118 65 100
118 65 100
118 65 100
118 65 100
118 65 100
118 65 100
118 65 100
118 65 100
118 65 100
118 65 100
118 65 100
118 65 100
118 65 100
118 65 100
118 65 100
118 65 100
118 65 100
118 65 100
117 65 100
117 65 100
117 65 100
117 65 100
117 65 100
117 65 100
117 65 100
117 65 100
117 65 100
117 65 100
117 65 100
117 65 100
117 65 100
117 65 100
117 65 100
117 65 100
117 65 100
117 65 100
117 65 100
117 65 100
117 65 100
117 65 100
117 65 100
117 65 100
117 65 100
117 65 100
117 65 100
117 65 100
116 65 100
116 65 100
116 65 100
116 65 100
116 65 100
116 65 100
116 65 100
116 65 100
116 65 100
116 65 100
116 65 100
116 65 100
116 65 100
116 65 100
116 65 100
116 65 100
116 65 100
116 65 100
116 65 100
116 65 100
116 65 100
116 65 100
116 65 100
116 65 100
116 65 100
116 65 100
116 65 100
116 65 100
116 65 100
116 65 100
116 65 100
116 65 100
116 65 100
115 65 100
115 65 100
115 65 100
115 65 100
115 65 100
115 65 100
115 65 100
115 65 100
115 65 100
115 65 100
115 65 100
115 65 100
115 65 100
115 65 100
115 65 100
115 65 100
115 65 100
115 65 100
115 65 100
115 65 100
115 65 100
115 65 100
115 65 100
115 65 100
115 65 100
115 65 100
115 65 100
115 65 100
115 65 100
115 65 100
115 65 100
115 65 100
115 65 100
115 65 100
115 65 100
115 65 100
114 65 100
114 65 100
114 65 100
114 65 100
114 65 100
114 65 100
114 65 100
114 65 100
114 65 100
114 65 100
114 65 100
114 65 100
114 65 100
114 65 100
114 65 100
114 65 100
114 65 100
114 65 100
114 65 100
114 65 100
114 65 100
114 65 100
114 65 100
114 65 100
114 65 100
114 65 100
114 65 100
114 65 100
114 65 100
114 65 100
114 65 100
114 65 100
114 65 100
114 65 100
114 65 100
114 65 100
114 65 100
114 65 100
113 65 100
113 65 100
113 65 100
113 65 100
113 65 100
113 65 100
113 65 100
113 65 100
113 65 100
113 65 100
113 65 100
113 65 100
113 65 100
113 65 100
113 65 100
113 65 100
113 65 100
113 65 100
113 65 100
113 65 100
113 65 100
113 65 100
113 65 100
113 65 100
113 65 100
113 65 100
113 65 100
113 65 100
113 65 100
113 65 100
113 65 100
113 65 100
113 65 100
113 65 100
113 65 100
113 65 100
113 65 100
113 65 100
112 65 100
112 65 100
112 65 100
112 65 100
112 65 100
112 65 100
112 65 100
112 65 100
112 65 100
112 65 100
112 65 100
112 65 100
112 65 100
112 65 100
112 65 100
112 65 100
112 65 100
112 65 100
112 65 100
112 65 100
112 65 100
112 65 100
112 65 100
112 65 100
112 65 100
112 65 100
112 65 100
112 65 100
112 65 100
112 65 100
112 65 100
112 65 100
112 65 100
112 65 100
112 65 100
112 65 100
112 65 100
112 65 100
111 65 100
111 65 100
111 65 100
111 65 100
111 65 100
111 65 100
111 65 100
111 65 100
111 65 100
111 65 100
111 65 100
111 65 100
111 65 100
111 65 100
111 65 100
111 65 100
111 65 100
111 65 100
111 65 100
111 65 100
111 65 100
111 65 100
111 65 100
111 65 100
111 65 100
111 65 100
111 65 100
111 65 100
111 65 100
111 65 100
111 65 100
111 65 100
111 65 100
111 65 100
111 65 100
111 65 100
111 65 100
110 65 100
110 65 100
110 65 100
110 65 100
110 65 100
110 65 100
110 65 100
110 65 100
110 65 100
110 65 100
110 65 100
110 65 100
110 65 100
110 65 100
110 65 100
110 65 100
110 65 100
110 65 100
110 65 100
110 65 100
110 65 100
110 65 100
110 65 100
110 65 100
110 65 100
110 65 100
110 65 100
110 65 100
110 65 100
110 65 100
110 65 100
110 65 100
110 65 100
110 65 100
109 65 100
109 65 100
109 65 100
109 65 100
109 65 100
109 65 100
109 65 100
109 65 100
109 65 100
109 65 100
109 65 100
109 65 100
109 65 100
109 65 100
109 65 100
109 65 100
109 65 100
109 65 100
109 65 100
109 65 100
109 65 100
109 65 100
109 65 100
109 65 100
109 65 100
109 65 100
109 65 100
109 65 100
109 65 100
109 65 100
109 65 100
108 65 100
108 65 100
108 65 100
108 65 100
108 65 100
108 65 100
108 65 100
108 65 100
108 65 100
108 65 100
108 65 100
108 65 100
108 65 100
108 65 100
108 65 100
108 65 100
108 65 100
108 65 100
108 65 100
108 65 100
108 65 100
108 65 100
108 65 100
108 65 100
108 65 100
108 65 100
108 65 100
108 65 100
107 65 100
107 65 100
107 65 100
107 65 100
107 65 100
107 65 100
107 65 100
107 65 100
107 65 100
107 65 100
107 65 100
107 65 100
107 65 100
107 65 100
107 65 100
107 65 100
107 65 100
107 65 100
107 65 100
107 65 100
107 65 100
107 65 100
107 65 100
107 65 100
106 65 100
106 65 100
106 65 100
106 65 100
106 65 100
106 65 100
106 65 100
106 65 100
106 65 100
106 65 100
106 65 100
106 65 100
106 65 100
106 65 100
106 65 100
106 65 100
106 65 100
106 65 100
106 65 100
106 65 100
106 65 100
105 65 100
105 65 100
105 65 100
105 65 100
105 65 100
105 65 100
105 65 100
105 65 100
105 65 100
105 65 100
105 65 100
105 65 100
105 65 100
105 65 100
105 65 100
105 65 100
105 65 100
105 65 100
105 65 100
104 65 100
104 65 100
104 65 100
104 65 100
104 65 100
104 65 100
104 65 100
104 65 100
104 65 100
104 65 100
104 65 100
104 65 100
104 65 100
104 65 100
104 65 100
104 65 100
104 65 100
103 65 100
103 65 100
103 65 100
103 65 100
103 65 100
103 65 100
103 65 100
103 65 100
103 65 100
103 65 100
103 65 100
103 65 100
103 65 100
103 65 100
103 65 100
102 65 100
102 65 100
102 65 100
102 65 100
102 65 100
102 65 100
102 65 100
102 65 100
102 65 100
102 65 100
102 65 100
102 65 100
102 65 100
101 65 100
101 65 100
101 65 100
101 65 100
101 65 100
101 65 100
101 65 100
101 65 100
101 65 100
101 65 100
101 65 100
100 65 100
100 65 100
100 65 100
100 65 100
100 65 100
100 65 100
100 65 100
100 65 100
100 65 100
99 65 100
99 65 100
99 65 100
99 65 100
99 65 100
99 65 100
99 65 100
98 65 100
98 65 100
98 65 100
98 65 100
98 65 100
97 65 100
97 65 100
97 65 100
96 65 100
96 65 100
95 65 100
94 65 100
93 65 100
92 65 100
91 65 100
90 65 100
89 65 100
88 65 100
87 65 100
86 65 100
85 65 100
84 65 100
83 65 100
82 65 100
81 65 100
80 65 100
79 65 100
78 65 100
77 65 100
76 65 100
75 65 100
74 65 100
73 65 100
72 65 100
71 65 100
70 65 100
69 65 100
68 65 100
67 65 100
66 65 100
65 65 100
64 65 100
63 65 100
62 65 100
61 65 100
60 65 100
59 65 100
58 65 100
58 65 100
57 65 100
57 65 100
56 65 100
56 65 100
56 65 100
55 65 100
55 65 100
55 65 100
55 65 100
54 65 100
54 65 100
54 65 100
54 65 100
54 65 100
54 65 100
53 65 100
53 65 100
53 65 100
53 65 100
53 65 100
53 65 100
53 65 100
53 65 100
53 65 100
52 65 100
52 65 100
52 65 100
52 65 100
52 65 100
52 65 100
52 65 100
52 65 100
52 65 100
52 65 100
52 65 100
52 65 100
51 65 100
51 65 100
51 65 100
51 65 100
51 65 100
51 65 100
51 65 100
51 65 100
51 65 100
51 65 100
51 65 100
51 65 100
51 65 100
51 65 100
51 65 100
50 65 100
50 65 100
50 65 100
50 65 100
50 65 100
50 65 100
50 65 100
50 65 100
50 65 100
50 65 100
50 65 100
50 65 100
50 65 100
50 65 100
50 65 100
50 65 100
50 65 100
50 65 100
49 65 100
49 65 100
49 65 100
49 65 100
49 65 100
49 65 100
49 65 100
49 65 100
49 65 100
49 65 100
49 65 100
49 65 100
49 65 100
49 65 100
49 65 100
49 65 100
49 65 100
49 65 100
49 65 100
49 65 100
49 65 100
48 65 100
48 65 100
48 65 100
48 65 100
48 65 100
48 65 100
48 65 100
48 65 100
48 65 100
48 65 100
48 65 100
48 65 100
48 65 100
48 65 100
48 65 100
48 65 100
48 65 100
48 65 100
48 65 100
48 65 100
48 65 100
48 65 100
48 65 100
47 65 100
47 65 100
47 65 100
47 65 100
47 65 100
47 65 100
47 65 100
47 65 100
47 65 100
47 65 100
47 65 100
47 65 100
47 65 100
47 65 100
47 65 100
47 65 100
47 65 100
47 65 100
47 65 100
47 65 100
47 65 100
47 65 100
47 65 100
47 65 100
47 65 100
46 65 100
46 65 100
46 65 100
46 65 100
46 65 100
46 65 100
46 65 100
46 65 100
46 65 100
46 65 100
46 65 100
46 65 100
46 65 100
46 65 100
46 65 100
46 65 100
46 65 100
46 65 100
46 65 100
46 65 100
46 65 100
46 65 100
46 65 100
46 65 100
46 65 100
46 65 100
45 65 100
45 65 100
45 65 100
45 65 100
45 65 100
45 65 100
45 65 100
45 65 100
45 65 100
45 65 100
45 65 100
45 65 100
45 65 100
45 65 100
45 65 100
45 65 100
45 65 100
45 65 100
45 65 100
45 65 100
45 65 100
45 65 100
45 65 100
45 65 100
45 65 100
45 65 100
45 65 100
44 65 100
44 65 100
44 65 100
44 65 100
44 65 100
44 65 100
44 65 100
44 65 100
44 65 100
44 65 100
44 65 100
44 65 100
44 65 100
44 65 100
44 65 100
44 65 100
44 65 100
44 65 100
44 65 100
44 65 100
44 65 100
44 65 100
44 65 100
44 65 100
44 65 100
44 65 100
44 65 100
43 65 100
43 65 100
43 65 100
43 65 100
43 65 100
43 65 100
43 65 100
43 65 100
43 65 100
43 65 100
43 65 100
43 65 100
43 65 100
43 65 100
43 65 100
43 65 100
43 65 100
43 65 100
43 65 100
43 65 100
43 65 100
43 65 100
43 65 100
43 65 100
43 65 100
43 65 100
42 65 100
42 65 100
42 65 100
42 65 100
42 65 100
42 65 100
42 65 100
42 65 100
42 65 100
42 65 100
42 65 100
42 65 100
42 65 100
42 65 100
42 65 100
42 65 100
42 65 100
42 65 100
42 65 100
42 65 100
42 65 100
42 65 100
42 65 100
42 65 100
42 65 100
41 65 100
41 65 100
41 65 100
41 65 100
41 65 100
41 65 100
41 65 100
41 65 100
41 65 100
41 65 100
41 65 100
41 65 100
41 65 100
41 65 100
41 65 100
41 65 100
41 65 100
41 65 100
41 65 100
41 65 100
41 65 100
41 65 100
41 65 100
40 65 100
40 65 100
40 65 100
40 65 100
40 65 100
40 65 100
40 65 100
40 65 100
40 65 100
40 65 100
40 65 100
40 65 100
40 65 100
40 65 100
40 65 100
40 65 100
40 65 100
40 65 100
40 65 100
40 65 100
40 65 100
39 65 100
39 65 100
39 65 100
39 65 100
39 65 100
39 65 100
39 65 100
39 65 100
39 65 100
39 65 100
39 65 100
39 65 100
39 65 100
39 65 100
39 65 100
39 65 100
39 65 100
39 65 100
39 65 100
39 65 100
38 65 100
38 65 100
38 65 100
38 65 100
38 65 100
38 65 100
38 65 100
38 65 100
38 65 100
38 65 100
38 65 100
38 65 100
38 65 100
38 65 100
38 65 100
38 65 100
38 65 100
38 65 100
37 65 100
37 65 100
37 65 100
37 65 100
37 65 100
37 65 100
37 65 100
37 65 100
37 65 100
37 65 100
37 65 100
37 65 100
37 65 100
37 65 100
37 65 100
37 65 100
36 65 100
36 65 100
36 65 100
36 65 100
36 65 100
36 65 100
36 65 100
36 65 100
36 65 100
36 65 100
36 65 100
36 65 100
36 65 100
36 65 100
35 65 100
35 65 100
35 65 100
35 65 100
35 65 100
35 65 100
35 65 100
35 65 100
35 65 100
35 65 100
35 65 100
35 65 100
34 65 100
34 65 100
34 65 100
34 65 100
34 65 100
34 65 100
34 65 100
34 65 100
34 65 100
34 65 100
33 65 100
33 65 100
33 65 100
33 65 100
33 65 100
33 65 100
33 65 100
33 65 100
33 65 100
32 65 100
32 65 100
32 65 100
32 65 100
32 65 100
32 65 100
32 65 100
31 65 100
31 65 100
31 65 100
31 65 100
31 65 100
30 65 100
30 65 100
30 65 100
30 65 100
29 65 100
29 65 100
29 65 100
28 65 100
28 65 100
27 65 100
27 65 100
26 65 100
26 65 100
25 65 100
25 65 100
24 65 100
24 65 100
23 65 100
23 65 100
22 65 100
22 65 100
21 65 100
21 65 100
20 65 100
20 65 100
19 65 100
19 65 100
18 65 100
18 65 100
17 65 100
17 65 100
16 65 100
16 65 100
15 65 100
15 65 100
14 65 100
14 65 100
13 65 100
13 65 100
12 65 100
12 65 100
11 65 100
11 65 100
10 65 100
10 65 100
9 65 100
9 65 100
8 65 100
7 65 100
6 65 100
5 65 100
4 65 100
3 65 100
2 65 100
# move from (133,17) to (1,162)
133 17 100
132 17 100
131 17 100
130 17 100
129 17 100
128 17 100
127 17 100
126 17 100
125 17 100
124 17 100
124 17 100
123 17 100
123 17 100
123 17 100
122 17 100
122 17 100
122 17 100
122 17 100
122 17 100
121 17 100
121 17 100
121 17 100
121 17 100
121 17 100
121 17 100
121 17 100
120 17 100
120 17 100
120 17 100
120 17 100
120 17 100
120 17 100
120 17 100
120 17 100
120 17 100
120 17 100
120 17 100
119 17 100
119 17 100
119 17 100
119 17 100
119 17 100
119 17 100
119 17 100
119 17 100
119 17 100
119 17 100
119 17 100
119 17 100
119 17 100
119 17 100
119 17 100
119 17 100
118 17 100
118 17 100
118 17 100
118 17 100
118 17 100
118 17 100
118 17 100
118 17 100
118 17 100
118 17 100
118 17 100
118 17 100
118 17 100
118 17 100
118 17 100
118 17 100
118 17 100
118 17 100
118 17 100
118 17 100
117 17 100
117 17 100
117 17 100
117 17 100
117 17 100
117 17 100
117 17 100
117 17 100
117 17 100
117 17 100
117 17 100
117 17 100
117 17 100
117 17 100
117 17 100
117 17 100
117 17 100
117 17 100
117 17 100
117 17 100
117 17 100
117 17 100
117 17 100
116 17 100
116 17 100
116 17 100
116 17 100
116 17 100
116 17 100
116 17 100
116 17 100
116 17 100
116 17 100
116 17 100
116 17 100
116 17 100
116 17 100
116 17 100
116 17 100
116 17 100
116 17 100
116 17 100
116 17 100
116 17 100
116 17 100
116 17 100
116 17 100
116 17 100
115 17 100
115 17 100
115 17 100
115 17 100
115 17 100
115 17 100
115 17 100
115 17 100
115 17 100
115 17 100
115 17 100
115 17 100
115 17 100
115 17 100
115 17 100
115 17 100
115 17 100
115 17 100
115 17 100
115 17 100
115 17 100
115 17 100
115 17 100
115 17 100
115 17 100
115 17 100
114 17 100
114 17 100
114 17 100
114 17 100
114 17 100
114 17 100
114 17 100
114 17 100
114 17 100
114 17 100
114 17 100
114 17 100
114 17 100
114 17 100
114 17 100
114 17 100
114 17 100
114 17 100
114 17 100
114 17 100
114 17 100
114 17 100
114 17 100
114 17 100
114 17 100
114 17 100
113 17 100
113 17 100
113 17 100
113 17 100
113 17 100
113 17 100
113 17 100
113 17 100
113 17 100
113 17 100
113 17 100
113 17 100
113 17 100
113 17 100
113 17 100
113 17 100
113 17 100
113 17 100
113 17 100
113 17 100
113 17 100
113 17 100
113 17 100
113 17 100
113 17 100
112 17 100
112 17 100
112 17 100
112 17 100
112 17 100
112 17 100
112 17 100
112 17 100
112 17 100
112 17 100
112 17 100
112 17 100
112 17 100
112 17 100
112 17 100
112 17 100
112 17 100
112 17 100
112 17 100
112 17 100
112 17 100
112 17 100
112 17 100
111 17 100
111 17 100
111 17 100
111 17 100
111 17 100
111 17 100
111 17 100
111 17 100
111 17 100
111 17 100
111 17 100
111 17 100
111 17 100
111 17 100
111 17 100
111 17 100
111 17 100
111 17 100
111 17 100
111 17 100
111 17 100
110 17 100
110 17 100
110 17 100
110 17 100
110 17 100
110 17 100
110 17 100
110 17 100
110 17 100
110 17 100
110 17 100
110 17 100
110 17 100
110 17 100
110 17 100
110 17 100
110 17 100
110 17 100
109 17 100
109 17 100
109 17 100
109 17 100
109 17 100
109 17 100
109 17 100
109 17 100
109 17 100
109 17 100
109 17 100
109 17 100
109 17 100
109 17 100
109 17 100
108 17 100
108 17 100
108 17 100
108 17 100
108 17 100
108 17 100
108 17 100
108 17 100
108 17 100
108 17 100
108 17 100
108 17 100
108 17 100
107 17 100
107 17 100
107 17 100
107 17 100
107 17 100
107 17 100
107 17 100
107 17 100
107 17 100
107 17 100
107 17 100
106 17 100
106 17 100
106 17 100
106 17 100
106 17 100
106 17 100
106 17 100
106 17 100
105 17 100
105 17 100
105 17 100
105 17 100
105 17 100
105 17 100
105 17 100
104 17 100
104 17 100
104 17 100
104 17 100
104 17 100
103 17 100
103 17 100
103 17 100
103 17 100
102 17 100
102 17 100
102 17 100
101 17 100
101 17 100
101 17 100
100 17 100
100 17 100
99 17 100
99 17 100
98 17 100
97 17 100
96 17 100
95 17 100
94 17 100
93 17 100
92 17 100
91 17 100
90 17 100
89 17 100
88 17 100
87 17 100
86 17 100
85 17 100
85 17 100
84 17 100
84 17 100
84 17 100
83 17 100
83 17 100
83 17 100
82 17 100
82 17 100
82 17 100
81 17 100
81 17 100
81 17 100
81 17 100
80 17 100
80 17 100
80 17 100
80 17 100
79 17 100
79 17 100
79 17 100
78 17 100
78 17 100
78 17 100
77 17 100
77 17 100
77 17 100
76 17 100
76 17 100
75 17 100
75 17 100
74 17 100
74 17 100
73 17 100
73 17 100
72 17 100
71 17 100
70 17 100
69 17 100
68 17 100
67 17 100
66 17 100
65 17 100
64 17 100
63 17 100
62 17 100
61 17 100
60 17 100
59 17 100
58 17 100
57 17 100
56 17 100
55 17 100
54 17 100
53 17 100
52 17 100
51 17 100
51 17 100
50 17 100
50 17 100
49 17 100
49 17 100
49 17 100
48 17 100
48 17 100
48 17 100
47 17 100
47 17 100
47 17 100
47 17 100
46 17 100
46 17 100
46 17 100
46 17 100
46 17 100
45 17 100
45 17 100
45 17 100
45 17 100
45 17 100
45 17 100
44 17 100
44 17 100
44 17 100
44 17 100
44 17 100
44 17 100
44 17 100
44 17 100
43 17 100
43 17 100
43 17 100
43 17 100
43 17 100
43 17 100
43 17 100
43 17 100
43 17 100
43 17 100
43 17 100
42 17 100
42 17 100
42 17 100
42 17 100
42 17 100
42 17 100
42 17 100
42 17 100
42 17 100
42 17 100
42 17 100
42 17 100
42 17 100
42 17 100
41 17 100
41 17 100
41 17 100
41 17 100
41 17 100
41 17 100
41 17 100
41 17 100
41 17 100
41 17 100
41 17 100
41 17 100
41 17 100
41 17 100
41 17 100
41 17 100
41 17 100
41 17 100
41 17 100
40 17 100
40 17 100
40 17 100
40 17 100
40 17 100
40 17 100
40 17 100
40 17 100
40 17 100
40 17 100
40 17 100
40 17 100
40 17 100
40 17 100
40 17 100
40 17 100
40 17 100
40 17 100
40 17 100
40 17 100
40 17 100
40 17 100
40 17 100
39 17 100
39 17 100
39 17 100
39 17 100
39 17 100
39 17 100
39 17 100
39 17 100
39 17 100
39 17 100
39 17 100
39 17 100
39 17 100
39 17 100
39 17 100
39 17 100
39 17 100
39 17 100
39 17 100
39 17 100
39 17 100
39 17 100
39 17 100
39 17 100
39 17 100
39 17 100
39 17 100
39 17 100
38 17 100
38 17 100
38 17 100
38 17 100
38 17 100
38 17 100
38 17 100
38 17 100
38 17 100
38 17 100
38 17 100
38 17 100
38 17 100
38 17 100
38 17 100
38 17 100
38 17 100
38 17 100
38 17 100
38 17 100
38 17 100
38 17 100
38 17 100
38 17 100
38 17 100
38 17 100
38 17 100
38 17 100
38 17 100
38 17 100
38 17 100
38 17 100
37 17 100
37 17 100
37 17 100
37 17 100
37 17 100
37 17 100
37 17 100
37 17 100
37 17 100
37 17 100
37 17 100
37 17 100
37 17 100
37 17 100
37 17 100
37 17 100
37 17 100
37 17 100
37 17 100
37 17 100
37 17 100
37 17 100
37 17 100
37 17 100
37 17 100
37 17 100
37 17 100
37 17 100
37 17 100
37 17 100
37 17 100
37 17 100
37 17 100
37 17 100
37 17 100
36 17 100
36 17 100
36 17 100
36 17 100
36 17 100
36 17 100
36 17 100
36 17 100
36 17 100
36 17 100
36 17 100
36 17 100
36 17 100
36 17 100
36 17 100
36 17 100
36 17 100
36 17 100
36 17 100
36 17 100
36 17 100
36 17 100
36 17 100
36 17 100
36 17 100
36 17 100
36 17 100
36 17 100
36 17 100
36 17 100
36 17 100
36 17 100
36 17 100
36 17 100
36 17 100
36 17 100
36 17 100
35 17 100
35 17 100
35 17 100
35 17 100
35 17 100
35 17 100
35 17 100
35 17 100
35 17 100
35 17 100
35 17 100
35 17 100
35 17 100
35 17 100
35 17 100
35 17 100
35 17 100
35 17 100
35 17 100
35 17 100
35 17 100
35 17 100
35 17 100
35 17 100
35 17 100
35 17 100
35 17 100
35 17 100
35 17 100
35 17 100
35 17 100
35 17 100
35 17 100
35 17 100
35 17 100
35 17 100
35 17 100
35 17 100
34 17 100
34 17 100
34 17 100
34 17 100
34 17 100
34 17 100
34 17 100
34 17 100
34 17 100
34 17 100
34 17 100
34 17 100
34 17 100
34 17 100
34 17 100
34 17 100
34 17 100
34 17 100
34 17 100
34 17 100
34 17 100
34 17 100
34 17 100
34 17 100
34 17 100
34 17 100
34 17 100
34 17 100
34 17 100
34 17 100
34 17 100
34 17 100
34 17 100
34 17 100
34 17 100
34 17 100
34 17 100
33 17 100
33 17 100
33 17 100
33 17 100
33 17 100
33 17 100
33 17 100
33 17 100
33 17 100
33 17 100
33 17 100
33 17 100
33 17 100
33 17 100
33 17 100
33 17 100
33 17 100
33 17 100
33 17 100
33 17 100
33 17 100
33 17 100
33 17 100
33 17 100
33 17 100
33 17 100
33 17 100
33 17 100
33 17 100
33 17 100
33 17 100
33 17 100
33 17 100
33 17 100
33 17 100
32 17 100
32 17 100
32 17 100
32 17 100
32 17 100
32 17 100
32 17 100
32 17 100
32 17 100
32 17 100
32 17 100
32 17 100
32 17 100
32 17 100
32 17 100
32 17 100
32 17 100
32 17 100
32 17 100
32 17 100
32 17 100
32 17 100
32 17 100
32 17 100
32 17 100
32 17 100
32 17 100
32 17 100
32 17 100
32 17 100
32 17 100
32 17 100
31 17 100
31 17 100
31 17 100
31 17 100
31 17 100
31 17 100
31 17 100
31 17 100
31 17 100
31 17 100
31 17 100
31 17 100
31 17 100
31 17 100
31 17 100
31 17 100
31 17 100
31 17 100
31 17 100
31 17 100
31 17 100
31 17 100
31 17 100
31 17 100
31 17 100
31 17 100
31 17 100
31 17 100
30 17 100
30 17 100
30 17 100
30 17 100
30 17 100
30 17 100
30 17 100
30 17 100
30 17 100
30 17 100
30 17 100
30 17 100
30 17 100
30 17 100
30 17 100
30 17 100
30 17 100
30 17 100
30 17 100
30 17 100
30 17 100
30 17 100
30 17 100
29 17 100
29 17 100
29 17 100
29 17 100
29 17 100
29 17 100
29 17 100
29 17 100
29 17 100
29 17 100
29 17 100
29 17 100
29 17 100
29 17 100
29 17 100
29 17 100
29 17 100
29 17 100
29 17 100
28 17 100
28 17 100
28 17 100
28 17 100
28 17 100
28 17 100
28 17 100
28 17 100
28 17 100
28 17 100
28 17 100
28 17 100
28 17 100
28 17 100
28 17 100
27 17 100
27 17 100
27 17 100
27 17 100
27 17 100
27 17 100
27 17 100
27 17 100
27 17 100
27 17 100
27 17 100
26 17 100
26 17 100
26 17 100
26 17 100
26 17 100
26 17 100
26 17 100
26 17 100
26 17 100
25 17 100
25 17 100
25 17 100
25 17 100
25 17 100
25 17 100
25 17 100
24 17 100
24 17 100
24 17 100
24 17 100
24 17 100
24 17 100
23 17 100
23 17 100
23 17 100
23 17 100
23 17 100
22 17 100
22 17 100
22 17 100
22 17 100
21 17 100
21 17 100
21 17 100
20 17 100
20 17 100
19 17 100
19 17 100
18 17 100
17 17 100
16 17 100
15 17 100
14 17 100
13 17 100
12 17 100
11 17 100
10 17 100
9 17 100
8 17 100
7 17 100
6 17 100
6 17 100
5 17 100
5 17 100
4 17 100
4 17 100
3 17 100
3 17 100
2 17 100
2 17 100
# move from (27,178) to (1,162)
27 178 100
26 178 100
25 178 100
24 178 100
23 178 100
22 178 100
21 178 100
20 178 100
19 178 100
18 178 100
17 178 100
16 178 100
15 178 100
14 178 100
13 178 100
12 178 100
11 178 100
10 178 100
9 178 100
8 178 100
7 178 100
6 178 100
5 178 100
4 178 100
3 178 100
2 178 100
1 178 100
1 177 100
1 176 100
1 175 100
1 174 100
1 173 100
1 172 100
1 171 100
1 170 100
1 169 100
1 168 100
1 167 100
1 166 100
1 165 100
1 164 100
1 163 100
