# move from (0,8) to (126,159)
0 8 100
1 8 100
2 8 100
3 8 100
4 8 100
5 8 100
6 8 100
7 8 100
8 8 100
9 8 100
10 8 100
11 8 100
12 8 100
13 8 100
14 8 100
15 8 100
16 8 100
17 8 100
18 8 100
19 8 100
20 8 100
21 8 100
22 8 100
23 8 100
24 8 100
25 8 100
25 8 100
26 8 100
26 8 100
27 8 100
27 8 100
27 8 100
28 8 100
28 8 100
28 8 100
28 8 100
29 8 100
29 8 100
29 8 100
29 8 100
29 8 100
30 8 100
30 8 100
30 8 100
30 8 100
30 8 100
31 8 100
31 8 100
31 8 100
31 8 100
31 8 100
31 8 100
32 8 100
32 8 100
32 8 100
32 8 100
32 8 100
32 8 100
33 8 100
33 8 100
33 8 100
33 8 100
33 8 100
33 8 100
34 8 100
34 8 100
34 8 100
34 8 100
34 8 100
34 8 100
34 8 100
35 8 100
35 8 100
35 8 100
35 8 100
35 8 100
35 8 100
35 8 100
36 8 100
36 8 100
36 8 100
36 8 100
36 8 100
36 8 100
36 8 100
37 8 100
37 8 100
37 8 100
37 8 100
37 8 100
37 8 100
37 8 100
37 8 100
38 8 100
38 8 100
38 8 100
38 8 100
38 8 100
38 8 100
38 8 100
38 8 100
39 8 100
39 8 100
39 8 100
39 8 100
39 8 100
39 8 100
39 8 100
39 8 100
39 8 100
39 8 100
40 8 100
40 8 100
40 8 100
40 8 100
40 8 100
40 8 100
40 8 100
40 8 100
40 8 100
40 8 100
40 8 100
41 8 100
41 8 100
41 8 100
41 8 100
41 8 100
41 8 100
41 8 100
41 8 100
41 8 100
41 8 100
41 8 100
41 8 100
41 8 100
41 8 100
42 8 100
42 8 100
42 8 100
42 8 100
42 8 100
42 8 100
42 8 100
42 8 100
42 8 100
42 8 100
42 8 100
42 8 100
42 8 100
42 8 100
42 8 100
42 8 100
42 8 100
42 8 100
43 8 100
43 8 100
43 8 100
43 8 100
43 8 100
43 8 100
43 8 100
43 8 100
43 8 100
43 8 100
43 8 100
43 8 100
43 8 100
43 8 100
43 8 100
43 8 100
43 8 100
43 8 100
43 8 100
43 8 100
43 8 100
43 8 100
44 8 100
44 8 100
44 8 100
44 8 100
44 8 100
44 8 100
44 8 100
44 8 100
44 8 100
44 8 100
44 8 100
44 8 100
44 8 100
44 8 100
44 8 100
44 8 100
44 8 100
44 8 100
44 8 100
44 8 100
44 8 100
44 8 100
44 8 100
44 8 100
44 8 100
44 8 100
45 8 100
45 8 100
45 8 100
45 8 100
45 8 100
45 8 100
45 8 100
45 8 100
45 8 100
45 8 100
45 8 100
45 8 100
45 8 100
45 8 100
45 8 100
45 8 100
45 8 100
45 8 100
45 8 100
45 8 100
45 8 100
45 8 100
45 8 100
45 8 100
45 8 100
45 8 100
45 8 100
45 8 100
45 8 100
45 8 100
46 8 100
46 8 100
46 8 100
46 8 100
46 8 100
46 8 100
46 8 100
46 8 100
46 8 100
46 8 100
46 8 100
46 8 100
46 8 100
46 8 100
46 8 100
46 8 100
46 8 100
46 8 100
46 8 100
46 8 100
46 8 100
46 8 100
46 8 100
46 8 100
46 8 100
46 8 100
46 8 100
46 8 100
46 8 100
46 8 100
46 8 100
46 8 100
46 8 100
46 8 100
47 8 100
47 8 100
47 8 100
47 8 100
47 8 100
47 8 100
47 8 100
47 8 100
47 8 100
47 8 100
47 8 100
47 8 100
47 8 100
47 8 100
47 8 100
47 8 100
47 8 100
47 8 100
47 8 100
47 8 100
47 8 100
47 8 100
47 8 100
47 8 100
47 8 100
47 8 100
47 8 100
47 8 100
47 8 100
47 8 100
47 8 100
47 8 100
47 8 100
47 8 100
47 8 100
47 8 100
47 8 100
48 8 100
48 8 100
48 8 100
48 8 100
48 8 100
48 8 100
48 8 100
48 8 100
48 8 100
48 8 100
48 8 100
48 8 100
48 8 100
48 8 100
48 8 100
48 8 100
48 8 100
48 8 100
48 8 100
48 8 100
48 8 100
48 8 100
48 8 100
48 8 100
48 8 100
48 8 100
48 8 100
48 8 100
48 8 100
48 8 100
48 8 100
48 8 100
48 8 100
48 8 100
48 8 100
48 8 100
48 8 100
48 8 100
48 8 100
49 8 100
49 8 100
49 8 100
49 8 100
49 8 100
49 8 100
49 8 100
49 8 100
49 8 100
49 8 100
49 8 100
49 8 100
49 8 100
49 8 100
49 8 100
49 8 100
49 8 100
49 8 100
49 8 100
49 8 100
49 8 100
49 8 100
49 8 100
49 8 100
49 8 100
49 8 100
49 8 100
49 8 100
49 8 100
49 8 100
49 8 100
49 8 100
49 8 100
49 8 100
49 8 100
49 8 100
49 8 100
49 8 100
49 8 100
49 8 100
50 8 100
50 8 100
50 8 100
50 8 100
50 8 100
50 8 100
50 8 100
50 8 100
50 8 100
50 8 100
50 8 100
50 8 100
50 8 100
50 8 100
50 8 100
50 8 100
50 8 100
50 8 100
50 8 100
50 8 100
50 8 100
50 8 100
50 8 100
50 8 100
50 8 100
50 8 100
50 8 100
50 8 100
50 8 100
50 8 100
50 8 100
50 8 100
50 8 100
50 8 100
50 8 100
50 8 100
50 8 100
50 8 100
50 8 100
51 8 100
51 8 100
51 8 100
51 8 100
51 8 100
51 8 100
51 8 100
51 8 100
51 8 100
51 8 100
51 8 100
51 8 100
51 8 100
51 8 100
51 8 100
51 8 100
51 8 100
51 8 100
51 8 100
51 8 100
51 8 100
51 8 100
51 8 100
51 8 100
51 8 100
51 8 100
51 8 100
51 8 100
51 8 100
51 8 100
51 8 100
51 8 100
51 8 100
51 8 100
51 8 100
51 8 100
51 8 100
51 8 100
51 8 100
52 8 100
52 8 100
52 8 100
52 8 100
52 8 100
52 8 100
52 8 100
52 8 100
52 8 100
52 8 100
52 8 100
52 8 100
52 8 100
52 8 100
52 8 100
52 8 100
52 8 100
52 8 100
52 8 100
52 8 100
52 8 100
52 8 100
52 8 100
52 8 100
52 8 100
52 8 100
52 8 100
52 8 100
52 8 100
52 8 100
52 8 100
52 8 100
52 8 100
52 8 100
52 8 100
52 8 100
52 8 100
53 8 100
53 8 100
53 8 100
53 8 100
53 8 100
53 8 100
53 8 100
53 8 100
53 8 100
53 8 100
53 8 100
53 8 100
53 8 100
53 8 100
53 8 100
53 8 100
53 8 100
53 8 100
53 8 100
53 8 100
53 8 100
53 8 100
53 8 100
53 8 100
53 8 100
53 8 100
53 8 100
53 8 100
53 8 100
53 8 100
53 8 100
53 8 100
53 8 100
53 8 100
53 8 100
53 8 100
54 8 100
54 8 100
54 8 100
54 8 100
54 8 100
54 8 100
54 8 100
54 8 100
54 8 100
54 8 100
54 8 100
54 8 100
54 8 100
54 8 100
54 8 100
54 8 100
54 8 100
54 8 100
54 8 100
54 8 100
54 8 100
54 8 100
54 8 100
54 8 100
54 8 100
54 8 100
54 8 100
54 8 100
54 8 100
54 8 100
54 8 100
54 8 100
54 8 100
54 8 100
54 8 100
54 8 100
55 8 100
55 8 100
55 8 100
55 8 100
55 8 100
55 8 100
55 8 100
55 8 100
55 8 100
55 8 100
55 8 100
55 8 100
55 8 100
55 8 100
55 8 100
55 8 100
55 8 100
55 8 100
55 8 100
55 8 100
55 8 100
55 8 100
55 8 100
55 8 100
55 8 100
55 8 100
55 8 100
55 8 100
55 8 100
55 8 100
55 8 100
55 8 100
55 8 100
55 8 100
55 8 100
55 8 100
56 8 100
56 8 100
56 8 100
56 8 100
56 8 100
56 8 100
56 8 100
56 8 100
56 8 100
56 8 100
56 8 100
56 8 100
56 8 100
56 8 100
56 8 100
56 8 100
56 8 100
56 8 100
56 8 100
56 8 100
56 8 100
56 8 100
56 8 100
56 8 100
56 8 100
56 8 100
56 8 100
56 8 100
56 8 100
56 8 100
56 8 100
56 8 100
56 8 100
56 8 100
56 8 100
56 8 100
56 8 100
57 8 100
57 8 100
57 8 100
57 8 100
57 8 100
57 8 100
57 8 100
57 8 100
57 8 100
57 8 100
57 8 100
57 8 100
57 8 100
57 8 100
57 8 100
57 8 100
57 8 100
57 8 100
57 8 100
57 8 100
57 8 100
57 8 100
57 8 100
57 8 100
57 8 100
57 8 100
57 8 100
57 8 100
57 8 100
57 8 100
57 8 100
57 8 100
57 8 100
57 8 100
57 8 100
57 8 100
57 8 100
57 8 100
57 8 100
58 8 100
58 8 100
58 8 100
58 8 100
58 8 100
58 8 100
58 8 100
58 8 100
58 8 100
58 8 100
58 8 100
58 8 100
58 8 100
58 8 100
58 8 100
58 8 100
58 8 100
58 8 100
58 8 100
58 8 100
58 8 100
58 8 100
58 8 100
58 8 100
58 8 100
58 8 100
58 8 100
58 8 100
58 8 100
58 8 100
58 8 100
58 8 100
58 8 100
58 8 100
58 8 100
58 8 100
58 8 100
58 8 100
58 8 100
58 8 100
59 8 100
59 8 100
59 8 100
59 8 100
59 8 100
59 8 100
59 8 100
59 8 100
59 8 100
59 8 100
59 8 100
59 8 100
59 8 100
59 8 100
59 8 100
59 8 100
59 8 100
59 8 100
59 8 100
59 8 100
59 8 100
59 8 100
59 8 100
59 8 100
59 8 100
59 8 100
59 8 100
59 8 100
59 8 100
59 8 100
59 8 100
59 8 100
59 8 100
59 8 100
59 8 100
59 8 100
59 8 100
59 8 100
59 8 100
59 8 100
59 8 100
59 8 100
60 8 100
60 8 100
60 8 100
60 8 100
60 8 100
60 8 100
60 8 100
60 8 100
60 8 100
60 8 100
60 8 100
60 8 100
60 8 100
60 8 100
60 8 100
60 8 100
60 8 100
60 8 100
60 8 100
60 8 100
60 8 100
60 8 100
60 8 100
60 8 100
60 8 100
60 8 100
60 8 100
60 8 100
60 8 100
60 8 100
60 8 100
60 8 100
60 8 100
60 8 100
60 8 100
60 8 100
60 8 100
60 8 100
60 8 100
60 8 100
60 8 100
60 8 100
60 8 100
60 8 100
61 8 100
61 8 100
61 8 100
61 8 100
61 8 100
61 8 100
61 8 100
61 8 100
61 8 100
61 8 100
61 8 100
61 8 100
61 8 100
61 8 100
61 8 100
61 8 100
61 8 100
61 8 100
61 8 100
61 8 100
61 8 100
61 8 100
61 8 100
61 8 100
61 8 100
61 8 100
61 8 100
61 8 100
61 8 100
61 8 100
61 8 100
61 8 100
61 8 100
61 8 100
61 8 100
61 8 100
61 8 100
61 8 100
61 8 100
61 8 100
61 8 100
61 8 100
61 8 100
61 8 100
61 8 100
62 8 100
62 8 100
62 8 100
62 8 100
62 8 100
62 8 100
62 8 100
62 8 100
62 8 100
62 8 100
62 8 100
62 8 100
62 8 100
62 8 100
62 8 100
62 8 100
62 8 100
62 8 100
62 8 100
62 8 100
62 8 100
62 8 100
62 8 100
62 8 100
62 8 100
62 8 100
62 8 100
62 8 100
62 8 100
62 8 100
62 8 100
62 8 100
62 8 100
62 8 100
62 8 100
62 8 100
62 8 100
62 8 100
62 8 100
62 8 100
62 8 100
62 8 100
62 8 100
62 8 100
62 8 100
63 8 100
63 8 100
63 8 100
63 8 100
63 8 100
63 8 100
63 8 100
63 8 100
63 8 100
63 8 100
63 8 100
63 8 100
63 8 100
63 8 100
63 8 100
63 8 100
63 8 100
63 8 100
63 8 100
63 8 100
63 8 100
63 8 100
63 8 100
63 8 100
63 8 100
63 8 100
63 8 100
63 8 100
63 8 100
63 8 100
63 8 100
63 8 100
63 8 100
63 8 100
63 8 100
63 8 100
63 8 100
63 8 100
63 8 100
63 8 100
63 8 100
63 8 100
63 8 100
63 8 100
63 8 100
64 8 100
64 8 100
64 8 100
64 8 100
64 8 100
64 8 100
64 8 100
64 8 100
64 8 100
64 8 100
64 8 100
64 8 100
64 8 100
64 8 100
64 8 100
64 8 100
64 8 100
64 8 100
64 8 100
64 8 100
64 8 100
64 8 100
64 8 100
64 8 100
64 8 100
64 8 100
64 8 100
64 8 100
64 8 100
64 8 100
64 8 100
64 8 100
64 8 100
64 8 100
64 8 100
64 8 100
64 8 100
64 8 100
64 8 100
64 8 100
64 8 100
64 8 100
64 8 100
64 8 100
65 8 100
65 8 100
65 8 100
65 8 100
65 8 100
65 8 100
65 8 100
65 8 100
65 8 100
65 8 100
65 8 100
65 8 100
65 8 100
65 8 100
65 8 100
65 8 100
65 8 100
65 8 100
65 8 100
65 8 100
65 8 100
65 8 100
65 8 100
65 8 100
65 8 100
65 8 100
65 8 100
65 8 100
65 8 100
65 8 100
65 8 100
65 8 100
65 8 100
65 8 100
65 8 100
65 8 100
65 8 100
65 8 100
65 8 100
65 8 100
65 8 100
65 8 100
66 8 100
66 8 100
66 8 100
66 8 100
66 8 100
66 8 100
66 8 100
66 8 100
66 8 100
66 8 100
66 8 100
66 8 100
66 8 100
66 8 100
66 8 100
66 8 100
66 8 100
66 8 100
66 8 100
66 8 100
66 8 100
66 8 100
66 8 100
66 8 100
66 8 100
66 8 100
66 8 100
66 8 100
66 8 100
66 8 100
66 8 100
66 8 100
66 8 100
66 8 100
66 8 100
66 8 100
66 8 100
66 8 100
66 8 100
67 8 100
67 8 100
67 8 100
67 8 100
67 8 100
67 8 100
67 8 100
67 8 100
67 8 100
67 8 100
67 8 100
67 8 100
67 8 100
67 8 100
67 8 100
67 8 100
67 8 100
67 8 100
67 8 100
67 8 100
67 8 100
67 8 100
67 8 100
67 8 100
67 8 100
67 8 100
67 8 100
67 8 100
67 8 100
67 8 100
67 8 100
67 8 100
67 8 100
67 8 100
67 8 100
68 8 100
68 8 100
68 8 100
68 8 100
68 8 100
68 8 100
68 8 100
68 8 100
68 8 100
68 8 100
68 8 100
68 8 100
68 8 100
68 8 100
68 8 100
68 8 100
68 8 100
68 8 100
68 8 100
68 8 100
68 8 100
68 8 100
68 8 100
68 8 100
68 8 100
68 8 100
68 8 100
68 8 100
68 8 100
68 8 100
68 8 100
68 8 100
69 8 100
69 8 100
69 8 100
69 8 100
69 8 100
69 8 100
69 8 100
69 8 100
69 8 100
69 8 100
69 8 100
69 8 100
69 8 100
69 8 100
69 8 100
69 8 100
69 8 100
69 8 100
69 8 100
69 8 100
69 8 100
69 8 100
69 8 100
69 8 100
69 8 100
69 8 100
69 8 100
69 8 100
69 8 100
70 8 100
70 8 100
70 8 100
70 8 100
70 8 100
70 8 100
70 8 100
70 8 100
70 8 100
70 8 100
70 8 100
70 8 100
70 8 100
70 8 100
70 8 100
70 8 100
70 8 100
70 8 100
70 8 100
70 8 100
70 8 100
70 8 100
70 8 100
70 8 100
70 8 100
70 8 100
71 8 100
71 8 100
71 8 100
71 8 100
71 8 100
71 8 100
71 8 100
71 8 100
71 8 100
71 8 100
71 8 100
71 8 100
71 8 100
71 8 100
71 8 100
71 8 100
71 8 100
71 8 100
71 8 100
71 8 100
71 8 100
71 8 100
71 8 100
71 8 100
72 8 100
72 8 100
72 8 100
72 8 100
72 8 100
72 8 100
72 8 100
72 8 100
72 8 100
72 8 100
72 8 100
72 8 100
72 8 100
72 8 100
72 8 100
72 8 100
72 8 100
72 8 100
72 8 100
72 8 100
72 8 100
72 8 100
72 8 100
73 8 100
73 8 100
73 8 100
73 8 100
73 8 100
73 8 100
73 8 100
73 8 100
73 8 100
73 8 100
73 8 100
73 8 100
73 8 100
73 8 100
73 8 100
73 8 100
73 8 100
73 8 100
73 8 100
73 8 100
73 8 100
73 8 100
73 8 100
74 8 100
74 8 100
74 8 100
74 8 100
74 8 100
74 8 100
74 8 100
74 8 100
74 8 100
74 8 100
74 8 100
74 8 100
74 8 100
74 8 100
74 8 100
74 8 100
74 8 100
74 8 100
74 8 100
74 8 100
74 8 100
74 8 100
74 8 100
75 8 100
75 8 100
75 8 100
75 8 100
75 8 100
75 8 100
75 8 100
75 8 100
75 8 100
75 8 100
75 8 100
75 8 100
75 8 100
75 8 100
75 8 100
75 8 100
75 8 100
75 8 100
75 8 100
75 8 100
75 8 100
75 8 100
75 8 100
75 8 100
76 8 100
76 8 100
76 8 100
76 8 100
76 8 100
76 8 100
76 8 100
76 8 100
76 8 100
76 8 100
76 8 100
76 8 100
76 8 100
76 8 100
76 8 100
76 8 100
76 8 100
76 8 100
76 8 100
76 8 100
76 8 100
76 8 100
76 8 100
76 8 100
76 8 100
77 8 100
77 8 100
77 8 100
77 8 100
77 8 100
77 8 100
77 8 100
77 8 100
77 8 100
77 8 100
77 8 100
77 8 100
77 8 100
77 8 100
77 8 100
77 8 100
77 8 100
77 8 100
77 8 100
77 8 100
77 8 100
77 8 100
77 8 100
77 8 100
77 8 100
78 8 100
78 8 100
78 8 100
78 8 100
78 8 100
78 8 100
78 8 100
78 8 100
78 8 100
78 8 100
78 8 100
78 8 100
78 8 100
78 8 100
78 8 100
78 8 100
78 8 100
78 8 100
78 8 100
78 8 100
78 8 100
78 8 100
78 8 100
78 8 100
79 8 100
79 8 100
79 8 100
79 8 100
79 8 100
79 8 100
79 8 100
79 8 100
79 8 100
79 8 100
79 8 100
79 8 100
79 8 100
79 8 100
79 8 100
79 8 100
79 8 100
79 8 100
79 8 100
79 8 100
79 8 100
79 8 100
79 8 100
80 8 100
80 8 100
80 8 100
80 8 100
80 8 100
80 8 100
80 8 100
80 8 100
80 8 100
80 8 100
80 8 100
80 8 100
80 8 100
80 8 100
80 8 100
80 8 100
80 8 100
80 8 100
80 8 100
80 8 100
81 8 100
81 8 100
81 8 100
81 8 100
81 8 100
81 8 100
81 8 100
81 8 100
81 8 100
81 8 100
81 8 100
81 8 100
81 8 100
81 8 100
81 8 100
81 8 100
81 8 100
82 8 100
82 8 100
82 8 100
82 8 100
82 8 100
82 8 100
82 8 100
82 8 100
82 8 100
82 8 100
82 8 100
82 8 100
82 8 100
82 8 100
82 8 100
83 8 100
83 8 100
83 8 100
83 8 100
83 8 100
83 8 100
83 8 100
83 8 100
83 8 100
83 8 100
83 8 100
83 8 100
83 8 100
84 8 100
84 8 100
84 8 100
84 8 100
84 8 100
84 8 100
84 8 100
84 8 100
84 8 100
84 8 100
84 8 100
85 8 100
85 8 100
85 8 100
85 8 100
85 8 100
85 8 100
85 8 100
85 8 100
85 8 100
85 8 100
86 8 100
86 8 100
86 8 100
86 8 100
86 8 100
86 8 100
86 8 100
86 8 100
86 8 100
86 8 100
87 8 100
87 8 100
87 8 100
87 8 100
87 8 100
87 8 100
87 8 100
87 8 100
87 8 100
88 8 100
88 8 100
88 8 100
88 8 100
88 8 100
88 8 100
88 8 100
88 8 100
89 8 100
89 8 100
89 8 100
89 8 100
89 8 100
89 8 100
89 8 100
89 8 100
90 8 100
90 8 100
90 8 100
90 8 100
90 8 100
90 8 100
90 8 100
91 8 100
91 8 100
91 8 100
91 8 100
91 8 100
91 8 100
92 8 100
92 8 100
92 8 100
92 8 100
92 8 100
93 8 100
93 8 100
93 8 100
93 8 100
94 8 100
94 8 100
94 8 100
94 8 100
95 8 100
95 8 100
95 8 100
96 8 100
96 8 100
96 8 100
97 8 100
97 8 100
97 8 100
98 8 100
98 8 100
98 8 100
98 8 100
99 8 100
99 8 100
99 8 100
99 8 100
100 8 100
100 8 100
100 8 100
100 8 100
101 8 100
101 8 100
101 8 100
101 8 100
101 8 100
102 8 100
102 8 100
102 8 100
102 8 100
102 8 100
103 8 100
103 8 100
103 8 100
103 8 100
104 8 100
104 8 100
104 8 100
104 8 100
105 8 100
105 8 100
105 8 100
105 8 100
106 8 100
106 8 100
106 8 100
107 8 100
107 8 100
107 8 100
108 8 100
108 8 100
109 8 100
109 8 100
110 8 100
110 8 100
111 8 100
111 8 100
112 8 100
112 8 100
112 8 100
113 8 100
113 8 100
113 8 100
114 8 100
114 8 100
114 8 100
114 8 100
115 8 100
115 8 100
115 8 100
115 8 100
115 8 100
116 8 100
116 8 100
116 8 100
116 8 100
116 8 100
116 8 100
117 8 100
117 8 100
117 8 100
117 8 100
117 8 100
117 8 100
117 8 100
118 8 100
118 8 100
118 8 100
118 8 100
118 8 100
118 8 100
118 8 100
118 8 100
118 8 100
119 8 100
119 8 100
119 8 100
119 8 100
119 8 100
119 8 100
119 8 100
119 8 100
119 8 100
119 8 100
119 8 100
120 8 100
120 8 100
120 8 100
120 8 100
120 8 100
120 8 100
120 8 100
120 8 100
120 8 100
120 8 100
120 8 100
120 8 100
120 8 100
121 8 100
121 8 100
121 8 100
121 8 100
121 8 100
121 8 100
121 8 100
121 8 100
121 8 100
121 8 100
121 8 100
121 8 100
121 8 100
121 8 100
121 8 100
122 8 100
122 8 100
122 8 100
122 8 100
122 8 100
122 8 100
122 8 100
122 8 100
122 8 100
122 8 100
122 8 100
122 8 100
122 8 100
122 8 100
122 8 100
122 8 100
122 8 100
123 8 100
123 8 100
123 8 100
123 8 100
123 8 100
123 8 100
123 8 100
123 8 100
123 8 100
123 8 100
123 8 100
123 8 100
123 8 100
123 8 100
123 8 100
123 8 100
123 8 100
124 8 100
124 8 100
124 8 100
124 8 100
124 8 100
124 8 100
124 8 100
124 8 100
124 8 100
124 8 100
124 8 100
124 8 100
124 8 100
124 8 100
124 8 100
124 8 100
124 8 100
125 8 100
125 8 100
125 8 100
125 8 100
125 8 100
125 8 100
125 8 100
125 8 100
125 8 100
125 8 100
125 8 100
125 8 100
125 8 100
125 8 100
125 8 100
125 8 100
126 8 100
126 8 100
126 8 100
126 8 100
126 8 100
126 8 100
126 8 100
126 8 100
126 8 100
126 8 100
126 8 100
126 8 100
126 8 100
126 8 100
126 8 100
126 9 100
126 9 100
126 9 100
126 9 100
126 9 100
126 9 100
126 9 100
126 9 100
126 9 100
126 9 100
126 9 100
126 9 100
126 9 100
126 9 100
126 10 100
126 10 100
126 10 100
126 10 100
126 10 100
126 10 100
126 10 100
126 10 100
126 10 100
126 10 100
126 10 100
126 10 100
126 10 100
126 11 100
126 11 100
126 11 100
126 11 100
126 11 100
126 11 100
126 11 100
126 11 100
126 11 100
126 11 100
126 11 100
126 11 100
126 12 100
126 12 100
126 12 100
126 12 100
126 12 100
126 12 100
126 12 100
126 12 100
126 12 100
126 12 100
126 12 100
126 13 100
126 13 100
126 13 100
126 13 100
126 13 100
126 13 100
126 13 100
126 13 100
126 13 100
126 14 100
126 14 100
126 14 100
126 14 100
126 14 100
126 14 100
126 14 100
126 15 100
126 15 100
126 15 100
126 15 100
126 15 100
126 15 100
126 16 100
126 16 100
126 16 100
126 16 100
126 16 100
126 16 100
126 17 100
126 17 100
126 17 100
126 17 100
126 17 100
126 18 100
126 18 100
126 18 100
126 18 100
126 18 100
126 19 100
126 19 100
126 19 100
126 19 100
126 19 100
126 20 100
126 20 100
126 20 100
126 20 100
126 20 100
126 21 100
126 21 100
126 21 100
126 21 100
126 21 100
126 21 100
126 22 100
126 22 100
126 22 100
126 22 100
126 22 100
126 22 100
126 23 100
126 23 100
126 23 100
126 23 100
126 23 100
126 23 100
126 24 100
126 24 100
126 24 100
126 24 100
126 24 100
126 24 100
126 25 100
126 25 100
126 25 100
126 25 100
126 25 100
126 25 100
126 25 100
126 26 100
126 26 100
126 26 100
126 26 100
126 26 100
126 26 100
126 26 100
126 27 100
126 27 100
126 27 100
126 27 100
126 27 100
126 27 100
126 27 100
126 28 100
126 28 100
126 28 100
126 28 100
126 28 100
126 28 100
126 28 100
126 29 100
126 29 100
126 29 100
126 29 100
126 29 100
126 29 100
126 30 100
126 30 100
126 30 100
126 30 100
126 30 100
126 31 100
126 31 100
126 31 100
126 31 100
126 32 100
126 32 100
126 32 100
126 33 100
126 33 100
126 33 100
126 34 100
126 34 100
126 35 100
126 35 100
126 36 100
126 36 100
126 37 100
126 38 100
126 39 100
126 39 100
126 40 100
126 40 100
126 41 100
126 41 100
126 42 100
126 42 100
126 43 100
126 43 100
126 44 100
126 45 100
126 46 100
126 47 100
126 48 100
126 49 100
126 50 100
126 51 100
126 52 100
126 53 100
126 54 100
126 55 100
126 56 100
126 57 100
126 58 100
126 59 100
126 60 100
126 61 100
126 62 100
126 63 100
126 64 100
126 65 100
126 66 100
126 67 100
126 68 100
126 69 100
126 70 100
126 71 100
126 72 100
126 73 100
126 74 100
126 75 100
126 76 100
126 77 100
126 78 100
126 79 100
126 80 100
126 81 100
126 82 100
126 83 100
126 84 100
126 85 100
126 86 100
126 87 100
126 88 100
126 89 100
126 90 100
126 91 100
126 92 100
126 93 100
126 94 100
126 95 100
126 96 100
126 97 100
126 98 100
126 99 100
126 100 100
126 101 100
126 102 100
126 103 100
126 104 100
126 105 100
126 106 100
126 107 100
126 108 100
126 109 100
126 110 100
126 111 100
126 112 100
126 113 100
126 114 100
126 115 100
126 116 100
126 117 100
126 118 100
126 119 100
126 120 100
126 121 100
126 122 100
126 123 100
126 124 100
126 125 100
126 126 100
126 127 100
126 128 100
126 129 100
126 130 100
126 131 100
126 132 100
126 133 100
126 134 100
126 135 100
126 136 100
126 137 100
126 137 100
126 138 100
126 138 100
126 139 100
126 140 100
126 141 100
126 142 100
126 143 100
126 144 100
126 145 100
126 146 100
126 147 100
126 148 100
126 149 100
126 150 100
126 151 100
126 152 100
126 153 100
126 154 100
126 155 100
126 156 100
126 157 100
126 158 100
126 159 100
# move from (180,117) to (126,159)
180 117 100
179 117 100
178 117 100
177 117 100
176 117 100
175 117 100
174 117 100
173 117 100
173 117 100
172 117 100
172 117 100
171 117 100
171 117 100
170 117 100
170 117 100
169 117 100
169 117 100
168 117 100
168 117 100
167 117 100
167 117 100
166 117 100
166 117 100
165 117 100
165 117 100
164 117 100
164 117 100
163 117 100
163 117 100
163 117 100
162 117 100
162 117 100
162 117 100
161 117 100
161 117 100
161 117 100
161 117 100
160 117 100
160 117 100
160 117 100
160 117 100
159 117 100
159 117 100
159 117 100
159 117 100
158 117 100
158 117 100
158 117 100
157 117 100
157 117 100
157 117 100
156 117 100
156 117 100
156 117 100
155 117 100
155 117 100
154 117 100
154 117 100
153 117 100
153 117 100
152 117 100
152 117 100
151 117 100
151 117 100
151 117 100
150 117 100
150 117 100
150 117 100
149 117 100
149 117 100
149 117 100
148 117 100
148 117 100
148 117 100
147 117 100
147 117 100
147 117 100
147 117 100
146 117 100
146 117 100
146 117 100
146 117 100
145 117 100
145 117 100
145 117 100
144 117 100
144 117 100
144 117 100
143 117 100
143 117 100
142 117 100
142 117 100
141 117 100
140 117 100
139 117 100
138 117 100
137 117 100
136 117 100
135 117 100
134 117 100
133 117 100
132 117 100
131 117 100
130 117 100
129 117 100
128 117 100
127 117 100
# move from (59,141) to (126,159)
59 141 100
60 141 100
61 141 100
62 141 100
63 141 100
64 141 100
65 141 100
66 141 100
67 141 100
68 141 100
69 141 100
70 141 100
71 141 100
72 141 100
73 141 100
74 141 100
75 141 100
76 141 100
77 141 100
78 141 100
79 141 100
80 141 100
81 141 100
82 141 100
83 141 100
84 141 100
85 141 100
86 141 100
87 141 100
88 141 100
89 141 100
89 141 100
90 141 100
90 141 100
91 141 100
91 141 100
92 141 100
92 141 100
93 141 100
93 141 100
94 141 100
94 141 100
95 141 100
95 141 100
96 141 100
96 141 100
97 141 100
97 141 100
98 141 100
98 141 100
99 141 100
99 141 100
100 141 100
100 141 100
101 141 100
101 141 100
102 141 100
102 141 100
103 141 100
103 141 100
104 141 100
104 141 100
105 141 100
105 141 100
106 141 100
107 141 100
108 141 100
109 141 100
110 141 100
111 141 100
112 141 100
113 141 100
114 141 100
115 141 100
116 141 100
117 141 100
118 141 100
119 141 100
120 141 100
121 141 100
121 141 100
122 141 100
122 141 100
123 141 100
123 141 100
124 141 100
125 141 100
# move from (101,31) to (126,159)
101 31 100
102 31 100
103 31 100
104 31 100
105 31 100
106 31 100
107 31 100
108 31 100
109 31 100
110 31 100
111 31 100
112 31 100
113 31 100
113 31 100
114 31 100
114 31 100
115 31 100
115 31 100
116 31 100
116 31 100
117 31 100
117 31 100
118 31 100
118 31 100
119 31 100
119 31 100
120 31 100
120 31 100
121 31 100
121 31 100
122 31 100
122 31 100
122 31 100
123 31 100
123 31 100
123 31 100
124 31 100
124 31 100
124 31 100
124 31 100
125 31 100
125 31 100
125 31 100
125 31 100
