# move from (25,165) to (102,62)
25 165 100
26 165 100
27 165 100
28 165 100
29 165 100
30 165 100
31 165 100
32 165 100
33 165 100
34 165 100
35 165 100
36 165 100
37 165 100
38 165 100
39 165 100
40 165 100
40 165 100
41 165 100
41 165 100
42 165 100
42 165 100
43 165 100
44 165 100
45 165 100
46 165 100
47 165 100
48 165 100
49 165 100
50 165 100
51 165 100
52 165 100
53 165 100
54 165 100
55 165 100
55 165 100
56 165 100
56 165 100
57 165 100
57 165 100
58 165 100
58 165 100
58 165 100
59 165 100
59 165 100
59 165 100
60 165 100
60 165 100
60 165 100
61 165 100
61 165 100
61 165 100
61 165 100
62 165 100
62 165 100
62 165 100
62 165 100
63 165 100
63 165 100
63 165 100
63 165 100
63 165 100
64 165 100
64 165 100
64 165 100
64 165 100
64 165 100
64 165 100
65 165 100
65 165 100
65 165 100
65 165 100
65 165 100
65 165 100
65 165 100
66 165 100
66 165 100
66 165 100
66 165 100
66 165 100
66 165 100
66 165 100
66 165 100
67 165 100
67 165 100
67 165 100
67 165 100
67 165 100
67 165 100
67 165 100
67 165 100
67 165 100
68 165 100
68 165 100
68 165 100
68 165 100
68 165 100
68 165 100
68 165 100
68 165 100
68 165 100
69 165 100
69 165 100
69 165 100
69 165 100
69 165 100
69 165 100
69 165 100
69 165 100
69 165 100
70 165 100
70 165 100
70 165 100
70 165 100
70 165 100
70 165 100
70 165 100
70 165 100
70 165 100
71 165 100
71 165 100
71 165 100
71 165 100
71 165 100
71 165 100
71 165 100
71 165 100
71 165 100
72 165 100
72 165 100
72 165 100
72 165 100
72 165 100
72 165 100
72 165 100
72 165 100
73 165 100
73 165 100
73 165 100
73 165 100
73 165 100
73 165 100
73 165 100
73 165 100
74 165 100
74 165 100
74 165 100
74 165 100
74 165 100
74 165 100
74 165 100
75 165 100
75 165 100
75 165 100
75 165 100
75 165 100
75 165 100
75 165 100
76 165 100
76 165 100
76 165 100
76 165 100
76 165 100
76 165 100
77 165 100
77 165 100
77 165 100
77 165 100
77 165 100
77 165 100
78 165 100
78 165 100
78 165 100
78 165 100
78 165 100
78 165 100
79 165 100
79 165 100
79 165 100
79 165 100
79 165 100
79 165 100
80 165 100
80 165 100
80 165 100
80 165 100
80 165 100
80 165 100
81 165 100
81 165 100
81 165 100
81 165 100
81 165 100
81 165 100
82 165 100
82 165 100
82 165 100
82 165 100
82 165 100
82 165 100
83 165 100
83 165 100
83 165 100
83 165 100
83 165 100
83 165 100
83 165 100
84 165 100
84 165 100
84 165 100
84 165 100
84 165 100
84 165 100
84 165 100
85 165 100
85 165 100
85 165 100
85 165 100
85 165 100
85 165 100
85 165 100
86 165 100
86 165 100
86 165 100
86 165 100
86 165 100
86 165 100
86 165 100
87 165 100
87 165 100
87 165 100
87 165 100
87 165 100
87 165 100
87 165 100
88 165 100
88 165 100
88 165 100
88 165 100
88 165 100
88 165 100
89 165 100
89 165 100
89 165 100
89 165 100
89 165 100
89 165 100
90 165 100
90 165 100
90 165 100
90 165 100
90 165 100
90 165 100
91 165 100
91 165 100
91 165 100
91 165 100
91 165 100
92 165 100
92 165 100
92 165 100
92 165 100
92 165 100
93 165 100
93 165 100
93 165 100
93 165 100
94 165 100
94 165 100
94 165 100
94 165 100
95 165 100
95 165 100
95 165 100
95 165 100
96 165 100
96 165 100
96 165 100
96 165 100
97 165 100
97 165 100
97 165 100
97 165 100
98 165 100
98 165 100
98 165 100
98 165 100
99 165 100
99 165 100
99 165 100
99 165 100
100 165 100
100 165 100
100 165 100
100 165 100
100 165 100
101 165 100
101 165 100
101 165 100
101 165 100
101 165 100
102 165 100
102 165 100
102 165 100
102 165 100
102 165 100
102 165 100
102 164 100
102 164 100
102 164 100
102 164 100
102 164 100
102 164 100
102 164 100
102 163 100
102 163 100
102 163 100
102 163 100
102 163 100
102 163 100
102 163 100
102 162 100
102 162 100
102 162 100
102 162 100
102 162 100
102 162 100
102 162 100
102 162 100
102 161 100
102 161 100
102 161 100
102 161 100
102 161 100
102 161 100
102 161 100
102 161 100
102 161 100
102 160 100
102 160 100
102 160 100
102 160 100
102 160 100
102 160 100
102 160 100
102 160 100
102 160 100
102 159 100
102 159 100
102 159 100
102 159 100
102 159 100
102 159 100
102 159 100
102 159 100
102 159 100
102 159 100
102 158 100
102 158 100
102 158 100
102 158 100
102 158 100
102 158 100
102 158 100
102 158 100
102 158 100
102 158 100
102 158 100
102 157 100
102 157 100
102 157 100
102 157 100
102 157 100
102 157 100
102 157 100
102 157 100
102 157 100
102 157 100
102 157 100
102 157 100
102 156 100
102 156 100
102 156 100
102 156 100
102 156 100
102 156 100
102 156 100
102 156 100
102 156 100
102 156 100
102 156 100
102 156 100
102 156 100
102 155 100
102 155 100
102 155 100
102 155 100
102 155 100
102 155 100
102 155 100
102 155 100
102 155 100
102 155 100
102 155 100
102 155 100
102 155 100
102 155 100
102 155 100
102 154 100
102 154 100
102 154 100
102 154 100
102 154 100
102 154 100
102 154 100
102 154 100
102 154 100
102 154 100
102 154 100
102 154 100
102 154 100
102 154 100
102 154 100
102 154 100
102 154 100
102 154 100
102 153 100
102 153 100
102 153 100
102 153 100
102 153 100
102 153 100
102 153 100
102 153 100
102 153 100
102 153 100
102 153 100
102 153 100
102 153 100
102 153 100
102 153 100
102 153 100
102 153 100
102 153 100
102 153 100
102 153 100
102 153 100
102 152 100
102 152 100
102 152 100
102 152 100
102 152 100
102 152 100
102 152 100
102 152 100
102 152 100
102 152 100
102 152 100
102 152 100
102 152 100
102 152 100
102 152 100
102 152 100
102 152 100
102 152 100
102 152 100
102 152 100
102 152 100
102 152 100
102 152 100
102 152 100
102 151 100
102 151 100
102 151 100
102 151 100
102 151 100
102 151 100
102 151 100
102 151 100
102 151 100
102 151 100
102 151 100
102 151 100
102 151 100
102 151 100
102 151 100
102 151 100
102 151 100
102 151 100
102 151 100
102 151 100
102 151 100
102 151 100
102 151 100
102 151 100
102 151 100
102 151 100
102 150 100
102 150 100
102 150 100
102 150 100
102 150 100
102 150 100
102 150 100
102 150 100
102 150 100
102 150 100
102 150 100
102 150 100
102 150 100
102 150 100
102 150 100
102 150 100
102 150 100
102 150 100
102 150 100
102 150 100
102 150 100
102 150 100
102 150 100
102 150 100
102 150 100
102 150 100
102 150 100
102 150 100
102 150 100
102 149 100
102 149 100
102 149 100
102 149 100
102 149 100
102 149 100
102 149 100
102 149 100
102 149 100
102 149 100
102 149 100
102 149 100
102 149 100
102 149 100
102 149 100
102 149 100
102 149 100
102 149 100
102 149 100
102 149 100
102 149 100
102 149 100
102 149 100
102 149 100
102 149 100
102 149 100
102 149 100
102 149 100
102 149 100
102 149 100
102 149 100
102 148 100
102 148 100
102 148 100
102 148 100
102 148 100
102 148 100
102 148 100
102 148 100
102 148 100
102 148 100
102 148 100
102 148 100
102 148 100
102 148 100
102 148 100
102 148 100
102 148 100
102 148 100
102 148 100
102 148 100
102 148 100
102 148 100
102 148 100
102 148 100
102 148 100
102 148 100
102 148 100
102 148 100
102 148 100
102 148 100
102 148 100
102 148 100
102 148 100
102 147 100
102 147 100
102 147 100
102 147 100
102 147 100
102 147 100
102 147 100
102 147 100
102 147 100
102 147 100
102 147 100
102 147 100
102 147 100
102 147 100
102 147 100
102 147 100
102 147 100
102 147 100
102 147 100
102 147 100
102 147 100
102 147 100
102 147 100
102 147 100
102 147 100
102 147 100
102 147 100
102 147 100
102 147 100
102 147 100
102 147 100
102 147 100
102 147 100
102 147 100
102 147 100
102 146 100
102 146 100
102 146 100
102 146 100
102 146 100
102 146 100
102 146 100
102 146 100
102 146 100
102 146 100
102 146 100
102 146 100
102 146 100
102 146 100
102 146 100
102 146 100
102 146 100
102 146 100
102 146 100
102 146 100
102 146 100
102 146 100
102 146 100
102 146 100
102 146 100
102 146 100
102 146 100
102 146 100
102 146 100
102 146 100
102 146 100
102 146 100
102 146 100
102 146 100
102 146 100
102 146 100
102 146 100
102 145 100
102 145 100
102 145 100
102 145 100
102 145 100
102 145 100
102 145 100
102 145 100
102 145 100
102 145 100
102 145 100
102 145 100
102 145 100
102 145 100
102 145 100
102 145 100
102 145 100
102 145 100
102 145 100
102 145 100
102 145 100
102 145 100
102 145 100
102 145 100
102 145 100
102 145 100
102 145 100
102 145 100
102 145 100
102 145 100
102 145 100
102 145 100
102 145 100
102 145 100
102 145 100
102 145 100
102 145 100
102 145 100
102 145 100
102 144 100
102 144 100
102 144 100
102 144 100
102 144 100
102 144 100
102 144 100
102 144 100
102 144 100
102 144 100
102 144 100
102 144 100
102 144 100
102 144 100
102 144 100
102 144 100
102 144 100
102 144 100
102 144 100
102 144 100
102 144 100
102 144 100
102 144 100
102 144 100
102 144 100
102 144 100
102 144 100
102 144 100
102 144 100
102 144 100
102 144 100
102 144 100
102 144 100
102 144 100
102 144 100
102 144 100
102 144 100
102 144 100
102 144 100
102 144 100
102 143 100
102 143 100
102 143 100
102 143 100
102 143 100
102 143 100
102 143 100
102 143 100
102 143 100
102 143 100
102 143 100
102 143 100
102 143 100
102 143 100
102 143 100
102 143 100
102 143 100
102 143 100
102 143 100
102 143 100
102 143 100
102 143 100
102 143 100
102 143 100
102 143 100
102 143 100
102 143 100
102 143 100
102 143 100
102 143 100
102 143 100
102 143 100
102 143 100
102 143 100
102 143 100
102 143 100
102 143 100
102 143 100
102 143 100
102 143 100
102 143 100
102 142 100
102 142 100
102 142 100
102 142 100
102 142 100
102 142 100
102 142 100
102 142 100
102 142 100
102 142 100
102 142 100
102 142 100
102 142 100
102 142 100
102 142 100
102 142 100
102 142 100
102 142 100
102 142 100
102 142 100
102 142 100
102 142 100
102 142 100
102 142 100
102 142 100
102 142 100
102 142 100
102 142 100
102 142 100
102 142 100
102 142 100
102 142 100
102 142 100
102 142 100
102 142 100
102 142 100
102 142 100
102 142 100
102 142 100
102 142 100
102 142 100
102 141 100
102 141 100
102 141 100
102 141 100
102 141 100
102 141 100
102 141 100
102 141 100
102 141 100
102 141 100
102 141 100
102 141 100
102 141 100
102 141 100
102 141 100
102 141 100
102 141 100
102 141 100
102 141 100
102 141 100
102 141 100
102 141 100
102 141 100
102 141 100
102 141 100
102 141 100
102 141 100
102 141 100
102 141 100
102 141 100
102 141 100
102 141 100
102 141 100
102 141 100
102 141 100
102 141 100
102 141 100
102 141 100
102 141 100
102 141 100
102 141 100
102 140 100
102 140 100
102 140 100
102 140 100
102 140 100
102 140 100
102 140 100
102 140 100
102 140 100
102 140 100
102 140 100
102 140 100
102 140 100
102 140 100
102 140 100
102 140 100
102 140 100
102 140 100
102 140 100
102 140 100
102 140 100
102 140 100
102 140 100
102 140 100
102 140 100
102 140 100
102 140 100
102 140 100
102 140 100
102 140 100
102 140 100
102 140 100
102 140 100
102 140 100
102 140 100
102 140 100
102 140 100
102 140 100
102 140 100
102 140 100
102 139 100
102 139 100
102 139 100
102 139 100
102 139 100
102 139 100
102 139 100
102 139 100
102 139 100
102 139 100
102 139 100
102 139 100
102 139 100
102 139 100
102 139 100
102 139 100
102 139 100
102 139 100
102 139 100
102 139 100
102 139 100
102 139 100
102 139 100
102 139 100
102 139 100
102 139 100
102 139 100
102 139 100
102 139 100
102 139 100
102 139 100
102 139 100
102 139 100
102 139 100
102 139 100
102 139 100
102 139 100
102 139 100
102 139 100
102 138 100
102 138 100
102 138 100
102 138 100
102 138 100
102 138 100
102 138 100
102 138 100
102 138 100
102 138 100
102 138 100
102 138 100
102 138 100
102 138 100
102 138 100
102 138 100
102 138 100
102 138 100
102 138 100
102 138 100
102 138 100
102 138 100
102 138 100
102 138 100
102 138 100
102 138 100
102 138 100
102 138 100
102 138 100
102 138 100
102 138 100
102 138 100
102 138 100
102 138 100
102 138 100
102 138 100
102 138 100
102 137 100
102 137 100
102 137 100
102 137 100
102 137 100
102 137 100
102 137 100
102 137 100
102 137 100
102 137 100
102 137 100
102 137 100
102 137 100
102 137 100
102 137 100
102 137 100
102 137 100
102 137 100
102 137 100
102 137 100
102 137 100
102 137 100
102 137 100
102 137 100
102 137 100
102 137 100
102 137 100
102 137 100
102 137 100
102 137 100
102 137 100
102 137 100
102 137 100
102 137 100
102 137 100
102 137 100
102 136 100
102 136 100
102 136 100
102 136 100
102 136 100
102 136 100
102 136 100
102 136 100
102 136 100
102 136 100
102 136 100
102 136 100
102 136 100
102 136 100
102 136 100
102 136 100
102 136 100
102 136 100
102 136 100
102 136 100
102 136 100
102 136 100
102 136 100
102 136 100
102 136 100
102 136 100
102 136 100
102 136 100
102 136 100
102 136 100
102 136 100
102 136 100
102 136 100
102 136 100
102 135 100
102 135 100
102 135 100
102 135 100
102 135 100
102 135 100
102 135 100
102 135 100
102 135 100
102 135 100
102 135 100
102 135 100
102 135 100
102 135 100
102 135 100
102 135 100
102 135 100
102 135 100
102 135 100
102 135 100
102 135 100
102 135 100
102 135 100
102 135 100
102 135 100
102 135 100
102 135 100
102 135 100
102 135 100
102 135 100
102 135 100
102 134 100
102 134 100
102 134 100
102 134 100
102 134 100
102 134 100
102 134 100
102 134 100
102 134 100
102 134 100
102 134 100
102 134 100
102 134 100
102 134 100
102 134 100
102 134 100
102 134 100
102 134 100
102 134 100
102 134 100
102 134 100
102 134 100
102 134 100
102 134 100
102 134 100
102 134 100
102 134 100
102 134 100
102 134 100
102 133 100
102 133 100
102 133 100
102 133 100
102 133 100
102 133 100
102 133 100
102 133 100
102 133 100
102 133 100
102 133 100
102 133 100
102 133 100
102 133 100
102 133 100
102 133 100
102 133 100
102 133 100
102 133 100
102 133 100
102 133 100
102 133 100
102 133 100
102 133 100
102 133 100
102 133 100
102 133 100
102 133 100
102 132 100
102 132 100
102 132 100
102 132 100
102 132 100
102 132 100
102 132 100
102 132 100
102 132 100
102 132 100
102 132 100
102 132 100
102 132 100
102 132 100
102 132 100
102 132 100
102 132 100
102 132 100
102 132 100
102 132 100
102 132 100
102 132 100
102 132 100
102 132 100
102 132 100
102 132 100
102 131 100
102 131 100
102 131 100
102 131 100
102 131 100
102 131 100
102 131 100
102 131 100
102 131 100
102 131 100
102 131 100
102 131 100
102 131 100
102 131 100
102 131 100
102 131 100
102 131 100
102 131 100
102 131 100
102 131 100
102 131 100
102 131 100
102 131 100
102 131 100
102 131 100
102 130 100
102 130 100
102 130 100
102 130 100
102 130 100
102 130 100
102 130 100
102 130 100
102 130 100
102 130 100
102 130 100
102 130 100
102 130 100
102 130 100
102 130 100
102 130 100
102 130 100
102 130 100
102 130 100
102 130 100
102 130 100
102 130 100
102 130 100
102 130 100
102 129 100
102 129 100
102 129 100
102 129 100
102 129 100
102 129 100
102 129 100
102 129 100
102 129 100
102 129 100
102 129 100
102 129 100
102 129 100
102 129 100
102 129 100
102 129 100
102 129 100
102 129 100
102 129 100
102 129 100
102 129 100
102 129 100
102 129 100
102 129 100
102 128 100
102 128 100
102 128 100
102 128 100
102 128 100
102 128 100
102 128 100
102 128 100
102 128 100
102 128 100
102 128 100
102 128 100
102 128 100
102 128 100
102 128 100
102 128 100
102 128 100
102 128 100
102 128 100
102 128 100
102 128 100
102 128 100
102 128 100
102 128 100
102 127 100
102 127 100
102 127 100
102 127 100
102 127 100
102 127 100
102 127 100
102 127 100
102 127 100
102 127 100
102 127 100
102 127 100
102 127 100
102 127 100
102 127 100
102 127 100
102 127 100
102 127 100
102 127 100
102 127 100
102 127 100
102 127 100
102 127 100
102 127 100
102 126 100
102 126 100
102 126 100
102 126 100
102 126 100
102 126 100
102 126 100
102 126 100
102 126 100
102 126 100
102 126 100
102 126 100
102 126 100
102 126 100
102 126 100
102 126 100
102 126 100
102 126 100
102 126 100
102 126 100
102 126 100
102 126 100
102 126 100
102 126 100
102 126 100
102 125 100
102 125 100
102 125 100
102 125 100
102 125 100
102 125 100
102 125 100
102 125 100
102 125 100
102 125 100
102 125 100
102 125 100
102 125 100
102 125 100
102 125 100
102 125 100
102 125 100
102 125 100
102 125 100
102 125 100
102 125 100
102 125 100
102 125 100
102 125 100
102 125 100
102 124 100
102 124 100
102 124 100
102 124 100
102 124 100
102 124 100
102 124 100
102 124 100
102 124 100
102 124 100
102 124 100
102 124 100
102 124 100
102 124 100
102 124 100
102 124 100
102 124 100
102 124 100
102 124 100
102 124 100
102 124 100
102 124 100
102 124 100
102 124 100
102 124 100
102 123 100
102 123 100
102 123 100
102 123 100
102 123 100
102 123 100
102 123 100
102 123 100
102 123 100
102 123 100
102 123 100
102 123 100
102 123 100
102 123 100
102 123 100
102 123 100
102 123 100
102 123 100
102 123 100
102 123 100
102 123 100
102 123 100
102 123 100
102 123 100
102 122 100
102 122 100
102 122 100
102 122 100
102 122 100
102 122 100
102 122 100
102 122 100
102 122 100
102 122 100
102 122 100
102 122 100
102 122 100
102 122 100
102 122 100
102 122 100
102 122 100
102 122 100
102 122 100
102 122 100
102 122 100
102 122 100
102 122 100
102 121 100
102 121 100
102 121 100
102 121 100
102 121 100
102 121 100
102 121 100
102 121 100
102 121 100
102 121 100
102 121 100
102 121 100
102 121 100
102 121 100
102 121 100
102 121 100
102 121 100
102 121 100
102 121 100
102 121 100
102 121 100
102 120 100
102 120 100
102 120 100
102 120 100
102 120 100
102 120 100
102 120 100
102 120 100
102 120 100
102 120 100
102 120 100
102 120 100
102 120 100
102 120 100
102 120 100
102 120 100
102 120 100
102 120 100
102 120 100
102 119 100
102 119 100
102 119 100
102 119 100
102 119 100
102 119 100
102 119 100
102 119 100
102 119 100
102 119 100
102 119 100
102 119 100
102 119 100
102 119 100
102 119 100
102 119 100
102 119 100
102 119 100
102 118 100
102 118 100
102 118 100
102 118 100
102 118 100
102 118 100
102 118 100
102 118 100
102 118 100
102 118 100
102 118 100
102 118 100
102 118 100
102 118 100
102 118 100
102 118 100
102 117 100
102 117 100
102 117 100
102 117 100
102 117 100
102 117 100
102 117 100
102 117 100
102 117 100
102 117 100
102 117 100
102 117 100
102 117 100
102 117 100
102 117 100
102 116 100
102 116 100
102 116 100
102 116 100
102 116 100
102 116 100
102 116 100
102 116 100
102 116 100
102 116 100
102 116 100
102 116 100
102 116 100
102 116 100
102 115 100
102 115 100
102 115 100
102 115 100
102 115 100
102 115 100
102 115 100
102 115 100
102 115 100
102 115 100
102 115 100
102 115 100
102 115 100
102 114 100
102 114 100
102 114 100
102 114 100
102 114 100
102 114 100
102 114 100
102 114 100
102 114 100
102 114 100
102 114 100
102 114 100
102 113 100
102 113 100
102 113 100
102 113 100
102 113 100
102 113 100
102 113 100
102 113 100
102 113 100
102 113 100
102 113 100
102 113 100
102 112 100
102 112 100
102 112 100
102 112 100
102 112 100
102 112 100
102 112 100
102 112 100
102 112 100
102 112 100
102 112 100
102 112 100
102 111 100
102 111 100
102 111 100
102 111 100
102 111 100
102 111 100
102 111 100
102 111 100
102 111 100
102 111 100
102 111 100
102 110 100
102 110 100
102 110 100
102 110 100
102 110 100
102 110 100
102 110 100
102 110 100
102 110 100
102 110 100
102 110 100
102 109 100
102 109 100
102 109 100
102 109 100
102 109 100
102 109 100
102 109 100
102 109 100
102 109 100
102 109 100
102 109 100
102 108 100
102 108 100
102 108 100
102 108 100
102 108 100
102 108 100
102 108 100
102 108 100
102 108 100
102 108 100
102 107 100
102 107 100
102 107 100
102 107 100
102 107 100
102 107 100
102 107 100
102 107 100
102 107 100
102 106 100
102 106 100
102 106 100
102 106 100
102 106 100
102 106 100
102 106 100
102 106 100
102 105 100
102 105 100
102 105 100
102 105 100
102 105 100
102 105 100
102 105 100
102 105 100
102 104 100
102 104 100
102 104 100
102 104 100
102 104 100
102 104 100
102 104 100
102 103 100
102 103 100
102 103 100
102 103 100
102 103 100
102 103 100
102 102 100
102 102 100
102 102 100
102 102 100
102 102 100
102 102 100
102 101 100
102 101 100
102 101 100
102 101 100
102 101 100
102 100 100
102 100 100
102 100 100
102 100 100
102 100 100
102 99 100
102 99 100
102 99 100
102 99 100
102 98 100
102 98 100
102 98 100
102 98 100
102 97 100
102 97 100
102 97 100
102 97 100
102 97 100
102 96 100
102 96 100
102 96 100
102 96 100
102 96 100
102 95 100
102 95 100
102 95 100
102 95 100
102 95 100
102 94 100
102 94 100
102 94 100
102 94 100
102 94 100
102 94 100
102 93 100
102 93 100
102 93 100
102 93 100
102 93 100
102 93 100
102 93 100
102 92 100
102 92 100
102 92 100
102 92 100
102 92 100
102 92 100
102 92 100
102 91 100
102 91 100
102 91 100
102 91 100
102 91 100
102 91 100
102 91 100
102 91 100
102 90 100
102 90 100
102 90 100
102 90 100
102 90 100
102 90 100
102 90 100
102 90 100
102 89 100
102 89 100
102 89 100
102 89 100
102 89 100
102 89 100
102 89 100
102 89 100
102 89 100
102 88 100
102 88 100
102 88 100
102 88 100
102 88 100
102 88 100
102 88 100
102 88 100
102 88 100
102 87 100
102 87 100
102 87 100
102 87 100
102 87 100
102 87 100
102 87 100
102 87 100
102 87 100
102 86 100
102 86 100
102 86 100
102 86 100
102 86 100
102 86 100
102 86 100
102 86 100
102 86 100
102 85 100
102 85 100
102 85 100
102 85 100
102 85 100
102 85 100
102 85 100
102 85 100
102 84 100
102 84 100
102 84 100
102 84 100
102 84 100
102 84 100
102 84 100
102 83 100
102 83 100
102 83 100
102 83 100
102 83 100
102 83 100
102 83 100
102 82 100
102 82 100
102 82 100
102 82 100
102 82 100
102 82 100
102 81 100
102 81 100
102 81 100
102 81 100
102 81 100
102 80 100
102 80 100
102 80 100
102 80 100
102 80 100
102 79 100
102 79 100
102 79 100
102 79 100
102 79 100
102 78 100
102 78 100
102 78 100
102 78 100
102 78 100
102 77 100
102 77 100
102 77 100
102 77 100
102 77 100
102 76 100
102 76 100
102 76 100
102 76 100
102 76 100
102 75 100
102 75 100
102 75 100
102 75 100
102 75 100
102 74 100
102 74 100
102 74 100
102 74 100
102 74 100
102 73 100
102 73 100
102 73 100
102 73 100
102 73 100
102 73 100
102 72 100
102 72 100
102 72 100
102 72 100
102 72 100
102 72 100
102 71 100
102 71 100
102 71 100
102 71 100
102 71 100
102 71 100
102 70 100
102 70 100
102 70 100
102 70 100
102 70 100
102 70 100
102 69 100
102 69 100
102 69 100
102 69 100
102 69 100
102 69 100
102 68 100
102 68 100
102 68 100
102 68 100
102 68 100
102 68 100
102 67 100
102 67 100
102 67 100
102 67 100
102 67 100
102 66 100
102 66 100
102 66 100
102 66 100
102 66 100
102 65 100
102 65 100
102 65 100
102 65 100
102 64 100
102 64 100
102 64 100
102 64 100
102 63 100
102 63 100
102 63 100
102 62 100
102 62 100
102 62 100
# move from (184,100) to (102,62)
184 100 100
183 100 100
182 100 100
181 100 100
180 100 100
179 100 100
178 100 100
177 100 100
176 100 100
175 100 100
174 100 100
173 100 100
172 100 100
171 100 100
170 100 100
169 100 100
168 100 100
167 100 100
166 100 100
165 100 100
164 100 100
163 100 100
162 100 100
161 100 100
160 100 100
159 100 100
158 100 100
157 100 100
156 100 100
155 100 100
154 100 100
153 100 100
152 100 100
151 100 100
150 100 100
149 100 100
148 100 100
147 100 100
146 100 100
145 100 100
144 100 100
143 100 100
142 100 100
141 100 100
140 100 100
139 100 100
139 100 100
138 100 100
138 100 100
137 100 100
137 100 100
136 100 100
136 100 100
136 100 100
135 100 100
135 100 100
135 100 100
134 100 100
134 100 100
134 100 100
133 100 100
133 100 100
133 100 100
132 100 100
132 100 100
132 100 100
132 100 100
131 100 100
131 100 100
131 100 100
131 100 100
130 100 100
130 100 100
130 100 100
130 100 100
129 100 100
129 100 100
129 100 100
129 100 100
128 100 100
128 100 100
128 100 100
128 100 100
127 100 100
127 100 100
127 100 100
127 100 100
127 100 100
126 100 100
126 100 100
126 100 100
126 100 100
126 100 100
125 100 100
125 100 100
125 100 100
125 100 100
125 100 100
124 100 100
124 100 100
124 100 100
124 100 100
124 100 100
124 100 100
123 100 100
123 100 100
123 100 100
123 100 100
123 100 100
123 100 100
123 100 100
122 100 100
122 100 100
122 100 100
122 100 100
122 100 100
122 100 100
122 100 100
122 100 100
121 100 100
121 100 100
121 100 100
121 100 100
121 100 100
121 100 100
121 100 100
121 100 100
121 100 100
120 100 100
120 100 100
120 100 100
120 100 100
120 100 100
120 100 100
120 100 100
120 100 100
120 100 100
119 100 100
119 100 100
119 100 100
119 100 100
119 100 100
119 100 100
119 100 100
119 100 100
119 100 100
119 100 100
118 100 100
118 100 100
118 100 100
118 100 100
118 100 100
118 100 100
118 100 100
118 100 100
118 100 100
118 100 100
118 100 100
117 100 100
117 100 100
117 100 100
117 100 100
117 100 100
117 100 100
117 100 100
117 100 100
117 100 100
117 100 100
117 100 100
117 100 100
116 100 100
116 100 100
116 100 100
116 100 100
116 100 100
116 100 100
116 100 100
116 100 100
116 100 100
116 100 100
116 100 100
116 100 100
116 100 100
115 100 100
115 100 100
115 100 100
115 100 100
115 100 100
115 100 100
115 100 100
115 100 100
115 100 100
115 100 100
115 100 100
115 100 100
115 100 100
114 100 100
114 100 100
114 100 100
114 100 100
114 100 100
114 100 100
114 100 100
114 100 100
114 100 100
114 100 100
114 100 100
114 100 100
114 100 100
113 100 100
113 100 100
113 100 100
113 100 100
113 100 100
113 100 100
113 100 100
113 100 100
113 100 100
113 100 100
113 100 100
113 100 100
113 100 100
112 100 100
112 100 100
112 100 100
112 100 100
112 100 100
112 100 100
112 100 100
112 100 100
112 100 100
112 100 100
112 100 100
112 100 100
111 100 100
111 100 100
111 100 100
111 100 100
111 100 100
111 100 100
111 100 100
111 100 100
111 100 100
111 100 100
111 100 100
110 100 100
110 100 100
110 100 100
110 100 100
110 100 100
110 100 100
110 100 100
110 100 100
110 100 100
110 100 100
109 100 100
109 100 100
109 100 100
109 100 100
109 100 100
109 100 100
109 100 100
109 100 100
109 100 100
108 100 100
108 100 100
108 100 100
108 100 100
108 100 100
108 100 100
108 100 100
108 100 100
107 100 100
107 100 100
107 100 100
107 100 100
107 100 100
107 100 100
107 100 100
106 100 100
106 100 100
106 100 100
106 100 100
106 100 100
106 100 100
105 100 100
105 100 100
105 100 100
105 100 100
105 100 100
105 100 100
104 100 100
104 100 100
104 100 100
104 100 100
104 100 100
103 100 100
103 100 100
103 100 100
103 100 100
103 100 100
# move from (63,120) to (102,62)
63 120 100
64 120 100
65 120 100
66 120 100
67 120 100
68 120 100
69 120 100
70 120 100
71 120 100
72 120 100
73 120 100
73 120 100
74 120 100
74 120 100
75 120 100
75 120 100
76 120 100
76 120 100
77 120 100
77 120 100
77 120 100
78 120 100
78 120 100
78 120 100
79 120 100
79 120 100
79 120 100
80 120 100
80 120 100
80 120 100
81 120 100
81 120 100
81 120 100
82 120 100
82 120 100
82 120 100
83 120 100
83 120 100
83 120 100
84 120 100
84 120 100
84 120 100
85 120 100
85 120 100
85 120 100
86 120 100
86 120 100
86 120 100
86 120 100
87 120 100
87 120 100
87 120 100
87 120 100
88 120 100
88 120 100
88 120 100
88 120 100
88 120 100
89 120 100
89 120 100
89 120 100
89 120 100
89 120 100
90 120 100
90 120 100
90 120 100
90 120 100
90 120 100
90 120 100
91 120 100
91 120 100
91 120 100
91 120 100
91 120 100
91 120 100
91 120 100
91 120 100
92 120 100
92 120 100
92 120 100
92 120 100
92 120 100
92 120 100
92 120 100
92 120 100
92 120 100
93 120 100
93 120 100
93 120 100
93 120 100
93 120 100
93 120 100
93 120 100
93 120 100
93 120 100
93 120 100
93 120 100
94 120 100
94 120 100
94 120 100
94 120 100
94 120 100
94 120 100
94 120 100
94 120 100
94 120 100
94 120 100
94 120 100
94 120 100
94 120 100
95 120 100
95 120 100
95 120 100
95 120 100
95 120 100
95 120 100
95 120 100
95 120 100
95 120 100
95 120 100
95 120 100
95 120 100
95 120 100
95 120 100
95 120 100
96 120 100
96 120 100
96 120 100
96 120 100
96 120 100
96 120 100
96 120 100
96 120 100
96 120 100
96 120 100
96 120 100
96 120 100
96 120 100
96 120 100
96 120 100
96 120 100
96 120 100
97 120 100
97 120 100
97 120 100
97 120 100
97 120 100
97 120 100
97 120 100
97 120 100
97 120 100
97 120 100
97 120 100
97 120 100
97 120 100
97 120 100
97 120 100
97 120 100
97 120 100
97 120 100
98 120 100
98 120 100
98 120 100
98 120 100
98 120 100
98 120 100
98 120 100
98 120 100
98 120 100
98 120 100
98 120 100
98 120 100
98 120 100
98 120 100
98 120 100
98 120 100
98 120 100
98 120 100
98 120 100
99 120 100
99 120 100
99 120 100
99 120 100
99 120 100
99 120 100
99 120 100
99 120 100
99 120 100
99 120 100
99 120 100
99 120 100
99 120 100
99 120 100
99 120 100
99 120 100
99 120 100
99 120 100
99 120 100
100 120 100
100 120 100
100 120 100
100 120 100
100 120 100
100 120 100
100 120 100
100 120 100
100 120 100
100 120 100
100 120 100
100 120 100
100 120 100
100 120 100
100 120 100
100 120 100
100 120 100
100 120 100
100 120 100
101 120 100
101 120 100
101 120 100
101 120 100
101 120 100
101 120 100
101 120 100
101 120 100
101 120 100
101 120 100
101 120 100
101 120 100
101 120 100
101 120 100
101 120 100
101 120 100
101 120 100
101 120 100
101 120 100
# move from (101,188) to (102,62)
101 188 100
102 188 100
102 187 100
102 186 100
102 185 100
102 184 100
102 183 100
102 182 100
102 181 100
102 180 100
102 179 100
102 178 100
102 177 100
102 176 100
102 176 100
102 175 100
102 175 100
102 174 100
102 174 100
102 173 100
102 173 100
102 173 100
102 172 100
102 172 100
102 172 100
102 171 100
102 171 100
102 171 100
102 171 100
102 170 100
102 170 100
102 170 100
102 170 100
102 169 100
102 169 100
102 169 100
102 169 100
102 169 100
102 168 100
102 168 100
102 168 100
102 168 100
102 168 100
102 167 100
102 167 100
102 167 100
102 167 100
102 167 100
102 166 100
102 166 100
102 166 100
102 166 100
102 166 100
102 166 100
# move from (67,4) to (102,62)
67 4 100
67 4 100
67 4 100
67 4 100
67 4 100
67 4 100
67 4 100
68 4 100
68 4 100
68 4 100
68 4 100
68 4 100
68 4 100
68 4 100
69 4 100
69 4 100
69 4 100
69 4 100
69 4 100
69 4 100
69 4 100
69 4 100
70 4 100
70 4 100
70 4 100
70 4 100
70 4 100
70 4 100
70 4 100
70 4 100
71 4 100
71 4 100
71 4 100
71 4 100
71 4 100
71 4 100
71 4 100
71 4 100
71 4 100
72 4 100
72 4 100
72 4 100
72 4 100
72 4 100
72 4 100
72 4 100
72 4 100
72 4 100
73 4 100
73 4 100
73 4 100
73 4 100
73 4 100
73 4 100
73 4 100
73 4 100
73 4 100
74 4 100
74 4 100
74 4 100
74 4 100
74 4 100
74 4 100
74 4 100
74 4 100
74 4 100
75 4 100
75 4 100
75 4 100
75 4 100
75 4 100
75 4 100
75 4 100
75 4 100
76 4 100
76 4 100
76 4 100
76 4 100
76 4 100
76 4 100
76 4 100
76 4 100
77 4 100
77 4 100
77 4 100
77 4 100
77 4 100
77 4 100
77 4 100
77 4 100
78 4 100
78 4 100
78 4 100
78 4 100
78 4 100
78 4 100
78 4 100
78 4 100
78 4 100
79 4 100
79 4 100
79 4 100
79 4 100
79 4 100
79 4 100
79 4 100
79 4 100
79 4 100
80 4 100
80 4 100
80 4 100
80 4 100
80 4 100
80 4 100
80 4 100
80 4 100
80 4 100
80 4 100
81 4 100
81 4 100
81 4 100
81 4 100
81 4 100
81 4 100
81 4 100
81 4 100
81 4 100
81 4 100
81 4 100
82 4 100
82 4 100
82 4 100
82 4 100
82 4 100
82 4 100
82 4 100
82 4 100
82 4 100
82 4 100
82 4 100
82 4 100
83 4 100
83 4 100
83 4 100
83 4 100
83 4 100
83 4 100
83 4 100
83 4 100
83 4 100
83 4 100
83 4 100
83 4 100
83 4 100
84 4 100
84 4 100
84 4 100
84 4 100
84 4 100
84 4 100
84 4 100
84 4 100
84 4 100
84 4 100
84 4 100
84 4 100
84 4 100
84 4 100
85 4 100
85 4 100
85 4 100
85 4 100
85 4 100
85 4 100
85 4 100
85 4 100
85 4 100
85 4 100
85 4 100
85 4 100
85 4 100
85 4 100
85 4 100
86 4 100
86 4 100
86 4 100
86 4 100
86 4 100
86 4 100
86 4 100
86 4 100
86 4 100
86 4 100
86 4 100
86 4 100
86 4 100
86 4 100
86 4 100
86 4 100
87 4 100
87 4 100
87 4 100
87 4 100
87 4 100
87 4 100
87 4 100
87 4 100
87 4 100
87 4 100
87 4 100
87 4 100
87 4 100
87 4 100
87 4 100
87 4 100
88 4 100
88 4 100
88 4 100
88 4 100
88 4 100
88 4 100
88 4 100
88 4 100
88 4 100
88 4 100
88 4 100
88 4 100
88 4 100
88 4 100
88 4 100
88 4 100
89 4 100
89 4 100
89 4 100
89 4 100
89 4 100
89 4 100
89 4 100
89 4 100
89 4 100
89 4 100
89 4 100
89 4 100
89 4 100
89 4 100
89 4 100
89 4 100
90 4 100
90 4 100
90 4 100
90 4 100
90 4 100
90 4 100
90 4 100
90 4 100
90 4 100
90 4 100
90 4 100
90 4 100
90 4 100
90 4 100
90 4 100
90 4 100
91 4 100
91 4 100
91 4 100
91 4 100
91 4 100
91 4 100
91 4 100
91 4 100
91 4 100
91 4 100
91 4 100
91 4 100
91 4 100
91 4 100
91 4 100
91 4 100
92 4 100
92 4 100
92 4 100
92 4 100
92 4 100
92 4 100
92 4 100
92 4 100
92 4 100
92 4 100
92 4 100
92 4 100
92 4 100
92 4 100
92 4 100
93 4 100
93 4 100
93 4 100
93 4 100
93 4 100
93 4 100
93 4 100
93 4 100
93 4 100
93 4 100
93 4 100
93 4 100
93 4 100
93 4 100
93 4 100
94 4 100
94 4 100
94 4 100
94 4 100
94 4 100
94 4 100
94 4 100
94 4 100
94 4 100
94 4 100
94 4 100
94 4 100
94 4 100
94 4 100
95 4 100
95 4 100
95 4 100
95 4 100
95 4 100
95 4 100
95 4 100
95 4 100
95 4 100
95 4 100
95 4 100
95 4 100
95 4 100
96 4 100
96 4 100
96 4 100
96 4 100
96 4 100
96 4 100
96 4 100
96 4 100
96 4 100
96 4 100
96 4 100
96 4 100
96 4 100
97 4 100
97 4 100
97 4 100
97 4 100
97 4 100
97 4 100
97 4 100
97 4 100
97 4 100
97 4 100
97 4 100
97 4 100
97 4 100
98 4 100
98 4 100
98 4 100
98 4 100
98 4 100
98 4 100
98 4 100
98 4 100
98 4 100
98 4 100
98 4 100
98 4 100
98 4 100
98 4 100
99 4 100
99 4 100
99 4 100
99 4 100
99 4 100
99 4 100
99 4 100
99 4 100
99 4 100
99 4 100
99 4 100
99 4 100
99 4 100
99 4 100
100 4 100
100 4 100
100 4 100
100 4 100
100 4 100
100 4 100
100 4 100
100 4 100
100 4 100
100 4 100
100 4 100
100 4 100
100 4 100
100 4 100
100 4 100
101 4 100
101 4 100
101 4 100
101 4 100
101 4 100
101 4 100
101 4 100
101 4 100
101 4 100
101 4 100
101 4 100
101 4 100
101 4 100
101 4 100
101 4 100
101 4 100
102 4 100
102 4 100
102 4 100
102 4 100
102 4 100
102 4 100
102 4 100
102 4 100
102 4 100
102 4 100
102 4 100
102 4 100
102 4 100
102 4 100
102 4 100
102 4 100
102 4 100
102 5 100
102 5 100
102 5 100
102 5 100
102 5 100
102 5 100
102 5 100
102 5 100
102 5 100
102 5 100
102 5 100
102 5 100
102 5 100
102 5 100
102 5 100
102 5 100
102 5 100
102 6 100
102 6 100
102 6 100
102 6 100
102 6 100
102 6 100
102 6 100
102 6 100
102 6 100
102 6 100
102 6 100
102 6 100
102 6 100
102 6 100
102 6 100
102 6 100
102 7 100
102 7 100
102 7 100
102 7 100
102 7 100
102 7 100
102 7 100
102 7 100
102 7 100
102 7 100
102 7 100
102 7 100
102 7 100
102 7 100
102 7 100
102 8 100
102 8 100
102 8 100
102 8 100
102 8 100
102 8 100
102 8 100
102 8 100
102 8 100
102 8 100
102 8 100
102 8 100
102 8 100
102 8 100
102 9 100
102 9 100
102 9 100
102 9 100
102 9 100
102 9 100
102 9 100
102 9 100
102 9 100
102 9 100
102 9 100
102 9 100
102 9 100
102 9 100
102 10 100
102 10 100
102 10 100
102 10 100
102 10 100
102 10 100
102 10 100
102 10 100
102 10 100
102 10 100
102 10 100
102 10 100
102 10 100
102 10 100
102 11 100
102 11 100
102 11 100
102 11 100
102 11 100
102 11 100
102 11 100
102 11 100
102 11 100
102 11 100
102 11 100
102 11 100
102 11 100
102 11 100
102 12 100
102 12 100
102 12 100
102 12 100
102 12 100
102 12 100
102 12 100
102 12 100
102 12 100
102 12 100
102 12 100
102 12 100
102 12 100
102 12 100
102 12 100
102 13 100
102 13 100
102 13 100
102 13 100
102 13 100
102 13 100
102 13 100
102 13 100
102 13 100
102 13 100
102 13 100
102 13 100
102 13 100
102 13 100
102 13 100
102 13 100
102 14 100
102 14 100
102 14 100
102 14 100
102 14 100
102 14 100
102 14 100
102 14 100
102 14 100
102 14 100
102 14 100
102 14 100
102 14 100
102 14 100
102 14 100
102 14 100
102 14 100
102 15 100
102 15 100
102 15 100
102 15 100
102 15 100
102 15 100
102 15 100
102 15 100
102 15 100
102 15 100
102 15 100
102 15 100
102 15 100
102 15 100
102 15 100
102 15 100
102 15 100
102 16 100
102 16 100
102 16 100
102 16 100
102 16 100
102 16 100
102 16 100
102 16 100
102 16 100
102 16 100
102 16 100
102 16 100
102 16 100
102 16 100
102 16 100
102 16 100
102 16 100
102 16 100
102 17 100
102 17 100
102 17 100
102 17 100
102 17 100
102 17 100
102 17 100
102 17 100
102 17 100
102 17 100
102 17 100
102 17 100
102 17 100
102 17 100
102 17 100
102 17 100
102 17 100
102 17 100
102 18 100
102 18 100
102 18 100
102 18 100
102 18 100
102 18 100
102 18 100
102 18 100
102 18 100
102 18 100
102 18 100
102 18 100
102 18 100
102 18 100
102 18 100
102 18 100
102 18 100
102 18 100
102 19 100
102 19 100
102 19 100
102 19 100
102 19 100
102 19 100
102 19 100
102 19 100
102 19 100
102 19 100
102 19 100
102 19 100
102 19 100
102 19 100
102 19 100
102 19 100
102 19 100
102 19 100
102 20 100
102 20 100
102 20 100
102 20 100
102 20 100
102 20 100
102 20 100
102 20 100
102 20 100
102 20 100
102 20 100
102 20 100
102 20 100
102 20 100
102 20 100
102 20 100
102 20 100
102 20 100
102 21 100
102 21 100
102 21 100
102 21 100
102 21 100
102 21 100
102 21 100
102 21 100
102 21 100
102 21 100
102 21 100
102 21 100
102 21 100
102 21 100
102 21 100
102 21 100
102 21 100
102 22 100
102 22 100
102 22 100
102 22 100
102 22 100
102 22 100
102 22 100
102 22 100
102 22 100
102 22 100
102 22 100
102 22 100
102 22 100
102 22 100
102 22 100
102 23 100
102 23 100
102 23 100
102 23 100
102 23 100
102 23 100
102 23 100
102 23 100
102 23 100
102 23 100
102 23 100
102 23 100
102 23 100
102 23 100
102 24 100
102 24 100
102 24 100
102 24 100
102 24 100
102 24 100
102 24 100
102 24 100
102 24 100
102 24 100
102 24 100
102 24 100
102 25 100
102 25 100
102 25 100
102 25 100
102 25 100
102 25 100
102 25 100
102 25 100
102 25 100
102 25 100
102 25 100
102 26 100
102 26 100
102 26 100
102 26 100
102 26 100
102 26 100
102 26 100
102 26 100
102 26 100
102 27 100
102 27 100
102 27 100
102 27 100
102 27 100
102 27 100
102 27 100
102 27 100
102 28 100
102 28 100
102 28 100
102 28 100
102 28 100
102 28 100
102 28 100
102 29 100
102 29 100
102 29 100
102 29 100
102 29 100
102 29 100
102 29 100
102 30 100
102 30 100
102 30 100
102 30 100
102 30 100
102 30 100
102 31 100
102 31 100
102 31 100
102 31 100
102 31 100
102 31 100
102 32 100
102 32 100
102 32 100
102 32 100
102 32 100
102 32 100
102 33 100
102 33 100
102 33 100
102 33 100
102 33 100
102 33 100
102 34 100
102 34 100
102 34 100
102 34 100
102 34 100
102 35 100
102 35 100
102 35 100
102 35 100
102 35 100
102 36 100
102 36 100
102 36 100
102 36 100
102 36 100
102 37 100
102 37 100
102 37 100
102 37 100
102 38 100
102 38 100
102 38 100
102 38 100
102 39 100
102 39 100
102 39 100
102 40 100
102 40 100
102 40 100
102 41 100
102 41 100
102 41 100
102 42 100
102 42 100
102 43 100
102 43 100
102 44 100
102 44 100
102 45 100
102 45 100
102 46 100
102 46 100
102 47 100
102 47 100
102 48 100
102 48 100
102 48 100
102 49 100
102 49 100
102 49 100
102 50 100
102 50 100
102 51 100
102 51 100
102 52 100
102 52 100
102 53 100
102 53 100
102 54 100
102 54 100
102 55 100
102 55 100
102 56 100
102 56 100
102 57 100
102 57 100
102 58 100
102 58 100
102 59 100
102 59 100
102 60 100
102 60 100
102 61 100
102 61 100
