# move from (52,36) to (61,156)
52 36 100
52 36 100
53 36 100
54 36 100
55 36 100
56 36 100
57 36 100
58 36 100
59 36 100
60 36 100
61 36 100
61 37 100
61 38 100
61 39 100
61 40 100
61 41 100
61 42 100
61 43 100
61 44 100
61 45 100
61 46 100
61 47 100
61 48 100
61 48 100
61 49 100
61 49 100
61 50 100
61 50 100
61 50 100
61 51 100
61 51 100
61 51 100
61 51 100
61 51 100
61 52 100
61 52 100
61 52 100
61 52 100
61 52 100
61 52 100
61 52 100
61 53 100
61 53 100
61 53 100
61 53 100
61 53 100
61 53 100
61 53 100
61 53 100
61 53 100
61 54 100
61 54 100
61 54 100
61 54 100
61 54 100
61 54 100
61 54 100
61 54 100
61 54 100
61 54 100
61 54 100
61 54 100
61 55 100
61 55 100
61 55 100
61 55 100
61 55 100
61 55 100
61 55 100
61 55 100
61 55 100
61 55 100
61 55 100
61 55 100
61 55 100
61 55 100
61 55 100
61 55 100
61 55 100
61 56 100
61 56 100
61 56 100
61 56 100
61 56 100
61 56 100
61 56 100
61 56 100
61 56 100
61 56 100
61 56 100
61 56 100
61 56 100
61 56 100
61 56 100
61 56 100
61 56 100
61 56 100
61 56 100
61 56 100
61 56 100
61 57 100
61 57 100
61 57 100
61 57 100
61 57 100
61 57 100
61 57 100
61 57 100
61 57 100
61 57 100
61 57 100
61 57 100
61 57 100
61 57 100
61 57 100
61 57 100
61 57 100
61 57 100
61 57 100
61 57 100
61 57 100
61 57 100
61 57 100
61 57 100
61 57 100
61 57 100
61 58 100
61 58 100
61 58 100
61 58 100
61 58 100
61 58 100
61 58 100
61 58 100
61 58 100
61 58 100
61 58 100
61 58 100
61 58 100
61 58 100
61 58 100
61 58 100
61 58 100
61 58 100
61 58 100
61 58 100
61 58 100
61 58 100
61 58 100
61 58 100
61 58 100
61 58 100
61 58 100
61 58 100
61 58 100
61 58 100
61 58 100
61 59 100
61 59 100
61 59 100
61 59 100
61 59 100
61 59 100
61 59 100
61 59 100
61 59 100
61 59 100
61 59 100
61 59 100
61 59 100
61 59 100
61 59 100
61 59 100
61 59 100
61 59 100
61 59 100
61 59 100
61 59 100
61 59 100
61 59 100
61 59 100
61 59 100
61 59 100
61 59 100
61 59 100
61 59 100
61 59 100
61 59 100
61 59 100
61 59 100
61 59 100
61 59 100
61 60 100
61 60 100
61 60 100
61 60 100
61 60 100
61 60 100
61 60 100
61 60 100
61 60 100
61 60 100
61 60 100
61 60 100
61 60 100
61 60 100
61 60 100
61 60 100
61 60 100
61 60 100
61 60 100
61 60 100
61 60 100
61 60 100
61 60 100
61 60 100
61 60 100
61 60 100
61 60 100
61 60 100
61 60 100
61 60 100
61 60 100
61 60 100
61 60 100
61 60 100
61 60 100
61 60 100
61 60 100
61 61 100
61 61 100
61 61 100
61 61 100
61 61 100
61 61 100
61 61 100
61 61 100
61 61 100
61 61 100
61 61 100
61 61 100
61 61 100
61 61 100
61 61 100
61 61 100
61 61 100
61 61 100
61 61 100
61 61 100
61 61 100
61 61 100
61 61 100
61 61 100
61 61 100
61 61 100
61 61 100
61 61 100
61 61 100
61 61 100
61 61 100
61 61 100
61 61 100
61 61 100
61 61 100
61 61 100
61 61 100
61 61 100
61 61 100
61 62 100
61 62 100
61 62 100
61 62 100
61 62 100
61 62 100
61 62 100
61 62 100
61 62 100
61 62 100
61 62 100
61 62 100
61 62 100
61 62 100
61 62 100
61 62 100
61 62 100
61 62 100
61 62 100
61 62 100
61 62 100
61 62 100
61 62 100
61 62 100
61 62 100
61 62 100
61 62 100
61 62 100
61 62 100
61 62 100
61 62 100
61 62 100
61 62 100
61 62 100
61 62 100
61 62 100
61 62 100
61 62 100
61 62 100
61 63 100
61 63 100
61 63 100
61 63 100
61 63 100
61 63 100
61 63 100
61 63 100
61 63 100
61 63 100
61 63 100
61 63 100
61 63 100
61 63 100
61 63 100
61 63 100
61 63 100
61 63 100
61 63 100
61 63 100
61 63 100
61 63 100
61 63 100
61 63 100
61 63 100
61 63 100
61 63 100
61 63 100
61 63 100
61 63 100
61 63 100
61 63 100
61 63 100
61 63 100
61 63 100
61 63 100
61 63 100
61 63 100
61 63 100
61 64 100
61 64 100
61 64 100
61 64 100
61 64 100
61 64 100
61 64 100
61 64 100
61 64 100
61 64 100
61 64 100
61 64 100
61 64 100
61 64 100
61 64 100
61 64 100
61 64 100
61 64 100
61 64 100
61 64 100
61 64 100
61 64 100
61 64 100
61 64 100
61 64 100
61 64 100
61 64 100
61 64 100
61 64 100
61 64 100
61 64 100
61 64 100
61 64 100
61 64 100
61 64 100
61 64 100
61 64 100
61 64 100
61 64 100
61 65 100
61 65 100
61 65 100
61 65 100
61 65 100
61 65 100
61 65 100
61 65 100
61 65 100
61 65 100
61 65 100
61 65 100
61 65 100
61 65 100
61 65 100
61 65 100
61 65 100
61 65 100
61 65 100
61 65 100
61 65 100
61 65 100
61 65 100
61 65 100
61 65 100
61 65 100
61 65 100
61 65 100
61 65 100
61 65 100
61 65 100
61 65 100
61 65 100
61 65 100
61 65 100
61 65 100
61 65 100
61 65 100
61 66 100
61 66 100
61 66 100
61 66 100
61 66 100
61 66 100
61 66 100
61 66 100
61 66 100
61 66 100
61 66 100
61 66 100
61 66 100
61 66 100
61 66 100
61 66 100
61 66 100
61 66 100
61 66 100
61 66 100
61 66 100
61 66 100
61 66 100
61 66 100
61 66 100
61 66 100
61 66 100
61 66 100
61 66 100
61 66 100
61 66 100
61 66 100
61 66 100
61 66 100
61 66 100
61 66 100
61 66 100
61 67 100
61 67 100
61 67 100
61 67 100
61 67 100
61 67 100
61 67 100
61 67 100
61 67 100
61 67 100
61 67 100
61 67 100
61 67 100
61 67 100
61 67 100
61 67 100
61 67 100
61 67 100
61 67 100
61 67 100
61 67 100
61 67 100
61 67 100
61 67 100
61 67 100
61 67 100
61 67 100
61 67 100
61 67 100
61 67 100
61 67 100
61 67 100
61 67 100
61 67 100
61 67 100
61 67 100
61 68 100
61 68 100
61 68 100
61 68 100
61 68 100
61 68 100
61 68 100
61 68 100
61 68 100
61 68 100
61 68 100
61 68 100
61 68 100
61 68 100
61 68 100
61 68 100
61 68 100
61 68 100
61 68 100
61 68 100
61 68 100
61 68 100
61 68 100
61 68 100
61 68 100
61 68 100
61 68 100
61 68 100
61 68 100
61 68 100
61 68 100
61 68 100
61 68 100
61 68 100
61 69 100
61 69 100
61 69 100
61 69 100
61 69 100
61 69 100
61 69 100
61 69 100
61 69 100
61 69 100
61 69 100
61 69 100
61 69 100
61 69 100
61 69 100
61 69 100
61 69 100
61 69 100
61 69 100
61 69 100
61 69 100
61 69 100
61 69 100
61 69 100
61 69 100
61 69 100
61 69 100
61 69 100
61 69 100
61 69 100
61 69 100
61 69 100
61 69 100
61 70 100
61 70 100
61 70 100
61 70 100
61 70 100
61 70 100
61 70 100
61 70 100
61 70 100
61 70 100
61 70 100
61 70 100
61 70 100
61 70 100
61 70 100
61 70 100
61 70 100
61 70 100
61 70 100
61 70 100
61 70 100
61 70 100
61 70 100
61 70 100
61 70 100
61 70 100
61 70 100
61 70 100
61 70 100
61 70 100
61 70 100
61 70 100
61 71 100
61 71 100
61 71 100
61 71 100
61 71 100
61 71 100
61 71 100
61 71 100
61 71 100
61 71 100
61 71 100
61 71 100
61 71 100
61 71 100
61 71 100
61 71 100
61 71 100
61 71 100
61 71 100
61 71 100
61 71 100
61 71 100
61 71 100
61 71 100
61 71 100
61 71 100
61 71 100
61 71 100
61 71 100
61 71 100
61 71 100
61 71 100
61 72 100
61 72 100
61 72 100
61 72 100
61 72 100
61 72 100
61 72 100
61 72 100
61 72 100
61 72 100
61 72 100
61 72 100
61 72 100
61 72 100
61 72 100
61 72 100
61 72 100
61 72 100
61 72 100
61 72 100
61 72 100
61 72 100
61 72 100
61 72 100
61 72 100
61 72 100
61 72 100
61 72 100
61 72 100
61 72 100
61 72 100
61 72 100
61 73 100
61 73 100
61 73 100
61 73 100
61 73 100
61 73 100
61 73 100
61 73 100
61 73 100
61 73 100
61 73 100
61 73 100
61 73 100
61 73 100
61 73 100
61 73 100
61 73 100
61 73 100
61 73 100
61 73 100
61 73 100
61 73 100
61 73 100
61 73 100
61 73 100
61 73 100
61 73 100
61 73 100
61 73 100
61 73 100
61 73 100
61 73 100
61 74 100
61 74 100
61 74 100
61 74 100
61 74 100
61 74 100
61 74 100
61 74 100
61 74 100
61 74 100
61 74 100
61 74 100
61 74 100
61 74 100
61 74 100
61 74 100
61 74 100
61 74 100
61 74 100
61 74 100
61 74 100
61 74 100
61 74 100
61 74 100
61 74 100
61 74 100
61 74 100
61 74 100
61 74 100
61 74 100
61 74 100
61 74 100
61 75 100
61 75 100
61 75 100
61 75 100
61 75 100
61 75 100
61 75 100
61 75 100
61 75 100
61 75 100
61 75 100
61 75 100
61 75 100
61 75 100
61 75 100
61 75 100
61 75 100
61 75 100
61 75 100
61 75 100
61 75 100
61 75 100
61 75 100
61 75 100
61 75 100
61 75 100
61 75 100
61 75 100
61 75 100
61 75 100
61 75 100
61 76 100
61 76 100
61 76 100
61 76 100
61 76 100
61 76 100
61 76 100
61 76 100
61 76 100
61 76 100
61 76 100
61 76 100
61 76 100
61 76 100
61 76 100
61 76 100
61 76 100
61 76 100
61 76 100
61 76 100
61 76 100
61 76 100
61 76 100
61 76 100
61 76 100
61 76 100
61 76 100
61 76 100
61 76 100
61 76 100
61 77 100
61 77 100
61 77 100
61 77 100
61 77 100
61 77 100
61 77 100
61 77 100
61 77 100
61 77 100
61 77 100
61 77 100
61 77 100
61 77 100
61 77 100
61 77 100
61 77 100
61 77 100
61 77 100
61 77 100
61 77 100
61 77 100
61 77 100
61 77 100
61 77 100
61 77 100
61 77 100
61 77 100
61 77 100
61 78 100
61 78 100
61 78 100
61 78 100
61 78 100
61 78 100
61 78 100
61 78 100
61 78 100
61 78 100
61 78 100
61 78 100
61 78 100
61 78 100
61 78 100
61 78 100
61 78 100
61 78 100
61 78 100
61 78 100
61 78 100
61 78 100
61 78 100
61 78 100
61 78 100
61 78 100
61 78 100
61 79 100
61 79 100
61 79 100
61 79 100
61 79 100
61 79 100
61 79 100
61 79 100
61 79 100
61 79 100
61 79 100
61 79 100
61 79 100
61 79 100
61 79 100
61 79 100
61 79 100
61 79 100
61 79 100
61 79 100
61 79 100
61 79 100
61 79 100
61 79 100
61 79 100
61 80 100
61 80 100
61 80 100
61 80 100
61 80 100
61 80 100
61 80 100
61 80 100
61 80 100
61 80 100
61 80 100
61 80 100
61 80 100
61 80 100
61 80 100
61 80 100
61 80 100
61 80 100
61 80 100
61 80 100
61 80 100
61 80 100
61 80 100
61 81 100
61 81 100
61 81 100
61 81 100
61 81 100
61 81 100
61 81 100
61 81 100
61 81 100
61 81 100
61 81 100
61 81 100
61 81 100
61 81 100
61 81 100
61 81 100
61 81 100
61 81 100
61 81 100
61 81 100
61 82 100
61 82 100
61 82 100
61 82 100
61 82 100
61 82 100
61 82 100
61 82 100
61 82 100
61 82 100
61 82 100
61 82 100
61 82 100
61 82 100
61 82 100
61 82 100
61 83 100
61 83 100
61 83 100
61 83 100
61 83 100
61 83 100
61 83 100
61 83 100
61 83 100
61 83 100
61 83 100
61 83 100
61 83 100
61 84 100
61 84 100
61 84 100
61 84 100
61 84 100
61 84 100
61 84 100
61 84 100
61 84 100
61 84 100
61 85 100
61 85 100
61 85 100
61 85 100
61 85 100
61 85 100
61 85 100
61 85 100
61 86 100
61 86 100
61 86 100
61 86 100
61 86 100
61 86 100
61 87 100
61 87 100
61 87 100
61 87 100
61 87 100
61 88 100
61 88 100
61 88 100
61 88 100
61 89 100
61 89 100
61 89 100
61 90 100
61 90 100
61 90 100
61 91 100
61 91 100
61 92 100
61 92 100
61 93 100
61 94 100
61 95 100
61 96 100
61 97 100
61 98 100
61 99 100
61 100 100
61 101 100
61 102 100
61 103 100
61 104 100
61 105 100
61 106 100
61 107 100
61 108 100
61 109 100
61 110 100
61 111 100
61 112 100
61 113 100
61 114 100
61 115 100
61 116 100
61 117 100
61 118 100
61 119 100
61 120 100
61 121 100
61 122 100
61 123 100
61 124 100
61 125 100
61 126 100
61 126 100
61 127 100
61 127 100
61 128 100
61 128 100
61 129 100
61 129 100
61 129 100
61 130 100
61 130 100
61 130 100
61 130 100
61 131 100
61 131 100
61 131 100
61 131 100
61 131 100
61 131 100
61 132 100
61 132 100
61 132 100
61 132 100
61 132 100
61 132 100
61 132 100
61 132 100
61 133 100
61 133 100
61 133 100
61 133 100
61 133 100
61 133 100
61 133 100
61 133 100
61 133 100
61 133 100
61 134 100
61 134 100
61 134 100
61 134 100
61 134 100
61 134 100
61 134 100
61 134 100
61 134 100
61 134 100
61 134 100
61 135 100
61 135 100
61 135 100
61 135 100
61 135 100
61 135 100
61 135 100
61 135 100
61 135 100
61 135 100
61 135 100
61 135 100
61 135 100
61 136 100
61 136 100
61 136 100
61 136 100
61 136 100
61 136 100
61 136 100
61 136 100
61 136 100
61 136 100
61 136 100
61 136 100
61 136 100
61 136 100
61 137 100
61 137 100
61 137 100
61 137 100
61 137 100
61 137 100
61 137 100
61 137 100
61 137 100
61 137 100
61 137 100
61 137 100
61 137 100
61 137 100
61 137 100
61 138 100
61 138 100
61 138 100
61 138 100
61 138 100
61 138 100
61 138 100
61 138 100
61 138 100
61 138 100
61 138 100
61 138 100
61 138 100
61 138 100
61 138 100
61 139 100
61 139 100
61 139 100
61 139 100
61 139 100
61 139 100
61 139 100
61 139 100
61 139 100
61 139 100
61 139 100
61 139 100
61 139 100
61 139 100
61 139 100
61 140 100
61 140 100
61 140 100
61 140 100
61 140 100
61 140 100
61 140 100
61 140 100
61 140 100
61 140 100
61 140 100
61 140 100
61 140 100
61 140 100
61 140 100
61 141 100
61 141 100
61 141 100
61 141 100
61 141 100
61 141 100
61 141 100
61 141 100
61 141 100
61 141 100
61 141 100
61 141 100
61 141 100
61 141 100
61 141 100
61 142 100
61 142 100
61 142 100
61 142 100
61 142 100
61 142 100
61 142 100
61 142 100
61 142 100
61 142 100
61 142 100
61 142 100
61 142 100
61 142 100
61 143 100
61 143 100
61 143 100
61 143 100
61 143 100
61 143 100
61 143 100
61 143 100
61 143 100
61 143 100
61 143 100
61 143 100
61 144 100
61 144 100
61 144 100
61 144 100
61 144 100
61 144 100
61 144 100
61 144 100
61 144 100
61 144 100
61 144 100
61 145 100
61 145 100
61 145 100
61 145 100
61 145 100
61 145 100
61 145 100
61 145 100
61 145 100
61 146 100
61 146 100
61 146 100
61 146 100
61 146 100
61 146 100
61 146 100
61 146 100
61 147 100
61 147 100
61 147 100
61 147 100
61 147 100
61 147 100
61 148 100
61 148 100
61 148 100
61 148 100
61 148 100
61 149 100
61 149 100
61 149 100
61 149 100
61 149 100
61 150 100
61 150 100
61 150 100
61 150 100
61 150 100
61 151 100
61 151 100
61 151 100
61 151 100
61 151 100
61 152 100
61 152 100
61 152 100
61 152 100
61 153 100
61 153 100
61 153 100
61 153 100
61 154 100
61 154 100
61 154 100
61 154 100
61 155 100
61 155 100
61 155 100
61 156 100
61 156 100
# move from (9,97) to (61,156)
9 97 100
10 97 100
11 97 100
12 97 100
13 97 100
14 97 100
15 97 100
16 97 100
17 97 100
18 97 100
19 97 100
20 97 100
21 97 100
22 97 100
23 97 100
24 97 100
25 97 100
26 97 100
26 97 100
27 97 100
27 97 100
28 97 100
28 97 100
29 97 100
30 97 100
31 97 100
32 97 100
33 97 100
34 97 100
35 97 100
36 97 100
37 97 100
38 97 100
39 97 100
40 97 100
41 97 100
42 97 100
43 97 100
44 97 100
45 97 100
46 97 100
47 97 100
48 97 100
49 97 100
50 97 100
51 97 100
52 97 100
53 97 100
54 97 100
55 97 100
56 97 100
57 97 100
58 97 100
59 97 100
60 97 100
# move from (11,27) to (61,156)
11 27 100
12 27 100
13 27 100
14 27 100
15 27 100
16 27 100
17 27 100
18 27 100
19 27 100
20 27 100
21 27 100
22 27 100
23 27 100
24 27 100
25 27 100
26 27 100
27 27 100
28 27 100
29 27 100
30 27 100
30 27 100
31 27 100
31 27 100
32 27 100
32 27 100
33 27 100
33 27 100
34 27 100
34 27 100
35 27 100
35 27 100
35 27 100
36 27 100
36 27 100
36 27 100
37 27 100
37 27 100
37 27 100
37 27 100
38 27 100
38 27 100
38 27 100
38 27 100
38 27 100
39 27 100
39 27 100
39 27 100
39 27 100
39 27 100
39 27 100
40 27 100
40 27 100
40 27 100
40 27 100
40 27 100
40 27 100
40 27 100
41 27 100
41 27 100
41 27 100
41 27 100
41 27 100
41 27 100
41 27 100
41 27 100
42 27 100
42 27 100
42 27 100
42 27 100
42 27 100
42 27 100
42 27 100
42 27 100
43 27 100
43 27 100
43 27 100
43 27 100
43 27 100
43 27 100
43 27 100
44 27 100
44 27 100
44 27 100
44 27 100
44 27 100
44 27 100
45 27 100
45 27 100
45 27 100
45 27 100
45 27 100
46 27 100
46 27 100
46 27 100
46 27 100
47 27 100
47 27 100
47 27 100
48 27 100
48 27 100
48 27 100
49 27 100
49 27 100
50 27 100
50 27 100
51 27 100
51 27 100
52 27 100
52 27 100
53 27 100
53 27 100
54 27 100
54 27 100
55 27 100
55 27 100
56 27 100
56 27 100
57 27 100
58 27 100
59 27 100
60 27 100
61 27 100
61 28 100
61 29 100
61 30 100
61 31 100
61 32 100
61 33 100
61 34 100
61 35 100
# move from (62,100) to (61,156)
62 100 100
# move from (142,138) to (61,156)
142 138 100
141 138 100
140 138 100
139 138 100
138 138 100
137 138 100
136 138 100
135 138 100
134 138 100
133 138 100
132 138 100
131 138 100
130 138 100
129 138 100
128 138 100
127 138 100
126 138 100
125 138 100
124 138 100
123 138 100
122 138 100
121 138 100
120 138 100
119 138 100
118 138 100
117 138 100
116 138 100
115 138 100
114 138 100
113 138 100
112 138 100
111 138 100
110 138 100
109 138 100
108 138 100
107 138 100
107 138 100
106 138 100
106 138 100
106 138 100
105 138 100
105 138 100
105 138 100
104 138 100
104 138 100
104 138 100
104 138 100
103 138 100
103 138 100
103 138 100
103 138 100
103 138 100
102 138 100
102 138 100
102 138 100
102 138 100
102 138 100
101 138 100
101 138 100
101 138 100
101 138 100
101 138 100
100 138 100
100 138 100
100 138 100
100 138 100
100 138 100
99 138 100
99 138 100
99 138 100
99 138 100
98 138 100
98 138 100
98 138 100
98 138 100
97 138 100
97 138 100
97 138 100
97 138 100
96 138 100
96 138 100
96 138 100
96 138 100
95 138 100
95 138 100
95 138 100
95 138 100
94 138 100
94 138 100
94 138 100
94 138 100
93 138 100
93 138 100
93 138 100
93 138 100
93 138 100
92 138 100
92 138 100
92 138 100
92 138 100
92 138 100
91 138 100
91 138 100
91 138 100
91 138 100
91 138 100
91 138 100
90 138 100
90 138 100
90 138 100
90 138 100
90 138 100
90 138 100
89 138 100
89 138 100
89 138 100
89 138 100
89 138 100
88 138 100
88 138 100
88 138 100
88 138 100
87 138 100
87 138 100
87 138 100
87 138 100
86 138 100
86 138 100
86 138 100
85 138 100
85 138 100
84 138 100
84 138 100
83 138 100
83 138 100
82 138 100
82 138 100
81 138 100
81 138 100
80 138 100
80 138 100
79 138 100
79 138 100
78 138 100
78 138 100
78 138 100
77 138 100
77 138 100
77 138 100
76 138 100
76 138 100
76 138 100
75 138 100
75 138 100
75 138 100
74 138 100
74 138 100
74 138 100
73 138 100
73 138 100
73 138 100
72 138 100
72 138 100
71 138 100
71 138 100
70 138 100
70 138 100
69 138 100
69 138 100
68 138 100
68 138 100
67 138 100
67 138 100
67 138 100
66 138 100
66 138 100
66 138 100
65 138 100
65 138 100
65 138 100
65 138 100
65 138 100
64 138 100
64 138 100
64 138 100
64 138 100
64 138 100
64 138 100
63 138 100
63 138 100
63 138 100
63 138 100
63 138 100
63 138 100
63 138 100
63 138 100
62 138 100
62 138 100
62 138 100
62 138 100
62 138 100
62 138 100
62 138 100
62 138 100
62 138 100
62 138 100
62 138 100
# move from (175,97) to (61,156)
175 97 100
174 97 100
173 97 100
172 97 100
171 97 100
170 97 100
169 97 100
168 97 100
168 97 100
167 97 100
167 97 100
166 97 100
166 97 100
166 97 100
165 97 100
165 97 100
165 97 100
165 97 100
164 97 100
164 97 100
164 97 100
164 97 100
164 97 100
163 97 100
163 97 100
163 97 100
163 97 100
163 97 100
162 97 100
162 97 100
162 97 100
162 97 100
162 97 100
162 97 100
161 97 100
161 97 100
161 97 100
161 97 100
161 97 100
161 97 100
160 97 100
160 97 100
160 97 100
160 97 100
160 97 100
159 97 100
159 97 100
159 97 100
159 97 100
159 97 100
158 97 100
158 97 100
158 97 100
158 97 100
158 97 100
157 97 100
157 97 100
157 97 100
157 97 100
156 97 100
156 97 100
156 97 100
156 97 100
156 97 100
155 97 100
155 97 100
155 97 100
155 97 100
155 97 100
154 97 100
154 97 100
154 97 100
154 97 100
154 97 100
153 97 100
153 97 100
153 97 100
153 97 100
152 97 100
152 97 100
152 97 100
152 97 100
151 97 100
151 97 100
151 97 100
151 97 100
150 97 100
150 97 100
150 97 100
149 97 100
149 97 100
149 97 100
148 97 100
148 97 100
147 97 100
147 97 100
146 97 100
146 97 100
145 97 100
145 97 100
144 97 100
144 97 100
143 97 100
143 97 100
142 97 100
142 97 100
141 97 100
141 97 100
140 97 100
139 97 100
138 97 100
137 97 100
136 97 100
135 97 100
135 97 100
134 97 100
134 97 100
133 97 100
133 97 100
133 97 100
132 97 100
132 97 100
132 97 100
131 97 100
131 97 100
131 97 100
131 97 100
130 97 100
130 97 100
130 97 100
130 97 100
129 97 100
129 97 100
129 97 100
129 97 100
128 97 100
128 97 100
128 97 100
128 97 100
127 97 100
127 97 100
127 97 100
127 97 100
126 97 100
126 97 100
126 97 100
126 97 100
125 97 100
125 97 100
125 97 100
125 97 100
124 97 100
124 97 100
124 97 100
124 97 100
123 97 100
123 97 100
123 97 100
123 97 100
122 97 100
122 97 100
122 97 100
122 97 100
122 97 100
121 97 100
121 97 100
121 97 100
121 97 100
121 97 100
120 97 100
120 97 100
120 97 100
120 97 100
120 97 100
120 97 100
119 97 100
119 97 100
119 97 100
119 97 100
119 97 100
119 97 100
119 97 100
118 97 100
118 97 100
118 97 100
118 97 100
118 97 100
118 97 100
118 97 100
118 97 100
117 97 100
117 97 100
117 97 100
117 97 100
117 97 100
117 97 100
117 97 100
117 97 100
116 97 100
116 97 100
116 97 100
116 97 100
116 97 100
116 97 100
116 97 100
116 97 100
115 97 100
115 97 100
115 97 100
115 97 100
115 97 100
115 97 100
115 97 100
114 97 100
114 97 100
114 97 100
114 97 100
114 97 100
114 97 100
113 97 100
113 97 100
113 97 100
113 97 100
113 97 100
112 97 100
112 97 100
112 97 100
112 97 100
111 97 100
111 97 100
111 97 100
111 97 100
110 97 100
110 97 100
110 97 100
109 97 100
109 97 100
109 97 100
108 97 100
108 97 100
108 97 100
107 97 100
107 97 100
107 97 100
106 97 100
106 97 100
106 97 100
106 97 100
105 97 100
105 97 100
105 97 100
105 97 100
104 97 100
104 97 100
104 97 100
104 97 100
103 97 100
103 97 100
103 97 100
102 97 100
102 97 100
102 97 100
101 97 100
101 97 100
101 97 100
100 97 100
100 97 100
99 97 100
99 97 100
98 97 100
98 97 100
97 97 100
96 97 100
95 97 100
95 97 100
94 97 100
94 97 100
93 97 100
93 97 100
92 97 100
92 97 100
91 97 100
91 97 100
90 97 100
90 97 100
89 97 100
89 97 100
88 97 100
88 97 100
87 97 100
87 97 100
86 97 100
86 97 100
85 97 100
85 97 100
84 97 100
84 97 100
84 97 100
83 97 100
83 97 100
83 97 100
82 97 100
82 97 100
82 97 100
82 97 100
81 97 100
81 97 100
81 97 100
81 97 100
81 97 100
80 97 100
80 97 100
80 97 100
80 97 100
80 97 100
79 97 100
79 97 100
79 97 100
79 97 100
79 97 100
78 97 100
78 97 100
78 97 100
78 97 100
78 97 100
77 97 100
77 97 100
77 97 100
77 97 100
76 97 100
76 97 100
76 97 100
75 97 100
75 97 100
75 97 100
74 97 100
74 97 100
73 97 100
73 97 100
72 97 100
72 97 100
71 97 100
71 97 100
70 97 100
70 97 100
69 97 100
69 97 100
68 97 100
67 97 100
66 97 100
65 97 100
64 97 100
63 97 100
62 97 100
# move from (80,26) to (61,156)
80 26 100
79 26 100
78 26 100
77 26 100
76 26 100
75 26 100
74 26 100
73 26 100
72 26 100
71 26 100
70 26 100
69 26 100
68 26 100
67 26 100
66 26 100
65 26 100
64 26 100
63 26 100
62 26 100
61 26 100
# move from (98,140) to (61,156)
98 140 100
98 140 100
98 140 100
98 140 100
97 140 100
97 140 100
97 140 100
97 140 100
96 140 100
96 140 100
96 140 100
96 140 100
95 140 100
95 140 100
95 140 100
95 140 100
94 140 100
94 140 100
94 140 100
94 140 100
93 140 100
93 140 100
93 140 100
93 140 100
93 140 100
92 140 100
92 140 100
92 140 100
92 140 100
92 140 100
91 140 100
91 140 100
91 140 100
91 140 100
91 140 100
91 140 100
90 140 100
90 140 100
90 140 100
90 140 100
90 140 100
90 140 100
89 140 100
89 140 100
89 140 100
89 140 100
89 140 100
89 140 100
88 140 100
88 140 100
88 140 100
88 140 100
88 140 100
88 140 100
87 140 100
87 140 100
87 140 100
87 140 100
87 140 100
86 140 100
86 140 100
86 140 100
86 140 100
86 140 100
85 140 100
85 140 100
85 140 100
85 140 100
84 140 100
84 140 100
84 140 100
84 140 100
83 140 100
83 140 100
83 140 100
82 140 100
82 140 100
82 140 100
81 140 100
81 140 100
81 140 100
80 140 100
80 140 100
80 140 100
79 140 100
79 140 100
79 140 100
79 140 100
78 140 100
78 140 100
78 140 100
78 140 100
78 140 100
77 140 100
77 140 100
77 140 100
77 140 100
77 140 100
77 140 100
76 140 100
76 140 100
76 140 100
76 140 100
76 140 100
76 140 100
75 140 100
75 140 100
75 140 100
75 140 100
75 140 100
75 140 100
74 140 100
74 140 100
74 140 100
74 140 100
74 140 100
74 140 100
73 140 100
73 140 100
73 140 100
73 140 100
73 140 100
73 140 100
72 140 100
72 140 100
72 140 100
72 140 100
72 140 100
72 140 100
71 140 100
71 140 100
71 140 100
71 140 100
71 140 100
71 140 100
70 140 100
70 140 100
70 140 100
70 140 100
70 140 100
70 140 100
69 140 100
69 140 100
69 140 100
69 140 100
69 140 100
68 140 100
68 140 100
68 140 100
68 140 100
68 140 100
67 140 100
67 140 100
67 140 100
67 140 100
67 140 100
67 140 100
66 140 100
66 140 100
66 140 100
66 140 100
66 140 100
66 140 100
65 140 100
65 140 100
65 140 100
65 140 100
65 140 100
65 140 100
65 140 100
64 140 100
64 140 100
64 140 100
64 140 100
64 140 100
64 140 100
64 140 100
64 140 100
63 140 100
63 140 100
63 140 100
63 140 100
63 140 100
63 140 100
63 140 100
63 140 100
63 140 100
63 140 100
62 140 100
62 140 100
62 140 100
62 140 100
62 140 100
62 140 100
62 140 100
62 140 100
62 140 100
62 140 100
62 140 100
62 140 100
# move from (152,49) to (61,156)
152 49 100
151 49 100
150 49 100
149 49 100
148 49 100
147 49 100
146 49 100
145 49 100
144 49 100
143 49 100
142 49 100
141 49 100
140 49 100
139 49 100
138 49 100
137 49 100
136 49 100
135 49 100
134 49 100
134 49 100
133 49 100
133 49 100
132 49 100
132 49 100
131 49 100
131 49 100
131 49 100
130 49 100
130 49 100
130 49 100
129 49 100
129 49 100
129 49 100
128 49 100
128 49 100
128 49 100
127 49 100
127 49 100
127 49 100
127 49 100
126 49 100
126 49 100
126 49 100
126 49 100
126 49 100
125 49 100
125 49 100
125 49 100
125 49 100
125 49 100
125 49 100
125 49 100
124 49 100
124 49 100
124 49 100
124 49 100
124 49 100
124 49 100
124 49 100
124 49 100
124 49 100
123 49 100
123 49 100
123 49 100
123 49 100
123 49 100
123 49 100
123 49 100
123 49 100
123 49 100
123 49 100
123 49 100
122 49 100
122 49 100
122 49 100
122 49 100
122 49 100
122 49 100
122 49 100
122 49 100
122 49 100
122 49 100
122 49 100
122 49 100
122 49 100
121 49 100
121 49 100
121 49 100
121 49 100
121 49 100
121 49 100
121 49 100
121 49 100
121 49 100
121 49 100
121 49 100
121 49 100
121 49 100
120 49 100
120 49 100
120 49 100
120 49 100
120 49 100
120 49 100
120 49 100
120 49 100
120 49 100
120 49 100
120 49 100
120 49 100
120 49 100
119 49 100
119 49 100
119 49 100
119 49 100
119 49 100
119 49 100
119 49 100
119 49 100
119 49 100
119 49 100
119 49 100
119 49 100
119 49 100
118 49 100
118 49 100
118 49 100
118 49 100
118 49 100
118 49 100
118 49 100
118 49 100
118 49 100
118 49 100
118 49 100
118 49 100
118 49 100
117 49 100
117 49 100
117 49 100
117 49 100
117 49 100
117 49 100
117 49 100
117 49 100
117 49 100
117 49 100
117 49 100
117 49 100
117 49 100
116 49 100
116 49 100
116 49 100
116 49 100
116 49 100
116 49 100
116 49 100
116 49 100
116 49 100
116 49 100
116 49 100
116 49 100
116 49 100
116 49 100
116 49 100
115 49 100
115 49 100
115 49 100
115 49 100
115 49 100
115 49 100
115 49 100
115 49 100
115 49 100
115 49 100
115 49 100
115 49 100
115 49 100
115 49 100
115 49 100
115 49 100
115 49 100
114 49 100
114 49 100
114 49 100
114 49 100
114 49 100
114 49 100
114 49 100
114 49 100
114 49 100
114 49 100
114 49 100
114 49 100
114 49 100
114 49 100
114 49 100
114 49 100
114 49 100
114 49 100
114 49 100
114 49 100
113 49 100
113 49 100
113 49 100
113 49 100
113 49 100
113 49 100
113 49 100
113 49 100
113 49 100
113 49 100
113 49 100
113 49 100
113 49 100
113 49 100
113 49 100
113 49 100
113 49 100
113 49 100
113 49 100
113 49 100
113 49 100
113 49 100
113 49 100
112 49 100
112 49 100
112 49 100
112 49 100
112 49 100
112 49 100
112 49 100
112 49 100
112 49 100
112 49 100
112 49 100
112 49 100
112 49 100
112 49 100
112 49 100
112 49 100
112 49 100
112 49 100
112 49 100
112 49 100
112 49 100
112 49 100
112 49 100
112 49 100
112 49 100
112 49 100
112 49 100
111 49 100
111 49 100
111 49 100
111 49 100
111 49 100
111 49 100
111 49 100
111 49 100
111 49 100
111 49 100
111 49 100
111 49 100
111 49 100
111 49 100
111 49 100
111 49 100
111 49 100
111 49 100
111 49 100
111 49 100
111 49 100
111 49 100
111 49 100
111 49 100
111 49 100
111 49 100
111 49 100
111 49 100
111 49 100
111 49 100
110 49 100
110 49 100
110 49 100
110 49 100
110 49 100
110 49 100
110 49 100
110 49 100
110 49 100
110 49 100
110 49 100
110 49 100
110 49 100
110 49 100
110 49 100
110 49 100
110 49 100
110 49 100
110 49 100
110 49 100
110 49 100
110 49 100
110 49 100
110 49 100
110 49 100
110 49 100
110 49 100
110 49 100
110 49 100
110 49 100
110 49 100
110 49 100
110 49 100
110 49 100
109 49 100
109 49 100
109 49 100
109 49 100
109 49 100
109 49 100
109 49 100
109 49 100
109 49 100
109 49 100
109 49 100
109 49 100
109 49 100
109 49 100
109 49 100
109 49 100
109 49 100
109 49 100
109 49 100
109 49 100
109 49 100
109 49 100
109 49 100
109 49 100
109 49 100
109 49 100
109 49 100
109 49 100
109 49 100
109 49 100
109 49 100
109 49 100
109 49 100
109 49 100
109 49 100
109 49 100
108 49 100
108 49 100
108 49 100
108 49 100
108 49 100
108 49 100
108 49 100
108 49 100
108 49 100
108 49 100
108 49 100
108 49 100
108 49 100
108 49 100
108 49 100
108 49 100
108 49 100
108 49 100
108 49 100
108 49 100
108 49 100
108 49 100
108 49 100
108 49 100
108 49 100
108 49 100
108 49 100
108 49 100
108 49 100
108 49 100
108 49 100
108 49 100
108 49 100
108 49 100
108 49 100
108 49 100
108 49 100
108 49 100
107 49 100
107 49 100
107 49 100
107 49 100
107 49 100
107 49 100
107 49 100
107 49 100
107 49 100
107 49 100
107 49 100
107 49 100
107 49 100
107 49 100
107 49 100
107 49 100
107 49 100
107 49 100
107 49 100
107 49 100
107 49 100
107 49 100
107 49 100
107 49 100
107 49 100
107 49 100
107 49 100
107 49 100
107 49 100
107 49 100
107 49 100
107 49 100
107 49 100
107 49 100
107 49 100
107 49 100
107 49 100
107 49 100
107 49 100
106 49 100
106 49 100
106 49 100
106 49 100
106 49 100
106 49 100
106 49 100
106 49 100
106 49 100
106 49 100
106 49 100
106 49 100
106 49 100
106 49 100
106 49 100
106 49 100
106 49 100
106 49 100
106 49 100
106 49 100
106 49 100
106 49 100
106 49 100
106 49 100
106 49 100
106 49 100
106 49 100
106 49 100
106 49 100
106 49 100
106 49 100
106 49 100
106 49 100
106 49 100
106 49 100
106 49 100
106 49 100
106 49 100
106 49 100
105 49 100
105 49 100
105 49 100
105 49 100
105 49 100
105 49 100
105 49 100
105 49 100
105 49 100
105 49 100
105 49 100
105 49 100
105 49 100
105 49 100
105 49 100
105 49 100
105 49 100
105 49 100
105 49 100
105 49 100
105 49 100
105 49 100
105 49 100
105 49 100
105 49 100
105 49 100
105 49 100
105 49 100
105 49 100
105 49 100
105 49 100
105 49 100
105 49 100
105 49 100
105 49 100
105 49 100
105 49 100
105 49 100
104 49 100
104 49 100
104 49 100
104 49 100
104 49 100
104 49 100
104 49 100
104 49 100
104 49 100
104 49 100
104 49 100
104 49 100
104 49 100
104 49 100
104 49 100
104 49 100
104 49 100
104 49 100
104 49 100
104 49 100
104 49 100
104 49 100
104 49 100
104 49 100
104 49 100
104 49 100
104 49 100
104 49 100
104 49 100
104 49 100
104 49 100
104 49 100
104 49 100
104 49 100
104 49 100
104 49 100
104 49 100
104 49 100
103 49 100
103 49 100
103 49 100
103 49 100
103 49 100
103 49 100
103 49 100
103 49 100
103 49 100
103 49 100
103 49 100
103 49 100
103 49 100
103 49 100
103 49 100
103 49 100
103 49 100
103 49 100
103 49 100
103 49 100
103 49 100
103 49 100
103 49 100
103 49 100
103 49 100
103 49 100
103 49 100
103 49 100
103 49 100
103 49 100
103 49 100
103 49 100
103 49 100
103 49 100
103 49 100
103 49 100
103 49 100
102 49 100
102 49 100
102 49 100
102 49 100
102 49 100
102 49 100
102 49 100
102 49 100
102 49 100
102 49 100
102 49 100
102 49 100
102 49 100
102 49 100
102 49 100
102 49 100
102 49 100
102 49 100
102 49 100
102 49 100
102 49 100
102 49 100
102 49 100
102 49 100
102 49 100
102 49 100
102 49 100
102 49 100
102 49 100
102 49 100
102 49 100
102 49 100
102 49 100
102 49 100
102 49 100
102 49 100
101 49 100
101 49 100
101 49 100
101 49 100
101 49 100
101 49 100
101 49 100
101 49 100
101 49 100
101 49 100
101 49 100
101 49 100
101 49 100
101 49 100
101 49 100
101 49 100
101 49 100
101 49 100
101 49 100
101 49 100
101 49 100
101 49 100
101 49 100
101 49 100
101 49 100
101 49 100
101 49 100
101 49 100
101 49 100
101 49 100
101 49 100
101 49 100
101 49 100
101 49 100
100 49 100
100 49 100
100 49 100
100 49 100
100 49 100
100 49 100
100 49 100
100 49 100
100 49 100
100 49 100
100 49 100
100 49 100
100 49 100
100 49 100
100 49 100
100 49 100
100 49 100
100 49 100
100 49 100
100 49 100
100 49 100
100 49 100
100 49 100
100 49 100
100 49 100
100 49 100
100 49 100
100 49 100
100 49 100
100 49 100
100 49 100
100 49 100
99 49 100
99 49 100
99 49 100
99 49 100
99 49 100
99 49 100
99 49 100
99 49 100
99 49 100
99 49 100
99 49 100
99 49 100
99 49 100
99 49 100
99 49 100
99 49 100
99 49 100
99 49 100
99 49 100
99 49 100
99 49 100
99 49 100
99 49 100
99 49 100
99 49 100
99 49 100
99 49 100
99 49 100
99 49 100
98 49 100
98 49 100
98 49 100
98 49 100
98 49 100
98 49 100
98 49 100
98 49 100
98 49 100
98 49 100
98 49 100
98 49 100
98 49 100
98 49 100
98 49 100
98 49 100
98 49 100
98 49 100
98 49 100
98 49 100
98 49 100
98 49 100
98 49 100
98 49 100
98 49 100
98 49 100
97 49 100
97 49 100
97 49 100
97 49 100
97 49 100
97 49 100
97 49 100
97 49 100
97 49 100
97 49 100
97 49 100
97 49 100
97 49 100
97 49 100
97 49 100
97 49 100
97 49 100
97 49 100
97 49 100
97 49 100
97 49 100
97 49 100
96 49 100
96 49 100
96 49 100
96 49 100
96 49 100
96 49 100
96 49 100
96 49 100
96 49 100
96 49 100
96 49 100
96 49 100
96 49 100
96 49 100
96 49 100
96 49 100
96 49 100
96 49 100
96 49 100
95 49 100
95 49 100
95 49 100
95 49 100
95 49 100
95 49 100
95 49 100
95 49 100
95 49 100
95 49 100
95 49 100
95 49 100
95 49 100
95 49 100
95 49 100
94 49 100
94 49 100
94 49 100
94 49 100
94 49 100
94 49 100
94 49 100
94 49 100
94 49 100
94 49 100
94 49 100
94 49 100
94 49 100
93 49 100
93 49 100
93 49 100
93 49 100
93 49 100
93 49 100
93 49 100
93 49 100
93 49 100
93 49 100
92 49 100
92 49 100
92 49 100
92 49 100
92 49 100
92 49 100
92 49 100
92 49 100
91 49 100
91 49 100
91 49 100
91 49 100
91 49 100
91 49 100
91 49 100
90 49 100
90 49 100
90 49 100
90 49 100
90 49 100
90 49 100
89 49 100
89 49 100
89 49 100
89 49 100
89 49 100
89 49 100
88 49 100
88 49 100
88 49 100
88 49 100
88 49 100
88 49 100
87 49 100
87 49 100
87 49 100
87 49 100
87 49 100
87 49 100
87 49 100
86 49 100
86 49 100
86 49 100
86 49 100
86 49 100
86 49 100
86 49 100
85 49 100
85 49 100
85 49 100
85 49 100
85 49 100
85 49 100
85 49 100
84 49 100
84 49 100
84 49 100
84 49 100
84 49 100
84 49 100
84 49 100
83 49 100
83 49 100
83 49 100
83 49 100
83 49 100
83 49 100
82 49 100
82 49 100
82 49 100
82 49 100
82 49 100
81 49 100
81 49 100
81 49 100
81 49 100
81 49 100
80 49 100
80 49 100
80 49 100
80 49 100
79 49 100
79 49 100
79 49 100
78 49 100
78 49 100
77 49 100
77 49 100
76 49 100
75 49 100
74 49 100
73 49 100
72 49 100
71 49 100
70 49 100
69 49 100
68 49 100
67 49 100
66 49 100
65 49 100
65 49 100
64 49 100
64 49 100
63 49 100
63 49 100
62 49 100
62 49 100
