# move from (87,60) to (139,144)
87 60 100
88 60 100
89 60 100
90 60 100
91 60 100
92 60 100
93 60 100
94 60 100
95 60 100
96 60 100
97 60 100
98 60 100
99 60 100
100 60 100
101 60 100
102 60 100
103 60 100
104 60 100
105 60 100
106 60 100
107 60 100
108 60 100
109 60 100
110 60 100
111 60 100
112 60 100
112 60 100
113 60 100
113 60 100
114 60 100
114 60 100
114 60 100
115 60 100
115 60 100
115 60 100
116 60 100
116 60 100
116 60 100
117 60 100
117 60 100
117 60 100
118 60 100
118 60 100
118 60 100
118 60 100
119 60 100
119 60 100
119 60 100
119 60 100
120 60 100
120 60 100
120 60 100
120 60 100
121 60 100
121 60 100
121 60 100
121 60 100
122 60 100
122 60 100
122 60 100
122 60 100
122 60 100
123 60 100
123 60 100
123 60 100
123 60 100
123 60 100
123 60 100
124 60 100
124 60 100
124 60 100
124 60 100
124 60 100
124 60 100
124 60 100
124 60 100
125 60 100
125 60 100
125 60 100
125 60 100
125 60 100
125 60 100
125 60 100
125 60 100
125 60 100
125 60 100
126 60 100
126 60 100
126 60 100
126 60 100
126 60 100
126 60 100
126 60 100
126 60 100
126 60 100
126 60 100
126 60 100
126 60 100
127 60 100
127 60 100
127 60 100
127 60 100
127 60 100
127 60 100
127 60 100
127 60 100
127 60 100
127 60 100
127 60 100
127 60 100
127 60 100
127 60 100
128 60 100
128 60 100
128 60 100
128 60 100
128 60 100
128 60 100
128 60 100
128 60 100
128 60 100
128 60 100
128 60 100
128 60 100
128 60 100
128 60 100
128 60 100
128 60 100
128 60 100
129 60 100
129 60 100
129 60 100
129 60 100
129 60 100
129 60 100
129 60 100
129 60 100
129 60 100
129 60 100
129 60 100
129 60 100
129 60 100
129 60 100
129 60 100
129 60 100
129 60 100
129 60 100
129 60 100
130 60 100
130 60 100
130 60 100
130 60 100
130 60 100
130 60 100
130 60 100
130 60 100
130 60 100
130 60 100
130 60 100
130 60 100
130 60 100
130 60 100
130 60 100
130 60 100
130 60 100
130 60 100
130 60 100
130 60 100
130 60 100
131 60 100
131 60 100
131 60 100
131 60 100
131 60 100
131 60 100
131 60 100
131 60 100
131 60 100
131 60 100
131 60 100
131 60 100
131 60 100
131 60 100
131 60 100
131 60 100
131 60 100
131 60 100
131 60 100
131 60 100
131 60 100
131 60 100
131 60 100
132 60 100
132 60 100
132 60 100
132 60 100
132 60 100
132 60 100
132 60 100
132 60 100
132 60 100
132 60 100
132 60 100
132 60 100
132 60 100
132 60 100
132 60 100
132 60 100
132 60 100
132 60 100
132 60 100
132 60 100
132 60 100
132 60 100
132 60 100
133 60 100
133 60 100
133 60 100
133 60 100
133 60 100
133 60 100
133 60 100
133 60 100
133 60 100
133 60 100
133 60 100
133 60 100
133 60 100
133 60 100
133 60 100
133 60 100
133 60 100
133 60 100
133 60 100
133 60 100
133 60 100
134 60 100
134 60 100
134 60 100
134 60 100
134 60 100
134 60 100
134 60 100
134 60 100
134 60 100
134 60 100
134 60 100
134 60 100
134 60 100
134 60 100
134 60 100
134 60 100
134 60 100
134 60 100
134 60 100
134 60 100
135 60 100
135 60 100
135 60 100
135 60 100
135 60 100
135 60 100
135 60 100
135 60 100
135 60 100
135 60 100
135 60 100
135 60 100
135 60 100
135 60 100
135 60 100
135 60 100
135 60 100
135 60 100
136 60 100
136 60 100
136 60 100
136 60 100
136 60 100
136 60 100
136 60 100
136 60 100
136 60 100
136 60 100
136 60 100
136 60 100
136 60 100
136 60 100
136 60 100
136 60 100
137 60 100
137 60 100
137 60 100
137 60 100
137 60 100
137 60 100
137 60 100
137 60 100
137 60 100
137 60 100
137 60 100
137 60 100
137 60 100
137 60 100
138 60 100
138 60 100
138 60 100
138 60 100
138 60 100
138 60 100
138 60 100
138 60 100
138 60 100
138 60 100
138 60 100
138 60 100
139 60 100
139 60 100
139 60 100
139 60 100
139 60 100
139 60 100
139 60 100
139 60 100
139 60 100
139 60 100
139 61 100
139 61 100
139 61 100
139 61 100
139 61 100
139 61 100
139 61 100
139 61 100
139 61 100
139 61 100
139 61 100
139 62 100
139 62 100
139 62 100
139 62 100
139 62 100
139 62 100
139 62 100
139 62 100
139 62 100
139 62 100
139 62 100
139 62 100
139 63 100
139 63 100
139 63 100
139 63 100
139 63 100
139 63 100
139 63 100
139 63 100
139 63 100
139 63 100
139 63 100
139 63 100
139 63 100
139 63 100
139 64 100
139 64 100
139 64 100
139 64 100
139 64 100
139 64 100
139 64 100
139 64 100
139 64 100
139 64 100
139 64 100
139 64 100
139 64 100
139 64 100
139 64 100
139 64 100
139 65 100
139 65 100
139 65 100
139 65 100
139 65 100
139 65 100
139 65 100
139 65 100
139 65 100
139 65 100
139 65 100
139 65 100
139 65 100
139 65 100
139 65 100
139 65 100
139 65 100
139 65 100
139 65 100
139 66 100
139 66 100
139 66 100
139 66 100
139 66 100
139 66 100
139 66 100
139 66 100
139 66 100
139 66 100
139 66 100
139 66 100
139 66 100
139 66 100
139 66 100
139 66 100
139 66 100
139 66 100
139 66 100
139 66 100
139 66 100
139 67 100
139 67 100
139 67 100
139 67 100
139 67 100
139 67 100
139 67 100
139 67 100
139 67 100
139 67 100
139 67 100
139 67 100
139 67 100
139 67 100
139 67 100
139 67 100
139 67 100
139 67 100
139 67 100
139 67 100
139 67 100
139 67 100
139 68 100
139 68 100
139 68 100
139 68 100
139 68 100
139 68 100
139 68 100
139 68 100
139 68 100
139 68 100
139 68 100
139 68 100
139 68 100
139 68 100
139 68 100
139 68 100
139 68 100
139 68 100
139 68 100
139 68 100
139 68 100
139 69 100
139 69 100
139 69 100
139 69 100
139 69 100
139 69 100
139 69 100
139 69 100
139 69 100
139 69 100
139 69 100
139 69 100
139 69 100
139 69 100
139 69 100
139 69 100
139 69 100
139 69 100
139 69 100
139 69 100
139 70 100
139 70 100
139 70 100
139 70 100
139 70 100
139 70 100
139 70 100
139 70 100
139 70 100
139 70 100
139 70 100
139 70 100
139 70 100
139 70 100
139 70 100
139 70 100
139 70 100
139 71 100
139 71 100
139 71 100
139 71 100
139 71 100
139 71 100
139 71 100
139 71 100
139 71 100
139 71 100
139 71 100
139 71 100
139 71 100
139 71 100
139 71 100
139 72 100
139 72 100
139 72 100
139 72 100
139 72 100
139 72 100
139 72 100
139 72 100
139 72 100
139 72 100
139 72 100
139 72 100
139 73 100
139 73 100
139 73 100
139 73 100
139 73 100
139 73 100
139 73 100
139 73 100
139 73 100
139 73 100
139 74 100
139 74 100
139 74 100
139 74 100
139 74 100
139 74 100
139 74 100
139 74 100
139 75 100
139 75 100
139 75 100
139 75 100
139 75 100
139 75 100
139 75 100
139 76 100
139 76 100
139 76 100
139 76 100
139 76 100
139 76 100
139 76 100
139 77 100
139 77 100
139 77 100
139 77 100
139 77 100
139 77 100
139 77 100
139 78 100
139 78 100
139 78 100
139 78 100
139 78 100
139 78 100
139 78 100
139 79 100
139 79 100
139 79 100
139 79 100
139 79 100
139 79 100
139 79 100
139 79 100
139 80 100
139 80 100
139 80 100
139 80 100
139 80 100
139 80 100
139 80 100
139 80 100
139 81 100
139 81 100
139 81 100
139 81 100
139 81 100
139 81 100
139 81 100
139 82 100
139 82 100
139 82 100
139 82 100
139 82 100
139 82 100
139 82 100
139 83 100
139 83 100
139 83 100
139 83 100
139 83 100
139 84 100
139 84 100
139 84 100
139 84 100
139 85 100
139 85 100
139 85 100
139 86 100
139 86 100
139 87 100
139 87 100
139 88 100
139 88 100
139 89 100
139 89 100
139 90 100
139 91 100
139 92 100
139 93 100
139 94 100
139 95 100
139 96 100
139 97 100
139 98 100
139 99 100
139 100 100
139 101 100
139 101 100
139 102 100
139 102 100
139 103 100
139 103 100
139 104 100
139 104 100
139 104 100
139 105 100
139 105 100
139 105 100
139 106 100
139 106 100
139 106 100
139 107 100
139 107 100
139 107 100
139 108 100
139 108 100
139 108 100
139 109 100
139 109 100
139 109 100
139 110 100
139 110 100
139 110 100
139 111 100
139 111 100
139 111 100
139 112 100
139 112 100
139 112 100
139 113 100
139 113 100
139 113 100
139 114 100
139 114 100
139 114 100
139 115 100
139 115 100
139 115 100
139 116 100
139 116 100
139 116 100
139 117 100
139 117 100
139 117 100
139 117 100
139 118 100
139 118 100
139 118 100
139 118 100
139 119 100
139 119 100
139 119 100
139 119 100
139 119 100
139 119 100
139 120 100
139 120 100
139 120 100
139 120 100
139 120 100
139 120 100
139 120 100
139 121 100
139 121 100
139 121 100
139 121 100
139 121 100
139 121 100
139 121 100
139 121 100
139 121 100
139 122 100
139 122 100
139 122 100
139 122 100
139 122 100
139 122 100
139 122 100
139 122 100
139 122 100
139 122 100
139 122 100
139 123 100
139 123 100
139 123 100
139 123 100
139 123 100
139 123 100
139 123 100
139 123 100
139 123 100
139 123 100
139 123 100
139 123 100
139 123 100
139 123 100
139 124 100
139 124 100
139 124 100
139 124 100
139 124 100
139 124 100
139 124 100
139 124 100
139 124 100
139 124 100
139 124 100
139 124 100
139 124 100
139 124 100
139 124 100
139 124 100
139 124 100
139 125 100
139 125 100
139 125 100
139 125 100
139 125 100
139 125 100
139 125 100
139 125 100
139 125 100
139 125 100
139 125 100
139 125 100
139 125 100
139 125 100
139 125 100
139 125 100
139 125 100
139 125 100
139 126 100
139 126 100
139 126 100
139 126 100
139 126 100
139 126 100
139 126 100
139 126 100
139 126 100
139 126 100
139 126 100
139 126 100
139 126 100
139 126 100
139 126 100
139 126 100
139 126 100
139 126 100
139 126 100
139 127 100
139 127 100
139 127 100
139 127 100
139 127 100
139 127 100
139 127 100
139 127 100
139 127 100
139 127 100
139 127 100
139 127 100
139 127 100
139 127 100
139 127 100
139 127 100
139 127 100
139 127 100
139 127 100
139 128 100
139 128 100
139 128 100
139 128 100
139 128 100
139 128 100
139 128 100
139 128 100
139 128 100
139 128 100
139 128 100
139 128 100
139 128 100
139 128 100
139 128 100
139 128 100
139 128 100
139 128 100
139 128 100
139 129 100
139 129 100
139 129 100
139 129 100
139 129 100
139 129 100
139 129 100
139 129 100
139 129 100
139 129 100
139 129 100
139 129 100
139 129 100
139 129 100
139 129 100
139 129 100
139 129 100
139 129 100
139 130 100
139 130 100
139 130 100
139 130 100
139 130 100
139 130 100
139 130 100
139 130 100
139 130 100
139 130 100
139 130 100
139 130 100
139 130 100
139 130 100
139 130 100
139 130 100
139 130 100
139 131 100
139 131 100
139 131 100
139 131 100
139 131 100
139 131 100
139 131 100
139 131 100
139 131 100
139 131 100
139 131 100
139 131 100
139 131 100
139 131 100
139 131 100
139 131 100
139 132 100
139 132 100
139 132 100
139 132 100
139 132 100
139 132 100
139 132 100
139 132 100
139 132 100
139 132 100
139 132 100
139 132 100
139 132 100
139 132 100
139 132 100
139 132 100
139 133 100
139 133 100
139 133 100
139 133 100
139 133 100
139 133 100
139 133 100
139 133 100
139 133 100
139 133 100
139 133 100
139 133 100
139 133 100
139 133 100
139 133 100
139 133 100
139 134 100
139 134 100
139 134 100
139 134 100
139 134 100
139 134 100
139 134 100
139 134 100
139 134 100
139 134 100
139 134 100
139 134 100
139 134 100
139 134 100
139 134 100
139 134 100
139 135 100
139 135 100
139 135 100
139 135 100
139 135 100
139 135 100
139 135 100
139 135 100
139 135 100
139 135 100
139 135 100
139 135 100
139 135 100
139 135 100
139 135 100
139 135 100
139 136 100
139 136 100
139 136 100
139 136 100
139 136 100
139 136 100
139 136 100
139 136 100
139 136 100
139 136 100
139 136 100
139 136 100
139 136 100
139 136 100
139 136 100
139 136 100
139 137 100
139 137 100
139 137 100
139 137 100
139 137 100
139 137 100
139 137 100
139 137 100
139 137 100
139 137 100
139 137 100
139 137 100
139 137 100
139 137 100
139 137 100
139 137 100
139 138 100
139 138 100
139 138 100
139 138 100
139 138 100
139 138 100
139 138 100
139 138 100
139 138 100
139 138 100
139 138 100
139 138 100
139 138 100
139 138 100
139 138 100
139 138 100
139 139 100
139 139 100
139 139 100
139 139 100
139 139 100
139 139 100
139 139 100
139 139 100
139 139 100
139 139 100
139 139 100
139 139 100
139 139 100
139 139 100
139 139 100
139 140 100
139 140 100
139 140 100
139 140 100
139 140 100
139 140 100
139 140 100
139 140 100
139 140 100
139 140 100
139 140 100
139 140 100
139 140 100
139 141 100
139 141 100
139 141 100
139 141 100
139 141 100
139 141 100
139 141 100
139 141 100
139 141 100
139 141 100
139 141 100
139 142 100
139 142 100
139 142 100
139 142 100
139 142 100
139 142 100
139 142 100
139 142 100
139 142 100
139 143 100
139 143 100
139 143 100
139 143 100
139 143 100
139 143 100
139 143 100
139 143 100
139 144 100
139 144 100
139 144 100
139 144 100
139 144 100
139 144 100
# move from (48,124) to (139,144)
48 124 100
49 124 100
50 124 100
51 124 100
52 124 100
53 124 100
54 124 100
55 124 100
56 124 100
57 124 100
58 124 100
59 124 100
60 124 100
61 124 100
62 124 100
63 124 100
64 124 100
65 124 100
66 124 100
67 124 100
68 124 100
68 124 100
69 124 100
69 124 100
70 124 100
70 124 100
71 124 100
71 124 100
71 124 100
72 124 100
72 124 100
72 124 100
72 124 100
73 124 100
73 124 100
73 124 100
73 124 100
73 124 100
74 124 100
74 124 100
74 124 100
74 124 100
74 124 100
74 124 100
74 124 100
75 124 100
75 124 100
75 124 100
75 124 100
75 124 100
75 124 100
75 124 100
75 124 100
76 124 100
76 124 100
76 124 100
76 124 100
76 124 100
76 124 100
76 124 100
76 124 100
76 124 100
76 124 100
77 124 100
77 124 100
77 124 100
77 124 100
77 124 100
77 124 100
77 124 100
77 124 100
77 124 100
77 124 100
77 124 100
78 124 100
78 124 100
78 124 100
78 124 100
78 124 100
78 124 100
78 124 100
78 124 100
78 124 100
78 124 100
78 124 100
78 124 100
79 124 100
79 124 100
79 124 100
79 124 100
79 124 100
79 124 100
79 124 100
79 124 100
79 124 100
79 124 100
79 124 100
80 124 100
80 124 100
80 124 100
80 124 100
80 124 100
80 124 100
80 124 100
80 124 100
80 124 100
80 124 100
80 124 100
81 124 100
81 124 100
81 124 100
81 124 100
81 124 100
81 124 100
81 124 100
81 124 100
81 124 100
81 124 100
82 124 100
82 124 100
82 124 100
82 124 100
82 124 100
82 124 100
82 124 100
82 124 100
82 124 100
82 124 100
83 124 100
83 124 100
83 124 100
83 124 100
83 124 100
83 124 100
83 124 100
83 124 100
83 124 100
83 124 100
84 124 100
84 124 100
84 124 100
84 124 100
84 124 100
84 124 100
84 124 100
84 124 100
84 124 100
84 124 100
84 124 100
85 124 100
85 124 100
85 124 100
85 124 100
85 124 100
85 124 100
85 124 100
85 124 100
85 124 100
85 124 100
85 124 100
85 124 100
86 124 100
86 124 100
86 124 100
86 124 100
86 124 100
86 124 100
86 124 100
86 124 100
86 124 100
86 124 100
86 124 100
86 124 100
86 124 100
86 124 100
87 124 100
87 124 100
87 124 100
87 124 100
87 124 100
87 124 100
87 124 100
87 124 100
87 124 100
87 124 100
87 124 100
87 124 100
87 124 100
87 124 100
87 124 100
88 124 100
88 124 100
88 124 100
88 124 100
88 124 100
88 124 100
88 124 100
88 124 100
88 124 100
88 124 100
88 124 100
88 124 100
88 124 100
88 124 100
88 124 100
88 124 100
89 124 100
89 124 100
89 124 100
89 124 100
89 124 100
89 124 100
89 124 100
89 124 100
89 124 100
89 124 100
89 124 100
89 124 100
89 124 100
89 124 100
89 124 100
89 124 100
90 124 100
90 124 100
90 124 100
90 124 100
90 124 100
90 124 100
90 124 100
90 124 100
90 124 100
90 124 100
90 124 100
90 124 100
90 124 100
90 124 100
90 124 100
91 124 100
91 124 100
91 124 100
91 124 100
91 124 100
91 124 100
91 124 100
91 124 100
91 124 100
91 124 100
91 124 100
91 124 100
91 124 100
91 124 100
92 124 100
92 124 100
92 124 100
92 124 100
92 124 100
92 124 100
92 124 100
92 124 100
92 124 100
92 124 100
92 124 100
92 124 100
93 124 100
93 124 100
93 124 100
93 124 100
93 124 100
93 124 100
93 124 100
93 124 100
93 124 100
93 124 100
93 124 100
94 124 100
94 124 100
94 124 100
94 124 100
94 124 100
94 124 100
94 124 100
94 124 100
94 124 100
95 124 100
95 124 100
95 124 100
95 124 100
95 124 100
95 124 100
95 124 100
95 124 100
95 124 100
96 124 100
96 124 100
96 124 100
96 124 100
96 124 100
96 124 100
96 124 100
96 124 100
96 124 100
97 124 100
97 124 100
97 124 100
97 124 100
97 124 100
97 124 100
97 124 100
97 124 100
98 124 100
98 124 100
98 124 100
98 124 100
98 124 100
98 124 100
98 124 100
99 124 100
99 124 100
99 124 100
99 124 100
99 124 100
99 124 100
100 124 100
100 124 100
100 124 100
100 124 100
100 124 100
101 124 100
101 124 100
101 124 100
101 124 100
102 124 100
102 124 100
102 124 100
102 124 100
103 124 100
103 124 100
103 124 100
104 124 100
104 124 100
104 124 100
105 124 100
105 124 100
105 124 100
106 124 100
106 124 100
106 124 100
107 124 100
107 124 100
107 124 100
108 124 100
108 124 100
108 124 100
109 124 100
109 124 100
109 124 100
110 124 100
110 124 100
110 124 100
111 124 100
111 124 100
111 124 100
112 124 100
112 124 100
112 124 100
113 124 100
113 124 100
113 124 100
114 124 100
114 124 100
114 124 100
115 124 100
115 124 100
115 124 100
116 124 100
116 124 100
116 124 100
117 124 100
117 124 100
117 124 100
118 124 100
118 124 100
118 124 100
118 124 100
119 124 100
119 124 100
119 124 100
119 124 100
120 124 100
120 124 100
120 124 100
120 124 100
120 124 100
121 124 100
121 124 100
121 124 100
121 124 100
121 124 100
121 124 100
122 124 100
122 124 100
122 124 100
122 124 100
122 124 100
122 124 100
122 124 100
123 124 100
123 124 100
123 124 100
123 124 100
123 124 100
123 124 100
123 124 100
124 124 100
124 124 100
124 124 100
124 124 100
124 124 100
124 124 100
124 124 100
125 124 100
125 124 100
125 124 100
125 124 100
125 124 100
125 124 100
125 124 100
126 124 100
126 124 100
126 124 100
126 124 100
126 124 100
126 124 100
126 124 100
127 124 100
127 124 100
127 124 100
127 124 100
127 124 100
127 124 100
127 124 100
128 124 100
128 124 100
128 124 100
128 124 100
128 124 100
128 124 100
128 124 100
129 124 100
129 124 100
129 124 100
129 124 100
129 124 100
129 124 100
129 124 100
129 124 100
130 124 100
130 124 100
130 124 100
130 124 100
130 124 100
130 124 100
130 124 100
130 124 100
130 124 100
130 124 100
131 124 100
131 124 100
131 124 100
131 124 100
131 124 100
131 124 100
131 124 100
131 124 100
131 124 100
131 124 100
131 124 100
131 124 100
132 124 100
132 124 100
132 124 100
132 124 100
132 124 100
132 124 100
132 124 100
132 124 100
132 124 100
132 124 100
132 124 100
132 124 100
132 124 100
132 124 100
132 124 100
133 124 100
133 124 100
133 124 100
133 124 100
133 124 100
133 124 100
133 124 100
133 124 100
133 124 100
133 124 100
133 124 100
133 124 100
133 124 100
133 124 100
133 124 100
133 124 100
133 124 100
134 124 100
134 124 100
134 124 100
134 124 100
134 124 100
134 124 100
134 124 100
134 124 100
134 124 100
134 124 100
134 124 100
134 124 100
134 124 100
134 124 100
134 124 100
134 124 100
134 124 100
134 124 100
134 124 100
135 124 100
135 124 100
135 124 100
135 124 100
135 124 100
135 124 100
135 124 100
135 124 100
135 124 100
135 124 100
135 124 100
135 124 100
135 124 100
135 124 100
135 124 100
135 124 100
135 124 100
135 124 100
135 124 100
135 124 100
136 124 100
136 124 100
136 124 100
136 124 100
136 124 100
136 124 100
136 124 100
136 124 100
136 124 100
136 124 100
136 124 100
136 124 100
136 124 100
136 124 100
136 124 100
136 124 100
136 124 100
136 124 100
136 124 100
137 124 100
137 124 100
137 124 100
137 124 100
137 124 100
137 124 100
137 124 100
137 124 100
137 124 100
137 124 100
137 124 100
137 124 100
137 124 100
137 124 100
137 124 100
137 124 100
137 124 100
137 124 100
138 124 100
138 124 100
138 124 100
138 124 100
138 124 100
138 124 100
138 124 100
138 124 100
138 124 100
138 124 100
138 124 100
138 124 100
138 124 100
138 124 100
138 124 100
138 124 100
138 124 100
# move from (40,167) to (139,144)
40 167 100
40 167 100
40 167 100
41 167 100
41 167 100
41 167 100
41 167 100
42 167 100
42 167 100
42 167 100
42 167 100
43 167 100
43 167 100
43 167 100
43 167 100
43 167 100
43 167 100
44 167 100
44 167 100
44 167 100
44 167 100
44 167 100
44 167 100
45 167 100
45 167 100
45 167 100
45 167 100
45 167 100
45 167 100
45 167 100
46 167 100
46 167 100
46 167 100
46 167 100
46 167 100
46 167 100
46 167 100
46 167 100
47 167 100
47 167 100
47 167 100
47 167 100
47 167 100
47 167 100
47 167 100
47 167 100
48 167 100
48 167 100
48 167 100
48 167 100
48 167 100
48 167 100
48 167 100
48 167 100
48 167 100
49 167 100
49 167 100
49 167 100
49 167 100
49 167 100
49 167 100
49 167 100
49 167 100
49 167 100
50 167 100
50 167 100
50 167 100
50 167 100
50 167 100
50 167 100
50 167 100
50 167 100
51 167 100
51 167 100
51 167 100
51 167 100
51 167 100
51 167 100
51 167 100
52 167 100
52 167 100
52 167 100
52 167 100
52 167 100
52 167 100
53 167 100
53 167 100
53 167 100
53 167 100
53 167 100
54 167 100
54 167 100
54 167 100
54 167 100
55 167 100
55 167 100
55 167 100
55 167 100
56 167 100
56 167 100
56 167 100
56 167 100
57 167 100
57 167 100
57 167 100
58 167 100
58 167 100
58 167 100
59 167 100
59 167 100
60 167 100
60 167 100
61 167 100
61 167 100
62 167 100
62 167 100
63 167 100
63 167 100
63 167 100
64 167 100
64 167 100
64 167 100
65 167 100
65 167 100
65 167 100
66 167 100
66 167 100
66 167 100
66 167 100
67 167 100
67 167 100
67 167 100
67 167 100
67 167 100
68 167 100
68 167 100
68 167 100
68 167 100
68 167 100
69 167 100
69 167 100
69 167 100
69 167 100
69 167 100
69 167 100
70 167 100
70 167 100
70 167 100
70 167 100
70 167 100
70 167 100
70 167 100
71 167 100
71 167 100
71 167 100
71 167 100
71 167 100
71 167 100
71 167 100
72 167 100
72 167 100
72 167 100
72 167 100
72 167 100
72 167 100
72 167 100
72 167 100
73 167 100
73 167 100
73 167 100
73 167 100
73 167 100
73 167 100
73 167 100
73 167 100
73 167 100
74 167 100
74 167 100
74 167 100
74 167 100
74 167 100
74 167 100
74 167 100
74 167 100
74 167 100
74 167 100
74 167 100
75 167 100
75 167 100
75 167 100
75 167 100
75 167 100
75 167 100
75 167 100
75 167 100
75 167 100
75 167 100
75 167 100
75 167 100
75 167 100
76 167 100
76 167 100
76 167 100
76 167 100
76 167 100
76 167 100
76 167 100
76 167 100
76 167 100
76 167 100
76 167 100
76 167 100
76 167 100
76 167 100
76 167 100
76 167 100
77 167 100
77 167 100
77 167 100
77 167 100
77 167 100
77 167 100
77 167 100
77 167 100
77 167 100
77 167 100
77 167 100
77 167 100
77 167 100
77 167 100
77 167 100
77 167 100
77 167 100
77 167 100
78 167 100
78 167 100
78 167 100
78 167 100
78 167 100
78 167 100
78 167 100
78 167 100
78 167 100
78 167 100
78 167 100
78 167 100
78 167 100
78 167 100
78 167 100
78 167 100
78 167 100
78 167 100
78 167 100
78 167 100
78 167 100
79 167 100
79 167 100
79 167 100
79 167 100
79 167 100
79 167 100
79 167 100
79 167 100
79 167 100
79 167 100
79 167 100
79 167 100
79 167 100
79 167 100
79 167 100
79 167 100
79 167 100
79 167 100
79 167 100
79 167 100
79 167 100
79 167 100
79 167 100
80 167 100
80 167 100
80 167 100
80 167 100
80 167 100
80 167 100
80 167 100
80 167 100
80 167 100
80 167 100
80 167 100
80 167 100
80 167 100
80 167 100
80 167 100
80 167 100
80 167 100
80 167 100
80 167 100
80 167 100
80 167 100
80 167 100
80 167 100
80 167 100
80 167 100
81 167 100
81 167 100
81 167 100
81 167 100
81 167 100
81 167 100
81 167 100
81 167 100
81 167 100
81 167 100
81 167 100
81 167 100
81 167 100
81 167 100
81 167 100
81 167 100
81 167 100
81 167 100
81 167 100
81 167 100
81 167 100
81 167 100
81 167 100
81 167 100
81 167 100
81 167 100
81 167 100
82 167 100
82 167 100
82 167 100
82 167 100
82 167 100
82 167 100
82 167 100
82 167 100
82 167 100
82 167 100
82 167 100
82 167 100
82 167 100
82 167 100
82 167 100
82 167 100
82 167 100
82 167 100
82 167 100
82 167 100
82 167 100
82 167 100
82 167 100
82 167 100
82 167 100
82 167 100
82 167 100
83 167 100
83 167 100
83 167 100
83 167 100
83 167 100
83 167 100
83 167 100
83 167 100
83 167 100
83 167 100
83 167 100
83 167 100
83 167 100
83 167 100
83 167 100
83 167 100
83 167 100
83 167 100
83 167 100
83 167 100
83 167 100
83 167 100
83 167 100
83 167 100
83 167 100
83 167 100
83 167 100
84 167 100
84 167 100
84 167 100
84 167 100
84 167 100
84 167 100
84 167 100
84 167 100
84 167 100
84 167 100
84 167 100
84 167 100
84 167 100
84 167 100
84 167 100
84 167 100
84 167 100
84 167 100
84 167 100
84 167 100
84 167 100
84 167 100
84 167 100
84 167 100
84 167 100
84 167 100
85 167 100
85 167 100
85 167 100
85 167 100
85 167 100
85 167 100
85 167 100
85 167 100
85 167 100
85 167 100
85 167 100
85 167 100
85 167 100
85 167 100
85 167 100
85 167 100
85 167 100
85 167 100
85 167 100
85 167 100
85 167 100
85 167 100
85 167 100
85 167 100
85 167 100
85 167 100
86 167 100
86 167 100
86 167 100
86 167 100
86 167 100
86 167 100
86 167 100
86 167 100
86 167 100
86 167 100
86 167 100
86 167 100
86 167 100
86 167 100
86 167 100
86 167 100
86 167 100
86 167 100
86 167 100
86 167 100
86 167 100
86 167 100
86 167 100
86 167 100
86 167 100
86 167 100
87 167 100
87 167 100
87 167 100
87 167 100
87 167 100
87 167 100
87 167 100
87 167 100
87 167 100
87 167 100
87 167 100
87 167 100
87 167 100
87 167 100
87 167 100
87 167 100
87 167 100
87 167 100
87 167 100
87 167 100
87 167 100
87 167 100
87 167 100
87 167 100
87 167 100
87 167 100
88 167 100
88 167 100
88 167 100
88 167 100
88 167 100
88 167 100
88 167 100
88 167 100
88 167 100
88 167 100
88 167 100
88 167 100
88 167 100
88 167 100
88 167 100
88 167 100
88 167 100
88 167 100
88 167 100
88 167 100
88 167 100
88 167 100
88 167 100
88 167 100
88 167 100
89 167 100
89 167 100
89 167 100
89 167 100
89 167 100
89 167 100
89 167 100
89 167 100
89 167 100
89 167 100
89 167 100
89 167 100
89 167 100
89 167 100
89 167 100
89 167 100
89 167 100
89 167 100
89 167 100
89 167 100
89 167 100
89 167 100
89 167 100
89 167 100
90 167 100
90 167 100
90 167 100
90 167 100
90 167 100
90 167 100
90 167 100
90 167 100
90 167 100
90 167 100
90 167 100
90 167 100
90 167 100
90 167 100
90 167 100
90 167 100
90 167 100
90 167 100
90 167 100
90 167 100
90 167 100
90 167 100
90 167 100
91 167 100
91 167 100
91 167 100
91 167 100
91 167 100
91 167 100
91 167 100
91 167 100
91 167 100
91 167 100
91 167 100
91 167 100
91 167 100
91 167 100
91 167 100
91 167 100
91 167 100
91 167 100
91 167 100
91 167 100
91 167 100
91 167 100
92 167 100
92 167 100
92 167 100
92 167 100
92 167 100
92 167 100
92 167 100
92 167 100
92 167 100
92 167 100
92 167 100
92 167 100
92 167 100
92 167 100
92 167 100
92 167 100
92 167 100
92 167 100
92 167 100
92 167 100
92 167 100
92 167 100
92 167 100
93 167 100
93 167 100
93 167 100
93 167 100
93 167 100
93 167 100
93 167 100
93 167 100
93 167 100
93 167 100
93 167 100
93 167 100
93 167 100
93 167 100
93 167 100
93 167 100
93 167 100
93 167 100
93 167 100
93 167 100
93 167 100
93 167 100
93 167 100
93 167 100
93 167 100
94 167 100
94 167 100
94 167 100
94 167 100
94 167 100
94 167 100
94 167 100
94 167 100
94 167 100
94 167 100
94 167 100
94 167 100
94 167 100
94 167 100
94 167 100
94 167 100
94 167 100
94 167 100
94 167 100
94 167 100
94 167 100
94 167 100
94 167 100
94 167 100
94 167 100
94 167 100
94 167 100
95 167 100
95 167 100
95 167 100
95 167 100
95 167 100
95 167 100
95 167 100
95 167 100
95 167 100
95 167 100
95 167 100
95 167 100
95 167 100
95 167 100
95 167 100
95 167 100
95 167 100
95 167 100
95 167 100
95 167 100
95 167 100
95 167 100
95 167 100
95 167 100
95 167 100
95 167 100
95 167 100
95 167 100
95 167 100
96 167 100
96 167 100
96 167 100
96 167 100
96 167 100
96 167 100
96 167 100
96 167 100
96 167 100
96 167 100
96 167 100
96 167 100
96 167 100
96 167 100
96 167 100
96 167 100
96 167 100
96 167 100
96 167 100
96 167 100
96 167 100
96 167 100
96 167 100
96 167 100
96 167 100
96 167 100
96 167 100
96 167 100
96 167 100
96 167 100
96 167 100
97 167 100
97 167 100
97 167 100
97 167 100
97 167 100
97 167 100
97 167 100
97 167 100
97 167 100
97 167 100
97 167 100
97 167 100
97 167 100
97 167 100
97 167 100
97 167 100
97 167 100
97 167 100
97 167 100
97 167 100
97 167 100
97 167 100
97 167 100
97 167 100
97 167 100
97 167 100
97 167 100
97 167 100
97 167 100
97 167 100
97 167 100
97 167 100
97 167 100
98 167 100
98 167 100
98 167 100
98 167 100
98 167 100
98 167 100
98 167 100
98 167 100
98 167 100
98 167 100
98 167 100
98 167 100
98 167 100
98 167 100
98 167 100
98 167 100
98 167 100
98 167 100
98 167 100
98 167 100
98 167 100
98 167 100
98 167 100
98 167 100
98 167 100
98 167 100
98 167 100
98 167 100
98 167 100
98 167 100
98 167 100
98 167 100
98 167 100
98 167 100
98 167 100
99 167 100
99 167 100
99 167 100
99 167 100
99 167 100
99 167 100
99 167 100
99 167 100
99 167 100
99 167 100
99 167 100
99 167 100
99 167 100
99 167 100
99 167 100
99 167 100
99 167 100
99 167 100
99 167 100
99 167 100
99 167 100
99 167 100
99 167 100
99 167 100
99 167 100
99 167 100
99 167 100
99 167 100
99 167 100
99 167 100
99 167 100
99 167 100
99 167 100
99 167 100
99 167 100
99 167 100
99 167 100
100 167 100
100 167 100
100 167 100
100 167 100
100 167 100
100 167 100
100 167 100
100 167 100
100 167 100
100 167 100
100 167 100
100 167 100
100 167 100
100 167 100
100 167 100
100 167 100
100 167 100
100 167 100
100 167 100
100 167 100
100 167 100
100 167 100
100 167 100
100 167 100
100 167 100
100 167 100
100 167 100
100 167 100
100 167 100
100 167 100
100 167 100
100 167 100
100 167 100
100 167 100
100 167 100
100 167 100
100 167 100
100 167 100
101 167 100
101 167 100
101 167 100
101 167 100
101 167 100
101 167 100
101 167 100
101 167 100
101 167 100
101 167 100
101 167 100
101 167 100
101 167 100
101 167 100
101 167 100
101 167 100
101 167 100
101 167 100
101 167 100
101 167 100
101 167 100
101 167 100
101 167 100
101 167 100
101 167 100
101 167 100
101 167 100
101 167 100
101 167 100
101 167 100
101 167 100
101 167 100
101 167 100
101 167 100
101 167 100
101 167 100
101 167 100
101 167 100
102 167 100
102 167 100
102 167 100
102 167 100
102 167 100
102 167 100
102 167 100
102 167 100
102 167 100
102 167 100
102 167 100
102 167 100
102 167 100
102 167 100
102 167 100
102 167 100
102 167 100
102 167 100
102 167 100
102 167 100
102 167 100
102 167 100
102 167 100
102 167 100
102 167 100
102 167 100
102 167 100
102 167 100
102 167 100
102 167 100
102 167 100
102 167 100
102 167 100
102 167 100
102 167 100
102 167 100
102 167 100
102 167 100
103 167 100
103 167 100
103 167 100
103 167 100
103 167 100
103 167 100
103 167 100
103 167 100
103 167 100
103 167 100
103 167 100
103 167 100
103 167 100
103 167 100
103 167 100
103 167 100
103 167 100
103 167 100
103 167 100
103 167 100
103 167 100
103 167 100
103 167 100
103 167 100
103 167 100
103 167 100
103 167 100
103 167 100
103 167 100
103 167 100
103 167 100
103 167 100
103 167 100
103 167 100
103 167 100
103 167 100
104 167 100
104 167 100
104 167 100
104 167 100
104 167 100
104 167 100
104 167 100
104 167 100
104 167 100
104 167 100
104 167 100
104 167 100
104 167 100
104 167 100
104 167 100
104 167 100
104 167 100
104 167 100
104 167 100
104 167 100
104 167 100
104 167 100
104 167 100
104 167 100
104 167 100
104 167 100
104 167 100
104 167 100
104 167 100
104 167 100
104 167 100
104 167 100
104 167 100
104 167 100
105 167 100
105 167 100
105 167 100
105 167 100
105 167 100
105 167 100
105 167 100
105 167 100
105 167 100
105 167 100
105 167 100
105 167 100
105 167 100
105 167 100
105 167 100
105 167 100
105 167 100
105 167 100
105 167 100
105 167 100
105 167 100
105 167 100
105 167 100
105 167 100
105 167 100
105 167 100
105 167 100
105 167 100
105 167 100
105 167 100
105 167 100
105 167 100
106 167 100
106 167 100
106 167 100
106 167 100
106 167 100
106 167 100
106 167 100
106 167 100
106 167 100
106 167 100
106 167 100
106 167 100
106 167 100
106 167 100
106 167 100
106 167 100
106 167 100
106 167 100
106 167 100
106 167 100
106 167 100
106 167 100
106 167 100
106 167 100
106 167 100
106 167 100
106 167 100
106 167 100
106 167 100
107 167 100
107 167 100
107 167 100
107 167 100
107 167 100
107 167 100
107 167 100
107 167 100
107 167 100
107 167 100
107 167 100
107 167 100
107 167 100
107 167 100
107 167 100
107 167 100
107 167 100
107 167 100
107 167 100
107 167 100
107 167 100
107 167 100
107 167 100
107 167 100
107 167 100
107 167 100
107 167 100
108 167 100
108 167 100
108 167 100
108 167 100
108 167 100
108 167 100
108 167 100
108 167 100
108 167 100
108 167 100
108 167 100
108 167 100
108 167 100
108 167 100
108 167 100
108 167 100
108 167 100
108 167 100
108 167 100
108 167 100
108 167 100
108 167 100
108 167 100
108 167 100
108 167 100
109 167 100
109 167 100
109 167 100
109 167 100
109 167 100
109 167 100
109 167 100
109 167 100
109 167 100
109 167 100
109 167 100
109 167 100
109 167 100
109 167 100
109 167 100
109 167 100
109 167 100
109 167 100
109 167 100
109 167 100
109 167 100
109 167 100
109 167 100
109 167 100
110 167 100
110 167 100
110 167 100
110 167 100
110 167 100
110 167 100
110 167 100
110 167 100
110 167 100
110 167 100
110 167 100
110 167 100
110 167 100
110 167 100
110 167 100
110 167 100
110 167 100
110 167 100
110 167 100
110 167 100
110 167 100
110 167 100
111 167 100
111 167 100
111 167 100
111 167 100
111 167 100
111 167 100
111 167 100
111 167 100
111 167 100
111 167 100
111 167 100
111 167 100
111 167 100
111 167 100
111 167 100
111 167 100
111 167 100
111 167 100
111 167 100
111 167 100
111 167 100
112 167 100
112 167 100
112 167 100
112 167 100
112 167 100
112 167 100
112 167 100
112 167 100
112 167 100
112 167 100
112 167 100
112 167 100
112 167 100
112 167 100
112 167 100
112 167 100
112 167 100
112 167 100
112 167 100
112 167 100
113 167 100
113 167 100
113 167 100
113 167 100
113 167 100
113 167 100
113 167 100
113 167 100
113 167 100
113 167 100
113 167 100
113 167 100
113 167 100
113 167 100
113 167 100
113 167 100
113 167 100
113 167 100
114 167 100
114 167 100
114 167 100
114 167 100
114 167 100
114 167 100
114 167 100
114 167 100
114 167 100
114 167 100
114 167 100
114 167 100
114 167 100
114 167 100
114 167 100
115 167 100
115 167 100
115 167 100
115 167 100
115 167 100
115 167 100
115 167 100
115 167 100
115 167 100
115 167 100
115 167 100
115 167 100
115 167 100
116 167 100
116 167 100
116 167 100
116 167 100
116 167 100
116 167 100
116 167 100
116 167 100
116 167 100
116 167 100
117 167 100
117 167 100
117 167 100
117 167 100
117 167 100
117 167 100
117 167 100
117 167 100
118 167 100
118 167 100
118 167 100
118 167 100
118 167 100
118 167 100
119 167 100
119 167 100
119 167 100
119 167 100
120 167 100
120 167 100
120 167 100
120 167 100
121 167 100
121 167 100
121 167 100
122 167 100
122 167 100
122 167 100
123 167 100
123 167 100
123 167 100
124 167 100
124 167 100
124 167 100
125 167 100
125 167 100
125 167 100
126 167 100
126 167 100
127 167 100
127 167 100
128 167 100
128 167 100
129 167 100
129 167 100
130 167 100
130 167 100
131 167 100
131 167 100
132 167 100
132 167 100
133 167 100
133 167 100
134 167 100
135 167 100
136 167 100
137 167 100
138 167 100
139 167 100
139 166 100
139 165 100
139 164 100
139 163 100
139 162 100
139 161 100
139 160 100
139 159 100
139 159 100
139 158 100
139 158 100
139 157 100
139 157 100
139 156 100
139 156 100
139 156 100
139 155 100
139 155 100
139 155 100
139 154 100
139 154 100
139 154 100
139 153 100
139 153 100
139 153 100
139 152 100
139 152 100
139 152 100
139 151 100
139 151 100
139 151 100
139 150 100
139 150 100
139 150 100
139 150 100
139 149 100
139 149 100
139 149 100
139 149 100
139 148 100
139 148 100
139 148 100
139 148 100
139 147 100
139 147 100
139 147 100
139 147 100
139 146 100
139 146 100
139 146 100
139 146 100
139 145 100
139 145 100
139 145 100
139 145 100
139 145 100
# move from (21,88) to (139,144)
21 88 100
22 88 100
23 88 100
24 88 100
25 88 100
25 88 100
26 88 100
26 88 100
27 88 100
27 88 100
28 88 100
28 88 100
28 88 100
29 88 100
29 88 100
29 88 100
30 88 100
30 88 100
30 88 100
31 88 100
31 88 100
31 88 100
32 88 100
32 88 100
32 88 100
32 88 100
33 88 100
33 88 100
33 88 100
33 88 100
34 88 100
34 88 100
34 88 100
34 88 100
34 88 100
35 88 100
35 88 100
35 88 100
35 88 100
35 88 100
35 88 100
36 88 100
36 88 100
36 88 100
36 88 100
36 88 100
36 88 100
36 88 100
36 88 100
37 88 100
37 88 100
37 88 100
37 88 100
37 88 100
37 88 100
37 88 100
37 88 100
37 88 100
38 88 100
38 88 100
38 88 100
38 88 100
38 88 100
38 88 100
38 88 100
38 88 100
38 88 100
38 88 100
39 88 100
39 88 100
39 88 100
39 88 100
39 88 100
39 88 100
39 88 100
39 88 100
39 88 100
39 88 100
40 88 100
40 88 100
40 88 100
40 88 100
40 88 100
40 88 100
40 88 100
40 88 100
40 88 100
40 88 100
41 88 100
41 88 100
41 88 100
41 88 100
41 88 100
41 88 100
41 88 100
41 88 100
41 88 100
41 88 100
42 88 100
42 88 100
42 88 100
42 88 100
42 88 100
42 88 100
42 88 100
42 88 100
42 88 100
42 88 100
43 88 100
43 88 100
43 88 100
43 88 100
43 88 100
43 88 100
43 88 100
43 88 100
43 88 100
43 88 100
43 88 100
44 88 100
44 88 100
44 88 100
44 88 100
44 88 100
44 88 100
44 88 100
44 88 100
44 88 100
44 88 100
44 88 100
44 88 100
45 88 100
45 88 100
45 88 100
45 88 100
45 88 100
45 88 100
45 88 100
45 88 100
45 88 100
45 88 100
45 88 100
45 88 100
45 88 100
45 88 100
45 88 100
46 88 100
46 88 100
46 88 100
46 88 100
46 88 100
46 88 100
46 88 100
46 88 100
46 88 100
46 88 100
46 88 100
46 88 100
46 88 100
46 88 100
46 88 100
46 88 100
46 88 100
47 88 100
47 88 100
47 88 100
47 88 100
47 88 100
47 88 100
47 88 100
47 88 100
47 88 100
47 88 100
47 88 100
47 88 100
47 88 100
47 88 100
47 88 100
47 88 100
47 88 100
47 88 100
47 88 100
47 88 100
48 88 100
48 88 100
48 88 100
48 88 100
48 88 100
48 88 100
48 88 100
48 88 100
48 88 100
48 88 100
48 88 100
48 88 100
48 88 100
48 88 100
48 88 100
48 88 100
48 88 100
48 88 100
48 88 100
48 88 100
48 88 100
48 88 100
48 88 100
49 88 100
49 88 100
49 88 100
49 88 100
49 88 100
49 88 100
49 88 100
49 88 100
49 88 100
49 88 100
49 88 100
49 88 100
49 88 100
49 88 100
49 88 100
49 88 100
49 88 100
49 88 100
49 88 100
49 88 100
49 88 100
49 88 100
49 88 100
49 88 100
49 88 100
49 88 100
50 88 100
50 88 100
50 88 100
50 88 100
50 88 100
50 88 100
50 88 100
50 88 100
50 88 100
50 88 100
50 88 100
50 88 100
50 88 100
50 88 100
50 88 100
50 88 100
50 88 100
50 88 100
50 88 100
50 88 100
50 88 100
50 88 100
50 88 100
50 88 100
50 88 100
50 88 100
50 88 100
50 88 100
51 88 100
51 88 100
51 88 100
51 88 100
51 88 100
51 88 100
51 88 100
51 88 100
51 88 100
51 88 100
51 88 100
51 88 100
51 88 100
51 88 100
51 88 100
51 88 100
51 88 100
51 88 100
51 88 100
51 88 100
51 88 100
51 88 100
51 88 100
51 88 100
51 88 100
51 88 100
51 88 100
51 88 100
52 88 100
52 88 100
52 88 100
52 88 100
52 88 100
52 88 100
52 88 100
52 88 100
52 88 100
52 88 100
52 88 100
52 88 100
52 88 100
52 88 100
52 88 100
52 88 100
52 88 100
52 88 100
52 88 100
52 88 100
52 88 100
52 88 100
52 88 100
52 88 100
52 88 100
52 88 100
52 88 100
52 88 100
53 88 100
53 88 100
53 88 100
53 88 100
53 88 100
53 88 100
53 88 100
53 88 100
53 88 100
53 88 100
53 88 100
53 88 100
53 88 100
53 88 100
53 88 100
53 88 100
53 88 100
53 88 100
53 88 100
53 88 100
53 88 100
53 88 100
53 88 100
53 88 100
53 88 100
53 88 100
53 88 100
54 88 100
54 88 100
54 88 100
54 88 100
54 88 100
54 88 100
54 88 100
54 88 100
54 88 100
54 88 100
54 88 100
54 88 100
54 88 100
54 88 100
54 88 100
54 88 100
54 88 100
54 88 100
54 88 100
54 88 100
54 88 100
54 88 100
54 88 100
54 88 100
54 88 100
55 88 100
55 88 100
55 88 100
55 88 100
55 88 100
55 88 100
55 88 100
55 88 100
55 88 100
55 88 100
55 88 100
55 88 100
55 88 100
55 88 100
55 88 100
55 88 100
55 88 100
55 88 100
55 88 100
55 88 100
55 88 100
55 88 100
55 88 100
55 88 100
56 88 100
56 88 100
56 88 100
56 88 100
56 88 100
56 88 100
56 88 100
56 88 100
56 88 100
56 88 100
56 88 100
56 88 100
56 88 100
56 88 100
56 88 100
56 88 100
56 88 100
56 88 100
56 88 100
56 88 100
56 88 100
56 88 100
56 88 100
57 88 100
57 88 100
57 88 100
57 88 100
57 88 100
57 88 100
57 88 100
57 88 100
57 88 100
57 88 100
57 88 100
57 88 100
57 88 100
57 88 100
57 88 100
57 88 100
57 88 100
57 88 100
57 88 100
57 88 100
57 88 100
57 88 100
58 88 100
58 88 100
58 88 100
58 88 100
58 88 100
58 88 100
58 88 100
58 88 100
58 88 100
58 88 100
58 88 100
58 88 100
58 88 100
58 88 100
58 88 100
58 88 100
58 88 100
58 88 100
58 88 100
58 88 100
58 88 100
58 88 100
59 88 100
59 88 100
59 88 100
59 88 100
59 88 100
59 88 100
59 88 100
59 88 100
59 88 100
59 88 100
59 88 100
59 88 100
59 88 100
59 88 100
59 88 100
59 88 100
59 88 100
59 88 100
59 88 100
59 88 100
59 88 100
59 88 100
60 88 100
60 88 100
60 88 100
60 88 100
60 88 100
60 88 100
60 88 100
60 88 100
60 88 100
60 88 100
60 88 100
60 88 100
60 88 100
60 88 100
60 88 100
60 88 100
60 88 100
60 88 100
60 88 100
60 88 100
60 88 100
60 88 100
60 88 100
61 88 100
61 88 100
61 88 100
61 88 100
61 88 100
61 88 100
61 88 100
61 88 100
61 88 100
61 88 100
61 88 100
61 88 100
61 88 100
61 88 100
61 88 100
61 88 100
61 88 100
61 88 100
61 88 100
61 88 100
61 88 100
61 88 100
61 88 100
61 88 100
62 88 100
62 88 100
62 88 100
62 88 100
62 88 100
62 88 100
62 88 100
62 88 100
62 88 100
62 88 100
62 88 100
62 88 100
62 88 100
62 88 100
62 88 100
62 88 100
62 88 100
62 88 100
62 88 100
62 88 100
62 88 100
62 88 100
62 88 100
62 88 100
63 88 100
63 88 100
63 88 100
63 88 100
63 88 100
63 88 100
63 88 100
63 88 100
63 88 100
63 88 100
63 88 100
63 88 100
63 88 100
63 88 100
63 88 100
63 88 100
63 88 100
63 88 100
63 88 100
63 88 100
63 88 100
63 88 100
63 88 100
63 88 100
64 88 100
64 88 100
64 88 100
64 88 100
64 88 100
64 88 100
64 88 100
64 88 100
64 88 100
64 88 100
64 88 100
64 88 100
64 88 100
64 88 100
64 88 100
64 88 100
64 88 100
64 88 100
64 88 100
64 88 100
64 88 100
64 88 100
65 88 100
65 88 100
65 88 100
65 88 100
65 88 100
65 88 100
65 88 100
65 88 100
65 88 100
65 88 100
65 88 100
65 88 100
65 88 100
65 88 100
65 88 100
65 88 100
65 88 100
65 88 100
65 88 100
65 88 100
66 88 100
66 88 100
66 88 100
66 88 100
66 88 100
66 88 100
66 88 100
66 88 100
66 88 100
66 88 100
66 88 100
66 88 100
66 88 100
66 88 100
66 88 100
66 88 100
66 88 100
66 88 100
67 88 100
67 88 100
67 88 100
67 88 100
67 88 100
67 88 100
67 88 100
67 88 100
67 88 100
67 88 100
67 88 100
67 88 100
67 88 100
67 88 100
67 88 100
67 88 100
68 88 100
68 88 100
68 88 100
68 88 100
68 88 100
68 88 100
68 88 100
68 88 100
68 88 100
68 88 100
68 88 100
68 88 100
68 88 100
68 88 100
68 88 100
69 88 100
69 88 100
69 88 100
69 88 100
69 88 100
69 88 100
69 88 100
69 88 100
69 88 100
69 88 100
69 88 100
69 88 100
69 88 100
69 88 100
70 88 100
70 88 100
70 88 100
70 88 100
70 88 100
70 88 100
70 88 100
70 88 100
70 88 100
70 88 100
70 88 100
70 88 100
70 88 100
70 88 100
71 88 100
71 88 100
71 88 100
71 88 100
71 88 100
71 88 100
71 88 100
71 88 100
71 88 100
71 88 100
71 88 100
71 88 100
71 88 100
71 88 100
72 88 100
72 88 100
72 88 100
72 88 100
72 88 100
72 88 100
72 88 100
72 88 100
72 88 100
72 88 100
72 88 100
72 88 100
72 88 100
72 88 100
73 88 100
73 88 100
73 88 100
73 88 100
73 88 100
73 88 100
73 88 100
73 88 100
73 88 100
73 88 100
73 88 100
73 88 100
73 88 100
73 88 100
74 88 100
74 88 100
74 88 100
74 88 100
74 88 100
74 88 100
74 88 100
74 88 100
74 88 100
74 88 100
74 88 100
74 88 100
74 88 100
75 88 100
75 88 100
75 88 100
75 88 100
75 88 100
75 88 100
75 88 100
75 88 100
75 88 100
75 88 100
75 88 100
76 88 100
76 88 100
76 88 100
76 88 100
76 88 100
76 88 100
76 88 100
76 88 100
76 88 100
77 88 100
77 88 100
77 88 100
77 88 100
77 88 100
77 88 100
77 88 100
77 88 100
78 88 100
78 88 100
78 88 100
78 88 100
78 88 100
78 88 100
78 88 100
79 88 100
79 88 100
79 88 100
79 88 100
79 88 100
79 88 100
79 88 100
80 88 100
80 88 100
80 88 100
80 88 100
80 88 100
80 88 100
81 88 100
81 88 100
81 88 100
81 88 100
81 88 100
81 88 100
82 88 100
82 88 100
82 88 100
82 88 100
82 88 100
82 88 100
83 88 100
83 88 100
83 88 100
83 88 100
83 88 100
84 88 100
84 88 100
84 88 100
84 88 100
84 88 100
85 88 100
85 88 100
85 88 100
85 88 100
86 88 100
86 88 100
86 88 100
87 88 100
87 88 100
88 88 100
88 88 100
89 88 100
89 88 100
90 88 100
91 88 100
92 88 100
93 88 100
94 88 100
95 88 100
96 88 100
97 88 100
98 88 100
99 88 100
100 88 100
101 88 100
102 88 100
103 88 100
104 88 100
105 88 100
106 88 100
107 88 100
108 88 100
109 88 100
110 88 100
111 88 100
112 88 100
113 88 100
114 88 100
115 88 100
116 88 100
117 88 100
118 88 100
119 88 100
120 88 100
121 88 100
122 88 100
123 88 100
124 88 100
125 88 100
126 88 100
127 88 100
128 88 100
129 88 100
130 88 100
131 88 100
132 88 100
133 88 100
134 88 100
134 88 100
135 88 100
135 88 100
136 88 100
136 88 100
137 88 100
137 88 100
138 88 100
138 88 100
# move from (103,112) to (139,144)
103 112 100
104 112 100
105 112 100
106 112 100
107 112 100
108 112 100
109 112 100
110 112 100
111 112 100
112 112 100
113 112 100
114 112 100
115 112 100
116 112 100
117 112 100
118 112 100
119 112 100
120 112 100
121 112 100
122 112 100
123 112 100
124 112 100
125 112 100
126 112 100
127 112 100
127 112 100
128 112 100
128 112 100
129 112 100
129 112 100
130 112 100
130 112 100
131 112 100
131 112 100
132 112 100
132 112 100
133 112 100
133 112 100
134 112 100
134 112 100
135 112 100
135 112 100
136 112 100
136 112 100
137 112 100
137 112 100
138 112 100
138 112 100
138 112 100
# move from (12,25) to (139,144)
12 25 100
13 25 100
14 25 100
15 25 100
15 25 100
16 25 100
16 25 100
17 25 100
17 25 100
18 25 100
18 25 100
18 25 100
19 25 100
19 25 100
19 25 100
20 25 100
20 25 100
20 25 100
21 25 100
21 25 100
21 25 100
22 25 100
22 25 100
22 25 100
23 25 100
23 25 100
23 25 100
24 25 100
24 25 100
24 25 100
25 25 100
25 25 100
25 25 100
25 25 100
26 25 100
26 25 100
26 25 100
26 25 100
26 25 100
27 25 100
27 25 100
27 25 100
27 25 100
27 25 100
27 25 100
27 25 100
28 25 100
28 25 100
28 25 100
28 25 100
28 25 100
28 25 100
28 25 100
28 25 100
28 25 100
29 25 100
29 25 100
29 25 100
29 25 100
29 25 100
29 25 100
29 25 100
29 25 100
29 25 100
29 25 100
29 25 100
30 25 100
30 25 100
30 25 100
30 25 100
30 25 100
30 25 100
30 25 100
30 25 100
30 25 100
30 25 100
30 25 100
30 25 100
31 25 100
31 25 100
31 25 100
31 25 100
31 25 100
31 25 100
31 25 100
31 25 100
31 25 100
31 25 100
31 25 100
31 25 100
31 25 100
32 25 100
32 25 100
32 25 100
32 25 100
32 25 100
32 25 100
32 25 100
32 25 100
32 25 100
32 25 100
32 25 100
32 25 100
32 25 100
32 25 100
33 25 100
33 25 100
33 25 100
33 25 100
33 25 100
33 25 100
33 25 100
33 25 100
33 25 100
33 25 100
33 25 100
33 25 100
33 25 100
33 25 100
34 25 100
34 25 100
34 25 100
34 25 100
34 25 100
34 25 100
34 25 100
34 25 100
34 25 100
34 25 100
34 25 100
34 25 100
34 25 100
34 25 100
35 25 100
35 25 100
35 25 100
35 25 100
35 25 100
35 25 100
35 25 100
35 25 100
35 25 100
35 25 100
35 25 100
35 25 100
35 25 100
35 25 100
36 25 100
36 25 100
36 25 100
36 25 100
36 25 100
36 25 100
36 25 100
36 25 100
36 25 100
36 25 100
36 25 100
36 25 100
36 25 100
36 25 100
37 25 100
37 25 100
37 25 100
37 25 100
37 25 100
37 25 100
37 25 100
37 25 100
37 25 100
37 25 100
37 25 100
37 25 100
37 25 100
37 25 100
37 25 100
38 25 100
38 25 100
38 25 100
38 25 100
38 25 100
38 25 100
38 25 100
38 25 100
38 25 100
38 25 100
38 25 100
38 25 100
38 25 100
38 25 100
38 25 100
38 25 100
39 25 100
39 25 100
39 25 100
39 25 100
39 25 100
39 25 100
39 25 100
39 25 100
39 25 100
39 25 100
39 25 100
39 25 100
39 25 100
39 25 100
39 25 100
39 25 100
39 25 100
39 25 100
40 25 100
40 25 100
40 25 100
40 25 100
40 25 100
40 25 100
40 25 100
40 25 100
40 25 100
40 25 100
40 25 100
40 25 100
40 25 100
40 25 100
40 25 100
40 25 100
40 25 100
40 25 100
40 25 100
41 25 100
41 25 100
41 25 100
41 25 100
41 25 100
41 25 100
41 25 100
41 25 100
41 25 100
41 25 100
41 25 100
41 25 100
41 25 100
41 25 100
41 25 100
41 25 100
41 25 100
41 25 100
41 25 100
41 25 100
41 25 100
42 25 100
42 25 100
42 25 100
42 25 100
42 25 100
42 25 100
42 25 100
42 25 100
42 25 100
42 25 100
42 25 100
42 25 100
42 25 100
42 25 100
42 25 100
42 25 100
42 25 100
42 25 100
42 25 100
42 25 100
42 25 100
42 25 100
43 25 100
43 25 100
43 25 100
43 25 100
43 25 100
43 25 100
43 25 100
43 25 100
43 25 100
43 25 100
43 25 100
43 25 100
43 25 100
43 25 100
43 25 100
43 25 100
43 25 100
43 25 100
43 25 100
43 25 100
43 25 100
43 25 100
43 25 100
44 25 100
44 25 100
44 25 100
44 25 100
44 25 100
44 25 100
44 25 100
44 25 100
44 25 100
44 25 100
44 25 100
44 25 100
44 25 100
44 25 100
44 25 100
44 25 100
44 25 100
44 25 100
44 25 100
44 25 100
44 25 100
44 25 100
44 25 100
44 25 100
45 25 100
45 25 100
45 25 100
45 25 100
45 25 100
45 25 100
45 25 100
45 25 100
45 25 100
45 25 100
45 25 100
45 25 100
45 25 100
45 25 100
45 25 100
45 25 100
45 25 100
45 25 100
45 25 100
45 25 100
45 25 100
45 25 100
45 25 100
45 25 100
46 25 100
46 25 100
46 25 100
46 25 100
46 25 100
46 25 100
46 25 100
46 25 100
46 25 100
46 25 100
46 25 100
46 25 100
46 25 100
46 25 100
46 25 100
46 25 100
46 25 100
46 25 100
46 25 100
46 25 100
46 25 100
46 25 100
46 25 100
47 25 100
47 25 100
47 25 100
47 25 100
47 25 100
47 25 100
47 25 100
47 25 100
47 25 100
47 25 100
47 25 100
47 25 100
47 25 100
47 25 100
47 25 100
47 25 100
47 25 100
47 25 100
47 25 100
47 25 100
47 25 100
47 25 100
47 25 100
47 25 100
48 25 100
48 25 100
48 25 100
48 25 100
48 25 100
48 25 100
48 25 100
48 25 100
48 25 100
48 25 100
48 25 100
48 25 100
48 25 100
48 25 100
48 25 100
48 25 100
48 25 100
48 25 100
48 25 100
48 25 100
48 25 100
48 25 100
48 25 100
48 25 100
48 25 100
49 25 100
49 25 100
49 25 100
49 25 100
49 25 100
49 25 100
49 25 100
49 25 100
49 25 100
49 25 100
49 25 100
49 25 100
49 25 100
49 25 100
49 25 100
49 25 100
49 25 100
49 25 100
49 25 100
49 25 100
49 25 100
49 25 100
49 25 100
49 25 100
49 25 100
49 25 100
49 25 100
50 25 100
50 25 100
50 25 100
50 25 100
50 25 100
50 25 100
50 25 100
50 25 100
50 25 100
50 25 100
50 25 100
50 25 100
50 25 100
50 25 100
50 25 100
50 25 100
50 25 100
50 25 100
50 25 100
50 25 100
50 25 100
50 25 100
50 25 100
50 25 100
50 25 100
50 25 100
50 25 100
50 25 100
50 25 100
50 25 100
51 25 100
51 25 100
51 25 100
51 25 100
51 25 100
51 25 100
51 25 100
51 25 100
51 25 100
51 25 100
51 25 100
51 25 100
51 25 100
51 25 100
51 25 100
51 25 100
51 25 100
51 25 100
51 25 100
51 25 100
51 25 100
51 25 100
51 25 100
51 25 100
51 25 100
51 25 100
51 25 100
51 25 100
51 25 100
51 25 100
51 25 100
51 25 100
52 25 100
52 25 100
52 25 100
52 25 100
52 25 100
52 25 100
52 25 100
52 25 100
52 25 100
52 25 100
52 25 100
52 25 100
52 25 100
52 25 100
52 25 100
52 25 100
52 25 100
52 25 100
52 25 100
52 25 100
52 25 100
52 25 100
52 25 100
52 25 100
52 25 100
52 25 100
52 25 100
52 25 100
52 25 100
52 25 100
52 25 100
52 25 100
52 25 100
52 25 100
53 25 100
53 25 100
53 25 100
53 25 100
53 25 100
53 25 100
53 25 100
53 25 100
53 25 100
53 25 100
53 25 100
53 25 100
53 25 100
53 25 100
53 25 100
53 25 100
53 25 100
53 25 100
53 25 100
53 25 100
53 25 100
53 25 100
53 25 100
53 25 100
53 25 100
53 25 100
53 25 100
53 25 100
53 25 100
53 25 100
53 25 100
53 25 100
53 25 100
53 25 100
54 25 100
54 25 100
54 25 100
54 25 100
54 25 100
54 25 100
54 25 100
54 25 100
54 25 100
54 25 100
54 25 100
54 25 100
54 25 100
54 25 100
54 25 100
54 25 100
54 25 100
54 25 100
54 25 100
54 25 100
54 25 100
54 25 100
54 25 100
54 25 100
54 25 100
54 25 100
54 25 100
54 25 100
54 25 100
54 25 100
54 25 100
54 25 100
54 25 100
54 25 100
55 25 100
55 25 100
55 25 100
55 25 100
55 25 100
55 25 100
55 25 100
55 25 100
55 25 100
55 25 100
55 25 100
55 25 100
55 25 100
55 25 100
55 25 100
55 25 100
55 25 100
55 25 100
55 25 100
55 25 100
55 25 100
55 25 100
55 25 100
55 25 100
55 25 100
55 25 100
55 25 100
55 25 100
55 25 100
55 25 100
55 25 100
55 25 100
56 25 100
56 25 100
56 25 100
56 25 100
56 25 100
56 25 100
56 25 100
56 25 100
56 25 100
56 25 100
56 25 100
56 25 100
56 25 100
56 25 100
56 25 100
56 25 100
56 25 100
56 25 100
56 25 100
56 25 100
56 25 100
56 25 100
56 25 100
56 25 100
56 25 100
56 25 100
56 25 100
56 25 100
56 25 100
57 25 100
57 25 100
57 25 100
57 25 100
57 25 100
57 25 100
57 25 100
57 25 100
57 25 100
57 25 100
57 25 100
57 25 100
57 25 100
57 25 100
57 25 100
57 25 100
57 25 100
57 25 100
57 25 100
57 25 100
57 25 100
57 25 100
57 25 100
57 25 100
57 25 100
57 25 100
58 25 100
58 25 100
58 25 100
58 25 100
58 25 100
58 25 100
58 25 100
58 25 100
58 25 100
58 25 100
58 25 100
58 25 100
58 25 100
58 25 100
58 25 100
58 25 100
58 25 100
58 25 100
58 25 100
58 25 100
58 25 100
58 25 100
58 25 100
59 25 100
59 25 100
59 25 100
59 25 100
59 25 100
59 25 100
59 25 100
59 25 100
59 25 100
59 25 100
59 25 100
59 25 100
59 25 100
59 25 100
59 25 100
59 25 100
59 25 100
59 25 100
59 25 100
60 25 100
60 25 100
60 25 100
60 25 100
60 25 100
60 25 100
60 25 100
60 25 100
60 25 100
60 25 100
60 25 100
60 25 100
60 25 100
60 25 100
60 25 100
60 25 100
61 25 100
61 25 100
61 25 100
61 25 100
61 25 100
61 25 100
61 25 100
61 25 100
61 25 100
61 25 100
61 25 100
61 25 100
61 25 100
61 25 100
61 25 100
62 25 100
62 25 100
62 25 100
62 25 100
62 25 100
62 25 100
62 25 100
62 25 100
62 25 100
62 25 100
62 25 100
62 25 100
62 25 100
63 25 100
63 25 100
63 25 100
63 25 100
63 25 100
63 25 100
63 25 100
63 25 100
63 25 100
63 25 100
63 25 100
63 25 100
64 25 100
64 25 100
64 25 100
64 25 100
64 25 100
64 25 100
64 25 100
64 25 100
64 25 100
64 25 100
64 25 100
65 25 100
65 25 100
65 25 100
65 25 100
65 25 100
65 25 100
65 25 100
65 25 100
65 25 100
65 25 100
65 25 100
66 25 100
66 25 100
66 25 100
66 25 100
66 25 100
66 25 100
66 25 100
66 25 100
66 25 100
66 25 100
66 25 100
67 25 100
67 25 100
67 25 100
67 25 100
67 25 100
67 25 100
67 25 100
67 25 100
67 25 100
67 25 100
68 25 100
68 25 100
68 25 100
68 25 100
68 25 100
68 25 100
68 25 100
68 25 100
68 25 100
69 25 100
69 25 100
69 25 100
69 25 100
69 25 100
69 25 100
69 25 100
70 25 100
70 25 100
70 25 100
70 25 100
70 25 100
70 25 100
71 25 100
71 25 100
71 25 100
71 25 100
71 25 100
72 25 100
72 25 100
72 25 100
72 25 100
73 25 100
73 25 100
73 25 100
74 25 100
74 25 100
74 25 100
75 25 100
75 25 100
75 25 100
76 25 100
76 25 100
76 25 100
77 25 100
77 25 100
77 25 100
78 25 100
78 25 100
78 25 100
79 25 100
79 25 100
80 25 100
80 25 100
81 25 100
81 25 100
82 25 100
82 25 100
83 25 100
84 25 100
85 25 100
86 25 100
87 25 100
88 25 100
89 25 100
90 25 100
91 25 100
92 25 100
93 25 100
93 25 100
94 25 100
94 25 100
95 25 100
95 25 100
96 25 100
96 25 100
97 25 100
97 25 100
97 25 100
98 25 100
98 25 100
98 25 100
98 25 100
99 25 100
99 25 100
99 25 100
99 25 100
100 25 100
100 25 100
100 25 100
100 25 100
101 25 100
101 25 100
101 25 100
101 25 100
101 25 100
102 25 100
102 25 100
102 25 100
102 25 100
102 25 100
103 25 100
103 25 100
103 25 100
103 25 100
103 25 100
104 25 100
104 25 100
104 25 100
104 25 100
104 25 100
105 25 100
105 25 100
105 25 100
105 25 100
105 25 100
105 25 100
106 25 100
106 25 100
106 25 100
106 25 100
106 25 100
106 25 100
107 25 100
107 25 100
107 25 100
107 25 100
107 25 100
107 25 100
107 25 100
108 25 100
108 25 100
108 25 100
108 25 100
108 25 100
108 25 100
108 25 100
108 25 100
109 25 100
109 25 100
109 25 100
109 25 100
109 25 100
109 25 100
109 25 100
109 25 100
109 25 100
110 25 100
110 25 100
110 25 100
110 25 100
110 25 100
110 25 100
110 25 100
110 25 100
110 25 100
111 25 100
111 25 100
111 25 100
111 25 100
111 25 100
111 25 100
111 25 100
111 25 100
111 25 100
112 25 100
112 25 100
112 25 100
112 25 100
112 25 100
112 25 100
112 25 100
112 25 100
112 25 100
112 25 100
113 25 100
113 25 100
113 25 100
113 25 100
113 25 100
113 25 100
113 25 100
113 25 100
113 25 100
113 25 100
114 25 100
114 25 100
114 25 100
114 25 100
114 25 100
114 25 100
114 25 100
114 25 100
114 25 100
114 25 100
115 25 100
115 25 100
115 25 100
115 25 100
115 25 100
115 25 100
115 25 100
115 25 100
115 25 100
115 25 100
116 25 100
116 25 100
116 25 100
116 25 100
116 25 100
116 25 100
116 25 100
116 25 100
116 25 100
116 25 100
116 25 100
117 25 100
117 25 100
117 25 100
117 25 100
117 25 100
117 25 100
117 25 100
117 25 100
117 25 100
117 25 100
117 25 100
118 25 100
118 25 100
118 25 100
118 25 100
118 25 100
118 25 100
118 25 100
118 25 100
118 25 100
118 25 100
119 25 100
119 25 100
119 25 100
119 25 100
119 25 100
119 25 100
119 25 100
119 25 100
119 25 100
119 25 100
120 25 100
120 25 100
120 25 100
120 25 100
120 25 100
120 25 100
120 25 100
120 25 100
120 25 100
121 25 100
121 25 100
121 25 100
121 25 100
121 25 100
121 25 100
121 25 100
122 25 100
122 25 100
122 25 100
122 25 100
122 25 100
122 25 100
123 25 100
123 25 100
123 25 100
123 25 100
123 25 100
124 25 100
124 25 100
124 25 100
124 25 100
124 25 100
125 25 100
125 25 100
125 25 100
125 25 100
126 25 100
126 25 100
126 25 100
126 25 100
127 25 100
127 25 100
127 25 100
127 25 100
128 25 100
128 25 100
128 25 100
129 25 100
129 25 100
129 25 100
130 25 100
130 25 100
130 25 100
131 25 100
131 25 100
132 25 100
132 25 100
133 25 100
133 25 100
134 25 100
134 25 100
135 25 100
135 25 100
136 25 100
136 25 100
137 25 100
137 25 100
138 25 100
138 25 100
139 25 100
139 25 100
139 26 100
139 26 100
139 27 100
139 27 100
139 28 100
139 28 100
139 29 100
139 29 100
139 30 100
139 30 100
139 31 100
139 31 100
139 32 100
139 32 100
139 33 100
139 33 100
139 34 100
139 34 100
139 35 100
139 35 100
139 36 100
139 36 100
139 37 100
139 37 100
139 38 100
139 38 100
139 39 100
139 40 100
139 41 100
139 41 100
139 42 100
139 42 100
139 43 100
139 43 100
139 44 100
139 44 100
139 44 100
139 45 100
139 45 100
139 45 100
139 46 100
139 46 100
139 46 100
139 46 100
139 47 100
139 47 100
139 47 100
139 47 100
139 47 100
139 48 100
139 48 100
139 48 100
139 48 100
139 48 100
139 49 100
139 49 100
139 49 100
139 49 100
139 49 100
139 49 100
139 50 100
139 50 100
139 50 100
139 50 100
139 50 100
139 50 100
139 51 100
139 51 100
139 51 100
139 51 100
139 51 100
139 51 100
139 51 100
139 52 100
139 52 100
139 52 100
139 52 100
139 52 100
139 52 100
139 52 100
139 53 100
139 53 100
139 53 100
139 53 100
139 53 100
139 53 100
139 53 100
139 53 100
139 54 100
139 54 100
139 54 100
139 54 100
139 54 100
139 54 100
139 54 100
139 54 100
139 54 100
139 55 100
139 55 100
139 55 100
139 55 100
139 55 100
139 55 100
139 55 100
139 55 100
139 55 100
139 56 100
139 56 100
139 56 100
139 56 100
139 56 100
139 56 100
139 56 100
139 56 100
139 56 100
139 56 100
139 57 100
139 57 100
139 57 100
139 57 100
139 57 100
139 57 100
139 57 100
139 57 100
139 57 100
139 57 100
139 58 100
139 58 100
139 58 100
139 58 100
139 58 100
139 58 100
139 58 100
139 58 100
139 58 100
139 58 100
139 59 100
139 59 100
139 59 100
139 59 100
139 59 100
139 59 100
139 59 100
139 59 100
139 59 100
139 59 100
# move from (197,59) to (139,144)
197 59 100
196 59 100
195 59 100
194 59 100
193 59 100
192 59 100
191 59 100
190 59 100
189 59 100
188 59 100
187 59 100
186 59 100
186 59 100
185 59 100
185 59 100
184 59 100
183 59 100
182 59 100
181 59 100
180 59 100
179 59 100
178 59 100
177 59 100
176 59 100
175 59 100
174 59 100
173 59 100
172 59 100
171 59 100
170 59 100
169 59 100
168 59 100
167 59 100
166 59 100
165 59 100
164 59 100
163 59 100
162 59 100
161 59 100
160 59 100
159 59 100
158 59 100
157 59 100
156 59 100
155 59 100
155 59 100
154 59 100
154 59 100
153 59 100
153 59 100
153 59 100
152 59 100
152 59 100
152 59 100
152 59 100
151 59 100
151 59 100
151 59 100
151 59 100
151 59 100
150 59 100
150 59 100
150 59 100
150 59 100
150 59 100
149 59 100
149 59 100
149 59 100
149 59 100
149 59 100
148 59 100
148 59 100
148 59 100
148 59 100
148 59 100
147 59 100
147 59 100
147 59 100
147 59 100
147 59 100
147 59 100
146 59 100
146 59 100
146 59 100
146 59 100
146 59 100
146 59 100
145 59 100
145 59 100
145 59 100
145 59 100
145 59 100
145 59 100
144 59 100
144 59 100
144 59 100
144 59 100
144 59 100
144 59 100
143 59 100
143 59 100
143 59 100
143 59 100
143 59 100
143 59 100
142 59 100
142 59 100
142 59 100
142 59 100
142 59 100
142 59 100
141 59 100
141 59 100
141 59 100
141 59 100
141 59 100
141 59 100
141 59 100
140 59 100
140 59 100
140 59 100
140 59 100
140 59 100
140 59 100
140 59 100
140 59 100
