# move from (195,198) to (189,1)
195 198 100
195 198 100
195 198 100
195 198 100
195 198 100
195 198 100
195 198 100
194 198 100
194 198 100
194 198 100
194 198 100
194 198 100
194 198 100
194 198 100
194 198 100
193 198 100
193 198 100
193 198 100
193 198 100
193 198 100
193 198 100
193 198 100
193 198 100
193 198 100
192 198 100
192 198 100
192 198 100
192 198 100
192 198 100
192 198 100
192 198 100
192 198 100
192 198 100
192 198 100
192 198 100
191 198 100
191 198 100
191 198 100
191 198 100
191 198 100
191 198 100
191 198 100
191 198 100
191 198 100
191 198 100
191 198 100
191 198 100
190 198 100
190 198 100
190 198 100
190 198 100
190 198 100
190 198 100
190 198 100
190 198 100
190 198 100
190 198 100
190 198 100
190 198 100
189 198 100
189 198 100
189 198 100
189 198 100
189 198 100
189 198 100
189 198 100
189 198 100
189 198 100
189 198 100
189 198 100
189 198 100
189 198 100
189 197 100
189 197 100
189 197 100
189 197 100
189 197 100
189 197 100
189 197 100
189 197 100
189 197 100
189 197 100
189 197 100
189 197 100
189 196 100
189 196 100
189 196 100
189 196 100
189 196 100
189 196 100
189 196 100
189 196 100
189 196 100
189 196 100
189 196 100
189 195 100
189 195 100
189 195 100
189 195 100
189 195 100
189 195 100
189 195 100
189 195 100
189 195 100
189 195 100
189 194 100
189 194 100
189 194 100
189 194 100
189 194 100
189 194 100
189 194 100
189 194 100
189 194 100
189 193 100
189 193 100
189 193 100
189 193 100
189 193 100
189 193 100
189 193 100
189 193 100
189 193 100
189 192 100
189 192 100
189 192 100
189 192 100
189 192 100
189 192 100
189 192 100
189 192 100
189 191 100
189 191 100
189 191 100
189 191 100
189 191 100
189 191 100
189 191 100
189 191 100
189 190 100
189 190 100
189 190 100
189 190 100
189 190 100
189 190 100
189 190 100
189 190 100
189 189 100
189 189 100
189 189 100
189 189 100
189 189 100
189 189 100
189 189 100
189 189 100
189 188 100
189 188 100
189 188 100
189 188 100
189 188 100
189 188 100
189 188 100
189 188 100
189 187 100
189 187 100
189 187 100
189 187 100
189 187 100
189 187 100
189 187 100
189 186 100
189 186 100
189 186 100
189 186 100
189 186 100
189 186 100
189 186 100
189 185 100
189 185 100
189 185 100
189 185 100
189 185 100
189 185 100
189 185 100
189 184 100
189 184 100
189 184 100
189 184 100
189 184 100
189 184 100
189 183 100
189 183 100
189 183 100
189 183 100
189 183 100
189 183 100
189 182 100
189 182 100
189 182 100
189 182 100
189 182 100
189 181 100
189 181 100
189 181 100
189 181 100
189 180 100
189 180 100
189 180 100
189 180 100
189 179 100
189 179 100
189 179 100
189 178 100
189 178 100
189 178 100
189 177 100
189 177 100
189 176 100
189 176 100
189 175 100
189 175 100
189 174 100
189 174 100
189 173 100
189 172 100
189 171 100
189 170 100
189 169 100
189 168 100
189 167 100
189 166 100
189 165 100
189 164 100
189 163 100
189 162 100
189 161 100
189 160 100
189 159 100
189 158 100
189 157 100
189 156 100
189 155 100
189 154 100
189 153 100
189 152 100
189 151 100
189 150 100
189 149 100
189 148 100
189 147 100
189 146 100
189 145 100
189 144 100
189 143 100
189 142 100
189 141 100
189 140 100
189 139 100
189 138 100
189 137 100
189 136 100
189 135 100
189 134 100
189 133 100
189 132 100
189 131 100
189 130 100
189 129 100
189 128 100
189 128 100
189 127 100
189 127 100
189 126 100
189 126 100
189 125 100
189 125 100
189 124 100
189 124 100
189 123 100
189 123 100
189 122 100
189 122 100
189 121 100
189 121 100
189 120 100
189 120 100
189 119 100
189 119 100
189 118 100
189 118 100
189 117 100
189 117 100
189 116 100
189 116 100
189 115 100
189 115 100
189 114 100
189 114 100
189 113 100
189 113 100
189 113 100
189 112 100
189 112 100
189 112 100
189 111 100
189 111 100
189 111 100
189 110 100
189 110 100
189 110 100
189 109 100
189 109 100
189 109 100
189 109 100
189 108 100
189 108 100
189 108 100
189 108 100
189 107 100
189 107 100
189 107 100
189 107 100
189 107 100
189 106 100
189 106 100
189 106 100
189 106 100
189 106 100
189 105 100
189 105 100
189 105 100
189 105 100
189 105 100
189 105 100
189 104 100
189 104 100
189 104 100
189 104 100
189 104 100
189 104 100
189 103 100
189 103 100
189 103 100
189 103 100
189 103 100
189 103 100
189 103 100
189 102 100
189 102 100
189 102 100
189 102 100
189 102 100
189 102 100
189 102 100
189 101 100
189 101 100
189 101 100
189 101 100
189 101 100
189 101 100
189 101 100
189 101 100
189 100 100
189 100 100
189 100 100
189 100 100
189 100 100
189 100 100
189 100 100
189 100 100
189 99 100
189 99 100
189 99 100
189 99 100
189 99 100
189 99 100
189 99 100
189 99 100
189 98 100
189 98 100
189 98 100
189 98 100
189 98 100
189 98 100
189 98 100
189 97 100
189 97 100
189 97 100
189 97 100
189 97 100
189 97 100
189 97 100
189 96 100
189 96 100
189 96 100
189 96 100
189 96 100
189 96 100
189 96 100
189 95 100
189 95 100
189 95 100
189 95 100
189 95 100
189 95 100
189 94 100
189 94 100
189 94 100
189 94 100
189 94 100
189 94 100
189 93 100
189 93 100
189 93 100
189 93 100
189 93 100
189 93 100
189 92 100
189 92 100
189 92 100
189 92 100
189 92 100
189 91 100
189 91 100
189 91 100
189 91 100
189 91 100
189 90 100
189 90 100
189 90 100
189 90 100
189 90 100
189 89 100
189 89 100
189 89 100
189 89 100
189 88 100
189 88 100
189 88 100
189 88 100
189 87 100
189 87 100
189 87 100
189 87 100
189 86 100
189 86 100
189 86 100
189 86 100
189 86 100
189 85 100
189 85 100
189 85 100
189 85 100
189 85 100
189 84 100
189 84 100
189 84 100
189 84 100
189 84 100
189 83 100
189 83 100
189 83 100
189 83 100
189 83 100
189 82 100
189 82 100
189 82 100
189 82 100
189 82 100
189 81 100
189 81 100
189 81 100
189 81 100
189 81 100
189 80 100
189 80 100
189 80 100
189 80 100
189 80 100
189 79 100
189 79 100
189 79 100
189 79 100
189 79 100
189 78 100
189 78 100
189 78 100
189 78 100
189 78 100
189 77 100
189 77 100
189 77 100
189 77 100
189 77 100
189 76 100
189 76 100
189 76 100
189 76 100
189 76 100
189 75 100
189 75 100
189 75 100
189 75 100
189 75 100
189 74 100
189 74 100
189 74 100
189 74 100
189 74 100
189 73 100
189 73 100
189 73 100
189 73 100
189 73 100
189 72 100
189 72 100
189 72 100
189 72 100
189 72 100
189 71 100
189 71 100
189 71 100
189 71 100
189 71 100
189 70 100
189 70 100
189 70 100
189 70 100
189 69 100
189 69 100
189 69 100
189 69 100
189 68 100
189 68 100
189 68 100
189 67 100
189 67 100
189 67 100
189 66 100
189 66 100
189 65 100
189 65 100
189 64 100
189 64 100
189 63 100
189 62 100
189 61 100
189 60 100
189 59 100
189 58 100
189 57 100
189 56 100
189 55 100
189 54 100
189 53 100
189 52 100
189 51 100
189 50 100
189 49 100
189 48 100
189 47 100
189 46 100
189 45 100
189 44 100
189 43 100
189 42 100
189 41 100
189 40 100
189 39 100
189 38 100
189 37 100
189 36 100
189 35 100
189 34 100
189 33 100
189 32 100
189 31 100
189 30 100
189 29 100
189 28 100
189 27 100
189 26 100
189 25 100
189 24 100
189 23 100
189 22 100
189 21 100
189 20 100
189 19 100
189 18 100
189 17 100
189 16 100
189 15 100
189 14 100
189 13 100
189 12 100
189 11 100
189 10 100
189 9 100
189 8 100
189 7 100
189 6 100
189 5 100
189 4 100
189 3 100
189 2 100
189 1 100
# move from (1,5) to (189,1)
1 5 100
2 5 100
3 5 100
4 5 100
5 5 100
6 5 100
7 5 100
8 5 100
9 5 100
10 5 100
10 5 100
11 5 100
11 5 100
12 5 100
12 5 100
13 5 100
13 5 100
14 5 100
14 5 100
15 5 100
15 5 100
16 5 100
16 5 100
17 5 100
17 5 100
18 5 100
18 5 100
19 5 100
19 5 100
20 5 100
20 5 100
21 5 100
21 5 100
22 5 100
22 5 100
23 5 100
24 5 100
25 5 100
26 5 100
27 5 100
28 5 100
29 5 100
30 5 100
31 5 100
32 5 100
33 5 100
34 5 100
35 5 100
36 5 100
37 5 100
38 5 100
39 5 100
40 5 100
41 5 100
42 5 100
43 5 100
44 5 100
45 5 100
46 5 100
47 5 100
48 5 100
49 5 100
50 5 100
51 5 100
52 5 100
53 5 100
54 5 100
55 5 100
56 5 100
57 5 100
58 5 100
59 5 100
60 5 100
61 5 100
62 5 100
63 5 100
64 5 100
65 5 100
66 5 100
67 5 100
68 5 100
69 5 100
70 5 100
71 5 100
72 5 100
73 5 100
74 5 100
75 5 100
76 5 100
77 5 100
78 5 100
79 5 100
80 5 100
81 5 100
82 5 100
83 5 100
84 5 100
85 5 100
86 5 100
87 5 100
88 5 100
89 5 100
90 5 100
91 5 100
92 5 100
93 5 100
94 5 100
95 5 100
96 5 100
96 5 100
97 5 100
97 5 100
98 5 100
98 5 100
99 5 100
99 5 100
99 5 100
100 5 100
100 5 100
100 5 100
101 5 100
101 5 100
101 5 100
101 5 100
102 5 100
102 5 100
102 5 100
102 5 100
103 5 100
103 5 100
103 5 100
103 5 100
103 5 100
104 5 100
104 5 100
104 5 100
104 5 100
104 5 100
104 5 100
104 5 100
105 5 100
105 5 100
105 5 100
105 5 100
105 5 100
105 5 100
105 5 100
105 5 100
106 5 100
106 5 100
106 5 100
106 5 100
106 5 100
106 5 100
106 5 100
106 5 100
106 5 100
107 5 100
107 5 100
107 5 100
107 5 100
107 5 100
107 5 100
107 5 100
107 5 100
107 5 100
107 5 100
108 5 100
108 5 100
108 5 100
108 5 100
108 5 100
108 5 100
108 5 100
108 5 100
108 5 100
108 5 100
108 5 100
109 5 100
109 5 100
109 5 100
109 5 100
109 5 100
109 5 100
109 5 100
109 5 100
109 5 100
109 5 100
109 5 100
109 5 100
110 5 100
110 5 100
110 5 100
110 5 100
110 5 100
110 5 100
110 5 100
110 5 100
110 5 100
110 5 100
110 5 100
110 5 100
111 5 100
111 5 100
111 5 100
111 5 100
111 5 100
111 5 100
111 5 100
111 5 100
111 5 100
111 5 100
111 5 100
111 5 100
111 5 100
112 5 100
112 5 100
112 5 100
112 5 100
112 5 100
112 5 100
112 5 100
112 5 100
112 5 100
112 5 100
112 5 100
112 5 100
112 5 100
113 5 100
113 5 100
113 5 100
113 5 100
113 5 100
113 5 100
113 5 100
113 5 100
113 5 100
113 5 100
113 5 100
113 5 100
113 5 100
114 5 100
114 5 100
114 5 100
114 5 100
114 5 100
114 5 100
114 5 100
114 5 100
114 5 100
114 5 100
114 5 100
114 5 100
114 5 100
115 5 100
115 5 100
115 5 100
115 5 100
115 5 100
115 5 100
115 5 100
115 5 100
115 5 100
115 5 100
115 5 100
115 5 100
115 5 100
116 5 100
116 5 100
116 5 100
116 5 100
116 5 100
116 5 100
116 5 100
116 5 100
116 5 100
116 5 100
116 5 100
116 5 100
116 5 100
116 5 100
117 5 100
117 5 100
117 5 100
117 5 100
117 5 100
117 5 100
117 5 100
117 5 100
117 5 100
117 5 100
117 5 100
117 5 100
117 5 100
117 5 100
118 5 100
118 5 100
118 5 100
118 5 100
118 5 100
118 5 100
118 5 100
118 5 100
118 5 100
118 5 100
118 5 100
118 5 100
118 5 100
118 5 100
119 5 100
119 5 100
119 5 100
119 5 100
119 5 100
119 5 100
119 5 100
119 5 100
119 5 100
119 5 100
119 5 100
119 5 100
119 5 100
119 5 100
120 5 100
120 5 100
120 5 100
120 5 100
120 5 100
120 5 100
120 5 100
120 5 100
120 5 100
120 5 100
120 5 100
120 5 100
120 5 100
120 5 100
120 5 100
121 5 100
121 5 100
121 5 100
121 5 100
121 5 100
121 5 100
121 5 100
121 5 100
121 5 100
121 5 100
121 5 100
121 5 100
121 5 100
121 5 100
121 5 100
121 5 100
122 5 100
122 5 100
122 5 100
122 5 100
122 5 100
122 5 100
122 5 100
122 5 100
122 5 100
122 5 100
122 5 100
122 5 100
122 5 100
122 5 100
122 5 100
122 5 100
122 5 100
123 5 100
123 5 100
123 5 100
123 5 100
123 5 100
123 5 100
123 5 100
123 5 100
123 5 100
123 5 100
123 5 100
123 5 100
123 5 100
123 5 100
123 5 100
123 5 100
123 5 100
123 5 100
124 5 100
124 5 100
124 5 100
124 5 100
124 5 100
124 5 100
124 5 100
124 5 100
124 5 100
124 5 100
124 5 100
124 5 100
124 5 100
124 5 100
124 5 100
124 5 100
124 5 100
124 5 100
124 5 100
125 5 100
125 5 100
125 5 100
125 5 100
125 5 100
125 5 100
125 5 100
125 5 100
125 5 100
125 5 100
125 5 100
125 5 100
125 5 100
125 5 100
125 5 100
125 5 100
125 5 100
125 5 100
125 5 100
125 5 100
126 5 100
126 5 100
126 5 100
126 5 100
126 5 100
126 5 100
126 5 100
126 5 100
126 5 100
126 5 100
126 5 100
126 5 100
126 5 100
126 5 100
126 5 100
126 5 100
126 5 100
126 5 100
126 5 100
126 5 100
126 5 100
127 5 100
127 5 100
127 5 100
127 5 100
127 5 100
127 5 100
127 5 100
127 5 100
127 5 100
127 5 100
127 5 100
127 5 100
127 5 100
127 5 100
127 5 100
127 5 100
127 5 100
127 5 100
127 5 100
127 5 100
127 5 100
127 5 100
128 5 100
128 5 100
128 5 100
128 5 100
128 5 100
128 5 100
128 5 100
128 5 100
128 5 100
128 5 100
128 5 100
128 5 100
128 5 100
128 5 100
128 5 100
128 5 100
128 5 100
128 5 100
128 5 100
128 5 100
128 5 100
128 5 100
128 5 100
129 5 100
129 5 100
129 5 100
129 5 100
129 5 100
129 5 100
129 5 100
129 5 100
129 5 100
129 5 100
129 5 100
129 5 100
129 5 100
129 5 100
129 5 100
129 5 100
129 5 100
129 5 100
129 5 100
129 5 100
129 5 100
129 5 100
129 5 100
130 5 100
130 5 100
130 5 100
130 5 100
130 5 100
130 5 100
130 5 100
130 5 100
130 5 100
130 5 100
130 5 100
130 5 100
130 5 100
130 5 100
130 5 100
130 5 100
130 5 100
130 5 100
130 5 100
130 5 100
130 5 100
130 5 100
130 5 100
130 5 100
131 5 100
131 5 100
131 5 100
131 5 100
131 5 100
131 5 100
131 5 100
131 5 100
131 5 100
131 5 100
131 5 100
131 5 100
131 5 100
131 5 100
131 5 100
131 5 100
131 5 100
131 5 100
131 5 100
131 5 100
131 5 100
131 5 100
131 5 100
131 5 100
132 5 100
132 5 100
132 5 100
132 5 100
132 5 100
132 5 100
132 5 100
132 5 100
132 5 100
132 5 100
132 5 100
132 5 100
132 5 100
132 5 100
132 5 100
132 5 100
132 5 100
132 5 100
132 5 100
132 5 100
132 5 100
132 5 100
132 5 100
133 5 100
133 5 100
133 5 100
133 5 100
133 5 100
133 5 100
133 5 100
133 5 100
133 5 100
133 5 100
133 5 100
133 5 100
133 5 100
133 5 100
133 5 100
133 5 100
133 5 100
133 5 100
133 5 100
133 5 100
133 5 100
133 5 100
133 5 100
134 5 100
134 5 100
134 5 100
134 5 100
134 5 100
134 5 100
134 5 100
134 5 100
134 5 100
134 5 100
134 5 100
134 5 100
134 5 100
134 5 100
134 5 100
134 5 100
134 5 100
134 5 100
134 5 100
134 5 100
134 5 100
134 5 100
135 5 100
135 5 100
135 5 100
135 5 100
135 5 100
135 5 100
135 5 100
135 5 100
135 5 100
135 5 100
135 5 100
135 5 100
135 5 100
135 5 100
135 5 100
135 5 100
135 5 100
135 5 100
135 5 100
135 5 100
135 5 100
136 5 100
136 5 100
136 5 100
136 5 100
136 5 100
136 5 100
136 5 100
136 5 100
136 5 100
136 5 100
136 5 100
136 5 100
136 5 100
136 5 100
136 5 100
136 5 100
136 5 100
136 5 100
136 5 100
136 5 100
137 5 100
137 5 100
137 5 100
137 5 100
137 5 100
137 5 100
137 5 100
137 5 100
137 5 100
137 5 100
137 5 100
137 5 100
137 5 100
137 5 100
137 5 100
137 5 100
137 5 100
137 5 100
137 5 100
137 5 100
138 5 100
138 5 100
138 5 100
138 5 100
138 5 100
138 5 100
138 5 100
138 5 100
138 5 100
138 5 100
138 5 100
138 5 100
138 5 100
138 5 100
138 5 100
138 5 100
138 5 100
138 5 100
138 5 100
138 5 100
139 5 100
139 5 100
139 5 100
139 5 100
139 5 100
139 5 100
139 5 100
139 5 100
139 5 100
139 5 100
139 5 100
139 5 100
139 5 100
139 5 100
139 5 100
139 5 100
139 5 100
139 5 100
139 5 100
139 5 100
140 5 100
140 5 100
140 5 100
140 5 100
140 5 100
140 5 100
140 5 100
140 5 100
140 5 100
140 5 100
140 5 100
140 5 100
140 5 100
140 5 100
140 5 100
140 5 100
140 5 100
140 5 100
140 5 100
140 5 100
141 5 100
141 5 100
141 5 100
141 5 100
141 5 100
141 5 100
141 5 100
141 5 100
141 5 100
141 5 100
141 5 100
141 5 100
141 5 100
141 5 100
141 5 100
141 5 100
141 5 100
141 5 100
141 5 100
141 5 100
142 5 100
142 5 100
142 5 100
142 5 100
142 5 100
142 5 100
142 5 100
142 5 100
142 5 100
142 5 100
142 5 100
142 5 100
142 5 100
142 5 100
142 5 100
142 5 100
142 5 100
142 5 100
142 5 100
142 5 100
143 5 100
143 5 100
143 5 100
143 5 100
143 5 100
143 5 100
143 5 100
143 5 100
143 5 100
143 5 100
143 5 100
143 5 100
143 5 100
143 5 100
143 5 100
143 5 100
143 5 100
143 5 100
143 5 100
143 5 100
144 5 100
144 5 100
144 5 100
144 5 100
144 5 100
144 5 100
144 5 100
144 5 100
144 5 100
144 5 100
144 5 100
144 5 100
144 5 100
144 5 100
144 5 100
144 5 100
144 5 100
144 5 100
144 5 100
144 5 100
144 5 100
145 5 100
145 5 100
145 5 100
145 5 100
145 5 100
145 5 100
145 5 100
145 5 100
145 5 100
145 5 100
145 5 100
145 5 100
145 5 100
145 5 100
145 5 100
145 5 100
145 5 100
145 5 100
145 5 100
145 5 100
145 5 100
146 5 100
146 5 100
146 5 100
146 5 100
146 5 100
146 5 100
146 5 100
146 5 100
146 5 100
146 5 100
146 5 100
146 5 100
146 5 100
146 5 100
146 5 100
146 5 100
146 5 100
146 5 100
146 5 100
146 5 100
146 5 100
147 5 100
147 5 100
147 5 100
147 5 100
147 5 100
147 5 100
147 5 100
147 5 100
147 5 100
147 5 100
147 5 100
147 5 100
147 5 100
147 5 100
147 5 100
147 5 100
147 5 100
147 5 100
147 5 100
147 5 100
147 5 100
148 5 100
148 5 100
148 5 100
148 5 100
148 5 100
148 5 100
148 5 100
148 5 100
148 5 100
148 5 100
148 5 100
148 5 100
148 5 100
148 5 100
148 5 100
148 5 100
148 5 100
148 5 100
148 5 100
148 5 100
149 5 100
149 5 100
149 5 100
149 5 100
149 5 100
149 5 100
149 5 100
149 5 100
149 5 100
149 5 100
149 5 100
149 5 100
149 5 100
149 5 100
149 5 100
149 5 100
149 5 100
149 5 100
149 5 100
150 5 100
150 5 100
150 5 100
150 5 100
150 5 100
150 5 100
150 5 100
150 5 100
150 5 100
150 5 100
150 5 100
150 5 100
150 5 100
150 5 100
150 5 100
150 5 100
150 5 100
150 5 100
150 5 100
151 5 100
151 5 100
151 5 100
151 5 100
151 5 100
151 5 100
151 5 100
151 5 100
151 5 100
151 5 100
151 5 100
151 5 100
151 5 100
151 5 100
151 5 100
151 5 100
151 5 100
152 5 100
152 5 100
152 5 100
152 5 100
152 5 100
152 5 100
152 5 100
152 5 100
152 5 100
152 5 100
152 5 100
152 5 100
152 5 100
152 5 100
152 5 100
152 5 100
153 5 100
153 5 100
153 5 100
153 5 100
153 5 100
153 5 100
153 5 100
153 5 100
153 5 100
153 5 100
153 5 100
153 5 100
153 5 100
153 5 100
153 5 100
154 5 100
154 5 100
154 5 100
154 5 100
154 5 100
154 5 100
154 5 100
154 5 100
154 5 100
154 5 100
154 5 100
154 5 100
154 5 100
154 5 100
155 5 100
155 5 100
155 5 100
155 5 100
155 5 100
155 5 100
155 5 100
155 5 100
155 5 100
155 5 100
155 5 100
155 5 100
155 5 100
156 5 100
156 5 100
156 5 100
156 5 100
156 5 100
156 5 100
156 5 100
156 5 100
156 5 100
156 5 100
156 5 100
156 5 100
157 5 100
157 5 100
157 5 100
157 5 100
157 5 100
157 5 100
157 5 100
157 5 100
157 5 100
157 5 100
157 5 100
157 5 100
158 5 100
158 5 100
158 5 100
158 5 100
158 5 100
158 5 100
158 5 100
158 5 100
158 5 100
158 5 100
158 5 100
159 5 100
159 5 100
159 5 100
159 5 100
159 5 100
159 5 100
159 5 100
159 5 100
159 5 100
159 5 100
159 5 100
160 5 100
160 5 100
160 5 100
160 5 100
160 5 100
160 5 100
160 5 100
160 5 100
160 5 100
160 5 100
160 5 100
161 5 100
161 5 100
161 5 100
161 5 100
161 5 100
161 5 100
161 5 100
161 5 100
161 5 100
161 5 100
161 5 100
162 5 100
162 5 100
162 5 100
162 5 100
162 5 100
162 5 100
162 5 100
162 5 100
162 5 100
162 5 100
163 5 100
163 5 100
163 5 100
163 5 100
163 5 100
163 5 100
163 5 100
163 5 100
163 5 100
163 5 100
164 5 100
164 5 100
164 5 100
164 5 100
164 5 100
164 5 100
164 5 100
164 5 100
164 5 100
164 5 100
165 5 100
165 5 100
165 5 100
165 5 100
165 5 100
165 5 100
165 5 100
165 5 100
165 5 100
166 5 100
166 5 100
166 5 100
166 5 100
166 5 100
166 5 100
166 5 100
166 5 100
166 5 100
167 5 100
167 5 100
167 5 100
167 5 100
167 5 100
167 5 100
167 5 100
167 5 100
168 5 100
168 5 100
168 5 100
168 5 100
168 5 100
168 5 100
168 5 100
169 5 100
169 5 100
169 5 100
169 5 100
169 5 100
169 5 100
170 5 100
170 5 100
170 5 100
170 5 100
170 5 100
170 5 100
171 5 100
171 5 100
171 5 100
171 5 100
171 5 100
172 5 100
172 5 100
172 5 100
172 5 100
173 5 100
173 5 100
173 5 100
173 5 100
174 5 100
174 5 100
174 5 100
175 5 100
175 5 100
175 5 100
176 5 100
176 5 100
177 5 100
177 5 100
178 5 100
178 5 100
179 5 100
180 5 100
181 5 100
182 5 100
183 5 100
184 5 100
185 5 100
186 5 100
187 5 100
188 5 100
# move from (98,84) to (189,1)
98 84 100
98 84 100
98 84 100
98 84 100
98 84 100
98 84 100
98 84 100
98 84 100
98 84 100
98 84 100
98 84 100
98 84 100
98 84 100
98 84 100
98 84 100
98 84 100
98 84 100
98 84 100
98 84 100
98 84 100
98 84 100
98 84 100
98 84 100
98 84 100
98 84 100
98 84 100
98 84 100
98 84 100
99 84 100
99 84 100
99 84 100
99 84 100
99 84 100
99 84 100
99 84 100
99 84 100
99 84 100
99 84 100
99 84 100
99 84 100
99 84 100
99 84 100
99 84 100
99 84 100
99 84 100
99 84 100
99 84 100
99 84 100
99 84 100
99 84 100
99 84 100
99 84 100
99 84 100
99 84 100
99 84 100
99 84 100
100 84 100
100 84 100
100 84 100
100 84 100
100 84 100
100 84 100
100 84 100
100 84 100
100 84 100
100 84 100
100 84 100
100 84 100
100 84 100
100 84 100
100 84 100
100 84 100
100 84 100
100 84 100
100 84 100
100 84 100
100 84 100
100 84 100
100 84 100
100 84 100
100 84 100
100 84 100
100 84 100
100 84 100
100 84 100
101 84 100
101 84 100
101 84 100
101 84 100
101 84 100
101 84 100
101 84 100
101 84 100
101 84 100
101 84 100
101 84 100
101 84 100
101 84 100
101 84 100
101 84 100
101 84 100
101 84 100
101 84 100
101 84 100
101 84 100
101 84 100
101 84 100
101 84 100
101 84 100
101 84 100
101 84 100
101 84 100
101 84 100
101 84 100
101 84 100
102 84 100
102 84 100
102 84 100
102 84 100
102 84 100
102 84 100
102 84 100
102 84 100
102 84 100
102 84 100
102 84 100
102 84 100
102 84 100
102 84 100
102 84 100
102 84 100
102 84 100
102 84 100
102 84 100
102 84 100
102 84 100
102 84 100
102 84 100
102 84 100
102 84 100
102 84 100
102 84 100
102 84 100
102 84 100
102 84 100
102 84 100
103 84 100
103 84 100
103 84 100
103 84 100
103 84 100
103 84 100
103 84 100
103 84 100
103 84 100
103 84 100
103 84 100
103 84 100
103 84 100
103 84 100
103 84 100
103 84 100
103 84 100
103 84 100
103 84 100
103 84 100
103 84 100
103 84 100
103 84 100
103 84 100
103 84 100
103 84 100
103 84 100
103 84 100
103 84 100
103 84 100
103 84 100
104 84 100
104 84 100
104 84 100
104 84 100
104 84 100
104 84 100
104 84 100
104 84 100
104 84 100
104 84 100
104 84 100
104 84 100
104 84 100
104 84 100
104 84 100
104 84 100
104 84 100
104 84 100
104 84 100
104 84 100
104 84 100
104 84 100
104 84 100
104 84 100
104 84 100
104 84 100
104 84 100
104 84 100
104 84 100
104 84 100
104 84 100
104 84 100
105 84 100
105 84 100
105 84 100
105 84 100
105 84 100
105 84 100
105 84 100
105 84 100
105 84 100
105 84 100
105 84 100
105 84 100
105 84 100
105 84 100
105 84 100
105 84 100
105 84 100
105 84 100
105 84 100
105 84 100
105 84 100
105 84 100
105 84 100
105 84 100
105 84 100
105 84 100
105 84 100
105 84 100
105 84 100
105 84 100
105 84 100
105 84 100
106 84 100
106 84 100
106 84 100
106 84 100
106 84 100
106 84 100
106 84 100
106 84 100
106 84 100
106 84 100
106 84 100
106 84 100
106 84 100
106 84 100
106 84 100
106 84 100
106 84 100
106 84 100
106 84 100
106 84 100
106 84 100
106 84 100
106 84 100
106 84 100
106 84 100
106 84 100
106 84 100
106 84 100
106 84 100
106 84 100
106 84 100
106 84 100
107 84 100
107 84 100
107 84 100
107 84 100
107 84 100
107 84 100
107 84 100
107 84 100
107 84 100
107 84 100
107 84 100
107 84 100
107 84 100
107 84 100
107 84 100
107 84 100
107 84 100
107 84 100
107 84 100
107 84 100
107 84 100
107 84 100
107 84 100
107 84 100
107 84 100
107 84 100
107 84 100
107 84 100
107 84 100
107 84 100
107 84 100
108 84 100
108 84 100
108 84 100
108 84 100
108 84 100
108 84 100
108 84 100
108 84 100
108 84 100
108 84 100
108 84 100
108 84 100
108 84 100
108 84 100
108 84 100
108 84 100
108 84 100
108 84 100
108 84 100
108 84 100
108 84 100
108 84 100
108 84 100
108 84 100
108 84 100
108 84 100
108 84 100
108 84 100
108 84 100
108 84 100
109 84 100
109 84 100
109 84 100
109 84 100
109 84 100
109 84 100
109 84 100
109 84 100
109 84 100
109 84 100
109 84 100
109 84 100
109 84 100
109 84 100
109 84 100
109 84 100
109 84 100
109 84 100
109 84 100
109 84 100
109 84 100
109 84 100
109 84 100
109 84 100
109 84 100
109 84 100
109 84 100
109 84 100
109 84 100
109 84 100
110 84 100
110 84 100
110 84 100
110 84 100
110 84 100
110 84 100
110 84 100
110 84 100
110 84 100
110 84 100
110 84 100
110 84 100
110 84 100
110 84 100
110 84 100
110 84 100
110 84 100
110 84 100
110 84 100
110 84 100
110 84 100
110 84 100
110 84 100
110 84 100
110 84 100
110 84 100
110 84 100
110 84 100
110 84 100
111 84 100
111 84 100
111 84 100
111 84 100
111 84 100
111 84 100
111 84 100
111 84 100
111 84 100
111 84 100
111 84 100
111 84 100
111 84 100
111 84 100
111 84 100
111 84 100
111 84 100
111 84 100
111 84 100
111 84 100
111 84 100
111 84 100
111 84 100
111 84 100
111 84 100
111 84 100
111 84 100
111 84 100
112 84 100
112 84 100
112 84 100
112 84 100
112 84 100
112 84 100
112 84 100
112 84 100
112 84 100
112 84 100
112 84 100
112 84 100
112 84 100
112 84 100
112 84 100
112 84 100
112 84 100
112 84 100
112 84 100
112 84 100
112 84 100
112 84 100
112 84 100
112 84 100
112 84 100
112 84 100
113 84 100
113 84 100
113 84 100
113 84 100
113 84 100
113 84 100
113 84 100
113 84 100
113 84 100
113 84 100
113 84 100
113 84 100
113 84 100
113 84 100
113 84 100
113 84 100
113 84 100
113 84 100
113 84 100
113 84 100
113 84 100
113 84 100
113 84 100
113 84 100
113 84 100
113 84 100
114 84 100
114 84 100
114 84 100
114 84 100
114 84 100
114 84 100
114 84 100
114 84 100
114 84 100
114 84 100
114 84 100
114 84 100
114 84 100
114 84 100
114 84 100
114 84 100
114 84 100
114 84 100
114 84 100
114 84 100
114 84 100
114 84 100
114 84 100
114 84 100
114 84 100
115 84 100
115 84 100
115 84 100
115 84 100
115 84 100
115 84 100
115 84 100
115 84 100
115 84 100
115 84 100
115 84 100
115 84 100
115 84 100
115 84 100
115 84 100
115 84 100
115 84 100
115 84 100
115 84 100
115 84 100
115 84 100
115 84 100
115 84 100
115 84 100
116 84 100
116 84 100
116 84 100
116 84 100
116 84 100
116 84 100
116 84 100
116 84 100
116 84 100
116 84 100
116 84 100
116 84 100
116 84 100
116 84 100
116 84 100
116 84 100
116 84 100
116 84 100
116 84 100
116 84 100
116 84 100
116 84 100
116 84 100
116 84 100
117 84 100
117 84 100
117 84 100
117 84 100
117 84 100
117 84 100
117 84 100
117 84 100
117 84 100
117 84 100
117 84 100
117 84 100
117 84 100
117 84 100
117 84 100
117 84 100
117 84 100
117 84 100
117 84 100
117 84 100
117 84 100
117 84 100
117 84 100
118 84 100
118 84 100
118 84 100
118 84 100
118 84 100
118 84 100
118 84 100
118 84 100
118 84 100
118 84 100
118 84 100
118 84 100
118 84 100
118 84 100
118 84 100
118 84 100
118 84 100
118 84 100
118 84 100
118 84 100
118 84 100
118 84 100
119 84 100
119 84 100
119 84 100
119 84 100
119 84 100
119 84 100
119 84 100
119 84 100
119 84 100
119 84 100
119 84 100
119 84 100
119 84 100
119 84 100
119 84 100
119 84 100
119 84 100
119 84 100
119 84 100
119 84 100
119 84 100
119 84 100
120 84 100
120 84 100
120 84 100
120 84 100
120 84 100
120 84 100
120 84 100
120 84 100
120 84 100
120 84 100
120 84 100
120 84 100
120 84 100
120 84 100
120 84 100
120 84 100
120 84 100
120 84 100
120 84 100
120 84 100
120 84 100
121 84 100
121 84 100
121 84 100
121 84 100
121 84 100
121 84 100
121 84 100
121 84 100
121 84 100
121 84 100
121 84 100
121 84 100
121 84 100
121 84 100
121 84 100
121 84 100
121 84 100
121 84 100
121 84 100
121 84 100
121 84 100
122 84 100
122 84 100
122 84 100
122 84 100
122 84 100
122 84 100
122 84 100
122 84 100
122 84 100
122 84 100
122 84 100
122 84 100
122 84 100
122 84 100
122 84 100
122 84 100
122 84 100
122 84 100
122 84 100
122 84 100
123 84 100
123 84 100
123 84 100
123 84 100
123 84 100
123 84 100
123 84 100
123 84 100
123 84 100
123 84 100
123 84 100
123 84 100
123 84 100
123 84 100
123 84 100
123 84 100
123 84 100
123 84 100
123 84 100
123 84 100
124 84 100
124 84 100
124 84 100
124 84 100
124 84 100
124 84 100
124 84 100
124 84 100
124 84 100
124 84 100
124 84 100
124 84 100
124 84 100
124 84 100
124 84 100
124 84 100
124 84 100
124 84 100
124 84 100
124 84 100
125 84 100
125 84 100
125 84 100
125 84 100
125 84 100
125 84 100
125 84 100
125 84 100
125 84 100
125 84 100
125 84 100
125 84 100
125 84 100
125 84 100
125 84 100
125 84 100
125 84 100
125 84 100
125 84 100
125 84 100
125 84 100
126 84 100
126 84 100
126 84 100
126 84 100
126 84 100
126 84 100
126 84 100
126 84 100
126 84 100
126 84 100
126 84 100
126 84 100
126 84 100
126 84 100
126 84 100
126 84 100
126 84 100
126 84 100
126 84 100
126 84 100
126 84 100
126 84 100
127 84 100
127 84 100
127 84 100
127 84 100
127 84 100
127 84 100
127 84 100
127 84 100
127 84 100
127 84 100
127 84 100
127 84 100
127 84 100
127 84 100
127 84 100
127 84 100
127 84 100
127 84 100
127 84 100
127 84 100
127 84 100
127 84 100
128 84 100
128 84 100
128 84 100
128 84 100
128 84 100
128 84 100
128 84 100
128 84 100
128 84 100
128 84 100
128 84 100
128 84 100
128 84 100
128 84 100
128 84 100
128 84 100
128 84 100
128 84 100
128 84 100
128 84 100
128 84 100
128 84 100
128 84 100
128 84 100
129 84 100
129 84 100
129 84 100
129 84 100
129 84 100
129 84 100
129 84 100
129 84 100
129 84 100
129 84 100
129 84 100
129 84 100
129 84 100
129 84 100
129 84 100
129 84 100
129 84 100
129 84 100
129 84 100
129 84 100
129 84 100
129 84 100
129 84 100
129 84 100
129 84 100
130 84 100
130 84 100
130 84 100
130 84 100
130 84 100
130 84 100
130 84 100
130 84 100
130 84 100
130 84 100
130 84 100
130 84 100
130 84 100
130 84 100
130 84 100
130 84 100
130 84 100
130 84 100
130 84 100
130 84 100
130 84 100
130 84 100
130 84 100
130 84 100
130 84 100
130 84 100
131 84 100
131 84 100
131 84 100
131 84 100
131 84 100
131 84 100
131 84 100
131 84 100
131 84 100
131 84 100
131 84 100
131 84 100
131 84 100
131 84 100
131 84 100
131 84 100
131 84 100
131 84 100
131 84 100
131 84 100
131 84 100
131 84 100
131 84 100
131 84 100
131 84 100
131 84 100
131 84 100
132 84 100
132 84 100
132 84 100
132 84 100
132 84 100
132 84 100
132 84 100
132 84 100
132 84 100
132 84 100
132 84 100
132 84 100
132 84 100
132 84 100
132 84 100
132 84 100
132 84 100
132 84 100
132 84 100
132 84 100
132 84 100
132 84 100
132 84 100
132 84 100
132 84 100
132 84 100
132 84 100
132 84 100
133 84 100
133 84 100
133 84 100
133 84 100
133 84 100
133 84 100
133 84 100
133 84 100
133 84 100
133 84 100
133 84 100
133 84 100
133 84 100
133 84 100
133 84 100
133 84 100
133 84 100
133 84 100
133 84 100
133 84 100
133 84 100
133 84 100
133 84 100
133 84 100
133 84 100
133 84 100
133 84 100
133 84 100
134 84 100
134 84 100
134 84 100
134 84 100
134 84 100
134 84 100
134 84 100
134 84 100
134 84 100
134 84 100
134 84 100
134 84 100
134 84 100
134 84 100
134 84 100
134 84 100
134 84 100
134 84 100
134 84 100
134 84 100
134 84 100
134 84 100
134 84 100
134 84 100
134 84 100
134 84 100
134 84 100
134 84 100
134 84 100
135 84 100
135 84 100
135 84 100
135 84 100
135 84 100
135 84 100
135 84 100
135 84 100
135 84 100
135 84 100
135 84 100
135 84 100
135 84 100
135 84 100
135 84 100
135 84 100
135 84 100
135 84 100
135 84 100
135 84 100
135 84 100
135 84 100
135 84 100
135 84 100
135 84 100
135 84 100
135 84 100
135 84 100
135 84 100
136 84 100
136 84 100
136 84 100
136 84 100
136 84 100
136 84 100
136 84 100
136 84 100
136 84 100
136 84 100
136 84 100
136 84 100
136 84 100
136 84 100
136 84 100
136 84 100
136 84 100
136 84 100
136 84 100
136 84 100
136 84 100
136 84 100
136 84 100
136 84 100
136 84 100
136 84 100
136 84 100
136 84 100
136 84 100
137 84 100
137 84 100
137 84 100
137 84 100
137 84 100
137 84 100
137 84 100
137 84 100
137 84 100
137 84 100
137 84 100
137 84 100
137 84 100
137 84 100
137 84 100
137 84 100
137 84 100
137 84 100
137 84 100
137 84 100
137 84 100
137 84 100
137 84 100
137 84 100
137 84 100
137 84 100
137 84 100
137 84 100
137 84 100
138 84 100
138 84 100
138 84 100
138 84 100
138 84 100
138 84 100
138 84 100
138 84 100
138 84 100
138 84 100
138 84 100
138 84 100
138 84 100
138 84 100
138 84 100
138 84 100
138 84 100
138 84 100
138 84 100
138 84 100
138 84 100
138 84 100
138 84 100
138 84 100
138 84 100
138 84 100
138 84 100
138 84 100
138 84 100
139 84 100
139 84 100
139 84 100
139 84 100
139 84 100
139 84 100
139 84 100
139 84 100
139 84 100
139 84 100
139 84 100
139 84 100
139 84 100
139 84 100
139 84 100
139 84 100
139 84 100
139 84 100
139 84 100
139 84 100
139 84 100
139 84 100
139 84 100
139 84 100
139 84 100
139 84 100
139 84 100
139 84 100
140 84 100
140 84 100
140 84 100
140 84 100
140 84 100
140 84 100
140 84 100
140 84 100
140 84 100
140 84 100
140 84 100
140 84 100
140 84 100
140 84 100
140 84 100
140 84 100
140 84 100
140 84 100
140 84 100
140 84 100
140 84 100
140 84 100
140 84 100
140 84 100
140 84 100
140 84 100
140 84 100
141 84 100
141 84 100
141 84 100
141 84 100
141 84 100
141 84 100
141 84 100
141 84 100
141 84 100
141 84 100
141 84 100
141 84 100
141 84 100
141 84 100
141 84 100
141 84 100
141 84 100
141 84 100
141 84 100
141 84 100
141 84 100
141 84 100
141 84 100
141 84 100
141 84 100
141 84 100
142 84 100
142 84 100
142 84 100
142 84 100
142 84 100
142 84 100
142 84 100
142 84 100
142 84 100
142 84 100
142 84 100
142 84 100
142 84 100
142 84 100
142 84 100
142 84 100
142 84 100
142 84 100
142 84 100
142 84 100
142 84 100
142 84 100
142 84 100
142 84 100
143 84 100
143 84 100
143 84 100
143 84 100
143 84 100
143 84 100
143 84 100
143 84 100
143 84 100
143 84 100
143 84 100
143 84 100
143 84 100
143 84 100
143 84 100
143 84 100
143 84 100
143 84 100
143 84 100
143 84 100
143 84 100
143 84 100
144 84 100
144 84 100
144 84 100
144 84 100
144 84 100
144 84 100
144 84 100
144 84 100
144 84 100
144 84 100
144 84 100
144 84 100
144 84 100
144 84 100
144 84 100
144 84 100
144 84 100
144 84 100
144 84 100
144 84 100
144 84 100
145 84 100
145 84 100
145 84 100
145 84 100
145 84 100
145 84 100
145 84 100
145 84 100
145 84 100
145 84 100
145 84 100
145 84 100
145 84 100
145 84 100
145 84 100
145 84 100
145 84 100
145 84 100
145 84 100
146 84 100
146 84 100
146 84 100
146 84 100
146 84 100
146 84 100
146 84 100
146 84 100
146 84 100
146 84 100
146 84 100
146 84 100
146 84 100
146 84 100
146 84 100
146 84 100
146 84 100
146 84 100
147 84 100
147 84 100
147 84 100
147 84 100
147 84 100
147 84 100
147 84 100
147 84 100
147 84 100
147 84 100
147 84 100
147 84 100
147 84 100
147 84 100
147 84 100
147 84 100
148 84 100
148 84 100
148 84 100
148 84 100
148 84 100
148 84 100
148 84 100
148 84 100
148 84 100
148 84 100
148 84 100
148 84 100
148 84 100
148 84 100
148 84 100
149 84 100
149 84 100
149 84 100
149 84 100
149 84 100
149 84 100
149 84 100
149 84 100
149 84 100
149 84 100
149 84 100
149 84 100
149 84 100
149 84 100
149 84 100
150 84 100
150 84 100
150 84 100
150 84 100
150 84 100
150 84 100
150 84 100
150 84 100
150 84 100
150 84 100
150 84 100
150 84 100
150 84 100
150 84 100
151 84 100
151 84 100
151 84 100
151 84 100
151 84 100
151 84 100
151 84 100
151 84 100
151 84 100
151 84 100
151 84 100
151 84 100
151 84 100
151 84 100
152 84 100
152 84 100
152 84 100
152 84 100
152 84 100
152 84 100
152 84 100
152 84 100
152 84 100
152 84 100
152 84 100
152 84 100
152 84 100
152 84 100
153 84 100
153 84 100
153 84 100
153 84 100
153 84 100
153 84 100
153 84 100
153 84 100
153 84 100
153 84 100
153 84 100
153 84 100
153 84 100
153 84 100
154 84 100
154 84 100
154 84 100
154 84 100
154 84 100
154 84 100
154 84 100
154 84 100
154 84 100
154 84 100
154 84 100
154 84 100
154 84 100
155 84 100
155 84 100
155 84 100
155 84 100
155 84 100
155 84 100
155 84 100
155 84 100
155 84 100
155 84 100
155 84 100
155 84 100
155 84 100
156 84 100
156 84 100
156 84 100
156 84 100
156 84 100
156 84 100
156 84 100
156 84 100
156 84 100
156 84 100
156 84 100
156 84 100
156 84 100
157 84 100
157 84 100
157 84 100
157 84 100
157 84 100
157 84 100
157 84 100
157 84 100
157 84 100
157 84 100
157 84 100
157 84 100
158 84 100
158 84 100
158 84 100
158 84 100
158 84 100
158 84 100
158 84 100
158 84 100
158 84 100
158 84 100
158 84 100
158 84 100
159 84 100
159 84 100
159 84 100
159 84 100
159 84 100
159 84 100
159 84 100
159 84 100
159 84 100
159 84 100
159 84 100
160 84 100
160 84 100
160 84 100
160 84 100
160 84 100
160 84 100
160 84 100
160 84 100
160 84 100
160 84 100
161 84 100
161 84 100
161 84 100
161 84 100
161 84 100
161 84 100
161 84 100
161 84 100
161 84 100
161 84 100
162 84 100
162 84 100
162 84 100
162 84 100
162 84 100
162 84 100
162 84 100
162 84 100
162 84 100
163 84 100
163 84 100
163 84 100
163 84 100
163 84 100
163 84 100
163 84 100
163 84 100
164 84 100
164 84 100
164 84 100
164 84 100
164 84 100
164 84 100
164 84 100
164 84 100
165 84 100
165 84 100
165 84 100
165 84 100
165 84 100
165 84 100
165 84 100
166 84 100
166 84 100
166 84 100
166 84 100
166 84 100
166 84 100
166 84 100
167 84 100
167 84 100
167 84 100
167 84 100
167 84 100
167 84 100
167 84 100
168 84 100
168 84 100
168 84 100
168 84 100
168 84 100
168 84 100
168 84 100
169 84 100
169 84 100
169 84 100
169 84 100
169 84 100
169 84 100
169 84 100
170 84 100
170 84 100
170 84 100
170 84 100
170 84 100
170 84 100
170 84 100
171 84 100
171 84 100
171 84 100
171 84 100
171 84 100
171 84 100
171 84 100
172 84 100
172 84 100
172 84 100
172 84 100
172 84 100
172 84 100
172 84 100
173 84 100
173 84 100
173 84 100
173 84 100
173 84 100
173 84 100
173 84 100
174 84 100
174 84 100
174 84 100
174 84 100
174 84 100
174 84 100
174 84 100
175 84 100
175 84 100
175 84 100
175 84 100
175 84 100
175 84 100
176 84 100
176 84 100
176 84 100
176 84 100
176 84 100
176 84 100
177 84 100
177 84 100
177 84 100
177 84 100
177 84 100
178 84 100
178 84 100
178 84 100
178 84 100
178 84 100
179 84 100
179 84 100
179 84 100
179 84 100
180 84 100
180 84 100
180 84 100
180 84 100
181 84 100
181 84 100
181 84 100
181 84 100
182 84 100
182 84 100
182 84 100
183 84 100
183 84 100
183 84 100
184 84 100
184 84 100
184 84 100
185 84 100
185 84 100
185 84 100
186 84 100
186 84 100
186 84 100
186 84 100
187 84 100
187 84 100
187 84 100
187 84 100
188 84 100
188 84 100
188 84 100
188 84 100
