# move from (168,16) to (118,72)
168 16 100
167 16 100
166 16 100
165 16 100
164 16 100
163 16 100
162 16 100
161 16 100
160 16 100
159 16 100
158 16 100
157 16 100
156 16 100
155 16 100
154 16 100
153 16 100
152 16 100
151 16 100
150 16 100
149 16 100
148 16 100
148 16 100
147 16 100
147 16 100
146 16 100
146 16 100
146 16 100
145 16 100
145 16 100
145 16 100
145 16 100
144 16 100
144 16 100
144 16 100
144 16 100
143 16 100
143 16 100
143 16 100
143 16 100
142 16 100
142 16 100
142 16 100
142 16 100
141 16 100
141 16 100
141 16 100
141 16 100
140 16 100
140 16 100
140 16 100
139 16 100
139 16 100
138 16 100
138 16 100
137 16 100
136 16 100
135 16 100
134 16 100
133 16 100
132 16 100
131 16 100
130 16 100
129 16 100
128 16 100
127 16 100
126 16 100
125 16 100
124 16 100
123 16 100
122 16 100
121 16 100
120 16 100
119 16 100
118 16 100
118 16 100
118 17 100
118 17 100
118 17 100
118 18 100
118 18 100
118 18 100
118 18 100
118 19 100
118 19 100
118 19 100
118 19 100
118 19 100
118 19 100
118 20 100
118 20 100
118 20 100
118 20 100
118 20 100
118 20 100
118 20 100
118 20 100
118 21 100
118 21 100
118 21 100
118 21 100
118 21 100
118 21 100
118 21 100
118 21 100
118 21 100
118 21 100
118 21 100
118 22 100
118 22 100
118 22 100
118 22 100
118 22 100
118 22 100
118 22 100
118 22 100
118 22 100
118 22 100
118 22 100
118 22 100
118 22 100
118 22 100
118 22 100
118 23 100
118 23 100
118 23 100
118 23 100
118 23 100
118 23 100
118 23 100
118 23 100
118 23 100
118 23 100
118 23 100
118 23 100
118 23 100
118 23 100
118 23 100
118 23 100
118 23 100
118 23 100
118 23 100
118 24 100
118 24 100
118 24 100
118 24 100
118 24 100
118 24 100
118 24 100
118 24 100
118 24 100
118 24 100
118 24 100
118 24 100
118 24 100
118 24 100
118 24 100
118 24 100
118 24 100
118 24 100
118 24 100
118 24 100
118 24 100
118 24 100
118 24 100
118 24 100
118 25 100
118 25 100
118 25 100
118 25 100
118 25 100
118 25 100
118 25 100
118 25 100
118 25 100
118 25 100
118 25 100
118 25 100
118 25 100
118 25 100
118 25 100
118 25 100
118 25 100
118 25 100
118 25 100
118 25 100
118 25 100
118 25 100
118 25 100
118 25 100
118 25 100
118 25 100
118 25 100
118 25 100
118 25 100
118 26 100
118 26 100
118 26 100
118 26 100
118 26 100
118 26 100
118 26 100
118 26 100
118 26 100
118 26 100
118 26 100
118 26 100
118 26 100
118 26 100
118 26 100
118 26 100
118 26 100
118 26 100
118 26 100
118 26 100
118 26 100
118 26 100
118 26 100
118 26 100
118 26 100
118 26 100
118 26 100
118 26 100
118 26 100
118 26 100
118 26 100
118 26 100
118 26 100
118 27 100
118 27 100
118 27 100
118 27 100
118 27 100
118 27 100
118 27 100
118 27 100
118 27 100
118 27 100
118 27 100
118 27 100
118 27 100
118 27 100
118 27 100
118 27 100
118 27 100
118 27 100
118 27 100
118 27 100
118 27 100
118 27 100
118 27 100
118 27 100
118 27 100
118 27 100
118 27 100
118 27 100
118 27 100
118 27 100
118 27 100
118 27 100
118 27 100
118 27 100
118 27 100
118 27 100
118 27 100
118 28 100
118 28 100
118 28 100
118 28 100
118 28 100
118 28 100
118 28 100
118 28 100
118 28 100
118 28 100
118 28 100
118 28 100
118 28 100
118 28 100
118 28 100
118 28 100
118 28 100
118 28 100
118 28 100
118 28 100
118 28 100
118 28 100
118 28 100
118 28 100
118 28 100
118 28 100
118 28 100
118 28 100
118 28 100
118 28 100
118 28 100
118 28 100
118 28 100
118 28 100
118 28 100
118 28 100
118 28 100
118 28 100
118 28 100
118 29 100
118 29 100
118 29 100
118 29 100
118 29 100
118 29 100
118 29 100
118 29 100
118 29 100
118 29 100
118 29 100
118 29 100
118 29 100
118 29 100
118 29 100
118 29 100
118 29 100
118 29 100
118 29 100
118 29 100
118 29 100
118 29 100
118 29 100
118 29 100
118 29 100
118 29 100
118 29 100
118 29 100
118 29 100
118 29 100
118 29 100
118 29 100
118 29 100
118 29 100
118 29 100
118 29 100
118 29 100
118 29 100
118 29 100
118 29 100
118 29 100
118 30 100
118 30 100
118 30 100
118 30 100
118 30 100
118 30 100
118 30 100
118 30 100
118 30 100
118 30 100
118 30 100
118 30 100
118 30 100
118 30 100
118 30 100
118 30 100
118 30 100
118 30 100
118 30 100
118 30 100
118 30 100
118 30 100
118 30 100
118 30 100
118 30 100
118 30 100
118 30 100
118 30 100
118 30 100
118 30 100
118 30 100
118 30 100
118 30 100
118 30 100
118 30 100
118 30 100
118 30 100
118 30 100
118 30 100
118 30 100
118 30 100
118 31 100
118 31 100
118 31 100
118 31 100
118 31 100
118 31 100
118 31 100
118 31 100
118 31 100
118 31 100
118 31 100
118 31 100
118 31 100
118 31 100
118 31 100
118 31 100
118 31 100
118 31 100
118 31 100
118 31 100
118 31 100
118 31 100
118 31 100
118 31 100
118 31 100
118 31 100
118 31 100
118 31 100
118 31 100
118 31 100
118 31 100
118 31 100
118 31 100
118 31 100
118 31 100
118 31 100
118 31 100
118 31 100
118 31 100
118 31 100
118 31 100
118 31 100
118 32 100
118 32 100
118 32 100
118 32 100
118 32 100
118 32 100
118 32 100
118 32 100
118 32 100
118 32 100
118 32 100
118 32 100
118 32 100
118 32 100
118 32 100
118 32 100
118 32 100
118 32 100
118 32 100
118 32 100
118 32 100
118 32 100
118 32 100
118 32 100
118 32 100
118 32 100
118 32 100
118 32 100
118 32 100
118 32 100
118 32 100
118 32 100
118 32 100
118 32 100
118 32 100
118 32 100
118 32 100
118 32 100
118 32 100
118 32 100
118 33 100
118 33 100
118 33 100
118 33 100
118 33 100
118 33 100
118 33 100
118 33 100
118 33 100
118 33 100
118 33 100
118 33 100
118 33 100
118 33 100
118 33 100
118 33 100
118 33 100
118 33 100
118 33 100
118 33 100
118 33 100
118 33 100
118 33 100
118 33 100
118 33 100
118 33 100
118 33 100
118 33 100
118 33 100
118 33 100
118 33 100
118 33 100
118 33 100
118 33 100
118 33 100
118 33 100
118 33 100
118 33 100
118 33 100
118 34 100
118 34 100
118 34 100
118 34 100
118 34 100
118 34 100
118 34 100
118 34 100
118 34 100
118 34 100
118 34 100
118 34 100
118 34 100
118 34 100
118 34 100
118 34 100
118 34 100
118 34 100
118 34 100
118 34 100
118 34 100
118 34 100
118 34 100
118 34 100
118 34 100
118 34 100
118 34 100
118 34 100
118 34 100
118 34 100
118 34 100
118 34 100
118 34 100
118 34 100
118 34 100
118 34 100
118 34 100
118 34 100
118 35 100
118 35 100
118 35 100
118 35 100
118 35 100
118 35 100
118 35 100
118 35 100
118 35 100
118 35 100
118 35 100
118 35 100
118 35 100
118 35 100
118 35 100
118 35 100
118 35 100
118 35 100
118 35 100
118 35 100
118 35 100
118 35 100
118 35 100
118 35 100
118 35 100
118 35 100
118 35 100
118 35 100
118 35 100
118 35 100
118 35 100
118 35 100
118 35 100
118 35 100
118 35 100
118 36 100
118 36 100
118 36 100
118 36 100
118 36 100
118 36 100
118 36 100
118 36 100
118 36 100
118 36 100
118 36 100
118 36 100
118 36 100
118 36 100
118 36 100
118 36 100
118 36 100
118 36 100
118 36 100
118 36 100
118 36 100
118 36 100
118 36 100
118 36 100
118 36 100
118 36 100
118 36 100
118 36 100
118 36 100
118 36 100
118 36 100
118 36 100
118 36 100
118 37 100
118 37 100
118 37 100
118 37 100
118 37 100
118 37 100
118 37 100
118 37 100
118 37 100
118 37 100
118 37 100
118 37 100
118 37 100
118 37 100
118 37 100
118 37 100
118 37 100
118 37 100
118 37 100
118 37 100
118 37 100
118 37 100
118 37 100
118 37 100
118 37 100
118 37 100
118 37 100
118 37 100
118 37 100
118 37 100
118 38 100
118 38 100
118 38 100
118 38 100
118 38 100
118 38 100
118 38 100
118 38 100
118 38 100
118 38 100
118 38 100
118 38 100
118 38 100
118 38 100
118 38 100
118 38 100
118 38 100
118 38 100
118 38 100
118 38 100
118 38 100
118 38 100
118 38 100
118 38 100
118 38 100
118 38 100
118 38 100
118 39 100
118 39 100
118 39 100
118 39 100
118 39 100
118 39 100
118 39 100
118 39 100
118 39 100
118 39 100
118 39 100
118 39 100
118 39 100
118 39 100
118 39 100
118 39 100
118 39 100
118 39 100
118 39 100
118 39 100
118 39 100
118 39 100
118 39 100
118 40 100
118 40 100
118 40 100
118 40 100
118 40 100
118 40 100
118 40 100
118 40 100
118 40 100
118 40 100
118 40 100
118 40 100
118 40 100
118 40 100
118 40 100
118 40 100
118 40 100
118 40 100
118 40 100
118 40 100
118 41 100
118 41 100
118 41 100
118 41 100
118 41 100
118 41 100
118 41 100
118 41 100
118 41 100
118 41 100
118 41 100
118 41 100
118 41 100
118 41 100
118 41 100
118 41 100
118 41 100
118 42 100
118 42 100
118 42 100
118 42 100
118 42 100
118 42 100
118 42 100
118 42 100
118 42 100
118 42 100
118 42 100
118 42 100
118 42 100
118 42 100
118 43 100
118 43 100
118 43 100
118 43 100
118 43 100
118 43 100
118 43 100
118 43 100
118 43 100
118 43 100
118 43 100
118 43 100
118 44 100
118 44 100
118 44 100
118 44 100
118 44 100
118 44 100
118 44 100
118 44 100
118 44 100
118 44 100
118 45 100
118 45 100
118 45 100
118 45 100
118 45 100
118 45 100
118 45 100
118 45 100
118 46 100
118 46 100
118 46 100
118 46 100
118 46 100
118 46 100
118 46 100
118 47 100
118 47 100
118 47 100
118 47 100
118 47 100
118 48 100
118 48 100
118 48 100
118 48 100
118 49 100
118 49 100
118 49 100
118 50 100
118 50 100
118 51 100
118 52 100
118 53 100
118 54 100
118 55 100
118 56 100
118 57 100
118 58 100
118 59 100
118 60 100
118 61 100
118 62 100
118 63 100
118 64 100
118 65 100
118 66 100
118 67 100
118 68 100
118 69 100
118 70 100
118 71 100
118 72 100
