# move from (2,20) to (63,154)
2 20 100
3 20 100
4 20 100
5 20 100
6 20 100
7 20 100
8 20 100
9 20 100
10 20 100
11 20 100
12 20 100
13 20 100
14 20 100
15 20 100
16 20 100
17 20 100
17 20 100
18 20 100
18 20 100
18 20 100
18 20 100
19 20 100
19 20 100
19 20 100
19 20 100
19 20 100
19 20 100
20 20 100
20 20 100
20 20 100
20 20 100
20 20 100
20 20 100
20 20 100
20 20 100
20 20 100
20 20 100
20 20 100
21 20 100
21 20 100
21 20 100
21 20 100
21 20 100
21 20 100
21 20 100
21 20 100
21 20 100
21 20 100
21 20 100
21 20 100
21 20 100
21 20 100
21 20 100
21 20 100
22 20 100
22 20 100
22 20 100
22 20 100
22 20 100
22 20 100
22 20 100
22 20 100
22 20 100
22 20 100
22 20 100
22 20 100
22 20 100
22 20 100
22 20 100
22 20 100
22 20 100
22 20 100
22 20 100
22 20 100
22 20 100
23 20 100
23 20 100
23 20 100
23 20 100
23 20 100
23 20 100
23 20 100
23 20 100
23 20 100
23 20 100
23 20 100
23 20 100
23 20 100
23 20 100
23 20 100
23 20 100
23 20 100
23 20 100
23 20 100
23 20 100
23 20 100
23 20 100
23 20 100
23 20 100
23 20 100
23 20 100
24 20 100
24 20 100
24 20 100
24 20 100
24 20 100
24 20 100
24 20 100
24 20 100
24 20 100
24 20 100
24 20 100
24 20 100
24 20 100
24 20 100
24 20 100
24 20 100
24 20 100
24 20 100
24 20 100
24 20 100
24 20 100
24 20 100
24 20 100
24 20 100
24 20 100
24 20 100
24 20 100
24 20 100
24 20 100
24 20 100
25 20 100
25 20 100
25 20 100
25 20 100
25 20 100
25 20 100
25 20 100
25 20 100
25 20 100
25 20 100
25 20 100
25 20 100
25 20 100
25 20 100
25 20 100
25 20 100
25 20 100
25 20 100
25 20 100
25 20 100
25 20 100
25 20 100
25 20 100
25 20 100
25 20 100
25 20 100
25 20 100
25 20 100
25 20 100
25 20 100
25 20 100
25 20 100
26 20 100
26 20 100
26 20 100
26 20 100
26 20 100
26 20 100
26 20 100
26 20 100
26 20 100
26 20 100
26 20 100
26 20 100
26 20 100
26 20 100
26 20 100
26 20 100
26 20 100
26 20 100
26 20 100
26 20 100
26 20 100
26 20 100
26 20 100
26 20 100
26 20 100
26 20 100
26 20 100
26 20 100
26 20 100
26 20 100
26 20 100
26 20 100
26 20 100
26 20 100
27 20 100
27 20 100
27 20 100
27 20 100
27 20 100
27 20 100
27 20 100
27 20 100
27 20 100
27 20 100
27 20 100
27 20 100
27 20 100
27 20 100
27 20 100
27 20 100
27 20 100
27 20 100
27 20 100
27 20 100
27 20 100
27 20 100
27 20 100
27 20 100
27 20 100
27 20 100
27 20 100
27 20 100
27 20 100
27 20 100
27 20 100
27 20 100
27 20 100
27 20 100
28 20 100
28 20 100
28 20 100
28 20 100
28 20 100
28 20 100
28 20 100
28 20 100
28 20 100
28 20 100
28 20 100
28 20 100
28 20 100
28 20 100
28 20 100
28 20 100
28 20 100
28 20 100
28 20 100
28 20 100
28 20 100
28 20 100
28 20 100
28 20 100
28 20 100
28 20 100
28 20 100
28 20 100
28 20 100
28 20 100
28 20 100
28 20 100
28 20 100
28 20 100
29 20 100
29 20 100
29 20 100
29 20 100
29 20 100
29 20 100
29 20 100
29 20 100
29 20 100
29 20 100
29 20 100
29 20 100
29 20 100
29 20 100
29 20 100
29 20 100
29 20 100
29 20 100
29 20 100
29 20 100
29 20 100
29 20 100
29 20 100
29 20 100
29 20 100
29 20 100
29 20 100
29 20 100
29 20 100
29 20 100
29 20 100
29 20 100
29 20 100
30 20 100
30 20 100
30 20 100
30 20 100
30 20 100
30 20 100
30 20 100
30 20 100
30 20 100
30 20 100
30 20 100
30 20 100
30 20 100
30 20 100
30 20 100
30 20 100
30 20 100
30 20 100
30 20 100
30 20 100
30 20 100
30 20 100
30 20 100
30 20 100
30 20 100
30 20 100
30 20 100
30 20 100
30 20 100
30 20 100
30 20 100
30 20 100
31 20 100
31 20 100
31 20 100
31 20 100
31 20 100
31 20 100
31 20 100
31 20 100
31 20 100
31 20 100
31 20 100
31 20 100
31 20 100
31 20 100
31 20 100
31 20 100
31 20 100
31 20 100
31 20 100
31 20 100
31 20 100
31 20 100
31 20 100
31 20 100
31 20 100
31 20 100
31 20 100
31 20 100
31 20 100
31 20 100
31 20 100
32 20 100
32 20 100
32 20 100
32 20 100
32 20 100
32 20 100
32 20 100
32 20 100
32 20 100
32 20 100
32 20 100
32 20 100
32 20 100
32 20 100
32 20 100
32 20 100
32 20 100
32 20 100
32 20 100
32 20 100
32 20 100
32 20 100
32 20 100
32 20 100
32 20 100
32 20 100
32 20 100
32 20 100
32 20 100
33 20 100
33 20 100
33 20 100
33 20 100
33 20 100
33 20 100
33 20 100
33 20 100
33 20 100
33 20 100
33 20 100
33 20 100
33 20 100
33 20 100
33 20 100
33 20 100
33 20 100
33 20 100
33 20 100
33 20 100
33 20 100
33 20 100
33 20 100
33 20 100
33 20 100
33 20 100
33 20 100
33 20 100
34 20 100
34 20 100
34 20 100
34 20 100
34 20 100
34 20 100
34 20 100
34 20 100
34 20 100
34 20 100
34 20 100
34 20 100
34 20 100
34 20 100
34 20 100
34 20 100
34 20 100
34 20 100
34 20 100
34 20 100
34 20 100
34 20 100
34 20 100
34 20 100
34 20 100
34 20 100
34 20 100
35 20 100
35 20 100
35 20 100
35 20 100
35 20 100
35 20 100
35 20 100
35 20 100
35 20 100
35 20 100
35 20 100
35 20 100
35 20 100
35 20 100
35 20 100
35 20 100
35 20 100
35 20 100
35 20 100
35 20 100
35 20 100
35 20 100
35 20 100
35 20 100
35 20 100
35 20 100
35 20 100
36 20 100
36 20 100
36 20 100
36 20 100
36 20 100
36 20 100
36 20 100
36 20 100
36 20 100
36 20 100
36 20 100
36 20 100
36 20 100
36 20 100
36 20 100
36 20 100
36 20 100
36 20 100
36 20 100
36 20 100
36 20 100
36 20 100
36 20 100
36 20 100
36 20 100
36 20 100
36 20 100
37 20 100
37 20 100
37 20 100
37 20 100
37 20 100
37 20 100
37 20 100
37 20 100
37 20 100
37 20 100
37 20 100
37 20 100
37 20 100
37 20 100
37 20 100
37 20 100
37 20 100
37 20 100
37 20 100
37 20 100
37 20 100
37 20 100
37 20 100
37 20 100
37 20 100
37 20 100
38 20 100
38 20 100
38 20 100
38 20 100
38 20 100
38 20 100
38 20 100
38 20 100
38 20 100
38 20 100
38 20 100
38 20 100
38 20 100
38 20 100
38 20 100
38 20 100
38 20 100
38 20 100
38 20 100
38 20 100
38 20 100
38 20 100
38 20 100
38 20 100
38 20 100
38 20 100
38 20 100
39 20 100
39 20 100
39 20 100
39 20 100
39 20 100
39 20 100
39 20 100
39 20 100
39 20 100
39 20 100
39 20 100
39 20 100
39 20 100
39 20 100
39 20 100
39 20 100
39 20 100
39 20 100
39 20 100
39 20 100
39 20 100
39 20 100
39 20 100
39 20 100
39 20 100
39 20 100
39 20 100
40 20 100
40 20 100
40 20 100
40 20 100
40 20 100
40 20 100
40 20 100
40 20 100
40 20 100
40 20 100
40 20 100
40 20 100
40 20 100
40 20 100
40 20 100
40 20 100
40 20 100
40 20 100
40 20 100
40 20 100
40 20 100
40 20 100
40 20 100
40 20 100
40 20 100
40 20 100
41 20 100
41 20 100
41 20 100
41 20 100
41 20 100
41 20 100
41 20 100
41 20 100
41 20 100
41 20 100
41 20 100
41 20 100
41 20 100
41 20 100
41 20 100
41 20 100
41 20 100
41 20 100
41 20 100
41 20 100
41 20 100
41 20 100
41 20 100
41 20 100
41 20 100
41 20 100
42 20 100
42 20 100
42 20 100
42 20 100
42 20 100
42 20 100
42 20 100
42 20 100
42 20 100
42 20 100
42 20 100
42 20 100
42 20 100
42 20 100
42 20 100
42 20 100
42 20 100
42 20 100
42 20 100
42 20 100
42 20 100
42 20 100
42 20 100
42 20 100
42 20 100
42 20 100
43 20 100
43 20 100
43 20 100
43 20 100
43 20 100
43 20 100
43 20 100
43 20 100
43 20 100
43 20 100
43 20 100
43 20 100
43 20 100
43 20 100
43 20 100
43 20 100
43 20 100
43 20 100
43 20 100
43 20 100
43 20 100
43 20 100
43 20 100
43 20 100
43 20 100
44 20 100
44 20 100
44 20 100
44 20 100
44 20 100
44 20 100
44 20 100
44 20 100
44 20 100
44 20 100
44 20 100
44 20 100
44 20 100
44 20 100
44 20 100
44 20 100
44 20 100
44 20 100
44 20 100
44 20 100
44 20 100
44 20 100
44 20 100
44 20 100
45 20 100
45 20 100
45 20 100
45 20 100
45 20 100
45 20 100
45 20 100
45 20 100
45 20 100
45 20 100
45 20 100
45 20 100
45 20 100
45 20 100
45 20 100
45 20 100
45 20 100
45 20 100
45 20 100
45 20 100
45 20 100
45 20 100
46 20 100
46 20 100
46 20 100
46 20 100
46 20 100
46 20 100
46 20 100
46 20 100
46 20 100
46 20 100
46 20 100
46 20 100
46 20 100
46 20 100
46 20 100
46 20 100
46 20 100
46 20 100
46 20 100
46 20 100
46 20 100
47 20 100
47 20 100
47 20 100
47 20 100
47 20 100
47 20 100
47 20 100
47 20 100
47 20 100
47 20 100
47 20 100
47 20 100
47 20 100
47 20 100
47 20 100
47 20 100
47 20 100
47 20 100
47 20 100
48 20 100
48 20 100
48 20 100
48 20 100
48 20 100
48 20 100
48 20 100
48 20 100
48 20 100
48 20 100
48 20 100
48 20 100
48 20 100
48 20 100
48 20 100
48 20 100
48 20 100
49 20 100
49 20 100
49 20 100
49 20 100
49 20 100
49 20 100
49 20 100
49 20 100
49 20 100
49 20 100
49 20 100
49 20 100
49 20 100
49 20 100
49 20 100
50 20 100
50 20 100
50 20 100
50 20 100
50 20 100
50 20 100
50 20 100
50 20 100
50 20 100
50 20 100
50 20 100
50 20 100
50 20 100
51 20 100
51 20 100
51 20 100
51 20 100
51 20 100
51 20 100
51 20 100
51 20 100
51 20 100
51 20 100
51 20 100
51 20 100
52 20 100
52 20 100
52 20 100
52 20 100
52 20 100
52 20 100
52 20 100
52 20 100
52 20 100
52 20 100
52 20 100
53 20 100
53 20 100
53 20 100
53 20 100
53 20 100
53 20 100
53 20 100
53 20 100
53 20 100
54 20 100
54 20 100
54 20 100
54 20 100
54 20 100
54 20 100
54 20 100
54 20 100
54 20 100
55 20 100
55 20 100
55 20 100
55 20 100
55 20 100
55 20 100
55 20 100
55 20 100
56 20 100
56 20 100
56 20 100
56 20 100
56 20 100
56 20 100
56 20 100
57 20 100
57 20 100
57 20 100
57 20 100
57 20 100
57 20 100
58 20 100
58 20 100
58 20 100
58 20 100
58 20 100
59 20 100
59 20 100
59 20 100
59 20 100
59 20 100
60 20 100
60 20 100
60 20 100
60 20 100
61 20 100
61 20 100
61 20 100
62 20 100
62 20 100
62 20 100
63 20 100
63 20 100
63 21 100
63 21 100
63 22 100
63 22 100
63 23 100
63 23 100
63 23 100
63 24 100
63 24 100
63 25 100
63 25 100
63 26 100
63 26 100
63 27 100
63 27 100
63 28 100
63 29 100
63 30 100
63 31 100
63 32 100
63 33 100
63 34 100
63 35 100
63 36 100
63 37 100
63 38 100
63 39 100
63 40 100
63 41 100
63 42 100
63 43 100
63 44 100
63 45 100
63 46 100
63 47 100
63 48 100
63 49 100
63 50 100
63 51 100
63 52 100
63 53 100
63 54 100
63 54 100
63 55 100
63 55 100
63 56 100
63 56 100
63 57 100
63 57 100
63 57 100
63 58 100
63 58 100
63 58 100
63 59 100
63 59 100
63 59 100
63 59 100
63 60 100
63 60 100
63 60 100
63 60 100
63 60 100
63 61 100
63 61 100
63 61 100
63 61 100
63 61 100
63 62 100
63 62 100
63 62 100
63 62 100
63 62 100
63 62 100
63 63 100
63 63 100
63 63 100
63 63 100
63 63 100
63 63 100
63 63 100
63 64 100
63 64 100
63 64 100
63 64 100
63 64 100
63 64 100
63 64 100
63 65 100
63 65 100
63 65 100
63 65 100
63 65 100
63 65 100
63 65 100
63 65 100
63 66 100
63 66 100
63 66 100
63 66 100
63 66 100
63 66 100
63 66 100
63 66 100
63 67 100
63 67 100
63 67 100
63 67 100
63 67 100
63 67 100
63 67 100
63 67 100
63 68 100
63 68 100
63 68 100
63 68 100
63 68 100
63 68 100
63 68 100
63 68 100
63 69 100
63 69 100
63 69 100
63 69 100
63 69 100
63 69 100
63 69 100
63 70 100
63 70 100
63 70 100
63 70 100
63 70 100
63 70 100
63 71 100
63 71 100
63 71 100
63 71 100
63 71 100
63 71 100
63 72 100
63 72 100
63 72 100
63 72 100
63 72 100
63 73 100
63 73 100
63 73 100
63 73 100
63 74 100
63 74 100
63 74 100
63 74 100
63 75 100
63 75 100
63 75 100
63 76 100
63 76 100
63 76 100
63 77 100
63 77 100
63 78 100
63 78 100
63 79 100
63 79 100
63 80 100
63 80 100
63 80 100
63 81 100
63 81 100
63 81 100
63 82 100
63 82 100
63 82 100
63 82 100
63 83 100
63 83 100
63 83 100
63 83 100
63 83 100
63 84 100
63 84 100
63 84 100
63 84 100
63 84 100
63 84 100
63 84 100
63 85 100
63 85 100
63 85 100
63 85 100
63 85 100
63 85 100
63 85 100
63 85 100
63 85 100
63 85 100
63 86 100
63 86 100
63 86 100
63 86 100
63 86 100
63 86 100
63 86 100
63 86 100
63 86 100
63 86 100
63 86 100
63 86 100
63 87 100
63 87 100
63 87 100
63 87 100
63 87 100
63 87 100
63 87 100
63 87 100
63 87 100
63 87 100
63 87 100
63 87 100
63 87 100
63 87 100
63 87 100
63 88 100
63 88 100
63 88 100
63 88 100
63 88 100
63 88 100
63 88 100
63 88 100
63 88 100
63 88 100
63 88 100
63 88 100
63 88 100
63 88 100
63 88 100
63 88 100
63 88 100
63 88 100
63 89 100
63 89 100
63 89 100
63 89 100
63 89 100
63 89 100
63 89 100
63 89 100
63 89 100
63 89 100
63 89 100
63 89 100
63 89 100
63 89 100
63 89 100
63 89 100
63 89 100
63 89 100
63 89 100
63 90 100
63 90 100
63 90 100
63 90 100
63 90 100
63 90 100
63 90 100
63 90 100
63 90 100
63 90 100
63 90 100
63 90 100
63 90 100
63 90 100
63 90 100
63 90 100
63 90 100
63 90 100
63 90 100
63 91 100
63 91 100
63 91 100
63 91 100
63 91 100
63 91 100
63 91 100
63 91 100
63 91 100
63 91 100
63 91 100
63 91 100
63 91 100
63 91 100
63 91 100
63 91 100
63 91 100
63 91 100
63 92 100
63 92 100
63 92 100
63 92 100
63 92 100
63 92 100
63 92 100
63 92 100
63 92 100
63 92 100
63 92 100
63 92 100
63 92 100
63 92 100
63 92 100
63 92 100
63 93 100
63 93 100
63 93 100
63 93 100
63 93 100
63 93 100
63 93 100
63 93 100
63 93 100
63 93 100
63 93 100
63 93 100
63 93 100
63 94 100
63 94 100
63 94 100
63 94 100
63 94 100
63 94 100
63 94 100
63 94 100
63 94 100
63 94 100
63 95 100
63 95 100
63 95 100
63 95 100
63 95 100
63 95 100
63 95 100
63 96 100
63 96 100
63 96 100
63 96 100
63 96 100
63 97 100
63 97 100
63 97 100
63 98 100
63 98 100
63 99 100
63 99 100
63 100 100
63 101 100
63 102 100
63 103 100
63 104 100
63 105 100
63 106 100
63 107 100
63 108 100
63 109 100
63 110 100
63 111 100
63 112 100
63 113 100
63 114 100
63 114 100
63 115 100
63 115 100
63 116 100
63 116 100
63 116 100
63 117 100
63 117 100
63 117 100
63 117 100
63 118 100
63 118 100
63 118 100
63 118 100
63 118 100
63 118 100
63 119 100
63 119 100
63 119 100
63 119 100
63 119 100
63 119 100
63 119 100
63 119 100
63 120 100
63 120 100
63 120 100
63 120 100
63 120 100
63 120 100
63 120 100
63 120 100
63 120 100
63 120 100
63 120 100
63 121 100
63 121 100
63 121 100
63 121 100
63 121 100
63 121 100
63 121 100
63 121 100
63 121 100
63 121 100
63 121 100
63 121 100
63 121 100
63 121 100
63 121 100
63 122 100
63 122 100
63 122 100
63 122 100
63 122 100
63 122 100
63 122 100
63 122 100
63 122 100
63 122 100
63 122 100
63 122 100
63 122 100
63 122 100
63 122 100
63 122 100
63 122 100
63 122 100
63 122 100
63 122 100
63 123 100
63 123 100
63 123 100
63 123 100
63 123 100
63 123 100
63 123 100
63 123 100
63 123 100
63 123 100
63 123 100
63 123 100
63 123 100
63 123 100
63 123 100
63 123 100
63 123 100
63 123 100
63 123 100
63 123 100
63 123 100
63 123 100
63 123 100
63 123 100
63 123 100
63 124 100
63 124 100
63 124 100
63 124 100
63 124 100
63 124 100
63 124 100
63 124 100
63 124 100
63 124 100
63 124 100
63 124 100
63 124 100
63 124 100
63 124 100
63 124 100
63 124 100
63 124 100
63 124 100
63 124 100
63 124 100
63 124 100
63 124 100
63 124 100
63 124 100
63 124 100
63 124 100
63 124 100
63 124 100
63 125 100
63 125 100
63 125 100
63 125 100
63 125 100
63 125 100
63 125 100
63 125 100
63 125 100
63 125 100
63 125 100
63 125 100
63 125 100
63 125 100
63 125 100
63 125 100
63 125 100
63 125 100
63 125 100
63 125 100
63 125 100
63 125 100
63 125 100
63 125 100
63 125 100
63 125 100
63 125 100
63 125 100
63 125 100
63 125 100
63 125 100
63 125 100
63 125 100
63 126 100
63 126 100
63 126 100
63 126 100
63 126 100
63 126 100
63 126 100
63 126 100
63 126 100
63 126 100
63 126 100
63 126 100
63 126 100
63 126 100
63 126 100
63 126 100
63 126 100
63 126 100
63 126 100
63 126 100
63 126 100
63 126 100
63 126 100
63 126 100
63 126 100
63 126 100
63 126 100
63 126 100
63 126 100
63 126 100
63 126 100
63 126 100
63 126 100
63 126 100
63 126 100
63 126 100
63 127 100
63 127 100
63 127 100
63 127 100
63 127 100
63 127 100
63 127 100
63 127 100
63 127 100
63 127 100
63 127 100
63 127 100
63 127 100
63 127 100
63 127 100
63 127 100
63 127 100
63 127 100
63 127 100
63 127 100
63 127 100
63 127 100
63 127 100
63 127 100
63 127 100
63 127 100
63 127 100
63 127 100
63 127 100
63 127 100
63 127 100
63 127 100
63 127 100
63 127 100
63 127 100
63 127 100
63 127 100
63 128 100
63 128 100
63 128 100
63 128 100
63 128 100
63 128 100
63 128 100
63 128 100
63 128 100
63 128 100
63 128 100
63 128 100
63 128 100
63 128 100
63 128 100
63 128 100
63 128 100
63 128 100
63 128 100
63 128 100
63 128 100
63 128 100
63 128 100
63 128 100
63 128 100
63 128 100
63 128 100
63 128 100
63 128 100
63 128 100
63 128 100
63 128 100
63 128 100
63 128 100
63 128 100
63 128 100
63 128 100
63 129 100
63 129 100
63 129 100
63 129 100
63 129 100
63 129 100
63 129 100
63 129 100
63 129 100
63 129 100
63 129 100
63 129 100
63 129 100
63 129 100
63 129 100
63 129 100
63 129 100
63 129 100
63 129 100
63 129 100
63 129 100
63 129 100
63 129 100
63 129 100
63 129 100
63 129 100
63 129 100
63 129 100
63 129 100
63 129 100
63 129 100
63 129 100
63 129 100
63 129 100
63 129 100
63 129 100
63 130 100
63 130 100
63 130 100
63 130 100
63 130 100
63 130 100
63 130 100
63 130 100
63 130 100
63 130 100
63 130 100
63 130 100
63 130 100
63 130 100
63 130 100
63 130 100
63 130 100
63 130 100
63 130 100
63 130 100
63 130 100
63 130 100
63 130 100
63 130 100
63 130 100
63 130 100
63 130 100
63 130 100
63 130 100
63 130 100
63 130 100
63 130 100
63 130 100
63 130 100
63 131 100
63 131 100
63 131 100
63 131 100
63 131 100
63 131 100
63 131 100
63 131 100
63 131 100
63 131 100
63 131 100
63 131 100
63 131 100
63 131 100
63 131 100
63 131 100
63 131 100
63 131 100
63 131 100
63 131 100
63 131 100
63 131 100
63 131 100
63 131 100
63 131 100
63 131 100
63 131 100
63 131 100
63 131 100
63 131 100
63 132 100
63 132 100
63 132 100
63 132 100
63 132 100
63 132 100
63 132 100
63 132 100
63 132 100
63 132 100
63 132 100
63 132 100
63 132 100
63 132 100
63 132 100
63 132 100
63 132 100
63 132 100
63 132 100
63 132 100
63 132 100
63 132 100
63 132 100
63 132 100
63 132 100
63 132 100
63 133 100
63 133 100
63 133 100
63 133 100
63 133 100
63 133 100
63 133 100
63 133 100
63 133 100
63 133 100
63 133 100
63 133 100
63 133 100
63 133 100
63 133 100
63 133 100
63 133 100
63 133 100
63 133 100
63 133 100
63 133 100
63 134 100
63 134 100
63 134 100
63 134 100
63 134 100
63 134 100
63 134 100
63 134 100
63 134 100
63 134 100
63 134 100
63 134 100
63 134 100
63 134 100
63 134 100
63 134 100
63 135 100
63 135 100
63 135 100
63 135 100
63 135 100
63 135 100
63 135 100
63 135 100
63 135 100
63 135 100
63 135 100
63 135 100
63 136 100
63 136 100
63 136 100
63 136 100
63 136 100
63 136 100
63 136 100
63 136 100
63 137 100
63 137 100
63 137 100
63 137 100
63 137 100
63 137 100
63 138 100
63 138 100
63 138 100
63 138 100
63 139 100
63 139 100
63 140 100
63 140 100
63 141 100
63 142 100
63 143 100
63 144 100
63 145 100
63 146 100
63 147 100
63 148 100
63 149 100
63 150 100
63 151 100
63 152 100
63 153 100
63 154 100
# move from (192,54) to (63,154)
192 54 100
191 54 100
190 54 100
189 54 100
188 54 100
187 54 100
186 54 100
185 54 100
184 54 100
183 54 100
182 54 100
181 54 100
180 54 100
179 54 100
178 54 100
177 54 100
176 54 100
175 54 100
174 54 100
173 54 100
172 54 100
171 54 100
170 54 100
169 54 100
168 54 100
167 54 100
166 54 100
165 54 100
164 54 100
164 54 100
163 54 100
163 54 100
162 54 100
162 54 100
162 54 100
161 54 100
161 54 100
161 54 100
161 54 100
160 54 100
160 54 100
160 54 100
160 54 100
160 54 100
159 54 100
159 54 100
159 54 100
159 54 100
159 54 100
159 54 100
159 54 100
158 54 100
158 54 100
158 54 100
158 54 100
158 54 100
158 54 100
158 54 100
158 54 100
158 54 100
157 54 100
157 54 100
157 54 100
157 54 100
157 54 100
157 54 100
157 54 100
157 54 100
157 54 100
157 54 100
157 54 100
157 54 100
156 54 100
156 54 100
156 54 100
156 54 100
156 54 100
156 54 100
156 54 100
156 54 100
156 54 100
156 54 100
156 54 100
156 54 100
156 54 100
156 54 100
156 54 100
155 54 100
155 54 100
155 54 100
155 54 100
155 54 100
155 54 100
155 54 100
155 54 100
155 54 100
155 54 100
155 54 100
155 54 100
155 54 100
155 54 100
155 54 100
155 54 100
155 54 100
155 54 100
154 54 100
154 54 100
154 54 100
154 54 100
154 54 100
154 54 100
154 54 100
154 54 100
154 54 100
154 54 100
154 54 100
154 54 100
154 54 100
154 54 100
154 54 100
154 54 100
154 54 100
154 54 100
154 54 100
154 54 100
153 54 100
153 54 100
153 54 100
153 54 100
153 54 100
153 54 100
153 54 100
153 54 100
153 54 100
153 54 100
153 54 100
153 54 100
153 54 100
153 54 100
153 54 100
153 54 100
153 54 100
153 54 100
153 54 100
153 54 100
153 54 100
153 54 100
152 54 100
152 54 100
152 54 100
152 54 100
152 54 100
152 54 100
152 54 100
152 54 100
152 54 100
152 54 100
152 54 100
152 54 100
152 54 100
152 54 100
152 54 100
152 54 100
152 54 100
152 54 100
152 54 100
152 54 100
152 54 100
152 54 100
151 54 100
151 54 100
151 54 100
151 54 100
151 54 100
151 54 100
151 54 100
151 54 100
151 54 100
151 54 100
151 54 100
151 54 100
151 54 100
151 54 100
151 54 100
151 54 100
151 54 100
151 54 100
151 54 100
151 54 100
151 54 100
151 54 100
150 54 100
150 54 100
150 54 100
150 54 100
150 54 100
150 54 100
150 54 100
150 54 100
150 54 100
150 54 100
150 54 100
150 54 100
150 54 100
150 54 100
150 54 100
150 54 100
150 54 100
150 54 100
150 54 100
150 54 100
149 54 100
149 54 100
149 54 100
149 54 100
149 54 100
149 54 100
149 54 100
149 54 100
149 54 100
149 54 100
149 54 100
149 54 100
149 54 100
149 54 100
149 54 100
149 54 100
149 54 100
148 54 100
148 54 100
148 54 100
148 54 100
148 54 100
148 54 100
148 54 100
148 54 100
148 54 100
148 54 100
148 54 100
148 54 100
148 54 100
147 54 100
147 54 100
147 54 100
147 54 100
147 54 100
147 54 100
147 54 100
147 54 100
147 54 100
147 54 100
146 54 100
146 54 100
146 54 100
146 54 100
146 54 100
146 54 100
146 54 100
145 54 100
145 54 100
145 54 100
145 54 100
144 54 100
144 54 100
144 54 100
143 54 100
143 54 100
142 54 100
141 54 100
140 54 100
139 54 100
138 54 100
137 54 100
136 54 100
135 54 100
134 54 100
133 54 100
132 54 100
131 54 100
130 54 100
129 54 100
128 54 100
127 54 100
126 54 100
125 54 100
124 54 100
123 54 100
122 54 100
121 54 100
120 54 100
119 54 100
118 54 100
117 54 100
116 54 100
115 54 100
114 54 100
113 54 100
112 54 100
111 54 100
110 54 100
109 54 100
109 54 100
108 54 100
108 54 100
107 54 100
107 54 100
107 54 100
106 54 100
106 54 100
106 54 100
105 54 100
105 54 100
105 54 100
105 54 100
104 54 100
104 54 100
104 54 100
104 54 100
103 54 100
103 54 100
103 54 100
103 54 100
102 54 100
102 54 100
102 54 100
102 54 100
101 54 100
101 54 100
101 54 100
101 54 100
100 54 100
100 54 100
100 54 100
100 54 100
99 54 100
99 54 100
99 54 100
99 54 100
98 54 100
98 54 100
98 54 100
98 54 100
97 54 100
97 54 100
97 54 100
96 54 100
96 54 100
96 54 100
95 54 100
95 54 100
94 54 100
94 54 100
93 54 100
93 54 100
92 54 100
92 54 100
91 54 100
91 54 100
90 54 100
90 54 100
89 54 100
89 54 100
88 54 100
88 54 100
87 54 100
87 54 100
86 54 100
86 54 100
86 54 100
85 54 100
85 54 100
85 54 100
84 54 100
84 54 100
84 54 100
84 54 100
83 54 100
83 54 100
83 54 100
83 54 100
83 54 100
83 54 100
82 54 100
82 54 100
82 54 100
82 54 100
82 54 100
82 54 100
82 54 100
81 54 100
81 54 100
81 54 100
81 54 100
81 54 100
81 54 100
81 54 100
81 54 100
81 54 100
81 54 100
80 54 100
80 54 100
80 54 100
80 54 100
80 54 100
80 54 100
80 54 100
80 54 100
80 54 100
80 54 100
80 54 100
80 54 100
80 54 100
80 54 100
79 54 100
79 54 100
79 54 100
79 54 100
79 54 100
79 54 100
79 54 100
79 54 100
79 54 100
79 54 100
79 54 100
79 54 100
79 54 100
79 54 100
79 54 100
79 54 100
79 54 100
79 54 100
78 54 100
78 54 100
78 54 100
78 54 100
78 54 100
78 54 100
78 54 100
78 54 100
78 54 100
78 54 100
78 54 100
78 54 100
78 54 100
78 54 100
78 54 100
78 54 100
78 54 100
78 54 100
78 54 100
78 54 100
78 54 100
78 54 100
77 54 100
77 54 100
77 54 100
77 54 100
77 54 100
77 54 100
77 54 100
77 54 100
77 54 100
77 54 100
77 54 100
77 54 100
77 54 100
77 54 100
77 54 100
77 54 100
77 54 100
77 54 100
77 54 100
77 54 100
77 54 100
77 54 100
77 54 100
77 54 100
77 54 100
77 54 100
76 54 100
76 54 100
76 54 100
76 54 100
76 54 100
76 54 100
76 54 100
76 54 100
76 54 100
76 54 100
76 54 100
76 54 100
76 54 100
76 54 100
76 54 100
76 54 100
76 54 100
76 54 100
76 54 100
76 54 100
76 54 100
76 54 100
76 54 100
76 54 100
76 54 100
76 54 100
76 54 100
76 54 100
76 54 100
75 54 100
75 54 100
75 54 100
75 54 100
75 54 100
75 54 100
75 54 100
75 54 100
75 54 100
75 54 100
75 54 100
75 54 100
75 54 100
75 54 100
75 54 100
75 54 100
75 54 100
75 54 100
75 54 100
75 54 100
75 54 100
75 54 100
75 54 100
75 54 100
75 54 100
75 54 100
75 54 100
75 54 100
75 54 100
75 54 100
75 54 100
74 54 100
74 54 100
74 54 100
74 54 100
74 54 100
74 54 100
74 54 100
74 54 100
74 54 100
74 54 100
74 54 100
74 54 100
74 54 100
74 54 100
74 54 100
74 54 100
74 54 100
74 54 100
74 54 100
74 54 100
74 54 100
74 54 100
74 54 100
74 54 100
74 54 100
74 54 100
74 54 100
74 54 100
74 54 100
74 54 100
74 54 100
74 54 100
73 54 100
73 54 100
73 54 100
73 54 100
73 54 100
73 54 100
73 54 100
73 54 100
73 54 100
73 54 100
73 54 100
73 54 100
73 54 100
73 54 100
73 54 100
73 54 100
73 54 100
73 54 100
73 54 100
73 54 100
73 54 100
73 54 100
73 54 100
73 54 100
73 54 100
73 54 100
73 54 100
73 54 100
73 54 100
73 54 100
73 54 100
73 54 100
72 54 100
72 54 100
72 54 100
72 54 100
72 54 100
72 54 100
72 54 100
72 54 100
72 54 100
72 54 100
72 54 100
72 54 100
72 54 100
72 54 100
72 54 100
72 54 100
72 54 100
72 54 100
72 54 100
72 54 100
72 54 100
72 54 100
72 54 100
72 54 100
72 54 100
72 54 100
72 54 100
72 54 100
72 54 100
72 54 100
72 54 100
71 54 100
71 54 100
71 54 100
71 54 100
71 54 100
71 54 100
71 54 100
71 54 100
71 54 100
71 54 100
71 54 100
71 54 100
71 54 100
71 54 100
71 54 100
71 54 100
71 54 100
71 54 100
71 54 100
71 54 100
71 54 100
71 54 100
71 54 100
71 54 100
71 54 100
71 54 100
71 54 100
71 54 100
70 54 100
70 54 100
70 54 100
70 54 100
70 54 100
70 54 100
70 54 100
70 54 100
70 54 100
70 54 100
70 54 100
70 54 100
70 54 100
70 54 100
70 54 100
70 54 100
70 54 100
70 54 100
70 54 100
70 54 100
70 54 100
70 54 100
70 54 100
70 54 100
69 54 100
69 54 100
69 54 100
69 54 100
69 54 100
69 54 100
69 54 100
69 54 100
69 54 100
69 54 100
69 54 100
69 54 100
69 54 100
69 54 100
69 54 100
69 54 100
69 54 100
69 54 100
69 54 100
68 54 100
68 54 100
68 54 100
68 54 100
68 54 100
68 54 100
68 54 100
68 54 100
68 54 100
68 54 100
68 54 100
68 54 100
68 54 100
68 54 100
67 54 100
67 54 100
67 54 100
67 54 100
67 54 100
67 54 100
67 54 100
67 54 100
67 54 100
66 54 100
66 54 100
66 54 100
66 54 100
66 54 100
66 54 100
65 54 100
65 54 100
65 54 100
65 54 100
64 54 100
64 54 100
# move from (41,168) to (63,154)
41 168 100
42 168 100
42 168 100
43 168 100
43 168 100
44 168 100
44 168 100
45 168 100
45 168 100
46 168 100
46 168 100
47 168 100
47 168 100
47 168 100
48 168 100
48 168 100
48 168 100
49 168 100
49 168 100
49 168 100
49 168 100
50 168 100
50 168 100
50 168 100
50 168 100
51 168 100
51 168 100
51 168 100
51 168 100
51 168 100
52 168 100
52 168 100
52 168 100
52 168 100
52 168 100
52 168 100
53 168 100
53 168 100
53 168 100
53 168 100
53 168 100
53 168 100
53 168 100
54 168 100
54 168 100
54 168 100
54 168 100
54 168 100
54 168 100
54 168 100
55 168 100
55 168 100
55 168 100
55 168 100
55 168 100
55 168 100
55 168 100
55 168 100
56 168 100
56 168 100
56 168 100
56 168 100
56 168 100
56 168 100
56 168 100
56 168 100
57 168 100
57 168 100
57 168 100
57 168 100
57 168 100
57 168 100
57 168 100
57 168 100
58 168 100
58 168 100
58 168 100
58 168 100
58 168 100
58 168 100
58 168 100
59 168 100
59 168 100
59 168 100
59 168 100
59 168 100
59 168 100
60 168 100
60 168 100
60 168 100
60 168 100
60 168 100
61 168 100
61 168 100
61 168 100
61 168 100
62 168 100
62 168 100
62 168 100
62 168 100
63 168 100
63 168 100
63 168 100
63 167 100
63 167 100
63 167 100
63 166 100
63 166 100
63 165 100
63 165 100
63 164 100
63 163 100
63 162 100
63 161 100
63 160 100
63 159 100
63 158 100
63 157 100
63 156 100
63 155 100
# move from (122,57) to (63,154)
122 57 100
121 57 100
120 57 100
119 57 100
118 57 100
117 57 100
116 57 100
115 57 100
114 57 100
113 57 100
112 57 100
112 57 100
111 57 100
111 57 100
110 57 100
110 57 100
110 57 100
109 57 100
109 57 100
109 57 100
109 57 100
108 57 100
108 57 100
108 57 100
108 57 100
108 57 100
108 57 100
107 57 100
107 57 100
107 57 100
107 57 100
107 57 100
107 57 100
107 57 100
106 57 100
106 57 100
106 57 100
106 57 100
106 57 100
106 57 100
106 57 100
105 57 100
105 57 100
105 57 100
105 57 100
105 57 100
105 57 100
105 57 100
105 57 100
104 57 100
104 57 100
104 57 100
104 57 100
104 57 100
104 57 100
104 57 100
104 57 100
103 57 100
103 57 100
103 57 100
103 57 100
103 57 100
103 57 100
103 57 100
103 57 100
102 57 100
102 57 100
102 57 100
102 57 100
102 57 100
102 57 100
102 57 100
101 57 100
101 57 100
101 57 100
101 57 100
101 57 100
101 57 100
101 57 100
100 57 100
100 57 100
100 57 100
100 57 100
100 57 100
100 57 100
99 57 100
99 57 100
99 57 100
99 57 100
99 57 100
98 57 100
98 57 100
98 57 100
98 57 100
97 57 100
97 57 100
97 57 100
96 57 100
96 57 100
95 57 100
95 57 100
94 57 100
94 57 100
93 57 100
92 57 100
91 57 100
90 57 100
89 57 100
88 57 100
88 57 100
87 57 100
87 57 100
86 57 100
86 57 100
85 57 100
85 57 100
85 57 100
84 57 100
84 57 100
84 57 100
83 57 100
83 57 100
83 57 100
83 57 100
82 57 100
82 57 100
82 57 100
82 57 100
82 57 100
82 57 100
81 57 100
81 57 100
81 57 100
81 57 100
81 57 100
81 57 100
81 57 100
81 57 100
80 57 100
80 57 100
80 57 100
80 57 100
80 57 100
80 57 100
80 57 100
80 57 100
80 57 100
80 57 100
80 57 100
79 57 100
79 57 100
79 57 100
79 57 100
79 57 100
79 57 100
79 57 100
79 57 100
79 57 100
79 57 100
79 57 100
79 57 100
79 57 100
79 57 100
79 57 100
79 57 100
78 57 100
78 57 100
78 57 100
78 57 100
78 57 100
78 57 100
78 57 100
78 57 100
78 57 100
78 57 100
78 57 100
78 57 100
78 57 100
78 57 100
78 57 100
78 57 100
78 57 100
78 57 100
78 57 100
78 57 100
77 57 100
77 57 100
77 57 100
77 57 100
77 57 100
77 57 100
77 57 100
77 57 100
77 57 100
77 57 100
77 57 100
77 57 100
77 57 100
77 57 100
77 57 100
77 57 100
77 57 100
77 57 100
77 57 100
77 57 100
77 57 100
77 57 100
77 57 100
77 57 100
77 57 100
76 57 100
76 57 100
76 57 100
76 57 100
76 57 100
76 57 100
76 57 100
76 57 100
76 57 100
76 57 100
76 57 100
76 57 100
76 57 100
76 57 100
76 57 100
76 57 100
76 57 100
76 57 100
76 57 100
76 57 100
76 57 100
76 57 100
76 57 100
76 57 100
76 57 100
76 57 100
76 57 100
76 57 100
76 57 100
76 57 100
75 57 100
75 57 100
75 57 100
75 57 100
75 57 100
75 57 100
75 57 100
75 57 100
75 57 100
75 57 100
75 57 100
75 57 100
75 57 100
75 57 100
75 57 100
75 57 100
75 57 100
75 57 100
75 57 100
75 57 100
75 57 100
75 57 100
75 57 100
75 57 100
75 57 100
75 57 100
75 57 100
75 57 100
75 57 100
75 57 100
75 57 100
75 57 100
75 57 100
74 57 100
74 57 100
74 57 100
74 57 100
74 57 100
74 57 100
74 57 100
74 57 100
74 57 100
74 57 100
74 57 100
74 57 100
74 57 100
74 57 100
74 57 100
74 57 100
74 57 100
74 57 100
74 57 100
74 57 100
74 57 100
74 57 100
74 57 100
74 57 100
74 57 100
74 57 100
74 57 100
74 57 100
74 57 100
74 57 100
74 57 100
74 57 100
74 57 100
74 57 100
74 57 100
73 57 100
73 57 100
73 57 100
73 57 100
73 57 100
73 57 100
73 57 100
73 57 100
73 57 100
73 57 100
73 57 100
73 57 100
73 57 100
73 57 100
73 57 100
73 57 100
73 57 100
73 57 100
73 57 100
73 57 100
73 57 100
73 57 100
73 57 100
73 57 100
73 57 100
73 57 100
73 57 100
73 57 100
73 57 100
73 57 100
73 57 100
73 57 100
73 57 100
73 57 100
73 57 100
73 57 100
73 57 100
72 57 100
72 57 100
72 57 100
72 57 100
72 57 100
72 57 100
72 57 100
72 57 100
72 57 100
72 57 100
72 57 100
72 57 100
72 57 100
72 57 100
72 57 100
72 57 100
72 57 100
72 57 100
72 57 100
72 57 100
72 57 100
72 57 100
72 57 100
72 57 100
72 57 100
72 57 100
72 57 100
72 57 100
72 57 100
72 57 100
72 57 100
72 57 100
72 57 100
72 57 100
72 57 100
72 57 100
71 57 100
71 57 100
71 57 100
71 57 100
71 57 100
71 57 100
71 57 100
71 57 100
71 57 100
71 57 100
71 57 100
71 57 100
71 57 100
71 57 100
71 57 100
71 57 100
71 57 100
71 57 100
71 57 100
71 57 100
71 57 100
71 57 100
71 57 100
71 57 100
71 57 100
71 57 100
71 57 100
71 57 100
71 57 100
71 57 100
71 57 100
71 57 100
71 57 100
71 57 100
71 57 100
70 57 100
70 57 100
70 57 100
70 57 100
70 57 100
70 57 100
70 57 100
70 57 100
70 57 100
70 57 100
70 57 100
70 57 100
70 57 100
70 57 100
70 57 100
70 57 100
70 57 100
70 57 100
70 57 100
70 57 100
70 57 100
70 57 100
70 57 100
70 57 100
70 57 100
70 57 100
70 57 100
70 57 100
70 57 100
70 57 100
70 57 100
69 57 100
69 57 100
69 57 100
69 57 100
69 57 100
69 57 100
69 57 100
69 57 100
69 57 100
69 57 100
69 57 100
69 57 100
69 57 100
69 57 100
69 57 100
69 57 100
69 57 100
69 57 100
69 57 100
69 57 100
69 57 100
69 57 100
69 57 100
69 57 100
69 57 100
69 57 100
69 57 100
68 57 100
68 57 100
68 57 100
68 57 100
68 57 100
68 57 100
68 57 100
68 57 100
68 57 100
68 57 100
68 57 100
68 57 100
68 57 100
68 57 100
68 57 100
68 57 100
68 57 100
68 57 100
68 57 100
68 57 100
68 57 100
67 57 100
67 57 100
67 57 100
67 57 100
67 57 100
67 57 100
67 57 100
67 57 100
67 57 100
67 57 100
67 57 100
67 57 100
67 57 100
67 57 100
67 57 100
67 57 100
66 57 100
66 57 100
66 57 100
66 57 100
66 57 100
66 57 100
66 57 100
66 57 100
66 57 100
66 57 100
66 57 100
65 57 100
65 57 100
65 57 100
65 57 100
65 57 100
65 57 100
65 57 100
64 57 100
64 57 100
64 57 100
64 57 100
# move from (35,125) to (63,154)
35 125 100
36 125 100
37 125 100
38 125 100
39 125 100
40 125 100
41 125 100
42 125 100
43 125 100
44 125 100
45 125 100
46 125 100
46 125 100
47 125 100
47 125 100
47 125 100
48 125 100
48 125 100
48 125 100
48 125 100
48 125 100
49 125 100
49 125 100
49 125 100
49 125 100
49 125 100
49 125 100
49 125 100
50 125 100
50 125 100
50 125 100
50 125 100
50 125 100
50 125 100
50 125 100
50 125 100
50 125 100
50 125 100
50 125 100
51 125 100
51 125 100
51 125 100
51 125 100
51 125 100
51 125 100
51 125 100
51 125 100
51 125 100
51 125 100
51 125 100
51 125 100
51 125 100
51 125 100
51 125 100
52 125 100
52 125 100
52 125 100
52 125 100
52 125 100
52 125 100
52 125 100
52 125 100
52 125 100
52 125 100
52 125 100
52 125 100
52 125 100
52 125 100
52 125 100
52 125 100
52 125 100
52 125 100
52 125 100
53 125 100
53 125 100
53 125 100
53 125 100
53 125 100
53 125 100
53 125 100
53 125 100
53 125 100
53 125 100
53 125 100
53 125 100
53 125 100
53 125 100
53 125 100
53 125 100
53 125 100
53 125 100
53 125 100
53 125 100
53 125 100
53 125 100
54 125 100
54 125 100
54 125 100
54 125 100
54 125 100
54 125 100
54 125 100
54 125 100
54 125 100
54 125 100
54 125 100
54 125 100
54 125 100
54 125 100
54 125 100
54 125 100
54 125 100
54 125 100
54 125 100
54 125 100
54 125 100
54 125 100
54 125 100
54 125 100
54 125 100
54 125 100
55 125 100
55 125 100
55 125 100
55 125 100
55 125 100
55 125 100
55 125 100
55 125 100
55 125 100
55 125 100
55 125 100
55 125 100
55 125 100
55 125 100
55 125 100
55 125 100
55 125 100
55 125 100
55 125 100
55 125 100
55 125 100
55 125 100
55 125 100
55 125 100
55 125 100
55 125 100
55 125 100
55 125 100
56 125 100
56 125 100
56 125 100
56 125 100
56 125 100
56 125 100
56 125 100
56 125 100
56 125 100
56 125 100
56 125 100
56 125 100
56 125 100
56 125 100
56 125 100
56 125 100
56 125 100
56 125 100
56 125 100
56 125 100
56 125 100
56 125 100
56 125 100
56 125 100
56 125 100
56 125 100
56 125 100
56 125 100
56 125 100
56 125 100
57 125 100
57 125 100
57 125 100
57 125 100
57 125 100
57 125 100
57 125 100
57 125 100
57 125 100
57 125 100
57 125 100
57 125 100
57 125 100
57 125 100
57 125 100
57 125 100
57 125 100
57 125 100
57 125 100
57 125 100
57 125 100
57 125 100
57 125 100
57 125 100
57 125 100
57 125 100
57 125 100
57 125 100
57 125 100
57 125 100
57 125 100
58 125 100
58 125 100
58 125 100
58 125 100
58 125 100
58 125 100
58 125 100
58 125 100
58 125 100
58 125 100
58 125 100
58 125 100
58 125 100
58 125 100
58 125 100
58 125 100
58 125 100
58 125 100
58 125 100
58 125 100
58 125 100
58 125 100
58 125 100
58 125 100
58 125 100
58 125 100
58 125 100
58 125 100
58 125 100
58 125 100
58 125 100
58 125 100
59 125 100
59 125 100
59 125 100
59 125 100
59 125 100
59 125 100
59 125 100
59 125 100
59 125 100
59 125 100
59 125 100
59 125 100
59 125 100
59 125 100
59 125 100
59 125 100
59 125 100
59 125 100
59 125 100
59 125 100
59 125 100
59 125 100
59 125 100
59 125 100
59 125 100
59 125 100
59 125 100
59 125 100
59 125 100
59 125 100
59 125 100
59 125 100
60 125 100
60 125 100
60 125 100
60 125 100
60 125 100
60 125 100
60 125 100
60 125 100
60 125 100
60 125 100
60 125 100
60 125 100
60 125 100
60 125 100
60 125 100
60 125 100
60 125 100
60 125 100
60 125 100
60 125 100
60 125 100
60 125 100
60 125 100
60 125 100
60 125 100
60 125 100
60 125 100
60 125 100
60 125 100
60 125 100
60 125 100
60 125 100
61 125 100
61 125 100
61 125 100
61 125 100
61 125 100
61 125 100
61 125 100
61 125 100
61 125 100
61 125 100
61 125 100
61 125 100
61 125 100
61 125 100
61 125 100
61 125 100
61 125 100
61 125 100
61 125 100
61 125 100
61 125 100
61 125 100
61 125 100
61 125 100
61 125 100
61 125 100
61 125 100
61 125 100
61 125 100
61 125 100
61 125 100
61 125 100
61 125 100
62 125 100
62 125 100
62 125 100
62 125 100
62 125 100
62 125 100
62 125 100
62 125 100
62 125 100
62 125 100
62 125 100
62 125 100
62 125 100
62 125 100
62 125 100
62 125 100
62 125 100
62 125 100
62 125 100
62 125 100
62 125 100
62 125 100
62 125 100
62 125 100
62 125 100
62 125 100
62 125 100
62 125 100
62 125 100
62 125 100
62 125 100
62 125 100
62 125 100
# move from (97,100) to (63,154)
97 100 100
96 100 100
95 100 100
94 100 100
93 100 100
92 100 100
91 100 100
90 100 100
89 100 100
88 100 100
87 100 100
86 100 100
85 100 100
84 100 100
83 100 100
82 100 100
81 100 100
80 100 100
79 100 100
78 100 100
77 100 100
76 100 100
75 100 100
74 100 100
73 100 100
72 100 100
71 100 100
70 100 100
69 100 100
68 100 100
67 100 100
66 100 100
65 100 100
64 100 100
# move from (8,79) to (63,154)
8 79 100
9 79 100
10 79 100
11 79 100
12 79 100
13 79 100
14 79 100
15 79 100
16 79 100
17 79 100
18 79 100
19 79 100
20 79 100
21 79 100
22 79 100
23 79 100
24 79 100
25 79 100
26 79 100
27 79 100
28 79 100
29 79 100
30 79 100
31 79 100
32 79 100
33 79 100
34 79 100
35 79 100
36 79 100
37 79 100
38 79 100
38 79 100
39 79 100
39 79 100
40 79 100
40 79 100
41 79 100
42 79 100
43 79 100
44 79 100
45 79 100
46 79 100
47 79 100
48 79 100
49 79 100
50 79 100
51 79 100
52 79 100
53 79 100
54 79 100
55 79 100
56 79 100
57 79 100
58 79 100
59 79 100
60 79 100
61 79 100
62 79 100
62 79 100
# move from (74,31) to (63,154)
74 31 100
73 31 100
72 31 100
71 31 100
70 31 100
69 31 100
68 31 100
67 31 100
66 31 100
65 31 100
64 31 100
# move from (130,14) to (63,154)
130 14 100
129 14 100
128 14 100
127 14 100
126 14 100
125 14 100
124 14 100
123 14 100
122 14 100
122 14 100
121 14 100
121 14 100
121 14 100
120 14 100
120 14 100
120 14 100
120 14 100
119 14 100
119 14 100
119 14 100
119 14 100
119 14 100
118 14 100
118 14 100
118 14 100
118 14 100
118 14 100
118 14 100
117 14 100
117 14 100
117 14 100
117 14 100
117 14 100
117 14 100
116 14 100
116 14 100
116 14 100
116 14 100
116 14 100
116 14 100
115 14 100
115 14 100
115 14 100
115 14 100
115 14 100
115 14 100
114 14 100
114 14 100
114 14 100
114 14 100
114 14 100
113 14 100
113 14 100
113 14 100
113 14 100
112 14 100
112 14 100
112 14 100
111 14 100
111 14 100
111 14 100
110 14 100
110 14 100
109 14 100
109 14 100
108 14 100
108 14 100
107 14 100
107 14 100
106 14 100
106 14 100
105 14 100
105 14 100
104 14 100
104 14 100
103 14 100
103 14 100
103 14 100
102 14 100
102 14 100
102 14 100
101 14 100
101 14 100
101 14 100
100 14 100
100 14 100
100 14 100
99 14 100
99 14 100
99 14 100
98 14 100
98 14 100
98 14 100
97 14 100
97 14 100
97 14 100
96 14 100
96 14 100
95 14 100
95 14 100
94 14 100
94 14 100
93 14 100
93 14 100
92 14 100
92 14 100
91 14 100
91 14 100
90 14 100
90 14 100
89 14 100
88 14 100
87 14 100
86 14 100
85 14 100
84 14 100
83 14 100
82 14 100
81 14 100
80 14 100
79 14 100
78 14 100
77 14 100
76 14 100
75 14 100
74 14 100
73 14 100
72 14 100
71 14 100
70 14 100
69 14 100
68 14 100
67 14 100
66 14 100
65 14 100
64 14 100
63 14 100
63 15 100
63 16 100
63 17 100
63 18 100
63 18 100
63 19 100
63 19 100
# move from (44,69) to (63,154)
44 69 100
45 69 100
46 69 100
47 69 100
48 69 100
49 69 100
50 69 100
51 69 100
52 69 100
53 69 100
54 69 100
55 69 100
56 69 100
56 69 100
57 69 100
57 69 100
58 69 100
58 69 100
59 69 100
59 69 100
59 69 100
60 69 100
60 69 100
60 69 100
61 69 100
61 69 100
61 69 100
61 69 100
62 69 100
62 69 100
62 69 100
62 69 100
62 69 100
