# move from (53,45) to (19,175)
53 45 100
52 45 100
51 45 100
50 45 100
49 45 100
48 45 100
47 45 100
46 45 100
45 45 100
44 45 100
43 45 100
42 45 100
41 45 100
40 45 100
39 45 100
38 45 100
37 45 100
36 45 100
35 45 100
34 45 100
33 45 100
32 45 100
31 45 100
30 45 100
29 45 100
28 45 100
27 45 100
26 45 100
25 45 100
24 45 100
23 45 100
22 45 100
21 45 100
20 45 100
20 45 100
19 45 100
19 45 100
19 46 100
19 46 100
19 47 100
19 47 100
19 48 100
19 48 100
19 49 100
19 49 100
19 50 100
19 51 100
19 52 100
19 53 100
19 54 100
19 55 100
19 56 100
19 57 100
19 58 100
19 59 100
19 60 100
19 61 100
19 62 100
19 63 100
19 64 100
19 65 100
19 66 100
19 66 100
19 67 100
19 67 100
19 68 100
19 68 100
19 68 100
19 69 100
19 69 100
19 69 100
19 70 100
19 70 100
19 70 100
19 71 100
19 71 100
19 71 100
19 71 100
19 72 100
19 72 100
19 72 100
19 72 100
19 73 100
19 73 100
19 73 100
19 73 100
19 74 100
19 74 100
19 74 100
19 74 100
19 75 100
19 75 100
19 75 100
19 75 100
19 76 100
19 76 100
19 76 100
19 76 100
19 77 100
19 77 100
19 77 100
19 77 100
19 78 100
19 78 100
19 78 100
19 78 100
19 79 100
19 79 100
19 79 100
19 80 100
19 80 100
19 80 100
19 81 100
19 81 100
19 81 100
19 82 100
19 82 100
19 83 100
19 83 100
19 84 100
19 84 100
19 85 100
19 85 100
19 86 100
19 86 100
19 87 100
19 87 100
19 88 100
19 88 100
19 89 100
19 89 100
19 90 100
19 90 100
19 91 100
19 91 100
19 92 100
19 92 100
19 93 100
19 93 100
19 93 100
19 94 100
19 94 100
19 94 100
19 95 100
19 95 100
19 95 100
19 95 100
19 96 100
19 96 100
19 96 100
19 96 100
19 97 100
19 97 100
19 97 100
19 97 100
19 97 100
19 98 100
19 98 100
19 98 100
19 98 100
19 98 100
19 99 100
19 99 100
19 99 100
19 99 100
19 99 100
19 99 100
19 100 100
19 100 100
19 100 100
19 100 100
19 100 100
19 100 100
19 100 100
19 101 100
19 101 100
19 101 100
19 101 100
19 101 100
19 101 100
19 101 100
19 101 100
19 102 100
19 102 100
19 102 100
19 102 100
19 102 100
19 102 100
19 102 100
19 102 100
19 102 100
19 102 100
19 103 100
19 103 100
19 103 100
19 103 100
19 103 100
19 103 100
19 103 100
19 103 100
19 103 100
19 103 100
19 103 100
19 103 100
19 103 100
19 104 100
19 104 100
19 104 100
19 104 100
19 104 100
19 104 100
19 104 100
19 104 100
19 104 100
19 104 100
19 104 100
19 104 100
19 104 100
19 104 100
19 104 100
19 105 100
19 105 100
19 105 100
19 105 100
19 105 100
19 105 100
19 105 100
19 105 100
19 105 100
19 105 100
19 105 100
19 105 100
19 105 100
19 105 100
19 105 100
19 105 100
19 105 100
19 105 100
19 106 100
19 106 100
19 106 100
19 106 100
19 106 100
19 106 100
19 106 100
19 106 100
19 106 100
19 106 100
19 106 100
19 106 100
19 106 100
19 106 100
19 106 100
19 106 100
19 106 100
19 106 100
19 106 100
19 106 100
19 107 100
19 107 100
19 107 100
19 107 100
19 107 100
19 107 100
19 107 100
19 107 100
19 107 100
19 107 100
19 107 100
19 107 100
19 107 100
19 107 100
19 107 100
19 107 100
19 107 100
19 107 100
19 107 100
19 107 100
19 107 100
19 107 100
19 108 100
19 108 100
19 108 100
19 108 100
19 108 100
19 108 100
19 108 100
19 108 100
19 108 100
19 108 100
19 108 100
19 108 100
19 108 100
19 108 100
19 108 100
19 108 100
19 108 100
19 108 100
19 108 100
19 108 100
19 108 100
19 108 100
19 108 100
19 109 100
19 109 100
19 109 100
19 109 100
19 109 100
19 109 100
19 109 100
19 109 100
19 109 100
19 109 100
19 109 100
19 109 100
19 109 100
19 109 100
19 109 100
19 109 100
19 109 100
19 109 100
19 109 100
19 109 100
19 109 100
19 109 100
19 109 100
19 109 100
19 110 100
19 110 100
19 110 100
19 110 100
19 110 100
19 110 100
19 110 100
19 110 100
19 110 100
19 110 100
19 110 100
19 110 100
19 110 100
19 110 100
19 110 100
19 110 100
19 110 100
19 110 100
19 110 100
19 110 100
19 110 100
19 110 100
19 110 100
19 110 100
19 111 100
19 111 100
19 111 100
19 111 100
19 111 100
19 111 100
19 111 100
19 111 100
19 111 100
19 111 100
19 111 100
19 111 100
19 111 100
19 111 100
19 111 100
19 111 100
19 111 100
19 111 100
19 111 100
19 111 100
19 111 100
19 111 100
19 111 100
19 111 100
19 112 100
19 112 100
19 112 100
19 112 100
19 112 100
19 112 100
19 112 100
19 112 100
19 112 100
19 112 100
19 112 100
19 112 100
19 112 100
19 112 100
19 112 100
19 112 100
19 112 100
19 112 100
19 112 100
19 112 100
19 112 100
19 112 100
19 112 100
19 113 100
19 113 100
19 113 100
19 113 100
19 113 100
19 113 100
19 113 100
19 113 100
19 113 100
19 113 100
19 113 100
19 113 100
19 113 100
19 113 100
19 113 100
19 113 100
19 113 100
19 113 100
19 113 100
19 113 100
19 113 100
19 113 100
19 114 100
19 114 100
19 114 100
19 114 100
19 114 100
19 114 100
19 114 100
19 114 100
19 114 100
19 114 100
19 114 100
19 114 100
19 114 100
19 114 100
19 114 100
19 114 100
19 114 100
19 114 100
19 114 100
19 114 100
19 115 100
19 115 100
19 115 100
19 115 100
19 115 100
19 115 100
19 115 100
19 115 100
19 115 100
19 115 100
19 115 100
19 115 100
19 115 100
19 115 100
19 115 100
19 115 100
19 115 100
19 115 100
19 116 100
19 116 100
19 116 100
19 116 100
19 116 100
19 116 100
19 116 100
19 116 100
19 116 100
19 116 100
19 116 100
19 116 100
19 116 100
19 116 100
19 116 100
19 116 100
19 117 100
19 117 100
19 117 100
19 117 100
19 117 100
19 117 100
19 117 100
19 117 100
19 117 100
19 117 100
19 117 100
19 117 100
19 117 100
19 117 100
19 118 100
19 118 100
19 118 100
19 118 100
19 118 100
19 118 100
19 118 100
19 118 100
19 118 100
19 118 100
19 118 100
19 118 100
19 119 100
19 119 100
19 119 100
19 119 100
19 119 100
19 119 100
19 119 100
19 119 100
19 119 100
19 119 100
19 120 100
19 120 100
19 120 100
19 120 100
19 120 100
19 120 100
19 120 100
19 120 100
19 121 100
19 121 100
19 121 100
19 121 100
19 121 100
19 121 100
19 121 100
19 122 100
19 122 100
19 122 100
19 122 100
19 122 100
19 123 100
19 123 100
19 123 100
19 123 100
19 124 100
19 124 100
19 124 100
19 124 100
19 125 100
19 125 100
19 125 100
19 126 100
19 126 100
19 127 100
19 127 100
19 128 100
19 128 100
19 129 100
19 130 100
19 131 100
19 132 100
19 133 100
19 134 100
19 135 100
19 136 100
19 137 100
19 138 100
19 139 100
19 139 100
19 140 100
19 140 100
19 141 100
19 141 100
19 141 100
19 142 100
19 142 100
19 142 100
19 143 100
19 143 100
19 143 100
19 143 100
19 144 100
19 144 100
19 144 100
19 144 100
19 144 100
19 145 100
19 145 100
19 145 100
19 145 100
19 145 100
19 145 100
19 145 100
19 146 100
19 146 100
19 146 100
19 146 100
19 146 100
19 146 100
19 146 100
19 146 100
19 147 100
19 147 100
19 147 100
19 147 100
19 147 100
19 147 100
19 147 100
19 147 100
19 147 100
19 148 100
19 148 100
19 148 100
19 148 100
19 148 100
19 148 100
19 148 100
19 148 100
19 148 100
19 148 100
19 149 100
19 149 100
19 149 100
19 149 100
19 149 100
19 149 100
19 149 100
19 149 100
19 149 100
19 149 100
19 150 100
19 150 100
19 150 100
19 150 100
19 150 100
19 150 100
19 150 100
19 150 100
19 150 100
19 150 100
19 151 100
19 151 100
19 151 100
19 151 100
19 151 100
19 151 100
19 151 100
19 151 100
19 151 100
19 152 100
19 152 100
19 152 100
19 152 100
19 152 100
19 152 100
19 152 100
19 152 100
19 153 100
19 153 100
19 153 100
19 153 100
19 153 100
19 153 100
19 154 100
19 154 100
19 154 100
19 154 100
19 154 100
19 155 100
19 155 100
19 155 100
19 155 100
19 156 100
19 156 100
19 156 100
19 157 100
19 157 100
19 158 100
19 159 100
19 160 100
19 161 100
19 162 100
19 163 100
19 164 100
19 165 100
19 166 100
19 167 100
19 168 100
19 169 100
19 170 100
19 171 100
19 172 100
19 173 100
19 174 100
19 175 100
# move from (117,169) to (19,175)
117 169 100
116 169 100
115 169 100
114 169 100
113 169 100
112 169 100
111 169 100
110 169 100
109 169 100
108 169 100
107 169 100
106 169 100
105 169 100
104 169 100
103 169 100
102 169 100
101 169 100
100 169 100
99 169 100
98 169 100
97 169 100
96 169 100
95 169 100
94 169 100
93 169 100
92 169 100
91 169 100
90 169 100
89 169 100
88 169 100
87 169 100
86 169 100
85 169 100
84 169 100
83 169 100
82 169 100
81 169 100
80 169 100
79 169 100
78 169 100
77 169 100
76 169 100
75 169 100
74 169 100
73 169 100
72 169 100
71 169 100
70 169 100
69 169 100
68 169 100
67 169 100
66 169 100
65 169 100
64 169 100
63 169 100
62 169 100
61 169 100
60 169 100
59 169 100
58 169 100
57 169 100
56 169 100
55 169 100
54 169 100
53 169 100
52 169 100
51 169 100
50 169 100
49 169 100
48 169 100
47 169 100
46 169 100
45 169 100
44 169 100
43 169 100
43 169 100
42 169 100
42 169 100
41 169 100
41 169 100
40 169 100
39 169 100
38 169 100
37 169 100
36 169 100
35 169 100
34 169 100
33 169 100
32 169 100
31 169 100
30 169 100
29 169 100
28 169 100
27 169 100
26 169 100
25 169 100
24 169 100
23 169 100
22 169 100
21 169 100
20 169 100
