# move from (104,156) to (160,43)
104 156 100
105 156 100
106 156 100
107 156 100
108 156 100
109 156 100
110 156 100
111 156 100
112 156 100
113 156 100
113 156 100
114 156 100
114 156 100
115 156 100
115 156 100
115 156 100
116 156 100
116 156 100
116 156 100
117 156 100
117 156 100
117 156 100
117 156 100
118 156 100
118 156 100
118 156 100
118 156 100
119 156 100
119 156 100
119 156 100
119 156 100
120 156 100
120 156 100
120 156 100
120 156 100
120 156 100
121 156 100
121 156 100
121 156 100
121 156 100
121 156 100
122 156 100
122 156 100
122 156 100
122 156 100
122 156 100
123 156 100
123 156 100
123 156 100
123 156 100
123 156 100
124 156 100
124 156 100
124 156 100
124 156 100
124 156 100
125 156 100
125 156 100
125 156 100
125 156 100
125 156 100
126 156 100
126 156 100
126 156 100
126 156 100
126 156 100
127 156 100
127 156 100
127 156 100
127 156 100
127 156 100
128 156 100
128 156 100
128 156 100
128 156 100
128 156 100
128 156 100
129 156 100
129 156 100
129 156 100
129 156 100
129 156 100
129 156 100
130 156 100
130 156 100
130 156 100
130 156 100
130 156 100
130 156 100
131 156 100
131 156 100
131 156 100
131 156 100
131 156 100
131 156 100
132 156 100
132 156 100
132 156 100
132 156 100
132 156 100
132 156 100
133 156 100
133 156 100
133 156 100
133 156 100
133 156 100
133 156 100
134 156 100
134 156 100
134 156 100
134 156 100
134 156 100
135 156 100
135 156 100
135 156 100
135 156 100
135 156 100
136 156 100
136 156 100
136 156 100
136 156 100
137 156 100
137 156 100
137 156 100
137 156 100
138 156 100
138 156 100
138 156 100
138 156 100
139 156 100
139 156 100
139 156 100
139 156 100
140 156 100
140 156 100
140 156 100
140 156 100
141 156 100
141 156 100
141 156 100
141 156 100
142 156 100
142 156 100
142 156 100
142 156 100
143 156 100
143 156 100
143 156 100
143 156 100
143 156 100
144 156 100
144 156 100
144 156 100
144 156 100
144 156 100
145 156 100
145 156 100
145 156 100
145 156 100
145 156 100
145 156 100
146 156 100
146 156 100
146 156 100
146 156 100
146 156 100
146 156 100
146 156 100
147 156 100
147 156 100
147 156 100
147 156 100
147 156 100
147 156 100
147 156 100
147 156 100
148 156 100
148 156 100
148 156 100
148 156 100
148 156 100
148 156 100
148 156 100
148 156 100
148 156 100
148 156 100
149 156 100
149 156 100
149 156 100
149 156 100
149 156 100
149 156 100
149 156 100
149 156 100
149 156 100
149 156 100
149 156 100
149 156 100
149 156 100
150 156 100
150 156 100
150 156 100
150 156 100
150 156 100
150 156 100
150 156 100
150 156 100
150 156 100
150 156 100
150 156 100
150 156 100
150 156 100
150 156 100
150 156 100
150 156 100
151 156 100
151 156 100
151 156 100
151 156 100
151 156 100
151 156 100
151 156 100
151 156 100
151 156 100
151 156 100
151 156 100
151 156 100
151 156 100
151 156 100
151 156 100
151 156 100
151 156 100
151 156 100
151 156 100
151 156 100
152 156 100
152 156 100
152 156 100
152 156 100
152 156 100
152 156 100
152 156 100
152 156 100
152 156 100
152 156 100
152 156 100
152 156 100
152 156 100
152 156 100
152 156 100
152 156 100
152 156 100
152 156 100
152 156 100
152 156 100
152 156 100
152 156 100
152 156 100
152 156 100
153 156 100
153 156 100
153 156 100
153 156 100
153 156 100
153 156 100
153 156 100
153 156 100
153 156 100
153 156 100
153 156 100
153 156 100
153 156 100
153 156 100
153 156 100
153 156 100
153 156 100
153 156 100
153 156 100
153 156 100
153 156 100
153 156 100
153 156 100
153 156 100
153 156 100
153 156 100
153 156 100
153 156 100
154 156 100
154 156 100
154 156 100
154 156 100
154 156 100
154 156 100
154 156 100
154 156 100
154 156 100
154 156 100
154 156 100
154 156 100
154 156 100
154 156 100
154 156 100
154 156 100
154 156 100
154 156 100
154 156 100
154 156 100
154 156 100
154 156 100
154 156 100
154 156 100
154 156 100
154 156 100
154 156 100
154 156 100
154 156 100
154 156 100
154 156 100
154 156 100
155 156 100
155 156 100
155 156 100
155 156 100
155 156 100
155 156 100
155 156 100
155 156 100
155 156 100
155 156 100
155 156 100
155 156 100
155 156 100
155 156 100
155 156 100
155 156 100
155 156 100
155 156 100
155 156 100
155 156 100
155 156 100
155 156 100
155 156 100
155 156 100
155 156 100
155 156 100
155 156 100
155 156 100
155 156 100
155 156 100
155 156 100
155 156 100
155 156 100
155 156 100
155 156 100
155 156 100
156 156 100
156 156 100
156 156 100
156 156 100
156 156 100
156 156 100
156 156 100
156 156 100
156 156 100
156 156 100
156 156 100
156 156 100
156 156 100
156 156 100
156 156 100
156 156 100
156 156 100
156 156 100
156 156 100
156 156 100
156 156 100
156 156 100
156 156 100
156 156 100
156 156 100
156 156 100
156 156 100
156 156 100
156 156 100
156 156 100
156 156 100
156 156 100
156 156 100
156 156 100
156 156 100
156 156 100
156 156 100
156 156 100
156 156 100
157 156 100
157 156 100
157 156 100
157 156 100
157 156 100
157 156 100
157 156 100
157 156 100
157 156 100
157 156 100
157 156 100
157 156 100
157 156 100
157 156 100
157 156 100
157 156 100
157 156 100
157 156 100
157 156 100
157 156 100
157 156 100
157 156 100
157 156 100
157 156 100
157 156 100
157 156 100
157 156 100
157 156 100
157 156 100
157 156 100
157 156 100
157 156 100
157 156 100
157 156 100
157 156 100
157 156 100
157 156 100
157 156 100
157 156 100
157 156 100
157 156 100
158 156 100
158 156 100
158 156 100
158 156 100
158 156 100
158 156 100
158 156 100
158 156 100
158 156 100
158 156 100
158 156 100
158 156 100
158 156 100
158 156 100
158 156 100
158 156 100
158 156 100
158 156 100
158 156 100
158 156 100
158 156 100
158 156 100
158 156 100
158 156 100
158 156 100
158 156 100
158 156 100
158 156 100
158 156 100
158 156 100
158 156 100
158 156 100
158 156 100
158 156 100
158 156 100
158 156 100
158 156 100
158 156 100
158 156 100
158 156 100
158 156 100
158 156 100
159 156 100
159 156 100
159 156 100
159 156 100
159 156 100
159 156 100
159 156 100
159 156 100
159 156 100
159 156 100
159 156 100
159 156 100
159 156 100
159 156 100
159 156 100
159 156 100
159 156 100
159 156 100
159 156 100
159 156 100
159 156 100
159 156 100
159 156 100
159 156 100
159 156 100
159 156 100
159 156 100
159 156 100
159 156 100
159 156 100
159 156 100
159 156 100
159 156 100
159 156 100
159 156 100
159 156 100
159 156 100
159 156 100
159 156 100
159 156 100
159 156 100
159 156 100
159 156 100
160 156 100
160 156 100
160 156 100
160 156 100
160 156 100
160 156 100
160 156 100
160 156 100
160 156 100
160 156 100
160 156 100
160 156 100
160 156 100
160 156 100
160 156 100
160 156 100
160 156 100
160 156 100
160 156 100
160 156 100
160 156 100
160 156 100
160 156 100
160 156 100
160 156 100
160 156 100
160 156 100
160 156 100
160 156 100
160 156 100
160 156 100
160 156 100
160 156 100
160 156 100
160 156 100
160 156 100
160 156 100
160 156 100
160 156 100
160 156 100
160 156 100
160 156 100
160 156 100
160 155 100
160 155 100
160 155 100
160 155 100
160 155 100
160 155 100
160 155 100
160 155 100
160 155 100
160 155 100
160 155 100
160 155 100
160 155 100
160 155 100
160 155 100
160 155 100
160 155 100
160 155 100
160 155 100
160 155 100
160 155 100
160 155 100
160 155 100
160 155 100
160 155 100
160 155 100
160 155 100
160 155 100
160 155 100
160 155 100
160 155 100
160 155 100
160 155 100
160 155 100
160 155 100
160 155 100
160 155 100
160 155 100
160 155 100
160 155 100
160 155 100
160 155 100
160 155 100
160 154 100
160 154 100
160 154 100
160 154 100
160 154 100
160 154 100
160 154 100
160 154 100
160 154 100
160 154 100
160 154 100
160 154 100
160 154 100
160 154 100
160 154 100
160 154 100
160 154 100
160 154 100
160 154 100
160 154 100
160 154 100
160 154 100
160 154 100
160 154 100
160 154 100
160 154 100
160 154 100
160 154 100
160 154 100
160 154 100
160 154 100
160 154 100
160 154 100
160 154 100
160 154 100
160 154 100
160 154 100
160 154 100
160 154 100
160 154 100
160 154 100
160 154 100
160 153 100
160 153 100
160 153 100
160 153 100
160 153 100
160 153 100
160 153 100
160 153 100
160 153 100
160 153 100
160 153 100
160 153 100
160 153 100
160 153 100
160 153 100
160 153 100
160 153 100
160 153 100
160 153 100
160 153 100
160 153 100
160 153 100
160 153 100
160 153 100
160 153 100
160 153 100
160 153 100
160 153 100
160 153 100
160 153 100
160 153 100
160 153 100
160 153 100
160 153 100
160 153 100
160 153 100
160 153 100
160 153 100
160 153 100
160 153 100
160 153 100
160 152 100
160 152 100
160 152 100
160 152 100
160 152 100
160 152 100
160 152 100
160 152 100
160 152 100
160 152 100
160 152 100
160 152 100
160 152 100
160 152 100
160 152 100
160 152 100
160 152 100
160 152 100
160 152 100
160 152 100
160 152 100
160 152 100
160 152 100
160 152 100
160 152 100
160 152 100
160 152 100
160 152 100
160 152 100
160 152 100
160 152 100
160 152 100
160 152 100
160 152 100
160 152 100
160 152 100
160 152 100
160 152 100
160 152 100
160 151 100
160 151 100
160 151 100
160 151 100
160 151 100
160 151 100
160 151 100
160 151 100
160 151 100
160 151 100
160 151 100
160 151 100
160 151 100
160 151 100
160 151 100
160 151 100
160 151 100
160 151 100
160 151 100
160 151 100
160 151 100
160 151 100
160 151 100
160 151 100
160 151 100
160 151 100
160 151 100
160 151 100
160 151 100
160 151 100
160 151 100
160 151 100
160 151 100
160 151 100
160 151 100
160 151 100
160 150 100
160 150 100
160 150 100
160 150 100
160 150 100
160 150 100
160 150 100
160 150 100
160 150 100
160 150 100
160 150 100
160 150 100
160 150 100
160 150 100
160 150 100
160 150 100
160 150 100
160 150 100
160 150 100
160 150 100
160 150 100
160 150 100
160 150 100
160 150 100
160 150 100
160 150 100
160 150 100
160 150 100
160 150 100
160 150 100
160 150 100
160 150 100
160 150 100
160 149 100
160 149 100
160 149 100
160 149 100
160 149 100
160 149 100
160 149 100
160 149 100
160 149 100
160 149 100
160 149 100
160 149 100
160 149 100
160 149 100
160 149 100
160 149 100
160 149 100
160 149 100
160 149 100
160 149 100
160 149 100
160 149 100
160 149 100
160 149 100
160 149 100
160 149 100
160 149 100
160 149 100
160 149 100
160 149 100
160 148 100
160 148 100
160 148 100
160 148 100
160 148 100
160 148 100
160 148 100
160 148 100
160 148 100
160 148 100
160 148 100
160 148 100
160 148 100
160 148 100
160 148 100
160 148 100
160 148 100
160 148 100
160 148 100
160 148 100
160 148 100
160 148 100
160 148 100
160 148 100
160 148 100
160 148 100
160 147 100
160 147 100
160 147 100
160 147 100
160 147 100
160 147 100
160 147 100
160 147 100
160 147 100
160 147 100
160 147 100
160 147 100
160 147 100
160 147 100
160 147 100
160 147 100
160 147 100
160 147 100
160 147 100
160 147 100
160 147 100
160 147 100
160 146 100
160 146 100
160 146 100
160 146 100
160 146 100
160 146 100
160 146 100
160 146 100
160 146 100
160 146 100
160 146 100
160 146 100
160 146 100
160 146 100
160 146 100
160 146 100
160 146 100
160 146 100
160 145 100
160 145 100
160 145 100
160 145 100
160 145 100
160 145 100
160 145 100
160 145 100
160 145 100
160 145 100
160 145 100
160 145 100
160 145 100
160 145 100
160 145 100
160 144 100
160 144 100
160 144 100
160 144 100
160 144 100
160 144 100
160 144 100
160 144 100
160 144 100
160 144 100
160 144 100
160 144 100
160 143 100
160 143 100
160 143 100
160 143 100
160 143 100
160 143 100
160 143 100
160 143 100
160 143 100
160 143 100
160 142 100
160 142 100
160 142 100
160 142 100
160 142 100
160 142 100
160 142 100
160 142 100
160 141 100
160 141 100
160 141 100
160 141 100
160 141 100
160 141 100
160 141 100
160 140 100
160 140 100
160 140 100
160 140 100
160 140 100
160 140 100
160 139 100
160 139 100
160 139 100
160 139 100
160 139 100
160 139 100
160 138 100
160 138 100
160 138 100
160 138 100
160 138 100
160 138 100
160 137 100
160 137 100
160 137 100
160 137 100
160 137 100
160 137 100
160 136 100
160 136 100
160 136 100
160 136 100
160 136 100
160 136 100
160 135 100
160 135 100
160 135 100
160 135 100
160 135 100
160 135 100
160 135 100
160 134 100
160 134 100
160 134 100
160 134 100
160 134 100
160 134 100
160 134 100
160 134 100
160 133 100
160 133 100
160 133 100
160 133 100
160 133 100
160 133 100
160 133 100
160 133 100
160 132 100
160 132 100
160 132 100
160 132 100
160 132 100
160 132 100
160 132 100
160 132 100
160 132 100
160 132 100
160 131 100
160 131 100
160 131 100
160 131 100
160 131 100
160 131 100
160 131 100
160 131 100
160 131 100
160 131 100
160 131 100
160 130 100
160 130 100
160 130 100
160 130 100
160 130 100
160 130 100
160 130 100
160 130 100
160 130 100
160 130 100
160 130 100
160 130 100
160 129 100
160 129 100
160 129 100
160 129 100
160 129 100
160 129 100
160 129 100
160 129 100
160 129 100
160 129 100
160 129 100
160 129 100
160 129 100
160 129 100
160 128 100
160 128 100
160 128 100
160 128 100
160 128 100
160 128 100
160 128 100
160 128 100
160 128 100
160 128 100
160 128 100
160 128 100
160 128 100
160 128 100
160 128 100
160 127 100
160 127 100
160 127 100
160 127 100
160 127 100
160 127 100
160 127 100
160 127 100
160 127 100
160 127 100
160 127 100
160 127 100
160 127 100
160 127 100
160 127 100
160 127 100
160 126 100
160 126 100
160 126 100
160 126 100
160 126 100
160 126 100
160 126 100
160 126 100
160 126 100
160 126 100
160 126 100
160 126 100
160 126 100
160 126 100
160 126 100
160 126 100
160 126 100
160 125 100
160 125 100
160 125 100
160 125 100
160 125 100
160 125 100
160 125 100
160 125 100
160 125 100
160 125 100
160 125 100
160 125 100
160 125 100
160 125 100
160 125 100
160 125 100
160 125 100
160 125 100
160 124 100
160 124 100
160 124 100
160 124 100
160 124 100
160 124 100
160 124 100
160 124 100
160 124 100
160 124 100
160 124 100
160 124 100
160 124 100
160 124 100
160 124 100
160 124 100
160 124 100
160 124 100
160 124 100
160 123 100
160 123 100
160 123 100
160 123 100
160 123 100
160 123 100
160 123 100
160 123 100
160 123 100
160 123 100
160 123 100
160 123 100
160 123 100
160 123 100
160 123 100
160 123 100
160 123 100
160 123 100
160 123 100
160 123 100
160 122 100
160 122 100
160 122 100
160 122 100
160 122 100
160 122 100
160 122 100
160 122 100
160 122 100
160 122 100
160 122 100
160 122 100
160 122 100
160 122 100
160 122 100
160 122 100
160 122 100
160 122 100
160 122 100
160 122 100
160 121 100
160 121 100
160 121 100
160 121 100
160 121 100
160 121 100
160 121 100
160 121 100
160 121 100
160 121 100
160 121 100
160 121 100
160 121 100
160 121 100
160 121 100
160 121 100
160 121 100
160 121 100
160 121 100
160 121 100
160 121 100
160 120 100
160 120 100
160 120 100
160 120 100
160 120 100
160 120 100
160 120 100
160 120 100
160 120 100
160 120 100
160 120 100
160 120 100
160 120 100
160 120 100
160 120 100
160 120 100
160 120 100
160 120 100
160 120 100
160 120 100
160 120 100
160 119 100
160 119 100
160 119 100
160 119 100
160 119 100
160 119 100
160 119 100
160 119 100
160 119 100
160 119 100
160 119 100
160 119 100
160 119 100
160 119 100
160 119 100
160 119 100
160 119 100
160 119 100
160 119 100
160 119 100
160 119 100
160 118 100
160 118 100
160 118 100
160 118 100
160 118 100
160 118 100
160 118 100
160 118 100
160 118 100
160 118 100
160 118 100
160 118 100
160 118 100
160 118 100
160 118 100
160 118 100
160 118 100
160 118 100
160 118 100
160 118 100
160 117 100
160 117 100
160 117 100
160 117 100
160 117 100
160 117 100
160 117 100
160 117 100
160 117 100
160 117 100
160 117 100
160 117 100
160 117 100
160 117 100
160 117 100
160 117 100
160 117 100
160 117 100
160 117 100
160 116 100
160 116 100
160 116 100
160 116 100
160 116 100
160 116 100
160 116 100
160 116 100
160 116 100
160 116 100
160 116 100
160 116 100
160 116 100
160 116 100
160 116 100
160 116 100
160 116 100
160 116 100
160 115 100
160 115 100
160 115 100
160 115 100
160 115 100
160 115 100
160 115 100
160 115 100
160 115 100
160 115 100
160 115 100
160 115 100
160 115 100
160 115 100
160 115 100
160 115 100
160 115 100
160 114 100
160 114 100
160 114 100
160 114 100
160 114 100
160 114 100
160 114 100
160 114 100
160 114 100
160 114 100
160 114 100
160 114 100
160 114 100
160 114 100
160 114 100
160 113 100
160 113 100
160 113 100
160 113 100
160 113 100
160 113 100
160 113 100
160 113 100
160 113 100
160 113 100
160 113 100
160 113 100
160 113 100
160 112 100
160 112 100
160 112 100
160 112 100
160 112 100
160 112 100
160 112 100
160 112 100
160 112 100
160 112 100
160 112 100
160 111 100
160 111 100
160 111 100
160 111 100
160 111 100
160 111 100
160 111 100
160 111 100
160 111 100
160 111 100
160 110 100
160 110 100
160 110 100
160 110 100
160 110 100
160 110 100
160 110 100
160 110 100
160 109 100
160 109 100
160 109 100
160 109 100
160 109 100
160 109 100
160 109 100
160 108 100
160 108 100
160 108 100
160 108 100
160 108 100
160 108 100
160 107 100
160 107 100
160 107 100
160 107 100
160 107 100
160 106 100
160 106 100
160 106 100
160 106 100
160 106 100
160 105 100
160 105 100
160 105 100
160 105 100
160 104 100
160 104 100
160 104 100
160 104 100
160 103 100
160 103 100
160 103 100
160 103 100
160 102 100
160 102 100
160 102 100
160 102 100
160 101 100
160 101 100
160 101 100
160 101 100
160 101 100
160 100 100
160 100 100
160 100 100
160 100 100
160 100 100
160 99 100
160 99 100
160 99 100
160 99 100
160 99 100
160 99 100
160 98 100
160 98 100
160 98 100
160 98 100
160 98 100
160 98 100
160 98 100
160 97 100
160 97 100
160 97 100
160 97 100
160 97 100
160 97 100
160 97 100
160 96 100
160 96 100
160 96 100
160 96 100
160 96 100
160 96 100
160 96 100
160 96 100
160 95 100
160 95 100
160 95 100
160 95 100
160 95 100
160 95 100
160 95 100
160 95 100
160 95 100
160 94 100
160 94 100
160 94 100
160 94 100
160 94 100
160 94 100
160 94 100
160 94 100
160 94 100
160 93 100
160 93 100
160 93 100
160 93 100
160 93 100
160 93 100
160 93 100
160 93 100
160 93 100
160 93 100
160 92 100
160 92 100
160 92 100
160 92 100
160 92 100
160 92 100
160 92 100
160 92 100
160 92 100
160 92 100
160 91 100
160 91 100
160 91 100
160 91 100
160 91 100
160 91 100
160 91 100
160 91 100
160 91 100
160 90 100
160 90 100
160 90 100
160 90 100
160 90 100
160 90 100
160 90 100
160 90 100
160 89 100
160 89 100
160 89 100
160 89 100
160 89 100
160 89 100
160 89 100
160 88 100
160 88 100
160 88 100
160 88 100
160 88 100
160 88 100
160 87 100
160 87 100
160 87 100
160 87 100
160 86 100
160 86 100
160 86 100
160 85 100
160 85 100
160 84 100
160 84 100
160 83 100
160 83 100
160 82 100
160 81 100
160 80 100
160 79 100
160 78 100
160 77 100
160 77 100
160 76 100
160 76 100
160 75 100
160 75 100
160 75 100
160 74 100
160 74 100
160 74 100
160 74 100
160 73 100
160 73 100
160 73 100
160 73 100
160 73 100
160 72 100
160 72 100
160 72 100
160 72 100
160 72 100
160 72 100
160 71 100
160 71 100
160 71 100
160 71 100
160 71 100
160 71 100
160 71 100
160 71 100
160 70 100
160 70 100
160 70 100
160 70 100
160 70 100
160 70 100
160 70 100
160 70 100
160 70 100
160 70 100
160 69 100
160 69 100
160 69 100
160 69 100
160 69 100
160 69 100
160 69 100
160 69 100
160 69 100
160 69 100
160 69 100
160 68 100
160 68 100
160 68 100
160 68 100
160 68 100
160 68 100
160 68 100
160 68 100
160 68 100
160 68 100
160 68 100
160 68 100
160 68 100
160 67 100
160 67 100
160 67 100
160 67 100
160 67 100
160 67 100
160 67 100
160 67 100
160 67 100
160 67 100
160 67 100
160 67 100
160 67 100
160 67 100
160 66 100
160 66 100
160 66 100
160 66 100
160 66 100
160 66 100
160 66 100
160 66 100
160 66 100
160 66 100
160 66 100
160 66 100
160 66 100
160 66 100
160 66 100
160 65 100
160 65 100
160 65 100
160 65 100
160 65 100
160 65 100
160 65 100
160 65 100
160 65 100
160 65 100
160 65 100
160 65 100
160 65 100
160 65 100
160 65 100
160 64 100
160 64 100
160 64 100
160 64 100
160 64 100
160 64 100
160 64 100
160 64 100
160 64 100
160 64 100
160 64 100
160 64 100
160 64 100
160 64 100
160 64 100
160 63 100
160 63 100
160 63 100
160 63 100
160 63 100
160 63 100
160 63 100
160 63 100
160 63 100
160 63 100
160 63 100
160 63 100
160 63 100
160 63 100
160 63 100
160 62 100
160 62 100
160 62 100
160 62 100
160 62 100
160 62 100
160 62 100
160 62 100
160 62 100
160 62 100
160 62 100
160 62 100
160 62 100
160 62 100
160 62 100
160 61 100
160 61 100
160 61 100
160 61 100
160 61 100
160 61 100
160 61 100
160 61 100
160 61 100
160 61 100
160 61 100
160 61 100
160 61 100
160 61 100
160 60 100
160 60 100
160 60 100
160 60 100
160 60 100
160 60 100
160 60 100
160 60 100
160 60 100
160 60 100
160 60 100
160 60 100
160 60 100
160 60 100
160 59 100
160 59 100
160 59 100
160 59 100
160 59 100
160 59 100
160 59 100
160 59 100
160 59 100
160 59 100
160 59 100
160 59 100
160 59 100
160 58 100
160 58 100
160 58 100
160 58 100
160 58 100
160 58 100
160 58 100
160 58 100
160 58 100
160 58 100
160 58 100
160 58 100
160 57 100
160 57 100
160 57 100
160 57 100
160 57 100
160 57 100
160 57 100
160 57 100
160 57 100
160 57 100
160 57 100
160 56 100
160 56 100
160 56 100
160 56 100
160 56 100
160 56 100
160 56 100
160 56 100
160 56 100
160 55 100
160 55 100
160 55 100
160 55 100
160 55 100
160 55 100
160 55 100
160 55 100
160 54 100
160 54 100
160 54 100
160 54 100
160 54 100
160 54 100
160 53 100
160 53 100
160 53 100
160 53 100
160 52 100
160 52 100
160 52 100
160 51 100
160 51 100
160 50 100
160 50 100
160 49 100
160 48 100
160 47 100
160 46 100
160 45 100
160 44 100
160 43 100
# move from (199,187) to (160,43)
199 187 100
198 187 100
197 187 100
196 187 100
195 187 100
194 187 100
193 187 100
192 187 100
191 187 100
190 187 100
189 187 100
188 187 100
187 187 100
186 187 100
185 187 100
184 187 100
183 187 100
182 187 100
181 187 100
180 187 100
179 187 100
178 187 100
177 187 100
177 187 100
176 187 100
176 187 100
175 187 100
175 187 100
175 187 100
174 187 100
174 187 100
174 187 100
174 187 100
174 187 100
173 187 100
173 187 100
173 187 100
173 187 100
173 187 100
173 187 100
173 187 100
173 187 100
172 187 100
172 187 100
172 187 100
172 187 100
172 187 100
172 187 100
172 187 100
172 187 100
172 187 100
172 187 100
171 187 100
171 187 100
171 187 100
171 187 100
171 187 100
171 187 100
171 187 100
171 187 100
171 187 100
171 187 100
171 187 100
171 187 100
171 187 100
170 187 100
170 187 100
170 187 100
170 187 100
170 187 100
170 187 100
170 187 100
170 187 100
170 187 100
170 187 100
170 187 100
170 187 100
170 187 100
170 187 100
170 187 100
170 187 100
169 187 100
169 187 100
169 187 100
169 187 100
169 187 100
169 187 100
169 187 100
169 187 100
169 187 100
169 187 100
169 187 100
169 187 100
169 187 100
169 187 100
169 187 100
169 187 100
169 187 100
169 187 100
168 187 100
168 187 100
168 187 100
168 187 100
168 187 100
168 187 100
168 187 100
168 187 100
168 187 100
168 187 100
168 187 100
168 187 100
168 187 100
168 187 100
168 187 100
168 187 100
168 187 100
168 187 100
168 187 100
167 187 100
167 187 100
167 187 100
167 187 100
167 187 100
167 187 100
167 187 100
167 187 100
167 187 100
167 187 100
167 187 100
167 187 100
167 187 100
167 187 100
167 187 100
167 187 100
167 187 100
167 187 100
167 187 100
167 187 100
166 187 100
166 187 100
166 187 100
166 187 100
166 187 100
166 187 100
166 187 100
166 187 100
166 187 100
166 187 100
166 187 100
166 187 100
166 187 100
166 187 100
166 187 100
166 187 100
166 187 100
166 187 100
166 187 100
166 187 100
165 187 100
165 187 100
165 187 100
165 187 100
165 187 100
165 187 100
165 187 100
165 187 100
165 187 100
165 187 100
165 187 100
165 187 100
165 187 100
165 187 100
165 187 100
165 187 100
165 187 100
165 187 100
165 187 100
164 187 100
164 187 100
164 187 100
164 187 100
164 187 100
164 187 100
164 187 100
164 187 100
164 187 100
164 187 100
164 187 100
164 187 100
164 187 100
164 187 100
164 187 100
164 187 100
164 187 100
164 187 100
163 187 100
163 187 100
163 187 100
163 187 100
163 187 100
163 187 100
163 187 100
163 187 100
163 187 100
163 187 100
163 187 100
163 187 100
163 187 100
163 187 100
163 187 100
163 187 100
163 187 100
162 187 100
162 187 100
162 187 100
162 187 100
162 187 100
162 187 100
162 187 100
162 187 100
162 187 100
162 187 100
162 187 100
162 187 100
162 187 100
162 187 100
162 187 100
162 187 100
161 187 100
161 187 100
161 187 100
161 187 100
161 187 100
161 187 100
161 187 100
161 187 100
161 187 100
161 187 100
161 187 100
161 187 100
161 187 100
161 187 100
161 187 100
160 187 100
160 187 100
160 187 100
160 187 100
160 187 100
160 187 100
160 187 100
160 187 100
160 187 100
160 187 100
160 187 100
160 187 100
160 187 100
160 187 100
160 186 100
160 186 100
160 186 100
160 186 100
160 186 100
160 186 100
160 186 100
160 186 100
160 186 100
160 186 100
160 186 100
160 185 100
160 185 100
160 185 100
160 185 100
160 185 100
160 185 100
160 185 100
160 185 100
160 185 100
160 184 100
160 184 100
160 184 100
160 184 100
160 184 100
160 184 100
160 184 100
160 184 100
160 183 100
160 183 100
160 183 100
160 183 100
160 183 100
160 183 100
160 182 100
160 182 100
160 182 100
160 182 100
160 182 100
160 182 100
160 181 100
160 181 100
160 181 100
160 181 100
160 181 100
160 180 100
160 180 100
160 180 100
160 180 100
160 180 100
160 179 100
160 179 100
160 179 100
160 179 100
160 178 100
160 178 100
160 178 100
160 178 100
160 177 100
160 177 100
160 177 100
160 177 100
160 176 100
160 176 100
160 176 100
160 176 100
160 176 100
160 175 100
160 175 100
160 175 100
160 175 100
160 175 100
160 174 100
160 174 100
160 174 100
160 174 100
160 174 100
160 174 100
160 173 100
160 173 100
160 173 100
160 173 100
160 173 100
160 173 100
160 173 100
160 172 100
160 172 100
160 172 100
160 172 100
160 172 100
160 172 100
160 172 100
160 172 100
160 172 100
160 171 100
160 171 100
160 171 100
160 171 100
160 171 100
160 171 100
160 171 100
160 171 100
160 171 100
160 171 100
160 171 100
160 170 100
160 170 100
160 170 100
160 170 100
160 170 100
160 170 100
160 170 100
160 170 100
160 170 100
160 170 100
160 170 100
160 170 100
160 170 100
160 170 100
160 169 100
160 169 100
160 169 100
160 169 100
160 169 100
160 169 100
160 169 100
160 169 100
160 169 100
160 169 100
160 169 100
160 169 100
160 169 100
160 169 100
160 169 100
160 169 100
160 168 100
160 168 100
160 168 100
160 168 100
160 168 100
160 168 100
160 168 100
160 168 100
160 168 100
160 168 100
160 168 100
160 168 100
160 168 100
160 168 100
160 168 100
160 168 100
160 168 100
160 168 100
160 168 100
160 168 100
160 167 100
160 167 100
160 167 100
160 167 100
160 167 100
160 167 100
160 167 100
160 167 100
160 167 100
160 167 100
160 167 100
160 167 100
160 167 100
160 167 100
160 167 100
160 167 100
160 167 100
160 167 100
160 167 100
160 167 100
160 167 100
160 167 100
160 167 100
160 166 100
160 166 100
160 166 100
160 166 100
160 166 100
160 166 100
160 166 100
160 166 100
160 166 100
160 166 100
160 166 100
160 166 100
160 166 100
160 166 100
160 166 100
160 166 100
160 166 100
160 166 100
160 166 100
160 166 100
160 166 100
160 166 100
160 166 100
160 166 100
160 166 100
160 166 100
160 166 100
160 165 100
160 165 100
160 165 100
160 165 100
160 165 100
160 165 100
160 165 100
160 165 100
160 165 100
160 165 100
160 165 100
160 165 100
160 165 100
160 165 100
160 165 100
160 165 100
160 165 100
160 165 100
160 165 100
160 165 100
160 165 100
160 165 100
160 165 100
160 165 100
160 165 100
160 165 100
160 165 100
160 165 100
160 165 100
160 165 100
160 164 100
160 164 100
160 164 100
160 164 100
160 164 100
160 164 100
160 164 100
160 164 100
160 164 100
160 164 100
160 164 100
160 164 100
160 164 100
160 164 100
160 164 100
160 164 100
160 164 100
160 164 100
160 164 100
160 164 100
160 164 100
160 164 100
160 164 100
160 164 100
160 164 100
160 164 100
160 164 100
160 164 100
160 164 100
160 164 100
160 164 100
160 164 100
160 164 100
160 163 100
160 163 100
160 163 100
160 163 100
160 163 100
160 163 100
160 163 100
160 163 100
160 163 100
160 163 100
160 163 100
160 163 100
160 163 100
160 163 100
160 163 100
160 163 100
160 163 100
160 163 100
160 163 100
160 163 100
160 163 100
160 163 100
160 163 100
160 163 100
160 163 100
160 163 100
160 163 100
160 163 100
160 163 100
160 163 100
160 163 100
160 163 100
160 163 100
160 163 100
160 163 100
160 163 100
160 162 100
160 162 100
160 162 100
160 162 100
160 162 100
160 162 100
160 162 100
160 162 100
160 162 100
160 162 100
160 162 100
160 162 100
160 162 100
160 162 100
160 162 100
160 162 100
160 162 100
160 162 100
160 162 100
160 162 100
160 162 100
160 162 100
160 162 100
160 162 100
160 162 100
160 162 100
160 162 100
160 162 100
160 162 100
160 162 100
160 162 100
160 162 100
160 162 100
160 162 100
160 162 100
160 162 100
160 162 100
160 162 100
160 161 100
160 161 100
160 161 100
160 161 100
160 161 100
160 161 100
160 161 100
160 161 100
160 161 100
160 161 100
160 161 100
160 161 100
160 161 100
160 161 100
160 161 100
160 161 100
160 161 100
160 161 100
160 161 100
160 161 100
160 161 100
160 161 100
160 161 100
160 161 100
160 161 100
160 161 100
160 161 100
160 161 100
160 161 100
160 161 100
160 161 100
160 161 100
160 161 100
160 161 100
160 161 100
160 161 100
160 161 100
160 161 100
160 161 100
160 161 100
160 160 100
160 160 100
160 160 100
160 160 100
160 160 100
160 160 100
160 160 100
160 160 100
160 160 100
160 160 100
160 160 100
160 160 100
160 160 100
160 160 100
160 160 100
160 160 100
160 160 100
160 160 100
160 160 100
160 160 100
160 160 100
160 160 100
160 160 100
160 160 100
160 160 100
160 160 100
160 160 100
160 160 100
160 160 100
160 160 100
160 160 100
160 160 100
160 160 100
160 160 100
160 160 100
160 160 100
160 160 100
160 160 100
160 160 100
160 160 100
160 160 100
160 159 100
160 159 100
160 159 100
160 159 100
160 159 100
160 159 100
160 159 100
160 159 100
160 159 100
160 159 100
160 159 100
160 159 100
160 159 100
160 159 100
160 159 100
160 159 100
160 159 100
160 159 100
160 159 100
160 159 100
160 159 100
160 159 100
160 159 100
160 159 100
160 159 100
160 159 100
160 159 100
160 159 100
160 159 100
160 159 100
160 159 100
160 159 100
160 159 100
160 159 100
160 159 100
160 159 100
160 159 100
160 159 100
160 159 100
160 159 100
160 159 100
160 159 100
160 158 100
160 158 100
160 158 100
160 158 100
160 158 100
160 158 100
160 158 100
160 158 100
160 158 100
160 158 100
160 158 100
160 158 100
160 158 100
160 158 100
160 158 100
160 158 100
160 158 100
160 158 100
160 158 100
160 158 100
160 158 100
160 158 100
160 158 100
160 158 100
160 158 100
160 158 100
160 158 100
160 158 100
160 158 100
160 158 100
160 158 100
160 158 100
160 158 100
160 158 100
160 158 100
160 158 100
160 158 100
160 158 100
160 158 100
160 158 100
160 158 100
160 158 100
160 158 100
160 157 100
160 157 100
160 157 100
160 157 100
160 157 100
160 157 100
160 157 100
160 157 100
160 157 100
160 157 100
160 157 100
160 157 100
160 157 100
160 157 100
160 157 100
160 157 100
160 157 100
160 157 100
160 157 100
160 157 100
160 157 100
160 157 100
160 157 100
160 157 100
160 157 100
160 157 100
160 157 100
160 157 100
160 157 100
160 157 100
160 157 100
160 157 100
160 157 100
160 157 100
160 157 100
160 157 100
160 157 100
160 157 100
160 157 100
160 157 100
160 157 100
160 157 100
160 157 100
160 157 100
