# move from (0,129) to (102,3)
0 129 100
1 129 100
2 129 100
3 129 100
4 129 100
5 129 100
6 129 100
7 129 100
8 129 100
9 129 100
10 129 100
11 129 100
12 129 100
13 129 100
14 129 100
15 129 100
16 129 100
17 129 100
18 129 100
19 129 100
20 129 100
21 129 100
21 129 100
22 129 100
22 129 100
23 129 100
23 129 100
24 129 100
24 129 100
25 129 100
25 129 100
26 129 100
26 129 100
27 129 100
27 129 100
28 129 100
28 129 100
29 129 100
29 129 100
30 129 100
30 129 100
31 129 100
32 129 100
33 129 100
34 129 100
35 129 100
36 129 100
37 129 100
38 129 100
38 129 100
39 129 100
39 129 100
40 129 100
40 129 100
41 129 100
41 129 100
42 129 100
42 129 100
43 129 100
43 129 100
44 129 100
44 129 100
45 129 100
45 129 100
46 129 100
46 129 100
47 129 100
47 129 100
48 129 100
48 129 100
49 129 100
49 129 100
50 129 100
50 129 100
51 129 100
51 129 100
52 129 100
52 129 100
53 129 100
53 129 100
54 129 100
54 129 100
55 129 100
55 129 100
55 129 100
56 129 100
56 129 100
56 129 100
57 129 100
57 129 100
57 129 100
57 129 100
58 129 100
58 129 100
58 129 100
58 129 100
58 129 100
59 129 100
59 129 100
59 129 100
59 129 100
59 129 100
59 129 100
60 129 100
60 129 100
60 129 100
60 129 100
60 129 100
60 129 100
60 129 100
60 129 100
61 129 100
61 129 100
61 129 100
61 129 100
61 129 100
61 129 100
61 129 100
61 129 100
61 129 100
61 129 100
62 129 100
62 129 100
62 129 100
62 129 100
62 129 100
62 129 100
62 129 100
62 129 100
62 129 100
62 129 100
62 129 100
62 129 100
63 129 100
63 129 100
63 129 100
63 129 100
63 129 100
63 129 100
63 129 100
63 129 100
63 129 100
63 129 100
63 129 100
63 129 100
63 129 100
63 129 100
64 129 100
64 129 100
64 129 100
64 129 100
64 129 100
64 129 100
64 129 100
64 129 100
64 129 100
64 129 100
64 129 100
64 129 100
64 129 100
64 129 100
64 129 100
65 129 100
65 129 100
65 129 100
65 129 100
65 129 100
65 129 100
65 129 100
65 129 100
65 129 100
65 129 100
65 129 100
65 129 100
65 129 100
65 129 100
65 129 100
65 129 100
66 129 100
66 129 100
66 129 100
66 129 100
66 129 100
66 129 100
66 129 100
66 129 100
66 129 100
66 129 100
66 129 100
66 129 100
66 129 100
66 129 100
66 129 100
66 129 100
66 129 100
66 129 100
67 129 100
67 129 100
67 129 100
67 129 100
67 129 100
67 129 100
67 129 100
67 129 100
67 129 100
67 129 100
67 129 100
67 129 100
67 129 100
67 129 100
67 129 100
67 129 100
67 129 100
67 129 100
68 129 100
68 129 100
68 129 100
68 129 100
68 129 100
68 129 100
68 129 100
68 129 100
68 129 100
68 129 100
68 129 100
68 129 100
68 129 100
68 129 100
68 129 100
68 129 100
68 129 100
68 129 100
68 129 100
69 129 100
69 129 100
69 129 100
69 129 100
69 129 100
69 129 100
69 129 100
69 129 100
69 129 100
69 129 100
69 129 100
69 129 100
69 129 100
69 129 100
69 129 100
69 129 100
69 129 100
69 129 100
69 129 100
69 129 100
70 129 100
70 129 100
70 129 100
70 129 100
70 129 100
70 129 100
70 129 100
70 129 100
70 129 100
70 129 100
70 129 100
70 129 100
70 129 100
70 129 100
70 129 100
70 129 100
70 129 100
70 129 100
70 129 100
70 129 100
71 129 100
71 129 100
71 129 100
71 129 100
71 129 100
71 129 100
71 129 100
71 129 100
71 129 100
71 129 100
71 129 100
71 129 100
71 129 100
71 129 100
71 129 100
71 129 100
71 129 100
71 129 100
71 129 100
71 129 100
72 129 100
72 129 100
72 129 100
72 129 100
72 129 100
72 129 100
72 129 100
72 129 100
72 129 100
72 129 100
72 129 100
72 129 100
72 129 100
72 129 100
72 129 100
72 129 100
72 129 100
72 129 100
72 129 100
73 129 100
73 129 100
73 129 100
73 129 100
73 129 100
73 129 100
73 129 100
73 129 100
73 129 100
73 129 100
73 129 100
73 129 100
73 129 100
73 129 100
73 129 100
73 129 100
73 129 100
73 129 100
73 129 100
74 129 100
74 129 100
74 129 100
74 129 100
74 129 100
74 129 100
74 129 100
74 129 100
74 129 100
74 129 100
74 129 100
74 129 100
74 129 100
74 129 100
74 129 100
74 129 100
74 129 100
74 129 100
75 129 100
75 129 100
75 129 100
75 129 100
75 129 100
75 129 100
75 129 100
75 129 100
75 129 100
75 129 100
75 129 100
75 129 100
75 129 100
75 129 100
75 129 100
75 129 100
75 129 100
75 129 100
76 129 100
76 129 100
76 129 100
76 129 100
76 129 100
76 129 100
76 129 100
76 129 100
76 129 100
76 129 100
76 129 100
76 129 100
76 129 100
76 129 100
76 129 100
76 129 100
76 129 100
77 129 100
77 129 100
77 129 100
77 129 100
77 129 100
77 129 100
77 129 100
77 129 100
77 129 100
77 129 100
77 129 100
77 129 100
77 129 100
77 129 100
77 129 100
77 129 100
77 129 100
78 129 100
78 129 100
78 129 100
78 129 100
78 129 100
78 129 100
78 129 100
78 129 100
78 129 100
78 129 100
78 129 100
78 129 100
78 129 100
78 129 100
78 129 100
78 129 100
78 129 100
79 129 100
79 129 100
79 129 100
79 129 100
79 129 100
79 129 100
79 129 100
79 129 100
79 129 100
79 129 100
79 129 100
79 129 100
79 129 100
79 129 100
79 129 100
79 129 100
79 129 100
79 129 100
80 129 100
80 129 100
80 129 100
80 129 100
80 129 100
80 129 100
80 129 100
80 129 100
80 129 100
80 129 100
80 129 100
80 129 100
80 129 100
80 129 100
80 129 100
80 129 100
80 129 100
80 129 100
81 129 100
81 129 100
81 129 100
81 129 100
81 129 100
81 129 100
81 129 100
81 129 100
81 129 100
81 129 100
81 129 100
81 129 100
81 129 100
81 129 100
81 129 100
81 129 100
81 129 100
81 129 100
82 129 100
82 129 100
82 129 100
82 129 100
82 129 100
82 129 100
82 129 100
82 129 100
82 129 100
82 129 100
82 129 100
82 129 100
82 129 100
82 129 100
82 129 100
82 129 100
82 129 100
82 129 100
83 129 100
83 129 100
83 129 100
83 129 100
83 129 100
83 129 100
83 129 100
83 129 100
83 129 100
83 129 100
83 129 100
83 129 100
83 129 100
83 129 100
83 129 100
83 129 100
83 129 100
84 129 100
84 129 100
84 129 100
84 129 100
84 129 100
84 129 100
84 129 100
84 129 100
84 129 100
84 129 100
84 129 100
84 129 100
84 129 100
84 129 100
84 129 100
84 129 100
85 129 100
85 129 100
85 129 100
85 129 100
85 129 100
85 129 100
85 129 100
85 129 100
85 129 100
85 129 100
85 129 100
85 129 100
85 129 100
85 129 100
85 129 100
86 129 100
86 129 100
86 129 100
86 129 100
86 129 100
86 129 100
86 129 100
86 129 100
86 129 100
86 129 100
86 129 100
86 129 100
86 129 100
87 129 100
87 129 100
87 129 100
87 129 100
87 129 100
87 129 100
87 129 100
87 129 100
87 129 100
87 129 100
88 129 100
88 129 100
88 129 100
88 129 100
88 129 100
88 129 100
88 129 100
88 129 100
89 129 100
89 129 100
89 129 100
89 129 100
89 129 100
89 129 100
90 129 100
90 129 100
90 129 100
90 129 100
90 129 100
91 129 100
91 129 100
91 129 100
91 129 100
92 129 100
92 129 100
92 129 100
93 129 100
93 129 100
93 129 100
94 129 100
94 129 100
95 129 100
95 129 100
96 129 100
96 129 100
97 129 100
98 129 100
99 129 100
100 129 100
101 129 100
102 129 100
102 128 100
102 127 100
102 126 100
102 125 100
102 124 100
102 123 100
102 122 100
102 121 100
102 120 100
102 119 100
102 118 100
102 117 100
102 116 100
102 115 100
102 115 100
102 114 100
102 114 100
102 113 100
102 113 100
102 112 100
102 112 100
102 111 100
102 111 100
102 110 100
102 110 100
102 109 100
102 109 100
102 108 100
102 108 100
102 107 100
102 107 100
102 106 100
102 106 100
102 105 100
102 105 100
102 105 100
102 104 100
102 104 100
102 104 100
102 103 100
102 103 100
102 103 100
102 102 100
102 102 100
102 102 100
102 101 100
102 101 100
102 101 100
102 100 100
102 100 100
102 100 100
102 99 100
102 99 100
102 99 100
102 98 100
102 98 100
102 98 100
102 97 100
102 97 100
102 97 100
102 96 100
102 96 100
102 96 100
102 95 100
102 95 100
102 95 100
102 94 100
102 94 100
102 94 100
102 93 100
102 93 100
102 93 100
102 92 100
102 92 100
102 92 100
102 91 100
102 91 100
102 90 100
102 90 100
102 89 100
102 89 100
102 88 100
102 88 100
102 87 100
102 87 100
102 86 100
102 86 100
102 86 100
102 85 100
102 85 100
102 85 100
102 84 100
102 84 100
102 84 100
102 83 100
102 83 100
102 83 100
102 82 100
102 82 100
102 82 100
102 81 100
102 81 100
102 81 100
102 80 100
102 80 100
102 80 100
102 79 100
102 79 100
102 79 100
102 78 100
102 78 100
102 78 100
102 77 100
102 77 100
102 76 100
102 76 100
102 75 100
102 75 100
102 74 100
102 74 100
102 73 100
102 73 100
102 72 100
102 72 100
102 71 100
102 70 100
102 69 100
102 68 100
102 67 100
102 66 100
102 65 100
102 64 100
102 63 100
102 62 100
102 61 100
102 60 100
102 59 100
102 58 100
102 57 100
102 56 100
102 55 100
102 54 100
102 53 100
102 52 100
102 51 100
102 50 100
102 49 100
102 48 100
102 47 100
102 47 100
102 46 100
102 46 100
102 45 100
102 45 100
102 44 100
102 44 100
102 43 100
102 43 100
102 43 100
102 42 100
102 42 100
102 42 100
102 41 100
102 41 100
102 41 100
102 40 100
102 40 100
102 40 100
102 39 100
102 39 100
102 39 100
102 38 100
102 38 100
102 38 100
102 37 100
102 37 100
102 36 100
102 36 100
102 35 100
102 35 100
102 34 100
102 34 100
102 33 100
102 33 100
102 32 100
102 32 100
102 31 100
102 30 100
102 29 100
102 28 100
102 27 100
102 26 100
102 26 100
102 25 100
102 25 100
102 24 100
102 24 100
102 23 100
102 23 100
102 22 100
102 22 100
102 21 100
102 20 100
102 19 100
102 18 100
102 17 100
102 16 100
102 15 100
102 14 100
102 13 100
102 12 100
102 11 100
102 10 100
102 9 100
102 8 100
102 7 100
102 6 100
102 5 100
102 4 100
102 3 100
# move from (125,143) to (102,3)
125 143 100
124 143 100
123 143 100
122 143 100
121 143 100
120 143 100
119 143 100
119 143 100
118 143 100
118 143 100
117 143 100
117 143 100
116 143 100
116 143 100
115 143 100
115 143 100
114 143 100
114 143 100
113 143 100
113 143 100
112 143 100
112 143 100
111 143 100
111 143 100
110 143 100
110 143 100
109 143 100
109 143 100
108 143 100
108 143 100
107 143 100
107 143 100
106 143 100
106 143 100
105 143 100
105 143 100
105 143 100
104 143 100
104 143 100
104 143 100
103 143 100
103 143 100
103 143 100
103 143 100
102 143 100
102 143 100
102 143 100
102 143 100
102 143 100
102 142 100
102 142 100
102 142 100
102 142 100
102 141 100
102 141 100
102 141 100
102 140 100
102 140 100
102 140 100
102 139 100
102 139 100
102 138 100
102 138 100
102 137 100
102 136 100
102 135 100
102 134 100
102 133 100
102 132 100
102 131 100
102 130 100
# move from (50,84) to (102,3)
50 84 100
50 84 100
51 84 100
51 84 100
52 84 100
52 84 100
53 84 100
53 84 100
54 84 100
54 84 100
55 84 100
55 84 100
56 84 100
56 84 100
57 84 100
57 84 100
58 84 100
58 84 100
59 84 100
59 84 100
60 84 100
60 84 100
61 84 100
61 84 100
62 84 100
62 84 100
63 84 100
63 84 100
64 84 100
64 84 100
64 84 100
65 84 100
65 84 100
65 84 100
66 84 100
66 84 100
66 84 100
66 84 100
67 84 100
67 84 100
67 84 100
67 84 100
68 84 100
68 84 100
68 84 100
68 84 100
68 84 100
69 84 100
69 84 100
69 84 100
69 84 100
69 84 100
70 84 100
70 84 100
70 84 100
70 84 100
70 84 100
70 84 100
71 84 100
71 84 100
71 84 100
71 84 100
71 84 100
71 84 100
71 84 100
72 84 100
72 84 100
72 84 100
72 84 100
72 84 100
72 84 100
72 84 100
72 84 100
73 84 100
73 84 100
73 84 100
73 84 100
73 84 100
73 84 100
73 84 100
73 84 100
74 84 100
74 84 100
74 84 100
74 84 100
74 84 100
74 84 100
74 84 100
74 84 100
74 84 100
75 84 100
75 84 100
75 84 100
75 84 100
75 84 100
75 84 100
75 84 100
75 84 100
75 84 100
76 84 100
76 84 100
76 84 100
76 84 100
76 84 100
76 84 100
76 84 100
76 84 100
77 84 100
77 84 100
77 84 100
77 84 100
77 84 100
77 84 100
77 84 100
78 84 100
78 84 100
78 84 100
78 84 100
78 84 100
78 84 100
79 84 100
79 84 100
79 84 100
79 84 100
79 84 100
79 84 100
80 84 100
80 84 100
80 84 100
80 84 100
80 84 100
81 84 100
81 84 100
81 84 100
81 84 100
82 84 100
82 84 100
82 84 100
82 84 100
83 84 100
83 84 100
83 84 100
83 84 100
84 84 100
84 84 100
84 84 100
84 84 100
85 84 100
85 84 100
85 84 100
85 84 100
86 84 100
86 84 100
86 84 100
86 84 100
87 84 100
87 84 100
87 84 100
87 84 100
88 84 100
88 84 100
88 84 100
88 84 100
89 84 100
89 84 100
89 84 100
89 84 100
90 84 100
90 84 100
90 84 100
90 84 100
91 84 100
91 84 100
91 84 100
91 84 100
92 84 100
92 84 100
92 84 100
92 84 100
93 84 100
93 84 100
93 84 100
93 84 100
94 84 100
94 84 100
94 84 100
95 84 100
95 84 100
95 84 100
96 84 100
96 84 100
96 84 100
97 84 100
97 84 100
97 84 100
98 84 100
98 84 100
99 84 100
99 84 100
100 84 100
100 84 100
101 84 100
101 84 100
101 84 100
