# move from (185,196) to (36,10)
185 196 100
184 196 100
183 196 100
182 196 100
181 196 100
180 196 100
179 196 100
178 196 100
177 196 100
176 196 100
175 196 100
174 196 100
173 196 100
172 196 100
171 196 100
170 196 100
169 196 100
168 196 100
167 196 100
166 196 100
165 196 100
164 196 100
163 196 100
162 196 100
161 196 100
161 196 100
160 196 100
160 196 100
159 196 100
159 196 100
158 196 100
158 196 100
158 196 100
157 196 100
157 196 100
157 196 100
156 196 100
156 196 100
156 196 100
155 196 100
155 196 100
155 196 100
154 196 100
154 196 100
154 196 100
153 196 100
153 196 100
153 196 100
152 196 100
152 196 100
152 196 100
151 196 100
151 196 100
151 196 100
150 196 100
150 196 100
150 196 100
149 196 100
149 196 100
149 196 100
148 196 100
148 196 100
148 196 100
147 196 100
147 196 100
147 196 100
146 196 100
146 196 100
146 196 100
145 196 100
145 196 100
145 196 100
145 196 100
144 196 100
144 196 100
144 196 100
144 196 100
143 196 100
143 196 100
143 196 100
143 196 100
143 196 100
142 196 100
142 196 100
142 196 100
142 196 100
142 196 100
142 196 100
141 196 100
141 196 100
141 196 100
141 196 100
141 196 100
141 196 100
141 196 100
141 196 100
140 196 100
140 196 100
140 196 100
140 196 100
140 196 100
140 196 100
140 196 100
140 196 100
140 196 100
140 196 100
139 196 100
139 196 100
139 196 100
139 196 100
139 196 100
139 196 100
139 196 100
139 196 100
139 196 100
139 196 100
139 196 100
139 196 100
138 196 100
138 196 100
138 196 100
138 196 100
138 196 100
138 196 100
138 196 100
138 196 100
138 196 100
138 196 100
138 196 100
138 196 100
138 196 100
138 196 100
137 196 100
137 196 100
137 196 100
137 196 100
137 196 100
137 196 100
137 196 100
137 196 100
137 196 100
137 196 100
137 196 100
137 196 100
137 196 100
137 196 100
137 196 100
137 196 100
137 196 100
136 196 100
136 196 100
136 196 100
136 196 100
136 196 100
136 196 100
136 196 100
136 196 100
136 196 100
136 196 100
136 196 100
136 196 100
136 196 100
136 196 100
136 196 100
136 196 100
136 196 100
136 196 100
136 196 100
136 196 100
135 196 100
135 196 100
135 196 100
135 196 100
135 196 100
135 196 100
135 196 100
135 196 100
135 196 100
135 196 100
135 196 100
135 196 100
135 196 100
135 196 100
135 196 100
135 196 100
135 196 100
135 196 100
135 196 100
135 196 100
135 196 100
135 196 100
134 196 100
134 196 100
134 196 100
134 196 100
134 196 100
134 196 100
134 196 100
134 196 100
134 196 100
134 196 100
134 196 100
134 196 100
134 196 100
134 196 100
134 196 100
134 196 100
134 196 100
134 196 100
134 196 100
134 196 100
134 196 100
134 196 100
134 196 100
134 196 100
134 196 100
133 196 100
133 196 100
133 196 100
133 196 100
133 196 100
133 196 100
133 196 100
133 196 100
133 196 100
133 196 100
133 196 100
133 196 100
133 196 100
133 196 100
133 196 100
133 196 100
133 196 100
133 196 100
133 196 100
133 196 100
133 196 100
133 196 100
133 196 100
133 196 100
133 196 100
133 196 100
133 196 100
132 196 100
132 196 100
132 196 100
132 196 100
132 196 100
132 196 100
132 196 100
132 196 100
132 196 100
132 196 100
132 196 100
132 196 100
132 196 100
132 196 100
132 196 100
132 196 100
132 196 100
132 196 100
132 196 100
132 196 100
132 196 100
132 196 100
132 196 100
132 196 100
132 196 100
132 196 100
132 196 100
132 196 100
132 196 100
131 196 100
131 196 100
131 196 100
131 196 100
131 196 100
131 196 100
131 196 100
131 196 100
131 196 100
131 196 100
131 196 100
131 196 100
131 196 100
131 196 100
131 196 100
131 196 100
131 196 100
131 196 100
131 196 100
131 196 100
131 196 100
131 196 100
131 196 100
131 196 100
131 196 100
131 196 100
131 196 100
131 196 100
131 196 100
131 196 100
131 196 100
130 196 100
130 196 100
130 196 100
130 196 100
130 196 100
130 196 100
130 196 100
130 196 100
130 196 100
130 196 100
130 196 100
130 196 100
130 196 100
130 196 100
130 196 100
130 196 100
130 196 100
130 196 100
130 196 100
130 196 100
130 196 100
130 196 100
130 196 100
130 196 100
130 196 100
130 196 100
130 196 100
130 196 100
130 196 100
130 196 100
130 196 100
130 196 100
129 196 100
129 196 100
129 196 100
129 196 100
129 196 100
129 196 100
129 196 100
129 196 100
129 196 100
129 196 100
129 196 100
129 196 100
129 196 100
129 196 100
129 196 100
129 196 100
129 196 100
129 196 100
129 196 100
129 196 100
129 196 100
129 196 100
129 196 100
129 196 100
129 196 100
129 196 100
129 196 100
129 196 100
129 196 100
129 196 100
129 196 100
129 196 100
129 196 100
128 196 100
128 196 100
128 196 100
128 196 100
128 196 100
128 196 100
128 196 100
128 196 100
128 196 100
128 196 100
128 196 100
128 196 100
128 196 100
128 196 100
128 196 100
128 196 100
128 196 100
128 196 100
128 196 100
128 196 100
128 196 100
128 196 100
128 196 100
128 196 100
128 196 100
128 196 100
128 196 100
128 196 100
128 196 100
128 196 100
128 196 100
128 196 100
128 196 100
127 196 100
127 196 100
127 196 100
127 196 100
127 196 100
127 196 100
127 196 100
127 196 100
127 196 100
127 196 100
127 196 100
127 196 100
127 196 100
127 196 100
127 196 100
127 196 100
127 196 100
127 196 100
127 196 100
127 196 100
127 196 100
127 196 100
127 196 100
127 196 100
127 196 100
127 196 100
127 196 100
127 196 100
127 196 100
127 196 100
127 196 100
127 196 100
127 196 100
126 196 100
126 196 100
126 196 100
126 196 100
126 196 100
126 196 100
126 196 100
126 196 100
126 196 100
126 196 100
126 196 100
126 196 100
126 196 100
126 196 100
126 196 100
126 196 100
126 196 100
126 196 100
126 196 100
126 196 100
126 196 100
126 196 100
126 196 100
126 196 100
126 196 100
126 196 100
126 196 100
126 196 100
126 196 100
126 196 100
126 196 100
126 196 100
125 196 100
125 196 100
125 196 100
125 196 100
125 196 100
125 196 100
125 196 100
125 196 100
125 196 100
125 196 100
125 196 100
125 196 100
125 196 100
125 196 100
125 196 100
125 196 100
125 196 100
125 196 100
125 196 100
125 196 100
125 196 100
125 196 100
125 196 100
125 196 100
125 196 100
125 196 100
125 196 100
125 196 100
125 196 100
125 196 100
125 196 100
125 196 100
124 196 100
124 196 100
124 196 100
124 196 100
124 196 100
124 196 100
124 196 100
124 196 100
124 196 100
124 196 100
124 196 100
124 196 100
124 196 100
124 196 100
124 196 100
124 196 100
124 196 100
124 196 100
124 196 100
124 196 100
124 196 100
124 196 100
124 196 100
124 196 100
124 196 100
124 196 100
124 196 100
124 196 100
124 196 100
124 196 100
123 196 100
123 196 100
123 196 100
123 196 100
123 196 100
123 196 100
123 196 100
123 196 100
123 196 100
123 196 100
123 196 100
123 196 100
123 196 100
123 196 100
123 196 100
123 196 100
123 196 100
123 196 100
123 196 100
123 196 100
123 196 100
123 196 100
123 196 100
123 196 100
123 196 100
123 196 100
123 196 100
123 196 100
123 196 100
122 196 100
122 196 100
122 196 100
122 196 100
122 196 100
122 196 100
122 196 100
122 196 100
122 196 100
122 196 100
122 196 100
122 196 100
122 196 100
122 196 100
122 196 100
122 196 100
122 196 100
122 196 100
122 196 100
122 196 100
122 196 100
122 196 100
122 196 100
122 196 100
122 196 100
122 196 100
122 196 100
121 196 100
121 196 100
121 196 100
121 196 100
121 196 100
121 196 100
121 196 100
121 196 100
121 196 100
121 196 100
121 196 100
121 196 100
121 196 100
121 196 100
121 196 100
121 196 100
121 196 100
121 196 100
121 196 100
121 196 100
121 196 100
121 196 100
121 196 100
121 196 100
121 196 100
120 196 100
120 196 100
120 196 100
120 196 100
120 196 100
120 196 100
120 196 100
120 196 100
120 196 100
120 196 100
120 196 100
120 196 100
120 196 100
120 196 100
120 196 100
120 196 100
120 196 100
120 196 100
120 196 100
120 196 100
120 196 100
120 196 100
120 196 100
119 196 100
119 196 100
119 196 100
119 196 100
119 196 100
119 196 100
119 196 100
119 196 100
119 196 100
119 196 100
119 196 100
119 196 100
119 196 100
119 196 100
119 196 100
119 196 100
119 196 100
119 196 100
119 196 100
119 196 100
118 196 100
118 196 100
118 196 100
118 196 100
118 196 100
118 196 100
118 196 100
118 196 100
118 196 100
118 196 100
118 196 100
118 196 100
118 196 100
118 196 100
118 196 100
118 196 100
118 196 100
118 196 100
117 196 100
117 196 100
117 196 100
117 196 100
117 196 100
117 196 100
117 196 100
117 196 100
117 196 100
117 196 100
117 196 100
117 196 100
117 196 100
117 196 100
117 196 100
116 196 100
116 196 100
116 196 100
116 196 100
116 196 100
116 196 100
116 196 100
116 196 100
116 196 100
116 196 100
116 196 100
116 196 100
116 196 100
115 196 100
115 196 100
115 196 100
115 196 100
115 196 100
115 196 100
115 196 100
115 196 100
115 196 100
115 196 100
115 196 100
114 196 100
114 196 100
114 196 100
114 196 100
114 196 100
114 196 100
114 196 100
114 196 100
114 196 100
113 196 100
113 196 100
113 196 100
113 196 100
113 196 100
113 196 100
113 196 100
112 196 100
112 196 100
112 196 100
112 196 100
112 196 100
112 196 100
111 196 100
111 196 100
111 196 100
111 196 100
111 196 100
110 196 100
110 196 100
110 196 100
110 196 100
109 196 100
109 196 100
109 196 100
108 196 100
108 196 100
108 196 100
107 196 100
107 196 100
106 196 100
106 196 100
105 196 100
105 196 100
104 196 100
104 196 100
103 196 100
102 196 100
101 196 100
100 196 100
99 196 100
99 196 100
98 196 100
98 196 100
97 196 100
97 196 100
96 196 100
96 196 100
96 196 100
95 196 100
95 196 100
95 196 100
94 196 100
94 196 100
94 196 100
94 196 100
93 196 100
93 196 100
93 196 100
93 196 100
93 196 100
92 196 100
92 196 100
92 196 100
92 196 100
92 196 100
92 196 100
91 196 100
91 196 100
91 196 100
91 196 100
91 196 100
91 196 100
91 196 100
90 196 100
90 196 100
90 196 100
90 196 100
90 196 100
90 196 100
90 196 100
89 196 100
89 196 100
89 196 100
89 196 100
89 196 100
89 196 100
88 196 100
88 196 100
88 196 100
88 196 100
88 196 100
88 196 100
87 196 100
87 196 100
87 196 100
87 196 100
87 196 100
86 196 100
86 196 100
86 196 100
86 196 100
85 196 100
85 196 100
85 196 100
84 196 100
84 196 100
84 196 100
83 196 100
83 196 100
82 196 100
81 196 100
80 196 100
79 196 100
78 196 100
77 196 100
76 196 100
75 196 100
74 196 100
73 196 100
72 196 100
71 196 100
70 196 100
69 196 100
68 196 100
67 196 100
66 196 100
65 196 100
64 196 100
63 196 100
62 196 100
61 196 100
60 196 100
59 196 100
58 196 100
57 196 100
56 196 100
55 196 100
55 196 100
54 196 100
54 196 100
54 196 100
53 196 100
53 196 100
53 196 100
53 196 100
53 196 100
52 196 100
52 196 100
52 196 100
52 196 100
52 196 100
52 196 100
52 196 100
51 196 100
51 196 100
51 196 100
51 196 100
51 196 100
51 196 100
51 196 100
51 196 100
51 196 100
51 196 100
51 196 100
50 196 100
50 196 100
50 196 100
50 196 100
50 196 100
50 196 100
50 196 100
50 196 100
50 196 100
50 196 100
50 196 100
50 196 100
50 196 100
50 196 100
49 196 100
49 196 100
49 196 100
49 196 100
49 196 100
49 196 100
49 196 100
49 196 100
49 196 100
49 196 100
49 196 100
49 196 100
49 196 100
49 196 100
49 196 100
49 196 100
49 196 100
49 196 100
48 196 100
48 196 100
48 196 100
48 196 100
48 196 100
48 196 100
48 196 100
48 196 100
48 196 100
48 196 100
48 196 100
48 196 100
48 196 100
48 196 100
48 196 100
48 196 100
48 196 100
48 196 100
48 196 100
48 196 100
48 196 100
48 196 100
47 196 100
47 196 100
47 196 100
47 196 100
47 196 100
47 196 100
47 196 100
47 196 100
47 196 100
47 196 100
47 196 100
47 196 100
47 196 100
47 196 100
47 196 100
47 196 100
47 196 100
47 196 100
47 196 100
47 196 100
47 196 100
47 196 100
47 196 100
47 196 100
47 196 100
46 196 100
46 196 100
46 196 100
46 196 100
46 196 100
46 196 100
46 196 100
46 196 100
46 196 100
46 196 100
46 196 100
46 196 100
46 196 100
46 196 100
46 196 100
46 196 100
46 196 100
46 196 100
46 196 100
46 196 100
46 196 100
46 196 100
46 196 100
46 196 100
46 196 100
46 196 100
46 196 100
45 196 100
45 196 100
45 196 100
45 196 100
45 196 100
45 196 100
45 196 100
45 196 100
45 196 100
45 196 100
45 196 100
45 196 100
45 196 100
45 196 100
45 196 100
45 196 100
45 196 100
45 196 100
45 196 100
45 196 100
45 196 100
45 196 100
45 196 100
45 196 100
45 196 100
45 196 100
45 196 100
45 196 100
45 196 100
44 196 100
44 196 100
44 196 100
44 196 100
44 196 100
44 196 100
44 196 100
44 196 100
44 196 100
44 196 100
44 196 100
44 196 100
44 196 100
44 196 100
44 196 100
44 196 100
44 196 100
44 196 100
44 196 100
44 196 100
44 196 100
44 196 100
44 196 100
44 196 100
44 196 100
44 196 100
44 196 100
44 196 100
44 196 100
44 196 100
43 196 100
43 196 100
43 196 100
43 196 100
43 196 100
43 196 100
43 196 100
43 196 100
43 196 100
43 196 100
43 196 100
43 196 100
43 196 100
43 196 100
43 196 100
43 196 100
43 196 100
43 196 100
43 196 100
43 196 100
43 196 100
43 196 100
43 196 100
43 196 100
43 196 100
43 196 100
43 196 100
43 196 100
43 196 100
43 196 100
43 196 100
42 196 100
42 196 100
42 196 100
42 196 100
42 196 100
42 196 100
42 196 100
42 196 100
42 196 100
42 196 100
42 196 100
42 196 100
42 196 100
42 196 100
42 196 100
42 196 100
42 196 100
42 196 100
42 196 100
42 196 100
42 196 100
42 196 100
42 196 100
42 196 100
42 196 100
42 196 100
42 196 100
42 196 100
42 196 100
42 196 100
42 196 100
41 196 100
41 196 100
41 196 100
41 196 100
41 196 100
41 196 100
41 196 100
41 196 100
41 196 100
41 196 100
41 196 100
41 196 100
41 196 100
41 196 100
41 196 100
41 196 100
41 196 100
41 196 100
41 196 100
41 196 100
41 196 100
41 196 100
41 196 100
41 196 100
41 196 100
41 196 100
41 196 100
41 196 100
41 196 100
41 196 100
41 196 100
40 196 100
40 196 100
40 196 100
40 196 100
40 196 100
40 196 100
40 196 100
40 196 100
40 196 100
40 196 100
40 196 100
40 196 100
40 196 100
40 196 100
40 196 100
40 196 100
40 196 100
40 196 100
40 196 100
40 196 100
40 196 100
40 196 100
40 196 100
40 196 100
40 196 100
40 196 100
40 196 100
40 196 100
40 196 100
40 196 100
39 196 100
39 196 100
39 196 100
39 196 100
39 196 100
39 196 100
39 196 100
39 196 100
39 196 100
39 196 100
39 196 100
39 196 100
39 196 100
39 196 100
39 196 100
39 196 100
39 196 100
39 196 100
39 196 100
39 196 100
39 196 100
39 196 100
39 196 100
39 196 100
39 196 100
39 196 100
39 196 100
39 196 100
38 196 100
38 196 100
38 196 100
38 196 100
38 196 100
38 196 100
38 196 100
38 196 100
38 196 100
38 196 100
38 196 100
38 196 100
38 196 100
38 196 100
38 196 100
38 196 100
38 196 100
38 196 100
38 196 100
38 196 100
38 196 100
38 196 100
38 196 100
38 196 100
38 196 100
38 196 100
37 196 100
37 196 100
37 196 100
37 196 100
37 196 100
37 196 100
37 196 100
37 196 100
37 196 100
37 196 100
37 196 100
37 196 100
37 196 100
37 196 100
37 196 100
37 196 100
37 196 100
37 196 100
37 196 100
37 196 100
37 196 100
37 196 100
37 196 100
37 196 100
36 196 100
36 196 100
36 196 100
36 196 100
36 196 100
36 196 100
36 196 100
36 196 100
36 196 100
36 196 100
36 196 100
36 196 100
36 196 100
36 196 100
36 196 100
36 196 100
36 196 100
36 196 100
36 196 100
36 196 100
36 196 100
36 196 100
36 195 100
36 195 100
36 195 100
36 195 100
36 195 100
36 195 100
36 195 100
36 195 100
36 195 100
36 195 100
36 195 100
36 195 100
36 195 100
36 195 100
36 195 100
36 195 100
36 195 100
36 195 100
36 195 100
36 195 100
36 194 100
36 194 100
36 194 100
36 194 100
36 194 100
36 194 100
36 194 100
36 194 100
36 194 100
36 194 100
36 194 100
36 194 100
36 194 100
36 194 100
36 194 100
36 194 100
36 194 100
36 193 100
36 193 100
36 193 100
36 193 100
36 193 100
36 193 100
36 193 100
36 193 100
36 193 100
36 193 100
36 193 100
36 193 100
36 193 100
36 193 100
36 192 100
36 192 100
36 192 100
36 192 100
36 192 100
36 192 100
36 192 100
36 192 100
36 192 100
36 192 100
36 192 100
36 191 100
36 191 100
36 191 100
36 191 100
36 191 100
36 191 100
36 191 100
36 191 100
36 190 100
36 190 100
36 190 100
36 190 100
36 190 100
36 190 100
36 189 100
36 189 100
36 189 100
36 189 100
36 188 100
36 188 100
36 188 100
36 187 100
36 187 100
36 186 100
36 186 100
36 185 100
36 185 100
36 184 100
36 183 100
36 182 100
36 181 100
36 180 100
36 179 100
36 178 100
36 177 100
36 176 100
36 175 100
36 174 100
36 173 100
36 172 100
36 171 100
36 170 100
36 170 100
36 169 100
36 169 100
36 169 100
36 168 100
36 168 100
36 168 100
36 168 100
36 168 100
36 168 100
36 167 100
36 167 100
36 167 100
36 167 100
36 167 100
36 167 100
36 167 100
36 167 100
36 167 100
36 166 100
36 166 100
36 166 100
36 166 100
36 166 100
36 166 100
36 166 100
36 166 100
36 166 100
36 166 100
36 166 100
36 166 100
36 166 100
36 165 100
36 165 100
36 165 100
36 165 100
36 165 100
36 165 100
36 165 100
36 165 100
36 165 100
36 165 100
36 165 100
36 165 100
36 165 100
36 165 100
36 165 100
36 165 100
36 165 100
36 165 100
36 164 100
36 164 100
36 164 100
36 164 100
36 164 100
36 164 100
36 164 100
36 164 100
36 164 100
36 164 100
36 164 100
36 164 100
36 164 100
36 164 100
36 164 100
36 164 100
36 164 100
36 164 100
36 164 100
36 164 100
36 164 100
36 164 100
36 164 100
36 163 100
36 163 100
36 163 100
36 163 100
36 163 100
36 163 100
36 163 100
36 163 100
36 163 100
36 163 100
36 163 100
36 163 100
36 163 100
36 163 100
36 163 100
36 163 100
36 163 100
36 163 100
36 163 100
36 163 100
36 163 100
36 163 100
36 163 100
36 163 100
36 163 100
36 163 100
36 163 100
36 163 100
36 162 100
36 162 100
36 162 100
36 162 100
36 162 100
36 162 100
36 162 100
36 162 100
36 162 100
36 162 100
36 162 100
36 162 100
36 162 100
36 162 100
36 162 100
36 162 100
36 162 100
36 162 100
36 162 100
36 162 100
36 162 100
36 162 100
36 162 100
36 162 100
36 162 100
36 162 100
36 162 100
36 162 100
36 162 100
36 162 100
36 162 100
36 161 100
36 161 100
36 161 100
36 161 100
36 161 100
36 161 100
36 161 100
36 161 100
36 161 100
36 161 100
36 161 100
36 161 100
36 161 100
36 161 100
36 161 100
36 161 100
36 161 100
36 161 100
36 161 100
36 161 100
36 161 100
36 161 100
36 161 100
36 161 100
36 161 100
36 161 100
36 161 100
36 161 100
36 161 100
36 161 100
36 161 100
36 161 100
36 161 100
36 160 100
36 160 100
36 160 100
36 160 100
36 160 100
36 160 100
36 160 100
36 160 100
36 160 100
36 160 100
36 160 100
36 160 100
36 160 100
36 160 100
36 160 100
36 160 100
36 160 100
36 160 100
36 160 100
36 160 100
36 160 100
36 160 100
36 160 100
36 160 100
36 160 100
36 160 100
36 160 100
36 160 100
36 160 100
36 160 100
36 160 100
36 160 100
36 160 100
36 160 100
36 159 100
36 159 100
36 159 100
36 159 100
36 159 100
36 159 100
36 159 100
36 159 100
36 159 100
36 159 100
36 159 100
36 159 100
36 159 100
36 159 100
36 159 100
36 159 100
36 159 100
36 159 100
36 159 100
36 159 100
36 159 100
36 159 100
36 159 100
36 159 100
36 159 100
36 159 100
36 159 100
36 159 100
36 159 100
36 159 100
36 159 100
36 159 100
36 159 100
36 159 100
36 158 100
36 158 100
36 158 100
36 158 100
36 158 100
36 158 100
36 158 100
36 158 100
36 158 100
36 158 100
36 158 100
36 158 100
36 158 100
36 158 100
36 158 100
36 158 100
36 158 100
36 158 100
36 158 100
36 158 100
36 158 100
36 158 100
36 158 100
36 158 100
36 158 100
36 158 100
36 158 100
36 158 100
36 158 100
36 158 100
36 158 100
36 158 100
36 157 100
36 157 100
36 157 100
36 157 100
36 157 100
36 157 100
36 157 100
36 157 100
36 157 100
36 157 100
36 157 100
36 157 100
36 157 100
36 157 100
36 157 100
36 157 100
36 157 100
36 157 100
36 157 100
36 157 100
36 157 100
36 157 100
36 157 100
36 157 100
36 157 100
36 157 100
36 157 100
36 157 100
36 157 100
36 157 100
36 156 100
36 156 100
36 156 100
36 156 100
36 156 100
36 156 100
36 156 100
36 156 100
36 156 100
36 156 100
36 156 100
36 156 100
36 156 100
36 156 100
36 156 100
36 156 100
36 156 100
36 156 100
36 156 100
36 156 100
36 156 100
36 156 100
36 156 100
36 156 100
36 156 100
36 156 100
36 155 100
36 155 100
36 155 100
36 155 100
36 155 100
36 155 100
36 155 100
36 155 100
36 155 100
36 155 100
36 155 100
36 155 100
36 155 100
36 155 100
36 155 100
36 155 100
36 155 100
36 155 100
36 155 100
36 155 100
36 155 100
36 155 100
36 154 100
36 154 100
36 154 100
36 154 100
36 154 100
36 154 100
36 154 100
36 154 100
36 154 100
36 154 100
36 154 100
36 154 100
36 154 100
36 154 100
36 154 100
36 154 100
36 154 100
36 154 100
36 153 100
36 153 100
36 153 100
36 153 100
36 153 100
36 153 100
36 153 100
36 153 100
36 153 100
36 153 100
36 153 100
36 153 100
36 153 100
36 153 100
36 153 100
36 152 100
36 152 100
36 152 100
36 152 100
36 152 100
36 152 100
36 152 100
36 152 100
36 152 100
36 152 100
36 152 100
36 152 100
36 151 100
36 151 100
36 151 100
36 151 100
36 151 100
36 151 100
36 151 100
36 151 100
36 151 100
36 151 100
36 150 100
36 150 100
36 150 100
36 150 100
36 150 100
36 150 100
36 150 100
36 150 100
36 149 100
36 149 100
36 149 100
36 149 100
36 149 100
36 149 100
36 148 100
36 148 100
36 148 100
36 148 100
36 148 100
36 147 100
36 147 100
36 147 100
36 147 100
36 146 100
36 146 100
36 146 100
36 145 100
36 145 100
36 145 100
36 144 100
36 144 100
36 144 100
36 143 100
36 143 100
36 143 100
36 142 100
36 142 100
36 142 100
36 141 100
36 141 100
36 141 100
36 140 100
36 140 100
36 140 100
36 139 100
36 139 100
36 139 100
36 138 100
36 138 100
36 138 100
36 138 100
36 137 100
36 137 100
36 137 100
36 137 100
36 136 100
36 136 100
36 136 100
36 136 100
36 135 100
36 135 100
36 135 100
36 135 100
36 134 100
36 134 100
36 134 100
36 134 100
36 133 100
36 133 100
36 133 100
36 133 100
36 132 100
36 132 100
36 132 100
36 131 100
36 131 100
36 131 100
36 130 100
36 130 100
36 129 100
36 129 100
36 128 100
36 127 100
36 126 100
36 125 100
36 124 100
36 123 100
36 122 100
36 121 100
36 120 100
36 119 100
36 118 100
36 117 100
36 116 100
36 115 100
36 114 100
36 113 100
36 112 100
36 111 100
36 110 100
36 109 100
36 108 100
36 107 100
36 106 100
36 105 100
36 104 100
36 103 100
36 102 100
36 101 100
36 100 100
36 99 100
36 99 100
36 98 100
36 98 100
36 97 100
36 97 100
36 97 100
36 96 100
36 96 100
36 96 100
36 95 100
36 95 100
36 95 100
36 95 100
36 94 100
36 94 100
36 94 100
36 94 100
36 94 100
36 93 100
36 93 100
36 93 100
36 93 100
36 93 100
36 93 100
36 93 100
36 92 100
36 92 100
36 92 100
36 92 100
36 92 100
36 92 100
36 92 100
36 92 100
36 91 100
36 91 100
36 91 100
36 91 100
36 91 100
36 91 100
36 91 100
36 91 100
36 91 100
36 91 100
36 90 100
36 90 100
36 90 100
36 90 100
36 90 100
36 90 100
36 90 100
36 90 100
36 90 100
36 90 100
36 90 100
36 90 100
36 89 100
36 89 100
36 89 100
36 89 100
36 89 100
36 89 100
36 89 100
36 89 100
36 89 100
36 89 100
36 89 100
36 89 100
36 89 100
36 89 100
36 88 100
36 88 100
36 88 100
36 88 100
36 88 100
36 88 100
36 88 100
36 88 100
36 88 100
36 88 100
36 88 100
36 88 100
36 88 100
36 88 100
36 88 100
36 88 100
36 88 100
36 87 100
36 87 100
36 87 100
36 87 100
36 87 100
36 87 100
36 87 100
36 87 100
36 87 100
36 87 100
36 87 100
36 87 100
36 87 100
36 87 100
36 87 100
36 87 100
36 87 100
36 87 100
36 87 100
36 86 100
36 86 100
36 86 100
36 86 100
36 86 100
36 86 100
36 86 100
36 86 100
36 86 100
36 86 100
36 86 100
36 86 100
36 86 100
36 86 100
36 86 100
36 86 100
36 86 100
36 86 100
36 86 100
36 86 100
36 86 100
36 85 100
36 85 100
36 85 100
36 85 100
36 85 100
36 85 100
36 85 100
36 85 100
36 85 100
36 85 100
36 85 100
36 85 100
36 85 100
36 85 100
36 85 100
36 85 100
36 85 100
36 85 100
36 85 100
36 85 100
36 85 100
36 85 100
36 85 100
36 84 100
36 84 100
36 84 100
36 84 100
36 84 100
36 84 100
36 84 100
36 84 100
36 84 100
36 84 100
36 84 100
36 84 100
36 84 100
36 84 100
36 84 100
36 84 100
36 84 100
36 84 100
36 84 100
36 84 100
36 84 100
36 84 100
36 84 100
36 84 100
36 83 100
36 83 100
36 83 100
36 83 100
36 83 100
36 83 100
36 83 100
36 83 100
36 83 100
36 83 100
36 83 100
36 83 100
36 83 100
36 83 100
36 83 100
36 83 100
36 83 100
36 83 100
36 83 100
36 83 100
36 83 100
36 83 100
36 83 100
36 83 100
36 83 100
36 82 100
36 82 100
36 82 100
36 82 100
36 82 100
36 82 100
36 82 100
36 82 100
36 82 100
36 82 100
36 82 100
36 82 100
36 82 100
36 82 100
36 82 100
36 82 100
36 82 100
36 82 100
36 82 100
36 82 100
36 82 100
36 82 100
36 82 100
36 82 100
36 82 100
36 82 100
36 81 100
36 81 100
36 81 100
36 81 100
36 81 100
36 81 100
36 81 100
36 81 100
36 81 100
36 81 100
36 81 100
36 81 100
36 81 100
36 81 100
36 81 100
36 81 100
36 81 100
36 81 100
36 81 100
36 81 100
36 81 100
36 81 100
36 81 100
36 81 100
36 81 100
36 81 100
36 81 100
36 80 100
36 80 100
36 80 100
36 80 100
36 80 100
36 80 100
36 80 100
36 80 100
36 80 100
36 80 100
36 80 100
36 80 100
36 80 100
36 80 100
36 80 100
36 80 100
36 80 100
36 80 100
36 80 100
36 80 100
36 80 100
36 80 100
36 80 100
36 80 100
36 80 100
36 80 100
36 80 100
36 79 100
36 79 100
36 79 100
36 79 100
36 79 100
36 79 100
36 79 100
36 79 100
36 79 100
36 79 100
36 79 100
36 79 100
36 79 100
36 79 100
36 79 100
36 79 100
36 79 100
36 79 100
36 79 100
36 79 100
36 79 100
36 79 100
36 79 100
36 79 100
36 79 100
36 79 100
36 79 100
36 78 100
36 78 100
36 78 100
36 78 100
36 78 100
36 78 100
36 78 100
36 78 100
36 78 100
36 78 100
36 78 100
36 78 100
36 78 100
36 78 100
36 78 100
36 78 100
36 78 100
36 78 100
36 78 100
36 78 100
36 78 100
36 78 100
36 78 100
36 78 100
36 78 100
36 78 100
36 78 100
36 77 100
36 77 100
36 77 100
36 77 100
36 77 100
36 77 100
36 77 100
36 77 100
36 77 100
36 77 100
36 77 100
36 77 100
36 77 100
36 77 100
36 77 100
36 77 100
36 77 100
36 77 100
36 77 100
36 77 100
36 77 100
36 77 100
36 77 100
36 77 100
36 77 100
36 77 100
36 76 100
36 76 100
36 76 100
36 76 100
36 76 100
36 76 100
36 76 100
36 76 100
36 76 100
36 76 100
36 76 100
36 76 100
36 76 100
36 76 100
36 76 100
36 76 100
36 76 100
36 76 100
36 76 100
36 76 100
36 76 100
36 76 100
36 76 100
36 76 100
36 76 100
36 75 100
36 75 100
36 75 100
36 75 100
36 75 100
36 75 100
36 75 100
36 75 100
36 75 100
36 75 100
36 75 100
36 75 100
36 75 100
36 75 100
36 75 100
36 75 100
36 75 100
36 75 100
36 75 100
36 75 100
36 75 100
36 75 100
36 75 100
36 75 100
36 74 100
36 74 100
36 74 100
36 74 100
36 74 100
36 74 100
36 74 100
36 74 100
36 74 100
36 74 100
36 74 100
36 74 100
36 74 100
36 74 100
36 74 100
36 74 100
36 74 100
36 74 100
36 74 100
36 74 100
36 74 100
36 74 100
36 73 100
36 73 100
36 73 100
36 73 100
36 73 100
36 73 100
36 73 100
36 73 100
36 73 100
36 73 100
36 73 100
36 73 100
36 73 100
36 73 100
36 73 100
36 73 100
36 73 100
36 73 100
36 73 100
36 72 100
36 72 100
36 72 100
36 72 100
36 72 100
36 72 100
36 72 100
36 72 100
36 72 100
36 72 100
36 72 100
36 72 100
36 72 100
36 72 100
36 72 100
36 72 100
36 72 100
36 71 100
36 71 100
36 71 100
36 71 100
36 71 100
36 71 100
36 71 100
36 71 100
36 71 100
36 71 100
36 71 100
36 71 100
36 71 100
36 71 100
36 70 100
36 70 100
36 70 100
36 70 100
36 70 100
36 70 100
36 70 100
36 70 100
36 70 100
36 70 100
36 70 100
36 70 100
36 69 100
36 69 100
36 69 100
36 69 100
36 69 100
36 69 100
36 69 100
36 69 100
36 69 100
36 69 100
36 68 100
36 68 100
36 68 100
36 68 100
36 68 100
36 68 100
36 68 100
36 67 100
36 67 100
36 67 100
36 67 100
36 67 100
36 66 100
36 66 100
36 66 100
36 66 100
36 65 100
36 65 100
36 65 100
36 64 100
36 64 100
36 63 100
36 63 100
36 62 100
36 61 100
36 60 100
36 59 100
36 58 100
36 57 100
36 56 100
36 56 100
36 55 100
36 55 100
36 54 100
36 54 100
36 54 100
36 53 100
36 53 100
36 53 100
36 52 100
36 52 100
36 52 100
36 52 100
36 51 100
36 51 100
36 51 100
36 51 100
36 51 100
36 51 100
36 50 100
36 50 100
36 50 100
36 50 100
36 50 100
36 50 100
36 50 100
36 50 100
36 49 100
36 49 100
36 49 100
36 49 100
36 49 100
36 49 100
36 49 100
36 49 100
36 49 100
36 49 100
36 49 100
36 48 100
36 48 100
36 48 100
36 48 100
36 48 100
36 48 100
36 48 100
36 48 100
36 48 100
36 48 100
36 48 100
36 48 100
36 48 100
36 48 100
36 48 100
36 47 100
36 47 100
36 47 100
36 47 100
36 47 100
36 47 100
36 47 100
36 47 100
36 47 100
36 47 100
36 47 100
36 47 100
36 47 100
36 47 100
36 47 100
36 47 100
36 47 100
36 47 100
36 46 100
36 46 100
36 46 100
36 46 100
36 46 100
36 46 100
36 46 100
36 46 100
36 46 100
36 46 100
36 46 100
36 46 100
36 46 100
36 46 100
36 46 100
36 46 100
36 46 100
36 46 100
36 46 100
36 46 100
36 46 100
36 45 100
36 45 100
36 45 100
36 45 100
36 45 100
36 45 100
36 45 100
36 45 100
36 45 100
36 45 100
36 45 100
36 45 100
36 45 100
36 45 100
36 45 100
36 45 100
36 45 100
36 45 100
36 45 100
36 45 100
36 45 100
36 45 100
36 45 100
36 45 100
36 44 100
36 44 100
36 44 100
36 44 100
36 44 100
36 44 100
36 44 100
36 44 100
36 44 100
36 44 100
36 44 100
36 44 100
36 44 100
36 44 100
36 44 100
36 44 100
36 44 100
36 44 100
36 44 100
36 44 100
36 44 100
36 44 100
36 44 100
36 44 100
36 44 100
36 44 100
36 43 100
36 43 100
36 43 100
36 43 100
36 43 100
36 43 100
36 43 100
36 43 100
36 43 100
36 43 100
36 43 100
36 43 100
36 43 100
36 43 100
36 43 100
36 43 100
36 43 100
36 43 100
36 43 100
36 43 100
36 43 100
36 43 100
36 43 100
36 43 100
36 43 100
36 43 100
36 43 100
36 42 100
36 42 100
36 42 100
36 42 100
36 42 100
36 42 100
36 42 100
36 42 100
36 42 100
36 42 100
36 42 100
36 42 100
36 42 100
36 42 100
36 42 100
36 42 100
36 42 100
36 42 100
36 42 100
36 42 100
36 42 100
36 42 100
36 42 100
36 42 100
36 42 100
36 42 100
36 42 100
36 42 100
36 42 100
36 41 100
36 41 100
36 41 100
36 41 100
36 41 100
36 41 100
36 41 100
36 41 100
36 41 100
36 41 100
36 41 100
36 41 100
36 41 100
36 41 100
36 41 100
36 41 100
36 41 100
36 41 100
36 41 100
36 41 100
36 41 100
36 41 100
36 41 100
36 41 100
36 41 100
36 41 100
36 41 100
36 41 100
36 41 100
36 41 100
36 40 100
36 40 100
36 40 100
36 40 100
36 40 100
36 40 100
36 40 100
36 40 100
36 40 100
36 40 100
36 40 100
36 40 100
36 40 100
36 40 100
36 40 100
36 40 100
36 40 100
36 40 100
36 40 100
36 40 100
36 40 100
36 40 100
36 40 100
36 40 100
36 40 100
36 40 100
36 40 100
36 40 100
36 40 100
36 40 100
36 40 100
36 39 100
36 39 100
36 39 100
36 39 100
36 39 100
36 39 100
36 39 100
36 39 100
36 39 100
36 39 100
36 39 100
36 39 100
36 39 100
36 39 100
36 39 100
36 39 100
36 39 100
36 39 100
36 39 100
36 39 100
36 39 100
36 39 100
36 39 100
36 39 100
36 39 100
36 39 100
36 39 100
36 39 100
36 39 100
36 39 100
36 39 100
36 39 100
36 38 100
36 38 100
36 38 100
36 38 100
36 38 100
36 38 100
36 38 100
36 38 100
36 38 100
36 38 100
36 38 100
36 38 100
36 38 100
36 38 100
36 38 100
36 38 100
36 38 100
36 38 100
36 38 100
36 38 100
36 38 100
36 38 100
36 38 100
36 38 100
36 38 100
36 38 100
36 38 100
36 38 100
36 38 100
36 38 100
36 38 100
36 38 100
36 38 100
36 38 100
36 37 100
36 37 100
36 37 100
36 37 100
36 37 100
36 37 100
36 37 100
36 37 100
36 37 100
36 37 100
36 37 100
36 37 100
36 37 100
36 37 100
36 37 100
36 37 100
36 37 100
36 37 100
36 37 100
36 37 100
36 37 100
36 37 100
36 37 100
36 37 100
36 37 100
36 37 100
36 37 100
36 37 100
36 37 100
36 37 100
36 37 100
36 37 100
36 37 100
36 37 100
36 37 100
36 36 100
36 36 100
36 36 100
36 36 100
36 36 100
36 36 100
36 36 100
36 36 100
36 36 100
36 36 100
36 36 100
36 36 100
36 36 100
36 36 100
36 36 100
36 36 100
36 36 100
36 36 100
36 36 100
36 36 100
36 36 100
36 36 100
36 36 100
36 36 100
36 36 100
36 36 100
36 36 100
36 36 100
36 36 100
36 36 100
36 36 100
36 36 100
36 36 100
36 36 100
36 36 100
36 36 100
36 35 100
36 35 100
36 35 100
36 35 100
36 35 100
36 35 100
36 35 100
36 35 100
36 35 100
36 35 100
36 35 100
36 35 100
36 35 100
36 35 100
36 35 100
36 35 100
36 35 100
36 35 100
36 35 100
36 35 100
36 35 100
36 35 100
36 35 100
36 35 100
36 35 100
36 35 100
36 35 100
36 35 100
36 35 100
36 35 100
36 35 100
36 35 100
36 35 100
36 35 100
36 35 100
36 35 100
36 34 100
36 34 100
36 34 100
36 34 100
36 34 100
36 34 100
36 34 100
36 34 100
36 34 100
36 34 100
36 34 100
36 34 100
36 34 100
36 34 100
36 34 100
36 34 100
36 34 100
36 34 100
36 34 100
36 34 100
36 34 100
36 34 100
36 34 100
36 34 100
36 34 100
36 34 100
36 34 100
36 34 100
36 34 100
36 34 100
36 34 100
36 34 100
36 34 100
36 34 100
36 34 100
36 34 100
36 34 100
36 33 100
36 33 100
36 33 100
36 33 100
36 33 100
36 33 100
36 33 100
36 33 100
36 33 100
36 33 100
36 33 100
36 33 100
36 33 100
36 33 100
36 33 100
36 33 100
36 33 100
36 33 100
36 33 100
36 33 100
36 33 100
36 33 100
36 33 100
36 33 100
36 33 100
36 33 100
36 33 100
36 33 100
36 33 100
36 33 100
36 33 100
36 33 100
36 33 100
36 33 100
36 33 100
36 33 100
36 33 100
36 32 100
36 32 100
36 32 100
36 32 100
36 32 100
36 32 100
36 32 100
36 32 100
36 32 100
36 32 100
36 32 100
36 32 100
36 32 100
36 32 100
36 32 100
36 32 100
36 32 100
36 32 100
36 32 100
36 32 100
36 32 100
36 32 100
36 32 100
36 32 100
36 32 100
36 32 100
36 32 100
36 32 100
36 32 100
36 32 100
36 32 100
36 32 100
36 32 100
36 32 100
36 32 100
36 32 100
36 32 100
36 32 100
36 31 100
36 31 100
36 31 100
36 31 100
36 31 100
36 31 100
36 31 100
36 31 100
36 31 100
36 31 100
36 31 100
36 31 100
36 31 100
36 31 100
36 31 100
36 31 100
36 31 100
36 31 100
36 31 100
36 31 100
36 31 100
36 31 100
36 31 100
36 31 100
36 31 100
36 31 100
36 31 100
36 31 100
36 31 100
36 31 100
36 31 100
36 31 100
36 31 100
36 31 100
36 31 100
36 31 100
36 31 100
36 30 100
36 30 100
36 30 100
36 30 100
36 30 100
36 30 100
36 30 100
36 30 100
36 30 100
36 30 100
36 30 100
36 30 100
36 30 100
36 30 100
36 30 100
36 30 100
36 30 100
36 30 100
36 30 100
36 30 100
36 30 100
36 30 100
36 30 100
36 30 100
36 30 100
36 30 100
36 30 100
36 30 100
36 30 100
36 30 100
36 30 100
36 30 100
36 30 100
36 30 100
36 30 100
36 30 100
36 30 100
36 29 100
36 29 100
36 29 100
36 29 100
36 29 100
36 29 100
36 29 100
36 29 100
36 29 100
36 29 100
36 29 100
36 29 100
36 29 100
36 29 100
36 29 100
36 29 100
36 29 100
36 29 100
36 29 100
36 29 100
36 29 100
36 29 100
36 29 100
36 29 100
36 29 100
36 29 100
36 29 100
36 29 100
36 29 100
36 29 100
36 29 100
36 29 100
36 29 100
36 29 100
36 29 100
36 29 100
36 28 100
36 28 100
36 28 100
36 28 100
36 28 100
36 28 100
36 28 100
36 28 100
36 28 100
36 28 100
36 28 100
36 28 100
36 28 100
36 28 100
36 28 100
36 28 100
36 28 100
36 28 100
36 28 100
36 28 100
36 28 100
36 28 100
36 28 100
36 28 100
36 28 100
36 28 100
36 28 100
36 28 100
36 28 100
36 28 100
36 28 100
36 28 100
36 28 100
36 28 100
36 27 100
36 27 100
36 27 100
36 27 100
36 27 100
36 27 100
36 27 100
36 27 100
36 27 100
36 27 100
36 27 100
36 27 100
36 27 100
36 27 100
36 27 100
36 27 100
36 27 100
36 27 100
36 27 100
36 27 100
36 27 100
36 27 100
36 27 100
36 27 100
36 27 100
36 27 100
36 27 100
36 27 100
36 27 100
36 27 100
36 27 100
36 27 100
36 26 100
36 26 100
36 26 100
36 26 100
36 26 100
36 26 100
36 26 100
36 26 100
36 26 100
36 26 100
36 26 100
36 26 100
36 26 100
36 26 100
36 26 100
36 26 100
36 26 100
36 26 100
36 26 100
36 26 100
36 26 100
36 26 100
36 26 100
36 26 100
36 26 100
36 26 100
36 26 100
36 26 100
36 26 100
36 25 100
36 25 100
36 25 100
36 25 100
36 25 100
36 25 100
36 25 100
36 25 100
36 25 100
36 25 100
36 25 100
36 25 100
36 25 100
36 25 100
36 25 100
36 25 100
36 25 100
36 25 100
36 25 100
36 25 100
36 25 100
36 25 100
36 25 100
36 25 100
36 25 100
36 25 100
36 24 100
36 24 100
36 24 100
36 24 100
36 24 100
36 24 100
36 24 100
36 24 100
36 24 100
36 24 100
36 24 100
36 24 100
36 24 100
36 24 100
36 24 100
36 24 100
36 24 100
36 24 100
36 24 100
36 24 100
36 24 100
36 24 100
36 23 100
36 23 100
36 23 100
36 23 100
36 23 100
36 23 100
36 23 100
36 23 100
36 23 100
36 23 100
36 23 100
36 23 100
36 23 100
36 23 100
36 23 100
36 23 100
36 23 100
36 23 100
36 22 100
36 22 100
36 22 100
36 22 100
36 22 100
36 22 100
36 22 100
36 22 100
36 22 100
36 22 100
36 22 100
36 22 100
36 22 100
36 22 100
36 21 100
36 21 100
36 21 100
36 21 100
36 21 100
36 21 100
36 21 100
36 21 100
36 21 100
36 21 100
36 21 100
36 20 100
36 20 100
36 20 100
36 20 100
36 20 100
36 20 100
36 20 100
36 20 100
36 19 100
36 19 100
36 19 100
36 19 100
36 19 100
36 19 100
36 18 100
36 18 100
36 18 100
36 18 100
36 18 100
36 17 100
36 17 100
36 17 100
36 17 100
36 16 100
36 16 100
36 16 100
36 15 100
36 15 100
36 14 100
36 14 100
36 13 100
36 13 100
36 12 100
36 11 100
36 10 100
# move from (111,129) to (36,10)
111 129 100
110 129 100
109 129 100
108 129 100
107 129 100
106 129 100
105 129 100
104 129 100
103 129 100
102 129 100
102 129 100
101 129 100
101 129 100
100 129 100
100 129 100
100 129 100
99 129 100
99 129 100
99 129 100
98 129 100
98 129 100
98 129 100
98 129 100
97 129 100
97 129 100
97 129 100
97 129 100
97 129 100
96 129 100
96 129 100
96 129 100
96 129 100
96 129 100
96 129 100
96 129 100
95 129 100
95 129 100
95 129 100
95 129 100
95 129 100
95 129 100
95 129 100
95 129 100
95 129 100
94 129 100
94 129 100
94 129 100
94 129 100
94 129 100
94 129 100
94 129 100
94 129 100
94 129 100
94 129 100
94 129 100
93 129 100
93 129 100
93 129 100
93 129 100
93 129 100
93 129 100
93 129 100
93 129 100
93 129 100
93 129 100
93 129 100
93 129 100
93 129 100
93 129 100
92 129 100
92 129 100
92 129 100
92 129 100
92 129 100
92 129 100
92 129 100
92 129 100
92 129 100
92 129 100
92 129 100
92 129 100
92 129 100
92 129 100
92 129 100
92 129 100
92 129 100
92 129 100
91 129 100
91 129 100
91 129 100
91 129 100
91 129 100
91 129 100
91 129 100
91 129 100
91 129 100
91 129 100
91 129 100
91 129 100
91 129 100
91 129 100
91 129 100
91 129 100
91 129 100
91 129 100
91 129 100
91 129 100
91 129 100
91 129 100
90 129 100
90 129 100
90 129 100
90 129 100
90 129 100
90 129 100
90 129 100
90 129 100
90 129 100
90 129 100
90 129 100
90 129 100
90 129 100
90 129 100
90 129 100
90 129 100
90 129 100
90 129 100
90 129 100
90 129 100
90 129 100
90 129 100
90 129 100
90 129 100
90 129 100
89 129 100
89 129 100
89 129 100
89 129 100
89 129 100
89 129 100
89 129 100
89 129 100
89 129 100
89 129 100
89 129 100
89 129 100
89 129 100
89 129 100
89 129 100
89 129 100
89 129 100
89 129 100
89 129 100
89 129 100
89 129 100
89 129 100
89 129 100
89 129 100
89 129 100
89 129 100
89 129 100
89 129 100
88 129 100
88 129 100
88 129 100
88 129 100
88 129 100
88 129 100
88 129 100
88 129 100
88 129 100
88 129 100
88 129 100
88 129 100
88 129 100
88 129 100
88 129 100
88 129 100
88 129 100
88 129 100
88 129 100
88 129 100
88 129 100
88 129 100
88 129 100
88 129 100
88 129 100
88 129 100
88 129 100
88 129 100
88 129 100
88 129 100
87 129 100
87 129 100
87 129 100
87 129 100
87 129 100
87 129 100
87 129 100
87 129 100
87 129 100
87 129 100
87 129 100
87 129 100
87 129 100
87 129 100
87 129 100
87 129 100
87 129 100
87 129 100
87 129 100
87 129 100
87 129 100
87 129 100
87 129 100
87 129 100
87 129 100
87 129 100
87 129 100
87 129 100
87 129 100
87 129 100
87 129 100
87 129 100
86 129 100
86 129 100
86 129 100
86 129 100
86 129 100
86 129 100
86 129 100
86 129 100
86 129 100
86 129 100
86 129 100
86 129 100
86 129 100
86 129 100
86 129 100
86 129 100
86 129 100
86 129 100
86 129 100
86 129 100
86 129 100
86 129 100
86 129 100
86 129 100
86 129 100
86 129 100
86 129 100
86 129 100
86 129 100
86 129 100
86 129 100
86 129 100
86 129 100
85 129 100
85 129 100
85 129 100
85 129 100
85 129 100
85 129 100
85 129 100
85 129 100
85 129 100
85 129 100
85 129 100
85 129 100
85 129 100
85 129 100
85 129 100
85 129 100
85 129 100
85 129 100
85 129 100
85 129 100
85 129 100
85 129 100
85 129 100
85 129 100
85 129 100
85 129 100
85 129 100
85 129 100
85 129 100
85 129 100
85 129 100
85 129 100
85 129 100
84 129 100
84 129 100
84 129 100
84 129 100
84 129 100
84 129 100
84 129 100
84 129 100
84 129 100
84 129 100
84 129 100
84 129 100
84 129 100
84 129 100
84 129 100
84 129 100
84 129 100
84 129 100
84 129 100
84 129 100
84 129 100
84 129 100
84 129 100
84 129 100
84 129 100
84 129 100
84 129 100
84 129 100
84 129 100
84 129 100
84 129 100
84 129 100
83 129 100
83 129 100
83 129 100
83 129 100
83 129 100
83 129 100
83 129 100
83 129 100
83 129 100
83 129 100
83 129 100
83 129 100
83 129 100
83 129 100
83 129 100
83 129 100
83 129 100
83 129 100
83 129 100
83 129 100
83 129 100
83 129 100
83 129 100
83 129 100
83 129 100
83 129 100
83 129 100
83 129 100
83 129 100
83 129 100
82 129 100
82 129 100
82 129 100
82 129 100
82 129 100
82 129 100
82 129 100
82 129 100
82 129 100
82 129 100
82 129 100
82 129 100
82 129 100
82 129 100
82 129 100
82 129 100
82 129 100
82 129 100
82 129 100
82 129 100
82 129 100
82 129 100
82 129 100
82 129 100
82 129 100
82 129 100
82 129 100
81 129 100
81 129 100
81 129 100
81 129 100
81 129 100
81 129 100
81 129 100
81 129 100
81 129 100
81 129 100
81 129 100
81 129 100
81 129 100
81 129 100
81 129 100
81 129 100
81 129 100
81 129 100
81 129 100
81 129 100
81 129 100
81 129 100
81 129 100
81 129 100
80 129 100
80 129 100
80 129 100
80 129 100
80 129 100
80 129 100
80 129 100
80 129 100
80 129 100
80 129 100
80 129 100
80 129 100
80 129 100
80 129 100
80 129 100
80 129 100
80 129 100
80 129 100
80 129 100
80 129 100
79 129 100
79 129 100
79 129 100
79 129 100
79 129 100
79 129 100
79 129 100
79 129 100
79 129 100
79 129 100
79 129 100
79 129 100
79 129 100
79 129 100
79 129 100
79 129 100
79 129 100
78 129 100
78 129 100
78 129 100
78 129 100
78 129 100
78 129 100
78 129 100
78 129 100
78 129 100
78 129 100
78 129 100
78 129 100
78 129 100
77 129 100
77 129 100
77 129 100
77 129 100
77 129 100
77 129 100
77 129 100
77 129 100
77 129 100
77 129 100
76 129 100
76 129 100
76 129 100
76 129 100
76 129 100
76 129 100
76 129 100
75 129 100
75 129 100
75 129 100
75 129 100
75 129 100
74 129 100
74 129 100
74 129 100
74 129 100
73 129 100
73 129 100
73 129 100
72 129 100
72 129 100
72 129 100
71 129 100
71 129 100
70 129 100
70 129 100
69 129 100
69 129 100
68 129 100
67 129 100
66 129 100
65 129 100
65 129 100
64 129 100
64 129 100
63 129 100
63 129 100
62 129 100
62 129 100
61 129 100
61 129 100
61 129 100
60 129 100
60 129 100
60 129 100
59 129 100
59 129 100
59 129 100
59 129 100
58 129 100
58 129 100
58 129 100
58 129 100
57 129 100
57 129 100
57 129 100
57 129 100
57 129 100
56 129 100
56 129 100
56 129 100
56 129 100
56 129 100
56 129 100
55 129 100
55 129 100
55 129 100
55 129 100
55 129 100
55 129 100
54 129 100
54 129 100
54 129 100
54 129 100
54 129 100
54 129 100
54 129 100
53 129 100
53 129 100
53 129 100
53 129 100
53 129 100
53 129 100
53 129 100
52 129 100
52 129 100
52 129 100
52 129 100
52 129 100
52 129 100
52 129 100
51 129 100
51 129 100
51 129 100
51 129 100
51 129 100
51 129 100
50 129 100
50 129 100
50 129 100
50 129 100
50 129 100
49 129 100
49 129 100
49 129 100
49 129 100
49 129 100
48 129 100
48 129 100
48 129 100
48 129 100
47 129 100
47 129 100
47 129 100
46 129 100
46 129 100
46 129 100
45 129 100
45 129 100
44 129 100
44 129 100
43 129 100
43 129 100
42 129 100
41 129 100
40 129 100
39 129 100
38 129 100
37 129 100
# move from (91,101) to (36,10)
91 101 100
90 101 100
89 101 100
88 101 100
87 101 100
86 101 100
86 101 100
85 101 100
85 101 100
85 101 100
84 101 100
84 101 100
84 101 100
84 101 100
83 101 100
83 101 100
83 101 100
83 101 100
83 101 100
82 101 100
82 101 100
82 101 100
82 101 100
82 101 100
82 101 100
81 101 100
81 101 100
81 101 100
81 101 100
81 101 100
81 101 100
80 101 100
80 101 100
80 101 100
80 101 100
80 101 100
80 101 100
80 101 100
79 101 100
79 101 100
79 101 100
79 101 100
79 101 100
79 101 100
79 101 100
78 101 100
78 101 100
78 101 100
78 101 100
78 101 100
78 101 100
78 101 100
77 101 100
77 101 100
77 101 100
77 101 100
77 101 100
77 101 100
77 101 100
76 101 100
76 101 100
76 101 100
76 101 100
76 101 100
76 101 100
75 101 100
75 101 100
75 101 100
75 101 100
75 101 100
74 101 100
74 101 100
74 101 100
74 101 100
73 101 100
73 101 100
73 101 100
73 101 100
72 101 100
72 101 100
72 101 100
71 101 100
71 101 100
71 101 100
70 101 100
70 101 100
69 101 100
69 101 100
68 101 100
68 101 100
67 101 100
67 101 100
66 101 100
65 101 100
64 101 100
63 101 100
62 101 100
61 101 100
60 101 100
59 101 100
58 101 100
58 101 100
57 101 100
57 101 100
56 101 100
56 101 100
55 101 100
55 101 100
55 101 100
54 101 100
54 101 100
54 101 100
53 101 100
53 101 100
53 101 100
53 101 100
52 101 100
52 101 100
52 101 100
52 101 100
51 101 100
51 101 100
51 101 100
51 101 100
50 101 100
50 101 100
50 101 100
50 101 100
49 101 100
49 101 100
49 101 100
49 101 100
48 101 100
48 101 100
48 101 100
47 101 100
47 101 100
47 101 100
46 101 100
46 101 100
45 101 100
45 101 100
44 101 100
43 101 100
42 101 100
41 101 100
40 101 100
39 101 100
38 101 100
37 101 100
# move from (79,6) to (36,10)
79 6 100
79 6 100
78 6 100
78 6 100
77 6 100
77 6 100
76 6 100
76 6 100
75 6 100
75 6 100
74 6 100
74 6 100
73 6 100
72 6 100
71 6 100
70 6 100
69 6 100
68 6 100
67 6 100
66 6 100
65 6 100
64 6 100
63 6 100
62 6 100
61 6 100
60 6 100
59 6 100
58 6 100
57 6 100
56 6 100
55 6 100
54 6 100
53 6 100
52 6 100
51 6 100
50 6 100
49 6 100
48 6 100
47 6 100
46 6 100
45 6 100
44 6 100
43 6 100
42 6 100
41 6 100
40 6 100
39 6 100
38 6 100
37 6 100
36 6 100
36 7 100
36 8 100
36 9 100
# move from (125,64) to (36,10)
125 64 100
124 64 100
123 64 100
122 64 100
121 64 100
120 64 100
119 64 100
118 64 100
117 64 100
116 64 100
115 64 100
114 64 100
113 64 100
112 64 100
111 64 100
110 64 100
109 64 100
108 64 100
107 64 100
106 64 100
105 64 100
104 64 100
103 64 100
102 64 100
101 64 100
100 64 100
99 64 100
98 64 100
97 64 100
96 64 100
95 64 100
94 64 100
93 64 100
92 64 100
91 64 100
90 64 100
89 64 100
88 64 100
87 64 100
86 64 100
85 64 100
84 64 100
83 64 100
82 64 100
81 64 100
80 64 100
79 64 100
78 64 100
77 64 100
76 64 100
75 64 100
74 64 100
73 64 100
72 64 100
71 64 100
70 64 100
69 64 100
68 64 100
67 64 100
66 64 100
65 64 100
64 64 100
63 64 100
62 64 100
61 64 100
60 64 100
59 64 100
58 64 100
57 64 100
56 64 100
55 64 100
54 64 100
53 64 100
52 64 100
51 64 100
50 64 100
49 64 100
48 64 100
47 64 100
46 64 100
45 64 100
44 64 100
43 64 100
42 64 100
41 64 100
40 64 100
39 64 100
38 64 100
37 64 100
# move from (174,28) to (36,10)
174 28 100
173 28 100
172 28 100
171 28 100
170 28 100
169 28 100
168 28 100
167 28 100
167 28 100
166 28 100
166 28 100
166 28 100
165 28 100
165 28 100
165 28 100
165 28 100
164 28 100
164 28 100
164 28 100
164 28 100
164 28 100
164 28 100
163 28 100
163 28 100
163 28 100
163 28 100
163 28 100
163 28 100
163 28 100
163 28 100
163 28 100
162 28 100
162 28 100
162 28 100
162 28 100
162 28 100
162 28 100
162 28 100
162 28 100
162 28 100
162 28 100
162 28 100
161 28 100
161 28 100
161 28 100
161 28 100
161 28 100
161 28 100
161 28 100
161 28 100
161 28 100
161 28 100
161 28 100
161 28 100
160 28 100
160 28 100
160 28 100
160 28 100
160 28 100
160 28 100
160 28 100
160 28 100
160 28 100
160 28 100
160 28 100
160 28 100
160 28 100
159 28 100
159 28 100
159 28 100
159 28 100
159 28 100
159 28 100
159 28 100
159 28 100
159 28 100
159 28 100
159 28 100
159 28 100
158 28 100
158 28 100
158 28 100
158 28 100
158 28 100
158 28 100
158 28 100
158 28 100
158 28 100
158 28 100
158 28 100
157 28 100
157 28 100
157 28 100
157 28 100
157 28 100
157 28 100
157 28 100
157 28 100
157 28 100
156 28 100
156 28 100
156 28 100
156 28 100
156 28 100
156 28 100
156 28 100
155 28 100
155 28 100
155 28 100
155 28 100
155 28 100
155 28 100
154 28 100
154 28 100
154 28 100
154 28 100
153 28 100
153 28 100
153 28 100
152 28 100
152 28 100
151 28 100
151 28 100
150 28 100
149 28 100
148 28 100
147 28 100
146 28 100
145 28 100
144 28 100
143 28 100
142 28 100
141 28 100
140 28 100
139 28 100
138 28 100
137 28 100
136 28 100
135 28 100
134 28 100
133 28 100
132 28 100
131 28 100
130 28 100
129 28 100
128 28 100
128 28 100
127 28 100
127 28 100
126 28 100
126 28 100
125 28 100
125 28 100
125 28 100
124 28 100
124 28 100
124 28 100
124 28 100
123 28 100
123 28 100
123 28 100
123 28 100
123 28 100
122 28 100
122 28 100
122 28 100
122 28 100
122 28 100
122 28 100
121 28 100
121 28 100
121 28 100
121 28 100
121 28 100
121 28 100
121 28 100
121 28 100
120 28 100
120 28 100
120 28 100
120 28 100
120 28 100
120 28 100
120 28 100
120 28 100
120 28 100
120 28 100
120 28 100
119 28 100
119 28 100
119 28 100
119 28 100
119 28 100
119 28 100
119 28 100
119 28 100
119 28 100
119 28 100
119 28 100
119 28 100
119 28 100
119 28 100
118 28 100
118 28 100
118 28 100
118 28 100
118 28 100
118 28 100
118 28 100
118 28 100
118 28 100
118 28 100
118 28 100
118 28 100
118 28 100
118 28 100
118 28 100
118 28 100
118 28 100
117 28 100
117 28 100
117 28 100
117 28 100
117 28 100
117 28 100
117 28 100
117 28 100
117 28 100
117 28 100
117 28 100
117 28 100
117 28 100
117 28 100
117 28 100
117 28 100
117 28 100
117 28 100
117 28 100
117 28 100
117 28 100
116 28 100
116 28 100
116 28 100
116 28 100
116 28 100
116 28 100
116 28 100
116 28 100
116 28 100
116 28 100
116 28 100
116 28 100
116 28 100
116 28 100
116 28 100
116 28 100
116 28 100
116 28 100
116 28 100
116 28 100
116 28 100
116 28 100
116 28 100
116 28 100
116 28 100
115 28 100
115 28 100
115 28 100
115 28 100
115 28 100
115 28 100
115 28 100
115 28 100
115 28 100
115 28 100
115 28 100
115 28 100
115 28 100
115 28 100
115 28 100
115 28 100
115 28 100
115 28 100
115 28 100
115 28 100
115 28 100
115 28 100
115 28 100
115 28 100
115 28 100
115 28 100
115 28 100
115 28 100
115 28 100
115 28 100
114 28 100
114 28 100
114 28 100
114 28 100
114 28 100
114 28 100
114 28 100
114 28 100
114 28 100
114 28 100
114 28 100
114 28 100
114 28 100
114 28 100
114 28 100
114 28 100
114 28 100
114 28 100
114 28 100
114 28 100
114 28 100
114 28 100
114 28 100
114 28 100
114 28 100
114 28 100
114 28 100
114 28 100
114 28 100
114 28 100
114 28 100
114 28 100
114 28 100
113 28 100
113 28 100
113 28 100
113 28 100
113 28 100
113 28 100
113 28 100
113 28 100
113 28 100
113 28 100
113 28 100
113 28 100
113 28 100
113 28 100
113 28 100
113 28 100
113 28 100
113 28 100
113 28 100
113 28 100
113 28 100
113 28 100
113 28 100
113 28 100
113 28 100
113 28 100
113 28 100
113 28 100
113 28 100
113 28 100
113 28 100
113 28 100
113 28 100
113 28 100
113 28 100
113 28 100
113 28 100
112 28 100
112 28 100
112 28 100
112 28 100
112 28 100
112 28 100
112 28 100
112 28 100
112 28 100
112 28 100
112 28 100
112 28 100
112 28 100
112 28 100
112 28 100
112 28 100
112 28 100
112 28 100
112 28 100
112 28 100
112 28 100
112 28 100
112 28 100
112 28 100
112 28 100
112 28 100
112 28 100
112 28 100
112 28 100
112 28 100
112 28 100
112 28 100
112 28 100
112 28 100
112 28 100
112 28 100
112 28 100
112 28 100
112 28 100
111 28 100
111 28 100
111 28 100
111 28 100
111 28 100
111 28 100
111 28 100
111 28 100
111 28 100
111 28 100
111 28 100
111 28 100
111 28 100
111 28 100
111 28 100
111 28 100
111 28 100
111 28 100
111 28 100
111 28 100
111 28 100
111 28 100
111 28 100
111 28 100
111 28 100
111 28 100
111 28 100
111 28 100
111 28 100
111 28 100
111 28 100
111 28 100
111 28 100
111 28 100
111 28 100
111 28 100
111 28 100
111 28 100
111 28 100
111 28 100
111 28 100
110 28 100
110 28 100
110 28 100
110 28 100
110 28 100
110 28 100
110 28 100
110 28 100
110 28 100
110 28 100
110 28 100
110 28 100
110 28 100
110 28 100
110 28 100
110 28 100
110 28 100
110 28 100
110 28 100
110 28 100
110 28 100
110 28 100
110 28 100
110 28 100
110 28 100
110 28 100
110 28 100
110 28 100
110 28 100
110 28 100
110 28 100
110 28 100
110 28 100
110 28 100
110 28 100
110 28 100
110 28 100
110 28 100
110 28 100
110 28 100
110 28 100
110 28 100
109 28 100
109 28 100
109 28 100
109 28 100
109 28 100
109 28 100
109 28 100
109 28 100
109 28 100
109 28 100
109 28 100
109 28 100
109 28 100
109 28 100
109 28 100
109 28 100
109 28 100
109 28 100
109 28 100
109 28 100
109 28 100
109 28 100
109 28 100
109 28 100
109 28 100
109 28 100
109 28 100
109 28 100
109 28 100
109 28 100
109 28 100
109 28 100
109 28 100
109 28 100
109 28 100
109 28 100
109 28 100
109 28 100
109 28 100
109 28 100
109 28 100
109 28 100
109 28 100
108 28 100
108 28 100
108 28 100
108 28 100
108 28 100
108 28 100
108 28 100
108 28 100
108 28 100
108 28 100
108 28 100
108 28 100
108 28 100
108 28 100
108 28 100
108 28 100
108 28 100
108 28 100
108 28 100
108 28 100
108 28 100
108 28 100
108 28 100
108 28 100
108 28 100
108 28 100
108 28 100
108 28 100
108 28 100
108 28 100
108 28 100
108 28 100
108 28 100
108 28 100
108 28 100
108 28 100
108 28 100
108 28 100
108 28 100
108 28 100
108 28 100
108 28 100
108 28 100
107 28 100
107 28 100
107 28 100
107 28 100
107 28 100
107 28 100
107 28 100
107 28 100
107 28 100
107 28 100
107 28 100
107 28 100
107 28 100
107 28 100
107 28 100
107 28 100
107 28 100
107 28 100
107 28 100
107 28 100
107 28 100
107 28 100
107 28 100
107 28 100
107 28 100
107 28 100
107 28 100
107 28 100
107 28 100
107 28 100
107 28 100
107 28 100
107 28 100
107 28 100
107 28 100
107 28 100
107 28 100
107 28 100
107 28 100
107 28 100
107 28 100
107 28 100
107 28 100
106 28 100
106 28 100
106 28 100
106 28 100
106 28 100
106 28 100
106 28 100
106 28 100
106 28 100
106 28 100
106 28 100
106 28 100
106 28 100
106 28 100
106 28 100
106 28 100
106 28 100
106 28 100
106 28 100
106 28 100
106 28 100
106 28 100
106 28 100
106 28 100
106 28 100
106 28 100
106 28 100
106 28 100
106 28 100
106 28 100
106 28 100
106 28 100
106 28 100
106 28 100
106 28 100
106 28 100
106 28 100
106 28 100
106 28 100
106 28 100
106 28 100
106 28 100
105 28 100
105 28 100
105 28 100
105 28 100
105 28 100
105 28 100
105 28 100
105 28 100
105 28 100
105 28 100
105 28 100
105 28 100
105 28 100
105 28 100
105 28 100
105 28 100
105 28 100
105 28 100
105 28 100
105 28 100
105 28 100
105 28 100
105 28 100
105 28 100
105 28 100
105 28 100
105 28 100
105 28 100
105 28 100
105 28 100
105 28 100
105 28 100
105 28 100
105 28 100
105 28 100
105 28 100
105 28 100
105 28 100
105 28 100
105 28 100
104 28 100
104 28 100
104 28 100
104 28 100
104 28 100
104 28 100
104 28 100
104 28 100
104 28 100
104 28 100
104 28 100
104 28 100
104 28 100
104 28 100
104 28 100
104 28 100
104 28 100
104 28 100
104 28 100
104 28 100
104 28 100
104 28 100
104 28 100
104 28 100
104 28 100
104 28 100
104 28 100
104 28 100
104 28 100
104 28 100
104 28 100
104 28 100
104 28 100
104 28 100
104 28 100
104 28 100
104 28 100
104 28 100
104 28 100
103 28 100
103 28 100
103 28 100
103 28 100
103 28 100
103 28 100
103 28 100
103 28 100
103 28 100
103 28 100
103 28 100
103 28 100
103 28 100
103 28 100
103 28 100
103 28 100
103 28 100
103 28 100
103 28 100
103 28 100
103 28 100
103 28 100
103 28 100
103 28 100
103 28 100
103 28 100
103 28 100
103 28 100
103 28 100
103 28 100
103 28 100
103 28 100
103 28 100
103 28 100
103 28 100
103 28 100
103 28 100
102 28 100
102 28 100
102 28 100
102 28 100
102 28 100
102 28 100
102 28 100
102 28 100
102 28 100
102 28 100
102 28 100
102 28 100
102 28 100
102 28 100
102 28 100
102 28 100
102 28 100
102 28 100
102 28 100
102 28 100
102 28 100
102 28 100
102 28 100
102 28 100
102 28 100
102 28 100
102 28 100
102 28 100
102 28 100
102 28 100
102 28 100
102 28 100
102 28 100
102 28 100
102 28 100
101 28 100
101 28 100
101 28 100
101 28 100
101 28 100
101 28 100
101 28 100
101 28 100
101 28 100
101 28 100
101 28 100
101 28 100
101 28 100
101 28 100
101 28 100
101 28 100
101 28 100
101 28 100
101 28 100
101 28 100
101 28 100
101 28 100
101 28 100
101 28 100
101 28 100
101 28 100
101 28 100
101 28 100
101 28 100
101 28 100
101 28 100
101 28 100
100 28 100
100 28 100
100 28 100
100 28 100
100 28 100
100 28 100
100 28 100
100 28 100
100 28 100
100 28 100
100 28 100
100 28 100
100 28 100
100 28 100
100 28 100
100 28 100
100 28 100
100 28 100
100 28 100
100 28 100
100 28 100
100 28 100
100 28 100
100 28 100
100 28 100
100 28 100
100 28 100
100 28 100
100 28 100
99 28 100
99 28 100
99 28 100
99 28 100
99 28 100
99 28 100
99 28 100
99 28 100
99 28 100
99 28 100
99 28 100
99 28 100
99 28 100
99 28 100
99 28 100
99 28 100
99 28 100
99 28 100
99 28 100
99 28 100
99 28 100
99 28 100
99 28 100
99 28 100
99 28 100
99 28 100
98 28 100
98 28 100
98 28 100
98 28 100
98 28 100
98 28 100
98 28 100
98 28 100
98 28 100
98 28 100
98 28 100
98 28 100
98 28 100
98 28 100
98 28 100
98 28 100
98 28 100
98 28 100
98 28 100
98 28 100
98 28 100
98 28 100
98 28 100
97 28 100
97 28 100
97 28 100
97 28 100
97 28 100
97 28 100
97 28 100
97 28 100
97 28 100
97 28 100
97 28 100
97 28 100
97 28 100
97 28 100
97 28 100
97 28 100
97 28 100
97 28 100
97 28 100
97 28 100
96 28 100
96 28 100
96 28 100
96 28 100
96 28 100
96 28 100
96 28 100
96 28 100
96 28 100
96 28 100
96 28 100
96 28 100
96 28 100
96 28 100
96 28 100
96 28 100
96 28 100
96 28 100
95 28 100
95 28 100
95 28 100
95 28 100
95 28 100
95 28 100
95 28 100
95 28 100
95 28 100
95 28 100
95 28 100
95 28 100
95 28 100
95 28 100
95 28 100
95 28 100
94 28 100
94 28 100
94 28 100
94 28 100
94 28 100
94 28 100
94 28 100
94 28 100
94 28 100
94 28 100
94 28 100
94 28 100
94 28 100
94 28 100
94 28 100
93 28 100
93 28 100
93 28 100
93 28 100
93 28 100
93 28 100
93 28 100
93 28 100
93 28 100
93 28 100
93 28 100
93 28 100
93 28 100
93 28 100
92 28 100
92 28 100
92 28 100
92 28 100
92 28 100
92 28 100
92 28 100
92 28 100
92 28 100
92 28 100
92 28 100
92 28 100
92 28 100
92 28 100
91 28 100
91 28 100
91 28 100
91 28 100
91 28 100
91 28 100
91 28 100
91 28 100
91 28 100
91 28 100
91 28 100
91 28 100
91 28 100
91 28 100
91 28 100
90 28 100
90 28 100
90 28 100
90 28 100
90 28 100
90 28 100
90 28 100
90 28 100
90 28 100
90 28 100
90 28 100
90 28 100
90 28 100
90 28 100
90 28 100
89 28 100
89 28 100
89 28 100
89 28 100
89 28 100
89 28 100
89 28 100
89 28 100
89 28 100
89 28 100
89 28 100
89 28 100
89 28 100
89 28 100
89 28 100
89 28 100
89 28 100
88 28 100
88 28 100
88 28 100
88 28 100
88 28 100
88 28 100
88 28 100
88 28 100
88 28 100
88 28 100
88 28 100
88 28 100
88 28 100
88 28 100
88 28 100
88 28 100
88 28 100
88 28 100
87 28 100
87 28 100
87 28 100
87 28 100
87 28 100
87 28 100
87 28 100
87 28 100
87 28 100
87 28 100
87 28 100
87 28 100
87 28 100
87 28 100
87 28 100
87 28 100
87 28 100
87 28 100
87 28 100
87 28 100
86 28 100
86 28 100
86 28 100
86 28 100
86 28 100
86 28 100
86 28 100
86 28 100
86 28 100
86 28 100
86 28 100
86 28 100
86 28 100
86 28 100
86 28 100
86 28 100
86 28 100
86 28 100
86 28 100
86 28 100
86 28 100
85 28 100
85 28 100
85 28 100
85 28 100
85 28 100
85 28 100
85 28 100
85 28 100
85 28 100
85 28 100
85 28 100
85 28 100
85 28 100
85 28 100
85 28 100
85 28 100
85 28 100
85 28 100
85 28 100
85 28 100
85 28 100
85 28 100
85 28 100
84 28 100
84 28 100
84 28 100
84 28 100
84 28 100
84 28 100
84 28 100
84 28 100
84 28 100
84 28 100
84 28 100
84 28 100
84 28 100
84 28 100
84 28 100
84 28 100
84 28 100
84 28 100
84 28 100
84 28 100
84 28 100
84 28 100
84 28 100
83 28 100
83 28 100
83 28 100
83 28 100
83 28 100
83 28 100
83 28 100
83 28 100
83 28 100
83 28 100
83 28 100
83 28 100
83 28 100
83 28 100
83 28 100
83 28 100
83 28 100
83 28 100
83 28 100
83 28 100
83 28 100
83 28 100
83 28 100
83 28 100
82 28 100
82 28 100
82 28 100
82 28 100
82 28 100
82 28 100
82 28 100
82 28 100
82 28 100
82 28 100
82 28 100
82 28 100
82 28 100
82 28 100
82 28 100
82 28 100
82 28 100
82 28 100
82 28 100
82 28 100
82 28 100
82 28 100
82 28 100
82 28 100
81 28 100
81 28 100
81 28 100
81 28 100
81 28 100
81 28 100
81 28 100
81 28 100
81 28 100
81 28 100
81 28 100
81 28 100
81 28 100
81 28 100
81 28 100
81 28 100
81 28 100
81 28 100
81 28 100
81 28 100
81 28 100
81 28 100
81 28 100
81 28 100
80 28 100
80 28 100
80 28 100
80 28 100
80 28 100
80 28 100
80 28 100
80 28 100
80 28 100
80 28 100
80 28 100
80 28 100
80 28 100
80 28 100
80 28 100
80 28 100
80 28 100
80 28 100
80 28 100
80 28 100
80 28 100
80 28 100
80 28 100
79 28 100
79 28 100
79 28 100
79 28 100
79 28 100
79 28 100
79 28 100
79 28 100
79 28 100
79 28 100
79 28 100
79 28 100
79 28 100
79 28 100
79 28 100
79 28 100
79 28 100
79 28 100
79 28 100
79 28 100
79 28 100
79 28 100
79 28 100
78 28 100
78 28 100
78 28 100
78 28 100
78 28 100
78 28 100
78 28 100
78 28 100
78 28 100
78 28 100
78 28 100
78 28 100
78 28 100
78 28 100
78 28 100
78 28 100
78 28 100
78 28 100
78 28 100
78 28 100
78 28 100
78 28 100
77 28 100
77 28 100
77 28 100
77 28 100
77 28 100
77 28 100
77 28 100
77 28 100
77 28 100
77 28 100
77 28 100
77 28 100
77 28 100
77 28 100
77 28 100
77 28 100
77 28 100
77 28 100
77 28 100
77 28 100
77 28 100
76 28 100
76 28 100
76 28 100
76 28 100
76 28 100
76 28 100
76 28 100
76 28 100
76 28 100
76 28 100
76 28 100
76 28 100
76 28 100
76 28 100
76 28 100
76 28 100
76 28 100
76 28 100
76 28 100
76 28 100
75 28 100
75 28 100
75 28 100
75 28 100
75 28 100
75 28 100
75 28 100
75 28 100
75 28 100
75 28 100
75 28 100
75 28 100
75 28 100
75 28 100
75 28 100
75 28 100
75 28 100
75 28 100
75 28 100
75 28 100
74 28 100
74 28 100
74 28 100
74 28 100
74 28 100
74 28 100
74 28 100
74 28 100
74 28 100
74 28 100
74 28 100
74 28 100
74 28 100
74 28 100
74 28 100
74 28 100
74 28 100
74 28 100
74 28 100
73 28 100
73 28 100
73 28 100
73 28 100
73 28 100
73 28 100
73 28 100
73 28 100
73 28 100
73 28 100
73 28 100
73 28 100
73 28 100
73 28 100
73 28 100
73 28 100
73 28 100
73 28 100
73 28 100
72 28 100
72 28 100
72 28 100
72 28 100
72 28 100
72 28 100
72 28 100
72 28 100
72 28 100
72 28 100
72 28 100
72 28 100
72 28 100
72 28 100
72 28 100
72 28 100
72 28 100
72 28 100
72 28 100
71 28 100
71 28 100
71 28 100
71 28 100
71 28 100
71 28 100
71 28 100
71 28 100
71 28 100
71 28 100
71 28 100
71 28 100
71 28 100
71 28 100
71 28 100
71 28 100
71 28 100
71 28 100
71 28 100
70 28 100
70 28 100
70 28 100
70 28 100
70 28 100
70 28 100
70 28 100
70 28 100
70 28 100
70 28 100
70 28 100
70 28 100
70 28 100
70 28 100
70 28 100
70 28 100
70 28 100
70 28 100
70 28 100
69 28 100
69 28 100
69 28 100
69 28 100
69 28 100
69 28 100
69 28 100
69 28 100
69 28 100
69 28 100
69 28 100
69 28 100
69 28 100
69 28 100
69 28 100
69 28 100
69 28 100
69 28 100
69 28 100
68 28 100
68 28 100
68 28 100
68 28 100
68 28 100
68 28 100
68 28 100
68 28 100
68 28 100
68 28 100
68 28 100
68 28 100
68 28 100
68 28 100
68 28 100
68 28 100
68 28 100
68 28 100
68 28 100
67 28 100
67 28 100
67 28 100
67 28 100
67 28 100
67 28 100
67 28 100
67 28 100
67 28 100
67 28 100
67 28 100
67 28 100
67 28 100
67 28 100
67 28 100
67 28 100
67 28 100
67 28 100
67 28 100
66 28 100
66 28 100
66 28 100
66 28 100
66 28 100
66 28 100
66 28 100
66 28 100
66 28 100
66 28 100
66 28 100
66 28 100
66 28 100
66 28 100
66 28 100
66 28 100
66 28 100
66 28 100
66 28 100
65 28 100
65 28 100
65 28 100
65 28 100
65 28 100
65 28 100
65 28 100
65 28 100
65 28 100
65 28 100
65 28 100
65 28 100
65 28 100
65 28 100
65 28 100
65 28 100
65 28 100
65 28 100
64 28 100
64 28 100
64 28 100
64 28 100
64 28 100
64 28 100
64 28 100
64 28 100
64 28 100
64 28 100
64 28 100
64 28 100
64 28 100
64 28 100
64 28 100
64 28 100
64 28 100
63 28 100
63 28 100
63 28 100
63 28 100
63 28 100
63 28 100
63 28 100
63 28 100
63 28 100
63 28 100
63 28 100
63 28 100
63 28 100
63 28 100
63 28 100
62 28 100
62 28 100
62 28 100
62 28 100
62 28 100
62 28 100
62 28 100
62 28 100
62 28 100
62 28 100
62 28 100
62 28 100
62 28 100
62 28 100
61 28 100
61 28 100
61 28 100
61 28 100
61 28 100
61 28 100
61 28 100
61 28 100
61 28 100
61 28 100
61 28 100
61 28 100
60 28 100
60 28 100
60 28 100
60 28 100
60 28 100
60 28 100
60 28 100
60 28 100
60 28 100
60 28 100
59 28 100
59 28 100
59 28 100
59 28 100
59 28 100
59 28 100
59 28 100
59 28 100
59 28 100
58 28 100
58 28 100
58 28 100
58 28 100
58 28 100
58 28 100
58 28 100
57 28 100
57 28 100
57 28 100
57 28 100
57 28 100
57 28 100
56 28 100
56 28 100
56 28 100
56 28 100
56 28 100
56 28 100
55 28 100
55 28 100
55 28 100
55 28 100
55 28 100
55 28 100
54 28 100
54 28 100
54 28 100
54 28 100
54 28 100
54 28 100
53 28 100
53 28 100
53 28 100
53 28 100
53 28 100
53 28 100
52 28 100
52 28 100
52 28 100
52 28 100
52 28 100
52 28 100
51 28 100
51 28 100
51 28 100
51 28 100
51 28 100
51 28 100
51 28 100
50 28 100
50 28 100
50 28 100
50 28 100
50 28 100
50 28 100
50 28 100
50 28 100
50 28 100
49 28 100
49 28 100
49 28 100
49 28 100
49 28 100
49 28 100
49 28 100
49 28 100
49 28 100
49 28 100
49 28 100
48 28 100
48 28 100
48 28 100
48 28 100
48 28 100
48 28 100
48 28 100
48 28 100
48 28 100
48 28 100
48 28 100
48 28 100
48 28 100
47 28 100
47 28 100
47 28 100
47 28 100
47 28 100
47 28 100
47 28 100
47 28 100
47 28 100
47 28 100
47 28 100
47 28 100
47 28 100
47 28 100
47 28 100
47 28 100
46 28 100
46 28 100
46 28 100
46 28 100
46 28 100
46 28 100
46 28 100
46 28 100
46 28 100
46 28 100
46 28 100
46 28 100
46 28 100
46 28 100
46 28 100
46 28 100
46 28 100
46 28 100
46 28 100
46 28 100
45 28 100
45 28 100
45 28 100
45 28 100
45 28 100
45 28 100
45 28 100
45 28 100
45 28 100
45 28 100
45 28 100
45 28 100
45 28 100
45 28 100
45 28 100
45 28 100
45 28 100
45 28 100
45 28 100
45 28 100
45 28 100
45 28 100
45 28 100
45 28 100
44 28 100
44 28 100
44 28 100
44 28 100
44 28 100
44 28 100
44 28 100
44 28 100
44 28 100
44 28 100
44 28 100
44 28 100
44 28 100
44 28 100
44 28 100
44 28 100
44 28 100
44 28 100
44 28 100
44 28 100
44 28 100
44 28 100
44 28 100
44 28 100
44 28 100
44 28 100
44 28 100
44 28 100
43 28 100
43 28 100
43 28 100
43 28 100
43 28 100
43 28 100
43 28 100
43 28 100
43 28 100
43 28 100
43 28 100
43 28 100
43 28 100
43 28 100
43 28 100
43 28 100
43 28 100
43 28 100
43 28 100
43 28 100
43 28 100
43 28 100
43 28 100
43 28 100
43 28 100
43 28 100
43 28 100
43 28 100
43 28 100
43 28 100
43 28 100
42 28 100
42 28 100
42 28 100
42 28 100
42 28 100
42 28 100
42 28 100
42 28 100
42 28 100
42 28 100
42 28 100
42 28 100
42 28 100
42 28 100
42 28 100
42 28 100
42 28 100
42 28 100
42 28 100
42 28 100
42 28 100
42 28 100
42 28 100
42 28 100
42 28 100
42 28 100
42 28 100
42 28 100
42 28 100
42 28 100
42 28 100
42 28 100
42 28 100
42 28 100
41 28 100
41 28 100
41 28 100
41 28 100
41 28 100
41 28 100
41 28 100
41 28 100
41 28 100
41 28 100
41 28 100
41 28 100
41 28 100
41 28 100
41 28 100
41 28 100
41 28 100
41 28 100
41 28 100
41 28 100
41 28 100
41 28 100
41 28 100
41 28 100
41 28 100
41 28 100
41 28 100
41 28 100
41 28 100
41 28 100
41 28 100
41 28 100
41 28 100
41 28 100
41 28 100
41 28 100
41 28 100
40 28 100
40 28 100
40 28 100
40 28 100
40 28 100
40 28 100
40 28 100
40 28 100
40 28 100
40 28 100
40 28 100
40 28 100
40 28 100
40 28 100
40 28 100
40 28 100
40 28 100
40 28 100
40 28 100
40 28 100
40 28 100
40 28 100
40 28 100
40 28 100
40 28 100
40 28 100
40 28 100
40 28 100
40 28 100
40 28 100
40 28 100
40 28 100
40 28 100
40 28 100
40 28 100
40 28 100
40 28 100
40 28 100
39 28 100
39 28 100
39 28 100
39 28 100
39 28 100
39 28 100
39 28 100
39 28 100
39 28 100
39 28 100
39 28 100
39 28 100
39 28 100
39 28 100
39 28 100
39 28 100
39 28 100
39 28 100
39 28 100
39 28 100
39 28 100
39 28 100
39 28 100
39 28 100
39 28 100
39 28 100
39 28 100
39 28 100
39 28 100
39 28 100
39 28 100
39 28 100
39 28 100
39 28 100
39 28 100
39 28 100
39 28 100
39 28 100
38 28 100
38 28 100
38 28 100
38 28 100
38 28 100
38 28 100
38 28 100
38 28 100
38 28 100
38 28 100
38 28 100
38 28 100
38 28 100
38 28 100
38 28 100
38 28 100
38 28 100
38 28 100
38 28 100
38 28 100
38 28 100
38 28 100
38 28 100
38 28 100
38 28 100
38 28 100
38 28 100
38 28 100
38 28 100
38 28 100
38 28 100
38 28 100
38 28 100
38 28 100
38 28 100
38 28 100
38 28 100
37 28 100
37 28 100
37 28 100
37 28 100
37 28 100
37 28 100
37 28 100
37 28 100
37 28 100
37 28 100
37 28 100
37 28 100
37 28 100
37 28 100
37 28 100
37 28 100
37 28 100
37 28 100
37 28 100
37 28 100
37 28 100
37 28 100
37 28 100
37 28 100
37 28 100
37 28 100
37 28 100
37 28 100
37 28 100
37 28 100
37 28 100
37 28 100
37 28 100
37 28 100
37 28 100
37 28 100
