# move from (13,174) to (103,187)
13 174 100
13 174 100
13 174 100
13 174 100
13 174 100
13 174 100
13 174 100
14 174 100
14 174 100
14 174 100
14 174 100
14 174 100
14 174 100
15 174 100
15 174 100
15 174 100
15 174 100
15 174 100
16 174 100
16 174 100
16 174 100
16 174 100
17 174 100
17 174 100
17 174 100
17 174 100
18 174 100
18 174 100
18 174 100
19 174 100
19 174 100
20 174 100
20 174 100
21 174 100
21 174 100
22 174 100
23 174 100
24 174 100
25 174 100
26 174 100
27 174 100
28 174 100
29 174 100
30 174 100
31 174 100
32 174 100
33 174 100
34 174 100
35 174 100
36 174 100
37 174 100
38 174 100
39 174 100
40 174 100
41 174 100
42 174 100
43 174 100
44 174 100
45 174 100
46 174 100
46 174 100
47 174 100
47 174 100
47 174 100
48 174 100
48 174 100
48 174 100
48 174 100
49 174 100
49 174 100
49 174 100
49 174 100
49 174 100
49 174 100
50 174 100
50 174 100
50 174 100
50 174 100
50 174 100
50 174 100
50 174 100
50 174 100
51 174 100
51 174 100
51 174 100
51 174 100
51 174 100
51 174 100
51 174 100
51 174 100
51 174 100
51 174 100
51 174 100
52 174 100
52 174 100
52 174 100
52 174 100
52 174 100
52 174 100
52 174 100
52 174 100
52 174 100
52 174 100
52 174 100
52 174 100
52 174 100
52 174 100
53 174 100
53 174 100
53 174 100
53 174 100
53 174 100
53 174 100
53 174 100
53 174 100
53 174 100
53 174 100
53 174 100
53 174 100
53 174 100
53 174 100
53 174 100
53 174 100
53 174 100
54 174 100
54 174 100
54 174 100
54 174 100
54 174 100
54 174 100
54 174 100
54 174 100
54 174 100
54 174 100
54 174 100
54 174 100
54 174 100
54 174 100
54 174 100
54 174 100
54 174 100
54 174 100
54 174 100
55 174 100
55 174 100
55 174 100
55 174 100
55 174 100
55 174 100
55 174 100
55 174 100
55 174 100
55 174 100
55 174 100
55 174 100
55 174 100
55 174 100
55 174 100
55 174 100
55 174 100
55 174 100
55 174 100
55 174 100
55 174 100
56 174 100
56 174 100
56 174 100
56 174 100
56 174 100
56 174 100
56 174 100
56 174 100
56 174 100
56 174 100
56 174 100
56 174 100
56 174 100
56 174 100
56 174 100
56 174 100
56 174 100
56 174 100
56 174 100
56 174 100
56 174 100
56 174 100
56 174 100
57 174 100
57 174 100
57 174 100
57 174 100
57 174 100
57 174 100
57 174 100
57 174 100
57 174 100
57 174 100
57 174 100
57 174 100
57 174 100
57 174 100
57 174 100
57 174 100
57 174 100
57 174 100
57 174 100
57 174 100
57 174 100
57 174 100
57 174 100
57 174 100
58 174 100
58 174 100
58 174 100
58 174 100
58 174 100
58 174 100
58 174 100
58 174 100
58 174 100
58 174 100
58 174 100
58 174 100
58 174 100
58 174 100
58 174 100
58 174 100
58 174 100
58 174 100
58 174 100
58 174 100
58 174 100
58 174 100
58 174 100
58 174 100
59 174 100
59 174 100
59 174 100
59 174 100
59 174 100
59 174 100
59 174 100
59 174 100
59 174 100
59 174 100
59 174 100
59 174 100
59 174 100
59 174 100
59 174 100
59 174 100
59 174 100
59 174 100
59 174 100
59 174 100
59 174 100
59 174 100
59 174 100
59 174 100
59 174 100
60 174 100
60 174 100
60 174 100
60 174 100
60 174 100
60 174 100
60 174 100
60 174 100
60 174 100
60 174 100
60 174 100
60 174 100
60 174 100
60 174 100
60 174 100
60 174 100
60 174 100
60 174 100
60 174 100
60 174 100
60 174 100
60 174 100
60 174 100
60 174 100
60 174 100
61 174 100
61 174 100
61 174 100
61 174 100
61 174 100
61 174 100
61 174 100
61 174 100
61 174 100
61 174 100
61 174 100
61 174 100
61 174 100
61 174 100
61 174 100
61 174 100
61 174 100
61 174 100
61 174 100
61 174 100
61 174 100
61 174 100
61 174 100
61 174 100
62 174 100
62 174 100
62 174 100
62 174 100
62 174 100
62 174 100
62 174 100
62 174 100
62 174 100
62 174 100
62 174 100
62 174 100
62 174 100
62 174 100
62 174 100
62 174 100
62 174 100
62 174 100
62 174 100
62 174 100
62 174 100
62 174 100
62 174 100
63 174 100
63 174 100
63 174 100
63 174 100
63 174 100
63 174 100
63 174 100
63 174 100
63 174 100
63 174 100
63 174 100
63 174 100
63 174 100
63 174 100
63 174 100
63 174 100
63 174 100
63 174 100
63 174 100
63 174 100
63 174 100
64 174 100
64 174 100
64 174 100
64 174 100
64 174 100
64 174 100
64 174 100
64 174 100
64 174 100
64 174 100
64 174 100
64 174 100
64 174 100
64 174 100
64 174 100
64 174 100
64 174 100
64 174 100
64 174 100
64 174 100
65 174 100
65 174 100
65 174 100
65 174 100
65 174 100
65 174 100
65 174 100
65 174 100
65 174 100
65 174 100
65 174 100
65 174 100
65 174 100
65 174 100
65 174 100
65 174 100
65 174 100
66 174 100
66 174 100
66 174 100
66 174 100
66 174 100
66 174 100
66 174 100
66 174 100
66 174 100
66 174 100
66 174 100
66 174 100
66 174 100
66 174 100
66 174 100
67 174 100
67 174 100
67 174 100
67 174 100
67 174 100
67 174 100
67 174 100
67 174 100
67 174 100
67 174 100
67 174 100
67 174 100
68 174 100
68 174 100
68 174 100
68 174 100
68 174 100
68 174 100
68 174 100
68 174 100
68 174 100
68 174 100
69 174 100
69 174 100
69 174 100
69 174 100
69 174 100
69 174 100
69 174 100
69 174 100
70 174 100
70 174 100
70 174 100
70 174 100
70 174 100
70 174 100
70 174 100
71 174 100
71 174 100
71 174 100
71 174 100
71 174 100
72 174 100
72 174 100
72 174 100
72 174 100
72 174 100
73 174 100
73 174 100
73 174 100
73 174 100
74 174 100
74 174 100
74 174 100
75 174 100
75 174 100
75 174 100
76 174 100
76 174 100
76 174 100
77 174 100
77 174 100
78 174 100
78 174 100
79 174 100
79 174 100
79 174 100
80 174 100
80 174 100
80 174 100
81 174 100
81 174 100
81 174 100
82 174 100
82 174 100
82 174 100
83 174 100
83 174 100
83 174 100
83 174 100
84 174 100
84 174 100
84 174 100
84 174 100
84 174 100
85 174 100
85 174 100
85 174 100
85 174 100
85 174 100
85 174 100
86 174 100
86 174 100
86 174 100
86 174 100
86 174 100
86 174 100
86 174 100
87 174 100
87 174 100
87 174 100
87 174 100
87 174 100
87 174 100
87 174 100
87 174 100
87 174 100
88 174 100
88 174 100
88 174 100
88 174 100
88 174 100
88 174 100
88 174 100
88 174 100
88 174 100
88 174 100
89 174 100
89 174 100
89 174 100
89 174 100
89 174 100
89 174 100
89 174 100
89 174 100
89 174 100
89 174 100
89 174 100
89 174 100
90 174 100
90 174 100
90 174 100
90 174 100
90 174 100
90 174 100
90 174 100
90 174 100
90 174 100
90 174 100
90 174 100
90 174 100
90 174 100
91 174 100
91 174 100
91 174 100
91 174 100
91 174 100
91 174 100
91 174 100
91 174 100
91 174 100
91 174 100
91 174 100
91 174 100
91 174 100
91 174 100
92 174 100
92 174 100
92 174 100
92 174 100
92 174 100
92 174 100
92 174 100
92 174 100
92 174 100
92 174 100
92 174 100
92 174 100
92 174 100
92 174 100
92 174 100
93 174 100
93 174 100
93 174 100
93 174 100
93 174 100
93 174 100
93 174 100
93 174 100
93 174 100
93 174 100
93 174 100
93 174 100
93 174 100
93 174 100
93 174 100
93 174 100
94 174 100
94 174 100
94 174 100
94 174 100
94 174 100
94 174 100
94 174 100
94 174 100
94 174 100
94 174 100
94 174 100
94 174 100
94 174 100
94 174 100
94 174 100
94 174 100
94 174 100
95 174 100
95 174 100
95 174 100
95 174 100
95 174 100
95 174 100
95 174 100
95 174 100
95 174 100
95 174 100
95 174 100
95 174 100
95 174 100
95 174 100
95 174 100
95 174 100
95 174 100
95 174 100
96 174 100
96 174 100
96 174 100
96 174 100
96 174 100
96 174 100
96 174 100
96 174 100
96 174 100
96 174 100
96 174 100
96 174 100
96 174 100
96 174 100
96 174 100
96 174 100
96 174 100
96 174 100
97 174 100
97 174 100
97 174 100
97 174 100
97 174 100
97 174 100
97 174 100
97 174 100
97 174 100
97 174 100
97 174 100
97 174 100
97 174 100
97 174 100
97 174 100
97 174 100
97 174 100
97 174 100
97 174 100
98 174 100
98 174 100
98 174 100
98 174 100
98 174 100
98 174 100
98 174 100
98 174 100
98 174 100
98 174 100
98 174 100
98 174 100
98 174 100
98 174 100
98 174 100
98 174 100
98 174 100
98 174 100
98 174 100
99 174 100
99 174 100
99 174 100
99 174 100
99 174 100
99 174 100
99 174 100
99 174 100
99 174 100
99 174 100
99 174 100
99 174 100
99 174 100
99 174 100
99 174 100
99 174 100
99 174 100
99 174 100
99 174 100
100 174 100
100 174 100
100 174 100
100 174 100
100 174 100
100 174 100
100 174 100
100 174 100
100 174 100
100 174 100
100 174 100
100 174 100
100 174 100
100 174 100
100 174 100
100 174 100
100 174 100
100 174 100
100 174 100
101 174 100
101 174 100
101 174 100
101 174 100
101 174 100
101 174 100
101 174 100
101 174 100
101 174 100
101 174 100
101 174 100
101 174 100
101 174 100
101 174 100
101 174 100
101 174 100
101 174 100
101 174 100
102 174 100
102 174 100
102 174 100
102 174 100
102 174 100
102 174 100
102 174 100
102 174 100
102 174 100
102 174 100
102 174 100
102 174 100
102 174 100
102 174 100
102 174 100
102 174 100
102 174 100
103 174 100
103 174 100
103 174 100
103 174 100
103 174 100
103 174 100
103 174 100
103 174 100
103 174 100
103 174 100
103 174 100
103 174 100
103 174 100
103 174 100
103 174 100
103 174 100
103 175 100
103 175 100
103 175 100
103 175 100
103 175 100
103 175 100
103 175 100
103 175 100
103 175 100
103 175 100
103 175 100
103 175 100
103 175 100
103 176 100
103 176 100
103 176 100
103 176 100
103 176 100
103 176 100
103 176 100
103 176 100
103 176 100
103 176 100
103 177 100
103 177 100
103 177 100
103 177 100
103 177 100
103 177 100
103 177 100
103 177 100
103 178 100
103 178 100
103 178 100
103 178 100
103 178 100
103 178 100
103 179 100
103 179 100
103 179 100
103 179 100
103 179 100
103 180 100
103 180 100
103 180 100
103 180 100
103 181 100
103 181 100
103 181 100
103 182 100
103 182 100
103 183 100
103 183 100
103 184 100
103 185 100
103 186 100
103 187 100
