# move from (43,39) to (95,195)
43 39 100
44 39 100
45 39 100
46 39 100
47 39 100
48 39 100
48 39 100
49 39 100
49 39 100
50 39 100
50 39 100
50 39 100
51 39 100
51 39 100
51 39 100
51 39 100
51 39 100
52 39 100
52 39 100
52 39 100
52 39 100
52 39 100
52 39 100
53 39 100
53 39 100
53 39 100
53 39 100
53 39 100
53 39 100
53 39 100
53 39 100
54 39 100
54 39 100
54 39 100
54 39 100
54 39 100
54 39 100
54 39 100
54 39 100
54 39 100
54 39 100
55 39 100
55 39 100
55 39 100
55 39 100
55 39 100
55 39 100
55 39 100
55 39 100
55 39 100
55 39 100
55 39 100
55 39 100
56 39 100
56 39 100
56 39 100
56 39 100
56 39 100
56 39 100
56 39 100
56 39 100
56 39 100
56 39 100
56 39 100
56 39 100
56 39 100
57 39 100
57 39 100
57 39 100
57 39 100
57 39 100
57 39 100
57 39 100
57 39 100
57 39 100
57 39 100
57 39 100
57 39 100
57 39 100
57 39 100
58 39 100
58 39 100
58 39 100
58 39 100
58 39 100
58 39 100
58 39 100
58 39 100
58 39 100
58 39 100
58 39 100
58 39 100
58 39 100
58 39 100
58 39 100
59 39 100
59 39 100
59 39 100
59 39 100
59 39 100
59 39 100
59 39 100
59 39 100
59 39 100
59 39 100
59 39 100
59 39 100
59 39 100
59 39 100
59 39 100
59 39 100
60 39 100
60 39 100
60 39 100
60 39 100
60 39 100
60 39 100
60 39 100
60 39 100
60 39 100
60 39 100
60 39 100
60 39 100
60 39 100
60 39 100
60 39 100
61 39 100
61 39 100
61 39 100
61 39 100
61 39 100
61 39 100
61 39 100
61 39 100
61 39 100
61 39 100
61 39 100
61 39 100
61 39 100
61 39 100
62 39 100
62 39 100
62 39 100
62 39 100
62 39 100
62 39 100
62 39 100
62 39 100
62 39 100
62 39 100
62 39 100
62 39 100
62 39 100
63 39 100
63 39 100
63 39 100
63 39 100
63 39 100
63 39 100
63 39 100
63 39 100
63 39 100
63 39 100
63 39 100
63 39 100
64 39 100
64 39 100
64 39 100
64 39 100
64 39 100
64 39 100
64 39 100
64 39 100
64 39 100
64 39 100
65 39 100
65 39 100
65 39 100
65 39 100
65 39 100
65 39 100
65 39 100
65 39 100
65 39 100
66 39 100
66 39 100
66 39 100
66 39 100
66 39 100
66 39 100
66 39 100
66 39 100
66 39 100
67 39 100
67 39 100
67 39 100
67 39 100
67 39 100
67 39 100
67 39 100
67 39 100
68 39 100
68 39 100
68 39 100
68 39 100
68 39 100
68 39 100
68 39 100
69 39 100
69 39 100
69 39 100
69 39 100
69 39 100
69 39 100
70 39 100
70 39 100
70 39 100
70 39 100
70 39 100
71 39 100
71 39 100
71 39 100
71 39 100
71 39 100
72 39 100
72 39 100
72 39 100
72 39 100
73 39 100
73 39 100
73 39 100
74 39 100
74 39 100
75 39 100
75 39 100
76 39 100
77 39 100
78 39 100
79 39 100
80 39 100
81 39 100
82 39 100
83 39 100
84 39 100
85 39 100
86 39 100
87 39 100
88 39 100
89 39 100
90 39 100
91 39 100
91 39 100
92 39 100
92 39 100
93 39 100
93 39 100
93 39 100
93 39 100
94 39 100
94 39 100
94 39 100
94 39 100
94 39 100
94 39 100
94 39 100
95 39 100
95 39 100
95 39 100
95 39 100
95 39 100
95 39 100
95 39 100
95 39 100
95 39 100
95 39 100
95 40 100
95 40 100
95 40 100
95 40 100
95 40 100
95 40 100
95 40 100
95 40 100
95 41 100
95 41 100
95 41 100
95 41 100
95 41 100
95 41 100
95 41 100
95 42 100
95 42 100
95 42 100
95 42 100
95 42 100
95 42 100
95 43 100
95 43 100
95 43 100
95 43 100
95 43 100
95 43 100
95 44 100
95 44 100
95 44 100
95 44 100
95 44 100
95 44 100
95 45 100
95 45 100
95 45 100
95 45 100
95 45 100
95 45 100
95 46 100
95 46 100
95 46 100
95 46 100
95 46 100
95 46 100
95 47 100
95 47 100
95 47 100
95 47 100
95 47 100
95 47 100
95 48 100
95 48 100
95 48 100
95 48 100
95 48 100
95 48 100
95 48 100
95 49 100
95 49 100
95 49 100
95 49 100
95 49 100
95 49 100
95 49 100
95 50 100
95 50 100
95 50 100
95 50 100
95 50 100
95 50 100
95 50 100
95 50 100
95 50 100
95 51 100
95 51 100
95 51 100
95 51 100
95 51 100
95 51 100
95 51 100
95 51 100
95 51 100
95 51 100
95 52 100
95 52 100
95 52 100
95 52 100
95 52 100
95 52 100
95 52 100
95 52 100
95 52 100
95 52 100
95 52 100
95 53 100
95 53 100
95 53 100
95 53 100
95 53 100
95 53 100
95 53 100
95 53 100
95 53 100
95 53 100
95 53 100
95 54 100
95 54 100
95 54 100
95 54 100
95 54 100
95 54 100
95 54 100
95 54 100
95 54 100
95 54 100
95 54 100
95 55 100
95 55 100
95 55 100
95 55 100
95 55 100
95 55 100
95 55 100
95 55 100
95 55 100
95 55 100
95 55 100
95 56 100
95 56 100
95 56 100
95 56 100
95 56 100
95 56 100
95 56 100
95 56 100
95 56 100
95 56 100
95 56 100
95 57 100
95 57 100
95 57 100
95 57 100
95 57 100
95 57 100
95 57 100
95 57 100
95 57 100
95 57 100
95 57 100
95 57 100
95 58 100
95 58 100
95 58 100
95 58 100
95 58 100
95 58 100
95 58 100
95 58 100
95 58 100
95 58 100
95 58 100
95 58 100
95 59 100
95 59 100
95 59 100
95 59 100
95 59 100
95 59 100
95 59 100
95 59 100
95 59 100
95 59 100
95 59 100
95 59 100
95 59 100
95 59 100
95 60 100
95 60 100
95 60 100
95 60 100
95 60 100
95 60 100
95 60 100
95 60 100
95 60 100
95 60 100
95 60 100
95 60 100
95 60 100
95 60 100
95 60 100
95 61 100
95 61 100
95 61 100
95 61 100
95 61 100
95 61 100
95 61 100
95 61 100
95 61 100
95 61 100
95 61 100
95 61 100
95 61 100
95 61 100
95 61 100
95 61 100
95 61 100
95 61 100
95 62 100
95 62 100
95 62 100
95 62 100
95 62 100
95 62 100
95 62 100
95 62 100
95 62 100
95 62 100
95 62 100
95 62 100
95 62 100
95 62 100
95 62 100
95 62 100
95 62 100
95 62 100
95 62 100
95 62 100
95 62 100
95 63 100
95 63 100
95 63 100
95 63 100
95 63 100
95 63 100
95 63 100
95 63 100
95 63 100
95 63 100
95 63 100
95 63 100
95 63 100
95 63 100
95 63 100
95 63 100
95 63 100
95 63 100
95 63 100
95 63 100
95 63 100
95 63 100
95 63 100
95 63 100
95 63 100
95 64 100
95 64 100
95 64 100
95 64 100
95 64 100
95 64 100
95 64 100
95 64 100
95 64 100
95 64 100
95 64 100
95 64 100
95 64 100
95 64 100
95 64 100
95 64 100
95 64 100
95 64 100
95 64 100
95 64 100
95 64 100
95 64 100
95 64 100
95 64 100
95 64 100
95 64 100
95 64 100
95 64 100
95 64 100
95 65 100
95 65 100
95 65 100
95 65 100
95 65 100
95 65 100
95 65 100
95 65 100
95 65 100
95 65 100
95 65 100
95 65 100
95 65 100
95 65 100
95 65 100
95 65 100
95 65 100
95 65 100
95 65 100
95 65 100
95 65 100
95 65 100
95 65 100
95 65 100
95 65 100
95 65 100
95 65 100
95 65 100
95 65 100
95 65 100
95 65 100
95 66 100
95 66 100
95 66 100
95 66 100
95 66 100
95 66 100
95 66 100
95 66 100
95 66 100
95 66 100
95 66 100
95 66 100
95 66 100
95 66 100
95 66 100
95 66 100
95 66 100
95 66 100
95 66 100
95 66 100
95 66 100
95 66 100
95 66 100
95 66 100
95 66 100
95 66 100
95 66 100
95 66 100
95 66 100
95 66 100
95 66 100
95 66 100
95 66 100
95 67 100
95 67 100
95 67 100
95 67 100
95 67 100
95 67 100
95 67 100
95 67 100
95 67 100
95 67 100
95 67 100
95 67 100
95 67 100
95 67 100
95 67 100
95 67 100
95 67 100
95 67 100
95 67 100
95 67 100
95 67 100
95 67 100
95 67 100
95 67 100
95 67 100
95 67 100
95 67 100
95 67 100
95 67 100
95 67 100
95 67 100
95 67 100
95 67 100
95 67 100
95 68 100
95 68 100
95 68 100
95 68 100
95 68 100
95 68 100
95 68 100
95 68 100
95 68 100
95 68 100
95 68 100
95 68 100
95 68 100
95 68 100
95 68 100
95 68 100
95 68 100
95 68 100
95 68 100
95 68 100
95 68 100
95 68 100
95 68 100
95 68 100
95 68 100
95 68 100
95 68 100
95 68 100
95 68 100
95 68 100
95 68 100
95 68 100
95 68 100
95 68 100
95 69 100
95 69 100
95 69 100
95 69 100
95 69 100
95 69 100
95 69 100
95 69 100
95 69 100
95 69 100
95 69 100
95 69 100
95 69 100
95 69 100
95 69 100
95 69 100
95 69 100
95 69 100
95 69 100
95 69 100
95 69 100
95 69 100
95 69 100
95 69 100
95 69 100
95 69 100
95 69 100
95 69 100
95 69 100
95 69 100
95 69 100
95 69 100
95 69 100
95 70 100
95 70 100
95 70 100
95 70 100
95 70 100
95 70 100
95 70 100
95 70 100
95 70 100
95 70 100
95 70 100
95 70 100
95 70 100
95 70 100
95 70 100
95 70 100
95 70 100
95 70 100
95 70 100
95 70 100
95 70 100
95 70 100
95 70 100
95 70 100
95 70 100
95 70 100
95 70 100
95 70 100
95 70 100
95 70 100
95 70 100
95 70 100
95 70 100
95 71 100
95 71 100
95 71 100
95 71 100
95 71 100
95 71 100
95 71 100
95 71 100
95 71 100
95 71 100
95 71 100
95 71 100
95 71 100
95 71 100
95 71 100
95 71 100
95 71 100
95 71 100
95 71 100
95 71 100
95 71 100
95 71 100
95 71 100
95 71 100
95 71 100
95 71 100
95 71 100
95 71 100
95 71 100
95 71 100
95 71 100
95 71 100
95 72 100
95 72 100
95 72 100
95 72 100
95 72 100
95 72 100
95 72 100
95 72 100
95 72 100
95 72 100
95 72 100
95 72 100
95 72 100
95 72 100
95 72 100
95 72 100
95 72 100
95 72 100
95 72 100
95 72 100
95 72 100
95 72 100
95 72 100
95 72 100
95 72 100
95 72 100
95 72 100
95 72 100
95 72 100
95 72 100
95 72 100
95 73 100
95 73 100
95 73 100
95 73 100
95 73 100
95 73 100
95 73 100
95 73 100
95 73 100
95 73 100
95 73 100
95 73 100
95 73 100
95 73 100
95 73 100
95 73 100
95 73 100
95 73 100
95 73 100
95 73 100
95 73 100
95 73 100
95 73 100
95 73 100
95 73 100
95 73 100
95 73 100
95 73 100
95 73 100
95 73 100
95 74 100
95 74 100
95 74 100
95 74 100
95 74 100
95 74 100
95 74 100
95 74 100
95 74 100
95 74 100
95 74 100
95 74 100
95 74 100
95 74 100
95 74 100
95 74 100
95 74 100
95 74 100
95 74 100
95 74 100
95 74 100
95 74 100
95 74 100
95 74 100
95 74 100
95 74 100
95 74 100
95 74 100
95 74 100
95 74 100
95 75 100
95 75 100
95 75 100
95 75 100
95 75 100
95 75 100
95 75 100
95 75 100
95 75 100
95 75 100
95 75 100
95 75 100
95 75 100
95 75 100
95 75 100
95 75 100
95 75 100
95 75 100
95 75 100
95 75 100
95 75 100
95 75 100
95 75 100
95 75 100
95 75 100
95 75 100
95 75 100
95 75 100
95 75 100
95 76 100
95 76 100
95 76 100
95 76 100
95 76 100
95 76 100
95 76 100
95 76 100
95 76 100
95 76 100
95 76 100
95 76 100
95 76 100
95 76 100
95 76 100
95 76 100
95 76 100
95 76 100
95 76 100
95 76 100
95 76 100
95 76 100
95 76 100
95 76 100
95 76 100
95 76 100
95 76 100
95 77 100
95 77 100
95 77 100
95 77 100
95 77 100
95 77 100
95 77 100
95 77 100
95 77 100
95 77 100
95 77 100
95 77 100
95 77 100
95 77 100
95 77 100
95 77 100
95 77 100
95 77 100
95 77 100
95 77 100
95 77 100
95 77 100
95 77 100
95 77 100
95 77 100
95 77 100
95 78 100
95 78 100
95 78 100
95 78 100
95 78 100
95 78 100
95 78 100
95 78 100
95 78 100
95 78 100
95 78 100
95 78 100
95 78 100
95 78 100
95 78 100
95 78 100
95 78 100
95 78 100
95 78 100
95 78 100
95 78 100
95 78 100
95 78 100
95 78 100
95 79 100
95 79 100
95 79 100
95 79 100
95 79 100
95 79 100
95 79 100
95 79 100
95 79 100
95 79 100
95 79 100
95 79 100
95 79 100
95 79 100
95 79 100
95 79 100
95 79 100
95 79 100
95 79 100
95 79 100
95 79 100
95 80 100
95 80 100
95 80 100
95 80 100
95 80 100
95 80 100
95 80 100
95 80 100
95 80 100
95 80 100
95 80 100
95 80 100
95 80 100
95 80 100
95 80 100
95 80 100
95 80 100
95 80 100
95 81 100
95 81 100
95 81 100
95 81 100
95 81 100
95 81 100
95 81 100
95 81 100
95 81 100
95 81 100
95 81 100
95 81 100
95 81 100
95 81 100
95 81 100
95 82 100
95 82 100
95 82 100
95 82 100
95 82 100
95 82 100
95 82 100
95 82 100
95 82 100
95 82 100
95 82 100
95 82 100
95 82 100
95 83 100
95 83 100
95 83 100
95 83 100
95 83 100
95 83 100
95 83 100
95 83 100
95 83 100
95 83 100
95 83 100
95 84 100
95 84 100
95 84 100
95 84 100
95 84 100
95 84 100
95 84 100
95 84 100
95 84 100
95 84 100
95 85 100
95 85 100
95 85 100
95 85 100
95 85 100
95 85 100
95 85 100
95 85 100
95 86 100
95 86 100
95 86 100
95 86 100
95 86 100
95 86 100
95 86 100
95 87 100
95 87 100
95 87 100
95 87 100
95 87 100
95 87 100
95 88 100
95 88 100
95 88 100
95 88 100
95 88 100
95 88 100
95 89 100
95 89 100
95 89 100
95 89 100
95 89 100
95 90 100
95 90 100
95 90 100
95 90 100
95 90 100
95 91 100
95 91 100
95 91 100
95 91 100
95 92 100
95 92 100
95 92 100
95 92 100
95 93 100
95 93 100
95 93 100
95 94 100
95 94 100
95 94 100
95 95 100
95 95 100
95 95 100
95 96 100
95 96 100
95 96 100
95 97 100
95 97 100
95 97 100
95 98 100
95 98 100
95 98 100
95 99 100
95 99 100
95 99 100
95 99 100
95 100 100
95 100 100
95 100 100
95 100 100
95 101 100
95 101 100
95 101 100
95 101 100
95 101 100
95 102 100
95 102 100
95 102 100
95 102 100
95 102 100
95 102 100
95 103 100
95 103 100
95 103 100
95 103 100
95 103 100
95 103 100
95 103 100
95 104 100
95 104 100
95 104 100
95 104 100
95 104 100
95 104 100
95 104 100
95 104 100
95 105 100
95 105 100
95 105 100
95 105 100
95 105 100
95 105 100
95 105 100
95 105 100
95 105 100
95 106 100
95 106 100
95 106 100
95 106 100
95 106 100
95 106 100
95 106 100
95 106 100
95 106 100
95 107 100
95 107 100
95 107 100
95 107 100
95 107 100
95 107 100
95 107 100
95 107 100
95 107 100
95 108 100
95 108 100
95 108 100
95 108 100
95 108 100
95 108 100
95 108 100
95 108 100
95 108 100
95 109 100
95 109 100
95 109 100
95 109 100
95 109 100
95 109 100
95 109 100
95 109 100
95 109 100
95 110 100
95 110 100
95 110 100
95 110 100
95 110 100
95 110 100
95 110 100
95 110 100
95 111 100
95 111 100
95 111 100
95 111 100
95 111 100
95 111 100
95 111 100
95 111 100
95 112 100
95 112 100
95 112 100
95 112 100
95 112 100
95 112 100
95 112 100
95 112 100
95 113 100
95 113 100
95 113 100
95 113 100
95 113 100
95 113 100
95 113 100
95 114 100
95 114 100
95 114 100
95 114 100
95 114 100
95 114 100
95 114 100
95 115 100
95 115 100
95 115 100
95 115 100
95 115 100
95 115 100
95 115 100
95 115 100
95 116 100
95 116 100
95 116 100
95 116 100
95 116 100
95 116 100
95 116 100
95 116 100
95 117 100
95 117 100
95 117 100
95 117 100
95 117 100
95 117 100
95 117 100
95 117 100
95 118 100
95 118 100
95 118 100
95 118 100
95 118 100
95 118 100
95 118 100
95 118 100
95 119 100
95 119 100
95 119 100
95 119 100
95 119 100
95 119 100
95 119 100
95 120 100
95 120 100
95 120 100
95 120 100
95 120 100
95 120 100
95 121 100
95 121 100
95 121 100
95 121 100
95 122 100
95 122 100
95 122 100
95 123 100
95 123 100
95 124 100
95 124 100
95 125 100
95 126 100
95 127 100
95 128 100
95 129 100
95 130 100
95 131 100
95 132 100
95 133 100
95 134 100
95 135 100
95 136 100
95 137 100
95 138 100
95 139 100
95 140 100
95 141 100
95 142 100
95 143 100
95 144 100
95 145 100
95 146 100
95 147 100
95 148 100
95 149 100
95 150 100
95 151 100
95 152 100
95 153 100
95 154 100
95 155 100
95 156 100
95 157 100
95 158 100
95 159 100
95 160 100
95 161 100
95 162 100
95 162 100
95 163 100
95 163 100
95 164 100
95 164 100
95 165 100
95 165 100
95 166 100
95 166 100
95 167 100
95 167 100
95 168 100
95 168 100
95 169 100
95 169 100
95 170 100
95 170 100
95 171 100
95 171 100
95 172 100
95 172 100
95 172 100
95 173 100
95 173 100
95 173 100
95 174 100
95 174 100
95 174 100
95 175 100
95 175 100
95 175 100
95 176 100
95 176 100
95 177 100
95 177 100
95 178 100
95 178 100
95 179 100
95 180 100
95 181 100
95 182 100
95 183 100
95 184 100
95 185 100
95 186 100
95 187 100
95 188 100
95 189 100
95 190 100
95 191 100
95 192 100
95 193 100
95 194 100
95 195 100
# move from (185,140) to (95,195)
185 140 100
184 140 100
183 140 100
182 140 100
181 140 100
180 140 100
179 140 100
178 140 100
177 140 100
177 140 100
176 140 100
176 140 100
175 140 100
175 140 100
174 140 100
174 140 100
173 140 100
173 140 100
172 140 100
172 140 100
171 140 100
170 140 100
169 140 100
168 140 100
167 140 100
166 140 100
165 140 100
164 140 100
163 140 100
162 140 100
161 140 100
160 140 100
159 140 100
158 140 100
157 140 100
156 140 100
155 140 100
154 140 100
153 140 100
152 140 100
151 140 100
150 140 100
150 140 100
149 140 100
149 140 100
148 140 100
148 140 100
147 140 100
147 140 100
146 140 100
146 140 100
145 140 100
145 140 100
144 140 100
144 140 100
143 140 100
143 140 100
142 140 100
141 140 100
140 140 100
139 140 100
138 140 100
137 140 100
136 140 100
135 140 100
134 140 100
133 140 100
132 140 100
131 140 100
130 140 100
129 140 100
128 140 100
127 140 100
126 140 100
125 140 100
124 140 100
123 140 100
122 140 100
121 140 100
120 140 100
119 140 100
118 140 100
117 140 100
116 140 100
115 140 100
115 140 100
114 140 100
114 140 100
113 140 100
113 140 100
112 140 100
112 140 100
111 140 100
111 140 100
110 140 100
110 140 100
109 140 100
108 140 100
107 140 100
106 140 100
105 140 100
104 140 100
103 140 100
102 140 100
101 140 100
100 140 100
99 140 100
98 140 100
97 140 100
96 140 100
# move from (85,117) to (95,195)
85 117 100
86 117 100
87 117 100
88 117 100
89 117 100
90 117 100
91 117 100
92 117 100
93 117 100
93 117 100
94 117 100
94 117 100
94 117 100
94 117 100
# move from (46,8) to (95,195)
46 8 100
47 8 100
48 8 100
49 8 100
50 8 100
51 8 100
52 8 100
53 8 100
54 8 100
55 8 100
56 8 100
57 8 100
58 8 100
59 8 100
60 8 100
61 8 100
62 8 100
63 8 100
63 8 100
64 8 100
64 8 100
65 8 100
65 8 100
65 8 100
66 8 100
66 8 100
66 8 100
67 8 100
67 8 100
67 8 100
67 8 100
68 8 100
68 8 100
68 8 100
68 8 100
68 8 100
69 8 100
69 8 100
69 8 100
69 8 100
69 8 100
69 8 100
70 8 100
70 8 100
70 8 100
70 8 100
70 8 100
70 8 100
70 8 100
71 8 100
71 8 100
71 8 100
71 8 100
71 8 100
71 8 100
71 8 100
71 8 100
71 8 100
72 8 100
72 8 100
72 8 100
72 8 100
72 8 100
72 8 100
72 8 100
72 8 100
72 8 100
72 8 100
73 8 100
73 8 100
73 8 100
73 8 100
73 8 100
73 8 100
73 8 100
73 8 100
73 8 100
73 8 100
73 8 100
74 8 100
74 8 100
74 8 100
74 8 100
74 8 100
74 8 100
74 8 100
74 8 100
74 8 100
74 8 100
74 8 100
74 8 100
75 8 100
75 8 100
75 8 100
75 8 100
75 8 100
75 8 100
75 8 100
75 8 100
75 8 100
75 8 100
75 8 100
75 8 100
75 8 100
76 8 100
76 8 100
76 8 100
76 8 100
76 8 100
76 8 100
76 8 100
76 8 100
76 8 100
76 8 100
76 8 100
76 8 100
76 8 100
76 8 100
76 8 100
77 8 100
77 8 100
77 8 100
77 8 100
77 8 100
77 8 100
77 8 100
77 8 100
77 8 100
77 8 100
77 8 100
77 8 100
77 8 100
77 8 100
77 8 100
78 8 100
78 8 100
78 8 100
78 8 100
78 8 100
78 8 100
78 8 100
78 8 100
78 8 100
78 8 100
78 8 100
78 8 100
78 8 100
78 8 100
78 8 100
78 8 100
79 8 100
79 8 100
79 8 100
79 8 100
79 8 100
79 8 100
79 8 100
79 8 100
79 8 100
79 8 100
79 8 100
79 8 100
79 8 100
79 8 100
79 8 100
79 8 100
79 8 100
80 8 100
80 8 100
80 8 100
80 8 100
80 8 100
80 8 100
80 8 100
80 8 100
80 8 100
80 8 100
80 8 100
80 8 100
80 8 100
80 8 100
80 8 100
80 8 100
80 8 100
80 8 100
80 8 100
81 8 100
81 8 100
81 8 100
81 8 100
81 8 100
81 8 100
81 8 100
81 8 100
81 8 100
81 8 100
81 8 100
81 8 100
81 8 100
81 8 100
81 8 100
81 8 100
81 8 100
81 8 100
81 8 100
81 8 100
81 8 100
82 8 100
82 8 100
82 8 100
82 8 100
82 8 100
82 8 100
82 8 100
82 8 100
82 8 100
82 8 100
82 8 100
82 8 100
82 8 100
82 8 100
82 8 100
82 8 100
82 8 100
82 8 100
82 8 100
82 8 100
82 8 100
82 8 100
82 8 100
82 8 100
83 8 100
83 8 100
83 8 100
83 8 100
83 8 100
83 8 100
83 8 100
83 8 100
83 8 100
83 8 100
83 8 100
83 8 100
83 8 100
83 8 100
83 8 100
83 8 100
83 8 100
83 8 100
83 8 100
83 8 100
83 8 100
83 8 100
83 8 100
83 8 100
83 8 100
83 8 100
83 8 100
83 8 100
84 8 100
84 8 100
84 8 100
84 8 100
84 8 100
84 8 100
84 8 100
84 8 100
84 8 100
84 8 100
84 8 100
84 8 100
84 8 100
84 8 100
84 8 100
84 8 100
84 8 100
84 8 100
84 8 100
84 8 100
84 8 100
84 8 100
84 8 100
84 8 100
84 8 100
84 8 100
84 8 100
84 8 100
84 8 100
84 8 100
84 8 100
84 8 100
85 8 100
85 8 100
85 8 100
85 8 100
85 8 100
85 8 100
85 8 100
85 8 100
85 8 100
85 8 100
85 8 100
85 8 100
85 8 100
85 8 100
85 8 100
85 8 100
85 8 100
85 8 100
85 8 100
85 8 100
85 8 100
85 8 100
85 8 100
85 8 100
85 8 100
85 8 100
85 8 100
85 8 100
85 8 100
85 8 100
85 8 100
85 8 100
85 8 100
85 8 100
85 8 100
85 8 100
86 8 100
86 8 100
86 8 100
86 8 100
86 8 100
86 8 100
86 8 100
86 8 100
86 8 100
86 8 100
86 8 100
86 8 100
86 8 100
86 8 100
86 8 100
86 8 100
86 8 100
86 8 100
86 8 100
86 8 100
86 8 100
86 8 100
86 8 100
86 8 100
86 8 100
86 8 100
86 8 100
86 8 100
86 8 100
86 8 100
86 8 100
86 8 100
86 8 100
86 8 100
86 8 100
86 8 100
86 8 100
86 8 100
86 8 100
87 8 100
87 8 100
87 8 100
87 8 100
87 8 100
87 8 100
87 8 100
87 8 100
87 8 100
87 8 100
87 8 100
87 8 100
87 8 100
87 8 100
87 8 100
87 8 100
87 8 100
87 8 100
87 8 100
87 8 100
87 8 100
87 8 100
87 8 100
87 8 100
87 8 100
87 8 100
87 8 100
87 8 100
87 8 100
87 8 100
87 8 100
87 8 100
87 8 100
87 8 100
87 8 100
87 8 100
87 8 100
87 8 100
87 8 100
87 8 100
87 8 100
88 8 100
88 8 100
88 8 100
88 8 100
88 8 100
88 8 100
88 8 100
88 8 100
88 8 100
88 8 100
88 8 100
88 8 100
88 8 100
88 8 100
88 8 100
88 8 100
88 8 100
88 8 100
88 8 100
88 8 100
88 8 100
88 8 100
88 8 100
88 8 100
88 8 100
88 8 100
88 8 100
88 8 100
88 8 100
88 8 100
88 8 100
88 8 100
88 8 100
88 8 100
88 8 100
88 8 100
88 8 100
88 8 100
88 8 100
88 8 100
88 8 100
88 8 100
88 8 100
89 8 100
89 8 100
89 8 100
89 8 100
89 8 100
89 8 100
89 8 100
89 8 100
89 8 100
89 8 100
89 8 100
89 8 100
89 8 100
89 8 100
89 8 100
89 8 100
89 8 100
89 8 100
89 8 100
89 8 100
89 8 100
89 8 100
89 8 100
89 8 100
89 8 100
89 8 100
89 8 100
89 8 100
89 8 100
89 8 100
89 8 100
89 8 100
89 8 100
89 8 100
89 8 100
89 8 100
89 8 100
89 8 100
89 8 100
89 8 100
89 8 100
89 8 100
89 8 100
89 8 100
90 8 100
90 8 100
90 8 100
90 8 100
90 8 100
90 8 100
90 8 100
90 8 100
90 8 100
90 8 100
90 8 100
90 8 100
90 8 100
90 8 100
90 8 100
90 8 100
90 8 100
90 8 100
90 8 100
90 8 100
90 8 100
90 8 100
90 8 100
90 8 100
90 8 100
90 8 100
90 8 100
90 8 100
90 8 100
90 8 100
90 8 100
90 8 100
90 8 100
90 8 100
90 8 100
90 8 100
90 8 100
90 8 100
90 8 100
90 8 100
90 8 100
90 8 100
90 8 100
90 8 100
90 8 100
91 8 100
91 8 100
91 8 100
91 8 100
91 8 100
91 8 100
91 8 100
91 8 100
91 8 100
91 8 100
91 8 100
91 8 100
91 8 100
91 8 100
91 8 100
91 8 100
91 8 100
91 8 100
91 8 100
91 8 100
91 8 100
91 8 100
91 8 100
91 8 100
91 8 100
91 8 100
91 8 100
91 8 100
91 8 100
91 8 100
91 8 100
91 8 100
91 8 100
91 8 100
91 8 100
91 8 100
91 8 100
91 8 100
91 8 100
91 8 100
91 8 100
91 8 100
91 8 100
91 8 100
91 8 100
92 8 100
92 8 100
92 8 100
92 8 100
92 8 100
92 8 100
92 8 100
92 8 100
92 8 100
92 8 100
92 8 100
92 8 100
92 8 100
92 8 100
92 8 100
92 8 100
92 8 100
92 8 100
92 8 100
92 8 100
92 8 100
92 8 100
92 8 100
92 8 100
92 8 100
92 8 100
92 8 100
92 8 100
92 8 100
92 8 100
92 8 100
92 8 100
92 8 100
92 8 100
92 8 100
92 8 100
92 8 100
92 8 100
92 8 100
92 8 100
92 8 100
92 8 100
92 8 100
92 8 100
92 8 100
93 8 100
93 8 100
93 8 100
93 8 100
93 8 100
93 8 100
93 8 100
93 8 100
93 8 100
93 8 100
93 8 100
93 8 100
93 8 100
93 8 100
93 8 100
93 8 100
93 8 100
93 8 100
93 8 100
93 8 100
93 8 100
93 8 100
93 8 100
93 8 100
93 8 100
93 8 100
93 8 100
93 8 100
93 8 100
93 8 100
93 8 100
93 8 100
93 8 100
93 8 100
93 8 100
93 8 100
93 8 100
93 8 100
93 8 100
93 8 100
93 8 100
93 8 100
93 8 100
93 8 100
93 8 100
94 8 100
94 8 100
94 8 100
94 8 100
94 8 100
94 8 100
94 8 100
94 8 100
94 8 100
94 8 100
94 8 100
94 8 100
94 8 100
94 8 100
94 8 100
94 8 100
94 8 100
94 8 100
94 8 100
94 8 100
94 8 100
94 8 100
94 8 100
94 8 100
94 8 100
94 8 100
94 8 100
94 8 100
94 8 100
94 8 100
94 8 100
94 8 100
94 8 100
94 8 100
94 8 100
94 8 100
94 8 100
94 8 100
94 8 100
94 8 100
94 8 100
94 8 100
94 8 100
94 8 100
94 8 100
95 8 100
95 8 100
95 8 100
95 8 100
95 8 100
95 8 100
95 8 100
95 8 100
95 8 100
95 8 100
95 8 100
95 8 100
95 8 100
95 8 100
95 8 100
95 8 100
95 8 100
95 8 100
95 8 100
95 8 100
95 8 100
95 8 100
95 8 100
95 8 100
95 8 100
95 8 100
95 8 100
95 8 100
95 8 100
95 8 100
95 8 100
95 8 100
95 8 100
95 8 100
95 8 100
95 8 100
95 8 100
95 8 100
95 8 100
95 8 100
95 8 100
95 8 100
95 8 100
95 8 100
95 8 100
95 9 100
95 9 100
95 9 100
95 9 100
95 9 100
95 9 100
95 9 100
95 9 100
95 9 100
95 9 100
95 9 100
95 9 100
95 9 100
95 9 100
95 9 100
95 9 100
95 9 100
95 9 100
95 9 100
95 9 100
95 9 100
95 9 100
95 9 100
95 9 100
95 9 100
95 9 100
95 9 100
95 9 100
95 9 100
95 9 100
95 9 100
95 9 100
95 9 100
95 9 100
95 9 100
95 9 100
95 9 100
95 9 100
95 9 100
95 9 100
95 9 100
95 9 100
95 9 100
95 9 100
95 9 100
95 10 100
95 10 100
95 10 100
95 10 100
95 10 100
95 10 100
95 10 100
95 10 100
95 10 100
95 10 100
95 10 100
95 10 100
95 10 100
95 10 100
95 10 100
95 10 100
95 10 100
95 10 100
95 10 100
95 10 100
95 10 100
95 10 100
95 10 100
95 10 100
95 10 100
95 10 100
95 10 100
95 10 100
95 10 100
95 10 100
95 10 100
95 10 100
95 10 100
95 10 100
95 10 100
95 10 100
95 10 100
95 10 100
95 10 100
95 10 100
95 10 100
95 10 100
95 10 100
95 11 100
95 11 100
95 11 100
95 11 100
95 11 100
95 11 100
95 11 100
95 11 100
95 11 100
95 11 100
95 11 100
95 11 100
95 11 100
95 11 100
95 11 100
95 11 100
95 11 100
95 11 100
95 11 100
95 11 100
95 11 100
95 11 100
95 11 100
95 11 100
95 11 100
95 11 100
95 11 100
95 11 100
95 11 100
95 11 100
95 11 100
95 11 100
95 11 100
95 11 100
95 11 100
95 11 100
95 11 100
95 11 100
95 11 100
95 11 100
95 11 100
95 12 100
95 12 100
95 12 100
95 12 100
95 12 100
95 12 100
95 12 100
95 12 100
95 12 100
95 12 100
95 12 100
95 12 100
95 12 100
95 12 100
95 12 100
95 12 100
95 12 100
95 12 100
95 12 100
95 12 100
95 12 100
95 12 100
95 12 100
95 12 100
95 12 100
95 12 100
95 12 100
95 12 100
95 12 100
95 12 100
95 12 100
95 12 100
95 12 100
95 12 100
95 12 100
95 12 100
95 12 100
95 13 100
95 13 100
95 13 100
95 13 100
95 13 100
95 13 100
95 13 100
95 13 100
95 13 100
95 13 100
95 13 100
95 13 100
95 13 100
95 13 100
95 13 100
95 13 100
95 13 100
95 13 100
95 13 100
95 13 100
95 13 100
95 13 100
95 13 100
95 13 100
95 13 100
95 13 100
95 13 100
95 13 100
95 13 100
95 13 100
95 13 100
95 13 100
95 13 100
95 14 100
95 14 100
95 14 100
95 14 100
95 14 100
95 14 100
95 14 100
95 14 100
95 14 100
95 14 100
95 14 100
95 14 100
95 14 100
95 14 100
95 14 100
95 14 100
95 14 100
95 14 100
95 14 100
95 14 100
95 14 100
95 14 100
95 14 100
95 14 100
95 14 100
95 14 100
95 14 100
95 14 100
95 14 100
95 15 100
95 15 100
95 15 100
95 15 100
95 15 100
95 15 100
95 15 100
95 15 100
95 15 100
95 15 100
95 15 100
95 15 100
95 15 100
95 15 100
95 15 100
95 15 100
95 15 100
95 15 100
95 15 100
95 15 100
95 15 100
95 15 100
95 15 100
95 15 100
95 15 100
95 15 100
95 16 100
95 16 100
95 16 100
95 16 100
95 16 100
95 16 100
95 16 100
95 16 100
95 16 100
95 16 100
95 16 100
95 16 100
95 16 100
95 16 100
95 16 100
95 16 100
95 16 100
95 16 100
95 16 100
95 16 100
95 16 100
95 16 100
95 17 100
95 17 100
95 17 100
95 17 100
95 17 100
95 17 100
95 17 100
95 17 100
95 17 100
95 17 100
95 17 100
95 17 100
95 17 100
95 17 100
95 17 100
95 17 100
95 17 100
95 17 100
95 18 100
95 18 100
95 18 100
95 18 100
95 18 100
95 18 100
95 18 100
95 18 100
95 18 100
95 18 100
95 18 100
95 18 100
95 18 100
95 18 100
95 18 100
95 18 100
95 19 100
95 19 100
95 19 100
95 19 100
95 19 100
95 19 100
95 19 100
95 19 100
95 19 100
95 19 100
95 19 100
95 19 100
95 19 100
95 19 100
95 19 100
95 20 100
95 20 100
95 20 100
95 20 100
95 20 100
95 20 100
95 20 100
95 20 100
95 20 100
95 20 100
95 20 100
95 20 100
95 20 100
95 20 100
95 20 100
95 21 100
95 21 100
95 21 100
95 21 100
95 21 100
95 21 100
95 21 100
95 21 100
95 21 100
95 21 100
95 21 100
95 21 100
95 21 100
95 21 100
95 21 100
95 22 100
95 22 100
95 22 100
95 22 100
95 22 100
95 22 100
95 22 100
95 22 100
95 22 100
95 22 100
95 22 100
95 22 100
95 22 100
95 22 100
95 22 100
95 22 100
95 23 100
95 23 100
95 23 100
95 23 100
95 23 100
95 23 100
95 23 100
95 23 100
95 23 100
95 23 100
95 23 100
95 23 100
95 23 100
95 23 100
95 23 100
95 23 100
95 23 100
95 24 100
95 24 100
95 24 100
95 24 100
95 24 100
95 24 100
95 24 100
95 24 100
95 24 100
95 24 100
95 24 100
95 24 100
95 24 100
95 24 100
95 24 100
95 24 100
95 24 100
95 24 100
95 25 100
95 25 100
95 25 100
95 25 100
95 25 100
95 25 100
95 25 100
95 25 100
95 25 100
95 25 100
95 25 100
95 25 100
95 25 100
95 25 100
95 25 100
95 25 100
95 25 100
95 26 100
95 26 100
95 26 100
95 26 100
95 26 100
95 26 100
95 26 100
95 26 100
95 26 100
95 26 100
95 26 100
95 26 100
95 26 100
95 26 100
95 26 100
95 26 100
95 26 100
95 27 100
95 27 100
95 27 100
95 27 100
95 27 100
95 27 100
95 27 100
95 27 100
95 27 100
95 27 100
95 27 100
95 27 100
95 27 100
95 27 100
95 27 100
95 27 100
95 27 100
95 28 100
95 28 100
95 28 100
95 28 100
95 28 100
95 28 100
95 28 100
95 28 100
95 28 100
95 28 100
95 28 100
95 28 100
95 28 100
95 28 100
95 28 100
95 28 100
95 29 100
95 29 100
95 29 100
95 29 100
95 29 100
95 29 100
95 29 100
95 29 100
95 29 100
95 29 100
95 29 100
95 29 100
95 29 100
95 29 100
95 29 100
95 29 100
95 30 100
95 30 100
95 30 100
95 30 100
95 30 100
95 30 100
95 30 100
95 30 100
95 30 100
95 30 100
95 30 100
95 30 100
95 30 100
95 30 100
95 30 100
95 31 100
95 31 100
95 31 100
95 31 100
95 31 100
95 31 100
95 31 100
95 31 100
95 31 100
95 31 100
95 31 100
95 31 100
95 31 100
95 31 100
95 31 100
95 32 100
95 32 100
95 32 100
95 32 100
95 32 100
95 32 100
95 32 100
95 32 100
95 32 100
95 32 100
95 32 100
95 32 100
95 32 100
95 32 100
95 33 100
95 33 100
95 33 100
95 33 100
95 33 100
95 33 100
95 33 100
95 33 100
95 33 100
95 33 100
95 33 100
95 33 100
95 33 100
95 34 100
95 34 100
95 34 100
95 34 100
95 34 100
95 34 100
95 34 100
95 34 100
95 34 100
95 34 100
95 34 100
95 34 100
95 35 100
95 35 100
95 35 100
95 35 100
95 35 100
95 35 100
95 35 100
95 35 100
95 35 100
95 35 100
95 35 100
95 35 100
95 36 100
95 36 100
95 36 100
95 36 100
95 36 100
95 36 100
95 36 100
95 36 100
95 36 100
95 36 100
95 36 100
95 36 100
95 37 100
95 37 100
95 37 100
95 37 100
95 37 100
95 37 100
95 37 100
95 37 100
95 37 100
95 37 100
95 37 100
95 37 100
95 38 100
95 38 100
95 38 100
95 38 100
95 38 100
95 38 100
95 38 100
95 38 100
95 38 100
95 38 100
95 38 100
# move from (127,73) to (95,195)
127 73 100
126 73 100
125 73 100
124 73 100
123 73 100
122 73 100
121 73 100
120 73 100
119 73 100
118 73 100
117 73 100
116 73 100
115 73 100
114 73 100
114 73 100
113 73 100
113 73 100
112 73 100
112 73 100
112 73 100
112 73 100
111 73 100
111 73 100
111 73 100
111 73 100
111 73 100
110 73 100
110 73 100
110 73 100
110 73 100
110 73 100
110 73 100
110 73 100
109 73 100
109 73 100
109 73 100
109 73 100
109 73 100
109 73 100
109 73 100
109 73 100
109 73 100
109 73 100
108 73 100
108 73 100
108 73 100
108 73 100
108 73 100
108 73 100
108 73 100
108 73 100
108 73 100
108 73 100
108 73 100
107 73 100
107 73 100
107 73 100
107 73 100
107 73 100
107 73 100
107 73 100
107 73 100
107 73 100
107 73 100
107 73 100
107 73 100
107 73 100
106 73 100
106 73 100
106 73 100
106 73 100
106 73 100
106 73 100
106 73 100
106 73 100
106 73 100
106 73 100
106 73 100
106 73 100
106 73 100
106 73 100
106 73 100
105 73 100
105 73 100
105 73 100
105 73 100
105 73 100
105 73 100
105 73 100
105 73 100
105 73 100
105 73 100
105 73 100
105 73 100
105 73 100
105 73 100
105 73 100
105 73 100
104 73 100
104 73 100
104 73 100
104 73 100
104 73 100
104 73 100
104 73 100
104 73 100
104 73 100
104 73 100
104 73 100
104 73 100
104 73 100
104 73 100
104 73 100
104 73 100
103 73 100
103 73 100
103 73 100
103 73 100
103 73 100
103 73 100
103 73 100
103 73 100
103 73 100
103 73 100
103 73 100
103 73 100
103 73 100
103 73 100
103 73 100
103 73 100
102 73 100
102 73 100
102 73 100
102 73 100
102 73 100
102 73 100
102 73 100
102 73 100
102 73 100
102 73 100
102 73 100
102 73 100
102 73 100
102 73 100
102 73 100
102 73 100
102 73 100
101 73 100
101 73 100
101 73 100
101 73 100
101 73 100
101 73 100
101 73 100
101 73 100
101 73 100
101 73 100
101 73 100
101 73 100
101 73 100
101 73 100
101 73 100
101 73 100
101 73 100
101 73 100
101 73 100
100 73 100
100 73 100
100 73 100
100 73 100
100 73 100
100 73 100
100 73 100
100 73 100
100 73 100
100 73 100
100 73 100
100 73 100
100 73 100
100 73 100
100 73 100
100 73 100
100 73 100
100 73 100
100 73 100
100 73 100
100 73 100
99 73 100
99 73 100
99 73 100
99 73 100
99 73 100
99 73 100
99 73 100
99 73 100
99 73 100
99 73 100
99 73 100
99 73 100
99 73 100
99 73 100
99 73 100
99 73 100
99 73 100
99 73 100
99 73 100
99 73 100
99 73 100
99 73 100
98 73 100
98 73 100
98 73 100
98 73 100
98 73 100
98 73 100
98 73 100
98 73 100
98 73 100
98 73 100
98 73 100
98 73 100
98 73 100
98 73 100
98 73 100
98 73 100
98 73 100
98 73 100
98 73 100
98 73 100
98 73 100
98 73 100
98 73 100
98 73 100
97 73 100
97 73 100
97 73 100
97 73 100
97 73 100
97 73 100
97 73 100
97 73 100
97 73 100
97 73 100
97 73 100
97 73 100
97 73 100
97 73 100
97 73 100
97 73 100
97 73 100
97 73 100
97 73 100
97 73 100
97 73 100
97 73 100
97 73 100
97 73 100
97 73 100
97 73 100
96 73 100
96 73 100
96 73 100
96 73 100
96 73 100
96 73 100
96 73 100
96 73 100
96 73 100
96 73 100
96 73 100
96 73 100
96 73 100
96 73 100
96 73 100
96 73 100
96 73 100
96 73 100
96 73 100
96 73 100
96 73 100
96 73 100
96 73 100
96 73 100
96 73 100
96 73 100
96 73 100
96 73 100
# move from (175,48) to (95,195)
175 48 100
174 48 100
173 48 100
172 48 100
171 48 100
170 48 100
169 48 100
168 48 100
167 48 100
167 48 100
166 48 100
166 48 100
165 48 100
165 48 100
165 48 100
164 48 100
164 48 100
164 48 100
164 48 100
164 48 100
163 48 100
163 48 100
163 48 100
163 48 100
163 48 100
163 48 100
162 48 100
162 48 100
162 48 100
162 48 100
162 48 100
162 48 100
162 48 100
162 48 100
161 48 100
161 48 100
161 48 100
161 48 100
161 48 100
161 48 100
161 48 100
161 48 100
161 48 100
161 48 100
160 48 100
160 48 100
160 48 100
160 48 100
160 48 100
160 48 100
160 48 100
160 48 100
160 48 100
160 48 100
160 48 100
160 48 100
159 48 100
159 48 100
159 48 100
159 48 100
159 48 100
159 48 100
159 48 100
159 48 100
159 48 100
159 48 100
159 48 100
159 48 100
159 48 100
159 48 100
159 48 100
158 48 100
158 48 100
158 48 100
158 48 100
158 48 100
158 48 100
158 48 100
158 48 100
158 48 100
158 48 100
158 48 100
158 48 100
158 48 100
158 48 100
158 48 100
158 48 100
158 48 100
158 48 100
157 48 100
157 48 100
157 48 100
157 48 100
157 48 100
157 48 100
157 48 100
157 48 100
157 48 100
157 48 100
157 48 100
157 48 100
157 48 100
157 48 100
157 48 100
157 48 100
157 48 100
157 48 100
157 48 100
157 48 100
157 48 100
157 48 100
156 48 100
156 48 100
156 48 100
156 48 100
156 48 100
156 48 100
156 48 100
156 48 100
156 48 100
156 48 100
156 48 100
156 48 100
156 48 100
156 48 100
156 48 100
156 48 100
156 48 100
156 48 100
156 48 100
156 48 100
156 48 100
156 48 100
156 48 100
156 48 100
156 48 100
156 48 100
155 48 100
155 48 100
155 48 100
155 48 100
155 48 100
155 48 100
155 48 100
155 48 100
155 48 100
155 48 100
155 48 100
155 48 100
155 48 100
155 48 100
155 48 100
155 48 100
155 48 100
155 48 100
155 48 100
155 48 100
155 48 100
155 48 100
155 48 100
155 48 100
155 48 100
155 48 100
155 48 100
155 48 100
155 48 100
155 48 100
155 48 100
154 48 100
154 48 100
154 48 100
154 48 100
154 48 100
154 48 100
154 48 100
154 48 100
154 48 100
154 48 100
154 48 100
154 48 100
154 48 100
154 48 100
154 48 100
154 48 100
154 48 100
154 48 100
154 48 100
154 48 100
154 48 100
154 48 100
154 48 100
154 48 100
154 48 100
154 48 100
154 48 100
154 48 100
154 48 100
154 48 100
154 48 100
154 48 100
154 48 100
154 48 100
154 48 100
153 48 100
153 48 100
153 48 100
153 48 100
153 48 100
153 48 100
153 48 100
153 48 100
153 48 100
153 48 100
153 48 100
153 48 100
153 48 100
153 48 100
153 48 100
153 48 100
153 48 100
153 48 100
153 48 100
153 48 100
153 48 100
153 48 100
153 48 100
153 48 100
153 48 100
153 48 100
153 48 100
153 48 100
153 48 100
153 48 100
153 48 100
153 48 100
153 48 100
153 48 100
153 48 100
153 48 100
153 48 100
153 48 100
152 48 100
152 48 100
152 48 100
152 48 100
152 48 100
152 48 100
152 48 100
152 48 100
152 48 100
152 48 100
152 48 100
152 48 100
152 48 100
152 48 100
152 48 100
152 48 100
152 48 100
152 48 100
152 48 100
152 48 100
152 48 100
152 48 100
152 48 100
152 48 100
152 48 100
152 48 100
152 48 100
152 48 100
152 48 100
152 48 100
152 48 100
152 48 100
152 48 100
152 48 100
152 48 100
152 48 100
152 48 100
152 48 100
152 48 100
152 48 100
151 48 100
151 48 100
151 48 100
151 48 100
151 48 100
151 48 100
151 48 100
151 48 100
151 48 100
151 48 100
151 48 100
151 48 100
151 48 100
151 48 100
151 48 100
151 48 100
151 48 100
151 48 100
151 48 100
151 48 100
151 48 100
151 48 100
151 48 100
151 48 100
151 48 100
151 48 100
151 48 100
151 48 100
151 48 100
151 48 100
151 48 100
151 48 100
151 48 100
151 48 100
151 48 100
151 48 100
151 48 100
151 48 100
151 48 100
151 48 100
151 48 100
150 48 100
150 48 100
150 48 100
150 48 100
150 48 100
150 48 100
150 48 100
150 48 100
150 48 100
150 48 100
150 48 100
150 48 100
150 48 100
150 48 100
150 48 100
150 48 100
150 48 100
150 48 100
150 48 100
150 48 100
150 48 100
150 48 100
150 48 100
150 48 100
150 48 100
150 48 100
150 48 100
150 48 100
150 48 100
150 48 100
150 48 100
150 48 100
150 48 100
150 48 100
150 48 100
150 48 100
150 48 100
150 48 100
150 48 100
150 48 100
150 48 100
149 48 100
149 48 100
149 48 100
149 48 100
149 48 100
149 48 100
149 48 100
149 48 100
149 48 100
149 48 100
149 48 100
149 48 100
149 48 100
149 48 100
149 48 100
149 48 100
149 48 100
149 48 100
149 48 100
149 48 100
149 48 100
149 48 100
149 48 100
149 48 100
149 48 100
149 48 100
149 48 100
149 48 100
149 48 100
149 48 100
149 48 100
149 48 100
149 48 100
149 48 100
149 48 100
149 48 100
149 48 100
149 48 100
149 48 100
149 48 100
148 48 100
148 48 100
148 48 100
148 48 100
148 48 100
148 48 100
148 48 100
148 48 100
148 48 100
148 48 100
148 48 100
148 48 100
148 48 100
148 48 100
148 48 100
148 48 100
148 48 100
148 48 100
148 48 100
148 48 100
148 48 100
148 48 100
148 48 100
148 48 100
148 48 100
148 48 100
148 48 100
148 48 100
148 48 100
148 48 100
148 48 100
148 48 100
148 48 100
148 48 100
148 48 100
148 48 100
148 48 100
148 48 100
147 48 100
147 48 100
147 48 100
147 48 100
147 48 100
147 48 100
147 48 100
147 48 100
147 48 100
147 48 100
147 48 100
147 48 100
147 48 100
147 48 100
147 48 100
147 48 100
147 48 100
147 48 100
147 48 100
147 48 100
147 48 100
147 48 100
147 48 100
147 48 100
147 48 100
147 48 100
147 48 100
147 48 100
147 48 100
147 48 100
147 48 100
147 48 100
147 48 100
147 48 100
146 48 100
146 48 100
146 48 100
146 48 100
146 48 100
146 48 100
146 48 100
146 48 100
146 48 100
146 48 100
146 48 100
146 48 100
146 48 100
146 48 100
146 48 100
146 48 100
146 48 100
146 48 100
146 48 100
146 48 100
146 48 100
146 48 100
146 48 100
146 48 100
146 48 100
146 48 100
146 48 100
146 48 100
146 48 100
146 48 100
145 48 100
145 48 100
145 48 100
145 48 100
145 48 100
145 48 100
145 48 100
145 48 100
145 48 100
145 48 100
145 48 100
145 48 100
145 48 100
145 48 100
145 48 100
145 48 100
145 48 100
145 48 100
145 48 100
145 48 100
145 48 100
145 48 100
145 48 100
145 48 100
145 48 100
144 48 100
144 48 100
144 48 100
144 48 100
144 48 100
144 48 100
144 48 100
144 48 100
144 48 100
144 48 100
144 48 100
144 48 100
144 48 100
144 48 100
144 48 100
144 48 100
144 48 100
144 48 100
144 48 100
144 48 100
144 48 100
143 48 100
143 48 100
143 48 100
143 48 100
143 48 100
143 48 100
143 48 100
143 48 100
143 48 100
143 48 100
143 48 100
143 48 100
143 48 100
143 48 100
143 48 100
143 48 100
143 48 100
142 48 100
142 48 100
142 48 100
142 48 100
142 48 100
142 48 100
142 48 100
142 48 100
142 48 100
142 48 100
142 48 100
142 48 100
142 48 100
142 48 100
141 48 100
141 48 100
141 48 100
141 48 100
141 48 100
141 48 100
141 48 100
141 48 100
141 48 100
141 48 100
141 48 100
141 48 100
140 48 100
140 48 100
140 48 100
140 48 100
140 48 100
140 48 100
140 48 100
140 48 100
140 48 100
140 48 100
139 48 100
139 48 100
139 48 100
139 48 100
139 48 100
139 48 100
139 48 100
139 48 100
139 48 100
138 48 100
138 48 100
138 48 100
138 48 100
138 48 100
138 48 100
138 48 100
138 48 100
137 48 100
137 48 100
137 48 100
137 48 100
137 48 100
137 48 100
137 48 100
136 48 100
136 48 100
136 48 100
136 48 100
136 48 100
136 48 100
135 48 100
135 48 100
135 48 100
135 48 100
135 48 100
134 48 100
134 48 100
134 48 100
133 48 100
133 48 100
132 48 100
132 48 100
131 48 100
130 48 100
129 48 100
128 48 100
127 48 100
126 48 100
125 48 100
124 48 100
123 48 100
122 48 100
121 48 100
120 48 100
119 48 100
118 48 100
117 48 100
116 48 100
115 48 100
114 48 100
113 48 100
112 48 100
111 48 100
110 48 100
109 48 100
108 48 100
108 48 100
107 48 100
107 48 100
106 48 100
106 48 100
106 48 100
105 48 100
105 48 100
105 48 100
105 48 100
105 48 100
104 48 100
104 48 100
104 48 100
104 48 100
104 48 100
104 48 100
103 48 100
103 48 100
103 48 100
103 48 100
103 48 100
103 48 100
103 48 100
102 48 100
102 48 100
102 48 100
102 48 100
102 48 100
102 48 100
102 48 100
101 48 100
101 48 100
101 48 100
101 48 100
101 48 100
101 48 100
101 48 100
100 48 100
100 48 100
100 48 100
100 48 100
100 48 100
100 48 100
100 48 100
99 48 100
99 48 100
99 48 100
99 48 100
99 48 100
99 48 100
99 48 100
98 48 100
98 48 100
98 48 100
98 48 100
98 48 100
98 48 100
97 48 100
97 48 100
97 48 100
97 48 100
97 48 100
97 48 100
96 48 100
96 48 100
96 48 100
96 48 100
96 48 100
96 48 100
96 48 100
# move from (78,153) to (95,195)
78 153 100
78 153 100
78 153 100
78 153 100
78 153 100
78 153 100
78 153 100
78 153 100
78 153 100
78 153 100
78 153 100
78 153 100
78 153 100
78 153 100
78 153 100
78 153 100
78 153 100
78 153 100
78 153 100
78 153 100
78 153 100
78 153 100
78 153 100
78 153 100
78 153 100
78 153 100
78 153 100
78 153 100
78 153 100
79 153 100
79 153 100
79 153 100
79 153 100
79 153 100
79 153 100
79 153 100
79 153 100
79 153 100
79 153 100
79 153 100
79 153 100
79 153 100
79 153 100
79 153 100
79 153 100
79 153 100
79 153 100
79 153 100
79 153 100
79 153 100
79 153 100
79 153 100
79 153 100
79 153 100
79 153 100
79 153 100
79 153 100
79 153 100
80 153 100
80 153 100
80 153 100
80 153 100
80 153 100
80 153 100
80 153 100
80 153 100
80 153 100
80 153 100
80 153 100
80 153 100
80 153 100
80 153 100
80 153 100
80 153 100
80 153 100
80 153 100
80 153 100
80 153 100
80 153 100
80 153 100
80 153 100
80 153 100
80 153 100
80 153 100
80 153 100
80 153 100
80 153 100
81 153 100
81 153 100
81 153 100
81 153 100
81 153 100
81 153 100
81 153 100
81 153 100
81 153 100
81 153 100
81 153 100
81 153 100
81 153 100
81 153 100
81 153 100
81 153 100
81 153 100
81 153 100
81 153 100
81 153 100
81 153 100
81 153 100
81 153 100
81 153 100
81 153 100
81 153 100
81 153 100
81 153 100
82 153 100
82 153 100
82 153 100
82 153 100
82 153 100
82 153 100
82 153 100
82 153 100
82 153 100
82 153 100
82 153 100
82 153 100
82 153 100
82 153 100
82 153 100
82 153 100
82 153 100
82 153 100
82 153 100
82 153 100
82 153 100
82 153 100
82 153 100
82 153 100
82 153 100
82 153 100
82 153 100
83 153 100
83 153 100
83 153 100
83 153 100
83 153 100
83 153 100
83 153 100
83 153 100
83 153 100
83 153 100
83 153 100
83 153 100
83 153 100
83 153 100
83 153 100
83 153 100
83 153 100
83 153 100
83 153 100
83 153 100
83 153 100
83 153 100
83 153 100
83 153 100
83 153 100
83 153 100
83 153 100
84 153 100
84 153 100
84 153 100
84 153 100
84 153 100
84 153 100
84 153 100
84 153 100
84 153 100
84 153 100
84 153 100
84 153 100
84 153 100
84 153 100
84 153 100
84 153 100
84 153 100
84 153 100
84 153 100
84 153 100
84 153 100
84 153 100
84 153 100
84 153 100
84 153 100
84 153 100
84 153 100
85 153 100
85 153 100
85 153 100
85 153 100
85 153 100
85 153 100
85 153 100
85 153 100
85 153 100
85 153 100
85 153 100
85 153 100
85 153 100
85 153 100
85 153 100
85 153 100
85 153 100
85 153 100
85 153 100
85 153 100
85 153 100
85 153 100
85 153 100
85 153 100
85 153 100
85 153 100
86 153 100
86 153 100
86 153 100
86 153 100
86 153 100
86 153 100
86 153 100
86 153 100
86 153 100
86 153 100
86 153 100
86 153 100
86 153 100
86 153 100
86 153 100
86 153 100
86 153 100
86 153 100
86 153 100
86 153 100
86 153 100
86 153 100
86 153 100
86 153 100
87 153 100
87 153 100
87 153 100
87 153 100
87 153 100
87 153 100
87 153 100
87 153 100
87 153 100
87 153 100
87 153 100
87 153 100
87 153 100
87 153 100
87 153 100
87 153 100
87 153 100
87 153 100
87 153 100
87 153 100
87 153 100
88 153 100
88 153 100
88 153 100
88 153 100
88 153 100
88 153 100
88 153 100
88 153 100
88 153 100
88 153 100
88 153 100
88 153 100
88 153 100
88 153 100
88 153 100
88 153 100
88 153 100
89 153 100
89 153 100
89 153 100
89 153 100
89 153 100
89 153 100
89 153 100
89 153 100
89 153 100
89 153 100
89 153 100
89 153 100
90 153 100
90 153 100
90 153 100
90 153 100
90 153 100
90 153 100
90 153 100
90 153 100
91 153 100
91 153 100
91 153 100
91 153 100
92 153 100
92 153 100
93 153 100
94 153 100
# move from (132,145) to (95,195)
132 145 100
131 145 100
130 145 100
129 145 100
128 145 100
127 145 100
126 145 100
125 145 100
124 145 100
123 145 100
122 145 100
121 145 100
120 145 100
119 145 100
118 145 100
117 145 100
116 145 100
115 145 100
114 145 100
113 145 100
112 145 100
111 145 100
110 145 100
109 145 100
108 145 100
107 145 100
106 145 100
105 145 100
104 145 100
103 145 100
102 145 100
101 145 100
100 145 100
99 145 100
98 145 100
97 145 100
96 145 100
# move from (191,106) to (95,195)
191 106 100
191 106 100
191 106 100
190 106 100
190 106 100
190 106 100
189 106 100
189 106 100
189 106 100
188 106 100
188 106 100
187 106 100
187 106 100
186 106 100
186 106 100
185 106 100
185 106 100
185 106 100
184 106 100
184 106 100
184 106 100
183 106 100
183 106 100
183 106 100
183 106 100
182 106 100
182 106 100
182 106 100
182 106 100
182 106 100
181 106 100
181 106 100
181 106 100
181 106 100
181 106 100
181 106 100
181 106 100
180 106 100
180 106 100
180 106 100
180 106 100
180 106 100
180 106 100
180 106 100
180 106 100
179 106 100
179 106 100
179 106 100
179 106 100
179 106 100
179 106 100
179 106 100
179 106 100
179 106 100
179 106 100
178 106 100
178 106 100
178 106 100
178 106 100
178 106 100
178 106 100
178 106 100
178 106 100
178 106 100
178 106 100
178 106 100
177 106 100
177 106 100
177 106 100
177 106 100
177 106 100
177 106 100
177 106 100
177 106 100
177 106 100
177 106 100
177 106 100
176 106 100
176 106 100
176 106 100
176 106 100
176 106 100
176 106 100
176 106 100
176 106 100
176 106 100
176 106 100
176 106 100
175 106 100
175 106 100
175 106 100
175 106 100
175 106 100
175 106 100
175 106 100
175 106 100
175 106 100
175 106 100
174 106 100
174 106 100
174 106 100
174 106 100
174 106 100
174 106 100
174 106 100
174 106 100
174 106 100
174 106 100
173 106 100
173 106 100
173 106 100
173 106 100
173 106 100
173 106 100
173 106 100
173 106 100
173 106 100
173 106 100
172 106 100
172 106 100
172 106 100
172 106 100
172 106 100
172 106 100
172 106 100
172 106 100
172 106 100
172 106 100
172 106 100
171 106 100
171 106 100
171 106 100
171 106 100
171 106 100
171 106 100
171 106 100
171 106 100
171 106 100
171 106 100
171 106 100
170 106 100
170 106 100
170 106 100
170 106 100
170 106 100
170 106 100
170 106 100
170 106 100
170 106 100
170 106 100
170 106 100
169 106 100
169 106 100
169 106 100
169 106 100
169 106 100
169 106 100
169 106 100
169 106 100
169 106 100
169 106 100
169 106 100
168 106 100
168 106 100
168 106 100
168 106 100
168 106 100
168 106 100
168 106 100
168 106 100
168 106 100
168 106 100
168 106 100
167 106 100
167 106 100
167 106 100
167 106 100
167 106 100
167 106 100
167 106 100
167 106 100
167 106 100
167 106 100
166 106 100
166 106 100
166 106 100
166 106 100
166 106 100
166 106 100
166 106 100
166 106 100
165 106 100
165 106 100
165 106 100
165 106 100
165 106 100
165 106 100
165 106 100
164 106 100
164 106 100
164 106 100
164 106 100
164 106 100
164 106 100
163 106 100
163 106 100
163 106 100
163 106 100
162 106 100
162 106 100
162 106 100
161 106 100
161 106 100
161 106 100
160 106 100
160 106 100
159 106 100
159 106 100
158 106 100
157 106 100
156 106 100
155 106 100
154 106 100
153 106 100
152 106 100
151 106 100
150 106 100
149 106 100
148 106 100
147 106 100
146 106 100
145 106 100
144 106 100
143 106 100
143 106 100
142 106 100
142 106 100
141 106 100
141 106 100
141 106 100
140 106 100
140 106 100
140 106 100
140 106 100
140 106 100
139 106 100
139 106 100
139 106 100
139 106 100
139 106 100
139 106 100
138 106 100
138 106 100
138 106 100
138 106 100
138 106 100
138 106 100
138 106 100
138 106 100
137 106 100
137 106 100
137 106 100
137 106 100
137 106 100
137 106 100
137 106 100
137 106 100
137 106 100
137 106 100
136 106 100
136 106 100
136 106 100
136 106 100
136 106 100
136 106 100
136 106 100
136 106 100
136 106 100
136 106 100
136 106 100
136 106 100
135 106 100
135 106 100
135 106 100
135 106 100
135 106 100
135 106 100
135 106 100
135 106 100
135 106 100
135 106 100
135 106 100
135 106 100
135 106 100
134 106 100
134 106 100
134 106 100
134 106 100
134 106 100
134 106 100
134 106 100
134 106 100
134 106 100
134 106 100
134 106 100
134 106 100
134 106 100
134 106 100
134 106 100
133 106 100
133 106 100
133 106 100
133 106 100
133 106 100
133 106 100
133 106 100
133 106 100
133 106 100
133 106 100
133 106 100
133 106 100
133 106 100
133 106 100
133 106 100
133 106 100
133 106 100
132 106 100
132 106 100
132 106 100
132 106 100
132 106 100
132 106 100
132 106 100
132 106 100
132 106 100
132 106 100
132 106 100
132 106 100
132 106 100
132 106 100
132 106 100
132 106 100
132 106 100
132 106 100
131 106 100
131 106 100
131 106 100
131 106 100
131 106 100
131 106 100
131 106 100
131 106 100
131 106 100
131 106 100
131 106 100
131 106 100
131 106 100
131 106 100
131 106 100
131 106 100
131 106 100
131 106 100
131 106 100
130 106 100
130 106 100
130 106 100
130 106 100
130 106 100
130 106 100
130 106 100
130 106 100
130 106 100
130 106 100
130 106 100
130 106 100
130 106 100
130 106 100
130 106 100
130 106 100
130 106 100
130 106 100
130 106 100
129 106 100
129 106 100
129 106 100
129 106 100
129 106 100
129 106 100
129 106 100
129 106 100
129 106 100
129 106 100
129 106 100
129 106 100
129 106 100
129 106 100
129 106 100
129 106 100
129 106 100
129 106 100
129 106 100
128 106 100
128 106 100
128 106 100
128 106 100
128 106 100
128 106 100
128 106 100
128 106 100
128 106 100
128 106 100
128 106 100
128 106 100
128 106 100
128 106 100
128 106 100
128 106 100
128 106 100
128 106 100
127 106 100
127 106 100
127 106 100
127 106 100
127 106 100
127 106 100
127 106 100
127 106 100
127 106 100
127 106 100
127 106 100
127 106 100
127 106 100
127 106 100
127 106 100
127 106 100
126 106 100
126 106 100
126 106 100
126 106 100
126 106 100
126 106 100
126 106 100
126 106 100
126 106 100
126 106 100
126 106 100
126 106 100
126 106 100
125 106 100
125 106 100
125 106 100
125 106 100
125 106 100
125 106 100
125 106 100
125 106 100
125 106 100
125 106 100
125 106 100
124 106 100
124 106 100
124 106 100
124 106 100
124 106 100
124 106 100
124 106 100
124 106 100
123 106 100
123 106 100
123 106 100
123 106 100
123 106 100
123 106 100
122 106 100
122 106 100
122 106 100
122 106 100
122 106 100
121 106 100
121 106 100
121 106 100
121 106 100
120 106 100
120 106 100
120 106 100
119 106 100
119 106 100
118 106 100
118 106 100
117 106 100
117 106 100
116 106 100
116 106 100
115 106 100
115 106 100
114 106 100
114 106 100
113 106 100
113 106 100
112 106 100
112 106 100
111 106 100
111 106 100
111 106 100
110 106 100
110 106 100
110 106 100
109 106 100
109 106 100
109 106 100
109 106 100
108 106 100
108 106 100
108 106 100
108 106 100
108 106 100
107 106 100
107 106 100
107 106 100
107 106 100
107 106 100
107 106 100
106 106 100
106 106 100
106 106 100
106 106 100
106 106 100
106 106 100
106 106 100
105 106 100
105 106 100
105 106 100
105 106 100
105 106 100
105 106 100
105 106 100
105 106 100
104 106 100
104 106 100
104 106 100
104 106 100
104 106 100
104 106 100
104 106 100
104 106 100
104 106 100
104 106 100
103 106 100
103 106 100
103 106 100
103 106 100
103 106 100
103 106 100
103 106 100
103 106 100
103 106 100
103 106 100
103 106 100
102 106 100
102 106 100
102 106 100
102 106 100
102 106 100
102 106 100
102 106 100
102 106 100
102 106 100
102 106 100
102 106 100
101 106 100
101 106 100
101 106 100
101 106 100
101 106 100
101 106 100
101 106 100
101 106 100
101 106 100
101 106 100
101 106 100
101 106 100
100 106 100
100 106 100
100 106 100
100 106 100
100 106 100
100 106 100
100 106 100
100 106 100
100 106 100
100 106 100
100 106 100
100 106 100
99 106 100
99 106 100
99 106 100
99 106 100
99 106 100
99 106 100
99 106 100
99 106 100
99 106 100
99 106 100
99 106 100
98 106 100
98 106 100
98 106 100
98 106 100
98 106 100
98 106 100
98 106 100
98 106 100
98 106 100
98 106 100
98 106 100
97 106 100
97 106 100
97 106 100
97 106 100
97 106 100
97 106 100
97 106 100
97 106 100
97 106 100
97 106 100
97 106 100
96 106 100
96 106 100
96 106 100
96 106 100
96 106 100
96 106 100
96 106 100
96 106 100
96 106 100
96 106 100
# move from (111,56) to (95,195)
111 56 100
110 56 100
109 56 100
108 56 100
108 56 100
107 56 100
107 56 100
106 56 100
106 56 100
106 56 100
105 56 100
105 56 100
105 56 100
105 56 100
104 56 100
104 56 100
104 56 100
104 56 100
104 56 100
104 56 100
103 56 100
103 56 100
103 56 100
103 56 100
103 56 100
103 56 100
103 56 100
102 56 100
102 56 100
102 56 100
102 56 100
102 56 100
102 56 100
102 56 100
101 56 100
101 56 100
101 56 100
101 56 100
101 56 100
101 56 100
101 56 100
101 56 100
100 56 100
100 56 100
100 56 100
100 56 100
100 56 100
100 56 100
100 56 100
100 56 100
99 56 100
99 56 100
99 56 100
99 56 100
99 56 100
99 56 100
99 56 100
99 56 100
98 56 100
98 56 100
98 56 100
98 56 100
98 56 100
98 56 100
98 56 100
98 56 100
98 56 100
97 56 100
97 56 100
97 56 100
97 56 100
97 56 100
97 56 100
97 56 100
97 56 100
97 56 100
96 56 100
96 56 100
96 56 100
96 56 100
96 56 100
96 56 100
96 56 100
96 56 100
96 56 100
96 56 100
