# move from (52,187) to (136,79)
52 187 100
53 187 100
54 187 100
55 187 100
56 187 100
57 187 100
58 187 100
59 187 100
60 187 100
61 187 100
62 187 100
63 187 100
64 187 100
65 187 100
66 187 100
67 187 100
68 187 100
69 187 100
70 187 100
71 187 100
72 187 100
73 187 100
74 187 100
75 187 100
76 187 100
77 187 100
78 187 100
79 187 100
80 187 100
81 187 100
82 187 100
83 187 100
84 187 100
85 187 100
86 187 100
87 187 100
88 187 100
89 187 100
90 187 100
91 187 100
92 187 100
93 187 100
94 187 100
95 187 100
96 187 100
97 187 100
98 187 100
99 187 100
100 187 100
101 187 100
102 187 100
103 187 100
104 187 100
105 187 100
105 187 100
106 187 100
106 187 100
107 187 100
107 187 100
108 187 100
108 187 100
109 187 100
109 187 100
110 187 100
110 187 100
110 187 100
111 187 100
111 187 100
111 187 100
111 187 100
112 187 100
112 187 100
112 187 100
112 187 100
112 187 100
113 187 100
113 187 100
113 187 100
113 187 100
113 187 100
113 187 100
113 187 100
114 187 100
114 187 100
114 187 100
114 187 100
114 187 100
114 187 100
114 187 100
114 187 100
114 187 100
115 187 100
115 187 100
115 187 100
115 187 100
115 187 100
115 187 100
115 187 100
115 187 100
115 187 100
115 187 100
115 187 100
116 187 100
116 187 100
116 187 100
116 187 100
116 187 100
116 187 100
116 187 100
116 187 100
116 187 100
116 187 100
116 187 100
116 187 100
117 187 100
117 187 100
117 187 100
117 187 100
117 187 100
117 187 100
117 187 100
117 187 100
117 187 100
117 187 100
117 187 100
117 187 100
117 187 100
118 187 100
118 187 100
118 187 100
118 187 100
118 187 100
118 187 100
118 187 100
118 187 100
118 187 100
118 187 100
118 187 100
118 187 100
118 187 100
119 187 100
119 187 100
119 187 100
119 187 100
119 187 100
119 187 100
119 187 100
119 187 100
119 187 100
119 187 100
119 187 100
119 187 100
119 187 100
119 187 100
120 187 100
120 187 100
120 187 100
120 187 100
120 187 100
120 187 100
120 187 100
120 187 100
120 187 100
120 187 100
120 187 100
120 187 100
120 187 100
121 187 100
121 187 100
121 187 100
121 187 100
121 187 100
121 187 100
121 187 100
121 187 100
121 187 100
121 187 100
121 187 100
121 187 100
122 187 100
122 187 100
122 187 100
122 187 100
122 187 100
122 187 100
122 187 100
122 187 100
122 187 100
122 187 100
122 187 100
122 187 100
123 187 100
123 187 100
123 187 100
123 187 100
123 187 100
123 187 100
123 187 100
123 187 100
123 187 100
123 187 100
123 187 100
124 187 100
124 187 100
124 187 100
124 187 100
124 187 100
124 187 100
124 187 100
124 187 100
124 187 100
124 187 100
125 187 100
125 187 100
125 187 100
125 187 100
125 187 100
125 187 100
125 187 100
125 187 100
125 187 100
125 187 100
126 187 100
126 187 100
126 187 100
126 187 100
126 187 100
126 187 100
126 187 100
126 187 100
126 187 100
126 187 100
127 187 100
127 187 100
127 187 100
127 187 100
127 187 100
127 187 100
127 187 100
127 187 100
127 187 100
127 187 100
128 187 100
128 187 100
128 187 100
128 187 100
128 187 100
128 187 100
128 187 100
128 187 100
128 187 100
128 187 100
129 187 100
129 187 100
129 187 100
129 187 100
129 187 100
129 187 100
129 187 100
129 187 100
129 187 100
129 187 100
130 187 100
130 187 100
130 187 100
130 187 100
130 187 100
130 187 100
130 187 100
130 187 100
130 187 100
131 187 100
131 187 100
131 187 100
131 187 100
131 187 100
131 187 100
131 187 100
131 187 100
131 187 100
132 187 100
132 187 100
132 187 100
132 187 100
132 187 100
132 187 100
132 187 100
132 187 100
133 187 100
133 187 100
133 187 100
133 187 100
133 187 100
133 187 100
134 187 100
134 187 100
134 187 100
134 187 100
134 187 100
135 187 100
135 187 100
135 187 100
135 187 100
136 187 100
136 187 100
136 187 100
136 186 100
136 186 100
136 186 100
136 185 100
136 185 100
136 185 100
136 184 100
136 184 100
136 184 100
136 184 100
136 183 100
136 183 100
136 183 100
136 183 100
136 182 100
136 182 100
136 182 100
136 182 100
136 181 100
136 181 100
136 181 100
136 181 100
136 180 100
136 180 100
136 180 100
136 180 100
136 179 100
136 179 100
136 179 100
136 179 100
136 178 100
136 178 100
136 178 100
136 177 100
136 177 100
136 177 100
136 176 100
136 176 100
136 176 100
136 175 100
136 175 100
136 174 100
136 174 100
136 173 100
136 173 100
136 172 100
136 172 100
136 171 100
136 171 100
136 170 100
136 170 100
136 169 100
136 169 100
136 168 100
136 167 100
136 166 100
136 165 100
136 164 100
136 163 100
136 162 100
136 162 100
136 161 100
136 161 100
136 160 100
136 160 100
136 159 100
136 159 100
136 159 100
136 158 100
136 158 100
136 158 100
136 157 100
136 157 100
136 157 100
136 156 100
136 156 100
136 156 100
136 155 100
136 155 100
136 155 100
136 154 100
136 154 100
136 153 100
136 153 100
136 152 100
136 152 100
136 151 100
136 150 100
136 149 100
136 148 100
136 147 100
136 146 100
136 145 100
136 144 100
136 143 100
136 142 100
136 141 100
136 140 100
136 139 100
136 138 100
136 137 100
136 136 100
136 135 100
136 134 100
136 133 100
136 132 100
136 131 100
136 130 100
136 129 100
136 128 100
136 127 100
136 126 100
136 125 100
136 124 100
136 123 100
136 122 100
136 121 100
136 120 100
136 119 100
136 118 100
136 117 100
136 116 100
136 115 100
136 114 100
136 113 100
136 112 100
136 111 100
136 110 100
136 109 100
136 108 100
136 107 100
136 106 100
136 105 100
136 104 100
136 103 100
136 102 100
136 101 100
136 100 100
136 99 100
136 98 100
136 97 100
136 96 100
136 95 100
136 94 100
136 93 100
136 92 100
136 91 100
136 90 100
136 89 100
136 88 100
136 87 100
136 86 100
136 85 100
136 84 100
136 83 100
136 82 100
136 81 100
136 80 100
136 79 100
# move from (162,12) to (136,79)
162 12 100
161 12 100
160 12 100
159 12 100
158 12 100
157 12 100
156 12 100
155 12 100
154 12 100
154 12 100
153 12 100
153 12 100
152 12 100
152 12 100
152 12 100
151 12 100
151 12 100
151 12 100
151 12 100
150 12 100
150 12 100
150 12 100
150 12 100
149 12 100
149 12 100
149 12 100
149 12 100
148 12 100
148 12 100
148 12 100
148 12 100
147 12 100
147 12 100
147 12 100
147 12 100
146 12 100
146 12 100
146 12 100
146 12 100
145 12 100
145 12 100
145 12 100
145 12 100
144 12 100
144 12 100
144 12 100
144 12 100
143 12 100
143 12 100
143 12 100
143 12 100
142 12 100
142 12 100
142 12 100
142 12 100
141 12 100
141 12 100
141 12 100
141 12 100
140 12 100
140 12 100
140 12 100
140 12 100
139 12 100
139 12 100
139 12 100
139 12 100
138 12 100
138 12 100
138 12 100
138 12 100
138 12 100
137 12 100
137 12 100
137 12 100
137 12 100
137 12 100
136 12 100
136 12 100
136 12 100
136 12 100
136 12 100
136 12 100
136 13 100
136 13 100
136 13 100
136 13 100
136 13 100
136 13 100
136 14 100
136 14 100
136 14 100
136 14 100
136 14 100
136 14 100
136 14 100
136 15 100
136 15 100
136 15 100
136 15 100
136 15 100
136 15 100
136 15 100
136 16 100
136 16 100
136 16 100
136 16 100
136 16 100
136 16 100
136 16 100
136 17 100
136 17 100
136 17 100
136 17 100
136 17 100
136 17 100
136 17 100
136 17 100
136 18 100
136 18 100
136 18 100
136 18 100
136 18 100
136 18 100
136 18 100
136 18 100
136 19 100
136 19 100
136 19 100
136 19 100
136 19 100
136 19 100
136 19 100
136 19 100
136 20 100
136 20 100
136 20 100
136 20 100
136 20 100
136 20 100
136 20 100
136 20 100
136 21 100
136 21 100
136 21 100
136 21 100
136 21 100
136 21 100
136 21 100
136 21 100
136 22 100
136 22 100
136 22 100
136 22 100
136 22 100
136 22 100
136 22 100
136 22 100
136 23 100
136 23 100
136 23 100
136 23 100
136 23 100
136 23 100
136 23 100
136 23 100
136 24 100
136 24 100
136 24 100
136 24 100
136 24 100
136 24 100
136 24 100
136 24 100
136 25 100
136 25 100
136 25 100
136 25 100
136 25 100
136 25 100
136 25 100
136 25 100
136 26 100
136 26 100
136 26 100
136 26 100
136 26 100
136 26 100
136 26 100
136 27 100
136 27 100
136 27 100
136 27 100
136 27 100
136 27 100
136 28 100
136 28 100
136 28 100
136 28 100
136 28 100
136 29 100
136 29 100
136 29 100
136 29 100
136 30 100
136 30 100
136 30 100
136 31 100
136 31 100
136 32 100
136 32 100
136 33 100
136 34 100
136 35 100
136 36 100
136 37 100
136 38 100
136 39 100
136 40 100
136 41 100
136 42 100
136 43 100
136 44 100
136 45 100
136 46 100
136 47 100
136 48 100
136 49 100
136 50 100
136 51 100
136 52 100
136 53 100
136 54 100
136 54 100
136 55 100
136 55 100
136 56 100
136 56 100
136 56 100
136 57 100
136 57 100
136 57 100
136 58 100
136 58 100
136 58 100
136 58 100
136 59 100
136 59 100
136 59 100
136 59 100
136 59 100
136 60 100
136 60 100
136 60 100
136 60 100
136 60 100
136 60 100
136 61 100
136 61 100
136 61 100
136 61 100
136 61 100
136 61 100
136 61 100
136 62 100
136 62 100
136 62 100
136 62 100
136 62 100
136 62 100
136 62 100
136 63 100
136 63 100
136 63 100
136 63 100
136 63 100
136 63 100
136 63 100
136 64 100
136 64 100
136 64 100
136 64 100
136 64 100
136 64 100
136 64 100
136 65 100
136 65 100
136 65 100
136 65 100
136 65 100
136 65 100
136 66 100
136 66 100
136 66 100
136 66 100
136 66 100
136 67 100
136 67 100
136 67 100
136 67 100
136 67 100
136 68 100
136 68 100
136 68 100
136 68 100
136 69 100
136 69 100
136 69 100
136 70 100
136 70 100
136 70 100
136 71 100
136 71 100
136 72 100
136 72 100
136 73 100
136 73 100
136 74 100
136 75 100
136 76 100
136 77 100
136 78 100
# move from (85,118) to (136,79)
85 118 100
85 118 100
86 118 100
86 118 100
87 118 100
87 118 100
87 118 100
88 118 100
88 118 100
88 118 100
88 118 100
89 118 100
89 118 100
89 118 100
89 118 100
89 118 100
89 118 100
89 118 100
90 118 100
90 118 100
90 118 100
90 118 100
90 118 100
90 118 100
90 118 100
90 118 100
90 118 100
90 118 100
91 118 100
91 118 100
91 118 100
91 118 100
91 118 100
91 118 100
91 118 100
91 118 100
91 118 100
91 118 100
91 118 100
91 118 100
91 118 100
91 118 100
92 118 100
92 118 100
92 118 100
92 118 100
92 118 100
92 118 100
92 118 100
92 118 100
92 118 100
92 118 100
92 118 100
92 118 100
92 118 100
92 118 100
92 118 100
92 118 100
92 118 100
92 118 100
93 118 100
93 118 100
93 118 100
93 118 100
93 118 100
93 118 100
93 118 100
93 118 100
93 118 100
93 118 100
93 118 100
93 118 100
93 118 100
93 118 100
93 118 100
93 118 100
93 118 100
93 118 100
93 118 100
93 118 100
93 118 100
93 118 100
94 118 100
94 118 100
94 118 100
94 118 100
94 118 100
94 118 100
94 118 100
94 118 100
94 118 100
94 118 100
94 118 100
94 118 100
94 118 100
94 118 100
94 118 100
94 118 100
94 118 100
94 118 100
94 118 100
94 118 100
94 118 100
94 118 100
94 118 100
94 118 100
94 118 100
94 118 100
95 118 100
95 118 100
95 118 100
95 118 100
95 118 100
95 118 100
95 118 100
95 118 100
95 118 100
95 118 100
95 118 100
95 118 100
95 118 100
95 118 100
95 118 100
95 118 100
95 118 100
95 118 100
95 118 100
95 118 100
95 118 100
95 118 100
95 118 100
95 118 100
95 118 100
95 118 100
95 118 100
95 118 100
95 118 100
95 118 100
96 118 100
96 118 100
96 118 100
96 118 100
96 118 100
96 118 100
96 118 100
96 118 100
96 118 100
96 118 100
96 118 100
96 118 100
96 118 100
96 118 100
96 118 100
96 118 100
96 118 100
96 118 100
96 118 100
96 118 100
96 118 100
96 118 100
96 118 100
96 118 100
96 118 100
96 118 100
96 118 100
96 118 100
96 118 100
96 118 100
96 118 100
96 118 100
96 118 100
96 118 100
97 118 100
97 118 100
97 118 100
97 118 100
97 118 100
97 118 100
97 118 100
97 118 100
97 118 100
97 118 100
97 118 100
97 118 100
97 118 100
97 118 100
97 118 100
97 118 100
97 118 100
97 118 100
97 118 100
97 118 100
97 118 100
97 118 100
97 118 100
97 118 100
97 118 100
97 118 100
97 118 100
97 118 100
97 118 100
97 118 100
97 118 100
97 118 100
97 118 100
97 118 100
97 118 100
97 118 100
97 118 100
98 118 100
98 118 100
98 118 100
98 118 100
98 118 100
98 118 100
98 118 100
98 118 100
98 118 100
98 118 100
98 118 100
98 118 100
98 118 100
98 118 100
98 118 100
98 118 100
98 118 100
98 118 100
98 118 100
98 118 100
98 118 100
98 118 100
98 118 100
98 118 100
98 118 100
98 118 100
98 118 100
98 118 100
98 118 100
98 118 100
98 118 100
98 118 100
98 118 100
98 118 100
98 118 100
98 118 100
98 118 100
98 118 100
98 118 100
99 118 100
99 118 100
99 118 100
99 118 100
99 118 100
99 118 100
99 118 100
99 118 100
99 118 100
99 118 100
99 118 100
99 118 100
99 118 100
99 118 100
99 118 100
99 118 100
99 118 100
99 118 100
99 118 100
99 118 100
99 118 100
99 118 100
99 118 100
99 118 100
99 118 100
99 118 100
99 118 100
99 118 100
99 118 100
99 118 100
99 118 100
99 118 100
99 118 100
99 118 100
99 118 100
99 118 100
99 118 100
99 118 100
99 118 100
99 118 100
100 118 100
100 118 100
100 118 100
100 118 100
100 118 100
100 118 100
100 118 100
100 118 100
100 118 100
100 118 100
100 118 100
100 118 100
100 118 100
100 118 100
100 118 100
100 118 100
100 118 100
100 118 100
100 118 100
100 118 100
100 118 100
100 118 100
100 118 100
100 118 100
100 118 100
100 118 100
100 118 100
100 118 100
100 118 100
100 118 100
100 118 100
100 118 100
100 118 100
100 118 100
100 118 100
100 118 100
100 118 100
100 118 100
100 118 100
100 118 100
101 118 100
101 118 100
101 118 100
101 118 100
101 118 100
101 118 100
101 118 100
101 118 100
101 118 100
101 118 100
101 118 100
101 118 100
101 118 100
101 118 100
101 118 100
101 118 100
101 118 100
101 118 100
101 118 100
101 118 100
101 118 100
101 118 100
101 118 100
101 118 100
101 118 100
101 118 100
101 118 100
101 118 100
101 118 100
101 118 100
101 118 100
101 118 100
101 118 100
101 118 100
101 118 100
101 118 100
101 118 100
101 118 100
101 118 100
102 118 100
102 118 100
102 118 100
102 118 100
102 118 100
102 118 100
102 118 100
102 118 100
102 118 100
102 118 100
102 118 100
102 118 100
102 118 100
102 118 100
102 118 100
102 118 100
102 118 100
102 118 100
102 118 100
102 118 100
102 118 100
102 118 100
102 118 100
102 118 100
102 118 100
102 118 100
102 118 100
102 118 100
102 118 100
102 118 100
102 118 100
102 118 100
102 118 100
102 118 100
102 118 100
102 118 100
102 118 100
103 118 100
103 118 100
103 118 100
103 118 100
103 118 100
103 118 100
103 118 100
103 118 100
103 118 100
103 118 100
103 118 100
103 118 100
103 118 100
103 118 100
103 118 100
103 118 100
103 118 100
103 118 100
103 118 100
103 118 100
103 118 100
103 118 100
103 118 100
103 118 100
103 118 100
103 118 100
103 118 100
103 118 100
103 118 100
103 118 100
103 118 100
103 118 100
103 118 100
103 118 100
104 118 100
104 118 100
104 118 100
104 118 100
104 118 100
104 118 100
104 118 100
104 118 100
104 118 100
104 118 100
104 118 100
104 118 100
104 118 100
104 118 100
104 118 100
104 118 100
104 118 100
104 118 100
104 118 100
104 118 100
104 118 100
104 118 100
104 118 100
104 118 100
104 118 100
104 118 100
104 118 100
104 118 100
104 118 100
104 118 100
104 118 100
105 118 100
105 118 100
105 118 100
105 118 100
105 118 100
105 118 100
105 118 100
105 118 100
105 118 100
105 118 100
105 118 100
105 118 100
105 118 100
105 118 100
105 118 100
105 118 100
105 118 100
105 118 100
105 118 100
105 118 100
105 118 100
105 118 100
105 118 100
105 118 100
105 118 100
105 118 100
105 118 100
105 118 100
106 118 100
106 118 100
106 118 100
106 118 100
106 118 100
106 118 100
106 118 100
106 118 100
106 118 100
106 118 100
106 118 100
106 118 100
106 118 100
106 118 100
106 118 100
106 118 100
106 118 100
106 118 100
106 118 100
106 118 100
106 118 100
106 118 100
106 118 100
106 118 100
106 118 100
107 118 100
107 118 100
107 118 100
107 118 100
107 118 100
107 118 100
107 118 100
107 118 100
107 118 100
107 118 100
107 118 100
107 118 100
107 118 100
107 118 100
107 118 100
107 118 100
107 118 100
107 118 100
107 118 100
107 118 100
107 118 100
108 118 100
108 118 100
108 118 100
108 118 100
108 118 100
108 118 100
108 118 100
108 118 100
108 118 100
108 118 100
108 118 100
108 118 100
108 118 100
108 118 100
108 118 100
108 118 100
108 118 100
109 118 100
109 118 100
109 118 100
109 118 100
109 118 100
109 118 100
109 118 100
109 118 100
109 118 100
109 118 100
109 118 100
109 118 100
109 118 100
109 118 100
110 118 100
110 118 100
110 118 100
110 118 100
110 118 100
110 118 100
110 118 100
110 118 100
110 118 100
110 118 100
110 118 100
111 118 100
111 118 100
111 118 100
111 118 100
111 118 100
111 118 100
111 118 100
111 118 100
111 118 100
112 118 100
112 118 100
112 118 100
112 118 100
112 118 100
112 118 100
112 118 100
112 118 100
113 118 100
113 118 100
113 118 100
113 118 100
113 118 100
113 118 100
113 118 100
114 118 100
114 118 100
114 118 100
114 118 100
114 118 100
114 118 100
114 118 100
115 118 100
115 118 100
115 118 100
115 118 100
115 118 100
115 118 100
115 118 100
116 118 100
116 118 100
116 118 100
116 118 100
116 118 100
116 118 100
117 118 100
117 118 100
117 118 100
117 118 100
117 118 100
117 118 100
118 118 100
118 118 100
118 118 100
118 118 100
118 118 100
119 118 100
119 118 100
119 118 100
119 118 100
119 118 100
120 118 100
120 118 100
120 118 100
120 118 100
121 118 100
121 118 100
121 118 100
121 118 100
122 118 100
122 118 100
122 118 100
123 118 100
123 118 100
123 118 100
124 118 100
124 118 100
125 118 100
125 118 100
126 118 100
127 118 100
128 118 100
129 118 100
130 118 100
131 118 100
132 118 100
133 118 100
134 118 100
135 118 100
