# move from (134,195) to (118,122)
134 195 100
133 195 100
132 195 100
131 195 100
130 195 100
129 195 100
128 195 100
127 195 100
126 195 100
125 195 100
124 195 100
123 195 100
122 195 100
121 195 100
120 195 100
119 195 100
118 195 100
118 194 100
118 193 100
118 192 100
118 191 100
118 190 100
118 189 100
118 188 100
118 187 100
118 186 100
118 185 100
118 184 100
118 183 100
118 182 100
118 181 100
118 180 100
118 179 100
118 179 100
118 178 100
118 178 100
118 177 100
118 177 100
118 177 100
118 176 100
118 176 100
118 176 100
118 175 100
118 175 100
118 175 100
118 175 100
118 174 100
118 174 100
118 174 100
118 174 100
118 173 100
118 173 100
118 173 100
118 173 100
118 172 100
118 172 100
118 172 100
118 172 100
118 171 100
118 171 100
118 171 100
118 171 100
118 170 100
118 170 100
118 170 100
118 169 100
118 169 100
118 168 100
118 168 100
118 167 100
118 166 100
118 165 100
118 164 100
118 163 100
118 162 100
118 161 100
118 160 100
118 159 100
118 158 100
118 157 100
118 156 100
118 155 100
118 155 100
118 154 100
118 154 100
118 153 100
118 153 100
118 152 100
118 152 100
118 152 100
118 151 100
118 151 100
118 151 100
118 151 100
118 150 100
118 150 100
118 150 100
118 150 100
118 150 100
118 150 100
118 149 100
118 149 100
118 149 100
118 149 100
118 149 100
118 149 100
118 149 100
118 149 100
118 148 100
118 148 100
118 148 100
118 148 100
118 148 100
118 148 100
118 148 100
118 148 100
118 148 100
118 148 100
118 148 100
118 148 100
118 147 100
118 147 100
118 147 100
118 147 100
118 147 100
118 147 100
118 147 100
118 147 100
118 147 100
118 147 100
118 147 100
118 147 100
118 147 100
118 147 100
118 147 100
118 147 100
118 147 100
118 146 100
118 146 100
118 146 100
118 146 100
118 146 100
118 146 100
118 146 100
118 146 100
118 146 100
118 146 100
118 146 100
118 146 100
118 146 100
118 146 100
118 146 100
118 146 100
118 146 100
118 146 100
118 146 100
118 146 100
118 146 100
118 146 100
118 145 100
118 145 100
118 145 100
118 145 100
118 145 100
118 145 100
118 145 100
118 145 100
118 145 100
118 145 100
118 145 100
118 145 100
118 145 100
118 145 100
118 145 100
118 145 100
118 145 100
118 145 100
118 145 100
118 145 100
118 145 100
118 145 100
118 145 100
118 145 100
118 145 100
118 145 100
118 144 100
118 144 100
118 144 100
118 144 100
118 144 100
118 144 100
118 144 100
118 144 100
118 144 100
118 144 100
118 144 100
118 144 100
118 144 100
118 144 100
118 144 100
118 144 100
118 144 100
118 144 100
118 144 100
118 144 100
118 144 100
118 144 100
118 144 100
118 144 100
118 144 100
118 144 100
118 144 100
118 144 100
118 144 100
118 143 100
118 143 100
118 143 100
118 143 100
118 143 100
118 143 100
118 143 100
118 143 100
118 143 100
118 143 100
118 143 100
118 143 100
118 143 100
118 143 100
118 143 100
118 143 100
118 143 100
118 143 100
118 143 100
118 143 100
118 143 100
118 143 100
118 143 100
118 143 100
118 143 100
118 143 100
118 143 100
118 143 100
118 143 100
118 143 100
118 143 100
118 142 100
118 142 100
118 142 100
118 142 100
118 142 100
118 142 100
118 142 100
118 142 100
118 142 100
118 142 100
118 142 100
118 142 100
118 142 100
118 142 100
118 142 100
118 142 100
118 142 100
118 142 100
118 142 100
118 142 100
118 142 100
118 142 100
118 142 100
118 142 100
118 142 100
118 142 100
118 142 100
118 142 100
118 142 100
118 142 100
118 142 100
118 141 100
118 141 100
118 141 100
118 141 100
118 141 100
118 141 100
118 141 100
118 141 100
118 141 100
118 141 100
118 141 100
118 141 100
118 141 100
118 141 100
118 141 100
118 141 100
118 141 100
118 141 100
118 141 100
118 141 100
118 141 100
118 141 100
118 141 100
118 141 100
118 141 100
118 141 100
118 141 100
118 141 100
118 141 100
118 141 100
118 141 100
118 140 100
118 140 100
118 140 100
118 140 100
118 140 100
118 140 100
118 140 100
118 140 100
118 140 100
118 140 100
118 140 100
118 140 100
118 140 100
118 140 100
118 140 100
118 140 100
118 140 100
118 140 100
118 140 100
118 140 100
118 140 100
118 140 100
118 140 100
118 140 100
118 140 100
118 140 100
118 140 100
118 140 100
118 140 100
118 140 100
118 139 100
118 139 100
118 139 100
118 139 100
118 139 100
118 139 100
118 139 100
118 139 100
118 139 100
118 139 100
118 139 100
118 139 100
118 139 100
118 139 100
118 139 100
118 139 100
118 139 100
118 139 100
118 139 100
118 139 100
118 139 100
118 139 100
118 139 100
118 139 100
118 139 100
118 139 100
118 139 100
118 139 100
118 138 100
118 138 100
118 138 100
118 138 100
118 138 100
118 138 100
118 138 100
118 138 100
118 138 100
118 138 100
118 138 100
118 138 100
118 138 100
118 138 100
118 138 100
118 138 100
118 138 100
118 138 100
118 138 100
118 138 100
118 138 100
118 138 100
118 138 100
118 138 100
118 138 100
118 138 100
118 137 100
118 137 100
118 137 100
118 137 100
118 137 100
118 137 100
118 137 100
118 137 100
118 137 100
118 137 100
118 137 100
118 137 100
118 137 100
118 137 100
118 137 100
118 137 100
118 137 100
118 137 100
118 137 100
118 137 100
118 137 100
118 137 100
118 137 100
118 137 100
118 136 100
118 136 100
118 136 100
118 136 100
118 136 100
118 136 100
118 136 100
118 136 100
118 136 100
118 136 100
118 136 100
118 136 100
118 136 100
118 136 100
118 136 100
118 136 100
118 136 100
118 136 100
118 136 100
118 136 100
118 136 100
118 135 100
118 135 100
118 135 100
118 135 100
118 135 100
118 135 100
118 135 100
118 135 100
118 135 100
118 135 100
118 135 100
118 135 100
118 135 100
118 135 100
118 135 100
118 135 100
118 135 100
118 135 100
118 135 100
118 134 100
118 134 100
118 134 100
118 134 100
118 134 100
118 134 100
118 134 100
118 134 100
118 134 100
118 134 100
118 134 100
118 134 100
118 134 100
118 134 100
118 134 100
118 134 100
118 133 100
118 133 100
118 133 100
118 133 100
118 133 100
118 133 100
118 133 100
118 133 100
118 133 100
118 133 100
118 133 100
118 133 100
118 133 100
118 133 100
118 132 100
118 132 100
118 132 100
118 132 100
118 132 100
118 132 100
118 132 100
118 132 100
118 132 100
118 132 100
118 132 100
118 132 100
118 131 100
118 131 100
118 131 100
118 131 100
118 131 100
118 131 100
118 131 100
118 131 100
118 131 100
118 131 100
118 130 100
118 130 100
118 130 100
118 130 100
118 130 100
118 130 100
118 130 100
118 130 100
118 130 100
118 129 100
118 129 100
118 129 100
118 129 100
118 129 100
118 129 100
118 129 100
118 128 100
118 128 100
118 128 100
118 128 100
118 128 100
118 127 100
118 127 100
118 127 100
118 127 100
118 126 100
118 126 100
118 126 100
118 125 100
118 125 100
118 124 100
118 123 100
118 122 100
# move from (54,142) to (118,122)
54 142 100
55 142 100
56 142 100
57 142 100
58 142 100
59 142 100
60 142 100
61 142 100
62 142 100
63 142 100
63 142 100
64 142 100
64 142 100
64 142 100
65 142 100
65 142 100
65 142 100
66 142 100
66 142 100
66 142 100
66 142 100
67 142 100
67 142 100
67 142 100
67 142 100
67 142 100
68 142 100
68 142 100
68 142 100
68 142 100
68 142 100
68 142 100
69 142 100
69 142 100
69 142 100
69 142 100
69 142 100
69 142 100
69 142 100
70 142 100
70 142 100
70 142 100
70 142 100
70 142 100
70 142 100
70 142 100
71 142 100
71 142 100
71 142 100
71 142 100
71 142 100
71 142 100
72 142 100
72 142 100
72 142 100
72 142 100
72 142 100
72 142 100
73 142 100
73 142 100
73 142 100
73 142 100
73 142 100
74 142 100
74 142 100
74 142 100
74 142 100
75 142 100
75 142 100
75 142 100
75 142 100
76 142 100
76 142 100
76 142 100
77 142 100
77 142 100
78 142 100
78 142 100
79 142 100
80 142 100
81 142 100
82 142 100
83 142 100
84 142 100
85 142 100
86 142 100
87 142 100
88 142 100
89 142 100
90 142 100
91 142 100
92 142 100
93 142 100
94 142 100
95 142 100
96 142 100
97 142 100
98 142 100
99 142 100
100 142 100
101 142 100
102 142 100
103 142 100
104 142 100
105 142 100
105 142 100
106 142 100
106 142 100
106 142 100
107 142 100
107 142 100
107 142 100
107 142 100
108 142 100
108 142 100
108 142 100
108 142 100
108 142 100
108 142 100
109 142 100
109 142 100
109 142 100
109 142 100
109 142 100
109 142 100
109 142 100
109 142 100
110 142 100
110 142 100
110 142 100
110 142 100
110 142 100
110 142 100
110 142 100
110 142 100
110 142 100
110 142 100
111 142 100
111 142 100
111 142 100
111 142 100
111 142 100
111 142 100
111 142 100
111 142 100
111 142 100
111 142 100
111 142 100
111 142 100
112 142 100
112 142 100
112 142 100
112 142 100
112 142 100
112 142 100
112 142 100
112 142 100
112 142 100
112 142 100
112 142 100
112 142 100
112 142 100
112 142 100
112 142 100
113 142 100
113 142 100
113 142 100
113 142 100
113 142 100
113 142 100
113 142 100
113 142 100
113 142 100
113 142 100
113 142 100
113 142 100
113 142 100
113 142 100
113 142 100
113 142 100
113 142 100
113 142 100
114 142 100
114 142 100
114 142 100
114 142 100
114 142 100
114 142 100
114 142 100
114 142 100
114 142 100
114 142 100
114 142 100
114 142 100
114 142 100
114 142 100
114 142 100
114 142 100
114 142 100
114 142 100
114 142 100
114 142 100
114 142 100
115 142 100
115 142 100
115 142 100
115 142 100
115 142 100
115 142 100
115 142 100
115 142 100
115 142 100
115 142 100
115 142 100
115 142 100
115 142 100
115 142 100
115 142 100
115 142 100
115 142 100
115 142 100
115 142 100
115 142 100
115 142 100
115 142 100
115 142 100
115 142 100
116 142 100
116 142 100
116 142 100
116 142 100
116 142 100
116 142 100
116 142 100
116 142 100
116 142 100
116 142 100
116 142 100
116 142 100
116 142 100
116 142 100
116 142 100
116 142 100
116 142 100
116 142 100
116 142 100
116 142 100
116 142 100
116 142 100
116 142 100
116 142 100
116 142 100
116 142 100
116 142 100
117 142 100
117 142 100
117 142 100
117 142 100
117 142 100
117 142 100
117 142 100
117 142 100
117 142 100
117 142 100
117 142 100
117 142 100
117 142 100
117 142 100
117 142 100
117 142 100
117 142 100
117 142 100
117 142 100
117 142 100
117 142 100
117 142 100
117 142 100
117 142 100
117 142 100
117 142 100
117 142 100
117 142 100
117 142 100
# move from (176,68) to (118,122)
176 68 100
175 68 100
174 68 100
173 68 100
172 68 100
171 68 100
170 68 100
169 68 100
168 68 100
167 68 100
166 68 100
165 68 100
164 68 100
163 68 100
162 68 100
161 68 100
160 68 100
159 68 100
158 68 100
157 68 100
156 68 100
156 68 100
155 68 100
155 68 100
154 68 100
154 68 100
153 68 100
153 68 100
152 68 100
152 68 100
151 68 100
151 68 100
150 68 100
150 68 100
149 68 100
149 68 100
148 68 100
148 68 100
147 68 100
147 68 100
146 68 100
145 68 100
144 68 100
143 68 100
142 68 100
141 68 100
140 68 100
139 68 100
138 68 100
137 68 100
136 68 100
135 68 100
134 68 100
133 68 100
132 68 100
131 68 100
131 68 100
130 68 100
130 68 100
129 68 100
129 68 100
129 68 100
129 68 100
128 68 100
128 68 100
128 68 100
128 68 100
128 68 100
128 68 100
127 68 100
127 68 100
127 68 100
127 68 100
127 68 100
127 68 100
127 68 100
127 68 100
126 68 100
126 68 100
126 68 100
126 68 100
126 68 100
126 68 100
126 68 100
126 68 100
126 68 100
126 68 100
126 68 100
125 68 100
125 68 100
125 68 100
125 68 100
125 68 100
125 68 100
125 68 100
125 68 100
125 68 100
125 68 100
125 68 100
125 68 100
125 68 100
124 68 100
124 68 100
124 68 100
124 68 100
124 68 100
124 68 100
124 68 100
124 68 100
124 68 100
124 68 100
124 68 100
124 68 100
124 68 100
124 68 100
124 68 100
123 68 100
123 68 100
123 68 100
123 68 100
123 68 100
123 68 100
123 68 100
123 68 100
123 68 100
123 68 100
123 68 100
123 68 100
123 68 100
123 68 100
123 68 100
122 68 100
122 68 100
122 68 100
122 68 100
122 68 100
122 68 100
122 68 100
122 68 100
122 68 100
122 68 100
122 68 100
122 68 100
122 68 100
122 68 100
121 68 100
121 68 100
121 68 100
121 68 100
121 68 100
121 68 100
121 68 100
121 68 100
121 68 100
121 68 100
121 68 100
120 68 100
120 68 100
120 68 100
120 68 100
120 68 100
120 68 100
120 68 100
120 68 100
120 68 100
119 68 100
119 68 100
119 68 100
119 68 100
119 68 100
119 68 100
118 68 100
118 68 100
118 68 100
118 68 100
118 69 100
118 69 100
118 69 100
118 69 100
118 70 100
118 70 100
118 70 100
118 70 100
118 71 100
118 71 100
118 71 100
118 72 100
118 72 100
118 72 100
118 73 100
118 73 100
118 73 100
118 74 100
118 74 100
118 75 100
118 75 100
118 76 100
118 76 100
118 77 100
118 77 100
118 78 100
118 79 100
118 80 100
118 81 100
118 82 100
118 83 100
118 84 100
118 85 100
118 86 100
118 87 100
118 88 100
118 89 100
118 89 100
118 90 100
118 90 100
118 91 100
118 91 100
118 92 100
118 92 100
118 92 100
118 93 100
118 93 100
118 93 100
118 93 100
118 94 100
118 94 100
118 94 100
118 94 100
118 95 100
118 95 100
118 95 100
118 95 100
118 95 100
118 96 100
118 96 100
118 96 100
118 96 100
118 96 100
118 97 100
118 97 100
118 97 100
118 97 100
118 98 100
118 98 100
118 98 100
118 98 100
118 99 100
118 99 100
118 99 100
118 100 100
118 100 100
118 101 100
118 101 100
118 102 100
118 103 100
118 104 100
118 105 100
118 106 100
118 107 100
118 108 100
118 109 100
118 110 100
118 111 100
118 112 100
118 113 100
118 114 100
118 115 100
118 116 100
118 117 100
118 118 100
118 119 100
118 120 100
118 121 100
# move from (30,115) to (118,122)
30 115 100
31 115 100
32 115 100
33 115 100
34 115 100
35 115 100
36 115 100
37 115 100
38 115 100
39 115 100
40 115 100
41 115 100
42 115 100
43 115 100
44 115 100
45 115 100
46 115 100
47 115 100
48 115 100
49 115 100
50 115 100
51 115 100
52 115 100
53 115 100
54 115 100
55 115 100
56 115 100
57 115 100
58 115 100
59 115 100
60 115 100
61 115 100
62 115 100
63 115 100
63 115 100
64 115 100
64 115 100
65 115 100
65 115 100
65 115 100
66 115 100
66 115 100
66 115 100
66 115 100
66 115 100
67 115 100
67 115 100
67 115 100
67 115 100
67 115 100
67 115 100
67 115 100
68 115 100
68 115 100
68 115 100
68 115 100
68 115 100
68 115 100
68 115 100
68 115 100
68 115 100
68 115 100
69 115 100
69 115 100
69 115 100
69 115 100
69 115 100
69 115 100
69 115 100
69 115 100
69 115 100
69 115 100
69 115 100
69 115 100
69 115 100
70 115 100
70 115 100
70 115 100
70 115 100
70 115 100
70 115 100
70 115 100
70 115 100
70 115 100
70 115 100
70 115 100
70 115 100
70 115 100
70 115 100
70 115 100
70 115 100
71 115 100
71 115 100
71 115 100
71 115 100
71 115 100
71 115 100
71 115 100
71 115 100
71 115 100
71 115 100
71 115 100
71 115 100
71 115 100
71 115 100
71 115 100
71 115 100
71 115 100
71 115 100
71 115 100
72 115 100
72 115 100
72 115 100
72 115 100
72 115 100
72 115 100
72 115 100
72 115 100
72 115 100
72 115 100
72 115 100
72 115 100
72 115 100
72 115 100
72 115 100
72 115 100
72 115 100
72 115 100
72 115 100
72 115 100
72 115 100
73 115 100
73 115 100
73 115 100
73 115 100
73 115 100
73 115 100
73 115 100
73 115 100
73 115 100
73 115 100
73 115 100
73 115 100
73 115 100
73 115 100
73 115 100
73 115 100
73 115 100
73 115 100
73 115 100
73 115 100
73 115 100
73 115 100
73 115 100
74 115 100
74 115 100
74 115 100
74 115 100
74 115 100
74 115 100
74 115 100
74 115 100
74 115 100
74 115 100
74 115 100
74 115 100
74 115 100
74 115 100
74 115 100
74 115 100
74 115 100
74 115 100
74 115 100
74 115 100
74 115 100
74 115 100
74 115 100
74 115 100
74 115 100
75 115 100
75 115 100
75 115 100
75 115 100
75 115 100
75 115 100
75 115 100
75 115 100
75 115 100
75 115 100
75 115 100
75 115 100
75 115 100
75 115 100
75 115 100
75 115 100
75 115 100
75 115 100
75 115 100
75 115 100
75 115 100
75 115 100
75 115 100
75 115 100
75 115 100
75 115 100
76 115 100
76 115 100
76 115 100
76 115 100
76 115 100
76 115 100
76 115 100
76 115 100
76 115 100
76 115 100
76 115 100
76 115 100
76 115 100
76 115 100
76 115 100
76 115 100
76 115 100
76 115 100
76 115 100
76 115 100
76 115 100
76 115 100
76 115 100
76 115 100
76 115 100
76 115 100
76 115 100
76 115 100
77 115 100
77 115 100
77 115 100
77 115 100
77 115 100
77 115 100
77 115 100
77 115 100
77 115 100
77 115 100
77 115 100
77 115 100
77 115 100
77 115 100
77 115 100
77 115 100
77 115 100
77 115 100
77 115 100
77 115 100
77 115 100
77 115 100
77 115 100
77 115 100
77 115 100
77 115 100
77 115 100
77 115 100
77 115 100
78 115 100
78 115 100
78 115 100
78 115 100
78 115 100
78 115 100
78 115 100
78 115 100
78 115 100
78 115 100
78 115 100
78 115 100
78 115 100
78 115 100
78 115 100
78 115 100
78 115 100
78 115 100
78 115 100
78 115 100
78 115 100
78 115 100
78 115 100
78 115 100
78 115 100
78 115 100
78 115 100
78 115 100
78 115 100
79 115 100
79 115 100
79 115 100
79 115 100
79 115 100
79 115 100
79 115 100
79 115 100
79 115 100
79 115 100
79 115 100
79 115 100
79 115 100
79 115 100
79 115 100
79 115 100
79 115 100
79 115 100
79 115 100
79 115 100
79 115 100
79 115 100
79 115 100
79 115 100
79 115 100
79 115 100
79 115 100
79 115 100
79 115 100
80 115 100
80 115 100
80 115 100
80 115 100
80 115 100
80 115 100
80 115 100
80 115 100
80 115 100
80 115 100
80 115 100
80 115 100
80 115 100
80 115 100
80 115 100
80 115 100
80 115 100
80 115 100
80 115 100
80 115 100
80 115 100
80 115 100
80 115 100
80 115 100
80 115 100
80 115 100
80 115 100
80 115 100
80 115 100
81 115 100
81 115 100
81 115 100
81 115 100
81 115 100
81 115 100
81 115 100
81 115 100
81 115 100
81 115 100
81 115 100
81 115 100
81 115 100
81 115 100
81 115 100
81 115 100
81 115 100
81 115 100
81 115 100
81 115 100
81 115 100
81 115 100
81 115 100
81 115 100
81 115 100
81 115 100
81 115 100
81 115 100
82 115 100
82 115 100
82 115 100
82 115 100
82 115 100
82 115 100
82 115 100
82 115 100
82 115 100
82 115 100
82 115 100
82 115 100
82 115 100
82 115 100
82 115 100
82 115 100
82 115 100
82 115 100
82 115 100
82 115 100
82 115 100
82 115 100
82 115 100
82 115 100
82 115 100
82 115 100
83 115 100
83 115 100
83 115 100
83 115 100
83 115 100
83 115 100
83 115 100
83 115 100
83 115 100
83 115 100
83 115 100
83 115 100
83 115 100
83 115 100
83 115 100
83 115 100
83 115 100
83 115 100
83 115 100
83 115 100
83 115 100
83 115 100
83 115 100
83 115 100
84 115 100
84 115 100
84 115 100
84 115 100
84 115 100
84 115 100
84 115 100
84 115 100
84 115 100
84 115 100
84 115 100
84 115 100
84 115 100
84 115 100
84 115 100
84 115 100
84 115 100
84 115 100
84 115 100
84 115 100
84 115 100
85 115 100
85 115 100
85 115 100
85 115 100
85 115 100
85 115 100
85 115 100
85 115 100
85 115 100
85 115 100
85 115 100
85 115 100
85 115 100
85 115 100
85 115 100
85 115 100
85 115 100
85 115 100
86 115 100
86 115 100
86 115 100
86 115 100
86 115 100
86 115 100
86 115 100
86 115 100
86 115 100
86 115 100
86 115 100
86 115 100
86 115 100
86 115 100
87 115 100
87 115 100
87 115 100
87 115 100
87 115 100
87 115 100
87 115 100
87 115 100
87 115 100
87 115 100
87 115 100
88 115 100
88 115 100
88 115 100
88 115 100
88 115 100
88 115 100
88 115 100
88 115 100
89 115 100
89 115 100
89 115 100
89 115 100
89 115 100
90 115 100
90 115 100
90 115 100
90 115 100
91 115 100
91 115 100
92 115 100
92 115 100
93 115 100
94 115 100
95 115 100
96 115 100
97 115 100
98 115 100
99 115 100
100 115 100
101 115 100
102 115 100
103 115 100
104 115 100
105 115 100
106 115 100
107 115 100
108 115 100
109 115 100
110 115 100
111 115 100
112 115 100
113 115 100
114 115 100
115 115 100
116 115 100
117 115 100
# move from (1,38) to (118,122)
1 38 100
2 38 100
3 38 100
4 38 100
5 38 100
6 38 100
7 38 100
8 38 100
9 38 100
10 38 100
11 38 100
12 38 100
13 38 100
14 38 100
15 38 100
16 38 100
17 38 100
17 38 100
18 38 100
18 38 100
19 38 100
19 38 100
19 38 100
20 38 100
20 38 100
20 38 100
21 38 100
21 38 100
21 38 100
21 38 100
22 38 100
22 38 100
22 38 100
22 38 100
23 38 100
23 38 100
23 38 100
23 38 100
23 38 100
24 38 100
24 38 100
24 38 100
24 38 100
24 38 100
24 38 100
25 38 100
25 38 100
25 38 100
25 38 100
25 38 100
25 38 100
25 38 100
26 38 100
26 38 100
26 38 100
26 38 100
26 38 100
26 38 100
26 38 100
26 38 100
27 38 100
27 38 100
27 38 100
27 38 100
27 38 100
27 38 100
27 38 100
27 38 100
28 38 100
28 38 100
28 38 100
28 38 100
28 38 100
28 38 100
28 38 100
28 38 100
29 38 100
29 38 100
29 38 100
29 38 100
29 38 100
29 38 100
29 38 100
29 38 100
30 38 100
30 38 100
30 38 100
30 38 100
30 38 100
30 38 100
30 38 100
30 38 100
30 38 100
31 38 100
31 38 100
31 38 100
31 38 100
31 38 100
31 38 100
31 38 100
31 38 100
31 38 100
32 38 100
32 38 100
32 38 100
32 38 100
32 38 100
32 38 100
32 38 100
32 38 100
32 38 100
33 38 100
33 38 100
33 38 100
33 38 100
33 38 100
33 38 100
33 38 100
33 38 100
33 38 100
33 38 100
34 38 100
34 38 100
34 38 100
34 38 100
34 38 100
34 38 100
34 38 100
34 38 100
34 38 100
34 38 100
35 38 100
35 38 100
35 38 100
35 38 100
35 38 100
35 38 100
35 38 100
35 38 100
35 38 100
35 38 100
36 38 100
36 38 100
36 38 100
36 38 100
36 38 100
36 38 100
36 38 100
36 38 100
36 38 100
37 38 100
37 38 100
37 38 100
37 38 100
37 38 100
37 38 100
37 38 100
37 38 100
38 38 100
38 38 100
38 38 100
38 38 100
38 38 100
38 38 100
38 38 100
39 38 100
39 38 100
39 38 100
39 38 100
39 38 100
39 38 100
40 38 100
40 38 100
40 38 100
40 38 100
40 38 100
41 38 100
41 38 100
41 38 100
41 38 100
42 38 100
42 38 100
42 38 100
43 38 100
43 38 100
44 38 100
45 38 100
46 38 100
47 38 100
48 38 100
49 38 100
50 38 100
51 38 100
52 38 100
53 38 100
54 38 100
55 38 100
56 38 100
57 38 100
58 38 100
59 38 100
60 38 100
61 38 100
62 38 100
63 38 100
64 38 100
65 38 100
66 38 100
67 38 100
68 38 100
69 38 100
70 38 100
71 38 100
72 38 100
73 38 100
74 38 100
75 38 100
76 38 100
77 38 100
78 38 100
79 38 100
80 38 100
81 38 100
82 38 100
83 38 100
84 38 100
85 38 100
86 38 100
87 38 100
88 38 100
89 38 100
90 38 100
91 38 100
92 38 100
93 38 100
94 38 100
95 38 100
96 38 100
97 38 100
98 38 100
99 38 100
100 38 100
101 38 100
102 38 100
103 38 100
104 38 100
105 38 100
106 38 100
107 38 100
108 38 100
109 38 100
110 38 100
111 38 100
112 38 100
113 38 100
114 38 100
114 38 100
115 38 100
115 38 100
116 38 100
116 38 100
116 38 100
117 38 100
117 38 100
117 38 100
118 38 100
118 38 100
118 38 100
118 38 100
118 39 100
118 39 100
118 39 100
118 39 100
118 40 100
118 40 100
118 40 100
118 40 100
118 41 100
118 41 100
118 41 100
118 42 100
118 42 100
118 42 100
118 43 100
118 43 100
118 43 100
118 44 100
118 44 100
118 45 100
118 45 100
118 46 100
118 46 100
118 47 100
118 48 100
118 49 100
118 50 100
118 51 100
118 52 100
118 53 100
118 54 100
118 55 100
118 56 100
118 57 100
118 58 100
118 59 100
118 59 100
118 60 100
118 60 100
118 61 100
118 61 100
118 61 100
118 62 100
118 62 100
118 62 100
118 63 100
118 63 100
118 63 100
118 63 100
118 64 100
118 64 100
118 64 100
118 64 100
118 65 100
118 65 100
118 65 100
118 65 100
118 66 100
118 66 100
118 66 100
118 66 100
118 67 100
118 67 100
118 67 100
118 67 100
# move from (37,65) to (118,122)
37 65 100
38 65 100
39 65 100
40 65 100
41 65 100
42 65 100
43 65 100
44 65 100
45 65 100
46 65 100
47 65 100
48 65 100
49 65 100
50 65 100
51 65 100
52 65 100
53 65 100
54 65 100
55 65 100
56 65 100
57 65 100
58 65 100
59 65 100
60 65 100
61 65 100
62 65 100
63 65 100
64 65 100
65 65 100
66 65 100
67 65 100
68 65 100
69 65 100
70 65 100
71 65 100
72 65 100
73 65 100
74 65 100
75 65 100
76 65 100
77 65 100
78 65 100
79 65 100
80 65 100
81 65 100
82 65 100
83 65 100
84 65 100
85 65 100
86 65 100
87 65 100
88 65 100
89 65 100
90 65 100
91 65 100
92 65 100
93 65 100
93 65 100
94 65 100
94 65 100
95 65 100
95 65 100
96 65 100
96 65 100
97 65 100
97 65 100
98 65 100
98 65 100
98 65 100
99 65 100
99 65 100
99 65 100
100 65 100
100 65 100
100 65 100
101 65 100
101 65 100
101 65 100
101 65 100
102 65 100
102 65 100
102 65 100
102 65 100
103 65 100
103 65 100
103 65 100
103 65 100
104 65 100
104 65 100
104 65 100
104 65 100
105 65 100
105 65 100
105 65 100
106 65 100
106 65 100
106 65 100
107 65 100
107 65 100
107 65 100
108 65 100
108 65 100
109 65 100
109 65 100
110 65 100
110 65 100
111 65 100
111 65 100
112 65 100
113 65 100
114 65 100
114 65 100
115 65 100
115 65 100
116 65 100
116 65 100
117 65 100
117 65 100
117 65 100
# move from (138,35) to (118,122)
138 35 100
137 35 100
136 35 100
135 35 100
134 35 100
133 35 100
132 35 100
132 35 100
131 35 100
131 35 100
130 35 100
130 35 100
129 35 100
129 35 100
129 35 100
128 35 100
128 35 100
128 35 100
128 35 100
127 35 100
127 35 100
127 35 100
127 35 100
126 35 100
126 35 100
126 35 100
126 35 100
126 35 100
125 35 100
125 35 100
125 35 100
125 35 100
125 35 100
125 35 100
124 35 100
124 35 100
124 35 100
124 35 100
124 35 100
124 35 100
124 35 100
123 35 100
123 35 100
123 35 100
123 35 100
123 35 100
123 35 100
123 35 100
123 35 100
122 35 100
122 35 100
122 35 100
122 35 100
122 35 100
122 35 100
122 35 100
122 35 100
121 35 100
121 35 100
121 35 100
121 35 100
121 35 100
121 35 100
121 35 100
121 35 100
120 35 100
120 35 100
120 35 100
120 35 100
120 35 100
120 35 100
120 35 100
119 35 100
119 35 100
119 35 100
119 35 100
119 35 100
118 35 100
118 35 100
118 35 100
118 35 100
118 36 100
118 36 100
118 36 100
118 36 100
118 37 100
118 37 100
118 37 100
118 37 100
118 37 100
# move from (185,3) to (118,122)
185 3 100
184 3 100
183 3 100
182 3 100
181 3 100
180 3 100
179 3 100
178 3 100
177 3 100
176 3 100
175 3 100
174 3 100
173 3 100
172 3 100
172 3 100
171 3 100
171 3 100
170 3 100
170 3 100
169 3 100
169 3 100
168 3 100
167 3 100
166 3 100
165 3 100
164 3 100
163 3 100
162 3 100
161 3 100
160 3 100
159 3 100
158 3 100
157 3 100
156 3 100
155 3 100
154 3 100
153 3 100
152 3 100
151 3 100
150 3 100
149 3 100
148 3 100
147 3 100
146 3 100
145 3 100
144 3 100
143 3 100
142 3 100
141 3 100
140 3 100
139 3 100
138 3 100
137 3 100
136 3 100
135 3 100
134 3 100
133 3 100
132 3 100
131 3 100
130 3 100
129 3 100
128 3 100
127 3 100
126 3 100
125 3 100
124 3 100
123 3 100
122 3 100
121 3 100
120 3 100
119 3 100
118 3 100
118 4 100
118 5 100
118 6 100
118 6 100
118 7 100
118 7 100
118 7 100
118 8 100
118 8 100
118 8 100
118 9 100
118 9 100
118 9 100
118 9 100
118 10 100
118 10 100
118 10 100
118 10 100
118 10 100
118 11 100
118 11 100
118 11 100
118 11 100
118 11 100
118 12 100
118 12 100
118 12 100
118 12 100
118 12 100
118 13 100
118 13 100
118 13 100
118 13 100
118 14 100
118 14 100
118 14 100
118 14 100
118 15 100
118 15 100
118 15 100
118 16 100
118 16 100
118 16 100
118 17 100
118 17 100
118 17 100
118 18 100
118 18 100
118 19 100
118 19 100
118 20 100
118 20 100
118 21 100
118 22 100
118 23 100
118 24 100
118 25 100
118 26 100
118 27 100
118 28 100
118 29 100
118 30 100
118 31 100
118 32 100
118 32 100
118 33 100
118 33 100
118 33 100
118 34 100
118 34 100
118 34 100
# move from (83,27) to (118,122)
83 27 100
84 27 100
85 27 100
86 27 100
87 27 100
88 27 100
89 27 100
90 27 100
91 27 100
92 27 100
93 27 100
94 27 100
95 27 100
96 27 100
97 27 100
98 27 100
99 27 100
100 27 100
101 27 100
102 27 100
103 27 100
104 27 100
105 27 100
106 27 100
107 27 100
108 27 100
109 27 100
110 27 100
111 27 100
112 27 100
113 27 100
114 27 100
115 27 100
116 27 100
117 27 100
