# move from (140,177) to (52,102)
140 177 100
139 177 100
138 177 100
137 177 100
136 177 100
135 177 100
134 177 100
133 177 100
132 177 100
131 177 100
130 177 100
129 177 100
128 177 100
127 177 100
126 177 100
125 177 100
124 177 100
123 177 100
122 177 100
121 177 100
120 177 100
119 177 100
118 177 100
117 177 100
116 177 100
115 177 100
114 177 100
113 177 100
112 177 100
111 177 100
110 177 100
109 177 100
108 177 100
107 177 100
106 177 100
105 177 100
104 177 100
103 177 100
103 177 100
102 177 100
102 177 100
101 177 100
101 177 100
100 177 100
100 177 100
99 177 100
99 177 100
98 177 100
98 177 100
97 177 100
97 177 100
96 177 100
96 177 100
96 177 100
95 177 100
95 177 100
95 177 100
94 177 100
94 177 100
94 177 100
93 177 100
93 177 100
93 177 100
92 177 100
92 177 100
92 177 100
92 177 100
91 177 100
91 177 100
91 177 100
91 177 100
90 177 100
90 177 100
90 177 100
90 177 100
90 177 100
89 177 100
89 177 100
89 177 100
89 177 100
89 177 100
89 177 100
89 177 100
88 177 100
88 177 100
88 177 100
88 177 100
88 177 100
88 177 100
88 177 100
88 177 100
88 177 100
87 177 100
87 177 100
87 177 100
87 177 100
87 177 100
87 177 100
87 177 100
87 177 100
87 177 100
87 177 100
87 177 100
87 177 100
86 177 100
86 177 100
86 177 100
86 177 100
86 177 100
86 177 100
86 177 100
86 177 100
86 177 100
86 177 100
86 177 100
86 177 100
86 177 100
86 177 100
86 177 100
85 177 100
85 177 100
85 177 100
85 177 100
85 177 100
85 177 100
85 177 100
85 177 100
85 177 100
85 177 100
85 177 100
85 177 100
85 177 100
85 177 100
85 177 100
85 177 100
85 177 100
85 177 100
85 177 100
85 177 100
84 177 100
84 177 100
84 177 100
84 177 100
84 177 100
84 177 100
84 177 100
84 177 100
84 177 100
84 177 100
84 177 100
84 177 100
84 177 100
84 177 100
84 177 100
84 177 100
84 177 100
84 177 100
84 177 100
84 177 100
84 177 100
84 177 100
84 177 100
84 177 100
84 177 100
83 177 100
83 177 100
83 177 100
83 177 100
83 177 100
83 177 100
83 177 100
83 177 100
83 177 100
83 177 100
83 177 100
83 177 100
83 177 100
83 177 100
83 177 100
83 177 100
83 177 100
83 177 100
83 177 100
83 177 100
83 177 100
83 177 100
83 177 100
83 177 100
83 177 100
83 177 100
83 177 100
83 177 100
83 177 100
83 177 100
82 177 100
82 177 100
82 177 100
82 177 100
82 177 100
82 177 100
82 177 100
82 177 100
82 177 100
82 177 100
82 177 100
82 177 100
82 177 100
82 177 100
82 177 100
82 177 100
82 177 100
82 177 100
82 177 100
82 177 100
82 177 100
82 177 100
82 177 100
82 177 100
82 177 100
82 177 100
82 177 100
82 177 100
82 177 100
82 177 100
82 177 100
82 177 100
82 177 100
82 177 100
82 177 100
81 177 100
81 177 100
81 177 100
81 177 100
81 177 100
81 177 100
81 177 100
81 177 100
81 177 100
81 177 100
81 177 100
81 177 100
81 177 100
81 177 100
81 177 100
81 177 100
81 177 100
81 177 100
81 177 100
81 177 100
81 177 100
81 177 100
81 177 100
81 177 100
81 177 100
81 177 100
81 177 100
81 177 100
81 177 100
81 177 100
81 177 100
81 177 100
81 177 100
81 177 100
81 177 100
81 177 100
81 177 100
81 177 100
81 177 100
81 177 100
80 177 100
80 177 100
80 177 100
80 177 100
80 177 100
80 177 100
80 177 100
80 177 100
80 177 100
80 177 100
80 177 100
80 177 100
80 177 100
80 177 100
80 177 100
80 177 100
80 177 100
80 177 100
80 177 100
80 177 100
80 177 100
80 177 100
80 177 100
80 177 100
80 177 100
80 177 100
80 177 100
80 177 100
80 177 100
80 177 100
80 177 100
80 177 100
80 177 100
80 177 100
80 177 100
80 177 100
80 177 100
80 177 100
80 177 100
80 177 100
80 177 100
80 177 100
80 177 100
79 177 100
79 177 100
79 177 100
79 177 100
79 177 100
79 177 100
79 177 100
79 177 100
79 177 100
79 177 100
79 177 100
79 177 100
79 177 100
79 177 100
79 177 100
79 177 100
79 177 100
79 177 100
79 177 100
79 177 100
79 177 100
79 177 100
79 177 100
79 177 100
79 177 100
79 177 100
79 177 100
79 177 100
79 177 100
79 177 100
79 177 100
79 177 100
79 177 100
79 177 100
79 177 100
79 177 100
79 177 100
79 177 100
79 177 100
79 177 100
79 177 100
79 177 100
79 177 100
79 177 100
79 177 100
78 177 100
78 177 100
78 177 100
78 177 100
78 177 100
78 177 100
78 177 100
78 177 100
78 177 100
78 177 100
78 177 100
78 177 100
78 177 100
78 177 100
78 177 100
78 177 100
78 177 100
78 177 100
78 177 100
78 177 100
78 177 100
78 177 100
78 177 100
78 177 100
78 177 100
78 177 100
78 177 100
78 177 100
78 177 100
78 177 100
78 177 100
78 177 100
78 177 100
78 177 100
78 177 100
78 177 100
78 177 100
78 177 100
78 177 100
78 177 100
78 177 100
78 177 100
78 177 100
78 177 100
78 177 100
78 177 100
78 177 100
77 177 100
77 177 100
77 177 100
77 177 100
77 177 100
77 177 100
77 177 100
77 177 100
77 177 100
77 177 100
77 177 100
77 177 100
77 177 100
77 177 100
77 177 100
77 177 100
77 177 100
77 177 100
77 177 100
77 177 100
77 177 100
77 177 100
77 177 100
77 177 100
77 177 100
77 177 100
77 177 100
77 177 100
77 177 100
77 177 100
77 177 100
77 177 100
77 177 100
77 177 100
77 177 100
77 177 100
77 177 100
77 177 100
77 177 100
77 177 100
77 177 100
77 177 100
77 177 100
77 177 100
77 177 100
77 177 100
77 177 100
76 177 100
76 177 100
76 177 100
76 177 100
76 177 100
76 177 100
76 177 100
76 177 100
76 177 100
76 177 100
76 177 100
76 177 100
76 177 100
76 177 100
76 177 100
76 177 100
76 177 100
76 177 100
76 177 100
76 177 100
76 177 100
76 177 100
76 177 100
76 177 100
76 177 100
76 177 100
76 177 100
76 177 100
76 177 100
76 177 100
76 177 100
76 177 100
76 177 100
76 177 100
76 177 100
76 177 100
76 177 100
76 177 100
76 177 100
76 177 100
76 177 100
76 177 100
76 177 100
76 177 100
76 177 100
76 177 100
76 177 100
75 177 100
75 177 100
75 177 100
75 177 100
75 177 100
75 177 100
75 177 100
75 177 100
75 177 100
75 177 100
75 177 100
75 177 100
75 177 100
75 177 100
75 177 100
75 177 100
75 177 100
75 177 100
75 177 100
75 177 100
75 177 100
75 177 100
75 177 100
75 177 100
75 177 100
75 177 100
75 177 100
75 177 100
75 177 100
75 177 100
75 177 100
75 177 100
75 177 100
75 177 100
75 177 100
75 177 100
75 177 100
75 177 100
75 177 100
75 177 100
75 177 100
75 177 100
75 177 100
75 177 100
75 177 100
75 177 100
74 177 100
74 177 100
74 177 100
74 177 100
74 177 100
74 177 100
74 177 100
74 177 100
74 177 100
74 177 100
74 177 100
74 177 100
74 177 100
74 177 100
74 177 100
74 177 100
74 177 100
74 177 100
74 177 100
74 177 100
74 177 100
74 177 100
74 177 100
74 177 100
74 177 100
74 177 100
74 177 100
74 177 100
74 177 100
74 177 100
74 177 100
74 177 100
74 177 100
74 177 100
74 177 100
74 177 100
74 177 100
74 177 100
74 177 100
74 177 100
74 177 100
74 177 100
74 177 100
74 177 100
74 177 100
73 177 100
73 177 100
73 177 100
73 177 100
73 177 100
73 177 100
73 177 100
73 177 100
73 177 100
73 177 100
73 177 100
73 177 100
73 177 100
73 177 100
73 177 100
73 177 100
73 177 100
73 177 100
73 177 100
73 177 100
73 177 100
73 177 100
73 177 100
73 177 100
73 177 100
73 177 100
73 177 100
73 177 100
73 177 100
73 177 100
73 177 100
73 177 100
73 177 100
73 177 100
73 177 100
73 177 100
73 177 100
73 177 100
73 177 100
73 177 100
73 177 100
73 177 100
72 177 100
72 177 100
72 177 100
72 177 100
72 177 100
72 177 100
72 177 100
72 177 100
72 177 100
72 177 100
72 177 100
72 177 100
72 177 100
72 177 100
72 177 100
72 177 100
72 177 100
72 177 100
72 177 100
72 177 100
72 177 100
72 177 100
72 177 100
72 177 100
72 177 100
72 177 100
72 177 100
72 177 100
72 177 100
72 177 100
72 177 100
72 177 100
72 177 100
72 177 100
72 177 100
72 177 100
72 177 100
72 177 100
72 177 100
71 177 100
71 177 100
71 177 100
71 177 100
71 177 100
71 177 100
71 177 100
71 177 100
71 177 100
71 177 100
71 177 100
71 177 100
71 177 100
71 177 100
71 177 100
71 177 100
71 177 100
71 177 100
71 177 100
71 177 100
71 177 100
71 177 100
71 177 100
71 177 100
71 177 100
71 177 100
71 177 100
71 177 100
71 177 100
71 177 100
71 177 100
71 177 100
71 177 100
71 177 100
71 177 100
71 177 100
70 177 100
70 177 100
70 177 100
70 177 100
70 177 100
70 177 100
70 177 100
70 177 100
70 177 100
70 177 100
70 177 100
70 177 100
70 177 100
70 177 100
70 177 100
70 177 100
70 177 100
70 177 100
70 177 100
70 177 100
70 177 100
70 177 100
70 177 100
70 177 100
70 177 100
70 177 100
70 177 100
70 177 100
70 177 100
70 177 100
70 177 100
69 177 100
69 177 100
69 177 100
69 177 100
69 177 100
69 177 100
69 177 100
69 177 100
69 177 100
69 177 100
69 177 100
69 177 100
69 177 100
69 177 100
69 177 100
69 177 100
69 177 100
69 177 100
69 177 100
69 177 100
69 177 100
69 177 100
69 177 100
69 177 100
69 177 100
69 177 100
69 177 100
68 177 100
68 177 100
68 177 100
68 177 100
68 177 100
68 177 100
68 177 100
68 177 100
68 177 100
68 177 100
68 177 100
68 177 100
68 177 100
68 177 100
68 177 100
68 177 100
68 177 100
68 177 100
68 177 100
68 177 100
68 177 100
68 177 100
67 177 100
67 177 100
67 177 100
67 177 100
67 177 100
67 177 100
67 177 100
67 177 100
67 177 100
67 177 100
67 177 100
67 177 100
67 177 100
67 177 100
67 177 100
67 177 100
67 177 100
67 177 100
66 177 100
66 177 100
66 177 100
66 177 100
66 177 100
66 177 100
66 177 100
66 177 100
66 177 100
66 177 100
66 177 100
66 177 100
66 177 100
66 177 100
66 177 100
65 177 100
65 177 100
65 177 100
65 177 100
65 177 100
65 177 100
65 177 100
65 177 100
65 177 100
65 177 100
65 177 100
65 177 100
65 177 100
64 177 100
64 177 100
64 177 100
64 177 100
64 177 100
64 177 100
64 177 100
64 177 100
64 177 100
64 177 100
64 177 100
63 177 100
63 177 100
63 177 100
63 177 100
63 177 100
63 177 100
63 177 100
63 177 100
63 177 100
62 177 100
62 177 100
62 177 100
62 177 100
62 177 100
62 177 100
62 177 100
62 177 100
61 177 100
61 177 100
61 177 100
61 177 100
61 177 100
61 177 100
60 177 100
60 177 100
60 177 100
60 177 100
60 177 100
59 177 100
59 177 100
59 177 100
59 177 100
59 177 100
58 177 100
58 177 100
58 177 100
58 177 100
57 177 100
57 177 100
57 177 100
57 177 100
56 177 100
56 177 100
56 177 100
55 177 100
55 177 100
55 177 100
54 177 100
54 177 100
54 177 100
54 177 100
53 177 100
53 177 100
53 177 100
53 177 100
52 177 100
52 177 100
52 177 100
52 177 100
52 176 100
52 176 100
52 176 100
52 176 100
52 175 100
52 175 100
52 175 100
52 174 100
52 174 100
52 173 100
52 173 100
52 172 100
52 171 100
52 170 100
52 169 100
52 168 100
52 167 100
52 166 100
52 165 100
52 164 100
52 163 100
52 162 100
52 161 100
52 160 100
52 159 100
52 158 100
52 157 100
52 156 100
52 155 100
52 154 100
52 153 100
52 152 100
52 151 100
52 150 100
52 149 100
52 148 100
52 147 100
52 146 100
52 145 100
52 144 100
52 143 100
52 142 100
52 141 100
52 140 100
52 139 100
52 138 100
52 138 100
52 137 100
52 137 100
52 136 100
52 136 100
52 136 100
52 135 100
52 135 100
52 135 100
52 135 100
52 134 100
52 134 100
52 134 100
52 134 100
52 134 100
52 134 100
52 133 100
52 133 100
52 133 100
52 133 100
52 133 100
52 133 100
52 133 100
52 133 100
52 132 100
52 132 100
52 132 100
52 132 100
52 132 100
52 132 100
52 132 100
52 132 100
52 132 100
52 132 100
52 132 100
52 131 100
52 131 100
52 131 100
52 131 100
52 131 100
52 131 100
52 131 100
52 131 100
52 131 100
52 131 100
52 131 100
52 131 100
52 131 100
52 131 100
52 131 100
52 130 100
52 130 100
52 130 100
52 130 100
52 130 100
52 130 100
52 130 100
52 130 100
52 130 100
52 130 100
52 130 100
52 130 100
52 130 100
52 130 100
52 130 100
52 130 100
52 130 100
52 130 100
52 130 100
52 129 100
52 129 100
52 129 100
52 129 100
52 129 100
52 129 100
52 129 100
52 129 100
52 129 100
52 129 100
52 129 100
52 129 100
52 129 100
52 129 100
52 129 100
52 129 100
52 129 100
52 129 100
52 129 100
52 129 100
52 129 100
52 129 100
52 129 100
52 128 100
52 128 100
52 128 100
52 128 100
52 128 100
52 128 100
52 128 100
52 128 100
52 128 100
52 128 100
52 128 100
52 128 100
52 128 100
52 128 100
52 128 100
52 128 100
52 128 100
52 128 100
52 128 100
52 128 100
52 128 100
52 128 100
52 128 100
52 128 100
52 128 100
52 128 100
52 127 100
52 127 100
52 127 100
52 127 100
52 127 100
52 127 100
52 127 100
52 127 100
52 127 100
52 127 100
52 127 100
52 127 100
52 127 100
52 127 100
52 127 100
52 127 100
52 127 100
52 127 100
52 127 100
52 127 100
52 127 100
52 127 100
52 127 100
52 127 100
52 127 100
52 127 100
52 127 100
52 127 100
52 127 100
52 126 100
52 126 100
52 126 100
52 126 100
52 126 100
52 126 100
52 126 100
52 126 100
52 126 100
52 126 100
52 126 100
52 126 100
52 126 100
52 126 100
52 126 100
52 126 100
52 126 100
52 126 100
52 126 100
52 126 100
52 126 100
52 126 100
52 126 100
52 126 100
52 126 100
52 126 100
52 126 100
52 126 100
52 126 100
52 126 100
52 126 100
52 125 100
52 125 100
52 125 100
52 125 100
52 125 100
52 125 100
52 125 100
52 125 100
52 125 100
52 125 100
52 125 100
52 125 100
52 125 100
52 125 100
52 125 100
52 125 100
52 125 100
52 125 100
52 125 100
52 125 100
52 125 100
52 125 100
52 125 100
52 125 100
52 125 100
52 125 100
52 125 100
52 125 100
52 125 100
52 125 100
52 125 100
52 125 100
52 125 100
52 124 100
52 124 100
52 124 100
52 124 100
52 124 100
52 124 100
52 124 100
52 124 100
52 124 100
52 124 100
52 124 100
52 124 100
52 124 100
52 124 100
52 124 100
52 124 100
52 124 100
52 124 100
52 124 100
52 124 100
52 124 100
52 124 100
52 124 100
52 124 100
52 124 100
52 124 100
52 124 100
52 124 100
52 124 100
52 124 100
52 124 100
52 124 100
52 124 100
52 123 100
52 123 100
52 123 100
52 123 100
52 123 100
52 123 100
52 123 100
52 123 100
52 123 100
52 123 100
52 123 100
52 123 100
52 123 100
52 123 100
52 123 100
52 123 100
52 123 100
52 123 100
52 123 100
52 123 100
52 123 100
52 123 100
52 123 100
52 123 100
52 123 100
52 123 100
52 123 100
52 123 100
52 123 100
52 123 100
52 123 100
52 123 100
52 123 100
52 122 100
52 122 100
52 122 100
52 122 100
52 122 100
52 122 100
52 122 100
52 122 100
52 122 100
52 122 100
52 122 100
52 122 100
52 122 100
52 122 100
52 122 100
52 122 100
52 122 100
52 122 100
52 122 100
52 122 100
52 122 100
52 122 100
52 122 100
52 122 100
52 122 100
52 122 100
52 122 100
52 122 100
52 122 100
52 122 100
52 122 100
52 122 100
52 121 100
52 121 100
52 121 100
52 121 100
52 121 100
52 121 100
52 121 100
52 121 100
52 121 100
52 121 100
52 121 100
52 121 100
52 121 100
52 121 100
52 121 100
52 121 100
52 121 100
52 121 100
52 121 100
52 121 100
52 121 100
52 121 100
52 121 100
52 121 100
52 121 100
52 121 100
52 121 100
52 121 100
52 121 100
52 121 100
52 121 100
52 120 100
52 120 100
52 120 100
52 120 100
52 120 100
52 120 100
52 120 100
52 120 100
52 120 100
52 120 100
52 120 100
52 120 100
52 120 100
52 120 100
52 120 100
52 120 100
52 120 100
52 120 100
52 120 100
52 120 100
52 120 100
52 120 100
52 120 100
52 120 100
52 120 100
52 120 100
52 120 100
52 120 100
52 120 100
52 119 100
52 119 100
52 119 100
52 119 100
52 119 100
52 119 100
52 119 100
52 119 100
52 119 100
52 119 100
52 119 100
52 119 100
52 119 100
52 119 100
52 119 100
52 119 100
52 119 100
52 119 100
52 119 100
52 119 100
52 119 100
52 119 100
52 119 100
52 119 100
52 119 100
52 119 100
52 119 100
52 118 100
52 118 100
52 118 100
52 118 100
52 118 100
52 118 100
52 118 100
52 118 100
52 118 100
52 118 100
52 118 100
52 118 100
52 118 100
52 118 100
52 118 100
52 118 100
52 118 100
52 118 100
52 118 100
52 118 100
52 118 100
52 118 100
52 118 100
52 118 100
52 117 100
52 117 100
52 117 100
52 117 100
52 117 100
52 117 100
52 117 100
52 117 100
52 117 100
52 117 100
52 117 100
52 117 100
52 117 100
52 117 100
52 117 100
52 117 100
52 117 100
52 117 100
52 117 100
52 117 100
52 117 100
52 116 100
52 116 100
52 116 100
52 116 100
52 116 100
52 116 100
52 116 100
52 116 100
52 116 100
52 116 100
52 116 100
52 116 100
52 116 100
52 116 100
52 116 100
52 116 100
52 116 100
52 116 100
52 115 100
52 115 100
52 115 100
52 115 100
52 115 100
52 115 100
52 115 100
52 115 100
52 115 100
52 115 100
52 115 100
52 115 100
52 115 100
52 115 100
52 115 100
52 114 100
52 114 100
52 114 100
52 114 100
52 114 100
52 114 100
52 114 100
52 114 100
52 114 100
52 114 100
52 114 100
52 114 100
52 113 100
52 113 100
52 113 100
52 113 100
52 113 100
52 113 100
52 113 100
52 113 100
52 113 100
52 113 100
52 112 100
52 112 100
52 112 100
52 112 100
52 112 100
52 112 100
52 112 100
52 112 100
52 111 100
52 111 100
52 111 100
52 111 100
52 111 100
52 111 100
52 110 100
52 110 100
52 110 100
52 110 100
52 110 100
52 109 100
52 109 100
52 109 100
52 109 100
52 108 100
52 108 100
52 108 100
52 107 100
52 107 100
52 106 100
52 105 100
52 104 100
52 103 100
52 102 100
# move from (151,140) to (52,102)
151 140 100
150 140 100
149 140 100
148 140 100
147 140 100
146 140 100
145 140 100
144 140 100
143 140 100
142 140 100
141 140 100
140 140 100
139 140 100
138 140 100
138 140 100
137 140 100
137 140 100
136 140 100
136 140 100
136 140 100
135 140 100
135 140 100
135 140 100
135 140 100
135 140 100
134 140 100
134 140 100
134 140 100
134 140 100
134 140 100
134 140 100
133 140 100
133 140 100
133 140 100
133 140 100
133 140 100
133 140 100
133 140 100
133 140 100
132 140 100
132 140 100
132 140 100
132 140 100
132 140 100
132 140 100
132 140 100
132 140 100
132 140 100
131 140 100
131 140 100
131 140 100
131 140 100
131 140 100
131 140 100
131 140 100
131 140 100
131 140 100
131 140 100
130 140 100
130 140 100
130 140 100
130 140 100
130 140 100
130 140 100
130 140 100
130 140 100
130 140 100
130 140 100
130 140 100
129 140 100
129 140 100
129 140 100
129 140 100
129 140 100
129 140 100
129 140 100
129 140 100
129 140 100
129 140 100
129 140 100
129 140 100
128 140 100
128 140 100
128 140 100
128 140 100
128 140 100
128 140 100
128 140 100
128 140 100
128 140 100
128 140 100
128 140 100
128 140 100
127 140 100
127 140 100
127 140 100
127 140 100
127 140 100
127 140 100
127 140 100
127 140 100
127 140 100
127 140 100
127 140 100
127 140 100
126 140 100
126 140 100
126 140 100
126 140 100
126 140 100
126 140 100
126 140 100
126 140 100
126 140 100
126 140 100
126 140 100
126 140 100
125 140 100
125 140 100
125 140 100
125 140 100
125 140 100
125 140 100
125 140 100
125 140 100
125 140 100
125 140 100
125 140 100
124 140 100
124 140 100
124 140 100
124 140 100
124 140 100
124 140 100
124 140 100
124 140 100
124 140 100
124 140 100
123 140 100
123 140 100
123 140 100
123 140 100
123 140 100
123 140 100
123 140 100
123 140 100
123 140 100
122 140 100
122 140 100
122 140 100
122 140 100
122 140 100
122 140 100
122 140 100
122 140 100
121 140 100
121 140 100
121 140 100
121 140 100
121 140 100
121 140 100
121 140 100
120 140 100
120 140 100
120 140 100
120 140 100
120 140 100
120 140 100
120 140 100
119 140 100
119 140 100
119 140 100
119 140 100
119 140 100
119 140 100
119 140 100
118 140 100
118 140 100
118 140 100
118 140 100
118 140 100
118 140 100
118 140 100
118 140 100
117 140 100
117 140 100
117 140 100
117 140 100
117 140 100
117 140 100
117 140 100
117 140 100
117 140 100
116 140 100
116 140 100
116 140 100
116 140 100
116 140 100
116 140 100
116 140 100
116 140 100
116 140 100
116 140 100
116 140 100
115 140 100
115 140 100
115 140 100
115 140 100
115 140 100
115 140 100
115 140 100
115 140 100
115 140 100
115 140 100
115 140 100
115 140 100
115 140 100
114 140 100
114 140 100
114 140 100
114 140 100
114 140 100
114 140 100
114 140 100
114 140 100
114 140 100
114 140 100
114 140 100
114 140 100
114 140 100
114 140 100
114 140 100
113 140 100
113 140 100
113 140 100
113 140 100
113 140 100
113 140 100
113 140 100
113 140 100
113 140 100
113 140 100
113 140 100
113 140 100
113 140 100
113 140 100
113 140 100
113 140 100
113 140 100
112 140 100
112 140 100
112 140 100
112 140 100
112 140 100
112 140 100
112 140 100
112 140 100
112 140 100
112 140 100
112 140 100
112 140 100
112 140 100
112 140 100
112 140 100
112 140 100
112 140 100
112 140 100
112 140 100
111 140 100
111 140 100
111 140 100
111 140 100
111 140 100
111 140 100
111 140 100
111 140 100
111 140 100
111 140 100
111 140 100
111 140 100
111 140 100
111 140 100
111 140 100
111 140 100
111 140 100
111 140 100
111 140 100
111 140 100
111 140 100
110 140 100
110 140 100
110 140 100
110 140 100
110 140 100
110 140 100
110 140 100
110 140 100
110 140 100
110 140 100
110 140 100
110 140 100
110 140 100
110 140 100
110 140 100
110 140 100
110 140 100
110 140 100
110 140 100
110 140 100
110 140 100
109 140 100
109 140 100
109 140 100
109 140 100
109 140 100
109 140 100
109 140 100
109 140 100
109 140 100
109 140 100
109 140 100
109 140 100
109 140 100
109 140 100
109 140 100
109 140 100
109 140 100
109 140 100
109 140 100
109 140 100
109 140 100
108 140 100
108 140 100
108 140 100
108 140 100
108 140 100
108 140 100
108 140 100
108 140 100
108 140 100
108 140 100
108 140 100
108 140 100
108 140 100
108 140 100
108 140 100
108 140 100
108 140 100
108 140 100
108 140 100
108 140 100
107 140 100
107 140 100
107 140 100
107 140 100
107 140 100
107 140 100
107 140 100
107 140 100
107 140 100
107 140 100
107 140 100
107 140 100
107 140 100
107 140 100
107 140 100
107 140 100
107 140 100
107 140 100
106 140 100
106 140 100
106 140 100
106 140 100
106 140 100
106 140 100
106 140 100
106 140 100
106 140 100
106 140 100
106 140 100
106 140 100
106 140 100
106 140 100
106 140 100
106 140 100
105 140 100
105 140 100
105 140 100
105 140 100
105 140 100
105 140 100
105 140 100
105 140 100
105 140 100
105 140 100
105 140 100
105 140 100
105 140 100
104 140 100
104 140 100
104 140 100
104 140 100
104 140 100
104 140 100
104 140 100
104 140 100
104 140 100
104 140 100
103 140 100
103 140 100
103 140 100
103 140 100
103 140 100
103 140 100
103 140 100
102 140 100
102 140 100
102 140 100
102 140 100
102 140 100
101 140 100
101 140 100
101 140 100
100 140 100
100 140 100
99 140 100
99 140 100
98 140 100
97 140 100
96 140 100
95 140 100
94 140 100
93 140 100
92 140 100
91 140 100
90 140 100
90 140 100
89 140 100
89 140 100
88 140 100
88 140 100
88 140 100
87 140 100
87 140 100
87 140 100
87 140 100
86 140 100
86 140 100
86 140 100
86 140 100
86 140 100
85 140 100
85 140 100
85 140 100
85 140 100
85 140 100
85 140 100
84 140 100
84 140 100
84 140 100
84 140 100
84 140 100
84 140 100
83 140 100
83 140 100
83 140 100
83 140 100
83 140 100
83 140 100
82 140 100
82 140 100
82 140 100
82 140 100
82 140 100
82 140 100
81 140 100
81 140 100
81 140 100
81 140 100
81 140 100
80 140 100
80 140 100
80 140 100
80 140 100
79 140 100
79 140 100
79 140 100
78 140 100
78 140 100
78 140 100
77 140 100
77 140 100
76 140 100
76 140 100
75 140 100
75 140 100
74 140 100
73 140 100
72 140 100
71 140 100
70 140 100
69 140 100
68 140 100
67 140 100
66 140 100
65 140 100
64 140 100
63 140 100
62 140 100
61 140 100
60 140 100
59 140 100
58 140 100
58 140 100
57 140 100
57 140 100
56 140 100
56 140 100
55 140 100
55 140 100
54 140 100
53 140 100
# move from (78,82) to (52,102)
78 82 100
77 82 100
76 82 100
75 82 100
74 82 100
73 82 100
72 82 100
71 82 100
70 82 100
69 82 100
68 82 100
67 82 100
67 82 100
66 82 100
66 82 100
66 82 100
65 82 100
65 82 100
65 82 100
64 82 100
64 82 100
64 82 100
64 82 100
63 82 100
63 82 100
63 82 100
63 82 100
63 82 100
62 82 100
62 82 100
62 82 100
62 82 100
62 82 100
62 82 100
61 82 100
61 82 100
61 82 100
61 82 100
61 82 100
61 82 100
61 82 100
60 82 100
60 82 100
60 82 100
60 82 100
60 82 100
60 82 100
60 82 100
60 82 100
59 82 100
59 82 100
59 82 100
59 82 100
59 82 100
59 82 100
59 82 100
59 82 100
59 82 100
58 82 100
58 82 100
58 82 100
58 82 100
58 82 100
58 82 100
58 82 100
58 82 100
58 82 100
57 82 100
57 82 100
57 82 100
57 82 100
57 82 100
57 82 100
57 82 100
57 82 100
57 82 100
56 82 100
56 82 100
56 82 100
56 82 100
56 82 100
56 82 100
56 82 100
56 82 100
55 82 100
55 82 100
55 82 100
55 82 100
55 82 100
55 82 100
55 82 100
55 82 100
54 82 100
54 82 100
54 82 100
54 82 100
54 82 100
54 82 100
54 82 100
53 82 100
53 82 100
53 82 100
53 82 100
53 82 100
53 82 100
52 82 100
52 82 100
52 82 100
52 82 100
52 82 100
52 82 100
52 83 100
52 83 100
52 83 100
52 83 100
52 83 100
52 84 100
52 84 100
52 84 100
52 84 100
52 85 100
52 85 100
52 85 100
52 86 100
52 86 100
52 86 100
52 87 100
52 87 100
52 88 100
52 88 100
52 89 100
52 90 100
52 91 100
52 92 100
52 93 100
52 94 100
52 95 100
52 96 100
52 97 100
52 98 100
52 99 100
52 100 100
52 101 100
# move from (46,151) to (52,102)
46 151 100
47 151 100
48 151 100
49 151 100
50 151 100
51 151 100
# move from (22,179) to (52,102)
22 179 100
23 179 100
24 179 100
25 179 100
26 179 100
27 179 100
28 179 100
29 179 100
29 179 100
30 179 100
30 179 100
30 179 100
31 179 100
31 179 100
31 179 100
31 179 100
32 179 100
32 179 100
32 179 100
32 179 100
32 179 100
32 179 100
32 179 100
33 179 100
33 179 100
33 179 100
33 179 100
33 179 100
33 179 100
33 179 100
33 179 100
33 179 100
33 179 100
34 179 100
34 179 100
34 179 100
34 179 100
34 179 100
34 179 100
34 179 100
34 179 100
34 179 100
34 179 100
34 179 100
34 179 100
34 179 100
34 179 100
35 179 100
35 179 100
35 179 100
35 179 100
35 179 100
35 179 100
35 179 100
35 179 100
35 179 100
35 179 100
35 179 100
35 179 100
35 179 100
35 179 100
35 179 100
35 179 100
35 179 100
36 179 100
36 179 100
36 179 100
36 179 100
36 179 100
36 179 100
36 179 100
36 179 100
36 179 100
36 179 100
36 179 100
36 179 100
36 179 100
36 179 100
36 179 100
36 179 100
36 179 100
36 179 100
36 179 100
37 179 100
37 179 100
37 179 100
37 179 100
37 179 100
37 179 100
37 179 100
37 179 100
37 179 100
37 179 100
37 179 100
37 179 100
37 179 100
37 179 100
37 179 100
37 179 100
37 179 100
37 179 100
37 179 100
37 179 100
37 179 100
38 179 100
38 179 100
38 179 100
38 179 100
38 179 100
38 179 100
38 179 100
38 179 100
38 179 100
38 179 100
38 179 100
38 179 100
38 179 100
38 179 100
38 179 100
38 179 100
38 179 100
38 179 100
38 179 100
38 179 100
38 179 100
38 179 100
38 179 100
39 179 100
39 179 100
39 179 100
39 179 100
39 179 100
39 179 100
39 179 100
39 179 100
39 179 100
39 179 100
39 179 100
39 179 100
39 179 100
39 179 100
39 179 100
39 179 100
39 179 100
39 179 100
39 179 100
39 179 100
39 179 100
39 179 100
39 179 100
39 179 100
40 179 100
40 179 100
40 179 100
40 179 100
40 179 100
40 179 100
40 179 100
40 179 100
40 179 100
40 179 100
40 179 100
40 179 100
40 179 100
40 179 100
40 179 100
40 179 100
40 179 100
40 179 100
40 179 100
40 179 100
40 179 100
40 179 100
40 179 100
40 179 100
40 179 100
41 179 100
41 179 100
41 179 100
41 179 100
41 179 100
41 179 100
41 179 100
41 179 100
41 179 100
41 179 100
41 179 100
41 179 100
41 179 100
41 179 100
41 179 100
41 179 100
41 179 100
41 179 100
41 179 100
41 179 100
41 179 100
41 179 100
41 179 100
41 179 100
41 179 100
42 179 100
42 179 100
42 179 100
42 179 100
42 179 100
42 179 100
42 179 100
42 179 100
42 179 100
42 179 100
42 179 100
42 179 100
42 179 100
42 179 100
42 179 100
42 179 100
42 179 100
42 179 100
42 179 100
42 179 100
42 179 100
42 179 100
42 179 100
42 179 100
42 179 100
43 179 100
43 179 100
43 179 100
43 179 100
43 179 100
43 179 100
43 179 100
43 179 100
43 179 100
43 179 100
43 179 100
43 179 100
43 179 100
43 179 100
43 179 100
43 179 100
43 179 100
43 179 100
43 179 100
43 179 100
43 179 100
43 179 100
43 179 100
43 179 100
44 179 100
44 179 100
44 179 100
44 179 100
44 179 100
44 179 100
44 179 100
44 179 100
44 179 100
44 179 100
44 179 100
44 179 100
44 179 100
44 179 100
44 179 100
44 179 100
44 179 100
44 179 100
44 179 100
44 179 100
44 179 100
44 179 100
44 179 100
45 179 100
45 179 100
45 179 100
45 179 100
45 179 100
45 179 100
45 179 100
45 179 100
45 179 100
45 179 100
45 179 100
45 179 100
45 179 100
45 179 100
45 179 100
45 179 100
45 179 100
45 179 100
45 179 100
45 179 100
46 179 100
46 179 100
46 179 100
46 179 100
46 179 100
46 179 100
46 179 100
46 179 100
46 179 100
46 179 100
46 179 100
46 179 100
46 179 100
46 179 100
46 179 100
46 179 100
46 179 100
46 179 100
47 179 100
47 179 100
47 179 100
47 179 100
47 179 100
47 179 100
47 179 100
47 179 100
47 179 100
47 179 100
47 179 100
47 179 100
47 179 100
47 179 100
48 179 100
48 179 100
48 179 100
48 179 100
48 179 100
48 179 100
48 179 100
48 179 100
48 179 100
48 179 100
48 179 100
48 179 100
49 179 100
49 179 100
49 179 100
49 179 100
49 179 100
49 179 100
49 179 100
49 179 100
49 179 100
50 179 100
50 179 100
50 179 100
50 179 100
50 179 100
50 179 100
50 179 100
50 179 100
51 179 100
51 179 100
51 179 100
51 179 100
51 179 100
51 179 100
52 179 100
52 179 100
52 179 100
52 179 100
52 179 100
52 178 100
52 178 100
52 178 100
52 178 100
52 178 100
# move from (160,47) to (52,102)
160 47 100
159 47 100
158 47 100
157 47 100
156 47 100
155 47 100
154 47 100
153 47 100
152 47 100
151 47 100
150 47 100
149 47 100
149 47 100
148 47 100
148 47 100
147 47 100
147 47 100
147 47 100
146 47 100
146 47 100
146 47 100
146 47 100
145 47 100
145 47 100
145 47 100
145 47 100
145 47 100
144 47 100
144 47 100
144 47 100
144 47 100
144 47 100
144 47 100
143 47 100
143 47 100
143 47 100
143 47 100
143 47 100
143 47 100
143 47 100
143 47 100
142 47 100
142 47 100
142 47 100
142 47 100
142 47 100
142 47 100
142 47 100
142 47 100
142 47 100
141 47 100
141 47 100
141 47 100
141 47 100
141 47 100
141 47 100
141 47 100
141 47 100
141 47 100
141 47 100
140 47 100
140 47 100
140 47 100
140 47 100
140 47 100
140 47 100
140 47 100
140 47 100
140 47 100
140 47 100
139 47 100
139 47 100
139 47 100
139 47 100
139 47 100
139 47 100
139 47 100
139 47 100
139 47 100
139 47 100
138 47 100
138 47 100
138 47 100
138 47 100
138 47 100
138 47 100
138 47 100
138 47 100
138 47 100
138 47 100
137 47 100
137 47 100
137 47 100
137 47 100
137 47 100
137 47 100
137 47 100
137 47 100
137 47 100
137 47 100
136 47 100
136 47 100
136 47 100
136 47 100
136 47 100
136 47 100
136 47 100
136 47 100
136 47 100
135 47 100
135 47 100
135 47 100
135 47 100
135 47 100
135 47 100
135 47 100
135 47 100
134 47 100
134 47 100
134 47 100
134 47 100
134 47 100
134 47 100
134 47 100
134 47 100
133 47 100
133 47 100
133 47 100
133 47 100
133 47 100
133 47 100
133 47 100
132 47 100
132 47 100
132 47 100
132 47 100
132 47 100
132 47 100
132 47 100
131 47 100
131 47 100
131 47 100
131 47 100
131 47 100
131 47 100
130 47 100
130 47 100
130 47 100
130 47 100
130 47 100
130 47 100
129 47 100
129 47 100
129 47 100
129 47 100
129 47 100
129 47 100
128 47 100
128 47 100
128 47 100
128 47 100
128 47 100
128 47 100
127 47 100
127 47 100
127 47 100
127 47 100
127 47 100
127 47 100
126 47 100
126 47 100
126 47 100
126 47 100
126 47 100
126 47 100
126 47 100
125 47 100
125 47 100
125 47 100
125 47 100
125 47 100
125 47 100
125 47 100
124 47 100
124 47 100
124 47 100
124 47 100
124 47 100
124 47 100
124 47 100
124 47 100
123 47 100
123 47 100
123 47 100
123 47 100
123 47 100
123 47 100
123 47 100
123 47 100
122 47 100
122 47 100
122 47 100
122 47 100
122 47 100
122 47 100
122 47 100
122 47 100
122 47 100
121 47 100
121 47 100
121 47 100
121 47 100
121 47 100
121 47 100
121 47 100
121 47 100
121 47 100
120 47 100
120 47 100
120 47 100
120 47 100
120 47 100
120 47 100
120 47 100
120 47 100
120 47 100
119 47 100
119 47 100
119 47 100
119 47 100
119 47 100
119 47 100
119 47 100
119 47 100
119 47 100
118 47 100
118 47 100
118 47 100
118 47 100
118 47 100
118 47 100
118 47 100
118 47 100
117 47 100
117 47 100
117 47 100
117 47 100
117 47 100
117 47 100
117 47 100
117 47 100
116 47 100
116 47 100
116 47 100
116 47 100
116 47 100
116 47 100
116 47 100
115 47 100
115 47 100
115 47 100
115 47 100
115 47 100
115 47 100
115 47 100
114 47 100
114 47 100
114 47 100
114 47 100
114 47 100
114 47 100
113 47 100
113 47 100
113 47 100
113 47 100
113 47 100
113 47 100
112 47 100
112 47 100
112 47 100
112 47 100
112 47 100
112 47 100
111 47 100
111 47 100
111 47 100
111 47 100
111 47 100
110 47 100
110 47 100
110 47 100
110 47 100
110 47 100
109 47 100
109 47 100
109 47 100
109 47 100
109 47 100
108 47 100
108 47 100
108 47 100
108 47 100
107 47 100
107 47 100
107 47 100
106 47 100
106 47 100
106 47 100
105 47 100
105 47 100
104 47 100
104 47 100
103 47 100
102 47 100
101 47 100
100 47 100
99 47 100
98 47 100
97 47 100
96 47 100
95 47 100
94 47 100
93 47 100
93 47 100
92 47 100
92 47 100
91 47 100
91 47 100
91 47 100
90 47 100
90 47 100
90 47 100
90 47 100
89 47 100
89 47 100
89 47 100
89 47 100
89 47 100
88 47 100
88 47 100
88 47 100
88 47 100
88 47 100
88 47 100
87 47 100
87 47 100
87 47 100
87 47 100
87 47 100
87 47 100
87 47 100
86 47 100
86 47 100
86 47 100
86 47 100
86 47 100
86 47 100
86 47 100
86 47 100
85 47 100
85 47 100
85 47 100
85 47 100
85 47 100
85 47 100
85 47 100
85 47 100
85 47 100
85 47 100
84 47 100
84 47 100
84 47 100
84 47 100
84 47 100
84 47 100
84 47 100
84 47 100
84 47 100
84 47 100
84 47 100
84 47 100
83 47 100
83 47 100
83 47 100
83 47 100
83 47 100
83 47 100
83 47 100
83 47 100
83 47 100
83 47 100
83 47 100
83 47 100
83 47 100
83 47 100
83 47 100
82 47 100
82 47 100
82 47 100
82 47 100
82 47 100
82 47 100
82 47 100
82 47 100
82 47 100
82 47 100
82 47 100
82 47 100
82 47 100
82 47 100
82 47 100
82 47 100
82 47 100
82 47 100
82 47 100
81 47 100
81 47 100
81 47 100
81 47 100
81 47 100
81 47 100
81 47 100
81 47 100
81 47 100
81 47 100
81 47 100
81 47 100
81 47 100
81 47 100
81 47 100
81 47 100
81 47 100
81 47 100
81 47 100
81 47 100
81 47 100
81 47 100
81 47 100
80 47 100
80 47 100
80 47 100
80 47 100
80 47 100
80 47 100
80 47 100
80 47 100
80 47 100
80 47 100
80 47 100
80 47 100
80 47 100
80 47 100
80 47 100
80 47 100
80 47 100
80 47 100
80 47 100
80 47 100
80 47 100
80 47 100
80 47 100
80 47 100
80 47 100
80 47 100
80 47 100
79 47 100
79 47 100
79 47 100
79 47 100
79 47 100
79 47 100
79 47 100
79 47 100
79 47 100
79 47 100
79 47 100
79 47 100
79 47 100
79 47 100
79 47 100
79 47 100
79 47 100
79 47 100
79 47 100
79 47 100
79 47 100
79 47 100
79 47 100
79 47 100
79 47 100
79 47 100
79 47 100
79 47 100
79 47 100
79 47 100
78 47 100
78 47 100
78 47 100
78 47 100
78 47 100
78 47 100
78 47 100
78 47 100
78 47 100
78 47 100
78 47 100
78 47 100
78 47 100
78 47 100
78 47 100
78 47 100
78 47 100
78 47 100
78 47 100
78 47 100
78 47 100
78 47 100
78 47 100
78 47 100
78 47 100
78 47 100
78 47 100
78 47 100
78 47 100
78 47 100
78 47 100
78 47 100
78 47 100
78 47 100
77 47 100
77 47 100
77 47 100
77 47 100
77 47 100
77 47 100
77 47 100
77 47 100
77 47 100
77 47 100
77 47 100
77 47 100
77 47 100
77 47 100
77 47 100
77 47 100
77 47 100
77 47 100
77 47 100
77 47 100
77 47 100
77 47 100
77 47 100
77 47 100
77 47 100
77 47 100
77 47 100
77 47 100
77 47 100
77 47 100
77 47 100
77 47 100
77 47 100
77 47 100
77 47 100
77 47 100
76 47 100
76 47 100
76 47 100
76 47 100
76 47 100
76 47 100
76 47 100
76 47 100
76 47 100
76 47 100
76 47 100
76 47 100
76 47 100
76 47 100
76 47 100
76 47 100
76 47 100
76 47 100
76 47 100
76 47 100
76 47 100
76 47 100
76 47 100
76 47 100
76 47 100
76 47 100
76 47 100
76 47 100
76 47 100
76 47 100
76 47 100
76 47 100
76 47 100
76 47 100
76 47 100
76 47 100
76 47 100
76 47 100
75 47 100
75 47 100
75 47 100
75 47 100
75 47 100
75 47 100
75 47 100
75 47 100
75 47 100
75 47 100
75 47 100
75 47 100
75 47 100
75 47 100
75 47 100
75 47 100
75 47 100
75 47 100
75 47 100
75 47 100
75 47 100
75 47 100
75 47 100
75 47 100
75 47 100
75 47 100
75 47 100
75 47 100
75 47 100
75 47 100
75 47 100
75 47 100
75 47 100
75 47 100
75 47 100
75 47 100
75 47 100
75 47 100
75 47 100
74 47 100
74 47 100
74 47 100
74 47 100
74 47 100
74 47 100
74 47 100
74 47 100
74 47 100
74 47 100
74 47 100
74 47 100
74 47 100
74 47 100
74 47 100
74 47 100
74 47 100
74 47 100
74 47 100
74 47 100
74 47 100
74 47 100
74 47 100
74 47 100
74 47 100
74 47 100
74 47 100
74 47 100
74 47 100
74 47 100
74 47 100
74 47 100
74 47 100
74 47 100
74 47 100
74 47 100
74 47 100
74 47 100
74 47 100
74 47 100
73 47 100
73 47 100
73 47 100
73 47 100
73 47 100
73 47 100
73 47 100
73 47 100
73 47 100
73 47 100
73 47 100
73 47 100
73 47 100
73 47 100
73 47 100
73 47 100
73 47 100
73 47 100
73 47 100
73 47 100
73 47 100
73 47 100
73 47 100
73 47 100
73 47 100
73 47 100
73 47 100
73 47 100
73 47 100
73 47 100
73 47 100
73 47 100
73 47 100
73 47 100
73 47 100
73 47 100
73 47 100
73 47 100
73 47 100
73 47 100
72 47 100
72 47 100
72 47 100
72 47 100
72 47 100
72 47 100
72 47 100
72 47 100
72 47 100
72 47 100
72 47 100
72 47 100
72 47 100
72 47 100
72 47 100
72 47 100
72 47 100
72 47 100
72 47 100
72 47 100
72 47 100
72 47 100
72 47 100
72 47 100
72 47 100
72 47 100
72 47 100
72 47 100
72 47 100
72 47 100
72 47 100
72 47 100
72 47 100
72 47 100
72 47 100
72 47 100
72 47 100
72 47 100
72 47 100
71 47 100
71 47 100
71 47 100
71 47 100
71 47 100
71 47 100
71 47 100
71 47 100
71 47 100
71 47 100
71 47 100
71 47 100
71 47 100
71 47 100
71 47 100
71 47 100
71 47 100
71 47 100
71 47 100
71 47 100
71 47 100
71 47 100
71 47 100
71 47 100
71 47 100
71 47 100
71 47 100
71 47 100
71 47 100
71 47 100
71 47 100
71 47 100
71 47 100
71 47 100
71 47 100
71 47 100
71 47 100
71 47 100
70 47 100
70 47 100
70 47 100
70 47 100
70 47 100
70 47 100
70 47 100
70 47 100
70 47 100
70 47 100
70 47 100
70 47 100
70 47 100
70 47 100
70 47 100
70 47 100
70 47 100
70 47 100
70 47 100
70 47 100
70 47 100
70 47 100
70 47 100
70 47 100
70 47 100
70 47 100
70 47 100
70 47 100
70 47 100
70 47 100
70 47 100
70 47 100
70 47 100
70 47 100
70 47 100
70 47 100
70 47 100
69 47 100
69 47 100
69 47 100
69 47 100
69 47 100
69 47 100
69 47 100
69 47 100
69 47 100
69 47 100
69 47 100
69 47 100
69 47 100
69 47 100
69 47 100
69 47 100
69 47 100
69 47 100
69 47 100
69 47 100
69 47 100
69 47 100
69 47 100
69 47 100
69 47 100
69 47 100
69 47 100
69 47 100
69 47 100
69 47 100
69 47 100
69 47 100
69 47 100
69 47 100
69 47 100
69 47 100
68 47 100
68 47 100
68 47 100
68 47 100
68 47 100
68 47 100
68 47 100
68 47 100
68 47 100
68 47 100
68 47 100
68 47 100
68 47 100
68 47 100
68 47 100
68 47 100
68 47 100
68 47 100
68 47 100
68 47 100
68 47 100
68 47 100
68 47 100
68 47 100
68 47 100
68 47 100
68 47 100
68 47 100
68 47 100
68 47 100
68 47 100
68 47 100
68 47 100
68 47 100
67 47 100
67 47 100
67 47 100
67 47 100
67 47 100
67 47 100
67 47 100
67 47 100
67 47 100
67 47 100
67 47 100
67 47 100
67 47 100
67 47 100
67 47 100
67 47 100
67 47 100
67 47 100
67 47 100
67 47 100
67 47 100
67 47 100
67 47 100
67 47 100
67 47 100
67 47 100
67 47 100
67 47 100
67 47 100
67 47 100
67 47 100
67 47 100
66 47 100
66 47 100
66 47 100
66 47 100
66 47 100
66 47 100
66 47 100
66 47 100
66 47 100
66 47 100
66 47 100
66 47 100
66 47 100
66 47 100
66 47 100
66 47 100
66 47 100
66 47 100
66 47 100
66 47 100
66 47 100
66 47 100
66 47 100
66 47 100
66 47 100
66 47 100
66 47 100
66 47 100
66 47 100
66 47 100
66 47 100
65 47 100
65 47 100
65 47 100
65 47 100
65 47 100
65 47 100
65 47 100
65 47 100
65 47 100
65 47 100
65 47 100
65 47 100
65 47 100
65 47 100
65 47 100
65 47 100
65 47 100
65 47 100
65 47 100
65 47 100
65 47 100
65 47 100
65 47 100
65 47 100
65 47 100
65 47 100
65 47 100
65 47 100
65 47 100
65 47 100
64 47 100
64 47 100
64 47 100
64 47 100
64 47 100
64 47 100
64 47 100
64 47 100
64 47 100
64 47 100
64 47 100
64 47 100
64 47 100
64 47 100
64 47 100
64 47 100
64 47 100
64 47 100
64 47 100
64 47 100
64 47 100
64 47 100
64 47 100
64 47 100
64 47 100
64 47 100
64 47 100
64 47 100
64 47 100
64 47 100
63 47 100
63 47 100
63 47 100
63 47 100
63 47 100
63 47 100
63 47 100
63 47 100
63 47 100
63 47 100
63 47 100
63 47 100
63 47 100
63 47 100
63 47 100
63 47 100
63 47 100
63 47 100
63 47 100
63 47 100
63 47 100
63 47 100
63 47 100
63 47 100
63 47 100
63 47 100
63 47 100
63 47 100
63 47 100
63 47 100
62 47 100
62 47 100
62 47 100
62 47 100
62 47 100
62 47 100
62 47 100
62 47 100
62 47 100
62 47 100
62 47 100
62 47 100
62 47 100
62 47 100
62 47 100
62 47 100
62 47 100
62 47 100
62 47 100
62 47 100
62 47 100
62 47 100
62 47 100
62 47 100
62 47 100
62 47 100
62 47 100
62 47 100
62 47 100
62 47 100
62 47 100
61 47 100
61 47 100
61 47 100
61 47 100
61 47 100
61 47 100
61 47 100
61 47 100
61 47 100
61 47 100
61 47 100
61 47 100
61 47 100
61 47 100
61 47 100
61 47 100
61 47 100
61 47 100
61 47 100
61 47 100
61 47 100
61 47 100
61 47 100
61 47 100
61 47 100
61 47 100
61 47 100
61 47 100
61 47 100
61 47 100
61 47 100
61 47 100
60 47 100
60 47 100
60 47 100
60 47 100
60 47 100
60 47 100
60 47 100
60 47 100
60 47 100
60 47 100
60 47 100
60 47 100
60 47 100
60 47 100
60 47 100
60 47 100
60 47 100
60 47 100
60 47 100
60 47 100
60 47 100
60 47 100
60 47 100
60 47 100
60 47 100
60 47 100
60 47 100
60 47 100
60 47 100
60 47 100
60 47 100
60 47 100
60 47 100
59 47 100
59 47 100
59 47 100
59 47 100
59 47 100
59 47 100
59 47 100
59 47 100
59 47 100
59 47 100
59 47 100
59 47 100
59 47 100
59 47 100
59 47 100
59 47 100
59 47 100
59 47 100
59 47 100
59 47 100
59 47 100
59 47 100
59 47 100
59 47 100
59 47 100
59 47 100
59 47 100
59 47 100
59 47 100
59 47 100
59 47 100
59 47 100
59 47 100
59 47 100
58 47 100
58 47 100
58 47 100
58 47 100
58 47 100
58 47 100
58 47 100
58 47 100
58 47 100
58 47 100
58 47 100
58 47 100
58 47 100
58 47 100
58 47 100
58 47 100
58 47 100
58 47 100
58 47 100
58 47 100
58 47 100
58 47 100
58 47 100
58 47 100
58 47 100
58 47 100
58 47 100
58 47 100
58 47 100
58 47 100
58 47 100
58 47 100
58 47 100
58 47 100
57 47 100
57 47 100
57 47 100
57 47 100
57 47 100
57 47 100
57 47 100
57 47 100
57 47 100
57 47 100
57 47 100
57 47 100
57 47 100
57 47 100
57 47 100
57 47 100
57 47 100
57 47 100
57 47 100
57 47 100
57 47 100
57 47 100
57 47 100
57 47 100
57 47 100
57 47 100
57 47 100
57 47 100
57 47 100
57 47 100
57 47 100
57 47 100
57 47 100
57 47 100
56 47 100
56 47 100
56 47 100
56 47 100
56 47 100
56 47 100
56 47 100
56 47 100
56 47 100
56 47 100
56 47 100
56 47 100
56 47 100
56 47 100
56 47 100
56 47 100
56 47 100
56 47 100
56 47 100
56 47 100
56 47 100
56 47 100
56 47 100
56 47 100
56 47 100
56 47 100
56 47 100
56 47 100
56 47 100
56 47 100
56 47 100
56 47 100
56 47 100
56 47 100
55 47 100
55 47 100
55 47 100
55 47 100
55 47 100
55 47 100
55 47 100
55 47 100
55 47 100
55 47 100
55 47 100
55 47 100
55 47 100
55 47 100
55 47 100
55 47 100
55 47 100
55 47 100
55 47 100
55 47 100
55 47 100
55 47 100
55 47 100
55 47 100
55 47 100
55 47 100
55 47 100
55 47 100
55 47 100
55 47 100
55 47 100
55 47 100
55 47 100
54 47 100
54 47 100
54 47 100
54 47 100
54 47 100
54 47 100
54 47 100
54 47 100
54 47 100
54 47 100
54 47 100
54 47 100
54 47 100
54 47 100
54 47 100
54 47 100
54 47 100
54 47 100
54 47 100
54 47 100
54 47 100
54 47 100
54 47 100
54 47 100
54 47 100
54 47 100
54 47 100
54 47 100
54 47 100
54 47 100
54 47 100
54 47 100
54 47 100
53 47 100
53 47 100
53 47 100
53 47 100
53 47 100
53 47 100
53 47 100
53 47 100
53 47 100
53 47 100
53 47 100
53 47 100
53 47 100
53 47 100
53 47 100
53 47 100
53 47 100
53 47 100
53 47 100
53 47 100
53 47 100
53 47 100
53 47 100
53 47 100
53 47 100
53 47 100
53 47 100
53 47 100
53 47 100
53 47 100
53 47 100
52 47 100
52 47 100
52 47 100
52 47 100
52 47 100
52 47 100
52 47 100
52 47 100
52 47 100
52 47 100
52 47 100
52 47 100
52 47 100
52 47 100
52 47 100
52 47 100
52 47 100
52 47 100
52 47 100
52 47 100
52 47 100
52 47 100
52 47 100
52 47 100
52 47 100
52 47 100
52 47 100
52 47 100
52 47 100
52 48 100
52 48 100
52 48 100
52 48 100
52 48 100
52 48 100
52 48 100
52 48 100
52 48 100
52 48 100
52 48 100
52 48 100
52 48 100
52 48 100
52 48 100
52 48 100
52 48 100
52 48 100
52 48 100
52 48 100
52 48 100
52 48 100
52 48 100
52 48 100
52 48 100
52 48 100
52 48 100
52 48 100
52 48 100
52 48 100
52 48 100
52 48 100
52 49 100
52 49 100
52 49 100
52 49 100
52 49 100
52 49 100
52 49 100
52 49 100
52 49 100
52 49 100
52 49 100
52 49 100
52 49 100
52 49 100
52 49 100
52 49 100
52 49 100
52 49 100
52 49 100
52 49 100
52 49 100
52 49 100
52 49 100
52 49 100
52 49 100
52 49 100
52 49 100
52 49 100
52 49 100
52 49 100
52 49 100
52 49 100
52 49 100
52 49 100
52 49 100
52 50 100
52 50 100
52 50 100
52 50 100
52 50 100
52 50 100
52 50 100
52 50 100
52 50 100
52 50 100
52 50 100
52 50 100
52 50 100
52 50 100
52 50 100
52 50 100
52 50 100
52 50 100
52 50 100
52 50 100
52 50 100
52 50 100
52 50 100
52 50 100
52 50 100
52 50 100
52 50 100
52 50 100
52 50 100
52 50 100
52 50 100
52 50 100
52 50 100
52 50 100
52 50 100
52 50 100
52 51 100
52 51 100
52 51 100
52 51 100
52 51 100
52 51 100
52 51 100
52 51 100
52 51 100
52 51 100
52 51 100
52 51 100
52 51 100
52 51 100
52 51 100
52 51 100
52 51 100
52 51 100
52 51 100
52 51 100
52 51 100
52 51 100
52 51 100
52 51 100
52 51 100
52 51 100
52 51 100
52 51 100
52 51 100
52 51 100
52 51 100
52 51 100
52 51 100
52 51 100
52 51 100
52 51 100
52 51 100
52 52 100
52 52 100
52 52 100
52 52 100
52 52 100
52 52 100
52 52 100
52 52 100
52 52 100
52 52 100
52 52 100
52 52 100
52 52 100
52 52 100
52 52 100
52 52 100
52 52 100
52 52 100
52 52 100
52 52 100
52 52 100
52 52 100
52 52 100
52 52 100
52 52 100
52 52 100
52 52 100
52 52 100
52 52 100
52 52 100
52 52 100
52 52 100
52 52 100
52 52 100
52 52 100
52 52 100
52 52 100
52 52 100
52 53 100
52 53 100
52 53 100
52 53 100
52 53 100
52 53 100
52 53 100
52 53 100
52 53 100
52 53 100
52 53 100
52 53 100
52 53 100
52 53 100
52 53 100
52 53 100
52 53 100
52 53 100
52 53 100
52 53 100
52 53 100
52 53 100
52 53 100
52 53 100
52 53 100
52 53 100
52 53 100
52 53 100
52 53 100
52 53 100
52 53 100
52 53 100
52 53 100
52 53 100
52 53 100
52 53 100
52 53 100
52 53 100
52 54 100
52 54 100
52 54 100
52 54 100
52 54 100
52 54 100
52 54 100
52 54 100
52 54 100
52 54 100
52 54 100
52 54 100
52 54 100
52 54 100
52 54 100
52 54 100
52 54 100
52 54 100
52 54 100
52 54 100
52 54 100
52 54 100
52 54 100
52 54 100
52 54 100
52 54 100
52 54 100
52 54 100
52 54 100
52 54 100
52 54 100
52 54 100
52 54 100
52 54 100
52 54 100
52 54 100
52 54 100
52 54 100
52 55 100
52 55 100
52 55 100
52 55 100
52 55 100
52 55 100
52 55 100
52 55 100
52 55 100
52 55 100
52 55 100
52 55 100
52 55 100
52 55 100
52 55 100
52 55 100
52 55 100
52 55 100
52 55 100
52 55 100
52 55 100
52 55 100
52 55 100
52 55 100
52 55 100
52 55 100
52 55 100
52 55 100
52 55 100
52 55 100
52 55 100
52 55 100
52 55 100
52 55 100
52 55 100
52 55 100
52 55 100
52 55 100
52 55 100
52 56 100
52 56 100
52 56 100
52 56 100
52 56 100
52 56 100
52 56 100
52 56 100
52 56 100
52 56 100
52 56 100
52 56 100
52 56 100
52 56 100
52 56 100
52 56 100
52 56 100
52 56 100
52 56 100
52 56 100
52 56 100
52 56 100
52 56 100
52 56 100
52 56 100
52 56 100
52 56 100
52 56 100
52 56 100
52 56 100
52 56 100
52 56 100
52 56 100
52 56 100
52 56 100
52 56 100
52 56 100
52 56 100
52 56 100
52 57 100
52 57 100
52 57 100
52 57 100
52 57 100
52 57 100
52 57 100
52 57 100
52 57 100
52 57 100
52 57 100
52 57 100
52 57 100
52 57 100
52 57 100
52 57 100
52 57 100
52 57 100
52 57 100
52 57 100
52 57 100
52 57 100
52 57 100
52 57 100
52 57 100
52 57 100
52 57 100
52 57 100
52 57 100
52 57 100
52 57 100
52 57 100
52 57 100
52 57 100
52 57 100
52 57 100
52 57 100
52 57 100
52 57 100
52 58 100
52 58 100
52 58 100
52 58 100
52 58 100
52 58 100
52 58 100
52 58 100
52 58 100
52 58 100
52 58 100
52 58 100
52 58 100
52 58 100
52 58 100
52 58 100
52 58 100
52 58 100
52 58 100
52 58 100
52 58 100
52 58 100
52 58 100
52 58 100
52 58 100
52 58 100
52 58 100
52 58 100
52 58 100
52 58 100
52 58 100
52 58 100
52 58 100
52 58 100
52 58 100
52 58 100
52 58 100
52 58 100
52 58 100
52 59 100
52 59 100
52 59 100
52 59 100
52 59 100
52 59 100
52 59 100
52 59 100
52 59 100
52 59 100
52 59 100
52 59 100
52 59 100
52 59 100
52 59 100
52 59 100
52 59 100
52 59 100
52 59 100
52 59 100
52 59 100
52 59 100
52 59 100
52 59 100
52 59 100
52 59 100
52 59 100
52 59 100
52 59 100
52 59 100
52 59 100
52 59 100
52 59 100
52 59 100
52 59 100
52 59 100
52 59 100
52 59 100
52 59 100
52 59 100
52 60 100
52 60 100
52 60 100
52 60 100
52 60 100
52 60 100
52 60 100
52 60 100
52 60 100
52 60 100
52 60 100
52 60 100
52 60 100
52 60 100
52 60 100
52 60 100
52 60 100
52 60 100
52 60 100
52 60 100
52 60 100
52 60 100
52 60 100
52 60 100
52 60 100
52 60 100
52 60 100
52 60 100
52 60 100
52 60 100
52 60 100
52 60 100
52 60 100
52 60 100
52 60 100
52 60 100
52 60 100
52 60 100
52 60 100
52 60 100
52 61 100
52 61 100
52 61 100
52 61 100
52 61 100
52 61 100
52 61 100
52 61 100
52 61 100
52 61 100
52 61 100
52 61 100
52 61 100
52 61 100
52 61 100
52 61 100
52 61 100
52 61 100
52 61 100
52 61 100
52 61 100
52 61 100
52 61 100
52 61 100
52 61 100
52 61 100
52 61 100
52 61 100
52 61 100
52 61 100
52 61 100
52 61 100
52 61 100
52 61 100
52 61 100
52 61 100
52 61 100
52 61 100
52 61 100
52 61 100
52 62 100
52 62 100
52 62 100
52 62 100
52 62 100
52 62 100
52 62 100
52 62 100
52 62 100
52 62 100
52 62 100
52 62 100
52 62 100
52 62 100
52 62 100
52 62 100
52 62 100
52 62 100
52 62 100
52 62 100
52 62 100
52 62 100
52 62 100
52 62 100
52 62 100
52 62 100
52 62 100
52 62 100
52 62 100
52 62 100
52 62 100
52 62 100
52 62 100
52 62 100
52 62 100
52 62 100
52 62 100
52 62 100
52 62 100
52 62 100
52 62 100
52 63 100
52 63 100
52 63 100
52 63 100
52 63 100
52 63 100
52 63 100
52 63 100
52 63 100
52 63 100
52 63 100
52 63 100
52 63 100
52 63 100
52 63 100
52 63 100
52 63 100
52 63 100
52 63 100
52 63 100
52 63 100
52 63 100
52 63 100
52 63 100
52 63 100
52 63 100
52 63 100
52 63 100
52 63 100
52 63 100
52 63 100
52 63 100
52 63 100
52 63 100
52 63 100
52 63 100
52 63 100
52 63 100
52 63 100
52 63 100
52 63 100
52 64 100
52 64 100
52 64 100
52 64 100
52 64 100
52 64 100
52 64 100
52 64 100
52 64 100
52 64 100
52 64 100
52 64 100
52 64 100
52 64 100
52 64 100
52 64 100
52 64 100
52 64 100
52 64 100
52 64 100
52 64 100
52 64 100
52 64 100
52 64 100
52 64 100
52 64 100
52 64 100
52 64 100
52 64 100
52 64 100
52 64 100
52 64 100
52 64 100
52 64 100
52 64 100
52 64 100
52 64 100
52 64 100
52 64 100
52 64 100
52 64 100
52 65 100
52 65 100
52 65 100
52 65 100
52 65 100
52 65 100
52 65 100
52 65 100
52 65 100
52 65 100
52 65 100
52 65 100
52 65 100
52 65 100
52 65 100
52 65 100
52 65 100
52 65 100
52 65 100
52 65 100
52 65 100
52 65 100
52 65 100
52 65 100
52 65 100
52 65 100
52 65 100
52 65 100
52 65 100
52 65 100
52 65 100
52 65 100
52 65 100
52 65 100
52 65 100
52 65 100
52 65 100
52 65 100
52 65 100
52 65 100
52 65 100
52 66 100
52 66 100
52 66 100
52 66 100
52 66 100
52 66 100
52 66 100
52 66 100
52 66 100
52 66 100
52 66 100
52 66 100
52 66 100
52 66 100
52 66 100
52 66 100
52 66 100
52 66 100
52 66 100
52 66 100
52 66 100
52 66 100
52 66 100
52 66 100
52 66 100
52 66 100
52 66 100
52 66 100
52 66 100
52 66 100
52 66 100
52 66 100
52 66 100
52 66 100
52 66 100
52 66 100
52 66 100
52 66 100
52 66 100
52 66 100
52 66 100
52 67 100
52 67 100
52 67 100
52 67 100
52 67 100
52 67 100
52 67 100
52 67 100
52 67 100
52 67 100
52 67 100
52 67 100
52 67 100
52 67 100
52 67 100
52 67 100
52 67 100
52 67 100
52 67 100
52 67 100
52 67 100
52 67 100
52 67 100
52 67 100
52 67 100
52 67 100
52 67 100
52 67 100
52 67 100
52 67 100
52 67 100
52 67 100
52 67 100
52 67 100
52 67 100
52 67 100
52 67 100
52 67 100
52 67 100
52 67 100
52 68 100
52 68 100
52 68 100
52 68 100
52 68 100
52 68 100
52 68 100
52 68 100
52 68 100
52 68 100
52 68 100
52 68 100
52 68 100
52 68 100
52 68 100
52 68 100
52 68 100
52 68 100
52 68 100
52 68 100
52 68 100
52 68 100
52 68 100
52 68 100
52 68 100
52 68 100
52 68 100
52 68 100
52 68 100
52 68 100
52 68 100
52 68 100
52 68 100
52 68 100
52 68 100
52 68 100
52 68 100
52 68 100
52 68 100
52 69 100
52 69 100
52 69 100
52 69 100
52 69 100
52 69 100
52 69 100
52 69 100
52 69 100
52 69 100
52 69 100
52 69 100
52 69 100
52 69 100
52 69 100
52 69 100
52 69 100
52 69 100
52 69 100
52 69 100
52 69 100
52 69 100
52 69 100
52 69 100
52 69 100
52 69 100
52 69 100
52 69 100
52 69 100
52 69 100
52 69 100
52 69 100
52 69 100
52 69 100
52 69 100
52 69 100
52 69 100
52 69 100
52 70 100
52 70 100
52 70 100
52 70 100
52 70 100
52 70 100
52 70 100
52 70 100
52 70 100
52 70 100
52 70 100
52 70 100
52 70 100
52 70 100
52 70 100
52 70 100
52 70 100
52 70 100
52 70 100
52 70 100
52 70 100
52 70 100
52 70 100
52 70 100
52 70 100
52 70 100
52 70 100
52 70 100
52 70 100
52 70 100
52 70 100
52 70 100
52 70 100
52 70 100
52 70 100
52 70 100
52 71 100
52 71 100
52 71 100
52 71 100
52 71 100
52 71 100
52 71 100
52 71 100
52 71 100
52 71 100
52 71 100
52 71 100
52 71 100
52 71 100
52 71 100
52 71 100
52 71 100
52 71 100
52 71 100
52 71 100
52 71 100
52 71 100
52 71 100
52 71 100
52 71 100
52 71 100
52 71 100
52 71 100
52 71 100
52 71 100
52 71 100
52 71 100
52 71 100
52 71 100
52 71 100
52 72 100
52 72 100
52 72 100
52 72 100
52 72 100
52 72 100
52 72 100
52 72 100
52 72 100
52 72 100
52 72 100
52 72 100
52 72 100
52 72 100
52 72 100
52 72 100
52 72 100
52 72 100
52 72 100
52 72 100
52 72 100
52 72 100
52 72 100
52 72 100
52 72 100
52 72 100
52 72 100
52 72 100
52 72 100
52 72 100
52 72 100
52 72 100
52 72 100
52 73 100
52 73 100
52 73 100
52 73 100
52 73 100
52 73 100
52 73 100
52 73 100
52 73 100
52 73 100
52 73 100
52 73 100
52 73 100
52 73 100
52 73 100
52 73 100
52 73 100
52 73 100
52 73 100
52 73 100
52 73 100
52 73 100
52 73 100
52 73 100
52 73 100
52 73 100
52 73 100
52 73 100
52 73 100
52 73 100
52 73 100
52 73 100
52 74 100
52 74 100
52 74 100
52 74 100
52 74 100
52 74 100
52 74 100
52 74 100
52 74 100
52 74 100
52 74 100
52 74 100
52 74 100
52 74 100
52 74 100
52 74 100
52 74 100
52 74 100
52 74 100
52 74 100
52 74 100
52 74 100
52 74 100
52 74 100
52 74 100
52 74 100
52 74 100
52 74 100
52 74 100
52 75 100
52 75 100
52 75 100
52 75 100
52 75 100
52 75 100
52 75 100
52 75 100
52 75 100
52 75 100
52 75 100
52 75 100
52 75 100
52 75 100
52 75 100
52 75 100
52 75 100
52 75 100
52 75 100
52 75 100
52 75 100
52 75 100
52 75 100
52 75 100
52 75 100
52 75 100
52 76 100
52 76 100
52 76 100
52 76 100
52 76 100
52 76 100
52 76 100
52 76 100
52 76 100
52 76 100
52 76 100
52 76 100
52 76 100
52 76 100
52 76 100
52 76 100
52 76 100
52 76 100
52 76 100
52 76 100
52 76 100
52 76 100
52 76 100
52 77 100
52 77 100
52 77 100
52 77 100
52 77 100
52 77 100
52 77 100
52 77 100
52 77 100
52 77 100
52 77 100
52 77 100
52 77 100
52 77 100
52 77 100
52 77 100
52 77 100
52 77 100
52 77 100
52 78 100
52 78 100
52 78 100
52 78 100
52 78 100
52 78 100
52 78 100
52 78 100
52 78 100
52 78 100
52 78 100
52 78 100
52 78 100
52 78 100
52 78 100
52 78 100
52 79 100
52 79 100
52 79 100
52 79 100
52 79 100
52 79 100
52 79 100
52 79 100
52 79 100
52 79 100
52 79 100
52 79 100
52 79 100
52 80 100
52 80 100
52 80 100
52 80 100
52 80 100
52 80 100
52 80 100
52 80 100
52 80 100
52 80 100
52 81 100
52 81 100
52 81 100
52 81 100
52 81 100
52 81 100
52 81 100
52 81 100
# move from (68,15) to (52,102)
68 15 100
68 15 100
68 15 100
67 15 100
67 15 100
67 15 100
67 15 100
66 15 100
66 15 100
66 15 100
66 15 100
65 15 100
65 15 100
65 15 100
65 15 100
65 15 100
65 15 100
64 15 100
64 15 100
64 15 100
64 15 100
64 15 100
64 15 100
64 15 100
63 15 100
63 15 100
63 15 100
63 15 100
63 15 100
63 15 100
63 15 100
63 15 100
63 15 100
62 15 100
62 15 100
62 15 100
62 15 100
62 15 100
62 15 100
62 15 100
62 15 100
62 15 100
62 15 100
62 15 100
61 15 100
61 15 100
61 15 100
61 15 100
61 15 100
61 15 100
61 15 100
61 15 100
61 15 100
61 15 100
61 15 100
61 15 100
61 15 100
60 15 100
60 15 100
60 15 100
60 15 100
60 15 100
60 15 100
60 15 100
60 15 100
60 15 100
60 15 100
60 15 100
60 15 100
60 15 100
60 15 100
59 15 100
59 15 100
59 15 100
59 15 100
59 15 100
59 15 100
59 15 100
59 15 100
59 15 100
59 15 100
59 15 100
59 15 100
59 15 100
59 15 100
59 15 100
58 15 100
58 15 100
58 15 100
58 15 100
58 15 100
58 15 100
58 15 100
58 15 100
58 15 100
58 15 100
58 15 100
58 15 100
58 15 100
58 15 100
58 15 100
57 15 100
57 15 100
57 15 100
57 15 100
57 15 100
57 15 100
57 15 100
57 15 100
57 15 100
57 15 100
57 15 100
57 15 100
57 15 100
57 15 100
56 15 100
56 15 100
56 15 100
56 15 100
56 15 100
56 15 100
56 15 100
56 15 100
56 15 100
56 15 100
56 15 100
56 15 100
55 15 100
55 15 100
55 15 100
55 15 100
55 15 100
55 15 100
55 15 100
55 15 100
55 15 100
55 15 100
55 15 100
54 15 100
54 15 100
54 15 100
54 15 100
54 15 100
54 15 100
54 15 100
54 15 100
54 15 100
53 15 100
53 15 100
53 15 100
53 15 100
53 15 100
53 15 100
53 15 100
53 15 100
52 15 100
52 15 100
52 15 100
52 15 100
52 15 100
52 15 100
52 15 100
52 16 100
52 16 100
52 16 100
52 16 100
52 16 100
52 16 100
52 17 100
52 17 100
52 17 100
52 17 100
52 18 100
52 18 100
52 18 100
52 19 100
52 19 100
52 20 100
52 20 100
52 21 100
52 22 100
52 23 100
52 24 100
52 25 100
52 26 100
52 27 100
52 28 100
52 29 100
52 30 100
52 31 100
52 32 100
52 33 100
52 34 100
52 35 100
52 36 100
52 37 100
52 38 100
52 39 100
52 40 100
52 40 100
52 41 100
52 41 100
52 41 100
52 41 100
52 42 100
52 42 100
52 42 100
52 42 100
52 42 100
52 42 100
52 43 100
52 43 100
52 43 100
52 43 100
52 43 100
52 43 100
52 43 100
52 43 100
52 43 100
52 43 100
52 44 100
52 44 100
52 44 100
52 44 100
52 44 100
52 44 100
52 44 100
52 44 100
52 44 100
52 44 100
52 44 100
52 44 100
52 44 100
52 44 100
52 44 100
52 45 100
52 45 100
52 45 100
52 45 100
52 45 100
52 45 100
52 45 100
52 45 100
52 45 100
52 45 100
52 45 100
52 45 100
52 45 100
52 45 100
52 45 100
52 45 100
52 45 100
52 45 100
52 45 100
52 45 100
52 46 100
52 46 100
52 46 100
52 46 100
52 46 100
52 46 100
52 46 100
52 46 100
52 46 100
52 46 100
52 46 100
52 46 100
52 46 100
52 46 100
52 46 100
52 46 100
52 46 100
52 46 100
52 46 100
52 46 100
52 46 100
52 46 100
52 46 100
52 46 100
52 46 100
# move from (194,97) to (52,102)
194 97 100
193 97 100
192 97 100
191 97 100
190 97 100
189 97 100
188 97 100
187 97 100
186 97 100
185 97 100
184 97 100
183 97 100
182 97 100
181 97 100
180 97 100
179 97 100
178 97 100
177 97 100
176 97 100
175 97 100
174 97 100
173 97 100
172 97 100
171 97 100
170 97 100
170 97 100
169 97 100
169 97 100
168 97 100
168 97 100
167 97 100
167 97 100
167 97 100
166 97 100
166 97 100
166 97 100
165 97 100
165 97 100
165 97 100
165 97 100
164 97 100
164 97 100
164 97 100
164 97 100
163 97 100
163 97 100
163 97 100
163 97 100
163 97 100
162 97 100
162 97 100
162 97 100
162 97 100
162 97 100
162 97 100
161 97 100
161 97 100
161 97 100
161 97 100
161 97 100
161 97 100
161 97 100
160 97 100
160 97 100
160 97 100
160 97 100
160 97 100
160 97 100
160 97 100
160 97 100
160 97 100
159 97 100
159 97 100
159 97 100
159 97 100
159 97 100
159 97 100
159 97 100
159 97 100
159 97 100
159 97 100
159 97 100
158 97 100
158 97 100
158 97 100
158 97 100
158 97 100
158 97 100
158 97 100
158 97 100
158 97 100
158 97 100
158 97 100
158 97 100
158 97 100
158 97 100
157 97 100
157 97 100
157 97 100
157 97 100
157 97 100
157 97 100
157 97 100
157 97 100
157 97 100
157 97 100
157 97 100
157 97 100
157 97 100
157 97 100
157 97 100
157 97 100
157 97 100
156 97 100
156 97 100
156 97 100
156 97 100
156 97 100
156 97 100
156 97 100
156 97 100
156 97 100
156 97 100
156 97 100
156 97 100
156 97 100
156 97 100
156 97 100
156 97 100
156 97 100
156 97 100
156 97 100
156 97 100
155 97 100
155 97 100
155 97 100
155 97 100
155 97 100
155 97 100
155 97 100
155 97 100
155 97 100
155 97 100
155 97 100
155 97 100
155 97 100
155 97 100
155 97 100
155 97 100
155 97 100
155 97 100
155 97 100
155 97 100
155 97 100
155 97 100
155 97 100
155 97 100
154 97 100
154 97 100
154 97 100
154 97 100
154 97 100
154 97 100
154 97 100
154 97 100
154 97 100
154 97 100
154 97 100
154 97 100
154 97 100
154 97 100
154 97 100
154 97 100
154 97 100
154 97 100
154 97 100
154 97 100
154 97 100
154 97 100
154 97 100
154 97 100
154 97 100
154 97 100
154 97 100
153 97 100
153 97 100
153 97 100
153 97 100
153 97 100
153 97 100
153 97 100
153 97 100
153 97 100
153 97 100
153 97 100
153 97 100
153 97 100
153 97 100
153 97 100
153 97 100
153 97 100
153 97 100
153 97 100
153 97 100
153 97 100
153 97 100
153 97 100
153 97 100
153 97 100
153 97 100
153 97 100
153 97 100
153 97 100
152 97 100
152 97 100
152 97 100
152 97 100
152 97 100
152 97 100
152 97 100
152 97 100
152 97 100
152 97 100
152 97 100
152 97 100
152 97 100
152 97 100
152 97 100
152 97 100
152 97 100
152 97 100
152 97 100
152 97 100
152 97 100
152 97 100
152 97 100
152 97 100
152 97 100
152 97 100
152 97 100
152 97 100
152 97 100
152 97 100
151 97 100
151 97 100
151 97 100
151 97 100
151 97 100
151 97 100
151 97 100
151 97 100
151 97 100
151 97 100
151 97 100
151 97 100
151 97 100
151 97 100
151 97 100
151 97 100
151 97 100
151 97 100
151 97 100
151 97 100
151 97 100
151 97 100
151 97 100
151 97 100
151 97 100
151 97 100
151 97 100
151 97 100
151 97 100
151 97 100
150 97 100
150 97 100
150 97 100
150 97 100
150 97 100
150 97 100
150 97 100
150 97 100
150 97 100
150 97 100
150 97 100
150 97 100
150 97 100
150 97 100
150 97 100
150 97 100
150 97 100
150 97 100
150 97 100
150 97 100
150 97 100
150 97 100
150 97 100
150 97 100
150 97 100
150 97 100
150 97 100
150 97 100
150 97 100
149 97 100
149 97 100
149 97 100
149 97 100
149 97 100
149 97 100
149 97 100
149 97 100
149 97 100
149 97 100
149 97 100
149 97 100
149 97 100
149 97 100
149 97 100
149 97 100
149 97 100
149 97 100
149 97 100
149 97 100
149 97 100
149 97 100
149 97 100
149 97 100
149 97 100
149 97 100
149 97 100
148 97 100
148 97 100
148 97 100
148 97 100
148 97 100
148 97 100
148 97 100
148 97 100
148 97 100
148 97 100
148 97 100
148 97 100
148 97 100
148 97 100
148 97 100
148 97 100
148 97 100
148 97 100
148 97 100
148 97 100
148 97 100
148 97 100
148 97 100
148 97 100
147 97 100
147 97 100
147 97 100
147 97 100
147 97 100
147 97 100
147 97 100
147 97 100
147 97 100
147 97 100
147 97 100
147 97 100
147 97 100
147 97 100
147 97 100
147 97 100
147 97 100
147 97 100
147 97 100
147 97 100
146 97 100
146 97 100
146 97 100
146 97 100
146 97 100
146 97 100
146 97 100
146 97 100
146 97 100
146 97 100
146 97 100
146 97 100
146 97 100
146 97 100
146 97 100
146 97 100
145 97 100
145 97 100
145 97 100
145 97 100
145 97 100
145 97 100
145 97 100
145 97 100
145 97 100
145 97 100
145 97 100
145 97 100
144 97 100
144 97 100
144 97 100
144 97 100
144 97 100
144 97 100
144 97 100
144 97 100
144 97 100
143 97 100
143 97 100
143 97 100
143 97 100
143 97 100
143 97 100
142 97 100
142 97 100
142 97 100
142 97 100
142 97 100
141 97 100
141 97 100
141 97 100
141 97 100
140 97 100
140 97 100
140 97 100
139 97 100
139 97 100
139 97 100
138 97 100
138 97 100
137 97 100
137 97 100
136 97 100
136 97 100
135 97 100
135 97 100
134 97 100
134 97 100
133 97 100
132 97 100
131 97 100
130 97 100
130 97 100
129 97 100
129 97 100
128 97 100
128 97 100
127 97 100
127 97 100
127 97 100
126 97 100
126 97 100
126 97 100
126 97 100
125 97 100
125 97 100
125 97 100
125 97 100
125 97 100
125 97 100
124 97 100
124 97 100
124 97 100
124 97 100
124 97 100
124 97 100
124 97 100
124 97 100
123 97 100
123 97 100
123 97 100
123 97 100
123 97 100
123 97 100
123 97 100
123 97 100
123 97 100
123 97 100
123 97 100
122 97 100
122 97 100
122 97 100
122 97 100
122 97 100
122 97 100
122 97 100
122 97 100
122 97 100
122 97 100
122 97 100
122 97 100
122 97 100
121 97 100
121 97 100
121 97 100
121 97 100
121 97 100
121 97 100
121 97 100
121 97 100
121 97 100
121 97 100
121 97 100
121 97 100
121 97 100
121 97 100
121 97 100
120 97 100
120 97 100
120 97 100
120 97 100
120 97 100
120 97 100
120 97 100
120 97 100
120 97 100
120 97 100
120 97 100
120 97 100
120 97 100
120 97 100
120 97 100
119 97 100
119 97 100
119 97 100
119 97 100
119 97 100
119 97 100
119 97 100
119 97 100
119 97 100
119 97 100
119 97 100
119 97 100
119 97 100
119 97 100
119 97 100
118 97 100
118 97 100
118 97 100
118 97 100
118 97 100
118 97 100
118 97 100
118 97 100
118 97 100
118 97 100
118 97 100
118 97 100
118 97 100
118 97 100
117 97 100
117 97 100
117 97 100
117 97 100
117 97 100
117 97 100
117 97 100
117 97 100
117 97 100
117 97 100
117 97 100
117 97 100
116 97 100
116 97 100
116 97 100
116 97 100
116 97 100
116 97 100
116 97 100
116 97 100
116 97 100
116 97 100
115 97 100
115 97 100
115 97 100
115 97 100
115 97 100
115 97 100
115 97 100
115 97 100
114 97 100
114 97 100
114 97 100
114 97 100
114 97 100
114 97 100
113 97 100
113 97 100
113 97 100
113 97 100
112 97 100
112 97 100
112 97 100
111 97 100
111 97 100
110 97 100
110 97 100
109 97 100
108 97 100
107 97 100
106 97 100
105 97 100
104 97 100
103 97 100
102 97 100
101 97 100
100 97 100
99 97 100
98 97 100
97 97 100
97 97 100
96 97 100
96 97 100
95 97 100
95 97 100
94 97 100
94 97 100
94 97 100
93 97 100
93 97 100
93 97 100
92 97 100
92 97 100
92 97 100
91 97 100
91 97 100
91 97 100
90 97 100
90 97 100
90 97 100
90 97 100
89 97 100
89 97 100
89 97 100
89 97 100
88 97 100
88 97 100
88 97 100
88 97 100
87 97 100
87 97 100
87 97 100
87 97 100
86 97 100
86 97 100
86 97 100
86 97 100
85 97 100
85 97 100
85 97 100
85 97 100
84 97 100
84 97 100
84 97 100
84 97 100
83 97 100
83 97 100
83 97 100
83 97 100
82 97 100
82 97 100
82 97 100
82 97 100
81 97 100
81 97 100
81 97 100
80 97 100
80 97 100
80 97 100
79 97 100
79 97 100
78 97 100
78 97 100
77 97 100
77 97 100
76 97 100
75 97 100
74 97 100
73 97 100
72 97 100
71 97 100
70 97 100
69 97 100
68 97 100
67 97 100
66 97 100
65 97 100
64 97 100
63 97 100
62 97 100
61 97 100
60 97 100
59 97 100
58 97 100
57 97 100
56 97 100
55 97 100
54 97 100
53 97 100
