# move from (66,127) to (108,6)
66 127 100
67 127 100
68 127 100
69 127 100
70 127 100
71 127 100
72 127 100
73 127 100
74 127 100
75 127 100
76 127 100
77 127 100
78 127 100
78 127 100
79 127 100
79 127 100
80 127 100
80 127 100
80 127 100
81 127 100
81 127 100
81 127 100
81 127 100
82 127 100
82 127 100
82 127 100
82 127 100
82 127 100
82 127 100
83 127 100
83 127 100
83 127 100
83 127 100
83 127 100
83 127 100
83 127 100
83 127 100
84 127 100
84 127 100
84 127 100
84 127 100
84 127 100
84 127 100
84 127 100
84 127 100
84 127 100
84 127 100
84 127 100
85 127 100
85 127 100
85 127 100
85 127 100
85 127 100
85 127 100
85 127 100
85 127 100
85 127 100
85 127 100
85 127 100
85 127 100
85 127 100
85 127 100
85 127 100
86 127 100
86 127 100
86 127 100
86 127 100
86 127 100
86 127 100
86 127 100
86 127 100
86 127 100
86 127 100
86 127 100
86 127 100
86 127 100
86 127 100
86 127 100
86 127 100
86 127 100
86 127 100
86 127 100
87 127 100
87 127 100
87 127 100
87 127 100
87 127 100
87 127 100
87 127 100
87 127 100
87 127 100
87 127 100
87 127 100
87 127 100
87 127 100
87 127 100
87 127 100
87 127 100
87 127 100
87 127 100
87 127 100
87 127 100
87 127 100
87 127 100
87 127 100
87 127 100
88 127 100
88 127 100
88 127 100
88 127 100
88 127 100
88 127 100
88 127 100
88 127 100
88 127 100
88 127 100
88 127 100
88 127 100
88 127 100
88 127 100
88 127 100
88 127 100
88 127 100
88 127 100
88 127 100
88 127 100
88 127 100
88 127 100
88 127 100
88 127 100
88 127 100
88 127 100
88 127 100
88 127 100
89 127 100
89 127 100
89 127 100
89 127 100
89 127 100
89 127 100
89 127 100
89 127 100
89 127 100
89 127 100
89 127 100
89 127 100
89 127 100
89 127 100
89 127 100
89 127 100
89 127 100
89 127 100
89 127 100
89 127 100
89 127 100
89 127 100
89 127 100
89 127 100
89 127 100
89 127 100
89 127 100
89 127 100
89 127 100
89 127 100
89 127 100
90 127 100
90 127 100
90 127 100
90 127 100
90 127 100
90 127 100
90 127 100
90 127 100
90 127 100
90 127 100
90 127 100
90 127 100
90 127 100
90 127 100
90 127 100
90 127 100
90 127 100
90 127 100
90 127 100
90 127 100
90 127 100
90 127 100
90 127 100
90 127 100
90 127 100
90 127 100
90 127 100
90 127 100
90 127 100
90 127 100
90 127 100
90 127 100
90 127 100
90 127 100
91 127 100
91 127 100
91 127 100
91 127 100
91 127 100
91 127 100
91 127 100
91 127 100
91 127 100
91 127 100
91 127 100
91 127 100
91 127 100
91 127 100
91 127 100
91 127 100
91 127 100
91 127 100
91 127 100
91 127 100
91 127 100
91 127 100
91 127 100
91 127 100
91 127 100
91 127 100
91 127 100
91 127 100
91 127 100
91 127 100
91 127 100
91 127 100
91 127 100
91 127 100
91 127 100
91 127 100
92 127 100
92 127 100
92 127 100
92 127 100
92 127 100
92 127 100
92 127 100
92 127 100
92 127 100
92 127 100
92 127 100
92 127 100
92 127 100
92 127 100
92 127 100
92 127 100
92 127 100
92 127 100
92 127 100
92 127 100
92 127 100
92 127 100
92 127 100
92 127 100
92 127 100
92 127 100
92 127 100
92 127 100
92 127 100
92 127 100
92 127 100
92 127 100
92 127 100
92 127 100
92 127 100
92 127 100
92 127 100
92 127 100
93 127 100
93 127 100
93 127 100
93 127 100
93 127 100
93 127 100
93 127 100
93 127 100
93 127 100
93 127 100
93 127 100
93 127 100
93 127 100
93 127 100
93 127 100
93 127 100
93 127 100
93 127 100
93 127 100
93 127 100
93 127 100
93 127 100
93 127 100
93 127 100
93 127 100
93 127 100
93 127 100
93 127 100
93 127 100
93 127 100
93 127 100
93 127 100
93 127 100
93 127 100
93 127 100
93 127 100
93 127 100
93 127 100
93 127 100
93 127 100
94 127 100
94 127 100
94 127 100
94 127 100
94 127 100
94 127 100
94 127 100
94 127 100
94 127 100
94 127 100
94 127 100
94 127 100
94 127 100
94 127 100
94 127 100
94 127 100
94 127 100
94 127 100
94 127 100
94 127 100
94 127 100
94 127 100
94 127 100
94 127 100
94 127 100
94 127 100
94 127 100
94 127 100
94 127 100
94 127 100
94 127 100
94 127 100
94 127 100
94 127 100
94 127 100
94 127 100
94 127 100
94 127 100
94 127 100
94 127 100
95 127 100
95 127 100
95 127 100
95 127 100
95 127 100
95 127 100
95 127 100
95 127 100
95 127 100
95 127 100
95 127 100
95 127 100
95 127 100
95 127 100
95 127 100
95 127 100
95 127 100
95 127 100
95 127 100
95 127 100
95 127 100
95 127 100
95 127 100
95 127 100
95 127 100
95 127 100
95 127 100
95 127 100
95 127 100
95 127 100
95 127 100
95 127 100
95 127 100
95 127 100
95 127 100
95 127 100
95 127 100
95 127 100
95 127 100
96 127 100
96 127 100
96 127 100
96 127 100
96 127 100
96 127 100
96 127 100
96 127 100
96 127 100
96 127 100
96 127 100
96 127 100
96 127 100
96 127 100
96 127 100
96 127 100
96 127 100
96 127 100
96 127 100
96 127 100
96 127 100
96 127 100
96 127 100
96 127 100
96 127 100
96 127 100
96 127 100
96 127 100
96 127 100
96 127 100
96 127 100
96 127 100
96 127 100
96 127 100
96 127 100
96 127 100
96 127 100
96 127 100
97 127 100
97 127 100
97 127 100
97 127 100
97 127 100
97 127 100
97 127 100
97 127 100
97 127 100
97 127 100
97 127 100
97 127 100
97 127 100
97 127 100
97 127 100
97 127 100
97 127 100
97 127 100
97 127 100
97 127 100
97 127 100
97 127 100
97 127 100
97 127 100
97 127 100
97 127 100
97 127 100
97 127 100
97 127 100
97 127 100
97 127 100
97 127 100
97 127 100
97 127 100
97 127 100
97 127 100
98 127 100
98 127 100
98 127 100
98 127 100
98 127 100
98 127 100
98 127 100
98 127 100
98 127 100
98 127 100
98 127 100
98 127 100
98 127 100
98 127 100
98 127 100
98 127 100
98 127 100
98 127 100
98 127 100
98 127 100
98 127 100
98 127 100
98 127 100
98 127 100
98 127 100
98 127 100
98 127 100
98 127 100
98 127 100
98 127 100
98 127 100
98 127 100
98 127 100
98 127 100
99 127 100
99 127 100
99 127 100
99 127 100
99 127 100
99 127 100
99 127 100
99 127 100
99 127 100
99 127 100
99 127 100
99 127 100
99 127 100
99 127 100
99 127 100
99 127 100
99 127 100
99 127 100
99 127 100
99 127 100
99 127 100
99 127 100
99 127 100
99 127 100
99 127 100
99 127 100
99 127 100
99 127 100
99 127 100
99 127 100
99 127 100
100 127 100
100 127 100
100 127 100
100 127 100
100 127 100
100 127 100
100 127 100
100 127 100
100 127 100
100 127 100
100 127 100
100 127 100
100 127 100
100 127 100
100 127 100
100 127 100
100 127 100
100 127 100
100 127 100
100 127 100
100 127 100
100 127 100
100 127 100
100 127 100
100 127 100
100 127 100
100 127 100
100 127 100
101 127 100
101 127 100
101 127 100
101 127 100
101 127 100
101 127 100
101 127 100
101 127 100
101 127 100
101 127 100
101 127 100
101 127 100
101 127 100
101 127 100
101 127 100
101 127 100
101 127 100
101 127 100
101 127 100
101 127 100
101 127 100
101 127 100
101 127 100
102 127 100
102 127 100
102 127 100
102 127 100
102 127 100
102 127 100
102 127 100
102 127 100
102 127 100
102 127 100
102 127 100
102 127 100
102 127 100
102 127 100
102 127 100
102 127 100
102 127 100
102 127 100
103 127 100
103 127 100
103 127 100
103 127 100
103 127 100
103 127 100
103 127 100
103 127 100
103 127 100
103 127 100
103 127 100
103 127 100
103 127 100
103 127 100
104 127 100
104 127 100
104 127 100
104 127 100
104 127 100
104 127 100
104 127 100
104 127 100
104 127 100
104 127 100
105 127 100
105 127 100
105 127 100
105 127 100
105 127 100
105 127 100
105 127 100
106 127 100
106 127 100
106 127 100
106 127 100
106 127 100
107 127 100
107 127 100
107 127 100
107 127 100
108 127 100
108 127 100
108 127 100
108 126 100
108 126 100
108 126 100
108 126 100
108 125 100
108 125 100
108 125 100
108 125 100
108 125 100
108 124 100
108 124 100
108 124 100
108 124 100
108 124 100
108 124 100
108 124 100
108 123 100
108 123 100
108 123 100
108 123 100
108 123 100
108 123 100
108 123 100
108 123 100
108 123 100
108 123 100
108 122 100
108 122 100
108 122 100
108 122 100
108 122 100
108 122 100
108 122 100
108 122 100
108 122 100
108 122 100
108 122 100
108 122 100
108 122 100
108 121 100
108 121 100
108 121 100
108 121 100
108 121 100
108 121 100
108 121 100
108 121 100
108 121 100
108 121 100
108 121 100
108 121 100
108 121 100
108 121 100
108 121 100
108 121 100
108 120 100
108 120 100
108 120 100
108 120 100
108 120 100
108 120 100
108 120 100
108 120 100
108 120 100
108 120 100
108 120 100
108 120 100
108 120 100
108 120 100
108 120 100
108 120 100
108 120 100
108 120 100
108 120 100
108 119 100
108 119 100
108 119 100
108 119 100
108 119 100
108 119 100
108 119 100
108 119 100
108 119 100
108 119 100
108 119 100
108 119 100
108 119 100
108 119 100
108 119 100
108 119 100
108 119 100
108 119 100
108 119 100
108 119 100
108 119 100
108 119 100
108 118 100
108 118 100
108 118 100
108 118 100
108 118 100
108 118 100
108 118 100
108 118 100
108 118 100
108 118 100
108 118 100
108 118 100
108 118 100
108 118 100
108 118 100
108 118 100
108 118 100
108 118 100
108 118 100
108 118 100
108 118 100
108 118 100
108 118 100
108 118 100
108 118 100
108 118 100
108 117 100
108 117 100
108 117 100
108 117 100
108 117 100
108 117 100
108 117 100
108 117 100
108 117 100
108 117 100
108 117 100
108 117 100
108 117 100
108 117 100
108 117 100
108 117 100
108 117 100
108 117 100
108 117 100
108 117 100
108 117 100
108 117 100
108 117 100
108 117 100
108 117 100
108 117 100
108 117 100
108 117 100
108 117 100
108 116 100
108 116 100
108 116 100
108 116 100
108 116 100
108 116 100
108 116 100
108 116 100
108 116 100
108 116 100
108 116 100
108 116 100
108 116 100
108 116 100
108 116 100
108 116 100
108 116 100
108 116 100
108 116 100
108 116 100
108 116 100
108 116 100
108 116 100
108 116 100
108 116 100
108 116 100
108 116 100
108 116 100
108 116 100
108 116 100
108 116 100
108 115 100
108 115 100
108 115 100
108 115 100
108 115 100
108 115 100
108 115 100
108 115 100
108 115 100
108 115 100
108 115 100
108 115 100
108 115 100
108 115 100
108 115 100
108 115 100
108 115 100
108 115 100
108 115 100
108 115 100
108 115 100
108 115 100
108 115 100
108 115 100
108 115 100
108 115 100
108 115 100
108 115 100
108 115 100
108 115 100
108 115 100
108 115 100
108 115 100
108 114 100
108 114 100
108 114 100
108 114 100
108 114 100
108 114 100
108 114 100
108 114 100
108 114 100
108 114 100
108 114 100
108 114 100
108 114 100
108 114 100
108 114 100
108 114 100
108 114 100
108 114 100
108 114 100
108 114 100
108 114 100
108 114 100
108 114 100
108 114 100
108 114 100
108 114 100
108 114 100
108 114 100
108 114 100
108 114 100
108 114 100
108 114 100
108 114 100
108 114 100
108 113 100
108 113 100
108 113 100
108 113 100
108 113 100
108 113 100
108 113 100
108 113 100
108 113 100
108 113 100
108 113 100
108 113 100
108 113 100
108 113 100
108 113 100
108 113 100
108 113 100
108 113 100
108 113 100
108 113 100
108 113 100
108 113 100
108 113 100
108 113 100
108 113 100
108 113 100
108 113 100
108 113 100
108 113 100
108 113 100
108 113 100
108 113 100
108 113 100
108 113 100
108 112 100
108 112 100
108 112 100
108 112 100
108 112 100
108 112 100
108 112 100
108 112 100
108 112 100
108 112 100
108 112 100
108 112 100
108 112 100
108 112 100
108 112 100
108 112 100
108 112 100
108 112 100
108 112 100
108 112 100
108 112 100
108 112 100
108 112 100
108 112 100
108 112 100
108 112 100
108 112 100
108 112 100
108 112 100
108 112 100
108 112 100
108 112 100
108 112 100
108 112 100
108 111 100
108 111 100
108 111 100
108 111 100
108 111 100
108 111 100
108 111 100
108 111 100
108 111 100
108 111 100
108 111 100
108 111 100
108 111 100
108 111 100
108 111 100
108 111 100
108 111 100
108 111 100
108 111 100
108 111 100
108 111 100
108 111 100
108 111 100
108 111 100
108 111 100
108 111 100
108 111 100
108 111 100
108 111 100
108 111 100
108 111 100
108 111 100
108 111 100
108 110 100
108 110 100
108 110 100
108 110 100
108 110 100
108 110 100
108 110 100
108 110 100
108 110 100
108 110 100
108 110 100
108 110 100
108 110 100
108 110 100
108 110 100
108 110 100
108 110 100
108 110 100
108 110 100
108 110 100
108 110 100
108 110 100
108 110 100
108 110 100
108 110 100
108 110 100
108 110 100
108 110 100
108 110 100
108 110 100
108 109 100
108 109 100
108 109 100
108 109 100
108 109 100
108 109 100
108 109 100
108 109 100
108 109 100
108 109 100
108 109 100
108 109 100
108 109 100
108 109 100
108 109 100
108 109 100
108 109 100
108 109 100
108 109 100
108 109 100
108 109 100
108 109 100
108 109 100
108 109 100
108 109 100
108 109 100
108 109 100
108 108 100
108 108 100
108 108 100
108 108 100
108 108 100
108 108 100
108 108 100
108 108 100
108 108 100
108 108 100
108 108 100
108 108 100
108 108 100
108 108 100
108 108 100
108 108 100
108 108 100
108 108 100
108 108 100
108 108 100
108 108 100
108 108 100
108 108 100
108 108 100
108 107 100
108 107 100
108 107 100
108 107 100
108 107 100
108 107 100
108 107 100
108 107 100
108 107 100
108 107 100
108 107 100
108 107 100
108 107 100
108 107 100
108 107 100
108 107 100
108 107 100
108 107 100
108 107 100
108 107 100
108 106 100
108 106 100
108 106 100
108 106 100
108 106 100
108 106 100
108 106 100
108 106 100
108 106 100
108 106 100
108 106 100
108 106 100
108 106 100
108 106 100
108 106 100
108 106 100
108 105 100
108 105 100
108 105 100
108 105 100
108 105 100
108 105 100
108 105 100
108 105 100
108 105 100
108 105 100
108 105 100
108 105 100
108 104 100
108 104 100
108 104 100
108 104 100
108 104 100
108 104 100
108 104 100
108 104 100
108 104 100
108 103 100
108 103 100
108 103 100
108 103 100
108 103 100
108 103 100
108 102 100
108 102 100
108 102 100
108 102 100
108 101 100
108 101 100
108 101 100
108 100 100
108 100 100
108 99 100
108 98 100
108 97 100
108 96 100
108 95 100
108 94 100
108 93 100
108 92 100
108 91 100
108 90 100
108 89 100
108 88 100
108 87 100
108 86 100
108 85 100
108 84 100
108 83 100
108 82 100
108 81 100
108 80 100
108 79 100
108 78 100
108 77 100
108 76 100
108 75 100
108 74 100
108 73 100
108 72 100
108 71 100
108 70 100
108 69 100
108 68 100
108 67 100
108 66 100
108 66 100
108 65 100
108 65 100
108 64 100
108 64 100
108 64 100
108 64 100
108 63 100
108 63 100
108 63 100
108 63 100
108 63 100
108 62 100
108 62 100
108 62 100
108 62 100
108 62 100
108 62 100
108 62 100
108 62 100
108 61 100
108 61 100
108 61 100
108 61 100
108 61 100
108 61 100
108 61 100
108 61 100
108 61 100
108 61 100
108 61 100
108 60 100
108 60 100
108 60 100
108 60 100
108 60 100
108 60 100
108 60 100
108 60 100
108 60 100
108 60 100
108 60 100
108 60 100
108 60 100
108 60 100
108 59 100
108 59 100
108 59 100
108 59 100
108 59 100
108 59 100
108 59 100
108 59 100
108 59 100
108 59 100
108 59 100
108 59 100
108 59 100
108 59 100
108 59 100
108 59 100
108 59 100
108 59 100
108 58 100
108 58 100
108 58 100
108 58 100
108 58 100
108 58 100
108 58 100
108 58 100
108 58 100
108 58 100
108 58 100
108 58 100
108 58 100
108 58 100
108 58 100
108 58 100
108 58 100
108 58 100
108 58 100
108 58 100
108 58 100
108 58 100
108 57 100
108 57 100
108 57 100
108 57 100
108 57 100
108 57 100
108 57 100
108 57 100
108 57 100
108 57 100
108 57 100
108 57 100
108 57 100
108 57 100
108 57 100
108 57 100
108 57 100
108 57 100
108 57 100
108 57 100
108 57 100
108 57 100
108 57 100
108 57 100
108 57 100
108 57 100
108 56 100
108 56 100
108 56 100
108 56 100
108 56 100
108 56 100
108 56 100
108 56 100
108 56 100
108 56 100
108 56 100
108 56 100
108 56 100
108 56 100
108 56 100
108 56 100
108 56 100
108 56 100
108 56 100
108 56 100
108 56 100
108 56 100
108 56 100
108 56 100
108 56 100
108 56 100
108 56 100
108 56 100
108 56 100
108 56 100
108 55 100
108 55 100
108 55 100
108 55 100
108 55 100
108 55 100
108 55 100
108 55 100
108 55 100
108 55 100
108 55 100
108 55 100
108 55 100
108 55 100
108 55 100
108 55 100
108 55 100
108 55 100
108 55 100
108 55 100
108 55 100
108 55 100
108 55 100
108 55 100
108 55 100
108 55 100
108 55 100
108 55 100
108 55 100
108 55 100
108 55 100
108 55 100
108 55 100
108 54 100
108 54 100
108 54 100
108 54 100
108 54 100
108 54 100
108 54 100
108 54 100
108 54 100
108 54 100
108 54 100
108 54 100
108 54 100
108 54 100
108 54 100
108 54 100
108 54 100
108 54 100
108 54 100
108 54 100
108 54 100
108 54 100
108 54 100
108 54 100
108 54 100
108 54 100
108 54 100
108 54 100
108 54 100
108 54 100
108 54 100
108 54 100
108 54 100
108 54 100
108 54 100
108 54 100
108 53 100
108 53 100
108 53 100
108 53 100
108 53 100
108 53 100
108 53 100
108 53 100
108 53 100
108 53 100
108 53 100
108 53 100
108 53 100
108 53 100
108 53 100
108 53 100
108 53 100
108 53 100
108 53 100
108 53 100
108 53 100
108 53 100
108 53 100
108 53 100
108 53 100
108 53 100
108 53 100
108 53 100
108 53 100
108 53 100
108 53 100
108 53 100
108 53 100
108 53 100
108 53 100
108 53 100
108 53 100
108 53 100
108 52 100
108 52 100
108 52 100
108 52 100
108 52 100
108 52 100
108 52 100
108 52 100
108 52 100
108 52 100
108 52 100
108 52 100
108 52 100
108 52 100
108 52 100
108 52 100
108 52 100
108 52 100
108 52 100
108 52 100
108 52 100
108 52 100
108 52 100
108 52 100
108 52 100
108 52 100
108 52 100
108 52 100
108 52 100
108 52 100
108 52 100
108 52 100
108 52 100
108 52 100
108 52 100
108 52 100
108 52 100
108 52 100
108 52 100
108 51 100
108 51 100
108 51 100
108 51 100
108 51 100
108 51 100
108 51 100
108 51 100
108 51 100
108 51 100
108 51 100
108 51 100
108 51 100
108 51 100
108 51 100
108 51 100
108 51 100
108 51 100
108 51 100
108 51 100
108 51 100
108 51 100
108 51 100
108 51 100
108 51 100
108 51 100
108 51 100
108 51 100
108 51 100
108 51 100
108 51 100
108 51 100
108 51 100
108 51 100
108 51 100
108 51 100
108 51 100
108 51 100
108 51 100
108 51 100
108 50 100
108 50 100
108 50 100
108 50 100
108 50 100
108 50 100
108 50 100
108 50 100
108 50 100
108 50 100
108 50 100
108 50 100
108 50 100
108 50 100
108 50 100
108 50 100
108 50 100
108 50 100
108 50 100
108 50 100
108 50 100
108 50 100
108 50 100
108 50 100
108 50 100
108 50 100
108 50 100
108 50 100
108 50 100
108 50 100
108 50 100
108 50 100
108 50 100
108 50 100
108 50 100
108 50 100
108 50 100
108 50 100
108 50 100
108 50 100
108 49 100
108 49 100
108 49 100
108 49 100
108 49 100
108 49 100
108 49 100
108 49 100
108 49 100
108 49 100
108 49 100
108 49 100
108 49 100
108 49 100
108 49 100
108 49 100
108 49 100
108 49 100
108 49 100
108 49 100
108 49 100
108 49 100
108 49 100
108 49 100
108 49 100
108 49 100
108 49 100
108 49 100
108 49 100
108 49 100
108 49 100
108 49 100
108 49 100
108 49 100
108 49 100
108 49 100
108 49 100
108 49 100
108 49 100
108 48 100
108 48 100
108 48 100
108 48 100
108 48 100
108 48 100
108 48 100
108 48 100
108 48 100
108 48 100
108 48 100
108 48 100
108 48 100
108 48 100
108 48 100
108 48 100
108 48 100
108 48 100
108 48 100
108 48 100
108 48 100
108 48 100
108 48 100
108 48 100
108 48 100
108 48 100
108 48 100
108 48 100
108 48 100
108 48 100
108 48 100
108 48 100
108 48 100
108 48 100
108 48 100
108 48 100
108 48 100
108 47 100
108 47 100
108 47 100
108 47 100
108 47 100
108 47 100
108 47 100
108 47 100
108 47 100
108 47 100
108 47 100
108 47 100
108 47 100
108 47 100
108 47 100
108 47 100
108 47 100
108 47 100
108 47 100
108 47 100
108 47 100
108 47 100
108 47 100
108 47 100
108 47 100
108 47 100
108 47 100
108 47 100
108 47 100
108 47 100
108 47 100
108 47 100
108 47 100
108 47 100
108 47 100
108 46 100
108 46 100
108 46 100
108 46 100
108 46 100
108 46 100
108 46 100
108 46 100
108 46 100
108 46 100
108 46 100
108 46 100
108 46 100
108 46 100
108 46 100
108 46 100
108 46 100
108 46 100
108 46 100
108 46 100
108 46 100
108 46 100
108 46 100
108 46 100
108 46 100
108 46 100
108 46 100
108 46 100
108 46 100
108 46 100
108 46 100
108 46 100
108 45 100
108 45 100
108 45 100
108 45 100
108 45 100
108 45 100
108 45 100
108 45 100
108 45 100
108 45 100
108 45 100
108 45 100
108 45 100
108 45 100
108 45 100
108 45 100
108 45 100
108 45 100
108 45 100
108 45 100
108 45 100
108 45 100
108 45 100
108 45 100
108 45 100
108 45 100
108 45 100
108 45 100
108 45 100
108 44 100
108 44 100
108 44 100
108 44 100
108 44 100
108 44 100
108 44 100
108 44 100
108 44 100
108 44 100
108 44 100
108 44 100
108 44 100
108 44 100
108 44 100
108 44 100
108 44 100
108 44 100
108 44 100
108 44 100
108 44 100
108 44 100
108 44 100
108 44 100
108 44 100
108 44 100
108 43 100
108 43 100
108 43 100
108 43 100
108 43 100
108 43 100
108 43 100
108 43 100
108 43 100
108 43 100
108 43 100
108 43 100
108 43 100
108 43 100
108 43 100
108 43 100
108 43 100
108 43 100
108 43 100
108 43 100
108 43 100
108 43 100
108 42 100
108 42 100
108 42 100
108 42 100
108 42 100
108 42 100
108 42 100
108 42 100
108 42 100
108 42 100
108 42 100
108 42 100
108 42 100
108 42 100
108 42 100
108 42 100
108 42 100
108 42 100
108 41 100
108 41 100
108 41 100
108 41 100
108 41 100
108 41 100
108 41 100
108 41 100
108 41 100
108 41 100
108 41 100
108 41 100
108 41 100
108 41 100
108 40 100
108 40 100
108 40 100
108 40 100
108 40 100
108 40 100
108 40 100
108 40 100
108 40 100
108 40 100
108 39 100
108 39 100
108 39 100
108 39 100
108 39 100
108 39 100
108 39 100
108 38 100
108 38 100
108 38 100
108 38 100
108 38 100
108 37 100
108 37 100
108 37 100
108 36 100
108 36 100
108 35 100
108 35 100
108 34 100
108 33 100
108 32 100
108 31 100
108 30 100
108 29 100
108 28 100
108 27 100
108 26 100
108 25 100
108 24 100
108 23 100
108 22 100
108 21 100
108 20 100
108 19 100
108 18 100
108 17 100
108 16 100
108 15 100
108 14 100
108 13 100
108 12 100
108 11 100
108 10 100
108 9 100
108 8 100
108 7 100
108 6 100
# move from (88,66) to (108,6)
88 66 100
89 66 100
90 66 100
91 66 100
92 66 100
93 66 100
94 66 100
95 66 100
96 66 100
97 66 100
98 66 100
99 66 100
100 66 100
101 66 100
102 66 100
103 66 100
104 66 100
105 66 100
106 66 100
107 66 100
107 66 100
# move from (3,2) to (108,6)
3 2 100
4 2 100
5 2 100
6 2 100
7 2 100
8 2 100
9 2 100
9 2 100
10 2 100
10 2 100
11 2 100
11 2 100
11 2 100
12 2 100
12 2 100
12 2 100
12 2 100
13 2 100
13 2 100
13 2 100
13 2 100
14 2 100
14 2 100
14 2 100
14 2 100
15 2 100
15 2 100
15 2 100
15 2 100
15 2 100
16 2 100
16 2 100
16 2 100
16 2 100
16 2 100
17 2 100
17 2 100
17 2 100
17 2 100
17 2 100
18 2 100
18 2 100
18 2 100
18 2 100
18 2 100
19 2 100
19 2 100
19 2 100
19 2 100
19 2 100
20 2 100
20 2 100
20 2 100
20 2 100
20 2 100
21 2 100
21 2 100
21 2 100
21 2 100
21 2 100
22 2 100
22 2 100
22 2 100
22 2 100
23 2 100
23 2 100
23 2 100
23 2 100
24 2 100
24 2 100
24 2 100
25 2 100
25 2 100
25 2 100
26 2 100
26 2 100
27 2 100
27 2 100
28 2 100
28 2 100
29 2 100
29 2 100
30 2 100
31 2 100
32 2 100
33 2 100
34 2 100
35 2 100
36 2 100
37 2 100
38 2 100
39 2 100
39 2 100
40 2 100
40 2 100
41 2 100
41 2 100
42 2 100
42 2 100
42 2 100
43 2 100
43 2 100
43 2 100
44 2 100
44 2 100
44 2 100
45 2 100
45 2 100
45 2 100
45 2 100
46 2 100
46 2 100
46 2 100
46 2 100
47 2 100
47 2 100
47 2 100
47 2 100
47 2 100
48 2 100
48 2 100
48 2 100
48 2 100
48 2 100
49 2 100
49 2 100
49 2 100
49 2 100
49 2 100
49 2 100
50 2 100
50 2 100
50 2 100
50 2 100
50 2 100
50 2 100
50 2 100
51 2 100
51 2 100
51 2 100
51 2 100
51 2 100
51 2 100
51 2 100
51 2 100
51 2 100
52 2 100
52 2 100
52 2 100
52 2 100
52 2 100
52 2 100
52 2 100
52 2 100
52 2 100
52 2 100
52 2 100
53 2 100
53 2 100
53 2 100
53 2 100
53 2 100
53 2 100
53 2 100
53 2 100
53 2 100
53 2 100
53 2 100
53 2 100
54 2 100
54 2 100
54 2 100
54 2 100
54 2 100
54 2 100
54 2 100
54 2 100
54 2 100
54 2 100
54 2 100
54 2 100
54 2 100
54 2 100
55 2 100
55 2 100
55 2 100
55 2 100
55 2 100
55 2 100
55 2 100
55 2 100
55 2 100
55 2 100
55 2 100
55 2 100
55 2 100
55 2 100
55 2 100
55 2 100
56 2 100
56 2 100
56 2 100
56 2 100
56 2 100
56 2 100
56 2 100
56 2 100
56 2 100
56 2 100
56 2 100
56 2 100
56 2 100
56 2 100
56 2 100
56 2 100
56 2 100
57 2 100
57 2 100
57 2 100
57 2 100
57 2 100
57 2 100
57 2 100
57 2 100
57 2 100
57 2 100
57 2 100
57 2 100
57 2 100
57 2 100
57 2 100
57 2 100
57 2 100
57 2 100
58 2 100
58 2 100
58 2 100
58 2 100
58 2 100
58 2 100
58 2 100
58 2 100
58 2 100
58 2 100
58 2 100
58 2 100
58 2 100
58 2 100
58 2 100
58 2 100
58 2 100
58 2 100
58 2 100
59 2 100
59 2 100
59 2 100
59 2 100
59 2 100
59 2 100
59 2 100
59 2 100
59 2 100
59 2 100
59 2 100
59 2 100
59 2 100
59 2 100
59 2 100
59 2 100
59 2 100
59 2 100
59 2 100
59 2 100
60 2 100
60 2 100
60 2 100
60 2 100
60 2 100
60 2 100
60 2 100
60 2 100
60 2 100
60 2 100
60 2 100
60 2 100
60 2 100
60 2 100
60 2 100
60 2 100
60 2 100
60 2 100
60 2 100
60 2 100
60 2 100
61 2 100
61 2 100
61 2 100
61 2 100
61 2 100
61 2 100
61 2 100
61 2 100
61 2 100
61 2 100
61 2 100
61 2 100
61 2 100
61 2 100
61 2 100
61 2 100
61 2 100
61 2 100
61 2 100
61 2 100
61 2 100
62 2 100
62 2 100
62 2 100
62 2 100
62 2 100
62 2 100
62 2 100
62 2 100
62 2 100
62 2 100
62 2 100
62 2 100
62 2 100
62 2 100
62 2 100
62 2 100
62 2 100
62 2 100
62 2 100
62 2 100
62 2 100
63 2 100
63 2 100
63 2 100
63 2 100
63 2 100
63 2 100
63 2 100
63 2 100
63 2 100
63 2 100
63 2 100
63 2 100
63 2 100
63 2 100
63 2 100
63 2 100
63 2 100
63 2 100
63 2 100
63 2 100
63 2 100
64 2 100
64 2 100
64 2 100
64 2 100
64 2 100
64 2 100
64 2 100
64 2 100
64 2 100
64 2 100
64 2 100
64 2 100
64 2 100
64 2 100
64 2 100
64 2 100
64 2 100
64 2 100
64 2 100
64 2 100
64 2 100
65 2 100
65 2 100
65 2 100
65 2 100
65 2 100
65 2 100
65 2 100
65 2 100
65 2 100
65 2 100
65 2 100
65 2 100
65 2 100
65 2 100
65 2 100
65 2 100
65 2 100
65 2 100
65 2 100
65 2 100
66 2 100
66 2 100
66 2 100
66 2 100
66 2 100
66 2 100
66 2 100
66 2 100
66 2 100
66 2 100
66 2 100
66 2 100
66 2 100
66 2 100
66 2 100
66 2 100
66 2 100
66 2 100
66 2 100
67 2 100
67 2 100
67 2 100
67 2 100
67 2 100
67 2 100
67 2 100
67 2 100
67 2 100
67 2 100
67 2 100
67 2 100
67 2 100
67 2 100
67 2 100
67 2 100
67 2 100
68 2 100
68 2 100
68 2 100
68 2 100
68 2 100
68 2 100
68 2 100
68 2 100
68 2 100
68 2 100
68 2 100
68 2 100
68 2 100
68 2 100
68 2 100
69 2 100
69 2 100
69 2 100
69 2 100
69 2 100
69 2 100
69 2 100
69 2 100
69 2 100
69 2 100
69 2 100
69 2 100
69 2 100
70 2 100
70 2 100
70 2 100
70 2 100
70 2 100
70 2 100
70 2 100
70 2 100
70 2 100
70 2 100
70 2 100
70 2 100
71 2 100
71 2 100
71 2 100
71 2 100
71 2 100
71 2 100
71 2 100
71 2 100
71 2 100
71 2 100
72 2 100
72 2 100
72 2 100
72 2 100
72 2 100
72 2 100
72 2 100
72 2 100
72 2 100
73 2 100
73 2 100
73 2 100
73 2 100
73 2 100
73 2 100
73 2 100
74 2 100
74 2 100
74 2 100
74 2 100
74 2 100
74 2 100
75 2 100
75 2 100
75 2 100
75 2 100
75 2 100
76 2 100
76 2 100
76 2 100
76 2 100
77 2 100
77 2 100
77 2 100
78 2 100
78 2 100
79 2 100
80 2 100
81 2 100
82 2 100
83 2 100
84 2 100
85 2 100
86 2 100
87 2 100
88 2 100
89 2 100
90 2 100
91 2 100
92 2 100
93 2 100
94 2 100
95 2 100
95 2 100
96 2 100
96 2 100
97 2 100
97 2 100
97 2 100
98 2 100
98 2 100
98 2 100
98 2 100
99 2 100
99 2 100
99 2 100
99 2 100
99 2 100
100 2 100
100 2 100
100 2 100
100 2 100
100 2 100
101 2 100
101 2 100
101 2 100
101 2 100
101 2 100
101 2 100
102 2 100
102 2 100
102 2 100
102 2 100
102 2 100
102 2 100
103 2 100
103 2 100
103 2 100
103 2 100
103 2 100
103 2 100
104 2 100
104 2 100
104 2 100
104 2 100
104 2 100
105 2 100
105 2 100
105 2 100
105 2 100
105 2 100
106 2 100
106 2 100
106 2 100
106 2 100
107 2 100
107 2 100
107 2 100
107 2 100
108 2 100
108 2 100
108 2 100
108 3 100
108 3 100
108 4 100
108 4 100
108 5 100
# move from (177,82) to (108,6)
177 82 100
176 82 100
175 82 100
174 82 100
173 82 100
172 82 100
171 82 100
170 82 100
169 82 100
168 82 100
167 82 100
166 82 100
165 82 100
164 82 100
163 82 100
162 82 100
161 82 100
160 82 100
159 82 100
158 82 100
157 82 100
156 82 100
155 82 100
154 82 100
154 82 100
153 82 100
153 82 100
153 82 100
152 82 100
152 82 100
152 82 100
152 82 100
151 82 100
151 82 100
151 82 100
151 82 100
151 82 100
150 82 100
150 82 100
150 82 100
150 82 100
150 82 100
150 82 100
150 82 100
149 82 100
149 82 100
149 82 100
149 82 100
149 82 100
149 82 100
149 82 100
149 82 100
148 82 100
148 82 100
148 82 100
148 82 100
148 82 100
148 82 100
148 82 100
148 82 100
148 82 100
147 82 100
147 82 100
147 82 100
147 82 100
147 82 100
147 82 100
147 82 100
147 82 100
147 82 100
147 82 100
147 82 100
146 82 100
146 82 100
146 82 100
146 82 100
146 82 100
146 82 100
146 82 100
146 82 100
146 82 100
146 82 100
146 82 100
146 82 100
145 82 100
145 82 100
145 82 100
145 82 100
145 82 100
145 82 100
145 82 100
145 82 100
145 82 100
145 82 100
145 82 100
145 82 100
145 82 100
145 82 100
144 82 100
144 82 100
144 82 100
144 82 100
144 82 100
144 82 100
144 82 100
144 82 100
144 82 100
144 82 100
144 82 100
144 82 100
144 82 100
144 82 100
144 82 100
143 82 100
143 82 100
143 82 100
143 82 100
143 82 100
143 82 100
143 82 100
143 82 100
143 82 100
143 82 100
143 82 100
143 82 100
143 82 100
143 82 100
143 82 100
143 82 100
143 82 100
142 82 100
142 82 100
142 82 100
142 82 100
142 82 100
142 82 100
142 82 100
142 82 100
142 82 100
142 82 100
142 82 100
142 82 100
142 82 100
142 82 100
142 82 100
142 82 100
142 82 100
142 82 100
141 82 100
141 82 100
141 82 100
141 82 100
141 82 100
141 82 100
141 82 100
141 82 100
141 82 100
141 82 100
141 82 100
141 82 100
141 82 100
141 82 100
141 82 100
141 82 100
141 82 100
141 82 100
141 82 100
140 82 100
140 82 100
140 82 100
140 82 100
140 82 100
140 82 100
140 82 100
140 82 100
140 82 100
140 82 100
140 82 100
140 82 100
140 82 100
140 82 100
140 82 100
140 82 100
140 82 100
140 82 100
140 82 100
140 82 100
140 82 100
139 82 100
139 82 100
139 82 100
139 82 100
139 82 100
139 82 100
139 82 100
139 82 100
139 82 100
139 82 100
139 82 100
139 82 100
139 82 100
139 82 100
139 82 100
139 82 100
139 82 100
139 82 100
139 82 100
139 82 100
139 82 100
139 82 100
139 82 100
139 82 100
138 82 100
138 82 100
138 82 100
138 82 100
138 82 100
138 82 100
138 82 100
138 82 100
138 82 100
138 82 100
138 82 100
138 82 100
138 82 100
138 82 100
138 82 100
138 82 100
138 82 100
138 82 100
138 82 100
138 82 100
138 82 100
138 82 100
138 82 100
138 82 100
138 82 100
138 82 100
137 82 100
137 82 100
137 82 100
137 82 100
137 82 100
137 82 100
137 82 100
137 82 100
137 82 100
137 82 100
137 82 100
137 82 100
137 82 100
137 82 100
137 82 100
137 82 100
137 82 100
137 82 100
137 82 100
137 82 100
137 82 100
137 82 100
137 82 100
137 82 100
137 82 100
137 82 100
137 82 100
137 82 100
136 82 100
136 82 100
136 82 100
136 82 100
136 82 100
136 82 100
136 82 100
136 82 100
136 82 100
136 82 100
136 82 100
136 82 100
136 82 100
136 82 100
136 82 100
136 82 100
136 82 100
136 82 100
136 82 100
136 82 100
136 82 100
136 82 100
136 82 100
136 82 100
136 82 100
136 82 100
136 82 100
136 82 100
136 82 100
136 82 100
135 82 100
135 82 100
135 82 100
135 82 100
135 82 100
135 82 100
135 82 100
135 82 100
135 82 100
135 82 100
135 82 100
135 82 100
135 82 100
135 82 100
135 82 100
135 82 100
135 82 100
135 82 100
135 82 100
135 82 100
135 82 100
135 82 100
135 82 100
135 82 100
135 82 100
135 82 100
135 82 100
135 82 100
135 82 100
135 82 100
135 82 100
135 82 100
134 82 100
134 82 100
134 82 100
134 82 100
134 82 100
134 82 100
134 82 100
134 82 100
134 82 100
134 82 100
134 82 100
134 82 100
134 82 100
134 82 100
134 82 100
134 82 100
134 82 100
134 82 100
134 82 100
134 82 100
134 82 100
134 82 100
134 82 100
134 82 100
134 82 100
134 82 100
134 82 100
134 82 100
134 82 100
134 82 100
134 82 100
134 82 100
134 82 100
133 82 100
133 82 100
133 82 100
133 82 100
133 82 100
133 82 100
133 82 100
133 82 100
133 82 100
133 82 100
133 82 100
133 82 100
133 82 100
133 82 100
133 82 100
133 82 100
133 82 100
133 82 100
133 82 100
133 82 100
133 82 100
133 82 100
133 82 100
133 82 100
133 82 100
133 82 100
133 82 100
133 82 100
133 82 100
133 82 100
133 82 100
133 82 100
133 82 100
133 82 100
132 82 100
132 82 100
132 82 100
132 82 100
132 82 100
132 82 100
132 82 100
132 82 100
132 82 100
132 82 100
132 82 100
132 82 100
132 82 100
132 82 100
132 82 100
132 82 100
132 82 100
132 82 100
132 82 100
132 82 100
132 82 100
132 82 100
132 82 100
132 82 100
132 82 100
132 82 100
132 82 100
132 82 100
132 82 100
132 82 100
132 82 100
132 82 100
132 82 100
132 82 100
132 82 100
131 82 100
131 82 100
131 82 100
131 82 100
131 82 100
131 82 100
131 82 100
131 82 100
131 82 100
131 82 100
131 82 100
131 82 100
131 82 100
131 82 100
131 82 100
131 82 100
131 82 100
131 82 100
131 82 100
131 82 100
131 82 100
131 82 100
131 82 100
131 82 100
131 82 100
131 82 100
131 82 100
131 82 100
131 82 100
131 82 100
131 82 100
131 82 100
131 82 100
131 82 100
130 82 100
130 82 100
130 82 100
130 82 100
130 82 100
130 82 100
130 82 100
130 82 100
130 82 100
130 82 100
130 82 100
130 82 100
130 82 100
130 82 100
130 82 100
130 82 100
130 82 100
130 82 100
130 82 100
130 82 100
130 82 100
130 82 100
130 82 100
130 82 100
130 82 100
130 82 100
130 82 100
130 82 100
130 82 100
130 82 100
130 82 100
130 82 100
130 82 100
130 82 100
130 82 100
129 82 100
129 82 100
129 82 100
129 82 100
129 82 100
129 82 100
129 82 100
129 82 100
129 82 100
129 82 100
129 82 100
129 82 100
129 82 100
129 82 100
129 82 100
129 82 100
129 82 100
129 82 100
129 82 100
129 82 100
129 82 100
129 82 100
129 82 100
129 82 100
129 82 100
129 82 100
129 82 100
129 82 100
129 82 100
129 82 100
129 82 100
129 82 100
129 82 100
129 82 100
128 82 100
128 82 100
128 82 100
128 82 100
128 82 100
128 82 100
128 82 100
128 82 100
128 82 100
128 82 100
128 82 100
128 82 100
128 82 100
128 82 100
128 82 100
128 82 100
128 82 100
128 82 100
128 82 100
128 82 100
128 82 100
128 82 100
128 82 100
128 82 100
128 82 100
128 82 100
128 82 100
128 82 100
128 82 100
128 82 100
128 82 100
128 82 100
128 82 100
127 82 100
127 82 100
127 82 100
127 82 100
127 82 100
127 82 100
127 82 100
127 82 100
127 82 100
127 82 100
127 82 100
127 82 100
127 82 100
127 82 100
127 82 100
127 82 100
127 82 100
127 82 100
127 82 100
127 82 100
127 82 100
127 82 100
127 82 100
127 82 100
127 82 100
127 82 100
127 82 100
127 82 100
127 82 100
127 82 100
127 82 100
126 82 100
126 82 100
126 82 100
126 82 100
126 82 100
126 82 100
126 82 100
126 82 100
126 82 100
126 82 100
126 82 100
126 82 100
126 82 100
126 82 100
126 82 100
126 82 100
126 82 100
126 82 100
126 82 100
126 82 100
126 82 100
126 82 100
126 82 100
126 82 100
126 82 100
126 82 100
126 82 100
126 82 100
126 82 100
125 82 100
125 82 100
125 82 100
125 82 100
125 82 100
125 82 100
125 82 100
125 82 100
125 82 100
125 82 100
125 82 100
125 82 100
125 82 100
125 82 100
125 82 100
125 82 100
125 82 100
125 82 100
125 82 100
125 82 100
125 82 100
125 82 100
125 82 100
125 82 100
125 82 100
125 82 100
124 82 100
124 82 100
124 82 100
124 82 100
124 82 100
124 82 100
124 82 100
124 82 100
124 82 100
124 82 100
124 82 100
124 82 100
124 82 100
124 82 100
124 82 100
124 82 100
124 82 100
124 82 100
124 82 100
124 82 100
124 82 100
124 82 100
124 82 100
124 82 100
123 82 100
123 82 100
123 82 100
123 82 100
123 82 100
123 82 100
123 82 100
123 82 100
123 82 100
123 82 100
123 82 100
123 82 100
123 82 100
123 82 100
123 82 100
123 82 100
123 82 100
123 82 100
123 82 100
123 82 100
123 82 100
122 82 100
122 82 100
122 82 100
122 82 100
122 82 100
122 82 100
122 82 100
122 82 100
122 82 100
122 82 100
122 82 100
122 82 100
122 82 100
122 82 100
122 82 100
122 82 100
122 82 100
122 82 100
121 82 100
121 82 100
121 82 100
121 82 100
121 82 100
121 82 100
121 82 100
121 82 100
121 82 100
121 82 100
121 82 100
121 82 100
121 82 100
121 82 100
120 82 100
120 82 100
120 82 100
120 82 100
120 82 100
120 82 100
120 82 100
120 82 100
120 82 100
120 82 100
120 82 100
119 82 100
119 82 100
119 82 100
119 82 100
119 82 100
119 82 100
119 82 100
118 82 100
118 82 100
118 82 100
118 82 100
118 82 100
117 82 100
117 82 100
117 82 100
116 82 100
116 82 100
115 82 100
114 82 100
113 82 100
112 82 100
111 82 100
110 82 100
109 82 100
# move from (54,195) to (108,6)
54 195 100
55 195 100
56 195 100
57 195 100
58 195 100
59 195 100
60 195 100
61 195 100
62 195 100
63 195 100
64 195 100
65 195 100
66 195 100
67 195 100
68 195 100
69 195 100
70 195 100
71 195 100
72 195 100
73 195 100
74 195 100
74 195 100
75 195 100
75 195 100
76 195 100
76 195 100
76 195 100
77 195 100
77 195 100
77 195 100
77 195 100
78 195 100
78 195 100
78 195 100
78 195 100
78 195 100
79 195 100
79 195 100
79 195 100
79 195 100
79 195 100
79 195 100
80 195 100
80 195 100
80 195 100
80 195 100
80 195 100
80 195 100
80 195 100
80 195 100
81 195 100
81 195 100
81 195 100
81 195 100
81 195 100
81 195 100
81 195 100
81 195 100
81 195 100
82 195 100
82 195 100
82 195 100
82 195 100
82 195 100
82 195 100
82 195 100
82 195 100
82 195 100
82 195 100
83 195 100
83 195 100
83 195 100
83 195 100
83 195 100
83 195 100
83 195 100
83 195 100
83 195 100
83 195 100
83 195 100
83 195 100
84 195 100
84 195 100
84 195 100
84 195 100
84 195 100
84 195 100
84 195 100
84 195 100
84 195 100
84 195 100
84 195 100
84 195 100
84 195 100
84 195 100
85 195 100
85 195 100
85 195 100
85 195 100
85 195 100
85 195 100
85 195 100
85 195 100
85 195 100
85 195 100
85 195 100
85 195 100
85 195 100
85 195 100
85 195 100
85 195 100
86 195 100
86 195 100
86 195 100
86 195 100
86 195 100
86 195 100
86 195 100
86 195 100
86 195 100
86 195 100
86 195 100
86 195 100
86 195 100
86 195 100
86 195 100
86 195 100
86 195 100
86 195 100
86 195 100
87 195 100
87 195 100
87 195 100
87 195 100
87 195 100
87 195 100
87 195 100
87 195 100
87 195 100
87 195 100
87 195 100
87 195 100
87 195 100
87 195 100
87 195 100
87 195 100
87 195 100
87 195 100
87 195 100
87 195 100
87 195 100
87 195 100
88 195 100
88 195 100
88 195 100
88 195 100
88 195 100
88 195 100
88 195 100
88 195 100
88 195 100
88 195 100
88 195 100
88 195 100
88 195 100
88 195 100
88 195 100
88 195 100
88 195 100
88 195 100
88 195 100
88 195 100
88 195 100
88 195 100
88 195 100
88 195 100
89 195 100
89 195 100
89 195 100
89 195 100
89 195 100
89 195 100
89 195 100
89 195 100
89 195 100
89 195 100
89 195 100
89 195 100
89 195 100
89 195 100
89 195 100
89 195 100
89 195 100
89 195 100
89 195 100
89 195 100
89 195 100
89 195 100
89 195 100
89 195 100
89 195 100
89 195 100
89 195 100
90 195 100
90 195 100
90 195 100
90 195 100
90 195 100
90 195 100
90 195 100
90 195 100
90 195 100
90 195 100
90 195 100
90 195 100
90 195 100
90 195 100
90 195 100
90 195 100
90 195 100
90 195 100
90 195 100
90 195 100
90 195 100
90 195 100
90 195 100
90 195 100
90 195 100
90 195 100
90 195 100
90 195 100
90 195 100
91 195 100
91 195 100
91 195 100
91 195 100
91 195 100
91 195 100
91 195 100
91 195 100
91 195 100
91 195 100
91 195 100
91 195 100
91 195 100
91 195 100
91 195 100
91 195 100
91 195 100
91 195 100
91 195 100
91 195 100
91 195 100
91 195 100
91 195 100
91 195 100
91 195 100
91 195 100
91 195 100
91 195 100
91 195 100
91 195 100
92 195 100
92 195 100
92 195 100
92 195 100
92 195 100
92 195 100
92 195 100
92 195 100
92 195 100
92 195 100
92 195 100
92 195 100
92 195 100
92 195 100
92 195 100
92 195 100
92 195 100
92 195 100
92 195 100
92 195 100
92 195 100
92 195 100
92 195 100
92 195 100
92 195 100
92 195 100
92 195 100
92 195 100
92 195 100
92 195 100
92 195 100
93 195 100
93 195 100
93 195 100
93 195 100
93 195 100
93 195 100
93 195 100
93 195 100
93 195 100
93 195 100
93 195 100
93 195 100
93 195 100
93 195 100
93 195 100
93 195 100
93 195 100
93 195 100
93 195 100
93 195 100
93 195 100
93 195 100
93 195 100
93 195 100
93 195 100
93 195 100
93 195 100
93 195 100
93 195 100
93 195 100
93 195 100
94 195 100
94 195 100
94 195 100
94 195 100
94 195 100
94 195 100
94 195 100
94 195 100
94 195 100
94 195 100
94 195 100
94 195 100
94 195 100
94 195 100
94 195 100
94 195 100
94 195 100
94 195 100
94 195 100
94 195 100
94 195 100
94 195 100
94 195 100
94 195 100
94 195 100
94 195 100
94 195 100
94 195 100
94 195 100
94 195 100
95 195 100
95 195 100
95 195 100
95 195 100
95 195 100
95 195 100
95 195 100
95 195 100
95 195 100
95 195 100
95 195 100
95 195 100
95 195 100
95 195 100
95 195 100
95 195 100
95 195 100
95 195 100
95 195 100
95 195 100
95 195 100
95 195 100
95 195 100
95 195 100
95 195 100
95 195 100
95 195 100
95 195 100
95 195 100
96 195 100
96 195 100
96 195 100
96 195 100
96 195 100
96 195 100
96 195 100
96 195 100
96 195 100
96 195 100
96 195 100
96 195 100
96 195 100
96 195 100
96 195 100
96 195 100
96 195 100
96 195 100
96 195 100
96 195 100
96 195 100
96 195 100
96 195 100
96 195 100
96 195 100
96 195 100
97 195 100
97 195 100
97 195 100
97 195 100
97 195 100
97 195 100
97 195 100
97 195 100
97 195 100
97 195 100
97 195 100
97 195 100
97 195 100
97 195 100
97 195 100
97 195 100
97 195 100
97 195 100
97 195 100
97 195 100
97 195 100
97 195 100
97 195 100
98 195 100
98 195 100
98 195 100
98 195 100
98 195 100
98 195 100
98 195 100
98 195 100
98 195 100
98 195 100
98 195 100
98 195 100
98 195 100
98 195 100
98 195 100
98 195 100
98 195 100
98 195 100
98 195 100
98 195 100
99 195 100
99 195 100
99 195 100
99 195 100
99 195 100
99 195 100
99 195 100
99 195 100
99 195 100
99 195 100
99 195 100
99 195 100
99 195 100
99 195 100
99 195 100
99 195 100
99 195 100
100 195 100
100 195 100
100 195 100
100 195 100
100 195 100
100 195 100
100 195 100
100 195 100
100 195 100
100 195 100
100 195 100
100 195 100
100 195 100
101 195 100
101 195 100
101 195 100
101 195 100
101 195 100
101 195 100
101 195 100
101 195 100
101 195 100
101 195 100
102 195 100
102 195 100
102 195 100
102 195 100
102 195 100
102 195 100
102 195 100
102 195 100
103 195 100
103 195 100
103 195 100
103 195 100
103 195 100
103 195 100
104 195 100
104 195 100
104 195 100
104 195 100
104 195 100
105 195 100
105 195 100
105 195 100
105 195 100
106 195 100
106 195 100
106 195 100
107 195 100
107 195 100
107 195 100
108 195 100
108 195 100
108 194 100
108 194 100
108 194 100
108 193 100
108 193 100
108 193 100
108 192 100
108 192 100
108 192 100
108 191 100
108 191 100
108 191 100
108 191 100
108 190 100
108 190 100
108 190 100
108 190 100
108 190 100
108 189 100
108 189 100
108 189 100
108 189 100
108 189 100
108 188 100
108 188 100
108 188 100
108 188 100
108 188 100
108 188 100
108 187 100
108 187 100
108 187 100
108 187 100
108 187 100
108 187 100
108 187 100
108 186 100
108 186 100
108 186 100
108 186 100
108 186 100
108 186 100
108 186 100
108 185 100
108 185 100
108 185 100
108 185 100
108 185 100
108 185 100
108 185 100
108 185 100
108 184 100
108 184 100
108 184 100
108 184 100
108 184 100
108 184 100
108 184 100
108 184 100
108 183 100
108 183 100
108 183 100
108 183 100
108 183 100
108 183 100
108 183 100
108 182 100
108 182 100
108 182 100
108 182 100
108 182 100
108 182 100
108 182 100
108 181 100
108 181 100
108 181 100
108 181 100
108 181 100
108 181 100
108 180 100
108 180 100
108 180 100
108 180 100
108 180 100
108 180 100
108 179 100
108 179 100
108 179 100
108 179 100
108 179 100
108 179 100
108 178 100
108 178 100
108 178 100
108 178 100
108 178 100
108 177 100
108 177 100
108 177 100
108 177 100
108 177 100
108 176 100
108 176 100
108 176 100
108 176 100
108 175 100
108 175 100
108 175 100
108 175 100
108 174 100
108 174 100
108 174 100
108 174 100
108 173 100
108 173 100
108 173 100
108 172 100
108 172 100
108 172 100
108 171 100
108 171 100
108 170 100
108 170 100
108 169 100
108 169 100
108 168 100
108 168 100
108 167 100
108 167 100
108 166 100
108 166 100
108 165 100
108 165 100
108 164 100
108 164 100
108 163 100
108 163 100
108 163 100
108 162 100
108 162 100
108 162 100
108 161 100
108 161 100
108 161 100
108 161 100
108 160 100
108 160 100
108 160 100
108 160 100
108 159 100
108 159 100
108 159 100
108 159 100
108 159 100
108 158 100
108 158 100
108 158 100
108 158 100
108 158 100
108 158 100
108 157 100
108 157 100
108 157 100
108 157 100
108 157 100
108 157 100
108 157 100
108 156 100
108 156 100
108 156 100
108 156 100
108 156 100
108 156 100
108 156 100
108 156 100
108 155 100
108 155 100
108 155 100
108 155 100
108 155 100
108 155 100
108 155 100
108 155 100
108 155 100
108 154 100
108 154 100
108 154 100
108 154 100
108 154 100
108 154 100
108 154 100
108 154 100
108 154 100
108 154 100
108 153 100
108 153 100
108 153 100
108 153 100
108 153 100
108 153 100
108 153 100
108 153 100
108 153 100
108 153 100
108 153 100
108 152 100
108 152 100
108 152 100
108 152 100
108 152 100
108 152 100
108 152 100
108 152 100
108 152 100
108 152 100
108 152 100
108 151 100
108 151 100
108 151 100
108 151 100
108 151 100
108 151 100
108 151 100
108 151 100
108 151 100
108 151 100
108 150 100
108 150 100
108 150 100
108 150 100
108 150 100
108 150 100
108 150 100
108 150 100
108 150 100
108 150 100
108 149 100
108 149 100
108 149 100
108 149 100
108 149 100
108 149 100
108 149 100
108 149 100
108 149 100
108 148 100
108 148 100
108 148 100
108 148 100
108 148 100
108 148 100
108 148 100
108 148 100
108 147 100
108 147 100
108 147 100
108 147 100
108 147 100
108 147 100
108 147 100
108 146 100
108 146 100
108 146 100
108 146 100
108 146 100
108 145 100
108 145 100
108 145 100
108 145 100
108 144 100
108 144 100
108 144 100
108 143 100
108 143 100
108 142 100
108 142 100
108 141 100
108 140 100
108 139 100
108 138 100
108 137 100
108 136 100
108 135 100
108 134 100
108 133 100
108 132 100
108 131 100
108 130 100
108 129 100
108 129 100
108 128 100
108 128 100
# move from (155,44) to (108,6)
155 44 100
154 44 100
153 44 100
152 44 100
151 44 100
150 44 100
149 44 100
148 44 100
147 44 100
146 44 100
145 44 100
144 44 100
143 44 100
142 44 100
141 44 100
140 44 100
139 44 100
138 44 100
137 44 100
136 44 100
135 44 100
134 44 100
133 44 100
132 44 100
131 44 100
130 44 100
130 44 100
129 44 100
129 44 100
128 44 100
128 44 100
128 44 100
127 44 100
127 44 100
127 44 100
126 44 100
126 44 100
126 44 100
126 44 100
125 44 100
125 44 100
125 44 100
125 44 100
125 44 100
124 44 100
124 44 100
124 44 100
124 44 100
124 44 100
123 44 100
123 44 100
123 44 100
123 44 100
123 44 100
122 44 100
122 44 100
122 44 100
122 44 100
122 44 100
122 44 100
121 44 100
121 44 100
121 44 100
121 44 100
121 44 100
121 44 100
120 44 100
120 44 100
120 44 100
120 44 100
120 44 100
120 44 100
119 44 100
119 44 100
119 44 100
119 44 100
119 44 100
119 44 100
118 44 100
118 44 100
118 44 100
118 44 100
118 44 100
118 44 100
117 44 100
117 44 100
117 44 100
117 44 100
117 44 100
117 44 100
117 44 100
116 44 100
116 44 100
116 44 100
116 44 100
116 44 100
116 44 100
116 44 100
116 44 100
115 44 100
115 44 100
115 44 100
115 44 100
115 44 100
115 44 100
115 44 100
115 44 100
115 44 100
114 44 100
114 44 100
114 44 100
114 44 100
114 44 100
114 44 100
114 44 100
114 44 100
114 44 100
114 44 100
113 44 100
113 44 100
113 44 100
113 44 100
113 44 100
113 44 100
113 44 100
113 44 100
113 44 100
113 44 100
113 44 100
113 44 100
112 44 100
112 44 100
112 44 100
112 44 100
112 44 100
112 44 100
112 44 100
112 44 100
112 44 100
112 44 100
112 44 100
112 44 100
112 44 100
112 44 100
111 44 100
111 44 100
111 44 100
111 44 100
111 44 100
111 44 100
111 44 100
111 44 100
111 44 100
111 44 100
111 44 100
111 44 100
111 44 100
111 44 100
111 44 100
111 44 100
111 44 100
110 44 100
110 44 100
110 44 100
110 44 100
110 44 100
110 44 100
110 44 100
110 44 100
110 44 100
110 44 100
110 44 100
110 44 100
110 44 100
110 44 100
110 44 100
110 44 100
110 44 100
110 44 100
110 44 100
110 44 100
109 44 100
109 44 100
109 44 100
109 44 100
109 44 100
109 44 100
109 44 100
109 44 100
109 44 100
109 44 100
109 44 100
109 44 100
109 44 100
109 44 100
109 44 100
109 44 100
109 44 100
109 44 100
109 44 100
109 44 100
109 44 100
109 44 100
109 44 100
