# move from (109,43) to (142,161)
109 43 100
110 43 100
111 43 100
112 43 100
113 43 100
114 43 100
115 43 100
116 43 100
117 43 100
118 43 100
119 43 100
120 43 100
121 43 100
122 43 100
123 43 100
124 43 100
125 43 100
126 43 100
127 43 100
128 43 100
129 43 100
130 43 100
131 43 100
132 43 100
133 43 100
134 43 100
135 43 100
136 43 100
137 43 100
138 43 100
139 43 100
140 43 100
140 43 100
141 43 100
141 43 100
142 43 100
142 43 100
142 43 100
142 44 100
142 44 100
142 44 100
142 45 100
142 45 100
142 45 100
142 46 100
142 46 100
142 46 100
142 46 100
142 47 100
142 47 100
142 47 100
142 47 100
142 47 100
142 48 100
142 48 100
142 48 100
142 48 100
142 48 100
142 48 100
142 49 100
142 49 100
142 49 100
142 49 100
142 49 100
142 49 100
142 49 100
142 49 100
142 50 100
142 50 100
142 50 100
142 50 100
142 50 100
142 50 100
142 50 100
142 50 100
142 50 100
142 50 100
142 51 100
142 51 100
142 51 100
142 51 100
142 51 100
142 51 100
142 51 100
142 51 100
142 51 100
142 51 100
142 51 100
142 51 100
142 51 100
142 51 100
142 52 100
142 52 100
142 52 100
142 52 100
142 52 100
142 52 100
142 52 100
142 52 100
142 52 100
142 52 100
142 52 100
142 52 100
142 52 100
142 52 100
142 52 100
142 52 100
142 52 100
142 53 100
142 53 100
142 53 100
142 53 100
142 53 100
142 53 100
142 53 100
142 53 100
142 53 100
142 53 100
142 53 100
142 53 100
142 53 100
142 53 100
142 53 100
142 53 100
142 53 100
142 53 100
142 53 100
142 53 100
142 53 100
142 54 100
142 54 100
142 54 100
142 54 100
142 54 100
142 54 100
142 54 100
142 54 100
142 54 100
142 54 100
142 54 100
142 54 100
142 54 100
142 54 100
142 54 100
142 54 100
142 54 100
142 54 100
142 54 100
142 54 100
142 54 100
142 54 100
142 54 100
142 54 100
142 54 100
142 55 100
142 55 100
142 55 100
142 55 100
142 55 100
142 55 100
142 55 100
142 55 100
142 55 100
142 55 100
142 55 100
142 55 100
142 55 100
142 55 100
142 55 100
142 55 100
142 55 100
142 55 100
142 55 100
142 55 100
142 55 100
142 55 100
142 55 100
142 55 100
142 55 100
142 55 100
142 55 100
142 56 100
142 56 100
142 56 100
142 56 100
142 56 100
142 56 100
142 56 100
142 56 100
142 56 100
142 56 100
142 56 100
142 56 100
142 56 100
142 56 100
142 56 100
142 56 100
142 56 100
142 56 100
142 56 100
142 56 100
142 56 100
142 56 100
142 56 100
142 56 100
142 56 100
142 56 100
142 56 100
142 56 100
142 56 100
142 57 100
142 57 100
142 57 100
142 57 100
142 57 100
142 57 100
142 57 100
142 57 100
142 57 100
142 57 100
142 57 100
142 57 100
142 57 100
142 57 100
142 57 100
142 57 100
142 57 100
142 57 100
142 57 100
142 57 100
142 57 100
142 57 100
142 57 100
142 57 100
142 57 100
142 57 100
142 57 100
142 57 100
142 57 100
142 57 100
142 58 100
142 58 100
142 58 100
142 58 100
142 58 100
142 58 100
142 58 100
142 58 100
142 58 100
142 58 100
142 58 100
142 58 100
142 58 100
142 58 100
142 58 100
142 58 100
142 58 100
142 58 100
142 58 100
142 58 100
142 58 100
142 58 100
142 58 100
142 58 100
142 58 100
142 58 100
142 58 100
142 58 100
142 58 100
142 58 100
142 58 100
142 59 100
142 59 100
142 59 100
142 59 100
142 59 100
142 59 100
142 59 100
142 59 100
142 59 100
142 59 100
142 59 100
142 59 100
142 59 100
142 59 100
142 59 100
142 59 100
142 59 100
142 59 100
142 59 100
142 59 100
142 59 100
142 59 100
142 59 100
142 59 100
142 59 100
142 59 100
142 59 100
142 59 100
142 59 100
142 59 100
142 60 100
142 60 100
142 60 100
142 60 100
142 60 100
142 60 100
142 60 100
142 60 100
142 60 100
142 60 100
142 60 100
142 60 100
142 60 100
142 60 100
142 60 100
142 60 100
142 60 100
142 60 100
142 60 100
142 60 100
142 60 100
142 60 100
142 60 100
142 60 100
142 60 100
142 60 100
142 60 100
142 60 100
142 60 100
142 60 100
142 61 100
142 61 100
142 61 100
142 61 100
142 61 100
142 61 100
142 61 100
142 61 100
142 61 100
142 61 100
142 61 100
142 61 100
142 61 100
142 61 100
142 61 100
142 61 100
142 61 100
142 61 100
142 61 100
142 61 100
142 61 100
142 61 100
142 61 100
142 61 100
142 61 100
142 61 100
142 61 100
142 61 100
142 61 100
142 62 100
142 62 100
142 62 100
142 62 100
142 62 100
142 62 100
142 62 100
142 62 100
142 62 100
142 62 100
142 62 100
142 62 100
142 62 100
142 62 100
142 62 100
142 62 100
142 62 100
142 62 100
142 62 100
142 62 100
142 62 100
142 62 100
142 62 100
142 62 100
142 62 100
142 62 100
142 62 100
142 62 100
142 63 100
142 63 100
142 63 100
142 63 100
142 63 100
142 63 100
142 63 100
142 63 100
142 63 100
142 63 100
142 63 100
142 63 100
142 63 100
142 63 100
142 63 100
142 63 100
142 63 100
142 63 100
142 63 100
142 63 100
142 63 100
142 63 100
142 63 100
142 63 100
142 63 100
142 63 100
142 63 100
142 64 100
142 64 100
142 64 100
142 64 100
142 64 100
142 64 100
142 64 100
142 64 100
142 64 100
142 64 100
142 64 100
142 64 100
142 64 100
142 64 100
142 64 100
142 64 100
142 64 100
142 64 100
142 64 100
142 64 100
142 64 100
142 64 100
142 64 100
142 64 100
142 64 100
142 65 100
142 65 100
142 65 100
142 65 100
142 65 100
142 65 100
142 65 100
142 65 100
142 65 100
142 65 100
142 65 100
142 65 100
142 65 100
142 65 100
142 65 100
142 65 100
142 65 100
142 65 100
142 65 100
142 65 100
142 65 100
142 65 100
142 65 100
142 65 100
142 66 100
142 66 100
142 66 100
142 66 100
142 66 100
142 66 100
142 66 100
142 66 100
142 66 100
142 66 100
142 66 100
142 66 100
142 66 100
142 66 100
142 66 100
142 66 100
142 66 100
142 66 100
142 66 100
142 66 100
142 66 100
142 66 100
142 66 100
142 66 100
142 67 100
142 67 100
142 67 100
142 67 100
142 67 100
142 67 100
142 67 100
142 67 100
142 67 100
142 67 100
142 67 100
142 67 100
142 67 100
142 67 100
142 67 100
142 67 100
142 67 100
142 67 100
142 67 100
142 67 100
142 67 100
142 67 100
142 67 100
142 67 100
142 68 100
142 68 100
142 68 100
142 68 100
142 68 100
142 68 100
142 68 100
142 68 100
142 68 100
142 68 100
142 68 100
142 68 100
142 68 100
142 68 100
142 68 100
142 68 100
142 68 100
142 68 100
142 68 100
142 68 100
142 68 100
142 68 100
142 68 100
142 68 100
142 69 100
142 69 100
142 69 100
142 69 100
142 69 100
142 69 100
142 69 100
142 69 100
142 69 100
142 69 100
142 69 100
142 69 100
142 69 100
142 69 100
142 69 100
142 69 100
142 69 100
142 69 100
142 69 100
142 69 100
142 69 100
142 69 100
142 69 100
142 69 100
142 70 100
142 70 100
142 70 100
142 70 100
142 70 100
142 70 100
142 70 100
142 70 100
142 70 100
142 70 100
142 70 100
142 70 100
142 70 100
142 70 100
142 70 100
142 70 100
142 70 100
142 70 100
142 70 100
142 70 100
142 70 100
142 70 100
142 70 100
142 70 100
142 71 100
142 71 100
142 71 100
142 71 100
142 71 100
142 71 100
142 71 100
142 71 100
142 71 100
142 71 100
142 71 100
142 71 100
142 71 100
142 71 100
142 71 100
142 71 100
142 71 100
142 71 100
142 71 100
142 71 100
142 71 100
142 71 100
142 71 100
142 71 100
142 72 100
142 72 100
142 72 100
142 72 100
142 72 100
142 72 100
142 72 100
142 72 100
142 72 100
142 72 100
142 72 100
142 72 100
142 72 100
142 72 100
142 72 100
142 72 100
142 72 100
142 72 100
142 72 100
142 72 100
142 72 100
142 72 100
142 72 100
142 72 100
142 73 100
142 73 100
142 73 100
142 73 100
142 73 100
142 73 100
142 73 100
142 73 100
142 73 100
142 73 100
142 73 100
142 73 100
142 73 100
142 73 100
142 73 100
142 73 100
142 73 100
142 73 100
142 73 100
142 73 100
142 73 100
142 73 100
142 73 100
142 74 100
142 74 100
142 74 100
142 74 100
142 74 100
142 74 100
142 74 100
142 74 100
142 74 100
142 74 100
142 74 100
142 74 100
142 74 100
142 74 100
142 74 100
142 74 100
142 74 100
142 74 100
142 74 100
142 74 100
142 74 100
142 74 100
142 75 100
142 75 100
142 75 100
142 75 100
142 75 100
142 75 100
142 75 100
142 75 100
142 75 100
142 75 100
142 75 100
142 75 100
142 75 100
142 75 100
142 75 100
142 75 100
142 75 100
142 75 100
142 75 100
142 75 100
142 76 100
142 76 100
142 76 100
142 76 100
142 76 100
142 76 100
142 76 100
142 76 100
142 76 100
142 76 100
142 76 100
142 76 100
142 76 100
142 76 100
142 76 100
142 76 100
142 76 100
142 76 100
142 77 100
142 77 100
142 77 100
142 77 100
142 77 100
142 77 100
142 77 100
142 77 100
142 77 100
142 77 100
142 77 100
142 77 100
142 77 100
142 77 100
142 77 100
142 77 100
142 78 100
142 78 100
142 78 100
142 78 100
142 78 100
142 78 100
142 78 100
142 78 100
142 78 100
142 78 100
142 78 100
142 78 100
142 78 100
142 79 100
142 79 100
142 79 100
142 79 100
142 79 100
142 79 100
142 79 100
142 79 100
142 79 100
142 79 100
142 79 100
142 80 100
142 80 100
142 80 100
142 80 100
142 80 100
142 80 100
142 80 100
142 80 100
142 80 100
142 81 100
142 81 100
142 81 100
142 81 100
142 81 100
142 81 100
142 81 100
142 82 100
142 82 100
142 82 100
142 82 100
142 82 100
142 82 100
142 83 100
142 83 100
142 83 100
142 83 100
142 84 100
142 84 100
142 84 100
142 84 100
142 85 100
142 85 100
142 85 100
142 86 100
142 86 100
142 86 100
142 87 100
142 87 100
142 87 100
142 88 100
142 88 100
142 88 100
142 89 100
142 89 100
142 89 100
142 90 100
142 90 100
142 91 100
142 91 100
142 92 100
142 92 100
142 93 100
142 94 100
142 95 100
142 96 100
142 97 100
142 98 100
142 99 100
142 100 100
142 101 100
142 102 100
142 103 100
142 104 100
142 104 100
142 105 100
142 105 100
142 106 100
142 106 100
142 107 100
142 107 100
142 107 100
142 108 100
142 108 100
142 108 100
142 108 100
142 109 100
142 109 100
142 109 100
142 109 100
142 110 100
142 110 100
142 110 100
142 110 100
142 111 100
142 111 100
142 111 100
142 111 100
142 112 100
142 112 100
142 112 100
142 112 100
142 113 100
142 113 100
142 113 100
142 113 100
142 114 100
142 114 100
142 114 100
142 114 100
142 115 100
142 115 100
142 115 100
142 115 100
142 116 100
142 116 100
142 116 100
142 116 100
142 117 100
142 117 100
142 117 100
142 117 100
142 118 100
142 118 100
142 118 100
142 118 100
142 119 100
142 119 100
142 119 100
142 119 100
142 120 100
142 120 100
142 120 100
142 120 100
142 121 100
142 121 100
142 121 100
142 121 100
142 122 100
142 122 100
142 122 100
142 122 100
142 123 100
142 123 100
142 123 100
142 123 100
142 123 100
142 124 100
142 124 100
142 124 100
142 124 100
142 124 100
142 125 100
142 125 100
142 125 100
142 125 100
142 125 100
142 125 100
142 126 100
142 126 100
142 126 100
142 126 100
142 126 100
142 126 100
142 127 100
142 127 100
142 127 100
142 127 100
142 127 100
142 127 100
142 127 100
142 128 100
142 128 100
142 128 100
142 128 100
142 128 100
142 128 100
142 128 100
142 129 100
142 129 100
142 129 100
142 129 100
142 129 100
142 129 100
142 130 100
142 130 100
142 130 100
142 130 100
142 130 100
142 130 100
142 131 100
142 131 100
142 131 100
142 131 100
142 131 100
142 131 100
142 132 100
142 132 100
142 132 100
142 132 100
142 132 100
142 133 100
142 133 100
142 133 100
142 133 100
142 134 100
142 134 100
142 134 100
142 135 100
142 135 100
142 135 100
142 136 100
142 136 100
142 137 100
142 137 100
142 138 100
142 139 100
142 140 100
142 141 100
142 142 100
142 143 100
142 144 100
142 145 100
142 146 100
142 147 100
142 148 100
142 149 100
142 150 100
142 151 100
142 152 100
142 153 100
142 154 100
142 155 100
142 156 100
142 157 100
142 158 100
142 159 100
142 160 100
142 161 100
# move from (15,132) to (142,161)
15 132 100
16 132 100
17 132 100
18 132 100
19 132 100
20 132 100
21 132 100
22 132 100
23 132 100
24 132 100
25 132 100
26 132 100
27 132 100
28 132 100
29 132 100
30 132 100
31 132 100
32 132 100
33 132 100
34 132 100
35 132 100
36 132 100
37 132 100
38 132 100
39 132 100
40 132 100
41 132 100
42 132 100
43 132 100
44 132 100
45 132 100
46 132 100
47 132 100
48 132 100
49 132 100
49 132 100
50 132 100
50 132 100
51 132 100
51 132 100
52 132 100
53 132 100
54 132 100
54 132 100
55 132 100
55 132 100
56 132 100
56 132 100
57 132 100
57 132 100
58 132 100
58 132 100
59 132 100
59 132 100
59 132 100
60 132 100
60 132 100
60 132 100
61 132 100
61 132 100
61 132 100
62 132 100
62 132 100
62 132 100
63 132 100
63 132 100
63 132 100
64 132 100
64 132 100
64 132 100
65 132 100
65 132 100
65 132 100
66 132 100
66 132 100
66 132 100
66 132 100
67 132 100
67 132 100
67 132 100
68 132 100
68 132 100
68 132 100
69 132 100
69 132 100
69 132 100
70 132 100
70 132 100
70 132 100
71 132 100
71 132 100
72 132 100
72 132 100
73 132 100
74 132 100
75 132 100
76 132 100
77 132 100
78 132 100
79 132 100
80 132 100
81 132 100
82 132 100
83 132 100
84 132 100
85 132 100
86 132 100
87 132 100
88 132 100
89 132 100
90 132 100
91 132 100
92 132 100
92 132 100
93 132 100
93 132 100
94 132 100
94 132 100
95 132 100
95 132 100
95 132 100
96 132 100
96 132 100
96 132 100
97 132 100
97 132 100
97 132 100
98 132 100
98 132 100
98 132 100
99 132 100
99 132 100
99 132 100
100 132 100
100 132 100
100 132 100
101 132 100
101 132 100
101 132 100
102 132 100
102 132 100
102 132 100
102 132 100
103 132 100
103 132 100
103 132 100
103 132 100
104 132 100
104 132 100
104 132 100
104 132 100
104 132 100
105 132 100
105 132 100
105 132 100
105 132 100
105 132 100
106 132 100
106 132 100
106 132 100
106 132 100
106 132 100
106 132 100
107 132 100
107 132 100
107 132 100
107 132 100
107 132 100
107 132 100
108 132 100
108 132 100
108 132 100
108 132 100
108 132 100
109 132 100
109 132 100
109 132 100
109 132 100
109 132 100
110 132 100
110 132 100
110 132 100
110 132 100
111 132 100
111 132 100
111 132 100
111 132 100
112 132 100
112 132 100
112 132 100
113 132 100
113 132 100
113 132 100
114 132 100
114 132 100
115 132 100
115 132 100
116 132 100
116 132 100
117 132 100
117 132 100
118 132 100
118 132 100
119 132 100
119 132 100
120 132 100
120 132 100
121 132 100
121 132 100
122 132 100
122 132 100
123 132 100
124 132 100
125 132 100
126 132 100
127 132 100
128 132 100
129 132 100
130 132 100
131 132 100
132 132 100
133 132 100
134 132 100
135 132 100
136 132 100
137 132 100
137 132 100
138 132 100
138 132 100
139 132 100
139 132 100
139 132 100
140 132 100
140 132 100
140 132 100
140 132 100
141 132 100
141 132 100
141 132 100
141 132 100
# move from (79,119) to (142,161)
79 119 100
80 119 100
81 119 100
82 119 100
83 119 100
84 119 100
85 119 100
86 119 100
87 119 100
88 119 100
89 119 100
90 119 100
91 119 100
92 119 100
93 119 100
94 119 100
95 119 100
96 119 100
97 119 100
98 119 100
99 119 100
100 119 100
101 119 100
102 119 100
103 119 100
104 119 100
105 119 100
105 119 100
106 119 100
106 119 100
107 119 100
107 119 100
108 119 100
108 119 100
109 119 100
109 119 100
109 119 100
110 119 100
110 119 100
110 119 100
111 119 100
111 119 100
111 119 100
112 119 100
112 119 100
112 119 100
112 119 100
113 119 100
113 119 100
113 119 100
113 119 100
114 119 100
114 119 100
114 119 100
115 119 100
115 119 100
115 119 100
116 119 100
116 119 100
116 119 100
117 119 100
117 119 100
118 119 100
118 119 100
119 119 100
119 119 100
120 119 100
120 119 100
121 119 100
122 119 100
123 119 100
124 119 100
125 119 100
126 119 100
127 119 100
128 119 100
129 119 100
130 119 100
131 119 100
132 119 100
133 119 100
134 119 100
135 119 100
136 119 100
137 119 100
137 119 100
138 119 100
138 119 100
139 119 100
139 119 100
140 119 100
140 119 100
140 119 100
141 119 100
141 119 100
141 119 100
# move from (197,157) to (142,161)
197 157 100
196 157 100
195 157 100
194 157 100
193 157 100
192 157 100
191 157 100
190 157 100
189 157 100
188 157 100
187 157 100
186 157 100
185 157 100
184 157 100
183 157 100
182 157 100
181 157 100
180 157 100
179 157 100
178 157 100
177 157 100
176 157 100
175 157 100
174 157 100
173 157 100
172 157 100
171 157 100
170 157 100
169 157 100
168 157 100
167 157 100
166 157 100
165 157 100
164 157 100
163 157 100
162 157 100
161 157 100
160 157 100
159 157 100
158 157 100
157 157 100
156 157 100
155 157 100
154 157 100
153 157 100
152 157 100
151 157 100
150 157 100
149 157 100
148 157 100
147 157 100
146 157 100
145 157 100
144 157 100
143 157 100
