# move from (17,49) to (195,89)
17 49 100
18 49 100
19 49 100
20 49 100
21 49 100
22 49 100
23 49 100
24 49 100
25 49 100
26 49 100
27 49 100
28 49 100
29 49 100
30 49 100
31 49 100
31 49 100
32 49 100
32 49 100
33 49 100
33 49 100
34 49 100
34 49 100
35 49 100
35 49 100
36 49 100
36 49 100
37 49 100
37 49 100
37 49 100
38 49 100
38 49 100
38 49 100
38 49 100
39 49 100
39 49 100
39 49 100
39 49 100
39 49 100
40 49 100
40 49 100
40 49 100
40 49 100
40 49 100
40 49 100
41 49 100
41 49 100
41 49 100
41 49 100
41 49 100
41 49 100
41 49 100
41 49 100
42 49 100
42 49 100
42 49 100
42 49 100
42 49 100
42 49 100
42 49 100
42 49 100
42 49 100
42 49 100
42 49 100
43 49 100
43 49 100
43 49 100
43 49 100
43 49 100
43 49 100
43 49 100
43 49 100
43 49 100
43 49 100
43 49 100
43 49 100
43 49 100
43 49 100
43 49 100
44 49 100
44 49 100
44 49 100
44 49 100
44 49 100
44 49 100
44 49 100
44 49 100
44 49 100
44 49 100
44 49 100
44 49 100
44 49 100
44 49 100
44 49 100
44 49 100
44 49 100
44 49 100
45 49 100
45 49 100
45 49 100
45 49 100
45 49 100
45 49 100
45 49 100
45 49 100
45 49 100
45 49 100
45 49 100
45 49 100
45 49 100
45 49 100
45 49 100
45 49 100
45 49 100
45 49 100
45 49 100
45 49 100
45 49 100
45 49 100
46 49 100
46 49 100
46 49 100
46 49 100
46 49 100
46 49 100
46 49 100
46 49 100
46 49 100
46 49 100
46 49 100
46 49 100
46 49 100
46 49 100
46 49 100
46 49 100
46 49 100
46 49 100
46 49 100
46 49 100
46 49 100
46 49 100
46 49 100
46 49 100
46 49 100
47 49 100
47 49 100
47 49 100
47 49 100
47 49 100
47 49 100
47 49 100
47 49 100
47 49 100
47 49 100
47 49 100
47 49 100
47 49 100
47 49 100
47 49 100
47 49 100
47 49 100
47 49 100
47 49 100
47 49 100
47 49 100
47 49 100
47 49 100
47 49 100
47 49 100
47 49 100
47 49 100
47 49 100
48 49 100
48 49 100
48 49 100
48 49 100
48 49 100
48 49 100
48 49 100
48 49 100
48 49 100
48 49 100
48 49 100
48 49 100
48 49 100
48 49 100
48 49 100
48 49 100
48 49 100
48 49 100
48 49 100
48 49 100
48 49 100
48 49 100
48 49 100
48 49 100
48 49 100
48 49 100
48 49 100
48 49 100
48 49 100
48 49 100
49 49 100
49 49 100
49 49 100
49 49 100
49 49 100
49 49 100
49 49 100
49 49 100
49 49 100
49 49 100
49 49 100
49 49 100
49 49 100
49 49 100
49 49 100
49 49 100
49 49 100
49 49 100
49 49 100
49 49 100
49 49 100
49 49 100
49 49 100
49 49 100
49 49 100
49 49 100
49 49 100
49 49 100
49 49 100
49 49 100
49 49 100
49 49 100
50 49 100
50 49 100
50 49 100
50 49 100
50 49 100
50 49 100
50 49 100
50 49 100
50 49 100
50 49 100
50 49 100
50 49 100
50 49 100
50 49 100
50 49 100
50 49 100
50 49 100
50 49 100
50 49 100
50 49 100
50 49 100
50 49 100
50 49 100
50 49 100
50 49 100
50 49 100
50 49 100
50 49 100
50 49 100
50 49 100
50 49 100
50 49 100
50 49 100
51 49 100
51 49 100
51 49 100
51 49 100
51 49 100
51 49 100
51 49 100
51 49 100
51 49 100
51 49 100
51 49 100
51 49 100
51 49 100
51 49 100
51 49 100
51 49 100
51 49 100
51 49 100
51 49 100
51 49 100
51 49 100
51 49 100
51 49 100
51 49 100
51 49 100
51 49 100
51 49 100
51 49 100
51 49 100
51 49 100
51 49 100
51 49 100
51 49 100
51 49 100
52 49 100
52 49 100
52 49 100
52 49 100
52 49 100
52 49 100
52 49 100
52 49 100
52 49 100
52 49 100
52 49 100
52 49 100
52 49 100
52 49 100
52 49 100
52 49 100
52 49 100
52 49 100
52 49 100
52 49 100
52 49 100
52 49 100
52 49 100
52 49 100
52 49 100
52 49 100
52 49 100
52 49 100
52 49 100
52 49 100
52 49 100
52 49 100
52 49 100
52 49 100
53 49 100
53 49 100
53 49 100
53 49 100
53 49 100
53 49 100
53 49 100
53 49 100
53 49 100
53 49 100
53 49 100
53 49 100
53 49 100
53 49 100
53 49 100
53 49 100
53 49 100
53 49 100
53 49 100
53 49 100
53 49 100
53 49 100
53 49 100
53 49 100
53 49 100
53 49 100
53 49 100
53 49 100
53 49 100
53 49 100
53 49 100
53 49 100
53 49 100
53 49 100
54 49 100
54 49 100
54 49 100
54 49 100
54 49 100
54 49 100
54 49 100
54 49 100
54 49 100
54 49 100
54 49 100
54 49 100
54 49 100
54 49 100
54 49 100
54 49 100
54 49 100
54 49 100
54 49 100
54 49 100
54 49 100
54 49 100
54 49 100
54 49 100
54 49 100
54 49 100
54 49 100
54 49 100
54 49 100
54 49 100
54 49 100
54 49 100
54 49 100
55 49 100
55 49 100
55 49 100
55 49 100
55 49 100
55 49 100
55 49 100
55 49 100
55 49 100
55 49 100
55 49 100
55 49 100
55 49 100
55 49 100
55 49 100
55 49 100
55 49 100
55 49 100
55 49 100
55 49 100
55 49 100
55 49 100
55 49 100
55 49 100
55 49 100
55 49 100
55 49 100
55 49 100
55 49 100
55 49 100
55 49 100
56 49 100
56 49 100
56 49 100
56 49 100
56 49 100
56 49 100
56 49 100
56 49 100
56 49 100
56 49 100
56 49 100
56 49 100
56 49 100
56 49 100
56 49 100
56 49 100
56 49 100
56 49 100
56 49 100
56 49 100
56 49 100
56 49 100
56 49 100
56 49 100
56 49 100
56 49 100
56 49 100
56 49 100
56 49 100
57 49 100
57 49 100
57 49 100
57 49 100
57 49 100
57 49 100
57 49 100
57 49 100
57 49 100
57 49 100
57 49 100
57 49 100
57 49 100
57 49 100
57 49 100
57 49 100
57 49 100
57 49 100
57 49 100
57 49 100
57 49 100
57 49 100
57 49 100
57 49 100
57 49 100
57 49 100
58 49 100
58 49 100
58 49 100
58 49 100
58 49 100
58 49 100
58 49 100
58 49 100
58 49 100
58 49 100
58 49 100
58 49 100
58 49 100
58 49 100
58 49 100
58 49 100
58 49 100
58 49 100
58 49 100
58 49 100
58 49 100
58 49 100
58 49 100
59 49 100
59 49 100
59 49 100
59 49 100
59 49 100
59 49 100
59 49 100
59 49 100
59 49 100
59 49 100
59 49 100
59 49 100
59 49 100
59 49 100
59 49 100
59 49 100
59 49 100
59 49 100
59 49 100
59 49 100
60 49 100
60 49 100
60 49 100
60 49 100
60 49 100
60 49 100
60 49 100
60 49 100
60 49 100
60 49 100
60 49 100
60 49 100
60 49 100
60 49 100
60 49 100
60 49 100
60 49 100
61 49 100
61 49 100
61 49 100
61 49 100
61 49 100
61 49 100
61 49 100
61 49 100
61 49 100
61 49 100
61 49 100
61 49 100
61 49 100
61 49 100
62 49 100
62 49 100
62 49 100
62 49 100
62 49 100
62 49 100
62 49 100
62 49 100
62 49 100
62 49 100
62 49 100
62 49 100
63 49 100
63 49 100
63 49 100
63 49 100
63 49 100
63 49 100
63 49 100
63 49 100
63 49 100
64 49 100
64 49 100
64 49 100
64 49 100
64 49 100
64 49 100
64 49 100
64 49 100
65 49 100
65 49 100
65 49 100
65 49 100
65 49 100
65 49 100
66 49 100
66 49 100
66 49 100
66 49 100
66 49 100
67 49 100
67 49 100
67 49 100
67 49 100
68 49 100
68 49 100
68 49 100
69 49 100
69 49 100
69 49 100
70 49 100
70 49 100
70 49 100
71 49 100
71 49 100
72 49 100
72 49 100
73 49 100
73 49 100
74 49 100
74 49 100
75 49 100
76 49 100
77 49 100
78 49 100
79 49 100
80 49 100
81 49 100
82 49 100
83 49 100
84 49 100
85 49 100
86 49 100
87 49 100
88 49 100
89 49 100
90 49 100
91 49 100
92 49 100
93 49 100
94 49 100
95 49 100
95 49 100
96 49 100
96 49 100
97 49 100
97 49 100
97 49 100
98 49 100
98 49 100
98 49 100
98 49 100
98 49 100
99 49 100
99 49 100
99 49 100
99 49 100
99 49 100
99 49 100
100 49 100
100 49 100
100 49 100
100 49 100
100 49 100
100 49 100
100 49 100
100 49 100
101 49 100
101 49 100
101 49 100
101 49 100
101 49 100
101 49 100
101 49 100
101 49 100
101 49 100
101 49 100
102 49 100
102 49 100
102 49 100
102 49 100
102 49 100
102 49 100
102 49 100
102 49 100
102 49 100
102 49 100
102 49 100
102 49 100
103 49 100
103 49 100
103 49 100
103 49 100
103 49 100
103 49 100
103 49 100
103 49 100
103 49 100
103 49 100
103 49 100
103 49 100
103 49 100
103 49 100
104 49 100
104 49 100
104 49 100
104 49 100
104 49 100
104 49 100
104 49 100
104 49 100
104 49 100
104 49 100
104 49 100
104 49 100
104 49 100
104 49 100
104 49 100
104 49 100
105 49 100
105 49 100
105 49 100
105 49 100
105 49 100
105 49 100
105 49 100
105 49 100
105 49 100
105 49 100
105 49 100
105 49 100
105 49 100
105 49 100
105 49 100
105 49 100
105 49 100
106 49 100
106 49 100
106 49 100
106 49 100
106 49 100
106 49 100
106 49 100
106 49 100
106 49 100
106 49 100
106 49 100
106 49 100
106 49 100
106 49 100
106 49 100
106 49 100
106 49 100
106 49 100
106 49 100
107 49 100
107 49 100
107 49 100
107 49 100
107 49 100
107 49 100
107 49 100
107 49 100
107 49 100
107 49 100
107 49 100
107 49 100
107 49 100
107 49 100
107 49 100
107 49 100
107 49 100
107 49 100
107 49 100
107 49 100
108 49 100
108 49 100
108 49 100
108 49 100
108 49 100
108 49 100
108 49 100
108 49 100
108 49 100
108 49 100
108 49 100
108 49 100
108 49 100
108 49 100
108 49 100
108 49 100
108 49 100
108 49 100
108 49 100
108 49 100
108 49 100
109 49 100
109 49 100
109 49 100
109 49 100
109 49 100
109 49 100
109 49 100
109 49 100
109 49 100
109 49 100
109 49 100
109 49 100
109 49 100
109 49 100
109 49 100
109 49 100
109 49 100
109 49 100
109 49 100
109 49 100
109 49 100
109 49 100
110 49 100
110 49 100
110 49 100
110 49 100
110 49 100
110 49 100
110 49 100
110 49 100
110 49 100
110 49 100
110 49 100
110 49 100
110 49 100
110 49 100
110 49 100
110 49 100
110 49 100
110 49 100
110 49 100
110 49 100
110 49 100
110 49 100
110 49 100
111 49 100
111 49 100
111 49 100
111 49 100
111 49 100
111 49 100
111 49 100
111 49 100
111 49 100
111 49 100
111 49 100
111 49 100
111 49 100
111 49 100
111 49 100
111 49 100
111 49 100
111 49 100
111 49 100
111 49 100
111 49 100
111 49 100
111 49 100
111 49 100
112 49 100
112 49 100
112 49 100
112 49 100
112 49 100
112 49 100
112 49 100
112 49 100
112 49 100
112 49 100
112 49 100
112 49 100
112 49 100
112 49 100
112 49 100
112 49 100
112 49 100
112 49 100
112 49 100
112 49 100
112 49 100
112 49 100
112 49 100
112 49 100
112 49 100
113 49 100
113 49 100
113 49 100
113 49 100
113 49 100
113 49 100
113 49 100
113 49 100
113 49 100
113 49 100
113 49 100
113 49 100
113 49 100
113 49 100
113 49 100
113 49 100
113 49 100
113 49 100
113 49 100
113 49 100
113 49 100
113 49 100
113 49 100
113 49 100
113 49 100
113 49 100
114 49 100
114 49 100
114 49 100
114 49 100
114 49 100
114 49 100
114 49 100
114 49 100
114 49 100
114 49 100
114 49 100
114 49 100
114 49 100
114 49 100
114 49 100
114 49 100
114 49 100
114 49 100
114 49 100
114 49 100
114 49 100
114 49 100
114 49 100
114 49 100
114 49 100
114 49 100
114 49 100
115 49 100
115 49 100
115 49 100
115 49 100
115 49 100
115 49 100
115 49 100
115 49 100
115 49 100
115 49 100
115 49 100
115 49 100
115 49 100
115 49 100
115 49 100
115 49 100
115 49 100
115 49 100
115 49 100
115 49 100
115 49 100
115 49 100
115 49 100
115 49 100
115 49 100
115 49 100
115 49 100
116 49 100
116 49 100
116 49 100
116 49 100
116 49 100
116 49 100
116 49 100
116 49 100
116 49 100
116 49 100
116 49 100
116 49 100
116 49 100
116 49 100
116 49 100
116 49 100
116 49 100
116 49 100
116 49 100
116 49 100
116 49 100
116 49 100
116 49 100
116 49 100
116 49 100
116 49 100
116 49 100
117 49 100
117 49 100
117 49 100
117 49 100
117 49 100
117 49 100
117 49 100
117 49 100
117 49 100
117 49 100
117 49 100
117 49 100
117 49 100
117 49 100
117 49 100
117 49 100
117 49 100
117 49 100
117 49 100
117 49 100
117 49 100
117 49 100
117 49 100
117 49 100
117 49 100
117 49 100
117 49 100
118 49 100
118 49 100
118 49 100
118 49 100
118 49 100
118 49 100
118 49 100
118 49 100
118 49 100
118 49 100
118 49 100
118 49 100
118 49 100
118 49 100
118 49 100
118 49 100
118 49 100
118 49 100
118 49 100
118 49 100
118 49 100
118 49 100
118 49 100
118 49 100
118 49 100
118 49 100
119 49 100
119 49 100
119 49 100
119 49 100
119 49 100
119 49 100
119 49 100
119 49 100
119 49 100
119 49 100
119 49 100
119 49 100
119 49 100
119 49 100
119 49 100
119 49 100
119 49 100
119 49 100
119 49 100
119 49 100
119 49 100
119 49 100
119 49 100
119 49 100
119 49 100
120 49 100
120 49 100
120 49 100
120 49 100
120 49 100
120 49 100
120 49 100
120 49 100
120 49 100
120 49 100
120 49 100
120 49 100
120 49 100
120 49 100
120 49 100
120 49 100
120 49 100
120 49 100
120 49 100
120 49 100
120 49 100
120 49 100
120 49 100
120 49 100
121 49 100
121 49 100
121 49 100
121 49 100
121 49 100
121 49 100
121 49 100
121 49 100
121 49 100
121 49 100
121 49 100
121 49 100
121 49 100
121 49 100
121 49 100
121 49 100
121 49 100
121 49 100
121 49 100
121 49 100
121 49 100
121 49 100
122 49 100
122 49 100
122 49 100
122 49 100
122 49 100
122 49 100
122 49 100
122 49 100
122 49 100
122 49 100
122 49 100
122 49 100
122 49 100
122 49 100
122 49 100
122 49 100
122 49 100
122 49 100
122 49 100
122 49 100
123 49 100
123 49 100
123 49 100
123 49 100
123 49 100
123 49 100
123 49 100
123 49 100
123 49 100
123 49 100
123 49 100
123 49 100
123 49 100
123 49 100
123 49 100
123 49 100
123 49 100
124 49 100
124 49 100
124 49 100
124 49 100
124 49 100
124 49 100
124 49 100
124 49 100
124 49 100
124 49 100
124 49 100
124 49 100
124 49 100
124 49 100
125 49 100
125 49 100
125 49 100
125 49 100
125 49 100
125 49 100
125 49 100
125 49 100
125 49 100
125 49 100
125 49 100
126 49 100
126 49 100
126 49 100
126 49 100
126 49 100
126 49 100
126 49 100
126 49 100
127 49 100
127 49 100
127 49 100
127 49 100
127 49 100
127 49 100
128 49 100
128 49 100
128 49 100
128 49 100
129 49 100
129 49 100
129 49 100
130 49 100
130 49 100
131 49 100
131 49 100
132 49 100
133 49 100
134 49 100
135 49 100
136 49 100
137 49 100
138 49 100
139 49 100
140 49 100
141 49 100
142 49 100
143 49 100
144 49 100
145 49 100
146 49 100
147 49 100
148 49 100
149 49 100
150 49 100
151 49 100
152 49 100
153 49 100
154 49 100
154 49 100
155 49 100
155 49 100
155 49 100
156 49 100
156 49 100
156 49 100
156 49 100
157 49 100
157 49 100
157 49 100
157 49 100
157 49 100
157 49 100
157 49 100
158 49 100
158 49 100
158 49 100
158 49 100
158 49 100
158 49 100
158 49 100
158 49 100
158 49 100
158 49 100
159 49 100
159 49 100
159 49 100
159 49 100
159 49 100
159 49 100
159 49 100
159 49 100
159 49 100
159 49 100
159 49 100
159 49 100
159 49 100
159 49 100
160 49 100
160 49 100
160 49 100
160 49 100
160 49 100
160 49 100
160 49 100
160 49 100
160 49 100
160 49 100
160 49 100
160 49 100
160 49 100
160 49 100
160 49 100
160 49 100
160 49 100
160 49 100
161 49 100
161 49 100
161 49 100
161 49 100
161 49 100
161 49 100
161 49 100
161 49 100
161 49 100
161 49 100
161 49 100
161 49 100
161 49 100
161 49 100
161 49 100
161 49 100
161 49 100
161 49 100
161 49 100
161 49 100
161 49 100
161 49 100
162 49 100
162 49 100
162 49 100
162 49 100
162 49 100
162 49 100
162 49 100
162 49 100
162 49 100
162 49 100
162 49 100
162 49 100
162 49 100
162 49 100
162 49 100
162 49 100
162 49 100
162 49 100
162 49 100
162 49 100
162 49 100
162 49 100
162 49 100
162 49 100
162 49 100
162 49 100
163 49 100
163 49 100
163 49 100
163 49 100
163 49 100
163 49 100
163 49 100
163 49 100
163 49 100
163 49 100
163 49 100
163 49 100
163 49 100
163 49 100
163 49 100
163 49 100
163 49 100
163 49 100
163 49 100
163 49 100
163 49 100
163 49 100
163 49 100
163 49 100
163 49 100
163 49 100
163 49 100
163 49 100
163 49 100
163 49 100
164 49 100
164 49 100
164 49 100
164 49 100
164 49 100
164 49 100
164 49 100
164 49 100
164 49 100
164 49 100
164 49 100
164 49 100
164 49 100
164 49 100
164 49 100
164 49 100
164 49 100
164 49 100
164 49 100
164 49 100
164 49 100
164 49 100
164 49 100
164 49 100
164 49 100
164 49 100
164 49 100
164 49 100
164 49 100
164 49 100
164 49 100
164 49 100
164 49 100
165 49 100
165 49 100
165 49 100
165 49 100
165 49 100
165 49 100
165 49 100
165 49 100
165 49 100
165 49 100
165 49 100
165 49 100
165 49 100
165 49 100
165 49 100
165 49 100
165 49 100
165 49 100
165 49 100
165 49 100
165 49 100
165 49 100
165 49 100
165 49 100
165 49 100
165 49 100
165 49 100
165 49 100
165 49 100
165 49 100
165 49 100
165 49 100
165 49 100
165 49 100
165 49 100
166 49 100
166 49 100
166 49 100
166 49 100
166 49 100
166 49 100
166 49 100
166 49 100
166 49 100
166 49 100
166 49 100
166 49 100
166 49 100
166 49 100
166 49 100
166 49 100
166 49 100
166 49 100
166 49 100
166 49 100
166 49 100
166 49 100
166 49 100
166 49 100
166 49 100
166 49 100
166 49 100
166 49 100
166 49 100
166 49 100
166 49 100
166 49 100
166 49 100
166 49 100
166 49 100
166 49 100
167 49 100
167 49 100
167 49 100
167 49 100
167 49 100
167 49 100
167 49 100
167 49 100
167 49 100
167 49 100
167 49 100
167 49 100
167 49 100
167 49 100
167 49 100
167 49 100
167 49 100
167 49 100
167 49 100
167 49 100
167 49 100
167 49 100
167 49 100
167 49 100
167 49 100
167 49 100
167 49 100
167 49 100
167 49 100
167 49 100
167 49 100
167 49 100
167 49 100
167 49 100
167 49 100
167 49 100
167 49 100
168 49 100
168 49 100
168 49 100
168 49 100
168 49 100
168 49 100
168 49 100
168 49 100
168 49 100
168 49 100
168 49 100
168 49 100
168 49 100
168 49 100
168 49 100
168 49 100
168 49 100
168 49 100
168 49 100
168 49 100
168 49 100
168 49 100
168 49 100
168 49 100
168 49 100
168 49 100
168 49 100
168 49 100
168 49 100
168 49 100
168 49 100
168 49 100
168 49 100
168 49 100
168 49 100
168 49 100
168 49 100
169 49 100
169 49 100
169 49 100
169 49 100
169 49 100
169 49 100
169 49 100
169 49 100
169 49 100
169 49 100
169 49 100
169 49 100
169 49 100
169 49 100
169 49 100
169 49 100
169 49 100
169 49 100
169 49 100
169 49 100
169 49 100
169 49 100
169 49 100
169 49 100
169 49 100
169 49 100
169 49 100
169 49 100
169 49 100
169 49 100
169 49 100
169 49 100
169 49 100
169 49 100
169 49 100
169 49 100
169 49 100
170 49 100
170 49 100
170 49 100
170 49 100
170 49 100
170 49 100
170 49 100
170 49 100
170 49 100
170 49 100
170 49 100
170 49 100
170 49 100
170 49 100
170 49 100
170 49 100
170 49 100
170 49 100
170 49 100
170 49 100
170 49 100
170 49 100
170 49 100
170 49 100
170 49 100
170 49 100
170 49 100
170 49 100
170 49 100
170 49 100
170 49 100
170 49 100
170 49 100
170 49 100
170 49 100
170 49 100
170 49 100
171 49 100
171 49 100
171 49 100
171 49 100
171 49 100
171 49 100
171 49 100
171 49 100
171 49 100
171 49 100
171 49 100
171 49 100
171 49 100
171 49 100
171 49 100
171 49 100
171 49 100
171 49 100
171 49 100
171 49 100
171 49 100
171 49 100
171 49 100
171 49 100
171 49 100
171 49 100
171 49 100
171 49 100
171 49 100
171 49 100
171 49 100
171 49 100
171 49 100
171 49 100
171 49 100
171 49 100
172 49 100
172 49 100
172 49 100
172 49 100
172 49 100
172 49 100
172 49 100
172 49 100
172 49 100
172 49 100
172 49 100
172 49 100
172 49 100
172 49 100
172 49 100
172 49 100
172 49 100
172 49 100
172 49 100
172 49 100
172 49 100
172 49 100
172 49 100
172 49 100
172 49 100
172 49 100
172 49 100
172 49 100
172 49 100
172 49 100
172 49 100
172 49 100
172 49 100
172 49 100
172 49 100
172 49 100
173 49 100
173 49 100
173 49 100
173 49 100
173 49 100
173 49 100
173 49 100
173 49 100
173 49 100
173 49 100
173 49 100
173 49 100
173 49 100
173 49 100
173 49 100
173 49 100
173 49 100
173 49 100
173 49 100
173 49 100
173 49 100
173 49 100
173 49 100
173 49 100
173 49 100
173 49 100
173 49 100
173 49 100
173 49 100
173 49 100
173 49 100
173 49 100
173 49 100
173 49 100
173 49 100
174 49 100
174 49 100
174 49 100
174 49 100
174 49 100
174 49 100
174 49 100
174 49 100
174 49 100
174 49 100
174 49 100
174 49 100
174 49 100
174 49 100
174 49 100
174 49 100
174 49 100
174 49 100
174 49 100
174 49 100
174 49 100
174 49 100
174 49 100
174 49 100
174 49 100
174 49 100
174 49 100
174 49 100
174 49 100
174 49 100
174 49 100
174 49 100
174 49 100
174 49 100
174 49 100
175 49 100
175 49 100
175 49 100
175 49 100
175 49 100
175 49 100
175 49 100
175 49 100
175 49 100
175 49 100
175 49 100
175 49 100
175 49 100
175 49 100
175 49 100
175 49 100
175 49 100
175 49 100
175 49 100
175 49 100
175 49 100
175 49 100
175 49 100
175 49 100
175 49 100
175 49 100
175 49 100
175 49 100
175 49 100
175 49 100
175 49 100
175 49 100
175 49 100
175 49 100
175 49 100
176 49 100
176 49 100
176 49 100
176 49 100
176 49 100
176 49 100
176 49 100
176 49 100
176 49 100
176 49 100
176 49 100
176 49 100
176 49 100
176 49 100
176 49 100
176 49 100
176 49 100
176 49 100
176 49 100
176 49 100
176 49 100
176 49 100
176 49 100
176 49 100
176 49 100
176 49 100
176 49 100
176 49 100
176 49 100
176 49 100
176 49 100
176 49 100
176 49 100
176 49 100
176 49 100
177 49 100
177 49 100
177 49 100
177 49 100
177 49 100
177 49 100
177 49 100
177 49 100
177 49 100
177 49 100
177 49 100
177 49 100
177 49 100
177 49 100
177 49 100
177 49 100
177 49 100
177 49 100
177 49 100
177 49 100
177 49 100
177 49 100
177 49 100
177 49 100
177 49 100
177 49 100
177 49 100
177 49 100
177 49 100
177 49 100
177 49 100
177 49 100
177 49 100
177 49 100
177 49 100
178 49 100
178 49 100
178 49 100
178 49 100
178 49 100
178 49 100
178 49 100
178 49 100
178 49 100
178 49 100
178 49 100
178 49 100
178 49 100
178 49 100
178 49 100
178 49 100
178 49 100
178 49 100
178 49 100
178 49 100
178 49 100
178 49 100
178 49 100
178 49 100
178 49 100
178 49 100
178 49 100
178 49 100
178 49 100
178 49 100
178 49 100
178 49 100
178 49 100
178 49 100
179 49 100
179 49 100
179 49 100
179 49 100
179 49 100
179 49 100
179 49 100
179 49 100
179 49 100
179 49 100
179 49 100
179 49 100
179 49 100
179 49 100
179 49 100
179 49 100
179 49 100
179 49 100
179 49 100
179 49 100
179 49 100
179 49 100
179 49 100
179 49 100
179 49 100
179 49 100
179 49 100
179 49 100
179 49 100
179 49 100
179 49 100
179 49 100
179 49 100
179 49 100
180 49 100
180 49 100
180 49 100
180 49 100
180 49 100
180 49 100
180 49 100
180 49 100
180 49 100
180 49 100
180 49 100
180 49 100
180 49 100
180 49 100
180 49 100
180 49 100
180 49 100
180 49 100
180 49 100
180 49 100
180 49 100
180 49 100
180 49 100
180 49 100
180 49 100
180 49 100
180 49 100
180 49 100
180 49 100
180 49 100
180 49 100
180 49 100
180 49 100
180 49 100
181 49 100
181 49 100
181 49 100
181 49 100
181 49 100
181 49 100
181 49 100
181 49 100
181 49 100
181 49 100
181 49 100
181 49 100
181 49 100
181 49 100
181 49 100
181 49 100
181 49 100
181 49 100
181 49 100
181 49 100
181 49 100
181 49 100
181 49 100
181 49 100
181 49 100
181 49 100
181 49 100
181 49 100
181 49 100
181 49 100
181 49 100
181 49 100
181 49 100
182 49 100
182 49 100
182 49 100
182 49 100
182 49 100
182 49 100
182 49 100
182 49 100
182 49 100
182 49 100
182 49 100
182 49 100
182 49 100
182 49 100
182 49 100
182 49 100
182 49 100
182 49 100
182 49 100
182 49 100
182 49 100
182 49 100
182 49 100
182 49 100
182 49 100
182 49 100
182 49 100
182 49 100
182 49 100
182 49 100
182 49 100
182 49 100
183 49 100
183 49 100
183 49 100
183 49 100
183 49 100
183 49 100
183 49 100
183 49 100
183 49 100
183 49 100
183 49 100
183 49 100
183 49 100
183 49 100
183 49 100
183 49 100
183 49 100
183 49 100
183 49 100
183 49 100
183 49 100
183 49 100
183 49 100
183 49 100
183 49 100
183 49 100
183 49 100
183 49 100
183 49 100
183 49 100
183 49 100
183 49 100
184 49 100
184 49 100
184 49 100
184 49 100
184 49 100
184 49 100
184 49 100
184 49 100
184 49 100
184 49 100
184 49 100
184 49 100
184 49 100
184 49 100
184 49 100
184 49 100
184 49 100
184 49 100
184 49 100
184 49 100
184 49 100
184 49 100
184 49 100
184 49 100
184 49 100
184 49 100
184 49 100
184 49 100
184 49 100
184 49 100
185 49 100
185 49 100
185 49 100
185 49 100
185 49 100
185 49 100
185 49 100
185 49 100
185 49 100
185 49 100
185 49 100
185 49 100
185 49 100
185 49 100
185 49 100
185 49 100
185 49 100
185 49 100
185 49 100
185 49 100
185 49 100
185 49 100
185 49 100
185 49 100
185 49 100
185 49 100
185 49 100
185 49 100
185 49 100
186 49 100
186 49 100
186 49 100
186 49 100
186 49 100
186 49 100
186 49 100
186 49 100
186 49 100
186 49 100
186 49 100
186 49 100
186 49 100
186 49 100
186 49 100
186 49 100
186 49 100
186 49 100
186 49 100
186 49 100
186 49 100
186 49 100
186 49 100
186 49 100
186 49 100
186 49 100
186 49 100
187 49 100
187 49 100
187 49 100
187 49 100
187 49 100
187 49 100
187 49 100
187 49 100
187 49 100
187 49 100
187 49 100
187 49 100
187 49 100
187 49 100
187 49 100
187 49 100
187 49 100
187 49 100
187 49 100
187 49 100
187 49 100
187 49 100
187 49 100
187 49 100
188 49 100
188 49 100
188 49 100
188 49 100
188 49 100
188 49 100
188 49 100
188 49 100
188 49 100
188 49 100
188 49 100
188 49 100
188 49 100
188 49 100
188 49 100
188 49 100
188 49 100
188 49 100
188 49 100
188 49 100
188 49 100
189 49 100
189 49 100
189 49 100
189 49 100
189 49 100
189 49 100
189 49 100
189 49 100
189 49 100
189 49 100
189 49 100
189 49 100
189 49 100
189 49 100
189 49 100
189 49 100
189 49 100
189 49 100
190 49 100
190 49 100
190 49 100
190 49 100
190 49 100
190 49 100
190 49 100
190 49 100
190 49 100
190 49 100
190 49 100
190 49 100
190 49 100
190 49 100
190 49 100
191 49 100
191 49 100
191 49 100
191 49 100
191 49 100
191 49 100
191 49 100
191 49 100
191 49 100
191 49 100
191 49 100
191 49 100
192 49 100
192 49 100
192 49 100
192 49 100
192 49 100
192 49 100
192 49 100
192 49 100
192 49 100
193 49 100
193 49 100
193 49 100
193 49 100
193 49 100
193 49 100
193 49 100
194 49 100
194 49 100
194 49 100
194 49 100
194 49 100
195 49 100
195 49 100
195 49 100
195 50 100
195 50 100
195 50 100
195 51 100
195 51 100
195 52 100
195 52 100
195 53 100
195 54 100
195 55 100
195 56 100
195 57 100
195 58 100
195 59 100
195 60 100
195 61 100
195 62 100
195 63 100
195 64 100
195 65 100
195 66 100
195 67 100
195 68 100
195 69 100
195 70 100
195 71 100
195 72 100
195 73 100
195 74 100
195 75 100
195 76 100
195 77 100
195 78 100
195 79 100
195 80 100
195 81 100
195 82 100
195 83 100
195 84 100
195 85 100
195 86 100
195 87 100
195 88 100
195 89 100
# move from (141,36) to (195,89)
141 36 100
142 36 100
143 36 100
144 36 100
145 36 100
146 36 100
147 36 100
148 36 100
149 36 100
150 36 100
151 36 100
152 36 100
153 36 100
154 36 100
155 36 100
156 36 100
156 36 100
157 36 100
157 36 100
158 36 100
158 36 100
158 36 100
159 36 100
159 36 100
159 36 100
159 36 100
160 36 100
160 36 100
160 36 100
160 36 100
160 36 100
161 36 100
161 36 100
161 36 100
161 36 100
161 36 100
161 36 100
162 36 100
162 36 100
162 36 100
162 36 100
162 36 100
162 36 100
162 36 100
163 36 100
163 36 100
163 36 100
163 36 100
163 36 100
163 36 100
163 36 100
163 36 100
163 36 100
164 36 100
164 36 100
164 36 100
164 36 100
164 36 100
164 36 100
164 36 100
164 36 100
164 36 100
164 36 100
165 36 100
165 36 100
165 36 100
165 36 100
165 36 100
165 36 100
165 36 100
165 36 100
165 36 100
165 36 100
165 36 100
165 36 100
166 36 100
166 36 100
166 36 100
166 36 100
166 36 100
166 36 100
166 36 100
166 36 100
166 36 100
166 36 100
166 36 100
166 36 100
166 36 100
167 36 100
167 36 100
167 36 100
167 36 100
167 36 100
167 36 100
167 36 100
167 36 100
167 36 100
167 36 100
167 36 100
167 36 100
167 36 100
167 36 100
168 36 100
168 36 100
168 36 100
168 36 100
168 36 100
168 36 100
168 36 100
168 36 100
168 36 100
168 36 100
168 36 100
168 36 100
168 36 100
168 36 100
168 36 100
169 36 100
169 36 100
169 36 100
169 36 100
169 36 100
169 36 100
169 36 100
169 36 100
169 36 100
169 36 100
169 36 100
169 36 100
169 36 100
169 36 100
169 36 100
169 36 100
170 36 100
170 36 100
170 36 100
170 36 100
170 36 100
170 36 100
170 36 100
170 36 100
170 36 100
170 36 100
170 36 100
170 36 100
170 36 100
170 36 100
170 36 100
170 36 100
171 36 100
171 36 100
171 36 100
171 36 100
171 36 100
171 36 100
171 36 100
171 36 100
171 36 100
171 36 100
171 36 100
171 36 100
171 36 100
171 36 100
171 36 100
171 36 100
171 36 100
172 36 100
172 36 100
172 36 100
172 36 100
172 36 100
172 36 100
172 36 100
172 36 100
172 36 100
172 36 100
172 36 100
172 36 100
172 36 100
172 36 100
172 36 100
172 36 100
172 36 100
172 36 100
173 36 100
173 36 100
173 36 100
173 36 100
173 36 100
173 36 100
173 36 100
173 36 100
173 36 100
173 36 100
173 36 100
173 36 100
173 36 100
173 36 100
173 36 100
173 36 100
173 36 100
173 36 100
173 36 100
173 36 100
174 36 100
174 36 100
174 36 100
174 36 100
174 36 100
174 36 100
174 36 100
174 36 100
174 36 100
174 36 100
174 36 100
174 36 100
174 36 100
174 36 100
174 36 100
174 36 100
174 36 100
174 36 100
174 36 100
174 36 100
174 36 100
175 36 100
175 36 100
175 36 100
175 36 100
175 36 100
175 36 100
175 36 100
175 36 100
175 36 100
175 36 100
175 36 100
175 36 100
175 36 100
175 36 100
175 36 100
175 36 100
175 36 100
175 36 100
175 36 100
175 36 100
175 36 100
175 36 100
175 36 100
176 36 100
176 36 100
176 36 100
176 36 100
176 36 100
176 36 100
176 36 100
176 36 100
176 36 100
176 36 100
176 36 100
176 36 100
176 36 100
176 36 100
176 36 100
176 36 100
176 36 100
176 36 100
176 36 100
176 36 100
176 36 100
176 36 100
176 36 100
176 36 100
176 36 100
177 36 100
177 36 100
177 36 100
177 36 100
177 36 100
177 36 100
177 36 100
177 36 100
177 36 100
177 36 100
177 36 100
177 36 100
177 36 100
177 36 100
177 36 100
177 36 100
177 36 100
177 36 100
177 36 100
177 36 100
177 36 100
177 36 100
177 36 100
177 36 100
177 36 100
177 36 100
177 36 100
178 36 100
178 36 100
178 36 100
178 36 100
178 36 100
178 36 100
178 36 100
178 36 100
178 36 100
178 36 100
178 36 100
178 36 100
178 36 100
178 36 100
178 36 100
178 36 100
178 36 100
178 36 100
178 36 100
178 36 100
178 36 100
178 36 100
178 36 100
178 36 100
178 36 100
178 36 100
178 36 100
178 36 100
178 36 100
179 36 100
179 36 100
179 36 100
179 36 100
179 36 100
179 36 100
179 36 100
179 36 100
179 36 100
179 36 100
179 36 100
179 36 100
179 36 100
179 36 100
179 36 100
179 36 100
179 36 100
179 36 100
179 36 100
179 36 100
179 36 100
179 36 100
179 36 100
179 36 100
179 36 100
179 36 100
179 36 100
179 36 100
179 36 100
179 36 100
179 36 100
180 36 100
180 36 100
180 36 100
180 36 100
180 36 100
180 36 100
180 36 100
180 36 100
180 36 100
180 36 100
180 36 100
180 36 100
180 36 100
180 36 100
180 36 100
180 36 100
180 36 100
180 36 100
180 36 100
180 36 100
180 36 100
180 36 100
180 36 100
180 36 100
180 36 100
180 36 100
180 36 100
180 36 100
180 36 100
180 36 100
180 36 100
180 36 100
180 36 100
181 36 100
181 36 100
181 36 100
181 36 100
181 36 100
181 36 100
181 36 100
181 36 100
181 36 100
181 36 100
181 36 100
181 36 100
181 36 100
181 36 100
181 36 100
181 36 100
181 36 100
181 36 100
181 36 100
181 36 100
181 36 100
181 36 100
181 36 100
181 36 100
181 36 100
181 36 100
181 36 100
181 36 100
181 36 100
181 36 100
181 36 100
181 36 100
181 36 100
181 36 100
181 36 100
182 36 100
182 36 100
182 36 100
182 36 100
182 36 100
182 36 100
182 36 100
182 36 100
182 36 100
182 36 100
182 36 100
182 36 100
182 36 100
182 36 100
182 36 100
182 36 100
182 36 100
182 36 100
182 36 100
182 36 100
182 36 100
182 36 100
182 36 100
182 36 100
182 36 100
182 36 100
182 36 100
182 36 100
182 36 100
182 36 100
182 36 100
182 36 100
182 36 100
182 36 100
182 36 100
182 36 100
182 36 100
183 36 100
183 36 100
183 36 100
183 36 100
183 36 100
183 36 100
183 36 100
183 36 100
183 36 100
183 36 100
183 36 100
183 36 100
183 36 100
183 36 100
183 36 100
183 36 100
183 36 100
183 36 100
183 36 100
183 36 100
183 36 100
183 36 100
183 36 100
183 36 100
183 36 100
183 36 100
183 36 100
183 36 100
183 36 100
183 36 100
183 36 100
183 36 100
183 36 100
183 36 100
183 36 100
183 36 100
183 36 100
183 36 100
184 36 100
184 36 100
184 36 100
184 36 100
184 36 100
184 36 100
184 36 100
184 36 100
184 36 100
184 36 100
184 36 100
184 36 100
184 36 100
184 36 100
184 36 100
184 36 100
184 36 100
184 36 100
184 36 100
184 36 100
184 36 100
184 36 100
184 36 100
184 36 100
184 36 100
184 36 100
184 36 100
184 36 100
184 36 100
184 36 100
184 36 100
184 36 100
184 36 100
184 36 100
184 36 100
184 36 100
184 36 100
184 36 100
184 36 100
185 36 100
185 36 100
185 36 100
185 36 100
185 36 100
185 36 100
185 36 100
185 36 100
185 36 100
185 36 100
185 36 100
185 36 100
185 36 100
185 36 100
185 36 100
185 36 100
185 36 100
185 36 100
185 36 100
185 36 100
185 36 100
185 36 100
185 36 100
185 36 100
185 36 100
185 36 100
185 36 100
185 36 100
185 36 100
185 36 100
185 36 100
185 36 100
185 36 100
185 36 100
185 36 100
185 36 100
185 36 100
185 36 100
185 36 100
185 36 100
186 36 100
186 36 100
186 36 100
186 36 100
186 36 100
186 36 100
186 36 100
186 36 100
186 36 100
186 36 100
186 36 100
186 36 100
186 36 100
186 36 100
186 36 100
186 36 100
186 36 100
186 36 100
186 36 100
186 36 100
186 36 100
186 36 100
186 36 100
186 36 100
186 36 100
186 36 100
186 36 100
186 36 100
186 36 100
186 36 100
186 36 100
186 36 100
186 36 100
186 36 100
186 36 100
186 36 100
186 36 100
186 36 100
186 36 100
187 36 100
187 36 100
187 36 100
187 36 100
187 36 100
187 36 100
187 36 100
187 36 100
187 36 100
187 36 100
187 36 100
187 36 100
187 36 100
187 36 100
187 36 100
187 36 100
187 36 100
187 36 100
187 36 100
187 36 100
187 36 100
187 36 100
187 36 100
187 36 100
187 36 100
187 36 100
187 36 100
187 36 100
187 36 100
187 36 100
187 36 100
187 36 100
187 36 100
187 36 100
187 36 100
187 36 100
187 36 100
187 36 100
187 36 100
188 36 100
188 36 100
188 36 100
188 36 100
188 36 100
188 36 100
188 36 100
188 36 100
188 36 100
188 36 100
188 36 100
188 36 100
188 36 100
188 36 100
188 36 100
188 36 100
188 36 100
188 36 100
188 36 100
188 36 100
188 36 100
188 36 100
188 36 100
188 36 100
188 36 100
188 36 100
188 36 100
188 36 100
188 36 100
188 36 100
188 36 100
188 36 100
188 36 100
188 36 100
188 36 100
188 36 100
188 36 100
189 36 100
189 36 100
189 36 100
189 36 100
189 36 100
189 36 100
189 36 100
189 36 100
189 36 100
189 36 100
189 36 100
189 36 100
189 36 100
189 36 100
189 36 100
189 36 100
189 36 100
189 36 100
189 36 100
189 36 100
189 36 100
189 36 100
189 36 100
189 36 100
189 36 100
189 36 100
189 36 100
189 36 100
189 36 100
189 36 100
189 36 100
189 36 100
189 36 100
189 36 100
189 36 100
189 36 100
190 36 100
190 36 100
190 36 100
190 36 100
190 36 100
190 36 100
190 36 100
190 36 100
190 36 100
190 36 100
190 36 100
190 36 100
190 36 100
190 36 100
190 36 100
190 36 100
190 36 100
190 36 100
190 36 100
190 36 100
190 36 100
190 36 100
190 36 100
190 36 100
190 36 100
190 36 100
190 36 100
190 36 100
190 36 100
190 36 100
190 36 100
190 36 100
190 36 100
191 36 100
191 36 100
191 36 100
191 36 100
191 36 100
191 36 100
191 36 100
191 36 100
191 36 100
191 36 100
191 36 100
191 36 100
191 36 100
191 36 100
191 36 100
191 36 100
191 36 100
191 36 100
191 36 100
191 36 100
191 36 100
191 36 100
191 36 100
191 36 100
191 36 100
191 36 100
191 36 100
191 36 100
191 36 100
191 36 100
191 36 100
192 36 100
192 36 100
192 36 100
192 36 100
192 36 100
192 36 100
192 36 100
192 36 100
192 36 100
192 36 100
192 36 100
192 36 100
192 36 100
192 36 100
192 36 100
192 36 100
192 36 100
192 36 100
192 36 100
192 36 100
192 36 100
192 36 100
192 36 100
192 36 100
192 36 100
192 36 100
192 36 100
192 36 100
193 36 100
193 36 100
193 36 100
193 36 100
193 36 100
193 36 100
193 36 100
193 36 100
193 36 100
193 36 100
193 36 100
193 36 100
193 36 100
193 36 100
193 36 100
193 36 100
193 36 100
193 36 100
193 36 100
193 36 100
193 36 100
193 36 100
193 36 100
193 36 100
194 36 100
194 36 100
194 36 100
194 36 100
194 36 100
194 36 100
194 36 100
194 36 100
194 36 100
194 36 100
194 36 100
194 36 100
194 36 100
194 36 100
194 36 100
194 36 100
194 36 100
194 36 100
194 36 100
194 36 100
195 36 100
195 36 100
195 36 100
195 36 100
195 36 100
195 36 100
195 36 100
195 36 100
195 36 100
195 36 100
195 36 100
195 36 100
195 36 100
195 36 100
195 36 100
195 36 100
195 37 100
195 37 100
195 37 100
195 37 100
195 37 100
195 37 100
195 37 100
195 37 100
195 37 100
195 37 100
195 37 100
195 37 100
195 37 100
195 37 100
195 37 100
195 38 100
195 38 100
195 38 100
195 38 100
195 38 100
195 38 100
195 38 100
195 38 100
195 38 100
195 38 100
195 38 100
195 38 100
195 38 100
195 38 100
195 39 100
195 39 100
195 39 100
195 39 100
195 39 100
195 39 100
195 39 100
195 39 100
195 39 100
195 39 100
195 39 100
195 39 100
195 39 100
195 40 100
195 40 100
195 40 100
195 40 100
195 40 100
195 40 100
195 40 100
195 40 100
195 40 100
195 40 100
195 40 100
195 40 100
195 41 100
195 41 100
195 41 100
195 41 100
195 41 100
195 41 100
195 41 100
195 41 100
195 41 100
195 41 100
195 41 100
195 42 100
195 42 100
195 42 100
195 42 100
195 42 100
195 42 100
195 42 100
195 42 100
195 42 100
195 42 100
195 42 100
195 43 100
195 43 100
195 43 100
195 43 100
195 43 100
195 43 100
195 43 100
195 43 100
195 43 100
195 43 100
195 44 100
195 44 100
195 44 100
195 44 100
195 44 100
195 44 100
195 44 100
195 44 100
195 44 100
195 45 100
195 45 100
195 45 100
195 45 100
195 45 100
195 45 100
195 45 100
195 45 100
195 46 100
195 46 100
195 46 100
195 46 100
195 46 100
195 46 100
195 47 100
195 47 100
195 47 100
195 47 100
195 47 100
195 48 100
195 48 100
195 48 100
195 48 100
# move from (49,184) to (195,89)
49 184 100
50 184 100
51 184 100
52 184 100
53 184 100
54 184 100
55 184 100
56 184 100
57 184 100
58 184 100
59 184 100
60 184 100
61 184 100
62 184 100
63 184 100
64 184 100
65 184 100
66 184 100
67 184 100
68 184 100
69 184 100
70 184 100
71 184 100
72 184 100
73 184 100
74 184 100
75 184 100
76 184 100
77 184 100
78 184 100
79 184 100
80 184 100
80 184 100
81 184 100
81 184 100
82 184 100
82 184 100
82 184 100
83 184 100
83 184 100
83 184 100
83 184 100
83 184 100
84 184 100
84 184 100
84 184 100
84 184 100
84 184 100
84 184 100
84 184 100
85 184 100
85 184 100
85 184 100
85 184 100
85 184 100
85 184 100
85 184 100
85 184 100
85 184 100
86 184 100
86 184 100
86 184 100
86 184 100
86 184 100
86 184 100
86 184 100
86 184 100
86 184 100
86 184 100
86 184 100
86 184 100
87 184 100
87 184 100
87 184 100
87 184 100
87 184 100
87 184 100
87 184 100
87 184 100
87 184 100
87 184 100
87 184 100
87 184 100
87 184 100
87 184 100
87 184 100
88 184 100
88 184 100
88 184 100
88 184 100
88 184 100
88 184 100
88 184 100
88 184 100
88 184 100
88 184 100
88 184 100
88 184 100
88 184 100
88 184 100
88 184 100
88 184 100
88 184 100
89 184 100
89 184 100
89 184 100
89 184 100
89 184 100
89 184 100
89 184 100
89 184 100
89 184 100
89 184 100
89 184 100
89 184 100
89 184 100
89 184 100
89 184 100
89 184 100
89 184 100
89 184 100
89 184 100
89 184 100
90 184 100
90 184 100
90 184 100
90 184 100
90 184 100
90 184 100
90 184 100
90 184 100
90 184 100
90 184 100
90 184 100
90 184 100
90 184 100
90 184 100
90 184 100
90 184 100
90 184 100
90 184 100
90 184 100
90 184 100
90 184 100
90 184 100
91 184 100
91 184 100
91 184 100
91 184 100
91 184 100
91 184 100
91 184 100
91 184 100
91 184 100
91 184 100
91 184 100
91 184 100
91 184 100
91 184 100
91 184 100
91 184 100
91 184 100
91 184 100
91 184 100
91 184 100
91 184 100
91 184 100
91 184 100
92 184 100
92 184 100
92 184 100
92 184 100
92 184 100
92 184 100
92 184 100
92 184 100
92 184 100
92 184 100
92 184 100
92 184 100
92 184 100
92 184 100
92 184 100
92 184 100
92 184 100
92 184 100
92 184 100
92 184 100
92 184 100
92 184 100
92 184 100
93 184 100
93 184 100
93 184 100
93 184 100
93 184 100
93 184 100
93 184 100
93 184 100
93 184 100
93 184 100
93 184 100
93 184 100
93 184 100
93 184 100
93 184 100
93 184 100
93 184 100
93 184 100
93 184 100
93 184 100
93 184 100
93 184 100
93 184 100
94 184 100
94 184 100
94 184 100
94 184 100
94 184 100
94 184 100
94 184 100
94 184 100
94 184 100
94 184 100
94 184 100
94 184 100
94 184 100
94 184 100
94 184 100
94 184 100
94 184 100
94 184 100
94 184 100
94 184 100
94 184 100
94 184 100
94 184 100
95 184 100
95 184 100
95 184 100
95 184 100
95 184 100
95 184 100
95 184 100
95 184 100
95 184 100
95 184 100
95 184 100
95 184 100
95 184 100
95 184 100
95 184 100
95 184 100
95 184 100
95 184 100
95 184 100
95 184 100
95 184 100
95 184 100
95 184 100
96 184 100
96 184 100
96 184 100
96 184 100
96 184 100
96 184 100
96 184 100
96 184 100
96 184 100
96 184 100
96 184 100
96 184 100
96 184 100
96 184 100
96 184 100
96 184 100
96 184 100
96 184 100
96 184 100
96 184 100
96 184 100
96 184 100
97 184 100
97 184 100
97 184 100
97 184 100
97 184 100
97 184 100
97 184 100
97 184 100
97 184 100
97 184 100
97 184 100
97 184 100
97 184 100
97 184 100
97 184 100
97 184 100
97 184 100
97 184 100
97 184 100
97 184 100
97 184 100
98 184 100
98 184 100
98 184 100
98 184 100
98 184 100
98 184 100
98 184 100
98 184 100
98 184 100
98 184 100
98 184 100
98 184 100
98 184 100
98 184 100
98 184 100
98 184 100
98 184 100
98 184 100
98 184 100
98 184 100
99 184 100
99 184 100
99 184 100
99 184 100
99 184 100
99 184 100
99 184 100
99 184 100
99 184 100
99 184 100
99 184 100
99 184 100
99 184 100
99 184 100
99 184 100
99 184 100
99 184 100
99 184 100
100 184 100
100 184 100
100 184 100
100 184 100
100 184 100
100 184 100
100 184 100
100 184 100
100 184 100
100 184 100
100 184 100
100 184 100
100 184 100
100 184 100
100 184 100
100 184 100
100 184 100
101 184 100
101 184 100
101 184 100
101 184 100
101 184 100
101 184 100
101 184 100
101 184 100
101 184 100
101 184 100
101 184 100
101 184 100
101 184 100
101 184 100
101 184 100
102 184 100
102 184 100
102 184 100
102 184 100
102 184 100
102 184 100
102 184 100
102 184 100
102 184 100
102 184 100
102 184 100
102 184 100
102 184 100
103 184 100
103 184 100
103 184 100
103 184 100
103 184 100
103 184 100
103 184 100
103 184 100
103 184 100
103 184 100
103 184 100
103 184 100
104 184 100
104 184 100
104 184 100
104 184 100
104 184 100
104 184 100
104 184 100
104 184 100
104 184 100
104 184 100
104 184 100
105 184 100
105 184 100
105 184 100
105 184 100
105 184 100
105 184 100
105 184 100
105 184 100
105 184 100
105 184 100
105 184 100
106 184 100
106 184 100
106 184 100
106 184 100
106 184 100
106 184 100
106 184 100
106 184 100
106 184 100
106 184 100
107 184 100
107 184 100
107 184 100
107 184 100
107 184 100
107 184 100
107 184 100
107 184 100
107 184 100
107 184 100
108 184 100
108 184 100
108 184 100
108 184 100
108 184 100
108 184 100
108 184 100
108 184 100
108 184 100
108 184 100
109 184 100
109 184 100
109 184 100
109 184 100
109 184 100
109 184 100
109 184 100
109 184 100
109 184 100
109 184 100
110 184 100
110 184 100
110 184 100
110 184 100
110 184 100
110 184 100
110 184 100
110 184 100
110 184 100
110 184 100
111 184 100
111 184 100
111 184 100
111 184 100
111 184 100
111 184 100
111 184 100
111 184 100
111 184 100
111 184 100
112 184 100
112 184 100
112 184 100
112 184 100
112 184 100
112 184 100
112 184 100
112 184 100
112 184 100
113 184 100
113 184 100
113 184 100
113 184 100
113 184 100
113 184 100
113 184 100
113 184 100
114 184 100
114 184 100
114 184 100
114 184 100
114 184 100
114 184 100
114 184 100
114 184 100
115 184 100
115 184 100
115 184 100
115 184 100
115 184 100
115 184 100
115 184 100
116 184 100
116 184 100
116 184 100
116 184 100
116 184 100
116 184 100
117 184 100
117 184 100
117 184 100
117 184 100
117 184 100
118 184 100
118 184 100
118 184 100
118 184 100
119 184 100
119 184 100
119 184 100
120 184 100
120 184 100
121 184 100
121 184 100
122 184 100
123 184 100
124 184 100
125 184 100
126 184 100
127 184 100
128 184 100
129 184 100
130 184 100
131 184 100
132 184 100
133 184 100
134 184 100
135 184 100
136 184 100
137 184 100
138 184 100
139 184 100
140 184 100
141 184 100
142 184 100
143 184 100
144 184 100
145 184 100
146 184 100
147 184 100
148 184 100
149 184 100
150 184 100
150 184 100
151 184 100
151 184 100
152 184 100
152 184 100
153 184 100
153 184 100
154 184 100
154 184 100
155 184 100
155 184 100
156 184 100
156 184 100
157 184 100
157 184 100
158 184 100
158 184 100
159 184 100
159 184 100
160 184 100
160 184 100
160 184 100
161 184 100
161 184 100
161 184 100
162 184 100
162 184 100
162 184 100
163 184 100
163 184 100
163 184 100
164 184 100
164 184 100
164 184 100
165 184 100
165 184 100
165 184 100
166 184 100
166 184 100
166 184 100
167 184 100
167 184 100
167 184 100
168 184 100
168 184 100
168 184 100
169 184 100
169 184 100
169 184 100
170 184 100
170 184 100
171 184 100
171 184 100
172 184 100
172 184 100
173 184 100
173 184 100
174 184 100
174 184 100
175 184 100
176 184 100
177 184 100
178 184 100
179 184 100
180 184 100
181 184 100
181 184 100
182 184 100
182 184 100
183 184 100
183 184 100
184 184 100
184 184 100
184 184 100
185 184 100
185 184 100
185 184 100
186 184 100
186 184 100
186 184 100
186 184 100
187 184 100
187 184 100
187 184 100
187 184 100
188 184 100
188 184 100
188 184 100
188 184 100
188 184 100
189 184 100
189 184 100
189 184 100
189 184 100
189 184 100
190 184 100
190 184 100
190 184 100
190 184 100
190 184 100
190 184 100
191 184 100
191 184 100
191 184 100
191 184 100
191 184 100
191 184 100
192 184 100
192 184 100
192 184 100
192 184 100
192 184 100
192 184 100
193 184 100
193 184 100
193 184 100
193 184 100
193 184 100
194 184 100
194 184 100
194 184 100
194 184 100
194 184 100
195 184 100
195 184 100
195 184 100
195 184 100
195 184 100
195 183 100
195 183 100
195 183 100
195 183 100
195 183 100
195 182 100
195 182 100
195 182 100
195 182 100
195 182 100
195 181 100
195 181 100
195 181 100
195 181 100
195 181 100
195 180 100
195 180 100
195 180 100
195 180 100
195 180 100
195 179 100
195 179 100
195 179 100
195 179 100
195 179 100
195 178 100
195 178 100
195 178 100
195 178 100
195 178 100
195 177 100
195 177 100
195 177 100
195 177 100
195 177 100
195 176 100
195 176 100
195 176 100
195 176 100
195 176 100
195 175 100
195 175 100
195 175 100
195 175 100
195 175 100
195 175 100
195 174 100
195 174 100
195 174 100
195 174 100
195 174 100
195 174 100
195 173 100
195 173 100
195 173 100
195 173 100
195 173 100
195 173 100
195 173 100
195 172 100
195 172 100
195 172 100
195 172 100
195 172 100
195 172 100
195 172 100
195 172 100
195 171 100
195 171 100
195 171 100
195 171 100
195 171 100
195 171 100
195 171 100
195 171 100
195 171 100
195 170 100
195 170 100
195 170 100
195 170 100
195 170 100
195 170 100
195 170 100
195 170 100
195 170 100
195 170 100
195 170 100
195 169 100
195 169 100
195 169 100
195 169 100
195 169 100
195 169 100
195 169 100
195 169 100
195 169 100
195 169 100
195 169 100
195 169 100
195 168 100
195 168 100
195 168 100
195 168 100
195 168 100
195 168 100
195 168 100
195 168 100
195 168 100
195 168 100
195 168 100
195 168 100
195 168 100
195 168 100
195 167 100
195 167 100
195 167 100
195 167 100
195 167 100
195 167 100
195 167 100
195 167 100
195 167 100
195 167 100
195 167 100
195 167 100
195 167 100
195 167 100
195 167 100
195 167 100
195 166 100
195 166 100
195 166 100
195 166 100
195 166 100
195 166 100
195 166 100
195 166 100
195 166 100
195 166 100
195 166 100
195 166 100
195 166 100
195 166 100
195 166 100
195 166 100
195 166 100
195 166 100
195 165 100
195 165 100
195 165 100
195 165 100
195 165 100
195 165 100
195 165 100
195 165 100
195 165 100
195 165 100
195 165 100
195 165 100
195 165 100
195 165 100
195 165 100
195 165 100
195 165 100
195 165 100
195 165 100
195 164 100
195 164 100
195 164 100
195 164 100
195 164 100
195 164 100
195 164 100
195 164 100
195 164 100
195 164 100
195 164 100
195 164 100
195 164 100
195 164 100
195 164 100
195 164 100
195 164 100
195 164 100
195 164 100
195 164 100
195 163 100
195 163 100
195 163 100
195 163 100
195 163 100
195 163 100
195 163 100
195 163 100
195 163 100
195 163 100
195 163 100
195 163 100
195 163 100
195 163 100
195 163 100
195 163 100
195 163 100
195 163 100
195 163 100
195 163 100
195 162 100
195 162 100
195 162 100
195 162 100
195 162 100
195 162 100
195 162 100
195 162 100
195 162 100
195 162 100
195 162 100
195 162 100
195 162 100
195 162 100
195 162 100
195 162 100
195 162 100
195 162 100
195 162 100
195 162 100
195 161 100
195 161 100
195 161 100
195 161 100
195 161 100
195 161 100
195 161 100
195 161 100
195 161 100
195 161 100
195 161 100
195 161 100
195 161 100
195 161 100
195 161 100
195 161 100
195 161 100
195 161 100
195 161 100
195 160 100
195 160 100
195 160 100
195 160 100
195 160 100
195 160 100
195 160 100
195 160 100
195 160 100
195 160 100
195 160 100
195 160 100
195 160 100
195 160 100
195 160 100
195 160 100
195 160 100
195 160 100
195 159 100
195 159 100
195 159 100
195 159 100
195 159 100
195 159 100
195 159 100
195 159 100
195 159 100
195 159 100
195 159 100
195 159 100
195 159 100
195 159 100
195 159 100
195 159 100
195 158 100
195 158 100
195 158 100
195 158 100
195 158 100
195 158 100
195 158 100
195 158 100
195 158 100
195 158 100
195 158 100
195 158 100
195 158 100
195 158 100
195 157 100
195 157 100
195 157 100
195 157 100
195 157 100
195 157 100
195 157 100
195 157 100
195 157 100
195 157 100
195 157 100
195 157 100
195 156 100
195 156 100
195 156 100
195 156 100
195 156 100
195 156 100
195 156 100
195 156 100
195 156 100
195 156 100
195 156 100
195 155 100
195 155 100
195 155 100
195 155 100
195 155 100
195 155 100
195 155 100
195 155 100
195 155 100
195 154 100
195 154 100
195 154 100
195 154 100
195 154 100
195 154 100
195 154 100
195 154 100
195 153 100
195 153 100
195 153 100
195 153 100
195 153 100
195 153 100
195 152 100
195 152 100
195 152 100
195 152 100
195 152 100
195 151 100
195 151 100
195 151 100
195 151 100
195 150 100
195 150 100
195 150 100
195 149 100
195 149 100
195 149 100
195 148 100
195 148 100
195 147 100
195 147 100
195 146 100
195 146 100
195 145 100
195 145 100
195 144 100
195 144 100
195 143 100
195 143 100
195 142 100
195 142 100
195 142 100
195 141 100
195 141 100
195 141 100
195 140 100
195 140 100
195 140 100
195 140 100
195 139 100
195 139 100
195 139 100
195 139 100
195 139 100
195 138 100
195 138 100
195 138 100
195 138 100
195 138 100
195 138 100
195 137 100
195 137 100
195 137 100
195 137 100
195 137 100
195 137 100
195 137 100
195 136 100
195 136 100
195 136 100
195 136 100
195 136 100
195 136 100
195 136 100
195 136 100
195 136 100
195 135 100
195 135 100
195 135 100
195 135 100
195 135 100
195 135 100
195 135 100
195 135 100
195 135 100
195 135 100
195 134 100
195 134 100
195 134 100
195 134 100
195 134 100
195 134 100
195 134 100
195 134 100
195 134 100
195 134 100
195 134 100
195 133 100
195 133 100
195 133 100
195 133 100
195 133 100
195 133 100
195 133 100
195 133 100
195 133 100
195 133 100
195 133 100
195 133 100
195 133 100
195 132 100
195 132 100
195 132 100
195 132 100
195 132 100
195 132 100
195 132 100
195 132 100
195 132 100
195 132 100
195 132 100
195 132 100
195 132 100
195 132 100
195 131 100
195 131 100
195 131 100
195 131 100
195 131 100
195 131 100
195 131 100
195 131 100
195 131 100
195 131 100
195 131 100
195 131 100
195 131 100
195 131 100
195 131 100
195 130 100
195 130 100
195 130 100
195 130 100
195 130 100
195 130 100
195 130 100
195 130 100
195 130 100
195 130 100
195 130 100
195 130 100
195 130 100
195 130 100
195 130 100
195 130 100
195 129 100
195 129 100
195 129 100
195 129 100
195 129 100
195 129 100
195 129 100
195 129 100
195 129 100
195 129 100
195 129 100
195 129 100
195 129 100
195 129 100
195 129 100
195 129 100
195 129 100
195 128 100
195 128 100
195 128 100
195 128 100
195 128 100
195 128 100
195 128 100
195 128 100
195 128 100
195 128 100
195 128 100
195 128 100
195 128 100
195 128 100
195 128 100
195 128 100
195 128 100
195 128 100
195 127 100
195 127 100
195 127 100
195 127 100
195 127 100
195 127 100
195 127 100
195 127 100
195 127 100
195 127 100
195 127 100
195 127 100
195 127 100
195 127 100
195 127 100
195 127 100
195 127 100
195 127 100
195 127 100
195 126 100
195 126 100
195 126 100
195 126 100
195 126 100
195 126 100
195 126 100
195 126 100
195 126 100
195 126 100
195 126 100
195 126 100
195 126 100
195 126 100
195 126 100
195 126 100
195 126 100
195 126 100
195 126 100
195 126 100
195 125 100
195 125 100
195 125 100
195 125 100
195 125 100
195 125 100
195 125 100
195 125 100
195 125 100
195 125 100
195 125 100
195 125 100
195 125 100
195 125 100
195 125 100
195 125 100
195 125 100
195 125 100
195 125 100
195 125 100
195 125 100
195 124 100
195 124 100
195 124 100
195 124 100
195 124 100
195 124 100
195 124 100
195 124 100
195 124 100
195 124 100
195 124 100
195 124 100
195 124 100
195 124 100
195 124 100
195 124 100
195 124 100
195 124 100
195 124 100
195 124 100
195 124 100
195 124 100
195 124 100
195 123 100
195 123 100
195 123 100
195 123 100
195 123 100
195 123 100
195 123 100
195 123 100
195 123 100
195 123 100
195 123 100
195 123 100
195 123 100
195 123 100
195 123 100
195 123 100
195 123 100
195 123 100
195 123 100
195 123 100
195 123 100
195 123 100
195 123 100
195 123 100
195 122 100
195 122 100
195 122 100
195 122 100
195 122 100
195 122 100
195 122 100
195 122 100
195 122 100
195 122 100
195 122 100
195 122 100
195 122 100
195 122 100
195 122 100
195 122 100
195 122 100
195 122 100
195 122 100
195 122 100
195 122 100
195 122 100
195 122 100
195 122 100
195 122 100
195 121 100
195 121 100
195 121 100
195 121 100
195 121 100
195 121 100
195 121 100
195 121 100
195 121 100
195 121 100
195 121 100
195 121 100
195 121 100
195 121 100
195 121 100
195 121 100
195 121 100
195 121 100
195 121 100
195 121 100
195 121 100
195 121 100
195 121 100
195 121 100
195 121 100
195 121 100
195 120 100
195 120 100
195 120 100
195 120 100
195 120 100
195 120 100
195 120 100
195 120 100
195 120 100
195 120 100
195 120 100
195 120 100
195 120 100
195 120 100
195 120 100
195 120 100
195 120 100
195 120 100
195 120 100
195 120 100
195 120 100
195 120 100
195 120 100
195 120 100
195 120 100
195 120 100
195 119 100
195 119 100
195 119 100
195 119 100
195 119 100
195 119 100
195 119 100
195 119 100
195 119 100
195 119 100
195 119 100
195 119 100
195 119 100
195 119 100
195 119 100
195 119 100
195 119 100
195 119 100
195 119 100
195 119 100
195 119 100
195 119 100
195 119 100
195 119 100
195 119 100
195 119 100
195 118 100
195 118 100
195 118 100
195 118 100
195 118 100
195 118 100
195 118 100
195 118 100
195 118 100
195 118 100
195 118 100
195 118 100
195 118 100
195 118 100
195 118 100
195 118 100
195 118 100
195 118 100
195 118 100
195 118 100
195 118 100
195 118 100
195 118 100
195 118 100
195 118 100
195 118 100
195 117 100
195 117 100
195 117 100
195 117 100
195 117 100
195 117 100
195 117 100
195 117 100
195 117 100
195 117 100
195 117 100
195 117 100
195 117 100
195 117 100
195 117 100
195 117 100
195 117 100
195 117 100
195 117 100
195 117 100
195 117 100
195 117 100
195 117 100
195 117 100
195 117 100
195 116 100
195 116 100
195 116 100
195 116 100
195 116 100
195 116 100
195 116 100
195 116 100
195 116 100
195 116 100
195 116 100
195 116 100
195 116 100
195 116 100
195 116 100
195 116 100
195 116 100
195 116 100
195 116 100
195 116 100
195 116 100
195 116 100
195 116 100
195 116 100
195 115 100
195 115 100
195 115 100
195 115 100
195 115 100
195 115 100
195 115 100
195 115 100
195 115 100
195 115 100
195 115 100
195 115 100
195 115 100
195 115 100
195 115 100
195 115 100
195 115 100
195 115 100
195 115 100
195 115 100
195 115 100
195 115 100
195 114 100
195 114 100
195 114 100
195 114 100
195 114 100
195 114 100
195 114 100
195 114 100
195 114 100
195 114 100
195 114 100
195 114 100
195 114 100
195 114 100
195 114 100
195 114 100
195 114 100
195 114 100
195 114 100
195 114 100
195 113 100
195 113 100
195 113 100
195 113 100
195 113 100
195 113 100
195 113 100
195 113 100
195 113 100
195 113 100
195 113 100
195 113 100
195 113 100
195 113 100
195 113 100
195 113 100
195 112 100
195 112 100
195 112 100
195 112 100
195 112 100
195 112 100
195 112 100
195 112 100
195 112 100
195 112 100
195 112 100
195 112 100
195 112 100
195 111 100
195 111 100
195 111 100
195 111 100
195 111 100
195 111 100
195 111 100
195 111 100
195 111 100
195 111 100
195 110 100
195 110 100
195 110 100
195 110 100
195 110 100
195 110 100
195 110 100
195 109 100
195 109 100
195 109 100
195 109 100
195 109 100
195 108 100
195 108 100
195 108 100
195 108 100
195 107 100
195 107 100
195 107 100
195 106 100
195 106 100
195 105 100
195 104 100
195 103 100
195 102 100
195 101 100
195 100 100
195 99 100
195 98 100
195 97 100
195 96 100
195 95 100
195 94 100
195 93 100
195 92 100
195 91 100
195 90 100
