# move from (168,68) to (26,152)
168 68 100
168 68 100
167 68 100
167 68 100
166 68 100
166 68 100
165 68 100
165 68 100
164 68 100
164 68 100
163 68 100
163 68 100
162 68 100
162 68 100
161 68 100
161 68 100
160 68 100
160 68 100
159 68 100
159 68 100
158 68 100
158 68 100
157 68 100
157 68 100
156 68 100
156 68 100
156 68 100
155 68 100
155 68 100
155 68 100
154 68 100
154 68 100
154 68 100
153 68 100
153 68 100
153 68 100
153 68 100
152 68 100
152 68 100
152 68 100
152 68 100
151 68 100
151 68 100
151 68 100
151 68 100
151 68 100
150 68 100
150 68 100
150 68 100
150 68 100
150 68 100
149 68 100
149 68 100
149 68 100
149 68 100
149 68 100
149 68 100
148 68 100
148 68 100
148 68 100
148 68 100
148 68 100
148 68 100
147 68 100
147 68 100
147 68 100
147 68 100
147 68 100
147 68 100
146 68 100
146 68 100
146 68 100
146 68 100
146 68 100
146 68 100
145 68 100
145 68 100
145 68 100
145 68 100
145 68 100
144 68 100
144 68 100
144 68 100
144 68 100
144 68 100
143 68 100
143 68 100
143 68 100
143 68 100
142 68 100
142 68 100
142 68 100
141 68 100
141 68 100
141 68 100
140 68 100
140 68 100
139 68 100
139 68 100
138 68 100
138 68 100
137 68 100
136 68 100
135 68 100
134 68 100
133 68 100
132 68 100
131 68 100
130 68 100
129 68 100
128 68 100
127 68 100
126 68 100
125 68 100
124 68 100
124 68 100
123 68 100
123 68 100
122 68 100
122 68 100
121 68 100
121 68 100
121 68 100
120 68 100
120 68 100
120 68 100
119 68 100
119 68 100
119 68 100
119 68 100
118 68 100
118 68 100
118 68 100
118 68 100
117 68 100
117 68 100
117 68 100
117 68 100
117 68 100
116 68 100
116 68 100
116 68 100
116 68 100
116 68 100
116 68 100
115 68 100
115 68 100
115 68 100
115 68 100
115 68 100
115 68 100
115 68 100
114 68 100
114 68 100
114 68 100
114 68 100
114 68 100
114 68 100
114 68 100
113 68 100
113 68 100
113 68 100
113 68 100
113 68 100
113 68 100
113 68 100
113 68 100
112 68 100
112 68 100
112 68 100
112 68 100
112 68 100
112 68 100
112 68 100
112 68 100
111 68 100
111 68 100
111 68 100
111 68 100
111 68 100
111 68 100
111 68 100
111 68 100
110 68 100
110 68 100
110 68 100
110 68 100
110 68 100
110 68 100
110 68 100
110 68 100
109 68 100
109 68 100
109 68 100
109 68 100
109 68 100
109 68 100
109 68 100
109 68 100
108 68 100
108 68 100
108 68 100
108 68 100
108 68 100
108 68 100
108 68 100
108 68 100
107 68 100
107 68 100
107 68 100
107 68 100
107 68 100
107 68 100
107 68 100
107 68 100
106 68 100
106 68 100
106 68 100
106 68 100
106 68 100
106 68 100
106 68 100
105 68 100
105 68 100
105 68 100
105 68 100
105 68 100
105 68 100
105 68 100
104 68 100
104 68 100
104 68 100
104 68 100
104 68 100
104 68 100
104 68 100
103 68 100
103 68 100
103 68 100
103 68 100
103 68 100
103 68 100
102 68 100
102 68 100
102 68 100
102 68 100
102 68 100
102 68 100
101 68 100
101 68 100
101 68 100
101 68 100
101 68 100
100 68 100
100 68 100
100 68 100
100 68 100
100 68 100
99 68 100
99 68 100
99 68 100
99 68 100
98 68 100
98 68 100
98 68 100
98 68 100
97 68 100
97 68 100
97 68 100
96 68 100
96 68 100
96 68 100
95 68 100
95 68 100
95 68 100
94 68 100
94 68 100
94 68 100
93 68 100
93 68 100
93 68 100
92 68 100
92 68 100
92 68 100
91 68 100
91 68 100
91 68 100
90 68 100
90 68 100
90 68 100
90 68 100
89 68 100
89 68 100
89 68 100
89 68 100
88 68 100
88 68 100
88 68 100
88 68 100
87 68 100
87 68 100
87 68 100
87 68 100
87 68 100
86 68 100
86 68 100
86 68 100
86 68 100
86 68 100
86 68 100
85 68 100
85 68 100
85 68 100
85 68 100
85 68 100
85 68 100
84 68 100
84 68 100
84 68 100
84 68 100
84 68 100
84 68 100
84 68 100
83 68 100
83 68 100
83 68 100
83 68 100
83 68 100
83 68 100
83 68 100
83 68 100
82 68 100
82 68 100
82 68 100
82 68 100
82 68 100
82 68 100
82 68 100
82 68 100
82 68 100
81 68 100
81 68 100
81 68 100
81 68 100
81 68 100
81 68 100
81 68 100
81 68 100
81 68 100
81 68 100
80 68 100
80 68 100
80 68 100
80 68 100
80 68 100
80 68 100
80 68 100
80 68 100
80 68 100
80 68 100
79 68 100
79 68 100
79 68 100
79 68 100
79 68 100
79 68 100
79 68 100
79 68 100
79 68 100
79 68 100
78 68 100
78 68 100
78 68 100
78 68 100
78 68 100
78 68 100
78 68 100
78 68 100
78 68 100
78 68 100
78 68 100
77 68 100
77 68 100
77 68 100
77 68 100
77 68 100
77 68 100
77 68 100
77 68 100
77 68 100
77 68 100
77 68 100
76 68 100
76 68 100
76 68 100
76 68 100
76 68 100
76 68 100
76 68 100
76 68 100
76 68 100
76 68 100
76 68 100
75 68 100
75 68 100
75 68 100
75 68 100
75 68 100
75 68 100
75 68 100
75 68 100
75 68 100
75 68 100
75 68 100
74 68 100
74 68 100
74 68 100
74 68 100
74 68 100
74 68 100
74 68 100
74 68 100
74 68 100
74 68 100
74 68 100
74 68 100
73 68 100
73 68 100
73 68 100
73 68 100
73 68 100
73 68 100
73 68 100
73 68 100
73 68 100
73 68 100
73 68 100
73 68 100
72 68 100
72 68 100
72 68 100
72 68 100
72 68 100
72 68 100
72 68 100
72 68 100
72 68 100
72 68 100
72 68 100
72 68 100
71 68 100
71 68 100
71 68 100
71 68 100
71 68 100
71 68 100
71 68 100
71 68 100
71 68 100
71 68 100
71 68 100
71 68 100
70 68 100
70 68 100
70 68 100
70 68 100
70 68 100
70 68 100
70 68 100
70 68 100
70 68 100
70 68 100
70 68 100
70 68 100
69 68 100
69 68 100
69 68 100
69 68 100
69 68 100
69 68 100
69 68 100
69 68 100
69 68 100
69 68 100
69 68 100
69 68 100
68 68 100
68 68 100
68 68 100
68 68 100
68 68 100
68 68 100
68 68 100
68 68 100
68 68 100
68 68 100
68 68 100
67 68 100
67 68 100
67 68 100
67 68 100
67 68 100
67 68 100
67 68 100
67 68 100
67 68 100
67 68 100
67 68 100
66 68 100
66 68 100
66 68 100
66 68 100
66 68 100
66 68 100
66 68 100
66 68 100
66 68 100
66 68 100
65 68 100
65 68 100
65 68 100
65 68 100
65 68 100
65 68 100
65 68 100
65 68 100
65 68 100
64 68 100
64 68 100
64 68 100
64 68 100
64 68 100
64 68 100
64 68 100
63 68 100
63 68 100
63 68 100
63 68 100
63 68 100
63 68 100
62 68 100
62 68 100
62 68 100
62 68 100
61 68 100
61 68 100
61 68 100
60 68 100
60 68 100
60 68 100
59 68 100
59 68 100
58 68 100
58 68 100
57 68 100
57 68 100
56 68 100
55 68 100
54 68 100
53 68 100
52 68 100
52 68 100
51 68 100
51 68 100
50 68 100
50 68 100
49 68 100
49 68 100
49 68 100
48 68 100
48 68 100
48 68 100
47 68 100
47 68 100
47 68 100
47 68 100
46 68 100
46 68 100
46 68 100
46 68 100
46 68 100
45 68 100
45 68 100
45 68 100
45 68 100
45 68 100
45 68 100
44 68 100
44 68 100
44 68 100
44 68 100
44 68 100
44 68 100
44 68 100
43 68 100
43 68 100
43 68 100
43 68 100
43 68 100
43 68 100
43 68 100
42 68 100
42 68 100
42 68 100
42 68 100
42 68 100
42 68 100
42 68 100
42 68 100
41 68 100
41 68 100
41 68 100
41 68 100
41 68 100
41 68 100
41 68 100
41 68 100
40 68 100
40 68 100
40 68 100
40 68 100
40 68 100
40 68 100
40 68 100
40 68 100
40 68 100
39 68 100
39 68 100
39 68 100
39 68 100
39 68 100
39 68 100
39 68 100
39 68 100
39 68 100
38 68 100
38 68 100
38 68 100
38 68 100
38 68 100
38 68 100
38 68 100
38 68 100
38 68 100
38 68 100
37 68 100
37 68 100
37 68 100
37 68 100
37 68 100
37 68 100
37 68 100
37 68 100
37 68 100
37 68 100
36 68 100
36 68 100
36 68 100
36 68 100
36 68 100
36 68 100
36 68 100
36 68 100
36 68 100
36 68 100
35 68 100
35 68 100
35 68 100
35 68 100
35 68 100
35 68 100
35 68 100
35 68 100
35 68 100
34 68 100
34 68 100
34 68 100
34 68 100
34 68 100
34 68 100
34 68 100
34 68 100
33 68 100
33 68 100
33 68 100
33 68 100
33 68 100
33 68 100
33 68 100
32 68 100
32 68 100
32 68 100
32 68 100
32 68 100
32 68 100
31 68 100
31 68 100
31 68 100
31 68 100
31 68 100
30 68 100
30 68 100
30 68 100
30 68 100
29 68 100
29 68 100
29 68 100
28 68 100
28 68 100
27 68 100
27 68 100
26 68 100
26 68 100
26 69 100
26 69 100
26 70 100
26 71 100
26 72 100
26 73 100
26 74 100
26 75 100
26 76 100
26 77 100
26 78 100
26 79 100
26 80 100
26 81 100
26 82 100
26 83 100
26 84 100
26 85 100
26 86 100
26 87 100
26 88 100
26 89 100
26 90 100
26 91 100
26 92 100
26 93 100
26 94 100
26 95 100
26 96 100
26 97 100
26 98 100
26 99 100
26 100 100
26 100 100
26 101 100
26 101 100
26 102 100
26 102 100
26 103 100
26 103 100
26 104 100
26 104 100
26 105 100
26 105 100
26 105 100
26 106 100
26 106 100
26 106 100
26 107 100
26 107 100
26 107 100
26 108 100
26 108 100
26 108 100
26 108 100
26 109 100
26 109 100
26 109 100
26 109 100
26 109 100
26 110 100
26 110 100
26 110 100
26 110 100
26 110 100
26 110 100
26 111 100
26 111 100
26 111 100
26 111 100
26 111 100
26 111 100
26 111 100
26 111 100
26 112 100
26 112 100
26 112 100
26 112 100
26 112 100
26 112 100
26 112 100
26 112 100
26 112 100
26 112 100
26 112 100
26 113 100
26 113 100
26 113 100
26 113 100
26 113 100
26 113 100
26 113 100
26 113 100
26 113 100
26 113 100
26 113 100
26 113 100
26 113 100
26 113 100
26 114 100
26 114 100
26 114 100
26 114 100
26 114 100
26 114 100
26 114 100
26 114 100
26 114 100
26 114 100
26 114 100
26 114 100
26 114 100
26 114 100
26 114 100
26 114 100
26 114 100
26 115 100
26 115 100
26 115 100
26 115 100
26 115 100
26 115 100
26 115 100
26 115 100
26 115 100
26 115 100
26 115 100
26 115 100
26 115 100
26 115 100
26 115 100
26 115 100
26 115 100
26 115 100
26 115 100
26 115 100
26 116 100
26 116 100
26 116 100
26 116 100
26 116 100
26 116 100
26 116 100
26 116 100
26 116 100
26 116 100
26 116 100
26 116 100
26 116 100
26 116 100
26 116 100
26 116 100
26 116 100
26 116 100
26 116 100
26 116 100
26 116 100
26 116 100
26 116 100
26 116 100
26 117 100
26 117 100
26 117 100
26 117 100
26 117 100
26 117 100
26 117 100
26 117 100
26 117 100
26 117 100
26 117 100
26 117 100
26 117 100
26 117 100
26 117 100
26 117 100
26 117 100
26 117 100
26 117 100
26 117 100
26 117 100
26 117 100
26 117 100
26 117 100
26 117 100
26 117 100
26 117 100
26 118 100
26 118 100
26 118 100
26 118 100
26 118 100
26 118 100
26 118 100
26 118 100
26 118 100
26 118 100
26 118 100
26 118 100
26 118 100
26 118 100
26 118 100
26 118 100
26 118 100
26 118 100
26 118 100
26 118 100
26 118 100
26 118 100
26 118 100
26 118 100
26 118 100
26 118 100
26 118 100
26 118 100
26 118 100
26 118 100
26 119 100
26 119 100
26 119 100
26 119 100
26 119 100
26 119 100
26 119 100
26 119 100
26 119 100
26 119 100
26 119 100
26 119 100
26 119 100
26 119 100
26 119 100
26 119 100
26 119 100
26 119 100
26 119 100
26 119 100
26 119 100
26 119 100
26 119 100
26 119 100
26 119 100
26 119 100
26 119 100
26 119 100
26 119 100
26 119 100
26 119 100
26 119 100
26 119 100
26 120 100
26 120 100
26 120 100
26 120 100
26 120 100
26 120 100
26 120 100
26 120 100
26 120 100
26 120 100
26 120 100
26 120 100
26 120 100
26 120 100
26 120 100
26 120 100
26 120 100
26 120 100
26 120 100
26 120 100
26 120 100
26 120 100
26 120 100
26 120 100
26 120 100
26 120 100
26 120 100
26 120 100
26 120 100
26 120 100
26 120 100
26 120 100
26 120 100
26 120 100
26 120 100
26 120 100
26 121 100
26 121 100
26 121 100
26 121 100
26 121 100
26 121 100
26 121 100
26 121 100
26 121 100
26 121 100
26 121 100
26 121 100
26 121 100
26 121 100
26 121 100
26 121 100
26 121 100
26 121 100
26 121 100
26 121 100
26 121 100
26 121 100
26 121 100
26 121 100
26 121 100
26 121 100
26 121 100
26 121 100
26 121 100
26 121 100
26 121 100
26 121 100
26 121 100
26 121 100
26 121 100
26 121 100
26 121 100
26 121 100
26 122 100
26 122 100
26 122 100
26 122 100
26 122 100
26 122 100
26 122 100
26 122 100
26 122 100
26 122 100
26 122 100
26 122 100
26 122 100
26 122 100
26 122 100
26 122 100
26 122 100
26 122 100
26 122 100
26 122 100
26 122 100
26 122 100
26 122 100
26 122 100
26 122 100
26 122 100
26 122 100
26 122 100
26 122 100
26 122 100
26 122 100
26 122 100
26 122 100
26 122 100
26 122 100
26 122 100
26 122 100
26 122 100
26 122 100
26 123 100
26 123 100
26 123 100
26 123 100
26 123 100
26 123 100
26 123 100
26 123 100
26 123 100
26 123 100
26 123 100
26 123 100
26 123 100
26 123 100
26 123 100
26 123 100
26 123 100
26 123 100
26 123 100
26 123 100
26 123 100
26 123 100
26 123 100
26 123 100
26 123 100
26 123 100
26 123 100
26 123 100
26 123 100
26 123 100
26 123 100
26 123 100
26 123 100
26 123 100
26 123 100
26 123 100
26 123 100
26 123 100
26 123 100
26 123 100
26 124 100
26 124 100
26 124 100
26 124 100
26 124 100
26 124 100
26 124 100
26 124 100
26 124 100
26 124 100
26 124 100
26 124 100
26 124 100
26 124 100
26 124 100
26 124 100
26 124 100
26 124 100
26 124 100
26 124 100
26 124 100
26 124 100
26 124 100
26 124 100
26 124 100
26 124 100
26 124 100
26 124 100
26 124 100
26 124 100
26 124 100
26 124 100
26 124 100
26 124 100
26 124 100
26 124 100
26 124 100
26 124 100
26 124 100
26 124 100
26 125 100
26 125 100
26 125 100
26 125 100
26 125 100
26 125 100
26 125 100
26 125 100
26 125 100
26 125 100
26 125 100
26 125 100
26 125 100
26 125 100
26 125 100
26 125 100
26 125 100
26 125 100
26 125 100
26 125 100
26 125 100
26 125 100
26 125 100
26 125 100
26 125 100
26 125 100
26 125 100
26 125 100
26 125 100
26 125 100
26 125 100
26 125 100
26 125 100
26 125 100
26 125 100
26 125 100
26 125 100
26 125 100
26 125 100
26 126 100
26 126 100
26 126 100
26 126 100
26 126 100
26 126 100
26 126 100
26 126 100
26 126 100
26 126 100
26 126 100
26 126 100
26 126 100
26 126 100
26 126 100
26 126 100
26 126 100
26 126 100
26 126 100
26 126 100
26 126 100
26 126 100
26 126 100
26 126 100
26 126 100
26 126 100
26 126 100
26 126 100
26 126 100
26 126 100
26 126 100
26 126 100
26 126 100
26 126 100
26 126 100
26 126 100
26 126 100
26 127 100
26 127 100
26 127 100
26 127 100
26 127 100
26 127 100
26 127 100
26 127 100
26 127 100
26 127 100
26 127 100
26 127 100
26 127 100
26 127 100
26 127 100
26 127 100
26 127 100
26 127 100
26 127 100
26 127 100
26 127 100
26 127 100
26 127 100
26 127 100
26 127 100
26 127 100
26 127 100
26 127 100
26 127 100
26 127 100
26 127 100
26 127 100
26 127 100
26 127 100
26 127 100
26 128 100
26 128 100
26 128 100
26 128 100
26 128 100
26 128 100
26 128 100
26 128 100
26 128 100
26 128 100
26 128 100
26 128 100
26 128 100
26 128 100
26 128 100
26 128 100
26 128 100
26 128 100
26 128 100
26 128 100
26 128 100
26 128 100
26 128 100
26 128 100
26 128 100
26 128 100
26 128 100
26 128 100
26 128 100
26 128 100
26 128 100
26 128 100
26 129 100
26 129 100
26 129 100
26 129 100
26 129 100
26 129 100
26 129 100
26 129 100
26 129 100
26 129 100
26 129 100
26 129 100
26 129 100
26 129 100
26 129 100
26 129 100
26 129 100
26 129 100
26 129 100
26 129 100
26 129 100
26 129 100
26 129 100
26 129 100
26 129 100
26 129 100
26 129 100
26 129 100
26 129 100
26 130 100
26 130 100
26 130 100
26 130 100
26 130 100
26 130 100
26 130 100
26 130 100
26 130 100
26 130 100
26 130 100
26 130 100
26 130 100
26 130 100
26 130 100
26 130 100
26 130 100
26 130 100
26 130 100
26 130 100
26 130 100
26 130 100
26 130 100
26 130 100
26 130 100
26 130 100
26 131 100
26 131 100
26 131 100
26 131 100
26 131 100
26 131 100
26 131 100
26 131 100
26 131 100
26 131 100
26 131 100
26 131 100
26 131 100
26 131 100
26 131 100
26 131 100
26 131 100
26 131 100
26 131 100
26 131 100
26 131 100
26 131 100
26 132 100
26 132 100
26 132 100
26 132 100
26 132 100
26 132 100
26 132 100
26 132 100
26 132 100
26 132 100
26 132 100
26 132 100
26 132 100
26 132 100
26 132 100
26 132 100
26 132 100
26 132 100
26 133 100
26 133 100
26 133 100
26 133 100
26 133 100
26 133 100
26 133 100
26 133 100
26 133 100
26 133 100
26 133 100
26 133 100
26 133 100
26 133 100
26 133 100
26 134 100
26 134 100
26 134 100
26 134 100
26 134 100
26 134 100
26 134 100
26 134 100
26 134 100
26 134 100
26 134 100
26 134 100
26 135 100
26 135 100
26 135 100
26 135 100
26 135 100
26 135 100
26 135 100
26 135 100
26 135 100
26 135 100
26 136 100
26 136 100
26 136 100
26 136 100
26 136 100
26 136 100
26 136 100
26 136 100
26 137 100
26 137 100
26 137 100
26 137 100
26 137 100
26 137 100
26 137 100
26 138 100
26 138 100
26 138 100
26 138 100
26 138 100
26 138 100
26 139 100
26 139 100
26 139 100
26 139 100
26 139 100
26 139 100
26 140 100
26 140 100
26 140 100
26 140 100
26 140 100
26 141 100
26 141 100
26 141 100
26 141 100
26 141 100
26 142 100
26 142 100
26 142 100
26 142 100
26 143 100
26 143 100
26 143 100
26 143 100
26 144 100
26 144 100
26 144 100
26 145 100
26 145 100
26 145 100
26 146 100
26 146 100
26 147 100
26 147 100
26 148 100
26 149 100
26 150 100
26 151 100
26 152 100
# move from (97,41) to (26,152)
97 41 100
96 41 100
95 41 100
94 41 100
93 41 100
92 41 100
91 41 100
90 41 100
89 41 100
88 41 100
87 41 100
86 41 100
85 41 100
85 41 100
84 41 100
84 41 100
83 41 100
83 41 100
83 41 100
82 41 100
82 41 100
82 41 100
82 41 100
82 41 100
81 41 100
81 41 100
81 41 100
81 41 100
81 41 100
81 41 100
81 41 100
80 41 100
80 41 100
80 41 100
80 41 100
80 41 100
80 41 100
80 41 100
80 41 100
80 41 100
80 41 100
79 41 100
79 41 100
79 41 100
79 41 100
79 41 100
79 41 100
79 41 100
79 41 100
79 41 100
79 41 100
79 41 100
79 41 100
79 41 100
78 41 100
78 41 100
78 41 100
78 41 100
78 41 100
78 41 100
78 41 100
78 41 100
78 41 100
78 41 100
78 41 100
78 41 100
78 41 100
78 41 100
78 41 100
78 41 100
77 41 100
77 41 100
77 41 100
77 41 100
77 41 100
77 41 100
77 41 100
77 41 100
77 41 100
77 41 100
77 41 100
77 41 100
77 41 100
77 41 100
77 41 100
77 41 100
77 41 100
77 41 100
76 41 100
76 41 100
76 41 100
76 41 100
76 41 100
76 41 100
76 41 100
76 41 100
76 41 100
76 41 100
76 41 100
76 41 100
76 41 100
76 41 100
76 41 100
76 41 100
76 41 100
76 41 100
76 41 100
76 41 100
75 41 100
75 41 100
75 41 100
75 41 100
75 41 100
75 41 100
75 41 100
75 41 100
75 41 100
75 41 100
75 41 100
75 41 100
75 41 100
75 41 100
75 41 100
75 41 100
75 41 100
75 41 100
75 41 100
75 41 100
74 41 100
74 41 100
74 41 100
74 41 100
74 41 100
74 41 100
74 41 100
74 41 100
74 41 100
74 41 100
74 41 100
74 41 100
74 41 100
74 41 100
74 41 100
74 41 100
74 41 100
74 41 100
74 41 100
74 41 100
73 41 100
73 41 100
73 41 100
73 41 100
73 41 100
73 41 100
73 41 100
73 41 100
73 41 100
73 41 100
73 41 100
73 41 100
73 41 100
73 41 100
73 41 100
73 41 100
73 41 100
73 41 100
73 41 100
72 41 100
72 41 100
72 41 100
72 41 100
72 41 100
72 41 100
72 41 100
72 41 100
72 41 100
72 41 100
72 41 100
72 41 100
72 41 100
72 41 100
72 41 100
72 41 100
72 41 100
72 41 100
71 41 100
71 41 100
71 41 100
71 41 100
71 41 100
71 41 100
71 41 100
71 41 100
71 41 100
71 41 100
71 41 100
71 41 100
71 41 100
71 41 100
71 41 100
71 41 100
70 41 100
70 41 100
70 41 100
70 41 100
70 41 100
70 41 100
70 41 100
70 41 100
70 41 100
70 41 100
70 41 100
70 41 100
70 41 100
70 41 100
70 41 100
69 41 100
69 41 100
69 41 100
69 41 100
69 41 100
69 41 100
69 41 100
69 41 100
69 41 100
69 41 100
69 41 100
69 41 100
69 41 100
68 41 100
68 41 100
68 41 100
68 41 100
68 41 100
68 41 100
68 41 100
68 41 100
68 41 100
68 41 100
68 41 100
67 41 100
67 41 100
67 41 100
67 41 100
67 41 100
67 41 100
67 41 100
67 41 100
67 41 100
66 41 100
66 41 100
66 41 100
66 41 100
66 41 100
66 41 100
66 41 100
66 41 100
65 41 100
65 41 100
65 41 100
65 41 100
65 41 100
65 41 100
64 41 100
64 41 100
64 41 100
64 41 100
64 41 100
64 41 100
63 41 100
63 41 100
63 41 100
63 41 100
63 41 100
62 41 100
62 41 100
62 41 100
62 41 100
62 41 100
61 41 100
61 41 100
61 41 100
61 41 100
61 41 100
60 41 100
60 41 100
60 41 100
60 41 100
59 41 100
59 41 100
59 41 100
59 41 100
58 41 100
58 41 100
58 41 100
58 41 100
57 41 100
57 41 100
57 41 100
57 41 100
56 41 100
56 41 100
56 41 100
56 41 100
55 41 100
55 41 100
55 41 100
54 41 100
54 41 100
54 41 100
53 41 100
53 41 100
53 41 100
52 41 100
52 41 100
52 41 100
51 41 100
51 41 100
50 41 100
50 41 100
49 41 100
49 41 100
48 41 100
48 41 100
47 41 100
47 41 100
46 41 100
46 41 100
46 41 100
45 41 100
45 41 100
45 41 100
44 41 100
44 41 100
44 41 100
43 41 100
43 41 100
43 41 100
43 41 100
42 41 100
42 41 100
42 41 100
42 41 100
41 41 100
41 41 100
41 41 100
41 41 100
41 41 100
40 41 100
40 41 100
40 41 100
40 41 100
40 41 100
40 41 100
39 41 100
39 41 100
39 41 100
39 41 100
39 41 100
39 41 100
39 41 100
38 41 100
38 41 100
38 41 100
38 41 100
38 41 100
38 41 100
38 41 100
37 41 100
37 41 100
37 41 100
37 41 100
37 41 100
37 41 100
37 41 100
37 41 100
36 41 100
36 41 100
36 41 100
36 41 100
36 41 100
36 41 100
36 41 100
36 41 100
35 41 100
35 41 100
35 41 100
35 41 100
35 41 100
35 41 100
35 41 100
34 41 100
34 41 100
34 41 100
34 41 100
34 41 100
34 41 100
34 41 100
33 41 100
33 41 100
33 41 100
33 41 100
33 41 100
32 41 100
32 41 100
32 41 100
32 41 100
31 41 100
31 41 100
31 41 100
30 41 100
30 41 100
30 41 100
29 41 100
29 41 100
28 41 100
28 41 100
27 41 100
26 41 100
26 42 100
26 43 100
26 43 100
26 44 100
26 44 100
26 45 100
26 45 100
26 46 100
26 46 100
26 47 100
26 47 100
26 47 100
26 48 100
26 48 100
26 48 100
26 49 100
26 49 100
26 49 100
26 50 100
26 50 100
26 50 100
26 51 100
26 51 100
26 51 100
26 52 100
26 52 100
26 52 100
26 53 100
26 53 100
26 53 100
26 54 100
26 54 100
26 54 100
26 55 100
26 55 100
26 55 100
26 55 100
26 56 100
26 56 100
26 56 100
26 56 100
26 57 100
26 57 100
26 57 100
26 57 100
26 58 100
26 58 100
26 58 100
26 58 100
26 59 100
26 59 100
26 59 100
26 59 100
26 59 100
26 60 100
26 60 100
26 60 100
26 60 100
26 60 100
26 61 100
26 61 100
26 61 100
26 61 100
26 61 100
26 62 100
26 62 100
26 62 100
26 62 100
26 62 100
26 63 100
26 63 100
26 63 100
26 63 100
26 64 100
26 64 100
26 64 100
26 64 100
26 65 100
26 65 100
26 65 100
26 65 100
26 66 100
26 66 100
26 66 100
26 67 100
26 67 100
# move from (87,109) to (26,152)
87 109 100
87 109 100
87 109 100
87 109 100
87 109 100
87 109 100
87 109 100
87 109 100
87 109 100
87 109 100
87 109 100
87 109 100
87 109 100
87 109 100
87 109 100
87 109 100
87 109 100
87 109 100
87 109 100
87 109 100
87 109 100
87 109 100
87 109 100
87 109 100
87 109 100
87 109 100
87 109 100
87 109 100
87 109 100
87 109 100
87 109 100
87 109 100
87 109 100
86 109 100
86 109 100
86 109 100
86 109 100
86 109 100
86 109 100
86 109 100
86 109 100
86 109 100
86 109 100
86 109 100
86 109 100
86 109 100
86 109 100
86 109 100
86 109 100
86 109 100
86 109 100
86 109 100
86 109 100
86 109 100
86 109 100
86 109 100
86 109 100
86 109 100
86 109 100
86 109 100
86 109 100
86 109 100
86 109 100
86 109 100
86 109 100
86 109 100
85 109 100
85 109 100
85 109 100
85 109 100
85 109 100
85 109 100
85 109 100
85 109 100
85 109 100
85 109 100
85 109 100
85 109 100
85 109 100
85 109 100
85 109 100
85 109 100
85 109 100
85 109 100
85 109 100
85 109 100
85 109 100
85 109 100
85 109 100
85 109 100
85 109 100
85 109 100
85 109 100
85 109 100
85 109 100
85 109 100
85 109 100
85 109 100
85 109 100
85 109 100
84 109 100
84 109 100
84 109 100
84 109 100
84 109 100
84 109 100
84 109 100
84 109 100
84 109 100
84 109 100
84 109 100
84 109 100
84 109 100
84 109 100
84 109 100
84 109 100
84 109 100
84 109 100
84 109 100
84 109 100
84 109 100
84 109 100
84 109 100
84 109 100
84 109 100
84 109 100
84 109 100
84 109 100
84 109 100
84 109 100
84 109 100
84 109 100
84 109 100
84 109 100
83 109 100
83 109 100
83 109 100
83 109 100
83 109 100
83 109 100
83 109 100
83 109 100
83 109 100
83 109 100
83 109 100
83 109 100
83 109 100
83 109 100
83 109 100
83 109 100
83 109 100
83 109 100
83 109 100
83 109 100
83 109 100
83 109 100
83 109 100
83 109 100
83 109 100
83 109 100
83 109 100
83 109 100
83 109 100
83 109 100
83 109 100
83 109 100
83 109 100
83 109 100
82 109 100
82 109 100
82 109 100
82 109 100
82 109 100
82 109 100
82 109 100
82 109 100
82 109 100
82 109 100
82 109 100
82 109 100
82 109 100
82 109 100
82 109 100
82 109 100
82 109 100
82 109 100
82 109 100
82 109 100
82 109 100
82 109 100
82 109 100
82 109 100
82 109 100
82 109 100
82 109 100
82 109 100
82 109 100
82 109 100
82 109 100
82 109 100
82 109 100
82 109 100
81 109 100
81 109 100
81 109 100
81 109 100
81 109 100
81 109 100
81 109 100
81 109 100
81 109 100
81 109 100
81 109 100
81 109 100
81 109 100
81 109 100
81 109 100
81 109 100
81 109 100
81 109 100
81 109 100
81 109 100
81 109 100
81 109 100
81 109 100
81 109 100
81 109 100
81 109 100
81 109 100
81 109 100
81 109 100
81 109 100
81 109 100
81 109 100
81 109 100
81 109 100
81 109 100
80 109 100
80 109 100
80 109 100
80 109 100
80 109 100
80 109 100
80 109 100
80 109 100
80 109 100
80 109 100
80 109 100
80 109 100
80 109 100
80 109 100
80 109 100
80 109 100
80 109 100
80 109 100
80 109 100
80 109 100
80 109 100
80 109 100
80 109 100
80 109 100
80 109 100
80 109 100
80 109 100
80 109 100
80 109 100
80 109 100
80 109 100
80 109 100
80 109 100
80 109 100
80 109 100
80 109 100
79 109 100
79 109 100
79 109 100
79 109 100
79 109 100
79 109 100
79 109 100
79 109 100
79 109 100
79 109 100
79 109 100
79 109 100
79 109 100
79 109 100
79 109 100
79 109 100
79 109 100
79 109 100
79 109 100
79 109 100
79 109 100
79 109 100
79 109 100
79 109 100
79 109 100
79 109 100
79 109 100
79 109 100
79 109 100
79 109 100
79 109 100
79 109 100
79 109 100
79 109 100
79 109 100
79 109 100
78 109 100
78 109 100
78 109 100
78 109 100
78 109 100
78 109 100
78 109 100
78 109 100
78 109 100
78 109 100
78 109 100
78 109 100
78 109 100
78 109 100
78 109 100
78 109 100
78 109 100
78 109 100
78 109 100
78 109 100
78 109 100
78 109 100
78 109 100
78 109 100
78 109 100
78 109 100
78 109 100
78 109 100
78 109 100
78 109 100
78 109 100
78 109 100
78 109 100
78 109 100
78 109 100
78 109 100
78 109 100
77 109 100
77 109 100
77 109 100
77 109 100
77 109 100
77 109 100
77 109 100
77 109 100
77 109 100
77 109 100
77 109 100
77 109 100
77 109 100
77 109 100
77 109 100
77 109 100
77 109 100
77 109 100
77 109 100
77 109 100
77 109 100
77 109 100
77 109 100
77 109 100
77 109 100
77 109 100
77 109 100
77 109 100
77 109 100
77 109 100
77 109 100
77 109 100
77 109 100
77 109 100
77 109 100
77 109 100
77 109 100
76 109 100
76 109 100
76 109 100
76 109 100
76 109 100
76 109 100
76 109 100
76 109 100
76 109 100
76 109 100
76 109 100
76 109 100
76 109 100
76 109 100
76 109 100
76 109 100
76 109 100
76 109 100
76 109 100
76 109 100
76 109 100
76 109 100
76 109 100
76 109 100
76 109 100
76 109 100
76 109 100
76 109 100
76 109 100
76 109 100
76 109 100
76 109 100
76 109 100
76 109 100
76 109 100
76 109 100
76 109 100
75 109 100
75 109 100
75 109 100
75 109 100
75 109 100
75 109 100
75 109 100
75 109 100
75 109 100
75 109 100
75 109 100
75 109 100
75 109 100
75 109 100
75 109 100
75 109 100
75 109 100
75 109 100
75 109 100
75 109 100
75 109 100
75 109 100
75 109 100
75 109 100
75 109 100
75 109 100
75 109 100
75 109 100
75 109 100
75 109 100
75 109 100
75 109 100
75 109 100
75 109 100
75 109 100
75 109 100
74 109 100
74 109 100
74 109 100
74 109 100
74 109 100
74 109 100
74 109 100
74 109 100
74 109 100
74 109 100
74 109 100
74 109 100
74 109 100
74 109 100
74 109 100
74 109 100
74 109 100
74 109 100
74 109 100
74 109 100
74 109 100
74 109 100
74 109 100
74 109 100
74 109 100
74 109 100
74 109 100
74 109 100
74 109 100
74 109 100
74 109 100
74 109 100
74 109 100
74 109 100
74 109 100
73 109 100
73 109 100
73 109 100
73 109 100
73 109 100
73 109 100
73 109 100
73 109 100
73 109 100
73 109 100
73 109 100
73 109 100
73 109 100
73 109 100
73 109 100
73 109 100
73 109 100
73 109 100
73 109 100
73 109 100
73 109 100
73 109 100
73 109 100
73 109 100
73 109 100
73 109 100
73 109 100
73 109 100
73 109 100
73 109 100
73 109 100
73 109 100
73 109 100
72 109 100
72 109 100
72 109 100
72 109 100
72 109 100
72 109 100
72 109 100
72 109 100
72 109 100
72 109 100
72 109 100
72 109 100
72 109 100
72 109 100
72 109 100
72 109 100
72 109 100
72 109 100
72 109 100
72 109 100
72 109 100
72 109 100
72 109 100
72 109 100
72 109 100
72 109 100
72 109 100
72 109 100
72 109 100
72 109 100
71 109 100
71 109 100
71 109 100
71 109 100
71 109 100
71 109 100
71 109 100
71 109 100
71 109 100
71 109 100
71 109 100
71 109 100
71 109 100
71 109 100
71 109 100
71 109 100
71 109 100
71 109 100
71 109 100
71 109 100
71 109 100
71 109 100
71 109 100
71 109 100
71 109 100
71 109 100
71 109 100
70 109 100
70 109 100
70 109 100
70 109 100
70 109 100
70 109 100
70 109 100
70 109 100
70 109 100
70 109 100
70 109 100
70 109 100
70 109 100
70 109 100
70 109 100
70 109 100
70 109 100
70 109 100
70 109 100
70 109 100
70 109 100
70 109 100
70 109 100
69 109 100
69 109 100
69 109 100
69 109 100
69 109 100
69 109 100
69 109 100
69 109 100
69 109 100
69 109 100
69 109 100
69 109 100
69 109 100
69 109 100
69 109 100
69 109 100
69 109 100
69 109 100
69 109 100
69 109 100
68 109 100
68 109 100
68 109 100
68 109 100
68 109 100
68 109 100
68 109 100
68 109 100
68 109 100
68 109 100
68 109 100
68 109 100
68 109 100
68 109 100
68 109 100
68 109 100
68 109 100
68 109 100
67 109 100
67 109 100
67 109 100
67 109 100
67 109 100
67 109 100
67 109 100
67 109 100
67 109 100
67 109 100
67 109 100
67 109 100
67 109 100
67 109 100
67 109 100
67 109 100
66 109 100
66 109 100
66 109 100
66 109 100
66 109 100
66 109 100
66 109 100
66 109 100
66 109 100
66 109 100
66 109 100
66 109 100
66 109 100
66 109 100
66 109 100
65 109 100
65 109 100
65 109 100
65 109 100
65 109 100
65 109 100
65 109 100
65 109 100
65 109 100
65 109 100
65 109 100
65 109 100
65 109 100
65 109 100
64 109 100
64 109 100
64 109 100
64 109 100
64 109 100
64 109 100
64 109 100
64 109 100
64 109 100
64 109 100
64 109 100
64 109 100
64 109 100
63 109 100
63 109 100
63 109 100
63 109 100
63 109 100
63 109 100
63 109 100
63 109 100
63 109 100
63 109 100
63 109 100
63 109 100
63 109 100
62 109 100
62 109 100
62 109 100
62 109 100
62 109 100
62 109 100
62 109 100
62 109 100
62 109 100
62 109 100
62 109 100
62 109 100
61 109 100
61 109 100
61 109 100
61 109 100
61 109 100
61 109 100
61 109 100
61 109 100
61 109 100
61 109 100
61 109 100
61 109 100
60 109 100
60 109 100
60 109 100
60 109 100
60 109 100
60 109 100
60 109 100
60 109 100
60 109 100
60 109 100
60 109 100
59 109 100
59 109 100
59 109 100
59 109 100
59 109 100
59 109 100
59 109 100
59 109 100
59 109 100
59 109 100
58 109 100
58 109 100
58 109 100
58 109 100
58 109 100
58 109 100
58 109 100
58 109 100
58 109 100
58 109 100
57 109 100
57 109 100
57 109 100
57 109 100
57 109 100
57 109 100
57 109 100
57 109 100
57 109 100
56 109 100
56 109 100
56 109 100
56 109 100
56 109 100
56 109 100
56 109 100
56 109 100
55 109 100
55 109 100
55 109 100
55 109 100
55 109 100
55 109 100
55 109 100
55 109 100
54 109 100
54 109 100
54 109 100
54 109 100
54 109 100
54 109 100
54 109 100
53 109 100
53 109 100
53 109 100
53 109 100
53 109 100
53 109 100
53 109 100
52 109 100
52 109 100
52 109 100
52 109 100
52 109 100
52 109 100
52 109 100
51 109 100
51 109 100
51 109 100
51 109 100
51 109 100
51 109 100
50 109 100
50 109 100
50 109 100
50 109 100
50 109 100
50 109 100
49 109 100
49 109 100
49 109 100
49 109 100
49 109 100
49 109 100
49 109 100
48 109 100
48 109 100
48 109 100
48 109 100
48 109 100
48 109 100
48 109 100
47 109 100
47 109 100
47 109 100
47 109 100
47 109 100
47 109 100
47 109 100
47 109 100
46 109 100
46 109 100
46 109 100
46 109 100
46 109 100
46 109 100
46 109 100
46 109 100
46 109 100
45 109 100
45 109 100
45 109 100
45 109 100
45 109 100
45 109 100
45 109 100
45 109 100
45 109 100
45 109 100
44 109 100
44 109 100
44 109 100
44 109 100
44 109 100
44 109 100
44 109 100
44 109 100
44 109 100
44 109 100
44 109 100
43 109 100
43 109 100
43 109 100
43 109 100
43 109 100
43 109 100
43 109 100
43 109 100
43 109 100
43 109 100
43 109 100
43 109 100
43 109 100
42 109 100
42 109 100
42 109 100
42 109 100
42 109 100
42 109 100
42 109 100
42 109 100
42 109 100
42 109 100
42 109 100
42 109 100
42 109 100
42 109 100
41 109 100
41 109 100
41 109 100
41 109 100
41 109 100
41 109 100
41 109 100
41 109 100
41 109 100
41 109 100
41 109 100
41 109 100
41 109 100
41 109 100
41 109 100
40 109 100
40 109 100
40 109 100
40 109 100
40 109 100
40 109 100
40 109 100
40 109 100
40 109 100
40 109 100
40 109 100
40 109 100
40 109 100
40 109 100
40 109 100
40 109 100
40 109 100
39 109 100
39 109 100
39 109 100
39 109 100
39 109 100
39 109 100
39 109 100
39 109 100
39 109 100
39 109 100
39 109 100
39 109 100
39 109 100
39 109 100
39 109 100
39 109 100
39 109 100
39 109 100
38 109 100
38 109 100
38 109 100
38 109 100
38 109 100
38 109 100
38 109 100
38 109 100
38 109 100
38 109 100
38 109 100
38 109 100
38 109 100
38 109 100
38 109 100
38 109 100
38 109 100
38 109 100
38 109 100
37 109 100
37 109 100
37 109 100
37 109 100
37 109 100
37 109 100
37 109 100
37 109 100
37 109 100
37 109 100
37 109 100
37 109 100
37 109 100
37 109 100
37 109 100
37 109 100
37 109 100
37 109 100
37 109 100
37 109 100
36 109 100
36 109 100
36 109 100
36 109 100
36 109 100
36 109 100
36 109 100
36 109 100
36 109 100
36 109 100
36 109 100
36 109 100
36 109 100
36 109 100
36 109 100
36 109 100
36 109 100
36 109 100
36 109 100
36 109 100
35 109 100
35 109 100
35 109 100
35 109 100
35 109 100
35 109 100
35 109 100
35 109 100
35 109 100
35 109 100
35 109 100
35 109 100
35 109 100
35 109 100
35 109 100
35 109 100
35 109 100
35 109 100
35 109 100
34 109 100
34 109 100
34 109 100
34 109 100
34 109 100
34 109 100
34 109 100
34 109 100
34 109 100
34 109 100
34 109 100
34 109 100
34 109 100
34 109 100
34 109 100
34 109 100
34 109 100
34 109 100
33 109 100
33 109 100
33 109 100
33 109 100
33 109 100
33 109 100
33 109 100
33 109 100
33 109 100
33 109 100
33 109 100
33 109 100
33 109 100
33 109 100
33 109 100
33 109 100
32 109 100
32 109 100
32 109 100
32 109 100
32 109 100
32 109 100
32 109 100
32 109 100
32 109 100
32 109 100
32 109 100
32 109 100
32 109 100
32 109 100
31 109 100
31 109 100
31 109 100
31 109 100
31 109 100
31 109 100
31 109 100
31 109 100
31 109 100
31 109 100
31 109 100
31 109 100
30 109 100
30 109 100
30 109 100
30 109 100
30 109 100
30 109 100
30 109 100
30 109 100
30 109 100
30 109 100
29 109 100
29 109 100
29 109 100
29 109 100
29 109 100
29 109 100
29 109 100
29 109 100
28 109 100
28 109 100
28 109 100
28 109 100
28 109 100
28 109 100
28 109 100
27 109 100
27 109 100
27 109 100
27 109 100
27 109 100
27 109 100
# move from (189,160) to (26,152)
189 160 100
188 160 100
187 160 100
186 160 100
185 160 100
184 160 100
183 160 100
182 160 100
181 160 100
180 160 100
179 160 100
178 160 100
178 160 100
177 160 100
177 160 100
176 160 100
176 160 100
176 160 100
175 160 100
175 160 100
175 160 100
175 160 100
174 160 100
174 160 100
174 160 100
174 160 100
174 160 100
174 160 100
173 160 100
173 160 100
173 160 100
173 160 100
173 160 100
173 160 100
173 160 100
173 160 100
172 160 100
172 160 100
172 160 100
172 160 100
172 160 100
172 160 100
172 160 100
172 160 100
172 160 100
172 160 100
171 160 100
171 160 100
171 160 100
171 160 100
171 160 100
171 160 100
171 160 100
171 160 100
171 160 100
171 160 100
171 160 100
171 160 100
171 160 100
170 160 100
170 160 100
170 160 100
170 160 100
170 160 100
170 160 100
170 160 100
170 160 100
170 160 100
170 160 100
170 160 100
170 160 100
170 160 100
170 160 100
170 160 100
170 160 100
169 160 100
169 160 100
169 160 100
169 160 100
169 160 100
169 160 100
169 160 100
169 160 100
169 160 100
169 160 100
169 160 100
169 160 100
169 160 100
169 160 100
169 160 100
169 160 100
169 160 100
169 160 100
169 160 100
168 160 100
168 160 100
168 160 100
168 160 100
168 160 100
168 160 100
168 160 100
168 160 100
168 160 100
168 160 100
168 160 100
168 160 100
168 160 100
168 160 100
168 160 100
168 160 100
168 160 100
168 160 100
168 160 100
168 160 100
168 160 100
167 160 100
167 160 100
167 160 100
167 160 100
167 160 100
167 160 100
167 160 100
167 160 100
167 160 100
167 160 100
167 160 100
167 160 100
167 160 100
167 160 100
167 160 100
167 160 100
167 160 100
167 160 100
167 160 100
167 160 100
167 160 100
167 160 100
167 160 100
166 160 100
166 160 100
166 160 100
166 160 100
166 160 100
166 160 100
166 160 100
166 160 100
166 160 100
166 160 100
166 160 100
166 160 100
166 160 100
166 160 100
166 160 100
166 160 100
166 160 100
166 160 100
166 160 100
166 160 100
166 160 100
166 160 100
166 160 100
166 160 100
166 160 100
166 160 100
165 160 100
165 160 100
165 160 100
165 160 100
165 160 100
165 160 100
165 160 100
165 160 100
165 160 100
165 160 100
165 160 100
165 160 100
165 160 100
165 160 100
165 160 100
165 160 100
165 160 100
165 160 100
165 160 100
165 160 100
165 160 100
165 160 100
165 160 100
165 160 100
165 160 100
165 160 100
165 160 100
165 160 100
164 160 100
164 160 100
164 160 100
164 160 100
164 160 100
164 160 100
164 160 100
164 160 100
164 160 100
164 160 100
164 160 100
164 160 100
164 160 100
164 160 100
164 160 100
164 160 100
164 160 100
164 160 100
164 160 100
164 160 100
164 160 100
164 160 100
164 160 100
164 160 100
164 160 100
164 160 100
164 160 100
164 160 100
164 160 100
164 160 100
163 160 100
163 160 100
163 160 100
163 160 100
163 160 100
163 160 100
163 160 100
163 160 100
163 160 100
163 160 100
163 160 100
163 160 100
163 160 100
163 160 100
163 160 100
163 160 100
163 160 100
163 160 100
163 160 100
163 160 100
163 160 100
163 160 100
163 160 100
163 160 100
163 160 100
163 160 100
163 160 100
163 160 100
163 160 100
163 160 100
163 160 100
162 160 100
162 160 100
162 160 100
162 160 100
162 160 100
162 160 100
162 160 100
162 160 100
162 160 100
162 160 100
162 160 100
162 160 100
162 160 100
162 160 100
162 160 100
162 160 100
162 160 100
162 160 100
162 160 100
162 160 100
162 160 100
162 160 100
162 160 100
162 160 100
162 160 100
162 160 100
162 160 100
162 160 100
162 160 100
162 160 100
162 160 100
161 160 100
161 160 100
161 160 100
161 160 100
161 160 100
161 160 100
161 160 100
161 160 100
161 160 100
161 160 100
161 160 100
161 160 100
161 160 100
161 160 100
161 160 100
161 160 100
161 160 100
161 160 100
161 160 100
161 160 100
161 160 100
161 160 100
161 160 100
161 160 100
161 160 100
161 160 100
161 160 100
161 160 100
161 160 100
161 160 100
161 160 100
160 160 100
160 160 100
160 160 100
160 160 100
160 160 100
160 160 100
160 160 100
160 160 100
160 160 100
160 160 100
160 160 100
160 160 100
160 160 100
160 160 100
160 160 100
160 160 100
160 160 100
160 160 100
160 160 100
160 160 100
160 160 100
160 160 100
160 160 100
160 160 100
160 160 100
160 160 100
160 160 100
160 160 100
160 160 100
160 160 100
159 160 100
159 160 100
159 160 100
159 160 100
159 160 100
159 160 100
159 160 100
159 160 100
159 160 100
159 160 100
159 160 100
159 160 100
159 160 100
159 160 100
159 160 100
159 160 100
159 160 100
159 160 100
159 160 100
159 160 100
159 160 100
159 160 100
159 160 100
159 160 100
159 160 100
159 160 100
159 160 100
159 160 100
159 160 100
159 160 100
158 160 100
158 160 100
158 160 100
158 160 100
158 160 100
158 160 100
158 160 100
158 160 100
158 160 100
158 160 100
158 160 100
158 160 100
158 160 100
158 160 100
158 160 100
158 160 100
158 160 100
158 160 100
158 160 100
158 160 100
158 160 100
158 160 100
158 160 100
158 160 100
158 160 100
158 160 100
158 160 100
158 160 100
157 160 100
157 160 100
157 160 100
157 160 100
157 160 100
157 160 100
157 160 100
157 160 100
157 160 100
157 160 100
157 160 100
157 160 100
157 160 100
157 160 100
157 160 100
157 160 100
157 160 100
157 160 100
157 160 100
157 160 100
157 160 100
157 160 100
157 160 100
157 160 100
157 160 100
157 160 100
157 160 100
157 160 100
156 160 100
156 160 100
156 160 100
156 160 100
156 160 100
156 160 100
156 160 100
156 160 100
156 160 100
156 160 100
156 160 100
156 160 100
156 160 100
156 160 100
156 160 100
156 160 100
156 160 100
156 160 100
156 160 100
156 160 100
156 160 100
156 160 100
156 160 100
156 160 100
156 160 100
156 160 100
156 160 100
155 160 100
155 160 100
155 160 100
155 160 100
155 160 100
155 160 100
155 160 100
155 160 100
155 160 100
155 160 100
155 160 100
155 160 100
155 160 100
155 160 100
155 160 100
155 160 100
155 160 100
155 160 100
155 160 100
155 160 100
155 160 100
155 160 100
155 160 100
155 160 100
155 160 100
155 160 100
154 160 100
154 160 100
154 160 100
154 160 100
154 160 100
154 160 100
154 160 100
154 160 100
154 160 100
154 160 100
154 160 100
154 160 100
154 160 100
154 160 100
154 160 100
154 160 100
154 160 100
154 160 100
154 160 100
154 160 100
154 160 100
154 160 100
154 160 100
154 160 100
154 160 100
154 160 100
153 160 100
153 160 100
153 160 100
153 160 100
153 160 100
153 160 100
153 160 100
153 160 100
153 160 100
153 160 100
153 160 100
153 160 100
153 160 100
153 160 100
153 160 100
153 160 100
153 160 100
153 160 100
153 160 100
153 160 100
153 160 100
153 160 100
153 160 100
153 160 100
153 160 100
153 160 100
152 160 100
152 160 100
152 160 100
152 160 100
152 160 100
152 160 100
152 160 100
152 160 100
152 160 100
152 160 100
152 160 100
152 160 100
152 160 100
152 160 100
152 160 100
152 160 100
152 160 100
152 160 100
152 160 100
152 160 100
152 160 100
152 160 100
152 160 100
152 160 100
152 160 100
151 160 100
151 160 100
151 160 100
151 160 100
151 160 100
151 160 100
151 160 100
151 160 100
151 160 100
151 160 100
151 160 100
151 160 100
151 160 100
151 160 100
151 160 100
151 160 100
151 160 100
151 160 100
151 160 100
151 160 100
151 160 100
151 160 100
151 160 100
151 160 100
150 160 100
150 160 100
150 160 100
150 160 100
150 160 100
150 160 100
150 160 100
150 160 100
150 160 100
150 160 100
150 160 100
150 160 100
150 160 100
150 160 100
150 160 100
150 160 100
150 160 100
150 160 100
150 160 100
150 160 100
150 160 100
150 160 100
150 160 100
150 160 100
149 160 100
149 160 100
149 160 100
149 160 100
149 160 100
149 160 100
149 160 100
149 160 100
149 160 100
149 160 100
149 160 100
149 160 100
149 160 100
149 160 100
149 160 100
149 160 100
149 160 100
149 160 100
149 160 100
149 160 100
149 160 100
149 160 100
149 160 100
148 160 100
148 160 100
148 160 100
148 160 100
148 160 100
148 160 100
148 160 100
148 160 100
148 160 100
148 160 100
148 160 100
148 160 100
148 160 100
148 160 100
148 160 100
148 160 100
148 160 100
148 160 100
148 160 100
148 160 100
148 160 100
148 160 100
148 160 100
147 160 100
147 160 100
147 160 100
147 160 100
147 160 100
147 160 100
147 160 100
147 160 100
147 160 100
147 160 100
147 160 100
147 160 100
147 160 100
147 160 100
147 160 100
147 160 100
147 160 100
147 160 100
147 160 100
147 160 100
147 160 100
147 160 100
146 160 100
146 160 100
146 160 100
146 160 100
146 160 100
146 160 100
146 160 100
146 160 100
146 160 100
146 160 100
146 160 100
146 160 100
146 160 100
146 160 100
146 160 100
146 160 100
146 160 100
146 160 100
146 160 100
146 160 100
146 160 100
146 160 100
145 160 100
145 160 100
145 160 100
145 160 100
145 160 100
145 160 100
145 160 100
145 160 100
145 160 100
145 160 100
145 160 100
145 160 100
145 160 100
145 160 100
145 160 100
145 160 100
145 160 100
145 160 100
145 160 100
145 160 100
145 160 100
144 160 100
144 160 100
144 160 100
144 160 100
144 160 100
144 160 100
144 160 100
144 160 100
144 160 100
144 160 100
144 160 100
144 160 100
144 160 100
144 160 100
144 160 100
144 160 100
144 160 100
144 160 100
144 160 100
144 160 100
143 160 100
143 160 100
143 160 100
143 160 100
143 160 100
143 160 100
143 160 100
143 160 100
143 160 100
143 160 100
143 160 100
143 160 100
143 160 100
143 160 100
143 160 100
143 160 100
143 160 100
143 160 100
142 160 100
142 160 100
142 160 100
142 160 100
142 160 100
142 160 100
142 160 100
142 160 100
142 160 100
142 160 100
142 160 100
142 160 100
142 160 100
142 160 100
142 160 100
142 160 100
142 160 100
141 160 100
141 160 100
141 160 100
141 160 100
141 160 100
141 160 100
141 160 100
141 160 100
141 160 100
141 160 100
141 160 100
141 160 100
141 160 100
141 160 100
140 160 100
140 160 100
140 160 100
140 160 100
140 160 100
140 160 100
140 160 100
140 160 100
140 160 100
140 160 100
140 160 100
140 160 100
139 160 100
139 160 100
139 160 100
139 160 100
139 160 100
139 160 100
139 160 100
139 160 100
139 160 100
139 160 100
138 160 100
138 160 100
138 160 100
138 160 100
138 160 100
138 160 100
138 160 100
138 160 100
138 160 100
137 160 100
137 160 100
137 160 100
137 160 100
137 160 100
137 160 100
137 160 100
136 160 100
136 160 100
136 160 100
136 160 100
136 160 100
136 160 100
135 160 100
135 160 100
135 160 100
135 160 100
135 160 100
134 160 100
134 160 100
134 160 100
134 160 100
134 160 100
133 160 100
133 160 100
133 160 100
133 160 100
132 160 100
132 160 100
132 160 100
132 160 100
131 160 100
131 160 100
131 160 100
131 160 100
130 160 100
130 160 100
130 160 100
130 160 100
129 160 100
129 160 100
129 160 100
129 160 100
128 160 100
128 160 100
128 160 100
128 160 100
127 160 100
127 160 100
127 160 100
127 160 100
126 160 100
126 160 100
126 160 100
126 160 100
126 160 100
125 160 100
125 160 100
125 160 100
125 160 100
125 160 100
125 160 100
124 160 100
124 160 100
124 160 100
124 160 100
124 160 100
124 160 100
124 160 100
123 160 100
123 160 100
123 160 100
123 160 100
123 160 100
123 160 100
123 160 100
123 160 100
122 160 100
122 160 100
122 160 100
122 160 100
122 160 100
122 160 100
122 160 100
122 160 100
122 160 100
122 160 100
121 160 100
121 160 100
121 160 100
121 160 100
121 160 100
121 160 100
121 160 100
121 160 100
121 160 100
121 160 100
121 160 100
121 160 100
120 160 100
120 160 100
120 160 100
120 160 100
120 160 100
120 160 100
120 160 100
120 160 100
120 160 100
120 160 100
120 160 100
120 160 100
120 160 100
120 160 100
120 160 100
120 160 100
119 160 100
119 160 100
119 160 100
119 160 100
119 160 100
119 160 100
119 160 100
119 160 100
119 160 100
119 160 100
119 160 100
119 160 100
119 160 100
119 160 100
119 160 100
119 160 100
119 160 100
119 160 100
119 160 100
118 160 100
118 160 100
118 160 100
118 160 100
118 160 100
118 160 100
118 160 100
118 160 100
118 160 100
118 160 100
118 160 100
118 160 100
118 160 100
118 160 100
118 160 100
118 160 100
118 160 100
118 160 100
118 160 100
118 160 100
118 160 100
118 160 100
118 160 100
117 160 100
117 160 100
117 160 100
117 160 100
117 160 100
117 160 100
117 160 100
117 160 100
117 160 100
117 160 100
117 160 100
117 160 100
117 160 100
117 160 100
117 160 100
117 160 100
117 160 100
117 160 100
117 160 100
117 160 100
117 160 100
117 160 100
117 160 100
117 160 100
117 160 100
117 160 100
117 160 100
116 160 100
116 160 100
116 160 100
116 160 100
116 160 100
116 160 100
116 160 100
116 160 100
116 160 100
116 160 100
116 160 100
116 160 100
116 160 100
116 160 100
116 160 100
116 160 100
116 160 100
116 160 100
116 160 100
116 160 100
116 160 100
116 160 100
116 160 100
116 160 100
116 160 100
116 160 100
116 160 100
116 160 100
116 160 100
116 160 100
115 160 100
115 160 100
115 160 100
115 160 100
115 160 100
115 160 100
115 160 100
115 160 100
115 160 100
115 160 100
115 160 100
115 160 100
115 160 100
115 160 100
115 160 100
115 160 100
115 160 100
115 160 100
115 160 100
115 160 100
115 160 100
115 160 100
115 160 100
115 160 100
115 160 100
115 160 100
115 160 100
115 160 100
115 160 100
115 160 100
115 160 100
115 160 100
115 160 100
114 160 100
114 160 100
114 160 100
114 160 100
114 160 100
114 160 100
114 160 100
114 160 100
114 160 100
114 160 100
114 160 100
114 160 100
114 160 100
114 160 100
114 160 100
114 160 100
114 160 100
114 160 100
114 160 100
114 160 100
114 160 100
114 160 100
114 160 100
114 160 100
114 160 100
114 160 100
114 160 100
114 160 100
114 160 100
114 160 100
114 160 100
114 160 100
114 160 100
114 160 100
113 160 100
113 160 100
113 160 100
113 160 100
113 160 100
113 160 100
113 160 100
113 160 100
113 160 100
113 160 100
113 160 100
113 160 100
113 160 100
113 160 100
113 160 100
113 160 100
113 160 100
113 160 100
113 160 100
113 160 100
113 160 100
113 160 100
113 160 100
113 160 100
113 160 100
113 160 100
113 160 100
113 160 100
113 160 100
113 160 100
113 160 100
113 160 100
113 160 100
113 160 100
113 160 100
112 160 100
112 160 100
112 160 100
112 160 100
112 160 100
112 160 100
112 160 100
112 160 100
112 160 100
112 160 100
112 160 100
112 160 100
112 160 100
112 160 100
112 160 100
112 160 100
112 160 100
112 160 100
112 160 100
112 160 100
112 160 100
112 160 100
112 160 100
112 160 100
112 160 100
112 160 100
112 160 100
112 160 100
112 160 100
112 160 100
112 160 100
112 160 100
112 160 100
112 160 100
112 160 100
112 160 100
111 160 100
111 160 100
111 160 100
111 160 100
111 160 100
111 160 100
111 160 100
111 160 100
111 160 100
111 160 100
111 160 100
111 160 100
111 160 100
111 160 100
111 160 100
111 160 100
111 160 100
111 160 100
111 160 100
111 160 100
111 160 100
111 160 100
111 160 100
111 160 100
111 160 100
111 160 100
111 160 100
111 160 100
111 160 100
111 160 100
111 160 100
111 160 100
111 160 100
111 160 100
111 160 100
111 160 100
110 160 100
110 160 100
110 160 100
110 160 100
110 160 100
110 160 100
110 160 100
110 160 100
110 160 100
110 160 100
110 160 100
110 160 100
110 160 100
110 160 100
110 160 100
110 160 100
110 160 100
110 160 100
110 160 100
110 160 100
110 160 100
110 160 100
110 160 100
110 160 100
110 160 100
110 160 100
110 160 100
110 160 100
110 160 100
110 160 100
110 160 100
110 160 100
110 160 100
110 160 100
110 160 100
109 160 100
109 160 100
109 160 100
109 160 100
109 160 100
109 160 100
109 160 100
109 160 100
109 160 100
109 160 100
109 160 100
109 160 100
109 160 100
109 160 100
109 160 100
109 160 100
109 160 100
109 160 100
109 160 100
109 160 100
109 160 100
109 160 100
109 160 100
109 160 100
109 160 100
109 160 100
109 160 100
109 160 100
109 160 100
109 160 100
109 160 100
109 160 100
109 160 100
109 160 100
109 160 100
108 160 100
108 160 100
108 160 100
108 160 100
108 160 100
108 160 100
108 160 100
108 160 100
108 160 100
108 160 100
108 160 100
108 160 100
108 160 100
108 160 100
108 160 100
108 160 100
108 160 100
108 160 100
108 160 100
108 160 100
108 160 100
108 160 100
108 160 100
108 160 100
108 160 100
108 160 100
108 160 100
108 160 100
108 160 100
108 160 100
108 160 100
108 160 100
108 160 100
108 160 100
107 160 100
107 160 100
107 160 100
107 160 100
107 160 100
107 160 100
107 160 100
107 160 100
107 160 100
107 160 100
107 160 100
107 160 100
107 160 100
107 160 100
107 160 100
107 160 100
107 160 100
107 160 100
107 160 100
107 160 100
107 160 100
107 160 100
107 160 100
107 160 100
107 160 100
107 160 100
107 160 100
107 160 100
107 160 100
107 160 100
107 160 100
107 160 100
107 160 100
106 160 100
106 160 100
106 160 100
106 160 100
106 160 100
106 160 100
106 160 100
106 160 100
106 160 100
106 160 100
106 160 100
106 160 100
106 160 100
106 160 100
106 160 100
106 160 100
106 160 100
106 160 100
106 160 100
106 160 100
106 160 100
106 160 100
106 160 100
106 160 100
106 160 100
106 160 100
106 160 100
106 160 100
106 160 100
106 160 100
106 160 100
106 160 100
106 160 100
105 160 100
105 160 100
105 160 100
105 160 100
105 160 100
105 160 100
105 160 100
105 160 100
105 160 100
105 160 100
105 160 100
105 160 100
105 160 100
105 160 100
105 160 100
105 160 100
105 160 100
105 160 100
105 160 100
105 160 100
105 160 100
105 160 100
105 160 100
105 160 100
105 160 100
105 160 100
105 160 100
105 160 100
105 160 100
105 160 100
105 160 100
105 160 100
104 160 100
104 160 100
104 160 100
104 160 100
104 160 100
104 160 100
104 160 100
104 160 100
104 160 100
104 160 100
104 160 100
104 160 100
104 160 100
104 160 100
104 160 100
104 160 100
104 160 100
104 160 100
104 160 100
104 160 100
104 160 100
104 160 100
104 160 100
104 160 100
104 160 100
104 160 100
104 160 100
104 160 100
104 160 100
104 160 100
104 160 100
103 160 100
103 160 100
103 160 100
103 160 100
103 160 100
103 160 100
103 160 100
103 160 100
103 160 100
103 160 100
103 160 100
103 160 100
103 160 100
103 160 100
103 160 100
103 160 100
103 160 100
103 160 100
103 160 100
103 160 100
103 160 100
103 160 100
103 160 100
103 160 100
103 160 100
103 160 100
103 160 100
103 160 100
103 160 100
103 160 100
102 160 100
102 160 100
102 160 100
102 160 100
102 160 100
102 160 100
102 160 100
102 160 100
102 160 100
102 160 100
102 160 100
102 160 100
102 160 100
102 160 100
102 160 100
102 160 100
102 160 100
102 160 100
102 160 100
102 160 100
102 160 100
102 160 100
102 160 100
102 160 100
102 160 100
102 160 100
102 160 100
102 160 100
102 160 100
101 160 100
101 160 100
101 160 100
101 160 100
101 160 100
101 160 100
101 160 100
101 160 100
101 160 100
101 160 100
101 160 100
101 160 100
101 160 100
101 160 100
101 160 100
101 160 100
101 160 100
101 160 100
101 160 100
101 160 100
101 160 100
101 160 100
101 160 100
101 160 100
101 160 100
101 160 100
101 160 100
100 160 100
100 160 100
100 160 100
100 160 100
100 160 100
100 160 100
100 160 100
100 160 100
100 160 100
100 160 100
100 160 100
100 160 100
100 160 100
100 160 100
100 160 100
100 160 100
100 160 100
100 160 100
100 160 100
100 160 100
100 160 100
100 160 100
100 160 100
100 160 100
100 160 100
99 160 100
99 160 100
99 160 100
99 160 100
99 160 100
99 160 100
99 160 100
99 160 100
99 160 100
99 160 100
99 160 100
99 160 100
99 160 100
99 160 100
99 160 100
99 160 100
99 160 100
99 160 100
99 160 100
99 160 100
99 160 100
99 160 100
98 160 100
98 160 100
98 160 100
98 160 100
98 160 100
98 160 100
98 160 100
98 160 100
98 160 100
98 160 100
98 160 100
98 160 100
98 160 100
98 160 100
98 160 100
98 160 100
98 160 100
98 160 100
98 160 100
97 160 100
97 160 100
97 160 100
97 160 100
97 160 100
97 160 100
97 160 100
97 160 100
97 160 100
97 160 100
97 160 100
97 160 100
97 160 100
97 160 100
97 160 100
97 160 100
96 160 100
96 160 100
96 160 100
96 160 100
96 160 100
96 160 100
96 160 100
96 160 100
96 160 100
96 160 100
96 160 100
96 160 100
96 160 100
96 160 100
95 160 100
95 160 100
95 160 100
95 160 100
95 160 100
95 160 100
95 160 100
95 160 100
95 160 100
95 160 100
95 160 100
95 160 100
94 160 100
94 160 100
94 160 100
94 160 100
94 160 100
94 160 100
94 160 100
94 160 100
94 160 100
94 160 100
93 160 100
93 160 100
93 160 100
93 160 100
93 160 100
93 160 100
93 160 100
93 160 100
93 160 100
92 160 100
92 160 100
92 160 100
92 160 100
92 160 100
92 160 100
92 160 100
92 160 100
91 160 100
91 160 100
91 160 100
91 160 100
91 160 100
91 160 100
91 160 100
91 160 100
90 160 100
90 160 100
90 160 100
90 160 100
90 160 100
90 160 100
90 160 100
89 160 100
89 160 100
89 160 100
89 160 100
89 160 100
89 160 100
89 160 100
88 160 100
88 160 100
88 160 100
88 160 100
88 160 100
88 160 100
87 160 100
87 160 100
87 160 100
87 160 100
87 160 100
87 160 100
86 160 100
86 160 100
86 160 100
86 160 100
86 160 100
85 160 100
85 160 100
85 160 100
85 160 100
84 160 100
84 160 100
84 160 100
84 160 100
83 160 100
83 160 100
83 160 100
82 160 100
82 160 100
82 160 100
81 160 100
81 160 100
81 160 100
80 160 100
80 160 100
80 160 100
79 160 100
79 160 100
79 160 100
78 160 100
78 160 100
78 160 100
77 160 100
77 160 100
77 160 100
77 160 100
76 160 100
76 160 100
76 160 100
76 160 100
75 160 100
75 160 100
75 160 100
75 160 100
75 160 100
74 160 100
74 160 100
74 160 100
74 160 100
74 160 100
73 160 100
73 160 100
73 160 100
73 160 100
73 160 100
72 160 100
72 160 100
72 160 100
72 160 100
72 160 100
71 160 100
71 160 100
71 160 100
71 160 100
71 160 100
70 160 100
70 160 100
70 160 100
70 160 100
70 160 100
69 160 100
69 160 100
69 160 100
69 160 100
68 160 100
68 160 100
68 160 100
68 160 100
67 160 100
67 160 100
67 160 100
66 160 100
66 160 100
66 160 100
65 160 100
65 160 100
65 160 100
64 160 100
64 160 100
64 160 100
63 160 100
63 160 100
62 160 100
62 160 100
61 160 100
61 160 100
60 160 100
60 160 100
60 160 100
59 160 100
59 160 100
59 160 100
58 160 100
58 160 100
58 160 100
57 160 100
57 160 100
57 160 100
56 160 100
56 160 100
56 160 100
55 160 100
55 160 100
54 160 100
54 160 100
53 160 100
53 160 100
52 160 100
52 160 100
51 160 100
51 160 100
50 160 100
50 160 100
49 160 100
48 160 100
47 160 100
46 160 100
45 160 100
44 160 100
43 160 100
42 160 100
41 160 100
40 160 100
39 160 100
38 160 100
37 160 100
36 160 100
35 160 100
34 160 100
33 160 100
32 160 100
31 160 100
30 160 100
29 160 100
28 160 100
27 160 100
26 160 100
26 159 100
26 158 100
26 157 100
26 156 100
26 155 100
26 154 100
26 153 100
# move from (137,87) to (26,152)
137 87 100
136 87 100
135 87 100
134 87 100
133 87 100
132 87 100
131 87 100
130 87 100
129 87 100
128 87 100
127 87 100
126 87 100
125 87 100
124 87 100
123 87 100
122 87 100
121 87 100
120 87 100
119 87 100
118 87 100
117 87 100
116 87 100
115 87 100
114 87 100
113 87 100
112 87 100
111 87 100
110 87 100
110 87 100
109 87 100
109 87 100
108 87 100
108 87 100
107 87 100
107 87 100
106 87 100
106 87 100
105 87 100
105 87 100
105 87 100
104 87 100
104 87 100
104 87 100
103 87 100
103 87 100
103 87 100
102 87 100
102 87 100
102 87 100
102 87 100
101 87 100
101 87 100
101 87 100
101 87 100
100 87 100
100 87 100
100 87 100
100 87 100
99 87 100
99 87 100
99 87 100
99 87 100
98 87 100
98 87 100
98 87 100
98 87 100
97 87 100
97 87 100
97 87 100
97 87 100
96 87 100
96 87 100
96 87 100
96 87 100
95 87 100
95 87 100
95 87 100
95 87 100
95 87 100
94 87 100
94 87 100
94 87 100
94 87 100
94 87 100
93 87 100
93 87 100
93 87 100
93 87 100
93 87 100
93 87 100
93 87 100
92 87 100
92 87 100
92 87 100
92 87 100
92 87 100
92 87 100
92 87 100
92 87 100
91 87 100
91 87 100
91 87 100
91 87 100
91 87 100
91 87 100
91 87 100
91 87 100
91 87 100
91 87 100
90 87 100
90 87 100
90 87 100
90 87 100
90 87 100
90 87 100
90 87 100
90 87 100
90 87 100
90 87 100
90 87 100
90 87 100
89 87 100
89 87 100
89 87 100
89 87 100
89 87 100
89 87 100
89 87 100
89 87 100
89 87 100
89 87 100
89 87 100
89 87 100
89 87 100
89 87 100
88 87 100
88 87 100
88 87 100
88 87 100
88 87 100
88 87 100
88 87 100
88 87 100
88 87 100
88 87 100
88 87 100
88 87 100
88 87 100
88 87 100
88 87 100
88 87 100
87 87 100
87 87 100
87 87 100
87 87 100
87 87 100
87 87 100
87 87 100
87 87 100
87 87 100
87 87 100
87 87 100
87 87 100
87 87 100
87 87 100
87 87 100
87 87 100
87 87 100
87 87 100
86 87 100
86 87 100
86 87 100
86 87 100
86 87 100
86 87 100
86 87 100
86 87 100
86 87 100
86 87 100
86 87 100
86 87 100
86 87 100
86 87 100
86 87 100
86 87 100
86 87 100
86 87 100
86 87 100
85 87 100
85 87 100
85 87 100
85 87 100
85 87 100
85 87 100
85 87 100
85 87 100
85 87 100
85 87 100
85 87 100
85 87 100
85 87 100
85 87 100
85 87 100
85 87 100
85 87 100
85 87 100
85 87 100
84 87 100
84 87 100
84 87 100
84 87 100
84 87 100
84 87 100
84 87 100
84 87 100
84 87 100
84 87 100
84 87 100
84 87 100
84 87 100
84 87 100
84 87 100
84 87 100
84 87 100
84 87 100
84 87 100
83 87 100
83 87 100
83 87 100
83 87 100
83 87 100
83 87 100
83 87 100
83 87 100
83 87 100
83 87 100
83 87 100
83 87 100
83 87 100
83 87 100
83 87 100
83 87 100
83 87 100
83 87 100
82 87 100
82 87 100
82 87 100
82 87 100
82 87 100
82 87 100
82 87 100
82 87 100
82 87 100
82 87 100
82 87 100
82 87 100
82 87 100
82 87 100
82 87 100
82 87 100
82 87 100
81 87 100
81 87 100
81 87 100
81 87 100
81 87 100
81 87 100
81 87 100
81 87 100
81 87 100
81 87 100
81 87 100
81 87 100
81 87 100
81 87 100
81 87 100
81 87 100
80 87 100
80 87 100
80 87 100
80 87 100
80 87 100
80 87 100
80 87 100
80 87 100
80 87 100
80 87 100
80 87 100
80 87 100
80 87 100
80 87 100
79 87 100
79 87 100
79 87 100
79 87 100
79 87 100
79 87 100
79 87 100
79 87 100
79 87 100
79 87 100
79 87 100
79 87 100
78 87 100
78 87 100
78 87 100
78 87 100
78 87 100
78 87 100
78 87 100
78 87 100
78 87 100
78 87 100
78 87 100
77 87 100
77 87 100
77 87 100
77 87 100
77 87 100
77 87 100
77 87 100
77 87 100
77 87 100
76 87 100
76 87 100
76 87 100
76 87 100
76 87 100
76 87 100
76 87 100
76 87 100
76 87 100
75 87 100
75 87 100
75 87 100
75 87 100
75 87 100
75 87 100
75 87 100
75 87 100
74 87 100
74 87 100
74 87 100
74 87 100
74 87 100
74 87 100
74 87 100
74 87 100
73 87 100
73 87 100
73 87 100
73 87 100
73 87 100
73 87 100
73 87 100
72 87 100
72 87 100
72 87 100
72 87 100
72 87 100
72 87 100
72 87 100
71 87 100
71 87 100
71 87 100
71 87 100
71 87 100
71 87 100
70 87 100
70 87 100
70 87 100
70 87 100
70 87 100
70 87 100
69 87 100
69 87 100
69 87 100
69 87 100
69 87 100
69 87 100
68 87 100
68 87 100
68 87 100
68 87 100
68 87 100
67 87 100
67 87 100
67 87 100
67 87 100
66 87 100
66 87 100
66 87 100
66 87 100
65 87 100
65 87 100
65 87 100
64 87 100
64 87 100
64 87 100
63 87 100
63 87 100
62 87 100
62 87 100
61 87 100
61 87 100
60 87 100
59 87 100
58 87 100
57 87 100
56 87 100
55 87 100
54 87 100
54 87 100
53 87 100
53 87 100
52 87 100
52 87 100
51 87 100
51 87 100
50 87 100
50 87 100
49 87 100
49 87 100
48 87 100
48 87 100
47 87 100
47 87 100
46 87 100
46 87 100
45 87 100
44 87 100
43 87 100
42 87 100
41 87 100
40 87 100
39 87 100
38 87 100
37 87 100
36 87 100
35 87 100
34 87 100
33 87 100
32 87 100
31 87 100
30 87 100
29 87 100
28 87 100
27 87 100
# move from (53,23) to (26,152)
53 23 100
52 23 100
51 23 100
50 23 100
50 23 100
49 23 100
49 23 100
48 23 100
48 23 100
48 23 100
47 23 100
47 23 100
47 23 100
47 23 100
46 23 100
46 23 100
46 23 100
46 23 100
46 23 100
46 23 100
45 23 100
45 23 100
45 23 100
45 23 100
45 23 100
45 23 100
45 23 100
45 23 100
44 23 100
44 23 100
44 23 100
44 23 100
44 23 100
44 23 100
44 23 100
44 23 100
44 23 100
44 23 100
43 23 100
43 23 100
43 23 100
43 23 100
43 23 100
43 23 100
43 23 100
43 23 100
43 23 100
43 23 100
43 23 100
43 23 100
43 23 100
42 23 100
42 23 100
42 23 100
42 23 100
42 23 100
42 23 100
42 23 100
42 23 100
42 23 100
42 23 100
42 23 100
42 23 100
42 23 100
42 23 100
42 23 100
41 23 100
41 23 100
41 23 100
41 23 100
41 23 100
41 23 100
41 23 100
41 23 100
41 23 100
41 23 100
41 23 100
41 23 100
41 23 100
41 23 100
41 23 100
41 23 100
41 23 100
41 23 100
40 23 100
40 23 100
40 23 100
40 23 100
40 23 100
40 23 100
40 23 100
40 23 100
40 23 100
40 23 100
40 23 100
40 23 100
40 23 100
40 23 100
40 23 100
40 23 100
40 23 100
40 23 100
40 23 100
40 23 100
40 23 100
39 23 100
39 23 100
39 23 100
39 23 100
39 23 100
39 23 100
39 23 100
39 23 100
39 23 100
39 23 100
39 23 100
39 23 100
39 23 100
39 23 100
39 23 100
39 23 100
39 23 100
39 23 100
39 23 100
39 23 100
39 23 100
39 23 100
39 23 100
39 23 100
38 23 100
38 23 100
38 23 100
38 23 100
38 23 100
38 23 100
38 23 100
38 23 100
38 23 100
38 23 100
38 23 100
38 23 100
38 23 100
38 23 100
38 23 100
38 23 100
38 23 100
38 23 100
38 23 100
38 23 100
38 23 100
38 23 100
38 23 100
38 23 100
38 23 100
37 23 100
37 23 100
37 23 100
37 23 100
37 23 100
37 23 100
37 23 100
37 23 100
37 23 100
37 23 100
37 23 100
37 23 100
37 23 100
37 23 100
37 23 100
37 23 100
37 23 100
37 23 100
37 23 100
37 23 100
37 23 100
37 23 100
37 23 100
37 23 100
37 23 100
37 23 100
36 23 100
36 23 100
36 23 100
36 23 100
36 23 100
36 23 100
36 23 100
36 23 100
36 23 100
36 23 100
36 23 100
36 23 100
36 23 100
36 23 100
36 23 100
36 23 100
36 23 100
36 23 100
36 23 100
36 23 100
36 23 100
36 23 100
36 23 100
36 23 100
36 23 100
36 23 100
35 23 100
35 23 100
35 23 100
35 23 100
35 23 100
35 23 100
35 23 100
35 23 100
35 23 100
35 23 100
35 23 100
35 23 100
35 23 100
35 23 100
35 23 100
35 23 100
35 23 100
35 23 100
35 23 100
35 23 100
35 23 100
35 23 100
35 23 100
35 23 100
35 23 100
34 23 100
34 23 100
34 23 100
34 23 100
34 23 100
34 23 100
34 23 100
34 23 100
34 23 100
34 23 100
34 23 100
34 23 100
34 23 100
34 23 100
34 23 100
34 23 100
34 23 100
34 23 100
34 23 100
34 23 100
34 23 100
34 23 100
34 23 100
33 23 100
33 23 100
33 23 100
33 23 100
33 23 100
33 23 100
33 23 100
33 23 100
33 23 100
33 23 100
33 23 100
33 23 100
33 23 100
33 23 100
33 23 100
33 23 100
33 23 100
33 23 100
33 23 100
33 23 100
33 23 100
32 23 100
32 23 100
32 23 100
32 23 100
32 23 100
32 23 100
32 23 100
32 23 100
32 23 100
32 23 100
32 23 100
32 23 100
32 23 100
32 23 100
32 23 100
32 23 100
32 23 100
32 23 100
31 23 100
31 23 100
31 23 100
31 23 100
31 23 100
31 23 100
31 23 100
31 23 100
31 23 100
31 23 100
31 23 100
31 23 100
31 23 100
31 23 100
31 23 100
30 23 100
30 23 100
30 23 100
30 23 100
30 23 100
30 23 100
30 23 100
30 23 100
30 23 100
30 23 100
30 23 100
30 23 100
30 23 100
29 23 100
29 23 100
29 23 100
29 23 100
29 23 100
29 23 100
29 23 100
29 23 100
29 23 100
29 23 100
29 23 100
28 23 100
28 23 100
28 23 100
28 23 100
28 23 100
28 23 100
28 23 100
28 23 100
28 23 100
27 23 100
27 23 100
27 23 100
27 23 100
27 23 100
27 23 100
27 23 100
26 23 100
26 23 100
26 23 100
26 23 100
26 23 100
26 23 100
26 24 100
26 24 100
26 24 100
26 24 100
26 24 100
26 24 100
26 25 100
26 25 100
26 25 100
26 25 100
26 25 100
26 25 100
26 26 100
26 26 100
26 26 100
26 26 100
26 26 100
26 27 100
26 27 100
26 27 100
26 27 100
26 28 100
26 28 100
26 28 100
26 28 100
26 29 100
26 29 100
26 29 100
26 30 100
26 30 100
26 31 100
26 31 100
26 32 100
26 33 100
26 34 100
26 35 100
26 36 100
26 37 100
26 38 100
26 39 100
26 40 100
# move from (49,169) to (26,152)
49 169 100
48 169 100
47 169 100
46 169 100
46 169 100
45 169 100
45 169 100
44 169 100
44 169 100
43 169 100
43 169 100
43 169 100
42 169 100
42 169 100
42 169 100
41 169 100
41 169 100
41 169 100
41 169 100
40 169 100
40 169 100
40 169 100
40 169 100
39 169 100
39 169 100
39 169 100
39 169 100
39 169 100
38 169 100
38 169 100
38 169 100
38 169 100
38 169 100
38 169 100
37 169 100
37 169 100
37 169 100
37 169 100
37 169 100
37 169 100
36 169 100
36 169 100
36 169 100
36 169 100
36 169 100
35 169 100
35 169 100
35 169 100
35 169 100
35 169 100
34 169 100
34 169 100
34 169 100
34 169 100
33 169 100
33 169 100
33 169 100
32 169 100
32 169 100
32 169 100
31 169 100
31 169 100
30 169 100
30 169 100
29 169 100
28 169 100
27 169 100
26 169 100
26 168 100
26 167 100
26 166 100
26 165 100
26 164 100
26 163 100
26 162 100
26 161 100
# move from (192,42) to (26,152)
192 42 100
191 42 100
190 42 100
189 42 100
188 42 100
187 42 100
186 42 100
185 42 100
184 42 100
183 42 100
182 42 100
181 42 100
180 42 100
179 42 100
178 42 100
177 42 100
176 42 100
175 42 100
174 42 100
173 42 100
172 42 100
171 42 100
170 42 100
169 42 100
168 42 100
167 42 100
166 42 100
165 42 100
164 42 100
163 42 100
162 42 100
161 42 100
160 42 100
159 42 100
159 42 100
158 42 100
158 42 100
157 42 100
157 42 100
156 42 100
156 42 100
156 42 100
155 42 100
155 42 100
155 42 100
154 42 100
154 42 100
154 42 100
154 42 100
153 42 100
153 42 100
153 42 100
153 42 100
153 42 100
153 42 100
152 42 100
152 42 100
152 42 100
152 42 100
152 42 100
152 42 100
152 42 100
151 42 100
151 42 100
151 42 100
151 42 100
151 42 100
151 42 100
151 42 100
151 42 100
151 42 100
150 42 100
150 42 100
150 42 100
150 42 100
150 42 100
150 42 100
150 42 100
150 42 100
150 42 100
150 42 100
150 42 100
149 42 100
149 42 100
149 42 100
149 42 100
149 42 100
149 42 100
149 42 100
149 42 100
149 42 100
149 42 100
149 42 100
149 42 100
149 42 100
149 42 100
148 42 100
148 42 100
148 42 100
148 42 100
148 42 100
148 42 100
148 42 100
148 42 100
148 42 100
148 42 100
148 42 100
148 42 100
148 42 100
148 42 100
148 42 100
148 42 100
148 42 100
147 42 100
147 42 100
147 42 100
147 42 100
147 42 100
147 42 100
147 42 100
147 42 100
147 42 100
147 42 100
147 42 100
147 42 100
147 42 100
147 42 100
147 42 100
147 42 100
147 42 100
147 42 100
147 42 100
147 42 100
146 42 100
146 42 100
146 42 100
146 42 100
146 42 100
146 42 100
146 42 100
146 42 100
146 42 100
146 42 100
146 42 100
146 42 100
146 42 100
146 42 100
146 42 100
146 42 100
146 42 100
146 42 100
146 42 100
146 42 100
146 42 100
146 42 100
146 42 100
146 42 100
145 42 100
145 42 100
145 42 100
145 42 100
145 42 100
145 42 100
145 42 100
145 42 100
145 42 100
145 42 100
145 42 100
145 42 100
145 42 100
145 42 100
145 42 100
145 42 100
145 42 100
145 42 100
145 42 100
145 42 100
145 42 100
145 42 100
145 42 100
145 42 100
145 42 100
145 42 100
144 42 100
144 42 100
144 42 100
144 42 100
144 42 100
144 42 100
144 42 100
144 42 100
144 42 100
144 42 100
144 42 100
144 42 100
144 42 100
144 42 100
144 42 100
144 42 100
144 42 100
144 42 100
144 42 100
144 42 100
144 42 100
144 42 100
144 42 100
144 42 100
144 42 100
144 42 100
144 42 100
144 42 100
143 42 100
143 42 100
143 42 100
143 42 100
143 42 100
143 42 100
143 42 100
143 42 100
143 42 100
143 42 100
143 42 100
143 42 100
143 42 100
143 42 100
143 42 100
143 42 100
143 42 100
143 42 100
143 42 100
143 42 100
143 42 100
143 42 100
143 42 100
143 42 100
143 42 100
143 42 100
143 42 100
143 42 100
143 42 100
143 42 100
142 42 100
142 42 100
142 42 100
142 42 100
142 42 100
142 42 100
142 42 100
142 42 100
142 42 100
142 42 100
142 42 100
142 42 100
142 42 100
142 42 100
142 42 100
142 42 100
142 42 100
142 42 100
142 42 100
142 42 100
142 42 100
142 42 100
142 42 100
142 42 100
142 42 100
142 42 100
142 42 100
142 42 100
142 42 100
142 42 100
141 42 100
141 42 100
141 42 100
141 42 100
141 42 100
141 42 100
141 42 100
141 42 100
141 42 100
141 42 100
141 42 100
141 42 100
141 42 100
141 42 100
141 42 100
141 42 100
141 42 100
141 42 100
141 42 100
141 42 100
141 42 100
141 42 100
141 42 100
141 42 100
141 42 100
141 42 100
141 42 100
141 42 100
141 42 100
141 42 100
141 42 100
140 42 100
140 42 100
140 42 100
140 42 100
140 42 100
140 42 100
140 42 100
140 42 100
140 42 100
140 42 100
140 42 100
140 42 100
140 42 100
140 42 100
140 42 100
140 42 100
140 42 100
140 42 100
140 42 100
140 42 100
140 42 100
140 42 100
140 42 100
140 42 100
140 42 100
140 42 100
140 42 100
140 42 100
140 42 100
140 42 100
139 42 100
139 42 100
139 42 100
139 42 100
139 42 100
139 42 100
139 42 100
139 42 100
139 42 100
139 42 100
139 42 100
139 42 100
139 42 100
139 42 100
139 42 100
139 42 100
139 42 100
139 42 100
139 42 100
139 42 100
139 42 100
139 42 100
139 42 100
139 42 100
139 42 100
139 42 100
139 42 100
139 42 100
139 42 100
139 42 100
138 42 100
138 42 100
138 42 100
138 42 100
138 42 100
138 42 100
138 42 100
138 42 100
138 42 100
138 42 100
138 42 100
138 42 100
138 42 100
138 42 100
138 42 100
138 42 100
138 42 100
138 42 100
138 42 100
138 42 100
138 42 100
138 42 100
138 42 100
138 42 100
138 42 100
138 42 100
138 42 100
138 42 100
138 42 100
138 42 100
137 42 100
137 42 100
137 42 100
137 42 100
137 42 100
137 42 100
137 42 100
137 42 100
137 42 100
137 42 100
137 42 100
137 42 100
137 42 100
137 42 100
137 42 100
137 42 100
137 42 100
137 42 100
137 42 100
137 42 100
137 42 100
137 42 100
137 42 100
137 42 100
137 42 100
137 42 100
137 42 100
137 42 100
137 42 100
137 42 100
136 42 100
136 42 100
136 42 100
136 42 100
136 42 100
136 42 100
136 42 100
136 42 100
136 42 100
136 42 100
136 42 100
136 42 100
136 42 100
136 42 100
136 42 100
136 42 100
136 42 100
136 42 100
136 42 100
136 42 100
136 42 100
136 42 100
136 42 100
136 42 100
136 42 100
136 42 100
136 42 100
136 42 100
136 42 100
136 42 100
135 42 100
135 42 100
135 42 100
135 42 100
135 42 100
135 42 100
135 42 100
135 42 100
135 42 100
135 42 100
135 42 100
135 42 100
135 42 100
135 42 100
135 42 100
135 42 100
135 42 100
135 42 100
135 42 100
135 42 100
135 42 100
135 42 100
135 42 100
135 42 100
135 42 100
135 42 100
135 42 100
135 42 100
135 42 100
135 42 100
134 42 100
134 42 100
134 42 100
134 42 100
134 42 100
134 42 100
134 42 100
134 42 100
134 42 100
134 42 100
134 42 100
134 42 100
134 42 100
134 42 100
134 42 100
134 42 100
134 42 100
134 42 100
134 42 100
134 42 100
134 42 100
134 42 100
134 42 100
134 42 100
134 42 100
134 42 100
134 42 100
134 42 100
134 42 100
134 42 100
133 42 100
133 42 100
133 42 100
133 42 100
133 42 100
133 42 100
133 42 100
133 42 100
133 42 100
133 42 100
133 42 100
133 42 100
133 42 100
133 42 100
133 42 100
133 42 100
133 42 100
133 42 100
133 42 100
133 42 100
133 42 100
133 42 100
133 42 100
133 42 100
133 42 100
133 42 100
133 42 100
133 42 100
133 42 100
133 42 100
133 42 100
132 42 100
132 42 100
132 42 100
132 42 100
132 42 100
132 42 100
132 42 100
132 42 100
132 42 100
132 42 100
132 42 100
132 42 100
132 42 100
132 42 100
132 42 100
132 42 100
132 42 100
132 42 100
132 42 100
132 42 100
132 42 100
132 42 100
132 42 100
132 42 100
132 42 100
132 42 100
132 42 100
132 42 100
132 42 100
132 42 100
132 42 100
131 42 100
131 42 100
131 42 100
131 42 100
131 42 100
131 42 100
131 42 100
131 42 100
131 42 100
131 42 100
131 42 100
131 42 100
131 42 100
131 42 100
131 42 100
131 42 100
131 42 100
131 42 100
131 42 100
131 42 100
131 42 100
131 42 100
131 42 100
131 42 100
131 42 100
131 42 100
131 42 100
131 42 100
131 42 100
131 42 100
131 42 100
131 42 100
130 42 100
130 42 100
130 42 100
130 42 100
130 42 100
130 42 100
130 42 100
130 42 100
130 42 100
130 42 100
130 42 100
130 42 100
130 42 100
130 42 100
130 42 100
130 42 100
130 42 100
130 42 100
130 42 100
130 42 100
130 42 100
130 42 100
130 42 100
130 42 100
130 42 100
130 42 100
130 42 100
130 42 100
130 42 100
130 42 100
130 42 100
130 42 100
130 42 100
129 42 100
129 42 100
129 42 100
129 42 100
129 42 100
129 42 100
129 42 100
129 42 100
129 42 100
129 42 100
129 42 100
129 42 100
129 42 100
129 42 100
129 42 100
129 42 100
129 42 100
129 42 100
129 42 100
129 42 100
129 42 100
129 42 100
129 42 100
129 42 100
129 42 100
129 42 100
129 42 100
129 42 100
129 42 100
129 42 100
129 42 100
129 42 100
129 42 100
129 42 100
129 42 100
128 42 100
128 42 100
128 42 100
128 42 100
128 42 100
128 42 100
128 42 100
128 42 100
128 42 100
128 42 100
128 42 100
128 42 100
128 42 100
128 42 100
128 42 100
128 42 100
128 42 100
128 42 100
128 42 100
128 42 100
128 42 100
128 42 100
128 42 100
128 42 100
128 42 100
128 42 100
128 42 100
128 42 100
128 42 100
128 42 100
128 42 100
128 42 100
128 42 100
128 42 100
128 42 100
127 42 100
127 42 100
127 42 100
127 42 100
127 42 100
127 42 100
127 42 100
127 42 100
127 42 100
127 42 100
127 42 100
127 42 100
127 42 100
127 42 100
127 42 100
127 42 100
127 42 100
127 42 100
127 42 100
127 42 100
127 42 100
127 42 100
127 42 100
127 42 100
127 42 100
127 42 100
127 42 100
127 42 100
127 42 100
127 42 100
127 42 100
127 42 100
127 42 100
127 42 100
127 42 100
127 42 100
126 42 100
126 42 100
126 42 100
126 42 100
126 42 100
126 42 100
126 42 100
126 42 100
126 42 100
126 42 100
126 42 100
126 42 100
126 42 100
126 42 100
126 42 100
126 42 100
126 42 100
126 42 100
126 42 100
126 42 100
126 42 100
126 42 100
126 42 100
126 42 100
126 42 100
126 42 100
126 42 100
126 42 100
126 42 100
126 42 100
126 42 100
126 42 100
126 42 100
126 42 100
126 42 100
126 42 100
125 42 100
125 42 100
125 42 100
125 42 100
125 42 100
125 42 100
125 42 100
125 42 100
125 42 100
125 42 100
125 42 100
125 42 100
125 42 100
125 42 100
125 42 100
125 42 100
125 42 100
125 42 100
125 42 100
125 42 100
125 42 100
125 42 100
125 42 100
125 42 100
125 42 100
125 42 100
125 42 100
125 42 100
125 42 100
125 42 100
125 42 100
125 42 100
125 42 100
125 42 100
125 42 100
124 42 100
124 42 100
124 42 100
124 42 100
124 42 100
124 42 100
124 42 100
124 42 100
124 42 100
124 42 100
124 42 100
124 42 100
124 42 100
124 42 100
124 42 100
124 42 100
124 42 100
124 42 100
124 42 100
124 42 100
124 42 100
124 42 100
124 42 100
124 42 100
124 42 100
124 42 100
124 42 100
124 42 100
124 42 100
124 42 100
124 42 100
124 42 100
124 42 100
124 42 100
123 42 100
123 42 100
123 42 100
123 42 100
123 42 100
123 42 100
123 42 100
123 42 100
123 42 100
123 42 100
123 42 100
123 42 100
123 42 100
123 42 100
123 42 100
123 42 100
123 42 100
123 42 100
123 42 100
123 42 100
123 42 100
123 42 100
123 42 100
123 42 100
123 42 100
123 42 100
123 42 100
123 42 100
123 42 100
123 42 100
123 42 100
123 42 100
122 42 100
122 42 100
122 42 100
122 42 100
122 42 100
122 42 100
122 42 100
122 42 100
122 42 100
122 42 100
122 42 100
122 42 100
122 42 100
122 42 100
122 42 100
122 42 100
122 42 100
122 42 100
122 42 100
122 42 100
122 42 100
122 42 100
122 42 100
122 42 100
122 42 100
122 42 100
122 42 100
122 42 100
122 42 100
122 42 100
122 42 100
121 42 100
121 42 100
121 42 100
121 42 100
121 42 100
121 42 100
121 42 100
121 42 100
121 42 100
121 42 100
121 42 100
121 42 100
121 42 100
121 42 100
121 42 100
121 42 100
121 42 100
121 42 100
121 42 100
121 42 100
121 42 100
121 42 100
121 42 100
121 42 100
121 42 100
121 42 100
121 42 100
121 42 100
121 42 100
120 42 100
120 42 100
120 42 100
120 42 100
120 42 100
120 42 100
120 42 100
120 42 100
120 42 100
120 42 100
120 42 100
120 42 100
120 42 100
120 42 100
120 42 100
120 42 100
120 42 100
120 42 100
120 42 100
120 42 100
120 42 100
120 42 100
120 42 100
120 42 100
120 42 100
120 42 100
120 42 100
119 42 100
119 42 100
119 42 100
119 42 100
119 42 100
119 42 100
119 42 100
119 42 100
119 42 100
119 42 100
119 42 100
119 42 100
119 42 100
119 42 100
119 42 100
119 42 100
119 42 100
119 42 100
119 42 100
119 42 100
119 42 100
119 42 100
119 42 100
119 42 100
118 42 100
118 42 100
118 42 100
118 42 100
118 42 100
118 42 100
118 42 100
118 42 100
118 42 100
118 42 100
118 42 100
118 42 100
118 42 100
118 42 100
118 42 100
118 42 100
118 42 100
118 42 100
118 42 100
118 42 100
118 42 100
117 42 100
117 42 100
117 42 100
117 42 100
117 42 100
117 42 100
117 42 100
117 42 100
117 42 100
117 42 100
117 42 100
117 42 100
117 42 100
117 42 100
117 42 100
117 42 100
117 42 100
117 42 100
116 42 100
116 42 100
116 42 100
116 42 100
116 42 100
116 42 100
116 42 100
116 42 100
116 42 100
116 42 100
116 42 100
116 42 100
116 42 100
116 42 100
115 42 100
115 42 100
115 42 100
115 42 100
115 42 100
115 42 100
115 42 100
115 42 100
115 42 100
115 42 100
115 42 100
114 42 100
114 42 100
114 42 100
114 42 100
114 42 100
114 42 100
114 42 100
114 42 100
113 42 100
113 42 100
113 42 100
113 42 100
113 42 100
112 42 100
112 42 100
112 42 100
111 42 100
111 42 100
110 42 100
110 42 100
109 42 100
108 42 100
107 42 100
106 42 100
105 42 100
104 42 100
103 42 100
102 42 100
101 42 100
100 42 100
99 42 100
98 42 100
97 42 100
