# move from (126,199) to (5,18)
126 199 100
125 199 100
124 199 100
123 199 100
122 199 100
121 199 100
120 199 100
119 199 100
118 199 100
117 199 100
116 199 100
115 199 100
114 199 100
113 199 100
112 199 100
111 199 100
110 199 100
109 199 100
108 199 100
107 199 100
106 199 100
105 199 100
104 199 100
103 199 100
102 199 100
102 199 100
101 199 100
101 199 100
100 199 100
100 199 100
99 199 100
99 199 100
98 199 100
98 199 100
97 199 100
96 199 100
95 199 100
94 199 100
93 199 100
92 199 100
91 199 100
90 199 100
89 199 100
88 199 100
87 199 100
86 199 100
85 199 100
84 199 100
83 199 100
82 199 100
81 199 100
80 199 100
79 199 100
78 199 100
77 199 100
76 199 100
75 199 100
74 199 100
73 199 100
72 199 100
71 199 100
70 199 100
69 199 100
68 199 100
67 199 100
66 199 100
65 199 100
64 199 100
63 199 100
62 199 100
61 199 100
60 199 100
59 199 100
58 199 100
57 199 100
56 199 100
55 199 100
54 199 100
53 199 100
52 199 100
51 199 100
50 199 100
49 199 100
48 199 100
47 199 100
46 199 100
45 199 100
44 199 100
43 199 100
42 199 100
41 199 100
40 199 100
39 199 100
38 199 100
37 199 100
36 199 100
35 199 100
34 199 100
33 199 100
32 199 100
31 199 100
30 199 100
29 199 100
28 199 100
27 199 100
26 199 100
25 199 100
24 199 100
23 199 100
22 199 100
21 199 100
20 199 100
19 199 100
18 199 100
17 199 100
16 199 100
15 199 100
14 199 100
13 199 100
12 199 100
11 199 100
10 199 100
9 199 100
8 199 100
7 199 100
6 199 100
6 199 100
5 199 100
5 199 100
5 198 100
5 198 100
5 198 100
5 197 100
5 197 100
5 197 100
5 197 100
5 196 100
5 196 100
5 196 100
5 196 100
5 196 100
5 195 100
5 195 100
5 195 100
5 195 100
5 195 100
5 195 100
5 194 100
5 194 100
5 194 100
5 194 100
5 194 100
5 194 100
5 193 100
5 193 100
5 193 100
5 193 100
5 193 100
5 193 100
5 193 100
5 192 100
5 192 100
5 192 100
5 192 100
5 192 100
5 192 100
5 191 100
5 191 100
5 191 100
5 191 100
5 191 100
5 191 100
5 190 100
5 190 100
5 190 100
5 190 100
5 190 100
5 190 100
5 189 100
5 189 100
5 189 100
5 189 100
5 189 100
5 188 100
5 188 100
5 188 100
5 188 100
5 188 100
5 188 100
5 187 100
5 187 100
5 187 100
5 187 100
5 187 100
5 187 100
5 186 100
5 186 100
5 186 100
5 186 100
5 186 100
5 186 100
5 186 100
5 186 100
5 185 100
5 185 100
5 185 100
5 185 100
5 185 100
5 185 100
5 185 100
5 185 100
5 185 100
5 184 100
5 184 100
5 184 100
5 184 100
5 184 100
5 184 100
5 184 100
5 184 100
5 184 100
5 184 100
5 184 100
5 183 100
5 183 100
5 183 100
5 183 100
5 183 100
5 183 100
5 183 100
5 183 100
5 183 100
5 183 100
5 183 100
5 183 100
5 183 100
5 183 100
5 182 100
5 182 100
5 182 100
5 182 100
5 182 100
5 182 100
5 182 100
5 182 100
5 182 100
5 182 100
5 182 100
5 182 100
5 182 100
5 182 100
5 182 100
5 182 100
5 182 100
5 181 100
5 181 100
5 181 100
5 181 100
5 181 100
5 181 100
5 181 100
5 181 100
5 181 100
5 181 100
5 181 100
5 181 100
5 181 100
5 181 100
5 181 100
5 181 100
5 181 100
5 181 100
5 181 100
5 181 100
5 180 100
5 180 100
5 180 100
5 180 100
5 180 100
5 180 100
5 180 100
5 180 100
5 180 100
5 180 100
5 180 100
5 180 100
5 180 100
5 180 100
5 180 100
5 180 100
5 180 100
5 180 100
5 180 100
5 180 100
5 180 100
5 180 100
5 180 100
5 179 100
5 179 100
5 179 100
5 179 100
5 179 100
5 179 100
5 179 100
5 179 100
5 179 100
5 179 100
5 179 100
5 179 100
5 179 100
5 179 100
5 179 100
5 179 100
5 179 100
5 179 100
5 179 100
5 179 100
5 179 100
5 179 100
5 179 100
5 179 100
5 179 100
5 178 100
5 178 100
5 178 100
5 178 100
5 178 100
5 178 100
5 178 100
5 178 100
5 178 100
5 178 100
5 178 100
5 178 100
5 178 100
5 178 100
5 178 100
5 178 100
5 178 100
5 178 100
5 178 100
5 178 100
5 178 100
5 178 100
5 178 100
5 178 100
5 178 100
5 178 100
5 178 100
5 177 100
5 177 100
5 177 100
5 177 100
5 177 100
5 177 100
5 177 100
5 177 100
5 177 100
5 177 100
5 177 100
5 177 100
5 177 100
5 177 100
5 177 100
5 177 100
5 177 100
5 177 100
5 177 100
5 177 100
5 177 100
5 177 100
5 177 100
5 177 100
5 177 100
5 177 100
5 177 100
5 177 100
5 176 100
5 176 100
5 176 100
5 176 100
5 176 100
5 176 100
5 176 100
5 176 100
5 176 100
5 176 100
5 176 100
5 176 100
5 176 100
5 176 100
5 176 100
5 176 100
5 176 100
5 176 100
5 176 100
5 176 100
5 176 100
5 176 100
5 176 100
5 176 100
5 176 100
5 176 100
5 176 100
5 176 100
5 176 100
5 175 100
5 175 100
5 175 100
5 175 100
5 175 100
5 175 100
5 175 100
5 175 100
5 175 100
5 175 100
5 175 100
5 175 100
5 175 100
5 175 100
5 175 100
5 175 100
5 175 100
5 175 100
5 175 100
5 175 100
5 175 100
5 175 100
5 175 100
5 175 100
5 175 100
5 175 100
5 175 100
5 175 100
5 175 100
5 174 100
5 174 100
5 174 100
5 174 100
5 174 100
5 174 100
5 174 100
5 174 100
5 174 100
5 174 100
5 174 100
5 174 100
5 174 100
5 174 100
5 174 100
5 174 100
5 174 100
5 174 100
5 174 100
5 174 100
5 174 100
5 174 100
5 174 100
5 174 100
5 174 100
5 174 100
5 174 100
5 174 100
5 174 100
5 174 100
5 173 100
5 173 100
5 173 100
5 173 100
5 173 100
5 173 100
5 173 100
5 173 100
5 173 100
5 173 100
5 173 100
5 173 100
5 173 100
5 173 100
5 173 100
5 173 100
5 173 100
5 173 100
5 173 100
5 173 100
5 173 100
5 173 100
5 173 100
5 173 100
5 173 100
5 173 100
5 173 100
5 173 100
5 173 100
5 173 100
5 172 100
5 172 100
5 172 100
5 172 100
5 172 100
5 172 100
5 172 100
5 172 100
5 172 100
5 172 100
5 172 100
5 172 100
5 172 100
5 172 100
5 172 100
5 172 100
5 172 100
5 172 100
5 172 100
5 172 100
5 172 100
5 172 100
5 172 100
5 172 100
5 172 100
5 172 100
5 172 100
5 172 100
5 172 100
5 172 100
5 171 100
5 171 100
5 171 100
5 171 100
5 171 100
5 171 100
5 171 100
5 171 100
5 171 100
5 171 100
5 171 100
5 171 100
5 171 100
5 171 100
5 171 100
5 171 100
5 171 100
5 171 100
5 171 100
5 171 100
5 171 100
5 171 100
5 171 100
5 171 100
5 171 100
5 171 100
5 171 100
5 171 100
5 171 100
5 171 100
5 170 100
5 170 100
5 170 100
5 170 100
5 170 100
5 170 100
5 170 100
5 170 100
5 170 100
5 170 100
5 170 100
5 170 100
5 170 100
5 170 100
5 170 100
5 170 100
5 170 100
5 170 100
5 170 100
5 170 100
5 170 100
5 170 100
5 170 100
5 170 100
5 170 100
5 170 100
5 170 100
5 170 100
5 170 100
5 169 100
5 169 100
5 169 100
5 169 100
5 169 100
5 169 100
5 169 100
5 169 100
5 169 100
5 169 100
5 169 100
5 169 100
5 169 100
5 169 100
5 169 100
5 169 100
5 169 100
5 169 100
5 169 100
5 169 100
5 169 100
5 169 100
5 169 100
5 169 100
5 169 100
5 169 100
5 169 100
5 168 100
5 168 100
5 168 100
5 168 100
5 168 100
5 168 100
5 168 100
5 168 100
5 168 100
5 168 100
5 168 100
5 168 100
5 168 100
5 168 100
5 168 100
5 168 100
5 168 100
5 168 100
5 168 100
5 168 100
5 168 100
5 168 100
5 168 100
5 168 100
5 168 100
5 168 100
5 167 100
5 167 100
5 167 100
5 167 100
5 167 100
5 167 100
5 167 100
5 167 100
5 167 100
5 167 100
5 167 100
5 167 100
5 167 100
5 167 100
5 167 100
5 167 100
5 167 100
5 167 100
5 167 100
5 167 100
5 167 100
5 167 100
5 167 100
5 167 100
5 166 100
5 166 100
5 166 100
5 166 100
5 166 100
5 166 100
5 166 100
5 166 100
5 166 100
5 166 100
5 166 100
5 166 100
5 166 100
5 166 100
5 166 100
5 166 100
5 166 100
5 166 100
5 166 100
5 166 100
5 166 100
5 166 100
5 165 100
5 165 100
5 165 100
5 165 100
5 165 100
5 165 100
5 165 100
5 165 100
5 165 100
5 165 100
5 165 100
5 165 100
5 165 100
5 165 100
5 165 100
5 165 100
5 165 100
5 165 100
5 165 100
5 165 100
5 165 100
5 164 100
5 164 100
5 164 100
5 164 100
5 164 100
5 164 100
5 164 100
5 164 100
5 164 100
5 164 100
5 164 100
5 164 100
5 164 100
5 164 100
5 164 100
5 164 100
5 164 100
5 164 100
5 164 100
5 163 100
5 163 100
5 163 100
5 163 100
5 163 100
5 163 100
5 163 100
5 163 100
5 163 100
5 163 100
5 163 100
5 163 100
5 163 100
5 163 100
5 163 100
5 163 100
5 163 100
5 163 100
5 162 100
5 162 100
5 162 100
5 162 100
5 162 100
5 162 100
5 162 100
5 162 100
5 162 100
5 162 100
5 162 100
5 162 100
5 162 100
5 162 100
5 162 100
5 162 100
5 162 100
5 162 100
5 162 100
5 161 100
5 161 100
5 161 100
5 161 100
5 161 100
5 161 100
5 161 100
5 161 100
5 161 100
5 161 100
5 161 100
5 161 100
5 161 100
5 161 100
5 161 100
5 161 100
5 161 100
5 161 100
5 161 100
5 161 100
5 160 100
5 160 100
5 160 100
5 160 100
5 160 100
5 160 100
5 160 100
5 160 100
5 160 100
5 160 100
5 160 100
5 160 100
5 160 100
5 160 100
5 160 100
5 160 100
5 160 100
5 160 100
5 160 100
5 160 100
5 160 100
5 159 100
5 159 100
5 159 100
5 159 100
5 159 100
5 159 100
5 159 100
5 159 100
5 159 100
5 159 100
5 159 100
5 159 100
5 159 100
5 159 100
5 159 100
5 159 100
5 159 100
5 159 100
5 159 100
5 159 100
5 159 100
5 159 100
5 159 100
5 158 100
5 158 100
5 158 100
5 158 100
5 158 100
5 158 100
5 158 100
5 158 100
5 158 100
5 158 100
5 158 100
5 158 100
5 158 100
5 158 100
5 158 100
5 158 100
5 158 100
5 158 100
5 158 100
5 158 100
5 158 100
5 158 100
5 158 100
5 158 100
5 158 100
5 157 100
5 157 100
5 157 100
5 157 100
5 157 100
5 157 100
5 157 100
5 157 100
5 157 100
5 157 100
5 157 100
5 157 100
5 157 100
5 157 100
5 157 100
5 157 100
5 157 100
5 157 100
5 157 100
5 157 100
5 157 100
5 157 100
5 157 100
5 157 100
5 157 100
5 157 100
5 156 100
5 156 100
5 156 100
5 156 100
5 156 100
5 156 100
5 156 100
5 156 100
5 156 100
5 156 100
5 156 100
5 156 100
5 156 100
5 156 100
5 156 100
5 156 100
5 156 100
5 156 100
5 156 100
5 156 100
5 156 100
5 156 100
5 156 100
5 156 100
5 156 100
5 155 100
5 155 100
5 155 100
5 155 100
5 155 100
5 155 100
5 155 100
5 155 100
5 155 100
5 155 100
5 155 100
5 155 100
5 155 100
5 155 100
5 155 100
5 155 100
5 155 100
5 155 100
5 155 100
5 155 100
5 155 100
5 155 100
5 155 100
5 155 100
5 154 100
5 154 100
5 154 100
5 154 100
5 154 100
5 154 100
5 154 100
5 154 100
5 154 100
5 154 100
5 154 100
5 154 100
5 154 100
5 154 100
5 154 100
5 154 100
5 154 100
5 154 100
5 154 100
5 154 100
5 154 100
5 154 100
5 153 100
5 153 100
5 153 100
5 153 100
5 153 100
5 153 100
5 153 100
5 153 100
5 153 100
5 153 100
5 153 100
5 153 100
5 153 100
5 153 100
5 153 100
5 153 100
5 153 100
5 153 100
5 153 100
5 153 100
5 152 100
5 152 100
5 152 100
5 152 100
5 152 100
5 152 100
5 152 100
5 152 100
5 152 100
5 152 100
5 152 100
5 152 100
5 152 100
5 152 100
5 152 100
5 152 100
5 152 100
5 152 100
5 151 100
5 151 100
5 151 100
5 151 100
5 151 100
5 151 100
5 151 100
5 151 100
5 151 100
5 151 100
5 151 100
5 151 100
5 151 100
5 151 100
5 151 100
5 151 100
5 151 100
5 150 100
5 150 100
5 150 100
5 150 100
5 150 100
5 150 100
5 150 100
5 150 100
5 150 100
5 150 100
5 150 100
5 150 100
5 150 100
5 150 100
5 150 100
5 150 100
5 149 100
5 149 100
5 149 100
5 149 100
5 149 100
5 149 100
5 149 100
5 149 100
5 149 100
5 149 100
5 149 100
5 149 100
5 149 100
5 149 100
5 149 100
5 149 100
5 148 100
5 148 100
5 148 100
5 148 100
5 148 100
5 148 100
5 148 100
5 148 100
5 148 100
5 148 100
5 148 100
5 148 100
5 148 100
5 148 100
5 148 100
5 148 100
5 147 100
5 147 100
5 147 100
5 147 100
5 147 100
5 147 100
5 147 100
5 147 100
5 147 100
5 147 100
5 147 100
5 147 100
5 147 100
5 147 100
5 147 100
5 147 100
5 147 100
5 146 100
5 146 100
5 146 100
5 146 100
5 146 100
5 146 100
5 146 100
5 146 100
5 146 100
5 146 100
5 146 100
5 146 100
5 146 100
5 146 100
5 146 100
5 146 100
5 146 100
5 145 100
5 145 100
5 145 100
5 145 100
5 145 100
5 145 100
5 145 100
5 145 100
5 145 100
5 145 100
5 145 100
5 145 100
5 145 100
5 145 100
5 145 100
5 145 100
5 145 100
5 144 100
5 144 100
5 144 100
5 144 100
5 144 100
5 144 100
5 144 100
5 144 100
5 144 100
5 144 100
5 144 100
5 144 100
5 144 100
5 144 100
5 144 100
5 144 100
5 144 100
5 143 100
5 143 100
5 143 100
5 143 100
5 143 100
5 143 100
5 143 100
5 143 100
5 143 100
5 143 100
5 143 100
5 143 100
5 143 100
5 143 100
5 143 100
5 143 100
5 142 100
5 142 100
5 142 100
5 142 100
5 142 100
5 142 100
5 142 100
5 142 100
5 142 100
5 142 100
5 142 100
5 142 100
5 142 100
5 142 100
5 142 100
5 142 100
5 141 100
5 141 100
5 141 100
5 141 100
5 141 100
5 141 100
5 141 100
5 141 100
5 141 100
5 141 100
5 141 100
5 141 100
5 141 100
5 141 100
5 141 100
5 140 100
5 140 100
5 140 100
5 140 100
5 140 100
5 140 100
5 140 100
5 140 100
5 140 100
5 140 100
5 140 100
5 140 100
5 140 100
5 140 100
5 139 100
5 139 100
5 139 100
5 139 100
5 139 100
5 139 100
5 139 100
5 139 100
5 139 100
5 139 100
5 139 100
5 139 100
5 138 100
5 138 100
5 138 100
5 138 100
5 138 100
5 138 100
5 138 100
5 138 100
5 138 100
5 138 100
5 138 100
5 137 100
5 137 100
5 137 100
5 137 100
5 137 100
5 137 100
5 137 100
5 137 100
5 137 100
5 136 100
5 136 100
5 136 100
5 136 100
5 136 100
5 136 100
5 136 100
5 136 100
5 135 100
5 135 100
5 135 100
5 135 100
5 135 100
5 135 100
5 135 100
5 134 100
5 134 100
5 134 100
5 134 100
5 134 100
5 134 100
5 134 100
5 133 100
5 133 100
5 133 100
5 133 100
5 133 100
5 133 100
5 132 100
5 132 100
5 132 100
5 132 100
5 132 100
5 132 100
5 131 100
5 131 100
5 131 100
5 131 100
5 131 100
5 131 100
5 130 100
5 130 100
5 130 100
5 130 100
5 130 100
5 130 100
5 129 100
5 129 100
5 129 100
5 129 100
5 129 100
5 129 100
5 129 100
5 128 100
5 128 100
5 128 100
5 128 100
5 128 100
5 128 100
5 128 100
5 128 100
5 127 100
5 127 100
5 127 100
5 127 100
5 127 100
5 127 100
5 127 100
5 127 100
5 127 100
5 126 100
5 126 100
5 126 100
5 126 100
5 126 100
5 126 100
5 126 100
5 126 100
5 126 100
5 126 100
5 125 100
5 125 100
5 125 100
5 125 100
5 125 100
5 125 100
5 125 100
5 125 100
5 125 100
5 125 100
5 125 100
5 125 100
5 124 100
5 124 100
5 124 100
5 124 100
5 124 100
5 124 100
5 124 100
5 124 100
5 124 100
5 124 100
5 124 100
5 124 100
5 124 100
5 124 100
5 123 100
5 123 100
5 123 100
5 123 100
5 123 100
5 123 100
5 123 100
5 123 100
5 123 100
5 123 100
5 123 100
5 123 100
5 123 100
5 123 100
5 123 100
5 123 100
5 122 100
5 122 100
5 122 100
5 122 100
5 122 100
5 122 100
5 122 100
5 122 100
5 122 100
5 122 100
5 122 100
5 122 100
5 122 100
5 122 100
5 122 100
5 122 100
5 122 100
5 122 100
5 121 100
5 121 100
5 121 100
5 121 100
5 121 100
5 121 100
5 121 100
5 121 100
5 121 100
5 121 100
5 121 100
5 121 100
5 121 100
5 121 100
5 121 100
5 121 100
5 121 100
5 121 100
5 121 100
5 121 100
5 120 100
5 120 100
5 120 100
5 120 100
5 120 100
5 120 100
5 120 100
5 120 100
5 120 100
5 120 100
5 120 100
5 120 100
5 120 100
5 120 100
5 120 100
5 120 100
5 120 100
5 120 100
5 120 100
5 120 100
5 120 100
5 119 100
5 119 100
5 119 100
5 119 100
5 119 100
5 119 100
5 119 100
5 119 100
5 119 100
5 119 100
5 119 100
5 119 100
5 119 100
5 119 100
5 119 100
5 119 100
5 119 100
5 119 100
5 119 100
5 119 100
5 119 100
5 119 100
5 118 100
5 118 100
5 118 100
5 118 100
5 118 100
5 118 100
5 118 100
5 118 100
5 118 100
5 118 100
5 118 100
5 118 100
5 118 100
5 118 100
5 118 100
5 118 100
5 118 100
5 118 100
5 118 100
5 118 100
5 118 100
5 118 100
5 118 100
5 117 100
5 117 100
5 117 100
5 117 100
5 117 100
5 117 100
5 117 100
5 117 100
5 117 100
5 117 100
5 117 100
5 117 100
5 117 100
5 117 100
5 117 100
5 117 100
5 117 100
5 117 100
5 117 100
5 117 100
5 117 100
5 117 100
5 117 100
5 116 100
5 116 100
5 116 100
5 116 100
5 116 100
5 116 100
5 116 100
5 116 100
5 116 100
5 116 100
5 116 100
5 116 100
5 116 100
5 116 100
5 116 100
5 116 100
5 116 100
5 116 100
5 116 100
5 116 100
5 116 100
5 116 100
5 116 100
5 116 100
5 115 100
5 115 100
5 115 100
5 115 100
5 115 100
5 115 100
5 115 100
5 115 100
5 115 100
5 115 100
5 115 100
5 115 100
5 115 100
5 115 100
5 115 100
5 115 100
5 115 100
5 115 100
5 115 100
5 115 100
5 115 100
5 115 100
5 115 100
5 115 100
5 115 100
5 114 100
5 114 100
5 114 100
5 114 100
5 114 100
5 114 100
5 114 100
5 114 100
5 114 100
5 114 100
5 114 100
5 114 100
5 114 100
5 114 100
5 114 100
5 114 100
5 114 100
5 114 100
5 114 100
5 114 100
5 114 100
5 114 100
5 114 100
5 114 100
5 114 100
5 114 100
5 113 100
5 113 100
5 113 100
5 113 100
5 113 100
5 113 100
5 113 100
5 113 100
5 113 100
5 113 100
5 113 100
5 113 100
5 113 100
5 113 100
5 113 100
5 113 100
5 113 100
5 113 100
5 113 100
5 113 100
5 113 100
5 113 100
5 113 100
5 113 100
5 113 100
5 113 100
5 113 100
5 112 100
5 112 100
5 112 100
5 112 100
5 112 100
5 112 100
5 112 100
5 112 100
5 112 100
5 112 100
5 112 100
5 112 100
5 112 100
5 112 100
5 112 100
5 112 100
5 112 100
5 112 100
5 112 100
5 112 100
5 112 100
5 112 100
5 112 100
5 112 100
5 112 100
5 112 100
5 112 100
5 112 100
5 111 100
5 111 100
5 111 100
5 111 100
5 111 100
5 111 100
5 111 100
5 111 100
5 111 100
5 111 100
5 111 100
5 111 100
5 111 100
5 111 100
5 111 100
5 111 100
5 111 100
5 111 100
5 111 100
5 111 100
5 111 100
5 111 100
5 111 100
5 111 100
5 111 100
5 111 100
5 111 100
5 111 100
5 110 100
5 110 100
5 110 100
5 110 100
5 110 100
5 110 100
5 110 100
5 110 100
5 110 100
5 110 100
5 110 100
5 110 100
5 110 100
5 110 100
5 110 100
5 110 100
5 110 100
5 110 100
5 110 100
5 110 100
5 110 100
5 110 100
5 110 100
5 110 100
5 110 100
5 110 100
5 110 100
5 110 100
5 109 100
5 109 100
5 109 100
5 109 100
5 109 100
5 109 100
5 109 100
5 109 100
5 109 100
5 109 100
5 109 100
5 109 100
5 109 100
5 109 100
5 109 100
5 109 100
5 109 100
5 109 100
5 109 100
5 109 100
5 109 100
5 109 100
5 109 100
5 109 100
5 109 100
5 109 100
5 109 100
5 108 100
5 108 100
5 108 100
5 108 100
5 108 100
5 108 100
5 108 100
5 108 100
5 108 100
5 108 100
5 108 100
5 108 100
5 108 100
5 108 100
5 108 100
5 108 100
5 108 100
5 108 100
5 108 100
5 108 100
5 108 100
5 108 100
5 108 100
5 108 100
5 108 100
5 107 100
5 107 100
5 107 100
5 107 100
5 107 100
5 107 100
5 107 100
5 107 100
5 107 100
5 107 100
5 107 100
5 107 100
5 107 100
5 107 100
5 107 100
5 107 100
5 107 100
5 107 100
5 107 100
5 107 100
5 107 100
5 107 100
5 107 100
5 106 100
5 106 100
5 106 100
5 106 100
5 106 100
5 106 100
5 106 100
5 106 100
5 106 100
5 106 100
5 106 100
5 106 100
5 106 100
5 106 100
5 106 100
5 106 100
5 106 100
5 106 100
5 106 100
5 106 100
5 106 100
5 106 100
5 105 100
5 105 100
5 105 100
5 105 100
5 105 100
5 105 100
5 105 100
5 105 100
5 105 100
5 105 100
5 105 100
5 105 100
5 105 100
5 105 100
5 105 100
5 105 100
5 105 100
5 105 100
5 105 100
5 105 100
5 105 100
5 104 100
5 104 100
5 104 100
5 104 100
5 104 100
5 104 100
5 104 100
5 104 100
5 104 100
5 104 100
5 104 100
5 104 100
5 104 100
5 104 100
5 104 100
5 104 100
5 104 100
5 104 100
5 104 100
5 104 100
5 103 100
5 103 100
5 103 100
5 103 100
5 103 100
5 103 100
5 103 100
5 103 100
5 103 100
5 103 100
5 103 100
5 103 100
5 103 100
5 103 100
5 103 100
5 103 100
5 103 100
5 103 100
5 103 100
5 103 100
5 102 100
5 102 100
5 102 100
5 102 100
5 102 100
5 102 100
5 102 100
5 102 100
5 102 100
5 102 100
5 102 100
5 102 100
5 102 100
5 102 100
5 102 100
5 102 100
5 102 100
5 102 100
5 102 100
5 102 100
5 101 100
5 101 100
5 101 100
5 101 100
5 101 100
5 101 100
5 101 100
5 101 100
5 101 100
5 101 100
5 101 100
5 101 100
5 101 100
5 101 100
5 101 100
5 101 100
5 101 100
5 101 100
5 101 100
5 100 100
5 100 100
5 100 100
5 100 100
5 100 100
5 100 100
5 100 100
5 100 100
5 100 100
5 100 100
5 100 100
5 100 100
5 100 100
5 100 100
5 100 100
5 100 100
5 100 100
5 100 100
5 99 100
5 99 100
5 99 100
5 99 100
5 99 100
5 99 100
5 99 100
5 99 100
5 99 100
5 99 100
5 99 100
5 99 100
5 99 100
5 99 100
5 99 100
5 98 100
5 98 100
5 98 100
5 98 100
5 98 100
5 98 100
5 98 100
5 98 100
5 98 100
5 98 100
5 98 100
5 98 100
5 97 100
5 97 100
5 97 100
5 97 100
5 97 100
5 97 100
5 97 100
5 97 100
5 97 100
5 96 100
5 96 100
5 96 100
5 96 100
5 96 100
5 96 100
5 95 100
5 95 100
5 95 100
5 95 100
5 95 100
5 94 100
5 94 100
5 94 100
5 94 100
5 93 100
5 93 100
5 93 100
5 92 100
5 92 100
5 92 100
5 91 100
5 91 100
5 90 100
5 90 100
5 89 100
5 89 100
5 88 100
5 88 100
5 87 100
5 86 100
5 85 100
5 84 100
5 83 100
5 82 100
5 81 100
5 80 100
5 79 100
5 78 100
5 77 100
5 76 100
5 75 100
5 74 100
5 73 100
5 72 100
5 71 100
5 70 100
5 69 100
5 68 100
5 67 100
5 66 100
5 65 100
5 64 100
5 63 100
5 62 100
5 61 100
5 60 100
5 59 100
5 58 100
5 57 100
5 56 100
5 56 100
5 55 100
5 55 100
5 54 100
5 54 100
5 53 100
5 53 100
5 52 100
5 52 100
5 51 100
5 51 100
5 50 100
5 50 100
5 49 100
5 48 100
5 47 100
5 46 100
5 45 100
5 44 100
5 43 100
5 42 100
5 41 100
5 40 100
5 39 100
5 38 100
5 37 100
5 36 100
5 35 100
5 34 100
5 33 100
5 32 100
5 31 100
5 30 100
5 29 100
5 28 100
5 27 100
5 26 100
5 25 100
5 24 100
5 23 100
5 22 100
5 21 100
5 20 100
5 19 100
5 18 100
# move from (79,90) to (5,18)
79 90 100
78 90 100
77 90 100
76 90 100
75 90 100
74 90 100
73 90 100
72 90 100
71 90 100
70 90 100
69 90 100
68 90 100
67 90 100
66 90 100
65 90 100
64 90 100
63 90 100
62 90 100
61 90 100
60 90 100
59 90 100
58 90 100
57 90 100
56 90 100
55 90 100
54 90 100
53 90 100
52 90 100
52 90 100
51 90 100
51 90 100
50 90 100
50 90 100
49 90 100
49 90 100
48 90 100
48 90 100
47 90 100
47 90 100
46 90 100
46 90 100
45 90 100
45 90 100
44 90 100
44 90 100
43 90 100
43 90 100
42 90 100
42 90 100
41 90 100
41 90 100
40 90 100
40 90 100
39 90 100
39 90 100
38 90 100
38 90 100
37 90 100
36 90 100
35 90 100
34 90 100
33 90 100
32 90 100
31 90 100
30 90 100
29 90 100
28 90 100
27 90 100
26 90 100
25 90 100
24 90 100
23 90 100
22 90 100
22 90 100
21 90 100
21 90 100
20 90 100
20 90 100
19 90 100
19 90 100
18 90 100
18 90 100
17 90 100
16 90 100
15 90 100
14 90 100
13 90 100
12 90 100
12 90 100
11 90 100
11 90 100
10 90 100
10 90 100
9 90 100
9 90 100
8 90 100
8 90 100
7 90 100
7 90 100
6 90 100
6 90 100
# move from (35,119) to (5,18)
35 119 100
34 119 100
33 119 100
32 119 100
31 119 100
30 119 100
29 119 100
28 119 100
27 119 100
26 119 100
25 119 100
24 119 100
23 119 100
22 119 100
21 119 100
20 119 100
20 119 100
19 119 100
19 119 100
19 119 100
18 119 100
18 119 100
18 119 100
18 119 100
17 119 100
17 119 100
17 119 100
17 119 100
17 119 100
17 119 100
16 119 100
16 119 100
16 119 100
16 119 100
16 119 100
16 119 100
16 119 100
15 119 100
15 119 100
15 119 100
15 119 100
15 119 100
15 119 100
15 119 100
15 119 100
14 119 100
14 119 100
14 119 100
14 119 100
14 119 100
14 119 100
14 119 100
14 119 100
13 119 100
13 119 100
13 119 100
13 119 100
13 119 100
13 119 100
13 119 100
13 119 100
12 119 100
12 119 100
12 119 100
12 119 100
12 119 100
12 119 100
12 119 100
12 119 100
11 119 100
11 119 100
11 119 100
11 119 100
11 119 100
11 119 100
11 119 100
11 119 100
11 119 100
10 119 100
10 119 100
10 119 100
10 119 100
10 119 100
10 119 100
10 119 100
10 119 100
10 119 100
9 119 100
9 119 100
9 119 100
9 119 100
9 119 100
9 119 100
9 119 100
9 119 100
9 119 100
9 119 100
8 119 100
8 119 100
8 119 100
8 119 100
8 119 100
8 119 100
8 119 100
8 119 100
8 119 100
8 119 100
8 119 100
8 119 100
7 119 100
7 119 100
7 119 100
7 119 100
7 119 100
7 119 100
7 119 100
7 119 100
7 119 100
7 119 100
7 119 100
7 119 100
7 119 100
7 119 100
7 119 100
6 119 100
6 119 100
6 119 100
6 119 100
6 119 100
6 119 100
6 119 100
6 119 100
6 119 100
6 119 100
6 119 100
6 119 100
6 119 100
6 119 100
6 119 100
6 119 100
6 119 100
6 119 100
6 119 100
# move from (67,184) to (5,18)
67 184 100
66 184 100
65 184 100
64 184 100
63 184 100
62 184 100
61 184 100
60 184 100
59 184 100
58 184 100
57 184 100
56 184 100
55 184 100
54 184 100
53 184 100
52 184 100
51 184 100
50 184 100
49 184 100
48 184 100
47 184 100
46 184 100
45 184 100
44 184 100
43 184 100
42 184 100
41 184 100
40 184 100
39 184 100
38 184 100
37 184 100
36 184 100
35 184 100
34 184 100
33 184 100
32 184 100
31 184 100
30 184 100
29 184 100
28 184 100
27 184 100
26 184 100
25 184 100
24 184 100
23 184 100
22 184 100
21 184 100
20 184 100
19 184 100
18 184 100
17 184 100
16 184 100
15 184 100
14 184 100
13 184 100
13 184 100
12 184 100
12 184 100
11 184 100
11 184 100
11 184 100
10 184 100
10 184 100
10 184 100
10 184 100
9 184 100
9 184 100
9 184 100
9 184 100
9 184 100
9 184 100
8 184 100
8 184 100
8 184 100
8 184 100
8 184 100
8 184 100
8 184 100
7 184 100
7 184 100
7 184 100
7 184 100
7 184 100
7 184 100
7 184 100
7 184 100
6 184 100
6 184 100
6 184 100
6 184 100
6 184 100
6 184 100
6 184 100
6 184 100
6 184 100
6 184 100
# move from (188,143) to (5,18)
188 143 100
187 143 100
186 143 100
185 143 100
184 143 100
183 143 100
182 143 100
181 143 100
180 143 100
179 143 100
178 143 100
177 143 100
176 143 100
175 143 100
174 143 100
173 143 100
172 143 100
171 143 100
170 143 100
169 143 100
168 143 100
167 143 100
166 143 100
165 143 100
164 143 100
163 143 100
162 143 100
161 143 100
160 143 100
159 143 100
158 143 100
157 143 100
156 143 100
155 143 100
154 143 100
153 143 100
152 143 100
151 143 100
150 143 100
149 143 100
148 143 100
147 143 100
146 143 100
145 143 100
144 143 100
143 143 100
142 143 100
141 143 100
140 143 100
139 143 100
138 143 100
137 143 100
136 143 100
135 143 100
134 143 100
133 143 100
132 143 100
131 143 100
130 143 100
129 143 100
128 143 100
127 143 100
127 143 100
126 143 100
126 143 100
125 143 100
125 143 100
125 143 100
124 143 100
124 143 100
124 143 100
123 143 100
123 143 100
123 143 100
123 143 100
122 143 100
122 143 100
122 143 100
122 143 100
122 143 100
121 143 100
121 143 100
121 143 100
121 143 100
121 143 100
120 143 100
120 143 100
120 143 100
120 143 100
120 143 100
119 143 100
119 143 100
119 143 100
119 143 100
118 143 100
118 143 100
118 143 100
118 143 100
117 143 100
117 143 100
117 143 100
117 143 100
116 143 100
116 143 100
116 143 100
115 143 100
115 143 100
115 143 100
114 143 100
114 143 100
114 143 100
113 143 100
113 143 100
113 143 100
112 143 100
112 143 100
111 143 100
111 143 100
111 143 100
110 143 100
110 143 100
110 143 100
109 143 100
109 143 100
109 143 100
109 143 100
108 143 100
108 143 100
108 143 100
108 143 100
108 143 100
107 143 100
107 143 100
107 143 100
107 143 100
107 143 100
107 143 100
106 143 100
106 143 100
106 143 100
106 143 100
106 143 100
106 143 100
106 143 100
106 143 100
105 143 100
105 143 100
105 143 100
105 143 100
105 143 100
105 143 100
105 143 100
105 143 100
105 143 100
104 143 100
104 143 100
104 143 100
104 143 100
104 143 100
104 143 100
104 143 100
104 143 100
104 143 100
104 143 100
103 143 100
103 143 100
103 143 100
103 143 100
103 143 100
103 143 100
103 143 100
103 143 100
103 143 100
103 143 100
103 143 100
102 143 100
102 143 100
102 143 100
102 143 100
102 143 100
102 143 100
102 143 100
102 143 100
102 143 100
102 143 100
102 143 100
101 143 100
101 143 100
101 143 100
101 143 100
101 143 100
101 143 100
101 143 100
101 143 100
101 143 100
101 143 100
101 143 100
100 143 100
100 143 100
100 143 100
100 143 100
100 143 100
100 143 100
100 143 100
100 143 100
100 143 100
100 143 100
99 143 100
99 143 100
99 143 100
99 143 100
99 143 100
99 143 100
99 143 100
99 143 100
99 143 100
99 143 100
98 143 100
98 143 100
98 143 100
98 143 100
98 143 100
98 143 100
98 143 100
98 143 100
98 143 100
98 143 100
97 143 100
97 143 100
97 143 100
97 143 100
97 143 100
97 143 100
97 143 100
97 143 100
97 143 100
97 143 100
97 143 100
96 143 100
96 143 100
96 143 100
96 143 100
96 143 100
96 143 100
96 143 100
96 143 100
96 143 100
96 143 100
96 143 100
96 143 100
96 143 100
95 143 100
95 143 100
95 143 100
95 143 100
95 143 100
95 143 100
95 143 100
95 143 100
95 143 100
95 143 100
95 143 100
95 143 100
95 143 100
95 143 100
95 143 100
94 143 100
94 143 100
94 143 100
94 143 100
94 143 100
94 143 100
94 143 100
94 143 100
94 143 100
94 143 100
94 143 100
94 143 100
94 143 100
94 143 100
94 143 100
94 143 100
94 143 100
93 143 100
93 143 100
93 143 100
93 143 100
93 143 100
93 143 100
93 143 100
93 143 100
93 143 100
93 143 100
93 143 100
93 143 100
93 143 100
93 143 100
93 143 100
93 143 100
93 143 100
93 143 100
93 143 100
93 143 100
92 143 100
92 143 100
92 143 100
92 143 100
92 143 100
92 143 100
92 143 100
92 143 100
92 143 100
92 143 100
92 143 100
92 143 100
92 143 100
92 143 100
92 143 100
92 143 100
92 143 100
92 143 100
92 143 100
92 143 100
92 143 100
92 143 100
91 143 100
91 143 100
91 143 100
91 143 100
91 143 100
91 143 100
91 143 100
91 143 100
91 143 100
91 143 100
91 143 100
91 143 100
91 143 100
91 143 100
91 143 100
91 143 100
91 143 100
91 143 100
91 143 100
91 143 100
91 143 100
91 143 100
91 143 100
91 143 100
90 143 100
90 143 100
90 143 100
90 143 100
90 143 100
90 143 100
90 143 100
90 143 100
90 143 100
90 143 100
90 143 100
90 143 100
90 143 100
90 143 100
90 143 100
90 143 100
90 143 100
90 143 100
90 143 100
90 143 100
90 143 100
90 143 100
90 143 100
90 143 100
89 143 100
89 143 100
89 143 100
89 143 100
89 143 100
89 143 100
89 143 100
89 143 100
89 143 100
89 143 100
89 143 100
89 143 100
89 143 100
89 143 100
89 143 100
89 143 100
89 143 100
89 143 100
89 143 100
89 143 100
89 143 100
89 143 100
89 143 100
88 143 100
88 143 100
88 143 100
88 143 100
88 143 100
88 143 100
88 143 100
88 143 100
88 143 100
88 143 100
88 143 100
88 143 100
88 143 100
88 143 100
88 143 100
88 143 100
88 143 100
88 143 100
88 143 100
88 143 100
88 143 100
88 143 100
87 143 100
87 143 100
87 143 100
87 143 100
87 143 100
87 143 100
87 143 100
87 143 100
87 143 100
87 143 100
87 143 100
87 143 100
87 143 100
87 143 100
87 143 100
87 143 100
87 143 100
87 143 100
87 143 100
87 143 100
86 143 100
86 143 100
86 143 100
86 143 100
86 143 100
86 143 100
86 143 100
86 143 100
86 143 100
86 143 100
86 143 100
86 143 100
86 143 100
86 143 100
86 143 100
86 143 100
86 143 100
86 143 100
85 143 100
85 143 100
85 143 100
85 143 100
85 143 100
85 143 100
85 143 100
85 143 100
85 143 100
85 143 100
85 143 100
85 143 100
85 143 100
85 143 100
85 143 100
85 143 100
85 143 100
84 143 100
84 143 100
84 143 100
84 143 100
84 143 100
84 143 100
84 143 100
84 143 100
84 143 100
84 143 100
84 143 100
84 143 100
84 143 100
84 143 100
84 143 100
84 143 100
83 143 100
83 143 100
83 143 100
83 143 100
83 143 100
83 143 100
83 143 100
83 143 100
83 143 100
83 143 100
83 143 100
83 143 100
83 143 100
83 143 100
83 143 100
82 143 100
82 143 100
82 143 100
82 143 100
82 143 100
82 143 100
82 143 100
82 143 100
82 143 100
82 143 100
82 143 100
82 143 100
82 143 100
82 143 100
81 143 100
81 143 100
81 143 100
81 143 100
81 143 100
81 143 100
81 143 100
81 143 100
81 143 100
81 143 100
81 143 100
81 143 100
81 143 100
80 143 100
80 143 100
80 143 100
80 143 100
80 143 100
80 143 100
80 143 100
80 143 100
80 143 100
80 143 100
80 143 100
80 143 100
80 143 100
79 143 100
79 143 100
79 143 100
79 143 100
79 143 100
79 143 100
79 143 100
79 143 100
79 143 100
79 143 100
79 143 100
79 143 100
79 143 100
79 143 100
78 143 100
78 143 100
78 143 100
78 143 100
78 143 100
78 143 100
78 143 100
78 143 100
78 143 100
78 143 100
78 143 100
78 143 100
78 143 100
78 143 100
78 143 100
78 143 100
77 143 100
77 143 100
77 143 100
77 143 100
77 143 100
77 143 100
77 143 100
77 143 100
77 143 100
77 143 100
77 143 100
77 143 100
77 143 100
77 143 100
77 143 100
77 143 100
77 143 100
77 143 100
76 143 100
76 143 100
76 143 100
76 143 100
76 143 100
76 143 100
76 143 100
76 143 100
76 143 100
76 143 100
76 143 100
76 143 100
76 143 100
76 143 100
76 143 100
76 143 100
76 143 100
76 143 100
76 143 100
76 143 100
75 143 100
75 143 100
75 143 100
75 143 100
75 143 100
75 143 100
75 143 100
75 143 100
75 143 100
75 143 100
75 143 100
75 143 100
75 143 100
75 143 100
75 143 100
75 143 100
75 143 100
75 143 100
75 143 100
75 143 100
75 143 100
75 143 100
74 143 100
74 143 100
74 143 100
74 143 100
74 143 100
74 143 100
74 143 100
74 143 100
74 143 100
74 143 100
74 143 100
74 143 100
74 143 100
74 143 100
74 143 100
74 143 100
74 143 100
74 143 100
74 143 100
74 143 100
74 143 100
74 143 100
74 143 100
74 143 100
73 143 100
73 143 100
73 143 100
73 143 100
73 143 100
73 143 100
73 143 100
73 143 100
73 143 100
73 143 100
73 143 100
73 143 100
73 143 100
73 143 100
73 143 100
73 143 100
73 143 100
73 143 100
73 143 100
73 143 100
73 143 100
73 143 100
73 143 100
73 143 100
73 143 100
73 143 100
72 143 100
72 143 100
72 143 100
72 143 100
72 143 100
72 143 100
72 143 100
72 143 100
72 143 100
72 143 100
72 143 100
72 143 100
72 143 100
72 143 100
72 143 100
72 143 100
72 143 100
72 143 100
72 143 100
72 143 100
72 143 100
72 143 100
72 143 100
72 143 100
72 143 100
72 143 100
72 143 100
72 143 100
71 143 100
71 143 100
71 143 100
71 143 100
71 143 100
71 143 100
71 143 100
71 143 100
71 143 100
71 143 100
71 143 100
71 143 100
71 143 100
71 143 100
71 143 100
71 143 100
71 143 100
71 143 100
71 143 100
71 143 100
71 143 100
71 143 100
71 143 100
71 143 100
71 143 100
71 143 100
71 143 100
71 143 100
71 143 100
71 143 100
70 143 100
70 143 100
70 143 100
70 143 100
70 143 100
70 143 100
70 143 100
70 143 100
70 143 100
70 143 100
70 143 100
70 143 100
70 143 100
70 143 100
70 143 100
70 143 100
70 143 100
70 143 100
70 143 100
70 143 100
70 143 100
70 143 100
70 143 100
70 143 100
70 143 100
70 143 100
70 143 100
70 143 100
70 143 100
70 143 100
69 143 100
69 143 100
69 143 100
69 143 100
69 143 100
69 143 100
69 143 100
69 143 100
69 143 100
69 143 100
69 143 100
69 143 100
69 143 100
69 143 100
69 143 100
69 143 100
69 143 100
69 143 100
69 143 100
69 143 100
69 143 100
69 143 100
69 143 100
69 143 100
69 143 100
69 143 100
69 143 100
69 143 100
69 143 100
69 143 100
68 143 100
68 143 100
68 143 100
68 143 100
68 143 100
68 143 100
68 143 100
68 143 100
68 143 100
68 143 100
68 143 100
68 143 100
68 143 100
68 143 100
68 143 100
68 143 100
68 143 100
68 143 100
68 143 100
68 143 100
68 143 100
68 143 100
68 143 100
68 143 100
68 143 100
68 143 100
68 143 100
68 143 100
67 143 100
67 143 100
67 143 100
67 143 100
67 143 100
67 143 100
67 143 100
67 143 100
67 143 100
67 143 100
67 143 100
67 143 100
67 143 100
67 143 100
67 143 100
67 143 100
67 143 100
67 143 100
67 143 100
67 143 100
67 143 100
67 143 100
67 143 100
67 143 100
67 143 100
66 143 100
66 143 100
66 143 100
66 143 100
66 143 100
66 143 100
66 143 100
66 143 100
66 143 100
66 143 100
66 143 100
66 143 100
66 143 100
66 143 100
66 143 100
66 143 100
66 143 100
66 143 100
66 143 100
66 143 100
66 143 100
66 143 100
65 143 100
65 143 100
65 143 100
65 143 100
65 143 100
65 143 100
65 143 100
65 143 100
65 143 100
65 143 100
65 143 100
65 143 100
65 143 100
65 143 100
65 143 100
65 143 100
65 143 100
65 143 100
64 143 100
64 143 100
64 143 100
64 143 100
64 143 100
64 143 100
64 143 100
64 143 100
64 143 100
64 143 100
64 143 100
64 143 100
64 143 100
64 143 100
64 143 100
63 143 100
63 143 100
63 143 100
63 143 100
63 143 100
63 143 100
63 143 100
63 143 100
63 143 100
63 143 100
63 143 100
63 143 100
63 143 100
62 143 100
62 143 100
62 143 100
62 143 100
62 143 100
62 143 100
62 143 100
62 143 100
62 143 100
62 143 100
61 143 100
61 143 100
61 143 100
61 143 100
61 143 100
61 143 100
61 143 100
60 143 100
60 143 100
60 143 100
60 143 100
60 143 100
60 143 100
59 143 100
59 143 100
59 143 100
59 143 100
59 143 100
58 143 100
58 143 100
58 143 100
58 143 100
57 143 100
57 143 100
57 143 100
57 143 100
56 143 100
56 143 100
56 143 100
56 143 100
55 143 100
55 143 100
55 143 100
55 143 100
54 143 100
54 143 100
54 143 100
54 143 100
53 143 100
53 143 100
53 143 100
53 143 100
52 143 100
52 143 100
52 143 100
51 143 100
51 143 100
51 143 100
50 143 100
50 143 100
50 143 100
49 143 100
49 143 100
49 143 100
48 143 100
48 143 100
47 143 100
47 143 100
46 143 100
45 143 100
44 143 100
43 143 100
42 143 100
41 143 100
40 143 100
39 143 100
38 143 100
37 143 100
36 143 100
35 143 100
34 143 100
33 143 100
32 143 100
31 143 100
30 143 100
29 143 100
28 143 100
27 143 100
26 143 100
25 143 100
24 143 100
23 143 100
22 143 100
21 143 100
20 143 100
19 143 100
18 143 100
17 143 100
16 143 100
15 143 100
14 143 100
13 143 100
13 143 100
12 143 100
12 143 100
12 143 100
11 143 100
11 143 100
11 143 100
10 143 100
10 143 100
10 143 100
10 143 100
10 143 100
9 143 100
9 143 100
9 143 100
9 143 100
9 143 100
9 143 100
9 143 100
8 143 100
8 143 100
8 143 100
8 143 100
8 143 100
8 143 100
8 143 100
8 143 100
8 143 100
8 143 100
7 143 100
7 143 100
7 143 100
7 143 100
7 143 100
7 143 100
7 143 100
7 143 100
7 143 100
7 143 100
7 143 100
7 143 100
6 143 100
6 143 100
6 143 100
6 143 100
6 143 100
6 143 100
6 143 100
6 143 100
6 143 100
6 143 100
6 143 100
6 143 100
6 143 100
6 143 100
6 143 100
