# move from (157,192) to (94,109)
157 192 100
156 192 100
155 192 100
154 192 100
153 192 100
152 192 100
151 192 100
150 192 100
149 192 100
148 192 100
147 192 100
146 192 100
146 192 100
145 192 100
145 192 100
144 192 100
144 192 100
143 192 100
143 192 100
143 192 100
142 192 100
142 192 100
142 192 100
141 192 100
141 192 100
141 192 100
141 192 100
140 192 100
140 192 100
140 192 100
140 192 100
139 192 100
139 192 100
139 192 100
139 192 100
138 192 100
138 192 100
138 192 100
137 192 100
137 192 100
137 192 100
136 192 100
136 192 100
136 192 100
135 192 100
135 192 100
134 192 100
134 192 100
133 192 100
133 192 100
132 192 100
132 192 100
131 192 100
131 192 100
130 192 100
130 192 100
129 192 100
129 192 100
128 192 100
128 192 100
127 192 100
127 192 100
126 192 100
126 192 100
125 192 100
125 192 100
124 192 100
124 192 100
123 192 100
123 192 100
122 192 100
122 192 100
121 192 100
121 192 100
120 192 100
119 192 100
118 192 100
117 192 100
116 192 100
115 192 100
114 192 100
113 192 100
112 192 100
111 192 100
110 192 100
110 192 100
109 192 100
109 192 100
108 192 100
108 192 100
108 192 100
107 192 100
107 192 100
107 192 100
106 192 100
106 192 100
106 192 100
106 192 100
105 192 100
105 192 100
105 192 100
105 192 100
105 192 100
104 192 100
104 192 100
104 192 100
104 192 100
104 192 100
103 192 100
103 192 100
103 192 100
103 192 100
103 192 100
103 192 100
102 192 100
102 192 100
102 192 100
102 192 100
102 192 100
102 192 100
101 192 100
101 192 100
101 192 100
101 192 100
101 192 100
101 192 100
101 192 100
100 192 100
100 192 100
100 192 100
100 192 100
100 192 100
100 192 100
100 192 100
99 192 100
99 192 100
99 192 100
99 192 100
99 192 100
99 192 100
99 192 100
98 192 100
98 192 100
98 192 100
98 192 100
98 192 100
98 192 100
98 192 100
98 192 100
97 192 100
97 192 100
97 192 100
97 192 100
97 192 100
97 192 100
97 192 100
97 192 100
97 192 100
96 192 100
96 192 100
96 192 100
96 192 100
96 192 100
96 192 100
96 192 100
96 192 100
96 192 100
96 192 100
95 192 100
95 192 100
95 192 100
95 192 100
95 192 100
95 192 100
95 192 100
95 192 100
95 192 100
95 192 100
95 192 100
94 192 100
94 192 100
94 192 100
94 192 100
94 192 100
94 192 100
94 192 100
94 192 100
94 192 100
94 192 100
94 192 100
94 192 100
94 192 100
94 191 100
94 191 100
94 191 100
94 191 100
94 191 100
94 191 100
94 191 100
94 191 100
94 191 100
94 191 100
94 191 100
94 191 100
94 191 100
94 191 100
94 190 100
94 190 100
94 190 100
94 190 100
94 190 100
94 190 100
94 190 100
94 190 100
94 190 100
94 190 100
94 190 100
94 190 100
94 190 100
94 190 100
94 190 100
94 189 100
94 189 100
94 189 100
94 189 100
94 189 100
94 189 100
94 189 100
94 189 100
94 189 100
94 189 100
94 189 100
94 189 100
94 189 100
94 189 100
94 189 100
94 188 100
94 188 100
94 188 100
94 188 100
94 188 100
94 188 100
94 188 100
94 188 100
94 188 100
94 188 100
94 188 100
94 188 100
94 188 100
94 188 100
94 188 100
94 188 100
94 187 100
94 187 100
94 187 100
94 187 100
94 187 100
94 187 100
94 187 100
94 187 100
94 187 100
94 187 100
94 187 100
94 187 100
94 187 100
94 187 100
94 187 100
94 187 100
94 187 100
94 186 100
94 186 100
94 186 100
94 186 100
94 186 100
94 186 100
94 186 100
94 186 100
94 186 100
94 186 100
94 186 100
94 186 100
94 186 100
94 186 100
94 186 100
94 186 100
94 186 100
94 186 100
94 185 100
94 185 100
94 185 100
94 185 100
94 185 100
94 185 100
94 185 100
94 185 100
94 185 100
94 185 100
94 185 100
94 185 100
94 185 100
94 185 100
94 185 100
94 185 100
94 185 100
94 185 100
94 185 100
94 185 100
94 184 100
94 184 100
94 184 100
94 184 100
94 184 100
94 184 100
94 184 100
94 184 100
94 184 100
94 184 100
94 184 100
94 184 100
94 184 100
94 184 100
94 184 100
94 184 100
94 184 100
94 184 100
94 184 100
94 184 100
94 184 100
94 184 100
94 183 100
94 183 100
94 183 100
94 183 100
94 183 100
94 183 100
94 183 100
94 183 100
94 183 100
94 183 100
94 183 100
94 183 100
94 183 100
94 183 100
94 183 100
94 183 100
94 183 100
94 183 100
94 183 100
94 183 100
94 183 100
94 183 100
94 183 100
94 183 100
94 182 100
94 182 100
94 182 100
94 182 100
94 182 100
94 182 100
94 182 100
94 182 100
94 182 100
94 182 100
94 182 100
94 182 100
94 182 100
94 182 100
94 182 100
94 182 100
94 182 100
94 182 100
94 182 100
94 182 100
94 182 100
94 182 100
94 182 100
94 182 100
94 182 100
94 181 100
94 181 100
94 181 100
94 181 100
94 181 100
94 181 100
94 181 100
94 181 100
94 181 100
94 181 100
94 181 100
94 181 100
94 181 100
94 181 100
94 181 100
94 181 100
94 181 100
94 181 100
94 181 100
94 181 100
94 181 100
94 181 100
94 181 100
94 181 100
94 181 100
94 181 100
94 180 100
94 180 100
94 180 100
94 180 100
94 180 100
94 180 100
94 180 100
94 180 100
94 180 100
94 180 100
94 180 100
94 180 100
94 180 100
94 180 100
94 180 100
94 180 100
94 180 100
94 180 100
94 180 100
94 180 100
94 180 100
94 180 100
94 180 100
94 180 100
94 180 100
94 180 100
94 180 100
94 179 100
94 179 100
94 179 100
94 179 100
94 179 100
94 179 100
94 179 100
94 179 100
94 179 100
94 179 100
94 179 100
94 179 100
94 179 100
94 179 100
94 179 100
94 179 100
94 179 100
94 179 100
94 179 100
94 179 100
94 179 100
94 179 100
94 179 100
94 179 100
94 179 100
94 179 100
94 178 100
94 178 100
94 178 100
94 178 100
94 178 100
94 178 100
94 178 100
94 178 100
94 178 100
94 178 100
94 178 100
94 178 100
94 178 100
94 178 100
94 178 100
94 178 100
94 178 100
94 178 100
94 178 100
94 178 100
94 178 100
94 178 100
94 178 100
94 178 100
94 177 100
94 177 100
94 177 100
94 177 100
94 177 100
94 177 100
94 177 100
94 177 100
94 177 100
94 177 100
94 177 100
94 177 100
94 177 100
94 177 100
94 177 100
94 177 100
94 177 100
94 177 100
94 177 100
94 177 100
94 177 100
94 177 100
94 176 100
94 176 100
94 176 100
94 176 100
94 176 100
94 176 100
94 176 100
94 176 100
94 176 100
94 176 100
94 176 100
94 176 100
94 176 100
94 176 100
94 176 100
94 176 100
94 176 100
94 176 100
94 176 100
94 175 100
94 175 100
94 175 100
94 175 100
94 175 100
94 175 100
94 175 100
94 175 100
94 175 100
94 175 100
94 175 100
94 175 100
94 175 100
94 175 100
94 175 100
94 175 100
94 175 100
94 174 100
94 174 100
94 174 100
94 174 100
94 174 100
94 174 100
94 174 100
94 174 100
94 174 100
94 174 100
94 174 100
94 174 100
94 174 100
94 174 100
94 173 100
94 173 100
94 173 100
94 173 100
94 173 100
94 173 100
94 173 100
94 173 100
94 173 100
94 173 100
94 173 100
94 172 100
94 172 100
94 172 100
94 172 100
94 172 100
94 172 100
94 172 100
94 172 100
94 172 100
94 171 100
94 171 100
94 171 100
94 171 100
94 171 100
94 171 100
94 171 100
94 170 100
94 170 100
94 170 100
94 170 100
94 170 100
94 169 100
94 169 100
94 169 100
94 169 100
94 168 100
94 168 100
94 168 100
94 167 100
94 167 100
94 167 100
94 166 100
94 166 100
94 166 100
94 165 100
94 165 100
94 165 100
94 164 100
94 164 100
94 164 100
94 163 100
94 163 100
94 163 100
94 162 100
94 162 100
94 162 100
94 161 100
94 161 100
94 161 100
94 160 100
94 160 100
94 160 100
94 159 100
94 159 100
94 159 100
94 158 100
94 158 100
94 158 100
94 157 100
94 157 100
94 157 100
94 156 100
94 156 100
94 156 100
94 156 100
94 155 100
94 155 100
94 155 100
94 155 100
94 154 100
94 154 100
94 154 100
94 153 100
94 153 100
94 153 100
94 152 100
94 152 100
94 152 100
94 151 100
94 151 100
94 150 100
94 150 100
94 149 100
94 149 100
94 148 100
94 147 100
94 146 100
94 145 100
94 144 100
94 143 100
94 142 100
94 141 100
94 140 100
94 139 100
94 138 100
94 137 100
94 136 100
94 135 100
94 134 100
94 133 100
94 132 100
94 131 100
94 130 100
94 129 100
94 128 100
94 127 100
94 126 100
94 125 100
94 124 100
94 123 100
94 122 100
94 121 100
94 120 100
94 119 100
94 118 100
94 117 100
94 116 100
94 115 100
94 114 100
94 113 100
94 112 100
94 111 100
94 110 100
94 109 100
# move from (190,156) to (94,109)
190 156 100
189 156 100
188 156 100
187 156 100
186 156 100
185 156 100
184 156 100
183 156 100
182 156 100
181 156 100
180 156 100
179 156 100
178 156 100
177 156 100
176 156 100
175 156 100
174 156 100
173 156 100
172 156 100
171 156 100
171 156 100
170 156 100
170 156 100
169 156 100
169 156 100
169 156 100
168 156 100
168 156 100
168 156 100
168 156 100
167 156 100
167 156 100
167 156 100
167 156 100
167 156 100
166 156 100
166 156 100
166 156 100
166 156 100
166 156 100
166 156 100
165 156 100
165 156 100
165 156 100
165 156 100
165 156 100
165 156 100
164 156 100
164 156 100
164 156 100
164 156 100
164 156 100
164 156 100
164 156 100
163 156 100
163 156 100
163 156 100
163 156 100
163 156 100
163 156 100
163 156 100
163 156 100
162 156 100
162 156 100
162 156 100
162 156 100
162 156 100
162 156 100
162 156 100
162 156 100
162 156 100
161 156 100
161 156 100
161 156 100
161 156 100
161 156 100
161 156 100
161 156 100
161 156 100
161 156 100
161 156 100
160 156 100
160 156 100
160 156 100
160 156 100
160 156 100
160 156 100
160 156 100
160 156 100
160 156 100
160 156 100
160 156 100
160 156 100
159 156 100
159 156 100
159 156 100
159 156 100
159 156 100
159 156 100
159 156 100
159 156 100
159 156 100
159 156 100
159 156 100
159 156 100
159 156 100
159 156 100
158 156 100
158 156 100
158 156 100
158 156 100
158 156 100
158 156 100
158 156 100
158 156 100
158 156 100
158 156 100
158 156 100
158 156 100
158 156 100
158 156 100
158 156 100
158 156 100
157 156 100
157 156 100
157 156 100
157 156 100
157 156 100
157 156 100
157 156 100
157 156 100
157 156 100
157 156 100
157 156 100
157 156 100
157 156 100
157 156 100
157 156 100
157 156 100
157 156 100
157 156 100
156 156 100
156 156 100
156 156 100
156 156 100
156 156 100
156 156 100
156 156 100
156 156 100
156 156 100
156 156 100
156 156 100
156 156 100
156 156 100
156 156 100
156 156 100
156 156 100
156 156 100
156 156 100
156 156 100
156 156 100
155 156 100
155 156 100
155 156 100
155 156 100
155 156 100
155 156 100
155 156 100
155 156 100
155 156 100
155 156 100
155 156 100
155 156 100
155 156 100
155 156 100
155 156 100
155 156 100
155 156 100
155 156 100
155 156 100
155 156 100
155 156 100
155 156 100
154 156 100
154 156 100
154 156 100
154 156 100
154 156 100
154 156 100
154 156 100
154 156 100
154 156 100
154 156 100
154 156 100
154 156 100
154 156 100
154 156 100
154 156 100
154 156 100
154 156 100
154 156 100
154 156 100
154 156 100
154 156 100
154 156 100
154 156 100
154 156 100
154 156 100
153 156 100
153 156 100
153 156 100
153 156 100
153 156 100
153 156 100
153 156 100
153 156 100
153 156 100
153 156 100
153 156 100
153 156 100
153 156 100
153 156 100
153 156 100
153 156 100
153 156 100
153 156 100
153 156 100
153 156 100
153 156 100
153 156 100
153 156 100
153 156 100
153 156 100
153 156 100
153 156 100
152 156 100
152 156 100
152 156 100
152 156 100
152 156 100
152 156 100
152 156 100
152 156 100
152 156 100
152 156 100
152 156 100
152 156 100
152 156 100
152 156 100
152 156 100
152 156 100
152 156 100
152 156 100
152 156 100
152 156 100
152 156 100
152 156 100
152 156 100
152 156 100
152 156 100
152 156 100
152 156 100
152 156 100
152 156 100
152 156 100
151 156 100
151 156 100
151 156 100
151 156 100
151 156 100
151 156 100
151 156 100
151 156 100
151 156 100
151 156 100
151 156 100
151 156 100
151 156 100
151 156 100
151 156 100
151 156 100
151 156 100
151 156 100
151 156 100
151 156 100
151 156 100
151 156 100
151 156 100
151 156 100
151 156 100
151 156 100
151 156 100
151 156 100
151 156 100
151 156 100
151 156 100
151 156 100
150 156 100
150 156 100
150 156 100
150 156 100
150 156 100
150 156 100
150 156 100
150 156 100
150 156 100
150 156 100
150 156 100
150 156 100
150 156 100
150 156 100
150 156 100
150 156 100
150 156 100
150 156 100
150 156 100
150 156 100
150 156 100
150 156 100
150 156 100
150 156 100
150 156 100
150 156 100
150 156 100
150 156 100
150 156 100
150 156 100
150 156 100
150 156 100
150 156 100
150 156 100
149 156 100
149 156 100
149 156 100
149 156 100
149 156 100
149 156 100
149 156 100
149 156 100
149 156 100
149 156 100
149 156 100
149 156 100
149 156 100
149 156 100
149 156 100
149 156 100
149 156 100
149 156 100
149 156 100
149 156 100
149 156 100
149 156 100
149 156 100
149 156 100
149 156 100
149 156 100
149 156 100
149 156 100
149 156 100
149 156 100
149 156 100
149 156 100
149 156 100
149 156 100
149 156 100
149 156 100
149 156 100
148 156 100
148 156 100
148 156 100
148 156 100
148 156 100
148 156 100
148 156 100
148 156 100
148 156 100
148 156 100
148 156 100
148 156 100
148 156 100
148 156 100
148 156 100
148 156 100
148 156 100
148 156 100
148 156 100
148 156 100
148 156 100
148 156 100
148 156 100
148 156 100
148 156 100
148 156 100
148 156 100
148 156 100
148 156 100
148 156 100
148 156 100
148 156 100
148 156 100
148 156 100
148 156 100
148 156 100
148 156 100
148 156 100
147 156 100
147 156 100
147 156 100
147 156 100
147 156 100
147 156 100
147 156 100
147 156 100
147 156 100
147 156 100
147 156 100
147 156 100
147 156 100
147 156 100
147 156 100
147 156 100
147 156 100
147 156 100
147 156 100
147 156 100
147 156 100
147 156 100
147 156 100
147 156 100
147 156 100
147 156 100
147 156 100
147 156 100
147 156 100
147 156 100
147 156 100
147 156 100
147 156 100
147 156 100
147 156 100
147 156 100
147 156 100
147 156 100
147 156 100
147 156 100
146 156 100
146 156 100
146 156 100
146 156 100
146 156 100
146 156 100
146 156 100
146 156 100
146 156 100
146 156 100
146 156 100
146 156 100
146 156 100
146 156 100
146 156 100
146 156 100
146 156 100
146 156 100
146 156 100
146 156 100
146 156 100
146 156 100
146 156 100
146 156 100
146 156 100
146 156 100
146 156 100
146 156 100
146 156 100
146 156 100
146 156 100
146 156 100
146 156 100
146 156 100
146 156 100
146 156 100
146 156 100
146 156 100
146 156 100
146 156 100
146 156 100
145 156 100
145 156 100
145 156 100
145 156 100
145 156 100
145 156 100
145 156 100
145 156 100
145 156 100
145 156 100
145 156 100
145 156 100
145 156 100
145 156 100
145 156 100
145 156 100
145 156 100
145 156 100
145 156 100
145 156 100
145 156 100
145 156 100
145 156 100
145 156 100
145 156 100
145 156 100
145 156 100
145 156 100
145 156 100
145 156 100
145 156 100
145 156 100
145 156 100
145 156 100
145 156 100
145 156 100
145 156 100
145 156 100
145 156 100
145 156 100
145 156 100
144 156 100
144 156 100
144 156 100
144 156 100
144 156 100
144 156 100
144 156 100
144 156 100
144 156 100
144 156 100
144 156 100
144 156 100
144 156 100
144 156 100
144 156 100
144 156 100
144 156 100
144 156 100
144 156 100
144 156 100
144 156 100
144 156 100
144 156 100
144 156 100
144 156 100
144 156 100
144 156 100
144 156 100
144 156 100
144 156 100
144 156 100
144 156 100
144 156 100
144 156 100
144 156 100
144 156 100
144 156 100
144 156 100
144 156 100
144 156 100
144 156 100
144 156 100
143 156 100
143 156 100
143 156 100
143 156 100
143 156 100
143 156 100
143 156 100
143 156 100
143 156 100
143 156 100
143 156 100
143 156 100
143 156 100
143 156 100
143 156 100
143 156 100
143 156 100
143 156 100
143 156 100
143 156 100
143 156 100
143 156 100
143 156 100
143 156 100
143 156 100
143 156 100
143 156 100
143 156 100
143 156 100
143 156 100
143 156 100
143 156 100
143 156 100
143 156 100
143 156 100
143 156 100
143 156 100
143 156 100
143 156 100
143 156 100
143 156 100
143 156 100
142 156 100
142 156 100
142 156 100
142 156 100
142 156 100
142 156 100
142 156 100
142 156 100
142 156 100
142 156 100
142 156 100
142 156 100
142 156 100
142 156 100
142 156 100
142 156 100
142 156 100
142 156 100
142 156 100
142 156 100
142 156 100
142 156 100
142 156 100
142 156 100
142 156 100
142 156 100
142 156 100
142 156 100
142 156 100
142 156 100
142 156 100
142 156 100
142 156 100
142 156 100
142 156 100
142 156 100
142 156 100
142 156 100
142 156 100
142 156 100
142 156 100
142 156 100
141 156 100
141 156 100
141 156 100
141 156 100
141 156 100
141 156 100
141 156 100
141 156 100
141 156 100
141 156 100
141 156 100
141 156 100
141 156 100
141 156 100
141 156 100
141 156 100
141 156 100
141 156 100
141 156 100
141 156 100
141 156 100
141 156 100
141 156 100
141 156 100
141 156 100
141 156 100
141 156 100
141 156 100
141 156 100
141 156 100
141 156 100
141 156 100
141 156 100
141 156 100
141 156 100
141 156 100
141 156 100
141 156 100
141 156 100
141 156 100
141 156 100
141 156 100
140 156 100
140 156 100
140 156 100
140 156 100
140 156 100
140 156 100
140 156 100
140 156 100
140 156 100
140 156 100
140 156 100
140 156 100
140 156 100
140 156 100
140 156 100
140 156 100
140 156 100
140 156 100
140 156 100
140 156 100
140 156 100
140 156 100
140 156 100
140 156 100
140 156 100
140 156 100
140 156 100
140 156 100
140 156 100
140 156 100
140 156 100
140 156 100
140 156 100
140 156 100
140 156 100
140 156 100
140 156 100
140 156 100
140 156 100
140 156 100
140 156 100
139 156 100
139 156 100
139 156 100
139 156 100
139 156 100
139 156 100
139 156 100
139 156 100
139 156 100
139 156 100
139 156 100
139 156 100
139 156 100
139 156 100
139 156 100
139 156 100
139 156 100
139 156 100
139 156 100
139 156 100
139 156 100
139 156 100
139 156 100
139 156 100
139 156 100
139 156 100
139 156 100
139 156 100
139 156 100
139 156 100
139 156 100
139 156 100
139 156 100
139 156 100
139 156 100
139 156 100
139 156 100
139 156 100
139 156 100
138 156 100
138 156 100
138 156 100
138 156 100
138 156 100
138 156 100
138 156 100
138 156 100
138 156 100
138 156 100
138 156 100
138 156 100
138 156 100
138 156 100
138 156 100
138 156 100
138 156 100
138 156 100
138 156 100
138 156 100
138 156 100
138 156 100
138 156 100
138 156 100
138 156 100
138 156 100
138 156 100
138 156 100
138 156 100
138 156 100
138 156 100
138 156 100
138 156 100
138 156 100
138 156 100
138 156 100
137 156 100
137 156 100
137 156 100
137 156 100
137 156 100
137 156 100
137 156 100
137 156 100
137 156 100
137 156 100
137 156 100
137 156 100
137 156 100
137 156 100
137 156 100
137 156 100
137 156 100
137 156 100
137 156 100
137 156 100
137 156 100
137 156 100
137 156 100
137 156 100
137 156 100
137 156 100
137 156 100
137 156 100
137 156 100
137 156 100
137 156 100
137 156 100
137 156 100
136 156 100
136 156 100
136 156 100
136 156 100
136 156 100
136 156 100
136 156 100
136 156 100
136 156 100
136 156 100
136 156 100
136 156 100
136 156 100
136 156 100
136 156 100
136 156 100
136 156 100
136 156 100
136 156 100
136 156 100
136 156 100
136 156 100
136 156 100
136 156 100
136 156 100
136 156 100
136 156 100
136 156 100
136 156 100
135 156 100
135 156 100
135 156 100
135 156 100
135 156 100
135 156 100
135 156 100
135 156 100
135 156 100
135 156 100
135 156 100
135 156 100
135 156 100
135 156 100
135 156 100
135 156 100
135 156 100
135 156 100
135 156 100
135 156 100
135 156 100
135 156 100
135 156 100
135 156 100
135 156 100
134 156 100
134 156 100
134 156 100
134 156 100
134 156 100
134 156 100
134 156 100
134 156 100
134 156 100
134 156 100
134 156 100
134 156 100
134 156 100
134 156 100
134 156 100
134 156 100
134 156 100
134 156 100
134 156 100
134 156 100
133 156 100
133 156 100
133 156 100
133 156 100
133 156 100
133 156 100
133 156 100
133 156 100
133 156 100
133 156 100
133 156 100
133 156 100
133 156 100
133 156 100
133 156 100
133 156 100
132 156 100
132 156 100
132 156 100
132 156 100
132 156 100
132 156 100
132 156 100
132 156 100
132 156 100
132 156 100
132 156 100
132 156 100
132 156 100
131 156 100
131 156 100
131 156 100
131 156 100
131 156 100
131 156 100
131 156 100
131 156 100
131 156 100
131 156 100
130 156 100
130 156 100
130 156 100
130 156 100
130 156 100
130 156 100
130 156 100
130 156 100
129 156 100
129 156 100
129 156 100
129 156 100
129 156 100
129 156 100
128 156 100
128 156 100
128 156 100
128 156 100
128 156 100
127 156 100
127 156 100
127 156 100
127 156 100
126 156 100
126 156 100
126 156 100
125 156 100
125 156 100
125 156 100
124 156 100
124 156 100
124 156 100
123 156 100
123 156 100
123 156 100
122 156 100
122 156 100
122 156 100
121 156 100
121 156 100
121 156 100
120 156 100
120 156 100
119 156 100
119 156 100
118 156 100
118 156 100
117 156 100
117 156 100
116 156 100
116 156 100
115 156 100
115 156 100
114 156 100
113 156 100
112 156 100
111 156 100
110 156 100
109 156 100
109 156 100
108 156 100
108 156 100
107 156 100
107 156 100
106 156 100
106 156 100
105 156 100
105 156 100
104 156 100
104 156 100
103 156 100
103 156 100
102 156 100
102 156 100
101 156 100
101 156 100
100 156 100
100 156 100
99 156 100
99 156 100
98 156 100
98 156 100
97 156 100
97 156 100
96 156 100
96 156 100
95 156 100
95 156 100
95 156 100
# move from (24,148) to (94,109)
24 148 100
25 148 100
26 148 100
27 148 100
28 148 100
29 148 100
30 148 100
31 148 100
32 148 100
33 148 100
34 148 100
35 148 100
36 148 100
37 148 100
38 148 100
39 148 100
40 148 100
41 148 100
42 148 100
43 148 100
43 148 100
44 148 100
44 148 100
44 148 100
45 148 100
45 148 100
45 148 100
45 148 100
45 148 100
46 148 100
46 148 100
46 148 100
46 148 100
46 148 100
46 148 100
46 148 100
46 148 100
47 148 100
47 148 100
47 148 100
47 148 100
47 148 100
47 148 100
47 148 100
47 148 100
47 148 100
47 148 100
47 148 100
48 148 100
48 148 100
48 148 100
48 148 100
48 148 100
48 148 100
48 148 100
48 148 100
48 148 100
48 148 100
48 148 100
48 148 100
48 148 100
48 148 100
48 148 100
49 148 100
49 148 100
49 148 100
49 148 100
49 148 100
49 148 100
49 148 100
49 148 100
49 148 100
49 148 100
49 148 100
49 148 100
49 148 100
49 148 100
49 148 100
49 148 100
49 148 100
49 148 100
49 148 100
50 148 100
50 148 100
50 148 100
50 148 100
50 148 100
50 148 100
50 148 100
50 148 100
50 148 100
50 148 100
50 148 100
50 148 100
50 148 100
50 148 100
50 148 100
50 148 100
50 148 100
50 148 100
50 148 100
50 148 100
50 148 100
50 148 100
50 148 100
50 148 100
51 148 100
51 148 100
51 148 100
51 148 100
51 148 100
51 148 100
51 148 100
51 148 100
51 148 100
51 148 100
51 148 100
51 148 100
51 148 100
51 148 100
51 148 100
51 148 100
51 148 100
51 148 100
51 148 100
51 148 100
51 148 100
51 148 100
51 148 100
51 148 100
51 148 100
51 148 100
51 148 100
51 148 100
52 148 100
52 148 100
52 148 100
52 148 100
52 148 100
52 148 100
52 148 100
52 148 100
52 148 100
52 148 100
52 148 100
52 148 100
52 148 100
52 148 100
52 148 100
52 148 100
52 148 100
52 148 100
52 148 100
52 148 100
52 148 100
52 148 100
52 148 100
52 148 100
52 148 100
52 148 100
52 148 100
52 148 100
52 148 100
52 148 100
52 148 100
52 148 100
53 148 100
53 148 100
53 148 100
53 148 100
53 148 100
53 148 100
53 148 100
53 148 100
53 148 100
53 148 100
53 148 100
53 148 100
53 148 100
53 148 100
53 148 100
53 148 100
53 148 100
53 148 100
53 148 100
53 148 100
53 148 100
53 148 100
53 148 100
53 148 100
53 148 100
53 148 100
53 148 100
53 148 100
53 148 100
53 148 100
53 148 100
53 148 100
53 148 100
53 148 100
53 148 100
54 148 100
54 148 100
54 148 100
54 148 100
54 148 100
54 148 100
54 148 100
54 148 100
54 148 100
54 148 100
54 148 100
54 148 100
54 148 100
54 148 100
54 148 100
54 148 100
54 148 100
54 148 100
54 148 100
54 148 100
54 148 100
54 148 100
54 148 100
54 148 100
54 148 100
54 148 100
54 148 100
54 148 100
54 148 100
54 148 100
54 148 100
54 148 100
54 148 100
54 148 100
54 148 100
54 148 100
54 148 100
55 148 100
55 148 100
55 148 100
55 148 100
55 148 100
55 148 100
55 148 100
55 148 100
55 148 100
55 148 100
55 148 100
55 148 100
55 148 100
55 148 100
55 148 100
55 148 100
55 148 100
55 148 100
55 148 100
55 148 100
55 148 100
55 148 100
55 148 100
55 148 100
55 148 100
55 148 100
55 148 100
55 148 100
55 148 100
55 148 100
55 148 100
55 148 100
55 148 100
55 148 100
55 148 100
55 148 100
55 148 100
56 148 100
56 148 100
56 148 100
56 148 100
56 148 100
56 148 100
56 148 100
56 148 100
56 148 100
56 148 100
56 148 100
56 148 100
56 148 100
56 148 100
56 148 100
56 148 100
56 148 100
56 148 100
56 148 100
56 148 100
56 148 100
56 148 100
56 148 100
56 148 100
56 148 100
56 148 100
56 148 100
56 148 100
56 148 100
56 148 100
56 148 100
56 148 100
56 148 100
56 148 100
56 148 100
56 148 100
56 148 100
57 148 100
57 148 100
57 148 100
57 148 100
57 148 100
57 148 100
57 148 100
57 148 100
57 148 100
57 148 100
57 148 100
57 148 100
57 148 100
57 148 100
57 148 100
57 148 100
57 148 100
57 148 100
57 148 100
57 148 100
57 148 100
57 148 100
57 148 100
57 148 100
57 148 100
57 148 100
57 148 100
57 148 100
57 148 100
57 148 100
57 148 100
57 148 100
57 148 100
57 148 100
57 148 100
57 148 100
58 148 100
58 148 100
58 148 100
58 148 100
58 148 100
58 148 100
58 148 100
58 148 100
58 148 100
58 148 100
58 148 100
58 148 100
58 148 100
58 148 100
58 148 100
58 148 100
58 148 100
58 148 100
58 148 100
58 148 100
58 148 100
58 148 100
58 148 100
58 148 100
58 148 100
58 148 100
58 148 100
58 148 100
58 148 100
58 148 100
58 148 100
58 148 100
58 148 100
58 148 100
59 148 100
59 148 100
59 148 100
59 148 100
59 148 100
59 148 100
59 148 100
59 148 100
59 148 100
59 148 100
59 148 100
59 148 100
59 148 100
59 148 100
59 148 100
59 148 100
59 148 100
59 148 100
59 148 100
59 148 100
59 148 100
59 148 100
59 148 100
59 148 100
59 148 100
59 148 100
59 148 100
59 148 100
59 148 100
59 148 100
59 148 100
59 148 100
60 148 100
60 148 100
60 148 100
60 148 100
60 148 100
60 148 100
60 148 100
60 148 100
60 148 100
60 148 100
60 148 100
60 148 100
60 148 100
60 148 100
60 148 100
60 148 100
60 148 100
60 148 100
60 148 100
60 148 100
60 148 100
60 148 100
60 148 100
60 148 100
60 148 100
60 148 100
60 148 100
60 148 100
60 148 100
61 148 100
61 148 100
61 148 100
61 148 100
61 148 100
61 148 100
61 148 100
61 148 100
61 148 100
61 148 100
61 148 100
61 148 100
61 148 100
61 148 100
61 148 100
61 148 100
61 148 100
61 148 100
61 148 100
61 148 100
61 148 100
61 148 100
61 148 100
61 148 100
61 148 100
61 148 100
61 148 100
62 148 100
62 148 100
62 148 100
62 148 100
62 148 100
62 148 100
62 148 100
62 148 100
62 148 100
62 148 100
62 148 100
62 148 100
62 148 100
62 148 100
62 148 100
62 148 100
62 148 100
62 148 100
62 148 100
62 148 100
62 148 100
62 148 100
62 148 100
62 148 100
62 148 100
63 148 100
63 148 100
63 148 100
63 148 100
63 148 100
63 148 100
63 148 100
63 148 100
63 148 100
63 148 100
63 148 100
63 148 100
63 148 100
63 148 100
63 148 100
63 148 100
63 148 100
63 148 100
63 148 100
63 148 100
63 148 100
63 148 100
63 148 100
64 148 100
64 148 100
64 148 100
64 148 100
64 148 100
64 148 100
64 148 100
64 148 100
64 148 100
64 148 100
64 148 100
64 148 100
64 148 100
64 148 100
64 148 100
64 148 100
64 148 100
64 148 100
64 148 100
64 148 100
64 148 100
65 148 100
65 148 100
65 148 100
65 148 100
65 148 100
65 148 100
65 148 100
65 148 100
65 148 100
65 148 100
65 148 100
65 148 100
65 148 100
65 148 100
65 148 100
65 148 100
65 148 100
65 148 100
65 148 100
65 148 100
66 148 100
66 148 100
66 148 100
66 148 100
66 148 100
66 148 100
66 148 100
66 148 100
66 148 100
66 148 100
66 148 100
66 148 100
66 148 100
66 148 100
66 148 100
66 148 100
66 148 100
66 148 100
66 148 100
66 148 100
67 148 100
67 148 100
67 148 100
67 148 100
67 148 100
67 148 100
67 148 100
67 148 100
67 148 100
67 148 100
67 148 100
67 148 100
67 148 100
67 148 100
67 148 100
67 148 100
67 148 100
67 148 100
67 148 100
68 148 100
68 148 100
68 148 100
68 148 100
68 148 100
68 148 100
68 148 100
68 148 100
68 148 100
68 148 100
68 148 100
68 148 100
68 148 100
68 148 100
68 148 100
68 148 100
68 148 100
68 148 100
68 148 100
69 148 100
69 148 100
69 148 100
69 148 100
69 148 100
69 148 100
69 148 100
69 148 100
69 148 100
69 148 100
69 148 100
69 148 100
69 148 100
69 148 100
69 148 100
69 148 100
69 148 100
69 148 100
70 148 100
70 148 100
70 148 100
70 148 100
70 148 100
70 148 100
70 148 100
70 148 100
70 148 100
70 148 100
70 148 100
70 148 100
70 148 100
70 148 100
70 148 100
70 148 100
70 148 100
71 148 100
71 148 100
71 148 100
71 148 100
71 148 100
71 148 100
71 148 100
71 148 100
71 148 100
71 148 100
71 148 100
71 148 100
71 148 100
71 148 100
71 148 100
71 148 100
72 148 100
72 148 100
72 148 100
72 148 100
72 148 100
72 148 100
72 148 100
72 148 100
72 148 100
72 148 100
72 148 100
72 148 100
72 148 100
72 148 100
73 148 100
73 148 100
73 148 100
73 148 100
73 148 100
73 148 100
73 148 100
73 148 100
73 148 100
73 148 100
73 148 100
73 148 100
74 148 100
74 148 100
74 148 100
74 148 100
74 148 100
74 148 100
74 148 100
74 148 100
74 148 100
74 148 100
75 148 100
75 148 100
75 148 100
75 148 100
75 148 100
75 148 100
75 148 100
75 148 100
76 148 100
76 148 100
76 148 100
76 148 100
76 148 100
76 148 100
77 148 100
77 148 100
77 148 100
77 148 100
77 148 100
78 148 100
78 148 100
78 148 100
78 148 100
79 148 100
79 148 100
79 148 100
80 148 100
80 148 100
80 148 100
81 148 100
81 148 100
81 148 100
82 148 100
82 148 100
82 148 100
83 148 100
83 148 100
83 148 100
84 148 100
84 148 100
85 148 100
85 148 100
86 148 100
86 148 100
87 148 100
87 148 100
88 148 100
88 148 100
89 148 100
90 148 100
91 148 100
92 148 100
93 148 100
# move from (72,51) to (94,109)
72 51 100
72 51 100
73 51 100
73 51 100
74 51 100
74 51 100
75 51 100
75 51 100
75 51 100
76 51 100
76 51 100
76 51 100
77 51 100
77 51 100
77 51 100
78 51 100
78 51 100
78 51 100
79 51 100
79 51 100
79 51 100
80 51 100
80 51 100
80 51 100
81 51 100
81 51 100
81 51 100
82 51 100
82 51 100
82 51 100
83 51 100
83 51 100
84 51 100
84 51 100
85 51 100
86 51 100
87 51 100
88 51 100
89 51 100
90 51 100
91 51 100
92 51 100
93 51 100
94 51 100
94 52 100
94 53 100
94 54 100
94 55 100
94 56 100
94 57 100
94 58 100
94 59 100
94 60 100
94 61 100
94 62 100
94 63 100
94 64 100
94 65 100
94 66 100
94 67 100
94 68 100
94 69 100
94 70 100
94 71 100
94 71 100
94 72 100
94 72 100
94 72 100
94 73 100
94 73 100
94 73 100
94 73 100
94 74 100
94 74 100
94 74 100
94 74 100
94 74 100
94 75 100
94 75 100
94 75 100
94 75 100
94 75 100
94 75 100
94 75 100
94 76 100
94 76 100
94 76 100
94 76 100
94 76 100
94 76 100
94 76 100
94 76 100
94 77 100
94 77 100
94 77 100
94 77 100
94 77 100
94 77 100
94 77 100
94 77 100
94 77 100
94 78 100
94 78 100
94 78 100
94 78 100
94 78 100
94 78 100
94 78 100
94 78 100
94 78 100
94 78 100
94 79 100
94 79 100
94 79 100
94 79 100
94 79 100
94 79 100
94 79 100
94 79 100
94 79 100
94 79 100
94 80 100
94 80 100
94 80 100
94 80 100
94 80 100
94 80 100
94 80 100
94 80 100
94 80 100
94 80 100
94 81 100
94 81 100
94 81 100
94 81 100
94 81 100
94 81 100
94 81 100
94 81 100
94 81 100
94 81 100
94 82 100
94 82 100
94 82 100
94 82 100
94 82 100
94 82 100
94 82 100
94 82 100
94 82 100
94 82 100
94 82 100
94 83 100
94 83 100
94 83 100
94 83 100
94 83 100
94 83 100
94 83 100
94 83 100
94 83 100
94 83 100
94 83 100
94 84 100
94 84 100
94 84 100
94 84 100
94 84 100
94 84 100
94 84 100
94 84 100
94 84 100
94 84 100
94 84 100
94 85 100
94 85 100
94 85 100
94 85 100
94 85 100
94 85 100
94 85 100
94 85 100
94 85 100
94 85 100
94 86 100
94 86 100
94 86 100
94 86 100
94 86 100
94 86 100
94 86 100
94 86 100
94 86 100
94 86 100
94 87 100
94 87 100
94 87 100
94 87 100
94 87 100
94 87 100
94 87 100
94 87 100
94 87 100
94 88 100
94 88 100
94 88 100
94 88 100
94 88 100
94 88 100
94 88 100
94 88 100
94 88 100
94 89 100
94 89 100
94 89 100
94 89 100
94 89 100
94 89 100
94 89 100
94 89 100
94 90 100
94 90 100
94 90 100
94 90 100
94 90 100
94 90 100
94 90 100
94 91 100
94 91 100
94 91 100
94 91 100
94 91 100
94 92 100
94 92 100
94 92 100
94 92 100
94 93 100
94 93 100
94 93 100
94 94 100
94 94 100
94 94 100
94 95 100
94 95 100
94 96 100
94 96 100
94 97 100
94 98 100
94 99 100
94 100 100
94 101 100
94 102 100
94 103 100
94 104 100
94 105 100
94 106 100
94 107 100
94 108 100
# move from (193,37) to (94,109)
193 37 100
192 37 100
191 37 100
190 37 100
189 37 100
188 37 100
187 37 100
186 37 100
186 37 100
185 37 100
185 37 100
185 37 100
184 37 100
184 37 100
184 37 100
183 37 100
183 37 100
183 37 100
183 37 100
182 37 100
182 37 100
182 37 100
182 37 100
182 37 100
181 37 100
181 37 100
181 37 100
181 37 100
181 37 100
181 37 100
180 37 100
180 37 100
180 37 100
180 37 100
180 37 100
180 37 100
180 37 100
179 37 100
179 37 100
179 37 100
179 37 100
179 37 100
179 37 100
179 37 100
179 37 100
178 37 100
178 37 100
178 37 100
178 37 100
178 37 100
178 37 100
178 37 100
178 37 100
178 37 100
177 37 100
177 37 100
177 37 100
177 37 100
177 37 100
177 37 100
177 37 100
177 37 100
177 37 100
177 37 100
176 37 100
176 37 100
176 37 100
176 37 100
176 37 100
176 37 100
176 37 100
176 37 100
176 37 100
176 37 100
176 37 100
175 37 100
175 37 100
175 37 100
175 37 100
175 37 100
175 37 100
175 37 100
175 37 100
175 37 100
175 37 100
175 37 100
175 37 100
174 37 100
174 37 100
174 37 100
174 37 100
174 37 100
174 37 100
174 37 100
174 37 100
174 37 100
174 37 100
174 37 100
174 37 100
174 37 100
174 37 100
173 37 100
173 37 100
173 37 100
173 37 100
173 37 100
173 37 100
173 37 100
173 37 100
173 37 100
173 37 100
173 37 100
173 37 100
173 37 100
173 37 100
173 37 100
173 37 100
172 37 100
172 37 100
172 37 100
172 37 100
172 37 100
172 37 100
172 37 100
172 37 100
172 37 100
172 37 100
172 37 100
172 37 100
172 37 100
172 37 100
172 37 100
172 37 100
172 37 100
172 37 100
171 37 100
171 37 100
171 37 100
171 37 100
171 37 100
171 37 100
171 37 100
171 37 100
171 37 100
171 37 100
171 37 100
171 37 100
171 37 100
171 37 100
171 37 100
171 37 100
171 37 100
171 37 100
171 37 100
170 37 100
170 37 100
170 37 100
170 37 100
170 37 100
170 37 100
170 37 100
170 37 100
170 37 100
170 37 100
170 37 100
170 37 100
170 37 100
170 37 100
170 37 100
170 37 100
170 37 100
170 37 100
170 37 100
170 37 100
170 37 100
169 37 100
169 37 100
169 37 100
169 37 100
169 37 100
169 37 100
169 37 100
169 37 100
169 37 100
169 37 100
169 37 100
169 37 100
169 37 100
169 37 100
169 37 100
169 37 100
169 37 100
169 37 100
169 37 100
169 37 100
169 37 100
169 37 100
169 37 100
168 37 100
168 37 100
168 37 100
168 37 100
168 37 100
168 37 100
168 37 100
168 37 100
168 37 100
168 37 100
168 37 100
168 37 100
168 37 100
168 37 100
168 37 100
168 37 100
168 37 100
168 37 100
168 37 100
168 37 100
168 37 100
168 37 100
168 37 100
168 37 100
167 37 100
167 37 100
167 37 100
167 37 100
167 37 100
167 37 100
167 37 100
167 37 100
167 37 100
167 37 100
167 37 100
167 37 100
167 37 100
167 37 100
167 37 100
167 37 100
167 37 100
167 37 100
167 37 100
167 37 100
167 37 100
167 37 100
167 37 100
167 37 100
166 37 100
166 37 100
166 37 100
166 37 100
166 37 100
166 37 100
166 37 100
166 37 100
166 37 100
166 37 100
166 37 100
166 37 100
166 37 100
166 37 100
166 37 100
166 37 100
166 37 100
166 37 100
166 37 100
166 37 100
166 37 100
166 37 100
166 37 100
166 37 100
165 37 100
165 37 100
165 37 100
165 37 100
165 37 100
165 37 100
165 37 100
165 37 100
165 37 100
165 37 100
165 37 100
165 37 100
165 37 100
165 37 100
165 37 100
165 37 100
165 37 100
165 37 100
165 37 100
165 37 100
165 37 100
165 37 100
165 37 100
164 37 100
164 37 100
164 37 100
164 37 100
164 37 100
164 37 100
164 37 100
164 37 100
164 37 100
164 37 100
164 37 100
164 37 100
164 37 100
164 37 100
164 37 100
164 37 100
164 37 100
164 37 100
164 37 100
164 37 100
164 37 100
163 37 100
163 37 100
163 37 100
163 37 100
163 37 100
163 37 100
163 37 100
163 37 100
163 37 100
163 37 100
163 37 100
163 37 100
163 37 100
163 37 100
163 37 100
163 37 100
163 37 100
163 37 100
162 37 100
162 37 100
162 37 100
162 37 100
162 37 100
162 37 100
162 37 100
162 37 100
162 37 100
162 37 100
162 37 100
162 37 100
162 37 100
162 37 100
161 37 100
161 37 100
161 37 100
161 37 100
161 37 100
161 37 100
161 37 100
161 37 100
161 37 100
161 37 100
161 37 100
160 37 100
160 37 100
160 37 100
160 37 100
160 37 100
160 37 100
160 37 100
160 37 100
159 37 100
159 37 100
159 37 100
159 37 100
159 37 100
159 37 100
158 37 100
158 37 100
158 37 100
158 37 100
157 37 100
157 37 100
157 37 100
156 37 100
156 37 100
155 37 100
155 37 100
154 37 100
153 37 100
152 37 100
151 37 100
150 37 100
149 37 100
148 37 100
147 37 100
146 37 100
145 37 100
144 37 100
143 37 100
142 37 100
141 37 100
140 37 100
139 37 100
138 37 100
137 37 100
136 37 100
135 37 100
134 37 100
133 37 100
132 37 100
131 37 100
130 37 100
129 37 100
129 37 100
128 37 100
128 37 100
127 37 100
127 37 100
126 37 100
126 37 100
125 37 100
125 37 100
125 37 100
124 37 100
124 37 100
124 37 100
124 37 100
123 37 100
123 37 100
123 37 100
123 37 100
123 37 100
122 37 100
122 37 100
122 37 100
122 37 100
122 37 100
122 37 100
121 37 100
121 37 100
121 37 100
121 37 100
121 37 100
121 37 100
121 37 100
121 37 100
120 37 100
120 37 100
120 37 100
120 37 100
120 37 100
120 37 100
120 37 100
120 37 100
120 37 100
120 37 100
120 37 100
119 37 100
119 37 100
119 37 100
119 37 100
119 37 100
119 37 100
119 37 100
119 37 100
119 37 100
119 37 100
119 37 100
119 37 100
119 37 100
119 37 100
118 37 100
118 37 100
118 37 100
118 37 100
118 37 100
118 37 100
118 37 100
118 37 100
118 37 100
118 37 100
118 37 100
118 37 100
118 37 100
118 37 100
118 37 100
118 37 100
118 37 100
117 37 100
117 37 100
117 37 100
117 37 100
117 37 100
117 37 100
117 37 100
117 37 100
117 37 100
117 37 100
117 37 100
117 37 100
117 37 100
117 37 100
117 37 100
117 37 100
117 37 100
117 37 100
117 37 100
116 37 100
116 37 100
116 37 100
116 37 100
116 37 100
116 37 100
116 37 100
116 37 100
116 37 100
116 37 100
116 37 100
116 37 100
116 37 100
116 37 100
116 37 100
116 37 100
116 37 100
116 37 100
116 37 100
116 37 100
116 37 100
116 37 100
115 37 100
115 37 100
115 37 100
115 37 100
115 37 100
115 37 100
115 37 100
115 37 100
115 37 100
115 37 100
115 37 100
115 37 100
115 37 100
115 37 100
115 37 100
115 37 100
115 37 100
115 37 100
115 37 100
115 37 100
115 37 100
115 37 100
115 37 100
115 37 100
114 37 100
114 37 100
114 37 100
114 37 100
114 37 100
114 37 100
114 37 100
114 37 100
114 37 100
114 37 100
114 37 100
114 37 100
114 37 100
114 37 100
114 37 100
114 37 100
114 37 100
114 37 100
114 37 100
114 37 100
114 37 100
114 37 100
114 37 100
114 37 100
114 37 100
114 37 100
113 37 100
113 37 100
113 37 100
113 37 100
113 37 100
113 37 100
113 37 100
113 37 100
113 37 100
113 37 100
113 37 100
113 37 100
113 37 100
113 37 100
113 37 100
113 37 100
113 37 100
113 37 100
113 37 100
113 37 100
113 37 100
113 37 100
113 37 100
113 37 100
113 37 100
113 37 100
113 37 100
112 37 100
112 37 100
112 37 100
112 37 100
112 37 100
112 37 100
112 37 100
112 37 100
112 37 100
112 37 100
112 37 100
112 37 100
112 37 100
112 37 100
112 37 100
112 37 100
112 37 100
112 37 100
112 37 100
112 37 100
112 37 100
112 37 100
112 37 100
112 37 100
112 37 100
112 37 100
112 37 100
112 37 100
112 37 100
111 37 100
111 37 100
111 37 100
111 37 100
111 37 100
111 37 100
111 37 100
111 37 100
111 37 100
111 37 100
111 37 100
111 37 100
111 37 100
111 37 100
111 37 100
111 37 100
111 37 100
111 37 100
111 37 100
111 37 100
111 37 100
111 37 100
111 37 100
111 37 100
111 37 100
111 37 100
111 37 100
111 37 100
111 37 100
110 37 100
110 37 100
110 37 100
110 37 100
110 37 100
110 37 100
110 37 100
110 37 100
110 37 100
110 37 100
110 37 100
110 37 100
110 37 100
110 37 100
110 37 100
110 37 100
110 37 100
110 37 100
110 37 100
110 37 100
110 37 100
110 37 100
110 37 100
110 37 100
110 37 100
110 37 100
110 37 100
110 37 100
110 37 100
109 37 100
109 37 100
109 37 100
109 37 100
109 37 100
109 37 100
109 37 100
109 37 100
109 37 100
109 37 100
109 37 100
109 37 100
109 37 100
109 37 100
109 37 100
109 37 100
109 37 100
109 37 100
109 37 100
109 37 100
109 37 100
109 37 100
109 37 100
109 37 100
109 37 100
109 37 100
109 37 100
109 37 100
108 37 100
108 37 100
108 37 100
108 37 100
108 37 100
108 37 100
108 37 100
108 37 100
108 37 100
108 37 100
108 37 100
108 37 100
108 37 100
108 37 100
108 37 100
108 37 100
108 37 100
108 37 100
108 37 100
108 37 100
108 37 100
108 37 100
108 37 100
108 37 100
108 37 100
107 37 100
107 37 100
107 37 100
107 37 100
107 37 100
107 37 100
107 37 100
107 37 100
107 37 100
107 37 100
107 37 100
107 37 100
107 37 100
107 37 100
107 37 100
107 37 100
107 37 100
107 37 100
107 37 100
107 37 100
107 37 100
107 37 100
106 37 100
106 37 100
106 37 100
106 37 100
106 37 100
106 37 100
106 37 100
106 37 100
106 37 100
106 37 100
106 37 100
106 37 100
106 37 100
106 37 100
106 37 100
106 37 100
106 37 100
106 37 100
106 37 100
105 37 100
105 37 100
105 37 100
105 37 100
105 37 100
105 37 100
105 37 100
105 37 100
105 37 100
105 37 100
105 37 100
105 37 100
105 37 100
105 37 100
105 37 100
104 37 100
104 37 100
104 37 100
104 37 100
104 37 100
104 37 100
104 37 100
104 37 100
104 37 100
104 37 100
104 37 100
104 37 100
103 37 100
103 37 100
103 37 100
103 37 100
103 37 100
103 37 100
103 37 100
103 37 100
103 37 100
103 37 100
102 37 100
102 37 100
102 37 100
102 37 100
102 37 100
102 37 100
102 37 100
102 37 100
101 37 100
101 37 100
101 37 100
101 37 100
101 37 100
101 37 100
100 37 100
100 37 100
100 37 100
100 37 100
100 37 100
99 37 100
99 37 100
99 37 100
99 37 100
99 37 100
98 37 100
98 37 100
98 37 100
98 37 100
98 37 100
97 37 100
97 37 100
97 37 100
97 37 100
97 37 100
96 37 100
96 37 100
96 37 100
96 37 100
96 37 100
95 37 100
95 37 100
95 37 100
95 37 100
95 37 100
94 37 100
94 37 100
94 37 100
94 37 100
94 37 100
94 37 100
94 38 100
94 38 100
94 38 100
94 38 100
94 38 100
94 39 100
94 39 100
94 39 100
94 39 100
94 40 100
94 40 100
94 40 100
94 40 100
94 41 100
94 41 100
94 41 100
94 42 100
94 42 100
94 43 100
94 43 100
94 44 100
94 45 100
94 46 100
94 47 100
94 48 100
94 49 100
94 50 100
