# move from (158,81) to (198,129)
158 81 100
159 81 100
160 81 100
161 81 100
162 81 100
163 81 100
163 81 100
164 81 100
164 81 100
164 81 100
165 81 100
165 81 100
165 81 100
165 81 100
165 81 100
166 81 100
166 81 100
166 81 100
166 81 100
166 81 100
166 81 100
167 81 100
167 81 100
167 81 100
167 81 100
167 81 100
167 81 100
167 81 100
167 81 100
167 81 100
168 81 100
168 81 100
168 81 100
168 81 100
168 81 100
168 81 100
168 81 100
168 81 100
168 81 100
168 81 100
168 81 100
169 81 100
169 81 100
169 81 100
169 81 100
169 81 100
169 81 100
169 81 100
169 81 100
169 81 100
169 81 100
169 81 100
169 81 100
170 81 100
170 81 100
170 81 100
170 81 100
170 81 100
170 81 100
170 81 100
170 81 100
170 81 100
170 81 100
170 81 100
170 81 100
171 81 100
171 81 100
171 81 100
171 81 100
171 81 100
171 81 100
171 81 100
171 81 100
171 81 100
171 81 100
171 81 100
171 81 100
172 81 100
172 81 100
172 81 100
172 81 100
172 81 100
172 81 100
172 81 100
172 81 100
172 81 100
172 81 100
173 81 100
173 81 100
173 81 100
173 81 100
173 81 100
173 81 100
173 81 100
173 81 100
174 81 100
174 81 100
174 81 100
174 81 100
174 81 100
174 81 100
175 81 100
175 81 100
175 81 100
175 81 100
176 81 100
176 81 100
176 81 100
177 81 100
177 81 100
178 81 100
179 81 100
180 81 100
181 81 100
182 81 100
183 81 100
184 81 100
185 81 100
186 81 100
187 81 100
188 81 100
189 81 100
190 81 100
191 81 100
192 81 100
193 81 100
194 81 100
195 81 100
196 81 100
197 81 100
198 81 100
198 82 100
198 83 100
198 84 100
198 85 100
198 86 100
198 87 100
198 88 100
198 89 100
198 90 100
198 91 100
198 92 100
198 93 100
198 93 100
198 94 100
198 94 100
198 94 100
198 95 100
198 95 100
198 95 100
198 95 100
198 96 100
198 96 100
198 96 100
198 96 100
198 96 100
198 97 100
198 97 100
198 97 100
198 97 100
198 97 100
198 97 100
198 97 100
198 97 100
198 98 100
198 98 100
198 98 100
198 98 100
198 98 100
198 98 100
198 98 100
198 98 100
198 98 100
198 98 100
198 99 100
198 99 100
198 99 100
198 99 100
198 99 100
198 99 100
198 99 100
198 99 100
198 99 100
198 99 100
198 99 100
198 99 100
198 99 100
198 100 100
198 100 100
198 100 100
198 100 100
198 100 100
198 100 100
198 100 100
198 100 100
198 100 100
198 100 100
198 100 100
198 100 100
198 100 100
198 100 100
198 100 100
198 101 100
198 101 100
198 101 100
198 101 100
198 101 100
198 101 100
198 101 100
198 101 100
198 101 100
198 101 100
198 101 100
198 101 100
198 101 100
198 101 100
198 101 100
198 101 100
198 101 100
198 102 100
198 102 100
198 102 100
198 102 100
198 102 100
198 102 100
198 102 100
198 102 100
198 102 100
198 102 100
198 102 100
198 102 100
198 102 100
198 102 100
198 102 100
198 102 100
198 102 100
198 102 100
198 102 100
198 103 100
198 103 100
198 103 100
198 103 100
198 103 100
198 103 100
198 103 100
198 103 100
198 103 100
198 103 100
198 103 100
198 103 100
198 103 100
198 103 100
198 103 100
198 103 100
198 103 100
198 103 100
198 103 100
198 103 100
198 104 100
198 104 100
198 104 100
198 104 100
198 104 100
198 104 100
198 104 100
198 104 100
198 104 100
198 104 100
198 104 100
198 104 100
198 104 100
198 104 100
198 104 100
198 104 100
198 104 100
198 104 100
198 104 100
198 104 100
198 104 100
198 105 100
198 105 100
198 105 100
198 105 100
198 105 100
198 105 100
198 105 100
198 105 100
198 105 100
198 105 100
198 105 100
198 105 100
198 105 100
198 105 100
198 105 100
198 105 100
198 105 100
198 105 100
198 105 100
198 105 100
198 105 100
198 106 100
198 106 100
198 106 100
198 106 100
198 106 100
198 106 100
198 106 100
198 106 100
198 106 100
198 106 100
198 106 100
198 106 100
198 106 100
198 106 100
198 106 100
198 106 100
198 106 100
198 106 100
198 106 100
198 106 100
198 106 100
198 107 100
198 107 100
198 107 100
198 107 100
198 107 100
198 107 100
198 107 100
198 107 100
198 107 100
198 107 100
198 107 100
198 107 100
198 107 100
198 107 100
198 107 100
198 107 100
198 107 100
198 107 100
198 107 100
198 107 100
198 108 100
198 108 100
198 108 100
198 108 100
198 108 100
198 108 100
198 108 100
198 108 100
198 108 100
198 108 100
198 108 100
198 108 100
198 108 100
198 108 100
198 108 100
198 108 100
198 108 100
198 108 100
198 108 100
198 109 100
198 109 100
198 109 100
198 109 100
198 109 100
198 109 100
198 109 100
198 109 100
198 109 100
198 109 100
198 109 100
198 109 100
198 109 100
198 109 100
198 109 100
198 109 100
198 109 100
198 110 100
198 110 100
198 110 100
198 110 100
198 110 100
198 110 100
198 110 100
198 110 100
198 110 100
198 110 100
198 110 100
198 110 100
198 110 100
198 110 100
198 110 100
198 111 100
198 111 100
198 111 100
198 111 100
198 111 100
198 111 100
198 111 100
198 111 100
198 111 100
198 111 100
198 111 100
198 111 100
198 111 100
198 112 100
198 112 100
198 112 100
198 112 100
198 112 100
198 112 100
198 112 100
198 112 100
198 112 100
198 112 100
198 113 100
198 113 100
198 113 100
198 113 100
198 113 100
198 113 100
198 113 100
198 113 100
198 114 100
198 114 100
198 114 100
198 114 100
198 114 100
198 114 100
198 115 100
198 115 100
198 115 100
198 115 100
198 116 100
198 116 100
198 116 100
198 117 100
198 117 100
198 118 100
198 118 100
198 119 100
198 120 100
198 121 100
198 122 100
198 123 100
198 124 100
198 125 100
198 126 100
198 127 100
198 128 100
198 129 100
# move from (148,176) to (198,129)
148 176 100
149 176 100
150 176 100
151 176 100
152 176 100
153 176 100
154 176 100
155 176 100
156 176 100
157 176 100
158 176 100
159 176 100
160 176 100
161 176 100
162 176 100
163 176 100
164 176 100
165 176 100
166 176 100
167 176 100
168 176 100
169 176 100
170 176 100
171 176 100
172 176 100
172 176 100
173 176 100
173 176 100
174 176 100
174 176 100
174 176 100
175 176 100
175 176 100
175 176 100
175 176 100
176 176 100
176 176 100
176 176 100
176 176 100
176 176 100
177 176 100
177 176 100
177 176 100
177 176 100
177 176 100
177 176 100
178 176 100
178 176 100
178 176 100
178 176 100
178 176 100
178 176 100
178 176 100
178 176 100
178 176 100
179 176 100
179 176 100
179 176 100
179 176 100
179 176 100
179 176 100
179 176 100
179 176 100
179 176 100
179 176 100
179 176 100
180 176 100
180 176 100
180 176 100
180 176 100
180 176 100
180 176 100
180 176 100
180 176 100
180 176 100
180 176 100
180 176 100
180 176 100
180 176 100
180 176 100
181 176 100
181 176 100
181 176 100
181 176 100
181 176 100
181 176 100
181 176 100
181 176 100
181 176 100
181 176 100
181 176 100
181 176 100
181 176 100
181 176 100
181 176 100
181 176 100
181 176 100
182 176 100
182 176 100
182 176 100
182 176 100
182 176 100
182 176 100
182 176 100
182 176 100
182 176 100
182 176 100
182 176 100
182 176 100
182 176 100
182 176 100
182 176 100
182 176 100
182 176 100
182 176 100
182 176 100
182 176 100
182 176 100
183 176 100
183 176 100
183 176 100
183 176 100
183 176 100
183 176 100
183 176 100
183 176 100
183 176 100
183 176 100
183 176 100
183 176 100
183 176 100
183 176 100
183 176 100
183 176 100
183 176 100
183 176 100
183 176 100
183 176 100
183 176 100
183 176 100
183 176 100
183 176 100
184 176 100
184 176 100
184 176 100
184 176 100
184 176 100
184 176 100
184 176 100
184 176 100
184 176 100
184 176 100
184 176 100
184 176 100
184 176 100
184 176 100
184 176 100
184 176 100
184 176 100
184 176 100
184 176 100
184 176 100
184 176 100
184 176 100
184 176 100
184 176 100
184 176 100
184 176 100
184 176 100
185 176 100
185 176 100
185 176 100
185 176 100
185 176 100
185 176 100
185 176 100
185 176 100
185 176 100
185 176 100
185 176 100
185 176 100
185 176 100
185 176 100
185 176 100
185 176 100
185 176 100
185 176 100
185 176 100
185 176 100
185 176 100
185 176 100
185 176 100
185 176 100
185 176 100
185 176 100
185 176 100
185 176 100
185 176 100
186 176 100
186 176 100
186 176 100
186 176 100
186 176 100
186 176 100
186 176 100
186 176 100
186 176 100
186 176 100
186 176 100
186 176 100
186 176 100
186 176 100
186 176 100
186 176 100
186 176 100
186 176 100
186 176 100
186 176 100
186 176 100
186 176 100
186 176 100
186 176 100
186 176 100
186 176 100
186 176 100
186 176 100
186 176 100
186 176 100
186 176 100
187 176 100
187 176 100
187 176 100
187 176 100
187 176 100
187 176 100
187 176 100
187 176 100
187 176 100
187 176 100
187 176 100
187 176 100
187 176 100
187 176 100
187 176 100
187 176 100
187 176 100
187 176 100
187 176 100
187 176 100
187 176 100
187 176 100
187 176 100
187 176 100
187 176 100
187 176 100
187 176 100
187 176 100
187 176 100
187 176 100
187 176 100
187 176 100
187 176 100
188 176 100
188 176 100
188 176 100
188 176 100
188 176 100
188 176 100
188 176 100
188 176 100
188 176 100
188 176 100
188 176 100
188 176 100
188 176 100
188 176 100
188 176 100
188 176 100
188 176 100
188 176 100
188 176 100
188 176 100
188 176 100
188 176 100
188 176 100
188 176 100
188 176 100
188 176 100
188 176 100
188 176 100
188 176 100
188 176 100
188 176 100
188 176 100
188 176 100
188 176 100
189 176 100
189 176 100
189 176 100
189 176 100
189 176 100
189 176 100
189 176 100
189 176 100
189 176 100
189 176 100
189 176 100
189 176 100
189 176 100
189 176 100
189 176 100
189 176 100
189 176 100
189 176 100
189 176 100
189 176 100
189 176 100
189 176 100
189 176 100
189 176 100
189 176 100
189 176 100
189 176 100
189 176 100
189 176 100
189 176 100
189 176 100
189 176 100
189 176 100
189 176 100
189 176 100
190 176 100
190 176 100
190 176 100
190 176 100
190 176 100
190 176 100
190 176 100
190 176 100
190 176 100
190 176 100
190 176 100
190 176 100
190 176 100
190 176 100
190 176 100
190 176 100
190 176 100
190 176 100
190 176 100
190 176 100
190 176 100
190 176 100
190 176 100
190 176 100
190 176 100
190 176 100
190 176 100
190 176 100
190 176 100
190 176 100
190 176 100
190 176 100
190 176 100
190 176 100
190 176 100
191 176 100
191 176 100
191 176 100
191 176 100
191 176 100
191 176 100
191 176 100
191 176 100
191 176 100
191 176 100
191 176 100
191 176 100
191 176 100
191 176 100
191 176 100
191 176 100
191 176 100
191 176 100
191 176 100
191 176 100
191 176 100
191 176 100
191 176 100
191 176 100
191 176 100
191 176 100
191 176 100
191 176 100
191 176 100
191 176 100
191 176 100
191 176 100
191 176 100
191 176 100
191 176 100
192 176 100
192 176 100
192 176 100
192 176 100
192 176 100
192 176 100
192 176 100
192 176 100
192 176 100
192 176 100
192 176 100
192 176 100
192 176 100
192 176 100
192 176 100
192 176 100
192 176 100
192 176 100
192 176 100
192 176 100
192 176 100
192 176 100
192 176 100
192 176 100
192 176 100
192 176 100
192 176 100
192 176 100
192 176 100
192 176 100
192 176 100
192 176 100
192 176 100
192 176 100
192 176 100
193 176 100
193 176 100
193 176 100
193 176 100
193 176 100
193 176 100
193 176 100
193 176 100
193 176 100
193 176 100
193 176 100
193 176 100
193 176 100
193 176 100
193 176 100
193 176 100
193 176 100
193 176 100
193 176 100
193 176 100
193 176 100
193 176 100
193 176 100
193 176 100
193 176 100
193 176 100
193 176 100
193 176 100
193 176 100
193 176 100
193 176 100
193 176 100
193 176 100
193 176 100
194 176 100
194 176 100
194 176 100
194 176 100
194 176 100
194 176 100
194 176 100
194 176 100
194 176 100
194 176 100
194 176 100
194 176 100
194 176 100
194 176 100
194 176 100
194 176 100
194 176 100
194 176 100
194 176 100
194 176 100
194 176 100
194 176 100
194 176 100
194 176 100
194 176 100
194 176 100
194 176 100
194 176 100
194 176 100
194 176 100
194 176 100
194 176 100
195 176 100
195 176 100
195 176 100
195 176 100
195 176 100
195 176 100
195 176 100
195 176 100
195 176 100
195 176 100
195 176 100
195 176 100
195 176 100
195 176 100
195 176 100
195 176 100
195 176 100
195 176 100
195 176 100
195 176 100
195 176 100
195 176 100
195 176 100
195 176 100
195 176 100
195 176 100
195 176 100
195 176 100
195 176 100
195 176 100
196 176 100
196 176 100
196 176 100
196 176 100
196 176 100
196 176 100
196 176 100
196 176 100
196 176 100
196 176 100
196 176 100
196 176 100
196 176 100
196 176 100
196 176 100
196 176 100
196 176 100
196 176 100
196 176 100
196 176 100
196 176 100
196 176 100
196 176 100
196 176 100
196 176 100
196 176 100
196 176 100
197 176 100
197 176 100
197 176 100
197 176 100
197 176 100
197 176 100
197 176 100
197 176 100
197 176 100
197 176 100
197 176 100
197 176 100
197 176 100
197 176 100
197 176 100
197 176 100
197 176 100
197 176 100
197 176 100
197 176 100
197 176 100
197 176 100
197 176 100
198 176 100
198 176 100
198 176 100
198 176 100
198 176 100
198 176 100
198 176 100
198 176 100
198 176 100
198 176 100
198 176 100
198 176 100
198 176 100
198 176 100
198 176 100
198 176 100
198 176 100
198 176 100
198 176 100
198 175 100
198 175 100
198 175 100
198 175 100
198 175 100
198 175 100
198 175 100
198 175 100
198 175 100
198 175 100
198 175 100
198 175 100
198 175 100
198 175 100
198 175 100
198 175 100
198 175 100
198 175 100
198 175 100
198 175 100
198 174 100
198 174 100
198 174 100
198 174 100
198 174 100
198 174 100
198 174 100
198 174 100
198 174 100
198 174 100
198 174 100
198 174 100
198 174 100
198 174 100
198 174 100
198 174 100
198 174 100
198 174 100
198 174 100
198 174 100
198 173 100
198 173 100
198 173 100
198 173 100
198 173 100
198 173 100
198 173 100
198 173 100
198 173 100
198 173 100
198 173 100
198 173 100
198 173 100
198 173 100
198 173 100
198 173 100
198 173 100
198 173 100
198 173 100
198 173 100
198 172 100
198 172 100
198 172 100
198 172 100
198 172 100
198 172 100
198 172 100
198 172 100
198 172 100
198 172 100
198 172 100
198 172 100
198 172 100
198 172 100
198 172 100
198 172 100
198 172 100
198 172 100
198 172 100
198 171 100
198 171 100
198 171 100
198 171 100
198 171 100
198 171 100
198 171 100
198 171 100
198 171 100
198 171 100
198 171 100
198 171 100
198 171 100
198 171 100
198 171 100
198 171 100
198 171 100
198 170 100
198 170 100
198 170 100
198 170 100
198 170 100
198 170 100
198 170 100
198 170 100
198 170 100
198 170 100
198 170 100
198 170 100
198 170 100
198 170 100
198 170 100
198 169 100
198 169 100
198 169 100
198 169 100
198 169 100
198 169 100
198 169 100
198 169 100
198 169 100
198 169 100
198 169 100
198 169 100
198 168 100
198 168 100
198 168 100
198 168 100
198 168 100
198 168 100
198 168 100
198 168 100
198 168 100
198 168 100
198 167 100
198 167 100
198 167 100
198 167 100
198 167 100
198 167 100
198 167 100
198 166 100
198 166 100
198 166 100
198 166 100
198 166 100
198 165 100
198 165 100
198 165 100
198 165 100
198 164 100
198 164 100
198 164 100
198 163 100
198 163 100
198 162 100
198 162 100
198 161 100
198 161 100
198 160 100
198 160 100
198 159 100
198 159 100
198 158 100
198 157 100
198 157 100
198 156 100
198 156 100
198 155 100
198 155 100
198 154 100
198 154 100
198 153 100
198 153 100
198 152 100
198 152 100
198 152 100
198 151 100
198 151 100
198 151 100
198 150 100
198 150 100
198 150 100
198 149 100
198 149 100
198 149 100
198 148 100
198 148 100
198 148 100
198 147 100
198 147 100
198 146 100
198 146 100
198 145 100
198 145 100
198 144 100
198 143 100
198 142 100
198 141 100
198 140 100
198 139 100
198 138 100
198 137 100
198 136 100
198 135 100
198 134 100
198 133 100
198 132 100
198 131 100
198 130 100
# move from (61,40) to (198,129)
61 40 100
62 40 100
63 40 100
64 40 100
65 40 100
66 40 100
67 40 100
68 40 100
69 40 100
70 40 100
71 40 100
72 40 100
73 40 100
74 40 100
75 40 100
76 40 100
77 40 100
77 40 100
78 40 100
78 40 100
78 40 100
79 40 100
79 40 100
79 40 100
79 40 100
80 40 100
80 40 100
80 40 100
80 40 100
80 40 100
81 40 100
81 40 100
81 40 100
81 40 100
81 40 100
81 40 100
81 40 100
82 40 100
82 40 100
82 40 100
82 40 100
82 40 100
82 40 100
82 40 100
82 40 100
82 40 100
82 40 100
83 40 100
83 40 100
83 40 100
83 40 100
83 40 100
83 40 100
83 40 100
83 40 100
83 40 100
83 40 100
83 40 100
83 40 100
84 40 100
84 40 100
84 40 100
84 40 100
84 40 100
84 40 100
84 40 100
84 40 100
84 40 100
84 40 100
84 40 100
84 40 100
84 40 100
84 40 100
84 40 100
85 40 100
85 40 100
85 40 100
85 40 100
85 40 100
85 40 100
85 40 100
85 40 100
85 40 100
85 40 100
85 40 100
85 40 100
85 40 100
85 40 100
85 40 100
85 40 100
85 40 100
85 40 100
85 40 100
86 40 100
86 40 100
86 40 100
86 40 100
86 40 100
86 40 100
86 40 100
86 40 100
86 40 100
86 40 100
86 40 100
86 40 100
86 40 100
86 40 100
86 40 100
86 40 100
86 40 100
86 40 100
86 40 100
86 40 100
86 40 100
86 40 100
87 40 100
87 40 100
87 40 100
87 40 100
87 40 100
87 40 100
87 40 100
87 40 100
87 40 100
87 40 100
87 40 100
87 40 100
87 40 100
87 40 100
87 40 100
87 40 100
87 40 100
87 40 100
87 40 100
87 40 100
87 40 100
87 40 100
87 40 100
87 40 100
87 40 100
88 40 100
88 40 100
88 40 100
88 40 100
88 40 100
88 40 100
88 40 100
88 40 100
88 40 100
88 40 100
88 40 100
88 40 100
88 40 100
88 40 100
88 40 100
88 40 100
88 40 100
88 40 100
88 40 100
88 40 100
88 40 100
88 40 100
88 40 100
88 40 100
88 40 100
88 40 100
88 40 100
88 40 100
89 40 100
89 40 100
89 40 100
89 40 100
89 40 100
89 40 100
89 40 100
89 40 100
89 40 100
89 40 100
89 40 100
89 40 100
89 40 100
89 40 100
89 40 100
89 40 100
89 40 100
89 40 100
89 40 100
89 40 100
89 40 100
89 40 100
89 40 100
89 40 100
89 40 100
89 40 100
89 40 100
89 40 100
89 40 100
90 40 100
90 40 100
90 40 100
90 40 100
90 40 100
90 40 100
90 40 100
90 40 100
90 40 100
90 40 100
90 40 100
90 40 100
90 40 100
90 40 100
90 40 100
90 40 100
90 40 100
90 40 100
90 40 100
90 40 100
90 40 100
90 40 100
90 40 100
90 40 100
90 40 100
90 40 100
90 40 100
90 40 100
90 40 100
90 40 100
91 40 100
91 40 100
91 40 100
91 40 100
91 40 100
91 40 100
91 40 100
91 40 100
91 40 100
91 40 100
91 40 100
91 40 100
91 40 100
91 40 100
91 40 100
91 40 100
91 40 100
91 40 100
91 40 100
91 40 100
91 40 100
91 40 100
91 40 100
91 40 100
91 40 100
91 40 100
91 40 100
91 40 100
91 40 100
91 40 100
92 40 100
92 40 100
92 40 100
92 40 100
92 40 100
92 40 100
92 40 100
92 40 100
92 40 100
92 40 100
92 40 100
92 40 100
92 40 100
92 40 100
92 40 100
92 40 100
92 40 100
92 40 100
92 40 100
92 40 100
92 40 100
92 40 100
92 40 100
92 40 100
92 40 100
92 40 100
92 40 100
92 40 100
92 40 100
93 40 100
93 40 100
93 40 100
93 40 100
93 40 100
93 40 100
93 40 100
93 40 100
93 40 100
93 40 100
93 40 100
93 40 100
93 40 100
93 40 100
93 40 100
93 40 100
93 40 100
93 40 100
93 40 100
93 40 100
93 40 100
93 40 100
93 40 100
93 40 100
93 40 100
93 40 100
94 40 100
94 40 100
94 40 100
94 40 100
94 40 100
94 40 100
94 40 100
94 40 100
94 40 100
94 40 100
94 40 100
94 40 100
94 40 100
94 40 100
94 40 100
94 40 100
94 40 100
94 40 100
94 40 100
94 40 100
94 40 100
94 40 100
94 40 100
95 40 100
95 40 100
95 40 100
95 40 100
95 40 100
95 40 100
95 40 100
95 40 100
95 40 100
95 40 100
95 40 100
95 40 100
95 40 100
95 40 100
95 40 100
95 40 100
95 40 100
95 40 100
95 40 100
96 40 100
96 40 100
96 40 100
96 40 100
96 40 100
96 40 100
96 40 100
96 40 100
96 40 100
96 40 100
96 40 100
96 40 100
96 40 100
96 40 100
97 40 100
97 40 100
97 40 100
97 40 100
97 40 100
97 40 100
97 40 100
97 40 100
97 40 100
97 40 100
97 40 100
98 40 100
98 40 100
98 40 100
98 40 100
98 40 100
98 40 100
98 40 100
98 40 100
99 40 100
99 40 100
99 40 100
99 40 100
99 40 100
99 40 100
100 40 100
100 40 100
100 40 100
100 40 100
101 40 100
101 40 100
101 40 100
101 40 100
102 40 100
102 40 100
102 40 100
103 40 100
103 40 100
104 40 100
104 40 100
105 40 100
106 40 100
107 40 100
108 40 100
109 40 100
110 40 100
111 40 100
112 40 100
113 40 100
114 40 100
115 40 100
116 40 100
117 40 100
118 40 100
119 40 100
120 40 100
121 40 100
122 40 100
123 40 100
124 40 100
125 40 100
126 40 100
127 40 100
127 40 100
128 40 100
128 40 100
129 40 100
129 40 100
129 40 100
130 40 100
130 40 100
130 40 100
130 40 100
130 40 100
131 40 100
131 40 100
131 40 100
131 40 100
131 40 100
131 40 100
131 40 100
131 40 100
132 40 100
132 40 100
132 40 100
132 40 100
132 40 100
132 40 100
132 40 100
132 40 100
132 40 100
132 40 100
132 40 100
133 40 100
133 40 100
133 40 100
133 40 100
133 40 100
133 40 100
133 40 100
133 40 100
133 40 100
133 40 100
133 40 100
133 40 100
133 40 100
133 40 100
133 40 100
133 40 100
134 40 100
134 40 100
134 40 100
134 40 100
134 40 100
134 40 100
134 40 100
134 40 100
134 40 100
134 40 100
134 40 100
134 40 100
134 40 100
134 40 100
134 40 100
134 40 100
134 40 100
134 40 100
134 40 100
134 40 100
135 40 100
135 40 100
135 40 100
135 40 100
135 40 100
135 40 100
135 40 100
135 40 100
135 40 100
135 40 100
135 40 100
135 40 100
135 40 100
135 40 100
135 40 100
135 40 100
135 40 100
135 40 100
135 40 100
135 40 100
135 40 100
135 40 100
135 40 100
136 40 100
136 40 100
136 40 100
136 40 100
136 40 100
136 40 100
136 40 100
136 40 100
136 40 100
136 40 100
136 40 100
136 40 100
136 40 100
136 40 100
136 40 100
136 40 100
136 40 100
136 40 100
136 40 100
136 40 100
136 40 100
136 40 100
136 40 100
136 40 100
136 40 100
136 40 100
137 40 100
137 40 100
137 40 100
137 40 100
137 40 100
137 40 100
137 40 100
137 40 100
137 40 100
137 40 100
137 40 100
137 40 100
137 40 100
137 40 100
137 40 100
137 40 100
137 40 100
137 40 100
137 40 100
137 40 100
137 40 100
137 40 100
137 40 100
137 40 100
137 40 100
137 40 100
137 40 100
137 40 100
138 40 100
138 40 100
138 40 100
138 40 100
138 40 100
138 40 100
138 40 100
138 40 100
138 40 100
138 40 100
138 40 100
138 40 100
138 40 100
138 40 100
138 40 100
138 40 100
138 40 100
138 40 100
138 40 100
138 40 100
138 40 100
138 40 100
138 40 100
138 40 100
138 40 100
138 40 100
138 40 100
138 40 100
138 40 100
139 40 100
139 40 100
139 40 100
139 40 100
139 40 100
139 40 100
139 40 100
139 40 100
139 40 100
139 40 100
139 40 100
139 40 100
139 40 100
139 40 100
139 40 100
139 40 100
139 40 100
139 40 100
139 40 100
139 40 100
139 40 100
139 40 100
139 40 100
139 40 100
139 40 100
139 40 100
139 40 100
139 40 100
139 40 100
140 40 100
140 40 100
140 40 100
140 40 100
140 40 100
140 40 100
140 40 100
140 40 100
140 40 100
140 40 100
140 40 100
140 40 100
140 40 100
140 40 100
140 40 100
140 40 100
140 40 100
140 40 100
140 40 100
140 40 100
140 40 100
140 40 100
140 40 100
140 40 100
140 40 100
140 40 100
140 40 100
140 40 100
140 40 100
141 40 100
141 40 100
141 40 100
141 40 100
141 40 100
141 40 100
141 40 100
141 40 100
141 40 100
141 40 100
141 40 100
141 40 100
141 40 100
141 40 100
141 40 100
141 40 100
141 40 100
141 40 100
141 40 100
141 40 100
141 40 100
141 40 100
141 40 100
141 40 100
141 40 100
141 40 100
141 40 100
141 40 100
142 40 100
142 40 100
142 40 100
142 40 100
142 40 100
142 40 100
142 40 100
142 40 100
142 40 100
142 40 100
142 40 100
142 40 100
142 40 100
142 40 100
142 40 100
142 40 100
142 40 100
142 40 100
142 40 100
142 40 100
142 40 100
142 40 100
142 40 100
142 40 100
142 40 100
142 40 100
142 40 100
143 40 100
143 40 100
143 40 100
143 40 100
143 40 100
143 40 100
143 40 100
143 40 100
143 40 100
143 40 100
143 40 100
143 40 100
143 40 100
143 40 100
143 40 100
143 40 100
143 40 100
143 40 100
143 40 100
143 40 100
143 40 100
143 40 100
143 40 100
143 40 100
143 40 100
144 40 100
144 40 100
144 40 100
144 40 100
144 40 100
144 40 100
144 40 100
144 40 100
144 40 100
144 40 100
144 40 100
144 40 100
144 40 100
144 40 100
144 40 100
144 40 100
144 40 100
144 40 100
144 40 100
144 40 100
144 40 100
144 40 100
144 40 100
145 40 100
145 40 100
145 40 100
145 40 100
145 40 100
145 40 100
145 40 100
145 40 100
145 40 100
145 40 100
145 40 100
145 40 100
145 40 100
145 40 100
145 40 100
145 40 100
145 40 100
145 40 100
145 40 100
145 40 100
146 40 100
146 40 100
146 40 100
146 40 100
146 40 100
146 40 100
146 40 100
146 40 100
146 40 100
146 40 100
146 40 100
146 40 100
146 40 100
146 40 100
146 40 100
146 40 100
146 40 100
147 40 100
147 40 100
147 40 100
147 40 100
147 40 100
147 40 100
147 40 100
147 40 100
147 40 100
147 40 100
147 40 100
147 40 100
147 40 100
147 40 100
148 40 100
148 40 100
148 40 100
148 40 100
148 40 100
148 40 100
148 40 100
148 40 100
148 40 100
148 40 100
148 40 100
149 40 100
149 40 100
149 40 100
149 40 100
149 40 100
149 40 100
149 40 100
149 40 100
150 40 100
150 40 100
150 40 100
150 40 100
150 40 100
150 40 100
151 40 100
151 40 100
151 40 100
151 40 100
152 40 100
152 40 100
152 40 100
153 40 100
153 40 100
154 40 100
154 40 100
155 40 100
155 40 100
156 40 100
156 40 100
157 40 100
157 40 100
158 40 100
158 40 100
159 40 100
159 40 100
160 40 100
160 40 100
161 40 100
161 40 100
162 40 100
162 40 100
163 40 100
163 40 100
164 40 100
164 40 100
165 40 100
165 40 100
166 40 100
166 40 100
167 40 100
167 40 100
168 40 100
168 40 100
168 40 100
169 40 100
169 40 100
169 40 100
170 40 100
170 40 100
170 40 100
171 40 100
171 40 100
171 40 100
172 40 100
172 40 100
172 40 100
173 40 100
173 40 100
174 40 100
174 40 100
175 40 100
175 40 100
176 40 100
177 40 100
178 40 100
179 40 100
180 40 100
181 40 100
182 40 100
183 40 100
184 40 100
185 40 100
186 40 100
187 40 100
188 40 100
189 40 100
190 40 100
190 40 100
191 40 100
191 40 100
192 40 100
192 40 100
192 40 100
193 40 100
193 40 100
193 40 100
193 40 100
194 40 100
194 40 100
194 40 100
194 40 100
194 40 100
195 40 100
195 40 100
195 40 100
195 40 100
195 40 100
196 40 100
196 40 100
196 40 100
196 40 100
196 40 100
196 40 100
197 40 100
197 40 100
197 40 100
197 40 100
197 40 100
197 40 100
198 40 100
198 40 100
198 40 100
198 40 100
198 40 100
198 41 100
198 41 100
198 41 100
198 41 100
198 41 100
198 41 100
198 42 100
198 42 100
198 42 100
198 42 100
198 42 100
198 42 100
198 42 100
198 42 100
198 42 100
198 43 100
198 43 100
198 43 100
198 43 100
198 43 100
198 43 100
198 43 100
198 43 100
198 43 100
198 43 100
198 43 100
198 44 100
198 44 100
198 44 100
198 44 100
198 44 100
198 44 100
198 44 100
198 44 100
198 44 100
198 44 100
198 44 100
198 44 100
198 44 100
198 45 100
198 45 100
198 45 100
198 45 100
198 45 100
198 45 100
198 45 100
198 45 100
198 45 100
198 45 100
198 45 100
198 45 100
198 45 100
198 45 100
198 45 100
198 45 100
198 46 100
198 46 100
198 46 100
198 46 100
198 46 100
198 46 100
198 46 100
198 46 100
198 46 100
198 46 100
198 46 100
198 46 100
198 46 100
198 46 100
198 46 100
198 46 100
198 46 100
198 46 100
198 47 100
198 47 100
198 47 100
198 47 100
198 47 100
198 47 100
198 47 100
198 47 100
198 47 100
198 47 100
198 47 100
198 47 100
198 47 100
198 47 100
198 47 100
198 47 100
198 47 100
198 47 100
198 47 100
198 47 100
198 47 100
198 48 100
198 48 100
198 48 100
198 48 100
198 48 100
198 48 100
198 48 100
198 48 100
198 48 100
198 48 100
198 48 100
198 48 100
198 48 100
198 48 100
198 48 100
198 48 100
198 48 100
198 48 100
198 48 100
198 48 100
198 48 100
198 48 100
198 48 100
198 49 100
198 49 100
198 49 100
198 49 100
198 49 100
198 49 100
198 49 100
198 49 100
198 49 100
198 49 100
198 49 100
198 49 100
198 49 100
198 49 100
198 49 100
198 49 100
198 49 100
198 49 100
198 49 100
198 49 100
198 49 100
198 49 100
198 49 100
198 49 100
198 49 100
198 50 100
198 50 100
198 50 100
198 50 100
198 50 100
198 50 100
198 50 100
198 50 100
198 50 100
198 50 100
198 50 100
198 50 100
198 50 100
198 50 100
198 50 100
198 50 100
198 50 100
198 50 100
198 50 100
198 50 100
198 50 100
198 50 100
198 50 100
198 50 100
198 50 100
198 50 100
198 50 100
198 50 100
198 51 100
198 51 100
198 51 100
198 51 100
198 51 100
198 51 100
198 51 100
198 51 100
198 51 100
198 51 100
198 51 100
198 51 100
198 51 100
198 51 100
198 51 100
198 51 100
198 51 100
198 51 100
198 51 100
198 51 100
198 51 100
198 51 100
198 51 100
198 51 100
198 51 100
198 51 100
198 51 100
198 51 100
198 51 100
198 51 100
198 51 100
198 52 100
198 52 100
198 52 100
198 52 100
198 52 100
198 52 100
198 52 100
198 52 100
198 52 100
198 52 100
198 52 100
198 52 100
198 52 100
198 52 100
198 52 100
198 52 100
198 52 100
198 52 100
198 52 100
198 52 100
198 52 100
198 52 100
198 52 100
198 52 100
198 52 100
198 52 100
198 52 100
198 52 100
198 52 100
198 52 100
198 52 100
198 52 100
198 52 100
198 52 100
198 53 100
198 53 100
198 53 100
198 53 100
198 53 100
198 53 100
198 53 100
198 53 100
198 53 100
198 53 100
198 53 100
198 53 100
198 53 100
198 53 100
198 53 100
198 53 100
198 53 100
198 53 100
198 53 100
198 53 100
198 53 100
198 53 100
198 53 100
198 53 100
198 53 100
198 53 100
198 53 100
198 53 100
198 53 100
198 53 100
198 53 100
198 53 100
198 53 100
198 53 100
198 53 100
198 53 100
198 54 100
198 54 100
198 54 100
198 54 100
198 54 100
198 54 100
198 54 100
198 54 100
198 54 100
198 54 100
198 54 100
198 54 100
198 54 100
198 54 100
198 54 100
198 54 100
198 54 100
198 54 100
198 54 100
198 54 100
198 54 100
198 54 100
198 54 100
198 54 100
198 54 100
198 54 100
198 54 100
198 54 100
198 54 100
198 54 100
198 54 100
198 54 100
198 54 100
198 54 100
198 54 100
198 54 100
198 54 100
198 55 100
198 55 100
198 55 100
198 55 100
198 55 100
198 55 100
198 55 100
198 55 100
198 55 100
198 55 100
198 55 100
198 55 100
198 55 100
198 55 100
198 55 100
198 55 100
198 55 100
198 55 100
198 55 100
198 55 100
198 55 100
198 55 100
198 55 100
198 55 100
198 55 100
198 55 100
198 55 100
198 55 100
198 55 100
198 55 100
198 55 100
198 55 100
198 55 100
198 55 100
198 55 100
198 55 100
198 55 100
198 55 100
198 56 100
198 56 100
198 56 100
198 56 100
198 56 100
198 56 100
198 56 100
198 56 100
198 56 100
198 56 100
198 56 100
198 56 100
198 56 100
198 56 100
198 56 100
198 56 100
198 56 100
198 56 100
198 56 100
198 56 100
198 56 100
198 56 100
198 56 100
198 56 100
198 56 100
198 56 100
198 56 100
198 56 100
198 56 100
198 56 100
198 56 100
198 56 100
198 56 100
198 56 100
198 56 100
198 56 100
198 56 100
198 57 100
198 57 100
198 57 100
198 57 100
198 57 100
198 57 100
198 57 100
198 57 100
198 57 100
198 57 100
198 57 100
198 57 100
198 57 100
198 57 100
198 57 100
198 57 100
198 57 100
198 57 100
198 57 100
198 57 100
198 57 100
198 57 100
198 57 100
198 57 100
198 57 100
198 57 100
198 57 100
198 57 100
198 57 100
198 57 100
198 57 100
198 57 100
198 57 100
198 57 100
198 57 100
198 57 100
198 58 100
198 58 100
198 58 100
198 58 100
198 58 100
198 58 100
198 58 100
198 58 100
198 58 100
198 58 100
198 58 100
198 58 100
198 58 100
198 58 100
198 58 100
198 58 100
198 58 100
198 58 100
198 58 100
198 58 100
198 58 100
198 58 100
198 58 100
198 58 100
198 58 100
198 58 100
198 58 100
198 58 100
198 58 100
198 58 100
198 58 100
198 58 100
198 58 100
198 59 100
198 59 100
198 59 100
198 59 100
198 59 100
198 59 100
198 59 100
198 59 100
198 59 100
198 59 100
198 59 100
198 59 100
198 59 100
198 59 100
198 59 100
198 59 100
198 59 100
198 59 100
198 59 100
198 59 100
198 59 100
198 59 100
198 59 100
198 59 100
198 59 100
198 59 100
198 59 100
198 59 100
198 59 100
198 59 100
198 60 100
198 60 100
198 60 100
198 60 100
198 60 100
198 60 100
198 60 100
198 60 100
198 60 100
198 60 100
198 60 100
198 60 100
198 60 100
198 60 100
198 60 100
198 60 100
198 60 100
198 60 100
198 60 100
198 60 100
198 60 100
198 60 100
198 60 100
198 60 100
198 60 100
198 60 100
198 61 100
198 61 100
198 61 100
198 61 100
198 61 100
198 61 100
198 61 100
198 61 100
198 61 100
198 61 100
198 61 100
198 61 100
198 61 100
198 61 100
198 61 100
198 61 100
198 61 100
198 61 100
198 61 100
198 61 100
198 61 100
198 61 100
198 62 100
198 62 100
198 62 100
198 62 100
198 62 100
198 62 100
198 62 100
198 62 100
198 62 100
198 62 100
198 62 100
198 62 100
198 62 100
198 62 100
198 62 100
198 62 100
198 62 100
198 62 100
198 63 100
198 63 100
198 63 100
198 63 100
198 63 100
198 63 100
198 63 100
198 63 100
198 63 100
198 63 100
198 63 100
198 63 100
198 63 100
198 63 100
198 63 100
198 64 100
198 64 100
198 64 100
198 64 100
198 64 100
198 64 100
198 64 100
198 64 100
198 64 100
198 64 100
198 64 100
198 64 100
198 65 100
198 65 100
198 65 100
198 65 100
198 65 100
198 65 100
198 65 100
198 65 100
198 65 100
198 65 100
198 66 100
198 66 100
198 66 100
198 66 100
198 66 100
198 66 100
198 66 100
198 66 100
198 67 100
198 67 100
198 67 100
198 67 100
198 67 100
198 67 100
198 67 100
198 68 100
198 68 100
198 68 100
198 68 100
198 68 100
198 68 100
198 69 100
198 69 100
198 69 100
198 69 100
198 69 100
198 70 100
198 70 100
198 70 100
198 70 100
198 71 100
198 71 100
198 71 100
198 72 100
198 72 100
198 73 100
198 74 100
198 75 100
198 76 100
198 77 100
198 78 100
198 79 100
198 80 100
# move from (192,7) to (198,129)
192 7 100
193 7 100
194 7 100
195 7 100
196 7 100
197 7 100
198 7 100
198 8 100
198 9 100
198 10 100
198 11 100
198 12 100
198 13 100
198 14 100
198 15 100
198 16 100
198 17 100
198 18 100
198 19 100
198 19 100
198 20 100
198 20 100
198 20 100
198 21 100
198 21 100
198 21 100
198 21 100
198 22 100
198 22 100
198 22 100
198 22 100
198 22 100
198 23 100
198 23 100
198 23 100
198 23 100
198 23 100
198 23 100
198 24 100
198 24 100
198 24 100
198 24 100
198 24 100
198 24 100
198 24 100
198 25 100
198 25 100
198 25 100
198 25 100
198 25 100
198 25 100
198 25 100
198 26 100
198 26 100
198 26 100
198 26 100
198 26 100
198 26 100
198 26 100
198 27 100
198 27 100
198 27 100
198 27 100
198 27 100
198 27 100
198 27 100
198 28 100
198 28 100
198 28 100
198 28 100
198 28 100
198 28 100
198 29 100
198 29 100
198 29 100
198 29 100
198 29 100
198 30 100
198 30 100
198 30 100
198 30 100
198 31 100
198 31 100
198 31 100
198 31 100
198 32 100
198 32 100
198 32 100
198 33 100
198 33 100
198 34 100
198 34 100
198 35 100
198 35 100
198 36 100
198 36 100
198 37 100
198 37 100
198 38 100
198 38 100
198 38 100
198 39 100
198 39 100
198 39 100
198 39 100
# move from (33,135) to (198,129)
33 135 100
34 135 100
35 135 100
36 135 100
37 135 100
38 135 100
39 135 100
40 135 100
41 135 100
42 135 100
43 135 100
44 135 100
45 135 100
45 135 100
46 135 100
46 135 100
46 135 100
47 135 100
47 135 100
47 135 100
47 135 100
48 135 100
48 135 100
48 135 100
48 135 100
48 135 100
48 135 100
49 135 100
49 135 100
49 135 100
49 135 100
49 135 100
49 135 100
49 135 100
50 135 100
50 135 100
50 135 100
50 135 100
50 135 100
50 135 100
50 135 100
50 135 100
50 135 100
51 135 100
51 135 100
51 135 100
51 135 100
51 135 100
51 135 100
51 135 100
51 135 100
51 135 100
51 135 100
52 135 100
52 135 100
52 135 100
52 135 100
52 135 100
52 135 100
52 135 100
52 135 100
52 135 100
52 135 100
52 135 100
53 135 100
53 135 100
53 135 100
53 135 100
53 135 100
53 135 100
53 135 100
53 135 100
53 135 100
53 135 100
53 135 100
53 135 100
54 135 100
54 135 100
54 135 100
54 135 100
54 135 100
54 135 100
54 135 100
54 135 100
54 135 100
54 135 100
54 135 100
54 135 100
54 135 100
54 135 100
55 135 100
55 135 100
55 135 100
55 135 100
55 135 100
55 135 100
55 135 100
55 135 100
55 135 100
55 135 100
55 135 100
55 135 100
55 135 100
55 135 100
55 135 100
55 135 100
56 135 100
56 135 100
56 135 100
56 135 100
56 135 100
56 135 100
56 135 100
56 135 100
56 135 100
56 135 100
56 135 100
56 135 100
56 135 100
56 135 100
56 135 100
56 135 100
56 135 100
56 135 100
57 135 100
57 135 100
57 135 100
57 135 100
57 135 100
57 135 100
57 135 100
57 135 100
57 135 100
57 135 100
57 135 100
57 135 100
57 135 100
57 135 100
57 135 100
57 135 100
57 135 100
57 135 100
57 135 100
57 135 100
58 135 100
58 135 100
58 135 100
58 135 100
58 135 100
58 135 100
58 135 100
58 135 100
58 135 100
58 135 100
58 135 100
58 135 100
58 135 100
58 135 100
58 135 100
58 135 100
58 135 100
58 135 100
58 135 100
58 135 100
58 135 100
58 135 100
59 135 100
59 135 100
59 135 100
59 135 100
59 135 100
59 135 100
59 135 100
59 135 100
59 135 100
59 135 100
59 135 100
59 135 100
59 135 100
59 135 100
59 135 100
59 135 100
59 135 100
59 135 100
59 135 100
59 135 100
59 135 100
59 135 100
59 135 100
60 135 100
60 135 100
60 135 100
60 135 100
60 135 100
60 135 100
60 135 100
60 135 100
60 135 100
60 135 100
60 135 100
60 135 100
60 135 100
60 135 100
60 135 100
60 135 100
60 135 100
60 135 100
60 135 100
60 135 100
60 135 100
60 135 100
60 135 100
61 135 100
61 135 100
61 135 100
61 135 100
61 135 100
61 135 100
61 135 100
61 135 100
61 135 100
61 135 100
61 135 100
61 135 100
61 135 100
61 135 100
61 135 100
61 135 100
61 135 100
61 135 100
61 135 100
61 135 100
61 135 100
61 135 100
61 135 100
61 135 100
62 135 100
62 135 100
62 135 100
62 135 100
62 135 100
62 135 100
62 135 100
62 135 100
62 135 100
62 135 100
62 135 100
62 135 100
62 135 100
62 135 100
62 135 100
62 135 100
62 135 100
62 135 100
62 135 100
62 135 100
62 135 100
62 135 100
62 135 100
62 135 100
63 135 100
63 135 100
63 135 100
63 135 100
63 135 100
63 135 100
63 135 100
63 135 100
63 135 100
63 135 100
63 135 100
63 135 100
63 135 100
63 135 100
63 135 100
63 135 100
63 135 100
63 135 100
63 135 100
63 135 100
63 135 100
63 135 100
63 135 100
63 135 100
64 135 100
64 135 100
64 135 100
64 135 100
64 135 100
64 135 100
64 135 100
64 135 100
64 135 100
64 135 100
64 135 100
64 135 100
64 135 100
64 135 100
64 135 100
64 135 100
64 135 100
64 135 100
64 135 100
64 135 100
64 135 100
64 135 100
64 135 100
64 135 100
64 135 100
65 135 100
65 135 100
65 135 100
65 135 100
65 135 100
65 135 100
65 135 100
65 135 100
65 135 100
65 135 100
65 135 100
65 135 100
65 135 100
65 135 100
65 135 100
65 135 100
65 135 100
65 135 100
65 135 100
65 135 100
65 135 100
65 135 100
65 135 100
65 135 100
66 135 100
66 135 100
66 135 100
66 135 100
66 135 100
66 135 100
66 135 100
66 135 100
66 135 100
66 135 100
66 135 100
66 135 100
66 135 100
66 135 100
66 135 100
66 135 100
66 135 100
66 135 100
66 135 100
66 135 100
66 135 100
66 135 100
66 135 100
66 135 100
67 135 100
67 135 100
67 135 100
67 135 100
67 135 100
67 135 100
67 135 100
67 135 100
67 135 100
67 135 100
67 135 100
67 135 100
67 135 100
67 135 100
67 135 100
67 135 100
67 135 100
67 135 100
67 135 100
67 135 100
67 135 100
67 135 100
67 135 100
68 135 100
68 135 100
68 135 100
68 135 100
68 135 100
68 135 100
68 135 100
68 135 100
68 135 100
68 135 100
68 135 100
68 135 100
68 135 100
68 135 100
68 135 100
68 135 100
68 135 100
68 135 100
68 135 100
68 135 100
68 135 100
69 135 100
69 135 100
69 135 100
69 135 100
69 135 100
69 135 100
69 135 100
69 135 100
69 135 100
69 135 100
69 135 100
69 135 100
69 135 100
69 135 100
69 135 100
69 135 100
69 135 100
69 135 100
69 135 100
70 135 100
70 135 100
70 135 100
70 135 100
70 135 100
70 135 100
70 135 100
70 135 100
70 135 100
70 135 100
70 135 100
70 135 100
70 135 100
70 135 100
70 135 100
70 135 100
70 135 100
71 135 100
71 135 100
71 135 100
71 135 100
71 135 100
71 135 100
71 135 100
71 135 100
71 135 100
71 135 100
71 135 100
71 135 100
71 135 100
71 135 100
71 135 100
72 135 100
72 135 100
72 135 100
72 135 100
72 135 100
72 135 100
72 135 100
72 135 100
72 135 100
72 135 100
72 135 100
72 135 100
72 135 100
72 135 100
73 135 100
73 135 100
73 135 100
73 135 100
73 135 100
73 135 100
73 135 100
73 135 100
73 135 100
73 135 100
73 135 100
73 135 100
73 135 100
74 135 100
74 135 100
74 135 100
74 135 100
74 135 100
74 135 100
74 135 100
74 135 100
74 135 100
74 135 100
74 135 100
74 135 100
75 135 100
75 135 100
75 135 100
75 135 100
75 135 100
75 135 100
75 135 100
75 135 100
75 135 100
75 135 100
75 135 100
76 135 100
76 135 100
76 135 100
76 135 100
76 135 100
76 135 100
76 135 100
76 135 100
76 135 100
76 135 100
77 135 100
77 135 100
77 135 100
77 135 100
77 135 100
77 135 100
77 135 100
77 135 100
77 135 100
78 135 100
78 135 100
78 135 100
78 135 100
78 135 100
78 135 100
78 135 100
79 135 100
79 135 100
79 135 100
79 135 100
79 135 100
79 135 100
80 135 100
80 135 100
80 135 100
80 135 100
81 135 100
81 135 100
81 135 100
81 135 100
82 135 100
82 135 100
82 135 100
83 135 100
83 135 100
83 135 100
84 135 100
84 135 100
85 135 100
85 135 100
86 135 100
86 135 100
87 135 100
88 135 100
89 135 100
90 135 100
91 135 100
92 135 100
93 135 100
93 135 100
94 135 100
94 135 100
95 135 100
95 135 100
96 135 100
96 135 100
97 135 100
97 135 100
98 135 100
98 135 100
99 135 100
99 135 100
100 135 100
101 135 100
102 135 100
103 135 100
104 135 100
105 135 100
106 135 100
107 135 100
108 135 100
109 135 100
110 135 100
111 135 100
112 135 100
113 135 100
114 135 100
114 135 100
115 135 100
115 135 100
115 135 100
116 135 100
116 135 100
116 135 100
116 135 100
117 135 100
117 135 100
117 135 100
117 135 100
117 135 100
117 135 100
118 135 100
118 135 100
118 135 100
118 135 100
118 135 100
118 135 100
118 135 100
118 135 100
119 135 100
119 135 100
119 135 100
119 135 100
119 135 100
119 135 100
119 135 100
119 135 100
119 135 100
119 135 100
120 135 100
120 135 100
120 135 100
120 135 100
120 135 100
120 135 100
120 135 100
120 135 100
120 135 100
120 135 100
120 135 100
120 135 100
121 135 100
121 135 100
121 135 100
121 135 100
121 135 100
121 135 100
121 135 100
121 135 100
121 135 100
121 135 100
121 135 100
121 135 100
121 135 100
122 135 100
122 135 100
122 135 100
122 135 100
122 135 100
122 135 100
122 135 100
122 135 100
122 135 100
122 135 100
122 135 100
122 135 100
122 135 100
122 135 100
122 135 100
123 135 100
123 135 100
123 135 100
123 135 100
123 135 100
123 135 100
123 135 100
123 135 100
123 135 100
123 135 100
123 135 100
123 135 100
123 135 100
123 135 100
123 135 100
123 135 100
123 135 100
124 135 100
124 135 100
124 135 100
124 135 100
124 135 100
124 135 100
124 135 100
124 135 100
124 135 100
124 135 100
124 135 100
124 135 100
124 135 100
124 135 100
124 135 100
124 135 100
124 135 100
124 135 100
125 135 100
125 135 100
125 135 100
125 135 100
125 135 100
125 135 100
125 135 100
125 135 100
125 135 100
125 135 100
125 135 100
125 135 100
125 135 100
125 135 100
125 135 100
125 135 100
125 135 100
125 135 100
125 135 100
126 135 100
126 135 100
126 135 100
126 135 100
126 135 100
126 135 100
126 135 100
126 135 100
126 135 100
126 135 100
126 135 100
126 135 100
126 135 100
126 135 100
126 135 100
126 135 100
126 135 100
126 135 100
126 135 100
126 135 100
127 135 100
127 135 100
127 135 100
127 135 100
127 135 100
127 135 100
127 135 100
127 135 100
127 135 100
127 135 100
127 135 100
127 135 100
127 135 100
127 135 100
127 135 100
127 135 100
127 135 100
127 135 100
127 135 100
127 135 100
127 135 100
127 135 100
127 135 100
128 135 100
128 135 100
128 135 100
128 135 100
128 135 100
128 135 100
128 135 100
128 135 100
128 135 100
128 135 100
128 135 100
128 135 100
128 135 100
128 135 100
128 135 100
128 135 100
128 135 100
128 135 100
128 135 100
128 135 100
128 135 100
128 135 100
128 135 100
128 135 100
128 135 100
129 135 100
129 135 100
129 135 100
129 135 100
129 135 100
129 135 100
129 135 100
129 135 100
129 135 100
129 135 100
129 135 100
129 135 100
129 135 100
129 135 100
129 135 100
129 135 100
129 135 100
129 135 100
129 135 100
129 135 100
129 135 100
129 135 100
129 135 100
129 135 100
129 135 100
129 135 100
129 135 100
129 135 100
130 135 100
130 135 100
130 135 100
130 135 100
130 135 100
130 135 100
130 135 100
130 135 100
130 135 100
130 135 100
130 135 100
130 135 100
130 135 100
130 135 100
130 135 100
130 135 100
130 135 100
130 135 100
130 135 100
130 135 100
130 135 100
130 135 100
130 135 100
130 135 100
130 135 100
130 135 100
130 135 100
130 135 100
130 135 100
130 135 100
130 135 100
131 135 100
131 135 100
131 135 100
131 135 100
131 135 100
131 135 100
131 135 100
131 135 100
131 135 100
131 135 100
131 135 100
131 135 100
131 135 100
131 135 100
131 135 100
131 135 100
131 135 100
131 135 100
131 135 100
131 135 100
131 135 100
131 135 100
131 135 100
131 135 100
131 135 100
131 135 100
131 135 100
131 135 100
131 135 100
131 135 100
131 135 100
131 135 100
131 135 100
132 135 100
132 135 100
132 135 100
132 135 100
132 135 100
132 135 100
132 135 100
132 135 100
132 135 100
132 135 100
132 135 100
132 135 100
132 135 100
132 135 100
132 135 100
132 135 100
132 135 100
132 135 100
132 135 100
132 135 100
132 135 100
132 135 100
132 135 100
132 135 100
132 135 100
132 135 100
132 135 100
132 135 100
132 135 100
132 135 100
132 135 100
132 135 100
132 135 100
132 135 100
132 135 100
133 135 100
133 135 100
133 135 100
133 135 100
133 135 100
133 135 100
133 135 100
133 135 100
133 135 100
133 135 100
133 135 100
133 135 100
133 135 100
133 135 100
133 135 100
133 135 100
133 135 100
133 135 100
133 135 100
133 135 100
133 135 100
133 135 100
133 135 100
133 135 100
133 135 100
133 135 100
133 135 100
133 135 100
133 135 100
133 135 100
133 135 100
133 135 100
133 135 100
133 135 100
133 135 100
133 135 100
134 135 100
134 135 100
134 135 100
134 135 100
134 135 100
134 135 100
134 135 100
134 135 100
134 135 100
134 135 100
134 135 100
134 135 100
134 135 100
134 135 100
134 135 100
134 135 100
134 135 100
134 135 100
134 135 100
134 135 100
134 135 100
134 135 100
134 135 100
134 135 100
134 135 100
134 135 100
134 135 100
134 135 100
134 135 100
134 135 100
134 135 100
134 135 100
134 135 100
134 135 100
134 135 100
134 135 100
135 135 100
135 135 100
135 135 100
135 135 100
135 135 100
135 135 100
135 135 100
135 135 100
135 135 100
135 135 100
135 135 100
135 135 100
135 135 100
135 135 100
135 135 100
135 135 100
135 135 100
135 135 100
135 135 100
135 135 100
135 135 100
135 135 100
135 135 100
135 135 100
135 135 100
135 135 100
135 135 100
135 135 100
135 135 100
135 135 100
135 135 100
135 135 100
135 135 100
135 135 100
135 135 100
136 135 100
136 135 100
136 135 100
136 135 100
136 135 100
136 135 100
136 135 100
136 135 100
136 135 100
136 135 100
136 135 100
136 135 100
136 135 100
136 135 100
136 135 100
136 135 100
136 135 100
136 135 100
136 135 100
136 135 100
136 135 100
136 135 100
136 135 100
136 135 100
136 135 100
136 135 100
136 135 100
136 135 100
136 135 100
136 135 100
136 135 100
136 135 100
136 135 100
137 135 100
137 135 100
137 135 100
137 135 100
137 135 100
137 135 100
137 135 100
137 135 100
137 135 100
137 135 100
137 135 100
137 135 100
137 135 100
137 135 100
137 135 100
137 135 100
137 135 100
137 135 100
137 135 100
137 135 100
137 135 100
137 135 100
137 135 100
137 135 100
137 135 100
137 135 100
137 135 100
137 135 100
137 135 100
138 135 100
138 135 100
138 135 100
138 135 100
138 135 100
138 135 100
138 135 100
138 135 100
138 135 100
138 135 100
138 135 100
138 135 100
138 135 100
138 135 100
138 135 100
138 135 100
138 135 100
138 135 100
138 135 100
138 135 100
138 135 100
138 135 100
138 135 100
138 135 100
138 135 100
139 135 100
139 135 100
139 135 100
139 135 100
139 135 100
139 135 100
139 135 100
139 135 100
139 135 100
139 135 100
139 135 100
139 135 100
139 135 100
139 135 100
139 135 100
139 135 100
139 135 100
139 135 100
139 135 100
139 135 100
139 135 100
140 135 100
140 135 100
140 135 100
140 135 100
140 135 100
140 135 100
140 135 100
140 135 100
140 135 100
140 135 100
140 135 100
140 135 100
140 135 100
140 135 100
140 135 100
140 135 100
140 135 100
141 135 100
141 135 100
141 135 100
141 135 100
141 135 100
141 135 100
141 135 100
141 135 100
141 135 100
141 135 100
141 135 100
141 135 100
141 135 100
141 135 100
142 135 100
142 135 100
142 135 100
142 135 100
142 135 100
142 135 100
142 135 100
142 135 100
142 135 100
142 135 100
142 135 100
143 135 100
143 135 100
143 135 100
143 135 100
143 135 100
143 135 100
143 135 100
143 135 100
144 135 100
144 135 100
144 135 100
144 135 100
144 135 100
144 135 100
145 135 100
145 135 100
145 135 100
145 135 100
146 135 100
146 135 100
146 135 100
147 135 100
147 135 100
148 135 100
148 135 100
149 135 100
150 135 100
151 135 100
152 135 100
153 135 100
154 135 100
155 135 100
156 135 100
157 135 100
158 135 100
159 135 100
160 135 100
160 135 100
161 135 100
161 135 100
161 135 100
162 135 100
162 135 100
162 135 100
163 135 100
163 135 100
163 135 100
163 135 100
164 135 100
164 135 100
164 135 100
164 135 100
164 135 100
165 135 100
165 135 100
165 135 100
165 135 100
165 135 100
165 135 100
166 135 100
166 135 100
166 135 100
166 135 100
166 135 100
166 135 100
166 135 100
167 135 100
167 135 100
167 135 100
167 135 100
167 135 100
167 135 100
167 135 100
167 135 100
168 135 100
168 135 100
168 135 100
168 135 100
168 135 100
168 135 100
168 135 100
168 135 100
169 135 100
169 135 100
169 135 100
169 135 100
169 135 100
169 135 100
169 135 100
169 135 100
170 135 100
170 135 100
170 135 100
170 135 100
170 135 100
170 135 100
170 135 100
170 135 100
171 135 100
171 135 100
171 135 100
171 135 100
171 135 100
171 135 100
171 135 100
171 135 100
172 135 100
172 135 100
172 135 100
172 135 100
172 135 100
172 135 100
172 135 100
173 135 100
173 135 100
173 135 100
173 135 100
173 135 100
173 135 100
173 135 100
174 135 100
174 135 100
174 135 100
174 135 100
174 135 100
174 135 100
175 135 100
175 135 100
175 135 100
175 135 100
175 135 100
175 135 100
176 135 100
176 135 100
176 135 100
176 135 100
176 135 100
177 135 100
177 135 100
177 135 100
177 135 100
178 135 100
178 135 100
178 135 100
179 135 100
179 135 100
179 135 100
180 135 100
180 135 100
181 135 100
182 135 100
183 135 100
184 135 100
185 135 100
186 135 100
187 135 100
188 135 100
189 135 100
190 135 100
191 135 100
192 135 100
193 135 100
194 135 100
195 135 100
196 135 100
197 135 100
