# move from (174,84) to (44,39)
174 84 100
173 84 100
172 84 100
171 84 100
170 84 100
169 84 100
168 84 100
167 84 100
167 84 100
166 84 100
166 84 100
165 84 100
165 84 100
164 84 100
164 84 100
164 84 100
163 84 100
163 84 100
163 84 100
162 84 100
162 84 100
162 84 100
162 84 100
161 84 100
161 84 100
161 84 100
161 84 100
160 84 100
160 84 100
160 84 100
160 84 100
159 84 100
159 84 100
159 84 100
159 84 100
159 84 100
158 84 100
158 84 100
158 84 100
158 84 100
157 84 100
157 84 100
157 84 100
157 84 100
156 84 100
156 84 100
156 84 100
156 84 100
155 84 100
155 84 100
155 84 100
155 84 100
154 84 100
154 84 100
154 84 100
154 84 100
153 84 100
153 84 100
153 84 100
153 84 100
152 84 100
152 84 100
152 84 100
152 84 100
151 84 100
151 84 100
151 84 100
150 84 100
150 84 100
150 84 100
149 84 100
149 84 100
148 84 100
148 84 100
147 84 100
147 84 100
146 84 100
146 84 100
145 84 100
144 84 100
143 84 100
142 84 100
141 84 100
140 84 100
139 84 100
138 84 100
137 84 100
136 84 100
135 84 100
134 84 100
133 84 100
132 84 100
132 84 100
131 84 100
131 84 100
130 84 100
130 84 100
129 84 100
129 84 100
128 84 100
128 84 100
127 84 100
127 84 100
126 84 100
126 84 100
125 84 100
125 84 100
124 84 100
124 84 100
124 84 100
123 84 100
123 84 100
123 84 100
122 84 100
122 84 100
121 84 100
121 84 100
120 84 100
120 84 100
119 84 100
119 84 100
119 84 100
118 84 100
118 84 100
118 84 100
117 84 100
117 84 100
117 84 100
116 84 100
116 84 100
116 84 100
115 84 100
115 84 100
115 84 100
114 84 100
114 84 100
114 84 100
113 84 100
113 84 100
113 84 100
113 84 100
112 84 100
112 84 100
112 84 100
112 84 100
111 84 100
111 84 100
111 84 100
111 84 100
110 84 100
110 84 100
110 84 100
110 84 100
109 84 100
109 84 100
109 84 100
108 84 100
108 84 100
108 84 100
107 84 100
107 84 100
106 84 100
106 84 100
105 84 100
104 84 100
103 84 100
102 84 100
101 84 100
100 84 100
99 84 100
98 84 100
97 84 100
96 84 100
95 84 100
94 84 100
93 84 100
92 84 100
91 84 100
90 84 100
89 84 100
88 84 100
87 84 100
86 84 100
85 84 100
84 84 100
83 84 100
82 84 100
81 84 100
80 84 100
79 84 100
78 84 100
77 84 100
76 84 100
75 84 100
74 84 100
73 84 100
72 84 100
71 84 100
70 84 100
69 84 100
68 84 100
67 84 100
66 84 100
65 84 100
64 84 100
63 84 100
62 84 100
61 84 100
60 84 100
59 84 100
58 84 100
57 84 100
56 84 100
55 84 100
54 84 100
54 84 100
53 84 100
53 84 100
52 84 100
52 84 100
51 84 100
51 84 100
50 84 100
50 84 100
50 84 100
49 84 100
49 84 100
49 84 100
48 84 100
48 84 100
48 84 100
48 84 100
47 84 100
47 84 100
47 84 100
47 84 100
47 84 100
46 84 100
46 84 100
46 84 100
46 84 100
46 84 100
46 84 100
45 84 100
45 84 100
45 84 100
45 84 100
45 84 100
45 84 100
45 84 100
45 84 100
44 84 100
44 84 100
44 84 100
44 84 100
44 84 100
44 84 100
44 84 100
44 84 100
44 84 100
44 83 100
44 83 100
44 83 100
44 83 100
44 83 100
44 83 100
44 83 100
44 83 100
44 83 100
44 83 100
44 83 100
44 82 100
44 82 100
44 82 100
44 82 100
44 82 100
44 82 100
44 82 100
44 82 100
44 82 100
44 82 100
44 82 100
44 82 100
44 81 100
44 81 100
44 81 100
44 81 100
44 81 100
44 81 100
44 81 100
44 81 100
44 81 100
44 81 100
44 81 100
44 81 100
44 81 100
44 80 100
44 80 100
44 80 100
44 80 100
44 80 100
44 80 100
44 80 100
44 80 100
44 80 100
44 80 100
44 80 100
44 80 100
44 80 100
44 80 100
44 79 100
44 79 100
44 79 100
44 79 100
44 79 100
44 79 100
44 79 100
44 79 100
44 79 100
44 79 100
44 79 100
44 79 100
44 79 100
44 79 100
44 79 100
44 78 100
44 78 100
44 78 100
44 78 100
44 78 100
44 78 100
44 78 100
44 78 100
44 78 100
44 78 100
44 78 100
44 78 100
44 78 100
44 78 100
44 78 100
44 78 100
44 77 100
44 77 100
44 77 100
44 77 100
44 77 100
44 77 100
44 77 100
44 77 100
44 77 100
44 77 100
44 77 100
44 77 100
44 77 100
44 77 100
44 77 100
44 77 100
44 76 100
44 76 100
44 76 100
44 76 100
44 76 100
44 76 100
44 76 100
44 76 100
44 76 100
44 76 100
44 76 100
44 76 100
44 76 100
44 76 100
44 76 100
44 76 100
44 76 100
44 75 100
44 75 100
44 75 100
44 75 100
44 75 100
44 75 100
44 75 100
44 75 100
44 75 100
44 75 100
44 75 100
44 75 100
44 75 100
44 75 100
44 75 100
44 75 100
44 75 100
44 74 100
44 74 100
44 74 100
44 74 100
44 74 100
44 74 100
44 74 100
44 74 100
44 74 100
44 74 100
44 74 100
44 74 100
44 74 100
44 74 100
44 74 100
44 74 100
44 74 100
44 73 100
44 73 100
44 73 100
44 73 100
44 73 100
44 73 100
44 73 100
44 73 100
44 73 100
44 73 100
44 73 100
44 73 100
44 73 100
44 73 100
44 73 100
44 73 100
44 73 100
44 73 100
44 72 100
44 72 100
44 72 100
44 72 100
44 72 100
44 72 100
44 72 100
44 72 100
44 72 100
44 72 100
44 72 100
44 72 100
44 72 100
44 72 100
44 72 100
44 72 100
44 72 100
44 72 100
44 71 100
44 71 100
44 71 100
44 71 100
44 71 100
44 71 100
44 71 100
44 71 100
44 71 100
44 71 100
44 71 100
44 71 100
44 71 100
44 71 100
44 71 100
44 71 100
44 71 100
44 71 100
44 71 100
44 71 100
44 70 100
44 70 100
44 70 100
44 70 100
44 70 100
44 70 100
44 70 100
44 70 100
44 70 100
44 70 100
44 70 100
44 70 100
44 70 100
44 70 100
44 70 100
44 70 100
44 70 100
44 70 100
44 70 100
44 70 100
44 70 100
44 69 100
44 69 100
44 69 100
44 69 100
44 69 100
44 69 100
44 69 100
44 69 100
44 69 100
44 69 100
44 69 100
44 69 100
44 69 100
44 69 100
44 69 100
44 69 100
44 69 100
44 69 100
44 69 100
44 69 100
44 69 100
44 69 100
44 69 100
44 69 100
44 68 100
44 68 100
44 68 100
44 68 100
44 68 100
44 68 100
44 68 100
44 68 100
44 68 100
44 68 100
44 68 100
44 68 100
44 68 100
44 68 100
44 68 100
44 68 100
44 68 100
44 68 100
44 68 100
44 68 100
44 68 100
44 68 100
44 68 100
44 68 100
44 68 100
44 68 100
44 67 100
44 67 100
44 67 100
44 67 100
44 67 100
44 67 100
44 67 100
44 67 100
44 67 100
44 67 100
44 67 100
44 67 100
44 67 100
44 67 100
44 67 100
44 67 100
44 67 100
44 67 100
44 67 100
44 67 100
44 67 100
44 67 100
44 67 100
44 67 100
44 67 100
44 67 100
44 67 100
44 67 100
44 67 100
44 66 100
44 66 100
44 66 100
44 66 100
44 66 100
44 66 100
44 66 100
44 66 100
44 66 100
44 66 100
44 66 100
44 66 100
44 66 100
44 66 100
44 66 100
44 66 100
44 66 100
44 66 100
44 66 100
44 66 100
44 66 100
44 66 100
44 66 100
44 66 100
44 66 100
44 66 100
44 66 100
44 66 100
44 66 100
44 66 100
44 66 100
44 66 100
44 65 100
44 65 100
44 65 100
44 65 100
44 65 100
44 65 100
44 65 100
44 65 100
44 65 100
44 65 100
44 65 100
44 65 100
44 65 100
44 65 100
44 65 100
44 65 100
44 65 100
44 65 100
44 65 100
44 65 100
44 65 100
44 65 100
44 65 100
44 65 100
44 65 100
44 65 100
44 65 100
44 65 100
44 65 100
44 65 100
44 65 100
44 65 100
44 65 100
44 65 100
44 65 100
44 64 100
44 64 100
44 64 100
44 64 100
44 64 100
44 64 100
44 64 100
44 64 100
44 64 100
44 64 100
44 64 100
44 64 100
44 64 100
44 64 100
44 64 100
44 64 100
44 64 100
44 64 100
44 64 100
44 64 100
44 64 100
44 64 100
44 64 100
44 64 100
44 64 100
44 64 100
44 64 100
44 64 100
44 64 100
44 64 100
44 64 100
44 64 100
44 64 100
44 64 100
44 64 100
44 64 100
44 64 100
44 63 100
44 63 100
44 63 100
44 63 100
44 63 100
44 63 100
44 63 100
44 63 100
44 63 100
44 63 100
44 63 100
44 63 100
44 63 100
44 63 100
44 63 100
44 63 100
44 63 100
44 63 100
44 63 100
44 63 100
44 63 100
44 63 100
44 63 100
44 63 100
44 63 100
44 63 100
44 63 100
44 63 100
44 63 100
44 63 100
44 63 100
44 63 100
44 63 100
44 63 100
44 63 100
44 63 100
44 63 100
44 63 100
44 63 100
44 62 100
44 62 100
44 62 100
44 62 100
44 62 100
44 62 100
44 62 100
44 62 100
44 62 100
44 62 100
44 62 100
44 62 100
44 62 100
44 62 100
44 62 100
44 62 100
44 62 100
44 62 100
44 62 100
44 62 100
44 62 100
44 62 100
44 62 100
44 62 100
44 62 100
44 62 100
44 62 100
44 62 100
44 62 100
44 62 100
44 62 100
44 62 100
44 62 100
44 62 100
44 62 100
44 62 100
44 62 100
44 62 100
44 62 100
44 62 100
44 62 100
44 61 100
44 61 100
44 61 100
44 61 100
44 61 100
44 61 100
44 61 100
44 61 100
44 61 100
44 61 100
44 61 100
44 61 100
44 61 100
44 61 100
44 61 100
44 61 100
44 61 100
44 61 100
44 61 100
44 61 100
44 61 100
44 61 100
44 61 100
44 61 100
44 61 100
44 61 100
44 61 100
44 61 100
44 61 100
44 61 100
44 61 100
44 61 100
44 61 100
44 61 100
44 61 100
44 61 100
44 61 100
44 61 100
44 61 100
44 61 100
44 61 100
44 61 100
44 61 100
44 60 100
44 60 100
44 60 100
44 60 100
44 60 100
44 60 100
44 60 100
44 60 100
44 60 100
44 60 100
44 60 100
44 60 100
44 60 100
44 60 100
44 60 100
44 60 100
44 60 100
44 60 100
44 60 100
44 60 100
44 60 100
44 60 100
44 60 100
44 60 100
44 60 100
44 60 100
44 60 100
44 60 100
44 60 100
44 60 100
44 60 100
44 60 100
44 60 100
44 60 100
44 60 100
44 60 100
44 60 100
44 60 100
44 60 100
44 60 100
44 60 100
44 60 100
44 60 100
44 60 100
44 60 100
44 59 100
44 59 100
44 59 100
44 59 100
44 59 100
44 59 100
44 59 100
44 59 100
44 59 100
44 59 100
44 59 100
44 59 100
44 59 100
44 59 100
44 59 100
44 59 100
44 59 100
44 59 100
44 59 100
44 59 100
44 59 100
44 59 100
44 59 100
44 59 100
44 59 100
44 59 100
44 59 100
44 59 100
44 59 100
44 59 100
44 59 100
44 59 100
44 59 100
44 59 100
44 59 100
44 59 100
44 59 100
44 59 100
44 59 100
44 59 100
44 59 100
44 59 100
44 59 100
44 59 100
44 59 100
44 59 100
44 58 100
44 58 100
44 58 100
44 58 100
44 58 100
44 58 100
44 58 100
44 58 100
44 58 100
44 58 100
44 58 100
44 58 100
44 58 100
44 58 100
44 58 100
44 58 100
44 58 100
44 58 100
44 58 100
44 58 100
44 58 100
44 58 100
44 58 100
44 58 100
44 58 100
44 58 100
44 58 100
44 58 100
44 58 100
44 58 100
44 58 100
44 58 100
44 58 100
44 58 100
44 58 100
44 58 100
44 58 100
44 58 100
44 58 100
44 58 100
44 58 100
44 58 100
44 58 100
44 58 100
44 58 100
44 58 100
44 57 100
44 57 100
44 57 100
44 57 100
44 57 100
44 57 100
44 57 100
44 57 100
44 57 100
44 57 100
44 57 100
44 57 100
44 57 100
44 57 100
44 57 100
44 57 100
44 57 100
44 57 100
44 57 100
44 57 100
44 57 100
44 57 100
44 57 100
44 57 100
44 57 100
44 57 100
44 57 100
44 57 100
44 57 100
44 57 100
44 57 100
44 57 100
44 57 100
44 57 100
44 57 100
44 57 100
44 57 100
44 57 100
44 57 100
44 57 100
44 57 100
44 57 100
44 57 100
44 57 100
44 57 100
44 57 100
44 56 100
44 56 100
44 56 100
44 56 100
44 56 100
44 56 100
44 56 100
44 56 100
44 56 100
44 56 100
44 56 100
44 56 100
44 56 100
44 56 100
44 56 100
44 56 100
44 56 100
44 56 100
44 56 100
44 56 100
44 56 100
44 56 100
44 56 100
44 56 100
44 56 100
44 56 100
44 56 100
44 56 100
44 56 100
44 56 100
44 56 100
44 56 100
44 56 100
44 56 100
44 56 100
44 56 100
44 56 100
44 56 100
44 56 100
44 56 100
44 56 100
44 56 100
44 56 100
44 56 100
44 56 100
44 55 100
44 55 100
44 55 100
44 55 100
44 55 100
44 55 100
44 55 100
44 55 100
44 55 100
44 55 100
44 55 100
44 55 100
44 55 100
44 55 100
44 55 100
44 55 100
44 55 100
44 55 100
44 55 100
44 55 100
44 55 100
44 55 100
44 55 100
44 55 100
44 55 100
44 55 100
44 55 100
44 55 100
44 55 100
44 55 100
44 55 100
44 55 100
44 55 100
44 55 100
44 55 100
44 55 100
44 55 100
44 55 100
44 55 100
44 55 100
44 55 100
44 55 100
44 55 100
44 55 100
44 54 100
44 54 100
44 54 100
44 54 100
44 54 100
44 54 100
44 54 100
44 54 100
44 54 100
44 54 100
44 54 100
44 54 100
44 54 100
44 54 100
44 54 100
44 54 100
44 54 100
44 54 100
44 54 100
44 54 100
44 54 100
44 54 100
44 54 100
44 54 100
44 54 100
44 54 100
44 54 100
44 54 100
44 54 100
44 54 100
44 54 100
44 54 100
44 54 100
44 54 100
44 54 100
44 54 100
44 54 100
44 54 100
44 54 100
44 54 100
44 54 100
44 53 100
44 53 100
44 53 100
44 53 100
44 53 100
44 53 100
44 53 100
44 53 100
44 53 100
44 53 100
44 53 100
44 53 100
44 53 100
44 53 100
44 53 100
44 53 100
44 53 100
44 53 100
44 53 100
44 53 100
44 53 100
44 53 100
44 53 100
44 53 100
44 53 100
44 53 100
44 53 100
44 53 100
44 53 100
44 53 100
44 53 100
44 53 100
44 53 100
44 53 100
44 53 100
44 53 100
44 53 100
44 53 100
44 52 100
44 52 100
44 52 100
44 52 100
44 52 100
44 52 100
44 52 100
44 52 100
44 52 100
44 52 100
44 52 100
44 52 100
44 52 100
44 52 100
44 52 100
44 52 100
44 52 100
44 52 100
44 52 100
44 52 100
44 52 100
44 52 100
44 52 100
44 52 100
44 52 100
44 52 100
44 52 100
44 52 100
44 52 100
44 52 100
44 52 100
44 52 100
44 52 100
44 52 100
44 51 100
44 51 100
44 51 100
44 51 100
44 51 100
44 51 100
44 51 100
44 51 100
44 51 100
44 51 100
44 51 100
44 51 100
44 51 100
44 51 100
44 51 100
44 51 100
44 51 100
44 51 100
44 51 100
44 51 100
44 51 100
44 51 100
44 51 100
44 51 100
44 51 100
44 51 100
44 51 100
44 51 100
44 51 100
44 50 100
44 50 100
44 50 100
44 50 100
44 50 100
44 50 100
44 50 100
44 50 100
44 50 100
44 50 100
44 50 100
44 50 100
44 50 100
44 50 100
44 50 100
44 50 100
44 50 100
44 50 100
44 50 100
44 50 100
44 50 100
44 50 100
44 50 100
44 50 100
44 50 100
44 49 100
44 49 100
44 49 100
44 49 100
44 49 100
44 49 100
44 49 100
44 49 100
44 49 100
44 49 100
44 49 100
44 49 100
44 49 100
44 49 100
44 49 100
44 49 100
44 49 100
44 49 100
44 49 100
44 49 100
44 48 100
44 48 100
44 48 100
44 48 100
44 48 100
44 48 100
44 48 100
44 48 100
44 48 100
44 48 100
44 48 100
44 48 100
44 48 100
44 48 100
44 48 100
44 48 100
44 47 100
44 47 100
44 47 100
44 47 100
44 47 100
44 47 100
44 47 100
44 47 100
44 47 100
44 47 100
44 47 100
44 47 100
44 46 100
44 46 100
44 46 100
44 46 100
44 46 100
44 46 100
44 46 100
44 46 100
44 45 100
44 45 100
44 45 100
44 45 100
44 45 100
44 45 100
44 44 100
44 44 100
44 44 100
44 44 100
44 43 100
44 43 100
44 43 100
44 42 100
44 42 100
44 41 100
44 40 100
44 39 100
# move from (175,133) to (44,39)
175 133 100
174 133 100
173 133 100
172 133 100
171 133 100
170 133 100
169 133 100
168 133 100
167 133 100
166 133 100
165 133 100
164 133 100
163 133 100
162 133 100
161 133 100
160 133 100
159 133 100
158 133 100
157 133 100
156 133 100
155 133 100
154 133 100
153 133 100
152 133 100
151 133 100
150 133 100
149 133 100
148 133 100
147 133 100
146 133 100
145 133 100
144 133 100
143 133 100
142 133 100
141 133 100
140 133 100
139 133 100
138 133 100
137 133 100
136 133 100
135 133 100
134 133 100
133 133 100
132 133 100
131 133 100
130 133 100
129 133 100
128 133 100
127 133 100
127 133 100
126 133 100
126 133 100
125 133 100
125 133 100
124 133 100
124 133 100
124 133 100
123 133 100
123 133 100
123 133 100
123 133 100
122 133 100
122 133 100
122 133 100
122 133 100
121 133 100
121 133 100
121 133 100
121 133 100
121 133 100
120 133 100
120 133 100
120 133 100
120 133 100
120 133 100
120 133 100
119 133 100
119 133 100
119 133 100
119 133 100
119 133 100
119 133 100
118 133 100
118 133 100
118 133 100
118 133 100
118 133 100
118 133 100
118 133 100
117 133 100
117 133 100
117 133 100
117 133 100
117 133 100
117 133 100
117 133 100
117 133 100
116 133 100
116 133 100
116 133 100
116 133 100
116 133 100
116 133 100
116 133 100
116 133 100
116 133 100
116 133 100
115 133 100
115 133 100
115 133 100
115 133 100
115 133 100
115 133 100
115 133 100
115 133 100
115 133 100
115 133 100
115 133 100
115 133 100
114 133 100
114 133 100
114 133 100
114 133 100
114 133 100
114 133 100
114 133 100
114 133 100
114 133 100
114 133 100
114 133 100
114 133 100
114 133 100
114 133 100
114 133 100
113 133 100
113 133 100
113 133 100
113 133 100
113 133 100
113 133 100
113 133 100
113 133 100
113 133 100
113 133 100
113 133 100
113 133 100
113 133 100
113 133 100
113 133 100
113 133 100
113 133 100
112 133 100
112 133 100
112 133 100
112 133 100
112 133 100
112 133 100
112 133 100
112 133 100
112 133 100
112 133 100
112 133 100
112 133 100
112 133 100
112 133 100
112 133 100
112 133 100
112 133 100
112 133 100
112 133 100
112 133 100
111 133 100
111 133 100
111 133 100
111 133 100
111 133 100
111 133 100
111 133 100
111 133 100
111 133 100
111 133 100
111 133 100
111 133 100
111 133 100
111 133 100
111 133 100
111 133 100
111 133 100
111 133 100
111 133 100
111 133 100
111 133 100
111 133 100
111 133 100
110 133 100
110 133 100
110 133 100
110 133 100
110 133 100
110 133 100
110 133 100
110 133 100
110 133 100
110 133 100
110 133 100
110 133 100
110 133 100
110 133 100
110 133 100
110 133 100
110 133 100
110 133 100
110 133 100
110 133 100
110 133 100
110 133 100
110 133 100
110 133 100
110 133 100
109 133 100
109 133 100
109 133 100
109 133 100
109 133 100
109 133 100
109 133 100
109 133 100
109 133 100
109 133 100
109 133 100
109 133 100
109 133 100
109 133 100
109 133 100
109 133 100
109 133 100
109 133 100
109 133 100
109 133 100
109 133 100
109 133 100
109 133 100
109 133 100
109 133 100
109 133 100
108 133 100
108 133 100
108 133 100
108 133 100
108 133 100
108 133 100
108 133 100
108 133 100
108 133 100
108 133 100
108 133 100
108 133 100
108 133 100
108 133 100
108 133 100
108 133 100
108 133 100
108 133 100
108 133 100
108 133 100
108 133 100
108 133 100
108 133 100
108 133 100
108 133 100
108 133 100
107 133 100
107 133 100
107 133 100
107 133 100
107 133 100
107 133 100
107 133 100
107 133 100
107 133 100
107 133 100
107 133 100
107 133 100
107 133 100
107 133 100
107 133 100
107 133 100
107 133 100
107 133 100
107 133 100
107 133 100
107 133 100
107 133 100
107 133 100
107 133 100
107 133 100
106 133 100
106 133 100
106 133 100
106 133 100
106 133 100
106 133 100
106 133 100
106 133 100
106 133 100
106 133 100
106 133 100
106 133 100
106 133 100
106 133 100
106 133 100
106 133 100
106 133 100
106 133 100
106 133 100
106 133 100
106 133 100
106 133 100
106 133 100
105 133 100
105 133 100
105 133 100
105 133 100
105 133 100
105 133 100
105 133 100
105 133 100
105 133 100
105 133 100
105 133 100
105 133 100
105 133 100
105 133 100
105 133 100
105 133 100
105 133 100
105 133 100
105 133 100
105 133 100
105 133 100
104 133 100
104 133 100
104 133 100
104 133 100
104 133 100
104 133 100
104 133 100
104 133 100
104 133 100
104 133 100
104 133 100
104 133 100
104 133 100
104 133 100
104 133 100
104 133 100
104 133 100
104 133 100
104 133 100
103 133 100
103 133 100
103 133 100
103 133 100
103 133 100
103 133 100
103 133 100
103 133 100
103 133 100
103 133 100
103 133 100
103 133 100
103 133 100
103 133 100
103 133 100
103 133 100
102 133 100
102 133 100
102 133 100
102 133 100
102 133 100
102 133 100
102 133 100
102 133 100
102 133 100
102 133 100
102 133 100
102 133 100
102 133 100
102 133 100
101 133 100
101 133 100
101 133 100
101 133 100
101 133 100
101 133 100
101 133 100
101 133 100
101 133 100
101 133 100
101 133 100
101 133 100
100 133 100
100 133 100
100 133 100
100 133 100
100 133 100
100 133 100
100 133 100
100 133 100
100 133 100
100 133 100
100 133 100
99 133 100
99 133 100
99 133 100
99 133 100
99 133 100
99 133 100
99 133 100
99 133 100
99 133 100
98 133 100
98 133 100
98 133 100
98 133 100
98 133 100
98 133 100
98 133 100
98 133 100
98 133 100
97 133 100
97 133 100
97 133 100
97 133 100
97 133 100
97 133 100
97 133 100
97 133 100
96 133 100
96 133 100
96 133 100
96 133 100
96 133 100
96 133 100
96 133 100
96 133 100
95 133 100
95 133 100
95 133 100
95 133 100
95 133 100
95 133 100
95 133 100
95 133 100
94 133 100
94 133 100
94 133 100
94 133 100
94 133 100
94 133 100
94 133 100
94 133 100
93 133 100
93 133 100
93 133 100
93 133 100
93 133 100
93 133 100
93 133 100
93 133 100
92 133 100
92 133 100
92 133 100
92 133 100
92 133 100
92 133 100
92 133 100
92 133 100
91 133 100
91 133 100
91 133 100
91 133 100
91 133 100
91 133 100
91 133 100
91 133 100
90 133 100
90 133 100
90 133 100
90 133 100
90 133 100
90 133 100
90 133 100
90 133 100
90 133 100
89 133 100
89 133 100
89 133 100
89 133 100
89 133 100
89 133 100
89 133 100
89 133 100
89 133 100
89 133 100
88 133 100
88 133 100
88 133 100
88 133 100
88 133 100
88 133 100
88 133 100
88 133 100
88 133 100
88 133 100
88 133 100
87 133 100
87 133 100
87 133 100
87 133 100
87 133 100
87 133 100
87 133 100
87 133 100
87 133 100
87 133 100
87 133 100
87 133 100
86 133 100
86 133 100
86 133 100
86 133 100
86 133 100
86 133 100
86 133 100
86 133 100
86 133 100
86 133 100
86 133 100
86 133 100
86 133 100
86 133 100
85 133 100
85 133 100
85 133 100
85 133 100
85 133 100
85 133 100
85 133 100
85 133 100
85 133 100
85 133 100
85 133 100
85 133 100
85 133 100
85 133 100
85 133 100
85 133 100
84 133 100
84 133 100
84 133 100
84 133 100
84 133 100
84 133 100
84 133 100
84 133 100
84 133 100
84 133 100
84 133 100
84 133 100
84 133 100
84 133 100
84 133 100
84 133 100
84 133 100
83 133 100
83 133 100
83 133 100
83 133 100
83 133 100
83 133 100
83 133 100
83 133 100
83 133 100
83 133 100
83 133 100
83 133 100
83 133 100
83 133 100
83 133 100
83 133 100
83 133 100
83 133 100
83 133 100
82 133 100
82 133 100
82 133 100
82 133 100
82 133 100
82 133 100
82 133 100
82 133 100
82 133 100
82 133 100
82 133 100
82 133 100
82 133 100
82 133 100
82 133 100
82 133 100
82 133 100
82 133 100
82 133 100
81 133 100
81 133 100
81 133 100
81 133 100
81 133 100
81 133 100
81 133 100
81 133 100
81 133 100
81 133 100
81 133 100
81 133 100
81 133 100
81 133 100
81 133 100
81 133 100
81 133 100
81 133 100
80 133 100
80 133 100
80 133 100
80 133 100
80 133 100
80 133 100
80 133 100
80 133 100
80 133 100
80 133 100
80 133 100
80 133 100
80 133 100
80 133 100
80 133 100
80 133 100
79 133 100
79 133 100
79 133 100
79 133 100
79 133 100
79 133 100
79 133 100
79 133 100
79 133 100
79 133 100
79 133 100
79 133 100
79 133 100
79 133 100
78 133 100
78 133 100
78 133 100
78 133 100
78 133 100
78 133 100
78 133 100
78 133 100
78 133 100
78 133 100
77 133 100
77 133 100
77 133 100
77 133 100
77 133 100
77 133 100
77 133 100
76 133 100
76 133 100
76 133 100
76 133 100
76 133 100
75 133 100
75 133 100
75 133 100
74 133 100
74 133 100
73 133 100
72 133 100
71 133 100
70 133 100
69 133 100
68 133 100
67 133 100
66 133 100
65 133 100
64 133 100
63 133 100
62 133 100
61 133 100
60 133 100
60 133 100
59 133 100
59 133 100
58 133 100
58 133 100
57 133 100
57 133 100
57 133 100
56 133 100
56 133 100
56 133 100
56 133 100
55 133 100
55 133 100
55 133 100
55 133 100
55 133 100
54 133 100
54 133 100
54 133 100
54 133 100
54 133 100
54 133 100
53 133 100
53 133 100
53 133 100
53 133 100
53 133 100
53 133 100
53 133 100
52 133 100
52 133 100
52 133 100
52 133 100
52 133 100
52 133 100
52 133 100
52 133 100
52 133 100
51 133 100
51 133 100
51 133 100
51 133 100
51 133 100
51 133 100
51 133 100
51 133 100
51 133 100
51 133 100
50 133 100
50 133 100
50 133 100
50 133 100
50 133 100
50 133 100
50 133 100
50 133 100
50 133 100
50 133 100
50 133 100
49 133 100
49 133 100
49 133 100
49 133 100
49 133 100
49 133 100
49 133 100
49 133 100
49 133 100
49 133 100
49 133 100
48 133 100
48 133 100
48 133 100
48 133 100
48 133 100
48 133 100
48 133 100
48 133 100
48 133 100
48 133 100
48 133 100
48 133 100
47 133 100
47 133 100
47 133 100
47 133 100
47 133 100
47 133 100
47 133 100
47 133 100
47 133 100
47 133 100
47 133 100
47 133 100
46 133 100
46 133 100
46 133 100
46 133 100
46 133 100
46 133 100
46 133 100
46 133 100
46 133 100
46 133 100
46 133 100
46 133 100
45 133 100
45 133 100
45 133 100
45 133 100
45 133 100
45 133 100
45 133 100
45 133 100
45 133 100
45 133 100
45 133 100
45 133 100
44 133 100
44 133 100
44 133 100
44 133 100
44 133 100
44 133 100
44 133 100
44 133 100
44 133 100
44 133 100
44 133 100
44 133 100
44 132 100
44 132 100
44 132 100
44 132 100
44 132 100
44 132 100
44 132 100
44 132 100
44 132 100
44 132 100
44 132 100
44 132 100
44 132 100
44 131 100
44 131 100
44 131 100
44 131 100
44 131 100
44 131 100
44 131 100
44 131 100
44 131 100
44 131 100
44 131 100
44 131 100
44 131 100
44 131 100
44 131 100
44 130 100
44 130 100
44 130 100
44 130 100
44 130 100
44 130 100
44 130 100
44 130 100
44 130 100
44 130 100
44 130 100
44 130 100
44 130 100
44 130 100
44 130 100
44 130 100
44 130 100
44 130 100
44 129 100
44 129 100
44 129 100
44 129 100
44 129 100
44 129 100
44 129 100
44 129 100
44 129 100
44 129 100
44 129 100
44 129 100
44 129 100
44 129 100
44 129 100
44 129 100
44 129 100
44 129 100
44 129 100
44 129 100
44 129 100
44 129 100
44 128 100
44 128 100
44 128 100
44 128 100
44 128 100
44 128 100
44 128 100
44 128 100
44 128 100
44 128 100
44 128 100
44 128 100
44 128 100
44 128 100
44 128 100
44 128 100
44 128 100
44 128 100
44 128 100
44 128 100
44 128 100
44 128 100
44 128 100
44 128 100
44 128 100
44 128 100
44 128 100
44 127 100
44 127 100
44 127 100
44 127 100
44 127 100
44 127 100
44 127 100
44 127 100
44 127 100
44 127 100
44 127 100
44 127 100
44 127 100
44 127 100
44 127 100
44 127 100
44 127 100
44 127 100
44 127 100
44 127 100
44 127 100
44 127 100
44 127 100
44 127 100
44 127 100
44 127 100
44 127 100
44 127 100
44 127 100
44 127 100
44 127 100
44 127 100
44 126 100
44 126 100
44 126 100
44 126 100
44 126 100
44 126 100
44 126 100
44 126 100
44 126 100
44 126 100
44 126 100
44 126 100
44 126 100
44 126 100
44 126 100
44 126 100
44 126 100
44 126 100
44 126 100
44 126 100
44 126 100
44 126 100
44 126 100
44 126 100
44 126 100
44 126 100
44 126 100
44 126 100
44 126 100
44 126 100
44 126 100
44 126 100
44 126 100
44 126 100
44 126 100
44 126 100
44 125 100
44 125 100
44 125 100
44 125 100
44 125 100
44 125 100
44 125 100
44 125 100
44 125 100
44 125 100
44 125 100
44 125 100
44 125 100
44 125 100
44 125 100
44 125 100
44 125 100
44 125 100
44 125 100
44 125 100
44 125 100
44 125 100
44 125 100
44 125 100
44 125 100
44 125 100
44 125 100
44 125 100
44 125 100
44 125 100
44 125 100
44 125 100
44 125 100
44 125 100
44 125 100
44 125 100
44 125 100
44 125 100
44 125 100
44 125 100
44 124 100
44 124 100
44 124 100
44 124 100
44 124 100
44 124 100
44 124 100
44 124 100
44 124 100
44 124 100
44 124 100
44 124 100
44 124 100
44 124 100
44 124 100
44 124 100
44 124 100
44 124 100
44 124 100
44 124 100
44 124 100
44 124 100
44 124 100
44 124 100
44 124 100
44 124 100
44 124 100
44 124 100
44 124 100
44 124 100
44 124 100
44 124 100
44 124 100
44 124 100
44 124 100
44 124 100
44 124 100
44 124 100
44 124 100
44 124 100
44 124 100
44 124 100
44 123 100
44 123 100
44 123 100
44 123 100
44 123 100
44 123 100
44 123 100
44 123 100
44 123 100
44 123 100
44 123 100
44 123 100
44 123 100
44 123 100
44 123 100
44 123 100
44 123 100
44 123 100
44 123 100
44 123 100
44 123 100
44 123 100
44 123 100
44 123 100
44 123 100
44 123 100
44 123 100
44 123 100
44 123 100
44 123 100
44 123 100
44 123 100
44 123 100
44 123 100
44 123 100
44 123 100
44 123 100
44 123 100
44 123 100
44 123 100
44 123 100
44 123 100
44 123 100
44 123 100
44 122 100
44 122 100
44 122 100
44 122 100
44 122 100
44 122 100
44 122 100
44 122 100
44 122 100
44 122 100
44 122 100
44 122 100
44 122 100
44 122 100
44 122 100
44 122 100
44 122 100
44 122 100
44 122 100
44 122 100
44 122 100
44 122 100
44 122 100
44 122 100
44 122 100
44 122 100
44 122 100
44 122 100
44 122 100
44 122 100
44 122 100
44 122 100
44 122 100
44 122 100
44 122 100
44 122 100
44 122 100
44 122 100
44 122 100
44 122 100
44 122 100
44 122 100
44 122 100
44 122 100
44 122 100
44 121 100
44 121 100
44 121 100
44 121 100
44 121 100
44 121 100
44 121 100
44 121 100
44 121 100
44 121 100
44 121 100
44 121 100
44 121 100
44 121 100
44 121 100
44 121 100
44 121 100
44 121 100
44 121 100
44 121 100
44 121 100
44 121 100
44 121 100
44 121 100
44 121 100
44 121 100
44 121 100
44 121 100
44 121 100
44 121 100
44 121 100
44 121 100
44 121 100
44 121 100
44 121 100
44 121 100
44 121 100
44 121 100
44 121 100
44 121 100
44 121 100
44 121 100
44 121 100
44 121 100
44 121 100
44 120 100
44 120 100
44 120 100
44 120 100
44 120 100
44 120 100
44 120 100
44 120 100
44 120 100
44 120 100
44 120 100
44 120 100
44 120 100
44 120 100
44 120 100
44 120 100
44 120 100
44 120 100
44 120 100
44 120 100
44 120 100
44 120 100
44 120 100
44 120 100
44 120 100
44 120 100
44 120 100
44 120 100
44 120 100
44 120 100
44 120 100
44 120 100
44 120 100
44 120 100
44 120 100
44 120 100
44 120 100
44 120 100
44 120 100
44 120 100
44 120 100
44 120 100
44 120 100
44 120 100
44 120 100
44 119 100
44 119 100
44 119 100
44 119 100
44 119 100
44 119 100
44 119 100
44 119 100
44 119 100
44 119 100
44 119 100
44 119 100
44 119 100
44 119 100
44 119 100
44 119 100
44 119 100
44 119 100
44 119 100
44 119 100
44 119 100
44 119 100
44 119 100
44 119 100
44 119 100
44 119 100
44 119 100
44 119 100
44 119 100
44 119 100
44 119 100
44 119 100
44 119 100
44 119 100
44 119 100
44 119 100
44 119 100
44 119 100
44 119 100
44 119 100
44 119 100
44 119 100
44 119 100
44 119 100
44 118 100
44 118 100
44 118 100
44 118 100
44 118 100
44 118 100
44 118 100
44 118 100
44 118 100
44 118 100
44 118 100
44 118 100
44 118 100
44 118 100
44 118 100
44 118 100
44 118 100
44 118 100
44 118 100
44 118 100
44 118 100
44 118 100
44 118 100
44 118 100
44 118 100
44 118 100
44 118 100
44 118 100
44 118 100
44 118 100
44 118 100
44 118 100
44 118 100
44 118 100
44 118 100
44 118 100
44 118 100
44 118 100
44 118 100
44 118 100
44 118 100
44 118 100
44 117 100
44 117 100
44 117 100
44 117 100
44 117 100
44 117 100
44 117 100
44 117 100
44 117 100
44 117 100
44 117 100
44 117 100
44 117 100
44 117 100
44 117 100
44 117 100
44 117 100
44 117 100
44 117 100
44 117 100
44 117 100
44 117 100
44 117 100
44 117 100
44 117 100
44 117 100
44 117 100
44 117 100
44 117 100
44 117 100
44 117 100
44 117 100
44 117 100
44 117 100
44 117 100
44 117 100
44 117 100
44 117 100
44 117 100
44 116 100
44 116 100
44 116 100
44 116 100
44 116 100
44 116 100
44 116 100
44 116 100
44 116 100
44 116 100
44 116 100
44 116 100
44 116 100
44 116 100
44 116 100
44 116 100
44 116 100
44 116 100
44 116 100
44 116 100
44 116 100
44 116 100
44 116 100
44 116 100
44 116 100
44 116 100
44 116 100
44 116 100
44 116 100
44 116 100
44 116 100
44 116 100
44 116 100
44 116 100
44 116 100
44 115 100
44 115 100
44 115 100
44 115 100
44 115 100
44 115 100
44 115 100
44 115 100
44 115 100
44 115 100
44 115 100
44 115 100
44 115 100
44 115 100
44 115 100
44 115 100
44 115 100
44 115 100
44 115 100
44 115 100
44 115 100
44 115 100
44 115 100
44 115 100
44 115 100
44 115 100
44 115 100
44 115 100
44 115 100
44 115 100
44 115 100
44 114 100
44 114 100
44 114 100
44 114 100
44 114 100
44 114 100
44 114 100
44 114 100
44 114 100
44 114 100
44 114 100
44 114 100
44 114 100
44 114 100
44 114 100
44 114 100
44 114 100
44 114 100
44 114 100
44 114 100
44 114 100
44 114 100
44 114 100
44 114 100
44 114 100
44 114 100
44 113 100
44 113 100
44 113 100
44 113 100
44 113 100
44 113 100
44 113 100
44 113 100
44 113 100
44 113 100
44 113 100
44 113 100
44 113 100
44 113 100
44 113 100
44 113 100
44 113 100
44 113 100
44 113 100
44 113 100
44 113 100
44 112 100
44 112 100
44 112 100
44 112 100
44 112 100
44 112 100
44 112 100
44 112 100
44 112 100
44 112 100
44 112 100
44 112 100
44 112 100
44 112 100
44 112 100
44 112 100
44 112 100
44 111 100
44 111 100
44 111 100
44 111 100
44 111 100
44 111 100
44 111 100
44 111 100
44 111 100
44 111 100
44 111 100
44 111 100
44 111 100
44 111 100
44 110 100
44 110 100
44 110 100
44 110 100
44 110 100
44 110 100
44 110 100
44 110 100
44 110 100
44 110 100
44 110 100
44 109 100
44 109 100
44 109 100
44 109 100
44 109 100
44 109 100
44 109 100
44 109 100
44 109 100
44 108 100
44 108 100
44 108 100
44 108 100
44 108 100
44 108 100
44 108 100
44 107 100
44 107 100
44 107 100
44 107 100
44 107 100
44 107 100
44 106 100
44 106 100
44 106 100
44 106 100
44 106 100
44 105 100
44 105 100
44 105 100
44 105 100
44 104 100
44 104 100
44 104 100
44 104 100
44 103 100
44 103 100
44 103 100
44 103 100
44 102 100
44 102 100
44 102 100
44 102 100
44 101 100
44 101 100
44 101 100
44 101 100
44 100 100
44 100 100
44 100 100
44 100 100
44 99 100
44 99 100
44 99 100
44 99 100
44 98 100
44 98 100
44 98 100
44 98 100
44 98 100
44 97 100
44 97 100
44 97 100
44 97 100
44 96 100
44 96 100
44 96 100
44 96 100
44 95 100
44 95 100
44 95 100
44 95 100
44 94 100
44 94 100
44 94 100
44 94 100
44 93 100
44 93 100
44 93 100
44 93 100
44 92 100
44 92 100
44 92 100
44 92 100
44 91 100
44 91 100
44 91 100
44 91 100
44 90 100
44 90 100
44 90 100
44 90 100
44 89 100
44 89 100
44 89 100
44 89 100
44 88 100
44 88 100
44 88 100
44 88 100
44 88 100
44 87 100
44 87 100
44 87 100
44 87 100
44 87 100
44 87 100
44 86 100
44 86 100
44 86 100
44 86 100
44 86 100
44 86 100
44 86 100
44 85 100
44 85 100
44 85 100
44 85 100
44 85 100
44 85 100
44 85 100
44 85 100
# move from (19,89) to (44,39)
19 89 100
20 89 100
21 89 100
22 89 100
23 89 100
24 89 100
25 89 100
26 89 100
26 89 100
27 89 100
27 89 100
27 89 100
28 89 100
28 89 100
28 89 100
28 89 100
29 89 100
29 89 100
29 89 100
29 89 100
29 89 100
29 89 100
30 89 100
30 89 100
30 89 100
30 89 100
30 89 100
30 89 100
30 89 100
30 89 100
31 89 100
31 89 100
31 89 100
31 89 100
31 89 100
31 89 100
31 89 100
31 89 100
31 89 100
31 89 100
32 89 100
32 89 100
32 89 100
32 89 100
32 89 100
32 89 100
32 89 100
32 89 100
32 89 100
32 89 100
32 89 100
32 89 100
33 89 100
33 89 100
33 89 100
33 89 100
33 89 100
33 89 100
33 89 100
33 89 100
33 89 100
33 89 100
33 89 100
33 89 100
33 89 100
34 89 100
34 89 100
34 89 100
34 89 100
34 89 100
34 89 100
34 89 100
34 89 100
34 89 100
34 89 100
34 89 100
34 89 100
34 89 100
34 89 100
35 89 100
35 89 100
35 89 100
35 89 100
35 89 100
35 89 100
35 89 100
35 89 100
35 89 100
35 89 100
35 89 100
35 89 100
35 89 100
35 89 100
35 89 100
36 89 100
36 89 100
36 89 100
36 89 100
36 89 100
36 89 100
36 89 100
36 89 100
36 89 100
36 89 100
36 89 100
36 89 100
36 89 100
36 89 100
36 89 100
37 89 100
37 89 100
37 89 100
37 89 100
37 89 100
37 89 100
37 89 100
37 89 100
37 89 100
37 89 100
37 89 100
37 89 100
37 89 100
37 89 100
38 89 100
38 89 100
38 89 100
38 89 100
38 89 100
38 89 100
38 89 100
38 89 100
38 89 100
38 89 100
38 89 100
38 89 100
38 89 100
39 89 100
39 89 100
39 89 100
39 89 100
39 89 100
39 89 100
39 89 100
39 89 100
39 89 100
39 89 100
39 89 100
39 89 100
40 89 100
40 89 100
40 89 100
40 89 100
40 89 100
40 89 100
40 89 100
40 89 100
40 89 100
40 89 100
40 89 100
41 89 100
41 89 100
41 89 100
41 89 100
41 89 100
41 89 100
41 89 100
41 89 100
41 89 100
42 89 100
42 89 100
42 89 100
42 89 100
42 89 100
42 89 100
42 89 100
43 89 100
43 89 100
43 89 100
43 89 100
43 89 100
43 89 100
# move from (98,1) to (44,39)
98 1 100
97 1 100
96 1 100
95 1 100
94 1 100
93 1 100
92 1 100
91 1 100
90 1 100
89 1 100
88 1 100
87 1 100
86 1 100
85 1 100
84 1 100
83 1 100
82 1 100
81 1 100
80 1 100
79 1 100
78 1 100
77 1 100
76 1 100
75 1 100
74 1 100
73 1 100
72 1 100
71 1 100
70 1 100
69 1 100
68 1 100
67 1 100
66 1 100
65 1 100
64 1 100
63 1 100
62 1 100
61 1 100
60 1 100
59 1 100
58 1 100
57 1 100
56 1 100
55 1 100
54 1 100
53 1 100
52 1 100
51 1 100
50 1 100
49 1 100
48 1 100
47 1 100
46 1 100
45 1 100
44 1 100
44 1 100
44 2 100
44 2 100
44 3 100
44 3 100
44 4 100
44 4 100
44 4 100
44 5 100
44 5 100
44 5 100
44 6 100
44 6 100
44 6 100
44 7 100
44 7 100
44 7 100
44 8 100
44 8 100
44 9 100
44 9 100
44 10 100
44 10 100
44 11 100
44 11 100
44 12 100
44 13 100
44 14 100
44 15 100
44 16 100
44 17 100
44 18 100
44 19 100
44 20 100
44 21 100
44 22 100
44 23 100
44 24 100
44 25 100
44 26 100
44 27 100
44 28 100
44 29 100
44 30 100
44 31 100
44 32 100
44 33 100
44 34 100
44 35 100
44 36 100
44 37 100
44 38 100
# move from (130,121) to (44,39)
130 121 100
129 121 100
128 121 100
127 121 100
126 121 100
125 121 100
124 121 100
123 121 100
122 121 100
121 121 100
120 121 100
119 121 100
118 121 100
117 121 100
116 121 100
115 121 100
115 121 100
114 121 100
114 121 100
113 121 100
113 121 100
112 121 100
112 121 100
111 121 100
111 121 100
110 121 100
110 121 100
109 121 100
109 121 100
108 121 100
108 121 100
107 121 100
107 121 100
106 121 100
106 121 100
105 121 100
105 121 100
104 121 100
104 121 100
103 121 100
102 121 100
101 121 100
100 121 100
99 121 100
98 121 100
97 121 100
96 121 100
95 121 100
94 121 100
93 121 100
92 121 100
91 121 100
90 121 100
89 121 100
88 121 100
87 121 100
86 121 100
86 121 100
85 121 100
85 121 100
84 121 100
84 121 100
83 121 100
83 121 100
82 121 100
82 121 100
81 121 100
81 121 100
80 121 100
80 121 100
79 121 100
79 121 100
78 121 100
78 121 100
77 121 100
77 121 100
76 121 100
75 121 100
74 121 100
74 121 100
73 121 100
73 121 100
72 121 100
72 121 100
71 121 100
71 121 100
70 121 100
70 121 100
69 121 100
69 121 100
68 121 100
68 121 100
68 121 100
67 121 100
67 121 100
67 121 100
66 121 100
66 121 100
66 121 100
66 121 100
65 121 100
65 121 100
65 121 100
65 121 100
64 121 100
64 121 100
64 121 100
64 121 100
64 121 100
63 121 100
63 121 100
63 121 100
63 121 100
63 121 100
62 121 100
62 121 100
62 121 100
62 121 100
62 121 100
62 121 100
61 121 100
61 121 100
61 121 100
61 121 100
61 121 100
61 121 100
61 121 100
60 121 100
60 121 100
60 121 100
60 121 100
60 121 100
60 121 100
60 121 100
60 121 100
59 121 100
59 121 100
59 121 100
59 121 100
59 121 100
59 121 100
59 121 100
59 121 100
59 121 100
58 121 100
58 121 100
58 121 100
58 121 100
58 121 100
58 121 100
58 121 100
58 121 100
58 121 100
58 121 100
57 121 100
57 121 100
57 121 100
57 121 100
57 121 100
57 121 100
57 121 100
57 121 100
57 121 100
57 121 100
57 121 100
57 121 100
57 121 100
56 121 100
56 121 100
56 121 100
56 121 100
56 121 100
56 121 100
56 121 100
56 121 100
56 121 100
56 121 100
56 121 100
56 121 100
56 121 100
56 121 100
56 121 100
56 121 100
55 121 100
55 121 100
55 121 100
55 121 100
55 121 100
55 121 100
55 121 100
55 121 100
55 121 100
55 121 100
55 121 100
55 121 100
55 121 100
55 121 100
55 121 100
55 121 100
55 121 100
55 121 100
55 121 100
55 121 100
54 121 100
54 121 100
54 121 100
54 121 100
54 121 100
54 121 100
54 121 100
54 121 100
54 121 100
54 121 100
54 121 100
54 121 100
54 121 100
54 121 100
54 121 100
54 121 100
54 121 100
54 121 100
54 121 100
54 121 100
54 121 100
54 121 100
54 121 100
54 121 100
54 121 100
53 121 100
53 121 100
53 121 100
53 121 100
53 121 100
53 121 100
53 121 100
53 121 100
53 121 100
53 121 100
53 121 100
53 121 100
53 121 100
53 121 100
53 121 100
53 121 100
53 121 100
53 121 100
53 121 100
53 121 100
53 121 100
53 121 100
53 121 100
53 121 100
53 121 100
53 121 100
53 121 100
53 121 100
53 121 100
53 121 100
52 121 100
52 121 100
52 121 100
52 121 100
52 121 100
52 121 100
52 121 100
52 121 100
52 121 100
52 121 100
52 121 100
52 121 100
52 121 100
52 121 100
52 121 100
52 121 100
52 121 100
52 121 100
52 121 100
52 121 100
52 121 100
52 121 100
52 121 100
52 121 100
52 121 100
52 121 100
52 121 100
52 121 100
52 121 100
52 121 100
52 121 100
52 121 100
52 121 100
52 121 100
52 121 100
51 121 100
51 121 100
51 121 100
51 121 100
51 121 100
51 121 100
51 121 100
51 121 100
51 121 100
51 121 100
51 121 100
51 121 100
51 121 100
51 121 100
51 121 100
51 121 100
51 121 100
51 121 100
51 121 100
51 121 100
51 121 100
51 121 100
51 121 100
51 121 100
51 121 100
51 121 100
51 121 100
51 121 100
51 121 100
51 121 100
51 121 100
51 121 100
51 121 100
51 121 100
51 121 100
51 121 100
51 121 100
51 121 100
51 121 100
50 121 100
50 121 100
50 121 100
50 121 100
50 121 100
50 121 100
50 121 100
50 121 100
50 121 100
50 121 100
50 121 100
50 121 100
50 121 100
50 121 100
50 121 100
50 121 100
50 121 100
50 121 100
50 121 100
50 121 100
50 121 100
50 121 100
50 121 100
50 121 100
50 121 100
50 121 100
50 121 100
50 121 100
50 121 100
50 121 100
50 121 100
50 121 100
50 121 100
50 121 100
50 121 100
50 121 100
50 121 100
50 121 100
50 121 100
50 121 100
50 121 100
50 121 100
50 121 100
49 121 100
49 121 100
49 121 100
49 121 100
49 121 100
49 121 100
49 121 100
49 121 100
49 121 100
49 121 100
49 121 100
49 121 100
49 121 100
49 121 100
49 121 100
49 121 100
49 121 100
49 121 100
49 121 100
49 121 100
49 121 100
49 121 100
49 121 100
49 121 100
49 121 100
49 121 100
49 121 100
49 121 100
49 121 100
49 121 100
49 121 100
49 121 100
49 121 100
49 121 100
49 121 100
49 121 100
49 121 100
49 121 100
49 121 100
49 121 100
49 121 100
49 121 100
49 121 100
49 121 100
49 121 100
49 121 100
48 121 100
48 121 100
48 121 100
48 121 100
48 121 100
48 121 100
48 121 100
48 121 100
48 121 100
48 121 100
48 121 100
48 121 100
48 121 100
48 121 100
48 121 100
48 121 100
48 121 100
48 121 100
48 121 100
48 121 100
48 121 100
48 121 100
48 121 100
48 121 100
48 121 100
48 121 100
48 121 100
48 121 100
48 121 100
48 121 100
48 121 100
48 121 100
48 121 100
48 121 100
48 121 100
48 121 100
48 121 100
48 121 100
48 121 100
48 121 100
48 121 100
48 121 100
48 121 100
48 121 100
48 121 100
48 121 100
48 121 100
47 121 100
47 121 100
47 121 100
47 121 100
47 121 100
47 121 100
47 121 100
47 121 100
47 121 100
47 121 100
47 121 100
47 121 100
47 121 100
47 121 100
47 121 100
47 121 100
47 121 100
47 121 100
47 121 100
47 121 100
47 121 100
47 121 100
47 121 100
47 121 100
47 121 100
47 121 100
47 121 100
47 121 100
47 121 100
47 121 100
47 121 100
47 121 100
47 121 100
47 121 100
47 121 100
47 121 100
47 121 100
47 121 100
47 121 100
47 121 100
47 121 100
47 121 100
47 121 100
47 121 100
47 121 100
47 121 100
47 121 100
47 121 100
46 121 100
46 121 100
46 121 100
46 121 100
46 121 100
46 121 100
46 121 100
46 121 100
46 121 100
46 121 100
46 121 100
46 121 100
46 121 100
46 121 100
46 121 100
46 121 100
46 121 100
46 121 100
46 121 100
46 121 100
46 121 100
46 121 100
46 121 100
46 121 100
46 121 100
46 121 100
46 121 100
46 121 100
46 121 100
46 121 100
46 121 100
46 121 100
46 121 100
46 121 100
46 121 100
46 121 100
46 121 100
46 121 100
46 121 100
46 121 100
46 121 100
46 121 100
46 121 100
46 121 100
46 121 100
46 121 100
46 121 100
46 121 100
45 121 100
45 121 100
45 121 100
45 121 100
45 121 100
45 121 100
45 121 100
45 121 100
45 121 100
45 121 100
45 121 100
45 121 100
45 121 100
45 121 100
45 121 100
45 121 100
45 121 100
45 121 100
45 121 100
45 121 100
45 121 100
45 121 100
45 121 100
45 121 100
45 121 100
45 121 100
45 121 100
45 121 100
45 121 100
45 121 100
45 121 100
45 121 100
45 121 100
45 121 100
45 121 100
45 121 100
45 121 100
45 121 100
45 121 100
45 121 100
45 121 100
45 121 100
45 121 100
45 121 100
45 121 100
45 121 100
45 121 100
