# move from (116,171) to (163,2)
116 171 100
117 171 100
118 171 100
119 171 100
120 171 100
121 171 100
122 171 100
123 171 100
124 171 100
125 171 100
126 171 100
127 171 100
128 171 100
129 171 100
130 171 100
131 171 100
132 171 100
133 171 100
134 171 100
135 171 100
136 171 100
137 171 100
138 171 100
139 171 100
140 171 100
141 171 100
142 171 100
143 171 100
144 171 100
145 171 100
146 171 100
147 171 100
148 171 100
149 171 100
150 171 100
151 171 100
152 171 100
153 171 100
154 171 100
155 171 100
156 171 100
157 171 100
158 171 100
159 171 100
160 171 100
161 171 100
162 171 100
163 171 100
163 170 100
163 169 100
163 168 100
163 167 100
163 166 100
163 165 100
163 164 100
163 163 100
163 162 100
163 161 100
163 160 100
163 159 100
163 158 100
163 157 100
163 156 100
163 155 100
163 154 100
163 153 100
163 152 100
163 151 100
163 150 100
163 149 100
163 148 100
163 147 100
163 147 100
163 146 100
163 146 100
163 145 100
163 145 100
163 144 100
163 144 100
163 143 100
163 143 100
163 142 100
163 142 100
163 141 100
163 141 100
163 141 100
163 140 100
163 140 100
163 140 100
163 139 100
163 139 100
163 139 100
163 138 100
163 138 100
163 138 100
163 137 100
163 137 100
163 137 100
163 136 100
163 136 100
163 136 100
163 136 100
163 135 100
163 135 100
163 135 100
163 135 100
163 134 100
163 134 100
163 134 100
163 134 100
163 134 100
163 133 100
163 133 100
163 133 100
163 133 100
163 133 100
163 132 100
163 132 100
163 132 100
163 132 100
163 132 100
163 132 100
163 131 100
163 131 100
163 131 100
163 131 100
163 131 100
163 131 100
163 131 100
163 130 100
163 130 100
163 130 100
163 130 100
163 130 100
163 130 100
163 130 100
163 129 100
163 129 100
163 129 100
163 129 100
163 129 100
163 129 100
163 129 100
163 128 100
163 128 100
163 128 100
163 128 100
163 128 100
163 128 100
163 128 100
163 128 100
163 127 100
163 127 100
163 127 100
163 127 100
163 127 100
163 127 100
163 127 100
163 127 100
163 126 100
163 126 100
163 126 100
163 126 100
163 126 100
163 126 100
163 126 100
163 126 100
163 125 100
163 125 100
163 125 100
163 125 100
163 125 100
163 125 100
163 125 100
163 125 100
163 124 100
163 124 100
163 124 100
163 124 100
163 124 100
163 124 100
163 124 100
163 124 100
163 123 100
163 123 100
163 123 100
163 123 100
163 123 100
163 123 100
163 123 100
163 123 100
163 122 100
163 122 100
163 122 100
163 122 100
163 122 100
163 122 100
163 122 100
163 121 100
163 121 100
163 121 100
163 121 100
163 121 100
163 121 100
163 121 100
163 120 100
163 120 100
163 120 100
163 120 100
163 120 100
163 120 100
163 120 100
163 119 100
163 119 100
163 119 100
163 119 100
163 119 100
163 119 100
163 119 100
163 118 100
163 118 100
163 118 100
163 118 100
163 118 100
163 118 100
163 118 100
163 117 100
163 117 100
163 117 100
163 117 100
163 117 100
163 117 100
163 117 100
163 116 100
163 116 100
163 116 100
163 116 100
163 116 100
163 116 100
163 116 100
163 115 100
163 115 100
163 115 100
163 115 100
163 115 100
163 115 100
163 115 100
163 115 100
163 114 100
163 114 100
163 114 100
163 114 100
163 114 100
163 114 100
163 114 100
163 114 100
163 113 100
163 113 100
163 113 100
163 113 100
163 113 100
163 113 100
163 113 100
163 113 100
163 113 100
163 112 100
163 112 100
163 112 100
163 112 100
163 112 100
163 112 100
163 112 100
163 112 100
163 112 100
163 111 100
163 111 100
163 111 100
163 111 100
163 111 100
163 111 100
163 111 100
163 111 100
163 111 100
163 110 100
163 110 100
163 110 100
163 110 100
163 110 100
163 110 100
163 110 100
163 110 100
163 110 100
163 110 100
163 109 100
163 109 100
163 109 100
163 109 100
163 109 100
163 109 100
163 109 100
163 109 100
163 109 100
163 109 100
163 108 100
163 108 100
163 108 100
163 108 100
163 108 100
163 108 100
163 108 100
163 108 100
163 108 100
163 107 100
163 107 100
163 107 100
163 107 100
163 107 100
163 107 100
163 107 100
163 107 100
163 107 100
163 106 100
163 106 100
163 106 100
163 106 100
163 106 100
163 106 100
163 106 100
163 106 100
163 105 100
163 105 100
163 105 100
163 105 100
163 105 100
163 105 100
163 105 100
163 105 100
163 104 100
163 104 100
163 104 100
163 104 100
163 104 100
163 104 100
163 104 100
163 103 100
163 103 100
163 103 100
163 103 100
163 103 100
163 103 100
163 102 100
163 102 100
163 102 100
163 102 100
163 102 100
163 102 100
163 101 100
163 101 100
163 101 100
163 101 100
163 101 100
163 100 100
163 100 100
163 100 100
163 100 100
163 99 100
163 99 100
163 99 100
163 98 100
163 98 100
163 97 100
163 97 100
163 96 100
163 96 100
163 95 100
163 94 100
163 93 100
163 92 100
163 91 100
163 90 100
163 89 100
163 88 100
163 87 100
163 86 100
163 85 100
163 84 100
163 83 100
163 82 100
163 81 100
163 80 100
163 79 100
163 78 100
163 77 100
163 76 100
163 75 100
163 74 100
163 73 100
163 72 100
163 71 100
163 70 100
163 69 100
163 68 100
163 67 100
163 66 100
163 65 100
163 64 100
163 63 100
163 62 100
163 61 100
163 60 100
163 59 100
163 58 100
163 57 100
163 57 100
163 56 100
163 56 100
163 55 100
163 55 100
163 54 100
163 54 100
163 53 100
163 53 100
163 52 100
163 52 100
163 51 100
163 51 100
163 51 100
163 50 100
163 50 100
163 50 100
163 49 100
163 49 100
163 49 100
163 48 100
163 48 100
163 48 100
163 48 100
163 47 100
163 47 100
163 47 100
163 47 100
163 46 100
163 46 100
163 46 100
163 46 100
163 45 100
163 45 100
163 45 100
163 45 100
163 45 100
163 44 100
163 44 100
163 44 100
163 44 100
163 44 100
163 43 100
163 43 100
163 43 100
163 43 100
163 43 100
163 43 100
163 42 100
163 42 100
163 42 100
163 42 100
163 42 100
163 42 100
163 41 100
163 41 100
163 41 100
163 41 100
163 41 100
163 41 100
163 40 100
163 40 100
163 40 100
163 40 100
163 40 100
163 40 100
163 39 100
163 39 100
163 39 100
163 39 100
163 39 100
163 39 100
163 38 100
163 38 100
163 38 100
163 38 100
163 38 100
163 38 100
163 37 100
163 37 100
163 37 100
163 37 100
163 37 100
163 37 100
163 36 100
163 36 100
163 36 100
163 36 100
163 36 100
163 36 100
163 35 100
163 35 100
163 35 100
163 35 100
163 35 100
163 34 100
163 34 100
163 34 100
163 34 100
163 34 100
163 33 100
163 33 100
163 33 100
163 33 100
163 33 100
163 32 100
163 32 100
163 32 100
163 32 100
163 32 100
163 31 100
163 31 100
163 31 100
163 31 100
163 31 100
163 30 100
163 30 100
163 30 100
163 30 100
163 30 100
163 29 100
163 29 100
163 29 100
163 29 100
163 29 100
163 28 100
163 28 100
163 28 100
163 28 100
163 28 100
163 27 100
163 27 100
163 27 100
163 27 100
163 27 100
163 26 100
163 26 100
163 26 100
163 26 100
163 26 100
163 26 100
163 25 100
163 25 100
163 25 100
163 25 100
163 25 100
163 25 100
163 24 100
163 24 100
163 24 100
163 24 100
163 24 100
163 24 100
163 24 100
163 23 100
163 23 100
163 23 100
163 23 100
163 23 100
163 23 100
163 23 100
163 23 100
163 23 100
163 22 100
163 22 100
163 22 100
163 22 100
163 22 100
163 22 100
163 22 100
163 22 100
163 22 100
163 22 100
163 21 100
163 21 100
163 21 100
163 21 100
163 21 100
163 21 100
163 21 100
163 21 100
163 21 100
163 21 100
163 21 100
163 20 100
163 20 100
163 20 100
163 20 100
163 20 100
163 20 100
163 20 100
163 20 100
163 20 100
163 20 100
163 20 100
163 20 100
163 19 100
163 19 100
163 19 100
163 19 100
163 19 100
163 19 100
163 19 100
163 19 100
163 19 100
163 19 100
163 19 100
163 19 100
163 19 100
163 18 100
163 18 100
163 18 100
163 18 100
163 18 100
163 18 100
163 18 100
163 18 100
163 18 100
163 18 100
163 18 100
163 18 100
163 18 100
163 18 100
163 17 100
163 17 100
163 17 100
163 17 100
163 17 100
163 17 100
163 17 100
163 17 100
163 17 100
163 17 100
163 17 100
163 17 100
163 17 100
163 17 100
163 16 100
163 16 100
163 16 100
163 16 100
163 16 100
163 16 100
163 16 100
163 16 100
163 16 100
163 16 100
163 16 100
163 16 100
163 16 100
163 16 100
163 15 100
163 15 100
163 15 100
163 15 100
163 15 100
163 15 100
163 15 100
163 15 100
163 15 100
163 15 100
163 15 100
163 15 100
163 15 100
163 14 100
163 14 100
163 14 100
163 14 100
163 14 100
163 14 100
163 14 100
163 14 100
163 14 100
163 14 100
163 14 100
163 14 100
163 14 100
163 13 100
163 13 100
163 13 100
163 13 100
163 13 100
163 13 100
163 13 100
163 13 100
163 13 100
163 13 100
163 13 100
163 13 100
163 12 100
163 12 100
163 12 100
163 12 100
163 12 100
163 12 100
163 12 100
163 12 100
163 12 100
163 12 100
163 12 100
163 11 100
163 11 100
163 11 100
163 11 100
163 11 100
163 11 100
163 11 100
163 11 100
163 11 100
163 11 100
163 10 100
163 10 100
163 10 100
163 10 100
163 10 100
163 10 100
163 10 100
163 10 100
163 9 100
163 9 100
163 9 100
163 9 100
163 9 100
163 9 100
163 9 100
163 8 100
163 8 100
163 8 100
163 8 100
163 8 100
163 8 100
163 7 100
163 7 100
163 7 100
163 7 100
163 7 100
163 6 100
163 6 100
163 6 100
163 6 100
163 5 100
163 5 100
163 5 100
163 4 100
163 4 100
163 3 100
163 3 100
163 2 100
163 2 100
