# move from (118,189) to (60,14)
118 189 100
117 189 100
116 189 100
115 189 100
114 189 100
113 189 100
112 189 100
111 189 100
110 189 100
109 189 100
108 189 100
107 189 100
106 189 100
105 189 100
104 189 100
103 189 100
102 189 100
101 189 100
100 189 100
99 189 100
98 189 100
97 189 100
96 189 100
95 189 100
94 189 100
93 189 100
92 189 100
91 189 100
90 189 100
89 189 100
88 189 100
87 189 100
86 189 100
85 189 100
84 189 100
83 189 100
82 189 100
81 189 100
80 189 100
79 189 100
78 189 100
77 189 100
76 189 100
75 189 100
75 189 100
74 189 100
74 189 100
74 189 100
73 189 100
73 189 100
73 189 100
72 189 100
72 189 100
72 189 100
72 189 100
71 189 100
71 189 100
71 189 100
71 189 100
71 189 100
70 189 100
70 189 100
70 189 100
70 189 100
70 189 100
70 189 100
69 189 100
69 189 100
69 189 100
69 189 100
69 189 100
69 189 100
69 189 100
68 189 100
68 189 100
68 189 100
68 189 100
68 189 100
68 189 100
68 189 100
68 189 100
68 189 100
67 189 100
67 189 100
67 189 100
67 189 100
67 189 100
67 189 100
67 189 100
67 189 100
67 189 100
67 189 100
66 189 100
66 189 100
66 189 100
66 189 100
66 189 100
66 189 100
66 189 100
66 189 100
66 189 100
66 189 100
66 189 100
66 189 100
65 189 100
65 189 100
65 189 100
65 189 100
65 189 100
65 189 100
65 189 100
65 189 100
65 189 100
65 189 100
65 189 100
65 189 100
65 189 100
64 189 100
64 189 100
64 189 100
64 189 100
64 189 100
64 189 100
64 189 100
64 189 100
64 189 100
64 189 100
64 189 100
64 189 100
64 189 100
64 189 100
63 189 100
63 189 100
63 189 100
63 189 100
63 189 100
63 189 100
63 189 100
63 189 100
63 189 100
63 189 100
63 189 100
63 189 100
63 189 100
63 189 100
63 189 100
62 189 100
62 189 100
62 189 100
62 189 100
62 189 100
62 189 100
62 189 100
62 189 100
62 189 100
62 189 100
62 189 100
62 189 100
62 189 100
62 189 100
62 189 100
62 189 100
61 189 100
61 189 100
61 189 100
61 189 100
61 189 100
61 189 100
61 189 100
61 189 100
61 189 100
61 189 100
61 189 100
61 189 100
61 189 100
61 189 100
61 189 100
61 189 100
61 189 100
60 189 100
60 189 100
60 189 100
60 189 100
60 189 100
60 189 100
60 189 100
60 189 100
60 189 100
60 189 100
60 189 100
60 189 100
60 189 100
60 189 100
60 189 100
60 189 100
60 189 100
60 188 100
60 188 100
60 188 100
60 188 100
60 188 100
60 188 100
60 188 100
60 188 100
60 188 100
60 188 100
60 188 100
60 188 100
60 188 100
60 188 100
60 188 100
60 188 100
60 188 100
60 188 100
60 187 100
60 187 100
60 187 100
60 187 100
60 187 100
60 187 100
60 187 100
60 187 100
60 187 100
60 187 100
60 187 100
60 187 100
60 187 100
60 187 100
60 187 100
60 187 100
60 187 100
60 187 100
60 187 100
60 186 100
60 186 100
60 186 100
60 186 100
60 186 100
60 186 100
60 186 100
60 186 100
60 186 100
60 186 100
60 186 100
60 186 100
60 186 100
60 186 100
60 186 100
60 186 100
60 186 100
60 186 100
60 186 100
60 186 100
60 185 100
60 185 100
60 185 100
60 185 100
60 185 100
60 185 100
60 185 100
60 185 100
60 185 100
60 185 100
60 185 100
60 185 100
60 185 100
60 185 100
60 185 100
60 185 100
60 185 100
60 185 100
60 185 100
60 185 100
60 184 100
60 184 100
60 184 100
60 184 100
60 184 100
60 184 100
60 184 100
60 184 100
60 184 100
60 184 100
60 184 100
60 184 100
60 184 100
60 184 100
60 184 100
60 184 100
60 184 100
60 184 100
60 184 100
60 184 100
60 183 100
60 183 100
60 183 100
60 183 100
60 183 100
60 183 100
60 183 100
60 183 100
60 183 100
60 183 100
60 183 100
60 183 100
60 183 100
60 183 100
60 183 100
60 183 100
60 183 100
60 183 100
60 183 100
60 183 100
60 182 100
60 182 100
60 182 100
60 182 100
60 182 100
60 182 100
60 182 100
60 182 100
60 182 100
60 182 100
60 182 100
60 182 100
60 182 100
60 182 100
60 182 100
60 182 100
60 182 100
60 182 100
60 182 100
60 181 100
60 181 100
60 181 100
60 181 100
60 181 100
60 181 100
60 181 100
60 181 100
60 181 100
60 181 100
60 181 100
60 181 100
60 181 100
60 181 100
60 181 100
60 181 100
60 181 100
60 181 100
60 181 100
60 180 100
60 180 100
60 180 100
60 180 100
60 180 100
60 180 100
60 180 100
60 180 100
60 180 100
60 180 100
60 180 100
60 180 100
60 180 100
60 180 100
60 180 100
60 180 100
60 180 100
60 180 100
60 180 100
60 179 100
60 179 100
60 179 100
60 179 100
60 179 100
60 179 100
60 179 100
60 179 100
60 179 100
60 179 100
60 179 100
60 179 100
60 179 100
60 179 100
60 179 100
60 179 100
60 179 100
60 179 100
60 179 100
60 178 100
60 178 100
60 178 100
60 178 100
60 178 100
60 178 100
60 178 100
60 178 100
60 178 100
60 178 100
60 178 100
60 178 100
60 178 100
60 178 100
60 178 100
60 178 100
60 178 100
60 178 100
60 177 100
60 177 100
60 177 100
60 177 100
60 177 100
60 177 100
60 177 100
60 177 100
60 177 100
60 177 100
60 177 100
60 177 100
60 177 100
60 177 100
60 177 100
60 177 100
60 177 100
60 177 100
60 176 100
60 176 100
60 176 100
60 176 100
60 176 100
60 176 100
60 176 100
60 176 100
60 176 100
60 176 100
60 176 100
60 176 100
60 176 100
60 176 100
60 176 100
60 176 100
60 176 100
60 176 100
60 176 100
60 175 100
60 175 100
60 175 100
60 175 100
60 175 100
60 175 100
60 175 100
60 175 100
60 175 100
60 175 100
60 175 100
60 175 100
60 175 100
60 175 100
60 175 100
60 175 100
60 175 100
60 175 100
60 175 100
60 174 100
60 174 100
60 174 100
60 174 100
60 174 100
60 174 100
60 174 100
60 174 100
60 174 100
60 174 100
60 174 100
60 174 100
60 174 100
60 174 100
60 174 100
60 174 100
60 174 100
60 174 100
60 174 100
60 173 100
60 173 100
60 173 100
60 173 100
60 173 100
60 173 100
60 173 100
60 173 100
60 173 100
60 173 100
60 173 100
60 173 100
60 173 100
60 173 100
60 173 100
60 173 100
60 173 100
60 173 100
60 173 100
60 172 100
60 172 100
60 172 100
60 172 100
60 172 100
60 172 100
60 172 100
60 172 100
60 172 100
60 172 100
60 172 100
60 172 100
60 172 100
60 172 100
60 172 100
60 172 100
60 172 100
60 172 100
60 172 100
60 172 100
60 171 100
60 171 100
60 171 100
60 171 100
60 171 100
60 171 100
60 171 100
60 171 100
60 171 100
60 171 100
60 171 100
60 171 100
60 171 100
60 171 100
60 171 100
60 171 100
60 171 100
60 171 100
60 171 100
60 171 100
60 170 100
60 170 100
60 170 100
60 170 100
60 170 100
60 170 100
60 170 100
60 170 100
60 170 100
60 170 100
60 170 100
60 170 100
60 170 100
60 170 100
60 170 100
60 170 100
60 170 100
60 170 100
60 170 100
60 170 100
60 170 100
60 169 100
60 169 100
60 169 100
60 169 100
60 169 100
60 169 100
60 169 100
60 169 100
60 169 100
60 169 100
60 169 100
60 169 100
60 169 100
60 169 100
60 169 100
60 169 100
60 169 100
60 169 100
60 169 100
60 169 100
60 169 100
60 169 100
60 168 100
60 168 100
60 168 100
60 168 100
60 168 100
60 168 100
60 168 100
60 168 100
60 168 100
60 168 100
60 168 100
60 168 100
60 168 100
60 168 100
60 168 100
60 168 100
60 168 100
60 168 100
60 168 100
60 168 100
60 168 100
60 168 100
60 167 100
60 167 100
60 167 100
60 167 100
60 167 100
60 167 100
60 167 100
60 167 100
60 167 100
60 167 100
60 167 100
60 167 100
60 167 100
60 167 100
60 167 100
60 167 100
60 167 100
60 167 100
60 167 100
60 167 100
60 167 100
60 167 100
60 167 100
60 166 100
60 166 100
60 166 100
60 166 100
60 166 100
60 166 100
60 166 100
60 166 100
60 166 100
60 166 100
60 166 100
60 166 100
60 166 100
60 166 100
60 166 100
60 166 100
60 166 100
60 166 100
60 166 100
60 166 100
60 166 100
60 166 100
60 166 100
60 165 100
60 165 100
60 165 100
60 165 100
60 165 100
60 165 100
60 165 100
60 165 100
60 165 100
60 165 100
60 165 100
60 165 100
60 165 100
60 165 100
60 165 100
60 165 100
60 165 100
60 165 100
60 165 100
60 165 100
60 165 100
60 165 100
60 165 100
60 165 100
60 164 100
60 164 100
60 164 100
60 164 100
60 164 100
60 164 100
60 164 100
60 164 100
60 164 100
60 164 100
60 164 100
60 164 100
60 164 100
60 164 100
60 164 100
60 164 100
60 164 100
60 164 100
60 164 100
60 164 100
60 164 100
60 164 100
60 164 100
60 164 100
60 164 100
60 163 100
60 163 100
60 163 100
60 163 100
60 163 100
60 163 100
60 163 100
60 163 100
60 163 100
60 163 100
60 163 100
60 163 100
60 163 100
60 163 100
60 163 100
60 163 100
60 163 100
60 163 100
60 163 100
60 163 100
60 163 100
60 163 100
60 163 100
60 163 100
60 163 100
60 162 100
60 162 100
60 162 100
60 162 100
60 162 100
60 162 100
60 162 100
60 162 100
60 162 100
60 162 100
60 162 100
60 162 100
60 162 100
60 162 100
60 162 100
60 162 100
60 162 100
60 162 100
60 162 100
60 162 100
60 162 100
60 162 100
60 162 100
60 162 100
60 162 100
60 162 100
60 161 100
60 161 100
60 161 100
60 161 100
60 161 100
60 161 100
60 161 100
60 161 100
60 161 100
60 161 100
60 161 100
60 161 100
60 161 100
60 161 100
60 161 100
60 161 100
60 161 100
60 161 100
60 161 100
60 161 100
60 161 100
60 161 100
60 161 100
60 161 100
60 161 100
60 161 100
60 161 100
60 160 100
60 160 100
60 160 100
60 160 100
60 160 100
60 160 100
60 160 100
60 160 100
60 160 100
60 160 100
60 160 100
60 160 100
60 160 100
60 160 100
60 160 100
60 160 100
60 160 100
60 160 100
60 160 100
60 160 100
60 160 100
60 160 100
60 160 100
60 160 100
60 160 100
60 160 100
60 160 100
60 159 100
60 159 100
60 159 100
60 159 100
60 159 100
60 159 100
60 159 100
60 159 100
60 159 100
60 159 100
60 159 100
60 159 100
60 159 100
60 159 100
60 159 100
60 159 100
60 159 100
60 159 100
60 159 100
60 159 100
60 159 100
60 159 100
60 159 100
60 159 100
60 159 100
60 159 100
60 159 100
60 159 100
60 158 100
60 158 100
60 158 100
60 158 100
60 158 100
60 158 100
60 158 100
60 158 100
60 158 100
60 158 100
60 158 100
60 158 100
60 158 100
60 158 100
60 158 100
60 158 100
60 158 100
60 158 100
60 158 100
60 158 100
60 158 100
60 158 100
60 158 100
60 158 100
60 158 100
60 158 100
60 158 100
60 158 100
60 157 100
60 157 100
60 157 100
60 157 100
60 157 100
60 157 100
60 157 100
60 157 100
60 157 100
60 157 100
60 157 100
60 157 100
60 157 100
60 157 100
60 157 100
60 157 100
60 157 100
60 157 100
60 157 100
60 157 100
60 157 100
60 157 100
60 157 100
60 157 100
60 157 100
60 157 100
60 157 100
60 157 100
60 156 100
60 156 100
60 156 100
60 156 100
60 156 100
60 156 100
60 156 100
60 156 100
60 156 100
60 156 100
60 156 100
60 156 100
60 156 100
60 156 100
60 156 100
60 156 100
60 156 100
60 156 100
60 156 100
60 156 100
60 156 100
60 156 100
60 156 100
60 156 100
60 156 100
60 156 100
60 156 100
60 155 100
60 155 100
60 155 100
60 155 100
60 155 100
60 155 100
60 155 100
60 155 100
60 155 100
60 155 100
60 155 100
60 155 100
60 155 100
60 155 100
60 155 100
60 155 100
60 155 100
60 155 100
60 155 100
60 155 100
60 155 100
60 155 100
60 155 100
60 155 100
60 155 100
60 155 100
60 154 100
60 154 100
60 154 100
60 154 100
60 154 100
60 154 100
60 154 100
60 154 100
60 154 100
60 154 100
60 154 100
60 154 100
60 154 100
60 154 100
60 154 100
60 154 100
60 154 100
60 154 100
60 154 100
60 154 100
60 154 100
60 154 100
60 154 100
60 154 100
60 153 100
60 153 100
60 153 100
60 153 100
60 153 100
60 153 100
60 153 100
60 153 100
60 153 100
60 153 100
60 153 100
60 153 100
60 153 100
60 153 100
60 153 100
60 153 100
60 153 100
60 153 100
60 153 100
60 153 100
60 153 100
60 152 100
60 152 100
60 152 100
60 152 100
60 152 100
60 152 100
60 152 100
60 152 100
60 152 100
60 152 100
60 152 100
60 152 100
60 152 100
60 152 100
60 152 100
60 152 100
60 152 100
60 152 100
60 151 100
60 151 100
60 151 100
60 151 100
60 151 100
60 151 100
60 151 100
60 151 100
60 151 100
60 151 100
60 151 100
60 151 100
60 151 100
60 151 100
60 151 100
60 150 100
60 150 100
60 150 100
60 150 100
60 150 100
60 150 100
60 150 100
60 150 100
60 150 100
60 150 100
60 150 100
60 150 100
60 149 100
60 149 100
60 149 100
60 149 100
60 149 100
60 149 100
60 149 100
60 149 100
60 149 100
60 148 100
60 148 100
60 148 100
60 148 100
60 148 100
60 148 100
60 147 100
60 147 100
60 147 100
60 147 100
60 146 100
60 146 100
60 146 100
60 145 100
60 145 100
60 144 100
60 143 100
60 142 100
60 141 100
60 140 100
60 139 100
60 138 100
60 137 100
60 136 100
60 135 100
60 134 100
60 133 100
60 132 100
60 131 100
60 130 100
60 129 100
60 128 100
60 127 100
60 126 100
60 125 100
60 124 100
60 123 100
60 122 100
60 121 100
60 120 100
60 119 100
60 118 100
60 117 100
60 116 100
60 115 100
60 114 100
60 113 100
60 112 100
60 111 100
60 110 100
60 109 100
60 108 100
60 107 100
60 106 100
60 105 100
60 104 100
60 103 100
60 102 100
60 101 100
60 100 100
60 99 100
60 98 100
60 97 100
60 96 100
60 95 100
60 94 100
60 93 100
60 92 100
60 91 100
60 90 100
60 89 100
60 88 100
60 87 100
60 86 100
60 86 100
60 85 100
60 85 100
60 84 100
60 84 100
60 84 100
60 83 100
60 83 100
60 83 100
60 83 100
60 83 100
60 82 100
60 82 100
60 82 100
60 82 100
60 82 100
60 82 100
60 82 100
60 81 100
60 81 100
60 81 100
60 81 100
60 81 100
60 81 100
60 81 100
60 81 100
60 81 100
60 81 100
60 80 100
60 80 100
60 80 100
60 80 100
60 80 100
60 80 100
60 80 100
60 80 100
60 80 100
60 80 100
60 80 100
60 80 100
60 80 100
60 80 100
60 79 100
60 79 100
60 79 100
60 79 100
60 79 100
60 79 100
60 79 100
60 79 100
60 79 100
60 79 100
60 79 100
60 79 100
60 79 100
60 79 100
60 79 100
60 79 100
60 79 100
60 79 100
60 78 100
60 78 100
60 78 100
60 78 100
60 78 100
60 78 100
60 78 100
60 78 100
60 78 100
60 78 100
60 78 100
60 78 100
60 78 100
60 78 100
60 78 100
60 78 100
60 78 100
60 78 100
60 78 100
60 78 100
60 78 100
60 78 100
60 77 100
60 77 100
60 77 100
60 77 100
60 77 100
60 77 100
60 77 100
60 77 100
60 77 100
60 77 100
60 77 100
60 77 100
60 77 100
60 77 100
60 77 100
60 77 100
60 77 100
60 77 100
60 77 100
60 77 100
60 77 100
60 77 100
60 77 100
60 77 100
60 77 100
60 77 100
60 77 100
60 76 100
60 76 100
60 76 100
60 76 100
60 76 100
60 76 100
60 76 100
60 76 100
60 76 100
60 76 100
60 76 100
60 76 100
60 76 100
60 76 100
60 76 100
60 76 100
60 76 100
60 76 100
60 76 100
60 76 100
60 76 100
60 76 100
60 76 100
60 76 100
60 76 100
60 76 100
60 76 100
60 76 100
60 76 100
60 76 100
60 76 100
60 75 100
60 75 100
60 75 100
60 75 100
60 75 100
60 75 100
60 75 100
60 75 100
60 75 100
60 75 100
60 75 100
60 75 100
60 75 100
60 75 100
60 75 100
60 75 100
60 75 100
60 75 100
60 75 100
60 75 100
60 75 100
60 75 100
60 75 100
60 75 100
60 75 100
60 75 100
60 75 100
60 75 100
60 75 100
60 75 100
60 75 100
60 75 100
60 75 100
60 75 100
60 74 100
60 74 100
60 74 100
60 74 100
60 74 100
60 74 100
60 74 100
60 74 100
60 74 100
60 74 100
60 74 100
60 74 100
60 74 100
60 74 100
60 74 100
60 74 100
60 74 100
60 74 100
60 74 100
60 74 100
60 74 100
60 74 100
60 74 100
60 74 100
60 74 100
60 74 100
60 74 100
60 74 100
60 74 100
60 74 100
60 74 100
60 74 100
60 74 100
60 74 100
60 74 100
60 74 100
60 73 100
60 73 100
60 73 100
60 73 100
60 73 100
60 73 100
60 73 100
60 73 100
60 73 100
60 73 100
60 73 100
60 73 100
60 73 100
60 73 100
60 73 100
60 73 100
60 73 100
60 73 100
60 73 100
60 73 100
60 73 100
60 73 100
60 73 100
60 73 100
60 73 100
60 73 100
60 73 100
60 73 100
60 73 100
60 73 100
60 73 100
60 73 100
60 73 100
60 73 100
60 73 100
60 73 100
60 73 100
60 72 100
60 72 100
60 72 100
60 72 100
60 72 100
60 72 100
60 72 100
60 72 100
60 72 100
60 72 100
60 72 100
60 72 100
60 72 100
60 72 100
60 72 100
60 72 100
60 72 100
60 72 100
60 72 100
60 72 100
60 72 100
60 72 100
60 72 100
60 72 100
60 72 100
60 72 100
60 72 100
60 72 100
60 72 100
60 72 100
60 72 100
60 72 100
60 72 100
60 72 100
60 72 100
60 72 100
60 72 100
60 71 100
60 71 100
60 71 100
60 71 100
60 71 100
60 71 100
60 71 100
60 71 100
60 71 100
60 71 100
60 71 100
60 71 100
60 71 100
60 71 100
60 71 100
60 71 100
60 71 100
60 71 100
60 71 100
60 71 100
60 71 100
60 71 100
60 71 100
60 71 100
60 71 100
60 71 100
60 71 100
60 71 100
60 71 100
60 71 100
60 71 100
60 71 100
60 71 100
60 71 100
60 71 100
60 70 100
60 70 100
60 70 100
60 70 100
60 70 100
60 70 100
60 70 100
60 70 100
60 70 100
60 70 100
60 70 100
60 70 100
60 70 100
60 70 100
60 70 100
60 70 100
60 70 100
60 70 100
60 70 100
60 70 100
60 70 100
60 70 100
60 70 100
60 70 100
60 70 100
60 70 100
60 70 100
60 70 100
60 70 100
60 70 100
60 70 100
60 70 100
60 70 100
60 69 100
60 69 100
60 69 100
60 69 100
60 69 100
60 69 100
60 69 100
60 69 100
60 69 100
60 69 100
60 69 100
60 69 100
60 69 100
60 69 100
60 69 100
60 69 100
60 69 100
60 69 100
60 69 100
60 69 100
60 69 100
60 69 100
60 69 100
60 69 100
60 69 100
60 69 100
60 69 100
60 69 100
60 69 100
60 68 100
60 68 100
60 68 100
60 68 100
60 68 100
60 68 100
60 68 100
60 68 100
60 68 100
60 68 100
60 68 100
60 68 100
60 68 100
60 68 100
60 68 100
60 68 100
60 68 100
60 68 100
60 68 100
60 68 100
60 68 100
60 68 100
60 68 100
60 68 100
60 68 100
60 67 100
60 67 100
60 67 100
60 67 100
60 67 100
60 67 100
60 67 100
60 67 100
60 67 100
60 67 100
60 67 100
60 67 100
60 67 100
60 67 100
60 67 100
60 67 100
60 67 100
60 67 100
60 67 100
60 67 100
60 67 100
60 66 100
60 66 100
60 66 100
60 66 100
60 66 100
60 66 100
60 66 100
60 66 100
60 66 100
60 66 100
60 66 100
60 66 100
60 66 100
60 66 100
60 66 100
60 66 100
60 65 100
60 65 100
60 65 100
60 65 100
60 65 100
60 65 100
60 65 100
60 65 100
60 65 100
60 65 100
60 65 100
60 65 100
60 64 100
60 64 100
60 64 100
60 64 100
60 64 100
60 64 100
60 64 100
60 64 100
60 64 100
60 63 100
60 63 100
60 63 100
60 63 100
60 63 100
60 63 100
60 62 100
60 62 100
60 62 100
60 62 100
60 61 100
60 61 100
60 61 100
60 60 100
60 60 100
60 60 100
60 59 100
60 59 100
60 58 100
60 58 100
60 57 100
60 57 100
60 56 100
60 56 100
60 55 100
60 55 100
60 54 100
60 54 100
60 53 100
60 53 100
60 53 100
60 52 100
60 52 100
60 52 100
60 51 100
60 51 100
60 51 100
60 51 100
60 50 100
60 50 100
60 50 100
60 50 100
60 50 100
60 49 100
60 49 100
60 49 100
60 49 100
60 49 100
60 49 100
60 49 100
60 48 100
60 48 100
60 48 100
60 48 100
60 48 100
60 48 100
60 48 100
60 48 100
60 48 100
60 47 100
60 47 100
60 47 100
60 47 100
60 47 100
60 47 100
60 47 100
60 47 100
60 47 100
60 47 100
60 47 100
60 47 100
60 46 100
60 46 100
60 46 100
60 46 100
60 46 100
60 46 100
60 46 100
60 46 100
60 46 100
60 46 100
60 46 100
60 46 100
60 46 100
60 45 100
60 45 100
60 45 100
60 45 100
60 45 100
60 45 100
60 45 100
60 45 100
60 45 100
60 45 100
60 45 100
60 45 100
60 45 100
60 45 100
60 45 100
60 44 100
60 44 100
60 44 100
60 44 100
60 44 100
60 44 100
60 44 100
60 44 100
60 44 100
60 44 100
60 44 100
60 44 100
60 44 100
60 44 100
60 44 100
60 43 100
60 43 100
60 43 100
60 43 100
60 43 100
60 43 100
60 43 100
60 43 100
60 43 100
60 43 100
60 43 100
60 43 100
60 43 100
60 43 100
60 42 100
60 42 100
60 42 100
60 42 100
60 42 100
60 42 100
60 42 100
60 42 100
60 42 100
60 42 100
60 42 100
60 42 100
60 41 100
60 41 100
60 41 100
60 41 100
60 41 100
60 41 100
60 41 100
60 41 100
60 41 100
60 41 100
60 40 100
60 40 100
60 40 100
60 40 100
60 40 100
60 40 100
60 40 100
60 40 100
60 39 100
60 39 100
60 39 100
60 39 100
60 39 100
60 38 100
60 38 100
60 38 100
60 37 100
60 37 100
60 36 100
60 35 100
60 34 100
60 33 100
60 32 100
60 31 100
60 30 100
60 29 100
60 28 100
60 27 100
60 26 100
60 25 100
60 24 100
60 23 100
60 22 100
60 21 100
60 20 100
60 19 100
60 18 100
60 17 100
60 16 100
60 15 100
60 14 100
