# move from (145,174) to (47,35)
145 174 100
144 174 100
143 174 100
142 174 100
141 174 100
140 174 100
139 174 100
138 174 100
137 174 100
136 174 100
135 174 100
134 174 100
133 174 100
132 174 100
131 174 100
130 174 100
129 174 100
128 174 100
127 174 100
126 174 100
125 174 100
124 174 100
123 174 100
122 174 100
121 174 100
120 174 100
119 174 100
118 174 100
117 174 100
116 174 100
115 174 100
114 174 100
113 174 100
112 174 100
111 174 100
110 174 100
109 174 100
108 174 100
107 174 100
106 174 100
105 174 100
104 174 100
103 174 100
102 174 100
101 174 100
100 174 100
99 174 100
98 174 100
97 174 100
96 174 100
95 174 100
94 174 100
93 174 100
92 174 100
91 174 100
90 174 100
89 174 100
88 174 100
87 174 100
86 174 100
85 174 100
84 174 100
83 174 100
82 174 100
81 174 100
80 174 100
79 174 100
78 174 100
77 174 100
77 174 100
76 174 100
76 174 100
75 174 100
75 174 100
74 174 100
74 174 100
73 174 100
73 174 100
72 174 100
72 174 100
71 174 100
71 174 100
70 174 100
70 174 100
69 174 100
69 174 100
69 174 100
68 174 100
68 174 100
68 174 100
67 174 100
67 174 100
67 174 100
67 174 100
66 174 100
66 174 100
66 174 100
66 174 100
65 174 100
65 174 100
65 174 100
65 174 100
65 174 100
64 174 100
64 174 100
64 174 100
64 174 100
64 174 100
63 174 100
63 174 100
63 174 100
63 174 100
63 174 100
63 174 100
62 174 100
62 174 100
62 174 100
62 174 100
62 174 100
62 174 100
61 174 100
61 174 100
61 174 100
61 174 100
61 174 100
60 174 100
60 174 100
60 174 100
60 174 100
60 174 100
59 174 100
59 174 100
59 174 100
59 174 100
59 174 100
58 174 100
58 174 100
58 174 100
58 174 100
57 174 100
57 174 100
57 174 100
57 174 100
56 174 100
56 174 100
56 174 100
56 174 100
55 174 100
55 174 100
55 174 100
55 174 100
54 174 100
54 174 100
54 174 100
54 174 100
53 174 100
53 174 100
53 174 100
53 174 100
53 174 100
52 174 100
52 174 100
52 174 100
52 174 100
52 174 100
51 174 100
51 174 100
51 174 100
51 174 100
51 174 100
51 174 100
50 174 100
50 174 100
50 174 100
50 174 100
50 174 100
50 174 100
49 174 100
49 174 100
49 174 100
49 174 100
49 174 100
49 174 100
48 174 100
48 174 100
48 174 100
48 174 100
48 174 100
48 174 100
47 174 100
47 174 100
47 174 100
47 174 100
47 174 100
47 174 100
47 173 100
47 173 100
47 173 100
47 173 100
47 173 100
47 173 100
47 172 100
47 172 100
47 172 100
47 172 100
47 172 100
47 172 100
47 172 100
47 171 100
47 171 100
47 171 100
47 171 100
47 171 100
47 171 100
47 171 100
47 170 100
47 170 100
47 170 100
47 170 100
47 170 100
47 170 100
47 170 100
47 170 100
47 169 100
47 169 100
47 169 100
47 169 100
47 169 100
47 169 100
47 169 100
47 169 100
47 169 100
47 168 100
47 168 100
47 168 100
47 168 100
47 168 100
47 168 100
47 168 100
47 168 100
47 168 100
47 167 100
47 167 100
47 167 100
47 167 100
47 167 100
47 167 100
47 167 100
47 167 100
47 167 100
47 167 100
47 166 100
47 166 100
47 166 100
47 166 100
47 166 100
47 166 100
47 166 100
47 166 100
47 166 100
47 166 100
47 165 100
47 165 100
47 165 100
47 165 100
47 165 100
47 165 100
47 165 100
47 165 100
47 165 100
47 165 100
47 164 100
47 164 100
47 164 100
47 164 100
47 164 100
47 164 100
47 164 100
47 164 100
47 164 100
47 163 100
47 163 100
47 163 100
47 163 100
47 163 100
47 163 100
47 163 100
47 163 100
47 162 100
47 162 100
47 162 100
47 162 100
47 162 100
47 162 100
47 162 100
47 161 100
47 161 100
47 161 100
47 161 100
47 161 100
47 161 100
47 160 100
47 160 100
47 160 100
47 160 100
47 160 100
47 160 100
47 159 100
47 159 100
47 159 100
47 159 100
47 159 100
47 158 100
47 158 100
47 158 100
47 158 100
47 158 100
47 157 100
47 157 100
47 157 100
47 157 100
47 157 100
47 156 100
47 156 100
47 156 100
47 156 100
47 156 100
47 155 100
47 155 100
47 155 100
47 155 100
47 155 100
47 154 100
47 154 100
47 154 100
47 154 100
47 154 100
47 154 100
47 153 100
47 153 100
47 153 100
47 153 100
47 153 100
47 153 100
47 152 100
47 152 100
47 152 100
47 152 100
47 152 100
47 152 100
47 152 100
47 151 100
47 151 100
47 151 100
47 151 100
47 151 100
47 151 100
47 151 100
47 151 100
47 150 100
47 150 100
47 150 100
47 150 100
47 150 100
47 150 100
47 150 100
47 150 100
47 149 100
47 149 100
47 149 100
47 149 100
47 149 100
47 149 100
47 149 100
47 149 100
47 148 100
47 148 100
47 148 100
47 148 100
47 148 100
47 148 100
47 148 100
47 148 100
47 147 100
47 147 100
47 147 100
47 147 100
47 147 100
47 147 100
47 147 100
47 146 100
47 146 100
47 146 100
47 146 100
47 146 100
47 146 100
47 146 100
47 145 100
47 145 100
47 145 100
47 145 100
47 145 100
47 145 100
47 144 100
47 144 100
47 144 100
47 144 100
47 144 100
47 144 100
47 143 100
47 143 100
47 143 100
47 143 100
47 143 100
47 142 100
47 142 100
47 142 100
47 142 100
47 142 100
47 141 100
47 141 100
47 141 100
47 141 100
47 141 100
47 140 100
47 140 100
47 140 100
47 140 100
47 140 100
47 139 100
47 139 100
47 139 100
47 139 100
47 139 100
47 139 100
47 138 100
47 138 100
47 138 100
47 138 100
47 138 100
47 138 100
47 137 100
47 137 100
47 137 100
47 137 100
47 137 100
47 137 100
47 137 100
47 136 100
47 136 100
47 136 100
47 136 100
47 136 100
47 136 100
47 136 100
47 136 100
47 135 100
47 135 100
47 135 100
47 135 100
47 135 100
47 135 100
47 135 100
47 135 100
47 135 100
47 134 100
47 134 100
47 134 100
47 134 100
47 134 100
47 134 100
47 134 100
47 134 100
47 134 100
47 134 100
47 133 100
47 133 100
47 133 100
47 133 100
47 133 100
47 133 100
47 133 100
47 133 100
47 133 100
47 133 100
47 133 100
47 133 100
47 132 100
47 132 100
47 132 100
47 132 100
47 132 100
47 132 100
47 132 100
47 132 100
47 132 100
47 132 100
47 132 100
47 132 100
47 132 100
47 131 100
47 131 100
47 131 100
47 131 100
47 131 100
47 131 100
47 131 100
47 131 100
47 131 100
47 131 100
47 131 100
47 131 100
47 131 100
47 131 100
47 130 100
47 130 100
47 130 100
47 130 100
47 130 100
47 130 100
47 130 100
47 130 100
47 130 100
47 130 100
47 130 100
47 130 100
47 130 100
47 130 100
47 130 100
47 129 100
47 129 100
47 129 100
47 129 100
47 129 100
47 129 100
47 129 100
47 129 100
47 129 100
47 129 100
47 129 100
47 129 100
47 129 100
47 129 100
47 129 100
47 129 100
47 128 100
47 128 100
47 128 100
47 128 100
47 128 100
47 128 100
47 128 100
47 128 100
47 128 100
47 128 100
47 128 100
47 128 100
47 128 100
47 128 100
47 128 100
47 128 100
47 127 100
47 127 100
47 127 100
47 127 100
47 127 100
47 127 100
47 127 100
47 127 100
47 127 100
47 127 100
47 127 100
47 127 100
47 127 100
47 127 100
47 127 100
47 126 100
47 126 100
47 126 100
47 126 100
47 126 100
47 126 100
47 126 100
47 126 100
47 126 100
47 126 100
47 126 100
47 126 100
47 126 100
47 126 100
47 125 100
47 125 100
47 125 100
47 125 100
47 125 100
47 125 100
47 125 100
47 125 100
47 125 100
47 125 100
47 125 100
47 125 100
47 124 100
47 124 100
47 124 100
47 124 100
47 124 100
47 124 100
47 124 100
47 124 100
47 124 100
47 124 100
47 124 100
47 123 100
47 123 100
47 123 100
47 123 100
47 123 100
47 123 100
47 123 100
47 123 100
47 123 100
47 123 100
47 122 100
47 122 100
47 122 100
47 122 100
47 122 100
47 122 100
47 122 100
47 122 100
47 122 100
47 121 100
47 121 100
47 121 100
47 121 100
47 121 100
47 121 100
47 121 100
47 121 100
47 120 100
47 120 100
47 120 100
47 120 100
47 120 100
47 120 100
47 120 100
47 119 100
47 119 100
47 119 100
47 119 100
47 119 100
47 119 100
47 118 100
47 118 100
47 118 100
47 118 100
47 118 100
47 118 100
47 117 100
47 117 100
47 117 100
47 117 100
47 117 100
47 117 100
47 116 100
47 116 100
47 116 100
47 116 100
47 116 100
47 116 100
47 115 100
47 115 100
47 115 100
47 115 100
47 115 100
47 115 100
47 114 100
47 114 100
47 114 100
47 114 100
47 114 100
47 114 100
47 114 100
47 113 100
47 113 100
47 113 100
47 113 100
47 113 100
47 113 100
47 113 100
47 113 100
47 112 100
47 112 100
47 112 100
47 112 100
47 112 100
47 112 100
47 112 100
47 112 100
47 111 100
47 111 100
47 111 100
47 111 100
47 111 100
47 111 100
47 111 100
47 111 100
47 110 100
47 110 100
47 110 100
47 110 100
47 110 100
47 110 100
47 110 100
47 110 100
47 109 100
47 109 100
47 109 100
47 109 100
47 109 100
47 109 100
47 109 100
47 109 100
47 109 100
47 108 100
47 108 100
47 108 100
47 108 100
47 108 100
47 108 100
47 108 100
47 108 100
47 108 100
47 107 100
47 107 100
47 107 100
47 107 100
47 107 100
47 107 100
47 107 100
47 107 100
47 107 100
47 106 100
47 106 100
47 106 100
47 106 100
47 106 100
47 106 100
47 106 100
47 106 100
47 106 100
47 105 100
47 105 100
47 105 100
47 105 100
47 105 100
47 105 100
47 105 100
47 105 100
47 104 100
47 104 100
47 104 100
47 104 100
47 104 100
47 104 100
47 104 100
47 103 100
47 103 100
47 103 100
47 103 100
47 103 100
47 102 100
47 102 100
47 102 100
47 102 100
47 101 100
47 101 100
47 101 100
47 100 100
47 100 100
47 100 100
47 99 100
47 99 100
47 98 100
47 98 100
47 97 100
47 97 100
47 96 100
47 96 100
47 95 100
47 95 100
47 94 100
47 94 100
47 93 100
47 93 100
47 92 100
47 92 100
47 91 100
47 91 100
47 91 100
47 90 100
47 90 100
47 90 100
47 89 100
47 89 100
47 89 100
47 88 100
47 88 100
47 88 100
47 87 100
47 87 100
47 87 100
47 86 100
47 86 100
47 85 100
47 85 100
47 84 100
47 84 100
47 83 100
47 83 100
47 82 100
47 82 100
47 81 100
47 81 100
47 80 100
47 80 100
47 79 100
47 79 100
47 78 100
47 78 100
47 77 100
47 77 100
47 76 100
47 76 100
47 75 100
47 74 100
47 73 100
47 72 100
47 71 100
47 70 100
47 69 100
47 68 100
47 67 100
47 66 100
47 66 100
47 65 100
47 64 100
47 63 100
47 62 100
47 61 100
47 60 100
47 59 100
47 58 100
47 57 100
47 56 100
47 55 100
47 54 100
47 53 100
47 52 100
47 51 100
47 50 100
47 49 100
47 48 100
47 47 100
47 46 100
47 45 100
47 44 100
47 43 100
47 42 100
47 41 100
47 40 100
47 39 100
47 38 100
47 37 100
47 36 100
47 35 100
# move from (110,74) to (47,35)
110 74 100
110 74 100
110 74 100
110 74 100
110 74 100
109 74 100
109 74 100
109 74 100
109 74 100
109 74 100
109 74 100
108 74 100
108 74 100
108 74 100
108 74 100
108 74 100
108 74 100
108 74 100
108 74 100
107 74 100
107 74 100
107 74 100
107 74 100
107 74 100
107 74 100
107 74 100
107 74 100
107 74 100
106 74 100
106 74 100
106 74 100
106 74 100
106 74 100
106 74 100
106 74 100
106 74 100
106 74 100
106 74 100
106 74 100
105 74 100
105 74 100
105 74 100
105 74 100
105 74 100
105 74 100
105 74 100
105 74 100
105 74 100
105 74 100
105 74 100
105 74 100
105 74 100
104 74 100
104 74 100
104 74 100
104 74 100
104 74 100
104 74 100
104 74 100
104 74 100
104 74 100
104 74 100
104 74 100
104 74 100
104 74 100
104 74 100
103 74 100
103 74 100
103 74 100
103 74 100
103 74 100
103 74 100
103 74 100
103 74 100
103 74 100
103 74 100
103 74 100
103 74 100
103 74 100
103 74 100
102 74 100
102 74 100
102 74 100
102 74 100
102 74 100
102 74 100
102 74 100
102 74 100
102 74 100
102 74 100
102 74 100
102 74 100
102 74 100
102 74 100
101 74 100
101 74 100
101 74 100
101 74 100
101 74 100
101 74 100
101 74 100
101 74 100
101 74 100
101 74 100
101 74 100
101 74 100
101 74 100
101 74 100
100 74 100
100 74 100
100 74 100
100 74 100
100 74 100
100 74 100
100 74 100
100 74 100
100 74 100
100 74 100
100 74 100
100 74 100
100 74 100
100 74 100
99 74 100
99 74 100
99 74 100
99 74 100
99 74 100
99 74 100
99 74 100
99 74 100
99 74 100
99 74 100
99 74 100
99 74 100
99 74 100
98 74 100
98 74 100
98 74 100
98 74 100
98 74 100
98 74 100
98 74 100
98 74 100
98 74 100
98 74 100
98 74 100
98 74 100
98 74 100
97 74 100
97 74 100
97 74 100
97 74 100
97 74 100
97 74 100
97 74 100
97 74 100
97 74 100
97 74 100
97 74 100
97 74 100
97 74 100
96 74 100
96 74 100
96 74 100
96 74 100
96 74 100
96 74 100
96 74 100
96 74 100
96 74 100
96 74 100
96 74 100
96 74 100
95 74 100
95 74 100
95 74 100
95 74 100
95 74 100
95 74 100
95 74 100
95 74 100
95 74 100
95 74 100
95 74 100
94 74 100
94 74 100
94 74 100
94 74 100
94 74 100
94 74 100
94 74 100
94 74 100
94 74 100
94 74 100
93 74 100
93 74 100
93 74 100
93 74 100
93 74 100
93 74 100
93 74 100
93 74 100
93 74 100
93 74 100
92 74 100
92 74 100
92 74 100
92 74 100
92 74 100
92 74 100
92 74 100
92 74 100
92 74 100
92 74 100
91 74 100
91 74 100
91 74 100
91 74 100
91 74 100
91 74 100
91 74 100
91 74 100
91 74 100
91 74 100
90 74 100
90 74 100
90 74 100
90 74 100
90 74 100
90 74 100
90 74 100
90 74 100
90 74 100
90 74 100
90 74 100
89 74 100
89 74 100
89 74 100
89 74 100
89 74 100
89 74 100
89 74 100
89 74 100
89 74 100
89 74 100
89 74 100
89 74 100
88 74 100
88 74 100
88 74 100
88 74 100
88 74 100
88 74 100
88 74 100
88 74 100
88 74 100
88 74 100
88 74 100
88 74 100
88 74 100
87 74 100
87 74 100
87 74 100
87 74 100
87 74 100
87 74 100
87 74 100
87 74 100
87 74 100
87 74 100
87 74 100
87 74 100
87 74 100
87 74 100
86 74 100
86 74 100
86 74 100
86 74 100
86 74 100
86 74 100
86 74 100
86 74 100
86 74 100
86 74 100
86 74 100
86 74 100
86 74 100
86 74 100
85 74 100
85 74 100
85 74 100
85 74 100
85 74 100
85 74 100
85 74 100
85 74 100
85 74 100
85 74 100
85 74 100
85 74 100
85 74 100
85 74 100
85 74 100
84 74 100
84 74 100
84 74 100
84 74 100
84 74 100
84 74 100
84 74 100
84 74 100
84 74 100
84 74 100
84 74 100
84 74 100
84 74 100
84 74 100
84 74 100
83 74 100
83 74 100
83 74 100
83 74 100
83 74 100
83 74 100
83 74 100
83 74 100
83 74 100
83 74 100
83 74 100
83 74 100
83 74 100
83 74 100
83 74 100
83 74 100
82 74 100
82 74 100
82 74 100
82 74 100
82 74 100
82 74 100
82 74 100
82 74 100
82 74 100
82 74 100
82 74 100
82 74 100
82 74 100
82 74 100
82 74 100
82 74 100
81 74 100
81 74 100
81 74 100
81 74 100
81 74 100
81 74 100
81 74 100
81 74 100
81 74 100
81 74 100
81 74 100
81 74 100
81 74 100
81 74 100
81 74 100
81 74 100
80 74 100
80 74 100
80 74 100
80 74 100
80 74 100
80 74 100
80 74 100
80 74 100
80 74 100
80 74 100
80 74 100
80 74 100
80 74 100
80 74 100
80 74 100
79 74 100
79 74 100
79 74 100
79 74 100
79 74 100
79 74 100
79 74 100
79 74 100
79 74 100
79 74 100
79 74 100
79 74 100
79 74 100
78 74 100
78 74 100
78 74 100
78 74 100
78 74 100
78 74 100
78 74 100
78 74 100
78 74 100
78 74 100
78 74 100
77 74 100
77 74 100
77 74 100
77 74 100
77 74 100
77 74 100
77 74 100
77 74 100
77 74 100
76 74 100
76 74 100
76 74 100
76 74 100
76 74 100
76 74 100
76 74 100
75 74 100
75 74 100
75 74 100
75 74 100
75 74 100
75 74 100
74 74 100
74 74 100
74 74 100
74 74 100
74 74 100
73 74 100
73 74 100
73 74 100
73 74 100
72 74 100
72 74 100
72 74 100
71 74 100
71 74 100
71 74 100
70 74 100
70 74 100
69 74 100
69 74 100
68 74 100
68 74 100
67 74 100
67 74 100
66 74 100
66 74 100
65 74 100
65 74 100
64 74 100
64 74 100
63 74 100
63 74 100
62 74 100
61 74 100
60 74 100
59 74 100
58 74 100
57 74 100
56 74 100
55 74 100
54 74 100
53 74 100
52 74 100
51 74 100
50 74 100
49 74 100
48 74 100
# move from (66,181) to (47,35)
66 181 100
66 181 100
66 181 100
66 181 100
66 181 100
66 181 100
66 181 100
66 181 100
65 181 100
65 181 100
65 181 100
65 181 100
65 181 100
65 181 100
65 181 100
65 181 100
64 181 100
64 181 100
64 181 100
64 181 100
64 181 100
64 181 100
64 181 100
64 181 100
64 181 100
63 181 100
63 181 100
63 181 100
63 181 100
63 181 100
63 181 100
63 181 100
63 181 100
63 181 100
62 181 100
62 181 100
62 181 100
62 181 100
62 181 100
62 181 100
62 181 100
62 181 100
62 181 100
61 181 100
61 181 100
61 181 100
61 181 100
61 181 100
61 181 100
61 181 100
61 181 100
61 181 100
60 181 100
60 181 100
60 181 100
60 181 100
60 181 100
60 181 100
60 181 100
60 181 100
59 181 100
59 181 100
59 181 100
59 181 100
59 181 100
59 181 100
59 181 100
59 181 100
58 181 100
58 181 100
58 181 100
58 181 100
58 181 100
58 181 100
58 181 100
58 181 100
58 181 100
57 181 100
57 181 100
57 181 100
57 181 100
57 181 100
57 181 100
57 181 100
57 181 100
57 181 100
56 181 100
56 181 100
56 181 100
56 181 100
56 181 100
56 181 100
56 181 100
56 181 100
56 181 100
55 181 100
55 181 100
55 181 100
55 181 100
55 181 100
55 181 100
55 181 100
55 181 100
55 181 100
55 181 100
54 181 100
54 181 100
54 181 100
54 181 100
54 181 100
54 181 100
54 181 100
54 181 100
54 181 100
54 181 100
53 181 100
53 181 100
53 181 100
53 181 100
53 181 100
53 181 100
53 181 100
53 181 100
53 181 100
53 181 100
52 181 100
52 181 100
52 181 100
52 181 100
52 181 100
52 181 100
52 181 100
52 181 100
52 181 100
52 181 100
51 181 100
51 181 100
51 181 100
51 181 100
51 181 100
51 181 100
51 181 100
51 181 100
51 181 100
50 181 100
50 181 100
50 181 100
50 181 100
50 181 100
50 181 100
50 181 100
50 181 100
49 181 100
49 181 100
49 181 100
49 181 100
49 181 100
49 181 100
49 181 100
48 181 100
48 181 100
48 181 100
48 181 100
48 181 100
47 181 100
47 181 100
47 181 100
47 181 100
47 180 100
47 180 100
47 180 100
47 180 100
47 179 100
47 179 100
47 179 100
47 179 100
47 178 100
47 178 100
47 178 100
47 178 100
47 177 100
47 177 100
47 177 100
47 177 100
47 176 100
47 176 100
47 176 100
47 176 100
47 176 100
47 175 100
47 175 100
47 175 100
47 175 100
47 175 100
