# move from (144,25) to (31,75)
144 25 100
143 25 100
142 25 100
141 25 100
140 25 100
139 25 100
138 25 100
137 25 100
136 25 100
135 25 100
134 25 100
133 25 100
132 25 100
131 25 100
130 25 100
129 25 100
128 25 100
127 25 100
126 25 100
125 25 100
124 25 100
123 25 100
122 25 100
121 25 100
120 25 100
119 25 100
118 25 100
117 25 100
116 25 100
115 25 100
114 25 100
113 25 100
112 25 100
111 25 100
110 25 100
109 25 100
108 25 100
107 25 100
106 25 100
105 25 100
104 25 100
103 25 100
102 25 100
101 25 100
100 25 100
99 25 100
98 25 100
97 25 100
96 25 100
95 25 100
94 25 100
93 25 100
93 25 100
92 25 100
92 25 100
91 25 100
91 25 100
91 25 100
90 25 100
90 25 100
90 25 100
90 25 100
89 25 100
89 25 100
89 25 100
89 25 100
89 25 100
88 25 100
88 25 100
88 25 100
88 25 100
88 25 100
88 25 100
87 25 100
87 25 100
87 25 100
87 25 100
87 25 100
87 25 100
87 25 100
87 25 100
86 25 100
86 25 100
86 25 100
86 25 100
86 25 100
86 25 100
86 25 100
86 25 100
86 25 100
85 25 100
85 25 100
85 25 100
85 25 100
85 25 100
85 25 100
85 25 100
85 25 100
85 25 100
85 25 100
84 25 100
84 25 100
84 25 100
84 25 100
84 25 100
84 25 100
84 25 100
84 25 100
84 25 100
84 25 100
83 25 100
83 25 100
83 25 100
83 25 100
83 25 100
83 25 100
83 25 100
83 25 100
83 25 100
83 25 100
82 25 100
82 25 100
82 25 100
82 25 100
82 25 100
82 25 100
82 25 100
82 25 100
82 25 100
81 25 100
81 25 100
81 25 100
81 25 100
81 25 100
81 25 100
81 25 100
81 25 100
81 25 100
80 25 100
80 25 100
80 25 100
80 25 100
80 25 100
80 25 100
80 25 100
80 25 100
79 25 100
79 25 100
79 25 100
79 25 100
79 25 100
79 25 100
79 25 100
78 25 100
78 25 100
78 25 100
78 25 100
78 25 100
78 25 100
78 25 100
77 25 100
77 25 100
77 25 100
77 25 100
77 25 100
77 25 100
76 25 100
76 25 100
76 25 100
76 25 100
76 25 100
76 25 100
75 25 100
75 25 100
75 25 100
75 25 100
75 25 100
75 25 100
74 25 100
74 25 100
74 25 100
74 25 100
74 25 100
74 25 100
73 25 100
73 25 100
73 25 100
73 25 100
73 25 100
73 25 100
72 25 100
72 25 100
72 25 100
72 25 100
72 25 100
72 25 100
71 25 100
71 25 100
71 25 100
71 25 100
71 25 100
71 25 100
70 25 100
70 25 100
70 25 100
70 25 100
70 25 100
70 25 100
70 25 100
69 25 100
69 25 100
69 25 100
69 25 100
69 25 100
69 25 100
69 25 100
69 25 100
68 25 100
68 25 100
68 25 100
68 25 100
68 25 100
68 25 100
68 25 100
68 25 100
67 25 100
67 25 100
67 25 100
67 25 100
67 25 100
67 25 100
67 25 100
67 25 100
67 25 100
66 25 100
66 25 100
66 25 100
66 25 100
66 25 100
66 25 100
66 25 100
66 25 100
66 25 100
65 25 100
65 25 100
65 25 100
65 25 100
65 25 100
65 25 100
65 25 100
65 25 100
65 25 100
64 25 100
64 25 100
64 25 100
64 25 100
64 25 100
64 25 100
64 25 100
64 25 100
63 25 100
63 25 100
63 25 100
63 25 100
63 25 100
63 25 100
63 25 100
62 25 100
62 25 100
62 25 100
62 25 100
62 25 100
62 25 100
61 25 100
61 25 100
61 25 100
61 25 100
61 25 100
60 25 100
60 25 100
60 25 100
60 25 100
59 25 100
59 25 100
59 25 100
58 25 100
58 25 100
58 25 100
57 25 100
57 25 100
57 25 100
56 25 100
56 25 100
56 25 100
55 25 100
55 25 100
55 25 100
54 25 100
54 25 100
54 25 100
53 25 100
53 25 100
53 25 100
52 25 100
52 25 100
52 25 100
51 25 100
51 25 100
51 25 100
50 25 100
50 25 100
49 25 100
49 25 100
48 25 100
48 25 100
47 25 100
47 25 100
46 25 100
46 25 100
45 25 100
44 25 100
43 25 100
42 25 100
41 25 100
40 25 100
39 25 100
38 25 100
37 25 100
36 25 100
35 25 100
34 25 100
33 25 100
32 25 100
31 25 100
31 25 100
31 26 100
31 26 100
31 27 100
31 27 100
31 28 100
31 28 100
31 29 100
31 29 100
31 29 100
31 30 100
31 30 100
31 30 100
31 31 100
31 31 100
31 31 100
31 31 100
31 32 100
31 32 100
31 32 100
31 32 100
31 33 100
31 33 100
31 33 100
31 33 100
31 33 100
31 34 100
31 34 100
31 34 100
31 34 100
31 34 100
31 35 100
31 35 100
31 35 100
31 35 100
31 35 100
31 36 100
31 36 100
31 36 100
31 36 100
31 36 100
31 37 100
31 37 100
31 37 100
31 37 100
31 37 100
31 38 100
31 38 100
31 38 100
31 38 100
31 39 100
31 39 100
31 39 100
31 39 100
31 40 100
31 40 100
31 40 100
31 40 100
31 41 100
31 41 100
31 41 100
31 41 100
31 42 100
31 42 100
31 42 100
31 42 100
31 43 100
31 43 100
31 43 100
31 43 100
31 44 100
31 44 100
31 44 100
31 44 100
31 44 100
31 45 100
31 45 100
31 45 100
31 45 100
31 45 100
31 46 100
31 46 100
31 46 100
31 46 100
31 46 100
31 47 100
31 47 100
31 47 100
31 47 100
31 47 100
31 48 100
31 48 100
31 48 100
31 48 100
31 49 100
31 49 100
31 49 100
31 49 100
31 50 100
31 50 100
31 50 100
31 50 100
31 51 100
31 51 100
31 51 100
31 52 100
31 52 100
31 53 100
31 53 100
31 54 100
31 54 100
31 55 100
31 55 100
31 56 100
31 57 100
31 58 100
31 59 100
31 60 100
31 61 100
31 62 100
31 63 100
31 64 100
31 65 100
31 66 100
31 67 100
31 68 100
31 69 100
31 70 100
31 71 100
31 72 100
31 73 100
31 74 100
31 75 100
