# move from (41,118) to (185,128)
41 118 100
42 118 100
43 118 100
44 118 100
45 118 100
46 118 100
47 118 100
48 118 100
49 118 100
50 118 100
51 118 100
52 118 100
53 118 100
54 118 100
55 118 100
56 118 100
57 118 100
58 118 100
59 118 100
60 118 100
61 118 100
62 118 100
63 118 100
64 118 100
65 118 100
66 118 100
67 118 100
67 118 100
68 118 100
68 118 100
69 118 100
69 118 100
69 118 100
70 118 100
70 118 100
70 118 100
71 118 100
71 118 100
71 118 100
71 118 100
72 118 100
72 118 100
72 118 100
72 118 100
72 118 100
72 118 100
73 118 100
73 118 100
73 118 100
73 118 100
73 118 100
73 118 100
73 118 100
74 118 100
74 118 100
74 118 100
74 118 100
74 118 100
74 118 100
74 118 100
74 118 100
74 118 100
74 118 100
75 118 100
75 118 100
75 118 100
75 118 100
75 118 100
75 118 100
75 118 100
75 118 100
75 118 100
75 118 100
75 118 100
75 118 100
76 118 100
76 118 100
76 118 100
76 118 100
76 118 100
76 118 100
76 118 100
76 118 100
76 118 100
76 118 100
76 118 100
76 118 100
76 118 100
76 118 100
76 118 100
76 118 100
77 118 100
77 118 100
77 118 100
77 118 100
77 118 100
77 118 100
77 118 100
77 118 100
77 118 100
77 118 100
77 118 100
77 118 100
77 118 100
77 118 100
77 118 100
77 118 100
77 118 100
77 118 100
77 118 100
78 118 100
78 118 100
78 118 100
78 118 100
78 118 100
78 118 100
78 118 100
78 118 100
78 118 100
78 118 100
78 118 100
78 118 100
78 118 100
78 118 100
78 118 100
78 118 100
78 118 100
78 118 100
78 118 100
78 118 100
78 118 100
78 118 100
78 118 100
79 118 100
79 118 100
79 118 100
79 118 100
79 118 100
79 118 100
79 118 100
79 118 100
79 118 100
79 118 100
79 118 100
79 118 100
79 118 100
79 118 100
79 118 100
79 118 100
79 118 100
79 118 100
79 118 100
79 118 100
79 118 100
79 118 100
79 118 100
79 118 100
79 118 100
79 118 100
80 118 100
80 118 100
80 118 100
80 118 100
80 118 100
80 118 100
80 118 100
80 118 100
80 118 100
80 118 100
80 118 100
80 118 100
80 118 100
80 118 100
80 118 100
80 118 100
80 118 100
80 118 100
80 118 100
80 118 100
80 118 100
80 118 100
80 118 100
80 118 100
80 118 100
80 118 100
80 118 100
80 118 100
80 118 100
81 118 100
81 118 100
81 118 100
81 118 100
81 118 100
81 118 100
81 118 100
81 118 100
81 118 100
81 118 100
81 118 100
81 118 100
81 118 100
81 118 100
81 118 100
81 118 100
81 118 100
81 118 100
81 118 100
81 118 100
81 118 100
81 118 100
81 118 100
81 118 100
81 118 100
81 118 100
81 118 100
81 118 100
81 118 100
81 118 100
81 118 100
81 118 100
82 118 100
82 118 100
82 118 100
82 118 100
82 118 100
82 118 100
82 118 100
82 118 100
82 118 100
82 118 100
82 118 100
82 118 100
82 118 100
82 118 100
82 118 100
82 118 100
82 118 100
82 118 100
82 118 100
82 118 100
82 118 100
82 118 100
82 118 100
82 118 100
82 118 100
82 118 100
82 118 100
82 118 100
82 118 100
82 118 100
82 118 100
82 118 100
82 118 100
82 118 100
83 118 100
83 118 100
83 118 100
83 118 100
83 118 100
83 118 100
83 118 100
83 118 100
83 118 100
83 118 100
83 118 100
83 118 100
83 118 100
83 118 100
83 118 100
83 118 100
83 118 100
83 118 100
83 118 100
83 118 100
83 118 100
83 118 100
83 118 100
83 118 100
83 118 100
83 118 100
83 118 100
83 118 100
83 118 100
83 118 100
83 118 100
83 118 100
83 118 100
83 118 100
83 118 100
84 118 100
84 118 100
84 118 100
84 118 100
84 118 100
84 118 100
84 118 100
84 118 100
84 118 100
84 118 100
84 118 100
84 118 100
84 118 100
84 118 100
84 118 100
84 118 100
84 118 100
84 118 100
84 118 100
84 118 100
84 118 100
84 118 100
84 118 100
84 118 100
84 118 100
84 118 100
84 118 100
84 118 100
84 118 100
84 118 100
84 118 100
84 118 100
84 118 100
84 118 100
84 118 100
84 118 100
84 118 100
85 118 100
85 118 100
85 118 100
85 118 100
85 118 100
85 118 100
85 118 100
85 118 100
85 118 100
85 118 100
85 118 100
85 118 100
85 118 100
85 118 100
85 118 100
85 118 100
85 118 100
85 118 100
85 118 100
85 118 100
85 118 100
85 118 100
85 118 100
85 118 100
85 118 100
85 118 100
85 118 100
85 118 100
85 118 100
85 118 100
85 118 100
85 118 100
85 118 100
85 118 100
85 118 100
85 118 100
85 118 100
86 118 100
86 118 100
86 118 100
86 118 100
86 118 100
86 118 100
86 118 100
86 118 100
86 118 100
86 118 100
86 118 100
86 118 100
86 118 100
86 118 100
86 118 100
86 118 100
86 118 100
86 118 100
86 118 100
86 118 100
86 118 100
86 118 100
86 118 100
86 118 100
86 118 100
86 118 100
86 118 100
86 118 100
86 118 100
86 118 100
86 118 100
86 118 100
86 118 100
86 118 100
86 118 100
86 118 100
86 118 100
87 118 100
87 118 100
87 118 100
87 118 100
87 118 100
87 118 100
87 118 100
87 118 100
87 118 100
87 118 100
87 118 100
87 118 100
87 118 100
87 118 100
87 118 100
87 118 100
87 118 100
87 118 100
87 118 100
87 118 100
87 118 100
87 118 100
87 118 100
87 118 100
87 118 100
87 118 100
87 118 100
87 118 100
87 118 100
87 118 100
87 118 100
87 118 100
87 118 100
87 118 100
87 118 100
87 118 100
87 118 100
87 118 100
88 118 100
88 118 100
88 118 100
88 118 100
88 118 100
88 118 100
88 118 100
88 118 100
88 118 100
88 118 100
88 118 100
88 118 100
88 118 100
88 118 100
88 118 100
88 118 100
88 118 100
88 118 100
88 118 100
88 118 100
88 118 100
88 118 100
88 118 100
88 118 100
88 118 100
88 118 100
88 118 100
88 118 100
88 118 100
88 118 100
88 118 100
88 118 100
88 118 100
88 118 100
88 118 100
88 118 100
88 118 100
88 118 100
89 118 100
89 118 100
89 118 100
89 118 100
89 118 100
89 118 100
89 118 100
89 118 100
89 118 100
89 118 100
89 118 100
89 118 100
89 118 100
89 118 100
89 118 100
89 118 100
89 118 100
89 118 100
89 118 100
89 118 100
89 118 100
89 118 100
89 118 100
89 118 100
89 118 100
89 118 100
89 118 100
89 118 100
89 118 100
89 118 100
89 118 100
89 118 100
89 118 100
89 118 100
89 118 100
89 118 100
89 118 100
89 118 100
90 118 100
90 118 100
90 118 100
90 118 100
90 118 100
90 118 100
90 118 100
90 118 100
90 118 100
90 118 100
90 118 100
90 118 100
90 118 100
90 118 100
90 118 100
90 118 100
90 118 100
90 118 100
90 118 100
90 118 100
90 118 100
90 118 100
90 118 100
90 118 100
90 118 100
90 118 100
90 118 100
90 118 100
90 118 100
90 118 100
90 118 100
90 118 100
90 118 100
90 118 100
90 118 100
90 118 100
90 118 100
91 118 100
91 118 100
91 118 100
91 118 100
91 118 100
91 118 100
91 118 100
91 118 100
91 118 100
91 118 100
91 118 100
91 118 100
91 118 100
91 118 100
91 118 100
91 118 100
91 118 100
91 118 100
91 118 100
91 118 100
91 118 100
91 118 100
91 118 100
91 118 100
91 118 100
91 118 100
91 118 100
91 118 100
91 118 100
91 118 100
91 118 100
91 118 100
91 118 100
91 118 100
91 118 100
91 118 100
91 118 100
92 118 100
92 118 100
92 118 100
92 118 100
92 118 100
92 118 100
92 118 100
92 118 100
92 118 100
92 118 100
92 118 100
92 118 100
92 118 100
92 118 100
92 118 100
92 118 100
92 118 100
92 118 100
92 118 100
92 118 100
92 118 100
92 118 100
92 118 100
92 118 100
92 118 100
92 118 100
92 118 100
92 118 100
92 118 100
92 118 100
92 118 100
92 118 100
92 118 100
92 118 100
92 118 100
93 118 100
93 118 100
93 118 100
93 118 100
93 118 100
93 118 100
93 118 100
93 118 100
93 118 100
93 118 100
93 118 100
93 118 100
93 118 100
93 118 100
93 118 100
93 118 100
93 118 100
93 118 100
93 118 100
93 118 100
93 118 100
93 118 100
93 118 100
93 118 100
93 118 100
93 118 100
93 118 100
93 118 100
93 118 100
93 118 100
93 118 100
93 118 100
93 118 100
93 118 100
94 118 100
94 118 100
94 118 100
94 118 100
94 118 100
94 118 100
94 118 100
94 118 100
94 118 100
94 118 100
94 118 100
94 118 100
94 118 100
94 118 100
94 118 100
94 118 100
94 118 100
94 118 100
94 118 100
94 118 100
94 118 100
94 118 100
94 118 100
94 118 100
94 118 100
94 118 100
94 118 100
94 118 100
94 118 100
94 118 100
94 118 100
94 118 100
95 118 100
95 118 100
95 118 100
95 118 100
95 118 100
95 118 100
95 118 100
95 118 100
95 118 100
95 118 100
95 118 100
95 118 100
95 118 100
95 118 100
95 118 100
95 118 100
95 118 100
95 118 100
95 118 100
95 118 100
95 118 100
95 118 100
95 118 100
95 118 100
95 118 100
95 118 100
95 118 100
95 118 100
95 118 100
96 118 100
96 118 100
96 118 100
96 118 100
96 118 100
96 118 100
96 118 100
96 118 100
96 118 100
96 118 100
96 118 100
96 118 100
96 118 100
96 118 100
96 118 100
96 118 100
96 118 100
96 118 100
96 118 100
96 118 100
96 118 100
96 118 100
96 118 100
96 118 100
96 118 100
96 118 100
97 118 100
97 118 100
97 118 100
97 118 100
97 118 100
97 118 100
97 118 100
97 118 100
97 118 100
97 118 100
97 118 100
97 118 100
97 118 100
97 118 100
97 118 100
97 118 100
97 118 100
97 118 100
97 118 100
97 118 100
97 118 100
97 118 100
97 118 100
98 118 100
98 118 100
98 118 100
98 118 100
98 118 100
98 118 100
98 118 100
98 118 100
98 118 100
98 118 100
98 118 100
98 118 100
98 118 100
98 118 100
98 118 100
98 118 100
98 118 100
98 118 100
98 118 100
98 118 100
98 118 100
99 118 100
99 118 100
99 118 100
99 118 100
99 118 100
99 118 100
99 118 100
99 118 100
99 118 100
99 118 100
99 118 100
99 118 100
99 118 100
99 118 100
99 118 100
99 118 100
99 118 100
99 118 100
100 118 100
100 118 100
100 118 100
100 118 100
100 118 100
100 118 100
100 118 100
100 118 100
100 118 100
100 118 100
100 118 100
100 118 100
100 118 100
100 118 100
100 118 100
101 118 100
101 118 100
101 118 100
101 118 100
101 118 100
101 118 100
101 118 100
101 118 100
101 118 100
101 118 100
101 118 100
101 118 100
101 118 100
102 118 100
102 118 100
102 118 100
102 118 100
102 118 100
102 118 100
102 118 100
102 118 100
102 118 100
102 118 100
102 118 100
103 118 100
103 118 100
103 118 100
103 118 100
103 118 100
103 118 100
103 118 100
103 118 100
103 118 100
104 118 100
104 118 100
104 118 100
104 118 100
104 118 100
104 118 100
104 118 100
105 118 100
105 118 100
105 118 100
105 118 100
105 118 100
105 118 100
106 118 100
106 118 100
106 118 100
106 118 100
106 118 100
107 118 100
107 118 100
107 118 100
107 118 100
108 118 100
108 118 100
108 118 100
109 118 100
109 118 100
109 118 100
110 118 100
110 118 100
111 118 100
111 118 100
112 118 100
112 118 100
113 118 100
114 118 100
115 118 100
116 118 100
117 118 100
118 118 100
119 118 100
120 118 100
121 118 100
121 118 100
122 118 100
122 118 100
123 118 100
123 118 100
124 118 100
124 118 100
125 118 100
125 118 100
126 118 100
126 118 100
127 118 100
128 118 100
129 118 100
130 118 100
131 118 100
132 118 100
133 118 100
134 118 100
135 118 100
136 118 100
137 118 100
138 118 100
139 118 100
140 118 100
141 118 100
142 118 100
143 118 100
144 118 100
145 118 100
146 118 100
147 118 100
148 118 100
149 118 100
150 118 100
151 118 100
152 118 100
153 118 100
154 118 100
155 118 100
156 118 100
157 118 100
157 118 100
158 118 100
158 118 100
159 118 100
159 118 100
160 118 100
160 118 100
160 118 100
161 118 100
161 118 100
161 118 100
161 118 100
162 118 100
162 118 100
162 118 100
162 118 100
162 118 100
162 118 100
163 118 100
163 118 100
163 118 100
163 118 100
163 118 100
163 118 100
163 118 100
163 118 100
164 118 100
164 118 100
164 118 100
164 118 100
164 118 100
164 118 100
164 118 100
164 118 100
164 118 100
165 118 100
165 118 100
165 118 100
165 118 100
165 118 100
165 118 100
165 118 100
165 118 100
165 118 100
165 118 100
165 118 100
166 118 100
166 118 100
166 118 100
166 118 100
166 118 100
166 118 100
166 118 100
166 118 100
166 118 100
166 118 100
166 118 100
166 118 100
166 118 100
167 118 100
167 118 100
167 118 100
167 118 100
167 118 100
167 118 100
167 118 100
167 118 100
167 118 100
167 118 100
167 118 100
167 118 100
167 118 100
167 118 100
167 118 100
167 118 100
168 118 100
168 118 100
168 118 100
168 118 100
168 118 100
168 118 100
168 118 100
168 118 100
168 118 100
168 118 100
168 118 100
168 118 100
168 118 100
168 118 100
168 118 100
168 118 100
168 118 100
169 118 100
169 118 100
169 118 100
169 118 100
169 118 100
169 118 100
169 118 100
169 118 100
169 118 100
169 118 100
169 118 100
169 118 100
169 118 100
169 118 100
169 118 100
169 118 100
169 118 100
169 118 100
170 118 100
170 118 100
170 118 100
170 118 100
170 118 100
170 118 100
170 118 100
170 118 100
170 118 100
170 118 100
170 118 100
170 118 100
170 118 100
170 118 100
170 118 100
170 118 100
170 118 100
170 118 100
171 118 100
171 118 100
171 118 100
171 118 100
171 118 100
171 118 100
171 118 100
171 118 100
171 118 100
171 118 100
171 118 100
171 118 100
171 118 100
171 118 100
171 118 100
171 118 100
171 118 100
171 118 100
172 118 100
172 118 100
172 118 100
172 118 100
172 118 100
172 118 100
172 118 100
172 118 100
172 118 100
172 118 100
172 118 100
172 118 100
172 118 100
172 118 100
172 118 100
172 118 100
172 118 100
173 118 100
173 118 100
173 118 100
173 118 100
173 118 100
173 118 100
173 118 100
173 118 100
173 118 100
173 118 100
173 118 100
173 118 100
173 118 100
173 118 100
173 118 100
174 118 100
174 118 100
174 118 100
174 118 100
174 118 100
174 118 100
174 118 100
174 118 100
174 118 100
174 118 100
174 118 100
174 118 100
174 118 100
174 118 100
175 118 100
175 118 100
175 118 100
175 118 100
175 118 100
175 118 100
175 118 100
175 118 100
175 118 100
175 118 100
175 118 100
175 118 100
176 118 100
176 118 100
176 118 100
176 118 100
176 118 100
176 118 100
176 118 100
176 118 100
176 118 100
176 118 100
177 118 100
177 118 100
177 118 100
177 118 100
177 118 100
177 118 100
177 118 100
177 118 100
178 118 100
178 118 100
178 118 100
178 118 100
178 118 100
178 118 100
179 118 100
179 118 100
179 118 100
179 118 100
179 118 100
180 118 100
180 118 100
180 118 100
181 118 100
181 118 100
182 118 100
182 118 100
183 118 100
184 118 100
185 118 100
185 119 100
185 120 100
185 121 100
185 122 100
185 123 100
185 124 100
185 125 100
185 126 100
185 127 100
185 128 100
# move from (11,69) to (185,128)
11 69 100
12 69 100
13 69 100
14 69 100
15 69 100
16 69 100
17 69 100
18 69 100
19 69 100
20 69 100
21 69 100
22 69 100
23 69 100
24 69 100
24 69 100
25 69 100
25 69 100
26 69 100
26 69 100
26 69 100
27 69 100
27 69 100
27 69 100
28 69 100
28 69 100
28 69 100
28 69 100
29 69 100
29 69 100
29 69 100
29 69 100
30 69 100
30 69 100
30 69 100
31 69 100
31 69 100
31 69 100
32 69 100
32 69 100
32 69 100
33 69 100
33 69 100
34 69 100
34 69 100
35 69 100
35 69 100
36 69 100
36 69 100
37 69 100
38 69 100
39 69 100
40 69 100
41 69 100
42 69 100
43 69 100
44 69 100
45 69 100
46 69 100
47 69 100
48 69 100
49 69 100
50 69 100
51 69 100
52 69 100
53 69 100
54 69 100
55 69 100
56 69 100
57 69 100
58 69 100
59 69 100
59 69 100
60 69 100
60 69 100
61 69 100
61 69 100
61 69 100
62 69 100
62 69 100
62 69 100
62 69 100
63 69 100
63 69 100
63 69 100
63 69 100
63 69 100
63 69 100
64 69 100
64 69 100
64 69 100
64 69 100
64 69 100
64 69 100
64 69 100
64 69 100
65 69 100
65 69 100
65 69 100
65 69 100
65 69 100
65 69 100
65 69 100
65 69 100
65 69 100
65 69 100
65 69 100
66 69 100
66 69 100
66 69 100
66 69 100
66 69 100
66 69 100
66 69 100
66 69 100
66 69 100
66 69 100
66 69 100
66 69 100
66 69 100
66 69 100
67 69 100
67 69 100
67 69 100
67 69 100
67 69 100
67 69 100
67 69 100
67 69 100
67 69 100
67 69 100
67 69 100
67 69 100
67 69 100
67 69 100
67 69 100
67 69 100
67 69 100
67 69 100
68 69 100
68 69 100
68 69 100
68 69 100
68 69 100
68 69 100
68 69 100
68 69 100
68 69 100
68 69 100
68 69 100
68 69 100
68 69 100
68 69 100
68 69 100
68 69 100
68 69 100
68 69 100
68 69 100
68 69 100
68 69 100
68 69 100
69 69 100
69 69 100
69 69 100
69 69 100
69 69 100
69 69 100
69 69 100
69 69 100
69 69 100
69 69 100
69 69 100
69 69 100
69 69 100
69 69 100
69 69 100
69 69 100
69 69 100
69 69 100
69 69 100
69 69 100
69 69 100
69 69 100
69 69 100
69 69 100
69 69 100
70 69 100
70 69 100
70 69 100
70 69 100
70 69 100
70 69 100
70 69 100
70 69 100
70 69 100
70 69 100
70 69 100
70 69 100
70 69 100
70 69 100
70 69 100
70 69 100
70 69 100
70 69 100
70 69 100
70 69 100
70 69 100
70 69 100
70 69 100
70 69 100
70 69 100
70 69 100
70 69 100
71 69 100
71 69 100
71 69 100
71 69 100
71 69 100
71 69 100
71 69 100
71 69 100
71 69 100
71 69 100
71 69 100
71 69 100
71 69 100
71 69 100
71 69 100
71 69 100
71 69 100
71 69 100
71 69 100
71 69 100
71 69 100
71 69 100
71 69 100
71 69 100
71 69 100
71 69 100
71 69 100
71 69 100
71 69 100
72 69 100
72 69 100
72 69 100
72 69 100
72 69 100
72 69 100
72 69 100
72 69 100
72 69 100
72 69 100
72 69 100
72 69 100
72 69 100
72 69 100
72 69 100
72 69 100
72 69 100
72 69 100
72 69 100
72 69 100
72 69 100
72 69 100
72 69 100
72 69 100
72 69 100
72 69 100
72 69 100
72 69 100
72 69 100
73 69 100
73 69 100
73 69 100
73 69 100
73 69 100
73 69 100
73 69 100
73 69 100
73 69 100
73 69 100
73 69 100
73 69 100
73 69 100
73 69 100
73 69 100
73 69 100
73 69 100
73 69 100
73 69 100
73 69 100
73 69 100
73 69 100
73 69 100
73 69 100
73 69 100
73 69 100
73 69 100
73 69 100
73 69 100
73 69 100
74 69 100
74 69 100
74 69 100
74 69 100
74 69 100
74 69 100
74 69 100
74 69 100
74 69 100
74 69 100
74 69 100
74 69 100
74 69 100
74 69 100
74 69 100
74 69 100
74 69 100
74 69 100
74 69 100
74 69 100
74 69 100
74 69 100
74 69 100
74 69 100
74 69 100
74 69 100
74 69 100
74 69 100
74 69 100
75 69 100
75 69 100
75 69 100
75 69 100
75 69 100
75 69 100
75 69 100
75 69 100
75 69 100
75 69 100
75 69 100
75 69 100
75 69 100
75 69 100
75 69 100
75 69 100
75 69 100
75 69 100
75 69 100
75 69 100
75 69 100
75 69 100
75 69 100
75 69 100
75 69 100
75 69 100
75 69 100
75 69 100
75 69 100
76 69 100
76 69 100
76 69 100
76 69 100
76 69 100
76 69 100
76 69 100
76 69 100
76 69 100
76 69 100
76 69 100
76 69 100
76 69 100
76 69 100
76 69 100
76 69 100
76 69 100
76 69 100
76 69 100
76 69 100
76 69 100
76 69 100
76 69 100
76 69 100
76 69 100
76 69 100
76 69 100
77 69 100
77 69 100
77 69 100
77 69 100
77 69 100
77 69 100
77 69 100
77 69 100
77 69 100
77 69 100
77 69 100
77 69 100
77 69 100
77 69 100
77 69 100
77 69 100
77 69 100
77 69 100
77 69 100
77 69 100
77 69 100
77 69 100
77 69 100
77 69 100
77 69 100
77 69 100
78 69 100
78 69 100
78 69 100
78 69 100
78 69 100
78 69 100
78 69 100
78 69 100
78 69 100
78 69 100
78 69 100
78 69 100
78 69 100
78 69 100
78 69 100
78 69 100
78 69 100
78 69 100
78 69 100
78 69 100
78 69 100
78 69 100
78 69 100
79 69 100
79 69 100
79 69 100
79 69 100
79 69 100
79 69 100
79 69 100
79 69 100
79 69 100
79 69 100
79 69 100
79 69 100
79 69 100
79 69 100
79 69 100
79 69 100
79 69 100
79 69 100
79 69 100
79 69 100
79 69 100
80 69 100
80 69 100
80 69 100
80 69 100
80 69 100
80 69 100
80 69 100
80 69 100
80 69 100
80 69 100
80 69 100
80 69 100
80 69 100
80 69 100
80 69 100
80 69 100
80 69 100
80 69 100
81 69 100
81 69 100
81 69 100
81 69 100
81 69 100
81 69 100
81 69 100
81 69 100
81 69 100
81 69 100
81 69 100
81 69 100
81 69 100
81 69 100
81 69 100
82 69 100
82 69 100
82 69 100
82 69 100
82 69 100
82 69 100
82 69 100
82 69 100
82 69 100
82 69 100
82 69 100
82 69 100
83 69 100
83 69 100
83 69 100
83 69 100
83 69 100
83 69 100
83 69 100
83 69 100
83 69 100
83 69 100
84 69 100
84 69 100
84 69 100
84 69 100
84 69 100
84 69 100
84 69 100
85 69 100
85 69 100
85 69 100
85 69 100
85 69 100
85 69 100
86 69 100
86 69 100
86 69 100
86 69 100
87 69 100
87 69 100
87 69 100
88 69 100
88 69 100
88 69 100
89 69 100
89 69 100
90 69 100
90 69 100
91 69 100
92 69 100
93 69 100
94 69 100
95 69 100
96 69 100
97 69 100
98 69 100
99 69 100
100 69 100
101 69 100
102 69 100
103 69 100
104 69 100
105 69 100
106 69 100
107 69 100
108 69 100
109 69 100
110 69 100
111 69 100
112 69 100
113 69 100
114 69 100
115 69 100
116 69 100
117 69 100
118 69 100
119 69 100
120 69 100
121 69 100
122 69 100
122 69 100
123 69 100
123 69 100
123 69 100
124 69 100
124 69 100
124 69 100
125 69 100
125 69 100
125 69 100
125 69 100
126 69 100
126 69 100
126 69 100
126 69 100
126 69 100
127 69 100
127 69 100
127 69 100
127 69 100
127 69 100
127 69 100
128 69 100
128 69 100
128 69 100
128 69 100
128 69 100
128 69 100
129 69 100
129 69 100
129 69 100
129 69 100
129 69 100
129 69 100
130 69 100
130 69 100
130 69 100
130 69 100
130 69 100
131 69 100
131 69 100
131 69 100
131 69 100
132 69 100
132 69 100
132 69 100
133 69 100
133 69 100
133 69 100
134 69 100
134 69 100
135 69 100
136 69 100
137 69 100
138 69 100
139 69 100
140 69 100
141 69 100
142 69 100
143 69 100
144 69 100
145 69 100
146 69 100
147 69 100
148 69 100
149 69 100
150 69 100
150 69 100
151 69 100
151 69 100
151 69 100
152 69 100
152 69 100
152 69 100
152 69 100
153 69 100
153 69 100
153 69 100
153 69 100
153 69 100
154 69 100
154 69 100
154 69 100
154 69 100
154 69 100
154 69 100
155 69 100
155 69 100
155 69 100
155 69 100
155 69 100
155 69 100
155 69 100
155 69 100
156 69 100
156 69 100
156 69 100
156 69 100
156 69 100
156 69 100
156 69 100
156 69 100
156 69 100
157 69 100
157 69 100
157 69 100
157 69 100
157 69 100
157 69 100
157 69 100
157 69 100
157 69 100
157 69 100
158 69 100
158 69 100
158 69 100
158 69 100
158 69 100
158 69 100
158 69 100
158 69 100
158 69 100
158 69 100
158 69 100
159 69 100
159 69 100
159 69 100
159 69 100
159 69 100
159 69 100
159 69 100
159 69 100
159 69 100
159 69 100
159 69 100
160 69 100
160 69 100
160 69 100
160 69 100
160 69 100
160 69 100
160 69 100
160 69 100
160 69 100
160 69 100
160 69 100
161 69 100
161 69 100
161 69 100
161 69 100
161 69 100
161 69 100
161 69 100
161 69 100
161 69 100
161 69 100
161 69 100
162 69 100
162 69 100
162 69 100
162 69 100
162 69 100
162 69 100
162 69 100
162 69 100
162 69 100
162 69 100
163 69 100
163 69 100
163 69 100
163 69 100
163 69 100
163 69 100
163 69 100
163 69 100
163 69 100
164 69 100
164 69 100
164 69 100
164 69 100
164 69 100
164 69 100
164 69 100
164 69 100
165 69 100
165 69 100
165 69 100
165 69 100
165 69 100
165 69 100
165 69 100
166 69 100
166 69 100
166 69 100
166 69 100
166 69 100
166 69 100
167 69 100
167 69 100
167 69 100
167 69 100
167 69 100
168 69 100
168 69 100
168 69 100
168 69 100
168 69 100
169 69 100
169 69 100
169 69 100
169 69 100
170 69 100
170 69 100
170 69 100
170 69 100
171 69 100
171 69 100
171 69 100
172 69 100
172 69 100
172 69 100
173 69 100
173 69 100
173 69 100
174 69 100
174 69 100
174 69 100
175 69 100
175 69 100
176 69 100
176 69 100
177 69 100
177 69 100
178 69 100
178 69 100
179 69 100
179 69 100
180 69 100
180 69 100
181 69 100
181 69 100
182 69 100
182 69 100
183 69 100
183 69 100
184 69 100
184 69 100
185 69 100
185 69 100
185 69 100
185 70 100
185 70 100
185 70 100
185 71 100
185 71 100
185 71 100
185 71 100
185 72 100
185 72 100
185 72 100
185 72 100
185 73 100
185 73 100
185 73 100
185 73 100
185 74 100
185 74 100
185 74 100
185 74 100
185 74 100
185 75 100
185 75 100
185 75 100
185 75 100
185 75 100
185 76 100
185 76 100
185 76 100
185 76 100
185 76 100
185 77 100
185 77 100
185 77 100
185 77 100
185 77 100
185 78 100
185 78 100
185 78 100
185 78 100
185 78 100
185 79 100
185 79 100
185 79 100
185 79 100
185 79 100
185 80 100
185 80 100
185 80 100
185 80 100
185 80 100
185 81 100
185 81 100
185 81 100
185 81 100
185 82 100
185 82 100
185 82 100
185 82 100
185 83 100
185 83 100
185 83 100
185 83 100
185 84 100
185 84 100
185 84 100
185 84 100
185 85 100
185 85 100
185 85 100
185 86 100
185 86 100
185 86 100
185 87 100
185 87 100
185 88 100
185 88 100
185 89 100
185 89 100
185 90 100
185 91 100
185 92 100
185 93 100
185 94 100
185 95 100
185 96 100
185 97 100
185 98 100
185 99 100
185 100 100
185 100 100
185 101 100
185 101 100
185 102 100
185 102 100
185 102 100
185 103 100
185 103 100
185 103 100
185 103 100
185 104 100
185 104 100
185 104 100
185 104 100
185 104 100
185 105 100
185 105 100
185 105 100
185 105 100
185 105 100
185 105 100
185 106 100
185 106 100
185 106 100
185 106 100
185 106 100
185 106 100
185 106 100
185 107 100
185 107 100
185 107 100
185 107 100
185 107 100
185 107 100
185 107 100
185 108 100
185 108 100
185 108 100
185 108 100
185 108 100
185 108 100
185 108 100
185 108 100
185 109 100
185 109 100
185 109 100
185 109 100
185 109 100
185 109 100
185 109 100
185 110 100
185 110 100
185 110 100
185 110 100
185 110 100
185 110 100
185 110 100
185 111 100
185 111 100
185 111 100
185 111 100
185 111 100
185 111 100
185 112 100
185 112 100
185 112 100
185 112 100
185 112 100
185 113 100
185 113 100
185 113 100
185 113 100
185 114 100
185 114 100
185 114 100
185 115 100
185 115 100
185 116 100
185 117 100
# move from (31,157) to (185,128)
31 157 100
32 157 100
33 157 100
34 157 100
35 157 100
36 157 100
37 157 100
38 157 100
39 157 100
40 157 100
41 157 100
42 157 100
43 157 100
44 157 100
45 157 100
46 157 100
47 157 100
48 157 100
49 157 100
49 157 100
50 157 100
50 157 100
51 157 100
52 157 100
53 157 100
54 157 100
55 157 100
56 157 100
57 157 100
58 157 100
59 157 100
60 157 100
61 157 100
62 157 100
63 157 100
64 157 100
65 157 100
66 157 100
67 157 100
68 157 100
69 157 100
70 157 100
71 157 100
72 157 100
73 157 100
74 157 100
74 157 100
75 157 100
75 157 100
76 157 100
76 157 100
76 157 100
77 157 100
77 157 100
77 157 100
77 157 100
78 157 100
78 157 100
78 157 100
78 157 100
78 157 100
79 157 100
79 157 100
79 157 100
79 157 100
79 157 100
79 157 100
80 157 100
80 157 100
80 157 100
80 157 100
80 157 100
80 157 100
80 157 100
81 157 100
81 157 100
81 157 100
81 157 100
81 157 100
81 157 100
81 157 100
81 157 100
82 157 100
82 157 100
82 157 100
82 157 100
82 157 100
82 157 100
82 157 100
82 157 100
82 157 100
83 157 100
83 157 100
83 157 100
83 157 100
83 157 100
83 157 100
83 157 100
83 157 100
83 157 100
84 157 100
84 157 100
84 157 100
84 157 100
84 157 100
84 157 100
84 157 100
84 157 100
85 157 100
85 157 100
85 157 100
85 157 100
85 157 100
85 157 100
85 157 100
86 157 100
86 157 100
86 157 100
86 157 100
86 157 100
86 157 100
87 157 100
87 157 100
87 157 100
87 157 100
87 157 100
88 157 100
88 157 100
88 157 100
88 157 100
89 157 100
89 157 100
89 157 100
90 157 100
90 157 100
91 157 100
91 157 100
92 157 100
92 157 100
93 157 100
94 157 100
95 157 100
96 157 100
97 157 100
98 157 100
99 157 100
100 157 100
101 157 100
102 157 100
103 157 100
104 157 100
105 157 100
106 157 100
107 157 100
108 157 100
109 157 100
110 157 100
111 157 100
112 157 100
113 157 100
114 157 100
115 157 100
116 157 100
117 157 100
118 157 100
119 157 100
120 157 100
121 157 100
122 157 100
123 157 100
124 157 100
124 157 100
125 157 100
125 157 100
126 157 100
126 157 100
126 157 100
127 157 100
127 157 100
127 157 100
127 157 100
128 157 100
128 157 100
128 157 100
128 157 100
128 157 100
128 157 100
129 157 100
129 157 100
129 157 100
129 157 100
129 157 100
129 157 100
129 157 100
129 157 100
130 157 100
130 157 100
130 157 100
130 157 100
130 157 100
130 157 100
130 157 100
130 157 100
130 157 100
130 157 100
131 157 100
131 157 100
131 157 100
131 157 100
131 157 100
131 157 100
131 157 100
131 157 100
131 157 100
131 157 100
131 157 100
131 157 100
131 157 100
131 157 100
132 157 100
132 157 100
132 157 100
132 157 100
132 157 100
132 157 100
132 157 100
132 157 100
132 157 100
132 157 100
132 157 100
132 157 100
132 157 100
132 157 100
132 157 100
132 157 100
132 157 100
133 157 100
133 157 100
133 157 100
133 157 100
133 157 100
133 157 100
133 157 100
133 157 100
133 157 100
133 157 100
133 157 100
133 157 100
133 157 100
133 157 100
133 157 100
133 157 100
133 157 100
133 157 100
133 157 100
133 157 100
134 157 100
134 157 100
134 157 100
134 157 100
134 157 100
134 157 100
134 157 100
134 157 100
134 157 100
134 157 100
134 157 100
134 157 100
134 157 100
134 157 100
134 157 100
134 157 100
134 157 100
134 157 100
134 157 100
134 157 100
134 157 100
134 157 100
134 157 100
135 157 100
135 157 100
135 157 100
135 157 100
135 157 100
135 157 100
135 157 100
135 157 100
135 157 100
135 157 100
135 157 100
135 157 100
135 157 100
135 157 100
135 157 100
135 157 100
135 157 100
135 157 100
135 157 100
135 157 100
135 157 100
135 157 100
135 157 100
135 157 100
135 157 100
135 157 100
136 157 100
136 157 100
136 157 100
136 157 100
136 157 100
136 157 100
136 157 100
136 157 100
136 157 100
136 157 100
136 157 100
136 157 100
136 157 100
136 157 100
136 157 100
136 157 100
136 157 100
136 157 100
136 157 100
136 157 100
136 157 100
136 157 100
136 157 100
136 157 100
136 157 100
136 157 100
136 157 100
137 157 100
137 157 100
137 157 100
137 157 100
137 157 100
137 157 100
137 157 100
137 157 100
137 157 100
137 157 100
137 157 100
137 157 100
137 157 100
137 157 100
137 157 100
137 157 100
137 157 100
137 157 100
137 157 100
137 157 100
137 157 100
137 157 100
137 157 100
137 157 100
137 157 100
137 157 100
137 157 100
137 157 100
137 157 100
138 157 100
138 157 100
138 157 100
138 157 100
138 157 100
138 157 100
138 157 100
138 157 100
138 157 100
138 157 100
138 157 100
138 157 100
138 157 100
138 157 100
138 157 100
138 157 100
138 157 100
138 157 100
138 157 100
138 157 100
138 157 100
138 157 100
138 157 100
138 157 100
138 157 100
138 157 100
138 157 100
138 157 100
138 157 100
139 157 100
139 157 100
139 157 100
139 157 100
139 157 100
139 157 100
139 157 100
139 157 100
139 157 100
139 157 100
139 157 100
139 157 100
139 157 100
139 157 100
139 157 100
139 157 100
139 157 100
139 157 100
139 157 100
139 157 100
139 157 100
139 157 100
139 157 100
139 157 100
139 157 100
139 157 100
139 157 100
139 157 100
139 157 100
140 157 100
140 157 100
140 157 100
140 157 100
140 157 100
140 157 100
140 157 100
140 157 100
140 157 100
140 157 100
140 157 100
140 157 100
140 157 100
140 157 100
140 157 100
140 157 100
140 157 100
140 157 100
140 157 100
140 157 100
140 157 100
140 157 100
140 157 100
140 157 100
140 157 100
140 157 100
140 157 100
140 157 100
141 157 100
141 157 100
141 157 100
141 157 100
141 157 100
141 157 100
141 157 100
141 157 100
141 157 100
141 157 100
141 157 100
141 157 100
141 157 100
141 157 100
141 157 100
141 157 100
141 157 100
141 157 100
141 157 100
141 157 100
141 157 100
141 157 100
141 157 100
141 157 100
141 157 100
141 157 100
141 157 100
142 157 100
142 157 100
142 157 100
142 157 100
142 157 100
142 157 100
142 157 100
142 157 100
142 157 100
142 157 100
142 157 100
142 157 100
142 157 100
142 157 100
142 157 100
142 157 100
142 157 100
142 157 100
142 157 100
142 157 100
142 157 100
142 157 100
142 157 100
142 157 100
142 157 100
142 157 100
143 157 100
143 157 100
143 157 100
143 157 100
143 157 100
143 157 100
143 157 100
143 157 100
143 157 100
143 157 100
143 157 100
143 157 100
143 157 100
143 157 100
143 157 100
143 157 100
143 157 100
143 157 100
143 157 100
143 157 100
143 157 100
143 157 100
143 157 100
143 157 100
144 157 100
144 157 100
144 157 100
144 157 100
144 157 100
144 157 100
144 157 100
144 157 100
144 157 100
144 157 100
144 157 100
144 157 100
144 157 100
144 157 100
144 157 100
144 157 100
144 157 100
144 157 100
144 157 100
144 157 100
144 157 100
144 157 100
145 157 100
145 157 100
145 157 100
145 157 100
145 157 100
145 157 100
145 157 100
145 157 100
145 157 100
145 157 100
145 157 100
145 157 100
145 157 100
145 157 100
145 157 100
145 157 100
145 157 100
145 157 100
145 157 100
145 157 100
146 157 100
146 157 100
146 157 100
146 157 100
146 157 100
146 157 100
146 157 100
146 157 100
146 157 100
146 157 100
146 157 100
146 157 100
146 157 100
146 157 100
146 157 100
146 157 100
146 157 100
146 157 100
146 157 100
147 157 100
147 157 100
147 157 100
147 157 100
147 157 100
147 157 100
147 157 100
147 157 100
147 157 100
147 157 100
147 157 100
147 157 100
147 157 100
147 157 100
147 157 100
147 157 100
147 157 100
147 157 100
148 157 100
148 157 100
148 157 100
148 157 100
148 157 100
148 157 100
148 157 100
148 157 100
148 157 100
148 157 100
148 157 100
148 157 100
148 157 100
148 157 100
148 157 100
148 157 100
148 157 100
149 157 100
149 157 100
149 157 100
149 157 100
149 157 100
149 157 100
149 157 100
149 157 100
149 157 100
149 157 100
149 157 100
149 157 100
149 157 100
149 157 100
149 157 100
149 157 100
150 157 100
150 157 100
150 157 100
150 157 100
150 157 100
150 157 100
150 157 100
150 157 100
150 157 100
150 157 100
150 157 100
150 157 100
150 157 100
150 157 100
150 157 100
150 157 100
151 157 100
151 157 100
151 157 100
151 157 100
151 157 100
151 157 100
151 157 100
151 157 100
151 157 100
151 157 100
151 157 100
151 157 100
151 157 100
151 157 100
151 157 100
152 157 100
152 157 100
152 157 100
152 157 100
152 157 100
152 157 100
152 157 100
152 157 100
152 157 100
152 157 100
152 157 100
152 157 100
152 157 100
152 157 100
152 157 100
153 157 100
153 157 100
153 157 100
153 157 100
153 157 100
153 157 100
153 157 100
153 157 100
153 157 100
153 157 100
153 157 100
153 157 100
153 157 100
153 157 100
154 157 100
154 157 100
154 157 100
154 157 100
154 157 100
154 157 100
154 157 100
154 157 100
154 157 100
154 157 100
154 157 100
154 157 100
154 157 100
155 157 100
155 157 100
155 157 100
155 157 100
155 157 100
155 157 100
155 157 100
155 157 100
155 157 100
155 157 100
155 157 100
155 157 100
156 157 100
156 157 100
156 157 100
156 157 100
156 157 100
156 157 100
156 157 100
156 157 100
156 157 100
156 157 100
156 157 100
157 157 100
157 157 100
157 157 100
157 157 100
157 157 100
157 157 100
157 157 100
157 157 100
157 157 100
158 157 100
158 157 100
158 157 100
158 157 100
158 157 100
158 157 100
158 157 100
158 157 100
159 157 100
159 157 100
159 157 100
159 157 100
159 157 100
159 157 100
160 157 100
160 157 100
160 157 100
160 157 100
160 157 100
161 157 100
161 157 100
161 157 100
162 157 100
162 157 100
163 157 100
163 157 100
164 157 100
165 157 100
166 157 100
167 157 100
168 157 100
169 157 100
170 157 100
171 157 100
172 157 100
173 157 100
174 157 100
175 157 100
176 157 100
177 157 100
178 157 100
179 157 100
180 157 100
181 157 100
182 157 100
183 157 100
184 157 100
185 157 100
185 156 100
185 155 100
185 154 100
185 154 100
185 153 100
185 153 100
185 152 100
185 152 100
185 151 100
185 151 100
185 150 100
185 150 100
185 149 100
185 149 100
185 148 100
185 148 100
185 148 100
185 147 100
185 147 100
185 147 100
185 146 100
185 146 100
185 146 100
185 145 100
185 145 100
185 145 100
185 144 100
185 144 100
185 144 100
185 143 100
185 143 100
185 143 100
185 142 100
185 142 100
185 142 100
185 142 100
185 141 100
185 141 100
185 141 100
185 141 100
185 140 100
185 140 100
185 140 100
185 140 100
185 139 100
185 139 100
185 139 100
185 139 100
185 138 100
185 138 100
185 138 100
185 138 100
185 137 100
185 137 100
185 137 100
185 137 100
185 136 100
185 136 100
185 136 100
185 135 100
185 135 100
185 135 100
185 134 100
185 134 100
185 134 100
185 133 100
185 133 100
185 132 100
185 132 100
185 131 100
185 130 100
185 129 100
# move from (133,115) to (185,128)
133 115 100
134 115 100
135 115 100
136 115 100
137 115 100
138 115 100
139 115 100
140 115 100
141 115 100
142 115 100
143 115 100
144 115 100
145 115 100
146 115 100
147 115 100
148 115 100
149 115 100
150 115 100
151 115 100
151 115 100
152 115 100
152 115 100
153 115 100
153 115 100
154 115 100
154 115 100
155 115 100
155 115 100
155 115 100
156 115 100
156 115 100
156 115 100
157 115 100
157 115 100
157 115 100
157 115 100
158 115 100
158 115 100
158 115 100
158 115 100
159 115 100
159 115 100
159 115 100
159 115 100
159 115 100
160 115 100
160 115 100
160 115 100
160 115 100
160 115 100
160 115 100
161 115 100
161 115 100
161 115 100
161 115 100
161 115 100
161 115 100
161 115 100
161 115 100
162 115 100
162 115 100
162 115 100
162 115 100
162 115 100
162 115 100
162 115 100
162 115 100
162 115 100
162 115 100
163 115 100
163 115 100
163 115 100
163 115 100
163 115 100
163 115 100
163 115 100
163 115 100
163 115 100
163 115 100
163 115 100
163 115 100
164 115 100
164 115 100
164 115 100
164 115 100
164 115 100
164 115 100
164 115 100
164 115 100
164 115 100
164 115 100
164 115 100
164 115 100
164 115 100
164 115 100
164 115 100
165 115 100
165 115 100
165 115 100
165 115 100
165 115 100
165 115 100
165 115 100
165 115 100
165 115 100
165 115 100
165 115 100
165 115 100
165 115 100
165 115 100
165 115 100
165 115 100
165 115 100
165 115 100
165 115 100
166 115 100
166 115 100
166 115 100
166 115 100
166 115 100
166 115 100
166 115 100
166 115 100
166 115 100
166 115 100
166 115 100
166 115 100
166 115 100
166 115 100
166 115 100
166 115 100
166 115 100
166 115 100
166 115 100
166 115 100
166 115 100
166 115 100
167 115 100
167 115 100
167 115 100
167 115 100
167 115 100
167 115 100
167 115 100
167 115 100
167 115 100
167 115 100
167 115 100
167 115 100
167 115 100
167 115 100
167 115 100
167 115 100
167 115 100
167 115 100
167 115 100
167 115 100
167 115 100
167 115 100
167 115 100
167 115 100
167 115 100
168 115 100
168 115 100
168 115 100
168 115 100
168 115 100
168 115 100
168 115 100
168 115 100
168 115 100
168 115 100
168 115 100
168 115 100
168 115 100
168 115 100
168 115 100
168 115 100
168 115 100
168 115 100
168 115 100
168 115 100
168 115 100
168 115 100
168 115 100
168 115 100
168 115 100
168 115 100
168 115 100
169 115 100
169 115 100
169 115 100
169 115 100
169 115 100
169 115 100
169 115 100
169 115 100
169 115 100
169 115 100
169 115 100
169 115 100
169 115 100
169 115 100
169 115 100
169 115 100
169 115 100
169 115 100
169 115 100
169 115 100
169 115 100
169 115 100
169 115 100
169 115 100
169 115 100
169 115 100
169 115 100
169 115 100
170 115 100
170 115 100
170 115 100
170 115 100
170 115 100
170 115 100
170 115 100
170 115 100
170 115 100
170 115 100
170 115 100
170 115 100
170 115 100
170 115 100
170 115 100
170 115 100
170 115 100
170 115 100
170 115 100
170 115 100
170 115 100
170 115 100
170 115 100
170 115 100
170 115 100
170 115 100
170 115 100
170 115 100
170 115 100
171 115 100
171 115 100
171 115 100
171 115 100
171 115 100
171 115 100
171 115 100
171 115 100
171 115 100
171 115 100
171 115 100
171 115 100
171 115 100
171 115 100
171 115 100
171 115 100
171 115 100
171 115 100
171 115 100
171 115 100
171 115 100
171 115 100
171 115 100
171 115 100
171 115 100
171 115 100
171 115 100
171 115 100
171 115 100
172 115 100
172 115 100
172 115 100
172 115 100
172 115 100
172 115 100
172 115 100
172 115 100
172 115 100
172 115 100
172 115 100
172 115 100
172 115 100
172 115 100
172 115 100
172 115 100
172 115 100
172 115 100
172 115 100
172 115 100
172 115 100
172 115 100
172 115 100
172 115 100
172 115 100
172 115 100
172 115 100
172 115 100
173 115 100
173 115 100
173 115 100
173 115 100
173 115 100
173 115 100
173 115 100
173 115 100
173 115 100
173 115 100
173 115 100
173 115 100
173 115 100
173 115 100
173 115 100
173 115 100
173 115 100
173 115 100
173 115 100
173 115 100
173 115 100
173 115 100
173 115 100
173 115 100
173 115 100
173 115 100
173 115 100
174 115 100
174 115 100
174 115 100
174 115 100
174 115 100
174 115 100
174 115 100
174 115 100
174 115 100
174 115 100
174 115 100
174 115 100
174 115 100
174 115 100
174 115 100
174 115 100
174 115 100
174 115 100
174 115 100
174 115 100
174 115 100
174 115 100
174 115 100
174 115 100
174 115 100
174 115 100
175 115 100
175 115 100
175 115 100
175 115 100
175 115 100
175 115 100
175 115 100
175 115 100
175 115 100
175 115 100
175 115 100
175 115 100
175 115 100
175 115 100
175 115 100
175 115 100
175 115 100
175 115 100
175 115 100
175 115 100
175 115 100
175 115 100
175 115 100
175 115 100
176 115 100
176 115 100
176 115 100
176 115 100
176 115 100
176 115 100
176 115 100
176 115 100
176 115 100
176 115 100
176 115 100
176 115 100
176 115 100
176 115 100
176 115 100
176 115 100
176 115 100
176 115 100
176 115 100
176 115 100
176 115 100
176 115 100
177 115 100
177 115 100
177 115 100
177 115 100
177 115 100
177 115 100
177 115 100
177 115 100
177 115 100
177 115 100
177 115 100
177 115 100
177 115 100
177 115 100
177 115 100
177 115 100
177 115 100
177 115 100
177 115 100
178 115 100
178 115 100
178 115 100
178 115 100
178 115 100
178 115 100
178 115 100
178 115 100
178 115 100
178 115 100
178 115 100
178 115 100
178 115 100
178 115 100
178 115 100
178 115 100
179 115 100
179 115 100
179 115 100
179 115 100
179 115 100
179 115 100
179 115 100
179 115 100
179 115 100
179 115 100
179 115 100
179 115 100
179 115 100
180 115 100
180 115 100
180 115 100
180 115 100
180 115 100
180 115 100
180 115 100
180 115 100
180 115 100
180 115 100
181 115 100
181 115 100
181 115 100
181 115 100
181 115 100
181 115 100
181 115 100
181 115 100
182 115 100
182 115 100
182 115 100
182 115 100
182 115 100
183 115 100
183 115 100
183 115 100
183 115 100
184 115 100
184 115 100
184 115 100
# move from (198,54) to (185,128)
198 54 100
197 54 100
196 54 100
195 54 100
194 54 100
193 54 100
192 54 100
191 54 100
190 54 100
189 54 100
188 54 100
187 54 100
186 54 100
185 54 100
185 55 100
185 56 100
185 57 100
185 58 100
185 59 100
185 60 100
185 61 100
185 62 100
185 63 100
185 64 100
185 65 100
185 66 100
185 67 100
185 67 100
185 68 100
185 68 100
# move from (175,164) to (185,128)
175 164 100
176 164 100
177 164 100
178 164 100
179 164 100
180 164 100
181 164 100
182 164 100
183 164 100
184 164 100
185 164 100
185 163 100
185 162 100
185 161 100
185 160 100
185 159 100
185 158 100
# move from (120,23) to (185,128)
120 23 100
120 23 100
120 23 100
120 23 100
120 23 100
120 23 100
120 23 100
120 23 100
120 23 100
120 23 100
120 23 100
120 23 100
120 23 100
120 23 100
120 23 100
120 23 100
120 23 100
120 23 100
121 23 100
121 23 100
121 23 100
121 23 100
121 23 100
121 23 100
121 23 100
121 23 100
121 23 100
121 23 100
121 23 100
121 23 100
121 23 100
121 23 100
121 23 100
121 23 100
121 23 100
121 23 100
121 23 100
122 23 100
122 23 100
122 23 100
122 23 100
122 23 100
122 23 100
122 23 100
122 23 100
122 23 100
122 23 100
122 23 100
122 23 100
122 23 100
122 23 100
122 23 100
122 23 100
122 23 100
122 23 100
122 23 100
123 23 100
123 23 100
123 23 100
123 23 100
123 23 100
123 23 100
123 23 100
123 23 100
123 23 100
123 23 100
123 23 100
123 23 100
123 23 100
123 23 100
123 23 100
123 23 100
123 23 100
123 23 100
123 23 100
123 23 100
124 23 100
124 23 100
124 23 100
124 23 100
124 23 100
124 23 100
124 23 100
124 23 100
124 23 100
124 23 100
124 23 100
124 23 100
124 23 100
124 23 100
124 23 100
124 23 100
124 23 100
124 23 100
124 23 100
124 23 100
125 23 100
125 23 100
125 23 100
125 23 100
125 23 100
125 23 100
125 23 100
125 23 100
125 23 100
125 23 100
125 23 100
125 23 100
125 23 100
125 23 100
125 23 100
125 23 100
125 23 100
125 23 100
125 23 100
125 23 100
125 23 100
126 23 100
126 23 100
126 23 100
126 23 100
126 23 100
126 23 100
126 23 100
126 23 100
126 23 100
126 23 100
126 23 100
126 23 100
126 23 100
126 23 100
126 23 100
126 23 100
126 23 100
126 23 100
126 23 100
126 23 100
126 23 100
127 23 100
127 23 100
127 23 100
127 23 100
127 23 100
127 23 100
127 23 100
127 23 100
127 23 100
127 23 100
127 23 100
127 23 100
127 23 100
127 23 100
127 23 100
127 23 100
127 23 100
127 23 100
127 23 100
127 23 100
127 23 100
128 23 100
128 23 100
128 23 100
128 23 100
128 23 100
128 23 100
128 23 100
128 23 100
128 23 100
128 23 100
128 23 100
128 23 100
128 23 100
128 23 100
128 23 100
128 23 100
128 23 100
128 23 100
128 23 100
128 23 100
128 23 100
129 23 100
129 23 100
129 23 100
129 23 100
129 23 100
129 23 100
129 23 100
129 23 100
129 23 100
129 23 100
129 23 100
129 23 100
129 23 100
129 23 100
129 23 100
129 23 100
129 23 100
129 23 100
129 23 100
129 23 100
130 23 100
130 23 100
130 23 100
130 23 100
130 23 100
130 23 100
130 23 100
130 23 100
130 23 100
130 23 100
130 23 100
130 23 100
130 23 100
130 23 100
130 23 100
130 23 100
130 23 100
130 23 100
130 23 100
131 23 100
131 23 100
131 23 100
131 23 100
131 23 100
131 23 100
131 23 100
131 23 100
131 23 100
131 23 100
131 23 100
131 23 100
131 23 100
131 23 100
131 23 100
131 23 100
131 23 100
131 23 100
132 23 100
132 23 100
132 23 100
132 23 100
132 23 100
132 23 100
132 23 100
132 23 100
132 23 100
132 23 100
132 23 100
132 23 100
132 23 100
132 23 100
132 23 100
132 23 100
133 23 100
133 23 100
133 23 100
133 23 100
133 23 100
133 23 100
133 23 100
133 23 100
133 23 100
133 23 100
133 23 100
133 23 100
133 23 100
133 23 100
134 23 100
134 23 100
134 23 100
134 23 100
134 23 100
134 23 100
134 23 100
134 23 100
134 23 100
134 23 100
134 23 100
135 23 100
135 23 100
135 23 100
135 23 100
135 23 100
135 23 100
135 23 100
135 23 100
135 23 100
136 23 100
136 23 100
136 23 100
136 23 100
136 23 100
136 23 100
137 23 100
137 23 100
137 23 100
137 23 100
137 23 100
138 23 100
138 23 100
138 23 100
139 23 100
139 23 100
140 23 100
140 23 100
141 23 100
142 23 100
143 23 100
144 23 100
145 23 100
146 23 100
147 23 100
148 23 100
149 23 100
149 23 100
150 23 100
150 23 100
151 23 100
151 23 100
152 23 100
152 23 100
153 23 100
153 23 100
154 23 100
154 23 100
155 23 100
155 23 100
156 23 100
156 23 100
157 23 100
157 23 100
158 23 100
159 23 100
160 23 100
161 23 100
162 23 100
163 23 100
164 23 100
165 23 100
166 23 100
167 23 100
168 23 100
169 23 100
170 23 100
171 23 100
172 23 100
173 23 100
174 23 100
175 23 100
176 23 100
177 23 100
178 23 100
179 23 100
180 23 100
181 23 100
182 23 100
183 23 100
183 23 100
184 23 100
184 23 100
185 23 100
185 23 100
185 23 100
185 24 100
185 24 100
185 24 100
185 25 100
185 25 100
185 25 100
185 26 100
185 26 100
185 26 100
185 27 100
185 27 100
185 27 100
185 27 100
185 28 100
185 28 100
185 28 100
185 28 100
185 29 100
185 29 100
185 29 100
185 29 100
185 30 100
185 30 100
185 30 100
185 30 100
185 31 100
185 31 100
185 31 100
185 31 100
185 32 100
185 32 100
185 32 100
185 32 100
185 33 100
185 33 100
185 33 100
185 33 100
185 34 100
185 34 100
185 34 100
185 35 100
185 35 100
185 35 100
185 36 100
185 36 100
185 37 100
185 37 100
185 38 100
185 38 100
185 39 100
185 40 100
185 41 100
185 42 100
185 43 100
185 44 100
185 45 100
185 46 100
185 47 100
185 48 100
185 49 100
185 50 100
185 51 100
185 52 100
185 53 100
# move from (52,10) to (185,128)
52 10 100
53 10 100
54 10 100
55 10 100
56 10 100
57 10 100
58 10 100
59 10 100
60 10 100
61 10 100
61 10 100
62 10 100
62 10 100
62 10 100
63 10 100
63 10 100
63 10 100
63 10 100
64 10 100
64 10 100
64 10 100
64 10 100
64 10 100
65 10 100
65 10 100
65 10 100
65 10 100
65 10 100
65 10 100
66 10 100
66 10 100
66 10 100
66 10 100
66 10 100
66 10 100
66 10 100
67 10 100
67 10 100
67 10 100
67 10 100
67 10 100
67 10 100
67 10 100
67 10 100
67 10 100
68 10 100
68 10 100
68 10 100
68 10 100
68 10 100
68 10 100
68 10 100
68 10 100
68 10 100
69 10 100
69 10 100
69 10 100
69 10 100
69 10 100
69 10 100
69 10 100
69 10 100
69 10 100
69 10 100
70 10 100
70 10 100
70 10 100
70 10 100
70 10 100
70 10 100
70 10 100
70 10 100
70 10 100
70 10 100
71 10 100
71 10 100
71 10 100
71 10 100
71 10 100
71 10 100
71 10 100
71 10 100
71 10 100
71 10 100
72 10 100
72 10 100
72 10 100
72 10 100
72 10 100
72 10 100
72 10 100
72 10 100
72 10 100
72 10 100
73 10 100
73 10 100
73 10 100
73 10 100
73 10 100
73 10 100
73 10 100
73 10 100
73 10 100
73 10 100
74 10 100
74 10 100
74 10 100
74 10 100
74 10 100
74 10 100
74 10 100
74 10 100
74 10 100
75 10 100
75 10 100
75 10 100
75 10 100
75 10 100
75 10 100
75 10 100
75 10 100
76 10 100
76 10 100
76 10 100
76 10 100
76 10 100
76 10 100
76 10 100
77 10 100
77 10 100
77 10 100
77 10 100
77 10 100
77 10 100
78 10 100
78 10 100
78 10 100
78 10 100
78 10 100
79 10 100
79 10 100
79 10 100
79 10 100
80 10 100
80 10 100
80 10 100
80 10 100
81 10 100
81 10 100
81 10 100
82 10 100
82 10 100
83 10 100
83 10 100
84 10 100
85 10 100
86 10 100
87 10 100
88 10 100
89 10 100
90 10 100
91 10 100
92 10 100
93 10 100
94 10 100
95 10 100
96 10 100
97 10 100
98 10 100
99 10 100
100 10 100
101 10 100
102 10 100
103 10 100
104 10 100
104 10 100
105 10 100
105 10 100
106 10 100
106 10 100
106 10 100
107 10 100
107 10 100
107 10 100
107 10 100
108 10 100
108 10 100
108 10 100
108 10 100
108 10 100
109 10 100
109 10 100
109 10 100
109 10 100
109 10 100
109 10 100
110 10 100
110 10 100
110 10 100
110 10 100
110 10 100
110 10 100
110 10 100
111 10 100
111 10 100
111 10 100
111 10 100
111 10 100
111 10 100
111 10 100
111 10 100
112 10 100
112 10 100
112 10 100
112 10 100
112 10 100
112 10 100
112 10 100
112 10 100
112 10 100
112 10 100
113 10 100
113 10 100
113 10 100
113 10 100
113 10 100
113 10 100
113 10 100
113 10 100
113 10 100
113 10 100
113 10 100
114 10 100
114 10 100
114 10 100
114 10 100
114 10 100
114 10 100
114 10 100
114 10 100
114 10 100
114 10 100
114 10 100
114 10 100
115 10 100
115 10 100
115 10 100
115 10 100
115 10 100
115 10 100
115 10 100
115 10 100
115 10 100
115 10 100
115 10 100
115 10 100
115 10 100
116 10 100
116 10 100
116 10 100
116 10 100
116 10 100
116 10 100
116 10 100
116 10 100
116 10 100
116 10 100
116 10 100
116 10 100
116 10 100
116 10 100
117 10 100
117 10 100
117 10 100
117 10 100
117 10 100
117 10 100
117 10 100
117 10 100
117 10 100
117 10 100
117 10 100
117 10 100
117 10 100
117 10 100
118 10 100
118 10 100
118 10 100
118 10 100
118 10 100
118 10 100
118 10 100
118 10 100
118 10 100
118 10 100
118 10 100
118 10 100
118 10 100
118 10 100
119 10 100
119 10 100
119 10 100
119 10 100
119 10 100
119 10 100
119 10 100
119 10 100
119 10 100
119 10 100
119 10 100
119 10 100
119 10 100
119 10 100
120 10 100
120 10 100
120 10 100
120 10 100
120 10 100
120 10 100
120 10 100
120 10 100
120 10 100
120 10 100
120 10 100
120 10 100
120 10 100
121 10 100
121 10 100
121 10 100
121 10 100
121 10 100
121 10 100
121 10 100
121 10 100
121 10 100
121 10 100
121 10 100
121 10 100
122 10 100
122 10 100
122 10 100
122 10 100
122 10 100
122 10 100
122 10 100
122 10 100
122 10 100
122 10 100
122 10 100
123 10 100
123 10 100
123 10 100
123 10 100
123 10 100
123 10 100
123 10 100
123 10 100
123 10 100
123 10 100
124 10 100
124 10 100
124 10 100
124 10 100
124 10 100
124 10 100
124 10 100
124 10 100
124 10 100
125 10 100
125 10 100
125 10 100
125 10 100
125 10 100
125 10 100
125 10 100
125 10 100
126 10 100
126 10 100
126 10 100
126 10 100
126 10 100
126 10 100
126 10 100
127 10 100
127 10 100
127 10 100
127 10 100
127 10 100
127 10 100
128 10 100
128 10 100
128 10 100
128 10 100
128 10 100
129 10 100
129 10 100
129 10 100
129 10 100
130 10 100
130 10 100
130 10 100
130 10 100
131 10 100
131 10 100
131 10 100
131 10 100
132 10 100
132 10 100
132 10 100
133 10 100
133 10 100
133 10 100
133 10 100
134 10 100
134 10 100
134 10 100
134 10 100
135 10 100
135 10 100
135 10 100
135 10 100
136 10 100
136 10 100
136 10 100
136 10 100
136 10 100
137 10 100
137 10 100
137 10 100
137 10 100
137 10 100
137 10 100
138 10 100
138 10 100
138 10 100
138 10 100
138 10 100
138 10 100
138 10 100
139 10 100
139 10 100
139 10 100
139 10 100
139 10 100
139 10 100
139 10 100
139 10 100
139 10 100
140 10 100
140 10 100
140 10 100
140 10 100
140 10 100
140 10 100
140 10 100
140 10 100
140 10 100
140 10 100
141 10 100
141 10 100
141 10 100
141 10 100
141 10 100
141 10 100
141 10 100
141 10 100
141 10 100
141 10 100
141 10 100
141 10 100
142 10 100
142 10 100
142 10 100
142 10 100
142 10 100
142 10 100
142 10 100
142 10 100
142 10 100
142 10 100
142 10 100
142 10 100
142 10 100
142 10 100
143 10 100
143 10 100
143 10 100
143 10 100
143 10 100
143 10 100
143 10 100
143 10 100
143 10 100
143 10 100
143 10 100
143 10 100
143 10 100
143 10 100
143 10 100
144 10 100
144 10 100
144 10 100
144 10 100
144 10 100
144 10 100
144 10 100
144 10 100
144 10 100
144 10 100
144 10 100
144 10 100
144 10 100
144 10 100
144 10 100
144 10 100
145 10 100
145 10 100
145 10 100
145 10 100
145 10 100
145 10 100
145 10 100
145 10 100
145 10 100
145 10 100
145 10 100
145 10 100
145 10 100
145 10 100
145 10 100
145 10 100
145 10 100
146 10 100
146 10 100
146 10 100
146 10 100
146 10 100
146 10 100
146 10 100
146 10 100
146 10 100
146 10 100
146 10 100
146 10 100
146 10 100
146 10 100
146 10 100
146 10 100
147 10 100
147 10 100
147 10 100
147 10 100
147 10 100
147 10 100
147 10 100
147 10 100
147 10 100
147 10 100
147 10 100
147 10 100
147 10 100
147 10 100
147 10 100
148 10 100
148 10 100
148 10 100
148 10 100
148 10 100
148 10 100
148 10 100
148 10 100
148 10 100
148 10 100
148 10 100
148 10 100
148 10 100
148 10 100
149 10 100
149 10 100
149 10 100
149 10 100
149 10 100
149 10 100
149 10 100
149 10 100
149 10 100
149 10 100
149 10 100
150 10 100
150 10 100
150 10 100
150 10 100
150 10 100
150 10 100
150 10 100
150 10 100
150 10 100
151 10 100
151 10 100
151 10 100
151 10 100
151 10 100
151 10 100
151 10 100
152 10 100
152 10 100
152 10 100
152 10 100
152 10 100
152 10 100
153 10 100
153 10 100
153 10 100
153 10 100
154 10 100
154 10 100
154 10 100
155 10 100
155 10 100
156 10 100
156 10 100
157 10 100
158 10 100
159 10 100
160 10 100
161 10 100
162 10 100
163 10 100
164 10 100
165 10 100
166 10 100
167 10 100
168 10 100
169 10 100
170 10 100
171 10 100
172 10 100
173 10 100
174 10 100
175 10 100
176 10 100
177 10 100
178 10 100
179 10 100
180 10 100
181 10 100
182 10 100
183 10 100
184 10 100
185 10 100
185 11 100
185 12 100
185 13 100
185 14 100
185 15 100
185 16 100
185 17 100
185 18 100
185 18 100
185 19 100
185 19 100
185 20 100
185 20 100
185 21 100
185 21 100
185 22 100
185 22 100
