# move from (100,63) to (119,78)
100 63 100
101 63 100
102 63 100
103 63 100
104 63 100
105 63 100
106 63 100
107 63 100
108 63 100
109 63 100
110 63 100
111 63 100
112 63 100
113 63 100
114 63 100
115 63 100
116 63 100
117 63 100
118 63 100
119 63 100
119 64 100
119 65 100
119 66 100
119 67 100
119 68 100
119 69 100
119 70 100
119 71 100
119 72 100
119 73 100
119 74 100
119 75 100
119 76 100
119 77 100
119 78 100
# move from (11,5) to (119,78)
11 5 100
12 5 100
13 5 100
14 5 100
15 5 100
16 5 100
17 5 100
18 5 100
18 5 100
19 5 100
19 5 100
19 5 100
20 5 100
20 5 100
20 5 100
20 5 100
20 5 100
21 5 100
21 5 100
21 5 100
21 5 100
21 5 100
21 5 100
21 5 100
21 5 100
22 5 100
22 5 100
22 5 100
22 5 100
22 5 100
22 5 100
22 5 100
22 5 100
22 5 100
22 5 100
22 5 100
22 5 100
23 5 100
23 5 100
23 5 100
23 5 100
23 5 100
23 5 100
23 5 100
23 5 100
23 5 100
23 5 100
23 5 100
23 5 100
23 5 100
23 5 100
23 5 100
23 5 100
24 5 100
24 5 100
24 5 100
24 5 100
24 5 100
24 5 100
24 5 100
24 5 100
24 5 100
24 5 100
24 5 100
24 5 100
24 5 100
24 5 100
24 5 100
24 5 100
24 5 100
24 5 100
24 5 100
25 5 100
25 5 100
25 5 100
25 5 100
25 5 100
25 5 100
25 5 100
25 5 100
25 5 100
25 5 100
25 5 100
25 5 100
25 5 100
25 5 100
25 5 100
25 5 100
25 5 100
25 5 100
25 5 100
25 5 100
26 5 100
26 5 100
26 5 100
26 5 100
26 5 100
26 5 100
26 5 100
26 5 100
26 5 100
26 5 100
26 5 100
26 5 100
26 5 100
26 5 100
26 5 100
26 5 100
26 5 100
26 5 100
26 5 100
26 5 100
26 5 100
27 5 100
27 5 100
27 5 100
27 5 100
27 5 100
27 5 100
27 5 100
27 5 100
27 5 100
27 5 100
27 5 100
27 5 100
27 5 100
27 5 100
27 5 100
27 5 100
27 5 100
27 5 100
27 5 100
27 5 100
27 5 100
27 5 100
28 5 100
28 5 100
28 5 100
28 5 100
28 5 100
28 5 100
28 5 100
28 5 100
28 5 100
28 5 100
28 5 100
28 5 100
28 5 100
28 5 100
28 5 100
28 5 100
28 5 100
28 5 100
28 5 100
28 5 100
28 5 100
28 5 100
29 5 100
29 5 100
29 5 100
29 5 100
29 5 100
29 5 100
29 5 100
29 5 100
29 5 100
29 5 100
29 5 100
29 5 100
29 5 100
29 5 100
29 5 100
29 5 100
29 5 100
29 5 100
29 5 100
29 5 100
29 5 100
30 5 100
30 5 100
30 5 100
30 5 100
30 5 100
30 5 100
30 5 100
30 5 100
30 5 100
30 5 100
30 5 100
30 5 100
30 5 100
30 5 100
30 5 100
30 5 100
30 5 100
30 5 100
30 5 100
31 5 100
31 5 100
31 5 100
31 5 100
31 5 100
31 5 100
31 5 100
31 5 100
31 5 100
31 5 100
31 5 100
31 5 100
31 5 100
31 5 100
31 5 100
31 5 100
31 5 100
32 5 100
32 5 100
32 5 100
32 5 100
32 5 100
32 5 100
32 5 100
32 5 100
32 5 100
32 5 100
32 5 100
32 5 100
32 5 100
32 5 100
32 5 100
33 5 100
33 5 100
33 5 100
33 5 100
33 5 100
33 5 100
33 5 100
33 5 100
33 5 100
33 5 100
33 5 100
33 5 100
33 5 100
34 5 100
34 5 100
34 5 100
34 5 100
34 5 100
34 5 100
34 5 100
34 5 100
34 5 100
34 5 100
34 5 100
34 5 100
35 5 100
35 5 100
35 5 100
35 5 100
35 5 100
35 5 100
35 5 100
35 5 100
35 5 100
35 5 100
35 5 100
35 5 100
36 5 100
36 5 100
36 5 100
36 5 100
36 5 100
36 5 100
36 5 100
36 5 100
36 5 100
36 5 100
36 5 100
36 5 100
37 5 100
37 5 100
37 5 100
37 5 100
37 5 100
37 5 100
37 5 100
37 5 100
37 5 100
37 5 100
37 5 100
37 5 100
38 5 100
38 5 100
38 5 100
38 5 100
38 5 100
38 5 100
38 5 100
38 5 100
38 5 100
38 5 100
38 5 100
38 5 100
39 5 100
39 5 100
39 5 100
39 5 100
39 5 100
39 5 100
39 5 100
39 5 100
39 5 100
39 5 100
39 5 100
40 5 100
40 5 100
40 5 100
40 5 100
40 5 100
40 5 100
40 5 100
40 5 100
40 5 100
40 5 100
40 5 100
41 5 100
41 5 100
41 5 100
41 5 100
41 5 100
41 5 100
41 5 100
41 5 100
41 5 100
41 5 100
42 5 100
42 5 100
42 5 100
42 5 100
42 5 100
42 5 100
42 5 100
42 5 100
42 5 100
43 5 100
43 5 100
43 5 100
43 5 100
43 5 100
43 5 100
43 5 100
44 5 100
44 5 100
44 5 100
44 5 100
44 5 100
44 5 100
44 5 100
45 5 100
45 5 100
45 5 100
45 5 100
45 5 100
45 5 100
46 5 100
46 5 100
46 5 100
46 5 100
46 5 100
47 5 100
47 5 100
47 5 100
47 5 100
47 5 100
48 5 100
48 5 100
48 5 100
48 5 100
48 5 100
49 5 100
49 5 100
49 5 100
49 5 100
49 5 100
50 5 100
50 5 100
50 5 100
50 5 100
51 5 100
51 5 100
51 5 100
51 5 100
52 5 100
52 5 100
52 5 100
53 5 100
53 5 100
53 5 100
54 5 100
54 5 100
55 5 100
55 5 100
56 5 100
56 5 100
57 5 100
57 5 100
58 5 100
58 5 100
58 5 100
59 5 100
59 5 100
59 5 100
60 5 100
60 5 100
60 5 100
60 5 100
61 5 100
61 5 100
61 5 100
61 5 100
61 5 100
61 5 100
62 5 100
62 5 100
62 5 100
62 5 100
62 5 100
62 5 100
62 5 100
63 5 100
63 5 100
63 5 100
63 5 100
63 5 100
63 5 100
63 5 100
63 5 100
64 5 100
64 5 100
64 5 100
64 5 100
64 5 100
64 5 100
64 5 100
64 5 100
65 5 100
65 5 100
65 5 100
65 5 100
65 5 100
65 5 100
65 5 100
65 5 100
65 5 100
66 5 100
66 5 100
66 5 100
66 5 100
66 5 100
66 5 100
66 5 100
66 5 100
66 5 100
67 5 100
67 5 100
67 5 100
67 5 100
67 5 100
67 5 100
67 5 100
67 5 100
67 5 100
67 5 100
68 5 100
68 5 100
68 5 100
68 5 100
68 5 100
68 5 100
68 5 100
68 5 100
68 5 100
68 5 100
68 5 100
69 5 100
69 5 100
69 5 100
69 5 100
69 5 100
69 5 100
69 5 100
69 5 100
69 5 100
69 5 100
69 5 100
69 5 100
69 5 100
70 5 100
70 5 100
70 5 100
70 5 100
70 5 100
70 5 100
70 5 100
70 5 100
70 5 100
70 5 100
70 5 100
70 5 100
70 5 100
70 5 100
70 5 100
71 5 100
71 5 100
71 5 100
71 5 100
71 5 100
71 5 100
71 5 100
71 5 100
71 5 100
71 5 100
71 5 100
71 5 100
71 5 100
71 5 100
71 5 100
71 5 100
71 5 100
71 5 100
72 5 100
72 5 100
72 5 100
72 5 100
72 5 100
72 5 100
72 5 100
72 5 100
72 5 100
72 5 100
72 5 100
72 5 100
72 5 100
72 5 100
72 5 100
72 5 100
72 5 100
72 5 100
72 5 100
72 5 100
72 5 100
72 5 100
73 5 100
73 5 100
73 5 100
73 5 100
73 5 100
73 5 100
73 5 100
73 5 100
73 5 100
73 5 100
73 5 100
73 5 100
73 5 100
73 5 100
73 5 100
73 5 100
73 5 100
73 5 100
73 5 100
73 5 100
73 5 100
73 5 100
73 5 100
73 5 100
73 5 100
73 5 100
74 5 100
74 5 100
74 5 100
74 5 100
74 5 100
74 5 100
74 5 100
74 5 100
74 5 100
74 5 100
74 5 100
74 5 100
74 5 100
74 5 100
74 5 100
74 5 100
74 5 100
74 5 100
74 5 100
74 5 100
74 5 100
74 5 100
74 5 100
74 5 100
74 5 100
74 5 100
74 5 100
74 5 100
74 5 100
74 5 100
75 5 100
75 5 100
75 5 100
75 5 100
75 5 100
75 5 100
75 5 100
75 5 100
75 5 100
75 5 100
75 5 100
75 5 100
75 5 100
75 5 100
75 5 100
75 5 100
75 5 100
75 5 100
75 5 100
75 5 100
75 5 100
75 5 100
75 5 100
75 5 100
75 5 100
75 5 100
75 5 100
75 5 100
75 5 100
75 5 100
75 5 100
75 5 100
75 5 100
76 5 100
76 5 100
76 5 100
76 5 100
76 5 100
76 5 100
76 5 100
76 5 100
76 5 100
76 5 100
76 5 100
76 5 100
76 5 100
76 5 100
76 5 100
76 5 100
76 5 100
76 5 100
76 5 100
76 5 100
76 5 100
76 5 100
76 5 100
76 5 100
76 5 100
76 5 100
76 5 100
76 5 100
76 5 100
76 5 100
76 5 100
76 5 100
76 5 100
76 5 100
77 5 100
77 5 100
77 5 100
77 5 100
77 5 100
77 5 100
77 5 100
77 5 100
77 5 100
77 5 100
77 5 100
77 5 100
77 5 100
77 5 100
77 5 100
77 5 100
77 5 100
77 5 100
77 5 100
77 5 100
77 5 100
77 5 100
77 5 100
77 5 100
77 5 100
77 5 100
77 5 100
77 5 100
77 5 100
77 5 100
77 5 100
77 5 100
77 5 100
77 5 100
77 5 100
78 5 100
78 5 100
78 5 100
78 5 100
78 5 100
78 5 100
78 5 100
78 5 100
78 5 100
78 5 100
78 5 100
78 5 100
78 5 100
78 5 100
78 5 100
78 5 100
78 5 100
78 5 100
78 5 100
78 5 100
78 5 100
78 5 100
78 5 100
78 5 100
78 5 100
78 5 100
78 5 100
78 5 100
78 5 100
78 5 100
78 5 100
78 5 100
78 5 100
78 5 100
79 5 100
79 5 100
79 5 100
79 5 100
79 5 100
79 5 100
79 5 100
79 5 100
79 5 100
79 5 100
79 5 100
79 5 100
79 5 100
79 5 100
79 5 100
79 5 100
79 5 100
79 5 100
79 5 100
79 5 100
79 5 100
79 5 100
79 5 100
79 5 100
79 5 100
79 5 100
79 5 100
79 5 100
79 5 100
79 5 100
79 5 100
79 5 100
79 5 100
79 5 100
80 5 100
80 5 100
80 5 100
80 5 100
80 5 100
80 5 100
80 5 100
80 5 100
80 5 100
80 5 100
80 5 100
80 5 100
80 5 100
80 5 100
80 5 100
80 5 100
80 5 100
80 5 100
80 5 100
80 5 100
80 5 100
80 5 100
80 5 100
80 5 100
80 5 100
80 5 100
80 5 100
80 5 100
80 5 100
80 5 100
80 5 100
80 5 100
80 5 100
81 5 100
81 5 100
81 5 100
81 5 100
81 5 100
81 5 100
81 5 100
81 5 100
81 5 100
81 5 100
81 5 100
81 5 100
81 5 100
81 5 100
81 5 100
81 5 100
81 5 100
81 5 100
81 5 100
81 5 100
81 5 100
81 5 100
81 5 100
81 5 100
81 5 100
81 5 100
81 5 100
81 5 100
81 5 100
81 5 100
81 5 100
81 5 100
81 5 100
82 5 100
82 5 100
82 5 100
82 5 100
82 5 100
82 5 100
82 5 100
82 5 100
82 5 100
82 5 100
82 5 100
82 5 100
82 5 100
82 5 100
82 5 100
82 5 100
82 5 100
82 5 100
82 5 100
82 5 100
82 5 100
82 5 100
82 5 100
82 5 100
82 5 100
82 5 100
82 5 100
82 5 100
82 5 100
82 5 100
82 5 100
82 5 100
82 5 100
83 5 100
83 5 100
83 5 100
83 5 100
83 5 100
83 5 100
83 5 100
83 5 100
83 5 100
83 5 100
83 5 100
83 5 100
83 5 100
83 5 100
83 5 100
83 5 100
83 5 100
83 5 100
83 5 100
83 5 100
83 5 100
83 5 100
83 5 100
83 5 100
83 5 100
83 5 100
83 5 100
83 5 100
83 5 100
83 5 100
83 5 100
83 5 100
83 5 100
83 5 100
84 5 100
84 5 100
84 5 100
84 5 100
84 5 100
84 5 100
84 5 100
84 5 100
84 5 100
84 5 100
84 5 100
84 5 100
84 5 100
84 5 100
84 5 100
84 5 100
84 5 100
84 5 100
84 5 100
84 5 100
84 5 100
84 5 100
84 5 100
84 5 100
84 5 100
84 5 100
84 5 100
84 5 100
84 5 100
84 5 100
84 5 100
84 5 100
84 5 100
84 5 100
84 5 100
84 5 100
85 5 100
85 5 100
85 5 100
85 5 100
85 5 100
85 5 100
85 5 100
85 5 100
85 5 100
85 5 100
85 5 100
85 5 100
85 5 100
85 5 100
85 5 100
85 5 100
85 5 100
85 5 100
85 5 100
85 5 100
85 5 100
85 5 100
85 5 100
85 5 100
85 5 100
85 5 100
85 5 100
85 5 100
85 5 100
85 5 100
85 5 100
85 5 100
85 5 100
85 5 100
85 5 100
85 5 100
85 5 100
86 5 100
86 5 100
86 5 100
86 5 100
86 5 100
86 5 100
86 5 100
86 5 100
86 5 100
86 5 100
86 5 100
86 5 100
86 5 100
86 5 100
86 5 100
86 5 100
86 5 100
86 5 100
86 5 100
86 5 100
86 5 100
86 5 100
86 5 100
86 5 100
86 5 100
86 5 100
86 5 100
86 5 100
86 5 100
86 5 100
86 5 100
86 5 100
86 5 100
86 5 100
86 5 100
86 5 100
86 5 100
86 5 100
86 5 100
87 5 100
87 5 100
87 5 100
87 5 100
87 5 100
87 5 100
87 5 100
87 5 100
87 5 100
87 5 100
87 5 100
87 5 100
87 5 100
87 5 100
87 5 100
87 5 100
87 5 100
87 5 100
87 5 100
87 5 100
87 5 100
87 5 100
87 5 100
87 5 100
87 5 100
87 5 100
87 5 100
87 5 100
87 5 100
87 5 100
87 5 100
87 5 100
87 5 100
87 5 100
87 5 100
87 5 100
87 5 100
87 5 100
87 5 100
88 5 100
88 5 100
88 5 100
88 5 100
88 5 100
88 5 100
88 5 100
88 5 100
88 5 100
88 5 100
88 5 100
88 5 100
88 5 100
88 5 100
88 5 100
88 5 100
88 5 100
88 5 100
88 5 100
88 5 100
88 5 100
88 5 100
88 5 100
88 5 100
88 5 100
88 5 100
88 5 100
88 5 100
88 5 100
88 5 100
88 5 100
88 5 100
88 5 100
88 5 100
88 5 100
88 5 100
88 5 100
88 5 100
88 5 100
89 5 100
89 5 100
89 5 100
89 5 100
89 5 100
89 5 100
89 5 100
89 5 100
89 5 100
89 5 100
89 5 100
89 5 100
89 5 100
89 5 100
89 5 100
89 5 100
89 5 100
89 5 100
89 5 100
89 5 100
89 5 100
89 5 100
89 5 100
89 5 100
89 5 100
89 5 100
89 5 100
89 5 100
89 5 100
89 5 100
89 5 100
89 5 100
89 5 100
89 5 100
89 5 100
89 5 100
89 5 100
89 5 100
89 5 100
90 5 100
90 5 100
90 5 100
90 5 100
90 5 100
90 5 100
90 5 100
90 5 100
90 5 100
90 5 100
90 5 100
90 5 100
90 5 100
90 5 100
90 5 100
90 5 100
90 5 100
90 5 100
90 5 100
90 5 100
90 5 100
90 5 100
90 5 100
90 5 100
90 5 100
90 5 100
90 5 100
90 5 100
90 5 100
90 5 100
90 5 100
90 5 100
90 5 100
90 5 100
90 5 100
90 5 100
90 5 100
90 5 100
91 5 100
91 5 100
91 5 100
91 5 100
91 5 100
91 5 100
91 5 100
91 5 100
91 5 100
91 5 100
91 5 100
91 5 100
91 5 100
91 5 100
91 5 100
91 5 100
91 5 100
91 5 100
91 5 100
91 5 100
91 5 100
91 5 100
91 5 100
91 5 100
91 5 100
91 5 100
91 5 100
91 5 100
91 5 100
91 5 100
91 5 100
91 5 100
91 5 100
91 5 100
91 5 100
91 5 100
91 5 100
92 5 100
92 5 100
92 5 100
92 5 100
92 5 100
92 5 100
92 5 100
92 5 100
92 5 100
92 5 100
92 5 100
92 5 100
92 5 100
92 5 100
92 5 100
92 5 100
92 5 100
92 5 100
92 5 100
92 5 100
92 5 100
92 5 100
92 5 100
92 5 100
92 5 100
92 5 100
92 5 100
92 5 100
92 5 100
92 5 100
92 5 100
92 5 100
92 5 100
92 5 100
93 5 100
93 5 100
93 5 100
93 5 100
93 5 100
93 5 100
93 5 100
93 5 100
93 5 100
93 5 100
93 5 100
93 5 100
93 5 100
93 5 100
93 5 100
93 5 100
93 5 100
93 5 100
93 5 100
93 5 100
93 5 100
93 5 100
93 5 100
93 5 100
93 5 100
93 5 100
93 5 100
93 5 100
93 5 100
93 5 100
94 5 100
94 5 100
94 5 100
94 5 100
94 5 100
94 5 100
94 5 100
94 5 100
94 5 100
94 5 100
94 5 100
94 5 100
94 5 100
94 5 100
94 5 100
94 5 100
94 5 100
94 5 100
94 5 100
94 5 100
94 5 100
94 5 100
94 5 100
94 5 100
94 5 100
95 5 100
95 5 100
95 5 100
95 5 100
95 5 100
95 5 100
95 5 100
95 5 100
95 5 100
95 5 100
95 5 100
95 5 100
95 5 100
95 5 100
95 5 100
95 5 100
95 5 100
95 5 100
95 5 100
96 5 100
96 5 100
96 5 100
96 5 100
96 5 100
96 5 100
96 5 100
96 5 100
96 5 100
96 5 100
96 5 100
96 5 100
96 5 100
96 5 100
97 5 100
97 5 100
97 5 100
97 5 100
97 5 100
97 5 100
97 5 100
97 5 100
97 5 100
97 5 100
98 5 100
98 5 100
98 5 100
98 5 100
98 5 100
98 5 100
98 5 100
98 5 100
99 5 100
99 5 100
99 5 100
99 5 100
99 5 100
100 5 100
100 5 100
100 5 100
100 5 100
101 5 100
101 5 100
101 5 100
102 5 100
102 5 100
103 5 100
103 5 100
104 5 100
104 5 100
105 5 100
105 5 100
106 5 100
106 5 100
107 5 100
107 5 100
108 5 100
108 5 100
109 5 100
109 5 100
110 5 100
111 5 100
112 5 100
113 5 100
114 5 100
115 5 100
116 5 100
117 5 100
118 5 100
119 5 100
119 6 100
119 7 100
119 7 100
119 8 100
119 8 100
119 9 100
119 9 100
119 10 100
119 10 100
119 11 100
119 11 100
119 12 100
119 12 100
119 13 100
119 14 100
119 15 100
119 16 100
119 17 100
119 17 100
119 18 100
119 18 100
119 19 100
119 19 100
119 20 100
119 20 100
119 21 100
119 22 100
119 23 100
119 24 100
119 25 100
119 26 100
119 27 100
119 28 100
119 29 100
119 30 100
119 31 100
119 32 100
119 33 100
119 34 100
119 35 100
119 36 100
119 37 100
119 38 100
119 39 100
119 40 100
119 41 100
119 42 100
119 43 100
119 44 100
119 45 100
119 46 100
119 47 100
119 48 100
119 49 100
119 50 100
119 51 100
119 52 100
119 53 100
119 54 100
119 55 100
119 56 100
119 57 100
119 58 100
119 59 100
119 60 100
119 61 100
119 62 100
# move from (144,187) to (119,78)
144 187 100
144 187 100
143 187 100
143 187 100
142 187 100
142 187 100
141 187 100
141 187 100
140 187 100
140 187 100
140 187 100
139 187 100
139 187 100
139 187 100
138 187 100
138 187 100
138 187 100
138 187 100
137 187 100
137 187 100
137 187 100
137 187 100
136 187 100
136 187 100
136 187 100
136 187 100
135 187 100
135 187 100
135 187 100
135 187 100
135 187 100
134 187 100
134 187 100
134 187 100
134 187 100
134 187 100
133 187 100
133 187 100
133 187 100
133 187 100
133 187 100
133 187 100
132 187 100
132 187 100
132 187 100
132 187 100
132 187 100
132 187 100
132 187 100
131 187 100
131 187 100
131 187 100
131 187 100
131 187 100
131 187 100
131 187 100
130 187 100
130 187 100
130 187 100
130 187 100
130 187 100
130 187 100
130 187 100
130 187 100
129 187 100
129 187 100
129 187 100
129 187 100
129 187 100
129 187 100
129 187 100
129 187 100
129 187 100
129 187 100
128 187 100
128 187 100
128 187 100
128 187 100
128 187 100
128 187 100
128 187 100
128 187 100
128 187 100
128 187 100
128 187 100
127 187 100
127 187 100
127 187 100
127 187 100
127 187 100
127 187 100
127 187 100
127 187 100
127 187 100
127 187 100
127 187 100
127 187 100
126 187 100
126 187 100
126 187 100
126 187 100
126 187 100
126 187 100
126 187 100
126 187 100
126 187 100
126 187 100
126 187 100
126 187 100
126 187 100
125 187 100
125 187 100
125 187 100
125 187 100
125 187 100
125 187 100
125 187 100
125 187 100
125 187 100
125 187 100
125 187 100
125 187 100
125 187 100
125 187 100
124 187 100
124 187 100
124 187 100
124 187 100
124 187 100
124 187 100
124 187 100
124 187 100
124 187 100
124 187 100
124 187 100
124 187 100
124 187 100
124 187 100
123 187 100
123 187 100
123 187 100
123 187 100
123 187 100
123 187 100
123 187 100
123 187 100
123 187 100
123 187 100
123 187 100
123 187 100
123 187 100
122 187 100
122 187 100
122 187 100
122 187 100
122 187 100
122 187 100
122 187 100
122 187 100
122 187 100
122 187 100
122 187 100
122 187 100
121 187 100
121 187 100
121 187 100
121 187 100
121 187 100
121 187 100
121 187 100
121 187 100
121 187 100
121 187 100
121 187 100
121 187 100
120 187 100
120 187 100
120 187 100
120 187 100
120 187 100
120 187 100
120 187 100
120 187 100
120 187 100
120 187 100
120 187 100
119 187 100
119 187 100
119 187 100
119 187 100
119 187 100
119 187 100
119 187 100
119 187 100
119 187 100
119 187 100
119 187 100
119 186 100
119 186 100
119 186 100
119 186 100
119 186 100
119 186 100
119 186 100
119 186 100
119 186 100
119 186 100
119 186 100
119 186 100
119 186 100
119 185 100
119 185 100
119 185 100
119 185 100
119 185 100
119 185 100
119 185 100
119 185 100
119 185 100
119 185 100
119 185 100
119 185 100
119 185 100
119 185 100
119 185 100
119 185 100
119 184 100
119 184 100
119 184 100
119 184 100
119 184 100
119 184 100
119 184 100
119 184 100
119 184 100
119 184 100
119 184 100
119 184 100
119 184 100
119 184 100
119 184 100
119 184 100
119 184 100
119 184 100
119 184 100
119 183 100
119 183 100
119 183 100
119 183 100
119 183 100
119 183 100
119 183 100
119 183 100
119 183 100
119 183 100
119 183 100
119 183 100
119 183 100
119 183 100
119 183 100
119 183 100
119 183 100
119 183 100
119 183 100
119 183 100
119 183 100
119 183 100
119 182 100
119 182 100
119 182 100
119 182 100
119 182 100
119 182 100
119 182 100
119 182 100
119 182 100
119 182 100
119 182 100
119 182 100
119 182 100
119 182 100
119 182 100
119 182 100
119 182 100
119 182 100
119 182 100
119 182 100
119 182 100
119 182 100
119 182 100
119 182 100
119 182 100
119 181 100
119 181 100
119 181 100
119 181 100
119 181 100
119 181 100
119 181 100
119 181 100
119 181 100
119 181 100
119 181 100
119 181 100
119 181 100
119 181 100
119 181 100
119 181 100
119 181 100
119 181 100
119 181 100
119 181 100
119 181 100
119 181 100
119 181 100
119 181 100
119 181 100
119 181 100
119 181 100
119 181 100
119 181 100
119 180 100
119 180 100
119 180 100
119 180 100
119 180 100
119 180 100
119 180 100
119 180 100
119 180 100
119 180 100
119 180 100
119 180 100
119 180 100
119 180 100
119 180 100
119 180 100
119 180 100
119 180 100
119 180 100
119 180 100
119 180 100
119 180 100
119 180 100
119 180 100
119 180 100
119 180 100
119 180 100
119 180 100
119 180 100
119 180 100
119 180 100
119 180 100
119 179 100
119 179 100
119 179 100
119 179 100
119 179 100
119 179 100
119 179 100
119 179 100
119 179 100
119 179 100
119 179 100
119 179 100
119 179 100
119 179 100
119 179 100
119 179 100
119 179 100
119 179 100
119 179 100
119 179 100
119 179 100
119 179 100
119 179 100
119 179 100
119 179 100
119 179 100
119 179 100
119 179 100
119 179 100
119 179 100
119 179 100
119 179 100
119 179 100
119 179 100
119 179 100
119 178 100
119 178 100
119 178 100
119 178 100
119 178 100
119 178 100
119 178 100
119 178 100
119 178 100
119 178 100
119 178 100
119 178 100
119 178 100
119 178 100
119 178 100
119 178 100
119 178 100
119 178 100
119 178 100
119 178 100
119 178 100
119 178 100
119 178 100
119 178 100
119 178 100
119 178 100
119 178 100
119 178 100
119 178 100
119 178 100
119 178 100
119 178 100
119 178 100
119 178 100
119 178 100
119 178 100
119 178 100
119 177 100
119 177 100
119 177 100
119 177 100
119 177 100
119 177 100
119 177 100
119 177 100
119 177 100
119 177 100
119 177 100
119 177 100
119 177 100
119 177 100
119 177 100
119 177 100
119 177 100
119 177 100
119 177 100
119 177 100
119 177 100
119 177 100
119 177 100
119 177 100
119 177 100
119 177 100
119 177 100
119 177 100
119 177 100
119 177 100
119 177 100
119 177 100
119 177 100
119 177 100
119 177 100
119 177 100
119 177 100
119 176 100
119 176 100
119 176 100
119 176 100
119 176 100
119 176 100
119 176 100
119 176 100
119 176 100
119 176 100
119 176 100
119 176 100
119 176 100
119 176 100
119 176 100
119 176 100
119 176 100
119 176 100
119 176 100
119 176 100
119 176 100
119 176 100
119 176 100
119 176 100
119 176 100
119 176 100
119 176 100
119 176 100
119 176 100
119 176 100
119 176 100
119 176 100
119 176 100
119 176 100
119 176 100
119 176 100
119 176 100
119 175 100
119 175 100
119 175 100
119 175 100
119 175 100
119 175 100
119 175 100
119 175 100
119 175 100
119 175 100
119 175 100
119 175 100
119 175 100
119 175 100
119 175 100
119 175 100
119 175 100
119 175 100
119 175 100
119 175 100
119 175 100
119 175 100
119 175 100
119 175 100
119 175 100
119 175 100
119 175 100
119 175 100
119 175 100
119 175 100
119 175 100
119 175 100
119 175 100
119 175 100
119 175 100
119 174 100
119 174 100
119 174 100
119 174 100
119 174 100
119 174 100
119 174 100
119 174 100
119 174 100
119 174 100
119 174 100
119 174 100
119 174 100
119 174 100
119 174 100
119 174 100
119 174 100
119 174 100
119 174 100
119 174 100
119 174 100
119 174 100
119 174 100
119 174 100
119 174 100
119 174 100
119 174 100
119 174 100
119 174 100
119 174 100
119 174 100
119 174 100
119 174 100
119 173 100
119 173 100
119 173 100
119 173 100
119 173 100
119 173 100
119 173 100
119 173 100
119 173 100
119 173 100
119 173 100
119 173 100
119 173 100
119 173 100
119 173 100
119 173 100
119 173 100
119 173 100
119 173 100
119 173 100
119 173 100
119 173 100
119 173 100
119 173 100
119 173 100
119 173 100
119 173 100
119 173 100
119 173 100
119 173 100
119 173 100
119 172 100
119 172 100
119 172 100
119 172 100
119 172 100
119 172 100
119 172 100
119 172 100
119 172 100
119 172 100
119 172 100
119 172 100
119 172 100
119 172 100
119 172 100
119 172 100
119 172 100
119 172 100
119 172 100
119 172 100
119 172 100
119 172 100
119 172 100
119 172 100
119 172 100
119 172 100
119 172 100
119 172 100
119 171 100
119 171 100
119 171 100
119 171 100
119 171 100
119 171 100
119 171 100
119 171 100
119 171 100
119 171 100
119 171 100
119 171 100
119 171 100
119 171 100
119 171 100
119 171 100
119 171 100
119 171 100
119 171 100
119 171 100
119 171 100
119 171 100
119 171 100
119 171 100
119 171 100
119 170 100
119 170 100
119 170 100
119 170 100
119 170 100
119 170 100
119 170 100
119 170 100
119 170 100
119 170 100
119 170 100
119 170 100
119 170 100
119 170 100
119 170 100
119 170 100
119 170 100
119 170 100
119 170 100
119 170 100
119 170 100
119 170 100
119 169 100
119 169 100
119 169 100
119 169 100
119 169 100
119 169 100
119 169 100
119 169 100
119 169 100
119 169 100
119 169 100
119 169 100
119 169 100
119 169 100
119 169 100
119 169 100
119 169 100
119 169 100
119 169 100
119 169 100
119 168 100
119 168 100
119 168 100
119 168 100
119 168 100
119 168 100
119 168 100
119 168 100
119 168 100
119 168 100
119 168 100
119 168 100
119 168 100
119 168 100
119 168 100
119 168 100
119 168 100
119 168 100
119 167 100
119 167 100
119 167 100
119 167 100
119 167 100
119 167 100
119 167 100
119 167 100
119 167 100
119 167 100
119 167 100
119 167 100
119 167 100
119 167 100
119 167 100
119 167 100
119 166 100
119 166 100
119 166 100
119 166 100
119 166 100
119 166 100
119 166 100
119 166 100
119 166 100
119 166 100
119 166 100
119 166 100
119 166 100
119 166 100
119 165 100
119 165 100
119 165 100
119 165 100
119 165 100
119 165 100
119 165 100
119 165 100
119 165 100
119 165 100
119 165 100
119 164 100
119 164 100
119 164 100
119 164 100
119 164 100
119 164 100
119 164 100
119 164 100
119 164 100
119 163 100
119 163 100
119 163 100
119 163 100
119 163 100
119 163 100
119 162 100
119 162 100
119 162 100
119 162 100
119 161 100
119 161 100
119 161 100
119 160 100
119 160 100
119 159 100
119 159 100
119 158 100
119 158 100
119 157 100
119 156 100
119 155 100
119 154 100
119 153 100
119 152 100
119 151 100
119 150 100
119 149 100
119 148 100
119 147 100
119 146 100
119 145 100
119 144 100
119 143 100
119 142 100
119 141 100
119 140 100
119 139 100
119 138 100
119 137 100
119 136 100
119 135 100
119 134 100
119 133 100
119 132 100
119 131 100
119 130 100
119 129 100
119 128 100
119 127 100
119 126 100
119 125 100
119 124 100
119 123 100
119 122 100
119 121 100
119 120 100
119 119 100
119 118 100
119 117 100
119 116 100
119 115 100
119 114 100
119 113 100
119 112 100
119 111 100
119 110 100
119 109 100
119 108 100
119 107 100
119 106 100
119 105 100
119 104 100
119 103 100
119 102 100
119 102 100
119 101 100
119 101 100
119 100 100
119 100 100
119 99 100
119 99 100
119 99 100
119 98 100
119 98 100
119 98 100
119 97 100
119 97 100
119 97 100
119 97 100
119 96 100
119 96 100
119 96 100
119 96 100
119 95 100
119 95 100
119 95 100
119 95 100
119 95 100
119 94 100
119 94 100
119 94 100
119 94 100
119 94 100
119 94 100
119 93 100
119 93 100
119 93 100
119 93 100
119 93 100
119 93 100
119 93 100
119 92 100
119 92 100
119 92 100
119 92 100
119 92 100
119 92 100
119 92 100
119 92 100
119 91 100
119 91 100
119 91 100
119 91 100
119 91 100
119 91 100
119 91 100
119 91 100
119 91 100
119 91 100
119 90 100
119 90 100
119 90 100
119 90 100
119 90 100
119 90 100
119 90 100
119 90 100
119 90 100
119 90 100
119 90 100
119 89 100
119 89 100
119 89 100
119 89 100
119 89 100
119 89 100
119 89 100
119 89 100
119 89 100
119 89 100
119 89 100
119 89 100
119 88 100
119 88 100
119 88 100
119 88 100
119 88 100
119 88 100
119 88 100
119 88 100
119 88 100
119 88 100
119 88 100
119 88 100
119 87 100
119 87 100
119 87 100
119 87 100
119 87 100
119 87 100
119 87 100
119 87 100
119 87 100
119 87 100
119 87 100
119 86 100
119 86 100
119 86 100
119 86 100
119 86 100
119 86 100
119 86 100
119 86 100
119 86 100
119 86 100
119 85 100
119 85 100
119 85 100
119 85 100
119 85 100
119 85 100
119 85 100
119 85 100
119 84 100
119 84 100
119 84 100
119 84 100
119 84 100
119 84 100
119 83 100
119 83 100
119 83 100
119 83 100
119 82 100
119 82 100
119 82 100
119 81 100
119 81 100
119 81 100
119 80 100
119 80 100
119 79 100
# move from (58,117) to (119,78)
58 117 100
59 117 100
60 117 100
61 117 100
62 117 100
63 117 100
64 117 100
65 117 100
66 117 100
67 117 100
68 117 100
69 117 100
69 117 100
70 117 100
70 117 100
71 117 100
71 117 100
72 117 100
72 117 100
72 117 100
73 117 100
73 117 100
73 117 100
74 117 100
74 117 100
74 117 100
75 117 100
75 117 100
75 117 100
76 117 100
76 117 100
76 117 100
77 117 100
77 117 100
77 117 100
78 117 100
78 117 100
79 117 100
79 117 100
80 117 100
80 117 100
81 117 100
81 117 100
82 117 100
82 117 100
83 117 100
83 117 100
83 117 100
84 117 100
84 117 100
84 117 100
85 117 100
85 117 100
85 117 100
86 117 100
86 117 100
86 117 100
87 117 100
87 117 100
88 117 100
88 117 100
89 117 100
90 117 100
91 117 100
92 117 100
93 117 100
94 117 100
95 117 100
96 117 100
97 117 100
98 117 100
99 117 100
100 117 100
101 117 100
102 117 100
103 117 100
104 117 100
105 117 100
106 117 100
107 117 100
108 117 100
109 117 100
110 117 100
111 117 100
112 117 100
113 117 100
114 117 100
115 117 100
116 117 100
117 117 100
118 117 100
# move from (84,193) to (119,78)
84 193 100
84 193 100
84 193 100
84 193 100
84 193 100
84 193 100
84 193 100
84 193 100
85 193 100
85 193 100
85 193 100
85 193 100
85 193 100
85 193 100
85 193 100
86 193 100
86 193 100
86 193 100
86 193 100
86 193 100
86 193 100
87 193 100
87 193 100
87 193 100
87 193 100
87 193 100
88 193 100
88 193 100
88 193 100
88 193 100
89 193 100
89 193 100
89 193 100
90 193 100
90 193 100
91 193 100
91 193 100
92 193 100
92 193 100
93 193 100
93 193 100
94 193 100
94 193 100
95 193 100
95 193 100
96 193 100
96 193 100
97 193 100
97 193 100
98 193 100
99 193 100
100 193 100
101 193 100
102 193 100
102 193 100
103 193 100
103 193 100
104 193 100
104 193 100
105 193 100
105 193 100
105 193 100
106 193 100
106 193 100
106 193 100
107 193 100
107 193 100
107 193 100
108 193 100
108 193 100
108 193 100
109 193 100
109 193 100
109 193 100
110 193 100
110 193 100
110 193 100
111 193 100
111 193 100
111 193 100
112 193 100
112 193 100
112 193 100
113 193 100
113 193 100
113 193 100
114 193 100
114 193 100
114 193 100
114 193 100
115 193 100
115 193 100
115 193 100
115 193 100
115 193 100
116 193 100
116 193 100
116 193 100
116 193 100
116 193 100
116 193 100
117 193 100
117 193 100
117 193 100
117 193 100
117 193 100
117 193 100
117 193 100
118 193 100
118 193 100
118 193 100
118 193 100
118 193 100
118 193 100
118 193 100
118 193 100
118 193 100
119 193 100
119 193 100
119 193 100
119 193 100
119 193 100
119 193 100
119 193 100
119 193 100
119 193 100
119 193 100
119 192 100
119 192 100
119 192 100
119 192 100
119 192 100
119 192 100
119 192 100
119 192 100
119 192 100
119 192 100
119 191 100
119 191 100
119 191 100
119 191 100
119 191 100
119 191 100
119 191 100
119 191 100
119 191 100
119 191 100
119 190 100
119 190 100
119 190 100
119 190 100
119 190 100
119 190 100
119 190 100
119 190 100
119 190 100
119 190 100
119 189 100
119 189 100
119 189 100
119 189 100
119 189 100
119 189 100
119 189 100
119 189 100
119 189 100
119 188 100
119 188 100
119 188 100
119 188 100
119 188 100
119 188 100
119 188 100
119 188 100
119 188 100
119 188 100
# move from (33,128) to (119,78)
33 128 100
34 128 100
35 128 100
36 128 100
37 128 100
38 128 100
39 128 100
40 128 100
41 128 100
42 128 100
43 128 100
44 128 100
45 128 100
46 128 100
47 128 100
48 128 100
49 128 100
50 128 100
51 128 100
52 128 100
53 128 100
54 128 100
55 128 100
56 128 100
57 128 100
58 128 100
59 128 100
60 128 100
61 128 100
62 128 100
63 128 100
64 128 100
65 128 100
66 128 100
67 128 100
68 128 100
69 128 100
70 128 100
71 128 100
72 128 100
73 128 100
74 128 100
75 128 100
76 128 100
77 128 100
78 128 100
79 128 100
80 128 100
81 128 100
82 128 100
83 128 100
84 128 100
85 128 100
86 128 100
87 128 100
88 128 100
89 128 100
90 128 100
91 128 100
92 128 100
93 128 100
94 128 100
95 128 100
96 128 100
97 128 100
98 128 100
99 128 100
100 128 100
101 128 100
102 128 100
103 128 100
104 128 100
105 128 100
106 128 100
107 128 100
108 128 100
109 128 100
110 128 100
111 128 100
112 128 100
113 128 100
114 128 100
115 128 100
116 128 100
117 128 100
118 128 100
# move from (102,35) to (119,78)
102 35 100
103 35 100
104 35 100
105 35 100
106 35 100
107 35 100
108 35 100
109 35 100
110 35 100
111 35 100
112 35 100
113 35 100
114 35 100
115 35 100
116 35 100
117 35 100
118 35 100
# move from (191,66) to (119,78)
191 66 100
190 66 100
189 66 100
188 66 100
187 66 100
186 66 100
185 66 100
184 66 100
183 66 100
182 66 100
181 66 100
180 66 100
179 66 100
178 66 100
177 66 100
176 66 100
175 66 100
175 66 100
174 66 100
174 66 100
173 66 100
173 66 100
173 66 100
172 66 100
172 66 100
172 66 100
172 66 100
171 66 100
171 66 100
171 66 100
171 66 100
171 66 100
170 66 100
170 66 100
170 66 100
170 66 100
170 66 100
170 66 100
169 66 100
169 66 100
169 66 100
169 66 100
169 66 100
169 66 100
169 66 100
168 66 100
168 66 100
168 66 100
168 66 100
168 66 100
168 66 100
168 66 100
167 66 100
167 66 100
167 66 100
167 66 100
167 66 100
167 66 100
167 66 100
167 66 100
166 66 100
166 66 100
166 66 100
166 66 100
166 66 100
166 66 100
166 66 100
166 66 100
166 66 100
166 66 100
165 66 100
165 66 100
165 66 100
165 66 100
165 66 100
165 66 100
165 66 100
165 66 100
165 66 100
165 66 100
165 66 100
164 66 100
164 66 100
164 66 100
164 66 100
164 66 100
164 66 100
164 66 100
164 66 100
164 66 100
164 66 100
164 66 100
164 66 100
164 66 100
164 66 100
163 66 100
163 66 100
163 66 100
163 66 100
163 66 100
163 66 100
163 66 100
163 66 100
163 66 100
163 66 100
163 66 100
163 66 100
163 66 100
163 66 100
163 66 100
163 66 100
163 66 100
162 66 100
162 66 100
162 66 100
162 66 100
162 66 100
162 66 100
162 66 100
162 66 100
162 66 100
162 66 100
162 66 100
162 66 100
162 66 100
162 66 100
162 66 100
162 66 100
162 66 100
162 66 100
162 66 100
162 66 100
161 66 100
161 66 100
161 66 100
161 66 100
161 66 100
161 66 100
161 66 100
161 66 100
161 66 100
161 66 100
161 66 100
161 66 100
161 66 100
161 66 100
161 66 100
161 66 100
161 66 100
161 66 100
161 66 100
161 66 100
161 66 100
161 66 100
161 66 100
161 66 100
160 66 100
160 66 100
160 66 100
160 66 100
160 66 100
160 66 100
160 66 100
160 66 100
160 66 100
160 66 100
160 66 100
160 66 100
160 66 100
160 66 100
160 66 100
160 66 100
160 66 100
160 66 100
160 66 100
160 66 100
160 66 100
160 66 100
160 66 100
160 66 100
160 66 100
160 66 100
159 66 100
159 66 100
159 66 100
159 66 100
159 66 100
159 66 100
159 66 100
159 66 100
159 66 100
159 66 100
159 66 100
159 66 100
159 66 100
159 66 100
159 66 100
159 66 100
159 66 100
159 66 100
159 66 100
159 66 100
159 66 100
159 66 100
159 66 100
159 66 100
159 66 100
159 66 100
159 66 100
159 66 100
158 66 100
158 66 100
158 66 100
158 66 100
158 66 100
158 66 100
158 66 100
158 66 100
158 66 100
158 66 100
158 66 100
158 66 100
158 66 100
158 66 100
158 66 100
158 66 100
158 66 100
158 66 100
158 66 100
158 66 100
158 66 100
158 66 100
158 66 100
158 66 100
158 66 100
158 66 100
158 66 100
158 66 100
158 66 100
157 66 100
157 66 100
157 66 100
157 66 100
157 66 100
157 66 100
157 66 100
157 66 100
157 66 100
157 66 100
157 66 100
157 66 100
157 66 100
157 66 100
157 66 100
157 66 100
157 66 100
157 66 100
157 66 100
157 66 100
157 66 100
157 66 100
157 66 100
157 66 100
157 66 100
157 66 100
157 66 100
157 66 100
157 66 100
157 66 100
156 66 100
156 66 100
156 66 100
156 66 100
156 66 100
156 66 100
156 66 100
156 66 100
156 66 100
156 66 100
156 66 100
156 66 100
156 66 100
156 66 100
156 66 100
156 66 100
156 66 100
156 66 100
156 66 100
156 66 100
156 66 100
156 66 100
156 66 100
156 66 100
156 66 100
156 66 100
156 66 100
156 66 100
156 66 100
156 66 100
156 66 100
155 66 100
155 66 100
155 66 100
155 66 100
155 66 100
155 66 100
155 66 100
155 66 100
155 66 100
155 66 100
155 66 100
155 66 100
155 66 100
155 66 100
155 66 100
155 66 100
155 66 100
155 66 100
155 66 100
155 66 100
155 66 100
155 66 100
155 66 100
155 66 100
155 66 100
155 66 100
155 66 100
155 66 100
155 66 100
155 66 100
155 66 100
154 66 100
154 66 100
154 66 100
154 66 100
154 66 100
154 66 100
154 66 100
154 66 100
154 66 100
154 66 100
154 66 100
154 66 100
154 66 100
154 66 100
154 66 100
154 66 100
154 66 100
154 66 100
154 66 100
154 66 100
154 66 100
154 66 100
154 66 100
154 66 100
154 66 100
154 66 100
154 66 100
154 66 100
154 66 100
154 66 100
154 66 100
153 66 100
153 66 100
153 66 100
153 66 100
153 66 100
153 66 100
153 66 100
153 66 100
153 66 100
153 66 100
153 66 100
153 66 100
153 66 100
153 66 100
153 66 100
153 66 100
153 66 100
153 66 100
153 66 100
153 66 100
153 66 100
153 66 100
153 66 100
153 66 100
153 66 100
153 66 100
153 66 100
153 66 100
153 66 100
153 66 100
153 66 100
152 66 100
152 66 100
152 66 100
152 66 100
152 66 100
152 66 100
152 66 100
152 66 100
152 66 100
152 66 100
152 66 100
152 66 100
152 66 100
152 66 100
152 66 100
152 66 100
152 66 100
152 66 100
152 66 100
152 66 100
152 66 100
152 66 100
152 66 100
152 66 100
152 66 100
152 66 100
152 66 100
152 66 100
152 66 100
152 66 100
152 66 100
151 66 100
151 66 100
151 66 100
151 66 100
151 66 100
151 66 100
151 66 100
151 66 100
151 66 100
151 66 100
151 66 100
151 66 100
151 66 100
151 66 100
151 66 100
151 66 100
151 66 100
151 66 100
151 66 100
151 66 100
151 66 100
151 66 100
151 66 100
151 66 100
151 66 100
151 66 100
151 66 100
151 66 100
151 66 100
151 66 100
151 66 100
151 66 100
150 66 100
150 66 100
150 66 100
150 66 100
150 66 100
150 66 100
150 66 100
150 66 100
150 66 100
150 66 100
150 66 100
150 66 100
150 66 100
150 66 100
150 66 100
150 66 100
150 66 100
150 66 100
150 66 100
150 66 100
150 66 100
150 66 100
150 66 100
150 66 100
150 66 100
150 66 100
150 66 100
150 66 100
150 66 100
150 66 100
150 66 100
150 66 100
149 66 100
149 66 100
149 66 100
149 66 100
149 66 100
149 66 100
149 66 100
149 66 100
149 66 100
149 66 100
149 66 100
149 66 100
149 66 100
149 66 100
149 66 100
149 66 100
149 66 100
149 66 100
149 66 100
149 66 100
149 66 100
149 66 100
149 66 100
149 66 100
149 66 100
149 66 100
149 66 100
149 66 100
149 66 100
149 66 100
149 66 100
149 66 100
149 66 100
148 66 100
148 66 100
148 66 100
148 66 100
148 66 100
148 66 100
148 66 100
148 66 100
148 66 100
148 66 100
148 66 100
148 66 100
148 66 100
148 66 100
148 66 100
148 66 100
148 66 100
148 66 100
148 66 100
148 66 100
148 66 100
148 66 100
148 66 100
148 66 100
148 66 100
148 66 100
148 66 100
148 66 100
148 66 100
148 66 100
148 66 100
148 66 100
147 66 100
147 66 100
147 66 100
147 66 100
147 66 100
147 66 100
147 66 100
147 66 100
147 66 100
147 66 100
147 66 100
147 66 100
147 66 100
147 66 100
147 66 100
147 66 100
147 66 100
147 66 100
147 66 100
147 66 100
147 66 100
147 66 100
147 66 100
147 66 100
147 66 100
147 66 100
147 66 100
147 66 100
147 66 100
147 66 100
147 66 100
147 66 100
146 66 100
146 66 100
146 66 100
146 66 100
146 66 100
146 66 100
146 66 100
146 66 100
146 66 100
146 66 100
146 66 100
146 66 100
146 66 100
146 66 100
146 66 100
146 66 100
146 66 100
146 66 100
146 66 100
146 66 100
146 66 100
146 66 100
146 66 100
146 66 100
146 66 100
146 66 100
146 66 100
146 66 100
146 66 100
146 66 100
146 66 100
145 66 100
145 66 100
145 66 100
145 66 100
145 66 100
145 66 100
145 66 100
145 66 100
145 66 100
145 66 100
145 66 100
145 66 100
145 66 100
145 66 100
145 66 100
145 66 100
145 66 100
145 66 100
145 66 100
145 66 100
145 66 100
145 66 100
145 66 100
145 66 100
145 66 100
145 66 100
145 66 100
145 66 100
145 66 100
144 66 100
144 66 100
144 66 100
144 66 100
144 66 100
144 66 100
144 66 100
144 66 100
144 66 100
144 66 100
144 66 100
144 66 100
144 66 100
144 66 100
144 66 100
144 66 100
144 66 100
144 66 100
144 66 100
144 66 100
144 66 100
144 66 100
144 66 100
144 66 100
144 66 100
144 66 100
144 66 100
143 66 100
143 66 100
143 66 100
143 66 100
143 66 100
143 66 100
143 66 100
143 66 100
143 66 100
143 66 100
143 66 100
143 66 100
143 66 100
143 66 100
143 66 100
143 66 100
143 66 100
143 66 100
143 66 100
143 66 100
143 66 100
143 66 100
143 66 100
142 66 100
142 66 100
142 66 100
142 66 100
142 66 100
142 66 100
142 66 100
142 66 100
142 66 100
142 66 100
142 66 100
142 66 100
142 66 100
142 66 100
142 66 100
142 66 100
142 66 100
142 66 100
142 66 100
141 66 100
141 66 100
141 66 100
141 66 100
141 66 100
141 66 100
141 66 100
141 66 100
141 66 100
141 66 100
141 66 100
141 66 100
141 66 100
141 66 100
141 66 100
140 66 100
140 66 100
140 66 100
140 66 100
140 66 100
140 66 100
140 66 100
140 66 100
140 66 100
140 66 100
140 66 100
140 66 100
139 66 100
139 66 100
139 66 100
139 66 100
139 66 100
139 66 100
139 66 100
139 66 100
139 66 100
138 66 100
138 66 100
138 66 100
138 66 100
138 66 100
138 66 100
138 66 100
137 66 100
137 66 100
137 66 100
137 66 100
137 66 100
136 66 100
136 66 100
136 66 100
136 66 100
135 66 100
135 66 100
135 66 100
134 66 100
134 66 100
134 66 100
133 66 100
133 66 100
133 66 100
132 66 100
132 66 100
132 66 100
131 66 100
131 66 100
131 66 100
130 66 100
130 66 100
130 66 100
129 66 100
129 66 100
129 66 100
128 66 100
128 66 100
127 66 100
127 66 100
126 66 100
126 66 100
125 66 100
125 66 100
124 66 100
124 66 100
123 66 100
122 66 100
121 66 100
120 66 100
# move from (103,136) to (119,78)
103 136 100
104 136 100
105 136 100
106 136 100
107 136 100
108 136 100
109 136 100
110 136 100
111 136 100
112 136 100
113 136 100
114 136 100
115 136 100
116 136 100
117 136 100
118 136 100
# move from (199,10) to (119,78)
199 10 100
198 10 100
197 10 100
196 10 100
195 10 100
194 10 100
193 10 100
192 10 100
191 10 100
190 10 100
189 10 100
188 10 100
187 10 100
186 10 100
185 10 100
184 10 100
183 10 100
182 10 100
181 10 100
180 10 100
179 10 100
178 10 100
177 10 100
176 10 100
175 10 100
174 10 100
173 10 100
172 10 100
172 10 100
171 10 100
171 10 100
170 10 100
170 10 100
169 10 100
169 10 100
169 10 100
168 10 100
168 10 100
168 10 100
167 10 100
167 10 100
167 10 100
166 10 100
166 10 100
166 10 100
165 10 100
165 10 100
165 10 100
165 10 100
164 10 100
164 10 100
164 10 100
164 10 100
164 10 100
164 10 100
163 10 100
163 10 100
163 10 100
163 10 100
163 10 100
163 10 100
163 10 100
163 10 100
163 10 100
162 10 100
162 10 100
162 10 100
162 10 100
162 10 100
162 10 100
162 10 100
162 10 100
162 10 100
162 10 100
162 10 100
162 10 100
162 10 100
161 10 100
161 10 100
161 10 100
161 10 100
161 10 100
161 10 100
161 10 100
161 10 100
161 10 100
161 10 100
161 10 100
161 10 100
161 10 100
161 10 100
161 10 100
161 10 100
161 10 100
161 10 100
160 10 100
160 10 100
160 10 100
160 10 100
160 10 100
160 10 100
160 10 100
160 10 100
160 10 100
160 10 100
160 10 100
160 10 100
160 10 100
160 10 100
160 10 100
160 10 100
160 10 100
160 10 100
160 10 100
160 10 100
160 10 100
160 10 100
159 10 100
159 10 100
159 10 100
159 10 100
159 10 100
159 10 100
159 10 100
159 10 100
159 10 100
159 10 100
159 10 100
159 10 100
159 10 100
159 10 100
159 10 100
159 10 100
159 10 100
159 10 100
159 10 100
159 10 100
159 10 100
159 10 100
159 10 100
159 10 100
158 10 100
158 10 100
158 10 100
158 10 100
158 10 100
158 10 100
158 10 100
158 10 100
158 10 100
158 10 100
158 10 100
158 10 100
158 10 100
158 10 100
158 10 100
158 10 100
158 10 100
158 10 100
158 10 100
158 10 100
158 10 100
158 10 100
158 10 100
158 10 100
158 10 100
158 10 100
157 10 100
157 10 100
157 10 100
157 10 100
157 10 100
157 10 100
157 10 100
157 10 100
157 10 100
157 10 100
157 10 100
157 10 100
157 10 100
157 10 100
157 10 100
157 10 100
157 10 100
157 10 100
157 10 100
157 10 100
157 10 100
157 10 100
157 10 100
157 10 100
157 10 100
157 10 100
157 10 100
156 10 100
156 10 100
156 10 100
156 10 100
156 10 100
156 10 100
156 10 100
156 10 100
156 10 100
156 10 100
156 10 100
156 10 100
156 10 100
156 10 100
156 10 100
156 10 100
156 10 100
156 10 100
156 10 100
156 10 100
156 10 100
156 10 100
156 10 100
156 10 100
156 10 100
156 10 100
156 10 100
156 10 100
155 10 100
155 10 100
155 10 100
155 10 100
155 10 100
155 10 100
155 10 100
155 10 100
155 10 100
155 10 100
155 10 100
155 10 100
155 10 100
155 10 100
155 10 100
155 10 100
155 10 100
155 10 100
155 10 100
155 10 100
155 10 100
155 10 100
155 10 100
155 10 100
155 10 100
155 10 100
155 10 100
155 10 100
155 10 100
154 10 100
154 10 100
154 10 100
154 10 100
154 10 100
154 10 100
154 10 100
154 10 100
154 10 100
154 10 100
154 10 100
154 10 100
154 10 100
154 10 100
154 10 100
154 10 100
154 10 100
154 10 100
154 10 100
154 10 100
154 10 100
154 10 100
154 10 100
154 10 100
154 10 100
154 10 100
154 10 100
154 10 100
154 10 100
154 10 100
153 10 100
153 10 100
153 10 100
153 10 100
153 10 100
153 10 100
153 10 100
153 10 100
153 10 100
153 10 100
153 10 100
153 10 100
153 10 100
153 10 100
153 10 100
153 10 100
153 10 100
153 10 100
153 10 100
153 10 100
153 10 100
153 10 100
153 10 100
153 10 100
153 10 100
153 10 100
153 10 100
153 10 100
153 10 100
153 10 100
153 10 100
152 10 100
152 10 100
152 10 100
152 10 100
152 10 100
152 10 100
152 10 100
152 10 100
152 10 100
152 10 100
152 10 100
152 10 100
152 10 100
152 10 100
152 10 100
152 10 100
152 10 100
152 10 100
152 10 100
152 10 100
152 10 100
152 10 100
152 10 100
152 10 100
152 10 100
152 10 100
152 10 100
152 10 100
152 10 100
152 10 100
152 10 100
152 10 100
151 10 100
151 10 100
151 10 100
151 10 100
151 10 100
151 10 100
151 10 100
151 10 100
151 10 100
151 10 100
151 10 100
151 10 100
151 10 100
151 10 100
151 10 100
151 10 100
151 10 100
151 10 100
151 10 100
151 10 100
151 10 100
151 10 100
151 10 100
151 10 100
151 10 100
151 10 100
151 10 100
151 10 100
151 10 100
151 10 100
151 10 100
151 10 100
150 10 100
150 10 100
150 10 100
150 10 100
150 10 100
150 10 100
150 10 100
150 10 100
150 10 100
150 10 100
150 10 100
150 10 100
150 10 100
150 10 100
150 10 100
150 10 100
150 10 100
150 10 100
150 10 100
150 10 100
150 10 100
150 10 100
150 10 100
150 10 100
150 10 100
150 10 100
150 10 100
150 10 100
150 10 100
150 10 100
150 10 100
150 10 100
149 10 100
149 10 100
149 10 100
149 10 100
149 10 100
149 10 100
149 10 100
149 10 100
149 10 100
149 10 100
149 10 100
149 10 100
149 10 100
149 10 100
149 10 100
149 10 100
149 10 100
149 10 100
149 10 100
149 10 100
149 10 100
149 10 100
149 10 100
149 10 100
149 10 100
149 10 100
149 10 100
149 10 100
149 10 100
149 10 100
149 10 100
148 10 100
148 10 100
148 10 100
148 10 100
148 10 100
148 10 100
148 10 100
148 10 100
148 10 100
148 10 100
148 10 100
148 10 100
148 10 100
148 10 100
148 10 100
148 10 100
148 10 100
148 10 100
148 10 100
148 10 100
148 10 100
148 10 100
148 10 100
148 10 100
148 10 100
148 10 100
148 10 100
148 10 100
148 10 100
148 10 100
147 10 100
147 10 100
147 10 100
147 10 100
147 10 100
147 10 100
147 10 100
147 10 100
147 10 100
147 10 100
147 10 100
147 10 100
147 10 100
147 10 100
147 10 100
147 10 100
147 10 100
147 10 100
147 10 100
147 10 100
147 10 100
147 10 100
147 10 100
147 10 100
147 10 100
147 10 100
147 10 100
147 10 100
146 10 100
146 10 100
146 10 100
146 10 100
146 10 100
146 10 100
146 10 100
146 10 100
146 10 100
146 10 100
146 10 100
146 10 100
146 10 100
146 10 100
146 10 100
146 10 100
146 10 100
146 10 100
146 10 100
146 10 100
146 10 100
146 10 100
146 10 100
146 10 100
146 10 100
146 10 100
145 10 100
145 10 100
145 10 100
145 10 100
145 10 100
145 10 100
145 10 100
145 10 100
145 10 100
145 10 100
145 10 100
145 10 100
145 10 100
145 10 100
145 10 100
145 10 100
145 10 100
145 10 100
145 10 100
145 10 100
145 10 100
145 10 100
145 10 100
144 10 100
144 10 100
144 10 100
144 10 100
144 10 100
144 10 100
144 10 100
144 10 100
144 10 100
144 10 100
144 10 100
144 10 100
144 10 100
144 10 100
144 10 100
144 10 100
144 10 100
144 10 100
144 10 100
144 10 100
144 10 100
144 10 100
143 10 100
143 10 100
143 10 100
143 10 100
143 10 100
143 10 100
143 10 100
143 10 100
143 10 100
143 10 100
143 10 100
143 10 100
143 10 100
143 10 100
143 10 100
143 10 100
143 10 100
143 10 100
143 10 100
143 10 100
142 10 100
142 10 100
142 10 100
142 10 100
142 10 100
142 10 100
142 10 100
142 10 100
142 10 100
142 10 100
142 10 100
142 10 100
142 10 100
142 10 100
142 10 100
142 10 100
142 10 100
142 10 100
142 10 100
142 10 100
141 10 100
141 10 100
141 10 100
141 10 100
141 10 100
141 10 100
141 10 100
141 10 100
141 10 100
141 10 100
141 10 100
141 10 100
141 10 100
141 10 100
141 10 100
141 10 100
141 10 100
141 10 100
141 10 100
141 10 100
140 10 100
140 10 100
140 10 100
140 10 100
140 10 100
140 10 100
140 10 100
140 10 100
140 10 100
140 10 100
140 10 100
140 10 100
140 10 100
140 10 100
140 10 100
140 10 100
140 10 100
140 10 100
140 10 100
140 10 100
140 10 100
139 10 100
139 10 100
139 10 100
139 10 100
139 10 100
139 10 100
139 10 100
139 10 100
139 10 100
139 10 100
139 10 100
139 10 100
139 10 100
139 10 100
139 10 100
139 10 100
139 10 100
139 10 100
139 10 100
139 10 100
139 10 100
138 10 100
138 10 100
138 10 100
138 10 100
138 10 100
138 10 100
138 10 100
138 10 100
138 10 100
138 10 100
138 10 100
138 10 100
138 10 100
138 10 100
138 10 100
138 10 100
138 10 100
138 10 100
138 10 100
138 10 100
137 10 100
137 10 100
137 10 100
137 10 100
137 10 100
137 10 100
137 10 100
137 10 100
137 10 100
137 10 100
137 10 100
137 10 100
137 10 100
137 10 100
137 10 100
137 10 100
137 10 100
137 10 100
137 10 100
137 10 100
136 10 100
136 10 100
136 10 100
136 10 100
136 10 100
136 10 100
136 10 100
136 10 100
136 10 100
136 10 100
136 10 100
136 10 100
136 10 100
136 10 100
136 10 100
136 10 100
136 10 100
136 10 100
136 10 100
135 10 100
135 10 100
135 10 100
135 10 100
135 10 100
135 10 100
135 10 100
135 10 100
135 10 100
135 10 100
135 10 100
135 10 100
135 10 100
135 10 100
135 10 100
135 10 100
135 10 100
135 10 100
134 10 100
134 10 100
134 10 100
134 10 100
134 10 100
134 10 100
134 10 100
134 10 100
134 10 100
134 10 100
134 10 100
134 10 100
134 10 100
134 10 100
134 10 100
134 10 100
134 10 100
133 10 100
133 10 100
133 10 100
133 10 100
133 10 100
133 10 100
133 10 100
133 10 100
133 10 100
133 10 100
133 10 100
133 10 100
133 10 100
133 10 100
133 10 100
132 10 100
132 10 100
132 10 100
132 10 100
132 10 100
132 10 100
132 10 100
132 10 100
132 10 100
132 10 100
132 10 100
132 10 100
131 10 100
131 10 100
131 10 100
131 10 100
131 10 100
131 10 100
131 10 100
131 10 100
131 10 100
130 10 100
130 10 100
130 10 100
130 10 100
130 10 100
130 10 100
129 10 100
129 10 100
129 10 100
129 10 100
129 10 100
128 10 100
128 10 100
128 10 100
128 10 100
127 10 100
127 10 100
127 10 100
126 10 100
126 10 100
125 10 100
125 10 100
124 10 100
124 10 100
123 10 100
123 10 100
122 10 100
122 10 100
121 10 100
121 10 100
120 10 100
120 10 100
