# move from (174,128) to (174,12)
174 128 100
174 127 100
174 126 100
174 125 100
174 124 100
174 123 100
174 122 100
174 121 100
174 120 100
174 119 100
174 118 100
174 117 100
174 116 100
174 115 100
174 114 100
174 113 100
174 112 100
174 111 100
174 110 100
174 109 100
174 108 100
174 107 100
174 106 100
174 105 100
174 104 100
174 103 100
174 102 100
174 101 100
174 100 100
174 100 100
174 99 100
174 99 100
174 99 100
174 98 100
174 98 100
174 98 100
174 98 100
174 97 100
174 97 100
174 97 100
174 97 100
174 97 100
174 97 100
174 96 100
174 96 100
174 96 100
174 96 100
174 96 100
174 96 100
174 96 100
174 96 100
174 95 100
174 95 100
174 95 100
174 95 100
174 95 100
174 95 100
174 95 100
174 95 100
174 95 100
174 95 100
174 95 100
174 94 100
174 94 100
174 94 100
174 94 100
174 94 100
174 94 100
174 94 100
174 94 100
174 94 100
174 94 100
174 94 100
174 94 100
174 94 100
174 94 100
174 94 100
174 93 100
174 93 100
174 93 100
174 93 100
174 93 100
174 93 100
174 93 100
174 93 100
174 93 100
174 93 100
174 93 100
174 93 100
174 93 100
174 93 100
174 93 100
174 93 100
174 93 100
174 93 100
174 92 100
174 92 100
174 92 100
174 92 100
174 92 100
174 92 100
174 92 100
174 92 100
174 92 100
174 92 100
174 92 100
174 92 100
174 92 100
174 92 100
174 92 100
174 92 100
174 92 100
174 92 100
174 92 100
174 92 100
174 92 100
174 91 100
174 91 100
174 91 100
174 91 100
174 91 100
174 91 100
174 91 100
174 91 100
174 91 100
174 91 100
174 91 100
174 91 100
174 91 100
174 91 100
174 91 100
174 91 100
174 91 100
174 91 100
174 91 100
174 91 100
174 91 100
174 91 100
174 91 100
174 91 100
174 90 100
174 90 100
174 90 100
174 90 100
174 90 100
174 90 100
174 90 100
174 90 100
174 90 100
174 90 100
174 90 100
174 90 100
174 90 100
174 90 100
174 90 100
174 90 100
174 90 100
174 90 100
174 90 100
174 90 100
174 90 100
174 90 100
174 90 100
174 90 100
174 90 100
174 90 100
174 89 100
174 89 100
174 89 100
174 89 100
174 89 100
174 89 100
174 89 100
174 89 100
174 89 100
174 89 100
174 89 100
174 89 100
174 89 100
174 89 100
174 89 100
174 89 100
174 89 100
174 89 100
174 89 100
174 89 100
174 89 100
174 89 100
174 89 100
174 89 100
174 89 100
174 89 100
174 89 100
174 89 100
174 88 100
174 88 100
174 88 100
174 88 100
174 88 100
174 88 100
174 88 100
174 88 100
174 88 100
174 88 100
174 88 100
174 88 100
174 88 100
174 88 100
174 88 100
174 88 100
174 88 100
174 88 100
174 88 100
174 88 100
174 88 100
174 88 100
174 88 100
174 88 100
174 88 100
174 88 100
174 88 100
174 88 100
174 88 100
174 87 100
174 87 100
174 87 100
174 87 100
174 87 100
174 87 100
174 87 100
174 87 100
174 87 100
174 87 100
174 87 100
174 87 100
174 87 100
174 87 100
174 87 100
174 87 100
174 87 100
174 87 100
174 87 100
174 87 100
174 87 100
174 87 100
174 87 100
174 87 100
174 87 100
174 87 100
174 87 100
174 87 100
174 87 100
174 86 100
174 86 100
174 86 100
174 86 100
174 86 100
174 86 100
174 86 100
174 86 100
174 86 100
174 86 100
174 86 100
174 86 100
174 86 100
174 86 100
174 86 100
174 86 100
174 86 100
174 86 100
174 86 100
174 86 100
174 86 100
174 86 100
174 86 100
174 86 100
174 86 100
174 86 100
174 86 100
174 86 100
174 86 100
174 85 100
174 85 100
174 85 100
174 85 100
174 85 100
174 85 100
174 85 100
174 85 100
174 85 100
174 85 100
174 85 100
174 85 100
174 85 100
174 85 100
174 85 100
174 85 100
174 85 100
174 85 100
174 85 100
174 85 100
174 85 100
174 85 100
174 85 100
174 85 100
174 85 100
174 85 100
174 85 100
174 85 100
174 85 100
174 84 100
174 84 100
174 84 100
174 84 100
174 84 100
174 84 100
174 84 100
174 84 100
174 84 100
174 84 100
174 84 100
174 84 100
174 84 100
174 84 100
174 84 100
174 84 100
174 84 100
174 84 100
174 84 100
174 84 100
174 84 100
174 84 100
174 84 100
174 84 100
174 84 100
174 84 100
174 84 100
174 84 100
174 84 100
174 83 100
174 83 100
174 83 100
174 83 100
174 83 100
174 83 100
174 83 100
174 83 100
174 83 100
174 83 100
174 83 100
174 83 100
174 83 100
174 83 100
174 83 100
174 83 100
174 83 100
174 83 100
174 83 100
174 83 100
174 83 100
174 83 100
174 83 100
174 83 100
174 83 100
174 83 100
174 83 100
174 83 100
174 83 100
174 82 100
174 82 100
174 82 100
174 82 100
174 82 100
174 82 100
174 82 100
174 82 100
174 82 100
174 82 100
174 82 100
174 82 100
174 82 100
174 82 100
174 82 100
174 82 100
174 82 100
174 82 100
174 82 100
174 82 100
174 82 100
174 82 100
174 82 100
174 82 100
174 82 100
174 82 100
174 82 100
174 82 100
174 82 100
174 81 100
174 81 100
174 81 100
174 81 100
174 81 100
174 81 100
174 81 100
174 81 100
174 81 100
174 81 100
174 81 100
174 81 100
174 81 100
174 81 100
174 81 100
174 81 100
174 81 100
174 81 100
174 81 100
174 81 100
174 81 100
174 81 100
174 81 100
174 81 100
174 81 100
174 81 100
174 81 100
174 81 100
174 81 100
174 80 100
174 80 100
174 80 100
174 80 100
174 80 100
174 80 100
174 80 100
174 80 100
174 80 100
174 80 100
174 80 100
174 80 100
174 80 100
174 80 100
174 80 100
174 80 100
174 80 100
174 80 100
174 80 100
174 80 100
174 80 100
174 80 100
174 80 100
174 80 100
174 80 100
174 80 100
174 80 100
174 80 100
174 80 100
174 79 100
174 79 100
174 79 100
174 79 100
174 79 100
174 79 100
174 79 100
174 79 100
174 79 100
174 79 100
174 79 100
174 79 100
174 79 100
174 79 100
174 79 100
174 79 100
174 79 100
174 79 100
174 79 100
174 79 100
174 79 100
174 79 100
174 79 100
174 79 100
174 79 100
174 79 100
174 79 100
174 79 100
174 79 100
174 79 100
174 78 100
174 78 100
174 78 100
174 78 100
174 78 100
174 78 100
174 78 100
174 78 100
174 78 100
174 78 100
174 78 100
174 78 100
174 78 100
174 78 100
174 78 100
174 78 100
174 78 100
174 78 100
174 78 100
174 78 100
174 78 100
174 78 100
174 78 100
174 78 100
174 78 100
174 78 100
174 78 100
174 78 100
174 78 100
174 78 100
174 77 100
174 77 100
174 77 100
174 77 100
174 77 100
174 77 100
174 77 100
174 77 100
174 77 100
174 77 100
174 77 100
174 77 100
174 77 100
174 77 100
174 77 100
174 77 100
174 77 100
174 77 100
174 77 100
174 77 100
174 77 100
174 77 100
174 77 100
174 77 100
174 77 100
174 77 100
174 77 100
174 77 100
174 77 100
174 77 100
174 76 100
174 76 100
174 76 100
174 76 100
174 76 100
174 76 100
174 76 100
174 76 100
174 76 100
174 76 100
174 76 100
174 76 100
174 76 100
174 76 100
174 76 100
174 76 100
174 76 100
174 76 100
174 76 100
174 76 100
174 76 100
174 76 100
174 76 100
174 76 100
174 76 100
174 76 100
174 76 100
174 76 100
174 76 100
174 76 100
174 75 100
174 75 100
174 75 100
174 75 100
174 75 100
174 75 100
174 75 100
174 75 100
174 75 100
174 75 100
174 75 100
174 75 100
174 75 100
174 75 100
174 75 100
174 75 100
174 75 100
174 75 100
174 75 100
174 75 100
174 75 100
174 75 100
174 75 100
174 75 100
174 75 100
174 75 100
174 75 100
174 75 100
174 75 100
174 74 100
174 74 100
174 74 100
174 74 100
174 74 100
174 74 100
174 74 100
174 74 100
174 74 100
174 74 100
174 74 100
174 74 100
174 74 100
174 74 100
174 74 100
174 74 100
174 74 100
174 74 100
174 74 100
174 74 100
174 74 100
174 74 100
174 74 100
174 74 100
174 74 100
174 74 100
174 74 100
174 74 100
174 74 100
174 73 100
174 73 100
174 73 100
174 73 100
174 73 100
174 73 100
174 73 100
174 73 100
174 73 100
174 73 100
174 73 100
174 73 100
174 73 100
174 73 100
174 73 100
174 73 100
174 73 100
174 73 100
174 73 100
174 73 100
174 73 100
174 73 100
174 73 100
174 73 100
174 73 100
174 73 100
174 73 100
174 73 100
174 72 100
174 72 100
174 72 100
174 72 100
174 72 100
174 72 100
174 72 100
174 72 100
174 72 100
174 72 100
174 72 100
174 72 100
174 72 100
174 72 100
174 72 100
174 72 100
174 72 100
174 72 100
174 72 100
174 72 100
174 72 100
174 72 100
174 72 100
174 72 100
174 72 100
174 72 100
174 72 100
174 72 100
174 71 100
174 71 100
174 71 100
174 71 100
174 71 100
174 71 100
174 71 100
174 71 100
174 71 100
174 71 100
174 71 100
174 71 100
174 71 100
174 71 100
174 71 100
174 71 100
174 71 100
174 71 100
174 71 100
174 71 100
174 71 100
174 71 100
174 71 100
174 71 100
174 71 100
174 71 100
174 71 100
174 70 100
174 70 100
174 70 100
174 70 100
174 70 100
174 70 100
174 70 100
174 70 100
174 70 100
174 70 100
174 70 100
174 70 100
174 70 100
174 70 100
174 70 100
174 70 100
174 70 100
174 70 100
174 70 100
174 70 100
174 70 100
174 70 100
174 70 100
174 70 100
174 70 100
174 70 100
174 69 100
174 69 100
174 69 100
174 69 100
174 69 100
174 69 100
174 69 100
174 69 100
174 69 100
174 69 100
174 69 100
174 69 100
174 69 100
174 69 100
174 69 100
174 69 100
174 69 100
174 69 100
174 69 100
174 69 100
174 69 100
174 69 100
174 69 100
174 69 100
174 69 100
174 68 100
174 68 100
174 68 100
174 68 100
174 68 100
174 68 100
174 68 100
174 68 100
174 68 100
174 68 100
174 68 100
174 68 100
174 68 100
174 68 100
174 68 100
174 68 100
174 68 100
174 68 100
174 68 100
174 68 100
174 68 100
174 68 100
174 68 100
174 67 100
174 67 100
174 67 100
174 67 100
174 67 100
174 67 100
174 67 100
174 67 100
174 67 100
174 67 100
174 67 100
174 67 100
174 67 100
174 67 100
174 67 100
174 67 100
174 67 100
174 67 100
174 67 100
174 67 100
174 67 100
174 66 100
174 66 100
174 66 100
174 66 100
174 66 100
174 66 100
174 66 100
174 66 100
174 66 100
174 66 100
174 66 100
174 66 100
174 66 100
174 66 100
174 66 100
174 66 100
174 66 100
174 66 100
174 65 100
174 65 100
174 65 100
174 65 100
174 65 100
174 65 100
174 65 100
174 65 100
174 65 100
174 65 100
174 65 100
174 65 100
174 65 100
174 65 100
174 65 100
174 65 100
174 64 100
174 64 100
174 64 100
174 64 100
174 64 100
174 64 100
174 64 100
174 64 100
174 64 100
174 64 100
174 64 100
174 64 100
174 64 100
174 63 100
174 63 100
174 63 100
174 63 100
174 63 100
174 63 100
174 63 100
174 63 100
174 63 100
174 63 100
174 63 100
174 63 100
174 62 100
174 62 100
174 62 100
174 62 100
174 62 100
174 62 100
174 62 100
174 62 100
174 62 100
174 62 100
174 61 100
174 61 100
174 61 100
174 61 100
174 61 100
174 61 100
174 61 100
174 61 100
174 61 100
174 60 100
174 60 100
174 60 100
174 60 100
174 60 100
174 60 100
174 60 100
174 60 100
174 59 100
174 59 100
174 59 100
174 59 100
174 59 100
174 59 100
174 59 100
174 59 100
174 58 100
174 58 100
174 58 100
174 58 100
174 58 100
174 58 100
174 58 100
174 57 100
174 57 100
174 57 100
174 57 100
174 57 100
174 57 100
174 56 100
174 56 100
174 56 100
174 56 100
174 56 100
174 56 100
174 55 100
174 55 100
174 55 100
174 55 100
174 55 100
174 55 100
174 55 100
174 54 100
174 54 100
174 54 100
174 54 100
174 54 100
174 54 100
174 54 100
174 53 100
174 53 100
174 53 100
174 53 100
174 53 100
174 53 100
174 53 100
174 53 100
174 52 100
174 52 100
174 52 100
174 52 100
174 52 100
174 52 100
174 52 100
174 52 100
174 52 100
174 51 100
174 51 100
174 51 100
174 51 100
174 51 100
174 51 100
174 51 100
174 51 100
174 51 100
174 51 100
174 51 100
174 50 100
174 50 100
174 50 100
174 50 100
174 50 100
174 50 100
174 50 100
174 50 100
174 50 100
174 50 100
174 50 100
174 50 100
174 50 100
174 49 100
174 49 100
174 49 100
174 49 100
174 49 100
174 49 100
174 49 100
174 49 100
174 49 100
174 49 100
174 49 100
174 49 100
174 49 100
174 49 100
174 48 100
174 48 100
174 48 100
174 48 100
174 48 100
174 48 100
174 48 100
174 48 100
174 48 100
174 48 100
174 48 100
174 48 100
174 48 100
174 48 100
174 48 100
174 48 100
174 47 100
174 47 100
174 47 100
174 47 100
174 47 100
174 47 100
174 47 100
174 47 100
174 47 100
174 47 100
174 47 100
174 47 100
174 47 100
174 47 100
174 47 100
174 47 100
174 47 100
174 46 100
174 46 100
174 46 100
174 46 100
174 46 100
174 46 100
174 46 100
174 46 100
174 46 100
174 46 100
174 46 100
174 46 100
174 46 100
174 46 100
174 46 100
174 46 100
174 46 100
174 46 100
174 46 100
174 45 100
174 45 100
174 45 100
174 45 100
174 45 100
174 45 100
174 45 100
174 45 100
174 45 100
174 45 100
174 45 100
174 45 100
174 45 100
174 45 100
174 45 100
174 45 100
174 45 100
174 45 100
174 45 100
174 44 100
174 44 100
174 44 100
174 44 100
174 44 100
174 44 100
174 44 100
174 44 100
174 44 100
174 44 100
174 44 100
174 44 100
174 44 100
174 44 100
174 44 100
174 44 100
174 44 100
174 44 100
174 44 100
174 44 100
174 43 100
174 43 100
174 43 100
174 43 100
174 43 100
174 43 100
174 43 100
174 43 100
174 43 100
174 43 100
174 43 100
174 43 100
174 43 100
174 43 100
174 43 100
174 43 100
174 43 100
174 43 100
174 43 100
174 42 100
174 42 100
174 42 100
174 42 100
174 42 100
174 42 100
174 42 100
174 42 100
174 42 100
174 42 100
174 42 100
174 42 100
174 42 100
174 42 100
174 42 100
174 42 100
174 42 100
174 42 100
174 41 100
174 41 100
174 41 100
174 41 100
174 41 100
174 41 100
174 41 100
174 41 100
174 41 100
174 41 100
174 41 100
174 41 100
174 41 100
174 41 100
174 41 100
174 41 100
174 41 100
174 40 100
174 40 100
174 40 100
174 40 100
174 40 100
174 40 100
174 40 100
174 40 100
174 40 100
174 40 100
174 40 100
174 40 100
174 40 100
174 40 100
174 40 100
174 40 100
174 39 100
174 39 100
174 39 100
174 39 100
174 39 100
174 39 100
174 39 100
174 39 100
174 39 100
174 39 100
174 39 100
174 39 100
174 39 100
174 39 100
174 38 100
174 38 100
174 38 100
174 38 100
174 38 100
174 38 100
174 38 100
174 38 100
174 38 100
174 38 100
174 38 100
174 38 100
174 38 100
174 37 100
174 37 100
174 37 100
174 37 100
174 37 100
174 37 100
174 37 100
174 37 100
174 37 100
174 37 100
174 37 100
174 37 100
174 36 100
174 36 100
174 36 100
174 36 100
174 36 100
174 36 100
174 36 100
174 36 100
174 36 100
174 36 100
174 36 100
174 35 100
174 35 100
174 35 100
174 35 100
174 35 100
174 35 100
174 35 100
174 35 100
174 35 100
174 35 100
174 35 100
174 34 100
174 34 100
174 34 100
174 34 100
174 34 100
174 34 100
174 34 100
174 34 100
174 34 100
174 34 100
174 33 100
174 33 100
174 33 100
174 33 100
174 33 100
174 33 100
174 33 100
174 33 100
174 33 100
174 33 100
174 32 100
174 32 100
174 32 100
174 32 100
174 32 100
174 32 100
174 32 100
174 32 100
174 32 100
174 32 100
174 31 100
174 31 100
174 31 100
174 31 100
174 31 100
174 31 100
174 31 100
174 31 100
174 31 100
174 30 100
174 30 100
174 30 100
174 30 100
174 30 100
174 30 100
174 30 100
174 30 100
174 30 100
174 29 100
174 29 100
174 29 100
174 29 100
174 29 100
174 29 100
174 29 100
174 29 100
174 29 100
174 28 100
174 28 100
174 28 100
174 28 100
174 28 100
174 28 100
174 28 100
174 28 100
174 27 100
174 27 100
174 27 100
174 27 100
174 27 100
174 27 100
174 26 100
174 26 100
174 26 100
174 26 100
174 26 100
174 25 100
174 25 100
174 25 100
174 25 100
174 24 100
174 24 100
174 24 100
174 23 100
174 23 100
174 22 100
174 21 100
174 20 100
174 19 100
174 18 100
174 17 100
174 16 100
174 15 100
174 14 100
174 13 100
174 12 100
# move from (14,195) to (174,12)
14 195 100
15 195 100
16 195 100
17 195 100
18 195 100
19 195 100
20 195 100
21 195 100
22 195 100
23 195 100
24 195 100
25 195 100
26 195 100
26 195 100
27 195 100
27 195 100
28 195 100
28 195 100
28 195 100
29 195 100
29 195 100
29 195 100
29 195 100
30 195 100
30 195 100
30 195 100
30 195 100
30 195 100
31 195 100
31 195 100
31 195 100
31 195 100
31 195 100
31 195 100
32 195 100
32 195 100
32 195 100
32 195 100
32 195 100
32 195 100
32 195 100
32 195 100
33 195 100
33 195 100
33 195 100
33 195 100
33 195 100
33 195 100
33 195 100
33 195 100
33 195 100
33 195 100
34 195 100
34 195 100
34 195 100
34 195 100
34 195 100
34 195 100
34 195 100
34 195 100
34 195 100
34 195 100
34 195 100
34 195 100
35 195 100
35 195 100
35 195 100
35 195 100
35 195 100
35 195 100
35 195 100
35 195 100
35 195 100
35 195 100
35 195 100
35 195 100
35 195 100
35 195 100
36 195 100
36 195 100
36 195 100
36 195 100
36 195 100
36 195 100
36 195 100
36 195 100
36 195 100
36 195 100
36 195 100
36 195 100
36 195 100
36 195 100
36 195 100
36 195 100
37 195 100
37 195 100
37 195 100
37 195 100
37 195 100
37 195 100
37 195 100
37 195 100
37 195 100
37 195 100
37 195 100
37 195 100
37 195 100
37 195 100
37 195 100
37 195 100
37 195 100
37 195 100
38 195 100
38 195 100
38 195 100
38 195 100
38 195 100
38 195 100
38 195 100
38 195 100
38 195 100
38 195 100
38 195 100
38 195 100
38 195 100
38 195 100
38 195 100
38 195 100
38 195 100
38 195 100
38 195 100
38 195 100
39 195 100
39 195 100
39 195 100
39 195 100
39 195 100
39 195 100
39 195 100
39 195 100
39 195 100
39 195 100
39 195 100
39 195 100
39 195 100
39 195 100
39 195 100
39 195 100
39 195 100
39 195 100
39 195 100
39 195 100
39 195 100
39 195 100
40 195 100
40 195 100
40 195 100
40 195 100
40 195 100
40 195 100
40 195 100
40 195 100
40 195 100
40 195 100
40 195 100
40 195 100
40 195 100
40 195 100
40 195 100
40 195 100
40 195 100
40 195 100
40 195 100
40 195 100
40 195 100
40 195 100
40 195 100
40 195 100
41 195 100
41 195 100
41 195 100
41 195 100
41 195 100
41 195 100
41 195 100
41 195 100
41 195 100
41 195 100
41 195 100
41 195 100
41 195 100
41 195 100
41 195 100
41 195 100
41 195 100
41 195 100
41 195 100
41 195 100
41 195 100
41 195 100
41 195 100
41 195 100
41 195 100
42 195 100
42 195 100
42 195 100
42 195 100
42 195 100
42 195 100
42 195 100
42 195 100
42 195 100
42 195 100
42 195 100
42 195 100
42 195 100
42 195 100
42 195 100
42 195 100
42 195 100
42 195 100
42 195 100
42 195 100
42 195 100
42 195 100
42 195 100
42 195 100
42 195 100
42 195 100
43 195 100
43 195 100
43 195 100
43 195 100
43 195 100
43 195 100
43 195 100
43 195 100
43 195 100
43 195 100
43 195 100
43 195 100
43 195 100
43 195 100
43 195 100
43 195 100
43 195 100
43 195 100
43 195 100
43 195 100
43 195 100
43 195 100
43 195 100
43 195 100
43 195 100
43 195 100
44 195 100
44 195 100
44 195 100
44 195 100
44 195 100
44 195 100
44 195 100
44 195 100
44 195 100
44 195 100
44 195 100
44 195 100
44 195 100
44 195 100
44 195 100
44 195 100
44 195 100
44 195 100
44 195 100
44 195 100
44 195 100
44 195 100
44 195 100
44 195 100
44 195 100
44 195 100
45 195 100
45 195 100
45 195 100
45 195 100
45 195 100
45 195 100
45 195 100
45 195 100
45 195 100
45 195 100
45 195 100
45 195 100
45 195 100
45 195 100
45 195 100
45 195 100
45 195 100
45 195 100
45 195 100
45 195 100
45 195 100
45 195 100
45 195 100
45 195 100
45 195 100
45 195 100
46 195 100
46 195 100
46 195 100
46 195 100
46 195 100
46 195 100
46 195 100
46 195 100
46 195 100
46 195 100
46 195 100
46 195 100
46 195 100
46 195 100
46 195 100
46 195 100
46 195 100
46 195 100
46 195 100
46 195 100
46 195 100
46 195 100
46 195 100
46 195 100
46 195 100
46 195 100
47 195 100
47 195 100
47 195 100
47 195 100
47 195 100
47 195 100
47 195 100
47 195 100
47 195 100
47 195 100
47 195 100
47 195 100
47 195 100
47 195 100
47 195 100
47 195 100
47 195 100
47 195 100
47 195 100
47 195 100
47 195 100
47 195 100
47 195 100
47 195 100
47 195 100
47 195 100
48 195 100
48 195 100
48 195 100
48 195 100
48 195 100
48 195 100
48 195 100
48 195 100
48 195 100
48 195 100
48 195 100
48 195 100
48 195 100
48 195 100
48 195 100
48 195 100
48 195 100
48 195 100
48 195 100
48 195 100
48 195 100
48 195 100
48 195 100
48 195 100
48 195 100
48 195 100
49 195 100
49 195 100
49 195 100
49 195 100
49 195 100
49 195 100
49 195 100
49 195 100
49 195 100
49 195 100
49 195 100
49 195 100
49 195 100
49 195 100
49 195 100
49 195 100
49 195 100
49 195 100
49 195 100
49 195 100
49 195 100
49 195 100
49 195 100
49 195 100
49 195 100
49 195 100
50 195 100
50 195 100
50 195 100
50 195 100
50 195 100
50 195 100
50 195 100
50 195 100
50 195 100
50 195 100
50 195 100
50 195 100
50 195 100
50 195 100
50 195 100
50 195 100
50 195 100
50 195 100
50 195 100
50 195 100
50 195 100
50 195 100
50 195 100
50 195 100
50 195 100
50 195 100
51 195 100
51 195 100
51 195 100
51 195 100
51 195 100
51 195 100
51 195 100
51 195 100
51 195 100
51 195 100
51 195 100
51 195 100
51 195 100
51 195 100
51 195 100
51 195 100
51 195 100
51 195 100
51 195 100
51 195 100
51 195 100
51 195 100
51 195 100
51 195 100
51 195 100
51 195 100
52 195 100
52 195 100
52 195 100
52 195 100
52 195 100
52 195 100
52 195 100
52 195 100
52 195 100
52 195 100
52 195 100
52 195 100
52 195 100
52 195 100
52 195 100
52 195 100
52 195 100
52 195 100
52 195 100
52 195 100
52 195 100
52 195 100
52 195 100
52 195 100
52 195 100
52 195 100
52 195 100
53 195 100
53 195 100
53 195 100
53 195 100
53 195 100
53 195 100
53 195 100
53 195 100
53 195 100
53 195 100
53 195 100
53 195 100
53 195 100
53 195 100
53 195 100
53 195 100
53 195 100
53 195 100
53 195 100
53 195 100
53 195 100
53 195 100
53 195 100
53 195 100
53 195 100
53 195 100
53 195 100
53 195 100
53 195 100
54 195 100
54 195 100
54 195 100
54 195 100
54 195 100
54 195 100
54 195 100
54 195 100
54 195 100
54 195 100
54 195 100
54 195 100
54 195 100
54 195 100
54 195 100
54 195 100
54 195 100
54 195 100
54 195 100
54 195 100
54 195 100
54 195 100
54 195 100
54 195 100
54 195 100
54 195 100
54 195 100
54 195 100
54 195 100
54 195 100
55 195 100
55 195 100
55 195 100
55 195 100
55 195 100
55 195 100
55 195 100
55 195 100
55 195 100
55 195 100
55 195 100
55 195 100
55 195 100
55 195 100
55 195 100
55 195 100
55 195 100
55 195 100
55 195 100
55 195 100
55 195 100
55 195 100
55 195 100
55 195 100
55 195 100
55 195 100
55 195 100
55 195 100
55 195 100
55 195 100
55 195 100
55 195 100
56 195 100
56 195 100
56 195 100
56 195 100
56 195 100
56 195 100
56 195 100
56 195 100
56 195 100
56 195 100
56 195 100
56 195 100
56 195 100
56 195 100
56 195 100
56 195 100
56 195 100
56 195 100
56 195 100
56 195 100
56 195 100
56 195 100
56 195 100
56 195 100
56 195 100
56 195 100
56 195 100
56 195 100
56 195 100
56 195 100
56 195 100
56 195 100
56 195 100
56 195 100
57 195 100
57 195 100
57 195 100
57 195 100
57 195 100
57 195 100
57 195 100
57 195 100
57 195 100
57 195 100
57 195 100
57 195 100
57 195 100
57 195 100
57 195 100
57 195 100
57 195 100
57 195 100
57 195 100
57 195 100
57 195 100
57 195 100
57 195 100
57 195 100
57 195 100
57 195 100
57 195 100
57 195 100
57 195 100
57 195 100
57 195 100
57 195 100
57 195 100
57 195 100
57 195 100
58 195 100
58 195 100
58 195 100
58 195 100
58 195 100
58 195 100
58 195 100
58 195 100
58 195 100
58 195 100
58 195 100
58 195 100
58 195 100
58 195 100
58 195 100
58 195 100
58 195 100
58 195 100
58 195 100
58 195 100
58 195 100
58 195 100
58 195 100
58 195 100
58 195 100
58 195 100
58 195 100
58 195 100
58 195 100
58 195 100
58 195 100
58 195 100
58 195 100
58 195 100
58 195 100
59 195 100
59 195 100
59 195 100
59 195 100
59 195 100
59 195 100
59 195 100
59 195 100
59 195 100
59 195 100
59 195 100
59 195 100
59 195 100
59 195 100
59 195 100
59 195 100
59 195 100
59 195 100
59 195 100
59 195 100
59 195 100
59 195 100
59 195 100
59 195 100
59 195 100
59 195 100
59 195 100
59 195 100
59 195 100
59 195 100
59 195 100
59 195 100
59 195 100
59 195 100
59 195 100
60 195 100
60 195 100
60 195 100
60 195 100
60 195 100
60 195 100
60 195 100
60 195 100
60 195 100
60 195 100
60 195 100
60 195 100
60 195 100
60 195 100
60 195 100
60 195 100
60 195 100
60 195 100
60 195 100
60 195 100
60 195 100
60 195 100
60 195 100
60 195 100
60 195 100
60 195 100
60 195 100
60 195 100
60 195 100
60 195 100
60 195 100
60 195 100
60 195 100
60 195 100
61 195 100
61 195 100
61 195 100
61 195 100
61 195 100
61 195 100
61 195 100
61 195 100
61 195 100
61 195 100
61 195 100
61 195 100
61 195 100
61 195 100
61 195 100
61 195 100
61 195 100
61 195 100
61 195 100
61 195 100
61 195 100
61 195 100
61 195 100
61 195 100
61 195 100
61 195 100
61 195 100
61 195 100
61 195 100
61 195 100
61 195 100
61 195 100
62 195 100
62 195 100
62 195 100
62 195 100
62 195 100
62 195 100
62 195 100
62 195 100
62 195 100
62 195 100
62 195 100
62 195 100
62 195 100
62 195 100
62 195 100
62 195 100
62 195 100
62 195 100
62 195 100
62 195 100
62 195 100
62 195 100
62 195 100
62 195 100
62 195 100
62 195 100
62 195 100
62 195 100
62 195 100
62 195 100
63 195 100
63 195 100
63 195 100
63 195 100
63 195 100
63 195 100
63 195 100
63 195 100
63 195 100
63 195 100
63 195 100
63 195 100
63 195 100
63 195 100
63 195 100
63 195 100
63 195 100
63 195 100
63 195 100
63 195 100
63 195 100
63 195 100
63 195 100
63 195 100
63 195 100
63 195 100
63 195 100
64 195 100
64 195 100
64 195 100
64 195 100
64 195 100
64 195 100
64 195 100
64 195 100
64 195 100
64 195 100
64 195 100
64 195 100
64 195 100
64 195 100
64 195 100
64 195 100
64 195 100
64 195 100
64 195 100
64 195 100
64 195 100
64 195 100
64 195 100
64 195 100
65 195 100
65 195 100
65 195 100
65 195 100
65 195 100
65 195 100
65 195 100
65 195 100
65 195 100
65 195 100
65 195 100
65 195 100
65 195 100
65 195 100
65 195 100
65 195 100
65 195 100
65 195 100
65 195 100
65 195 100
65 195 100
66 195 100
66 195 100
66 195 100
66 195 100
66 195 100
66 195 100
66 195 100
66 195 100
66 195 100
66 195 100
66 195 100
66 195 100
66 195 100
66 195 100
66 195 100
66 195 100
66 195 100
66 195 100
67 195 100
67 195 100
67 195 100
67 195 100
67 195 100
67 195 100
67 195 100
67 195 100
67 195 100
67 195 100
67 195 100
67 195 100
67 195 100
67 195 100
67 195 100
68 195 100
68 195 100
68 195 100
68 195 100
68 195 100
68 195 100
68 195 100
68 195 100
68 195 100
68 195 100
68 195 100
68 195 100
69 195 100
69 195 100
69 195 100
69 195 100
69 195 100
69 195 100
69 195 100
69 195 100
69 195 100
70 195 100
70 195 100
70 195 100
70 195 100
70 195 100
70 195 100
70 195 100
71 195 100
71 195 100
71 195 100
71 195 100
71 195 100
71 195 100
72 195 100
72 195 100
72 195 100
72 195 100
73 195 100
73 195 100
73 195 100
74 195 100
74 195 100
75 195 100
75 195 100
76 195 100
77 195 100
78 195 100
79 195 100
80 195 100
81 195 100
82 195 100
83 195 100
84 195 100
85 195 100
86 195 100
87 195 100
88 195 100
89 195 100
90 195 100
91 195 100
92 195 100
93 195 100
94 195 100
95 195 100
96 195 100
97 195 100
98 195 100
99 195 100
100 195 100
101 195 100
102 195 100
103 195 100
104 195 100
105 195 100
106 195 100
107 195 100
108 195 100
109 195 100
110 195 100
111 195 100
112 195 100
113 195 100
114 195 100
115 195 100
116 195 100
117 195 100
118 195 100
119 195 100
120 195 100
121 195 100
122 195 100
123 195 100
124 195 100
125 195 100
126 195 100
127 195 100
128 195 100
129 195 100
130 195 100
131 195 100
132 195 100
132 195 100
133 195 100
133 195 100
134 195 100
134 195 100
135 195 100
135 195 100
136 195 100
136 195 100
137 195 100
137 195 100
138 195 100
138 195 100
139 195 100
139 195 100
139 195 100
140 195 100
140 195 100
140 195 100
141 195 100
141 195 100
141 195 100
142 195 100
142 195 100
142 195 100
143 195 100
143 195 100
143 195 100
143 195 100
144 195 100
144 195 100
144 195 100
144 195 100
145 195 100
145 195 100
145 195 100
145 195 100
146 195 100
146 195 100
146 195 100
146 195 100
147 195 100
147 195 100
147 195 100
147 195 100
148 195 100
148 195 100
148 195 100
148 195 100
149 195 100
149 195 100
149 195 100
149 195 100
150 195 100
150 195 100
150 195 100
151 195 100
151 195 100
151 195 100
152 195 100
152 195 100
152 195 100
153 195 100
153 195 100
153 195 100
154 195 100
154 195 100
154 195 100
155 195 100
155 195 100
156 195 100
156 195 100
157 195 100
157 195 100
158 195 100
158 195 100
159 195 100
159 195 100
160 195 100
160 195 100
160 195 100
161 195 100
161 195 100
161 195 100
162 195 100
162 195 100
162 195 100
163 195 100
163 195 100
163 195 100
164 195 100
164 195 100
164 195 100
165 195 100
165 195 100
165 195 100
165 195 100
166 195 100
166 195 100
166 195 100
166 195 100
167 195 100
167 195 100
167 195 100
167 195 100
168 195 100
168 195 100
168 195 100
168 195 100
169 195 100
169 195 100
169 195 100
169 195 100
169 195 100
170 195 100
170 195 100
170 195 100
170 195 100
170 195 100
171 195 100
171 195 100
171 195 100
171 195 100
171 195 100
171 195 100
172 195 100
172 195 100
172 195 100
172 195 100
172 195 100
172 195 100
172 195 100
173 195 100
173 195 100
173 195 100
173 195 100
173 195 100
173 195 100
173 195 100
174 195 100
174 195 100
174 195 100
174 195 100
174 195 100
174 195 100
174 195 100
174 195 100
174 194 100
174 194 100
174 194 100
174 194 100
174 194 100
174 194 100
174 194 100
174 194 100
174 194 100
174 194 100
174 194 100
174 193 100
174 193 100
174 193 100
174 193 100
174 193 100
174 193 100
174 193 100
174 193 100
174 193 100
174 193 100
174 193 100
174 193 100
174 193 100
174 193 100
174 192 100
174 192 100
174 192 100
174 192 100
174 192 100
174 192 100
174 192 100
174 192 100
174 192 100
174 192 100
174 192 100
174 192 100
174 192 100
174 192 100
174 192 100
174 192 100
174 192 100
174 191 100
174 191 100
174 191 100
174 191 100
174 191 100
174 191 100
174 191 100
174 191 100
174 191 100
174 191 100
174 191 100
174 191 100
174 191 100
174 191 100
174 191 100
174 191 100
174 191 100
174 191 100
174 191 100
174 191 100
174 190 100
174 190 100
174 190 100
174 190 100
174 190 100
174 190 100
174 190 100
174 190 100
174 190 100
174 190 100
174 190 100
174 190 100
174 190 100
174 190 100
174 190 100
174 190 100
174 190 100
174 190 100
174 190 100
174 190 100
174 190 100
174 190 100
174 190 100
174 190 100
174 189 100
174 189 100
174 189 100
174 189 100
174 189 100
174 189 100
174 189 100
174 189 100
174 189 100
174 189 100
174 189 100
174 189 100
174 189 100
174 189 100
174 189 100
174 189 100
174 189 100
174 189 100
174 189 100
174 189 100
174 189 100
174 189 100
174 189 100
174 189 100
174 189 100
174 189 100
174 188 100
174 188 100
174 188 100
174 188 100
174 188 100
174 188 100
174 188 100
174 188 100
174 188 100
174 188 100
174 188 100
174 188 100
174 188 100
174 188 100
174 188 100
174 188 100
174 188 100
174 188 100
174 188 100
174 188 100
174 188 100
174 188 100
174 188 100
174 188 100
174 188 100
174 188 100
174 188 100
174 188 100
174 187 100
174 187 100
174 187 100
174 187 100
174 187 100
174 187 100
174 187 100
174 187 100
174 187 100
174 187 100
174 187 100
174 187 100
174 187 100
174 187 100
174 187 100
174 187 100
174 187 100
174 187 100
174 187 100
174 187 100
174 187 100
174 187 100
174 187 100
174 187 100
174 187 100
174 187 100
174 187 100
174 187 100
174 187 100
174 186 100
174 186 100
174 186 100
174 186 100
174 186 100
174 186 100
174 186 100
174 186 100
174 186 100
174 186 100
174 186 100
174 186 100
174 186 100
174 186 100
174 186 100
174 186 100
174 186 100
174 186 100
174 186 100
174 186 100
174 186 100
174 186 100
174 186 100
174 186 100
174 186 100
174 186 100
174 186 100
174 186 100
174 186 100
174 186 100
174 185 100
174 185 100
174 185 100
174 185 100
174 185 100
174 185 100
174 185 100
174 185 100
174 185 100
174 185 100
174 185 100
174 185 100
174 185 100
174 185 100
174 185 100
174 185 100
174 185 100
174 185 100
174 185 100
174 185 100
174 185 100
174 185 100
174 185 100
174 185 100
174 185 100
174 185 100
174 185 100
174 185 100
174 185 100
174 184 100
174 184 100
174 184 100
174 184 100
174 184 100
174 184 100
174 184 100
174 184 100
174 184 100
174 184 100
174 184 100
174 184 100
174 184 100
174 184 100
174 184 100
174 184 100
174 184 100
174 184 100
174 184 100
174 184 100
174 184 100
174 184 100
174 184 100
174 184 100
174 184 100
174 184 100
174 184 100
174 184 100
174 183 100
174 183 100
174 183 100
174 183 100
174 183 100
174 183 100
174 183 100
174 183 100
174 183 100
174 183 100
174 183 100
174 183 100
174 183 100
174 183 100
174 183 100
174 183 100
174 183 100
174 183 100
174 183 100
174 183 100
174 183 100
174 183 100
174 183 100
174 183 100
174 183 100
174 183 100
174 182 100
174 182 100
174 182 100
174 182 100
174 182 100
174 182 100
174 182 100
174 182 100
174 182 100
174 182 100
174 182 100
174 182 100
174 182 100
174 182 100
174 182 100
174 182 100
174 182 100
174 182 100
174 182 100
174 182 100
174 182 100
174 182 100
174 182 100
174 181 100
174 181 100
174 181 100
174 181 100
174 181 100
174 181 100
174 181 100
174 181 100
174 181 100
174 181 100
174 181 100
174 181 100
174 181 100
174 181 100
174 181 100
174 181 100
174 181 100
174 181 100
174 181 100
174 181 100
174 180 100
174 180 100
174 180 100
174 180 100
174 180 100
174 180 100
174 180 100
174 180 100
174 180 100
174 180 100
174 180 100
174 180 100
174 180 100
174 180 100
174 180 100
174 180 100
174 180 100
174 179 100
174 179 100
174 179 100
174 179 100
174 179 100
174 179 100
174 179 100
174 179 100
174 179 100
174 179 100
174 179 100
174 179 100
174 179 100
174 179 100
174 179 100
174 178 100
174 178 100
174 178 100
174 178 100
174 178 100
174 178 100
174 178 100
174 178 100
174 178 100
174 178 100
174 178 100
174 178 100
174 178 100
174 177 100
174 177 100
174 177 100
174 177 100
174 177 100
174 177 100
174 177 100
174 177 100
174 177 100
174 177 100
174 177 100
174 176 100
174 176 100
174 176 100
174 176 100
174 176 100
174 176 100
174 176 100
174 176 100
174 176 100
174 176 100
174 175 100
174 175 100
174 175 100
174 175 100
174 175 100
174 175 100
174 175 100
174 175 100
174 175 100
174 175 100
174 174 100
174 174 100
174 174 100
174 174 100
174 174 100
174 174 100
174 174 100
174 174 100
174 174 100
174 174 100
174 173 100
174 173 100
174 173 100
174 173 100
174 173 100
174 173 100
174 173 100
174 173 100
174 173 100
174 173 100
174 172 100
174 172 100
174 172 100
174 172 100
174 172 100
174 172 100
174 172 100
174 172 100
174 172 100
174 172 100
174 171 100
174 171 100
174 171 100
174 171 100
174 171 100
174 171 100
174 171 100
174 171 100
174 171 100
174 171 100
174 171 100
174 170 100
174 170 100
174 170 100
174 170 100
174 170 100
174 170 100
174 170 100
174 170 100
174 170 100
174 170 100
174 170 100
174 169 100
174 169 100
174 169 100
174 169 100
174 169 100
174 169 100
174 169 100
174 169 100
174 169 100
174 169 100
174 169 100
174 168 100
174 168 100
174 168 100
174 168 100
174 168 100
174 168 100
174 168 100
174 168 100
174 168 100
174 168 100
174 168 100
174 167 100
174 167 100
174 167 100
174 167 100
174 167 100
174 167 100
174 167 100
174 167 100
174 167 100
174 167 100
174 167 100
174 167 100
174 166 100
174 166 100
174 166 100
174 166 100
174 166 100
174 166 100
174 166 100
174 166 100
174 166 100
174 166 100
174 166 100
174 166 100
174 165 100
174 165 100
174 165 100
174 165 100
174 165 100
174 165 100
174 165 100
174 165 100
174 165 100
174 165 100
174 165 100
174 165 100
174 165 100
174 164 100
174 164 100
174 164 100
174 164 100
174 164 100
174 164 100
174 164 100
174 164 100
174 164 100
174 164 100
174 164 100
174 164 100
174 164 100
174 164 100
174 163 100
174 163 100
174 163 100
174 163 100
174 163 100
174 163 100
174 163 100
174 163 100
174 163 100
174 163 100
174 163 100
174 163 100
174 163 100
174 163 100
174 163 100
174 162 100
174 162 100
174 162 100
174 162 100
174 162 100
174 162 100
174 162 100
174 162 100
174 162 100
174 162 100
174 162 100
174 162 100
174 162 100
174 162 100
174 162 100
174 162 100
174 162 100
174 161 100
174 161 100
174 161 100
174 161 100
174 161 100
174 161 100
174 161 100
174 161 100
174 161 100
174 161 100
174 161 100
174 161 100
174 161 100
174 161 100
174 161 100
174 161 100
174 161 100
174 161 100
174 161 100
174 161 100
174 160 100
174 160 100
174 160 100
174 160 100
174 160 100
174 160 100
174 160 100
174 160 100
174 160 100
174 160 100
174 160 100
174 160 100
174 160 100
174 160 100
174 160 100
174 160 100
174 160 100
174 160 100
174 160 100
174 160 100
174 160 100
174 160 100
174 159 100
174 159 100
174 159 100
174 159 100
174 159 100
174 159 100
174 159 100
174 159 100
174 159 100
174 159 100
174 159 100
174 159 100
174 159 100
174 159 100
174 159 100
174 159 100
174 159 100
174 159 100
174 159 100
174 159 100
174 159 100
174 159 100
174 159 100
174 159 100
174 159 100
174 158 100
174 158 100
174 158 100
174 158 100
174 158 100
174 158 100
174 158 100
174 158 100
174 158 100
174 158 100
174 158 100
174 158 100
174 158 100
174 158 100
174 158 100
174 158 100
174 158 100
174 158 100
174 158 100
174 158 100
174 158 100
174 158 100
174 158 100
174 158 100
174 158 100
174 158 100
174 158 100
174 158 100
174 157 100
174 157 100
174 157 100
174 157 100
174 157 100
174 157 100
174 157 100
174 157 100
174 157 100
174 157 100
174 157 100
174 157 100
174 157 100
174 157 100
174 157 100
174 157 100
174 157 100
174 157 100
174 157 100
174 157 100
174 157 100
174 157 100
174 157 100
174 157 100
174 157 100
174 157 100
174 157 100
174 157 100
174 157 100
174 157 100
174 157 100
174 156 100
174 156 100
174 156 100
174 156 100
174 156 100
174 156 100
174 156 100
174 156 100
174 156 100
174 156 100
174 156 100
174 156 100
174 156 100
174 156 100
174 156 100
174 156 100
174 156 100
174 156 100
174 156 100
174 156 100
174 156 100
174 156 100
174 156 100
174 156 100
174 156 100
174 156 100
174 156 100
174 156 100
174 156 100
174 156 100
174 156 100
174 156 100
174 156 100
174 155 100
174 155 100
174 155 100
174 155 100
174 155 100
174 155 100
174 155 100
174 155 100
174 155 100
174 155 100
174 155 100
174 155 100
174 155 100
174 155 100
174 155 100
174 155 100
174 155 100
174 155 100
174 155 100
174 155 100
174 155 100
174 155 100
174 155 100
174 155 100
174 155 100
174 155 100
174 155 100
174 155 100
174 155 100
174 155 100
174 155 100
174 155 100
174 155 100
174 155 100
174 155 100
174 154 100
174 154 100
174 154 100
174 154 100
174 154 100
174 154 100
174 154 100
174 154 100
174 154 100
174 154 100
174 154 100
174 154 100
174 154 100
174 154 100
174 154 100
174 154 100
174 154 100
174 154 100
174 154 100
174 154 100
174 154 100
174 154 100
174 154 100
174 154 100
174 154 100
174 154 100
174 154 100
174 154 100
174 154 100
174 154 100
174 154 100
174 154 100
174 154 100
174 154 100
174 154 100
174 154 100
174 154 100
174 153 100
174 153 100
174 153 100
174 153 100
174 153 100
174 153 100
174 153 100
174 153 100
174 153 100
174 153 100
174 153 100
174 153 100
174 153 100
174 153 100
174 153 100
174 153 100
174 153 100
174 153 100
174 153 100
174 153 100
174 153 100
174 153 100
174 153 100
174 153 100
174 153 100
174 153 100
174 153 100
174 153 100
174 153 100
174 153 100
174 153 100
174 153 100
174 153 100
174 153 100
174 153 100
174 153 100
174 153 100
174 152 100
174 152 100
174 152 100
174 152 100
174 152 100
174 152 100
174 152 100
174 152 100
174 152 100
174 152 100
174 152 100
174 152 100
174 152 100
174 152 100
174 152 100
174 152 100
174 152 100
174 152 100
174 152 100
174 152 100
174 152 100
174 152 100
174 152 100
174 152 100
174 152 100
174 152 100
174 152 100
174 152 100
174 152 100
174 152 100
174 152 100
174 152 100
174 152 100
174 152 100
174 152 100
174 152 100
174 152 100
174 151 100
174 151 100
174 151 100
174 151 100
174 151 100
174 151 100
174 151 100
174 151 100
174 151 100
174 151 100
174 151 100
174 151 100
174 151 100
174 151 100
174 151 100
174 151 100
174 151 100
174 151 100
174 151 100
174 151 100
174 151 100
174 151 100
174 151 100
174 151 100
174 151 100
174 151 100
174 151 100
174 151 100
174 151 100
174 151 100
174 151 100
174 151 100
174 151 100
174 151 100
174 151 100
174 151 100
174 150 100
174 150 100
174 150 100
174 150 100
174 150 100
174 150 100
174 150 100
174 150 100
174 150 100
174 150 100
174 150 100
174 150 100
174 150 100
174 150 100
174 150 100
174 150 100
174 150 100
174 150 100
174 150 100
174 150 100
174 150 100
174 150 100
174 150 100
174 150 100
174 150 100
174 150 100
174 150 100
174 150 100
174 150 100
174 150 100
174 150 100
174 150 100
174 150 100
174 150 100
174 149 100
174 149 100
174 149 100
174 149 100
174 149 100
174 149 100
174 149 100
174 149 100
174 149 100
174 149 100
174 149 100
174 149 100
174 149 100
174 149 100
174 149 100
174 149 100
174 149 100
174 149 100
174 149 100
174 149 100
174 149 100
174 149 100
174 149 100
174 149 100
174 149 100
174 149 100
174 149 100
174 149 100
174 149 100
174 149 100
174 149 100
174 149 100
174 148 100
174 148 100
174 148 100
174 148 100
174 148 100
174 148 100
174 148 100
174 148 100
174 148 100
174 148 100
174 148 100
174 148 100
174 148 100
174 148 100
174 148 100
174 148 100
174 148 100
174 148 100
174 148 100
174 148 100
174 148 100
174 148 100
174 148 100
174 148 100
174 148 100
174 148 100
174 148 100
174 148 100
174 148 100
174 147 100
174 147 100
174 147 100
174 147 100
174 147 100
174 147 100
174 147 100
174 147 100
174 147 100
174 147 100
174 147 100
174 147 100
174 147 100
174 147 100
174 147 100
174 147 100
174 147 100
174 147 100
174 147 100
174 147 100
174 147 100
174 147 100
174 147 100
174 147 100
174 147 100
174 147 100
174 146 100
174 146 100
174 146 100
174 146 100
174 146 100
174 146 100
174 146 100
174 146 100
174 146 100
174 146 100
174 146 100
174 146 100
174 146 100
174 146 100
174 146 100
174 146 100
174 146 100
174 146 100
174 146 100
174 146 100
174 146 100
174 146 100
174 146 100
174 145 100
174 145 100
174 145 100
174 145 100
174 145 100
174 145 100
174 145 100
174 145 100
174 145 100
174 145 100
174 145 100
174 145 100
174 145 100
174 145 100
174 145 100
174 145 100
174 145 100
174 145 100
174 145 100
174 145 100
174 144 100
174 144 100
174 144 100
174 144 100
174 144 100
174 144 100
174 144 100
174 144 100
174 144 100
174 144 100
174 144 100
174 144 100
174 144 100
174 144 100
174 144 100
174 144 100
174 144 100
174 144 100
174 143 100
174 143 100
174 143 100
174 143 100
174 143 100
174 143 100
174 143 100
174 143 100
174 143 100
174 143 100
174 143 100
174 143 100
174 143 100
174 143 100
174 143 100
174 142 100
174 142 100
174 142 100
174 142 100
174 142 100
174 142 100
174 142 100
174 142 100
174 142 100
174 142 100
174 142 100
174 142 100
174 142 100
174 141 100
174 141 100
174 141 100
174 141 100
174 141 100
174 141 100
174 141 100
174 141 100
174 141 100
174 141 100
174 141 100
174 141 100
174 140 100
174 140 100
174 140 100
174 140 100
174 140 100
174 140 100
174 140 100
174 140 100
174 140 100
174 140 100
174 140 100
174 139 100
174 139 100
174 139 100
174 139 100
174 139 100
174 139 100
174 139 100
174 139 100
174 139 100
174 138 100
174 138 100
174 138 100
174 138 100
174 138 100
174 138 100
174 138 100
174 138 100
174 137 100
174 137 100
174 137 100
174 137 100
174 137 100
174 137 100
174 136 100
174 136 100
174 136 100
174 136 100
174 136 100
174 135 100
174 135 100
174 135 100
174 135 100
174 134 100
174 134 100
174 134 100
174 133 100
174 133 100
174 132 100
174 131 100
174 130 100
174 129 100
# move from (29,129) to (174,12)
29 129 100
29 129 100
30 129 100
30 129 100
31 129 100
31 129 100
32 129 100
32 129 100
33 129 100
33 129 100
34 129 100
34 129 100
35 129 100
36 129 100
37 129 100
38 129 100
39 129 100
40 129 100
41 129 100
42 129 100
43 129 100
44 129 100
45 129 100
46 129 100
47 129 100
48 129 100
49 129 100
50 129 100
51 129 100
52 129 100
53 129 100
54 129 100
55 129 100
56 129 100
57 129 100
58 129 100
59 129 100
60 129 100
61 129 100
62 129 100
63 129 100
64 129 100
65 129 100
66 129 100
67 129 100
68 129 100
69 129 100
70 129 100
71 129 100
72 129 100
73 129 100
73 129 100
74 129 100
74 129 100
75 129 100
75 129 100
75 129 100
76 129 100
76 129 100
76 129 100
76 129 100
77 129 100
77 129 100
77 129 100
77 129 100
77 129 100
78 129 100
78 129 100
78 129 100
78 129 100
78 129 100
78 129 100
78 129 100
79 129 100
79 129 100
79 129 100
79 129 100
79 129 100
79 129 100
79 129 100
79 129 100
80 129 100
80 129 100
80 129 100
80 129 100
80 129 100
80 129 100
80 129 100
80 129 100
80 129 100
80 129 100
81 129 100
81 129 100
81 129 100
81 129 100
81 129 100
81 129 100
81 129 100
81 129 100
81 129 100
81 129 100
81 129 100
82 129 100
82 129 100
82 129 100
82 129 100
82 129 100
82 129 100
82 129 100
82 129 100
82 129 100
82 129 100
82 129 100
82 129 100
83 129 100
83 129 100
83 129 100
83 129 100
83 129 100
83 129 100
83 129 100
83 129 100
83 129 100
83 129 100
83 129 100
83 129 100
84 129 100
84 129 100
84 129 100
84 129 100
84 129 100
84 129 100
84 129 100
84 129 100
84 129 100
84 129 100
84 129 100
84 129 100
84 129 100
85 129 100
85 129 100
85 129 100
85 129 100
85 129 100
85 129 100
85 129 100
85 129 100
85 129 100
85 129 100
85 129 100
85 129 100
85 129 100
85 129 100
86 129 100
86 129 100
86 129 100
86 129 100
86 129 100
86 129 100
86 129 100
86 129 100
86 129 100
86 129 100
86 129 100
86 129 100
86 129 100
86 129 100
86 129 100
87 129 100
87 129 100
87 129 100
87 129 100
87 129 100
87 129 100
87 129 100
87 129 100
87 129 100
87 129 100
87 129 100
87 129 100
87 129 100
87 129 100
87 129 100
87 129 100
87 129 100
88 129 100
88 129 100
88 129 100
88 129 100
88 129 100
88 129 100
88 129 100
88 129 100
88 129 100
88 129 100
88 129 100
88 129 100
88 129 100
88 129 100
88 129 100
88 129 100
88 129 100
88 129 100
88 129 100
89 129 100
89 129 100
89 129 100
89 129 100
89 129 100
89 129 100
89 129 100
89 129 100
89 129 100
89 129 100
89 129 100
89 129 100
89 129 100
89 129 100
89 129 100
89 129 100
89 129 100
89 129 100
89 129 100
89 129 100
89 129 100
89 129 100
90 129 100
90 129 100
90 129 100
90 129 100
90 129 100
90 129 100
90 129 100
90 129 100
90 129 100
90 129 100
90 129 100
90 129 100
90 129 100
90 129 100
90 129 100
90 129 100
90 129 100
90 129 100
90 129 100
90 129 100
90 129 100
90 129 100
90 129 100
90 129 100
90 129 100
91 129 100
91 129 100
91 129 100
91 129 100
91 129 100
91 129 100
91 129 100
91 129 100
91 129 100
91 129 100
91 129 100
91 129 100
91 129 100
91 129 100
91 129 100
91 129 100
91 129 100
91 129 100
91 129 100
91 129 100
91 129 100
91 129 100
91 129 100
91 129 100
91 129 100
91 129 100
91 129 100
91 129 100
92 129 100
92 129 100
92 129 100
92 129 100
92 129 100
92 129 100
92 129 100
92 129 100
92 129 100
92 129 100
92 129 100
92 129 100
92 129 100
92 129 100
92 129 100
92 129 100
92 129 100
92 129 100
92 129 100
92 129 100
92 129 100
92 129 100
92 129 100
92 129 100
92 129 100
92 129 100
92 129 100
92 129 100
92 129 100
92 129 100
92 129 100
92 129 100
93 129 100
93 129 100
93 129 100
93 129 100
93 129 100
93 129 100
93 129 100
93 129 100
93 129 100
93 129 100
93 129 100
93 129 100
93 129 100
93 129 100
93 129 100
93 129 100
93 129 100
93 129 100
93 129 100
93 129 100
93 129 100
93 129 100
93 129 100
93 129 100
93 129 100
93 129 100
93 129 100
93 129 100
93 129 100
93 129 100
93 129 100
93 129 100
93 129 100
93 129 100
93 129 100
94 129 100
94 129 100
94 129 100
94 129 100
94 129 100
94 129 100
94 129 100
94 129 100
94 129 100
94 129 100
94 129 100
94 129 100
94 129 100
94 129 100
94 129 100
94 129 100
94 129 100
94 129 100
94 129 100
94 129 100
94 129 100
94 129 100
94 129 100
94 129 100
94 129 100
94 129 100
94 129 100
94 129 100
94 129 100
94 129 100
94 129 100
94 129 100
94 129 100
94 129 100
94 129 100
94 129 100
94 129 100
94 129 100
95 129 100
95 129 100
95 129 100
95 129 100
95 129 100
95 129 100
95 129 100
95 129 100
95 129 100
95 129 100
95 129 100
95 129 100
95 129 100
95 129 100
95 129 100
95 129 100
95 129 100
95 129 100
95 129 100
95 129 100
95 129 100
95 129 100
95 129 100
95 129 100
95 129 100
95 129 100
95 129 100
95 129 100
95 129 100
95 129 100
95 129 100
95 129 100
95 129 100
95 129 100
95 129 100
95 129 100
95 129 100
95 129 100
95 129 100
95 129 100
95 129 100
96 129 100
96 129 100
96 129 100
96 129 100
96 129 100
96 129 100
96 129 100
96 129 100
96 129 100
96 129 100
96 129 100
96 129 100
96 129 100
96 129 100
96 129 100
96 129 100
96 129 100
96 129 100
96 129 100
96 129 100
96 129 100
96 129 100
96 129 100
96 129 100
96 129 100
96 129 100
96 129 100
96 129 100
96 129 100
96 129 100
96 129 100
96 129 100
96 129 100
96 129 100
96 129 100
96 129 100
96 129 100
96 129 100
96 129 100
96 129 100
96 129 100
96 129 100
96 129 100
97 129 100
97 129 100
97 129 100
97 129 100
97 129 100
97 129 100
97 129 100
97 129 100
97 129 100
97 129 100
97 129 100
97 129 100
97 129 100
97 129 100
97 129 100
97 129 100
97 129 100
97 129 100
97 129 100
97 129 100
97 129 100
97 129 100
97 129 100
97 129 100
97 129 100
97 129 100
97 129 100
97 129 100
97 129 100
97 129 100
97 129 100
97 129 100
97 129 100
97 129 100
97 129 100
97 129 100
97 129 100
97 129 100
97 129 100
97 129 100
97 129 100
97 129 100
97 129 100
97 129 100
98 129 100
98 129 100
98 129 100
98 129 100
98 129 100
98 129 100
98 129 100
98 129 100
98 129 100
98 129 100
98 129 100
98 129 100
98 129 100
98 129 100
98 129 100
98 129 100
98 129 100
98 129 100
98 129 100
98 129 100
98 129 100
98 129 100
98 129 100
98 129 100
98 129 100
98 129 100
98 129 100
98 129 100
98 129 100
98 129 100
98 129 100
98 129 100
98 129 100
98 129 100
98 129 100
98 129 100
98 129 100
98 129 100
98 129 100
98 129 100
98 129 100
98 129 100
98 129 100
98 129 100
99 129 100
99 129 100
99 129 100
99 129 100
99 129 100
99 129 100
99 129 100
99 129 100
99 129 100
99 129 100
99 129 100
99 129 100
99 129 100
99 129 100
99 129 100
99 129 100
99 129 100
99 129 100
99 129 100
99 129 100
99 129 100
99 129 100
99 129 100
99 129 100
99 129 100
99 129 100
99 129 100
99 129 100
99 129 100
99 129 100
99 129 100
99 129 100
99 129 100
99 129 100
99 129 100
99 129 100
99 129 100
99 129 100
99 129 100
99 129 100
99 129 100
99 129 100
99 129 100
99 129 100
100 129 100
100 129 100
100 129 100
100 129 100
100 129 100
100 129 100
100 129 100
100 129 100
100 129 100
100 129 100
100 129 100
100 129 100
100 129 100
100 129 100
100 129 100
100 129 100
100 129 100
100 129 100
100 129 100
100 129 100
100 129 100
100 129 100
100 129 100
100 129 100
100 129 100
100 129 100
100 129 100
100 129 100
100 129 100
100 129 100
100 129 100
100 129 100
100 129 100
100 129 100
100 129 100
100 129 100
100 129 100
100 129 100
100 129 100
100 129 100
100 129 100
100 129 100
101 129 100
101 129 100
101 129 100
101 129 100
101 129 100
101 129 100
101 129 100
101 129 100
101 129 100
101 129 100
101 129 100
101 129 100
101 129 100
101 129 100
101 129 100
101 129 100
101 129 100
101 129 100
101 129 100
101 129 100
101 129 100
101 129 100
101 129 100
101 129 100
101 129 100
101 129 100
101 129 100
101 129 100
101 129 100
101 129 100
101 129 100
101 129 100
101 129 100
101 129 100
101 129 100
101 129 100
101 129 100
101 129 100
101 129 100
101 129 100
101 129 100
102 129 100
102 129 100
102 129 100
102 129 100
102 129 100
102 129 100
102 129 100
102 129 100
102 129 100
102 129 100
102 129 100
102 129 100
102 129 100
102 129 100
102 129 100
102 129 100
102 129 100
102 129 100
102 129 100
102 129 100
102 129 100
102 129 100
102 129 100
102 129 100
102 129 100
102 129 100
102 129 100
102 129 100
102 129 100
102 129 100
102 129 100
102 129 100
102 129 100
102 129 100
102 129 100
102 129 100
102 129 100
102 129 100
103 129 100
103 129 100
103 129 100
103 129 100
103 129 100
103 129 100
103 129 100
103 129 100
103 129 100
103 129 100
103 129 100
103 129 100
103 129 100
103 129 100
103 129 100
103 129 100
103 129 100
103 129 100
103 129 100
103 129 100
103 129 100
103 129 100
103 129 100
103 129 100
103 129 100
103 129 100
103 129 100
103 129 100
103 129 100
103 129 100
103 129 100
103 129 100
103 129 100
103 129 100
103 129 100
104 129 100
104 129 100
104 129 100
104 129 100
104 129 100
104 129 100
104 129 100
104 129 100
104 129 100
104 129 100
104 129 100
104 129 100
104 129 100
104 129 100
104 129 100
104 129 100
104 129 100
104 129 100
104 129 100
104 129 100
104 129 100
104 129 100
104 129 100
104 129 100
104 129 100
104 129 100
104 129 100
104 129 100
104 129 100
104 129 100
104 129 100
105 129 100
105 129 100
105 129 100
105 129 100
105 129 100
105 129 100
105 129 100
105 129 100
105 129 100
105 129 100
105 129 100
105 129 100
105 129 100
105 129 100
105 129 100
105 129 100
105 129 100
105 129 100
105 129 100
105 129 100
105 129 100
105 129 100
105 129 100
105 129 100
105 129 100
105 129 100
105 129 100
106 129 100
106 129 100
106 129 100
106 129 100
106 129 100
106 129 100
106 129 100
106 129 100
106 129 100
106 129 100
106 129 100
106 129 100
106 129 100
106 129 100
106 129 100
106 129 100
106 129 100
106 129 100
106 129 100
106 129 100
106 129 100
106 129 100
106 129 100
107 129 100
107 129 100
107 129 100
107 129 100
107 129 100
107 129 100
107 129 100
107 129 100
107 129 100
107 129 100
107 129 100
107 129 100
107 129 100
107 129 100
107 129 100
107 129 100
107 129 100
107 129 100
107 129 100
108 129 100
108 129 100
108 129 100
108 129 100
108 129 100
108 129 100
108 129 100
108 129 100
108 129 100
108 129 100
108 129 100
108 129 100
108 129 100
108 129 100
108 129 100
108 129 100
109 129 100
109 129 100
109 129 100
109 129 100
109 129 100
109 129 100
109 129 100
109 129 100
109 129 100
109 129 100
109 129 100
109 129 100
109 129 100
110 129 100
110 129 100
110 129 100
110 129 100
110 129 100
110 129 100
110 129 100
110 129 100
110 129 100
110 129 100
110 129 100
111 129 100
111 129 100
111 129 100
111 129 100
111 129 100
111 129 100
111 129 100
111 129 100
111 129 100
112 129 100
112 129 100
112 129 100
112 129 100
112 129 100
112 129 100
112 129 100
112 129 100
113 129 100
113 129 100
113 129 100
113 129 100
113 129 100
113 129 100
114 129 100
114 129 100
114 129 100
114 129 100
114 129 100
115 129 100
115 129 100
115 129 100
115 129 100
116 129 100
116 129 100
116 129 100
117 129 100
117 129 100
118 129 100
118 129 100
119 129 100
120 129 100
121 129 100
122 129 100
123 129 100
124 129 100
125 129 100
126 129 100
127 129 100
128 129 100
129 129 100
129 129 100
130 129 100
130 129 100
131 129 100
131 129 100
131 129 100
132 129 100
132 129 100
132 129 100
133 129 100
133 129 100
133 129 100
133 129 100
134 129 100
134 129 100
134 129 100
134 129 100
134 129 100
135 129 100
135 129 100
135 129 100
135 129 100
135 129 100
135 129 100
136 129 100
136 129 100
136 129 100
136 129 100
136 129 100
136 129 100
136 129 100
137 129 100
137 129 100
137 129 100
137 129 100
137 129 100
137 129 100
137 129 100
137 129 100
138 129 100
138 129 100
138 129 100
138 129 100
138 129 100
138 129 100
138 129 100
138 129 100
139 129 100
139 129 100
139 129 100
139 129 100
139 129 100
139 129 100
139 129 100
139 129 100
140 129 100
140 129 100
140 129 100
140 129 100
140 129 100
140 129 100
140 129 100
141 129 100
141 129 100
141 129 100
141 129 100
141 129 100
141 129 100
142 129 100
142 129 100
142 129 100
142 129 100
142 129 100
143 129 100
143 129 100
143 129 100
143 129 100
144 129 100
144 129 100
144 129 100
145 129 100
145 129 100
146 129 100
146 129 100
147 129 100
148 129 100
149 129 100
150 129 100
151 129 100
152 129 100
153 129 100
154 129 100
155 129 100
156 129 100
157 129 100
158 129 100
159 129 100
160 129 100
161 129 100
162 129 100
163 129 100
164 129 100
165 129 100
166 129 100
167 129 100
168 129 100
169 129 100
170 129 100
171 129 100
172 129 100
173 129 100
# move from (86,100) to (174,12)
86 100 100
87 100 100
88 100 100
88 100 100
89 100 100
89 100 100
90 100 100
90 100 100
91 100 100
91 100 100
92 100 100
92 100 100
93 100 100
93 100 100
94 100 100
94 100 100
95 100 100
95 100 100
96 100 100
96 100 100
97 100 100
97 100 100
98 100 100
98 100 100
99 100 100
99 100 100
100 100 100
100 100 100
101 100 100
101 100 100
102 100 100
102 100 100
103 100 100
103 100 100
104 100 100
104 100 100
105 100 100
105 100 100
106 100 100
106 100 100
107 100 100
107 100 100
108 100 100
108 100 100
109 100 100
109 100 100
110 100 100
111 100 100
112 100 100
113 100 100
114 100 100
115 100 100
116 100 100
117 100 100
118 100 100
119 100 100
120 100 100
121 100 100
122 100 100
123 100 100
124 100 100
125 100 100
126 100 100
127 100 100
128 100 100
129 100 100
130 100 100
131 100 100
131 100 100
132 100 100
132 100 100
133 100 100
133 100 100
134 100 100
134 100 100
135 100 100
135 100 100
136 100 100
136 100 100
136 100 100
137 100 100
137 100 100
137 100 100
138 100 100
138 100 100
138 100 100
138 100 100
139 100 100
139 100 100
139 100 100
139 100 100
139 100 100
139 100 100
140 100 100
140 100 100
140 100 100
140 100 100
140 100 100
140 100 100
140 100 100
140 100 100
141 100 100
141 100 100
141 100 100
141 100 100
141 100 100
141 100 100
141 100 100
141 100 100
141 100 100
141 100 100
142 100 100
142 100 100
142 100 100
142 100 100
142 100 100
142 100 100
142 100 100
142 100 100
142 100 100
142 100 100
142 100 100
142 100 100
142 100 100
142 100 100
143 100 100
143 100 100
143 100 100
143 100 100
143 100 100
143 100 100
143 100 100
143 100 100
143 100 100
143 100 100
143 100 100
143 100 100
143 100 100
143 100 100
143 100 100
143 100 100
143 100 100
143 100 100
144 100 100
144 100 100
144 100 100
144 100 100
144 100 100
144 100 100
144 100 100
144 100 100
144 100 100
144 100 100
144 100 100
144 100 100
144 100 100
144 100 100
144 100 100
144 100 100
144 100 100
144 100 100
144 100 100
144 100 100
144 100 100
145 100 100
145 100 100
145 100 100
145 100 100
145 100 100
145 100 100
145 100 100
145 100 100
145 100 100
145 100 100
145 100 100
145 100 100
145 100 100
145 100 100
145 100 100
145 100 100
145 100 100
145 100 100
145 100 100
145 100 100
145 100 100
145 100 100
145 100 100
145 100 100
145 100 100
146 100 100
146 100 100
146 100 100
146 100 100
146 100 100
146 100 100
146 100 100
146 100 100
146 100 100
146 100 100
146 100 100
146 100 100
146 100 100
146 100 100
146 100 100
146 100 100
146 100 100
146 100 100
146 100 100
146 100 100
146 100 100
146 100 100
146 100 100
146 100 100
146 100 100
146 100 100
146 100 100
146 100 100
147 100 100
147 100 100
147 100 100
147 100 100
147 100 100
147 100 100
147 100 100
147 100 100
147 100 100
147 100 100
147 100 100
147 100 100
147 100 100
147 100 100
147 100 100
147 100 100
147 100 100
147 100 100
147 100 100
147 100 100
147 100 100
147 100 100
147 100 100
147 100 100
147 100 100
147 100 100
147 100 100
147 100 100
147 100 100
147 100 100
147 100 100
148 100 100
148 100 100
148 100 100
148 100 100
148 100 100
148 100 100
148 100 100
148 100 100
148 100 100
148 100 100
148 100 100
148 100 100
148 100 100
148 100 100
148 100 100
148 100 100
148 100 100
148 100 100
148 100 100
148 100 100
148 100 100
148 100 100
148 100 100
148 100 100
148 100 100
148 100 100
148 100 100
148 100 100
148 100 100
148 100 100
148 100 100
148 100 100
148 100 100
148 100 100
149 100 100
149 100 100
149 100 100
149 100 100
149 100 100
149 100 100
149 100 100
149 100 100
149 100 100
149 100 100
149 100 100
149 100 100
149 100 100
149 100 100
149 100 100
149 100 100
149 100 100
149 100 100
149 100 100
149 100 100
149 100 100
149 100 100
149 100 100
149 100 100
149 100 100
149 100 100
149 100 100
149 100 100
149 100 100
149 100 100
149 100 100
149 100 100
149 100 100
149 100 100
149 100 100
149 100 100
150 100 100
150 100 100
150 100 100
150 100 100
150 100 100
150 100 100
150 100 100
150 100 100
150 100 100
150 100 100
150 100 100
150 100 100
150 100 100
150 100 100
150 100 100
150 100 100
150 100 100
150 100 100
150 100 100
150 100 100
150 100 100
150 100 100
150 100 100
150 100 100
150 100 100
150 100 100
150 100 100
150 100 100
150 100 100
150 100 100
150 100 100
150 100 100
150 100 100
150 100 100
150 100 100
150 100 100
150 100 100
150 100 100
151 100 100
151 100 100
151 100 100
151 100 100
151 100 100
151 100 100
151 100 100
151 100 100
151 100 100
151 100 100
151 100 100
151 100 100
151 100 100
151 100 100
151 100 100
151 100 100
151 100 100
151 100 100
151 100 100
151 100 100
151 100 100
151 100 100
151 100 100
151 100 100
151 100 100
151 100 100
151 100 100
151 100 100
151 100 100
151 100 100
151 100 100
151 100 100
151 100 100
151 100 100
151 100 100
151 100 100
151 100 100
151 100 100
151 100 100
151 100 100
152 100 100
152 100 100
152 100 100
152 100 100
152 100 100
152 100 100
152 100 100
152 100 100
152 100 100
152 100 100
152 100 100
152 100 100
152 100 100
152 100 100
152 100 100
152 100 100
152 100 100
152 100 100
152 100 100
152 100 100
152 100 100
152 100 100
152 100 100
152 100 100
152 100 100
152 100 100
152 100 100
152 100 100
152 100 100
152 100 100
152 100 100
152 100 100
152 100 100
152 100 100
152 100 100
152 100 100
152 100 100
152 100 100
152 100 100
152 100 100
152 100 100
153 100 100
153 100 100
153 100 100
153 100 100
153 100 100
153 100 100
153 100 100
153 100 100
153 100 100
153 100 100
153 100 100
153 100 100
153 100 100
153 100 100
153 100 100
153 100 100
153 100 100
153 100 100
153 100 100
153 100 100
153 100 100
153 100 100
153 100 100
153 100 100
153 100 100
153 100 100
153 100 100
153 100 100
153 100 100
153 100 100
153 100 100
153 100 100
153 100 100
153 100 100
153 100 100
153 100 100
153 100 100
153 100 100
153 100 100
153 100 100
153 100 100
154 100 100
154 100 100
154 100 100
154 100 100
154 100 100
154 100 100
154 100 100
154 100 100
154 100 100
154 100 100
154 100 100
154 100 100
154 100 100
154 100 100
154 100 100
154 100 100
154 100 100
154 100 100
154 100 100
154 100 100
154 100 100
154 100 100
154 100 100
154 100 100
154 100 100
154 100 100
154 100 100
154 100 100
154 100 100
154 100 100
154 100 100
154 100 100
154 100 100
154 100 100
154 100 100
154 100 100
154 100 100
154 100 100
154 100 100
154 100 100
155 100 100
155 100 100
155 100 100
155 100 100
155 100 100
155 100 100
155 100 100
155 100 100
155 100 100
155 100 100
155 100 100
155 100 100
155 100 100
155 100 100
155 100 100
155 100 100
155 100 100
155 100 100
155 100 100
155 100 100
155 100 100
155 100 100
155 100 100
155 100 100
155 100 100
155 100 100
155 100 100
155 100 100
155 100 100
155 100 100
155 100 100
155 100 100
155 100 100
155 100 100
155 100 100
155 100 100
155 100 100
155 100 100
155 100 100
156 100 100
156 100 100
156 100 100
156 100 100
156 100 100
156 100 100
156 100 100
156 100 100
156 100 100
156 100 100
156 100 100
156 100 100
156 100 100
156 100 100
156 100 100
156 100 100
156 100 100
156 100 100
156 100 100
156 100 100
156 100 100
156 100 100
156 100 100
156 100 100
156 100 100
156 100 100
156 100 100
156 100 100
156 100 100
156 100 100
156 100 100
156 100 100
156 100 100
156 100 100
156 100 100
156 100 100
156 100 100
157 100 100
157 100 100
157 100 100
157 100 100
157 100 100
157 100 100
157 100 100
157 100 100
157 100 100
157 100 100
157 100 100
157 100 100
157 100 100
157 100 100
157 100 100
157 100 100
157 100 100
157 100 100
157 100 100
157 100 100
157 100 100
157 100 100
157 100 100
157 100 100
157 100 100
157 100 100
157 100 100
157 100 100
157 100 100
157 100 100
157 100 100
157 100 100
157 100 100
157 100 100
157 100 100
158 100 100
158 100 100
158 100 100
158 100 100
158 100 100
158 100 100
158 100 100
158 100 100
158 100 100
158 100 100
158 100 100
158 100 100
158 100 100
158 100 100
158 100 100
158 100 100
158 100 100
158 100 100
158 100 100
158 100 100
158 100 100
158 100 100
158 100 100
158 100 100
158 100 100
158 100 100
158 100 100
158 100 100
158 100 100
158 100 100
158 100 100
158 100 100
159 100 100
159 100 100
159 100 100
159 100 100
159 100 100
159 100 100
159 100 100
159 100 100
159 100 100
159 100 100
159 100 100
159 100 100
159 100 100
159 100 100
159 100 100
159 100 100
159 100 100
159 100 100
159 100 100
159 100 100
159 100 100
159 100 100
159 100 100
159 100 100
159 100 100
159 100 100
159 100 100
159 100 100
160 100 100
160 100 100
160 100 100
160 100 100
160 100 100
160 100 100
160 100 100
160 100 100
160 100 100
160 100 100
160 100 100
160 100 100
160 100 100
160 100 100
160 100 100
160 100 100
160 100 100
160 100 100
160 100 100
160 100 100
160 100 100
160 100 100
160 100 100
160 100 100
160 100 100
161 100 100
161 100 100
161 100 100
161 100 100
161 100 100
161 100 100
161 100 100
161 100 100
161 100 100
161 100 100
161 100 100
161 100 100
161 100 100
161 100 100
161 100 100
161 100 100
161 100 100
161 100 100
161 100 100
161 100 100
161 100 100
161 100 100
162 100 100
162 100 100
162 100 100
162 100 100
162 100 100
162 100 100
162 100 100
162 100 100
162 100 100
162 100 100
162 100 100
162 100 100
162 100 100
162 100 100
162 100 100
162 100 100
162 100 100
162 100 100
162 100 100
163 100 100
163 100 100
163 100 100
163 100 100
163 100 100
163 100 100
163 100 100
163 100 100
163 100 100
163 100 100
163 100 100
163 100 100
163 100 100
163 100 100
163 100 100
163 100 100
163 100 100
164 100 100
164 100 100
164 100 100
164 100 100
164 100 100
164 100 100
164 100 100
164 100 100
164 100 100
164 100 100
164 100 100
164 100 100
164 100 100
164 100 100
165 100 100
165 100 100
165 100 100
165 100 100
165 100 100
165 100 100
165 100 100
165 100 100
165 100 100
165 100 100
165 100 100
165 100 100
165 100 100
166 100 100
166 100 100
166 100 100
166 100 100
166 100 100
166 100 100
166 100 100
166 100 100
166 100 100
166 100 100
166 100 100
167 100 100
167 100 100
167 100 100
167 100 100
167 100 100
167 100 100
167 100 100
167 100 100
167 100 100
168 100 100
168 100 100
168 100 100
168 100 100
168 100 100
168 100 100
168 100 100
168 100 100
169 100 100
169 100 100
169 100 100
169 100 100
169 100 100
169 100 100
169 100 100
170 100 100
170 100 100
170 100 100
170 100 100
170 100 100
171 100 100
171 100 100
171 100 100
171 100 100
172 100 100
172 100 100
172 100 100
173 100 100
173 100 100
173 100 100
# move from (111,193) to (174,12)
111 193 100
112 193 100
113 193 100
114 193 100
115 193 100
116 193 100
117 193 100
118 193 100
119 193 100
120 193 100
121 193 100
122 193 100
123 193 100
124 193 100
125 193 100
126 193 100
127 193 100
128 193 100
129 193 100
130 193 100
131 193 100
132 193 100
132 193 100
133 193 100
133 193 100
134 193 100
134 193 100
135 193 100
135 193 100
136 193 100
136 193 100
136 193 100
137 193 100
137 193 100
137 193 100
138 193 100
138 193 100
138 193 100
139 193 100
139 193 100
139 193 100
139 193 100
140 193 100
140 193 100
140 193 100
140 193 100
141 193 100
141 193 100
141 193 100
141 193 100
142 193 100
142 193 100
142 193 100
142 193 100
143 193 100
143 193 100
143 193 100
143 193 100
144 193 100
144 193 100
144 193 100
144 193 100
145 193 100
145 193 100
145 193 100
146 193 100
146 193 100
146 193 100
147 193 100
147 193 100
147 193 100
148 193 100
148 193 100
148 193 100
149 193 100
149 193 100
149 193 100
150 193 100
150 193 100
150 193 100
151 193 100
151 193 100
151 193 100
152 193 100
152 193 100
152 193 100
153 193 100
153 193 100
153 193 100
154 193 100
154 193 100
154 193 100
155 193 100
155 193 100
155 193 100
156 193 100
156 193 100
156 193 100
157 193 100
157 193 100
157 193 100
158 193 100
158 193 100
158 193 100
159 193 100
159 193 100
159 193 100
160 193 100
160 193 100
160 193 100
161 193 100
161 193 100
161 193 100
162 193 100
162 193 100
162 193 100
163 193 100
163 193 100
163 193 100
164 193 100
164 193 100
164 193 100
165 193 100
165 193 100
165 193 100
165 193 100
166 193 100
166 193 100
166 193 100
166 193 100
167 193 100
167 193 100
167 193 100
167 193 100
168 193 100
168 193 100
168 193 100
168 193 100
168 193 100
169 193 100
169 193 100
169 193 100
169 193 100
169 193 100
169 193 100
170 193 100
170 193 100
170 193 100
170 193 100
170 193 100
170 193 100
170 193 100
171 193 100
171 193 100
171 193 100
171 193 100
171 193 100
171 193 100
171 193 100
171 193 100
172 193 100
172 193 100
172 193 100
172 193 100
172 193 100
172 193 100
172 193 100
172 193 100
172 193 100
172 193 100
173 193 100
173 193 100
173 193 100
173 193 100
173 193 100
173 193 100
173 193 100
173 193 100
173 193 100
173 193 100
173 193 100
173 193 100
