# move from (195,31) to (31,180)
195 31 100
194 31 100
193 31 100
192 31 100
191 31 100
190 31 100
189 31 100
188 31 100
187 31 100
186 31 100
185 31 100
184 31 100
183 31 100
182 31 100
181 31 100
180 31 100
179 31 100
178 31 100
177 31 100
176 31 100
175 31 100
174 31 100
173 31 100
172 31 100
171 31 100
170 31 100
169 31 100
169 31 100
168 31 100
168 31 100
167 31 100
167 31 100
166 31 100
166 31 100
166 31 100
165 31 100
165 31 100
165 31 100
165 31 100
164 31 100
164 31 100
164 31 100
164 31 100
164 31 100
164 31 100
163 31 100
163 31 100
163 31 100
163 31 100
163 31 100
163 31 100
163 31 100
163 31 100
162 31 100
162 31 100
162 31 100
162 31 100
162 31 100
162 31 100
162 31 100
162 31 100
162 31 100
162 31 100
162 31 100
161 31 100
161 31 100
161 31 100
161 31 100
161 31 100
161 31 100
161 31 100
161 31 100
161 31 100
161 31 100
161 31 100
161 31 100
161 31 100
161 31 100
160 31 100
160 31 100
160 31 100
160 31 100
160 31 100
160 31 100
160 31 100
160 31 100
160 31 100
160 31 100
160 31 100
160 31 100
160 31 100
160 31 100
160 31 100
160 31 100
159 31 100
159 31 100
159 31 100
159 31 100
159 31 100
159 31 100
159 31 100
159 31 100
159 31 100
159 31 100
159 31 100
159 31 100
159 31 100
159 31 100
159 31 100
159 31 100
159 31 100
159 31 100
159 31 100
158 31 100
158 31 100
158 31 100
158 31 100
158 31 100
158 31 100
158 31 100
158 31 100
158 31 100
158 31 100
158 31 100
158 31 100
158 31 100
158 31 100
158 31 100
158 31 100
158 31 100
158 31 100
158 31 100
158 31 100
157 31 100
157 31 100
157 31 100
157 31 100
157 31 100
157 31 100
157 31 100
157 31 100
157 31 100
157 31 100
157 31 100
157 31 100
157 31 100
157 31 100
157 31 100
157 31 100
157 31 100
157 31 100
157 31 100
157 31 100
157 31 100
156 31 100
156 31 100
156 31 100
156 31 100
156 31 100
156 31 100
156 31 100
156 31 100
156 31 100
156 31 100
156 31 100
156 31 100
156 31 100
156 31 100
156 31 100
156 31 100
156 31 100
156 31 100
156 31 100
156 31 100
156 31 100
155 31 100
155 31 100
155 31 100
155 31 100
155 31 100
155 31 100
155 31 100
155 31 100
155 31 100
155 31 100
155 31 100
155 31 100
155 31 100
155 31 100
155 31 100
155 31 100
155 31 100
155 31 100
155 31 100
155 31 100
154 31 100
154 31 100
154 31 100
154 31 100
154 31 100
154 31 100
154 31 100
154 31 100
154 31 100
154 31 100
154 31 100
154 31 100
154 31 100
154 31 100
154 31 100
154 31 100
154 31 100
154 31 100
154 31 100
153 31 100
153 31 100
153 31 100
153 31 100
153 31 100
153 31 100
153 31 100
153 31 100
153 31 100
153 31 100
153 31 100
153 31 100
153 31 100
153 31 100
153 31 100
153 31 100
152 31 100
152 31 100
152 31 100
152 31 100
152 31 100
152 31 100
152 31 100
152 31 100
152 31 100
152 31 100
152 31 100
152 31 100
152 31 100
152 31 100
151 31 100
151 31 100
151 31 100
151 31 100
151 31 100
151 31 100
151 31 100
151 31 100
151 31 100
151 31 100
151 31 100
150 31 100
150 31 100
150 31 100
150 31 100
150 31 100
150 31 100
150 31 100
150 31 100
150 31 100
149 31 100
149 31 100
149 31 100
149 31 100
149 31 100
149 31 100
148 31 100
148 31 100
148 31 100
148 31 100
147 31 100
147 31 100
147 31 100
146 31 100
146 31 100
145 31 100
144 31 100
143 31 100
142 31 100
141 31 100
140 31 100
139 31 100
138 31 100
137 31 100
136 31 100
135 31 100
134 31 100
133 31 100
132 31 100
131 31 100
130 31 100
129 31 100
128 31 100
127 31 100
126 31 100
125 31 100
124 31 100
123 31 100
122 31 100
121 31 100
120 31 100
119 31 100
118 31 100
117 31 100
116 31 100
115 31 100
114 31 100
113 31 100
112 31 100
111 31 100
110 31 100
109 31 100
109 31 100
108 31 100
108 31 100
107 31 100
107 31 100
106 31 100
106 31 100
105 31 100
105 31 100
104 31 100
103 31 100
102 31 100
101 31 100
100 31 100
99 31 100
98 31 100
97 31 100
96 31 100
95 31 100
94 31 100
93 31 100
92 31 100
91 31 100
90 31 100
89 31 100
88 31 100
87 31 100
86 31 100
86 31 100
85 31 100
85 31 100
85 31 100
84 31 100
84 31 100
84 31 100
84 31 100
84 31 100
83 31 100
83 31 100
83 31 100
83 31 100
83 31 100
83 31 100
83 31 100
83 31 100
82 31 100
82 31 100
82 31 100
82 31 100
82 31 100
82 31 100
82 31 100
82 31 100
82 31 100
82 31 100
82 31 100
82 31 100
81 31 100
81 31 100
81 31 100
81 31 100
81 31 100
81 31 100
81 31 100
81 31 100
81 31 100
81 31 100
81 31 100
81 31 100
81 31 100
81 31 100
81 31 100
80 31 100
80 31 100
80 31 100
80 31 100
80 31 100
80 31 100
80 31 100
80 31 100
80 31 100
80 31 100
80 31 100
80 31 100
80 31 100
80 31 100
80 31 100
80 31 100
80 31 100
80 31 100
79 31 100
79 31 100
79 31 100
79 31 100
79 31 100
79 31 100
79 31 100
79 31 100
79 31 100
79 31 100
79 31 100
79 31 100
79 31 100
79 31 100
79 31 100
79 31 100
79 31 100
79 31 100
78 31 100
78 31 100
78 31 100
78 31 100
78 31 100
78 31 100
78 31 100
78 31 100
78 31 100
78 31 100
78 31 100
78 31 100
78 31 100
78 31 100
78 31 100
78 31 100
78 31 100
78 31 100
77 31 100
77 31 100
77 31 100
77 31 100
77 31 100
77 31 100
77 31 100
77 31 100
77 31 100
77 31 100
77 31 100
77 31 100
77 31 100
77 31 100
77 31 100
77 31 100
77 31 100
77 31 100
76 31 100
76 31 100
76 31 100
76 31 100
76 31 100
76 31 100
76 31 100
76 31 100
76 31 100
76 31 100
76 31 100
76 31 100
76 31 100
76 31 100
76 31 100
76 31 100
75 31 100
75 31 100
75 31 100
75 31 100
75 31 100
75 31 100
75 31 100
75 31 100
75 31 100
75 31 100
75 31 100
75 31 100
75 31 100
75 31 100
74 31 100
74 31 100
74 31 100
74 31 100
74 31 100
74 31 100
74 31 100
74 31 100
74 31 100
74 31 100
74 31 100
74 31 100
73 31 100
73 31 100
73 31 100
73 31 100
73 31 100
73 31 100
73 31 100
73 31 100
72 31 100
72 31 100
72 31 100
72 31 100
72 31 100
72 31 100
71 31 100
71 31 100
71 31 100
71 31 100
70 31 100
70 31 100
70 31 100
69 31 100
69 31 100
68 31 100
67 31 100
66 31 100
65 31 100
64 31 100
63 31 100
62 31 100
61 31 100
60 31 100
59 31 100
58 31 100
57 31 100
56 31 100
55 31 100
54 31 100
53 31 100
52 31 100
51 31 100
50 31 100
49 31 100
48 31 100
47 31 100
47 31 100
46 31 100
46 31 100
45 31 100
45 31 100
45 31 100
44 31 100
44 31 100
44 31 100
43 31 100
43 31 100
43 31 100
43 31 100
42 31 100
42 31 100
42 31 100
42 31 100
41 31 100
41 31 100
41 31 100
41 31 100
40 31 100
40 31 100
40 31 100
39 31 100
39 31 100
38 31 100
37 31 100
36 31 100
35 31 100
34 31 100
33 31 100
32 31 100
31 31 100
31 32 100
31 33 100
31 34 100
31 35 100
31 36 100
31 37 100
31 38 100
31 39 100
31 40 100
31 41 100
31 41 100
31 42 100
31 42 100
31 43 100
31 43 100
31 44 100
31 44 100
31 45 100
31 45 100
31 46 100
31 46 100
31 47 100
31 47 100
31 48 100
31 49 100
31 50 100
31 51 100
31 52 100
31 53 100
31 54 100
31 55 100
31 56 100
31 57 100
31 58 100
31 59 100
31 60 100
31 61 100
31 62 100
31 63 100
31 64 100
31 65 100
31 66 100
31 67 100
31 68 100
31 69 100
31 70 100
31 71 100
31 72 100
31 73 100
31 74 100
31 75 100
31 76 100
31 77 100
31 78 100
31 78 100
31 79 100
31 79 100
31 80 100
31 80 100
31 81 100
31 81 100
31 81 100
31 82 100
31 82 100
31 82 100
31 82 100
31 83 100
31 83 100
31 83 100
31 83 100
31 83 100
31 84 100
31 84 100
31 84 100
31 84 100
31 84 100
31 84 100
31 84 100
31 85 100
31 85 100
31 85 100
31 85 100
31 85 100
31 85 100
31 85 100
31 85 100
31 85 100
31 86 100
31 86 100
31 86 100
31 86 100
31 86 100
31 86 100
31 86 100
31 86 100
31 86 100
31 86 100
31 86 100
31 87 100
31 87 100
31 87 100
31 87 100
31 87 100
31 87 100
31 87 100
31 87 100
31 87 100
31 87 100
31 87 100
31 87 100
31 88 100
31 88 100
31 88 100
31 88 100
31 88 100
31 88 100
31 88 100
31 88 100
31 88 100
31 88 100
31 88 100
31 88 100
31 89 100
31 89 100
31 89 100
31 89 100
31 89 100
31 89 100
31 89 100
31 89 100
31 89 100
31 89 100
31 89 100
31 90 100
31 90 100
31 90 100
31 90 100
31 90 100
31 90 100
31 90 100
31 90 100
31 90 100
31 91 100
31 91 100
31 91 100
31 91 100
31 91 100
31 91 100
31 91 100
31 91 100
31 92 100
31 92 100
31 92 100
31 92 100
31 92 100
31 93 100
31 93 100
31 93 100
31 93 100
31 94 100
31 94 100
31 94 100
31 95 100
31 95 100
31 96 100
31 96 100
31 97 100
31 98 100
31 99 100
31 100 100
31 101 100
31 102 100
31 103 100
31 104 100
31 105 100
31 106 100
31 107 100
31 107 100
31 108 100
31 108 100
31 109 100
31 109 100
31 110 100
31 110 100
31 110 100
31 111 100
31 111 100
31 111 100
31 111 100
31 111 100
31 112 100
31 112 100
31 112 100
31 112 100
31 112 100
31 112 100
31 112 100
31 112 100
31 113 100
31 113 100
31 113 100
31 113 100
31 113 100
31 113 100
31 113 100
31 113 100
31 113 100
31 113 100
31 113 100
31 114 100
31 114 100
31 114 100
31 114 100
31 114 100
31 114 100
31 114 100
31 114 100
31 114 100
31 114 100
31 114 100
31 114 100
31 114 100
31 114 100
31 114 100
31 115 100
31 115 100
31 115 100
31 115 100
31 115 100
31 115 100
31 115 100
31 115 100
31 115 100
31 115 100
31 115 100
31 115 100
31 115 100
31 115 100
31 115 100
31 115 100
31 115 100
31 115 100
31 116 100
31 116 100
31 116 100
31 116 100
31 116 100
31 116 100
31 116 100
31 116 100
31 116 100
31 116 100
31 116 100
31 116 100
31 116 100
31 116 100
31 116 100
31 116 100
31 116 100
31 116 100
31 116 100
31 116 100
31 116 100
31 117 100
31 117 100
31 117 100
31 117 100
31 117 100
31 117 100
31 117 100
31 117 100
31 117 100
31 117 100
31 117 100
31 117 100
31 117 100
31 117 100
31 117 100
31 117 100
31 117 100
31 117 100
31 117 100
31 117 100
31 117 100
31 117 100
31 117 100
31 117 100
31 118 100
31 118 100
31 118 100
31 118 100
31 118 100
31 118 100
31 118 100
31 118 100
31 118 100
31 118 100
31 118 100
31 118 100
31 118 100
31 118 100
31 118 100
31 118 100
31 118 100
31 118 100
31 118 100
31 118 100
31 118 100
31 118 100
31 118 100
31 118 100
31 118 100
31 118 100
31 118 100
31 119 100
31 119 100
31 119 100
31 119 100
31 119 100
31 119 100
31 119 100
31 119 100
31 119 100
31 119 100
31 119 100
31 119 100
31 119 100
31 119 100
31 119 100
31 119 100
31 119 100
31 119 100
31 119 100
31 119 100
31 119 100
31 119 100
31 119 100
31 119 100
31 119 100
31 119 100
31 119 100
31 119 100
31 119 100
31 120 100
31 120 100
31 120 100
31 120 100
31 120 100
31 120 100
31 120 100
31 120 100
31 120 100
31 120 100
31 120 100
31 120 100
31 120 100
31 120 100
31 120 100
31 120 100
31 120 100
31 120 100
31 120 100
31 120 100
31 120 100
31 120 100
31 120 100
31 120 100
31 120 100
31 120 100
31 120 100
31 120 100
31 120 100
31 120 100
31 120 100
31 120 100
31 121 100
31 121 100
31 121 100
31 121 100
31 121 100
31 121 100
31 121 100
31 121 100
31 121 100
31 121 100
31 121 100
31 121 100
31 121 100
31 121 100
31 121 100
31 121 100
31 121 100
31 121 100
31 121 100
31 121 100
31 121 100
31 121 100
31 121 100
31 121 100
31 121 100
31 121 100
31 121 100
31 121 100
31 121 100
31 121 100
31 121 100
31 121 100
31 121 100
31 121 100
31 121 100
31 122 100
31 122 100
31 122 100
31 122 100
31 122 100
31 122 100
31 122 100
31 122 100
31 122 100
31 122 100
31 122 100
31 122 100
31 122 100
31 122 100
31 122 100
31 122 100
31 122 100
31 122 100
31 122 100
31 122 100
31 122 100
31 122 100
31 122 100
31 122 100
31 122 100
31 122 100
31 122 100
31 122 100
31 122 100
31 122 100
31 122 100
31 122 100
31 122 100
31 122 100
31 122 100
31 122 100
31 122 100
31 123 100
31 123 100
31 123 100
31 123 100
31 123 100
31 123 100
31 123 100
31 123 100
31 123 100
31 123 100
31 123 100
31 123 100
31 123 100
31 123 100
31 123 100
31 123 100
31 123 100
31 123 100
31 123 100
31 123 100
31 123 100
31 123 100
31 123 100
31 123 100
31 123 100
31 123 100
31 123 100
31 123 100
31 123 100
31 123 100
31 123 100
31 123 100
31 123 100
31 123 100
31 123 100
31 123 100
31 123 100
31 123 100
31 123 100
31 124 100
31 124 100
31 124 100
31 124 100
31 124 100
31 124 100
31 124 100
31 124 100
31 124 100
31 124 100
31 124 100
31 124 100
31 124 100
31 124 100
31 124 100
31 124 100
31 124 100
31 124 100
31 124 100
31 124 100
31 124 100
31 124 100
31 124 100
31 124 100
31 124 100
31 124 100
31 124 100
31 124 100
31 124 100
31 124 100
31 124 100
31 124 100
31 124 100
31 124 100
31 124 100
31 124 100
31 124 100
31 124 100
31 124 100
31 124 100
31 125 100
31 125 100
31 125 100
31 125 100
31 125 100
31 125 100
31 125 100
31 125 100
31 125 100
31 125 100
31 125 100
31 125 100
31 125 100
31 125 100
31 125 100
31 125 100
31 125 100
31 125 100
31 125 100
31 125 100
31 125 100
31 125 100
31 125 100
31 125 100
31 125 100
31 125 100
31 125 100
31 125 100
31 125 100
31 125 100
31 125 100
31 125 100
31 125 100
31 125 100
31 125 100
31 125 100
31 125 100
31 125 100
31 125 100
31 125 100
31 125 100
31 126 100
31 126 100
31 126 100
31 126 100
31 126 100
31 126 100
31 126 100
31 126 100
31 126 100
31 126 100
31 126 100
31 126 100
31 126 100
31 126 100
31 126 100
31 126 100
31 126 100
31 126 100
31 126 100
31 126 100
31 126 100
31 126 100
31 126 100
31 126 100
31 126 100
31 126 100
31 126 100
31 126 100
31 126 100
31 126 100
31 126 100
31 126 100
31 126 100
31 126 100
31 126 100
31 126 100
31 126 100
31 126 100
31 126 100
31 126 100
31 126 100
31 127 100
31 127 100
31 127 100
31 127 100
31 127 100
31 127 100
31 127 100
31 127 100
31 127 100
31 127 100
31 127 100
31 127 100
31 127 100
31 127 100
31 127 100
31 127 100
31 127 100
31 127 100
31 127 100
31 127 100
31 127 100
31 127 100
31 127 100
31 127 100
31 127 100
31 127 100
31 127 100
31 127 100
31 127 100
31 127 100
31 127 100
31 127 100
31 127 100
31 127 100
31 127 100
31 127 100
31 127 100
31 127 100
31 127 100
31 127 100
31 127 100
31 128 100
31 128 100
31 128 100
31 128 100
31 128 100
31 128 100
31 128 100
31 128 100
31 128 100
31 128 100
31 128 100
31 128 100
31 128 100
31 128 100
31 128 100
31 128 100
31 128 100
31 128 100
31 128 100
31 128 100
31 128 100
31 128 100
31 128 100
31 128 100
31 128 100
31 128 100
31 128 100
31 128 100
31 128 100
31 128 100
31 128 100
31 128 100
31 128 100
31 128 100
31 128 100
31 128 100
31 128 100
31 128 100
31 128 100
31 129 100
31 129 100
31 129 100
31 129 100
31 129 100
31 129 100
31 129 100
31 129 100
31 129 100
31 129 100
31 129 100
31 129 100
31 129 100
31 129 100
31 129 100
31 129 100
31 129 100
31 129 100
31 129 100
31 129 100
31 129 100
31 129 100
31 129 100
31 129 100
31 129 100
31 129 100
31 129 100
31 129 100
31 129 100
31 129 100
31 129 100
31 129 100
31 129 100
31 129 100
31 129 100
31 130 100
31 130 100
31 130 100
31 130 100
31 130 100
31 130 100
31 130 100
31 130 100
31 130 100
31 130 100
31 130 100
31 130 100
31 130 100
31 130 100
31 130 100
31 130 100
31 130 100
31 130 100
31 130 100
31 130 100
31 130 100
31 130 100
31 130 100
31 130 100
31 130 100
31 130 100
31 130 100
31 130 100
31 130 100
31 130 100
31 131 100
31 131 100
31 131 100
31 131 100
31 131 100
31 131 100
31 131 100
31 131 100
31 131 100
31 131 100
31 131 100
31 131 100
31 131 100
31 131 100
31 131 100
31 131 100
31 131 100
31 131 100
31 131 100
31 131 100
31 131 100
31 131 100
31 131 100
31 131 100
31 131 100
31 132 100
31 132 100
31 132 100
31 132 100
31 132 100
31 132 100
31 132 100
31 132 100
31 132 100
31 132 100
31 132 100
31 132 100
31 132 100
31 132 100
31 132 100
31 132 100
31 132 100
31 132 100
31 132 100
31 133 100
31 133 100
31 133 100
31 133 100
31 133 100
31 133 100
31 133 100
31 133 100
31 133 100
31 133 100
31 133 100
31 133 100
31 133 100
31 133 100
31 134 100
31 134 100
31 134 100
31 134 100
31 134 100
31 134 100
31 134 100
31 134 100
31 134 100
31 134 100
31 135 100
31 135 100
31 135 100
31 135 100
31 135 100
31 135 100
31 135 100
31 136 100
31 136 100
31 136 100
31 136 100
31 136 100
31 137 100
31 137 100
31 137 100
31 137 100
31 138 100
31 138 100
31 138 100
31 139 100
31 139 100
31 139 100
31 140 100
31 140 100
31 141 100
31 141 100
31 142 100
31 142 100
31 143 100
31 144 100
31 145 100
31 146 100
31 147 100
31 148 100
31 149 100
31 150 100
31 151 100
31 152 100
31 153 100
31 154 100
31 154 100
31 155 100
31 155 100
31 156 100
31 156 100
31 157 100
31 157 100
31 158 100
31 158 100
31 159 100
31 159 100
31 160 100
31 160 100
31 161 100
31 161 100
31 162 100
31 163 100
31 164 100
31 165 100
31 166 100
31 167 100
31 168 100
31 169 100
31 170 100
31 171 100
31 172 100
31 173 100
31 174 100
31 175 100
31 176 100
31 177 100
31 178 100
31 179 100
31 180 100
