# move from (177,137) to (40,38)
177 137 100
177 137 100
176 137 100
176 137 100
175 137 100
175 137 100
174 137 100
173 137 100
172 137 100
171 137 100
170 137 100
169 137 100
168 137 100
167 137 100
166 137 100
165 137 100
164 137 100
163 137 100
162 137 100
161 137 100
160 137 100
159 137 100
158 137 100
157 137 100
156 137 100
155 137 100
154 137 100
153 137 100
152 137 100
151 137 100
150 137 100
149 137 100
148 137 100
147 137 100
146 137 100
145 137 100
145 137 100
144 137 100
144 137 100
143 137 100
143 137 100
143 137 100
142 137 100
142 137 100
142 137 100
141 137 100
141 137 100
141 137 100
141 137 100
140 137 100
140 137 100
140 137 100
140 137 100
139 137 100
139 137 100
139 137 100
139 137 100
138 137 100
138 137 100
138 137 100
138 137 100
138 137 100
137 137 100
137 137 100
137 137 100
137 137 100
137 137 100
136 137 100
136 137 100
136 137 100
136 137 100
136 137 100
135 137 100
135 137 100
135 137 100
135 137 100
135 137 100
135 137 100
134 137 100
134 137 100
134 137 100
134 137 100
134 137 100
134 137 100
133 137 100
133 137 100
133 137 100
133 137 100
133 137 100
133 137 100
132 137 100
132 137 100
132 137 100
132 137 100
132 137 100
132 137 100
132 137 100
131 137 100
131 137 100
131 137 100
131 137 100
131 137 100
131 137 100
131 137 100
131 137 100
130 137 100
130 137 100
130 137 100
130 137 100
130 137 100
130 137 100
130 137 100
130 137 100
130 137 100
129 137 100
129 137 100
129 137 100
129 137 100
129 137 100
129 137 100
129 137 100
129 137 100
129 137 100
129 137 100
128 137 100
128 137 100
128 137 100
128 137 100
128 137 100
128 137 100
128 137 100
128 137 100
128 137 100
128 137 100
128 137 100
128 137 100
127 137 100
127 137 100
127 137 100
127 137 100
127 137 100
127 137 100
127 137 100
127 137 100
127 137 100
127 137 100
127 137 100
127 137 100
127 137 100
127 137 100
126 137 100
126 137 100
126 137 100
126 137 100
126 137 100
126 137 100
126 137 100
126 137 100
126 137 100
126 137 100
126 137 100
126 137 100
126 137 100
126 137 100
126 137 100
126 137 100
125 137 100
125 137 100
125 137 100
125 137 100
125 137 100
125 137 100
125 137 100
125 137 100
125 137 100
125 137 100
125 137 100
125 137 100
125 137 100
125 137 100
125 137 100
125 137 100
125 137 100
125 137 100
124 137 100
124 137 100
124 137 100
124 137 100
124 137 100
124 137 100
124 137 100
124 137 100
124 137 100
124 137 100
124 137 100
124 137 100
124 137 100
124 137 100
124 137 100
124 137 100
124 137 100
124 137 100
124 137 100
124 137 100
124 137 100
123 137 100
123 137 100
123 137 100
123 137 100
123 137 100
123 137 100
123 137 100
123 137 100
123 137 100
123 137 100
123 137 100
123 137 100
123 137 100
123 137 100
123 137 100
123 137 100
123 137 100
123 137 100
123 137 100
123 137 100
123 137 100
123 137 100
123 137 100
123 137 100
122 137 100
122 137 100
122 137 100
122 137 100
122 137 100
122 137 100
122 137 100
122 137 100
122 137 100
122 137 100
122 137 100
122 137 100
122 137 100
122 137 100
122 137 100
122 137 100
122 137 100
122 137 100
122 137 100
122 137 100
122 137 100
122 137 100
122 137 100
122 137 100
122 137 100
122 137 100
122 137 100
121 137 100
121 137 100
121 137 100
121 137 100
121 137 100
121 137 100
121 137 100
121 137 100
121 137 100
121 137 100
121 137 100
121 137 100
121 137 100
121 137 100
121 137 100
121 137 100
121 137 100
121 137 100
121 137 100
121 137 100
121 137 100
121 137 100
121 137 100
121 137 100
121 137 100
121 137 100
121 137 100
121 137 100
121 137 100
121 137 100
120 137 100
120 137 100
120 137 100
120 137 100
120 137 100
120 137 100
120 137 100
120 137 100
120 137 100
120 137 100
120 137 100
120 137 100
120 137 100
120 137 100
120 137 100
120 137 100
120 137 100
120 137 100
120 137 100
120 137 100
120 137 100
120 137 100
120 137 100
120 137 100
120 137 100
120 137 100
120 137 100
120 137 100
120 137 100
120 137 100
120 137 100
120 137 100
119 137 100
119 137 100
119 137 100
119 137 100
119 137 100
119 137 100
119 137 100
119 137 100
119 137 100
119 137 100
119 137 100
119 137 100
119 137 100
119 137 100
119 137 100
119 137 100
119 137 100
119 137 100
119 137 100
119 137 100
119 137 100
119 137 100
119 137 100
119 137 100
119 137 100
119 137 100
119 137 100
119 137 100
119 137 100
119 137 100
119 137 100
119 137 100
119 137 100
119 137 100
118 137 100
118 137 100
118 137 100
118 137 100
118 137 100
118 137 100
118 137 100
118 137 100
118 137 100
118 137 100
118 137 100
118 137 100
118 137 100
118 137 100
118 137 100
118 137 100
118 137 100
118 137 100
118 137 100
118 137 100
118 137 100
118 137 100
118 137 100
118 137 100
118 137 100
118 137 100
118 137 100
118 137 100
118 137 100
118 137 100
118 137 100
118 137 100
118 137 100
118 137 100
118 137 100
118 137 100
117 137 100
117 137 100
117 137 100
117 137 100
117 137 100
117 137 100
117 137 100
117 137 100
117 137 100
117 137 100
117 137 100
117 137 100
117 137 100
117 137 100
117 137 100
117 137 100
117 137 100
117 137 100
117 137 100
117 137 100
117 137 100
117 137 100
117 137 100
117 137 100
117 137 100
117 137 100
117 137 100
117 137 100
117 137 100
117 137 100
117 137 100
117 137 100
117 137 100
117 137 100
117 137 100
117 137 100
117 137 100
116 137 100
116 137 100
116 137 100
116 137 100
116 137 100
116 137 100
116 137 100
116 137 100
116 137 100
116 137 100
116 137 100
116 137 100
116 137 100
116 137 100
116 137 100
116 137 100
116 137 100
116 137 100
116 137 100
116 137 100
116 137 100
116 137 100
116 137 100
116 137 100
116 137 100
116 137 100
116 137 100
116 137 100
116 137 100
116 137 100
116 137 100
116 137 100
116 137 100
116 137 100
116 137 100
116 137 100
116 137 100
116 137 100
115 137 100
115 137 100
115 137 100
115 137 100
115 137 100
115 137 100
115 137 100
115 137 100
115 137 100
115 137 100
115 137 100
115 137 100
115 137 100
115 137 100
115 137 100
115 137 100
115 137 100
115 137 100
115 137 100
115 137 100
115 137 100
115 137 100
115 137 100
115 137 100
115 137 100
115 137 100
115 137 100
115 137 100
115 137 100
115 137 100
115 137 100
115 137 100
115 137 100
115 137 100
115 137 100
115 137 100
115 137 100
115 137 100
114 137 100
114 137 100
114 137 100
114 137 100
114 137 100
114 137 100
114 137 100
114 137 100
114 137 100
114 137 100
114 137 100
114 137 100
114 137 100
114 137 100
114 137 100
114 137 100
114 137 100
114 137 100
114 137 100
114 137 100
114 137 100
114 137 100
114 137 100
114 137 100
114 137 100
114 137 100
114 137 100
114 137 100
114 137 100
114 137 100
114 137 100
114 137 100
114 137 100
114 137 100
114 137 100
114 137 100
114 137 100
114 137 100
113 137 100
113 137 100
113 137 100
113 137 100
113 137 100
113 137 100
113 137 100
113 137 100
113 137 100
113 137 100
113 137 100
113 137 100
113 137 100
113 137 100
113 137 100
113 137 100
113 137 100
113 137 100
113 137 100
113 137 100
113 137 100
113 137 100
113 137 100
113 137 100
113 137 100
113 137 100
113 137 100
113 137 100
113 137 100
113 137 100
113 137 100
113 137 100
113 137 100
113 137 100
113 137 100
113 137 100
113 137 100
113 137 100
112 137 100
112 137 100
112 137 100
112 137 100
112 137 100
112 137 100
112 137 100
112 137 100
112 137 100
112 137 100
112 137 100
112 137 100
112 137 100
112 137 100
112 137 100
112 137 100
112 137 100
112 137 100
112 137 100
112 137 100
112 137 100
112 137 100
112 137 100
112 137 100
112 137 100
112 137 100
112 137 100
112 137 100
112 137 100
112 137 100
112 137 100
112 137 100
112 137 100
112 137 100
112 137 100
112 137 100
112 137 100
112 137 100
111 137 100
111 137 100
111 137 100
111 137 100
111 137 100
111 137 100
111 137 100
111 137 100
111 137 100
111 137 100
111 137 100
111 137 100
111 137 100
111 137 100
111 137 100
111 137 100
111 137 100
111 137 100
111 137 100
111 137 100
111 137 100
111 137 100
111 137 100
111 137 100
111 137 100
111 137 100
111 137 100
111 137 100
111 137 100
111 137 100
111 137 100
111 137 100
111 137 100
111 137 100
111 137 100
111 137 100
111 137 100
111 137 100
110 137 100
110 137 100
110 137 100
110 137 100
110 137 100
110 137 100
110 137 100
110 137 100
110 137 100
110 137 100
110 137 100
110 137 100
110 137 100
110 137 100
110 137 100
110 137 100
110 137 100
110 137 100
110 137 100
110 137 100
110 137 100
110 137 100
110 137 100
110 137 100
110 137 100
110 137 100
110 137 100
110 137 100
110 137 100
110 137 100
110 137 100
110 137 100
110 137 100
110 137 100
110 137 100
110 137 100
110 137 100
109 137 100
109 137 100
109 137 100
109 137 100
109 137 100
109 137 100
109 137 100
109 137 100
109 137 100
109 137 100
109 137 100
109 137 100
109 137 100
109 137 100
109 137 100
109 137 100
109 137 100
109 137 100
109 137 100
109 137 100
109 137 100
109 137 100
109 137 100
109 137 100
109 137 100
109 137 100
109 137 100
109 137 100
109 137 100
109 137 100
109 137 100
109 137 100
109 137 100
109 137 100
109 137 100
109 137 100
109 137 100
108 137 100
108 137 100
108 137 100
108 137 100
108 137 100
108 137 100
108 137 100
108 137 100
108 137 100
108 137 100
108 137 100
108 137 100
108 137 100
108 137 100
108 137 100
108 137 100
108 137 100
108 137 100
108 137 100
108 137 100
108 137 100
108 137 100
108 137 100
108 137 100
108 137 100
108 137 100
108 137 100
108 137 100
108 137 100
108 137 100
108 137 100
108 137 100
108 137 100
108 137 100
108 137 100
108 137 100
107 137 100
107 137 100
107 137 100
107 137 100
107 137 100
107 137 100
107 137 100
107 137 100
107 137 100
107 137 100
107 137 100
107 137 100
107 137 100
107 137 100
107 137 100
107 137 100
107 137 100
107 137 100
107 137 100
107 137 100
107 137 100
107 137 100
107 137 100
107 137 100
107 137 100
107 137 100
107 137 100
107 137 100
107 137 100
107 137 100
107 137 100
107 137 100
107 137 100
107 137 100
107 137 100
107 137 100
106 137 100
106 137 100
106 137 100
106 137 100
106 137 100
106 137 100
106 137 100
106 137 100
106 137 100
106 137 100
106 137 100
106 137 100
106 137 100
106 137 100
106 137 100
106 137 100
106 137 100
106 137 100
106 137 100
106 137 100
106 137 100
106 137 100
106 137 100
106 137 100
106 137 100
106 137 100
106 137 100
106 137 100
106 137 100
106 137 100
106 137 100
106 137 100
106 137 100
106 137 100
106 137 100
105 137 100
105 137 100
105 137 100
105 137 100
105 137 100
105 137 100
105 137 100
105 137 100
105 137 100
105 137 100
105 137 100
105 137 100
105 137 100
105 137 100
105 137 100
105 137 100
105 137 100
105 137 100
105 137 100
105 137 100
105 137 100
105 137 100
105 137 100
105 137 100
105 137 100
105 137 100
105 137 100
105 137 100
105 137 100
105 137 100
105 137 100
105 137 100
105 137 100
105 137 100
105 137 100
104 137 100
104 137 100
104 137 100
104 137 100
104 137 100
104 137 100
104 137 100
104 137 100
104 137 100
104 137 100
104 137 100
104 137 100
104 137 100
104 137 100
104 137 100
104 137 100
104 137 100
104 137 100
104 137 100
104 137 100
104 137 100
104 137 100
104 137 100
104 137 100
104 137 100
104 137 100
104 137 100
104 137 100
104 137 100
104 137 100
104 137 100
104 137 100
104 137 100
104 137 100
104 137 100
103 137 100
103 137 100
103 137 100
103 137 100
103 137 100
103 137 100
103 137 100
103 137 100
103 137 100
103 137 100
103 137 100
103 137 100
103 137 100
103 137 100
103 137 100
103 137 100
103 137 100
103 137 100
103 137 100
103 137 100
103 137 100
103 137 100
103 137 100
103 137 100
103 137 100
103 137 100
103 137 100
103 137 100
103 137 100
103 137 100
103 137 100
103 137 100
103 137 100
103 137 100
102 137 100
102 137 100
102 137 100
102 137 100
102 137 100
102 137 100
102 137 100
102 137 100
102 137 100
102 137 100
102 137 100
102 137 100
102 137 100
102 137 100
102 137 100
102 137 100
102 137 100
102 137 100
102 137 100
102 137 100
102 137 100
102 137 100
102 137 100
102 137 100
102 137 100
102 137 100
102 137 100
102 137 100
102 137 100
102 137 100
102 137 100
102 137 100
102 137 100
102 137 100
101 137 100
101 137 100
101 137 100
101 137 100
101 137 100
101 137 100
101 137 100
101 137 100
101 137 100
101 137 100
101 137 100
101 137 100
101 137 100
101 137 100
101 137 100
101 137 100
101 137 100
101 137 100
101 137 100
101 137 100
101 137 100
101 137 100
101 137 100
101 137 100
101 137 100
101 137 100
101 137 100
101 137 100
101 137 100
101 137 100
101 137 100
101 137 100
101 137 100
101 137 100
100 137 100
100 137 100
100 137 100
100 137 100
100 137 100
100 137 100
100 137 100
100 137 100
100 137 100
100 137 100
100 137 100
100 137 100
100 137 100
100 137 100
100 137 100
100 137 100
100 137 100
100 137 100
100 137 100
100 137 100
100 137 100
100 137 100
100 137 100
100 137 100
100 137 100
100 137 100
100 137 100
100 137 100
100 137 100
100 137 100
100 137 100
100 137 100
100 137 100
100 137 100
99 137 100
99 137 100
99 137 100
99 137 100
99 137 100
99 137 100
99 137 100
99 137 100
99 137 100
99 137 100
99 137 100
99 137 100
99 137 100
99 137 100
99 137 100
99 137 100
99 137 100
99 137 100
99 137 100
99 137 100
99 137 100
99 137 100
99 137 100
99 137 100
99 137 100
99 137 100
99 137 100
99 137 100
99 137 100
99 137 100
99 137 100
99 137 100
99 137 100
99 137 100
98 137 100
98 137 100
98 137 100
98 137 100
98 137 100
98 137 100
98 137 100
98 137 100
98 137 100
98 137 100
98 137 100
98 137 100
98 137 100
98 137 100
98 137 100
98 137 100
98 137 100
98 137 100
98 137 100
98 137 100
98 137 100
98 137 100
98 137 100
98 137 100
98 137 100
98 137 100
98 137 100
98 137 100
98 137 100
98 137 100
98 137 100
98 137 100
98 137 100
97 137 100
97 137 100
97 137 100
97 137 100
97 137 100
97 137 100
97 137 100
97 137 100
97 137 100
97 137 100
97 137 100
97 137 100
97 137 100
97 137 100
97 137 100
97 137 100
97 137 100
97 137 100
97 137 100
97 137 100
97 137 100
97 137 100
97 137 100
97 137 100
97 137 100
97 137 100
97 137 100
97 137 100
97 137 100
97 137 100
97 137 100
97 137 100
96 137 100
96 137 100
96 137 100
96 137 100
96 137 100
96 137 100
96 137 100
96 137 100
96 137 100
96 137 100
96 137 100
96 137 100
96 137 100
96 137 100
96 137 100
96 137 100
96 137 100
96 137 100
96 137 100
96 137 100
96 137 100
96 137 100
96 137 100
96 137 100
96 137 100
96 137 100
96 137 100
96 137 100
96 137 100
96 137 100
96 137 100
95 137 100
95 137 100
95 137 100
95 137 100
95 137 100
95 137 100
95 137 100
95 137 100
95 137 100
95 137 100
95 137 100
95 137 100
95 137 100
95 137 100
95 137 100
95 137 100
95 137 100
95 137 100
95 137 100
95 137 100
95 137 100
95 137 100
95 137 100
95 137 100
95 137 100
95 137 100
95 137 100
95 137 100
95 137 100
95 137 100
94 137 100
94 137 100
94 137 100
94 137 100
94 137 100
94 137 100
94 137 100
94 137 100
94 137 100
94 137 100
94 137 100
94 137 100
94 137 100
94 137 100
94 137 100
94 137 100
94 137 100
94 137 100
94 137 100
94 137 100
94 137 100
94 137 100
94 137 100
94 137 100
94 137 100
94 137 100
94 137 100
94 137 100
93 137 100
93 137 100
93 137 100
93 137 100
93 137 100
93 137 100
93 137 100
93 137 100
93 137 100
93 137 100
93 137 100
93 137 100
93 137 100
93 137 100
93 137 100
93 137 100
93 137 100
93 137 100
93 137 100
93 137 100
93 137 100
93 137 100
93 137 100
93 137 100
93 137 100
92 137 100
92 137 100
92 137 100
92 137 100
92 137 100
92 137 100
92 137 100
92 137 100
92 137 100
92 137 100
92 137 100
92 137 100
92 137 100
92 137 100
92 137 100
92 137 100
92 137 100
92 137 100
92 137 100
92 137 100
92 137 100
92 137 100
92 137 100
91 137 100
91 137 100
91 137 100
91 137 100
91 137 100
91 137 100
91 137 100
91 137 100
91 137 100
91 137 100
91 137 100
91 137 100
91 137 100
91 137 100
91 137 100
91 137 100
91 137 100
91 137 100
91 137 100
91 137 100
90 137 100
90 137 100
90 137 100
90 137 100
90 137 100
90 137 100
90 137 100
90 137 100
90 137 100
90 137 100
90 137 100
90 137 100
90 137 100
90 137 100
90 137 100
90 137 100
90 137 100
90 137 100
89 137 100
89 137 100
89 137 100
89 137 100
89 137 100
89 137 100
89 137 100
89 137 100
89 137 100
89 137 100
89 137 100
89 137 100
89 137 100
89 137 100
89 137 100
89 137 100
88 137 100
88 137 100
88 137 100
88 137 100
88 137 100
88 137 100
88 137 100
88 137 100
88 137 100
88 137 100
88 137 100
88 137 100
88 137 100
88 137 100
87 137 100
87 137 100
87 137 100
87 137 100
87 137 100
87 137 100
87 137 100
87 137 100
87 137 100
87 137 100
87 137 100
87 137 100
86 137 100
86 137 100
86 137 100
86 137 100
86 137 100
86 137 100
86 137 100
86 137 100
86 137 100
86 137 100
86 137 100
85 137 100
85 137 100
85 137 100
85 137 100
85 137 100
85 137 100
85 137 100
85 137 100
85 137 100
85 137 100
84 137 100
84 137 100
84 137 100
84 137 100
84 137 100
84 137 100
84 137 100
84 137 100
84 137 100
83 137 100
83 137 100
83 137 100
83 137 100
83 137 100
83 137 100
83 137 100
83 137 100
82 137 100
82 137 100
82 137 100
82 137 100
82 137 100
82 137 100
82 137 100
82 137 100
81 137 100
81 137 100
81 137 100
81 137 100
81 137 100
81 137 100
81 137 100
80 137 100
80 137 100
80 137 100
80 137 100
80 137 100
80 137 100
79 137 100
79 137 100
79 137 100
79 137 100
79 137 100
79 137 100
78 137 100
78 137 100
78 137 100
78 137 100
78 137 100
77 137 100
77 137 100
77 137 100
77 137 100
77 137 100
76 137 100
76 137 100
76 137 100
76 137 100
75 137 100
75 137 100
75 137 100
75 137 100
74 137 100
74 137 100
74 137 100
73 137 100
73 137 100
73 137 100
72 137 100
72 137 100
71 137 100
71 137 100
70 137 100
70 137 100
69 137 100
69 137 100
68 137 100
68 137 100
67 137 100
67 137 100
66 137 100
66 137 100
65 137 100
65 137 100
64 137 100
64 137 100
63 137 100
63 137 100
62 137 100
62 137 100
61 137 100
61 137 100
61 137 100
60 137 100
60 137 100
60 137 100
59 137 100
59 137 100
59 137 100
59 137 100
58 137 100
58 137 100
58 137 100
58 137 100
58 137 100
57 137 100
57 137 100
57 137 100
57 137 100
57 137 100
56 137 100
56 137 100
56 137 100
56 137 100
56 137 100
56 137 100
55 137 100
55 137 100
55 137 100
55 137 100
55 137 100
55 137 100
55 137 100
54 137 100
54 137 100
54 137 100
54 137 100
54 137 100
54 137 100
54 137 100
54 137 100
53 137 100
53 137 100
53 137 100
53 137 100
53 137 100
53 137 100
53 137 100
53 137 100
53 137 100
52 137 100
52 137 100
52 137 100
52 137 100
52 137 100
52 137 100
52 137 100
52 137 100
52 137 100
52 137 100
51 137 100
51 137 100
51 137 100
51 137 100
51 137 100
51 137 100
51 137 100
51 137 100
51 137 100
51 137 100
51 137 100
50 137 100
50 137 100
50 137 100
50 137 100
50 137 100
50 137 100
50 137 100
50 137 100
50 137 100
50 137 100
50 137 100
50 137 100
49 137 100
49 137 100
49 137 100
49 137 100
49 137 100
49 137 100
49 137 100
49 137 100
49 137 100
49 137 100
49 137 100
49 137 100
48 137 100
48 137 100
48 137 100
48 137 100
48 137 100
48 137 100
48 137 100
48 137 100
48 137 100
48 137 100
48 137 100
48 137 100
48 137 100
47 137 100
47 137 100
47 137 100
47 137 100
47 137 100
47 137 100
47 137 100
47 137 100
47 137 100
47 137 100
47 137 100
47 137 100
47 137 100
46 137 100
46 137 100
46 137 100
46 137 100
46 137 100
46 137 100
46 137 100
46 137 100
46 137 100
46 137 100
46 137 100
46 137 100
46 137 100
45 137 100
45 137 100
45 137 100
45 137 100
45 137 100
45 137 100
45 137 100
45 137 100
45 137 100
45 137 100
45 137 100
45 137 100
45 137 100
44 137 100
44 137 100
44 137 100
44 137 100
44 137 100
44 137 100
44 137 100
44 137 100
44 137 100
44 137 100
44 137 100
44 137 100
44 137 100
43 137 100
43 137 100
43 137 100
43 137 100
43 137 100
43 137 100
43 137 100
43 137 100
43 137 100
43 137 100
43 137 100
43 137 100
43 137 100
42 137 100
42 137 100
42 137 100
42 137 100
42 137 100
42 137 100
42 137 100
42 137 100
42 137 100
42 137 100
42 137 100
42 137 100
42 137 100
42 137 100
41 137 100
41 137 100
41 137 100
41 137 100
41 137 100
41 137 100
41 137 100
41 137 100
41 137 100
41 137 100
41 137 100
41 137 100
41 137 100
41 137 100
40 137 100
40 137 100
40 137 100
40 137 100
40 137 100
40 137 100
40 137 100
40 137 100
40 137 100
40 137 100
40 137 100
40 137 100
40 137 100
40 137 100
40 136 100
40 136 100
40 136 100
40 136 100
40 136 100
40 136 100
40 136 100
40 136 100
40 136 100
40 136 100
40 136 100
40 136 100
40 136 100
40 135 100
40 135 100
40 135 100
40 135 100
40 135 100
40 135 100
40 135 100
40 135 100
40 135 100
40 135 100
40 135 100
40 134 100
40 134 100
40 134 100
40 134 100
40 134 100
40 134 100
40 134 100
40 134 100
40 134 100
40 134 100
40 133 100
40 133 100
40 133 100
40 133 100
40 133 100
40 133 100
40 133 100
40 133 100
40 132 100
40 132 100
40 132 100
40 132 100
40 132 100
40 132 100
40 132 100
40 131 100
40 131 100
40 131 100
40 131 100
40 131 100
40 131 100
40 130 100
40 130 100
40 130 100
40 130 100
40 130 100
40 130 100
40 129 100
40 129 100
40 129 100
40 129 100
40 129 100
40 128 100
40 128 100
40 128 100
40 128 100
40 128 100
40 127 100
40 127 100
40 127 100
40 127 100
40 126 100
40 126 100
40 126 100
40 126 100
40 125 100
40 125 100
40 125 100
40 125 100
40 124 100
40 124 100
40 124 100
40 123 100
40 123 100
40 123 100
40 122 100
40 122 100
40 122 100
40 121 100
40 121 100
40 120 100
40 120 100
40 119 100
40 119 100
40 118 100
40 117 100
40 116 100
40 115 100
40 114 100
40 113 100
40 112 100
40 111 100
40 110 100
40 109 100
40 108 100
40 107 100
40 106 100
40 105 100
40 104 100
40 103 100
40 102 100
40 101 100
40 100 100
40 99 100
40 98 100
40 97 100
40 96 100
40 95 100
40 94 100
40 93 100
40 92 100
40 91 100
40 90 100
40 89 100
40 88 100
40 87 100
40 86 100
40 85 100
40 84 100
40 83 100
40 82 100
40 81 100
40 80 100
40 79 100
40 78 100
40 77 100
40 76 100
40 75 100
40 74 100
40 73 100
40 72 100
40 71 100
40 70 100
40 69 100
40 68 100
40 67 100
40 66 100
40 66 100
40 65 100
40 65 100
40 64 100
40 64 100
40 63 100
40 63 100
40 62 100
40 62 100
40 61 100
40 61 100
40 60 100
40 60 100
40 59 100
40 59 100
40 58 100
40 58 100
40 57 100
40 57 100
40 56 100
40 56 100
40 55 100
40 55 100
40 54 100
40 54 100
40 53 100
40 53 100
40 52 100
40 52 100
40 51 100
40 51 100
40 50 100
40 50 100
40 49 100
40 48 100
40 47 100
40 46 100
40 45 100
40 44 100
40 43 100
40 42 100
40 41 100
40 40 100
40 39 100
40 38 100
# move from (53,195) to (40,38)
53 195 100
52 195 100
51 195 100
50 195 100
49 195 100
48 195 100
47 195 100
46 195 100
45 195 100
44 195 100
43 195 100
42 195 100
41 195 100
40 195 100
40 194 100
40 193 100
40 192 100
40 191 100
40 190 100
40 189 100
40 188 100
40 187 100
40 186 100
40 185 100
40 184 100
40 184 100
40 183 100
40 183 100
40 182 100
40 182 100
40 182 100
40 181 100
40 181 100
40 181 100
40 180 100
40 180 100
40 180 100
40 180 100
40 179 100
40 179 100
40 179 100
40 179 100
40 179 100
40 178 100
40 178 100
40 178 100
40 178 100
40 178 100
40 178 100
40 177 100
40 177 100
40 177 100
40 177 100
40 177 100
40 177 100
40 177 100
40 176 100
40 176 100
40 176 100
40 176 100
40 176 100
40 176 100
40 176 100
40 176 100
40 175 100
40 175 100
40 175 100
40 175 100
40 175 100
40 175 100
40 175 100
40 175 100
40 175 100
40 174 100
40 174 100
40 174 100
40 174 100
40 174 100
40 174 100
40 174 100
40 174 100
40 174 100
40 173 100
40 173 100
40 173 100
40 173 100
40 173 100
40 173 100
40 173 100
40 173 100
40 173 100
40 173 100
40 172 100
40 172 100
40 172 100
40 172 100
40 172 100
40 172 100
40 172 100
40 172 100
40 172 100
40 172 100
40 172 100
40 171 100
40 171 100
40 171 100
40 171 100
40 171 100
40 171 100
40 171 100
40 171 100
40 171 100
40 171 100
40 171 100
40 171 100
40 170 100
40 170 100
40 170 100
40 170 100
40 170 100
40 170 100
40 170 100
40 170 100
40 170 100
40 170 100
40 170 100
40 170 100
40 170 100
40 170 100
40 169 100
40 169 100
40 169 100
40 169 100
40 169 100
40 169 100
40 169 100
40 169 100
40 169 100
40 169 100
40 169 100
40 169 100
40 169 100
40 169 100
40 169 100
40 168 100
40 168 100
40 168 100
40 168 100
40 168 100
40 168 100
40 168 100
40 168 100
40 168 100
40 168 100
40 168 100
40 168 100
40 168 100
40 168 100
40 168 100
40 168 100
40 167 100
40 167 100
40 167 100
40 167 100
40 167 100
40 167 100
40 167 100
40 167 100
40 167 100
40 167 100
40 167 100
40 167 100
40 167 100
40 167 100
40 167 100
40 167 100
40 167 100
40 167 100
40 166 100
40 166 100
40 166 100
40 166 100
40 166 100
40 166 100
40 166 100
40 166 100
40 166 100
40 166 100
40 166 100
40 166 100
40 166 100
40 166 100
40 166 100
40 166 100
40 166 100
40 166 100
40 166 100
40 166 100
40 165 100
40 165 100
40 165 100
40 165 100
40 165 100
40 165 100
40 165 100
40 165 100
40 165 100
40 165 100
40 165 100
40 165 100
40 165 100
40 165 100
40 165 100
40 165 100
40 165 100
40 165 100
40 165 100
40 165 100
40 165 100
40 165 100
40 164 100
40 164 100
40 164 100
40 164 100
40 164 100
40 164 100
40 164 100
40 164 100
40 164 100
40 164 100
40 164 100
40 164 100
40 164 100
40 164 100
40 164 100
40 164 100
40 164 100
40 164 100
40 164 100
40 164 100
40 164 100
40 164 100
40 164 100
40 164 100
40 163 100
40 163 100
40 163 100
40 163 100
40 163 100
40 163 100
40 163 100
40 163 100
40 163 100
40 163 100
40 163 100
40 163 100
40 163 100
40 163 100
40 163 100
40 163 100
40 163 100
40 163 100
40 163 100
40 163 100
40 163 100
40 163 100
40 163 100
40 163 100
40 163 100
40 163 100
40 162 100
40 162 100
40 162 100
40 162 100
40 162 100
40 162 100
40 162 100
40 162 100
40 162 100
40 162 100
40 162 100
40 162 100
40 162 100
40 162 100
40 162 100
40 162 100
40 162 100
40 162 100
40 162 100
40 162 100
40 162 100
40 162 100
40 162 100
40 162 100
40 162 100
40 162 100
40 162 100
40 162 100
40 162 100
40 161 100
40 161 100
40 161 100
40 161 100
40 161 100
40 161 100
40 161 100
40 161 100
40 161 100
40 161 100
40 161 100
40 161 100
40 161 100
40 161 100
40 161 100
40 161 100
40 161 100
40 161 100
40 161 100
40 161 100
40 161 100
40 161 100
40 161 100
40 161 100
40 161 100
40 161 100
40 161 100
40 161 100
40 161 100
40 161 100
40 161 100
40 160 100
40 160 100
40 160 100
40 160 100
40 160 100
40 160 100
40 160 100
40 160 100
40 160 100
40 160 100
40 160 100
40 160 100
40 160 100
40 160 100
40 160 100
40 160 100
40 160 100
40 160 100
40 160 100
40 160 100
40 160 100
40 160 100
40 160 100
40 160 100
40 160 100
40 160 100
40 160 100
40 160 100
40 160 100
40 160 100
40 160 100
40 160 100
40 160 100
40 159 100
40 159 100
40 159 100
40 159 100
40 159 100
40 159 100
40 159 100
40 159 100
40 159 100
40 159 100
40 159 100
40 159 100
40 159 100
40 159 100
40 159 100
40 159 100
40 159 100
40 159 100
40 159 100
40 159 100
40 159 100
40 159 100
40 159 100
40 159 100
40 159 100
40 159 100
40 159 100
40 159 100
40 159 100
40 159 100
40 159 100
40 159 100
40 159 100
40 159 100
40 158 100
40 158 100
40 158 100
40 158 100
40 158 100
40 158 100
40 158 100
40 158 100
40 158 100
40 158 100
40 158 100
40 158 100
40 158 100
40 158 100
40 158 100
40 158 100
40 158 100
40 158 100
40 158 100
40 158 100
40 158 100
40 158 100
40 158 100
40 158 100
40 158 100
40 158 100
40 158 100
40 158 100
40 158 100
40 158 100
40 158 100
40 158 100
40 158 100
40 158 100
40 158 100
40 158 100
40 157 100
40 157 100
40 157 100
40 157 100
40 157 100
40 157 100
40 157 100
40 157 100
40 157 100
40 157 100
40 157 100
40 157 100
40 157 100
40 157 100
40 157 100
40 157 100
40 157 100
40 157 100
40 157 100
40 157 100
40 157 100
40 157 100
40 157 100
40 157 100
40 157 100
40 157 100
40 157 100
40 157 100
40 157 100
40 157 100
40 157 100
40 157 100
40 157 100
40 157 100
40 157 100
40 157 100
40 156 100
40 156 100
40 156 100
40 156 100
40 156 100
40 156 100
40 156 100
40 156 100
40 156 100
40 156 100
40 156 100
40 156 100
40 156 100
40 156 100
40 156 100
40 156 100
40 156 100
40 156 100
40 156 100
40 156 100
40 156 100
40 156 100
40 156 100
40 156 100
40 156 100
40 156 100
40 156 100
40 156 100
40 156 100
40 156 100
40 156 100
40 156 100
40 156 100
40 156 100
40 156 100
40 156 100
40 156 100
40 155 100
40 155 100
40 155 100
40 155 100
40 155 100
40 155 100
40 155 100
40 155 100
40 155 100
40 155 100
40 155 100
40 155 100
40 155 100
40 155 100
40 155 100
40 155 100
40 155 100
40 155 100
40 155 100
40 155 100
40 155 100
40 155 100
40 155 100
40 155 100
40 155 100
40 155 100
40 155 100
40 155 100
40 155 100
40 155 100
40 155 100
40 155 100
40 155 100
40 155 100
40 155 100
40 155 100
40 155 100
40 154 100
40 154 100
40 154 100
40 154 100
40 154 100
40 154 100
40 154 100
40 154 100
40 154 100
40 154 100
40 154 100
40 154 100
40 154 100
40 154 100
40 154 100
40 154 100
40 154 100
40 154 100
40 154 100
40 154 100
40 154 100
40 154 100
40 154 100
40 154 100
40 154 100
40 154 100
40 154 100
40 154 100
40 154 100
40 154 100
40 154 100
40 154 100
40 154 100
40 154 100
40 154 100
40 154 100
40 153 100
40 153 100
40 153 100
40 153 100
40 153 100
40 153 100
40 153 100
40 153 100
40 153 100
40 153 100
40 153 100
40 153 100
40 153 100
40 153 100
40 153 100
40 153 100
40 153 100
40 153 100
40 153 100
40 153 100
40 153 100
40 153 100
40 153 100
40 153 100
40 153 100
40 153 100
40 153 100
40 153 100
40 153 100
40 153 100
40 153 100
40 153 100
40 153 100
40 153 100
40 153 100
40 152 100
40 152 100
40 152 100
40 152 100
40 152 100
40 152 100
40 152 100
40 152 100
40 152 100
40 152 100
40 152 100
40 152 100
40 152 100
40 152 100
40 152 100
40 152 100
40 152 100
40 152 100
40 152 100
40 152 100
40 152 100
40 152 100
40 152 100
40 152 100
40 152 100
40 152 100
40 152 100
40 152 100
40 152 100
40 152 100
40 152 100
40 152 100
40 152 100
40 152 100
40 151 100
40 151 100
40 151 100
40 151 100
40 151 100
40 151 100
40 151 100
40 151 100
40 151 100
40 151 100
40 151 100
40 151 100
40 151 100
40 151 100
40 151 100
40 151 100
40 151 100
40 151 100
40 151 100
40 151 100
40 151 100
40 151 100
40 151 100
40 151 100
40 151 100
40 151 100
40 151 100
40 151 100
40 151 100
40 151 100
40 151 100
40 151 100
40 150 100
40 150 100
40 150 100
40 150 100
40 150 100
40 150 100
40 150 100
40 150 100
40 150 100
40 150 100
40 150 100
40 150 100
40 150 100
40 150 100
40 150 100
40 150 100
40 150 100
40 150 100
40 150 100
40 150 100
40 150 100
40 150 100
40 150 100
40 150 100
40 150 100
40 150 100
40 150 100
40 150 100
40 150 100
40 150 100
40 150 100
40 149 100
40 149 100
40 149 100
40 149 100
40 149 100
40 149 100
40 149 100
40 149 100
40 149 100
40 149 100
40 149 100
40 149 100
40 149 100
40 149 100
40 149 100
40 149 100
40 149 100
40 149 100
40 149 100
40 149 100
40 149 100
40 149 100
40 149 100
40 149 100
40 149 100
40 149 100
40 149 100
40 149 100
40 149 100
40 148 100
40 148 100
40 148 100
40 148 100
40 148 100
40 148 100
40 148 100
40 148 100
40 148 100
40 148 100
40 148 100
40 148 100
40 148 100
40 148 100
40 148 100
40 148 100
40 148 100
40 148 100
40 148 100
40 148 100
40 148 100
40 148 100
40 148 100
40 148 100
40 148 100
40 148 100
40 148 100
40 148 100
40 147 100
40 147 100
40 147 100
40 147 100
40 147 100
40 147 100
40 147 100
40 147 100
40 147 100
40 147 100
40 147 100
40 147 100
40 147 100
40 147 100
40 147 100
40 147 100
40 147 100
40 147 100
40 147 100
40 147 100
40 147 100
40 147 100
40 147 100
40 147 100
40 147 100
40 147 100
40 147 100
40 146 100
40 146 100
40 146 100
40 146 100
40 146 100
40 146 100
40 146 100
40 146 100
40 146 100
40 146 100
40 146 100
40 146 100
40 146 100
40 146 100
40 146 100
40 146 100
40 146 100
40 146 100
40 146 100
40 146 100
40 146 100
40 146 100
40 146 100
40 146 100
40 146 100
40 145 100
40 145 100
40 145 100
40 145 100
40 145 100
40 145 100
40 145 100
40 145 100
40 145 100
40 145 100
40 145 100
40 145 100
40 145 100
40 145 100
40 145 100
40 145 100
40 145 100
40 145 100
40 145 100
40 145 100
40 145 100
40 145 100
40 145 100
40 145 100
40 144 100
40 144 100
40 144 100
40 144 100
40 144 100
40 144 100
40 144 100
40 144 100
40 144 100
40 144 100
40 144 100
40 144 100
40 144 100
40 144 100
40 144 100
40 144 100
40 144 100
40 144 100
40 144 100
40 144 100
40 144 100
40 144 100
40 144 100
40 143 100
40 143 100
40 143 100
40 143 100
40 143 100
40 143 100
40 143 100
40 143 100
40 143 100
40 143 100
40 143 100
40 143 100
40 143 100
40 143 100
40 143 100
40 143 100
40 143 100
40 143 100
40 143 100
40 143 100
40 143 100
40 143 100
40 142 100
40 142 100
40 142 100
40 142 100
40 142 100
40 142 100
40 142 100
40 142 100
40 142 100
40 142 100
40 142 100
40 142 100
40 142 100
40 142 100
40 142 100
40 142 100
40 142 100
40 142 100
40 142 100
40 142 100
40 142 100
40 141 100
40 141 100
40 141 100
40 141 100
40 141 100
40 141 100
40 141 100
40 141 100
40 141 100
40 141 100
40 141 100
40 141 100
40 141 100
40 141 100
40 141 100
40 141 100
40 141 100
40 141 100
40 141 100
40 141 100
40 140 100
40 140 100
40 140 100
40 140 100
40 140 100
40 140 100
40 140 100
40 140 100
40 140 100
40 140 100
40 140 100
40 140 100
40 140 100
40 140 100
40 140 100
40 140 100
40 140 100
40 140 100
40 140 100
40 139 100
40 139 100
40 139 100
40 139 100
40 139 100
40 139 100
40 139 100
40 139 100
40 139 100
40 139 100
40 139 100
40 139 100
40 139 100
40 139 100
40 139 100
40 139 100
40 139 100
40 138 100
40 138 100
40 138 100
40 138 100
40 138 100
40 138 100
40 138 100
40 138 100
40 138 100
40 138 100
40 138 100
40 138 100
40 138 100
40 138 100
40 138 100
40 138 100
# move from (3,127) to (40,38)
3 127 100
4 127 100
5 127 100
6 127 100
7 127 100
8 127 100
9 127 100
10 127 100
11 127 100
12 127 100
13 127 100
14 127 100
15 127 100
16 127 100
17 127 100
18 127 100
18 127 100
19 127 100
19 127 100
20 127 100
20 127 100
21 127 100
21 127 100
22 127 100
22 127 100
23 127 100
23 127 100
24 127 100
24 127 100
25 127 100
25 127 100
26 127 100
26 127 100
27 127 100
27 127 100
28 127 100
28 127 100
28 127 100
29 127 100
29 127 100
29 127 100
30 127 100
30 127 100
30 127 100
31 127 100
31 127 100
31 127 100
32 127 100
32 127 100
32 127 100
32 127 100
33 127 100
33 127 100
33 127 100
33 127 100
34 127 100
34 127 100
34 127 100
34 127 100
35 127 100
35 127 100
35 127 100
35 127 100
36 127 100
36 127 100
36 127 100
36 127 100
37 127 100
37 127 100
37 127 100
37 127 100
38 127 100
38 127 100
38 127 100
38 127 100
39 127 100
39 127 100
39 127 100
39 127 100
# move from (147,91) to (40,38)
147 91 100
146 91 100
145 91 100
144 91 100
143 91 100
142 91 100
141 91 100
140 91 100
139 91 100
138 91 100
137 91 100
136 91 100
135 91 100
134 91 100
133 91 100
132 91 100
131 91 100
130 91 100
130 91 100
129 91 100
129 91 100
128 91 100
128 91 100
128 91 100
127 91 100
127 91 100
127 91 100
126 91 100
126 91 100
126 91 100
126 91 100
125 91 100
125 91 100
125 91 100
125 91 100
125 91 100
124 91 100
124 91 100
124 91 100
124 91 100
124 91 100
124 91 100
123 91 100
123 91 100
123 91 100
123 91 100
123 91 100
123 91 100
123 91 100
122 91 100
122 91 100
122 91 100
122 91 100
122 91 100
122 91 100
122 91 100
122 91 100
121 91 100
121 91 100
121 91 100
121 91 100
121 91 100
121 91 100
121 91 100
121 91 100
121 91 100
120 91 100
120 91 100
120 91 100
120 91 100
120 91 100
120 91 100
120 91 100
120 91 100
120 91 100
120 91 100
120 91 100
119 91 100
119 91 100
119 91 100
119 91 100
119 91 100
119 91 100
119 91 100
119 91 100
119 91 100
119 91 100
119 91 100
119 91 100
118 91 100
118 91 100
118 91 100
118 91 100
118 91 100
118 91 100
118 91 100
118 91 100
118 91 100
118 91 100
118 91 100
118 91 100
118 91 100
117 91 100
117 91 100
117 91 100
117 91 100
117 91 100
117 91 100
117 91 100
117 91 100
117 91 100
117 91 100
117 91 100
117 91 100
117 91 100
117 91 100
116 91 100
116 91 100
116 91 100
116 91 100
116 91 100
116 91 100
116 91 100
116 91 100
116 91 100
116 91 100
116 91 100
116 91 100
116 91 100
116 91 100
116 91 100
115 91 100
115 91 100
115 91 100
115 91 100
115 91 100
115 91 100
115 91 100
115 91 100
115 91 100
115 91 100
115 91 100
115 91 100
115 91 100
115 91 100
115 91 100
115 91 100
114 91 100
114 91 100
114 91 100
114 91 100
114 91 100
114 91 100
114 91 100
114 91 100
114 91 100
114 91 100
114 91 100
114 91 100
114 91 100
114 91 100
114 91 100
114 91 100
113 91 100
113 91 100
113 91 100
113 91 100
113 91 100
113 91 100
113 91 100
113 91 100
113 91 100
113 91 100
113 91 100
113 91 100
113 91 100
113 91 100
113 91 100
113 91 100
113 91 100
112 91 100
112 91 100
112 91 100
112 91 100
112 91 100
112 91 100
112 91 100
112 91 100
112 91 100
112 91 100
112 91 100
112 91 100
112 91 100
112 91 100
112 91 100
112 91 100
112 91 100
112 91 100
111 91 100
111 91 100
111 91 100
111 91 100
111 91 100
111 91 100
111 91 100
111 91 100
111 91 100
111 91 100
111 91 100
111 91 100
111 91 100
111 91 100
111 91 100
111 91 100
111 91 100
111 91 100
110 91 100
110 91 100
110 91 100
110 91 100
110 91 100
110 91 100
110 91 100
110 91 100
110 91 100
110 91 100
110 91 100
110 91 100
110 91 100
110 91 100
110 91 100
110 91 100
110 91 100
110 91 100
110 91 100
109 91 100
109 91 100
109 91 100
109 91 100
109 91 100
109 91 100
109 91 100
109 91 100
109 91 100
109 91 100
109 91 100
109 91 100
109 91 100
109 91 100
109 91 100
109 91 100
109 91 100
109 91 100
109 91 100
108 91 100
108 91 100
108 91 100
108 91 100
108 91 100
108 91 100
108 91 100
108 91 100
108 91 100
108 91 100
108 91 100
108 91 100
108 91 100
108 91 100
108 91 100
108 91 100
108 91 100
108 91 100
108 91 100
108 91 100
107 91 100
107 91 100
107 91 100
107 91 100
107 91 100
107 91 100
107 91 100
107 91 100
107 91 100
107 91 100
107 91 100
107 91 100
107 91 100
107 91 100
107 91 100
107 91 100
107 91 100
107 91 100
107 91 100
107 91 100
106 91 100
106 91 100
106 91 100
106 91 100
106 91 100
106 91 100
106 91 100
106 91 100
106 91 100
106 91 100
106 91 100
106 91 100
106 91 100
106 91 100
106 91 100
106 91 100
106 91 100
106 91 100
106 91 100
106 91 100
106 91 100
105 91 100
105 91 100
105 91 100
105 91 100
105 91 100
105 91 100
105 91 100
105 91 100
105 91 100
105 91 100
105 91 100
105 91 100
105 91 100
105 91 100
105 91 100
105 91 100
105 91 100
105 91 100
105 91 100
105 91 100
105 91 100
104 91 100
104 91 100
104 91 100
104 91 100
104 91 100
104 91 100
104 91 100
104 91 100
104 91 100
104 91 100
104 91 100
104 91 100
104 91 100
104 91 100
104 91 100
104 91 100
104 91 100
104 91 100
104 91 100
104 91 100
104 91 100
104 91 100
103 91 100
103 91 100
103 91 100
103 91 100
103 91 100
103 91 100
103 91 100
103 91 100
103 91 100
103 91 100
103 91 100
103 91 100
103 91 100
103 91 100
103 91 100
103 91 100
103 91 100
103 91 100
103 91 100
103 91 100
103 91 100
103 91 100
102 91 100
102 91 100
102 91 100
102 91 100
102 91 100
102 91 100
102 91 100
102 91 100
102 91 100
102 91 100
102 91 100
102 91 100
102 91 100
102 91 100
102 91 100
102 91 100
102 91 100
102 91 100
102 91 100
102 91 100
102 91 100
102 91 100
101 91 100
101 91 100
101 91 100
101 91 100
101 91 100
101 91 100
101 91 100
101 91 100
101 91 100
101 91 100
101 91 100
101 91 100
101 91 100
101 91 100
101 91 100
101 91 100
101 91 100
101 91 100
101 91 100
101 91 100
101 91 100
101 91 100
100 91 100
100 91 100
100 91 100
100 91 100
100 91 100
100 91 100
100 91 100
100 91 100
100 91 100
100 91 100
100 91 100
100 91 100
100 91 100
100 91 100
100 91 100
100 91 100
100 91 100
100 91 100
100 91 100
100 91 100
100 91 100
100 91 100
99 91 100
99 91 100
99 91 100
99 91 100
99 91 100
99 91 100
99 91 100
99 91 100
99 91 100
99 91 100
99 91 100
99 91 100
99 91 100
99 91 100
99 91 100
99 91 100
99 91 100
99 91 100
99 91 100
99 91 100
99 91 100
98 91 100
98 91 100
98 91 100
98 91 100
98 91 100
98 91 100
98 91 100
98 91 100
98 91 100
98 91 100
98 91 100
98 91 100
98 91 100
98 91 100
98 91 100
98 91 100
98 91 100
98 91 100
98 91 100
98 91 100
97 91 100
97 91 100
97 91 100
97 91 100
97 91 100
97 91 100
97 91 100
97 91 100
97 91 100
97 91 100
97 91 100
97 91 100
97 91 100
97 91 100
97 91 100
97 91 100
97 91 100
97 91 100
97 91 100
96 91 100
96 91 100
96 91 100
96 91 100
96 91 100
96 91 100
96 91 100
96 91 100
96 91 100
96 91 100
96 91 100
96 91 100
96 91 100
96 91 100
96 91 100
96 91 100
96 91 100
95 91 100
95 91 100
95 91 100
95 91 100
95 91 100
95 91 100
95 91 100
95 91 100
95 91 100
95 91 100
95 91 100
95 91 100
95 91 100
95 91 100
95 91 100
94 91 100
94 91 100
94 91 100
94 91 100
94 91 100
94 91 100
94 91 100
94 91 100
94 91 100
94 91 100
94 91 100
94 91 100
94 91 100
93 91 100
93 91 100
93 91 100
93 91 100
93 91 100
93 91 100
93 91 100
93 91 100
93 91 100
93 91 100
93 91 100
92 91 100
92 91 100
92 91 100
92 91 100
92 91 100
92 91 100
92 91 100
92 91 100
92 91 100
91 91 100
91 91 100
91 91 100
91 91 100
91 91 100
91 91 100
91 91 100
91 91 100
90 91 100
90 91 100
90 91 100
90 91 100
90 91 100
90 91 100
89 91 100
89 91 100
89 91 100
89 91 100
89 91 100
88 91 100
88 91 100
88 91 100
88 91 100
87 91 100
87 91 100
87 91 100
87 91 100
86 91 100
86 91 100
86 91 100
85 91 100
85 91 100
85 91 100
84 91 100
84 91 100
83 91 100
83 91 100
82 91 100
82 91 100
81 91 100
81 91 100
80 91 100
80 91 100
79 91 100
78 91 100
77 91 100
76 91 100
75 91 100
74 91 100
73 91 100
72 91 100
71 91 100
70 91 100
69 91 100
68 91 100
67 91 100
66 91 100
65 91 100
64 91 100
63 91 100
62 91 100
61 91 100
60 91 100
59 91 100
58 91 100
57 91 100
56 91 100
55 91 100
54 91 100
53 91 100
52 91 100
51 91 100
50 91 100
49 91 100
48 91 100
47 91 100
46 91 100
45 91 100
44 91 100
43 91 100
42 91 100
41 91 100
