# move from (73,172) to (14,127)
73 172 100
72 172 100
71 172 100
70 172 100
69 172 100
68 172 100
67 172 100
66 172 100
65 172 100
64 172 100
63 172 100
62 172 100
61 172 100
60 172 100
59 172 100
58 172 100
57 172 100
56 172 100
55 172 100
54 172 100
53 172 100
52 172 100
51 172 100
50 172 100
49 172 100
48 172 100
47 172 100
46 172 100
45 172 100
45 172 100
44 172 100
44 172 100
43 172 100
43 172 100
42 172 100
42 172 100
41 172 100
41 172 100
41 172 100
40 172 100
40 172 100
40 172 100
39 172 100
39 172 100
39 172 100
39 172 100
38 172 100
38 172 100
38 172 100
38 172 100
37 172 100
37 172 100
37 172 100
37 172 100
36 172 100
36 172 100
36 172 100
36 172 100
35 172 100
35 172 100
35 172 100
35 172 100
35 172 100
34 172 100
34 172 100
34 172 100
34 172 100
33 172 100
33 172 100
33 172 100
33 172 100
32 172 100
32 172 100
32 172 100
32 172 100
31 172 100
31 172 100
31 172 100
30 172 100
30 172 100
30 172 100
29 172 100
29 172 100
29 172 100
28 172 100
28 172 100
28 172 100
27 172 100
27 172 100
26 172 100
26 172 100
25 172 100
25 172 100
24 172 100
24 172 100
23 172 100
23 172 100
22 172 100
22 172 100
21 172 100
21 172 100
20 172 100
20 172 100
19 172 100
19 172 100
18 172 100
18 172 100
17 172 100
17 172 100
16 172 100
16 172 100
15 172 100
15 172 100
14 172 100
14 172 100
14 171 100
14 171 100
14 170 100
14 170 100
14 169 100
14 169 100
14 168 100
14 168 100
14 167 100
14 166 100
14 165 100
14 164 100
14 163 100
14 162 100
14 161 100
14 160 100
14 159 100
14 158 100
14 157 100
14 156 100
14 155 100
14 154 100
14 153 100
14 152 100
14 151 100
14 150 100
14 149 100
14 148 100
14 147 100
14 146 100
14 145 100
14 144 100
14 143 100
14 142 100
14 141 100
14 140 100
14 139 100
14 138 100
14 137 100
14 136 100
14 135 100
14 134 100
14 133 100
14 132 100
14 131 100
14 130 100
14 129 100
14 128 100
14 127 100
# move from (147,8) to (14,127)
147 8 100
146 8 100
145 8 100
144 8 100
143 8 100
142 8 100
141 8 100
140 8 100
139 8 100
138 8 100
137 8 100
137 8 100
136 8 100
136 8 100
135 8 100
135 8 100
134 8 100
134 8 100
134 8 100
133 8 100
133 8 100
133 8 100
132 8 100
132 8 100
132 8 100
132 8 100
131 8 100
131 8 100
131 8 100
131 8 100
131 8 100
130 8 100
130 8 100
130 8 100
130 8 100
130 8 100
130 8 100
129 8 100
129 8 100
129 8 100
129 8 100
129 8 100
129 8 100
129 8 100
128 8 100
128 8 100
128 8 100
128 8 100
128 8 100
128 8 100
128 8 100
127 8 100
127 8 100
127 8 100
127 8 100
127 8 100
127 8 100
127 8 100
127 8 100
126 8 100
126 8 100
126 8 100
126 8 100
126 8 100
126 8 100
126 8 100
126 8 100
125 8 100
125 8 100
125 8 100
125 8 100
125 8 100
125 8 100
125 8 100
125 8 100
124 8 100
124 8 100
124 8 100
124 8 100
124 8 100
124 8 100
124 8 100
124 8 100
123 8 100
123 8 100
123 8 100
123 8 100
123 8 100
123 8 100
123 8 100
122 8 100
122 8 100
122 8 100
122 8 100
122 8 100
122 8 100
121 8 100
121 8 100
121 8 100
121 8 100
121 8 100
120 8 100
120 8 100
120 8 100
120 8 100
119 8 100
119 8 100
119 8 100
118 8 100
118 8 100
117 8 100
117 8 100
116 8 100
116 8 100
115 8 100
114 8 100
113 8 100
112 8 100
111 8 100
110 8 100
109 8 100
108 8 100
107 8 100
106 8 100
105 8 100
104 8 100
103 8 100
102 8 100
101 8 100
100 8 100
99 8 100
98 8 100
97 8 100
96 8 100
95 8 100
94 8 100
93 8 100
92 8 100
91 8 100
90 8 100
89 8 100
88 8 100
87 8 100
86 8 100
85 8 100
84 8 100
83 8 100
82 8 100
81 8 100
80 8 100
79 8 100
78 8 100
77 8 100
76 8 100
75 8 100
74 8 100
73 8 100
72 8 100
71 8 100
70 8 100
69 8 100
68 8 100
67 8 100
67 8 100
66 8 100
66 8 100
65 8 100
65 8 100
64 8 100
64 8 100
64 8 100
63 8 100
63 8 100
63 8 100
62 8 100
62 8 100
62 8 100
62 8 100
61 8 100
61 8 100
61 8 100
61 8 100
60 8 100
60 8 100
60 8 100
60 8 100
59 8 100
59 8 100
59 8 100
59 8 100
59 8 100
58 8 100
58 8 100
58 8 100
58 8 100
58 8 100
57 8 100
57 8 100
57 8 100
57 8 100
57 8 100
56 8 100
56 8 100
56 8 100
56 8 100
56 8 100
55 8 100
55 8 100
55 8 100
55 8 100
55 8 100
54 8 100
54 8 100
54 8 100
54 8 100
54 8 100
53 8 100
53 8 100
53 8 100
53 8 100
52 8 100
52 8 100
52 8 100
52 8 100
51 8 100
51 8 100
51 8 100
51 8 100
50 8 100
50 8 100
50 8 100
49 8 100
49 8 100
49 8 100
48 8 100
48 8 100
48 8 100
47 8 100
47 8 100
47 8 100
46 8 100
46 8 100
46 8 100
45 8 100
45 8 100
45 8 100
45 8 100
44 8 100
44 8 100
44 8 100
44 8 100
43 8 100
43 8 100
43 8 100
43 8 100
42 8 100
42 8 100
42 8 100
42 8 100
41 8 100
41 8 100
41 8 100
41 8 100
41 8 100
40 8 100
40 8 100
40 8 100
40 8 100
40 8 100
39 8 100
39 8 100
39 8 100
39 8 100
38 8 100
38 8 100
38 8 100
38 8 100
37 8 100
37 8 100
37 8 100
37 8 100
36 8 100
36 8 100
36 8 100
35 8 100
35 8 100
35 8 100
34 8 100
34 8 100
33 8 100
33 8 100
32 8 100
32 8 100
31 8 100
30 8 100
29 8 100
28 8 100
27 8 100
26 8 100
25 8 100
24 8 100
23 8 100
22 8 100
21 8 100
20 8 100
19 8 100
18 8 100
17 8 100
16 8 100
15 8 100
14 8 100
14 9 100
14 10 100
14 11 100
14 12 100
14 13 100
14 14 100
14 15 100
14 16 100
14 17 100
14 18 100
14 19 100
14 20 100
14 21 100
14 22 100
14 23 100
14 24 100
14 25 100
14 26 100
14 27 100
14 28 100
14 29 100
14 30 100
14 30 100
14 31 100
14 31 100
14 32 100
14 32 100
14 33 100
14 33 100
14 34 100
14 34 100
14 34 100
14 35 100
14 35 100
14 35 100
14 36 100
14 36 100
14 36 100
14 37 100
14 37 100
14 37 100
14 38 100
14 38 100
14 38 100
14 39 100
14 39 100
14 39 100
14 40 100
14 40 100
14 40 100
14 41 100
14 41 100
14 41 100
14 42 100
14 42 100
14 42 100
14 43 100
14 43 100
14 43 100
14 44 100
14 44 100
14 44 100
14 45 100
14 45 100
14 45 100
14 45 100
14 46 100
14 46 100
14 46 100
14 46 100
14 47 100
14 47 100
14 47 100
14 47 100
14 47 100
14 48 100
14 48 100
14 48 100
14 48 100
14 48 100
14 48 100
14 49 100
14 49 100
14 49 100
14 49 100
14 49 100
14 49 100
14 49 100
14 49 100
14 50 100
14 50 100
14 50 100
14 50 100
14 50 100
14 50 100
14 50 100
14 50 100
14 50 100
14 51 100
14 51 100
14 51 100
14 51 100
14 51 100
14 51 100
14 51 100
14 51 100
14 51 100
14 51 100
14 51 100
14 52 100
14 52 100
14 52 100
14 52 100
14 52 100
14 52 100
14 52 100
14 52 100
14 52 100
14 52 100
14 52 100
14 52 100
14 53 100
14 53 100
14 53 100
14 53 100
14 53 100
14 53 100
14 53 100
14 53 100
14 53 100
14 53 100
14 53 100
14 53 100
14 53 100
14 54 100
14 54 100
14 54 100
14 54 100
14 54 100
14 54 100
14 54 100
14 54 100
14 54 100
14 54 100
14 54 100
14 54 100
14 54 100
14 54 100
14 54 100
14 55 100
14 55 100
14 55 100
14 55 100
14 55 100
14 55 100
14 55 100
14 55 100
14 55 100
14 55 100
14 55 100
14 55 100
14 55 100
14 55 100
14 55 100
14 55 100
14 56 100
14 56 100
14 56 100
14 56 100
14 56 100
14 56 100
14 56 100
14 56 100
14 56 100
14 56 100
14 56 100
14 56 100
14 56 100
14 56 100
14 56 100
14 56 100
14 56 100
14 57 100
14 57 100
14 57 100
14 57 100
14 57 100
14 57 100
14 57 100
14 57 100
14 57 100
14 57 100
14 57 100
14 57 100
14 57 100
14 57 100
14 57 100
14 57 100
14 57 100
14 57 100
14 58 100
14 58 100
14 58 100
14 58 100
14 58 100
14 58 100
14 58 100
14 58 100
14 58 100
14 58 100
14 58 100
14 58 100
14 58 100
14 58 100
14 58 100
14 58 100
14 58 100
14 58 100
14 58 100
14 59 100
14 59 100
14 59 100
14 59 100
14 59 100
14 59 100
14 59 100
14 59 100
14 59 100
14 59 100
14 59 100
14 59 100
14 59 100
14 59 100
14 59 100
14 59 100
14 59 100
14 59 100
14 59 100
14 59 100
14 60 100
14 60 100
14 60 100
14 60 100
14 60 100
14 60 100
14 60 100
14 60 100
14 60 100
14 60 100
14 60 100
14 60 100
14 60 100
14 60 100
14 60 100
14 60 100
14 60 100
14 60 100
14 60 100
14 60 100
14 60 100
14 61 100
14 61 100
14 61 100
14 61 100
14 61 100
14 61 100
14 61 100
14 61 100
14 61 100
14 61 100
14 61 100
14 61 100
14 61 100
14 61 100
14 61 100
14 61 100
14 61 100
14 61 100
14 61 100
14 61 100
14 61 100
14 61 100
14 61 100
14 62 100
14 62 100
14 62 100
14 62 100
14 62 100
14 62 100
14 62 100
14 62 100
14 62 100
14 62 100
14 62 100
14 62 100
14 62 100
14 62 100
14 62 100
14 62 100
14 62 100
14 62 100
14 62 100
14 62 100
14 62 100
14 62 100
14 62 100
14 62 100
14 63 100
14 63 100
14 63 100
14 63 100
14 63 100
14 63 100
14 63 100
14 63 100
14 63 100
14 63 100
14 63 100
14 63 100
14 63 100
14 63 100
14 63 100
14 63 100
14 63 100
14 63 100
14 63 100
14 63 100
14 63 100
14 63 100
14 63 100
14 63 100
14 63 100
14 63 100
14 64 100
14 64 100
14 64 100
14 64 100
14 64 100
14 64 100
14 64 100
14 64 100
14 64 100
14 64 100
14 64 100
14 64 100
14 64 100
14 64 100
14 64 100
14 64 100
14 64 100
14 64 100
14 64 100
14 64 100
14 64 100
14 64 100
14 64 100
14 64 100
14 64 100
14 64 100
14 64 100
14 65 100
14 65 100
14 65 100
14 65 100
14 65 100
14 65 100
14 65 100
14 65 100
14 65 100
14 65 100
14 65 100
14 65 100
14 65 100
14 65 100
14 65 100
14 65 100
14 65 100
14 65 100
14 65 100
14 65 100
14 65 100
14 65 100
14 65 100
14 65 100
14 65 100
14 65 100
14 65 100
14 65 100
14 65 100
14 66 100
14 66 100
14 66 100
14 66 100
14 66 100
14 66 100
14 66 100
14 66 100
14 66 100
14 66 100
14 66 100
14 66 100
14 66 100
14 66 100
14 66 100
14 66 100
14 66 100
14 66 100
14 66 100
14 66 100
14 66 100
14 66 100
14 66 100
14 66 100
14 66 100
14 66 100
14 66 100
14 66 100
14 66 100
14 66 100
14 67 100
14 67 100
14 67 100
14 67 100
14 67 100
14 67 100
14 67 100
14 67 100
14 67 100
14 67 100
14 67 100
14 67 100
14 67 100
14 67 100
14 67 100
14 67 100
14 67 100
14 67 100
14 67 100
14 67 100
14 67 100
14 67 100
14 67 100
14 67 100
14 67 100
14 67 100
14 67 100
14 67 100
14 67 100
14 67 100
14 67 100
14 68 100
14 68 100
14 68 100
14 68 100
14 68 100
14 68 100
14 68 100
14 68 100
14 68 100
14 68 100
14 68 100
14 68 100
14 68 100
14 68 100
14 68 100
14 68 100
14 68 100
14 68 100
14 68 100
14 68 100
14 68 100
14 68 100
14 68 100
14 68 100
14 68 100
14 68 100
14 68 100
14 68 100
14 68 100
14 68 100
14 68 100
14 68 100
14 68 100
14 69 100
14 69 100
14 69 100
14 69 100
14 69 100
14 69 100
14 69 100
14 69 100
14 69 100
14 69 100
14 69 100
14 69 100
14 69 100
14 69 100
14 69 100
14 69 100
14 69 100
14 69 100
14 69 100
14 69 100
14 69 100
14 69 100
14 69 100
14 69 100
14 69 100
14 69 100
14 69 100
14 69 100
14 69 100
14 69 100
14 69 100
14 69 100
14 69 100
14 69 100
14 70 100
14 70 100
14 70 100
14 70 100
14 70 100
14 70 100
14 70 100
14 70 100
14 70 100
14 70 100
14 70 100
14 70 100
14 70 100
14 70 100
14 70 100
14 70 100
14 70 100
14 70 100
14 70 100
14 70 100
14 70 100
14 70 100
14 70 100
14 70 100
14 70 100
14 70 100
14 70 100
14 70 100
14 70 100
14 70 100
14 70 100
14 70 100
14 70 100
14 70 100
14 70 100
14 70 100
14 71 100
14 71 100
14 71 100
14 71 100
14 71 100
14 71 100
14 71 100
14 71 100
14 71 100
14 71 100
14 71 100
14 71 100
14 71 100
14 71 100
14 71 100
14 71 100
14 71 100
14 71 100
14 71 100
14 71 100
14 71 100
14 71 100
14 71 100
14 71 100
14 71 100
14 71 100
14 71 100
14 71 100
14 71 100
14 71 100
14 71 100
14 71 100
14 71 100
14 71 100
14 71 100
14 71 100
14 71 100
14 72 100
14 72 100
14 72 100
14 72 100
14 72 100
14 72 100
14 72 100
14 72 100
14 72 100
14 72 100
14 72 100
14 72 100
14 72 100
14 72 100
14 72 100
14 72 100
14 72 100
14 72 100
14 72 100
14 72 100
14 72 100
14 72 100
14 72 100
14 72 100
14 72 100
14 72 100
14 72 100
14 72 100
14 72 100
14 72 100
14 72 100
14 72 100
14 72 100
14 72 100
14 72 100
14 72 100
14 72 100
14 72 100
14 73 100
14 73 100
14 73 100
14 73 100
14 73 100
14 73 100
14 73 100
14 73 100
14 73 100
14 73 100
14 73 100
14 73 100
14 73 100
14 73 100
14 73 100
14 73 100
14 73 100
14 73 100
14 73 100
14 73 100
14 73 100
14 73 100
14 73 100
14 73 100
14 73 100
14 73 100
14 73 100
14 73 100
14 73 100
14 73 100
14 73 100
14 73 100
14 73 100
14 73 100
14 73 100
14 73 100
14 73 100
14 73 100
14 73 100
14 74 100
14 74 100
14 74 100
14 74 100
14 74 100
14 74 100
14 74 100
14 74 100
14 74 100
14 74 100
14 74 100
14 74 100
14 74 100
14 74 100
14 74 100
14 74 100
14 74 100
14 74 100
14 74 100
14 74 100
14 74 100
14 74 100
14 74 100
14 74 100
14 74 100
14 74 100
14 74 100
14 74 100
14 74 100
14 74 100
14 74 100
14 74 100
14 74 100
14 74 100
14 74 100
14 74 100
14 74 100
14 74 100
14 74 100
14 75 100
14 75 100
14 75 100
14 75 100
14 75 100
14 75 100
14 75 100
14 75 100
14 75 100
14 75 100
14 75 100
14 75 100
14 75 100
14 75 100
14 75 100
14 75 100
14 75 100
14 75 100
14 75 100
14 75 100
14 75 100
14 75 100
14 75 100
14 75 100
14 75 100
14 75 100
14 75 100
14 75 100
14 75 100
14 75 100
14 75 100
14 75 100
14 75 100
14 75 100
14 75 100
14 75 100
14 75 100
14 75 100
14 75 100
14 76 100
14 76 100
14 76 100
14 76 100
14 76 100
14 76 100
14 76 100
14 76 100
14 76 100
14 76 100
14 76 100
14 76 100
14 76 100
14 76 100
14 76 100
14 76 100
14 76 100
14 76 100
14 76 100
14 76 100
14 76 100
14 76 100
14 76 100
14 76 100
14 76 100
14 76 100
14 76 100
14 76 100
14 76 100
14 76 100
14 76 100
14 76 100
14 76 100
14 76 100
14 76 100
14 76 100
14 76 100
14 76 100
14 77 100
14 77 100
14 77 100
14 77 100
14 77 100
14 77 100
14 77 100
14 77 100
14 77 100
14 77 100
14 77 100
14 77 100
14 77 100
14 77 100
14 77 100
14 77 100
14 77 100
14 77 100
14 77 100
14 77 100
14 77 100
14 77 100
14 77 100
14 77 100
14 77 100
14 77 100
14 77 100
14 77 100
14 77 100
14 77 100
14 77 100
14 77 100
14 77 100
14 77 100
14 77 100
14 77 100
14 77 100
14 78 100
14 78 100
14 78 100
14 78 100
14 78 100
14 78 100
14 78 100
14 78 100
14 78 100
14 78 100
14 78 100
14 78 100
14 78 100
14 78 100
14 78 100
14 78 100
14 78 100
14 78 100
14 78 100
14 78 100
14 78 100
14 78 100
14 78 100
14 78 100
14 78 100
14 78 100
14 78 100
14 78 100
14 78 100
14 78 100
14 78 100
14 78 100
14 78 100
14 78 100
14 78 100
14 79 100
14 79 100
14 79 100
14 79 100
14 79 100
14 79 100
14 79 100
14 79 100
14 79 100
14 79 100
14 79 100
14 79 100
14 79 100
14 79 100
14 79 100
14 79 100
14 79 100
14 79 100
14 79 100
14 79 100
14 79 100
14 79 100
14 79 100
14 79 100
14 79 100
14 79 100
14 79 100
14 79 100
14 79 100
14 79 100
14 79 100
14 79 100
14 79 100
14 80 100
14 80 100
14 80 100
14 80 100
14 80 100
14 80 100
14 80 100
14 80 100
14 80 100
14 80 100
14 80 100
14 80 100
14 80 100
14 80 100
14 80 100
14 80 100
14 80 100
14 80 100
14 80 100
14 80 100
14 80 100
14 80 100
14 80 100
14 80 100
14 80 100
14 80 100
14 80 100
14 80 100
14 80 100
14 80 100
14 80 100
14 81 100
14 81 100
14 81 100
14 81 100
14 81 100
14 81 100
14 81 100
14 81 100
14 81 100
14 81 100
14 81 100
14 81 100
14 81 100
14 81 100
14 81 100
14 81 100
14 81 100
14 81 100
14 81 100
14 81 100
14 81 100
14 81 100
14 81 100
14 81 100
14 81 100
14 81 100
14 81 100
14 81 100
14 81 100
14 82 100
14 82 100
14 82 100
14 82 100
14 82 100
14 82 100
14 82 100
14 82 100
14 82 100
14 82 100
14 82 100
14 82 100
14 82 100
14 82 100
14 82 100
14 82 100
14 82 100
14 82 100
14 82 100
14 82 100
14 82 100
14 82 100
14 82 100
14 82 100
14 82 100
14 82 100
14 83 100
14 83 100
14 83 100
14 83 100
14 83 100
14 83 100
14 83 100
14 83 100
14 83 100
14 83 100
14 83 100
14 83 100
14 83 100
14 83 100
14 83 100
14 83 100
14 83 100
14 83 100
14 83 100
14 83 100
14 83 100
14 83 100
14 83 100
14 83 100
14 84 100
14 84 100
14 84 100
14 84 100
14 84 100
14 84 100
14 84 100
14 84 100
14 84 100
14 84 100
14 84 100
14 84 100
14 84 100
14 84 100
14 84 100
14 84 100
14 84 100
14 84 100
14 84 100
14 84 100
14 84 100
14 84 100
14 85 100
14 85 100
14 85 100
14 85 100
14 85 100
14 85 100
14 85 100
14 85 100
14 85 100
14 85 100
14 85 100
14 85 100
14 85 100
14 85 100
14 85 100
14 85 100
14 85 100
14 85 100
14 85 100
14 85 100
14 86 100
14 86 100
14 86 100
14 86 100
14 86 100
14 86 100
14 86 100
14 86 100
14 86 100
14 86 100
14 86 100
14 86 100
14 86 100
14 86 100
14 86 100
14 86 100
14 86 100
14 86 100
14 87 100
14 87 100
14 87 100
14 87 100
14 87 100
14 87 100
14 87 100
14 87 100
14 87 100
14 87 100
14 87 100
14 87 100
14 87 100
14 87 100
14 87 100
14 87 100
14 87 100
14 88 100
14 88 100
14 88 100
14 88 100
14 88 100
14 88 100
14 88 100
14 88 100
14 88 100
14 88 100
14 88 100
14 88 100
14 88 100
14 88 100
14 88 100
14 88 100
14 89 100
14 89 100
14 89 100
14 89 100
14 89 100
14 89 100
14 89 100
14 89 100
14 89 100
14 89 100
14 89 100
14 89 100
14 89 100
14 89 100
14 89 100
14 90 100
14 90 100
14 90 100
14 90 100
14 90 100
14 90 100
14 90 100
14 90 100
14 90 100
14 90 100
14 90 100
14 90 100
14 90 100
14 90 100
14 91 100
14 91 100
14 91 100
14 91 100
14 91 100
14 91 100
14 91 100
14 91 100
14 91 100
14 91 100
14 91 100
14 91 100
14 91 100
14 91 100
14 92 100
14 92 100
14 92 100
14 92 100
14 92 100
14 92 100
14 92 100
14 92 100
14 92 100
14 92 100
14 92 100
14 92 100
14 92 100
14 93 100
14 93 100
14 93 100
14 93 100
14 93 100
14 93 100
14 93 100
14 93 100
14 93 100
14 93 100
14 93 100
14 93 100
14 93 100
14 94 100
14 94 100
14 94 100
14 94 100
14 94 100
14 94 100
14 94 100
14 94 100
14 94 100
14 94 100
14 94 100
14 94 100
14 95 100
14 95 100
14 95 100
14 95 100
14 95 100
14 95 100
14 95 100
14 95 100
14 95 100
14 95 100
14 95 100
14 96 100
14 96 100
14 96 100
14 96 100
14 96 100
14 96 100
14 96 100
14 96 100
14 96 100
14 96 100
14 97 100
14 97 100
14 97 100
14 97 100
14 97 100
14 97 100
14 97 100
14 97 100
14 97 100
14 98 100
14 98 100
14 98 100
14 98 100
14 98 100
14 98 100
14 98 100
14 98 100
14 99 100
14 99 100
14 99 100
14 99 100
14 99 100
14 99 100
14 99 100
14 100 100
14 100 100
14 100 100
14 100 100
14 100 100
14 100 100
14 101 100
14 101 100
14 101 100
14 101 100
14 101 100
14 102 100
14 102 100
14 102 100
14 102 100
14 103 100
14 103 100
14 103 100
14 103 100
14 104 100
14 104 100
14 104 100
14 105 100
14 105 100
14 105 100
14 106 100
14 106 100
14 106 100
14 107 100
14 107 100
14 108 100
14 108 100
14 109 100
14 109 100
14 110 100
14 110 100
14 111 100
14 111 100
14 112 100
14 112 100
14 113 100
14 114 100
14 115 100
14 116 100
14 117 100
14 118 100
14 119 100
14 120 100
14 121 100
14 122 100
14 123 100
14 124 100
14 125 100
14 126 100
