# move from (185,116) to (194,150)
185 116 100
186 116 100
187 116 100
188 116 100
189 116 100
190 116 100
191 116 100
192 116 100
193 116 100
194 116 100
194 117 100
194 118 100
194 119 100
194 120 100
194 121 100
194 122 100
194 123 100
194 124 100
194 125 100
194 126 100
194 127 100
194 128 100
194 129 100
194 130 100
194 131 100
194 132 100
194 133 100
194 134 100
194 135 100
194 136 100
194 137 100
194 138 100
194 139 100
194 140 100
194 141 100
194 142 100
194 143 100
194 144 100
194 145 100
194 146 100
194 147 100
194 148 100
194 149 100
194 150 100
# move from (23,35) to (194,150)
23 35 100
23 35 100
24 35 100
24 35 100
25 35 100
25 35 100
26 35 100
26 35 100
27 35 100
27 35 100
28 35 100
28 35 100
29 35 100
29 35 100
29 35 100
30 35 100
30 35 100
30 35 100
31 35 100
31 35 100
31 35 100
31 35 100
32 35 100
32 35 100
32 35 100
32 35 100
33 35 100
33 35 100
33 35 100
33 35 100
33 35 100
34 35 100
34 35 100
34 35 100
34 35 100
34 35 100
35 35 100
35 35 100
35 35 100
35 35 100
35 35 100
36 35 100
36 35 100
36 35 100
36 35 100
36 35 100
37 35 100
37 35 100
37 35 100
37 35 100
37 35 100
38 35 100
38 35 100
38 35 100
38 35 100
38 35 100
39 35 100
39 35 100
39 35 100
39 35 100
39 35 100
40 35 100
40 35 100
40 35 100
40 35 100
41 35 100
41 35 100
41 35 100
41 35 100
42 35 100
42 35 100
42 35 100
42 35 100
43 35 100
43 35 100
43 35 100
43 35 100
43 35 100
44 35 100
44 35 100
44 35 100
44 35 100
44 35 100
45 35 100
45 35 100
45 35 100
45 35 100
45 35 100
46 35 100
46 35 100
46 35 100
46 35 100
46 35 100
47 35 100
47 35 100
47 35 100
47 35 100
47 35 100
48 35 100
48 35 100
48 35 100
48 35 100
48 35 100
49 35 100
49 35 100
49 35 100
49 35 100
50 35 100
50 35 100
50 35 100
50 35 100
51 35 100
51 35 100
51 35 100
52 35 100
52 35 100
52 35 100
53 35 100
53 35 100
54 35 100
54 35 100
55 35 100
55 35 100
56 35 100
56 35 100
57 35 100
57 35 100
58 35 100
58 35 100
59 35 100
59 35 100
60 35 100
60 35 100
61 35 100
61 35 100
62 35 100
62 35 100
63 35 100
63 35 100
64 35 100
64 35 100
65 35 100
66 35 100
67 35 100
68 35 100
69 35 100
70 35 100
71 35 100
72 35 100
73 35 100
74 35 100
75 35 100
76 35 100
76 35 100
77 35 100
77 35 100
78 35 100
78 35 100
78 35 100
79 35 100
79 35 100
79 35 100
80 35 100
80 35 100
80 35 100
80 35 100
81 35 100
81 35 100
81 35 100
81 35 100
81 35 100
82 35 100
82 35 100
82 35 100
82 35 100
82 35 100
82 35 100
83 35 100
83 35 100
83 35 100
83 35 100
83 35 100
83 35 100
83 35 100
84 35 100
84 35 100
84 35 100
84 35 100
84 35 100
84 35 100
84 35 100
84 35 100
85 35 100
85 35 100
85 35 100
85 35 100
85 35 100
85 35 100
85 35 100
85 35 100
85 35 100
86 35 100
86 35 100
86 35 100
86 35 100
86 35 100
86 35 100
86 35 100
86 35 100
86 35 100
86 35 100
87 35 100
87 35 100
87 35 100
87 35 100
87 35 100
87 35 100
87 35 100
87 35 100
87 35 100
87 35 100
87 35 100
88 35 100
88 35 100
88 35 100
88 35 100
88 35 100
88 35 100
88 35 100
88 35 100
88 35 100
88 35 100
88 35 100
89 35 100
89 35 100
89 35 100
89 35 100
89 35 100
89 35 100
89 35 100
89 35 100
89 35 100
89 35 100
89 35 100
89 35 100
90 35 100
90 35 100
90 35 100
90 35 100
90 35 100
90 35 100
90 35 100
90 35 100
90 35 100
90 35 100
90 35 100
90 35 100
90 35 100
91 35 100
91 35 100
91 35 100
91 35 100
91 35 100
91 35 100
91 35 100
91 35 100
91 35 100
91 35 100
91 35 100
91 35 100
91 35 100
92 35 100
92 35 100
92 35 100
92 35 100
92 35 100
92 35 100
92 35 100
92 35 100
92 35 100
92 35 100
92 35 100
92 35 100
92 35 100
92 35 100
92 35 100
93 35 100
93 35 100
93 35 100
93 35 100
93 35 100
93 35 100
93 35 100
93 35 100
93 35 100
93 35 100
93 35 100
93 35 100
93 35 100
93 35 100
93 35 100
93 35 100
94 35 100
94 35 100
94 35 100
94 35 100
94 35 100
94 35 100
94 35 100
94 35 100
94 35 100
94 35 100
94 35 100
94 35 100
94 35 100
94 35 100
94 35 100
94 35 100
94 35 100
95 35 100
95 35 100
95 35 100
95 35 100
95 35 100
95 35 100
95 35 100
95 35 100
95 35 100
95 35 100
95 35 100
95 35 100
95 35 100
95 35 100
95 35 100
95 35 100
95 35 100
95 35 100
95 35 100
96 35 100
96 35 100
96 35 100
96 35 100
96 35 100
96 35 100
96 35 100
96 35 100
96 35 100
96 35 100
96 35 100
96 35 100
96 35 100
96 35 100
96 35 100
96 35 100
96 35 100
96 35 100
96 35 100
96 35 100
96 35 100
97 35 100
97 35 100
97 35 100
97 35 100
97 35 100
97 35 100
97 35 100
97 35 100
97 35 100
97 35 100
97 35 100
97 35 100
97 35 100
97 35 100
97 35 100
97 35 100
97 35 100
97 35 100
97 35 100
97 35 100
97 35 100
97 35 100
97 35 100
98 35 100
98 35 100
98 35 100
98 35 100
98 35 100
98 35 100
98 35 100
98 35 100
98 35 100
98 35 100
98 35 100
98 35 100
98 35 100
98 35 100
98 35 100
98 35 100
98 35 100
98 35 100
98 35 100
98 35 100
98 35 100
98 35 100
98 35 100
98 35 100
98 35 100
99 35 100
99 35 100
99 35 100
99 35 100
99 35 100
99 35 100
99 35 100
99 35 100
99 35 100
99 35 100
99 35 100
99 35 100
99 35 100
99 35 100
99 35 100
99 35 100
99 35 100
99 35 100
99 35 100
99 35 100
99 35 100
99 35 100
99 35 100
99 35 100
99 35 100
99 35 100
100 35 100
100 35 100
100 35 100
100 35 100
100 35 100
100 35 100
100 35 100
100 35 100
100 35 100
100 35 100
100 35 100
100 35 100
100 35 100
100 35 100
100 35 100
100 35 100
100 35 100
100 35 100
100 35 100
100 35 100
100 35 100
100 35 100
100 35 100
100 35 100
100 35 100
100 35 100
100 35 100
101 35 100
101 35 100
101 35 100
101 35 100
101 35 100
101 35 100
101 35 100
101 35 100
101 35 100
101 35 100
101 35 100
101 35 100
101 35 100
101 35 100
101 35 100
101 35 100
101 35 100
101 35 100
101 35 100
101 35 100
101 35 100
101 35 100
101 35 100
101 35 100
101 35 100
101 35 100
101 35 100
101 35 100
102 35 100
102 35 100
102 35 100
102 35 100
102 35 100
102 35 100
102 35 100
102 35 100
102 35 100
102 35 100
102 35 100
102 35 100
102 35 100
102 35 100
102 35 100
102 35 100
102 35 100
102 35 100
102 35 100
102 35 100
102 35 100
102 35 100
102 35 100
102 35 100
102 35 100
102 35 100
102 35 100
102 35 100
103 35 100
103 35 100
103 35 100
103 35 100
103 35 100
103 35 100
103 35 100
103 35 100
103 35 100
103 35 100
103 35 100
103 35 100
103 35 100
103 35 100
103 35 100
103 35 100
103 35 100
103 35 100
103 35 100
103 35 100
103 35 100
103 35 100
103 35 100
103 35 100
103 35 100
103 35 100
103 35 100
104 35 100
104 35 100
104 35 100
104 35 100
104 35 100
104 35 100
104 35 100
104 35 100
104 35 100
104 35 100
104 35 100
104 35 100
104 35 100
104 35 100
104 35 100
104 35 100
104 35 100
104 35 100
104 35 100
104 35 100
104 35 100
104 35 100
104 35 100
104 35 100
104 35 100
104 35 100
105 35 100
105 35 100
105 35 100
105 35 100
105 35 100
105 35 100
105 35 100
105 35 100
105 35 100
105 35 100
105 35 100
105 35 100
105 35 100
105 35 100
105 35 100
105 35 100
105 35 100
105 35 100
105 35 100
105 35 100
105 35 100
105 35 100
105 35 100
105 35 100
106 35 100
106 35 100
106 35 100
106 35 100
106 35 100
106 35 100
106 35 100
106 35 100
106 35 100
106 35 100
106 35 100
106 35 100
106 35 100
106 35 100
106 35 100
106 35 100
106 35 100
106 35 100
106 35 100
106 35 100
106 35 100
106 35 100
107 35 100
107 35 100
107 35 100
107 35 100
107 35 100
107 35 100
107 35 100
107 35 100
107 35 100
107 35 100
107 35 100
107 35 100
107 35 100
107 35 100
107 35 100
107 35 100
107 35 100
107 35 100
107 35 100
107 35 100
108 35 100
108 35 100
108 35 100
108 35 100
108 35 100
108 35 100
108 35 100
108 35 100
108 35 100
108 35 100
108 35 100
108 35 100
108 35 100
108 35 100
108 35 100
108 35 100
108 35 100
108 35 100
109 35 100
109 35 100
109 35 100
109 35 100
109 35 100
109 35 100
109 35 100
109 35 100
109 35 100
109 35 100
109 35 100
109 35 100
109 35 100
109 35 100
109 35 100
109 35 100
110 35 100
110 35 100
110 35 100
110 35 100
110 35 100
110 35 100
110 35 100
110 35 100
110 35 100
110 35 100
110 35 100
110 35 100
110 35 100
110 35 100
111 35 100
111 35 100
111 35 100
111 35 100
111 35 100
111 35 100
111 35 100
111 35 100
111 35 100
111 35 100
111 35 100
111 35 100
112 35 100
112 35 100
112 35 100
112 35 100
112 35 100
112 35 100
112 35 100
112 35 100
112 35 100
112 35 100
113 35 100
113 35 100
113 35 100
113 35 100
113 35 100
113 35 100
113 35 100
113 35 100
114 35 100
114 35 100
114 35 100
114 35 100
114 35 100
114 35 100
114 35 100
115 35 100
115 35 100
115 35 100
115 35 100
115 35 100
115 35 100
116 35 100
116 35 100
116 35 100
116 35 100
116 35 100
117 35 100
117 35 100
117 35 100
117 35 100
117 35 100
118 35 100
118 35 100
118 35 100
118 35 100
118 35 100
119 35 100
119 35 100
119 35 100
119 35 100
119 35 100
120 35 100
120 35 100
120 35 100
120 35 100
120 35 100
121 35 100
121 35 100
121 35 100
121 35 100
121 35 100
122 35 100
122 35 100
122 35 100
122 35 100
122 35 100
123 35 100
123 35 100
123 35 100
123 35 100
123 35 100
124 35 100
124 35 100
124 35 100
124 35 100
124 35 100
124 35 100
125 35 100
125 35 100
125 35 100
125 35 100
125 35 100
125 35 100
126 35 100
126 35 100
126 35 100
126 35 100
126 35 100
126 35 100
127 35 100
127 35 100
127 35 100
127 35 100
127 35 100
127 35 100
127 35 100
128 35 100
128 35 100
128 35 100
128 35 100
128 35 100
128 35 100
128 35 100
129 35 100
129 35 100
129 35 100
129 35 100
129 35 100
129 35 100
129 35 100
129 35 100
130 35 100
130 35 100
130 35 100
130 35 100
130 35 100
130 35 100
130 35 100
130 35 100
131 35 100
131 35 100
131 35 100
131 35 100
131 35 100
131 35 100
131 35 100
131 35 100
132 35 100
132 35 100
132 35 100
132 35 100
132 35 100
132 35 100
132 35 100
132 35 100
133 35 100
133 35 100
133 35 100
133 35 100
133 35 100
133 35 100
133 35 100
134 35 100
134 35 100
134 35 100
134 35 100
134 35 100
134 35 100
134 35 100
135 35 100
135 35 100
135 35 100
135 35 100
135 35 100
135 35 100
136 35 100
136 35 100
136 35 100
136 35 100
136 35 100
136 35 100
137 35 100
137 35 100
137 35 100
137 35 100
137 35 100
138 35 100
138 35 100
138 35 100
138 35 100
138 35 100
139 35 100
139 35 100
139 35 100
139 35 100
139 35 100
140 35 100
140 35 100
140 35 100
140 35 100
141 35 100
141 35 100
141 35 100
141 35 100
141 35 100
142 35 100
142 35 100
142 35 100
142 35 100
142 35 100
143 35 100
143 35 100
143 35 100
143 35 100
143 35 100
144 35 100
144 35 100
144 35 100
144 35 100
144 35 100
145 35 100
145 35 100
145 35 100
145 35 100
145 35 100
145 35 100
146 35 100
146 35 100
146 35 100
146 35 100
146 35 100
146 35 100
147 35 100
147 35 100
147 35 100
147 35 100
147 35 100
147 35 100
147 35 100
148 35 100
148 35 100
148 35 100
148 35 100
148 35 100
148 35 100
148 35 100
149 35 100
149 35 100
149 35 100
149 35 100
149 35 100
149 35 100
149 35 100
150 35 100
150 35 100
150 35 100
150 35 100
150 35 100
150 35 100
150 35 100
151 35 100
151 35 100
151 35 100
151 35 100
151 35 100
151 35 100
151 35 100
152 35 100
152 35 100
152 35 100
152 35 100
152 35 100
152 35 100
153 35 100
153 35 100
153 35 100
153 35 100
153 35 100
153 35 100
154 35 100
154 35 100
154 35 100
154 35 100
154 35 100
154 35 100
155 35 100
155 35 100
155 35 100
155 35 100
155 35 100
156 35 100
156 35 100
156 35 100
156 35 100
156 35 100
157 35 100
157 35 100
157 35 100
157 35 100
157 35 100
158 35 100
158 35 100
158 35 100
158 35 100
158 35 100
159 35 100
159 35 100
159 35 100
159 35 100
159 35 100
160 35 100
160 35 100
160 35 100
160 35 100
160 35 100
161 35 100
161 35 100
161 35 100
161 35 100
161 35 100
162 35 100
162 35 100
162 35 100
162 35 100
162 35 100
163 35 100
163 35 100
163 35 100
163 35 100
163 35 100
164 35 100
164 35 100
164 35 100
164 35 100
164 35 100
165 35 100
165 35 100
165 35 100
165 35 100
166 35 100
166 35 100
166 35 100
167 35 100
167 35 100
167 35 100
168 35 100
168 35 100
169 35 100
169 35 100
170 35 100
170 35 100
171 35 100
171 35 100
172 35 100
172 35 100
173 35 100
173 35 100
174 35 100
174 35 100
175 35 100
175 35 100
176 35 100
176 35 100
177 35 100
177 35 100
178 35 100
178 35 100
179 35 100
180 35 100
181 35 100
182 35 100
183 35 100
184 35 100
185 35 100
186 35 100
187 35 100
188 35 100
188 35 100
189 35 100
189 35 100
190 35 100
190 35 100
191 35 100
191 35 100
192 35 100
192 35 100
192 35 100
193 35 100
193 35 100
193 35 100
194 35 100
194 35 100
194 35 100
194 36 100
194 36 100
194 36 100
194 37 100
194 37 100
194 37 100
194 38 100
194 38 100
194 38 100
194 39 100
194 39 100
194 39 100
194 40 100
194 40 100
194 40 100
194 41 100
194 41 100
194 41 100
194 42 100
194 42 100
194 42 100
194 43 100
194 43 100
194 43 100
194 44 100
194 44 100
194 44 100
194 44 100
194 45 100
194 45 100
194 45 100
194 45 100
194 46 100
194 46 100
194 46 100
194 46 100
194 47 100
194 47 100
194 47 100
194 47 100
194 48 100
194 48 100
194 48 100
194 48 100
194 49 100
194 49 100
194 49 100
194 49 100
194 50 100
194 50 100
194 50 100
194 50 100
194 51 100
194 51 100
194 51 100
194 51 100
194 52 100
194 52 100
194 52 100
194 52 100
194 53 100
194 53 100
194 53 100
194 53 100
194 54 100
194 54 100
194 54 100
194 54 100
194 55 100
194 55 100
194 55 100
194 55 100
194 56 100
194 56 100
194 56 100
194 56 100
194 56 100
194 57 100
194 57 100
194 57 100
194 57 100
194 57 100
194 58 100
194 58 100
194 58 100
194 58 100
194 58 100
194 58 100
194 59 100
194 59 100
194 59 100
194 59 100
194 59 100
194 59 100
194 59 100
194 60 100
194 60 100
194 60 100
194 60 100
194 60 100
194 60 100
194 60 100
194 61 100
194 61 100
194 61 100
194 61 100
194 61 100
194 61 100
194 61 100
194 62 100
194 62 100
194 62 100
194 62 100
194 62 100
194 62 100
194 62 100
194 63 100
194 63 100
194 63 100
194 63 100
194 63 100
194 63 100
194 63 100
194 64 100
194 64 100
194 64 100
194 64 100
194 64 100
194 64 100
194 65 100
194 65 100
194 65 100
194 65 100
194 65 100
194 65 100
194 66 100
194 66 100
194 66 100
194 66 100
194 66 100
194 66 100
194 67 100
194 67 100
194 67 100
194 67 100
194 67 100
194 68 100
194 68 100
194 68 100
194 68 100
194 68 100
194 69 100
194 69 100
194 69 100
194 69 100
194 70 100
194 70 100
194 70 100
194 70 100
194 71 100
194 71 100
194 71 100
194 71 100
194 72 100
194 72 100
194 72 100
194 72 100
194 73 100
194 73 100
194 73 100
194 73 100
194 74 100
194 74 100
194 74 100
194 74 100
194 75 100
194 75 100
194 75 100
194 75 100
194 76 100
194 76 100
194 76 100
194 76 100
194 77 100
194 77 100
194 77 100
194 77 100
194 78 100
194 78 100
194 78 100
194 78 100
194 79 100
194 79 100
194 79 100
194 79 100
194 80 100
194 80 100
194 80 100
194 80 100
194 81 100
194 81 100
194 81 100
194 81 100
194 82 100
194 82 100
194 82 100
194 83 100
194 83 100
194 83 100
194 84 100
194 84 100
194 84 100
194 85 100
194 85 100
194 86 100
194 86 100
194 87 100
194 87 100
194 88 100
194 89 100
194 90 100
194 91 100
194 92 100
194 93 100
194 94 100
194 95 100
194 96 100
194 97 100
194 98 100
194 99 100
194 100 100
194 101 100
194 102 100
194 103 100
194 104 100
194 105 100
194 106 100
194 107 100
194 108 100
194 109 100
194 110 100
194 111 100
194 112 100
194 113 100
194 114 100
194 115 100
# move from (51,8) to (194,150)
51 8 100
51 8 100
51 8 100
51 8 100
51 8 100
51 8 100
51 8 100
51 8 100
51 8 100
52 8 100
52 8 100
52 8 100
52 8 100
52 8 100
52 8 100
52 8 100
52 8 100
52 8 100
53 8 100
53 8 100
53 8 100
53 8 100
53 8 100
53 8 100
53 8 100
53 8 100
53 8 100
54 8 100
54 8 100
54 8 100
54 8 100
54 8 100
54 8 100
54 8 100
54 8 100
55 8 100
55 8 100
55 8 100
55 8 100
55 8 100
55 8 100
55 8 100
55 8 100
56 8 100
56 8 100
56 8 100
56 8 100
56 8 100
56 8 100
56 8 100
56 8 100
56 8 100
57 8 100
57 8 100
57 8 100
57 8 100
57 8 100
57 8 100
57 8 100
57 8 100
57 8 100
58 8 100
58 8 100
58 8 100
58 8 100
58 8 100
58 8 100
58 8 100
58 8 100
58 8 100
58 8 100
59 8 100
59 8 100
59 8 100
59 8 100
59 8 100
59 8 100
59 8 100
59 8 100
59 8 100
59 8 100
59 8 100
60 8 100
60 8 100
60 8 100
60 8 100
60 8 100
60 8 100
60 8 100
60 8 100
60 8 100
60 8 100
60 8 100
60 8 100
61 8 100
61 8 100
61 8 100
61 8 100
61 8 100
61 8 100
61 8 100
61 8 100
61 8 100
61 8 100
61 8 100
61 8 100
61 8 100
62 8 100
62 8 100
62 8 100
62 8 100
62 8 100
62 8 100
62 8 100
62 8 100
62 8 100
62 8 100
62 8 100
62 8 100
62 8 100
62 8 100
63 8 100
63 8 100
63 8 100
63 8 100
63 8 100
63 8 100
63 8 100
63 8 100
63 8 100
63 8 100
63 8 100
63 8 100
63 8 100
63 8 100
64 8 100
64 8 100
64 8 100
64 8 100
64 8 100
64 8 100
64 8 100
64 8 100
64 8 100
64 8 100
64 8 100
64 8 100
64 8 100
64 8 100
64 8 100
65 8 100
65 8 100
65 8 100
65 8 100
65 8 100
65 8 100
65 8 100
65 8 100
65 8 100
65 8 100
65 8 100
65 8 100
65 8 100
65 8 100
65 8 100
65 8 100
66 8 100
66 8 100
66 8 100
66 8 100
66 8 100
66 8 100
66 8 100
66 8 100
66 8 100
66 8 100
66 8 100
66 8 100
66 8 100
66 8 100
66 8 100
66 8 100
67 8 100
67 8 100
67 8 100
67 8 100
67 8 100
67 8 100
67 8 100
67 8 100
67 8 100
67 8 100
67 8 100
67 8 100
67 8 100
67 8 100
67 8 100
67 8 100
67 8 100
68 8 100
68 8 100
68 8 100
68 8 100
68 8 100
68 8 100
68 8 100
68 8 100
68 8 100
68 8 100
68 8 100
68 8 100
68 8 100
68 8 100
68 8 100
68 8 100
68 8 100
68 8 100
69 8 100
69 8 100
69 8 100
69 8 100
69 8 100
69 8 100
69 8 100
69 8 100
69 8 100
69 8 100
69 8 100
69 8 100
69 8 100
69 8 100
69 8 100
69 8 100
69 8 100
69 8 100
69 8 100
70 8 100
70 8 100
70 8 100
70 8 100
70 8 100
70 8 100
70 8 100
70 8 100
70 8 100
70 8 100
70 8 100
70 8 100
70 8 100
70 8 100
70 8 100
70 8 100
70 8 100
70 8 100
70 8 100
70 8 100
71 8 100
71 8 100
71 8 100
71 8 100
71 8 100
71 8 100
71 8 100
71 8 100
71 8 100
71 8 100
71 8 100
71 8 100
71 8 100
71 8 100
71 8 100
71 8 100
71 8 100
71 8 100
71 8 100
71 8 100
71 8 100
71 8 100
72 8 100
72 8 100
72 8 100
72 8 100
72 8 100
72 8 100
72 8 100
72 8 100
72 8 100
72 8 100
72 8 100
72 8 100
72 8 100
72 8 100
72 8 100
72 8 100
72 8 100
72 8 100
72 8 100
72 8 100
72 8 100
72 8 100
72 8 100
72 8 100
72 8 100
73 8 100
73 8 100
73 8 100
73 8 100
73 8 100
73 8 100
73 8 100
73 8 100
73 8 100
73 8 100
73 8 100
73 8 100
73 8 100
73 8 100
73 8 100
73 8 100
73 8 100
73 8 100
73 8 100
73 8 100
73 8 100
73 8 100
73 8 100
73 8 100
73 8 100
73 8 100
73 8 100
74 8 100
74 8 100
74 8 100
74 8 100
74 8 100
74 8 100
74 8 100
74 8 100
74 8 100
74 8 100
74 8 100
74 8 100
74 8 100
74 8 100
74 8 100
74 8 100
74 8 100
74 8 100
74 8 100
74 8 100
74 8 100
74 8 100
74 8 100
74 8 100
74 8 100
74 8 100
74 8 100
74 8 100
74 8 100
74 8 100
75 8 100
75 8 100
75 8 100
75 8 100
75 8 100
75 8 100
75 8 100
75 8 100
75 8 100
75 8 100
75 8 100
75 8 100
75 8 100
75 8 100
75 8 100
75 8 100
75 8 100
75 8 100
75 8 100
75 8 100
75 8 100
75 8 100
75 8 100
75 8 100
75 8 100
75 8 100
75 8 100
75 8 100
75 8 100
75 8 100
75 8 100
75 8 100
75 8 100
76 8 100
76 8 100
76 8 100
76 8 100
76 8 100
76 8 100
76 8 100
76 8 100
76 8 100
76 8 100
76 8 100
76 8 100
76 8 100
76 8 100
76 8 100
76 8 100
76 8 100
76 8 100
76 8 100
76 8 100
76 8 100
76 8 100
76 8 100
76 8 100
76 8 100
76 8 100
76 8 100
76 8 100
76 8 100
76 8 100
76 8 100
76 8 100
76 8 100
76 8 100
76 8 100
77 8 100
77 8 100
77 8 100
77 8 100
77 8 100
77 8 100
77 8 100
77 8 100
77 8 100
77 8 100
77 8 100
77 8 100
77 8 100
77 8 100
77 8 100
77 8 100
77 8 100
77 8 100
77 8 100
77 8 100
77 8 100
77 8 100
77 8 100
77 8 100
77 8 100
77 8 100
77 8 100
77 8 100
77 8 100
77 8 100
77 8 100
77 8 100
77 8 100
77 8 100
77 8 100
77 8 100
78 8 100
78 8 100
78 8 100
78 8 100
78 8 100
78 8 100
78 8 100
78 8 100
78 8 100
78 8 100
78 8 100
78 8 100
78 8 100
78 8 100
78 8 100
78 8 100
78 8 100
78 8 100
78 8 100
78 8 100
78 8 100
78 8 100
78 8 100
78 8 100
78 8 100
78 8 100
78 8 100
78 8 100
78 8 100
78 8 100
78 8 100
78 8 100
78 8 100
78 8 100
78 8 100
78 8 100
78 8 100
78 8 100
79 8 100
79 8 100
79 8 100
79 8 100
79 8 100
79 8 100
79 8 100
79 8 100
79 8 100
79 8 100
79 8 100
79 8 100
79 8 100
79 8 100
79 8 100
79 8 100
79 8 100
79 8 100
79 8 100
79 8 100
79 8 100
79 8 100
79 8 100
79 8 100
79 8 100
79 8 100
79 8 100
79 8 100
79 8 100
79 8 100
79 8 100
79 8 100
79 8 100
79 8 100
79 8 100
79 8 100
79 8 100
79 8 100
79 8 100
80 8 100
80 8 100
80 8 100
80 8 100
80 8 100
80 8 100
80 8 100
80 8 100
80 8 100
80 8 100
80 8 100
80 8 100
80 8 100
80 8 100
80 8 100
80 8 100
80 8 100
80 8 100
80 8 100
80 8 100
80 8 100
80 8 100
80 8 100
80 8 100
80 8 100
80 8 100
80 8 100
80 8 100
80 8 100
80 8 100
80 8 100
80 8 100
80 8 100
80 8 100
80 8 100
80 8 100
80 8 100
80 8 100
80 8 100
81 8 100
81 8 100
81 8 100
81 8 100
81 8 100
81 8 100
81 8 100
81 8 100
81 8 100
81 8 100
81 8 100
81 8 100
81 8 100
81 8 100
81 8 100
81 8 100
81 8 100
81 8 100
81 8 100
81 8 100
81 8 100
81 8 100
81 8 100
81 8 100
81 8 100
81 8 100
81 8 100
81 8 100
81 8 100
81 8 100
81 8 100
81 8 100
81 8 100
81 8 100
81 8 100
81 8 100
81 8 100
81 8 100
81 8 100
82 8 100
82 8 100
82 8 100
82 8 100
82 8 100
82 8 100
82 8 100
82 8 100
82 8 100
82 8 100
82 8 100
82 8 100
82 8 100
82 8 100
82 8 100
82 8 100
82 8 100
82 8 100
82 8 100
82 8 100
82 8 100
82 8 100
82 8 100
82 8 100
82 8 100
82 8 100
82 8 100
82 8 100
82 8 100
82 8 100
82 8 100
82 8 100
82 8 100
82 8 100
82 8 100
82 8 100
82 8 100
82 8 100
82 8 100
82 8 100
83 8 100
83 8 100
83 8 100
83 8 100
83 8 100
83 8 100
83 8 100
83 8 100
83 8 100
83 8 100
83 8 100
83 8 100
83 8 100
83 8 100
83 8 100
83 8 100
83 8 100
83 8 100
83 8 100
83 8 100
83 8 100
83 8 100
83 8 100
83 8 100
83 8 100
83 8 100
83 8 100
83 8 100
83 8 100
83 8 100
83 8 100
83 8 100
83 8 100
83 8 100
83 8 100
83 8 100
83 8 100
83 8 100
83 8 100
83 8 100
84 8 100
84 8 100
84 8 100
84 8 100
84 8 100
84 8 100
84 8 100
84 8 100
84 8 100
84 8 100
84 8 100
84 8 100
84 8 100
84 8 100
84 8 100
84 8 100
84 8 100
84 8 100
84 8 100
84 8 100
84 8 100
84 8 100
84 8 100
84 8 100
84 8 100
84 8 100
84 8 100
84 8 100
84 8 100
84 8 100
84 8 100
84 8 100
84 8 100
84 8 100
84 8 100
84 8 100
84 8 100
84 8 100
84 8 100
84 8 100
85 8 100
85 8 100
85 8 100
85 8 100
85 8 100
85 8 100
85 8 100
85 8 100
85 8 100
85 8 100
85 8 100
85 8 100
85 8 100
85 8 100
85 8 100
85 8 100
85 8 100
85 8 100
85 8 100
85 8 100
85 8 100
85 8 100
85 8 100
85 8 100
85 8 100
85 8 100
85 8 100
85 8 100
85 8 100
85 8 100
85 8 100
85 8 100
85 8 100
85 8 100
85 8 100
85 8 100
85 8 100
85 8 100
85 8 100
85 8 100
86 8 100
86 8 100
86 8 100
86 8 100
86 8 100
86 8 100
86 8 100
86 8 100
86 8 100
86 8 100
86 8 100
86 8 100
86 8 100
86 8 100
86 8 100
86 8 100
86 8 100
86 8 100
86 8 100
86 8 100
86 8 100
86 8 100
86 8 100
86 8 100
86 8 100
86 8 100
86 8 100
86 8 100
86 8 100
86 8 100
86 8 100
86 8 100
86 8 100
86 8 100
86 8 100
86 8 100
86 8 100
86 8 100
86 8 100
86 8 100
87 8 100
87 8 100
87 8 100
87 8 100
87 8 100
87 8 100
87 8 100
87 8 100
87 8 100
87 8 100
87 8 100
87 8 100
87 8 100
87 8 100
87 8 100
87 8 100
87 8 100
87 8 100
87 8 100
87 8 100
87 8 100
87 8 100
87 8 100
87 8 100
87 8 100
87 8 100
87 8 100
87 8 100
87 8 100
87 8 100
87 8 100
87 8 100
87 8 100
87 8 100
87 8 100
87 8 100
87 8 100
87 8 100
87 8 100
87 8 100
88 8 100
88 8 100
88 8 100
88 8 100
88 8 100
88 8 100
88 8 100
88 8 100
88 8 100
88 8 100
88 8 100
88 8 100
88 8 100
88 8 100
88 8 100
88 8 100
88 8 100
88 8 100
88 8 100
88 8 100
88 8 100
88 8 100
88 8 100
88 8 100
88 8 100
88 8 100
88 8 100
88 8 100
88 8 100
88 8 100
88 8 100
88 8 100
88 8 100
88 8 100
88 8 100
88 8 100
88 8 100
88 8 100
88 8 100
88 8 100
88 8 100
89 8 100
89 8 100
89 8 100
89 8 100
89 8 100
89 8 100
89 8 100
89 8 100
89 8 100
89 8 100
89 8 100
89 8 100
89 8 100
89 8 100
89 8 100
89 8 100
89 8 100
89 8 100
89 8 100
89 8 100
89 8 100
89 8 100
89 8 100
89 8 100
89 8 100
89 8 100
89 8 100
89 8 100
89 8 100
89 8 100
89 8 100
89 8 100
89 8 100
89 8 100
89 8 100
89 8 100
89 8 100
89 8 100
89 8 100
89 8 100
89 8 100
89 8 100
90 8 100
90 8 100
90 8 100
90 8 100
90 8 100
90 8 100
90 8 100
90 8 100
90 8 100
90 8 100
90 8 100
90 8 100
90 8 100
90 8 100
90 8 100
90 8 100
90 8 100
90 8 100
90 8 100
90 8 100
90 8 100
90 8 100
90 8 100
90 8 100
90 8 100
90 8 100
90 8 100
90 8 100
90 8 100
90 8 100
90 8 100
90 8 100
90 8 100
90 8 100
90 8 100
90 8 100
90 8 100
90 8 100
90 8 100
90 8 100
90 8 100
90 8 100
90 8 100
91 8 100
91 8 100
91 8 100
91 8 100
91 8 100
91 8 100
91 8 100
91 8 100
91 8 100
91 8 100
91 8 100
91 8 100
91 8 100
91 8 100
91 8 100
91 8 100
91 8 100
91 8 100
91 8 100
91 8 100
91 8 100
91 8 100
91 8 100
91 8 100
91 8 100
91 8 100
91 8 100
91 8 100
91 8 100
91 8 100
91 8 100
91 8 100
91 8 100
91 8 100
91 8 100
91 8 100
91 8 100
91 8 100
91 8 100
91 8 100
91 8 100
91 8 100
91 8 100
91 8 100
92 8 100
92 8 100
92 8 100
92 8 100
92 8 100
92 8 100
92 8 100
92 8 100
92 8 100
92 8 100
92 8 100
92 8 100
92 8 100
92 8 100
92 8 100
92 8 100
92 8 100
92 8 100
92 8 100
92 8 100
92 8 100
92 8 100
92 8 100
92 8 100
92 8 100
92 8 100
92 8 100
92 8 100
92 8 100
92 8 100
92 8 100
92 8 100
92 8 100
92 8 100
92 8 100
92 8 100
92 8 100
92 8 100
92 8 100
92 8 100
92 8 100
92 8 100
92 8 100
92 8 100
92 8 100
93 8 100
93 8 100
93 8 100
93 8 100
93 8 100
93 8 100
93 8 100
93 8 100
93 8 100
93 8 100
93 8 100
93 8 100
93 8 100
93 8 100
93 8 100
93 8 100
93 8 100
93 8 100
93 8 100
93 8 100
93 8 100
93 8 100
93 8 100
93 8 100
93 8 100
93 8 100
93 8 100
93 8 100
93 8 100
93 8 100
93 8 100
93 8 100
93 8 100
93 8 100
93 8 100
93 8 100
93 8 100
93 8 100
93 8 100
93 8 100
93 8 100
93 8 100
93 8 100
93 8 100
93 8 100
93 8 100
94 8 100
94 8 100
94 8 100
94 8 100
94 8 100
94 8 100
94 8 100
94 8 100
94 8 100
94 8 100
94 8 100
94 8 100
94 8 100
94 8 100
94 8 100
94 8 100
94 8 100
94 8 100
94 8 100
94 8 100
94 8 100
94 8 100
94 8 100
94 8 100
94 8 100
94 8 100
94 8 100
94 8 100
94 8 100
94 8 100
94 8 100
94 8 100
94 8 100
94 8 100
94 8 100
94 8 100
94 8 100
94 8 100
94 8 100
94 8 100
94 8 100
94 8 100
94 8 100
94 8 100
94 8 100
94 8 100
95 8 100
95 8 100
95 8 100
95 8 100
95 8 100
95 8 100
95 8 100
95 8 100
95 8 100
95 8 100
95 8 100
95 8 100
95 8 100
95 8 100
95 8 100
95 8 100
95 8 100
95 8 100
95 8 100
95 8 100
95 8 100
95 8 100
95 8 100
95 8 100
95 8 100
95 8 100
95 8 100
95 8 100
95 8 100
95 8 100
95 8 100
95 8 100
95 8 100
95 8 100
95 8 100
95 8 100
95 8 100
95 8 100
95 8 100
95 8 100
95 8 100
95 8 100
95 8 100
95 8 100
95 8 100
95 8 100
95 8 100
96 8 100
96 8 100
96 8 100
96 8 100
96 8 100
96 8 100
96 8 100
96 8 100
96 8 100
96 8 100
96 8 100
96 8 100
96 8 100
96 8 100
96 8 100
96 8 100
96 8 100
96 8 100
96 8 100
96 8 100
96 8 100
96 8 100
96 8 100
96 8 100
96 8 100
96 8 100
96 8 100
96 8 100
96 8 100
96 8 100
96 8 100
96 8 100
96 8 100
96 8 100
96 8 100
96 8 100
96 8 100
96 8 100
96 8 100
96 8 100
96 8 100
96 8 100
96 8 100
96 8 100
96 8 100
96 8 100
96 8 100
97 8 100
97 8 100
97 8 100
97 8 100
97 8 100
97 8 100
97 8 100
97 8 100
97 8 100
97 8 100
97 8 100
97 8 100
97 8 100
97 8 100
97 8 100
97 8 100
97 8 100
97 8 100
97 8 100
97 8 100
97 8 100
97 8 100
97 8 100
97 8 100
97 8 100
97 8 100
97 8 100
97 8 100
97 8 100
97 8 100
97 8 100
97 8 100
97 8 100
97 8 100
97 8 100
97 8 100
97 8 100
97 8 100
97 8 100
97 8 100
97 8 100
97 8 100
97 8 100
97 8 100
97 8 100
97 8 100
97 8 100
98 8 100
98 8 100
98 8 100
98 8 100
98 8 100
98 8 100
98 8 100
98 8 100
98 8 100
98 8 100
98 8 100
98 8 100
98 8 100
98 8 100
98 8 100
98 8 100
98 8 100
98 8 100
98 8 100
98 8 100
98 8 100
98 8 100
98 8 100
98 8 100
98 8 100
98 8 100
98 8 100
98 8 100
98 8 100
98 8 100
98 8 100
98 8 100
98 8 100
98 8 100
98 8 100
98 8 100
98 8 100
98 8 100
98 8 100
98 8 100
98 8 100
98 8 100
98 8 100
98 8 100
98 8 100
98 8 100
98 8 100
99 8 100
99 8 100
99 8 100
99 8 100
99 8 100
99 8 100
99 8 100
99 8 100
99 8 100
99 8 100
99 8 100
99 8 100
99 8 100
99 8 100
99 8 100
99 8 100
99 8 100
99 8 100
99 8 100
99 8 100
99 8 100
99 8 100
99 8 100
99 8 100
99 8 100
99 8 100
99 8 100
99 8 100
99 8 100
99 8 100
99 8 100
99 8 100
99 8 100
99 8 100
99 8 100
99 8 100
99 8 100
99 8 100
99 8 100
99 8 100
99 8 100
99 8 100
99 8 100
99 8 100
99 8 100
99 8 100
99 8 100
100 8 100
100 8 100
100 8 100
100 8 100
100 8 100
100 8 100
100 8 100
100 8 100
100 8 100
100 8 100
100 8 100
100 8 100
100 8 100
100 8 100
100 8 100
100 8 100
100 8 100
100 8 100
100 8 100
100 8 100
100 8 100
100 8 100
100 8 100
100 8 100
100 8 100
100 8 100
100 8 100
100 8 100
100 8 100
100 8 100
100 8 100
100 8 100
100 8 100
100 8 100
100 8 100
100 8 100
100 8 100
100 8 100
100 8 100
100 8 100
100 8 100
100 8 100
100 8 100
100 8 100
100 8 100
100 8 100
100 8 100
101 8 100
101 8 100
101 8 100
101 8 100
101 8 100
101 8 100
101 8 100
101 8 100
101 8 100
101 8 100
101 8 100
101 8 100
101 8 100
101 8 100
101 8 100
101 8 100
101 8 100
101 8 100
101 8 100
101 8 100
101 8 100
101 8 100
101 8 100
101 8 100
101 8 100
101 8 100
101 8 100
101 8 100
101 8 100
101 8 100
101 8 100
101 8 100
101 8 100
101 8 100
101 8 100
101 8 100
101 8 100
101 8 100
101 8 100
101 8 100
101 8 100
101 8 100
101 8 100
101 8 100
101 8 100
101 8 100
101 8 100
102 8 100
102 8 100
102 8 100
102 8 100
102 8 100
102 8 100
102 8 100
102 8 100
102 8 100
102 8 100
102 8 100
102 8 100
102 8 100
102 8 100
102 8 100
102 8 100
102 8 100
102 8 100
102 8 100
102 8 100
102 8 100
102 8 100
102 8 100
102 8 100
102 8 100
102 8 100
102 8 100
102 8 100
102 8 100
102 8 100
102 8 100
102 8 100
102 8 100
102 8 100
102 8 100
102 8 100
102 8 100
102 8 100
102 8 100
102 8 100
102 8 100
102 8 100
102 8 100
102 8 100
102 8 100
102 8 100
103 8 100
103 8 100
103 8 100
103 8 100
103 8 100
103 8 100
103 8 100
103 8 100
103 8 100
103 8 100
103 8 100
103 8 100
103 8 100
103 8 100
103 8 100
103 8 100
103 8 100
103 8 100
103 8 100
103 8 100
103 8 100
103 8 100
103 8 100
103 8 100
103 8 100
103 8 100
103 8 100
103 8 100
103 8 100
103 8 100
103 8 100
103 8 100
103 8 100
103 8 100
103 8 100
103 8 100
103 8 100
103 8 100
103 8 100
103 8 100
103 8 100
103 8 100
103 8 100
103 8 100
103 8 100
104 8 100
104 8 100
104 8 100
104 8 100
104 8 100
104 8 100
104 8 100
104 8 100
104 8 100
104 8 100
104 8 100
104 8 100
104 8 100
104 8 100
104 8 100
104 8 100
104 8 100
104 8 100
104 8 100
104 8 100
104 8 100
104 8 100
104 8 100
104 8 100
104 8 100
104 8 100
104 8 100
104 8 100
104 8 100
104 8 100
104 8 100
104 8 100
104 8 100
104 8 100
104 8 100
104 8 100
104 8 100
104 8 100
104 8 100
104 8 100
104 8 100
104 8 100
104 8 100
104 8 100
105 8 100
105 8 100
105 8 100
105 8 100
105 8 100
105 8 100
105 8 100
105 8 100
105 8 100
105 8 100
105 8 100
105 8 100
105 8 100
105 8 100
105 8 100
105 8 100
105 8 100
105 8 100
105 8 100
105 8 100
105 8 100
105 8 100
105 8 100
105 8 100
105 8 100
105 8 100
105 8 100
105 8 100
105 8 100
105 8 100
105 8 100
105 8 100
105 8 100
105 8 100
105 8 100
105 8 100
105 8 100
105 8 100
105 8 100
105 8 100
105 8 100
105 8 100
106 8 100
106 8 100
106 8 100
106 8 100
106 8 100
106 8 100
106 8 100
106 8 100
106 8 100
106 8 100
106 8 100
106 8 100
106 8 100
106 8 100
106 8 100
106 8 100
106 8 100
106 8 100
106 8 100
106 8 100
106 8 100
106 8 100
106 8 100
106 8 100
106 8 100
106 8 100
106 8 100
106 8 100
106 8 100
106 8 100
106 8 100
106 8 100
106 8 100
106 8 100
106 8 100
106 8 100
106 8 100
106 8 100
106 8 100
106 8 100
107 8 100
107 8 100
107 8 100
107 8 100
107 8 100
107 8 100
107 8 100
107 8 100
107 8 100
107 8 100
107 8 100
107 8 100
107 8 100
107 8 100
107 8 100
107 8 100
107 8 100
107 8 100
107 8 100
107 8 100
107 8 100
107 8 100
107 8 100
107 8 100
107 8 100
107 8 100
107 8 100
107 8 100
107 8 100
107 8 100
107 8 100
107 8 100
107 8 100
107 8 100
107 8 100
107 8 100
107 8 100
107 8 100
108 8 100
108 8 100
108 8 100
108 8 100
108 8 100
108 8 100
108 8 100
108 8 100
108 8 100
108 8 100
108 8 100
108 8 100
108 8 100
108 8 100
108 8 100
108 8 100
108 8 100
108 8 100
108 8 100
108 8 100
108 8 100
108 8 100
108 8 100
108 8 100
108 8 100
108 8 100
108 8 100
108 8 100
108 8 100
108 8 100
108 8 100
108 8 100
108 8 100
108 8 100
108 8 100
109 8 100
109 8 100
109 8 100
109 8 100
109 8 100
109 8 100
109 8 100
109 8 100
109 8 100
109 8 100
109 8 100
109 8 100
109 8 100
109 8 100
109 8 100
109 8 100
109 8 100
109 8 100
109 8 100
109 8 100
109 8 100
109 8 100
109 8 100
109 8 100
109 8 100
109 8 100
109 8 100
109 8 100
109 8 100
109 8 100
109 8 100
109 8 100
109 8 100
110 8 100
110 8 100
110 8 100
110 8 100
110 8 100
110 8 100
110 8 100
110 8 100
110 8 100
110 8 100
110 8 100
110 8 100
110 8 100
110 8 100
110 8 100
110 8 100
110 8 100
110 8 100
110 8 100
110 8 100
110 8 100
110 8 100
110 8 100
110 8 100
110 8 100
110 8 100
110 8 100
110 8 100
110 8 100
110 8 100
110 8 100
111 8 100
111 8 100
111 8 100
111 8 100
111 8 100
111 8 100
111 8 100
111 8 100
111 8 100
111 8 100
111 8 100
111 8 100
111 8 100
111 8 100
111 8 100
111 8 100
111 8 100
111 8 100
111 8 100
111 8 100
111 8 100
111 8 100
111 8 100
111 8 100
111 8 100
111 8 100
111 8 100
111 8 100
111 8 100
112 8 100
112 8 100
112 8 100
112 8 100
112 8 100
112 8 100
112 8 100
112 8 100
112 8 100
112 8 100
112 8 100
112 8 100
112 8 100
112 8 100
112 8 100
112 8 100
112 8 100
112 8 100
112 8 100
112 8 100
112 8 100
112 8 100
112 8 100
112 8 100
112 8 100
112 8 100
112 8 100
112 8 100
113 8 100
113 8 100
113 8 100
113 8 100
113 8 100
113 8 100
113 8 100
113 8 100
113 8 100
113 8 100
113 8 100
113 8 100
113 8 100
113 8 100
113 8 100
113 8 100
113 8 100
113 8 100
113 8 100
113 8 100
113 8 100
113 8 100
113 8 100
113 8 100
113 8 100
113 8 100
113 8 100
114 8 100
114 8 100
114 8 100
114 8 100
114 8 100
114 8 100
114 8 100
114 8 100
114 8 100
114 8 100
114 8 100
114 8 100
114 8 100
114 8 100
114 8 100
114 8 100
114 8 100
114 8 100
114 8 100
114 8 100
114 8 100
114 8 100
114 8 100
114 8 100
114 8 100
114 8 100
115 8 100
115 8 100
115 8 100
115 8 100
115 8 100
115 8 100
115 8 100
115 8 100
115 8 100
115 8 100
115 8 100
115 8 100
115 8 100
115 8 100
115 8 100
115 8 100
115 8 100
115 8 100
115 8 100
115 8 100
115 8 100
115 8 100
115 8 100
115 8 100
115 8 100
115 8 100
116 8 100
116 8 100
116 8 100
116 8 100
116 8 100
116 8 100
116 8 100
116 8 100
116 8 100
116 8 100
116 8 100
116 8 100
116 8 100
116 8 100
116 8 100
116 8 100
116 8 100
116 8 100
116 8 100
116 8 100
116 8 100
116 8 100
116 8 100
116 8 100
116 8 100
117 8 100
117 8 100
117 8 100
117 8 100
117 8 100
117 8 100
117 8 100
117 8 100
117 8 100
117 8 100
117 8 100
117 8 100
117 8 100
117 8 100
117 8 100
117 8 100
117 8 100
117 8 100
117 8 100
117 8 100
117 8 100
117 8 100
117 8 100
117 8 100
117 8 100
118 8 100
118 8 100
118 8 100
118 8 100
118 8 100
118 8 100
118 8 100
118 8 100
118 8 100
118 8 100
118 8 100
118 8 100
118 8 100
118 8 100
118 8 100
118 8 100
118 8 100
118 8 100
118 8 100
118 8 100
118 8 100
118 8 100
118 8 100
118 8 100
118 8 100
119 8 100
119 8 100
119 8 100
119 8 100
119 8 100
119 8 100
119 8 100
119 8 100
119 8 100
119 8 100
119 8 100
119 8 100
119 8 100
119 8 100
119 8 100
119 8 100
119 8 100
119 8 100
119 8 100
119 8 100
119 8 100
119 8 100
119 8 100
119 8 100
120 8 100
120 8 100
120 8 100
120 8 100
120 8 100
120 8 100
120 8 100
120 8 100
120 8 100
120 8 100
120 8 100
120 8 100
120 8 100
120 8 100
120 8 100
120 8 100
120 8 100
120 8 100
120 8 100
120 8 100
120 8 100
120 8 100
120 8 100
121 8 100
121 8 100
121 8 100
121 8 100
121 8 100
121 8 100
121 8 100
121 8 100
121 8 100
121 8 100
121 8 100
121 8 100
121 8 100
121 8 100
121 8 100
121 8 100
121 8 100
121 8 100
121 8 100
121 8 100
121 8 100
121 8 100
122 8 100
122 8 100
122 8 100
122 8 100
122 8 100
122 8 100
122 8 100
122 8 100
122 8 100
122 8 100
122 8 100
122 8 100
122 8 100
122 8 100
122 8 100
122 8 100
122 8 100
122 8 100
122 8 100
122 8 100
123 8 100
123 8 100
123 8 100
123 8 100
123 8 100
123 8 100
123 8 100
123 8 100
123 8 100
123 8 100
123 8 100
123 8 100
123 8 100
123 8 100
123 8 100
123 8 100
123 8 100
124 8 100
124 8 100
124 8 100
124 8 100
124 8 100
124 8 100
124 8 100
124 8 100
124 8 100
124 8 100
124 8 100
124 8 100
124 8 100
124 8 100
124 8 100
125 8 100
125 8 100
125 8 100
125 8 100
125 8 100
125 8 100
125 8 100
125 8 100
125 8 100
125 8 100
125 8 100
125 8 100
125 8 100
126 8 100
126 8 100
126 8 100
126 8 100
126 8 100
126 8 100
126 8 100
126 8 100
126 8 100
126 8 100
126 8 100
127 8 100
127 8 100
127 8 100
127 8 100
127 8 100
127 8 100
127 8 100
127 8 100
127 8 100
127 8 100
128 8 100
128 8 100
128 8 100
128 8 100
128 8 100
128 8 100
128 8 100
128 8 100
128 8 100
129 8 100
129 8 100
129 8 100
129 8 100
129 8 100
129 8 100
129 8 100
129 8 100
130 8 100
130 8 100
130 8 100
130 8 100
130 8 100
130 8 100
130 8 100
131 8 100
131 8 100
131 8 100
131 8 100
131 8 100
131 8 100
131 8 100
132 8 100
132 8 100
132 8 100
132 8 100
132 8 100
132 8 100
133 8 100
133 8 100
133 8 100
133 8 100
133 8 100
133 8 100
134 8 100
134 8 100
134 8 100
134 8 100
134 8 100
135 8 100
135 8 100
135 8 100
135 8 100
135 8 100
136 8 100
136 8 100
136 8 100
136 8 100
137 8 100
137 8 100
137 8 100
138 8 100
138 8 100
138 8 100
139 8 100
139 8 100
139 8 100
140 8 100
140 8 100
141 8 100
141 8 100
142 8 100
142 8 100
143 8 100
143 8 100
144 8 100
144 8 100
145 8 100
145 8 100
146 8 100
146 8 100
147 8 100
147 8 100
148 8 100
148 8 100
149 8 100
149 8 100
150 8 100
150 8 100
150 8 100
151 8 100
151 8 100
151 8 100
152 8 100
152 8 100
152 8 100
152 8 100
153 8 100
153 8 100
153 8 100
153 8 100
154 8 100
154 8 100
154 8 100
154 8 100
154 8 100
155 8 100
155 8 100
155 8 100
155 8 100
155 8 100
155 8 100
156 8 100
156 8 100
156 8 100
156 8 100
156 8 100
156 8 100
156 8 100
157 8 100
157 8 100
157 8 100
157 8 100
157 8 100
157 8 100
157 8 100
158 8 100
158 8 100
158 8 100
158 8 100
158 8 100
158 8 100
158 8 100
158 8 100
159 8 100
159 8 100
159 8 100
159 8 100
159 8 100
159 8 100
159 8 100
159 8 100
159 8 100
160 8 100
160 8 100
160 8 100
160 8 100
160 8 100
160 8 100
160 8 100
160 8 100
160 8 100
161 8 100
161 8 100
161 8 100
161 8 100
161 8 100
161 8 100
161 8 100
161 8 100
161 8 100
162 8 100
162 8 100
162 8 100
162 8 100
162 8 100
162 8 100
162 8 100
162 8 100
163 8 100
163 8 100
163 8 100
163 8 100
163 8 100
163 8 100
163 8 100
163 8 100
164 8 100
164 8 100
164 8 100
164 8 100
164 8 100
164 8 100
164 8 100
165 8 100
165 8 100
165 8 100
165 8 100
165 8 100
165 8 100
165 8 100
166 8 100
166 8 100
166 8 100
166 8 100
166 8 100
166 8 100
166 8 100
167 8 100
167 8 100
167 8 100
167 8 100
167 8 100
167 8 100
167 8 100
168 8 100
168 8 100
168 8 100
168 8 100
168 8 100
168 8 100
169 8 100
169 8 100
169 8 100
169 8 100
169 8 100
169 8 100
170 8 100
170 8 100
170 8 100
170 8 100
170 8 100
170 8 100
171 8 100
171 8 100
171 8 100
171 8 100
171 8 100
172 8 100
172 8 100
172 8 100
172 8 100
172 8 100
173 8 100
173 8 100
173 8 100
173 8 100
173 8 100
174 8 100
174 8 100
174 8 100
174 8 100
174 8 100
175 8 100
175 8 100
175 8 100
175 8 100
175 8 100
175 8 100
176 8 100
176 8 100
176 8 100
176 8 100
176 8 100
176 8 100
177 8 100
177 8 100
177 8 100
177 8 100
177 8 100
177 8 100
177 8 100
178 8 100
178 8 100
178 8 100
178 8 100
178 8 100
178 8 100
178 8 100
178 8 100
179 8 100
179 8 100
179 8 100
179 8 100
179 8 100
179 8 100
179 8 100
179 8 100
179 8 100
180 8 100
180 8 100
180 8 100
180 8 100
180 8 100
180 8 100
180 8 100
180 8 100
180 8 100
181 8 100
181 8 100
181 8 100
181 8 100
181 8 100
181 8 100
181 8 100
181 8 100
181 8 100
181 8 100
182 8 100
182 8 100
182 8 100
182 8 100
182 8 100
182 8 100
182 8 100
182 8 100
182 8 100
182 8 100
182 8 100
183 8 100
183 8 100
183 8 100
183 8 100
183 8 100
183 8 100
183 8 100
183 8 100
183 8 100
183 8 100
183 8 100
184 8 100
184 8 100
184 8 100
184 8 100
184 8 100
184 8 100
184 8 100
184 8 100
184 8 100
184 8 100
184 8 100
185 8 100
185 8 100
185 8 100
185 8 100
185 8 100
185 8 100
185 8 100
185 8 100
185 8 100
185 8 100
185 8 100
186 8 100
186 8 100
186 8 100
186 8 100
186 8 100
186 8 100
186 8 100
186 8 100
186 8 100
186 8 100
187 8 100
187 8 100
187 8 100
187 8 100
187 8 100
187 8 100
187 8 100
187 8 100
187 8 100
188 8 100
188 8 100
188 8 100
188 8 100
188 8 100
188 8 100
188 8 100
188 8 100
188 8 100
189 8 100
189 8 100
189 8 100
189 8 100
189 8 100
189 8 100
189 8 100
189 8 100
190 8 100
190 8 100
190 8 100
190 8 100
190 8 100
190 8 100
190 8 100
191 8 100
191 8 100
191 8 100
191 8 100
191 8 100
191 8 100
192 8 100
192 8 100
192 8 100
192 8 100
192 8 100
192 8 100
193 8 100
193 8 100
193 8 100
193 8 100
193 8 100
193 8 100
194 8 100
194 8 100
194 8 100
194 8 100
194 8 100
194 8 100
194 9 100
194 9 100
194 9 100
194 9 100
194 9 100
194 10 100
194 10 100
194 10 100
194 10 100
194 10 100
194 11 100
194 11 100
194 11 100
194 11 100
194 11 100
194 12 100
194 12 100
194 12 100
194 12 100
194 12 100
194 13 100
194 13 100
194 13 100
194 13 100
194 13 100
194 14 100
194 14 100
194 14 100
194 14 100
194 14 100
194 14 100
194 15 100
194 15 100
194 15 100
194 15 100
194 15 100
194 15 100
194 16 100
194 16 100
194 16 100
194 16 100
194 16 100
194 16 100
194 17 100
194 17 100
194 17 100
194 17 100
194 17 100
194 17 100
194 18 100
194 18 100
194 18 100
194 18 100
194 18 100
194 18 100
194 19 100
194 19 100
194 19 100
194 19 100
194 19 100
194 20 100
194 20 100
194 20 100
194 20 100
194 20 100
194 21 100
194 21 100
194 21 100
194 21 100
194 22 100
194 22 100
194 22 100
194 22 100
194 23 100
194 23 100
194 23 100
194 24 100
194 24 100
194 24 100
194 25 100
194 25 100
194 25 100
194 26 100
194 26 100
194 26 100
194 27 100
194 27 100
194 27 100
194 28 100
194 28 100
194 28 100
194 29 100
194 29 100
194 29 100
194 30 100
194 30 100
194 30 100
194 30 100
194 31 100
194 31 100
194 31 100
194 31 100
194 32 100
194 32 100
194 32 100
194 32 100
194 33 100
194 33 100
194 33 100
194 33 100
194 34 100
194 34 100
194 34 100
# move from (153,140) to (194,150)
153 140 100
153 140 100
153 140 100
154 140 100
154 140 100
155 140 100
155 140 100
156 140 100
156 140 100
157 140 100
157 140 100
158 140 100
158 140 100
159 140 100
160 140 100
161 140 100
162 140 100
163 140 100
164 140 100
165 140 100
166 140 100
167 140 100
168 140 100
169 140 100
170 140 100
171 140 100
172 140 100
173 140 100
174 140 100
175 140 100
176 140 100
177 140 100
178 140 100
179 140 100
180 140 100
181 140 100
182 140 100
183 140 100
184 140 100
185 140 100
186 140 100
187 140 100
188 140 100
189 140 100
190 140 100
191 140 100
192 140 100
193 140 100
# move from (21,149) to (194,150)
21 149 100
22 149 100
23 149 100
24 149 100
25 149 100
26 149 100
26 149 100
27 149 100
27 149 100
28 149 100
28 149 100
29 149 100
29 149 100
29 149 100
30 149 100
30 149 100
30 149 100
31 149 100
31 149 100
31 149 100
32 149 100
32 149 100
32 149 100
32 149 100
33 149 100
33 149 100
33 149 100
33 149 100
34 149 100
34 149 100
34 149 100
35 149 100
35 149 100
35 149 100
36 149 100
36 149 100
36 149 100
37 149 100
37 149 100
37 149 100
38 149 100
38 149 100
38 149 100
39 149 100
39 149 100
39 149 100
40 149 100
40 149 100
41 149 100
41 149 100
42 149 100
42 149 100
43 149 100
43 149 100
44 149 100
44 149 100
45 149 100
45 149 100
46 149 100
46 149 100
47 149 100
47 149 100
48 149 100
48 149 100
49 149 100
49 149 100
50 149 100
50 149 100
51 149 100
51 149 100
52 149 100
52 149 100
53 149 100
53 149 100
54 149 100
54 149 100
55 149 100
55 149 100
56 149 100
56 149 100
57 149 100
57 149 100
58 149 100
58 149 100
59 149 100
59 149 100
60 149 100
60 149 100
61 149 100
62 149 100
63 149 100
64 149 100
65 149 100
66 149 100
67 149 100
68 149 100
69 149 100
70 149 100
71 149 100
72 149 100
73 149 100
74 149 100
75 149 100
76 149 100
77 149 100
78 149 100
79 149 100
80 149 100
81 149 100
82 149 100
83 149 100
84 149 100
85 149 100
86 149 100
87 149 100
88 149 100
89 149 100
90 149 100
91 149 100
92 149 100
93 149 100
94 149 100
95 149 100
96 149 100
97 149 100
98 149 100
99 149 100
100 149 100
101 149 100
102 149 100
103 149 100
104 149 100
105 149 100
106 149 100
107 149 100
108 149 100
109 149 100
110 149 100
111 149 100
112 149 100
113 149 100
114 149 100
115 149 100
116 149 100
117 149 100
118 149 100
118 149 100
119 149 100
119 149 100
120 149 100
120 149 100
121 149 100
121 149 100
121 149 100
122 149 100
122 149 100
122 149 100
122 149 100
123 149 100
123 149 100
123 149 100
123 149 100
123 149 100
124 149 100
124 149 100
124 149 100
124 149 100
124 149 100
124 149 100
125 149 100
125 149 100
125 149 100
125 149 100
125 149 100
125 149 100
125 149 100
126 149 100
126 149 100
126 149 100
126 149 100
126 149 100
126 149 100
126 149 100
126 149 100
126 149 100
127 149 100
127 149 100
127 149 100
127 149 100
127 149 100
127 149 100
127 149 100
127 149 100
127 149 100
127 149 100
127 149 100
128 149 100
128 149 100
128 149 100
128 149 100
128 149 100
128 149 100
128 149 100
128 149 100
128 149 100
128 149 100
128 149 100
128 149 100
128 149 100
129 149 100
129 149 100
129 149 100
129 149 100
129 149 100
129 149 100
129 149 100
129 149 100
129 149 100
129 149 100
129 149 100
129 149 100
129 149 100
129 149 100
129 149 100
130 149 100
130 149 100
130 149 100
130 149 100
130 149 100
130 149 100
130 149 100
130 149 100
130 149 100
130 149 100
130 149 100
130 149 100
130 149 100
130 149 100
130 149 100
130 149 100
130 149 100
131 149 100
131 149 100
131 149 100
131 149 100
131 149 100
131 149 100
131 149 100
131 149 100
131 149 100
131 149 100
131 149 100
131 149 100
131 149 100
131 149 100
131 149 100
131 149 100
131 149 100
131 149 100
132 149 100
132 149 100
132 149 100
132 149 100
132 149 100
132 149 100
132 149 100
132 149 100
132 149 100
132 149 100
132 149 100
132 149 100
132 149 100
132 149 100
132 149 100
132 149 100
132 149 100
132 149 100
132 149 100
133 149 100
133 149 100
133 149 100
133 149 100
133 149 100
133 149 100
133 149 100
133 149 100
133 149 100
133 149 100
133 149 100
133 149 100
133 149 100
133 149 100
133 149 100
133 149 100
133 149 100
133 149 100
133 149 100
134 149 100
134 149 100
134 149 100
134 149 100
134 149 100
134 149 100
134 149 100
134 149 100
134 149 100
134 149 100
134 149 100
134 149 100
134 149 100
134 149 100
134 149 100
134 149 100
134 149 100
134 149 100
134 149 100
135 149 100
135 149 100
135 149 100
135 149 100
135 149 100
135 149 100
135 149 100
135 149 100
135 149 100
135 149 100
135 149 100
135 149 100
135 149 100
135 149 100
135 149 100
135 149 100
135 149 100
135 149 100
136 149 100
136 149 100
136 149 100
136 149 100
136 149 100
136 149 100
136 149 100
136 149 100
136 149 100
136 149 100
136 149 100
136 149 100
136 149 100
136 149 100
136 149 100
136 149 100
136 149 100
136 149 100
137 149 100
137 149 100
137 149 100
137 149 100
137 149 100
137 149 100
137 149 100
137 149 100
137 149 100
137 149 100
137 149 100
137 149 100
137 149 100
137 149 100
137 149 100
137 149 100
137 149 100
138 149 100
138 149 100
138 149 100
138 149 100
138 149 100
138 149 100
138 149 100
138 149 100
138 149 100
138 149 100
138 149 100
138 149 100
138 149 100
138 149 100
138 149 100
138 149 100
138 149 100
139 149 100
139 149 100
139 149 100
139 149 100
139 149 100
139 149 100
139 149 100
139 149 100
139 149 100
139 149 100
139 149 100
139 149 100
139 149 100
139 149 100
139 149 100
139 149 100
140 149 100
140 149 100
140 149 100
140 149 100
140 149 100
140 149 100
140 149 100
140 149 100
140 149 100
140 149 100
140 149 100
140 149 100
140 149 100
140 149 100
140 149 100
140 149 100
141 149 100
141 149 100
141 149 100
141 149 100
141 149 100
141 149 100
141 149 100
141 149 100
141 149 100
141 149 100
141 149 100
141 149 100
141 149 100
141 149 100
141 149 100
141 149 100
142 149 100
142 149 100
142 149 100
142 149 100
142 149 100
142 149 100
142 149 100
142 149 100
142 149 100
142 149 100
142 149 100
142 149 100
142 149 100
142 149 100
142 149 100
142 149 100
143 149 100
143 149 100
143 149 100
143 149 100
143 149 100
143 149 100
143 149 100
143 149 100
143 149 100
143 149 100
143 149 100
143 149 100
143 149 100
143 149 100
143 149 100
143 149 100
144 149 100
144 149 100
144 149 100
144 149 100
144 149 100
144 149 100
144 149 100
144 149 100
144 149 100
144 149 100
144 149 100
144 149 100
144 149 100
144 149 100
144 149 100
144 149 100
145 149 100
145 149 100
145 149 100
145 149 100
145 149 100
145 149 100
145 149 100
145 149 100
145 149 100
145 149 100
145 149 100
145 149 100
145 149 100
145 149 100
145 149 100
145 149 100
145 149 100
146 149 100
146 149 100
146 149 100
146 149 100
146 149 100
146 149 100
146 149 100
146 149 100
146 149 100
146 149 100
146 149 100
146 149 100
146 149 100
146 149 100
146 149 100
146 149 100
146 149 100
147 149 100
147 149 100
147 149 100
147 149 100
147 149 100
147 149 100
147 149 100
147 149 100
147 149 100
147 149 100
147 149 100
147 149 100
147 149 100
147 149 100
147 149 100
147 149 100
147 149 100
148 149 100
148 149 100
148 149 100
148 149 100
148 149 100
148 149 100
148 149 100
148 149 100
148 149 100
148 149 100
148 149 100
148 149 100
148 149 100
148 149 100
148 149 100
148 149 100
149 149 100
149 149 100
149 149 100
149 149 100
149 149 100
149 149 100
149 149 100
149 149 100
149 149 100
149 149 100
149 149 100
149 149 100
149 149 100
149 149 100
149 149 100
150 149 100
150 149 100
150 149 100
150 149 100
150 149 100
150 149 100
150 149 100
150 149 100
150 149 100
150 149 100
150 149 100
150 149 100
150 149 100
150 149 100
151 149 100
151 149 100
151 149 100
151 149 100
151 149 100
151 149 100
151 149 100
151 149 100
151 149 100
151 149 100
151 149 100
151 149 100
152 149 100
152 149 100
152 149 100
152 149 100
152 149 100
152 149 100
152 149 100
152 149 100
152 149 100
152 149 100
152 149 100
153 149 100
153 149 100
153 149 100
153 149 100
153 149 100
153 149 100
153 149 100
153 149 100
153 149 100
154 149 100
154 149 100
154 149 100
154 149 100
154 149 100
154 149 100
154 149 100
154 149 100
155 149 100
155 149 100
155 149 100
155 149 100
155 149 100
155 149 100
155 149 100
156 149 100
156 149 100
156 149 100
156 149 100
156 149 100
156 149 100
157 149 100
157 149 100
157 149 100
157 149 100
157 149 100
158 149 100
158 149 100
158 149 100
158 149 100
158 149 100
159 149 100
159 149 100
159 149 100
159 149 100
159 149 100
160 149 100
160 149 100
160 149 100
160 149 100
160 149 100
161 149 100
161 149 100
161 149 100
161 149 100
162 149 100
162 149 100
162 149 100
162 149 100
163 149 100
163 149 100
163 149 100
163 149 100
164 149 100
164 149 100
164 149 100
165 149 100
165 149 100
165 149 100
166 149 100
166 149 100
167 149 100
167 149 100
168 149 100
168 149 100
169 149 100
170 149 100
171 149 100
172 149 100
173 149 100
174 149 100
175 149 100
176 149 100
177 149 100
178 149 100
179 149 100
180 149 100
181 149 100
182 149 100
183 149 100
184 149 100
185 149 100
186 149 100
187 149 100
188 149 100
189 149 100
190 149 100
191 149 100
192 149 100
193 149 100
# move from (11,114) to (194,150)
11 114 100
12 114 100
13 114 100
14 114 100
15 114 100
16 114 100
17 114 100
18 114 100
19 114 100
20 114 100
21 114 100
22 114 100
23 114 100
24 114 100
25 114 100
26 114 100
27 114 100
28 114 100
29 114 100
30 114 100
31 114 100
32 114 100
33 114 100
34 114 100
35 114 100
36 114 100
37 114 100
38 114 100
39 114 100
40 114 100
41 114 100
42 114 100
43 114 100
44 114 100
45 114 100
46 114 100
47 114 100
48 114 100
49 114 100
50 114 100
51 114 100
52 114 100
53 114 100
54 114 100
55 114 100
56 114 100
57 114 100
58 114 100
59 114 100
60 114 100
61 114 100
61 114 100
62 114 100
62 114 100
63 114 100
63 114 100
63 114 100
64 114 100
64 114 100
64 114 100
65 114 100
65 114 100
65 114 100
65 114 100
66 114 100
66 114 100
66 114 100
66 114 100
67 114 100
67 114 100
67 114 100
67 114 100
67 114 100
68 114 100
68 114 100
68 114 100
68 114 100
68 114 100
69 114 100
69 114 100
69 114 100
69 114 100
69 114 100
69 114 100
70 114 100
70 114 100
70 114 100
70 114 100
70 114 100
70 114 100
71 114 100
71 114 100
71 114 100
71 114 100
71 114 100
71 114 100
72 114 100
72 114 100
72 114 100
72 114 100
72 114 100
72 114 100
72 114 100
73 114 100
73 114 100
73 114 100
73 114 100
73 114 100
73 114 100
73 114 100
74 114 100
74 114 100
74 114 100
74 114 100
74 114 100
74 114 100
74 114 100
75 114 100
75 114 100
75 114 100
75 114 100
75 114 100
75 114 100
75 114 100
75 114 100
76 114 100
76 114 100
76 114 100
76 114 100
76 114 100
76 114 100
76 114 100
76 114 100
77 114 100
77 114 100
77 114 100
77 114 100
77 114 100
77 114 100
77 114 100
77 114 100
77 114 100
78 114 100
78 114 100
78 114 100
78 114 100
78 114 100
78 114 100
78 114 100
78 114 100
78 114 100
78 114 100
79 114 100
79 114 100
79 114 100
79 114 100
79 114 100
79 114 100
79 114 100
79 114 100
79 114 100
79 114 100
79 114 100
80 114 100
80 114 100
80 114 100
80 114 100
80 114 100
80 114 100
80 114 100
80 114 100
80 114 100
80 114 100
80 114 100
80 114 100
81 114 100
81 114 100
81 114 100
81 114 100
81 114 100
81 114 100
81 114 100
81 114 100
81 114 100
81 114 100
81 114 100
81 114 100
81 114 100
82 114 100
82 114 100
82 114 100
82 114 100
82 114 100
82 114 100
82 114 100
82 114 100
82 114 100
82 114 100
82 114 100
82 114 100
82 114 100
82 114 100
83 114 100
83 114 100
83 114 100
83 114 100
83 114 100
83 114 100
83 114 100
83 114 100
83 114 100
83 114 100
83 114 100
83 114 100
83 114 100
83 114 100
84 114 100
84 114 100
84 114 100
84 114 100
84 114 100
84 114 100
84 114 100
84 114 100
84 114 100
84 114 100
84 114 100
84 114 100
84 114 100
84 114 100
85 114 100
85 114 100
85 114 100
85 114 100
85 114 100
85 114 100
85 114 100
85 114 100
85 114 100
85 114 100
85 114 100
85 114 100
85 114 100
86 114 100
86 114 100
86 114 100
86 114 100
86 114 100
86 114 100
86 114 100
86 114 100
86 114 100
86 114 100
86 114 100
86 114 100
87 114 100
87 114 100
87 114 100
87 114 100
87 114 100
87 114 100
87 114 100
87 114 100
87 114 100
87 114 100
88 114 100
88 114 100
88 114 100
88 114 100
88 114 100
88 114 100
88 114 100
88 114 100
88 114 100
89 114 100
89 114 100
89 114 100
89 114 100
89 114 100
89 114 100
89 114 100
90 114 100
90 114 100
90 114 100
90 114 100
90 114 100
90 114 100
91 114 100
91 114 100
91 114 100
91 114 100
91 114 100
92 114 100
92 114 100
92 114 100
92 114 100
92 114 100
93 114 100
93 114 100
93 114 100
93 114 100
94 114 100
94 114 100
94 114 100
94 114 100
95 114 100
95 114 100
95 114 100
95 114 100
96 114 100
96 114 100
96 114 100
96 114 100
97 114 100
97 114 100
97 114 100
97 114 100
98 114 100
98 114 100
98 114 100
98 114 100
99 114 100
99 114 100
99 114 100
99 114 100
100 114 100
100 114 100
100 114 100
100 114 100
101 114 100
101 114 100
101 114 100
101 114 100
102 114 100
102 114 100
102 114 100
102 114 100
103 114 100
103 114 100
103 114 100
103 114 100
104 114 100
104 114 100
104 114 100
104 114 100
105 114 100
105 114 100
105 114 100
106 114 100
106 114 100
106 114 100
107 114 100
107 114 100
108 114 100
108 114 100
109 114 100
109 114 100
110 114 100
111 114 100
112 114 100
113 114 100
114 114 100
115 114 100
116 114 100
117 114 100
118 114 100
119 114 100
120 114 100
121 114 100
122 114 100
123 114 100
124 114 100
125 114 100
126 114 100
127 114 100
128 114 100
129 114 100
130 114 100
131 114 100
132 114 100
133 114 100
134 114 100
135 114 100
136 114 100
137 114 100
138 114 100
139 114 100
140 114 100
141 114 100
141 114 100
142 114 100
142 114 100
143 114 100
143 114 100
144 114 100
144 114 100
145 114 100
145 114 100
146 114 100
146 114 100
147 114 100
147 114 100
148 114 100
148 114 100
149 114 100
149 114 100
150 114 100
150 114 100
150 114 100
151 114 100
151 114 100
151 114 100
152 114 100
152 114 100
152 114 100
153 114 100
153 114 100
153 114 100
154 114 100
154 114 100
154 114 100
155 114 100
155 114 100
155 114 100
156 114 100
156 114 100
156 114 100
157 114 100
157 114 100
157 114 100
158 114 100
158 114 100
158 114 100
158 114 100
159 114 100
159 114 100
159 114 100
159 114 100
160 114 100
160 114 100
160 114 100
160 114 100
161 114 100
161 114 100
161 114 100
162 114 100
162 114 100
162 114 100
163 114 100
163 114 100
163 114 100
164 114 100
164 114 100
165 114 100
165 114 100
166 114 100
166 114 100
167 114 100
167 114 100
168 114 100
169 114 100
170 114 100
171 114 100
172 114 100
173 114 100
174 114 100
175 114 100
176 114 100
177 114 100
178 114 100
179 114 100
180 114 100
181 114 100
182 114 100
183 114 100
184 114 100
185 114 100
186 114 100
187 114 100
188 114 100
189 114 100
190 114 100
191 114 100
192 114 100
193 114 100
# move from (80,158) to (194,150)
80 158 100
81 158 100
82 158 100
83 158 100
84 158 100
85 158 100
86 158 100
87 158 100
88 158 100
89 158 100
90 158 100
91 158 100
92 158 100
93 158 100
94 158 100
95 158 100
96 158 100
97 158 100
98 158 100
99 158 100
100 158 100
101 158 100
101 158 100
102 158 100
102 158 100
103 158 100
103 158 100
104 158 100
104 158 100
104 158 100
105 158 100
105 158 100
105 158 100
106 158 100
106 158 100
106 158 100
107 158 100
107 158 100
107 158 100
108 158 100
108 158 100
108 158 100
109 158 100
109 158 100
109 158 100
109 158 100
110 158 100
110 158 100
110 158 100
110 158 100
111 158 100
111 158 100
111 158 100
111 158 100
112 158 100
112 158 100
112 158 100
112 158 100
113 158 100
113 158 100
113 158 100
114 158 100
114 158 100
114 158 100
115 158 100
115 158 100
115 158 100
116 158 100
116 158 100
116 158 100
117 158 100
117 158 100
117 158 100
118 158 100
118 158 100
118 158 100
118 158 100
119 158 100
119 158 100
119 158 100
119 158 100
120 158 100
120 158 100
120 158 100
120 158 100
120 158 100
121 158 100
121 158 100
121 158 100
121 158 100
121 158 100
121 158 100
122 158 100
122 158 100
122 158 100
122 158 100
122 158 100
122 158 100
122 158 100
123 158 100
123 158 100
123 158 100
123 158 100
123 158 100
123 158 100
123 158 100
123 158 100
123 158 100
124 158 100
124 158 100
124 158 100
124 158 100
124 158 100
124 158 100
124 158 100
124 158 100
124 158 100
124 158 100
125 158 100
125 158 100
125 158 100
125 158 100
125 158 100
125 158 100
125 158 100
125 158 100
125 158 100
125 158 100
125 158 100
125 158 100
126 158 100
126 158 100
126 158 100
126 158 100
126 158 100
126 158 100
126 158 100
126 158 100
126 158 100
126 158 100
126 158 100
126 158 100
126 158 100
126 158 100
126 158 100
127 158 100
127 158 100
127 158 100
127 158 100
127 158 100
127 158 100
127 158 100
127 158 100
127 158 100
127 158 100
127 158 100
127 158 100
127 158 100
127 158 100
127 158 100
127 158 100
127 158 100
128 158 100
128 158 100
128 158 100
128 158 100
128 158 100
128 158 100
128 158 100
128 158 100
128 158 100
128 158 100
128 158 100
128 158 100
128 158 100
128 158 100
128 158 100
128 158 100
128 158 100
128 158 100
128 158 100
129 158 100
129 158 100
129 158 100
129 158 100
129 158 100
129 158 100
129 158 100
129 158 100
129 158 100
129 158 100
129 158 100
129 158 100
129 158 100
129 158 100
129 158 100
129 158 100
129 158 100
129 158 100
129 158 100
129 158 100
129 158 100
130 158 100
130 158 100
130 158 100
130 158 100
130 158 100
130 158 100
130 158 100
130 158 100
130 158 100
130 158 100
130 158 100
130 158 100
130 158 100
130 158 100
130 158 100
130 158 100
130 158 100
130 158 100
130 158 100
130 158 100
130 158 100
130 158 100
130 158 100
131 158 100
131 158 100
131 158 100
131 158 100
131 158 100
131 158 100
131 158 100
131 158 100
131 158 100
131 158 100
131 158 100
131 158 100
131 158 100
131 158 100
131 158 100
131 158 100
131 158 100
131 158 100
131 158 100
131 158 100
131 158 100
131 158 100
131 158 100
131 158 100
132 158 100
132 158 100
132 158 100
132 158 100
132 158 100
132 158 100
132 158 100
132 158 100
132 158 100
132 158 100
132 158 100
132 158 100
132 158 100
132 158 100
132 158 100
132 158 100
132 158 100
132 158 100
132 158 100
132 158 100
132 158 100
132 158 100
132 158 100
132 158 100
132 158 100
132 158 100
133 158 100
133 158 100
133 158 100
133 158 100
133 158 100
133 158 100
133 158 100
133 158 100
133 158 100
133 158 100
133 158 100
133 158 100
133 158 100
133 158 100
133 158 100
133 158 100
133 158 100
133 158 100
133 158 100
133 158 100
133 158 100
133 158 100
133 158 100
133 158 100
133 158 100
133 158 100
133 158 100
134 158 100
134 158 100
134 158 100
134 158 100
134 158 100
134 158 100
134 158 100
134 158 100
134 158 100
134 158 100
134 158 100
134 158 100
134 158 100
134 158 100
134 158 100
134 158 100
134 158 100
134 158 100
134 158 100
134 158 100
134 158 100
134 158 100
134 158 100
134 158 100
134 158 100
134 158 100
134 158 100
134 158 100
135 158 100
135 158 100
135 158 100
135 158 100
135 158 100
135 158 100
135 158 100
135 158 100
135 158 100
135 158 100
135 158 100
135 158 100
135 158 100
135 158 100
135 158 100
135 158 100
135 158 100
135 158 100
135 158 100
135 158 100
135 158 100
135 158 100
135 158 100
135 158 100
135 158 100
135 158 100
135 158 100
135 158 100
135 158 100
136 158 100
136 158 100
136 158 100
136 158 100
136 158 100
136 158 100
136 158 100
136 158 100
136 158 100
136 158 100
136 158 100
136 158 100
136 158 100
136 158 100
136 158 100
136 158 100
136 158 100
136 158 100
136 158 100
136 158 100
136 158 100
136 158 100
136 158 100
136 158 100
136 158 100
136 158 100
136 158 100
136 158 100
136 158 100
136 158 100
137 158 100
137 158 100
137 158 100
137 158 100
137 158 100
137 158 100
137 158 100
137 158 100
137 158 100
137 158 100
137 158 100
137 158 100
137 158 100
137 158 100
137 158 100
137 158 100
137 158 100
137 158 100
137 158 100
137 158 100
137 158 100
137 158 100
137 158 100
137 158 100
137 158 100
137 158 100
137 158 100
137 158 100
137 158 100
137 158 100
137 158 100
138 158 100
138 158 100
138 158 100
138 158 100
138 158 100
138 158 100
138 158 100
138 158 100
138 158 100
138 158 100
138 158 100
138 158 100
138 158 100
138 158 100
138 158 100
138 158 100
138 158 100
138 158 100
138 158 100
138 158 100
138 158 100
138 158 100
138 158 100
138 158 100
138 158 100
138 158 100
138 158 100
138 158 100
138 158 100
138 158 100
138 158 100
138 158 100
139 158 100
139 158 100
139 158 100
139 158 100
139 158 100
139 158 100
139 158 100
139 158 100
139 158 100
139 158 100
139 158 100
139 158 100
139 158 100
139 158 100
139 158 100
139 158 100
139 158 100
139 158 100
139 158 100
139 158 100
139 158 100
139 158 100
139 158 100
139 158 100
139 158 100
139 158 100
139 158 100
139 158 100
139 158 100
139 158 100
139 158 100
139 158 100
140 158 100
140 158 100
140 158 100
140 158 100
140 158 100
140 158 100
140 158 100
140 158 100
140 158 100
140 158 100
140 158 100
140 158 100
140 158 100
140 158 100
140 158 100
140 158 100
140 158 100
140 158 100
140 158 100
140 158 100
140 158 100
140 158 100
140 158 100
140 158 100
140 158 100
140 158 100
140 158 100
140 158 100
140 158 100
140 158 100
140 158 100
140 158 100
140 158 100
141 158 100
141 158 100
141 158 100
141 158 100
141 158 100
141 158 100
141 158 100
141 158 100
141 158 100
141 158 100
141 158 100
141 158 100
141 158 100
141 158 100
141 158 100
141 158 100
141 158 100
141 158 100
141 158 100
141 158 100
141 158 100
141 158 100
141 158 100
141 158 100
141 158 100
141 158 100
141 158 100
141 158 100
141 158 100
141 158 100
141 158 100
141 158 100
141 158 100
142 158 100
142 158 100
142 158 100
142 158 100
142 158 100
142 158 100
142 158 100
142 158 100
142 158 100
142 158 100
142 158 100
142 158 100
142 158 100
142 158 100
142 158 100
142 158 100
142 158 100
142 158 100
142 158 100
142 158 100
142 158 100
142 158 100
142 158 100
142 158 100
142 158 100
142 158 100
142 158 100
142 158 100
142 158 100
142 158 100
142 158 100
142 158 100
142 158 100
143 158 100
143 158 100
143 158 100
143 158 100
143 158 100
143 158 100
143 158 100
143 158 100
143 158 100
143 158 100
143 158 100
143 158 100
143 158 100
143 158 100
143 158 100
143 158 100
143 158 100
143 158 100
143 158 100
143 158 100
143 158 100
143 158 100
143 158 100
143 158 100
143 158 100
143 158 100
143 158 100
143 158 100
143 158 100
143 158 100
143 158 100
143 158 100
144 158 100
144 158 100
144 158 100
144 158 100
144 158 100
144 158 100
144 158 100
144 158 100
144 158 100
144 158 100
144 158 100
144 158 100
144 158 100
144 158 100
144 158 100
144 158 100
144 158 100
144 158 100
144 158 100
144 158 100
144 158 100
144 158 100
144 158 100
144 158 100
144 158 100
144 158 100
144 158 100
144 158 100
144 158 100
144 158 100
144 158 100
145 158 100
145 158 100
145 158 100
145 158 100
145 158 100
145 158 100
145 158 100
145 158 100
145 158 100
145 158 100
145 158 100
145 158 100
145 158 100
145 158 100
145 158 100
145 158 100
145 158 100
145 158 100
145 158 100
145 158 100
145 158 100
145 158 100
145 158 100
145 158 100
145 158 100
145 158 100
145 158 100
145 158 100
145 158 100
145 158 100
145 158 100
146 158 100
146 158 100
146 158 100
146 158 100
146 158 100
146 158 100
146 158 100
146 158 100
146 158 100
146 158 100
146 158 100
146 158 100
146 158 100
146 158 100
146 158 100
146 158 100
146 158 100
146 158 100
146 158 100
146 158 100
146 158 100
146 158 100
146 158 100
146 158 100
146 158 100
146 158 100
146 158 100
146 158 100
146 158 100
146 158 100
147 158 100
147 158 100
147 158 100
147 158 100
147 158 100
147 158 100
147 158 100
147 158 100
147 158 100
147 158 100
147 158 100
147 158 100
147 158 100
147 158 100
147 158 100
147 158 100
147 158 100
147 158 100
147 158 100
147 158 100
147 158 100
147 158 100
147 158 100
147 158 100
147 158 100
147 158 100
147 158 100
147 158 100
148 158 100
148 158 100
148 158 100
148 158 100
148 158 100
148 158 100
148 158 100
148 158 100
148 158 100
148 158 100
148 158 100
148 158 100
148 158 100
148 158 100
148 158 100
148 158 100
148 158 100
148 158 100
148 158 100
148 158 100
148 158 100
148 158 100
148 158 100
148 158 100
148 158 100
148 158 100
148 158 100
149 158 100
149 158 100
149 158 100
149 158 100
149 158 100
149 158 100
149 158 100
149 158 100
149 158 100
149 158 100
149 158 100
149 158 100
149 158 100
149 158 100
149 158 100
149 158 100
149 158 100
149 158 100
149 158 100
149 158 100
149 158 100
149 158 100
149 158 100
149 158 100
149 158 100
149 158 100
150 158 100
150 158 100
150 158 100
150 158 100
150 158 100
150 158 100
150 158 100
150 158 100
150 158 100
150 158 100
150 158 100
150 158 100
150 158 100
150 158 100
150 158 100
150 158 100
150 158 100
150 158 100
150 158 100
150 158 100
150 158 100
150 158 100
150 158 100
150 158 100
150 158 100
151 158 100
151 158 100
151 158 100
151 158 100
151 158 100
151 158 100
151 158 100
151 158 100
151 158 100
151 158 100
151 158 100
151 158 100
151 158 100
151 158 100
151 158 100
151 158 100
151 158 100
151 158 100
151 158 100
151 158 100
151 158 100
151 158 100
151 158 100
151 158 100
152 158 100
152 158 100
152 158 100
152 158 100
152 158 100
152 158 100
152 158 100
152 158 100
152 158 100
152 158 100
152 158 100
152 158 100
152 158 100
152 158 100
152 158 100
152 158 100
152 158 100
152 158 100
152 158 100
152 158 100
152 158 100
152 158 100
152 158 100
153 158 100
153 158 100
153 158 100
153 158 100
153 158 100
153 158 100
153 158 100
153 158 100
153 158 100
153 158 100
153 158 100
153 158 100
153 158 100
153 158 100
153 158 100
153 158 100
153 158 100
153 158 100
153 158 100
153 158 100
153 158 100
154 158 100
154 158 100
154 158 100
154 158 100
154 158 100
154 158 100
154 158 100
154 158 100
154 158 100
154 158 100
154 158 100
154 158 100
154 158 100
154 158 100
154 158 100
154 158 100
154 158 100
154 158 100
154 158 100
154 158 100
155 158 100
155 158 100
155 158 100
155 158 100
155 158 100
155 158 100
155 158 100
155 158 100
155 158 100
155 158 100
155 158 100
155 158 100
155 158 100
155 158 100
155 158 100
155 158 100
155 158 100
155 158 100
156 158 100
156 158 100
156 158 100
156 158 100
156 158 100
156 158 100
156 158 100
156 158 100
156 158 100
156 158 100
156 158 100
156 158 100
156 158 100
156 158 100
156 158 100
156 158 100
157 158 100
157 158 100
157 158 100
157 158 100
157 158 100
157 158 100
157 158 100
157 158 100
157 158 100
157 158 100
157 158 100
157 158 100
157 158 100
157 158 100
158 158 100
158 158 100
158 158 100
158 158 100
158 158 100
158 158 100
158 158 100
158 158 100
158 158 100
158 158 100
158 158 100
158 158 100
159 158 100
159 158 100
159 158 100
159 158 100
159 158 100
159 158 100
159 158 100
159 158 100
159 158 100
159 158 100
160 158 100
160 158 100
160 158 100
160 158 100
160 158 100
160 158 100
160 158 100
160 158 100
160 158 100
161 158 100
161 158 100
161 158 100
161 158 100
161 158 100
161 158 100
161 158 100
162 158 100
162 158 100
162 158 100
162 158 100
162 158 100
162 158 100
163 158 100
163 158 100
163 158 100
163 158 100
163 158 100
164 158 100
164 158 100
164 158 100
164 158 100
165 158 100
165 158 100
165 158 100
165 158 100
166 158 100
166 158 100
166 158 100
166 158 100
167 158 100
167 158 100
167 158 100
168 158 100
168 158 100
168 158 100
169 158 100
169 158 100
169 158 100
170 158 100
170 158 100
170 158 100
171 158 100
171 158 100
171 158 100
172 158 100
172 158 100
172 158 100
173 158 100
173 158 100
173 158 100
174 158 100
174 158 100
174 158 100
175 158 100
175 158 100
175 158 100
176 158 100
176 158 100
176 158 100
177 158 100
177 158 100
177 158 100
178 158 100
178 158 100
179 158 100
179 158 100
180 158 100
180 158 100
181 158 100
182 158 100
183 158 100
184 158 100
185 158 100
186 158 100
187 158 100
188 158 100
189 158 100
190 158 100
191 158 100
192 158 100
193 158 100
194 158 100
194 157 100
194 156 100
194 155 100
194 154 100
194 153 100
194 152 100
194 151 100
