# move from (52,110) to (138,13)
52 110 100
53 110 100
54 110 100
55 110 100
56 110 100
57 110 100
58 110 100
59 110 100
60 110 100
61 110 100
62 110 100
63 110 100
64 110 100
65 110 100
66 110 100
67 110 100
68 110 100
69 110 100
70 110 100
71 110 100
72 110 100
73 110 100
74 110 100
75 110 100
75 110 100
76 110 100
76 110 100
77 110 100
77 110 100
78 110 100
78 110 100
78 110 100
79 110 100
79 110 100
79 110 100
80 110 100
80 110 100
80 110 100
80 110 100
81 110 100
81 110 100
81 110 100
81 110 100
81 110 100
82 110 100
82 110 100
82 110 100
82 110 100
82 110 100
82 110 100
83 110 100
83 110 100
83 110 100
83 110 100
83 110 100
83 110 100
83 110 100
83 110 100
83 110 100
84 110 100
84 110 100
84 110 100
84 110 100
84 110 100
84 110 100
84 110 100
84 110 100
84 110 100
84 110 100
84 110 100
84 110 100
85 110 100
85 110 100
85 110 100
85 110 100
85 110 100
85 110 100
85 110 100
85 110 100
85 110 100
85 110 100
85 110 100
85 110 100
85 110 100
85 110 100
85 110 100
86 110 100
86 110 100
86 110 100
86 110 100
86 110 100
86 110 100
86 110 100
86 110 100
86 110 100
86 110 100
86 110 100
86 110 100
86 110 100
86 110 100
86 110 100
86 110 100
86 110 100
86 110 100
87 110 100
87 110 100
87 110 100
87 110 100
87 110 100
87 110 100
87 110 100
87 110 100
87 110 100
87 110 100
87 110 100
87 110 100
87 110 100
87 110 100
87 110 100
87 110 100
87 110 100
87 110 100
87 110 100
87 110 100
87 110 100
88 110 100
88 110 100
88 110 100
88 110 100
88 110 100
88 110 100
88 110 100
88 110 100
88 110 100
88 110 100
88 110 100
88 110 100
88 110 100
88 110 100
88 110 100
88 110 100
88 110 100
88 110 100
88 110 100
88 110 100
88 110 100
88 110 100
88 110 100
89 110 100
89 110 100
89 110 100
89 110 100
89 110 100
89 110 100
89 110 100
89 110 100
89 110 100
89 110 100
89 110 100
89 110 100
89 110 100
89 110 100
89 110 100
89 110 100
89 110 100
89 110 100
89 110 100
89 110 100
89 110 100
89 110 100
89 110 100
89 110 100
89 110 100
90 110 100
90 110 100
90 110 100
90 110 100
90 110 100
90 110 100
90 110 100
90 110 100
90 110 100
90 110 100
90 110 100
90 110 100
90 110 100
90 110 100
90 110 100
90 110 100
90 110 100
90 110 100
90 110 100
90 110 100
90 110 100
90 110 100
90 110 100
90 110 100
90 110 100
90 110 100
90 110 100
91 110 100
91 110 100
91 110 100
91 110 100
91 110 100
91 110 100
91 110 100
91 110 100
91 110 100
91 110 100
91 110 100
91 110 100
91 110 100
91 110 100
91 110 100
91 110 100
91 110 100
91 110 100
91 110 100
91 110 100
91 110 100
91 110 100
91 110 100
91 110 100
91 110 100
91 110 100
91 110 100
92 110 100
92 110 100
92 110 100
92 110 100
92 110 100
92 110 100
92 110 100
92 110 100
92 110 100
92 110 100
92 110 100
92 110 100
92 110 100
92 110 100
92 110 100
92 110 100
92 110 100
92 110 100
92 110 100
92 110 100
92 110 100
92 110 100
92 110 100
92 110 100
92 110 100
92 110 100
92 110 100
92 110 100
93 110 100
93 110 100
93 110 100
93 110 100
93 110 100
93 110 100
93 110 100
93 110 100
93 110 100
93 110 100
93 110 100
93 110 100
93 110 100
93 110 100
93 110 100
93 110 100
93 110 100
93 110 100
93 110 100
93 110 100
93 110 100
93 110 100
93 110 100
93 110 100
93 110 100
93 110 100
93 110 100
93 110 100
94 110 100
94 110 100
94 110 100
94 110 100
94 110 100
94 110 100
94 110 100
94 110 100
94 110 100
94 110 100
94 110 100
94 110 100
94 110 100
94 110 100
94 110 100
94 110 100
94 110 100
94 110 100
94 110 100
94 110 100
94 110 100
94 110 100
94 110 100
94 110 100
94 110 100
94 110 100
94 110 100
95 110 100
95 110 100
95 110 100
95 110 100
95 110 100
95 110 100
95 110 100
95 110 100
95 110 100
95 110 100
95 110 100
95 110 100
95 110 100
95 110 100
95 110 100
95 110 100
95 110 100
95 110 100
95 110 100
95 110 100
95 110 100
95 110 100
95 110 100
95 110 100
95 110 100
95 110 100
95 110 100
96 110 100
96 110 100
96 110 100
96 110 100
96 110 100
96 110 100
96 110 100
96 110 100
96 110 100
96 110 100
96 110 100
96 110 100
96 110 100
96 110 100
96 110 100
96 110 100
96 110 100
96 110 100
96 110 100
96 110 100
96 110 100
96 110 100
96 110 100
96 110 100
96 110 100
96 110 100
96 110 100
96 110 100
97 110 100
97 110 100
97 110 100
97 110 100
97 110 100
97 110 100
97 110 100
97 110 100
97 110 100
97 110 100
97 110 100
97 110 100
97 110 100
97 110 100
97 110 100
97 110 100
97 110 100
97 110 100
97 110 100
97 110 100
97 110 100
97 110 100
97 110 100
97 110 100
97 110 100
97 110 100
97 110 100
97 110 100
98 110 100
98 110 100
98 110 100
98 110 100
98 110 100
98 110 100
98 110 100
98 110 100
98 110 100
98 110 100
98 110 100
98 110 100
98 110 100
98 110 100
98 110 100
98 110 100
98 110 100
98 110 100
98 110 100
98 110 100
98 110 100
98 110 100
98 110 100
98 110 100
98 110 100
98 110 100
98 110 100
98 110 100
98 110 100
99 110 100
99 110 100
99 110 100
99 110 100
99 110 100
99 110 100
99 110 100
99 110 100
99 110 100
99 110 100
99 110 100
99 110 100
99 110 100
99 110 100
99 110 100
99 110 100
99 110 100
99 110 100
99 110 100
99 110 100
99 110 100
99 110 100
99 110 100
99 110 100
99 110 100
99 110 100
99 110 100
99 110 100
99 110 100
100 110 100
100 110 100
100 110 100
100 110 100
100 110 100
100 110 100
100 110 100
100 110 100
100 110 100
100 110 100
100 110 100
100 110 100
100 110 100
100 110 100
100 110 100
100 110 100
100 110 100
100 110 100
100 110 100
100 110 100
100 110 100
100 110 100
100 110 100
100 110 100
100 110 100
100 110 100
100 110 100
100 110 100
100 110 100
101 110 100
101 110 100
101 110 100
101 110 100
101 110 100
101 110 100
101 110 100
101 110 100
101 110 100
101 110 100
101 110 100
101 110 100
101 110 100
101 110 100
101 110 100
101 110 100
101 110 100
101 110 100
101 110 100
101 110 100
101 110 100
101 110 100
101 110 100
101 110 100
101 110 100
101 110 100
101 110 100
101 110 100
102 110 100
102 110 100
102 110 100
102 110 100
102 110 100
102 110 100
102 110 100
102 110 100
102 110 100
102 110 100
102 110 100
102 110 100
102 110 100
102 110 100
102 110 100
102 110 100
102 110 100
102 110 100
102 110 100
102 110 100
102 110 100
102 110 100
102 110 100
102 110 100
102 110 100
102 110 100
102 110 100
103 110 100
103 110 100
103 110 100
103 110 100
103 110 100
103 110 100
103 110 100
103 110 100
103 110 100
103 110 100
103 110 100
103 110 100
103 110 100
103 110 100
103 110 100
103 110 100
103 110 100
103 110 100
103 110 100
103 110 100
103 110 100
103 110 100
103 110 100
103 110 100
103 110 100
103 110 100
104 110 100
104 110 100
104 110 100
104 110 100
104 110 100
104 110 100
104 110 100
104 110 100
104 110 100
104 110 100
104 110 100
104 110 100
104 110 100
104 110 100
104 110 100
104 110 100
104 110 100
104 110 100
104 110 100
104 110 100
104 110 100
104 110 100
104 110 100
104 110 100
105 110 100
105 110 100
105 110 100
105 110 100
105 110 100
105 110 100
105 110 100
105 110 100
105 110 100
105 110 100
105 110 100
105 110 100
105 110 100
105 110 100
105 110 100
105 110 100
105 110 100
105 110 100
105 110 100
105 110 100
105 110 100
105 110 100
105 110 100
106 110 100
106 110 100
106 110 100
106 110 100
106 110 100
106 110 100
106 110 100
106 110 100
106 110 100
106 110 100
106 110 100
106 110 100
106 110 100
106 110 100
106 110 100
106 110 100
106 110 100
106 110 100
106 110 100
106 110 100
107 110 100
107 110 100
107 110 100
107 110 100
107 110 100
107 110 100
107 110 100
107 110 100
107 110 100
107 110 100
107 110 100
107 110 100
107 110 100
107 110 100
107 110 100
107 110 100
107 110 100
108 110 100
108 110 100
108 110 100
108 110 100
108 110 100
108 110 100
108 110 100
108 110 100
108 110 100
108 110 100
108 110 100
108 110 100
108 110 100
108 110 100
109 110 100
109 110 100
109 110 100
109 110 100
109 110 100
109 110 100
109 110 100
109 110 100
109 110 100
109 110 100
109 110 100
110 110 100
110 110 100
110 110 100
110 110 100
110 110 100
110 110 100
110 110 100
110 110 100
111 110 100
111 110 100
111 110 100
111 110 100
111 110 100
112 110 100
112 110 100
112 110 100
112 110 100
113 110 100
113 110 100
113 110 100
114 110 100
114 110 100
115 110 100
116 110 100
117 110 100
118 110 100
119 110 100
120 110 100
121 110 100
122 110 100
123 110 100
124 110 100
125 110 100
126 110 100
127 110 100
128 110 100
129 110 100
130 110 100
131 110 100
132 110 100
133 110 100
134 110 100
135 110 100
136 110 100
137 110 100
138 110 100
138 109 100
138 108 100
138 107 100
138 106 100
138 105 100
138 104 100
138 103 100
138 102 100
138 101 100
138 100 100
138 99 100
138 98 100
138 97 100
138 96 100
138 95 100
138 94 100
138 93 100
138 92 100
138 91 100
138 90 100
138 89 100
138 88 100
138 87 100
138 86 100
138 85 100
138 84 100
138 83 100
138 83 100
138 82 100
138 82 100
138 81 100
138 81 100
138 80 100
138 80 100
138 79 100
138 79 100
138 78 100
138 78 100
138 77 100
138 77 100
138 76 100
138 76 100
138 76 100
138 75 100
138 75 100
138 75 100
138 74 100
138 74 100
138 74 100
138 73 100
138 73 100
138 73 100
138 73 100
138 72 100
138 72 100
138 72 100
138 72 100
138 72 100
138 71 100
138 71 100
138 71 100
138 71 100
138 71 100
138 71 100
138 70 100
138 70 100
138 70 100
138 70 100
138 70 100
138 70 100
138 70 100
138 69 100
138 69 100
138 69 100
138 69 100
138 69 100
138 69 100
138 69 100
138 69 100
138 69 100
138 68 100
138 68 100
138 68 100
138 68 100
138 68 100
138 68 100
138 68 100
138 68 100
138 68 100
138 68 100
138 67 100
138 67 100
138 67 100
138 67 100
138 67 100
138 67 100
138 67 100
138 67 100
138 67 100
138 67 100
138 66 100
138 66 100
138 66 100
138 66 100
138 66 100
138 66 100
138 66 100
138 66 100
138 66 100
138 66 100
138 65 100
138 65 100
138 65 100
138 65 100
138 65 100
138 65 100
138 65 100
138 65 100
138 65 100
138 64 100
138 64 100
138 64 100
138 64 100
138 64 100
138 64 100
138 64 100
138 63 100
138 63 100
138 63 100
138 63 100
138 63 100
138 63 100
138 62 100
138 62 100
138 62 100
138 62 100
138 61 100
138 61 100
138 61 100
138 60 100
138 60 100
138 59 100
138 59 100
138 58 100
138 58 100
138 57 100
138 56 100
138 55 100
138 54 100
138 53 100
138 52 100
138 51 100
138 50 100
138 49 100
138 48 100
138 47 100
138 46 100
138 45 100
138 44 100
138 43 100
138 42 100
138 41 100
138 40 100
138 39 100
138 38 100
138 37 100
138 37 100
138 36 100
138 36 100
138 35 100
138 35 100
138 35 100
138 34 100
138 34 100
138 34 100
138 33 100
138 33 100
138 33 100
138 32 100
138 32 100
138 32 100
138 31 100
138 31 100
138 30 100
138 30 100
138 29 100
138 28 100
138 27 100
138 26 100
138 25 100
138 24 100
138 23 100
138 22 100
138 21 100
138 20 100
138 19 100
138 18 100
138 17 100
138 16 100
138 15 100
138 14 100
138 13 100
# move from (75,32) to (138,13)
75 32 100
76 32 100
77 32 100
78 32 100
79 32 100
80 32 100
81 32 100
82 32 100
83 32 100
84 32 100
85 32 100
86 32 100
87 32 100
88 32 100
89 32 100
90 32 100
91 32 100
92 32 100
93 32 100
94 32 100
95 32 100
96 32 100
97 32 100
98 32 100
99 32 100
100 32 100
101 32 100
102 32 100
103 32 100
104 32 100
105 32 100
106 32 100
106 32 100
107 32 100
107 32 100
107 32 100
108 32 100
108 32 100
108 32 100
108 32 100
108 32 100
109 32 100
109 32 100
109 32 100
109 32 100
109 32 100
109 32 100
109 32 100
109 32 100
110 32 100
110 32 100
110 32 100
110 32 100
110 32 100
110 32 100
110 32 100
110 32 100
110 32 100
110 32 100
110 32 100
111 32 100
111 32 100
111 32 100
111 32 100
111 32 100
111 32 100
111 32 100
111 32 100
111 32 100
111 32 100
111 32 100
111 32 100
111 32 100
111 32 100
111 32 100
112 32 100
112 32 100
112 32 100
112 32 100
112 32 100
112 32 100
112 32 100
112 32 100
112 32 100
112 32 100
112 32 100
112 32 100
112 32 100
112 32 100
112 32 100
112 32 100
112 32 100
112 32 100
112 32 100
113 32 100
113 32 100
113 32 100
113 32 100
113 32 100
113 32 100
113 32 100
113 32 100
113 32 100
113 32 100
113 32 100
113 32 100
113 32 100
113 32 100
113 32 100
113 32 100
113 32 100
113 32 100
113 32 100
113 32 100
113 32 100
113 32 100
114 32 100
114 32 100
114 32 100
114 32 100
114 32 100
114 32 100
114 32 100
114 32 100
114 32 100
114 32 100
114 32 100
114 32 100
114 32 100
114 32 100
114 32 100
114 32 100
114 32 100
114 32 100
114 32 100
114 32 100
114 32 100
114 32 100
114 32 100
114 32 100
114 32 100
115 32 100
115 32 100
115 32 100
115 32 100
115 32 100
115 32 100
115 32 100
115 32 100
115 32 100
115 32 100
115 32 100
115 32 100
115 32 100
115 32 100
115 32 100
115 32 100
115 32 100
115 32 100
115 32 100
115 32 100
115 32 100
115 32 100
115 32 100
115 32 100
115 32 100
115 32 100
115 32 100
116 32 100
116 32 100
116 32 100
116 32 100
116 32 100
116 32 100
116 32 100
116 32 100
116 32 100
116 32 100
116 32 100
116 32 100
116 32 100
116 32 100
116 32 100
116 32 100
116 32 100
116 32 100
116 32 100
116 32 100
116 32 100
116 32 100
116 32 100
116 32 100
116 32 100
116 32 100
116 32 100
116 32 100
117 32 100
117 32 100
117 32 100
117 32 100
117 32 100
117 32 100
117 32 100
117 32 100
117 32 100
117 32 100
117 32 100
117 32 100
117 32 100
117 32 100
117 32 100
117 32 100
117 32 100
117 32 100
117 32 100
117 32 100
117 32 100
117 32 100
117 32 100
117 32 100
117 32 100
117 32 100
118 32 100
118 32 100
118 32 100
118 32 100
118 32 100
118 32 100
118 32 100
118 32 100
118 32 100
118 32 100
118 32 100
118 32 100
118 32 100
118 32 100
118 32 100
118 32 100
118 32 100
118 32 100
118 32 100
118 32 100
118 32 100
118 32 100
118 32 100
118 32 100
119 32 100
119 32 100
119 32 100
119 32 100
119 32 100
119 32 100
119 32 100
119 32 100
119 32 100
119 32 100
119 32 100
119 32 100
119 32 100
119 32 100
119 32 100
119 32 100
119 32 100
119 32 100
119 32 100
119 32 100
120 32 100
120 32 100
120 32 100
120 32 100
120 32 100
120 32 100
120 32 100
120 32 100
120 32 100
120 32 100
120 32 100
120 32 100
120 32 100
120 32 100
120 32 100
120 32 100
121 32 100
121 32 100
121 32 100
121 32 100
121 32 100
121 32 100
121 32 100
121 32 100
121 32 100
121 32 100
121 32 100
121 32 100
121 32 100
122 32 100
122 32 100
122 32 100
122 32 100
122 32 100
122 32 100
122 32 100
122 32 100
122 32 100
122 32 100
123 32 100
123 32 100
123 32 100
123 32 100
123 32 100
123 32 100
123 32 100
123 32 100
123 32 100
124 32 100
124 32 100
124 32 100
124 32 100
124 32 100
124 32 100
124 32 100
125 32 100
125 32 100
125 32 100
125 32 100
125 32 100
125 32 100
125 32 100
126 32 100
126 32 100
126 32 100
126 32 100
126 32 100
126 32 100
127 32 100
127 32 100
127 32 100
127 32 100
127 32 100
128 32 100
128 32 100
128 32 100
128 32 100
128 32 100
129 32 100
129 32 100
129 32 100
129 32 100
130 32 100
130 32 100
130 32 100
131 32 100
131 32 100
131 32 100
132 32 100
132 32 100
132 32 100
133 32 100
133 32 100
134 32 100
134 32 100
135 32 100
135 32 100
136 32 100
136 32 100
137 32 100
137 32 100
137 32 100
# move from (92,151) to (138,13)
92 151 100
93 151 100
94 151 100
95 151 100
96 151 100
97 151 100
98 151 100
99 151 100
100 151 100
101 151 100
102 151 100
103 151 100
104 151 100
105 151 100
106 151 100
107 151 100
108 151 100
108 151 100
109 151 100
109 151 100
109 151 100
110 151 100
110 151 100
110 151 100
111 151 100
111 151 100
111 151 100
111 151 100
112 151 100
112 151 100
112 151 100
112 151 100
113 151 100
113 151 100
113 151 100
113 151 100
114 151 100
114 151 100
114 151 100
114 151 100
115 151 100
115 151 100
115 151 100
115 151 100
116 151 100
116 151 100
116 151 100
116 151 100
117 151 100
117 151 100
117 151 100
118 151 100
118 151 100
118 151 100
118 151 100
119 151 100
119 151 100
119 151 100
119 151 100
120 151 100
120 151 100
120 151 100
120 151 100
120 151 100
121 151 100
121 151 100
121 151 100
121 151 100
121 151 100
121 151 100
122 151 100
122 151 100
122 151 100
122 151 100
122 151 100
122 151 100
122 151 100
122 151 100
123 151 100
123 151 100
123 151 100
123 151 100
123 151 100
123 151 100
123 151 100
123 151 100
123 151 100
123 151 100
124 151 100
124 151 100
124 151 100
124 151 100
124 151 100
124 151 100
124 151 100
124 151 100
124 151 100
124 151 100
124 151 100
124 151 100
124 151 100
125 151 100
125 151 100
125 151 100
125 151 100
125 151 100
125 151 100
125 151 100
125 151 100
125 151 100
125 151 100
125 151 100
125 151 100
125 151 100
125 151 100
125 151 100
125 151 100
126 151 100
126 151 100
126 151 100
126 151 100
126 151 100
126 151 100
126 151 100
126 151 100
126 151 100
126 151 100
126 151 100
126 151 100
126 151 100
126 151 100
126 151 100
126 151 100
126 151 100
126 151 100
126 151 100
126 151 100
127 151 100
127 151 100
127 151 100
127 151 100
127 151 100
127 151 100
127 151 100
127 151 100
127 151 100
127 151 100
127 151 100
127 151 100
127 151 100
127 151 100
127 151 100
127 151 100
127 151 100
127 151 100
127 151 100
127 151 100
127 151 100
127 151 100
128 151 100
128 151 100
128 151 100
128 151 100
128 151 100
128 151 100
128 151 100
128 151 100
128 151 100
128 151 100
128 151 100
128 151 100
128 151 100
128 151 100
128 151 100
128 151 100
128 151 100
128 151 100
128 151 100
128 151 100
128 151 100
128 151 100
128 151 100
128 151 100
129 151 100
129 151 100
129 151 100
129 151 100
129 151 100
129 151 100
129 151 100
129 151 100
129 151 100
129 151 100
129 151 100
129 151 100
129 151 100
129 151 100
129 151 100
129 151 100
129 151 100
129 151 100
129 151 100
129 151 100
129 151 100
129 151 100
129 151 100
129 151 100
130 151 100
130 151 100
130 151 100
130 151 100
130 151 100
130 151 100
130 151 100
130 151 100
130 151 100
130 151 100
130 151 100
130 151 100
130 151 100
130 151 100
130 151 100
130 151 100
130 151 100
130 151 100
130 151 100
130 151 100
130 151 100
130 151 100
130 151 100
130 151 100
131 151 100
131 151 100
131 151 100
131 151 100
131 151 100
131 151 100
131 151 100
131 151 100
131 151 100
131 151 100
131 151 100
131 151 100
131 151 100
131 151 100
131 151 100
131 151 100
131 151 100
131 151 100
131 151 100
131 151 100
131 151 100
131 151 100
132 151 100
132 151 100
132 151 100
132 151 100
132 151 100
132 151 100
132 151 100
132 151 100
132 151 100
132 151 100
132 151 100
132 151 100
132 151 100
132 151 100
132 151 100
132 151 100
132 151 100
132 151 100
132 151 100
132 151 100
132 151 100
133 151 100
133 151 100
133 151 100
133 151 100
133 151 100
133 151 100
133 151 100
133 151 100
133 151 100
133 151 100
133 151 100
133 151 100
133 151 100
133 151 100
133 151 100
133 151 100
133 151 100
133 151 100
133 151 100
134 151 100
134 151 100
134 151 100
134 151 100
134 151 100
134 151 100
134 151 100
134 151 100
134 151 100
134 151 100
134 151 100
134 151 100
134 151 100
134 151 100
134 151 100
134 151 100
134 151 100
134 151 100
135 151 100
135 151 100
135 151 100
135 151 100
135 151 100
135 151 100
135 151 100
135 151 100
135 151 100
135 151 100
135 151 100
135 151 100
135 151 100
135 151 100
135 151 100
135 151 100
135 151 100
136 151 100
136 151 100
136 151 100
136 151 100
136 151 100
136 151 100
136 151 100
136 151 100
136 151 100
136 151 100
136 151 100
136 151 100
136 151 100
136 151 100
136 151 100
136 151 100
137 151 100
137 151 100
137 151 100
137 151 100
137 151 100
137 151 100
137 151 100
137 151 100
137 151 100
137 151 100
137 151 100
137 151 100
137 151 100
137 151 100
137 151 100
138 151 100
138 151 100
138 151 100
138 151 100
138 151 100
138 151 100
138 151 100
138 151 100
138 151 100
138 151 100
138 151 100
138 151 100
138 151 100
138 151 100
138 150 100
138 150 100
138 150 100
138 150 100
138 150 100
138 150 100
138 150 100
138 150 100
138 150 100
138 150 100
138 150 100
138 150 100
138 150 100
138 150 100
138 150 100
138 150 100
138 149 100
138 149 100
138 149 100
138 149 100
138 149 100
138 149 100
138 149 100
138 149 100
138 149 100
138 149 100
138 149 100
138 149 100
138 149 100
138 149 100
138 149 100
138 149 100
138 149 100
138 148 100
138 148 100
138 148 100
138 148 100
138 148 100
138 148 100
138 148 100
138 148 100
138 148 100
138 148 100
138 148 100
138 148 100
138 148 100
138 148 100
138 148 100
138 148 100
138 148 100
138 148 100
138 147 100
138 147 100
138 147 100
138 147 100
138 147 100
138 147 100
138 147 100
138 147 100
138 147 100
138 147 100
138 147 100
138 147 100
138 147 100
138 147 100
138 147 100
138 147 100
138 147 100
138 146 100
138 146 100
138 146 100
138 146 100
138 146 100
138 146 100
138 146 100
138 146 100
138 146 100
138 146 100
138 146 100
138 146 100
138 146 100
138 146 100
138 146 100
138 146 100
138 146 100
138 145 100
138 145 100
138 145 100
138 145 100
138 145 100
138 145 100
138 145 100
138 145 100
138 145 100
138 145 100
138 145 100
138 145 100
138 145 100
138 145 100
138 145 100
138 145 100
138 145 100
138 144 100
138 144 100
138 144 100
138 144 100
138 144 100
138 144 100
138 144 100
138 144 100
138 144 100
138 144 100
138 144 100
138 144 100
138 144 100
138 144 100
138 144 100
138 144 100
138 144 100
138 143 100
138 143 100
138 143 100
138 143 100
138 143 100
138 143 100
138 143 100
138 143 100
138 143 100
138 143 100
138 143 100
138 143 100
138 143 100
138 143 100
138 143 100
138 143 100
138 143 100
138 142 100
138 142 100
138 142 100
138 142 100
138 142 100
138 142 100
138 142 100
138 142 100
138 142 100
138 142 100
138 142 100
138 142 100
138 142 100
138 142 100
138 142 100
138 142 100
138 142 100
138 141 100
138 141 100
138 141 100
138 141 100
138 141 100
138 141 100
138 141 100
138 141 100
138 141 100
138 141 100
138 141 100
138 141 100
138 141 100
138 141 100
138 141 100
138 141 100
138 140 100
138 140 100
138 140 100
138 140 100
138 140 100
138 140 100
138 140 100
138 140 100
138 140 100
138 140 100
138 140 100
138 140 100
138 140 100
138 140 100
138 140 100
138 139 100
138 139 100
138 139 100
138 139 100
138 139 100
138 139 100
138 139 100
138 139 100
138 139 100
138 139 100
138 139 100
138 139 100
138 139 100
138 139 100
138 138 100
138 138 100
138 138 100
138 138 100
138 138 100
138 138 100
138 138 100
138 138 100
138 138 100
138 138 100
138 138 100
138 138 100
138 137 100
138 137 100
138 137 100
138 137 100
138 137 100
138 137 100
138 137 100
138 137 100
138 137 100
138 136 100
138 136 100
138 136 100
138 136 100
138 136 100
138 136 100
138 136 100
138 135 100
138 135 100
138 135 100
138 135 100
138 135 100
138 134 100
138 134 100
138 134 100
138 133 100
138 133 100
138 132 100
138 132 100
138 131 100
138 130 100
138 129 100
138 128 100
138 127 100
138 126 100
138 125 100
138 124 100
138 123 100
138 122 100
138 121 100
138 120 100
138 119 100
138 118 100
138 117 100
138 116 100
138 115 100
138 114 100
138 113 100
138 112 100
138 111 100
# move from (166,183) to (138,13)
166 183 100
165 183 100
164 183 100
163 183 100
162 183 100
161 183 100
160 183 100
159 183 100
159 183 100
158 183 100
158 183 100
158 183 100
157 183 100
157 183 100
157 183 100
157 183 100
156 183 100
156 183 100
156 183 100
156 183 100
156 183 100
156 183 100
156 183 100
155 183 100
155 183 100
155 183 100
155 183 100
155 183 100
155 183 100
155 183 100
155 183 100
155 183 100
154 183 100
154 183 100
154 183 100
154 183 100
154 183 100
154 183 100
154 183 100
154 183 100
154 183 100
154 183 100
154 183 100
153 183 100
153 183 100
153 183 100
153 183 100
153 183 100
153 183 100
153 183 100
153 183 100
153 183 100
153 183 100
153 183 100
153 183 100
153 183 100
152 183 100
152 183 100
152 183 100
152 183 100
152 183 100
152 183 100
152 183 100
152 183 100
152 183 100
152 183 100
152 183 100
152 183 100
152 183 100
152 183 100
152 183 100
151 183 100
151 183 100
151 183 100
151 183 100
151 183 100
151 183 100
151 183 100
151 183 100
151 183 100
151 183 100
151 183 100
151 183 100
151 183 100
151 183 100
151 183 100
151 183 100
150 183 100
150 183 100
150 183 100
150 183 100
150 183 100
150 183 100
150 183 100
150 183 100
150 183 100
150 183 100
150 183 100
150 183 100
150 183 100
150 183 100
150 183 100
150 183 100
150 183 100
149 183 100
149 183 100
149 183 100
149 183 100
149 183 100
149 183 100
149 183 100
149 183 100
149 183 100
149 183 100
149 183 100
149 183 100
149 183 100
149 183 100
149 183 100
149 183 100
149 183 100
148 183 100
148 183 100
148 183 100
148 183 100
148 183 100
148 183 100
148 183 100
148 183 100
148 183 100
148 183 100
148 183 100
148 183 100
148 183 100
148 183 100
148 183 100
148 183 100
148 183 100
148 183 100
147 183 100
147 183 100
147 183 100
147 183 100
147 183 100
147 183 100
147 183 100
147 183 100
147 183 100
147 183 100
147 183 100
147 183 100
147 183 100
147 183 100
147 183 100
147 183 100
147 183 100
147 183 100
146 183 100
146 183 100
146 183 100
146 183 100
146 183 100
146 183 100
146 183 100
146 183 100
146 183 100
146 183 100
146 183 100
146 183 100
146 183 100
146 183 100
146 183 100
146 183 100
146 183 100
146 183 100
146 183 100
145 183 100
145 183 100
145 183 100
145 183 100
145 183 100
145 183 100
145 183 100
145 183 100
145 183 100
145 183 100
145 183 100
145 183 100
145 183 100
145 183 100
145 183 100
145 183 100
145 183 100
145 183 100
145 183 100
145 183 100
145 183 100
144 183 100
144 183 100
144 183 100
144 183 100
144 183 100
144 183 100
144 183 100
144 183 100
144 183 100
144 183 100
144 183 100
144 183 100
144 183 100
144 183 100
144 183 100
144 183 100
144 183 100
144 183 100
144 183 100
144 183 100
144 183 100
144 183 100
143 183 100
143 183 100
143 183 100
143 183 100
143 183 100
143 183 100
143 183 100
143 183 100
143 183 100
143 183 100
143 183 100
143 183 100
143 183 100
143 183 100
143 183 100
143 183 100
143 183 100
143 183 100
143 183 100
143 183 100
143 183 100
143 183 100
143 183 100
143 183 100
142 183 100
142 183 100
142 183 100
142 183 100
142 183 100
142 183 100
142 183 100
142 183 100
142 183 100
142 183 100
142 183 100
142 183 100
142 183 100
142 183 100
142 183 100
142 183 100
142 183 100
142 183 100
142 183 100
142 183 100
142 183 100
142 183 100
142 183 100
142 183 100
142 183 100
142 183 100
141 183 100
141 183 100
141 183 100
141 183 100
141 183 100
141 183 100
141 183 100
141 183 100
141 183 100
141 183 100
141 183 100
141 183 100
141 183 100
141 183 100
141 183 100
141 183 100
141 183 100
141 183 100
141 183 100
141 183 100
141 183 100
141 183 100
141 183 100
141 183 100
141 183 100
141 183 100
141 183 100
140 183 100
140 183 100
140 183 100
140 183 100
140 183 100
140 183 100
140 183 100
140 183 100
140 183 100
140 183 100
140 183 100
140 183 100
140 183 100
140 183 100
140 183 100
140 183 100
140 183 100
140 183 100
140 183 100
140 183 100
140 183 100
140 183 100
140 183 100
140 183 100
140 183 100
140 183 100
140 183 100
139 183 100
139 183 100
139 183 100
139 183 100
139 183 100
139 183 100
139 183 100
139 183 100
139 183 100
139 183 100
139 183 100
139 183 100
139 183 100
139 183 100
139 183 100
139 183 100
139 183 100
139 183 100
139 183 100
139 183 100
139 183 100
139 183 100
139 183 100
139 183 100
139 183 100
139 183 100
138 183 100
138 183 100
138 183 100
138 183 100
138 183 100
138 183 100
138 183 100
138 183 100
138 183 100
138 183 100
138 183 100
138 183 100
138 183 100
138 183 100
138 183 100
138 183 100
138 183 100
138 183 100
138 183 100
138 183 100
138 183 100
138 183 100
138 183 100
138 182 100
138 182 100
138 182 100
138 182 100
138 182 100
138 182 100
138 182 100
138 182 100
138 182 100
138 182 100
138 182 100
138 182 100
138 182 100
138 182 100
138 182 100
138 182 100
138 182 100
138 182 100
138 182 100
138 182 100
138 182 100
138 182 100
138 181 100
138 181 100
138 181 100
138 181 100
138 181 100
138 181 100
138 181 100
138 181 100
138 181 100
138 181 100
138 181 100
138 181 100
138 181 100
138 181 100
138 181 100
138 181 100
138 181 100
138 181 100
138 181 100
138 181 100
138 181 100
138 180 100
138 180 100
138 180 100
138 180 100
138 180 100
138 180 100
138 180 100
138 180 100
138 180 100
138 180 100
138 180 100
138 180 100
138 180 100
138 180 100
138 180 100
138 180 100
138 180 100
138 180 100
138 180 100
138 180 100
138 179 100
138 179 100
138 179 100
138 179 100
138 179 100
138 179 100
138 179 100
138 179 100
138 179 100
138 179 100
138 179 100
138 179 100
138 179 100
138 179 100
138 179 100
138 179 100
138 179 100
138 179 100
138 179 100
138 178 100
138 178 100
138 178 100
138 178 100
138 178 100
138 178 100
138 178 100
138 178 100
138 178 100
138 178 100
138 178 100
138 178 100
138 178 100
138 178 100
138 178 100
138 178 100
138 178 100
138 178 100
138 177 100
138 177 100
138 177 100
138 177 100
138 177 100
138 177 100
138 177 100
138 177 100
138 177 100
138 177 100
138 177 100
138 177 100
138 177 100
138 177 100
138 177 100
138 177 100
138 176 100
138 176 100
138 176 100
138 176 100
138 176 100
138 176 100
138 176 100
138 176 100
138 176 100
138 176 100
138 176 100
138 176 100
138 176 100
138 176 100
138 175 100
138 175 100
138 175 100
138 175 100
138 175 100
138 175 100
138 175 100
138 175 100
138 175 100
138 175 100
138 175 100
138 175 100
138 174 100
138 174 100
138 174 100
138 174 100
138 174 100
138 174 100
138 174 100
138 174 100
138 174 100
138 174 100
138 173 100
138 173 100
138 173 100
138 173 100
138 173 100
138 173 100
138 173 100
138 173 100
138 172 100
138 172 100
138 172 100
138 172 100
138 172 100
138 172 100
138 171 100
138 171 100
138 171 100
138 171 100
138 170 100
138 170 100
138 170 100
138 169 100
138 169 100
138 168 100
138 168 100
138 167 100
138 167 100
138 166 100
138 166 100
138 165 100
138 165 100
138 164 100
138 164 100
138 163 100
138 163 100
138 162 100
138 162 100
138 161 100
138 161 100
138 160 100
138 160 100
138 159 100
138 159 100
138 158 100
138 158 100
138 157 100
138 157 100
138 157 100
138 156 100
138 156 100
138 156 100
138 155 100
138 155 100
138 155 100
138 155 100
138 155 100
138 154 100
138 154 100
138 154 100
138 154 100
138 154 100
138 154 100
138 153 100
138 153 100
138 153 100
138 153 100
138 153 100
138 153 100
138 153 100
138 153 100
138 153 100
138 152 100
138 152 100
138 152 100
138 152 100
138 152 100
138 152 100
138 152 100
138 152 100
138 152 100
138 152 100
138 152 100
138 152 100
