# move from (86,144) to (77,194)
86 144 100
85 144 100
84 144 100
83 144 100
82 144 100
81 144 100
80 144 100
79 144 100
78 144 100
77 144 100
77 145 100
77 146 100
77 147 100
77 148 100
77 149 100
77 150 100
77 151 100
77 152 100
77 153 100
77 154 100
77 155 100
77 156 100
77 157 100
77 158 100
77 159 100
77 160 100
77 161 100
77 162 100
77 163 100
77 164 100
77 165 100
77 166 100
77 167 100
77 168 100
77 169 100
77 170 100
77 171 100
77 172 100
77 173 100
77 174 100
77 175 100
77 175 100
77 176 100
77 176 100
77 177 100
77 177 100
77 178 100
77 178 100
77 178 100
77 179 100
77 179 100
77 179 100
77 179 100
77 180 100
77 180 100
77 180 100
77 180 100
77 181 100
77 181 100
77 181 100
77 181 100
77 181 100
77 182 100
77 182 100
77 182 100
77 182 100
77 182 100
77 182 100
77 183 100
77 183 100
77 183 100
77 183 100
77 183 100
77 183 100
77 183 100
77 184 100
77 184 100
77 184 100
77 184 100
77 184 100
77 184 100
77 184 100
77 185 100
77 185 100
77 185 100
77 185 100
77 185 100
77 185 100
77 185 100
77 186 100
77 186 100
77 186 100
77 186 100
77 186 100
77 186 100
77 186 100
77 187 100
77 187 100
77 187 100
77 187 100
77 187 100
77 187 100
77 187 100
77 188 100
77 188 100
77 188 100
77 188 100
77 188 100
77 188 100
77 188 100
77 189 100
77 189 100
77 189 100
77 189 100
77 189 100
77 189 100
77 189 100
77 190 100
77 190 100
77 190 100
77 190 100
77 190 100
77 190 100
77 191 100
77 191 100
77 191 100
77 191 100
77 191 100
77 191 100
77 192 100
77 192 100
77 192 100
77 192 100
77 192 100
77 192 100
77 193 100
77 193 100
77 193 100
77 193 100
77 193 100
77 193 100
77 193 100
77 194 100
77 194 100
77 194 100
77 194 100
77 194 100
77 194 100
77 194 100
# move from (51,184) to (77,194)
51 184 100
52 184 100
53 184 100
54 184 100
55 184 100
56 184 100
57 184 100
58 184 100
59 184 100
60 184 100
61 184 100
62 184 100
63 184 100
64 184 100
65 184 100
66 184 100
67 184 100
68 184 100
68 184 100
69 184 100
69 184 100
70 184 100
70 184 100
71 184 100
71 184 100
72 184 100
72 184 100
72 184 100
73 184 100
73 184 100
73 184 100
74 184 100
74 184 100
74 184 100
74 184 100
75 184 100
75 184 100
75 184 100
75 184 100
75 184 100
76 184 100
76 184 100
76 184 100
76 184 100
76 184 100
76 184 100
# move from (42,162) to (77,194)
42 162 100
43 162 100
44 162 100
45 162 100
46 162 100
47 162 100
48 162 100
49 162 100
50 162 100
51 162 100
52 162 100
53 162 100
54 162 100
55 162 100
56 162 100
57 162 100
58 162 100
59 162 100
60 162 100
61 162 100
62 162 100
63 162 100
64 162 100
65 162 100
66 162 100
67 162 100
68 162 100
69 162 100
70 162 100
71 162 100
72 162 100
73 162 100
74 162 100
75 162 100
76 162 100
# move from (110,137) to (77,194)
110 137 100
109 137 100
108 137 100
107 137 100
106 137 100
105 137 100
104 137 100
103 137 100
102 137 100
101 137 100
100 137 100
99 137 100
98 137 100
97 137 100
96 137 100
95 137 100
94 137 100
93 137 100
92 137 100
91 137 100
90 137 100
89 137 100
88 137 100
87 137 100
86 137 100
85 137 100
84 137 100
83 137 100
82 137 100
81 137 100
80 137 100
79 137 100
78 137 100
77 137 100
77 138 100
77 139 100
77 140 100
77 141 100
77 142 100
77 143 100
# move from (144,69) to (77,194)
144 69 100
143 69 100
142 69 100
141 69 100
140 69 100
139 69 100
138 69 100
137 69 100
136 69 100
135 69 100
134 69 100
133 69 100
132 69 100
131 69 100
130 69 100
129 69 100
128 69 100
127 69 100
126 69 100
125 69 100
124 69 100
123 69 100
122 69 100
121 69 100
120 69 100
119 69 100
118 69 100
117 69 100
116 69 100
115 69 100
114 69 100
113 69 100
112 69 100
112 69 100
111 69 100
111 69 100
110 69 100
110 69 100
109 69 100
109 69 100
108 69 100
108 69 100
108 69 100
107 69 100
107 69 100
107 69 100
106 69 100
106 69 100
106 69 100
106 69 100
105 69 100
105 69 100
105 69 100
105 69 100
104 69 100
104 69 100
104 69 100
104 69 100
104 69 100
103 69 100
103 69 100
103 69 100
103 69 100
103 69 100
103 69 100
102 69 100
102 69 100
102 69 100
102 69 100
102 69 100
102 69 100
102 69 100
101 69 100
101 69 100
101 69 100
101 69 100
101 69 100
101 69 100
101 69 100
101 69 100
100 69 100
100 69 100
100 69 100
100 69 100
100 69 100
100 69 100
100 69 100
100 69 100
100 69 100
99 69 100
99 69 100
99 69 100
99 69 100
99 69 100
99 69 100
99 69 100
99 69 100
99 69 100
99 69 100
98 69 100
98 69 100
98 69 100
98 69 100
98 69 100
98 69 100
98 69 100
98 69 100
98 69 100
98 69 100
98 69 100
97 69 100
97 69 100
97 69 100
97 69 100
97 69 100
97 69 100
97 69 100
97 69 100
97 69 100
97 69 100
97 69 100
97 69 100
96 69 100
96 69 100
96 69 100
96 69 100
96 69 100
96 69 100
96 69 100
96 69 100
96 69 100
96 69 100
96 69 100
96 69 100
95 69 100
95 69 100
95 69 100
95 69 100
95 69 100
95 69 100
95 69 100
95 69 100
95 69 100
95 69 100
95 69 100
95 69 100
95 69 100
94 69 100
94 69 100
94 69 100
94 69 100
94 69 100
94 69 100
94 69 100
94 69 100
94 69 100
94 69 100
94 69 100
94 69 100
94 69 100
93 69 100
93 69 100
93 69 100
93 69 100
93 69 100
93 69 100
93 69 100
93 69 100
93 69 100
93 69 100
93 69 100
93 69 100
93 69 100
92 69 100
92 69 100
92 69 100
92 69 100
92 69 100
92 69 100
92 69 100
92 69 100
92 69 100
92 69 100
92 69 100
92 69 100
92 69 100
91 69 100
91 69 100
91 69 100
91 69 100
91 69 100
91 69 100
91 69 100
91 69 100
91 69 100
91 69 100
91 69 100
91 69 100
91 69 100
90 69 100
90 69 100
90 69 100
90 69 100
90 69 100
90 69 100
90 69 100
90 69 100
90 69 100
90 69 100
90 69 100
90 69 100
90 69 100
89 69 100
89 69 100
89 69 100
89 69 100
89 69 100
89 69 100
89 69 100
89 69 100
89 69 100
89 69 100
89 69 100
89 69 100
89 69 100
89 69 100
88 69 100
88 69 100
88 69 100
88 69 100
88 69 100
88 69 100
88 69 100
88 69 100
88 69 100
88 69 100
88 69 100
88 69 100
88 69 100
88 69 100
87 69 100
87 69 100
87 69 100
87 69 100
87 69 100
87 69 100
87 69 100
87 69 100
87 69 100
87 69 100
87 69 100
87 69 100
87 69 100
87 69 100
86 69 100
86 69 100
86 69 100
86 69 100
86 69 100
86 69 100
86 69 100
86 69 100
86 69 100
86 69 100
86 69 100
86 69 100
86 69 100
86 69 100
85 69 100
85 69 100
85 69 100
85 69 100
85 69 100
85 69 100
85 69 100
85 69 100
85 69 100
85 69 100
85 69 100
85 69 100
85 69 100
85 69 100
85 69 100
84 69 100
84 69 100
84 69 100
84 69 100
84 69 100
84 69 100
84 69 100
84 69 100
84 69 100
84 69 100
84 69 100
84 69 100
84 69 100
84 69 100
84 69 100
83 69 100
83 69 100
83 69 100
83 69 100
83 69 100
83 69 100
83 69 100
83 69 100
83 69 100
83 69 100
83 69 100
83 69 100
83 69 100
83 69 100
83 69 100
82 69 100
82 69 100
82 69 100
82 69 100
82 69 100
82 69 100
82 69 100
82 69 100
82 69 100
82 69 100
82 69 100
82 69 100
82 69 100
82 69 100
82 69 100
82 69 100
81 69 100
81 69 100
81 69 100
81 69 100
81 69 100
81 69 100
81 69 100
81 69 100
81 69 100
81 69 100
81 69 100
81 69 100
81 69 100
81 69 100
81 69 100
81 69 100
80 69 100
80 69 100
80 69 100
80 69 100
80 69 100
80 69 100
80 69 100
80 69 100
80 69 100
80 69 100
80 69 100
80 69 100
80 69 100
80 69 100
80 69 100
80 69 100
80 69 100
79 69 100
79 69 100
79 69 100
79 69 100
79 69 100
79 69 100
79 69 100
79 69 100
79 69 100
79 69 100
79 69 100
79 69 100
79 69 100
79 69 100
79 69 100
79 69 100
79 69 100
79 69 100
79 69 100
78 69 100
78 69 100
78 69 100
78 69 100
78 69 100
78 69 100
78 69 100
78 69 100
78 69 100
78 69 100
78 69 100
78 69 100
78 69 100
78 69 100
78 69 100
78 69 100
78 69 100
78 69 100
78 69 100
78 69 100
77 69 100
77 69 100
77 69 100
77 69 100
77 69 100
77 69 100
77 69 100
77 69 100
77 69 100
77 69 100
77 69 100
77 69 100
77 69 100
77 69 100
77 69 100
77 69 100
77 69 100
77 69 100
77 69 100
77 69 100
77 69 100
77 69 100
77 70 100
77 70 100
77 70 100
77 70 100
77 70 100
77 70 100
77 70 100
77 70 100
77 70 100
77 70 100
77 70 100
77 70 100
77 70 100
77 70 100
77 70 100
77 70 100
77 70 100
77 70 100
77 70 100
77 70 100
77 70 100
77 70 100
77 70 100
77 70 100
77 71 100
77 71 100
77 71 100
77 71 100
77 71 100
77 71 100
77 71 100
77 71 100
77 71 100
77 71 100
77 71 100
77 71 100
77 71 100
77 71 100
77 71 100
77 71 100
77 71 100
77 71 100
77 71 100
77 71 100
77 71 100
77 71 100
77 71 100
77 71 100
77 71 100
77 71 100
77 72 100
77 72 100
77 72 100
77 72 100
77 72 100
77 72 100
77 72 100
77 72 100
77 72 100
77 72 100
77 72 100
77 72 100
77 72 100
77 72 100
77 72 100
77 72 100
77 72 100
77 72 100
77 72 100
77 72 100
77 72 100
77 72 100
77 72 100
77 72 100
77 72 100
77 72 100
77 72 100
77 73 100
77 73 100
77 73 100
77 73 100
77 73 100
77 73 100
77 73 100
77 73 100
77 73 100
77 73 100
77 73 100
77 73 100
77 73 100
77 73 100
77 73 100
77 73 100
77 73 100
77 73 100
77 73 100
77 73 100
77 73 100
77 73 100
77 73 100
77 73 100
77 73 100
77 73 100
77 73 100
77 73 100
77 73 100
77 74 100
77 74 100
77 74 100
77 74 100
77 74 100
77 74 100
77 74 100
77 74 100
77 74 100
77 74 100
77 74 100
77 74 100
77 74 100
77 74 100
77 74 100
77 74 100
77 74 100
77 74 100
77 74 100
77 74 100
77 74 100
77 74 100
77 74 100
77 74 100
77 74 100
77 74 100
77 74 100
77 74 100
77 74 100
77 74 100
77 75 100
77 75 100
77 75 100
77 75 100
77 75 100
77 75 100
77 75 100
77 75 100
77 75 100
77 75 100
77 75 100
77 75 100
77 75 100
77 75 100
77 75 100
77 75 100
77 75 100
77 75 100
77 75 100
77 75 100
77 75 100
77 75 100
77 75 100
77 75 100
77 75 100
77 75 100
77 75 100
77 75 100
77 75 100
77 75 100
77 75 100
77 76 100
77 76 100
77 76 100
77 76 100
77 76 100
77 76 100
77 76 100
77 76 100
77 76 100
77 76 100
77 76 100
77 76 100
77 76 100
77 76 100
77 76 100
77 76 100
77 76 100
77 76 100
77 76 100
77 76 100
77 76 100
77 76 100
77 76 100
77 76 100
77 76 100
77 76 100
77 76 100
77 76 100
77 76 100
77 76 100
77 76 100
77 77 100
77 77 100
77 77 100
77 77 100
77 77 100
77 77 100
77 77 100
77 77 100
77 77 100
77 77 100
77 77 100
77 77 100
77 77 100
77 77 100
77 77 100
77 77 100
77 77 100
77 77 100
77 77 100
77 77 100
77 77 100
77 77 100
77 77 100
77 77 100
77 77 100
77 77 100
77 77 100
77 77 100
77 77 100
77 77 100
77 77 100
77 78 100
77 78 100
77 78 100
77 78 100
77 78 100
77 78 100
77 78 100
77 78 100
77 78 100
77 78 100
77 78 100
77 78 100
77 78 100
77 78 100
77 78 100
77 78 100
77 78 100
77 78 100
77 78 100
77 78 100
77 78 100
77 78 100
77 78 100
77 78 100
77 78 100
77 78 100
77 78 100
77 78 100
77 78 100
77 78 100
77 78 100
77 79 100
77 79 100
77 79 100
77 79 100
77 79 100
77 79 100
77 79 100
77 79 100
77 79 100
77 79 100
77 79 100
77 79 100
77 79 100
77 79 100
77 79 100
77 79 100
77 79 100
77 79 100
77 79 100
77 79 100
77 79 100
77 79 100
77 79 100
77 79 100
77 79 100
77 79 100
77 79 100
77 79 100
77 79 100
77 79 100
77 80 100
77 80 100
77 80 100
77 80 100
77 80 100
77 80 100
77 80 100
77 80 100
77 80 100
77 80 100
77 80 100
77 80 100
77 80 100
77 80 100
77 80 100
77 80 100
77 80 100
77 80 100
77 80 100
77 80 100
77 80 100
77 80 100
77 80 100
77 80 100
77 80 100
77 80 100
77 80 100
77 80 100
77 80 100
77 81 100
77 81 100
77 81 100
77 81 100
77 81 100
77 81 100
77 81 100
77 81 100
77 81 100
77 81 100
77 81 100
77 81 100
77 81 100
77 81 100
77 81 100
77 81 100
77 81 100
77 81 100
77 81 100
77 81 100
77 81 100
77 81 100
77 81 100
77 81 100
77 81 100
77 81 100
77 81 100
77 81 100
77 81 100
77 82 100
77 82 100
77 82 100
77 82 100
77 82 100
77 82 100
77 82 100
77 82 100
77 82 100
77 82 100
77 82 100
77 82 100
77 82 100
77 82 100
77 82 100
77 82 100
77 82 100
77 82 100
77 82 100
77 82 100
77 82 100
77 82 100
77 82 100
77 82 100
77 82 100
77 82 100
77 82 100
77 82 100
77 83 100
77 83 100
77 83 100
77 83 100
77 83 100
77 83 100
77 83 100
77 83 100
77 83 100
77 83 100
77 83 100
77 83 100
77 83 100
77 83 100
77 83 100
77 83 100
77 83 100
77 83 100
77 83 100
77 83 100
77 83 100
77 83 100
77 83 100
77 83 100
77 83 100
77 83 100
77 84 100
77 84 100
77 84 100
77 84 100
77 84 100
77 84 100
77 84 100
77 84 100
77 84 100
77 84 100
77 84 100
77 84 100
77 84 100
77 84 100
77 84 100
77 84 100
77 84 100
77 84 100
77 84 100
77 84 100
77 84 100
77 84 100
77 84 100
77 84 100
77 84 100
77 85 100
77 85 100
77 85 100
77 85 100
77 85 100
77 85 100
77 85 100
77 85 100
77 85 100
77 85 100
77 85 100
77 85 100
77 85 100
77 85 100
77 85 100
77 85 100
77 85 100
77 85 100
77 85 100
77 85 100
77 85 100
77 85 100
77 85 100
77 85 100
77 86 100
77 86 100
77 86 100
77 86 100
77 86 100
77 86 100
77 86 100
77 86 100
77 86 100
77 86 100
77 86 100
77 86 100
77 86 100
77 86 100
77 86 100
77 86 100
77 86 100
77 86 100
77 86 100
77 86 100
77 86 100
77 86 100
77 87 100
77 87 100
77 87 100
77 87 100
77 87 100
77 87 100
77 87 100
77 87 100
77 87 100
77 87 100
77 87 100
77 87 100
77 87 100
77 87 100
77 87 100
77 87 100
77 87 100
77 87 100
77 87 100
77 87 100
77 88 100
77 88 100
77 88 100
77 88 100
77 88 100
77 88 100
77 88 100
77 88 100
77 88 100
77 88 100
77 88 100
77 88 100
77 88 100
77 88 100
77 88 100
77 88 100
77 88 100
77 88 100
77 89 100
77 89 100
77 89 100
77 89 100
77 89 100
77 89 100
77 89 100
77 89 100
77 89 100
77 89 100
77 89 100
77 89 100
77 89 100
77 89 100
77 89 100
77 89 100
77 90 100
77 90 100
77 90 100
77 90 100
77 90 100
77 90 100
77 90 100
77 90 100
77 90 100
77 90 100
77 90 100
77 90 100
77 90 100
77 91 100
77 91 100
77 91 100
77 91 100
77 91 100
77 91 100
77 91 100
77 91 100
77 91 100
77 91 100
77 91 100
77 92 100
77 92 100
77 92 100
77 92 100
77 92 100
77 92 100
77 92 100
77 92 100
77 92 100
77 93 100
77 93 100
77 93 100
77 93 100
77 93 100
77 93 100
77 93 100
77 94 100
77 94 100
77 94 100
77 94 100
77 94 100
77 94 100
77 95 100
77 95 100
77 95 100
77 95 100
77 95 100
77 96 100
77 96 100
77 96 100
77 96 100
77 97 100
77 97 100
77 97 100
77 97 100
77 98 100
77 98 100
77 98 100
77 99 100
77 99 100
77 99 100
77 100 100
77 100 100
77 101 100
77 101 100
77 102 100
77 102 100
77 103 100
77 103 100
77 104 100
77 104 100
77 105 100
77 106 100
77 107 100
77 108 100
77 109 100
77 110 100
77 111 100
77 112 100
77 113 100
77 114 100
77 115 100
77 116 100
77 117 100
77 118 100
77 119 100
77 120 100
77 121 100
77 122 100
77 123 100
77 124 100
77 125 100
77 126 100
77 127 100
77 128 100
77 129 100
77 130 100
77 131 100
77 132 100
77 133 100
77 134 100
77 135 100
77 136 100
# move from (142,42) to (77,194)
142 42 100
141 42 100
140 42 100
139 42 100
138 42 100
137 42 100
136 42 100
135 42 100
134 42 100
133 42 100
132 42 100
131 42 100
130 42 100
129 42 100
128 42 100
127 42 100
126 42 100
125 42 100
124 42 100
123 42 100
122 42 100
121 42 100
120 42 100
119 42 100
118 42 100
117 42 100
116 42 100
115 42 100
114 42 100
113 42 100
112 42 100
111 42 100
110 42 100
109 42 100
108 42 100
107 42 100
106 42 100
105 42 100
104 42 100
103 42 100
102 42 100
101 42 100
100 42 100
99 42 100
98 42 100
97 42 100
96 42 100
95 42 100
94 42 100
93 42 100
93 42 100
92 42 100
92 42 100
91 42 100
91 42 100
90 42 100
90 42 100
90 42 100
89 42 100
89 42 100
89 42 100
88 42 100
88 42 100
88 42 100
88 42 100
87 42 100
87 42 100
87 42 100
87 42 100
87 42 100
86 42 100
86 42 100
86 42 100
86 42 100
86 42 100
86 42 100
85 42 100
85 42 100
85 42 100
85 42 100
85 42 100
85 42 100
85 42 100
85 42 100
84 42 100
84 42 100
84 42 100
84 42 100
84 42 100
84 42 100
84 42 100
84 42 100
84 42 100
84 42 100
83 42 100
83 42 100
83 42 100
83 42 100
83 42 100
83 42 100
83 42 100
83 42 100
83 42 100
83 42 100
83 42 100
83 42 100
82 42 100
82 42 100
82 42 100
82 42 100
82 42 100
82 42 100
82 42 100
82 42 100
82 42 100
82 42 100
82 42 100
82 42 100
82 42 100
82 42 100
81 42 100
81 42 100
81 42 100
81 42 100
81 42 100
81 42 100
81 42 100
81 42 100
81 42 100
81 42 100
81 42 100
81 42 100
81 42 100
81 42 100
81 42 100
81 42 100
81 42 100
80 42 100
80 42 100
80 42 100
80 42 100
80 42 100
80 42 100
80 42 100
80 42 100
80 42 100
80 42 100
80 42 100
80 42 100
80 42 100
80 42 100
80 42 100
80 42 100
80 42 100
80 42 100
80 42 100
79 42 100
79 42 100
79 42 100
79 42 100
79 42 100
79 42 100
79 42 100
79 42 100
79 42 100
79 42 100
79 42 100
79 42 100
79 42 100
79 42 100
79 42 100
79 42 100
79 42 100
79 42 100
79 42 100
79 42 100
79 42 100
78 42 100
78 42 100
78 42 100
78 42 100
78 42 100
78 42 100
78 42 100
78 42 100
78 42 100
78 42 100
78 42 100
78 42 100
78 42 100
78 42 100
78 42 100
78 42 100
78 42 100
78 42 100
78 42 100
78 42 100
78 42 100
78 42 100
78 42 100
77 42 100
77 42 100
77 42 100
77 42 100
77 42 100
77 42 100
77 42 100
77 42 100
77 42 100
77 42 100
77 42 100
77 42 100
77 42 100
77 42 100
77 42 100
77 42 100
77 42 100
77 42 100
77 42 100
77 42 100
77 42 100
77 42 100
77 42 100
77 42 100
77 43 100
77 43 100
77 43 100
77 43 100
77 43 100
77 43 100
77 43 100
77 43 100
77 43 100
77 43 100
77 43 100
77 43 100
77 43 100
77 43 100
77 43 100
77 43 100
77 43 100
77 43 100
77 43 100
77 43 100
77 43 100
77 43 100
77 43 100
77 43 100
77 44 100
77 44 100
77 44 100
77 44 100
77 44 100
77 44 100
77 44 100
77 44 100
77 44 100
77 44 100
77 44 100
77 44 100
77 44 100
77 44 100
77 44 100
77 44 100
77 44 100
77 44 100
77 44 100
77 44 100
77 44 100
77 44 100
77 44 100
77 44 100
77 45 100
77 45 100
77 45 100
77 45 100
77 45 100
77 45 100
77 45 100
77 45 100
77 45 100
77 45 100
77 45 100
77 45 100
77 45 100
77 45 100
77 45 100
77 45 100
77 45 100
77 45 100
77 45 100
77 45 100
77 45 100
77 45 100
77 45 100
77 45 100
77 46 100
77 46 100
77 46 100
77 46 100
77 46 100
77 46 100
77 46 100
77 46 100
77 46 100
77 46 100
77 46 100
77 46 100
77 46 100
77 46 100
77 46 100
77 46 100
77 46 100
77 46 100
77 46 100
77 46 100
77 46 100
77 46 100
77 46 100
77 46 100
77 47 100
77 47 100
77 47 100
77 47 100
77 47 100
77 47 100
77 47 100
77 47 100
77 47 100
77 47 100
77 47 100
77 47 100
77 47 100
77 47 100
77 47 100
77 47 100
77 47 100
77 47 100
77 47 100
77 47 100
77 47 100
77 47 100
77 47 100
77 48 100
77 48 100
77 48 100
77 48 100
77 48 100
77 48 100
77 48 100
77 48 100
77 48 100
77 48 100
77 48 100
77 48 100
77 48 100
77 48 100
77 48 100
77 48 100
77 48 100
77 48 100
77 48 100
77 48 100
77 48 100
77 48 100
77 49 100
77 49 100
77 49 100
77 49 100
77 49 100
77 49 100
77 49 100
77 49 100
77 49 100
77 49 100
77 49 100
77 49 100
77 49 100
77 49 100
77 49 100
77 49 100
77 49 100
77 49 100
77 49 100
77 49 100
77 49 100
77 50 100
77 50 100
77 50 100
77 50 100
77 50 100
77 50 100
77 50 100
77 50 100
77 50 100
77 50 100
77 50 100
77 50 100
77 50 100
77 50 100
77 50 100
77 50 100
77 50 100
77 50 100
77 50 100
77 50 100
77 51 100
77 51 100
77 51 100
77 51 100
77 51 100
77 51 100
77 51 100
77 51 100
77 51 100
77 51 100
77 51 100
77 51 100
77 51 100
77 51 100
77 51 100
77 51 100
77 51 100
77 51 100
77 52 100
77 52 100
77 52 100
77 52 100
77 52 100
77 52 100
77 52 100
77 52 100
77 52 100
77 52 100
77 52 100
77 52 100
77 52 100
77 52 100
77 52 100
77 52 100
77 52 100
77 53 100
77 53 100
77 53 100
77 53 100
77 53 100
77 53 100
77 53 100
77 53 100
77 53 100
77 53 100
77 53 100
77 53 100
77 53 100
77 53 100
77 53 100
77 54 100
77 54 100
77 54 100
77 54 100
77 54 100
77 54 100
77 54 100
77 54 100
77 54 100
77 54 100
77 54 100
77 54 100
77 54 100
77 54 100
77 55 100
77 55 100
77 55 100
77 55 100
77 55 100
77 55 100
77 55 100
77 55 100
77 55 100
77 55 100
77 55 100
77 55 100
77 55 100
77 56 100
77 56 100
77 56 100
77 56 100
77 56 100
77 56 100
77 56 100
77 56 100
77 56 100
77 56 100
77 56 100
77 56 100
77 57 100
77 57 100
77 57 100
77 57 100
77 57 100
77 57 100
77 57 100
77 57 100
77 57 100
77 57 100
77 57 100
77 58 100
77 58 100
77 58 100
77 58 100
77 58 100
77 58 100
77 58 100
77 58 100
77 58 100
77 58 100
77 58 100
77 59 100
77 59 100
77 59 100
77 59 100
77 59 100
77 59 100
77 59 100
77 59 100
77 59 100
77 59 100
77 59 100
77 60 100
77 60 100
77 60 100
77 60 100
77 60 100
77 60 100
77 60 100
77 60 100
77 60 100
77 60 100
77 60 100
77 61 100
77 61 100
77 61 100
77 61 100
77 61 100
77 61 100
77 61 100
77 61 100
77 61 100
77 61 100
77 61 100
77 61 100
77 62 100
77 62 100
77 62 100
77 62 100
77 62 100
77 62 100
77 62 100
77 62 100
77 62 100
77 62 100
77 62 100
77 62 100
77 63 100
77 63 100
77 63 100
77 63 100
77 63 100
77 63 100
77 63 100
77 63 100
77 63 100
77 63 100
77 63 100
77 63 100
77 63 100
77 64 100
77 64 100
77 64 100
77 64 100
77 64 100
77 64 100
77 64 100
77 64 100
77 64 100
77 64 100
77 64 100
77 64 100
77 64 100
77 64 100
77 65 100
77 65 100
77 65 100
77 65 100
77 65 100
77 65 100
77 65 100
77 65 100
77 65 100
77 65 100
77 65 100
77 65 100
77 65 100
77 65 100
77 65 100
77 65 100
77 66 100
77 66 100
77 66 100
77 66 100
77 66 100
77 66 100
77 66 100
77 66 100
77 66 100
77 66 100
77 66 100
77 66 100
77 66 100
77 66 100
77 66 100
77 66 100
77 66 100
77 67 100
77 67 100
77 67 100
77 67 100
77 67 100
77 67 100
77 67 100
77 67 100
77 67 100
77 67 100
77 67 100
77 67 100
77 67 100
77 67 100
77 67 100
77 67 100
77 67 100
77 67 100
77 67 100
77 68 100
77 68 100
77 68 100
77 68 100
77 68 100
77 68 100
77 68 100
77 68 100
77 68 100
77 68 100
77 68 100
77 68 100
77 68 100
77 68 100
77 68 100
77 68 100
77 68 100
77 68 100
77 68 100
77 68 100
# move from (49,110) to (77,194)
49 110 100
50 110 100
51 110 100
52 110 100
53 110 100
54 110 100
55 110 100
56 110 100
57 110 100
58 110 100
59 110 100
60 110 100
61 110 100
62 110 100
63 110 100
64 110 100
65 110 100
66 110 100
67 110 100
68 110 100
69 110 100
70 110 100
71 110 100
72 110 100
73 110 100
74 110 100
75 110 100
76 110 100
# move from (185,60) to (77,194)
185 60 100
184 60 100
184 60 100
183 60 100
183 60 100
182 60 100
182 60 100
181 60 100
181 60 100
180 60 100
180 60 100
180 60 100
179 60 100
179 60 100
179 60 100
178 60 100
178 60 100
178 60 100
178 60 100
177 60 100
177 60 100
177 60 100
177 60 100
176 60 100
176 60 100
176 60 100
176 60 100
175 60 100
175 60 100
175 60 100
175 60 100
174 60 100
174 60 100
174 60 100
174 60 100
173 60 100
173 60 100
173 60 100
173 60 100
172 60 100
172 60 100
172 60 100
172 60 100
171 60 100
171 60 100
171 60 100
171 60 100
170 60 100
170 60 100
170 60 100
169 60 100
169 60 100
169 60 100
168 60 100
168 60 100
168 60 100
167 60 100
167 60 100
166 60 100
166 60 100
165 60 100
165 60 100
164 60 100
164 60 100
163 60 100
163 60 100
162 60 100
162 60 100
161 60 100
161 60 100
160 60 100
160 60 100
159 60 100
159 60 100
158 60 100
158 60 100
157 60 100
157 60 100
156 60 100
156 60 100
155 60 100
155 60 100
154 60 100
154 60 100
153 60 100
153 60 100
152 60 100
152 60 100
151 60 100
151 60 100
150 60 100
150 60 100
149 60 100
149 60 100
148 60 100
148 60 100
147 60 100
147 60 100
146 60 100
145 60 100
144 60 100
143 60 100
142 60 100
141 60 100
140 60 100
139 60 100
138 60 100
137 60 100
136 60 100
135 60 100
134 60 100
133 60 100
132 60 100
131 60 100
130 60 100
129 60 100
128 60 100
127 60 100
126 60 100
125 60 100
124 60 100
123 60 100
122 60 100
121 60 100
120 60 100
119 60 100
118 60 100
117 60 100
116 60 100
115 60 100
114 60 100
113 60 100
112 60 100
111 60 100
110 60 100
109 60 100
108 60 100
107 60 100
106 60 100
105 60 100
104 60 100
103 60 100
103 60 100
102 60 100
102 60 100
101 60 100
101 60 100
100 60 100
100 60 100
100 60 100
99 60 100
99 60 100
99 60 100
98 60 100
98 60 100
98 60 100
97 60 100
97 60 100
97 60 100
97 60 100
96 60 100
96 60 100
96 60 100
96 60 100
95 60 100
95 60 100
95 60 100
95 60 100
94 60 100
94 60 100
94 60 100
94 60 100
94 60 100
93 60 100
93 60 100
93 60 100
93 60 100
93 60 100
92 60 100
92 60 100
92 60 100
92 60 100
92 60 100
91 60 100
91 60 100
91 60 100
91 60 100
91 60 100
90 60 100
90 60 100
90 60 100
90 60 100
90 60 100
89 60 100
89 60 100
89 60 100
89 60 100
89 60 100
89 60 100
88 60 100
88 60 100
88 60 100
88 60 100
88 60 100
88 60 100
87 60 100
87 60 100
87 60 100
87 60 100
87 60 100
87 60 100
86 60 100
86 60 100
86 60 100
86 60 100
86 60 100
86 60 100
86 60 100
85 60 100
85 60 100
85 60 100
85 60 100
85 60 100
85 60 100
85 60 100
84 60 100
84 60 100
84 60 100
84 60 100
84 60 100
84 60 100
84 60 100
83 60 100
83 60 100
83 60 100
83 60 100
83 60 100
83 60 100
83 60 100
82 60 100
82 60 100
82 60 100
82 60 100
82 60 100
82 60 100
82 60 100
81 60 100
81 60 100
81 60 100
81 60 100
81 60 100
81 60 100
81 60 100
81 60 100
80 60 100
80 60 100
80 60 100
80 60 100
80 60 100
80 60 100
80 60 100
80 60 100
79 60 100
79 60 100
79 60 100
79 60 100
79 60 100
79 60 100
79 60 100
79 60 100
79 60 100
78 60 100
78 60 100
78 60 100
78 60 100
78 60 100
78 60 100
78 60 100
78 60 100
78 60 100
78 60 100
# move from (181,193) to (77,194)
181 193 100
180 193 100
179 193 100
178 193 100
177 193 100
176 193 100
175 193 100
174 193 100
173 193 100
172 193 100
171 193 100
170 193 100
169 193 100
168 193 100
167 193 100
166 193 100
165 193 100
164 193 100
163 193 100
162 193 100
161 193 100
160 193 100
159 193 100
158 193 100
157 193 100
156 193 100
155 193 100
154 193 100
154 193 100
153 193 100
153 193 100
152 193 100
152 193 100
151 193 100
151 193 100
151 193 100
150 193 100
150 193 100
150 193 100
150 193 100
149 193 100
149 193 100
149 193 100
149 193 100
149 193 100
148 193 100
148 193 100
148 193 100
148 193 100
148 193 100
148 193 100
147 193 100
147 193 100
147 193 100
147 193 100
147 193 100
147 193 100
147 193 100
146 193 100
146 193 100
146 193 100
146 193 100
146 193 100
146 193 100
146 193 100
146 193 100
146 193 100
145 193 100
145 193 100
145 193 100
145 193 100
145 193 100
145 193 100
145 193 100
145 193 100
145 193 100
145 193 100
144 193 100
144 193 100
144 193 100
144 193 100
144 193 100
144 193 100
144 193 100
144 193 100
144 193 100
144 193 100
144 193 100
144 193 100
143 193 100
143 193 100
143 193 100
143 193 100
143 193 100
143 193 100
143 193 100
143 193 100
143 193 100
143 193 100
143 193 100
143 193 100
143 193 100
143 193 100
142 193 100
142 193 100
142 193 100
142 193 100
142 193 100
142 193 100
142 193 100
142 193 100
142 193 100
142 193 100
142 193 100
142 193 100
142 193 100
142 193 100
142 193 100
142 193 100
141 193 100
141 193 100
141 193 100
141 193 100
141 193 100
141 193 100
141 193 100
141 193 100
141 193 100
141 193 100
141 193 100
141 193 100
141 193 100
141 193 100
141 193 100
141 193 100
141 193 100
141 193 100
141 193 100
140 193 100
140 193 100
140 193 100
140 193 100
140 193 100
140 193 100
140 193 100
140 193 100
140 193 100
140 193 100
140 193 100
140 193 100
140 193 100
140 193 100
140 193 100
140 193 100
140 193 100
140 193 100
140 193 100
140 193 100
140 193 100
139 193 100
139 193 100
139 193 100
139 193 100
139 193 100
139 193 100
139 193 100
139 193 100
139 193 100
139 193 100
139 193 100
139 193 100
139 193 100
139 193 100
139 193 100
139 193 100
139 193 100
139 193 100
139 193 100
139 193 100
139 193 100
139 193 100
139 193 100
138 193 100
138 193 100
138 193 100
138 193 100
138 193 100
138 193 100
138 193 100
138 193 100
138 193 100
138 193 100
138 193 100
138 193 100
138 193 100
138 193 100
138 193 100
138 193 100
138 193 100
138 193 100
138 193 100
138 193 100
138 193 100
138 193 100
138 193 100
138 193 100
138 193 100
137 193 100
137 193 100
137 193 100
137 193 100
137 193 100
137 193 100
137 193 100
137 193 100
137 193 100
137 193 100
137 193 100
137 193 100
137 193 100
137 193 100
137 193 100
137 193 100
137 193 100
137 193 100
137 193 100
137 193 100
137 193 100
137 193 100
137 193 100
137 193 100
137 193 100
137 193 100
137 193 100
136 193 100
136 193 100
136 193 100
136 193 100
136 193 100
136 193 100
136 193 100
136 193 100
136 193 100
136 193 100
136 193 100
136 193 100
136 193 100
136 193 100
136 193 100
136 193 100
136 193 100
136 193 100
136 193 100
136 193 100
136 193 100
136 193 100
136 193 100
136 193 100
136 193 100
136 193 100
136 193 100
136 193 100
135 193 100
135 193 100
135 193 100
135 193 100
135 193 100
135 193 100
135 193 100
135 193 100
135 193 100
135 193 100
135 193 100
135 193 100
135 193 100
135 193 100
135 193 100
135 193 100
135 193 100
135 193 100
135 193 100
135 193 100
135 193 100
135 193 100
135 193 100
135 193 100
135 193 100
135 193 100
135 193 100
135 193 100
135 193 100
134 193 100
134 193 100
134 193 100
134 193 100
134 193 100
134 193 100
134 193 100
134 193 100
134 193 100
134 193 100
134 193 100
134 193 100
134 193 100
134 193 100
134 193 100
134 193 100
134 193 100
134 193 100
134 193 100
134 193 100
134 193 100
134 193 100
134 193 100
134 193 100
134 193 100
134 193 100
134 193 100
134 193 100
134 193 100
134 193 100
133 193 100
133 193 100
133 193 100
133 193 100
133 193 100
133 193 100
133 193 100
133 193 100
133 193 100
133 193 100
133 193 100
133 193 100
133 193 100
133 193 100
133 193 100
133 193 100
133 193 100
133 193 100
133 193 100
133 193 100
133 193 100
133 193 100
133 193 100
133 193 100
133 193 100
133 193 100
133 193 100
133 193 100
133 193 100
133 193 100
132 193 100
132 193 100
132 193 100
132 193 100
132 193 100
132 193 100
132 193 100
132 193 100
132 193 100
132 193 100
132 193 100
132 193 100
132 193 100
132 193 100
132 193 100
132 193 100
132 193 100
132 193 100
132 193 100
132 193 100
132 193 100
132 193 100
132 193 100
132 193 100
132 193 100
132 193 100
132 193 100
132 193 100
132 193 100
132 193 100
131 193 100
131 193 100
131 193 100
131 193 100
131 193 100
131 193 100
131 193 100
131 193 100
131 193 100
131 193 100
131 193 100
131 193 100
131 193 100
131 193 100
131 193 100
131 193 100
131 193 100
131 193 100
131 193 100
131 193 100
131 193 100
131 193 100
131 193 100
131 193 100
131 193 100
131 193 100
131 193 100
131 193 100
131 193 100
131 193 100
130 193 100
130 193 100
130 193 100
130 193 100
130 193 100
130 193 100
130 193 100
130 193 100
130 193 100
130 193 100
130 193 100
130 193 100
130 193 100
130 193 100
130 193 100
130 193 100
130 193 100
130 193 100
130 193 100
130 193 100
130 193 100
130 193 100
130 193 100
130 193 100
130 193 100
130 193 100
130 193 100
130 193 100
130 193 100
130 193 100
129 193 100
129 193 100
129 193 100
129 193 100
129 193 100
129 193 100
129 193 100
129 193 100
129 193 100
129 193 100
129 193 100
129 193 100
129 193 100
129 193 100
129 193 100
129 193 100
129 193 100
129 193 100
129 193 100
129 193 100
129 193 100
129 193 100
129 193 100
129 193 100
129 193 100
129 193 100
129 193 100
129 193 100
129 193 100
129 193 100
128 193 100
128 193 100
128 193 100
128 193 100
128 193 100
128 193 100
128 193 100
128 193 100
128 193 100
128 193 100
128 193 100
128 193 100
128 193 100
128 193 100
128 193 100
128 193 100
128 193 100
128 193 100
128 193 100
128 193 100
128 193 100
128 193 100
128 193 100
128 193 100
128 193 100
128 193 100
128 193 100
128 193 100
128 193 100
128 193 100
128 193 100
127 193 100
127 193 100
127 193 100
127 193 100
127 193 100
127 193 100
127 193 100
127 193 100
127 193 100
127 193 100
127 193 100
127 193 100
127 193 100
127 193 100
127 193 100
127 193 100
127 193 100
127 193 100
127 193 100
127 193 100
127 193 100
127 193 100
127 193 100
127 193 100
127 193 100
127 193 100
127 193 100
127 193 100
127 193 100
127 193 100
127 193 100
126 193 100
126 193 100
126 193 100
126 193 100
126 193 100
126 193 100
126 193 100
126 193 100
126 193 100
126 193 100
126 193 100
126 193 100
126 193 100
126 193 100
126 193 100
126 193 100
126 193 100
126 193 100
126 193 100
126 193 100
126 193 100
126 193 100
126 193 100
126 193 100
126 193 100
126 193 100
126 193 100
126 193 100
126 193 100
126 193 100
126 193 100
125 193 100
125 193 100
125 193 100
125 193 100
125 193 100
125 193 100
125 193 100
125 193 100
125 193 100
125 193 100
125 193 100
125 193 100
125 193 100
125 193 100
125 193 100
125 193 100
125 193 100
125 193 100
125 193 100
125 193 100
125 193 100
125 193 100
125 193 100
125 193 100
125 193 100
125 193 100
125 193 100
125 193 100
125 193 100
125 193 100
125 193 100
124 193 100
124 193 100
124 193 100
124 193 100
124 193 100
124 193 100
124 193 100
124 193 100
124 193 100
124 193 100
124 193 100
124 193 100
124 193 100
124 193 100
124 193 100
124 193 100
124 193 100
124 193 100
124 193 100
124 193 100
124 193 100
124 193 100
124 193 100
124 193 100
124 193 100
124 193 100
124 193 100
124 193 100
124 193 100
124 193 100
124 193 100
123 193 100
123 193 100
123 193 100
123 193 100
123 193 100
123 193 100
123 193 100
123 193 100
123 193 100
123 193 100
123 193 100
123 193 100
123 193 100
123 193 100
123 193 100
123 193 100
123 193 100
123 193 100
123 193 100
123 193 100
123 193 100
123 193 100
123 193 100
123 193 100
123 193 100
123 193 100
123 193 100
123 193 100
123 193 100
123 193 100
123 193 100
122 193 100
122 193 100
122 193 100
122 193 100
122 193 100
122 193 100
122 193 100
122 193 100
122 193 100
122 193 100
122 193 100
122 193 100
122 193 100
122 193 100
122 193 100
122 193 100
122 193 100
122 193 100
122 193 100
122 193 100
122 193 100
122 193 100
122 193 100
122 193 100
122 193 100
122 193 100
122 193 100
122 193 100
122 193 100
122 193 100
122 193 100
122 193 100
121 193 100
121 193 100
121 193 100
121 193 100
121 193 100
121 193 100
121 193 100
121 193 100
121 193 100
121 193 100
121 193 100
121 193 100
121 193 100
121 193 100
121 193 100
121 193 100
121 193 100
121 193 100
121 193 100
121 193 100
121 193 100
121 193 100
121 193 100
121 193 100
121 193 100
121 193 100
121 193 100
121 193 100
121 193 100
121 193 100
121 193 100
121 193 100
121 193 100
120 193 100
120 193 100
120 193 100
120 193 100
120 193 100
120 193 100
120 193 100
120 193 100
120 193 100
120 193 100
120 193 100
120 193 100
120 193 100
120 193 100
120 193 100
120 193 100
120 193 100
120 193 100
120 193 100
120 193 100
120 193 100
120 193 100
120 193 100
120 193 100
120 193 100
120 193 100
120 193 100
120 193 100
120 193 100
120 193 100
120 193 100
120 193 100
120 193 100
120 193 100
119 193 100
119 193 100
119 193 100
119 193 100
119 193 100
119 193 100
119 193 100
119 193 100
119 193 100
119 193 100
119 193 100
119 193 100
119 193 100
119 193 100
119 193 100
119 193 100
119 193 100
119 193 100
119 193 100
119 193 100
119 193 100
119 193 100
119 193 100
119 193 100
119 193 100
119 193 100
119 193 100
119 193 100
119 193 100
119 193 100
119 193 100
119 193 100
119 193 100
119 193 100
119 193 100
118 193 100
118 193 100
118 193 100
118 193 100
118 193 100
118 193 100
118 193 100
118 193 100
118 193 100
118 193 100
118 193 100
118 193 100
118 193 100
118 193 100
118 193 100
118 193 100
118 193 100
118 193 100
118 193 100
118 193 100
118 193 100
118 193 100
118 193 100
118 193 100
118 193 100
118 193 100
118 193 100
118 193 100
118 193 100
118 193 100
118 193 100
118 193 100
118 193 100
118 193 100
118 193 100
118 193 100
117 193 100
117 193 100
117 193 100
117 193 100
117 193 100
117 193 100
117 193 100
117 193 100
117 193 100
117 193 100
117 193 100
117 193 100
117 193 100
117 193 100
117 193 100
117 193 100
117 193 100
117 193 100
117 193 100
117 193 100
117 193 100
117 193 100
117 193 100
117 193 100
117 193 100
117 193 100
117 193 100
117 193 100
117 193 100
117 193 100
117 193 100
117 193 100
117 193 100
117 193 100
117 193 100
117 193 100
116 193 100
116 193 100
116 193 100
116 193 100
116 193 100
116 193 100
116 193 100
116 193 100
116 193 100
116 193 100
116 193 100
116 193 100
116 193 100
116 193 100
116 193 100
116 193 100
116 193 100
116 193 100
116 193 100
116 193 100
116 193 100
116 193 100
116 193 100
116 193 100
116 193 100
116 193 100
116 193 100
116 193 100
116 193 100
116 193 100
116 193 100
116 193 100
116 193 100
116 193 100
116 193 100
116 193 100
116 193 100
115 193 100
115 193 100
115 193 100
115 193 100
115 193 100
115 193 100
115 193 100
115 193 100
115 193 100
115 193 100
115 193 100
115 193 100
115 193 100
115 193 100
115 193 100
115 193 100
115 193 100
115 193 100
115 193 100
115 193 100
115 193 100
115 193 100
115 193 100
115 193 100
115 193 100
115 193 100
115 193 100
115 193 100
115 193 100
115 193 100
115 193 100
115 193 100
115 193 100
115 193 100
115 193 100
115 193 100
115 193 100
115 193 100
114 193 100
114 193 100
114 193 100
114 193 100
114 193 100
114 193 100
114 193 100
114 193 100
114 193 100
114 193 100
114 193 100
114 193 100
114 193 100
114 193 100
114 193 100
114 193 100
114 193 100
114 193 100
114 193 100
114 193 100
114 193 100
114 193 100
114 193 100
114 193 100
114 193 100
114 193 100
114 193 100
114 193 100
114 193 100
114 193 100
114 193 100
114 193 100
114 193 100
114 193 100
114 193 100
114 193 100
114 193 100
114 193 100
113 193 100
113 193 100
113 193 100
113 193 100
113 193 100
113 193 100
113 193 100
113 193 100
113 193 100
113 193 100
113 193 100
113 193 100
113 193 100
113 193 100
113 193 100
113 193 100
113 193 100
113 193 100
113 193 100
113 193 100
113 193 100
113 193 100
113 193 100
113 193 100
113 193 100
113 193 100
113 193 100
113 193 100
113 193 100
113 193 100
113 193 100
113 193 100
113 193 100
113 193 100
113 193 100
113 193 100
113 193 100
113 193 100
112 193 100
112 193 100
112 193 100
112 193 100
112 193 100
112 193 100
112 193 100
112 193 100
112 193 100
112 193 100
112 193 100
112 193 100
112 193 100
112 193 100
112 193 100
112 193 100
112 193 100
112 193 100
112 193 100
112 193 100
112 193 100
112 193 100
112 193 100
112 193 100
112 193 100
112 193 100
112 193 100
112 193 100
112 193 100
112 193 100
112 193 100
112 193 100
112 193 100
112 193 100
112 193 100
112 193 100
112 193 100
112 193 100
111 193 100
111 193 100
111 193 100
111 193 100
111 193 100
111 193 100
111 193 100
111 193 100
111 193 100
111 193 100
111 193 100
111 193 100
111 193 100
111 193 100
111 193 100
111 193 100
111 193 100
111 193 100
111 193 100
111 193 100
111 193 100
111 193 100
111 193 100
111 193 100
111 193 100
111 193 100
111 193 100
111 193 100
111 193 100
111 193 100
111 193 100
111 193 100
111 193 100
111 193 100
111 193 100
111 193 100
111 193 100
110 193 100
110 193 100
110 193 100
110 193 100
110 193 100
110 193 100
110 193 100
110 193 100
110 193 100
110 193 100
110 193 100
110 193 100
110 193 100
110 193 100
110 193 100
110 193 100
110 193 100
110 193 100
110 193 100
110 193 100
110 193 100
110 193 100
110 193 100
110 193 100
110 193 100
110 193 100
110 193 100
110 193 100
110 193 100
110 193 100
110 193 100
110 193 100
110 193 100
110 193 100
110 193 100
110 193 100
110 193 100
109 193 100
109 193 100
109 193 100
109 193 100
109 193 100
109 193 100
109 193 100
109 193 100
109 193 100
109 193 100
109 193 100
109 193 100
109 193 100
109 193 100
109 193 100
109 193 100
109 193 100
109 193 100
109 193 100
109 193 100
109 193 100
109 193 100
109 193 100
109 193 100
109 193 100
109 193 100
109 193 100
109 193 100
109 193 100
109 193 100
109 193 100
109 193 100
109 193 100
109 193 100
109 193 100
109 193 100
108 193 100
108 193 100
108 193 100
108 193 100
108 193 100
108 193 100
108 193 100
108 193 100
108 193 100
108 193 100
108 193 100
108 193 100
108 193 100
108 193 100
108 193 100
108 193 100
108 193 100
108 193 100
108 193 100
108 193 100
108 193 100
108 193 100
108 193 100
108 193 100
108 193 100
108 193 100
108 193 100
108 193 100
108 193 100
108 193 100
108 193 100
108 193 100
108 193 100
108 193 100
108 193 100
107 193 100
107 193 100
107 193 100
107 193 100
107 193 100
107 193 100
107 193 100
107 193 100
107 193 100
107 193 100
107 193 100
107 193 100
107 193 100
107 193 100
107 193 100
107 193 100
107 193 100
107 193 100
107 193 100
107 193 100
107 193 100
107 193 100
107 193 100
107 193 100
107 193 100
107 193 100
107 193 100
107 193 100
107 193 100
107 193 100
107 193 100
107 193 100
107 193 100
107 193 100
106 193 100
106 193 100
106 193 100
106 193 100
106 193 100
106 193 100
106 193 100
106 193 100
106 193 100
106 193 100
106 193 100
106 193 100
106 193 100
106 193 100
106 193 100
106 193 100
106 193 100
106 193 100
106 193 100
106 193 100
106 193 100
106 193 100
106 193 100
106 193 100
106 193 100
106 193 100
106 193 100
106 193 100
106 193 100
106 193 100
106 193 100
106 193 100
106 193 100
105 193 100
105 193 100
105 193 100
105 193 100
105 193 100
105 193 100
105 193 100
105 193 100
105 193 100
105 193 100
105 193 100
105 193 100
105 193 100
105 193 100
105 193 100
105 193 100
105 193 100
105 193 100
105 193 100
105 193 100
105 193 100
105 193 100
105 193 100
105 193 100
105 193 100
105 193 100
105 193 100
105 193 100
105 193 100
105 193 100
105 193 100
104 193 100
104 193 100
104 193 100
104 193 100
104 193 100
104 193 100
104 193 100
104 193 100
104 193 100
104 193 100
104 193 100
104 193 100
104 193 100
104 193 100
104 193 100
104 193 100
104 193 100
104 193 100
104 193 100
104 193 100
104 193 100
104 193 100
104 193 100
104 193 100
104 193 100
104 193 100
104 193 100
104 193 100
104 193 100
104 193 100
103 193 100
103 193 100
103 193 100
103 193 100
103 193 100
103 193 100
103 193 100
103 193 100
103 193 100
103 193 100
103 193 100
103 193 100
103 193 100
103 193 100
103 193 100
103 193 100
103 193 100
103 193 100
103 193 100
103 193 100
103 193 100
103 193 100
103 193 100
103 193 100
103 193 100
103 193 100
103 193 100
103 193 100
102 193 100
102 193 100
102 193 100
102 193 100
102 193 100
102 193 100
102 193 100
102 193 100
102 193 100
102 193 100
102 193 100
102 193 100
102 193 100
102 193 100
102 193 100
102 193 100
102 193 100
102 193 100
102 193 100
102 193 100
102 193 100
102 193 100
102 193 100
102 193 100
102 193 100
102 193 100
101 193 100
101 193 100
101 193 100
101 193 100
101 193 100
101 193 100
101 193 100
101 193 100
101 193 100
101 193 100
101 193 100
101 193 100
101 193 100
101 193 100
101 193 100
101 193 100
101 193 100
101 193 100
101 193 100
101 193 100
101 193 100
101 193 100
101 193 100
101 193 100
100 193 100
100 193 100
100 193 100
100 193 100
100 193 100
100 193 100
100 193 100
100 193 100
100 193 100
100 193 100
100 193 100
100 193 100
100 193 100
100 193 100
100 193 100
100 193 100
100 193 100
100 193 100
100 193 100
100 193 100
100 193 100
100 193 100
100 193 100
99 193 100
99 193 100
99 193 100
99 193 100
99 193 100
99 193 100
99 193 100
99 193 100
99 193 100
99 193 100
99 193 100
99 193 100
99 193 100
99 193 100
99 193 100
99 193 100
99 193 100
99 193 100
99 193 100
99 193 100
99 193 100
98 193 100
98 193 100
98 193 100
98 193 100
98 193 100
98 193 100
98 193 100
98 193 100
98 193 100
98 193 100
98 193 100
98 193 100
98 193 100
98 193 100
98 193 100
98 193 100
98 193 100
98 193 100
98 193 100
98 193 100
97 193 100
97 193 100
97 193 100
97 193 100
97 193 100
97 193 100
97 193 100
97 193 100
97 193 100
97 193 100
97 193 100
97 193 100
97 193 100
97 193 100
97 193 100
97 193 100
97 193 100
97 193 100
97 193 100
96 193 100
96 193 100
96 193 100
96 193 100
96 193 100
96 193 100
96 193 100
96 193 100
96 193 100
96 193 100
96 193 100
96 193 100
96 193 100
96 193 100
96 193 100
96 193 100
96 193 100
96 193 100
96 193 100
95 193 100
95 193 100
95 193 100
95 193 100
95 193 100
95 193 100
95 193 100
95 193 100
95 193 100
95 193 100
95 193 100
95 193 100
95 193 100
95 193 100
95 193 100
95 193 100
95 193 100
95 193 100
95 193 100
94 193 100
94 193 100
94 193 100
94 193 100
94 193 100
94 193 100
94 193 100
94 193 100
94 193 100
94 193 100
94 193 100
94 193 100
94 193 100
94 193 100
94 193 100
94 193 100
94 193 100
94 193 100
94 193 100
93 193 100
93 193 100
93 193 100
93 193 100
93 193 100
93 193 100
93 193 100
93 193 100
93 193 100
93 193 100
93 193 100
93 193 100
93 193 100
93 193 100
93 193 100
93 193 100
93 193 100
93 193 100
93 193 100
92 193 100
92 193 100
92 193 100
92 193 100
92 193 100
92 193 100
92 193 100
92 193 100
92 193 100
92 193 100
92 193 100
92 193 100
92 193 100
92 193 100
92 193 100
92 193 100
92 193 100
92 193 100
92 193 100
91 193 100
91 193 100
91 193 100
91 193 100
91 193 100
91 193 100
91 193 100
91 193 100
91 193 100
91 193 100
91 193 100
91 193 100
91 193 100
91 193 100
91 193 100
91 193 100
91 193 100
91 193 100
91 193 100
90 193 100
90 193 100
90 193 100
90 193 100
90 193 100
90 193 100
90 193 100
90 193 100
90 193 100
90 193 100
90 193 100
90 193 100
90 193 100
90 193 100
90 193 100
90 193 100
90 193 100
90 193 100
90 193 100
89 193 100
89 193 100
89 193 100
89 193 100
89 193 100
89 193 100
89 193 100
89 193 100
89 193 100
89 193 100
89 193 100
89 193 100
89 193 100
89 193 100
89 193 100
89 193 100
89 193 100
89 193 100
89 193 100
88 193 100
88 193 100
88 193 100
88 193 100
88 193 100
88 193 100
88 193 100
88 193 100
88 193 100
88 193 100
88 193 100
88 193 100
88 193 100
88 193 100
88 193 100
88 193 100
88 193 100
88 193 100
88 193 100
87 193 100
87 193 100
87 193 100
87 193 100
87 193 100
87 193 100
87 193 100
87 193 100
87 193 100
87 193 100
87 193 100
87 193 100
87 193 100
87 193 100
87 193 100
87 193 100
87 193 100
87 193 100
86 193 100
86 193 100
86 193 100
86 193 100
86 193 100
86 193 100
86 193 100
86 193 100
86 193 100
86 193 100
86 193 100
86 193 100
86 193 100
86 193 100
86 193 100
86 193 100
86 193 100
86 193 100
85 193 100
85 193 100
85 193 100
85 193 100
85 193 100
85 193 100
85 193 100
85 193 100
85 193 100
85 193 100
85 193 100
85 193 100
85 193 100
85 193 100
85 193 100
85 193 100
85 193 100
84 193 100
84 193 100
84 193 100
84 193 100
84 193 100
84 193 100
84 193 100
84 193 100
84 193 100
84 193 100
84 193 100
84 193 100
84 193 100
84 193 100
84 193 100
84 193 100
83 193 100
83 193 100
83 193 100
83 193 100
83 193 100
83 193 100
83 193 100
83 193 100
83 193 100
83 193 100
83 193 100
83 193 100
83 193 100
83 193 100
83 193 100
82 193 100
82 193 100
82 193 100
82 193 100
82 193 100
82 193 100
82 193 100
82 193 100
82 193 100
82 193 100
82 193 100
82 193 100
82 193 100
81 193 100
81 193 100
81 193 100
81 193 100
81 193 100
81 193 100
81 193 100
81 193 100
81 193 100
81 193 100
81 193 100
81 193 100
80 193 100
80 193 100
80 193 100
80 193 100
80 193 100
80 193 100
80 193 100
80 193 100
80 193 100
80 193 100
79 193 100
79 193 100
79 193 100
79 193 100
79 193 100
79 193 100
79 193 100
79 193 100
79 193 100
78 193 100
78 193 100
78 193 100
78 193 100
78 193 100
78 193 100
78 193 100
78 193 100
# move from (159,55) to (77,194)
159 55 100
158 55 100
157 55 100
156 55 100
155 55 100
154 55 100
154 55 100
153 55 100
153 55 100
152 55 100
152 55 100
151 55 100
151 55 100
150 55 100
150 55 100
149 55 100
149 55 100
148 55 100
148 55 100
147 55 100
147 55 100
146 55 100
145 55 100
144 55 100
143 55 100
142 55 100
141 55 100
140 55 100
139 55 100
138 55 100
137 55 100
136 55 100
135 55 100
134 55 100
133 55 100
132 55 100
131 55 100
130 55 100
129 55 100
128 55 100
127 55 100
126 55 100
125 55 100
124 55 100
123 55 100
122 55 100
121 55 100
120 55 100
119 55 100
118 55 100
117 55 100
116 55 100
115 55 100
114 55 100
113 55 100
112 55 100
111 55 100
110 55 100
109 55 100
108 55 100
107 55 100
106 55 100
105 55 100
104 55 100
103 55 100
102 55 100
101 55 100
100 55 100
99 55 100
98 55 100
97 55 100
97 55 100
96 55 100
96 55 100
95 55 100
95 55 100
94 55 100
94 55 100
94 55 100
93 55 100
93 55 100
93 55 100
92 55 100
92 55 100
92 55 100
92 55 100
91 55 100
91 55 100
91 55 100
91 55 100
90 55 100
90 55 100
90 55 100
90 55 100
90 55 100
89 55 100
89 55 100
89 55 100
89 55 100
89 55 100
89 55 100
88 55 100
88 55 100
88 55 100
88 55 100
88 55 100
88 55 100
87 55 100
87 55 100
87 55 100
87 55 100
87 55 100
87 55 100
87 55 100
86 55 100
86 55 100
86 55 100
86 55 100
86 55 100
86 55 100
86 55 100
86 55 100
85 55 100
85 55 100
85 55 100
85 55 100
85 55 100
85 55 100
85 55 100
85 55 100
84 55 100
84 55 100
84 55 100
84 55 100
84 55 100
84 55 100
84 55 100
84 55 100
84 55 100
83 55 100
83 55 100
83 55 100
83 55 100
83 55 100
83 55 100
83 55 100
83 55 100
83 55 100
83 55 100
82 55 100
82 55 100
82 55 100
82 55 100
82 55 100
82 55 100
82 55 100
82 55 100
82 55 100
82 55 100
81 55 100
81 55 100
81 55 100
81 55 100
81 55 100
81 55 100
81 55 100
81 55 100
81 55 100
81 55 100
81 55 100
80 55 100
80 55 100
80 55 100
80 55 100
80 55 100
80 55 100
80 55 100
80 55 100
80 55 100
80 55 100
80 55 100
79 55 100
79 55 100
79 55 100
79 55 100
79 55 100
79 55 100
79 55 100
79 55 100
79 55 100
79 55 100
79 55 100
79 55 100
78 55 100
78 55 100
78 55 100
78 55 100
78 55 100
78 55 100
78 55 100
78 55 100
78 55 100
78 55 100
78 55 100
78 55 100
