# move from (177,39) to (0,143)
177 39 100
176 39 100
175 39 100
174 39 100
173 39 100
172 39 100
171 39 100
170 39 100
169 39 100
168 39 100
167 39 100
166 39 100
165 39 100
164 39 100
163 39 100
162 39 100
161 39 100
160 39 100
159 39 100
158 39 100
157 39 100
156 39 100
155 39 100
154 39 100
153 39 100
152 39 100
151 39 100
150 39 100
149 39 100
148 39 100
147 39 100
146 39 100
145 39 100
144 39 100
143 39 100
142 39 100
141 39 100
141 39 100
140 39 100
140 39 100
139 39 100
139 39 100
139 39 100
138 39 100
138 39 100
138 39 100
138 39 100
137 39 100
137 39 100
137 39 100
137 39 100
137 39 100
137 39 100
136 39 100
136 39 100
136 39 100
136 39 100
136 39 100
136 39 100
136 39 100
136 39 100
136 39 100
135 39 100
135 39 100
135 39 100
135 39 100
135 39 100
135 39 100
135 39 100
135 39 100
135 39 100
135 39 100
135 39 100
135 39 100
134 39 100
134 39 100
134 39 100
134 39 100
134 39 100
134 39 100
134 39 100
134 39 100
134 39 100
134 39 100
134 39 100
134 39 100
134 39 100
134 39 100
134 39 100
133 39 100
133 39 100
133 39 100
133 39 100
133 39 100
133 39 100
133 39 100
133 39 100
133 39 100
133 39 100
133 39 100
133 39 100
133 39 100
133 39 100
133 39 100
133 39 100
133 39 100
133 39 100
132 39 100
132 39 100
132 39 100
132 39 100
132 39 100
132 39 100
132 39 100
132 39 100
132 39 100
132 39 100
132 39 100
132 39 100
132 39 100
132 39 100
132 39 100
132 39 100
132 39 100
132 39 100
132 39 100
132 39 100
131 39 100
131 39 100
131 39 100
131 39 100
131 39 100
131 39 100
131 39 100
131 39 100
131 39 100
131 39 100
131 39 100
131 39 100
131 39 100
131 39 100
131 39 100
131 39 100
131 39 100
131 39 100
131 39 100
131 39 100
131 39 100
130 39 100
130 39 100
130 39 100
130 39 100
130 39 100
130 39 100
130 39 100
130 39 100
130 39 100
130 39 100
130 39 100
130 39 100
130 39 100
130 39 100
130 39 100
130 39 100
130 39 100
130 39 100
130 39 100
130 39 100
130 39 100
130 39 100
129 39 100
129 39 100
129 39 100
129 39 100
129 39 100
129 39 100
129 39 100
129 39 100
129 39 100
129 39 100
129 39 100
129 39 100
129 39 100
129 39 100
129 39 100
129 39 100
129 39 100
129 39 100
129 39 100
129 39 100
129 39 100
129 39 100
129 39 100
128 39 100
128 39 100
128 39 100
128 39 100
128 39 100
128 39 100
128 39 100
128 39 100
128 39 100
128 39 100
128 39 100
128 39 100
128 39 100
128 39 100
128 39 100
128 39 100
128 39 100
128 39 100
128 39 100
128 39 100
128 39 100
128 39 100
127 39 100
127 39 100
127 39 100
127 39 100
127 39 100
127 39 100
127 39 100
127 39 100
127 39 100
127 39 100
127 39 100
127 39 100
127 39 100
127 39 100
127 39 100
127 39 100
127 39 100
127 39 100
127 39 100
127 39 100
127 39 100
127 39 100
126 39 100
126 39 100
126 39 100
126 39 100
126 39 100
126 39 100
126 39 100
126 39 100
126 39 100
126 39 100
126 39 100
126 39 100
126 39 100
126 39 100
126 39 100
126 39 100
126 39 100
126 39 100
126 39 100
126 39 100
126 39 100
125 39 100
125 39 100
125 39 100
125 39 100
125 39 100
125 39 100
125 39 100
125 39 100
125 39 100
125 39 100
125 39 100
125 39 100
125 39 100
125 39 100
125 39 100
125 39 100
125 39 100
125 39 100
125 39 100
125 39 100
124 39 100
124 39 100
124 39 100
124 39 100
124 39 100
124 39 100
124 39 100
124 39 100
124 39 100
124 39 100
124 39 100
124 39 100
124 39 100
124 39 100
124 39 100
124 39 100
124 39 100
124 39 100
124 39 100
123 39 100
123 39 100
123 39 100
123 39 100
123 39 100
123 39 100
123 39 100
123 39 100
123 39 100
123 39 100
123 39 100
123 39 100
123 39 100
123 39 100
123 39 100
123 39 100
123 39 100
122 39 100
122 39 100
122 39 100
122 39 100
122 39 100
122 39 100
122 39 100
122 39 100
122 39 100
122 39 100
122 39 100
122 39 100
122 39 100
122 39 100
122 39 100
121 39 100
121 39 100
121 39 100
121 39 100
121 39 100
121 39 100
121 39 100
121 39 100
121 39 100
121 39 100
121 39 100
121 39 100
121 39 100
120 39 100
120 39 100
120 39 100
120 39 100
120 39 100
120 39 100
120 39 100
120 39 100
120 39 100
120 39 100
120 39 100
119 39 100
119 39 100
119 39 100
119 39 100
119 39 100
119 39 100
119 39 100
119 39 100
119 39 100
118 39 100
118 39 100
118 39 100
118 39 100
118 39 100
118 39 100
118 39 100
117 39 100
117 39 100
117 39 100
117 39 100
117 39 100
117 39 100
116 39 100
116 39 100
116 39 100
116 39 100
116 39 100
115 39 100
115 39 100
115 39 100
115 39 100
115 39 100
114 39 100
114 39 100
114 39 100
114 39 100
113 39 100
113 39 100
113 39 100
113 39 100
112 39 100
112 39 100
112 39 100
112 39 100
111 39 100
111 39 100
111 39 100
111 39 100
110 39 100
110 39 100
110 39 100
109 39 100
109 39 100
109 39 100
108 39 100
108 39 100
108 39 100
107 39 100
107 39 100
107 39 100
106 39 100
106 39 100
106 39 100
105 39 100
105 39 100
104 39 100
104 39 100
103 39 100
103 39 100
102 39 100
101 39 100
100 39 100
99 39 100
98 39 100
97 39 100
96 39 100
95 39 100
94 39 100
93 39 100
92 39 100
91 39 100
90 39 100
89 39 100
88 39 100
87 39 100
86 39 100
85 39 100
84 39 100
83 39 100
82 39 100
81 39 100
81 39 100
80 39 100
80 39 100
79 39 100
79 39 100
79 39 100
78 39 100
78 39 100
78 39 100
78 39 100
77 39 100
77 39 100
77 39 100
77 39 100
77 39 100
76 39 100
76 39 100
76 39 100
76 39 100
76 39 100
76 39 100
76 39 100
75 39 100
75 39 100
75 39 100
75 39 100
75 39 100
75 39 100
75 39 100
75 39 100
75 39 100
74 39 100
74 39 100
74 39 100
74 39 100
74 39 100
74 39 100
74 39 100
74 39 100
74 39 100
74 39 100
73 39 100
73 39 100
73 39 100
73 39 100
73 39 100
73 39 100
73 39 100
73 39 100
73 39 100
73 39 100
73 39 100
73 39 100
72 39 100
72 39 100
72 39 100
72 39 100
72 39 100
72 39 100
72 39 100
72 39 100
72 39 100
72 39 100
72 39 100
72 39 100
72 39 100
71 39 100
71 39 100
71 39 100
71 39 100
71 39 100
71 39 100
71 39 100
71 39 100
71 39 100
71 39 100
71 39 100
71 39 100
71 39 100
71 39 100
70 39 100
70 39 100
70 39 100
70 39 100
70 39 100
70 39 100
70 39 100
70 39 100
70 39 100
70 39 100
70 39 100
70 39 100
70 39 100
70 39 100
70 39 100
69 39 100
69 39 100
69 39 100
69 39 100
69 39 100
69 39 100
69 39 100
69 39 100
69 39 100
69 39 100
69 39 100
69 39 100
69 39 100
69 39 100
69 39 100
69 39 100
68 39 100
68 39 100
68 39 100
68 39 100
68 39 100
68 39 100
68 39 100
68 39 100
68 39 100
68 39 100
68 39 100
68 39 100
68 39 100
68 39 100
68 39 100
68 39 100
68 39 100
67 39 100
67 39 100
67 39 100
67 39 100
67 39 100
67 39 100
67 39 100
67 39 100
67 39 100
67 39 100
67 39 100
67 39 100
67 39 100
67 39 100
67 39 100
67 39 100
67 39 100
67 39 100
66 39 100
66 39 100
66 39 100
66 39 100
66 39 100
66 39 100
66 39 100
66 39 100
66 39 100
66 39 100
66 39 100
66 39 100
66 39 100
66 39 100
66 39 100
66 39 100
66 39 100
66 39 100
66 39 100
66 39 100
65 39 100
65 39 100
65 39 100
65 39 100
65 39 100
65 39 100
65 39 100
65 39 100
65 39 100
65 39 100
65 39 100
65 39 100
65 39 100
65 39 100
65 39 100
65 39 100
65 39 100
65 39 100
65 39 100
65 39 100
65 39 100
65 39 100
64 39 100
64 39 100
64 39 100
64 39 100
64 39 100
64 39 100
64 39 100
64 39 100
64 39 100
64 39 100
64 39 100
64 39 100
64 39 100
64 39 100
64 39 100
64 39 100
64 39 100
64 39 100
64 39 100
64 39 100
64 39 100
64 39 100
64 39 100
64 39 100
63 39 100
63 39 100
63 39 100
63 39 100
63 39 100
63 39 100
63 39 100
63 39 100
63 39 100
63 39 100
63 39 100
63 39 100
63 39 100
63 39 100
63 39 100
63 39 100
63 39 100
63 39 100
63 39 100
63 39 100
63 39 100
63 39 100
63 39 100
63 39 100
63 39 100
63 39 100
63 39 100
63 39 100
62 39 100
62 39 100
62 39 100
62 39 100
62 39 100
62 39 100
62 39 100
62 39 100
62 39 100
62 39 100
62 39 100
62 39 100
62 39 100
62 39 100
62 39 100
62 39 100
62 39 100
62 39 100
62 39 100
62 39 100
62 39 100
62 39 100
62 39 100
62 39 100
62 39 100
62 39 100
62 39 100
62 39 100
62 39 100
62 39 100
62 39 100
61 39 100
61 39 100
61 39 100
61 39 100
61 39 100
61 39 100
61 39 100
61 39 100
61 39 100
61 39 100
61 39 100
61 39 100
61 39 100
61 39 100
61 39 100
61 39 100
61 39 100
61 39 100
61 39 100
61 39 100
61 39 100
61 39 100
61 39 100
61 39 100
61 39 100
61 39 100
61 39 100
61 39 100
61 39 100
61 39 100
61 39 100
61 39 100
61 39 100
61 39 100
61 39 100
60 39 100
60 39 100
60 39 100
60 39 100
60 39 100
60 39 100
60 39 100
60 39 100
60 39 100
60 39 100
60 39 100
60 39 100
60 39 100
60 39 100
60 39 100
60 39 100
60 39 100
60 39 100
60 39 100
60 39 100
60 39 100
60 39 100
60 39 100
60 39 100
60 39 100
60 39 100
60 39 100
60 39 100
60 39 100
60 39 100
60 39 100
60 39 100
60 39 100
60 39 100
60 39 100
60 39 100
60 39 100
60 39 100
59 39 100
59 39 100
59 39 100
59 39 100
59 39 100
59 39 100
59 39 100
59 39 100
59 39 100
59 39 100
59 39 100
59 39 100
59 39 100
59 39 100
59 39 100
59 39 100
59 39 100
59 39 100
59 39 100
59 39 100
59 39 100
59 39 100
59 39 100
59 39 100
59 39 100
59 39 100
59 39 100
59 39 100
59 39 100
59 39 100
59 39 100
59 39 100
59 39 100
59 39 100
59 39 100
59 39 100
59 39 100
59 39 100
59 39 100
59 39 100
59 39 100
58 39 100
58 39 100
58 39 100
58 39 100
58 39 100
58 39 100
58 39 100
58 39 100
58 39 100
58 39 100
58 39 100
58 39 100
58 39 100
58 39 100
58 39 100
58 39 100
58 39 100
58 39 100
58 39 100
58 39 100
58 39 100
58 39 100
58 39 100
58 39 100
58 39 100
58 39 100
58 39 100
58 39 100
58 39 100
58 39 100
58 39 100
58 39 100
58 39 100
58 39 100
58 39 100
58 39 100
58 39 100
58 39 100
58 39 100
58 39 100
58 39 100
58 39 100
58 39 100
58 39 100
57 39 100
57 39 100
57 39 100
57 39 100
57 39 100
57 39 100
57 39 100
57 39 100
57 39 100
57 39 100
57 39 100
57 39 100
57 39 100
57 39 100
57 39 100
57 39 100
57 39 100
57 39 100
57 39 100
57 39 100
57 39 100
57 39 100
57 39 100
57 39 100
57 39 100
57 39 100
57 39 100
57 39 100
57 39 100
57 39 100
57 39 100
57 39 100
57 39 100
57 39 100
57 39 100
57 39 100
57 39 100
57 39 100
57 39 100
57 39 100
57 39 100
57 39 100
57 39 100
57 39 100
57 39 100
56 39 100
56 39 100
56 39 100
56 39 100
56 39 100
56 39 100
56 39 100
56 39 100
56 39 100
56 39 100
56 39 100
56 39 100
56 39 100
56 39 100
56 39 100
56 39 100
56 39 100
56 39 100
56 39 100
56 39 100
56 39 100
56 39 100
56 39 100
56 39 100
56 39 100
56 39 100
56 39 100
56 39 100
56 39 100
56 39 100
56 39 100
56 39 100
56 39 100
56 39 100
56 39 100
56 39 100
56 39 100
56 39 100
56 39 100
56 39 100
56 39 100
56 39 100
56 39 100
56 39 100
56 39 100
56 39 100
55 39 100
55 39 100
55 39 100
55 39 100
55 39 100
55 39 100
55 39 100
55 39 100
55 39 100
55 39 100
55 39 100
55 39 100
55 39 100
55 39 100
55 39 100
55 39 100
55 39 100
55 39 100
55 39 100
55 39 100
55 39 100
55 39 100
55 39 100
55 39 100
55 39 100
55 39 100
55 39 100
55 39 100
55 39 100
55 39 100
55 39 100
55 39 100
55 39 100
55 39 100
55 39 100
55 39 100
55 39 100
55 39 100
55 39 100
55 39 100
55 39 100
55 39 100
55 39 100
55 39 100
55 39 100
55 39 100
54 39 100
54 39 100
54 39 100
54 39 100
54 39 100
54 39 100
54 39 100
54 39 100
54 39 100
54 39 100
54 39 100
54 39 100
54 39 100
54 39 100
54 39 100
54 39 100
54 39 100
54 39 100
54 39 100
54 39 100
54 39 100
54 39 100
54 39 100
54 39 100
54 39 100
54 39 100
54 39 100
54 39 100
54 39 100
54 39 100
54 39 100
54 39 100
54 39 100
54 39 100
54 39 100
54 39 100
54 39 100
54 39 100
54 39 100
54 39 100
54 39 100
54 39 100
54 39 100
54 39 100
54 39 100
53 39 100
53 39 100
53 39 100
53 39 100
53 39 100
53 39 100
53 39 100
53 39 100
53 39 100
53 39 100
53 39 100
53 39 100
53 39 100
53 39 100
53 39 100
53 39 100
53 39 100
53 39 100
53 39 100
53 39 100
53 39 100
53 39 100
53 39 100
53 39 100
53 39 100
53 39 100
53 39 100
53 39 100
53 39 100
53 39 100
53 39 100
53 39 100
53 39 100
53 39 100
53 39 100
53 39 100
53 39 100
53 39 100
53 39 100
53 39 100
53 39 100
53 39 100
53 39 100
53 39 100
53 39 100
52 39 100
52 39 100
52 39 100
52 39 100
52 39 100
52 39 100
52 39 100
52 39 100
52 39 100
52 39 100
52 39 100
52 39 100
52 39 100
52 39 100
52 39 100
52 39 100
52 39 100
52 39 100
52 39 100
52 39 100
52 39 100
52 39 100
52 39 100
52 39 100
52 39 100
52 39 100
52 39 100
52 39 100
52 39 100
52 39 100
52 39 100
52 39 100
52 39 100
52 39 100
52 39 100
52 39 100
52 39 100
52 39 100
52 39 100
52 39 100
52 39 100
52 39 100
52 39 100
52 39 100
51 39 100
51 39 100
51 39 100
51 39 100
51 39 100
51 39 100
51 39 100
51 39 100
51 39 100
51 39 100
51 39 100
51 39 100
51 39 100
51 39 100
51 39 100
51 39 100
51 39 100
51 39 100
51 39 100
51 39 100
51 39 100
51 39 100
51 39 100
51 39 100
51 39 100
51 39 100
51 39 100
51 39 100
51 39 100
51 39 100
51 39 100
51 39 100
51 39 100
51 39 100
51 39 100
51 39 100
51 39 100
51 39 100
51 39 100
51 39 100
51 39 100
51 39 100
51 39 100
50 39 100
50 39 100
50 39 100
50 39 100
50 39 100
50 39 100
50 39 100
50 39 100
50 39 100
50 39 100
50 39 100
50 39 100
50 39 100
50 39 100
50 39 100
50 39 100
50 39 100
50 39 100
50 39 100
50 39 100
50 39 100
50 39 100
50 39 100
50 39 100
50 39 100
50 39 100
50 39 100
50 39 100
50 39 100
50 39 100
50 39 100
50 39 100
50 39 100
50 39 100
50 39 100
50 39 100
50 39 100
50 39 100
50 39 100
50 39 100
50 39 100
50 39 100
50 39 100
49 39 100
49 39 100
49 39 100
49 39 100
49 39 100
49 39 100
49 39 100
49 39 100
49 39 100
49 39 100
49 39 100
49 39 100
49 39 100
49 39 100
49 39 100
49 39 100
49 39 100
49 39 100
49 39 100
49 39 100
49 39 100
49 39 100
49 39 100
49 39 100
49 39 100
49 39 100
49 39 100
49 39 100
49 39 100
49 39 100
49 39 100
49 39 100
49 39 100
49 39 100
49 39 100
49 39 100
49 39 100
49 39 100
49 39 100
49 39 100
49 39 100
49 39 100
49 39 100
48 39 100
48 39 100
48 39 100
48 39 100
48 39 100
48 39 100
48 39 100
48 39 100
48 39 100
48 39 100
48 39 100
48 39 100
48 39 100
48 39 100
48 39 100
48 39 100
48 39 100
48 39 100
48 39 100
48 39 100
48 39 100
48 39 100
48 39 100
48 39 100
48 39 100
48 39 100
48 39 100
48 39 100
48 39 100
48 39 100
48 39 100
48 39 100
48 39 100
48 39 100
48 39 100
48 39 100
48 39 100
48 39 100
48 39 100
48 39 100
48 39 100
48 39 100
48 39 100
47 39 100
47 39 100
47 39 100
47 39 100
47 39 100
47 39 100
47 39 100
47 39 100
47 39 100
47 39 100
47 39 100
47 39 100
47 39 100
47 39 100
47 39 100
47 39 100
47 39 100
47 39 100
47 39 100
47 39 100
47 39 100
47 39 100
47 39 100
47 39 100
47 39 100
47 39 100
47 39 100
47 39 100
47 39 100
47 39 100
47 39 100
47 39 100
47 39 100
47 39 100
47 39 100
47 39 100
47 39 100
47 39 100
47 39 100
47 39 100
47 39 100
47 39 100
47 39 100
46 39 100
46 39 100
46 39 100
46 39 100
46 39 100
46 39 100
46 39 100
46 39 100
46 39 100
46 39 100
46 39 100
46 39 100
46 39 100
46 39 100
46 39 100
46 39 100
46 39 100
46 39 100
46 39 100
46 39 100
46 39 100
46 39 100
46 39 100
46 39 100
46 39 100
46 39 100
46 39 100
46 39 100
46 39 100
46 39 100
46 39 100
46 39 100
46 39 100
46 39 100
46 39 100
46 39 100
46 39 100
46 39 100
46 39 100
46 39 100
46 39 100
46 39 100
46 39 100
45 39 100
45 39 100
45 39 100
45 39 100
45 39 100
45 39 100
45 39 100
45 39 100
45 39 100
45 39 100
45 39 100
45 39 100
45 39 100
45 39 100
45 39 100
45 39 100
45 39 100
45 39 100
45 39 100
45 39 100
45 39 100
45 39 100
45 39 100
45 39 100
45 39 100
45 39 100
45 39 100
45 39 100
45 39 100
45 39 100
45 39 100
45 39 100
45 39 100
45 39 100
45 39 100
45 39 100
45 39 100
45 39 100
45 39 100
45 39 100
45 39 100
45 39 100
45 39 100
44 39 100
44 39 100
44 39 100
44 39 100
44 39 100
44 39 100
44 39 100
44 39 100
44 39 100
44 39 100
44 39 100
44 39 100
44 39 100
44 39 100
44 39 100
44 39 100
44 39 100
44 39 100
44 39 100
44 39 100
44 39 100
44 39 100
44 39 100
44 39 100
44 39 100
44 39 100
44 39 100
44 39 100
44 39 100
44 39 100
44 39 100
44 39 100
44 39 100
44 39 100
44 39 100
44 39 100
44 39 100
44 39 100
44 39 100
44 39 100
44 39 100
44 39 100
43 39 100
43 39 100
43 39 100
43 39 100
43 39 100
43 39 100
43 39 100
43 39 100
43 39 100
43 39 100
43 39 100
43 39 100
43 39 100
43 39 100
43 39 100
43 39 100
43 39 100
43 39 100
43 39 100
43 39 100
43 39 100
43 39 100
43 39 100
43 39 100
43 39 100
43 39 100
43 39 100
43 39 100
43 39 100
43 39 100
43 39 100
43 39 100
43 39 100
43 39 100
43 39 100
43 39 100
43 39 100
43 39 100
43 39 100
43 39 100
43 39 100
42 39 100
42 39 100
42 39 100
42 39 100
42 39 100
42 39 100
42 39 100
42 39 100
42 39 100
42 39 100
42 39 100
42 39 100
42 39 100
42 39 100
42 39 100
42 39 100
42 39 100
42 39 100
42 39 100
42 39 100
42 39 100
42 39 100
42 39 100
42 39 100
42 39 100
42 39 100
42 39 100
42 39 100
42 39 100
42 39 100
42 39 100
42 39 100
42 39 100
42 39 100
42 39 100
42 39 100
42 39 100
42 39 100
42 39 100
42 39 100
41 39 100
41 39 100
41 39 100
41 39 100
41 39 100
41 39 100
41 39 100
41 39 100
41 39 100
41 39 100
41 39 100
41 39 100
41 39 100
41 39 100
41 39 100
41 39 100
41 39 100
41 39 100
41 39 100
41 39 100
41 39 100
41 39 100
41 39 100
41 39 100
41 39 100
41 39 100
41 39 100
41 39 100
41 39 100
41 39 100
41 39 100
41 39 100
41 39 100
41 39 100
41 39 100
41 39 100
41 39 100
41 39 100
40 39 100
40 39 100
40 39 100
40 39 100
40 39 100
40 39 100
40 39 100
40 39 100
40 39 100
40 39 100
40 39 100
40 39 100
40 39 100
40 39 100
40 39 100
40 39 100
40 39 100
40 39 100
40 39 100
40 39 100
40 39 100
40 39 100
40 39 100
40 39 100
40 39 100
40 39 100
40 39 100
40 39 100
40 39 100
40 39 100
40 39 100
40 39 100
40 39 100
40 39 100
40 39 100
40 39 100
40 39 100
39 39 100
39 39 100
39 39 100
39 39 100
39 39 100
39 39 100
39 39 100
39 39 100
39 39 100
39 39 100
39 39 100
39 39 100
39 39 100
39 39 100
39 39 100
39 39 100
39 39 100
39 39 100
39 39 100
39 39 100
39 39 100
39 39 100
39 39 100
39 39 100
39 39 100
39 39 100
39 39 100
39 39 100
39 39 100
39 39 100
39 39 100
39 39 100
39 39 100
39 39 100
39 39 100
39 39 100
38 39 100
38 39 100
38 39 100
38 39 100
38 39 100
38 39 100
38 39 100
38 39 100
38 39 100
38 39 100
38 39 100
38 39 100
38 39 100
38 39 100
38 39 100
38 39 100
38 39 100
38 39 100
38 39 100
38 39 100
38 39 100
38 39 100
38 39 100
38 39 100
38 39 100
38 39 100
38 39 100
38 39 100
38 39 100
38 39 100
38 39 100
38 39 100
38 39 100
38 39 100
37 39 100
37 39 100
37 39 100
37 39 100
37 39 100
37 39 100
37 39 100
37 39 100
37 39 100
37 39 100
37 39 100
37 39 100
37 39 100
37 39 100
37 39 100
37 39 100
37 39 100
37 39 100
37 39 100
37 39 100
37 39 100
37 39 100
37 39 100
37 39 100
37 39 100
37 39 100
37 39 100
37 39 100
37 39 100
37 39 100
37 39 100
36 39 100
36 39 100
36 39 100
36 39 100
36 39 100
36 39 100
36 39 100
36 39 100
36 39 100
36 39 100
36 39 100
36 39 100
36 39 100
36 39 100
36 39 100
36 39 100
36 39 100
36 39 100
36 39 100
36 39 100
36 39 100
36 39 100
36 39 100
36 39 100
36 39 100
36 39 100
36 39 100
36 39 100
35 39 100
35 39 100
35 39 100
35 39 100
35 39 100
35 39 100
35 39 100
35 39 100
35 39 100
35 39 100
35 39 100
35 39 100
35 39 100
35 39 100
35 39 100
35 39 100
35 39 100
35 39 100
35 39 100
35 39 100
35 39 100
35 39 100
35 39 100
35 39 100
35 39 100
34 39 100
34 39 100
34 39 100
34 39 100
34 39 100
34 39 100
34 39 100
34 39 100
34 39 100
34 39 100
34 39 100
34 39 100
34 39 100
34 39 100
34 39 100
34 39 100
34 39 100
34 39 100
34 39 100
34 39 100
34 39 100
33 39 100
33 39 100
33 39 100
33 39 100
33 39 100
33 39 100
33 39 100
33 39 100
33 39 100
33 39 100
33 39 100
33 39 100
33 39 100
33 39 100
33 39 100
33 39 100
33 39 100
33 39 100
32 39 100
32 39 100
32 39 100
32 39 100
32 39 100
32 39 100
32 39 100
32 39 100
32 39 100
32 39 100
32 39 100
32 39 100
32 39 100
32 39 100
31 39 100
31 39 100
31 39 100
31 39 100
31 39 100
31 39 100
31 39 100
31 39 100
31 39 100
31 39 100
31 39 100
30 39 100
30 39 100
30 39 100
30 39 100
30 39 100
30 39 100
30 39 100
30 39 100
30 39 100
29 39 100
29 39 100
29 39 100
29 39 100
29 39 100
29 39 100
28 39 100
28 39 100
28 39 100
28 39 100
28 39 100
27 39 100
27 39 100
27 39 100
26 39 100
26 39 100
25 39 100
25 39 100
24 39 100
23 39 100
22 39 100
21 39 100
20 39 100
19 39 100
18 39 100
17 39 100
16 39 100
15 39 100
14 39 100
13 39 100
12 39 100
11 39 100
10 39 100
9 39 100
8 39 100
7 39 100
6 39 100
5 39 100
4 39 100
3 39 100
2 39 100
1 39 100
0 39 100
0 40 100
0 41 100
0 42 100
0 43 100
0 44 100
0 45 100
0 46 100
0 47 100
0 48 100
0 49 100
0 50 100
0 51 100
0 52 100
0 53 100
0 54 100
0 55 100
0 56 100
0 57 100
0 57 100
0 58 100
0 58 100
0 59 100
0 59 100
0 60 100
0 60 100
0 60 100
0 61 100
0 61 100
0 61 100
0 62 100
0 62 100
0 62 100
0 62 100
0 63 100
0 63 100
0 63 100
0 63 100
0 63 100
0 63 100
0 64 100
0 64 100
0 64 100
0 64 100
0 64 100
0 64 100
0 64 100
0 64 100
0 65 100
0 65 100
0 65 100
0 65 100
0 65 100
0 65 100
0 65 100
0 65 100
0 65 100
0 65 100
0 66 100
0 66 100
0 66 100
0 66 100
0 66 100
0 66 100
0 66 100
0 66 100
0 66 100
0 66 100
0 66 100
0 66 100
0 66 100
0 67 100
0 67 100
0 67 100
0 67 100
0 67 100
0 67 100
0 67 100
0 67 100
0 67 100
0 67 100
0 67 100
0 67 100
0 67 100
0 67 100
0 67 100
0 67 100
0 68 100
0 68 100
0 68 100
0 68 100
0 68 100
0 68 100
0 68 100
0 68 100
0 68 100
0 68 100
0 68 100
0 68 100
0 68 100
0 68 100
0 68 100
0 68 100
0 68 100
0 68 100
0 68 100
0 69 100
0 69 100
0 69 100
0 69 100
0 69 100
0 69 100
0 69 100
0 69 100
0 69 100
0 69 100
0 69 100
0 69 100
0 69 100
0 69 100
0 69 100
0 69 100
0 69 100
0 69 100
0 69 100
0 69 100
0 69 100
0 70 100
0 70 100
0 70 100
0 70 100
0 70 100
0 70 100
0 70 100
0 70 100
0 70 100
0 70 100
0 70 100
0 70 100
0 70 100
0 70 100
0 70 100
0 70 100
0 70 100
0 70 100
0 70 100
0 70 100
0 70 100
0 70 100
0 70 100
0 71 100
0 71 100
0 71 100
0 71 100
0 71 100
0 71 100
0 71 100
0 71 100
0 71 100
0 71 100
0 71 100
0 71 100
0 71 100
0 71 100
0 71 100
0 71 100
0 71 100
0 71 100
0 71 100
0 71 100
0 71 100
0 71 100
0 71 100
0 71 100
0 72 100
0 72 100
0 72 100
0 72 100
0 72 100
0 72 100
0 72 100
0 72 100
0 72 100
0 72 100
0 72 100
0 72 100
0 72 100
0 72 100
0 72 100
0 72 100
0 72 100
0 72 100
0 72 100
0 72 100
0 72 100
0 72 100
0 72 100
0 72 100
0 72 100
0 73 100
0 73 100
0 73 100
0 73 100
0 73 100
0 73 100
0 73 100
0 73 100
0 73 100
0 73 100
0 73 100
0 73 100
0 73 100
0 73 100
0 73 100
0 73 100
0 73 100
0 73 100
0 73 100
0 73 100
0 73 100
0 73 100
0 73 100
0 73 100
0 73 100
0 74 100
0 74 100
0 74 100
0 74 100
0 74 100
0 74 100
0 74 100
0 74 100
0 74 100
0 74 100
0 74 100
0 74 100
0 74 100
0 74 100
0 74 100
0 74 100
0 74 100
0 74 100
0 74 100
0 74 100
0 74 100
0 74 100
0 74 100
0 74 100
0 75 100
0 75 100
0 75 100
0 75 100
0 75 100
0 75 100
0 75 100
0 75 100
0 75 100
0 75 100
0 75 100
0 75 100
0 75 100
0 75 100
0 75 100
0 75 100
0 75 100
0 75 100
0 75 100
0 75 100
0 75 100
0 75 100
0 75 100
0 76 100
0 76 100
0 76 100
0 76 100
0 76 100
0 76 100
0 76 100
0 76 100
0 76 100
0 76 100
0 76 100
0 76 100
0 76 100
0 76 100
0 76 100
0 76 100
0 76 100
0 76 100
0 76 100
0 76 100
0 76 100
0 77 100
0 77 100
0 77 100
0 77 100
0 77 100
0 77 100
0 77 100
0 77 100
0 77 100
0 77 100
0 77 100
0 77 100
0 77 100
0 77 100
0 77 100
0 77 100
0 77 100
0 77 100
0 78 100
0 78 100
0 78 100
0 78 100
0 78 100
0 78 100
0 78 100
0 78 100
0 78 100
0 78 100
0 78 100
0 78 100
0 78 100
0 78 100
0 78 100
0 79 100
0 79 100
0 79 100
0 79 100
0 79 100
0 79 100
0 79 100
0 79 100
0 79 100
0 79 100
0 79 100
0 79 100
0 80 100
0 80 100
0 80 100
0 80 100
0 80 100
0 80 100
0 80 100
0 80 100
0 80 100
0 80 100
0 81 100
0 81 100
0 81 100
0 81 100
0 81 100
0 81 100
0 81 100
0 81 100
0 82 100
0 82 100
0 82 100
0 82 100
0 82 100
0 82 100
0 83 100
0 83 100
0 83 100
0 83 100
0 83 100
0 84 100
0 84 100
0 84 100
0 84 100
0 85 100
0 85 100
0 85 100
0 85 100
0 86 100
0 86 100
0 86 100
0 87 100
0 87 100
0 87 100
0 88 100
0 88 100
0 88 100
0 89 100
0 89 100
0 89 100
0 90 100
0 90 100
0 91 100
0 91 100
0 92 100
0 92 100
0 93 100
0 93 100
0 94 100
0 94 100
0 95 100
0 95 100
0 96 100
0 96 100
0 97 100
0 97 100
0 98 100
0 98 100
0 99 100
0 100 100
0 101 100
0 102 100
0 103 100
0 103 100
0 104 100
0 104 100
0 105 100
0 105 100
0 106 100
0 106 100
0 107 100
0 107 100
0 108 100
0 108 100
0 109 100
0 109 100
0 109 100
0 110 100
0 110 100
0 110 100
0 110 100
0 111 100
0 111 100
0 111 100
0 111 100
0 111 100
0 112 100
0 112 100
0 112 100
0 112 100
0 112 100
0 112 100
0 113 100
0 113 100
0 113 100
0 113 100
0 113 100
0 113 100
0 113 100
0 114 100
0 114 100
0 114 100
0 114 100
0 114 100
0 114 100
0 114 100
0 114 100
0 114 100
0 115 100
0 115 100
0 115 100
0 115 100
0 115 100
0 115 100
0 115 100
0 115 100
0 115 100
0 115 100
0 115 100
0 116 100
0 116 100
0 116 100
0 116 100
0 116 100
0 116 100
0 116 100
0 116 100
0 116 100
0 116 100
0 116 100
0 116 100
0 117 100
0 117 100
0 117 100
0 117 100
0 117 100
0 117 100
0 117 100
0 117 100
0 117 100
0 117 100
0 117 100
0 117 100
0 117 100
0 118 100
0 118 100
0 118 100
0 118 100
0 118 100
0 118 100
0 118 100
0 118 100
0 118 100
0 118 100
0 118 100
0 118 100
0 118 100
0 118 100
0 119 100
0 119 100
0 119 100
0 119 100
0 119 100
0 119 100
0 119 100
0 119 100
0 119 100
0 119 100
0 119 100
0 119 100
0 119 100
0 119 100
0 120 100
0 120 100
0 120 100
0 120 100
0 120 100
0 120 100
0 120 100
0 120 100
0 120 100
0 120 100
0 120 100
0 120 100
0 120 100
0 120 100
0 120 100
0 121 100
0 121 100
0 121 100
0 121 100
0 121 100
0 121 100
0 121 100
0 121 100
0 121 100
0 121 100
0 121 100
0 121 100
0 121 100
0 121 100
0 122 100
0 122 100
0 122 100
0 122 100
0 122 100
0 122 100
0 122 100
0 122 100
0 122 100
0 122 100
0 122 100
0 122 100
0 122 100
0 122 100
0 123 100
0 123 100
0 123 100
0 123 100
0 123 100
0 123 100
0 123 100
0 123 100
0 123 100
0 123 100
0 123 100
0 123 100
0 123 100
0 124 100
0 124 100
0 124 100
0 124 100
0 124 100
0 124 100
0 124 100
0 124 100
0 124 100
0 124 100
0 124 100
0 124 100
0 125 100
0 125 100
0 125 100
0 125 100
0 125 100
0 125 100
0 125 100
0 125 100
0 125 100
0 125 100
0 126 100
0 126 100
0 126 100
0 126 100
0 126 100
0 126 100
0 126 100
0 126 100
0 126 100
0 127 100
0 127 100
0 127 100
0 127 100
0 127 100
0 127 100
0 127 100
0 128 100
0 128 100
0 128 100
0 128 100
0 128 100
0 129 100
0 129 100
0 129 100
0 130 100
0 130 100
0 131 100
0 131 100
0 132 100
0 133 100
0 134 100
0 135 100
0 136 100
0 137 100
0 138 100
0 139 100
0 140 100
0 141 100
0 142 100
0 143 100
# move from (24,98) to (0,143)
24 98 100
23 98 100
22 98 100
21 98 100
20 98 100
19 98 100
18 98 100
17 98 100
16 98 100
15 98 100
14 98 100
13 98 100
12 98 100
12 98 100
11 98 100
11 98 100
10 98 100
10 98 100
9 98 100
9 98 100
9 98 100
8 98 100
8 98 100
8 98 100
7 98 100
7 98 100
7 98 100
6 98 100
6 98 100
6 98 100
5 98 100
5 98 100
4 98 100
4 98 100
3 98 100
3 98 100
2 98 100
2 98 100
1 98 100
1 98 100
# move from (59,118) to (0,143)
59 118 100
58 118 100
57 118 100
56 118 100
55 118 100
54 118 100
53 118 100
52 118 100
51 118 100
50 118 100
49 118 100
48 118 100
47 118 100
46 118 100
45 118 100
44 118 100
43 118 100
42 118 100
41 118 100
40 118 100
39 118 100
39 118 100
38 118 100
38 118 100
38 118 100
37 118 100
37 118 100
37 118 100
36 118 100
36 118 100
36 118 100
36 118 100
35 118 100
35 118 100
35 118 100
35 118 100
35 118 100
34 118 100
34 118 100
34 118 100
34 118 100
34 118 100
33 118 100
33 118 100
33 118 100
33 118 100
33 118 100
32 118 100
32 118 100
32 118 100
32 118 100
32 118 100
32 118 100
31 118 100
31 118 100
31 118 100
31 118 100
31 118 100
31 118 100
30 118 100
30 118 100
30 118 100
30 118 100
30 118 100
30 118 100
29 118 100
29 118 100
29 118 100
29 118 100
29 118 100
29 118 100
29 118 100
28 118 100
28 118 100
28 118 100
28 118 100
28 118 100
28 118 100
28 118 100
28 118 100
27 118 100
27 118 100
27 118 100
27 118 100
27 118 100
27 118 100
27 118 100
27 118 100
27 118 100
26 118 100
26 118 100
26 118 100
26 118 100
26 118 100
26 118 100
26 118 100
26 118 100
26 118 100
26 118 100
25 118 100
25 118 100
25 118 100
25 118 100
25 118 100
25 118 100
25 118 100
25 118 100
25 118 100
25 118 100
24 118 100
24 118 100
24 118 100
24 118 100
24 118 100
24 118 100
24 118 100
24 118 100
24 118 100
24 118 100
24 118 100
24 118 100
23 118 100
23 118 100
23 118 100
23 118 100
23 118 100
23 118 100
23 118 100
23 118 100
23 118 100
23 118 100
23 118 100
23 118 100
23 118 100
22 118 100
22 118 100
22 118 100
22 118 100
22 118 100
22 118 100
22 118 100
22 118 100
22 118 100
22 118 100
22 118 100
22 118 100
22 118 100
22 118 100
22 118 100
21 118 100
21 118 100
21 118 100
21 118 100
21 118 100
21 118 100
21 118 100
21 118 100
21 118 100
21 118 100
21 118 100
21 118 100
21 118 100
21 118 100
21 118 100
21 118 100
21 118 100
20 118 100
20 118 100
20 118 100
20 118 100
20 118 100
20 118 100
20 118 100
20 118 100
20 118 100
20 118 100
20 118 100
20 118 100
20 118 100
20 118 100
20 118 100
20 118 100
20 118 100
20 118 100
20 118 100
20 118 100
19 118 100
19 118 100
19 118 100
19 118 100
19 118 100
19 118 100
19 118 100
19 118 100
19 118 100
19 118 100
19 118 100
19 118 100
19 118 100
19 118 100
19 118 100
19 118 100
19 118 100
19 118 100
19 118 100
19 118 100
19 118 100
19 118 100
19 118 100
18 118 100
18 118 100
18 118 100
18 118 100
18 118 100
18 118 100
18 118 100
18 118 100
18 118 100
18 118 100
18 118 100
18 118 100
18 118 100
18 118 100
18 118 100
18 118 100
18 118 100
18 118 100
18 118 100
18 118 100
18 118 100
18 118 100
18 118 100
18 118 100
18 118 100
18 118 100
17 118 100
17 118 100
17 118 100
17 118 100
17 118 100
17 118 100
17 118 100
17 118 100
17 118 100
17 118 100
17 118 100
17 118 100
17 118 100
17 118 100
17 118 100
17 118 100
17 118 100
17 118 100
17 118 100
17 118 100
17 118 100
17 118 100
17 118 100
17 118 100
17 118 100
17 118 100
17 118 100
17 118 100
17 118 100
16 118 100
16 118 100
16 118 100
16 118 100
16 118 100
16 118 100
16 118 100
16 118 100
16 118 100
16 118 100
16 118 100
16 118 100
16 118 100
16 118 100
16 118 100
16 118 100
16 118 100
16 118 100
16 118 100
16 118 100
16 118 100
16 118 100
16 118 100
16 118 100
16 118 100
16 118 100
16 118 100
16 118 100
16 118 100
16 118 100
16 118 100
16 118 100
15 118 100
15 118 100
15 118 100
15 118 100
15 118 100
15 118 100
15 118 100
15 118 100
15 118 100
15 118 100
15 118 100
15 118 100
15 118 100
15 118 100
15 118 100
15 118 100
15 118 100
15 118 100
15 118 100
15 118 100
15 118 100
15 118 100
15 118 100
15 118 100
15 118 100
15 118 100
15 118 100
15 118 100
15 118 100
15 118 100
15 118 100
15 118 100
15 118 100
15 118 100
14 118 100
14 118 100
14 118 100
14 118 100
14 118 100
14 118 100
14 118 100
14 118 100
14 118 100
14 118 100
14 118 100
14 118 100
14 118 100
14 118 100
14 118 100
14 118 100
14 118 100
14 118 100
14 118 100
14 118 100
14 118 100
14 118 100
14 118 100
14 118 100
14 118 100
14 118 100
14 118 100
14 118 100
14 118 100
14 118 100
14 118 100
14 118 100
14 118 100
14 118 100
14 118 100
14 118 100
13 118 100
13 118 100
13 118 100
13 118 100
13 118 100
13 118 100
13 118 100
13 118 100
13 118 100
13 118 100
13 118 100
13 118 100
13 118 100
13 118 100
13 118 100
13 118 100
13 118 100
13 118 100
13 118 100
13 118 100
13 118 100
13 118 100
13 118 100
13 118 100
13 118 100
13 118 100
13 118 100
13 118 100
13 118 100
13 118 100
13 118 100
13 118 100
13 118 100
13 118 100
13 118 100
13 118 100
13 118 100
12 118 100
12 118 100
12 118 100
12 118 100
12 118 100
12 118 100
12 118 100
12 118 100
12 118 100
12 118 100
12 118 100
12 118 100
12 118 100
12 118 100
12 118 100
12 118 100
12 118 100
12 118 100
12 118 100
12 118 100
12 118 100
12 118 100
12 118 100
12 118 100
12 118 100
12 118 100
12 118 100
12 118 100
12 118 100
12 118 100
12 118 100
12 118 100
12 118 100
12 118 100
12 118 100
12 118 100
12 118 100
12 118 100
11 118 100
11 118 100
11 118 100
11 118 100
11 118 100
11 118 100
11 118 100
11 118 100
11 118 100
11 118 100
11 118 100
11 118 100
11 118 100
11 118 100
11 118 100
11 118 100
11 118 100
11 118 100
11 118 100
11 118 100
11 118 100
11 118 100
11 118 100
11 118 100
11 118 100
11 118 100
11 118 100
11 118 100
11 118 100
11 118 100
11 118 100
11 118 100
11 118 100
11 118 100
11 118 100
11 118 100
11 118 100
11 118 100
10 118 100
10 118 100
10 118 100
10 118 100
10 118 100
10 118 100
10 118 100
10 118 100
10 118 100
10 118 100
10 118 100
10 118 100
10 118 100
10 118 100
10 118 100
10 118 100
10 118 100
10 118 100
10 118 100
10 118 100
10 118 100
10 118 100
10 118 100
10 118 100
10 118 100
10 118 100
10 118 100
10 118 100
10 118 100
10 118 100
10 118 100
10 118 100
10 118 100
10 118 100
10 118 100
10 118 100
10 118 100
10 118 100
10 118 100
9 118 100
9 118 100
9 118 100
9 118 100
9 118 100
9 118 100
9 118 100
9 118 100
9 118 100
9 118 100
9 118 100
9 118 100
9 118 100
9 118 100
9 118 100
9 118 100
9 118 100
9 118 100
9 118 100
9 118 100
9 118 100
9 118 100
9 118 100
9 118 100
9 118 100
9 118 100
9 118 100
9 118 100
9 118 100
9 118 100
9 118 100
9 118 100
9 118 100
9 118 100
9 118 100
9 118 100
9 118 100
9 118 100
9 118 100
8 118 100
8 118 100
8 118 100
8 118 100
8 118 100
8 118 100
8 118 100
8 118 100
8 118 100
8 118 100
8 118 100
8 118 100
8 118 100
8 118 100
8 118 100
8 118 100
8 118 100
8 118 100
8 118 100
8 118 100
8 118 100
8 118 100
8 118 100
8 118 100
8 118 100
8 118 100
8 118 100
8 118 100
8 118 100
8 118 100
8 118 100
8 118 100
8 118 100
8 118 100
8 118 100
8 118 100
8 118 100
8 118 100
7 118 100
7 118 100
7 118 100
7 118 100
7 118 100
7 118 100
7 118 100
7 118 100
7 118 100
7 118 100
7 118 100
7 118 100
7 118 100
7 118 100
7 118 100
7 118 100
7 118 100
7 118 100
7 118 100
7 118 100
7 118 100
7 118 100
7 118 100
7 118 100
7 118 100
7 118 100
7 118 100
7 118 100
7 118 100
7 118 100
7 118 100
7 118 100
7 118 100
7 118 100
7 118 100
7 118 100
7 118 100
6 118 100
6 118 100
6 118 100
6 118 100
6 118 100
6 118 100
6 118 100
6 118 100
6 118 100
6 118 100
6 118 100
6 118 100
6 118 100
6 118 100
6 118 100
6 118 100
6 118 100
6 118 100
6 118 100
6 118 100
6 118 100
6 118 100
6 118 100
6 118 100
6 118 100
6 118 100
6 118 100
6 118 100
6 118 100
6 118 100
6 118 100
6 118 100
6 118 100
6 118 100
6 118 100
5 118 100
5 118 100
5 118 100
5 118 100
5 118 100
5 118 100
5 118 100
5 118 100
5 118 100
5 118 100
5 118 100
5 118 100
5 118 100
5 118 100
5 118 100
5 118 100
5 118 100
5 118 100
5 118 100
5 118 100
5 118 100
5 118 100
5 118 100
5 118 100
5 118 100
5 118 100
5 118 100
5 118 100
5 118 100
5 118 100
5 118 100
5 118 100
5 118 100
4 118 100
4 118 100
4 118 100
4 118 100
4 118 100
4 118 100
4 118 100
4 118 100
4 118 100
4 118 100
4 118 100
4 118 100
4 118 100
4 118 100
4 118 100
4 118 100
4 118 100
4 118 100
4 118 100
4 118 100
4 118 100
4 118 100
4 118 100
4 118 100
4 118 100
4 118 100
4 118 100
4 118 100
4 118 100
4 118 100
3 118 100
3 118 100
3 118 100
3 118 100
3 118 100
3 118 100
3 118 100
3 118 100
3 118 100
3 118 100
3 118 100
3 118 100
3 118 100
3 118 100
3 118 100
3 118 100
3 118 100
3 118 100
3 118 100
3 118 100
3 118 100
3 118 100
3 118 100
3 118 100
3 118 100
3 118 100
2 118 100
2 118 100
2 118 100
2 118 100
2 118 100
2 118 100
2 118 100
2 118 100
2 118 100
2 118 100
2 118 100
2 118 100
2 118 100
2 118 100
2 118 100
2 118 100
2 118 100
2 118 100
2 118 100
2 118 100
2 118 100
2 118 100
1 118 100
1 118 100
1 118 100
1 118 100
1 118 100
1 118 100
1 118 100
1 118 100
1 118 100
1 118 100
1 118 100
1 118 100
1 118 100
1 118 100
1 118 100
1 118 100
1 118 100
1 118 100
# move from (0,33) to (0,143)
0 33 100
0 34 100
0 35 100
0 36 100
0 37 100
0 38 100
# move from (127,101) to (0,143)
127 101 100
126 101 100
125 101 100
124 101 100
123 101 100
122 101 100
121 101 100
120 101 100
120 101 100
119 101 100
119 101 100
118 101 100
118 101 100
118 101 100
117 101 100
117 101 100
117 101 100
117 101 100
117 101 100
116 101 100
116 101 100
116 101 100
116 101 100
116 101 100
116 101 100
116 101 100
115 101 100
115 101 100
115 101 100
115 101 100
115 101 100
115 101 100
115 101 100
115 101 100
115 101 100
114 101 100
114 101 100
114 101 100
114 101 100
114 101 100
114 101 100
114 101 100
114 101 100
114 101 100
114 101 100
114 101 100
113 101 100
113 101 100
113 101 100
113 101 100
113 101 100
113 101 100
113 101 100
113 101 100
113 101 100
113 101 100
113 101 100
113 101 100
113 101 100
113 101 100
112 101 100
112 101 100
112 101 100
112 101 100
112 101 100
112 101 100
112 101 100
112 101 100
112 101 100
112 101 100
112 101 100
112 101 100
112 101 100
112 101 100
112 101 100
112 101 100
111 101 100
111 101 100
111 101 100
111 101 100
111 101 100
111 101 100
111 101 100
111 101 100
111 101 100
111 101 100
111 101 100
111 101 100
111 101 100
111 101 100
111 101 100
111 101 100
111 101 100
111 101 100
110 101 100
110 101 100
110 101 100
110 101 100
110 101 100
110 101 100
110 101 100
110 101 100
110 101 100
110 101 100
110 101 100
110 101 100
110 101 100
110 101 100
110 101 100
110 101 100
110 101 100
110 101 100
110 101 100
109 101 100
109 101 100
109 101 100
109 101 100
109 101 100
109 101 100
109 101 100
109 101 100
109 101 100
109 101 100
109 101 100
109 101 100
109 101 100
109 101 100
109 101 100
109 101 100
109 101 100
109 101 100
109 101 100
109 101 100
109 101 100
108 101 100
108 101 100
108 101 100
108 101 100
108 101 100
108 101 100
108 101 100
108 101 100
108 101 100
108 101 100
108 101 100
108 101 100
108 101 100
108 101 100
108 101 100
108 101 100
108 101 100
108 101 100
108 101 100
108 101 100
108 101 100
108 101 100
107 101 100
107 101 100
107 101 100
107 101 100
107 101 100
107 101 100
107 101 100
107 101 100
107 101 100
107 101 100
107 101 100
107 101 100
107 101 100
107 101 100
107 101 100
107 101 100
107 101 100
107 101 100
107 101 100
107 101 100
107 101 100
107 101 100
107 101 100
106 101 100
106 101 100
106 101 100
106 101 100
106 101 100
106 101 100
106 101 100
106 101 100
106 101 100
106 101 100
106 101 100
106 101 100
106 101 100
106 101 100
106 101 100
106 101 100
106 101 100
106 101 100
106 101 100
106 101 100
106 101 100
106 101 100
106 101 100
106 101 100
106 101 100
105 101 100
105 101 100
105 101 100
105 101 100
105 101 100
105 101 100
105 101 100
105 101 100
105 101 100
105 101 100
105 101 100
105 101 100
105 101 100
105 101 100
105 101 100
105 101 100
105 101 100
105 101 100
105 101 100
105 101 100
105 101 100
105 101 100
105 101 100
105 101 100
105 101 100
105 101 100
105 101 100
104 101 100
104 101 100
104 101 100
104 101 100
104 101 100
104 101 100
104 101 100
104 101 100
104 101 100
104 101 100
104 101 100
104 101 100
104 101 100
104 101 100
104 101 100
104 101 100
104 101 100
104 101 100
104 101 100
104 101 100
104 101 100
104 101 100
104 101 100
104 101 100
104 101 100
104 101 100
104 101 100
104 101 100
104 101 100
103 101 100
103 101 100
103 101 100
103 101 100
103 101 100
103 101 100
103 101 100
103 101 100
103 101 100
103 101 100
103 101 100
103 101 100
103 101 100
103 101 100
103 101 100
103 101 100
103 101 100
103 101 100
103 101 100
103 101 100
103 101 100
103 101 100
103 101 100
103 101 100
103 101 100
103 101 100
103 101 100
103 101 100
103 101 100
103 101 100
103 101 100
103 101 100
102 101 100
102 101 100
102 101 100
102 101 100
102 101 100
102 101 100
102 101 100
102 101 100
102 101 100
102 101 100
102 101 100
102 101 100
102 101 100
102 101 100
102 101 100
102 101 100
102 101 100
102 101 100
102 101 100
102 101 100
102 101 100
102 101 100
102 101 100
102 101 100
102 101 100
102 101 100
102 101 100
102 101 100
102 101 100
102 101 100
102 101 100
102 101 100
102 101 100
102 101 100
101 101 100
101 101 100
101 101 100
101 101 100
101 101 100
101 101 100
101 101 100
101 101 100
101 101 100
101 101 100
101 101 100
101 101 100
101 101 100
101 101 100
101 101 100
101 101 100
101 101 100
101 101 100
101 101 100
101 101 100
101 101 100
101 101 100
101 101 100
101 101 100
101 101 100
101 101 100
101 101 100
101 101 100
101 101 100
101 101 100
101 101 100
101 101 100
101 101 100
101 101 100
101 101 100
101 101 100
100 101 100
100 101 100
100 101 100
100 101 100
100 101 100
100 101 100
100 101 100
100 101 100
100 101 100
100 101 100
100 101 100
100 101 100
100 101 100
100 101 100
100 101 100
100 101 100
100 101 100
100 101 100
100 101 100
100 101 100
100 101 100
100 101 100
100 101 100
100 101 100
100 101 100
100 101 100
100 101 100
100 101 100
100 101 100
100 101 100
100 101 100
100 101 100
100 101 100
100 101 100
100 101 100
100 101 100
100 101 100
100 101 100
99 101 100
99 101 100
99 101 100
99 101 100
99 101 100
99 101 100
99 101 100
99 101 100
99 101 100
99 101 100
99 101 100
99 101 100
99 101 100
99 101 100
99 101 100
99 101 100
99 101 100
99 101 100
99 101 100
99 101 100
99 101 100
99 101 100
99 101 100
99 101 100
99 101 100
99 101 100
99 101 100
99 101 100
99 101 100
99 101 100
99 101 100
99 101 100
99 101 100
99 101 100
99 101 100
99 101 100
99 101 100
99 101 100
99 101 100
99 101 100
98 101 100
98 101 100
98 101 100
98 101 100
98 101 100
98 101 100
98 101 100
98 101 100
98 101 100
98 101 100
98 101 100
98 101 100
98 101 100
98 101 100
98 101 100
98 101 100
98 101 100
98 101 100
98 101 100
98 101 100
98 101 100
98 101 100
98 101 100
98 101 100
98 101 100
98 101 100
98 101 100
98 101 100
98 101 100
98 101 100
98 101 100
98 101 100
98 101 100
98 101 100
98 101 100
98 101 100
98 101 100
98 101 100
98 101 100
98 101 100
98 101 100
97 101 100
97 101 100
97 101 100
97 101 100
97 101 100
97 101 100
97 101 100
97 101 100
97 101 100
97 101 100
97 101 100
97 101 100
97 101 100
97 101 100
97 101 100
97 101 100
97 101 100
97 101 100
97 101 100
97 101 100
97 101 100
97 101 100
97 101 100
97 101 100
97 101 100
97 101 100
97 101 100
97 101 100
97 101 100
97 101 100
97 101 100
97 101 100
97 101 100
97 101 100
97 101 100
97 101 100
97 101 100
97 101 100
97 101 100
97 101 100
97 101 100
96 101 100
96 101 100
96 101 100
96 101 100
96 101 100
96 101 100
96 101 100
96 101 100
96 101 100
96 101 100
96 101 100
96 101 100
96 101 100
96 101 100
96 101 100
96 101 100
96 101 100
96 101 100
96 101 100
96 101 100
96 101 100
96 101 100
96 101 100
96 101 100
96 101 100
96 101 100
96 101 100
96 101 100
96 101 100
96 101 100
96 101 100
96 101 100
96 101 100
96 101 100
96 101 100
96 101 100
96 101 100
96 101 100
96 101 100
96 101 100
96 101 100
95 101 100
95 101 100
95 101 100
95 101 100
95 101 100
95 101 100
95 101 100
95 101 100
95 101 100
95 101 100
95 101 100
95 101 100
95 101 100
95 101 100
95 101 100
95 101 100
95 101 100
95 101 100
95 101 100
95 101 100
95 101 100
95 101 100
95 101 100
95 101 100
95 101 100
95 101 100
95 101 100
95 101 100
95 101 100
95 101 100
95 101 100
95 101 100
95 101 100
95 101 100
95 101 100
95 101 100
95 101 100
95 101 100
95 101 100
95 101 100
94 101 100
94 101 100
94 101 100
94 101 100
94 101 100
94 101 100
94 101 100
94 101 100
94 101 100
94 101 100
94 101 100
94 101 100
94 101 100
94 101 100
94 101 100
94 101 100
94 101 100
94 101 100
94 101 100
94 101 100
94 101 100
94 101 100
94 101 100
94 101 100
94 101 100
94 101 100
94 101 100
94 101 100
94 101 100
94 101 100
94 101 100
94 101 100
94 101 100
94 101 100
94 101 100
94 101 100
94 101 100
93 101 100
93 101 100
93 101 100
93 101 100
93 101 100
93 101 100
93 101 100
93 101 100
93 101 100
93 101 100
93 101 100
93 101 100
93 101 100
93 101 100
93 101 100
93 101 100
93 101 100
93 101 100
93 101 100
93 101 100
93 101 100
93 101 100
93 101 100
93 101 100
93 101 100
93 101 100
93 101 100
93 101 100
93 101 100
93 101 100
93 101 100
93 101 100
93 101 100
93 101 100
93 101 100
92 101 100
92 101 100
92 101 100
92 101 100
92 101 100
92 101 100
92 101 100
92 101 100
92 101 100
92 101 100
92 101 100
92 101 100
92 101 100
92 101 100
92 101 100
92 101 100
92 101 100
92 101 100
92 101 100
92 101 100
92 101 100
92 101 100
92 101 100
92 101 100
92 101 100
92 101 100
92 101 100
92 101 100
92 101 100
92 101 100
92 101 100
91 101 100
91 101 100
91 101 100
91 101 100
91 101 100
91 101 100
91 101 100
91 101 100
91 101 100
91 101 100
91 101 100
91 101 100
91 101 100
91 101 100
91 101 100
91 101 100
91 101 100
91 101 100
91 101 100
91 101 100
91 101 100
91 101 100
91 101 100
91 101 100
91 101 100
91 101 100
91 101 100
90 101 100
90 101 100
90 101 100
90 101 100
90 101 100
90 101 100
90 101 100
90 101 100
90 101 100
90 101 100
90 101 100
90 101 100
90 101 100
90 101 100
90 101 100
90 101 100
90 101 100
90 101 100
90 101 100
90 101 100
90 101 100
90 101 100
89 101 100
89 101 100
89 101 100
89 101 100
89 101 100
89 101 100
89 101 100
89 101 100
89 101 100
89 101 100
89 101 100
89 101 100
89 101 100
89 101 100
89 101 100
89 101 100
89 101 100
88 101 100
88 101 100
88 101 100
88 101 100
88 101 100
88 101 100
88 101 100
88 101 100
88 101 100
88 101 100
88 101 100
88 101 100
87 101 100
87 101 100
87 101 100
87 101 100
87 101 100
87 101 100
87 101 100
87 101 100
86 101 100
86 101 100
86 101 100
86 101 100
86 101 100
85 101 100
85 101 100
85 101 100
84 101 100
84 101 100
83 101 100
83 101 100
82 101 100
81 101 100
80 101 100
79 101 100
78 101 100
77 101 100
76 101 100
75 101 100
74 101 100
73 101 100
72 101 100
71 101 100
70 101 100
69 101 100
68 101 100
67 101 100
66 101 100
65 101 100
64 101 100
63 101 100
62 101 100
61 101 100
60 101 100
59 101 100
58 101 100
57 101 100
56 101 100
55 101 100
54 101 100
53 101 100
52 101 100
51 101 100
50 101 100
49 101 100
48 101 100
47 101 100
46 101 100
45 101 100
44 101 100
43 101 100
42 101 100
41 101 100
40 101 100
39 101 100
38 101 100
37 101 100
36 101 100
35 101 100
34 101 100
33 101 100
32 101 100
31 101 100
30 101 100
29 101 100
28 101 100
27 101 100
26 101 100
25 101 100
24 101 100
23 101 100
22 101 100
21 101 100
20 101 100
19 101 100
18 101 100
17 101 100
16 101 100
15 101 100
14 101 100
13 101 100
13 101 100
12 101 100
12 101 100
11 101 100
11 101 100
10 101 100
10 101 100
10 101 100
9 101 100
9 101 100
9 101 100
8 101 100
8 101 100
8 101 100
7 101 100
7 101 100
7 101 100
6 101 100
6 101 100
6 101 100
5 101 100
5 101 100
5 101 100
4 101 100
4 101 100
3 101 100
3 101 100
2 101 100
2 101 100
1 101 100
1 101 100
# move from (15,63) to (0,143)
15 63 100
14 63 100
13 63 100
12 63 100
11 63 100
10 63 100
9 63 100
8 63 100
7 63 100
6 63 100
5 63 100
5 63 100
4 63 100
4 63 100
3 63 100
3 63 100
3 63 100
2 63 100
2 63 100
2 63 100
2 63 100
1 63 100
1 63 100
1 63 100
1 63 100
1 63 100
# move from (97,198) to (0,143)
97 198 100
96 198 100
95 198 100
94 198 100
93 198 100
92 198 100
91 198 100
90 198 100
89 198 100
88 198 100
87 198 100
86 198 100
85 198 100
84 198 100
83 198 100
82 198 100
81 198 100
80 198 100
79 198 100
78 198 100
77 198 100
76 198 100
75 198 100
74 198 100
73 198 100
72 198 100
71 198 100
70 198 100
69 198 100
68 198 100
67 198 100
66 198 100
66 198 100
65 198 100
65 198 100
64 198 100
64 198 100
64 198 100
63 198 100
63 198 100
63 198 100
63 198 100
62 198 100
62 198 100
62 198 100
62 198 100
62 198 100
61 198 100
61 198 100
61 198 100
61 198 100
61 198 100
61 198 100
60 198 100
60 198 100
60 198 100
60 198 100
60 198 100
60 198 100
60 198 100
59 198 100
59 198 100
59 198 100
59 198 100
59 198 100
59 198 100
59 198 100
59 198 100
59 198 100
58 198 100
58 198 100
58 198 100
58 198 100
58 198 100
58 198 100
58 198 100
58 198 100
58 198 100
58 198 100
57 198 100
57 198 100
57 198 100
57 198 100
57 198 100
57 198 100
57 198 100
57 198 100
57 198 100
57 198 100
57 198 100
56 198 100
56 198 100
56 198 100
56 198 100
56 198 100
56 198 100
56 198 100
56 198 100
56 198 100
56 198 100
56 198 100
56 198 100
55 198 100
55 198 100
55 198 100
55 198 100
55 198 100
55 198 100
55 198 100
55 198 100
55 198 100
55 198 100
55 198 100
55 198 100
55 198 100
54 198 100
54 198 100
54 198 100
54 198 100
54 198 100
54 198 100
54 198 100
54 198 100
54 198 100
54 198 100
54 198 100
54 198 100
54 198 100
54 198 100
54 198 100
53 198 100
53 198 100
53 198 100
53 198 100
53 198 100
53 198 100
53 198 100
53 198 100
53 198 100
53 198 100
53 198 100
53 198 100
53 198 100
53 198 100
53 198 100
53 198 100
52 198 100
52 198 100
52 198 100
52 198 100
52 198 100
52 198 100
52 198 100
52 198 100
52 198 100
52 198 100
52 198 100
52 198 100
52 198 100
52 198 100
52 198 100
52 198 100
52 198 100
51 198 100
51 198 100
51 198 100
51 198 100
51 198 100
51 198 100
51 198 100
51 198 100
51 198 100
51 198 100
51 198 100
51 198 100
51 198 100
51 198 100
51 198 100
51 198 100
51 198 100
51 198 100
51 198 100
50 198 100
50 198 100
50 198 100
50 198 100
50 198 100
50 198 100
50 198 100
50 198 100
50 198 100
50 198 100
50 198 100
50 198 100
50 198 100
50 198 100
50 198 100
50 198 100
50 198 100
50 198 100
50 198 100
50 198 100
50 198 100
49 198 100
49 198 100
49 198 100
49 198 100
49 198 100
49 198 100
49 198 100
49 198 100
49 198 100
49 198 100
49 198 100
49 198 100
49 198 100
49 198 100
49 198 100
49 198 100
49 198 100
49 198 100
49 198 100
49 198 100
49 198 100
49 198 100
48 198 100
48 198 100
48 198 100
48 198 100
48 198 100
48 198 100
48 198 100
48 198 100
48 198 100
48 198 100
48 198 100
48 198 100
48 198 100
48 198 100
48 198 100
48 198 100
48 198 100
48 198 100
48 198 100
48 198 100
48 198 100
48 198 100
48 198 100
47 198 100
47 198 100
47 198 100
47 198 100
47 198 100
47 198 100
47 198 100
47 198 100
47 198 100
47 198 100
47 198 100
47 198 100
47 198 100
47 198 100
47 198 100
47 198 100
47 198 100
47 198 100
47 198 100
47 198 100
47 198 100
47 198 100
47 198 100
47 198 100
46 198 100
46 198 100
46 198 100
46 198 100
46 198 100
46 198 100
46 198 100
46 198 100
46 198 100
46 198 100
46 198 100
46 198 100
46 198 100
46 198 100
46 198 100
46 198 100
46 198 100
46 198 100
46 198 100
46 198 100
46 198 100
46 198 100
46 198 100
46 198 100
45 198 100
45 198 100
45 198 100
45 198 100
45 198 100
45 198 100
45 198 100
45 198 100
45 198 100
45 198 100
45 198 100
45 198 100
45 198 100
45 198 100
45 198 100
45 198 100
45 198 100
45 198 100
45 198 100
45 198 100
45 198 100
45 198 100
45 198 100
44 198 100
44 198 100
44 198 100
44 198 100
44 198 100
44 198 100
44 198 100
44 198 100
44 198 100
44 198 100
44 198 100
44 198 100
44 198 100
44 198 100
44 198 100
44 198 100
44 198 100
44 198 100
44 198 100
44 198 100
44 198 100
44 198 100
43 198 100
43 198 100
43 198 100
43 198 100
43 198 100
43 198 100
43 198 100
43 198 100
43 198 100
43 198 100
43 198 100
43 198 100
43 198 100
43 198 100
43 198 100
43 198 100
43 198 100
43 198 100
43 198 100
43 198 100
43 198 100
42 198 100
42 198 100
42 198 100
42 198 100
42 198 100
42 198 100
42 198 100
42 198 100
42 198 100
42 198 100
42 198 100
42 198 100
42 198 100
42 198 100
42 198 100
42 198 100
42 198 100
42 198 100
42 198 100
41 198 100
41 198 100
41 198 100
41 198 100
41 198 100
41 198 100
41 198 100
41 198 100
41 198 100
41 198 100
41 198 100
41 198 100
41 198 100
41 198 100
41 198 100
41 198 100
41 198 100
40 198 100
40 198 100
40 198 100
40 198 100
40 198 100
40 198 100
40 198 100
40 198 100
40 198 100
40 198 100
40 198 100
40 198 100
40 198 100
40 198 100
40 198 100
39 198 100
39 198 100
39 198 100
39 198 100
39 198 100
39 198 100
39 198 100
39 198 100
39 198 100
39 198 100
39 198 100
39 198 100
38 198 100
38 198 100
38 198 100
38 198 100
38 198 100
38 198 100
38 198 100
38 198 100
38 198 100
37 198 100
37 198 100
37 198 100
37 198 100
37 198 100
37 198 100
37 198 100
36 198 100
36 198 100
36 198 100
36 198 100
36 198 100
36 198 100
35 198 100
35 198 100
35 198 100
35 198 100
34 198 100
34 198 100
34 198 100
33 198 100
33 198 100
33 198 100
32 198 100
32 198 100
31 198 100
31 198 100
30 198 100
30 198 100
29 198 100
28 198 100
27 198 100
26 198 100
25 198 100
24 198 100
23 198 100
22 198 100
21 198 100
20 198 100
19 198 100
18 198 100
17 198 100
16 198 100
15 198 100
14 198 100
13 198 100
12 198 100
11 198 100
10 198 100
9 198 100
8 198 100
7 198 100
6 198 100
5 198 100
4 198 100
3 198 100
2 198 100
1 198 100
0 198 100
0 197 100
0 196 100
0 195 100
0 195 100
0 194 100
0 194 100
0 193 100
0 193 100
0 193 100
0 192 100
0 192 100
0 192 100
0 192 100
0 191 100
0 191 100
0 191 100
0 191 100
0 191 100
0 190 100
0 190 100
0 190 100
0 190 100
0 190 100
0 189 100
0 189 100
0 189 100
0 189 100
0 189 100
0 189 100
0 188 100
0 188 100
0 188 100
0 188 100
0 188 100
0 188 100
0 188 100
0 187 100
0 187 100
0 187 100
0 187 100
0 187 100
0 187 100
0 187 100
0 186 100
0 186 100
0 186 100
0 186 100
0 186 100
0 186 100
0 186 100
0 186 100
0 185 100
0 185 100
0 185 100
0 185 100
0 185 100
0 185 100
0 185 100
0 185 100
0 184 100
0 184 100
0 184 100
0 184 100
0 184 100
0 184 100
0 184 100
0 184 100
0 184 100
0 183 100
0 183 100
0 183 100
0 183 100
0 183 100
0 183 100
0 183 100
0 183 100
0 183 100
0 183 100
0 182 100
0 182 100
0 182 100
0 182 100
0 182 100
0 182 100
0 182 100
0 182 100
0 182 100
0 182 100
0 181 100
0 181 100
0 181 100
0 181 100
0 181 100
0 181 100
0 181 100
0 181 100
0 181 100
0 181 100
0 180 100
0 180 100
0 180 100
0 180 100
0 180 100
0 180 100
0 180 100
0 180 100
0 180 100
0 180 100
0 179 100
0 179 100
0 179 100
0 179 100
0 179 100
0 179 100
0 179 100
0 179 100
0 179 100
0 179 100
0 178 100
0 178 100
0 178 100
0 178 100
0 178 100
0 178 100
0 178 100
0 178 100
0 178 100
0 177 100
0 177 100
0 177 100
0 177 100
0 177 100
0 177 100
0 177 100
0 176 100
0 176 100
0 176 100
0 176 100
0 176 100
0 176 100
0 175 100
0 175 100
0 175 100
0 175 100
0 174 100
0 174 100
0 174 100
0 173 100
0 173 100
0 172 100
0 172 100
0 171 100
0 170 100
0 169 100
0 168 100
0 167 100
0 166 100
0 165 100
0 164 100
0 163 100
0 162 100
0 161 100
0 160 100
0 159 100
0 158 100
0 157 100
0 156 100
0 155 100
0 154 100
0 153 100
0 152 100
0 151 100
0 150 100
0 149 100
0 148 100
0 147 100
0 146 100
0 145 100
0 144 100
# move from (42,144) to (0,143)
42 144 100
41 144 100
40 144 100
39 144 100
38 144 100
37 144 100
36 144 100
35 144 100
34 144 100
33 144 100
32 144 100
31 144 100
30 144 100
29 144 100
28 144 100
27 144 100
26 144 100
25 144 100
24 144 100
23 144 100
22 144 100
21 144 100
20 144 100
19 144 100
18 144 100
17 144 100
16 144 100
15 144 100
14 144 100
13 144 100
12 144 100
11 144 100
10 144 100
9 144 100
8 144 100
7 144 100
6 144 100
5 144 100
4 144 100
3 144 100
2 144 100
1 144 100
