# move from (174,35) to (163,178)
174 35 100
173 35 100
172 35 100
171 35 100
170 35 100
169 35 100
168 35 100
167 35 100
166 35 100
165 35 100
165 35 100
164 35 100
164 35 100
163 35 100
163 35 100
163 36 100
163 36 100
163 37 100
163 37 100
163 37 100
163 38 100
163 38 100
163 38 100
163 39 100
163 39 100
163 39 100
163 39 100
163 40 100
163 40 100
163 40 100
163 40 100
163 41 100
163 41 100
163 41 100
163 41 100
163 41 100
163 42 100
163 42 100
163 42 100
163 42 100
163 42 100
163 42 100
163 43 100
163 43 100
163 43 100
163 43 100
163 43 100
163 43 100
163 43 100
163 43 100
163 44 100
163 44 100
163 44 100
163 44 100
163 44 100
163 44 100
163 44 100
163 44 100
163 44 100
163 45 100
163 45 100
163 45 100
163 45 100
163 45 100
163 45 100
163 45 100
163 45 100
163 45 100
163 45 100
163 45 100
163 46 100
163 46 100
163 46 100
163 46 100
163 46 100
163 46 100
163 46 100
163 46 100
163 46 100
163 46 100
163 46 100
163 46 100
163 47 100
163 47 100
163 47 100
163 47 100
163 47 100
163 47 100
163 47 100
163 47 100
163 47 100
163 47 100
163 47 100
163 47 100
163 47 100
163 48 100
163 48 100
163 48 100
163 48 100
163 48 100
163 48 100
163 48 100
163 48 100
163 48 100
163 48 100
163 48 100
163 48 100
163 48 100
163 48 100
163 49 100
163 49 100
163 49 100
163 49 100
163 49 100
163 49 100
163 49 100
163 49 100
163 49 100
163 49 100
163 49 100
163 49 100
163 49 100
163 49 100
163 49 100
163 50 100
163 50 100
163 50 100
163 50 100
163 50 100
163 50 100
163 50 100
163 50 100
163 50 100
163 50 100
163 50 100
163 50 100
163 50 100
163 50 100
163 50 100
163 51 100
163 51 100
163 51 100
163 51 100
163 51 100
163 51 100
163 51 100
163 51 100
163 51 100
163 51 100
163 51 100
163 51 100
163 51 100
163 51 100
163 51 100
163 52 100
163 52 100
163 52 100
163 52 100
163 52 100
163 52 100
163 52 100
163 52 100
163 52 100
163 52 100
163 52 100
163 52 100
163 52 100
163 52 100
163 52 100
163 53 100
163 53 100
163 53 100
163 53 100
163 53 100
163 53 100
163 53 100
163 53 100
163 53 100
163 53 100
163 53 100
163 53 100
163 53 100
163 53 100
163 54 100
163 54 100
163 54 100
163 54 100
163 54 100
163 54 100
163 54 100
163 54 100
163 54 100
163 54 100
163 54 100
163 54 100
163 54 100
163 55 100
163 55 100
163 55 100
163 55 100
163 55 100
163 55 100
163 55 100
163 55 100
163 55 100
163 55 100
163 55 100
163 55 100
163 56 100
163 56 100
163 56 100
163 56 100
163 56 100
163 56 100
163 56 100
163 56 100
163 56 100
163 56 100
163 57 100
163 57 100
163 57 100
163 57 100
163 57 100
163 57 100
163 57 100
163 57 100
163 58 100
163 58 100
163 58 100
163 58 100
163 58 100
163 58 100
163 59 100
163 59 100
163 59 100
163 59 100
163 59 100
163 60 100
163 60 100
163 60 100
163 60 100
163 61 100
163 61 100
163 61 100
163 62 100
163 62 100
163 62 100
163 63 100
163 63 100
163 64 100
163 64 100
163 65 100
163 65 100
163 65 100
163 66 100
163 66 100
163 66 100
163 67 100
163 67 100
163 67 100
163 67 100
163 68 100
163 68 100
163 68 100
163 68 100
163 68 100
163 68 100
163 69 100
163 69 100
163 69 100
163 69 100
163 69 100
163 69 100
163 69 100
163 69 100
163 70 100
163 70 100
163 70 100
163 70 100
163 70 100
163 70 100
163 70 100
163 70 100
163 70 100
163 70 100
163 71 100
163 71 100
163 71 100
163 71 100
163 71 100
163 71 100
163 71 100
163 71 100
163 71 100
163 71 100
163 71 100
163 71 100
163 71 100
163 71 100
163 72 100
163 72 100
163 72 100
163 72 100
163 72 100
163 72 100
163 72 100
163 72 100
163 72 100
163 72 100
163 72 100
163 72 100
163 72 100
163 72 100
163 72 100
163 72 100
163 72 100
163 72 100
163 73 100
163 73 100
163 73 100
163 73 100
163 73 100
163 73 100
163 73 100
163 73 100
163 73 100
163 73 100
163 73 100
163 73 100
163 73 100
163 73 100
163 73 100
163 73 100
163 73 100
163 73 100
163 73 100
163 73 100
163 73 100
163 73 100
163 73 100
163 73 100
163 74 100
163 74 100
163 74 100
163 74 100
163 74 100
163 74 100
163 74 100
163 74 100
163 74 100
163 74 100
163 74 100
163 74 100
163 74 100
163 74 100
163 74 100
163 74 100
163 74 100
163 74 100
163 74 100
163 74 100
163 74 100
163 74 100
163 74 100
163 74 100
163 74 100
163 74 100
163 74 100
163 74 100
163 74 100
163 75 100
163 75 100
163 75 100
163 75 100
163 75 100
163 75 100
163 75 100
163 75 100
163 75 100
163 75 100
163 75 100
163 75 100
163 75 100
163 75 100
163 75 100
163 75 100
163 75 100
163 75 100
163 75 100
163 75 100
163 75 100
163 75 100
163 75 100
163 75 100
163 75 100
163 75 100
163 75 100
163 75 100
163 75 100
163 75 100
163 75 100
163 75 100
163 75 100
163 76 100
163 76 100
163 76 100
163 76 100
163 76 100
163 76 100
163 76 100
163 76 100
163 76 100
163 76 100
163 76 100
163 76 100
163 76 100
163 76 100
163 76 100
163 76 100
163 76 100
163 76 100
163 76 100
163 76 100
163 76 100
163 76 100
163 76 100
163 76 100
163 76 100
163 76 100
163 76 100
163 76 100
163 76 100
163 76 100
163 76 100
163 76 100
163 76 100
163 76 100
163 76 100
163 76 100
163 76 100
163 77 100
163 77 100
163 77 100
163 77 100
163 77 100
163 77 100
163 77 100
163 77 100
163 77 100
163 77 100
163 77 100
163 77 100
163 77 100
163 77 100
163 77 100
163 77 100
163 77 100
163 77 100
163 77 100
163 77 100
163 77 100
163 77 100
163 77 100
163 77 100
163 77 100
163 77 100
163 77 100
163 77 100
163 77 100
163 77 100
163 77 100
163 77 100
163 77 100
163 77 100
163 77 100
163 77 100
163 77 100
163 77 100
163 77 100
163 77 100
163 78 100
163 78 100
163 78 100
163 78 100
163 78 100
163 78 100
163 78 100
163 78 100
163 78 100
163 78 100
163 78 100
163 78 100
163 78 100
163 78 100
163 78 100
163 78 100
163 78 100
163 78 100
163 78 100
163 78 100
163 78 100
163 78 100
163 78 100
163 78 100
163 78 100
163 78 100
163 78 100
163 78 100
163 78 100
163 78 100
163 78 100
163 78 100
163 78 100
163 78 100
163 78 100
163 78 100
163 78 100
163 78 100
163 78 100
163 78 100
163 78 100
163 78 100
163 79 100
163 79 100
163 79 100
163 79 100
163 79 100
163 79 100
163 79 100
163 79 100
163 79 100
163 79 100
163 79 100
163 79 100
163 79 100
163 79 100
163 79 100
163 79 100
163 79 100
163 79 100
163 79 100
163 79 100
163 79 100
163 79 100
163 79 100
163 79 100
163 79 100
163 79 100
163 79 100
163 79 100
163 79 100
163 79 100
163 79 100
163 79 100
163 79 100
163 79 100
163 79 100
163 79 100
163 79 100
163 79 100
163 79 100
163 79 100
163 79 100
163 79 100
163 79 100
163 80 100
163 80 100
163 80 100
163 80 100
163 80 100
163 80 100
163 80 100
163 80 100
163 80 100
163 80 100
163 80 100
163 80 100
163 80 100
163 80 100
163 80 100
163 80 100
163 80 100
163 80 100
163 80 100
163 80 100
163 80 100
163 80 100
163 80 100
163 80 100
163 80 100
163 80 100
163 80 100
163 80 100
163 80 100
163 80 100
163 80 100
163 80 100
163 80 100
163 80 100
163 80 100
163 80 100
163 80 100
163 80 100
163 80 100
163 80 100
163 80 100
163 80 100
163 80 100
163 80 100
163 81 100
163 81 100
163 81 100
163 81 100
163 81 100
163 81 100
163 81 100
163 81 100
163 81 100
163 81 100
163 81 100
163 81 100
163 81 100
163 81 100
163 81 100
163 81 100
163 81 100
163 81 100
163 81 100
163 81 100
163 81 100
163 81 100
163 81 100
163 81 100
163 81 100
163 81 100
163 81 100
163 81 100
163 81 100
163 81 100
163 81 100
163 81 100
163 81 100
163 81 100
163 81 100
163 81 100
163 81 100
163 81 100
163 81 100
163 81 100
163 81 100
163 81 100
163 81 100
163 82 100
163 82 100
163 82 100
163 82 100
163 82 100
163 82 100
163 82 100
163 82 100
163 82 100
163 82 100
163 82 100
163 82 100
163 82 100
163 82 100
163 82 100
163 82 100
163 82 100
163 82 100
163 82 100
163 82 100
163 82 100
163 82 100
163 82 100
163 82 100
163 82 100
163 82 100
163 82 100
163 82 100
163 82 100
163 82 100
163 82 100
163 82 100
163 82 100
163 82 100
163 82 100
163 82 100
163 82 100
163 82 100
163 82 100
163 82 100
163 82 100
163 82 100
163 82 100
163 83 100
163 83 100
163 83 100
163 83 100
163 83 100
163 83 100
163 83 100
163 83 100
163 83 100
163 83 100
163 83 100
163 83 100
163 83 100
163 83 100
163 83 100
163 83 100
163 83 100
163 83 100
163 83 100
163 83 100
163 83 100
163 83 100
163 83 100
163 83 100
163 83 100
163 83 100
163 83 100
163 83 100
163 83 100
163 83 100
163 83 100
163 83 100
163 83 100
163 83 100
163 83 100
163 83 100
163 83 100
163 83 100
163 83 100
163 83 100
163 83 100
163 84 100
163 84 100
163 84 100
163 84 100
163 84 100
163 84 100
163 84 100
163 84 100
163 84 100
163 84 100
163 84 100
163 84 100
163 84 100
163 84 100
163 84 100
163 84 100
163 84 100
163 84 100
163 84 100
163 84 100
163 84 100
163 84 100
163 84 100
163 84 100
163 84 100
163 84 100
163 84 100
163 84 100
163 84 100
163 84 100
163 84 100
163 84 100
163 84 100
163 84 100
163 84 100
163 84 100
163 84 100
163 84 100
163 84 100
163 85 100
163 85 100
163 85 100
163 85 100
163 85 100
163 85 100
163 85 100
163 85 100
163 85 100
163 85 100
163 85 100
163 85 100
163 85 100
163 85 100
163 85 100
163 85 100
163 85 100
163 85 100
163 85 100
163 85 100
163 85 100
163 85 100
163 85 100
163 85 100
163 85 100
163 85 100
163 85 100
163 85 100
163 85 100
163 85 100
163 85 100
163 85 100
163 85 100
163 85 100
163 85 100
163 85 100
163 86 100
163 86 100
163 86 100
163 86 100
163 86 100
163 86 100
163 86 100
163 86 100
163 86 100
163 86 100
163 86 100
163 86 100
163 86 100
163 86 100
163 86 100
163 86 100
163 86 100
163 86 100
163 86 100
163 86 100
163 86 100
163 86 100
163 86 100
163 86 100
163 86 100
163 86 100
163 86 100
163 86 100
163 86 100
163 86 100
163 86 100
163 86 100
163 86 100
163 87 100
163 87 100
163 87 100
163 87 100
163 87 100
163 87 100
163 87 100
163 87 100
163 87 100
163 87 100
163 87 100
163 87 100
163 87 100
163 87 100
163 87 100
163 87 100
163 87 100
163 87 100
163 87 100
163 87 100
163 87 100
163 87 100
163 87 100
163 87 100
163 87 100
163 87 100
163 87 100
163 87 100
163 87 100
163 88 100
163 88 100
163 88 100
163 88 100
163 88 100
163 88 100
163 88 100
163 88 100
163 88 100
163 88 100
163 88 100
163 88 100
163 88 100
163 88 100
163 88 100
163 88 100
163 88 100
163 88 100
163 88 100
163 88 100
163 88 100
163 88 100
163 88 100
163 88 100
163 88 100
163 88 100
163 89 100
163 89 100
163 89 100
163 89 100
163 89 100
163 89 100
163 89 100
163 89 100
163 89 100
163 89 100
163 89 100
163 89 100
163 89 100
163 89 100
163 89 100
163 89 100
163 89 100
163 89 100
163 89 100
163 89 100
163 89 100
163 89 100
163 90 100
163 90 100
163 90 100
163 90 100
163 90 100
163 90 100
163 90 100
163 90 100
163 90 100
163 90 100
163 90 100
163 90 100
163 90 100
163 90 100
163 90 100
163 90 100
163 90 100
163 90 100
163 90 100
163 91 100
163 91 100
163 91 100
163 91 100
163 91 100
163 91 100
163 91 100
163 91 100
163 91 100
163 91 100
163 91 100
163 91 100
163 91 100
163 91 100
163 91 100
163 91 100
163 92 100
163 92 100
163 92 100
163 92 100
163 92 100
163 92 100
163 92 100
163 92 100
163 92 100
163 92 100
163 92 100
163 92 100
163 92 100
163 92 100
163 93 100
163 93 100
163 93 100
163 93 100
163 93 100
163 93 100
163 93 100
163 93 100
163 93 100
163 93 100
163 93 100
163 93 100
163 94 100
163 94 100
163 94 100
163 94 100
163 94 100
163 94 100
163 94 100
163 94 100
163 94 100
163 94 100
163 95 100
163 95 100
163 95 100
163 95 100
163 95 100
163 95 100
163 95 100
163 95 100
163 96 100
163 96 100
163 96 100
163 96 100
163 96 100
163 96 100
163 97 100
163 97 100
163 97 100
163 97 100
163 97 100
163 98 100
163 98 100
163 98 100
163 98 100
163 99 100
163 99 100
163 99 100
163 100 100
163 100 100
163 100 100
163 101 100
163 101 100
163 101 100
163 102 100
163 102 100
163 102 100
163 103 100
163 103 100
163 103 100
163 104 100
163 104 100
163 104 100
163 105 100
163 105 100
163 105 100
163 106 100
163 106 100
163 106 100
163 106 100
163 107 100
163 107 100
163 107 100
163 107 100
163 107 100
163 108 100
163 108 100
163 108 100
163 108 100
163 108 100
163 108 100
163 108 100
163 109 100
163 109 100
163 109 100
163 109 100
163 109 100
163 109 100
163 109 100
163 109 100
163 109 100
163 110 100
163 110 100
163 110 100
163 110 100
163 110 100
163 110 100
163 110 100
163 110 100
163 110 100
163 110 100
163 110 100
163 111 100
163 111 100
163 111 100
163 111 100
163 111 100
163 111 100
163 111 100
163 111 100
163 111 100
163 111 100
163 111 100
163 111 100
163 111 100
163 112 100
163 112 100
163 112 100
163 112 100
163 112 100
163 112 100
163 112 100
163 112 100
163 112 100
163 112 100
163 112 100
163 112 100
163 112 100
163 112 100
163 112 100
163 113 100
163 113 100
163 113 100
163 113 100
163 113 100
163 113 100
163 113 100
163 113 100
163 113 100
163 113 100
163 113 100
163 113 100
163 113 100
163 113 100
163 113 100
163 113 100
163 114 100
163 114 100
163 114 100
163 114 100
163 114 100
163 114 100
163 114 100
163 114 100
163 114 100
163 114 100
163 114 100
163 114 100
163 114 100
163 114 100
163 114 100
163 114 100
163 114 100
163 115 100
163 115 100
163 115 100
163 115 100
163 115 100
163 115 100
163 115 100
163 115 100
163 115 100
163 115 100
163 115 100
163 115 100
163 115 100
163 115 100
163 115 100
163 115 100
163 115 100
163 116 100
163 116 100
163 116 100
163 116 100
163 116 100
163 116 100
163 116 100
163 116 100
163 116 100
163 116 100
163 116 100
163 116 100
163 116 100
163 116 100
163 116 100
163 116 100
163 116 100
163 117 100
163 117 100
163 117 100
163 117 100
163 117 100
163 117 100
163 117 100
163 117 100
163 117 100
163 117 100
163 117 100
163 117 100
163 117 100
163 117 100
163 117 100
163 117 100
163 118 100
163 118 100
163 118 100
163 118 100
163 118 100
163 118 100
163 118 100
163 118 100
163 118 100
163 118 100
163 118 100
163 118 100
163 118 100
163 118 100
163 118 100
163 119 100
163 119 100
163 119 100
163 119 100
163 119 100
163 119 100
163 119 100
163 119 100
163 119 100
163 119 100
163 119 100
163 119 100
163 119 100
163 119 100
163 120 100
163 120 100
163 120 100
163 120 100
163 120 100
163 120 100
163 120 100
163 120 100
163 120 100
163 120 100
163 120 100
163 120 100
163 121 100
163 121 100
163 121 100
163 121 100
163 121 100
163 121 100
163 121 100
163 121 100
163 121 100
163 121 100
163 122 100
163 122 100
163 122 100
163 122 100
163 122 100
163 122 100
163 122 100
163 123 100
163 123 100
163 123 100
163 123 100
163 123 100
163 124 100
163 124 100
163 124 100
163 125 100
163 125 100
163 126 100
163 126 100
163 127 100
163 128 100
163 129 100
163 130 100
163 131 100
163 132 100
163 133 100
163 134 100
163 135 100
163 136 100
163 137 100
163 138 100
163 139 100
163 140 100
163 140 100
163 141 100
163 141 100
163 141 100
163 142 100
163 142 100
163 142 100
163 142 100
163 142 100
163 143 100
163 143 100
163 143 100
163 143 100
163 143 100
163 143 100
163 143 100
163 144 100
163 144 100
163 144 100
163 144 100
163 144 100
163 144 100
163 144 100
163 144 100
163 144 100
163 145 100
163 145 100
163 145 100
163 145 100
163 145 100
163 145 100
163 145 100
163 145 100
163 145 100
163 145 100
163 145 100
163 145 100
163 146 100
163 146 100
163 146 100
163 146 100
163 146 100
163 146 100
163 146 100
163 146 100
163 146 100
163 146 100
163 146 100
163 146 100
163 146 100
163 146 100
163 146 100
163 147 100
163 147 100
163 147 100
163 147 100
163 147 100
163 147 100
163 147 100
163 147 100
163 147 100
163 147 100
163 147 100
163 147 100
163 147 100
163 147 100
163 147 100
163 147 100
163 147 100
163 147 100
163 148 100
163 148 100
163 148 100
163 148 100
163 148 100
163 148 100
163 148 100
163 148 100
163 148 100
163 148 100
163 148 100
163 148 100
163 148 100
163 148 100
163 148 100
163 148 100
163 148 100
163 148 100
163 148 100
163 148 100
163 148 100
163 148 100
163 149 100
163 149 100
163 149 100
163 149 100
163 149 100
163 149 100
163 149 100
163 149 100
163 149 100
163 149 100
163 149 100
163 149 100
163 149 100
163 149 100
163 149 100
163 149 100
163 149 100
163 149 100
163 149 100
163 149 100
163 149 100
163 149 100
163 149 100
163 149 100
163 149 100
163 150 100
163 150 100
163 150 100
163 150 100
163 150 100
163 150 100
163 150 100
163 150 100
163 150 100
163 150 100
163 150 100
163 150 100
163 150 100
163 150 100
163 150 100
163 150 100
163 150 100
163 150 100
163 150 100
163 150 100
163 150 100
163 150 100
163 150 100
163 150 100
163 150 100
163 150 100
163 150 100
163 150 100
163 151 100
163 151 100
163 151 100
163 151 100
163 151 100
163 151 100
163 151 100
163 151 100
163 151 100
163 151 100
163 151 100
163 151 100
163 151 100
163 151 100
163 151 100
163 151 100
163 151 100
163 151 100
163 151 100
163 151 100
163 151 100
163 151 100
163 151 100
163 151 100
163 151 100
163 151 100
163 151 100
163 151 100
163 151 100
163 151 100
163 151 100
163 152 100
163 152 100
163 152 100
163 152 100
163 152 100
163 152 100
163 152 100
163 152 100
163 152 100
163 152 100
163 152 100
163 152 100
163 152 100
163 152 100
163 152 100
163 152 100
163 152 100
163 152 100
163 152 100
163 152 100
163 152 100
163 152 100
163 152 100
163 152 100
163 152 100
163 152 100
163 152 100
163 152 100
163 152 100
163 152 100
163 152 100
163 152 100
163 152 100
163 152 100
163 153 100
163 153 100
163 153 100
163 153 100
163 153 100
163 153 100
163 153 100
163 153 100
163 153 100
163 153 100
163 153 100
163 153 100
163 153 100
163 153 100
163 153 100
163 153 100
163 153 100
163 153 100
163 153 100
163 153 100
163 153 100
163 153 100
163 153 100
163 153 100
163 153 100
163 153 100
163 153 100
163 153 100
163 153 100
163 153 100
163 153 100
163 153 100
163 153 100
163 153 100
163 153 100
163 153 100
163 154 100
163 154 100
163 154 100
163 154 100
163 154 100
163 154 100
163 154 100
163 154 100
163 154 100
163 154 100
163 154 100
163 154 100
163 154 100
163 154 100
163 154 100
163 154 100
163 154 100
163 154 100
163 154 100
163 154 100
163 154 100
163 154 100
163 154 100
163 154 100
163 154 100
163 154 100
163 154 100
163 154 100
163 154 100
163 154 100
163 154 100
163 154 100
163 154 100
163 154 100
163 154 100
163 154 100
163 154 100
163 154 100
163 155 100
163 155 100
163 155 100
163 155 100
163 155 100
163 155 100
163 155 100
163 155 100
163 155 100
163 155 100
163 155 100
163 155 100
163 155 100
163 155 100
163 155 100
163 155 100
163 155 100
163 155 100
163 155 100
163 155 100
163 155 100
163 155 100
163 155 100
163 155 100
163 155 100
163 155 100
163 155 100
163 155 100
163 155 100
163 155 100
163 155 100
163 155 100
163 155 100
163 155 100
163 155 100
163 155 100
163 155 100
163 155 100
163 155 100
163 155 100
163 156 100
163 156 100
163 156 100
163 156 100
163 156 100
163 156 100
163 156 100
163 156 100
163 156 100
163 156 100
163 156 100
163 156 100
163 156 100
163 156 100
163 156 100
163 156 100
163 156 100
163 156 100
163 156 100
163 156 100
163 156 100
163 156 100
163 156 100
163 156 100
163 156 100
163 156 100
163 156 100
163 156 100
163 156 100
163 156 100
163 156 100
163 156 100
163 156 100
163 156 100
163 156 100
163 156 100
163 156 100
163 156 100
163 156 100
163 156 100
163 156 100
163 157 100
163 157 100
163 157 100
163 157 100
163 157 100
163 157 100
163 157 100
163 157 100
163 157 100
163 157 100
163 157 100
163 157 100
163 157 100
163 157 100
163 157 100
163 157 100
163 157 100
163 157 100
163 157 100
163 157 100
163 157 100
163 157 100
163 157 100
163 157 100
163 157 100
163 157 100
163 157 100
163 157 100
163 157 100
163 157 100
163 157 100
163 157 100
163 157 100
163 157 100
163 157 100
163 157 100
163 157 100
163 157 100
163 157 100
163 157 100
163 157 100
163 158 100
163 158 100
163 158 100
163 158 100
163 158 100
163 158 100
163 158 100
163 158 100
163 158 100
163 158 100
163 158 100
163 158 100
163 158 100
163 158 100
163 158 100
163 158 100
163 158 100
163 158 100
163 158 100
163 158 100
163 158 100
163 158 100
163 158 100
163 158 100
163 158 100
163 158 100
163 158 100
163 158 100
163 158 100
163 158 100
163 158 100
163 158 100
163 158 100
163 158 100
163 158 100
163 158 100
163 158 100
163 158 100
163 158 100
163 158 100
163 158 100
163 159 100
163 159 100
163 159 100
163 159 100
163 159 100
163 159 100
163 159 100
163 159 100
163 159 100
163 159 100
163 159 100
163 159 100
163 159 100
163 159 100
163 159 100
163 159 100
163 159 100
163 159 100
163 159 100
163 159 100
163 159 100
163 159 100
163 159 100
163 159 100
163 159 100
163 159 100
163 159 100
163 159 100
163 159 100
163 159 100
163 159 100
163 159 100
163 159 100
163 159 100
163 159 100
163 159 100
163 159 100
163 159 100
163 159 100
163 159 100
163 159 100
163 160 100
163 160 100
163 160 100
163 160 100
163 160 100
163 160 100
163 160 100
163 160 100
163 160 100
163 160 100
163 160 100
163 160 100
163 160 100
163 160 100
163 160 100
163 160 100
163 160 100
163 160 100
163 160 100
163 160 100
163 160 100
163 160 100
163 160 100
163 160 100
163 160 100
163 160 100
163 160 100
163 160 100
163 160 100
163 160 100
163 160 100
163 160 100
163 160 100
163 160 100
163 160 100
163 160 100
163 160 100
163 160 100
163 160 100
163 160 100
163 161 100
163 161 100
163 161 100
163 161 100
163 161 100
163 161 100
163 161 100
163 161 100
163 161 100
163 161 100
163 161 100
163 161 100
163 161 100
163 161 100
163 161 100
163 161 100
163 161 100
163 161 100
163 161 100
163 161 100
163 161 100
163 161 100
163 161 100
163 161 100
163 161 100
163 161 100
163 161 100
163 161 100
163 161 100
163 161 100
163 161 100
163 161 100
163 161 100
163 161 100
163 161 100
163 161 100
163 161 100
163 161 100
163 162 100
163 162 100
163 162 100
163 162 100
163 162 100
163 162 100
163 162 100
163 162 100
163 162 100
163 162 100
163 162 100
163 162 100
163 162 100
163 162 100
163 162 100
163 162 100
163 162 100
163 162 100
163 162 100
163 162 100
163 162 100
163 162 100
163 162 100
163 162 100
163 162 100
163 162 100
163 162 100
163 162 100
163 162 100
163 162 100
163 162 100
163 162 100
163 162 100
163 162 100
163 162 100
163 162 100
163 163 100
163 163 100
163 163 100
163 163 100
163 163 100
163 163 100
163 163 100
163 163 100
163 163 100
163 163 100
163 163 100
163 163 100
163 163 100
163 163 100
163 163 100
163 163 100
163 163 100
163 163 100
163 163 100
163 163 100
163 163 100
163 163 100
163 163 100
163 163 100
163 163 100
163 163 100
163 163 100
163 163 100
163 163 100
163 163 100
163 163 100
163 163 100
163 163 100
163 163 100
163 164 100
163 164 100
163 164 100
163 164 100
163 164 100
163 164 100
163 164 100
163 164 100
163 164 100
163 164 100
163 164 100
163 164 100
163 164 100
163 164 100
163 164 100
163 164 100
163 164 100
163 164 100
163 164 100
163 164 100
163 164 100
163 164 100
163 164 100
163 164 100
163 164 100
163 164 100
163 164 100
163 164 100
163 164 100
163 164 100
163 164 100
163 165 100
163 165 100
163 165 100
163 165 100
163 165 100
163 165 100
163 165 100
163 165 100
163 165 100
163 165 100
163 165 100
163 165 100
163 165 100
163 165 100
163 165 100
163 165 100
163 165 100
163 165 100
163 165 100
163 165 100
163 165 100
163 165 100
163 165 100
163 165 100
163 165 100
163 165 100
163 165 100
163 166 100
163 166 100
163 166 100
163 166 100
163 166 100
163 166 100
163 166 100
163 166 100
163 166 100
163 166 100
163 166 100
163 166 100
163 166 100
163 166 100
163 166 100
163 166 100
163 166 100
163 166 100
163 166 100
163 166 100
163 166 100
163 166 100
163 166 100
163 166 100
163 167 100
163 167 100
163 167 100
163 167 100
163 167 100
163 167 100
163 167 100
163 167 100
163 167 100
163 167 100
163 167 100
163 167 100
163 167 100
163 167 100
163 167 100
163 167 100
163 167 100
163 167 100
163 167 100
163 167 100
163 168 100
163 168 100
163 168 100
163 168 100
163 168 100
163 168 100
163 168 100
163 168 100
163 168 100
163 168 100
163 168 100
163 168 100
163 168 100
163 168 100
163 168 100
163 168 100
163 169 100
163 169 100
163 169 100
163 169 100
163 169 100
163 169 100
163 169 100
163 169 100
163 169 100
163 169 100
163 169 100
163 169 100
163 170 100
163 170 100
163 170 100
163 170 100
163 170 100
163 170 100
163 170 100
163 170 100
163 170 100
163 171 100
163 171 100
163 171 100
163 171 100
163 171 100
163 171 100
163 172 100
163 172 100
163 172 100
163 172 100
163 173 100
163 173 100
163 173 100
163 174 100
163 174 100
163 175 100
163 176 100
163 177 100
163 178 100
# move from (3,196) to (163,178)
3 196 100
4 196 100
5 196 100
6 196 100
7 196 100
8 196 100
9 196 100
10 196 100
10 196 100
11 196 100
11 196 100
11 196 100
12 196 100
12 196 100
12 196 100
12 196 100
13 196 100
13 196 100
13 196 100
13 196 100
13 196 100
13 196 100
14 196 100
14 196 100
14 196 100
14 196 100
14 196 100
14 196 100
14 196 100
14 196 100
15 196 100
15 196 100
15 196 100
15 196 100
15 196 100
15 196 100
15 196 100
15 196 100
15 196 100
15 196 100
16 196 100
16 196 100
16 196 100
16 196 100
16 196 100
16 196 100
16 196 100
16 196 100
16 196 100
16 196 100
16 196 100
16 196 100
16 196 100
17 196 100
17 196 100
17 196 100
17 196 100
17 196 100
17 196 100
17 196 100
17 196 100
17 196 100
17 196 100
17 196 100
17 196 100
17 196 100
17 196 100
17 196 100
18 196 100
18 196 100
18 196 100
18 196 100
18 196 100
18 196 100
18 196 100
18 196 100
18 196 100
18 196 100
18 196 100
18 196 100
18 196 100
18 196 100
18 196 100
18 196 100
18 196 100
19 196 100
19 196 100
19 196 100
19 196 100
19 196 100
19 196 100
19 196 100
19 196 100
19 196 100
19 196 100
19 196 100
19 196 100
19 196 100
19 196 100
19 196 100
19 196 100
19 196 100
19 196 100
19 196 100
20 196 100
20 196 100
20 196 100
20 196 100
20 196 100
20 196 100
20 196 100
20 196 100
20 196 100
20 196 100
20 196 100
20 196 100
20 196 100
20 196 100
20 196 100
20 196 100
20 196 100
20 196 100
20 196 100
20 196 100
20 196 100
21 196 100
21 196 100
21 196 100
21 196 100
21 196 100
21 196 100
21 196 100
21 196 100
21 196 100
21 196 100
21 196 100
21 196 100
21 196 100
21 196 100
21 196 100
21 196 100
21 196 100
21 196 100
21 196 100
21 196 100
21 196 100
21 196 100
22 196 100
22 196 100
22 196 100
22 196 100
22 196 100
22 196 100
22 196 100
22 196 100
22 196 100
22 196 100
22 196 100
22 196 100
22 196 100
22 196 100
22 196 100
22 196 100
22 196 100
22 196 100
22 196 100
22 196 100
22 196 100
22 196 100
22 196 100
22 196 100
23 196 100
23 196 100
23 196 100
23 196 100
23 196 100
23 196 100
23 196 100
23 196 100
23 196 100
23 196 100
23 196 100
23 196 100
23 196 100
23 196 100
23 196 100
23 196 100
23 196 100
23 196 100
23 196 100
23 196 100
23 196 100
23 196 100
23 196 100
23 196 100
23 196 100
24 196 100
24 196 100
24 196 100
24 196 100
24 196 100
24 196 100
24 196 100
24 196 100
24 196 100
24 196 100
24 196 100
24 196 100
24 196 100
24 196 100
24 196 100
24 196 100
24 196 100
24 196 100
24 196 100
24 196 100
24 196 100
24 196 100
24 196 100
24 196 100
24 196 100
24 196 100
25 196 100
25 196 100
25 196 100
25 196 100
25 196 100
25 196 100
25 196 100
25 196 100
25 196 100
25 196 100
25 196 100
25 196 100
25 196 100
25 196 100
25 196 100
25 196 100
25 196 100
25 196 100
25 196 100
25 196 100
25 196 100
25 196 100
25 196 100
25 196 100
25 196 100
25 196 100
26 196 100
26 196 100
26 196 100
26 196 100
26 196 100
26 196 100
26 196 100
26 196 100
26 196 100
26 196 100
26 196 100
26 196 100
26 196 100
26 196 100
26 196 100
26 196 100
26 196 100
26 196 100
26 196 100
26 196 100
26 196 100
26 196 100
26 196 100
26 196 100
26 196 100
26 196 100
26 196 100
27 196 100
27 196 100
27 196 100
27 196 100
27 196 100
27 196 100
27 196 100
27 196 100
27 196 100
27 196 100
27 196 100
27 196 100
27 196 100
27 196 100
27 196 100
27 196 100
27 196 100
27 196 100
27 196 100
27 196 100
27 196 100
27 196 100
27 196 100
27 196 100
27 196 100
27 196 100
27 196 100
28 196 100
28 196 100
28 196 100
28 196 100
28 196 100
28 196 100
28 196 100
28 196 100
28 196 100
28 196 100
28 196 100
28 196 100
28 196 100
28 196 100
28 196 100
28 196 100
28 196 100
28 196 100
28 196 100
28 196 100
28 196 100
28 196 100
28 196 100
28 196 100
28 196 100
28 196 100
29 196 100
29 196 100
29 196 100
29 196 100
29 196 100
29 196 100
29 196 100
29 196 100
29 196 100
29 196 100
29 196 100
29 196 100
29 196 100
29 196 100
29 196 100
29 196 100
29 196 100
29 196 100
29 196 100
29 196 100
29 196 100
29 196 100
29 196 100
29 196 100
29 196 100
30 196 100
30 196 100
30 196 100
30 196 100
30 196 100
30 196 100
30 196 100
30 196 100
30 196 100
30 196 100
30 196 100
30 196 100
30 196 100
30 196 100
30 196 100
30 196 100
30 196 100
30 196 100
30 196 100
30 196 100
30 196 100
30 196 100
30 196 100
31 196 100
31 196 100
31 196 100
31 196 100
31 196 100
31 196 100
31 196 100
31 196 100
31 196 100
31 196 100
31 196 100
31 196 100
31 196 100
31 196 100
31 196 100
31 196 100
31 196 100
31 196 100
31 196 100
31 196 100
31 196 100
32 196 100
32 196 100
32 196 100
32 196 100
32 196 100
32 196 100
32 196 100
32 196 100
32 196 100
32 196 100
32 196 100
32 196 100
32 196 100
32 196 100
32 196 100
32 196 100
32 196 100
32 196 100
32 196 100
33 196 100
33 196 100
33 196 100
33 196 100
33 196 100
33 196 100
33 196 100
33 196 100
33 196 100
33 196 100
33 196 100
33 196 100
33 196 100
33 196 100
33 196 100
33 196 100
33 196 100
34 196 100
34 196 100
34 196 100
34 196 100
34 196 100
34 196 100
34 196 100
34 196 100
34 196 100
34 196 100
34 196 100
34 196 100
34 196 100
34 196 100
35 196 100
35 196 100
35 196 100
35 196 100
35 196 100
35 196 100
35 196 100
35 196 100
35 196 100
35 196 100
35 196 100
35 196 100
36 196 100
36 196 100
36 196 100
36 196 100
36 196 100
36 196 100
36 196 100
36 196 100
36 196 100
36 196 100
37 196 100
37 196 100
37 196 100
37 196 100
37 196 100
37 196 100
37 196 100
37 196 100
38 196 100
38 196 100
38 196 100
38 196 100
38 196 100
38 196 100
38 196 100
39 196 100
39 196 100
39 196 100
39 196 100
39 196 100
40 196 100
40 196 100
40 196 100
40 196 100
41 196 100
41 196 100
41 196 100
42 196 100
42 196 100
43 196 100
43 196 100
44 196 100
45 196 100
46 196 100
47 196 100
48 196 100
49 196 100
50 196 100
51 196 100
52 196 100
53 196 100
54 196 100
55 196 100
56 196 100
57 196 100
58 196 100
59 196 100
60 196 100
60 196 100
61 196 100
61 196 100
62 196 100
62 196 100
63 196 100
63 196 100
63 196 100
64 196 100
64 196 100
64 196 100
65 196 100
65 196 100
65 196 100
65 196 100
66 196 100
66 196 100
66 196 100
66 196 100
67 196 100
67 196 100
67 196 100
67 196 100
67 196 100
68 196 100
68 196 100
68 196 100
68 196 100
68 196 100
68 196 100
68 196 100
69 196 100
69 196 100
69 196 100
69 196 100
69 196 100
69 196 100
69 196 100
69 196 100
69 196 100
70 196 100
70 196 100
70 196 100
70 196 100
70 196 100
70 196 100
70 196 100
70 196 100
70 196 100
70 196 100
70 196 100
70 196 100
71 196 100
71 196 100
71 196 100
71 196 100
71 196 100
71 196 100
71 196 100
71 196 100
71 196 100
71 196 100
71 196 100
71 196 100
71 196 100
71 196 100
71 196 100
71 196 100
72 196 100
72 196 100
72 196 100
72 196 100
72 196 100
72 196 100
72 196 100
72 196 100
72 196 100
72 196 100
72 196 100
72 196 100
72 196 100
72 196 100
72 196 100
72 196 100
72 196 100
72 196 100
72 196 100
72 196 100
72 196 100
73 196 100
73 196 100
73 196 100
73 196 100
73 196 100
73 196 100
73 196 100
73 196 100
73 196 100
73 196 100
73 196 100
73 196 100
73 196 100
73 196 100
73 196 100
73 196 100
73 196 100
73 196 100
73 196 100
73 196 100
73 196 100
73 196 100
73 196 100
73 196 100
73 196 100
74 196 100
74 196 100
74 196 100
74 196 100
74 196 100
74 196 100
74 196 100
74 196 100
74 196 100
74 196 100
74 196 100
74 196 100
74 196 100
74 196 100
74 196 100
74 196 100
74 196 100
74 196 100
74 196 100
74 196 100
74 196 100
74 196 100
74 196 100
74 196 100
74 196 100
74 196 100
74 196 100
74 196 100
74 196 100
75 196 100
75 196 100
75 196 100
75 196 100
75 196 100
75 196 100
75 196 100
75 196 100
75 196 100
75 196 100
75 196 100
75 196 100
75 196 100
75 196 100
75 196 100
75 196 100
75 196 100
75 196 100
75 196 100
75 196 100
75 196 100
75 196 100
75 196 100
75 196 100
75 196 100
75 196 100
75 196 100
75 196 100
75 196 100
75 196 100
75 196 100
75 196 100
75 196 100
76 196 100
76 196 100
76 196 100
76 196 100
76 196 100
76 196 100
76 196 100
76 196 100
76 196 100
76 196 100
76 196 100
76 196 100
76 196 100
76 196 100
76 196 100
76 196 100
76 196 100
76 196 100
76 196 100
76 196 100
76 196 100
76 196 100
76 196 100
76 196 100
76 196 100
76 196 100
76 196 100
76 196 100
76 196 100
76 196 100
76 196 100
76 196 100
76 196 100
76 196 100
76 196 100
77 196 100
77 196 100
77 196 100
77 196 100
77 196 100
77 196 100
77 196 100
77 196 100
77 196 100
77 196 100
77 196 100
77 196 100
77 196 100
77 196 100
77 196 100
77 196 100
77 196 100
77 196 100
77 196 100
77 196 100
77 196 100
77 196 100
77 196 100
77 196 100
77 196 100
77 196 100
77 196 100
77 196 100
77 196 100
77 196 100
77 196 100
77 196 100
77 196 100
77 196 100
77 196 100
77 196 100
77 196 100
78 196 100
78 196 100
78 196 100
78 196 100
78 196 100
78 196 100
78 196 100
78 196 100
78 196 100
78 196 100
78 196 100
78 196 100
78 196 100
78 196 100
78 196 100
78 196 100
78 196 100
78 196 100
78 196 100
78 196 100
78 196 100
78 196 100
78 196 100
78 196 100
78 196 100
78 196 100
78 196 100
78 196 100
78 196 100
78 196 100
78 196 100
78 196 100
78 196 100
78 196 100
78 196 100
78 196 100
78 196 100
78 196 100
79 196 100
79 196 100
79 196 100
79 196 100
79 196 100
79 196 100
79 196 100
79 196 100
79 196 100
79 196 100
79 196 100
79 196 100
79 196 100
79 196 100
79 196 100
79 196 100
79 196 100
79 196 100
79 196 100
79 196 100
79 196 100
79 196 100
79 196 100
79 196 100
79 196 100
79 196 100
79 196 100
79 196 100
79 196 100
79 196 100
79 196 100
79 196 100
79 196 100
79 196 100
79 196 100
79 196 100
79 196 100
80 196 100
80 196 100
80 196 100
80 196 100
80 196 100
80 196 100
80 196 100
80 196 100
80 196 100
80 196 100
80 196 100
80 196 100
80 196 100
80 196 100
80 196 100
80 196 100
80 196 100
80 196 100
80 196 100
80 196 100
80 196 100
80 196 100
80 196 100
80 196 100
80 196 100
80 196 100
80 196 100
80 196 100
80 196 100
80 196 100
80 196 100
80 196 100
80 196 100
80 196 100
80 196 100
81 196 100
81 196 100
81 196 100
81 196 100
81 196 100
81 196 100
81 196 100
81 196 100
81 196 100
81 196 100
81 196 100
81 196 100
81 196 100
81 196 100
81 196 100
81 196 100
81 196 100
81 196 100
81 196 100
81 196 100
81 196 100
81 196 100
81 196 100
81 196 100
81 196 100
81 196 100
81 196 100
81 196 100
81 196 100
81 196 100
81 196 100
81 196 100
82 196 100
82 196 100
82 196 100
82 196 100
82 196 100
82 196 100
82 196 100
82 196 100
82 196 100
82 196 100
82 196 100
82 196 100
82 196 100
82 196 100
82 196 100
82 196 100
82 196 100
82 196 100
82 196 100
82 196 100
82 196 100
82 196 100
82 196 100
82 196 100
82 196 100
82 196 100
82 196 100
82 196 100
83 196 100
83 196 100
83 196 100
83 196 100
83 196 100
83 196 100
83 196 100
83 196 100
83 196 100
83 196 100
83 196 100
83 196 100
83 196 100
83 196 100
83 196 100
83 196 100
83 196 100
83 196 100
83 196 100
83 196 100
83 196 100
83 196 100
84 196 100
84 196 100
84 196 100
84 196 100
84 196 100
84 196 100
84 196 100
84 196 100
84 196 100
84 196 100
84 196 100
84 196 100
84 196 100
84 196 100
84 196 100
84 196 100
84 196 100
85 196 100
85 196 100
85 196 100
85 196 100
85 196 100
85 196 100
85 196 100
85 196 100
85 196 100
85 196 100
85 196 100
86 196 100
86 196 100
86 196 100
86 196 100
86 196 100
86 196 100
86 196 100
86 196 100
87 196 100
87 196 100
87 196 100
87 196 100
87 196 100
88 196 100
88 196 100
88 196 100
89 196 100
89 196 100
90 196 100
90 196 100
91 196 100
92 196 100
93 196 100
94 196 100
95 196 100
96 196 100
97 196 100
98 196 100
99 196 100
100 196 100
101 196 100
101 196 100
102 196 100
102 196 100
103 196 100
103 196 100
103 196 100
104 196 100
104 196 100
104 196 100
105 196 100
105 196 100
105 196 100
105 196 100
106 196 100
106 196 100
106 196 100
106 196 100
107 196 100
107 196 100
107 196 100
107 196 100
107 196 100
108 196 100
108 196 100
108 196 100
108 196 100
108 196 100
109 196 100
109 196 100
109 196 100
109 196 100
110 196 100
110 196 100
110 196 100
110 196 100
111 196 100
111 196 100
111 196 100
112 196 100
112 196 100
112 196 100
113 196 100
113 196 100
114 196 100
114 196 100
115 196 100
115 196 100
116 196 100
117 196 100
118 196 100
119 196 100
120 196 100
121 196 100
122 196 100
123 196 100
124 196 100
125 196 100
125 196 100
126 196 100
126 196 100
127 196 100
127 196 100
127 196 100
128 196 100
128 196 100
128 196 100
128 196 100
129 196 100
129 196 100
129 196 100
129 196 100
129 196 100
130 196 100
130 196 100
130 196 100
130 196 100
130 196 100
130 196 100
130 196 100
131 196 100
131 196 100
131 196 100
131 196 100
131 196 100
131 196 100
131 196 100
131 196 100
132 196 100
132 196 100
132 196 100
132 196 100
132 196 100
132 196 100
132 196 100
132 196 100
132 196 100
133 196 100
133 196 100
133 196 100
133 196 100
133 196 100
133 196 100
133 196 100
133 196 100
133 196 100
133 196 100
133 196 100
134 196 100
134 196 100
134 196 100
134 196 100
134 196 100
134 196 100
134 196 100
134 196 100
134 196 100
134 196 100
134 196 100
135 196 100
135 196 100
135 196 100
135 196 100
135 196 100
135 196 100
135 196 100
135 196 100
135 196 100
135 196 100
135 196 100
135 196 100
136 196 100
136 196 100
136 196 100
136 196 100
136 196 100
136 196 100
136 196 100
136 196 100
136 196 100
136 196 100
136 196 100
136 196 100
137 196 100
137 196 100
137 196 100
137 196 100
137 196 100
137 196 100
137 196 100
137 196 100
137 196 100
137 196 100
137 196 100
137 196 100
138 196 100
138 196 100
138 196 100
138 196 100
138 196 100
138 196 100
138 196 100
138 196 100
138 196 100
138 196 100
138 196 100
139 196 100
139 196 100
139 196 100
139 196 100
139 196 100
139 196 100
139 196 100
139 196 100
139 196 100
139 196 100
140 196 100
140 196 100
140 196 100
140 196 100
140 196 100
140 196 100
140 196 100
140 196 100
140 196 100
140 196 100
141 196 100
141 196 100
141 196 100
141 196 100
141 196 100
141 196 100
141 196 100
141 196 100
141 196 100
142 196 100
142 196 100
142 196 100
142 196 100
142 196 100
142 196 100
142 196 100
142 196 100
143 196 100
143 196 100
143 196 100
143 196 100
143 196 100
143 196 100
144 196 100
144 196 100
144 196 100
144 196 100
144 196 100
145 196 100
145 196 100
145 196 100
145 196 100
146 196 100
146 196 100
146 196 100
147 196 100
147 196 100
148 196 100
149 196 100
150 196 100
151 196 100
152 196 100
153 196 100
154 196 100
155 196 100
156 196 100
157 196 100
158 196 100
159 196 100
160 196 100
161 196 100
162 196 100
163 196 100
163 196 100
163 195 100
163 195 100
163 194 100
163 194 100
163 193 100
163 192 100
163 191 100
163 190 100
163 189 100
163 188 100
163 187 100
163 186 100
163 185 100
163 184 100
163 183 100
163 182 100
163 181 100
163 180 100
163 179 100
