# move from (134,7) to (66,198)
134 7 100
134 7 100
133 7 100
133 7 100
133 7 100
132 7 100
132 7 100
132 7 100
131 7 100
131 7 100
131 7 100
130 7 100
130 7 100
130 7 100
129 7 100
129 7 100
129 7 100
128 7 100
128 7 100
127 7 100
127 7 100
126 7 100
126 7 100
125 7 100
124 7 100
123 7 100
122 7 100
121 7 100
120 7 100
119 7 100
118 7 100
117 7 100
116 7 100
115 7 100
114 7 100
113 7 100
112 7 100
111 7 100
110 7 100
109 7 100
108 7 100
107 7 100
106 7 100
105 7 100
104 7 100
104 7 100
103 7 100
103 7 100
102 7 100
102 7 100
101 7 100
101 7 100
101 7 100
100 7 100
100 7 100
100 7 100
99 7 100
99 7 100
99 7 100
99 7 100
98 7 100
98 7 100
98 7 100
98 7 100
97 7 100
97 7 100
97 7 100
97 7 100
97 7 100
96 7 100
96 7 100
96 7 100
96 7 100
96 7 100
95 7 100
95 7 100
95 7 100
95 7 100
94 7 100
94 7 100
94 7 100
94 7 100
93 7 100
93 7 100
93 7 100
92 7 100
92 7 100
92 7 100
91 7 100
91 7 100
90 7 100
90 7 100
89 7 100
89 7 100
88 7 100
88 7 100
87 7 100
87 7 100
87 7 100
86 7 100
86 7 100
86 7 100
85 7 100
85 7 100
85 7 100
85 7 100
84 7 100
84 7 100
84 7 100
84 7 100
83 7 100
83 7 100
83 7 100
83 7 100
83 7 100
82 7 100
82 7 100
82 7 100
82 7 100
82 7 100
81 7 100
81 7 100
81 7 100
81 7 100
80 7 100
80 7 100
80 7 100
80 7 100
79 7 100
79 7 100
79 7 100
78 7 100
78 7 100
78 7 100
77 7 100
77 7 100
77 7 100
76 7 100
76 7 100
76 7 100
76 7 100
75 7 100
75 7 100
75 7 100
75 7 100
75 7 100
75 7 100
74 7 100
74 7 100
74 7 100
74 7 100
74 7 100
74 7 100
74 7 100
73 7 100
73 7 100
73 7 100
73 7 100
73 7 100
73 7 100
73 7 100
73 7 100
73 7 100
72 7 100
72 7 100
72 7 100
72 7 100
72 7 100
72 7 100
72 7 100
72 7 100
72 7 100
71 7 100
71 7 100
71 7 100
71 7 100
71 7 100
71 7 100
71 7 100
71 7 100
71 7 100
70 7 100
70 7 100
70 7 100
70 7 100
70 7 100
70 7 100
70 7 100
69 7 100
69 7 100
69 7 100
69 7 100
69 7 100
69 7 100
68 7 100
68 7 100
68 7 100
68 7 100
67 7 100
67 7 100
67 7 100
66 7 100
66 7 100
66 7 100
66 8 100
66 8 100
66 8 100
66 9 100
66 9 100
66 9 100
66 10 100
66 10 100
66 10 100
66 11 100
66 11 100
66 11 100
66 12 100
66 12 100
66 12 100
66 12 100
66 13 100
66 13 100
66 13 100
66 13 100
66 14 100
66 14 100
66 14 100
66 14 100
66 15 100
66 15 100
66 15 100
66 15 100
66 15 100
66 16 100
66 16 100
66 16 100
66 16 100
66 16 100
66 16 100
66 17 100
66 17 100
66 17 100
66 17 100
66 17 100
66 17 100
66 18 100
66 18 100
66 18 100
66 18 100
66 18 100
66 18 100
66 18 100
66 19 100
66 19 100
66 19 100
66 19 100
66 19 100
66 19 100
66 19 100
66 19 100
66 20 100
66 20 100
66 20 100
66 20 100
66 20 100
66 20 100
66 20 100
66 20 100
66 20 100
66 21 100
66 21 100
66 21 100
66 21 100
66 21 100
66 21 100
66 21 100
66 21 100
66 21 100
66 22 100
66 22 100
66 22 100
66 22 100
66 22 100
66 22 100
66 22 100
66 22 100
66 22 100
66 22 100
66 23 100
66 23 100
66 23 100
66 23 100
66 23 100
66 23 100
66 23 100
66 23 100
66 23 100
66 23 100
66 23 100
66 24 100
66 24 100
66 24 100
66 24 100
66 24 100
66 24 100
66 24 100
66 24 100
66 24 100
66 24 100
66 24 100
66 24 100
66 24 100
66 25 100
66 25 100
66 25 100
66 25 100
66 25 100
66 25 100
66 25 100
66 25 100
66 25 100
66 25 100
66 25 100
66 25 100
66 25 100
66 25 100
66 25 100
66 26 100
66 26 100
66 26 100
66 26 100
66 26 100
66 26 100
66 26 100
66 26 100
66 26 100
66 26 100
66 26 100
66 26 100
66 26 100
66 26 100
66 26 100
66 26 100
66 26 100
66 26 100
66 26 100
66 27 100
66 27 100
66 27 100
66 27 100
66 27 100
66 27 100
66 27 100
66 27 100
66 27 100
66 27 100
66 27 100
66 27 100
66 27 100
66 27 100
66 27 100
66 27 100
66 27 100
66 27 100
66 27 100
66 27 100
66 27 100
66 27 100
66 28 100
66 28 100
66 28 100
66 28 100
66 28 100
66 28 100
66 28 100
66 28 100
66 28 100
66 28 100
66 28 100
66 28 100
66 28 100
66 28 100
66 28 100
66 28 100
66 28 100
66 28 100
66 28 100
66 28 100
66 28 100
66 28 100
66 28 100
66 28 100
66 28 100
66 29 100
66 29 100
66 29 100
66 29 100
66 29 100
66 29 100
66 29 100
66 29 100
66 29 100
66 29 100
66 29 100
66 29 100
66 29 100
66 29 100
66 29 100
66 29 100
66 29 100
66 29 100
66 29 100
66 29 100
66 29 100
66 29 100
66 29 100
66 29 100
66 29 100
66 29 100
66 29 100
66 29 100
66 30 100
66 30 100
66 30 100
66 30 100
66 30 100
66 30 100
66 30 100
66 30 100
66 30 100
66 30 100
66 30 100
66 30 100
66 30 100
66 30 100
66 30 100
66 30 100
66 30 100
66 30 100
66 30 100
66 30 100
66 30 100
66 30 100
66 30 100
66 30 100
66 30 100
66 30 100
66 30 100
66 30 100
66 30 100
66 31 100
66 31 100
66 31 100
66 31 100
66 31 100
66 31 100
66 31 100
66 31 100
66 31 100
66 31 100
66 31 100
66 31 100
66 31 100
66 31 100
66 31 100
66 31 100
66 31 100
66 31 100
66 31 100
66 31 100
66 31 100
66 31 100
66 31 100
66 31 100
66 31 100
66 31 100
66 31 100
66 31 100
66 31 100
66 31 100
66 32 100
66 32 100
66 32 100
66 32 100
66 32 100
66 32 100
66 32 100
66 32 100
66 32 100
66 32 100
66 32 100
66 32 100
66 32 100
66 32 100
66 32 100
66 32 100
66 32 100
66 32 100
66 32 100
66 32 100
66 32 100
66 32 100
66 32 100
66 32 100
66 32 100
66 32 100
66 32 100
66 32 100
66 32 100
66 32 100
66 33 100
66 33 100
66 33 100
66 33 100
66 33 100
66 33 100
66 33 100
66 33 100
66 33 100
66 33 100
66 33 100
66 33 100
66 33 100
66 33 100
66 33 100
66 33 100
66 33 100
66 33 100
66 33 100
66 33 100
66 33 100
66 33 100
66 33 100
66 33 100
66 33 100
66 33 100
66 33 100
66 33 100
66 33 100
66 33 100
66 34 100
66 34 100
66 34 100
66 34 100
66 34 100
66 34 100
66 34 100
66 34 100
66 34 100
66 34 100
66 34 100
66 34 100
66 34 100
66 34 100
66 34 100
66 34 100
66 34 100
66 34 100
66 34 100
66 34 100
66 34 100
66 34 100
66 34 100
66 34 100
66 34 100
66 34 100
66 34 100
66 34 100
66 34 100
66 34 100
66 35 100
66 35 100
66 35 100
66 35 100
66 35 100
66 35 100
66 35 100
66 35 100
66 35 100
66 35 100
66 35 100
66 35 100
66 35 100
66 35 100
66 35 100
66 35 100
66 35 100
66 35 100
66 35 100
66 35 100
66 35 100
66 35 100
66 35 100
66 35 100
66 35 100
66 35 100
66 35 100
66 35 100
66 35 100
66 35 100
66 35 100
66 36 100
66 36 100
66 36 100
66 36 100
66 36 100
66 36 100
66 36 100
66 36 100
66 36 100
66 36 100
66 36 100
66 36 100
66 36 100
66 36 100
66 36 100
66 36 100
66 36 100
66 36 100
66 36 100
66 36 100
66 36 100
66 36 100
66 36 100
66 36 100
66 36 100
66 36 100
66 36 100
66 36 100
66 36 100
66 36 100
66 36 100
66 37 100
66 37 100
66 37 100
66 37 100
66 37 100
66 37 100
66 37 100
66 37 100
66 37 100
66 37 100
66 37 100
66 37 100
66 37 100
66 37 100
66 37 100
66 37 100
66 37 100
66 37 100
66 37 100
66 37 100
66 37 100
66 37 100
66 37 100
66 37 100
66 37 100
66 37 100
66 37 100
66 37 100
66 37 100
66 37 100
66 37 100
66 37 100
66 38 100
66 38 100
66 38 100
66 38 100
66 38 100
66 38 100
66 38 100
66 38 100
66 38 100
66 38 100
66 38 100
66 38 100
66 38 100
66 38 100
66 38 100
66 38 100
66 38 100
66 38 100
66 38 100
66 38 100
66 38 100
66 38 100
66 38 100
66 38 100
66 38 100
66 38 100
66 38 100
66 38 100
66 38 100
66 38 100
66 38 100
66 39 100
66 39 100
66 39 100
66 39 100
66 39 100
66 39 100
66 39 100
66 39 100
66 39 100
66 39 100
66 39 100
66 39 100
66 39 100
66 39 100
66 39 100
66 39 100
66 39 100
66 39 100
66 39 100
66 39 100
66 39 100
66 39 100
66 39 100
66 39 100
66 39 100
66 39 100
66 39 100
66 39 100
66 39 100
66 39 100
66 40 100
66 40 100
66 40 100
66 40 100
66 40 100
66 40 100
66 40 100
66 40 100
66 40 100
66 40 100
66 40 100
66 40 100
66 40 100
66 40 100
66 40 100
66 40 100
66 40 100
66 40 100
66 40 100
66 40 100
66 40 100
66 40 100
66 40 100
66 40 100
66 40 100
66 40 100
66 40 100
66 40 100
66 41 100
66 41 100
66 41 100
66 41 100
66 41 100
66 41 100
66 41 100
66 41 100
66 41 100
66 41 100
66 41 100
66 41 100
66 41 100
66 41 100
66 41 100
66 41 100
66 41 100
66 41 100
66 41 100
66 41 100
66 41 100
66 41 100
66 41 100
66 41 100
66 41 100
66 41 100
66 42 100
66 42 100
66 42 100
66 42 100
66 42 100
66 42 100
66 42 100
66 42 100
66 42 100
66 42 100
66 42 100
66 42 100
66 42 100
66 42 100
66 42 100
66 42 100
66 42 100
66 42 100
66 42 100
66 42 100
66 42 100
66 42 100
66 42 100
66 43 100
66 43 100
66 43 100
66 43 100
66 43 100
66 43 100
66 43 100
66 43 100
66 43 100
66 43 100
66 43 100
66 43 100
66 43 100
66 43 100
66 43 100
66 43 100
66 43 100
66 43 100
66 43 100
66 43 100
66 44 100
66 44 100
66 44 100
66 44 100
66 44 100
66 44 100
66 44 100
66 44 100
66 44 100
66 44 100
66 44 100
66 44 100
66 44 100
66 44 100
66 44 100
66 44 100
66 44 100
66 45 100
66 45 100
66 45 100
66 45 100
66 45 100
66 45 100
66 45 100
66 45 100
66 45 100
66 45 100
66 45 100
66 45 100
66 45 100
66 45 100
66 45 100
66 46 100
66 46 100
66 46 100
66 46 100
66 46 100
66 46 100
66 46 100
66 46 100
66 46 100
66 46 100
66 46 100
66 46 100
66 46 100
66 46 100
66 46 100
66 47 100
66 47 100
66 47 100
66 47 100
66 47 100
66 47 100
66 47 100
66 47 100
66 47 100
66 47 100
66 47 100
66 47 100
66 47 100
66 47 100
66 47 100
66 48 100
66 48 100
66 48 100
66 48 100
66 48 100
66 48 100
66 48 100
66 48 100
66 48 100
66 48 100
66 48 100
66 48 100
66 48 100
66 48 100
66 48 100
66 48 100
66 48 100
66 49 100
66 49 100
66 49 100
66 49 100
66 49 100
66 49 100
66 49 100
66 49 100
66 49 100
66 49 100
66 49 100
66 49 100
66 49 100
66 49 100
66 49 100
66 49 100
66 49 100
66 49 100
66 49 100
66 50 100
66 50 100
66 50 100
66 50 100
66 50 100
66 50 100
66 50 100
66 50 100
66 50 100
66 50 100
66 50 100
66 50 100
66 50 100
66 50 100
66 50 100
66 50 100
66 50 100
66 50 100
66 50 100
66 50 100
66 50 100
66 51 100
66 51 100
66 51 100
66 51 100
66 51 100
66 51 100
66 51 100
66 51 100
66 51 100
66 51 100
66 51 100
66 51 100
66 51 100
66 51 100
66 51 100
66 51 100
66 51 100
66 51 100
66 51 100
66 51 100
66 51 100
66 51 100
66 51 100
66 52 100
66 52 100
66 52 100
66 52 100
66 52 100
66 52 100
66 52 100
66 52 100
66 52 100
66 52 100
66 52 100
66 52 100
66 52 100
66 52 100
66 52 100
66 52 100
66 52 100
66 52 100
66 52 100
66 52 100
66 52 100
66 52 100
66 52 100
66 52 100
66 53 100
66 53 100
66 53 100
66 53 100
66 53 100
66 53 100
66 53 100
66 53 100
66 53 100
66 53 100
66 53 100
66 53 100
66 53 100
66 53 100
66 53 100
66 53 100
66 53 100
66 53 100
66 53 100
66 53 100
66 53 100
66 53 100
66 53 100
66 53 100
66 54 100
66 54 100
66 54 100
66 54 100
66 54 100
66 54 100
66 54 100
66 54 100
66 54 100
66 54 100
66 54 100
66 54 100
66 54 100
66 54 100
66 54 100
66 54 100
66 54 100
66 54 100
66 54 100
66 54 100
66 54 100
66 54 100
66 54 100
66 55 100
66 55 100
66 55 100
66 55 100
66 55 100
66 55 100
66 55 100
66 55 100
66 55 100
66 55 100
66 55 100
66 55 100
66 55 100
66 55 100
66 55 100
66 55 100
66 55 100
66 55 100
66 55 100
66 55 100
66 55 100
66 55 100
66 56 100
66 56 100
66 56 100
66 56 100
66 56 100
66 56 100
66 56 100
66 56 100
66 56 100
66 56 100
66 56 100
66 56 100
66 56 100
66 56 100
66 56 100
66 56 100
66 56 100
66 56 100
66 56 100
66 56 100
66 57 100
66 57 100
66 57 100
66 57 100
66 57 100
66 57 100
66 57 100
66 57 100
66 57 100
66 57 100
66 57 100
66 57 100
66 57 100
66 57 100
66 57 100
66 57 100
66 57 100
66 57 100
66 58 100
66 58 100
66 58 100
66 58 100
66 58 100
66 58 100
66 58 100
66 58 100
66 58 100
66 58 100
66 58 100
66 58 100
66 58 100
66 58 100
66 58 100
66 59 100
66 59 100
66 59 100
66 59 100
66 59 100
66 59 100
66 59 100
66 59 100
66 59 100
66 59 100
66 59 100
66 59 100
66 60 100
66 60 100
66 60 100
66 60 100
66 60 100
66 60 100
66 60 100
66 60 100
66 60 100
66 60 100
66 61 100
66 61 100
66 61 100
66 61 100
66 61 100
66 61 100
66 61 100
66 61 100
66 61 100
66 62 100
66 62 100
66 62 100
66 62 100
66 62 100
66 62 100
66 62 100
66 62 100
66 63 100
66 63 100
66 63 100
66 63 100
66 63 100
66 63 100
66 63 100
66 64 100
66 64 100
66 64 100
66 64 100
66 64 100
66 64 100
66 64 100
66 65 100
66 65 100
66 65 100
66 65 100
66 65 100
66 65 100
66 65 100
66 66 100
66 66 100
66 66 100
66 66 100
66 66 100
66 66 100
66 66 100
66 67 100
66 67 100
66 67 100
66 67 100
66 67 100
66 67 100
66 68 100
66 68 100
66 68 100
66 68 100
66 68 100
66 68 100
66 69 100
66 69 100
66 69 100
66 69 100
66 69 100
66 70 100
66 70 100
66 70 100
66 70 100
66 71 100
66 71 100
66 71 100
66 72 100
66 72 100
66 72 100
66 73 100
66 73 100
66 74 100
66 74 100
66 75 100
66 75 100
66 76 100
66 76 100
66 77 100
66 78 100
66 79 100
66 80 100
66 81 100
66 82 100
66 83 100
66 84 100
66 85 100
66 86 100
66 87 100
66 88 100
66 89 100
66 90 100
66 91 100
66 92 100
66 93 100
66 94 100
66 95 100
66 96 100
66 96 100
66 97 100
66 97 100
66 98 100
66 98 100
66 99 100
66 99 100
66 100 100
66 100 100
66 101 100
66 101 100
66 102 100
66 102 100
66 103 100
66 103 100
66 103 100
66 104 100
66 104 100
66 104 100
66 105 100
66 105 100
66 105 100
66 105 100
66 106 100
66 106 100
66 106 100
66 106 100
66 106 100
66 107 100
66 107 100
66 107 100
66 107 100
66 107 100
66 107 100
66 108 100
66 108 100
66 108 100
66 108 100
66 108 100
66 108 100
66 108 100
66 109 100
66 109 100
66 109 100
66 109 100
66 109 100
66 109 100
66 109 100
66 109 100
66 110 100
66 110 100
66 110 100
66 110 100
66 110 100
66 110 100
66 110 100
66 110 100
66 110 100
66 111 100
66 111 100
66 111 100
66 111 100
66 111 100
66 111 100
66 111 100
66 111 100
66 111 100
66 112 100
66 112 100
66 112 100
66 112 100
66 112 100
66 112 100
66 112 100
66 112 100
66 112 100
66 113 100
66 113 100
66 113 100
66 113 100
66 113 100
66 113 100
66 113 100
66 113 100
66 114 100
66 114 100
66 114 100
66 114 100
66 114 100
66 114 100
66 114 100
66 115 100
66 115 100
66 115 100
66 115 100
66 115 100
66 115 100
66 116 100
66 116 100
66 116 100
66 116 100
66 116 100
66 116 100
66 117 100
66 117 100
66 117 100
66 117 100
66 117 100
66 118 100
66 118 100
66 118 100
66 118 100
66 119 100
66 119 100
66 119 100
66 119 100
66 120 100
66 120 100
66 120 100
66 120 100
66 121 100
66 121 100
66 121 100
66 122 100
66 122 100
66 122 100
66 123 100
66 123 100
66 123 100
66 124 100
66 124 100
66 124 100
66 125 100
66 125 100
66 126 100
66 126 100
66 127 100
66 127 100
66 128 100
66 129 100
66 130 100
66 131 100
66 132 100
66 133 100
66 134 100
66 135 100
66 136 100
66 137 100
66 138 100
66 139 100
66 140 100
66 141 100
66 142 100
66 143 100
66 144 100
66 145 100
66 146 100
66 147 100
66 148 100
66 149 100
66 150 100
66 151 100
66 152 100
66 153 100
66 154 100
66 155 100
66 156 100
66 157 100
66 158 100
66 159 100
66 160 100
66 161 100
66 162 100
66 163 100
66 164 100
66 165 100
66 166 100
66 167 100
66 168 100
66 169 100
66 170 100
66 171 100
66 172 100
66 173 100
66 174 100
66 175 100
66 176 100
66 177 100
66 178 100
66 179 100
66 180 100
66 181 100
66 182 100
66 183 100
66 184 100
66 185 100
66 186 100
66 187 100
66 188 100
66 189 100
66 190 100
66 191 100
66 192 100
66 193 100
66 194 100
66 195 100
66 196 100
66 197 100
66 198 100
