# move from (114,102) to (0,191)
114 102 100
113 102 100
112 102 100
111 102 100
110 102 100
109 102 100
108 102 100
107 102 100
106 102 100
105 102 100
104 102 100
103 102 100
102 102 100
101 102 100
100 102 100
99 102 100
98 102 100
97 102 100
96 102 100
95 102 100
94 102 100
93 102 100
92 102 100
91 102 100
90 102 100
89 102 100
88 102 100
87 102 100
86 102 100
85 102 100
84 102 100
83 102 100
82 102 100
81 102 100
80 102 100
79 102 100
78 102 100
77 102 100
77 102 100
76 102 100
76 102 100
76 102 100
75 102 100
75 102 100
75 102 100
75 102 100
75 102 100
75 102 100
74 102 100
74 102 100
74 102 100
74 102 100
74 102 100
74 102 100
74 102 100
74 102 100
74 102 100
73 102 100
73 102 100
73 102 100
73 102 100
73 102 100
73 102 100
73 102 100
73 102 100
73 102 100
73 102 100
73 102 100
73 102 100
73 102 100
72 102 100
72 102 100
72 102 100
72 102 100
72 102 100
72 102 100
72 102 100
72 102 100
72 102 100
72 102 100
72 102 100
72 102 100
72 102 100
72 102 100
72 102 100
72 102 100
72 102 100
72 102 100
72 102 100
71 102 100
71 102 100
71 102 100
71 102 100
71 102 100
71 102 100
71 102 100
71 102 100
71 102 100
71 102 100
71 102 100
71 102 100
71 102 100
71 102 100
71 102 100
71 102 100
71 102 100
71 102 100
71 102 100
71 102 100
71 102 100
71 102 100
71 102 100
71 102 100
70 102 100
70 102 100
70 102 100
70 102 100
70 102 100
70 102 100
70 102 100
70 102 100
70 102 100
70 102 100
70 102 100
70 102 100
70 102 100
70 102 100
70 102 100
70 102 100
70 102 100
70 102 100
70 102 100
70 102 100
70 102 100
70 102 100
70 102 100
70 102 100
70 102 100
70 102 100
70 102 100
70 102 100
69 102 100
69 102 100
69 102 100
69 102 100
69 102 100
69 102 100
69 102 100
69 102 100
69 102 100
69 102 100
69 102 100
69 102 100
69 102 100
69 102 100
69 102 100
69 102 100
69 102 100
69 102 100
69 102 100
69 102 100
69 102 100
69 102 100
69 102 100
69 102 100
69 102 100
69 102 100
69 102 100
69 102 100
69 102 100
69 102 100
69 102 100
68 102 100
68 102 100
68 102 100
68 102 100
68 102 100
68 102 100
68 102 100
68 102 100
68 102 100
68 102 100
68 102 100
68 102 100
68 102 100
68 102 100
68 102 100
68 102 100
68 102 100
68 102 100
68 102 100
68 102 100
68 102 100
68 102 100
68 102 100
68 102 100
68 102 100
68 102 100
68 102 100
68 102 100
68 102 100
68 102 100
68 102 100
68 102 100
67 102 100
67 102 100
67 102 100
67 102 100
67 102 100
67 102 100
67 102 100
67 102 100
67 102 100
67 102 100
67 102 100
67 102 100
67 102 100
67 102 100
67 102 100
67 102 100
67 102 100
67 102 100
67 102 100
67 102 100
67 102 100
67 102 100
67 102 100
67 102 100
67 102 100
67 102 100
67 102 100
67 102 100
67 102 100
67 102 100
67 102 100
67 102 100
67 102 100
66 102 100
66 102 100
66 102 100
66 102 100
66 102 100
66 102 100
66 102 100
66 102 100
66 102 100
66 102 100
66 102 100
66 102 100
66 102 100
66 102 100
66 102 100
66 102 100
66 102 100
66 102 100
66 102 100
66 102 100
66 102 100
66 102 100
66 102 100
66 102 100
66 102 100
66 102 100
66 102 100
66 102 100
66 102 100
66 102 100
66 102 100
66 102 100
65 102 100
65 102 100
65 102 100
65 102 100
65 102 100
65 102 100
65 102 100
65 102 100
65 102 100
65 102 100
65 102 100
65 102 100
65 102 100
65 102 100
65 102 100
65 102 100
65 102 100
65 102 100
65 102 100
65 102 100
65 102 100
65 102 100
65 102 100
65 102 100
65 102 100
65 102 100
65 102 100
65 102 100
65 102 100
65 102 100
65 102 100
64 102 100
64 102 100
64 102 100
64 102 100
64 102 100
64 102 100
64 102 100
64 102 100
64 102 100
64 102 100
64 102 100
64 102 100
64 102 100
64 102 100
64 102 100
64 102 100
64 102 100
64 102 100
64 102 100
64 102 100
64 102 100
64 102 100
64 102 100
64 102 100
64 102 100
64 102 100
64 102 100
64 102 100
64 102 100
63 102 100
63 102 100
63 102 100
63 102 100
63 102 100
63 102 100
63 102 100
63 102 100
63 102 100
63 102 100
63 102 100
63 102 100
63 102 100
63 102 100
63 102 100
63 102 100
63 102 100
63 102 100
63 102 100
63 102 100
63 102 100
63 102 100
63 102 100
63 102 100
63 102 100
63 102 100
63 102 100
62 102 100
62 102 100
62 102 100
62 102 100
62 102 100
62 102 100
62 102 100
62 102 100
62 102 100
62 102 100
62 102 100
62 102 100
62 102 100
62 102 100
62 102 100
62 102 100
62 102 100
62 102 100
62 102 100
62 102 100
62 102 100
62 102 100
62 102 100
62 102 100
61 102 100
61 102 100
61 102 100
61 102 100
61 102 100
61 102 100
61 102 100
61 102 100
61 102 100
61 102 100
61 102 100
61 102 100
61 102 100
61 102 100
61 102 100
61 102 100
61 102 100
61 102 100
61 102 100
61 102 100
61 102 100
60 102 100
60 102 100
60 102 100
60 102 100
60 102 100
60 102 100
60 102 100
60 102 100
60 102 100
60 102 100
60 102 100
60 102 100
60 102 100
60 102 100
60 102 100
60 102 100
60 102 100
60 102 100
60 102 100
59 102 100
59 102 100
59 102 100
59 102 100
59 102 100
59 102 100
59 102 100
59 102 100
59 102 100
59 102 100
59 102 100
59 102 100
59 102 100
59 102 100
59 102 100
59 102 100
58 102 100
58 102 100
58 102 100
58 102 100
58 102 100
58 102 100
58 102 100
58 102 100
58 102 100
58 102 100
58 102 100
58 102 100
58 102 100
58 102 100
57 102 100
57 102 100
57 102 100
57 102 100
57 102 100
57 102 100
57 102 100
57 102 100
57 102 100
57 102 100
57 102 100
57 102 100
56 102 100
56 102 100
56 102 100
56 102 100
56 102 100
56 102 100
56 102 100
56 102 100
56 102 100
56 102 100
55 102 100
55 102 100
55 102 100
55 102 100
55 102 100
55 102 100
55 102 100
55 102 100
54 102 100
54 102 100
54 102 100
54 102 100
54 102 100
54 102 100
53 102 100
53 102 100
53 102 100
53 102 100
53 102 100
52 102 100
52 102 100
52 102 100
51 102 100
51 102 100
50 102 100
50 102 100
49 102 100
48 102 100
47 102 100
46 102 100
45 102 100
44 102 100
43 102 100
42 102 100
41 102 100
40 102 100
39 102 100
38 102 100
37 102 100
36 102 100
35 102 100
34 102 100
33 102 100
32 102 100
31 102 100
30 102 100
29 102 100
28 102 100
27 102 100
27 102 100
26 102 100
26 102 100
25 102 100
25 102 100
24 102 100
24 102 100
23 102 100
23 102 100
23 102 100
22 102 100
22 102 100
22 102 100
22 102 100
21 102 100
21 102 100
21 102 100
21 102 100
21 102 100
21 102 100
20 102 100
20 102 100
20 102 100
20 102 100
20 102 100
20 102 100
20 102 100
20 102 100
19 102 100
19 102 100
19 102 100
19 102 100
19 102 100
19 102 100
19 102 100
19 102 100
19 102 100
19 102 100
18 102 100
18 102 100
18 102 100
18 102 100
18 102 100
18 102 100
18 102 100
18 102 100
18 102 100
18 102 100
18 102 100
18 102 100
17 102 100
17 102 100
17 102 100
17 102 100
17 102 100
17 102 100
17 102 100
17 102 100
17 102 100
17 102 100
17 102 100
17 102 100
17 102 100
17 102 100
16 102 100
16 102 100
16 102 100
16 102 100
16 102 100
16 102 100
16 102 100
16 102 100
16 102 100
16 102 100
16 102 100
16 102 100
16 102 100
16 102 100
16 102 100
16 102 100
15 102 100
15 102 100
15 102 100
15 102 100
15 102 100
15 102 100
15 102 100
15 102 100
15 102 100
15 102 100
15 102 100
15 102 100
15 102 100
15 102 100
15 102 100
15 102 100
15 102 100
14 102 100
14 102 100
14 102 100
14 102 100
14 102 100
14 102 100
14 102 100
14 102 100
14 102 100
14 102 100
14 102 100
14 102 100
14 102 100
14 102 100
14 102 100
14 102 100
14 102 100
14 102 100
13 102 100
13 102 100
13 102 100
13 102 100
13 102 100
13 102 100
13 102 100
13 102 100
13 102 100
13 102 100
13 102 100
13 102 100
13 102 100
13 102 100
13 102 100
13 102 100
13 102 100
13 102 100
12 102 100
12 102 100
12 102 100
12 102 100
12 102 100
12 102 100
12 102 100
12 102 100
12 102 100
12 102 100
12 102 100
12 102 100
12 102 100
12 102 100
12 102 100
12 102 100
12 102 100
11 102 100
11 102 100
11 102 100
11 102 100
11 102 100
11 102 100
11 102 100
11 102 100
11 102 100
11 102 100
11 102 100
11 102 100
11 102 100
11 102 100
11 102 100
11 102 100
10 102 100
10 102 100
10 102 100
10 102 100
10 102 100
10 102 100
10 102 100
10 102 100
10 102 100
10 102 100
10 102 100
10 102 100
10 102 100
10 102 100
10 102 100
9 102 100
9 102 100
9 102 100
9 102 100
9 102 100
9 102 100
9 102 100
9 102 100
9 102 100
9 102 100
9 102 100
9 102 100
9 102 100
9 102 100
9 102 100
8 102 100
8 102 100
8 102 100
8 102 100
8 102 100
8 102 100
8 102 100
8 102 100
8 102 100
8 102 100
8 102 100
8 102 100
8 102 100
8 102 100
8 102 100
7 102 100
7 102 100
7 102 100
7 102 100
7 102 100
7 102 100
7 102 100
7 102 100
7 102 100
7 102 100
7 102 100
7 102 100
7 102 100
7 102 100
6 102 100
6 102 100
6 102 100
6 102 100
6 102 100
6 102 100
6 102 100
6 102 100
6 102 100
6 102 100
6 102 100
6 102 100
6 102 100
6 102 100
5 102 100
5 102 100
5 102 100
5 102 100
5 102 100
5 102 100
5 102 100
5 102 100
5 102 100
5 102 100
5 102 100
5 102 100
5 102 100
5 102 100
4 102 100
4 102 100
4 102 100
4 102 100
4 102 100
4 102 100
4 102 100
4 102 100
4 102 100
4 102 100
4 102 100
4 102 100
4 102 100
3 102 100
3 102 100
3 102 100
3 102 100
3 102 100
3 102 100
3 102 100
3 102 100
3 102 100
3 102 100
3 102 100
3 102 100
2 102 100
2 102 100
2 102 100
2 102 100
2 102 100
2 102 100
2 102 100
2 102 100
2 102 100
2 102 100
2 102 100
1 102 100
1 102 100
1 102 100
1 102 100
1 102 100
1 102 100
1 102 100
1 102 100
1 102 100
0 102 100
0 102 100
0 102 100
0 102 100
0 102 100
0 102 100
0 102 100
0 102 100
0 103 100
0 103 100
0 103 100
0 103 100
0 103 100
0 103 100
0 103 100
0 104 100
0 104 100
0 104 100
0 104 100
0 104 100
0 104 100
0 105 100
0 105 100
0 105 100
0 105 100
0 105 100
0 106 100
0 106 100
0 106 100
0 106 100
0 106 100
0 107 100
0 107 100
0 107 100
0 107 100
0 108 100
0 108 100
0 108 100
0 108 100
0 109 100
0 109 100
0 109 100
0 110 100
0 110 100
0 111 100
0 111 100
0 112 100
0 113 100
0 114 100
0 115 100
0 116 100
0 117 100
0 118 100
0 119 100
0 120 100
0 121 100
0 121 100
0 122 100
0 122 100
0 123 100
0 123 100
0 123 100
0 124 100
0 124 100
0 124 100
0 125 100
0 125 100
0 125 100
0 126 100
0 126 100
0 126 100
0 126 100
0 127 100
0 127 100
0 127 100
0 127 100
0 127 100
0 128 100
0 128 100
0 128 100
0 128 100
0 128 100
0 128 100
0 128 100
0 129 100
0 129 100
0 129 100
0 129 100
0 129 100
0 129 100
0 129 100
0 129 100
0 129 100
0 130 100
0 130 100
0 130 100
0 130 100
0 130 100
0 130 100
0 130 100
0 130 100
0 130 100
0 130 100
0 130 100
0 130 100
0 131 100
0 131 100
0 131 100
0 131 100
0 131 100
0 131 100
0 131 100
0 131 100
0 131 100
0 131 100
0 131 100
0 131 100
0 131 100
0 131 100
0 131 100
0 132 100
0 132 100
0 132 100
0 132 100
0 132 100
0 132 100
0 132 100
0 132 100
0 132 100
0 132 100
0 132 100
0 132 100
0 132 100
0 132 100
0 132 100
0 132 100
0 132 100
0 132 100
0 132 100
0 133 100
0 133 100
0 133 100
0 133 100
0 133 100
0 133 100
0 133 100
0 133 100
0 133 100
0 133 100
0 133 100
0 133 100
0 133 100
0 133 100
0 133 100
0 133 100
0 133 100
0 133 100
0 133 100
0 133 100
0 133 100
0 133 100
0 133 100
0 134 100
0 134 100
0 134 100
0 134 100
0 134 100
0 134 100
0 134 100
0 134 100
0 134 100
0 134 100
0 134 100
0 134 100
0 134 100
0 134 100
0 134 100
0 134 100
0 134 100
0 134 100
0 134 100
0 134 100
0 134 100
0 134 100
0 134 100
0 134 100
0 134 100
0 134 100
0 134 100
0 135 100
0 135 100
0 135 100
0 135 100
0 135 100
0 135 100
0 135 100
0 135 100
0 135 100
0 135 100
0 135 100
0 135 100
0 135 100
0 135 100
0 135 100
0 135 100
0 135 100
0 135 100
0 135 100
0 135 100
0 135 100
0 135 100
0 135 100
0 135 100
0 135 100
0 135 100
0 135 100
0 135 100
0 135 100
0 135 100
0 136 100
0 136 100
0 136 100
0 136 100
0 136 100
0 136 100
0 136 100
0 136 100
0 136 100
0 136 100
0 136 100
0 136 100
0 136 100
0 136 100
0 136 100
0 136 100
0 136 100
0 136 100
0 136 100
0 136 100
0 136 100
0 136 100
0 136 100
0 136 100
0 136 100
0 136 100
0 136 100
0 136 100
0 136 100
0 136 100
0 136 100
0 137 100
0 137 100
0 137 100
0 137 100
0 137 100
0 137 100
0 137 100
0 137 100
0 137 100
0 137 100
0 137 100
0 137 100
0 137 100
0 137 100
0 137 100
0 137 100
0 137 100
0 137 100
0 137 100
0 137 100
0 137 100
0 137 100
0 137 100
0 137 100
0 137 100
0 137 100
0 137 100
0 137 100
0 137 100
0 137 100
0 137 100
0 138 100
0 138 100
0 138 100
0 138 100
0 138 100
0 138 100
0 138 100
0 138 100
0 138 100
0 138 100
0 138 100
0 138 100
0 138 100
0 138 100
0 138 100
0 138 100
0 138 100
0 138 100
0 138 100
0 138 100
0 138 100
0 138 100
0 138 100
0 138 100
0 138 100
0 138 100
0 138 100
0 138 100
0 138 100
0 138 100
0 139 100
0 139 100
0 139 100
0 139 100
0 139 100
0 139 100
0 139 100
0 139 100
0 139 100
0 139 100
0 139 100
0 139 100
0 139 100
0 139 100
0 139 100
0 139 100
0 139 100
0 139 100
0 139 100
0 139 100
0 139 100
0 139 100
0 139 100
0 139 100
0 139 100
0 139 100
0 139 100
0 140 100
0 140 100
0 140 100
0 140 100
0 140 100
0 140 100
0 140 100
0 140 100
0 140 100
0 140 100
0 140 100
0 140 100
0 140 100
0 140 100
0 140 100
0 140 100
0 140 100
0 140 100
0 140 100
0 140 100
0 140 100
0 140 100
0 140 100
0 141 100
0 141 100
0 141 100
0 141 100
0 141 100
0 141 100
0 141 100
0 141 100
0 141 100
0 141 100
0 141 100
0 141 100
0 141 100
0 141 100
0 141 100
0 141 100
0 141 100
0 141 100
0 142 100
0 142 100
0 142 100
0 142 100
0 142 100
0 142 100
0 142 100
0 142 100
0 142 100
0 142 100
0 142 100
0 142 100
0 142 100
0 142 100
0 143 100
0 143 100
0 143 100
0 143 100
0 143 100
0 143 100
0 143 100
0 143 100
0 143 100
0 143 100
0 144 100
0 144 100
0 144 100
0 144 100
0 144 100
0 144 100
0 144 100
0 145 100
0 145 100
0 145 100
0 145 100
0 145 100
0 146 100
0 146 100
0 146 100
0 147 100
0 147 100
0 148 100
0 148 100
0 149 100
0 149 100
0 150 100
0 150 100
0 151 100
0 151 100
0 152 100
0 152 100
0 153 100
0 153 100
0 154 100
0 154 100
0 155 100
0 155 100
0 156 100
0 156 100
0 157 100
0 157 100
0 158 100
0 158 100
0 158 100
0 159 100
0 159 100
0 159 100
0 160 100
0 160 100
0 160 100
0 161 100
0 161 100
0 161 100
0 162 100
0 162 100
0 162 100
0 163 100
0 163 100
0 163 100
0 164 100
0 164 100
0 164 100
0 165 100
0 165 100
0 165 100
0 166 100
0 166 100
0 166 100
0 166 100
0 167 100
0 167 100
0 167 100
0 167 100
0 168 100
0 168 100
0 168 100
0 168 100
0 169 100
0 169 100
0 169 100
0 169 100
0 170 100
0 170 100
0 170 100
0 170 100
0 171 100
0 171 100
0 171 100
0 171 100
0 172 100
0 172 100
0 172 100
0 173 100
0 173 100
0 173 100
0 174 100
0 174 100
0 174 100
0 175 100
0 175 100
0 176 100
0 176 100
0 177 100
0 177 100
0 178 100
0 179 100
0 180 100
0 181 100
0 182 100
0 183 100
0 184 100
0 185 100
0 186 100
0 187 100
0 188 100
0 188 100
0 189 100
0 189 100
0 190 100
0 190 100
0 190 100
0 191 100
0 191 100
0 191 100
0 191 100
# move from (49,56) to (0,191)
49 56 100
49 56 100
49 56 100
48 56 100
48 56 100
48 56 100
48 56 100
47 56 100
47 56 100
47 56 100
47 56 100
47 56 100
47 56 100
46 56 100
46 56 100
46 56 100
46 56 100
46 56 100
46 56 100
46 56 100
46 56 100
45 56 100
45 56 100
45 56 100
45 56 100
45 56 100
45 56 100
45 56 100
45 56 100
45 56 100
45 56 100
45 56 100
44 56 100
44 56 100
44 56 100
44 56 100
44 56 100
44 56 100
44 56 100
44 56 100
44 56 100
44 56 100
44 56 100
44 56 100
44 56 100
43 56 100
43 56 100
43 56 100
43 56 100
43 56 100
43 56 100
43 56 100
43 56 100
43 56 100
43 56 100
43 56 100
43 56 100
43 56 100
43 56 100
43 56 100
43 56 100
42 56 100
42 56 100
42 56 100
42 56 100
42 56 100
42 56 100
42 56 100
42 56 100
42 56 100
42 56 100
42 56 100
42 56 100
42 56 100
42 56 100
42 56 100
42 56 100
42 56 100
42 56 100
41 56 100
41 56 100
41 56 100
41 56 100
41 56 100
41 56 100
41 56 100
41 56 100
41 56 100
41 56 100
41 56 100
41 56 100
41 56 100
41 56 100
41 56 100
41 56 100
41 56 100
41 56 100
41 56 100
41 56 100
41 56 100
41 56 100
40 56 100
40 56 100
40 56 100
40 56 100
40 56 100
40 56 100
40 56 100
40 56 100
40 56 100
40 56 100
40 56 100
40 56 100
40 56 100
40 56 100
40 56 100
40 56 100
40 56 100
40 56 100
40 56 100
40 56 100
40 56 100
40 56 100
40 56 100
40 56 100
40 56 100
39 56 100
39 56 100
39 56 100
39 56 100
39 56 100
39 56 100
39 56 100
39 56 100
39 56 100
39 56 100
39 56 100
39 56 100
39 56 100
39 56 100
39 56 100
39 56 100
39 56 100
39 56 100
39 56 100
39 56 100
39 56 100
39 56 100
39 56 100
39 56 100
39 56 100
39 56 100
39 56 100
39 56 100
38 56 100
38 56 100
38 56 100
38 56 100
38 56 100
38 56 100
38 56 100
38 56 100
38 56 100
38 56 100
38 56 100
38 56 100
38 56 100
38 56 100
38 56 100
38 56 100
38 56 100
38 56 100
38 56 100
38 56 100
38 56 100
38 56 100
38 56 100
38 56 100
38 56 100
38 56 100
38 56 100
38 56 100
38 56 100
38 56 100
38 56 100
37 56 100
37 56 100
37 56 100
37 56 100
37 56 100
37 56 100
37 56 100
37 56 100
37 56 100
37 56 100
37 56 100
37 56 100
37 56 100
37 56 100
37 56 100
37 56 100
37 56 100
37 56 100
37 56 100
37 56 100
37 56 100
37 56 100
37 56 100
37 56 100
37 56 100
37 56 100
37 56 100
37 56 100
37 56 100
37 56 100
37 56 100
37 56 100
37 56 100
36 56 100
36 56 100
36 56 100
36 56 100
36 56 100
36 56 100
36 56 100
36 56 100
36 56 100
36 56 100
36 56 100
36 56 100
36 56 100
36 56 100
36 56 100
36 56 100
36 56 100
36 56 100
36 56 100
36 56 100
36 56 100
36 56 100
36 56 100
36 56 100
36 56 100
36 56 100
36 56 100
36 56 100
36 56 100
36 56 100
36 56 100
36 56 100
36 56 100
36 56 100
36 56 100
35 56 100
35 56 100
35 56 100
35 56 100
35 56 100
35 56 100
35 56 100
35 56 100
35 56 100
35 56 100
35 56 100
35 56 100
35 56 100
35 56 100
35 56 100
35 56 100
35 56 100
35 56 100
35 56 100
35 56 100
35 56 100
35 56 100
35 56 100
35 56 100
35 56 100
35 56 100
35 56 100
35 56 100
35 56 100
35 56 100
35 56 100
35 56 100
35 56 100
35 56 100
35 56 100
35 56 100
35 56 100
34 56 100
34 56 100
34 56 100
34 56 100
34 56 100
34 56 100
34 56 100
34 56 100
34 56 100
34 56 100
34 56 100
34 56 100
34 56 100
34 56 100
34 56 100
34 56 100
34 56 100
34 56 100
34 56 100
34 56 100
34 56 100
34 56 100
34 56 100
34 56 100
34 56 100
34 56 100
34 56 100
34 56 100
34 56 100
34 56 100
34 56 100
34 56 100
34 56 100
34 56 100
34 56 100
34 56 100
34 56 100
34 56 100
33 56 100
33 56 100
33 56 100
33 56 100
33 56 100
33 56 100
33 56 100
33 56 100
33 56 100
33 56 100
33 56 100
33 56 100
33 56 100
33 56 100
33 56 100
33 56 100
33 56 100
33 56 100
33 56 100
33 56 100
33 56 100
33 56 100
33 56 100
33 56 100
33 56 100
33 56 100
33 56 100
33 56 100
33 56 100
33 56 100
33 56 100
33 56 100
33 56 100
33 56 100
33 56 100
33 56 100
33 56 100
33 56 100
32 56 100
32 56 100
32 56 100
32 56 100
32 56 100
32 56 100
32 56 100
32 56 100
32 56 100
32 56 100
32 56 100
32 56 100
32 56 100
32 56 100
32 56 100
32 56 100
32 56 100
32 56 100
32 56 100
32 56 100
32 56 100
32 56 100
32 56 100
32 56 100
32 56 100
32 56 100
32 56 100
32 56 100
32 56 100
32 56 100
32 56 100
32 56 100
32 56 100
32 56 100
32 56 100
32 56 100
32 56 100
32 56 100
31 56 100
31 56 100
31 56 100
31 56 100
31 56 100
31 56 100
31 56 100
31 56 100
31 56 100
31 56 100
31 56 100
31 56 100
31 56 100
31 56 100
31 56 100
31 56 100
31 56 100
31 56 100
31 56 100
31 56 100
31 56 100
31 56 100
31 56 100
31 56 100
31 56 100
31 56 100
31 56 100
31 56 100
31 56 100
31 56 100
31 56 100
31 56 100
31 56 100
31 56 100
31 56 100
31 56 100
31 56 100
30 56 100
30 56 100
30 56 100
30 56 100
30 56 100
30 56 100
30 56 100
30 56 100
30 56 100
30 56 100
30 56 100
30 56 100
30 56 100
30 56 100
30 56 100
30 56 100
30 56 100
30 56 100
30 56 100
30 56 100
30 56 100
30 56 100
30 56 100
30 56 100
30 56 100
30 56 100
30 56 100
30 56 100
30 56 100
30 56 100
30 56 100
30 56 100
30 56 100
30 56 100
30 56 100
29 56 100
29 56 100
29 56 100
29 56 100
29 56 100
29 56 100
29 56 100
29 56 100
29 56 100
29 56 100
29 56 100
29 56 100
29 56 100
29 56 100
29 56 100
29 56 100
29 56 100
29 56 100
29 56 100
29 56 100
29 56 100
29 56 100
29 56 100
29 56 100
29 56 100
29 56 100
29 56 100
29 56 100
29 56 100
29 56 100
29 56 100
29 56 100
28 56 100
28 56 100
28 56 100
28 56 100
28 56 100
28 56 100
28 56 100
28 56 100
28 56 100
28 56 100
28 56 100
28 56 100
28 56 100
28 56 100
28 56 100
28 56 100
28 56 100
28 56 100
28 56 100
28 56 100
28 56 100
28 56 100
28 56 100
28 56 100
28 56 100
28 56 100
28 56 100
28 56 100
27 56 100
27 56 100
27 56 100
27 56 100
27 56 100
27 56 100
27 56 100
27 56 100
27 56 100
27 56 100
27 56 100
27 56 100
27 56 100
27 56 100
27 56 100
27 56 100
27 56 100
27 56 100
27 56 100
27 56 100
27 56 100
27 56 100
27 56 100
27 56 100
26 56 100
26 56 100
26 56 100
26 56 100
26 56 100
26 56 100
26 56 100
26 56 100
26 56 100
26 56 100
26 56 100
26 56 100
26 56 100
26 56 100
26 56 100
26 56 100
26 56 100
26 56 100
26 56 100
26 56 100
25 56 100
25 56 100
25 56 100
25 56 100
25 56 100
25 56 100
25 56 100
25 56 100
25 56 100
25 56 100
25 56 100
25 56 100
25 56 100
25 56 100
25 56 100
25 56 100
25 56 100
24 56 100
24 56 100
24 56 100
24 56 100
24 56 100
24 56 100
24 56 100
24 56 100
24 56 100
24 56 100
24 56 100
24 56 100
24 56 100
24 56 100
24 56 100
23 56 100
23 56 100
23 56 100
23 56 100
23 56 100
23 56 100
23 56 100
23 56 100
23 56 100
23 56 100
23 56 100
23 56 100
23 56 100
22 56 100
22 56 100
22 56 100
22 56 100
22 56 100
22 56 100
22 56 100
22 56 100
22 56 100
22 56 100
22 56 100
21 56 100
21 56 100
21 56 100
21 56 100
21 56 100
21 56 100
21 56 100
21 56 100
21 56 100
21 56 100
20 56 100
20 56 100
20 56 100
20 56 100
20 56 100
20 56 100
20 56 100
20 56 100
19 56 100
19 56 100
19 56 100
19 56 100
19 56 100
19 56 100
18 56 100
18 56 100
18 56 100
18 56 100
17 56 100
17 56 100
17 56 100
16 56 100
16 56 100
15 56 100
14 56 100
13 56 100
12 56 100
11 56 100
10 56 100
9 56 100
8 56 100
7 56 100
6 56 100
5 56 100
4 56 100
3 56 100
2 56 100
1 56 100
0 56 100
0 57 100
0 58 100
0 59 100
0 60 100
0 61 100
0 62 100
0 63 100
0 64 100
0 65 100
0 66 100
0 67 100
0 67 100
0 68 100
0 68 100
0 69 100
0 69 100
0 69 100
0 70 100
0 70 100
0 70 100
0 70 100
0 71 100
0 71 100
0 71 100
0 71 100
0 71 100
0 71 100
0 72 100
0 72 100
0 72 100
0 72 100
0 72 100
0 72 100
0 72 100
0 73 100
0 73 100
0 73 100
0 73 100
0 73 100
0 73 100
0 73 100
0 73 100
0 73 100
0 74 100
0 74 100
0 74 100
0 74 100
0 74 100
0 74 100
0 74 100
0 74 100
0 74 100
0 74 100
0 75 100
0 75 100
0 75 100
0 75 100
0 75 100
0 75 100
0 75 100
0 75 100
0 75 100
0 75 100
0 76 100
0 76 100
0 76 100
0 76 100
0 76 100
0 76 100
0 76 100
0 76 100
0 76 100
0 77 100
0 77 100
0 77 100
0 77 100
0 77 100
0 77 100
0 77 100
0 77 100
0 78 100
0 78 100
0 78 100
0 78 100
0 78 100
0 78 100
0 79 100
0 79 100
0 79 100
0 79 100
0 80 100
0 80 100
0 80 100
0 81 100
0 81 100
0 82 100
0 83 100
0 84 100
0 85 100
0 86 100
0 87 100
0 88 100
0 89 100
0 90 100
0 91 100
0 92 100
0 93 100
0 93 100
0 94 100
0 94 100
0 94 100
0 95 100
0 95 100
0 95 100
0 95 100
0 96 100
0 96 100
0 96 100
0 96 100
0 96 100
0 96 100
0 97 100
0 97 100
0 97 100
0 97 100
0 97 100
0 97 100
0 97 100
0 98 100
0 98 100
0 98 100
0 98 100
0 98 100
0 98 100
0 98 100
0 98 100
0 99 100
0 99 100
0 99 100
0 99 100
0 99 100
0 99 100
0 99 100
0 99 100
0 99 100
0 100 100
0 100 100
0 100 100
0 100 100
0 100 100
0 100 100
0 100 100
0 100 100
0 100 100
0 101 100
0 101 100
0 101 100
0 101 100
0 101 100
0 101 100
0 101 100
0 101 100
# move from (179,12) to (0,191)
179 12 100
178 12 100
177 12 100
176 12 100
175 12 100
174 12 100
173 12 100
172 12 100
171 12 100
170 12 100
169 12 100
168 12 100
168 12 100
167 12 100
167 12 100
166 12 100
166 12 100
166 12 100
165 12 100
165 12 100
165 12 100
165 12 100
164 12 100
164 12 100
164 12 100
164 12 100
163 12 100
163 12 100
163 12 100
163 12 100
163 12 100
162 12 100
162 12 100
162 12 100
162 12 100
162 12 100
161 12 100
161 12 100
161 12 100
161 12 100
161 12 100
161 12 100
160 12 100
160 12 100
160 12 100
160 12 100
160 12 100
160 12 100
160 12 100
159 12 100
159 12 100
159 12 100
159 12 100
159 12 100
159 12 100
159 12 100
159 12 100
159 12 100
158 12 100
158 12 100
158 12 100
158 12 100
158 12 100
158 12 100
158 12 100
158 12 100
158 12 100
158 12 100
158 12 100
157 12 100
157 12 100
157 12 100
157 12 100
157 12 100
157 12 100
157 12 100
157 12 100
157 12 100
157 12 100
157 12 100
157 12 100
157 12 100
157 12 100
156 12 100
156 12 100
156 12 100
156 12 100
156 12 100
156 12 100
156 12 100
156 12 100
156 12 100
156 12 100
156 12 100
156 12 100
156 12 100
156 12 100
156 12 100
156 12 100
156 12 100
156 12 100
155 12 100
155 12 100
155 12 100
155 12 100
155 12 100
155 12 100
155 12 100
155 12 100
155 12 100
155 12 100
155 12 100
155 12 100
155 12 100
155 12 100
155 12 100
155 12 100
155 12 100
155 12 100
155 12 100
155 12 100
155 12 100
155 12 100
154 12 100
154 12 100
154 12 100
154 12 100
154 12 100
154 12 100
154 12 100
154 12 100
154 12 100
154 12 100
154 12 100
154 12 100
154 12 100
154 12 100
154 12 100
154 12 100
154 12 100
154 12 100
154 12 100
154 12 100
154 12 100
154 12 100
154 12 100
154 12 100
154 12 100
154 12 100
154 12 100
153 12 100
153 12 100
153 12 100
153 12 100
153 12 100
153 12 100
153 12 100
153 12 100
153 12 100
153 12 100
153 12 100
153 12 100
153 12 100
153 12 100
153 12 100
153 12 100
153 12 100
153 12 100
153 12 100
153 12 100
153 12 100
153 12 100
153 12 100
153 12 100
153 12 100
153 12 100
153 12 100
153 12 100
153 12 100
153 12 100
153 12 100
152 12 100
152 12 100
152 12 100
152 12 100
152 12 100
152 12 100
152 12 100
152 12 100
152 12 100
152 12 100
152 12 100
152 12 100
152 12 100
152 12 100
152 12 100
152 12 100
152 12 100
152 12 100
152 12 100
152 12 100
152 12 100
152 12 100
152 12 100
152 12 100
152 12 100
152 12 100
152 12 100
152 12 100
152 12 100
152 12 100
152 12 100
152 12 100
152 12 100
152 12 100
151 12 100
151 12 100
151 12 100
151 12 100
151 12 100
151 12 100
151 12 100
151 12 100
151 12 100
151 12 100
151 12 100
151 12 100
151 12 100
151 12 100
151 12 100
151 12 100
151 12 100
151 12 100
151 12 100
151 12 100
151 12 100
151 12 100
151 12 100
151 12 100
151 12 100
151 12 100
151 12 100
151 12 100
151 12 100
151 12 100
151 12 100
151 12 100
151 12 100
151 12 100
151 12 100
150 12 100
150 12 100
150 12 100
150 12 100
150 12 100
150 12 100
150 12 100
150 12 100
150 12 100
150 12 100
150 12 100
150 12 100
150 12 100
150 12 100
150 12 100
150 12 100
150 12 100
150 12 100
150 12 100
150 12 100
150 12 100
150 12 100
150 12 100
150 12 100
150 12 100
150 12 100
150 12 100
150 12 100
150 12 100
150 12 100
150 12 100
150 12 100
150 12 100
150 12 100
150 12 100
149 12 100
149 12 100
149 12 100
149 12 100
149 12 100
149 12 100
149 12 100
149 12 100
149 12 100
149 12 100
149 12 100
149 12 100
149 12 100
149 12 100
149 12 100
149 12 100
149 12 100
149 12 100
149 12 100
149 12 100
149 12 100
149 12 100
149 12 100
149 12 100
149 12 100
149 12 100
149 12 100
149 12 100
149 12 100
149 12 100
149 12 100
149 12 100
149 12 100
149 12 100
148 12 100
148 12 100
148 12 100
148 12 100
148 12 100
148 12 100
148 12 100
148 12 100
148 12 100
148 12 100
148 12 100
148 12 100
148 12 100
148 12 100
148 12 100
148 12 100
148 12 100
148 12 100
148 12 100
148 12 100
148 12 100
148 12 100
148 12 100
148 12 100
148 12 100
148 12 100
148 12 100
148 12 100
148 12 100
148 12 100
148 12 100
147 12 100
147 12 100
147 12 100
147 12 100
147 12 100
147 12 100
147 12 100
147 12 100
147 12 100
147 12 100
147 12 100
147 12 100
147 12 100
147 12 100
147 12 100
147 12 100
147 12 100
147 12 100
147 12 100
147 12 100
147 12 100
147 12 100
147 12 100
147 12 100
147 12 100
147 12 100
147 12 100
146 12 100
146 12 100
146 12 100
146 12 100
146 12 100
146 12 100
146 12 100
146 12 100
146 12 100
146 12 100
146 12 100
146 12 100
146 12 100
146 12 100
146 12 100
146 12 100
146 12 100
146 12 100
146 12 100
146 12 100
146 12 100
146 12 100
146 12 100
145 12 100
145 12 100
145 12 100
145 12 100
145 12 100
145 12 100
145 12 100
145 12 100
145 12 100
145 12 100
145 12 100
145 12 100
145 12 100
145 12 100
145 12 100
145 12 100
145 12 100
145 12 100
145 12 100
144 12 100
144 12 100
144 12 100
144 12 100
144 12 100
144 12 100
144 12 100
144 12 100
144 12 100
144 12 100
144 12 100
144 12 100
144 12 100
144 12 100
144 12 100
144 12 100
143 12 100
143 12 100
143 12 100
143 12 100
143 12 100
143 12 100
143 12 100
143 12 100
143 12 100
143 12 100
143 12 100
143 12 100
143 12 100
142 12 100
142 12 100
142 12 100
142 12 100
142 12 100
142 12 100
142 12 100
142 12 100
142 12 100
142 12 100
141 12 100
141 12 100
141 12 100
141 12 100
141 12 100
141 12 100
141 12 100
141 12 100
140 12 100
140 12 100
140 12 100
140 12 100
140 12 100
140 12 100
139 12 100
139 12 100
139 12 100
139 12 100
139 12 100
138 12 100
138 12 100
138 12 100
137 12 100
137 12 100
136 12 100
136 12 100
135 12 100
134 12 100
133 12 100
132 12 100
131 12 100
130 12 100
129 12 100
128 12 100
127 12 100
127 12 100
126 12 100
126 12 100
125 12 100
125 12 100
124 12 100
124 12 100
123 12 100
123 12 100
123 12 100
122 12 100
122 12 100
122 12 100
121 12 100
121 12 100
121 12 100
120 12 100
120 12 100
120 12 100
120 12 100
119 12 100
119 12 100
119 12 100
119 12 100
119 12 100
118 12 100
118 12 100
118 12 100
118 12 100
118 12 100
118 12 100
117 12 100
117 12 100
117 12 100
117 12 100
117 12 100
117 12 100
116 12 100
116 12 100
116 12 100
116 12 100
116 12 100
116 12 100
116 12 100
115 12 100
115 12 100
115 12 100
115 12 100
115 12 100
115 12 100
115 12 100
114 12 100
114 12 100
114 12 100
114 12 100
114 12 100
114 12 100
113 12 100
113 12 100
113 12 100
113 12 100
113 12 100
112 12 100
112 12 100
112 12 100
112 12 100
111 12 100
111 12 100
111 12 100
110 12 100
110 12 100
109 12 100
109 12 100
108 12 100
107 12 100
106 12 100
105 12 100
104 12 100
103 12 100
102 12 100
101 12 100
100 12 100
99 12 100
98 12 100
97 12 100
96 12 100
96 12 100
95 12 100
95 12 100
94 12 100
94 12 100
94 12 100
93 12 100
93 12 100
93 12 100
93 12 100
93 12 100
92 12 100
92 12 100
92 12 100
92 12 100
92 12 100
92 12 100
91 12 100
91 12 100
91 12 100
91 12 100
91 12 100
91 12 100
91 12 100
90 12 100
90 12 100
90 12 100
90 12 100
90 12 100
90 12 100
90 12 100
90 12 100
89 12 100
89 12 100
89 12 100
89 12 100
89 12 100
89 12 100
89 12 100
89 12 100
88 12 100
88 12 100
88 12 100
88 12 100
88 12 100
88 12 100
88 12 100
87 12 100
87 12 100
87 12 100
87 12 100
87 12 100
87 12 100
86 12 100
86 12 100
86 12 100
86 12 100
86 12 100
85 12 100
85 12 100
85 12 100
85 12 100
85 12 100
84 12 100
84 12 100
84 12 100
84 12 100
83 12 100
83 12 100
83 12 100
82 12 100
82 12 100
82 12 100
81 12 100
81 12 100
80 12 100
80 12 100
79 12 100
78 12 100
77 12 100
76 12 100
75 12 100
74 12 100
73 12 100
72 12 100
71 12 100
70 12 100
69 12 100
68 12 100
67 12 100
66 12 100
65 12 100
64 12 100
63 12 100
62 12 100
61 12 100
60 12 100
59 12 100
58 12 100
57 12 100
56 12 100
55 12 100
54 12 100
54 12 100
53 12 100
53 12 100
53 12 100
52 12 100
52 12 100
52 12 100
52 12 100
51 12 100
51 12 100
51 12 100
51 12 100
51 12 100
51 12 100
50 12 100
50 12 100
50 12 100
50 12 100
50 12 100
50 12 100
50 12 100
50 12 100
50 12 100
49 12 100
49 12 100
49 12 100
49 12 100
49 12 100
49 12 100
49 12 100
49 12 100
49 12 100
49 12 100
49 12 100
49 12 100
49 12 100
48 12 100
48 12 100
48 12 100
48 12 100
48 12 100
48 12 100
48 12 100
48 12 100
48 12 100
48 12 100
48 12 100
48 12 100
48 12 100
48 12 100
48 12 100
48 12 100
48 12 100
48 12 100
47 12 100
47 12 100
47 12 100
47 12 100
47 12 100
47 12 100
47 12 100
47 12 100
47 12 100
47 12 100
47 12 100
47 12 100
47 12 100
47 12 100
47 12 100
47 12 100
47 12 100
47 12 100
47 12 100
47 12 100
47 12 100
47 12 100
47 12 100
47 12 100
46 12 100
46 12 100
46 12 100
46 12 100
46 12 100
46 12 100
46 12 100
46 12 100
46 12 100
46 12 100
46 12 100
46 12 100
46 12 100
46 12 100
46 12 100
46 12 100
46 12 100
46 12 100
46 12 100
46 12 100
46 12 100
46 12 100
46 12 100
46 12 100
46 12 100
46 12 100
46 12 100
46 12 100
45 12 100
45 12 100
45 12 100
45 12 100
45 12 100
45 12 100
45 12 100
45 12 100
45 12 100
45 12 100
45 12 100
45 12 100
45 12 100
45 12 100
45 12 100
45 12 100
45 12 100
45 12 100
45 12 100
45 12 100
45 12 100
45 12 100
45 12 100
45 12 100
45 12 100
45 12 100
45 12 100
45 12 100
45 12 100
45 12 100
45 12 100
45 12 100
44 12 100
44 12 100
44 12 100
44 12 100
44 12 100
44 12 100
44 12 100
44 12 100
44 12 100
44 12 100
44 12 100
44 12 100
44 12 100
44 12 100
44 12 100
44 12 100
44 12 100
44 12 100
44 12 100
44 12 100
44 12 100
44 12 100
44 12 100
44 12 100
44 12 100
44 12 100
44 12 100
44 12 100
44 12 100
44 12 100
44 12 100
44 12 100
44 12 100
44 12 100
43 12 100
43 12 100
43 12 100
43 12 100
43 12 100
43 12 100
43 12 100
43 12 100
43 12 100
43 12 100
43 12 100
43 12 100
43 12 100
43 12 100
43 12 100
43 12 100
43 12 100
43 12 100
43 12 100
43 12 100
43 12 100
43 12 100
43 12 100
43 12 100
43 12 100
43 12 100
43 12 100
43 12 100
43 12 100
43 12 100
43 12 100
43 12 100
43 12 100
43 12 100
43 12 100
42 12 100
42 12 100
42 12 100
42 12 100
42 12 100
42 12 100
42 12 100
42 12 100
42 12 100
42 12 100
42 12 100
42 12 100
42 12 100
42 12 100
42 12 100
42 12 100
42 12 100
42 12 100
42 12 100
42 12 100
42 12 100
42 12 100
42 12 100
42 12 100
42 12 100
42 12 100
42 12 100
42 12 100
42 12 100
42 12 100
42 12 100
42 12 100
42 12 100
42 12 100
42 12 100
41 12 100
41 12 100
41 12 100
41 12 100
41 12 100
41 12 100
41 12 100
41 12 100
41 12 100
41 12 100
41 12 100
41 12 100
41 12 100
41 12 100
41 12 100
41 12 100
41 12 100
41 12 100
41 12 100
41 12 100
41 12 100
41 12 100
41 12 100
41 12 100
41 12 100
41 12 100
41 12 100
41 12 100
41 12 100
41 12 100
41 12 100
41 12 100
41 12 100
41 12 100
41 12 100
40 12 100
40 12 100
40 12 100
40 12 100
40 12 100
40 12 100
40 12 100
40 12 100
40 12 100
40 12 100
40 12 100
40 12 100
40 12 100
40 12 100
40 12 100
40 12 100
40 12 100
40 12 100
40 12 100
40 12 100
40 12 100
40 12 100
40 12 100
40 12 100
40 12 100
40 12 100
40 12 100
40 12 100
40 12 100
40 12 100
40 12 100
40 12 100
40 12 100
39 12 100
39 12 100
39 12 100
39 12 100
39 12 100
39 12 100
39 12 100
39 12 100
39 12 100
39 12 100
39 12 100
39 12 100
39 12 100
39 12 100
39 12 100
39 12 100
39 12 100
39 12 100
39 12 100
39 12 100
39 12 100
39 12 100
39 12 100
39 12 100
39 12 100
39 12 100
39 12 100
39 12 100
39 12 100
39 12 100
39 12 100
38 12 100
38 12 100
38 12 100
38 12 100
38 12 100
38 12 100
38 12 100
38 12 100
38 12 100
38 12 100
38 12 100
38 12 100
38 12 100
38 12 100
38 12 100
38 12 100
38 12 100
38 12 100
38 12 100
38 12 100
38 12 100
38 12 100
38 12 100
38 12 100
38 12 100
38 12 100
38 12 100
38 12 100
37 12 100
37 12 100
37 12 100
37 12 100
37 12 100
37 12 100
37 12 100
37 12 100
37 12 100
37 12 100
37 12 100
37 12 100
37 12 100
37 12 100
37 12 100
37 12 100
37 12 100
37 12 100
37 12 100
37 12 100
37 12 100
37 12 100
37 12 100
37 12 100
36 12 100
36 12 100
36 12 100
36 12 100
36 12 100
36 12 100
36 12 100
36 12 100
36 12 100
36 12 100
36 12 100
36 12 100
36 12 100
36 12 100
36 12 100
36 12 100
36 12 100
36 12 100
36 12 100
35 12 100
35 12 100
35 12 100
35 12 100
35 12 100
35 12 100
35 12 100
35 12 100
35 12 100
35 12 100
35 12 100
35 12 100
35 12 100
35 12 100
35 12 100
34 12 100
34 12 100
34 12 100
34 12 100
34 12 100
34 12 100
34 12 100
34 12 100
34 12 100
34 12 100
34 12 100
34 12 100
33 12 100
33 12 100
33 12 100
33 12 100
33 12 100
33 12 100
33 12 100
33 12 100
33 12 100
32 12 100
32 12 100
32 12 100
32 12 100
32 12 100
32 12 100
32 12 100
31 12 100
31 12 100
31 12 100
31 12 100
31 12 100
31 12 100
30 12 100
30 12 100
30 12 100
30 12 100
30 12 100
29 12 100
29 12 100
29 12 100
29 12 100
29 12 100
28 12 100
28 12 100
28 12 100
28 12 100
27 12 100
27 12 100
27 12 100
26 12 100
26 12 100
26 12 100
25 12 100
25 12 100
25 12 100
24 12 100
24 12 100
24 12 100
23 12 100
23 12 100
22 12 100
22 12 100
21 12 100
21 12 100
20 12 100
20 12 100
19 12 100
18 12 100
17 12 100
16 12 100
15 12 100
14 12 100
13 12 100
13 12 100
12 12 100
12 12 100
11 12 100
11 12 100
10 12 100
10 12 100
9 12 100
9 12 100
9 12 100
8 12 100
8 12 100
8 12 100
8 12 100
7 12 100
7 12 100
7 12 100
7 12 100
7 12 100
6 12 100
6 12 100
6 12 100
6 12 100
6 12 100
6 12 100
5 12 100
5 12 100
5 12 100
5 12 100
5 12 100
5 12 100
5 12 100
4 12 100
4 12 100
4 12 100
4 12 100
4 12 100
4 12 100
4 12 100
3 12 100
3 12 100
3 12 100
3 12 100
3 12 100
3 12 100
3 12 100
2 12 100
2 12 100
2 12 100
2 12 100
2 12 100
2 12 100
2 12 100
1 12 100
1 12 100
1 12 100
1 12 100
1 12 100
1 12 100
0 12 100
0 12 100
0 12 100
0 12 100
0 12 100
0 13 100
0 13 100
0 13 100
0 13 100
0 13 100
0 13 100
0 13 100
0 14 100
0 14 100
0 14 100
0 14 100
0 14 100
0 14 100
0 14 100
0 14 100
0 14 100
0 14 100
0 15 100
0 15 100
0 15 100
0 15 100
0 15 100
0 15 100
0 15 100
0 15 100
0 15 100
0 15 100
0 15 100
0 15 100
0 15 100
0 15 100
0 16 100
0 16 100
0 16 100
0 16 100
0 16 100
0 16 100
0 16 100
0 16 100
0 16 100
0 16 100
0 16 100
0 16 100
0 16 100
0 16 100
0 16 100
0 16 100
0 16 100
0 17 100
0 17 100
0 17 100
0 17 100
0 17 100
0 17 100
0 17 100
0 17 100
0 17 100
0 17 100
0 17 100
0 17 100
0 17 100
0 17 100
0 17 100
0 17 100
0 17 100
0 17 100
0 17 100
0 17 100
0 18 100
0 18 100
0 18 100
0 18 100
0 18 100
0 18 100
0 18 100
0 18 100
0 18 100
0 18 100
0 18 100
0 18 100
0 18 100
0 18 100
0 18 100
0 18 100
0 18 100
0 18 100
0 18 100
0 18 100
0 18 100
0 18 100
0 18 100
0 18 100
0 19 100
0 19 100
0 19 100
0 19 100
0 19 100
0 19 100
0 19 100
0 19 100
0 19 100
0 19 100
0 19 100
0 19 100
0 19 100
0 19 100
0 19 100
0 19 100
0 19 100
0 19 100
0 19 100
0 19 100
0 19 100
0 19 100
0 19 100
0 19 100
0 19 100
0 19 100
0 19 100
0 19 100
0 20 100
0 20 100
0 20 100
0 20 100
0 20 100
0 20 100
0 20 100
0 20 100
0 20 100
0 20 100
0 20 100
0 20 100
0 20 100
0 20 100
0 20 100
0 20 100
0 20 100
0 20 100
0 20 100
0 20 100
0 20 100
0 20 100
0 20 100
0 20 100
0 20 100
0 20 100
0 20 100
0 20 100
0 20 100
0 20 100
0 20 100
0 21 100
0 21 100
0 21 100
0 21 100
0 21 100
0 21 100
0 21 100
0 21 100
0 21 100
0 21 100
0 21 100
0 21 100
0 21 100
0 21 100
0 21 100
0 21 100
0 21 100
0 21 100
0 21 100
0 21 100
0 21 100
0 21 100
0 21 100
0 21 100
0 21 100
0 21 100
0 21 100
0 21 100
0 21 100
0 21 100
0 21 100
0 21 100
0 21 100
0 22 100
0 22 100
0 22 100
0 22 100
0 22 100
0 22 100
0 22 100
0 22 100
0 22 100
0 22 100
0 22 100
0 22 100
0 22 100
0 22 100
0 22 100
0 22 100
0 22 100
0 22 100
0 22 100
0 22 100
0 22 100
0 22 100
0 22 100
0 22 100
0 22 100
0 22 100
0 22 100
0 22 100
0 22 100
0 22 100
0 22 100
0 22 100
0 22 100
0 22 100
0 23 100
0 23 100
0 23 100
0 23 100
0 23 100
0 23 100
0 23 100
0 23 100
0 23 100
0 23 100
0 23 100
0 23 100
0 23 100
0 23 100
0 23 100
0 23 100
0 23 100
0 23 100
0 23 100
0 23 100
0 23 100
0 23 100
0 23 100
0 23 100
0 23 100
0 23 100
0 23 100
0 23 100
0 23 100
0 23 100
0 23 100
0 23 100
0 23 100
0 23 100
0 23 100
0 24 100
0 24 100
0 24 100
0 24 100
0 24 100
0 24 100
0 24 100
0 24 100
0 24 100
0 24 100
0 24 100
0 24 100
0 24 100
0 24 100
0 24 100
0 24 100
0 24 100
0 24 100
0 24 100
0 24 100
0 24 100
0 24 100
0 24 100
0 24 100
0 24 100
0 24 100
0 24 100
0 24 100
0 24 100
0 24 100
0 24 100
0 24 100
0 24 100
0 24 100
0 24 100
0 25 100
0 25 100
0 25 100
0 25 100
0 25 100
0 25 100
0 25 100
0 25 100
0 25 100
0 25 100
0 25 100
0 25 100
0 25 100
0 25 100
0 25 100
0 25 100
0 25 100
0 25 100
0 25 100
0 25 100
0 25 100
0 25 100
0 25 100
0 25 100
0 25 100
0 25 100
0 25 100
0 25 100
0 25 100
0 25 100
0 25 100
0 25 100
0 25 100
0 25 100
0 25 100
0 26 100
0 26 100
0 26 100
0 26 100
0 26 100
0 26 100
0 26 100
0 26 100
0 26 100
0 26 100
0 26 100
0 26 100
0 26 100
0 26 100
0 26 100
0 26 100
0 26 100
0 26 100
0 26 100
0 26 100
0 26 100
0 26 100
0 26 100
0 26 100
0 26 100
0 26 100
0 26 100
0 26 100
0 26 100
0 26 100
0 26 100
0 26 100
0 26 100
0 26 100
0 27 100
0 27 100
0 27 100
0 27 100
0 27 100
0 27 100
0 27 100
0 27 100
0 27 100
0 27 100
0 27 100
0 27 100
0 27 100
0 27 100
0 27 100
0 27 100
0 27 100
0 27 100
0 27 100
0 27 100
0 27 100
0 27 100
0 27 100
0 27 100
0 27 100
0 27 100
0 27 100
0 27 100
0 27 100
0 27 100
0 27 100
0 27 100
0 28 100
0 28 100
0 28 100
0 28 100
0 28 100
0 28 100
0 28 100
0 28 100
0 28 100
0 28 100
0 28 100
0 28 100
0 28 100
0 28 100
0 28 100
0 28 100
0 28 100
0 28 100
0 28 100
0 28 100
0 28 100
0 28 100
0 28 100
0 28 100
0 28 100
0 28 100
0 28 100
0 28 100
0 28 100
0 28 100
0 29 100
0 29 100
0 29 100
0 29 100
0 29 100
0 29 100
0 29 100
0 29 100
0 29 100
0 29 100
0 29 100
0 29 100
0 29 100
0 29 100
0 29 100
0 29 100
0 29 100
0 29 100
0 29 100
0 29 100
0 29 100
0 29 100
0 29 100
0 29 100
0 29 100
0 29 100
0 29 100
0 30 100
0 30 100
0 30 100
0 30 100
0 30 100
0 30 100
0 30 100
0 30 100
0 30 100
0 30 100
0 30 100
0 30 100
0 30 100
0 30 100
0 30 100
0 30 100
0 30 100
0 30 100
0 30 100
0 30 100
0 30 100
0 30 100
0 30 100
0 31 100
0 31 100
0 31 100
0 31 100
0 31 100
0 31 100
0 31 100
0 31 100
0 31 100
0 31 100
0 31 100
0 31 100
0 31 100
0 31 100
0 31 100
0 31 100
0 31 100
0 31 100
0 32 100
0 32 100
0 32 100
0 32 100
0 32 100
0 32 100
0 32 100
0 32 100
0 32 100
0 32 100
0 32 100
0 32 100
0 32 100
0 32 100
0 33 100
0 33 100
0 33 100
0 33 100
0 33 100
0 33 100
0 33 100
0 33 100
0 33 100
0 33 100
0 34 100
0 34 100
0 34 100
0 34 100
0 34 100
0 34 100
0 34 100
0 35 100
0 35 100
0 35 100
0 35 100
0 36 100
0 36 100
0 36 100
0 37 100
0 37 100
0 38 100
0 38 100
0 39 100
0 39 100
0 40 100
0 40 100
0 41 100
0 41 100
0 42 100
0 42 100
0 43 100
0 43 100
0 44 100
0 45 100
0 46 100
0 47 100
0 48 100
0 49 100
0 50 100
0 51 100
0 52 100
0 53 100
0 54 100
0 55 100
# move from (145,61) to (0,191)
145 61 100
144 61 100
143 61 100
142 61 100
141 61 100
140 61 100
139 61 100
138 61 100
137 61 100
136 61 100
135 61 100
134 61 100
133 61 100
132 61 100
131 61 100
131 61 100
130 61 100
130 61 100
130 61 100
129 61 100
129 61 100
129 61 100
129 61 100
128 61 100
128 61 100
128 61 100
128 61 100
128 61 100
128 61 100
127 61 100
127 61 100
127 61 100
127 61 100
127 61 100
127 61 100
127 61 100
127 61 100
127 61 100
126 61 100
126 61 100
126 61 100
126 61 100
126 61 100
126 61 100
126 61 100
126 61 100
126 61 100
126 61 100
126 61 100
125 61 100
125 61 100
125 61 100
125 61 100
125 61 100
125 61 100
125 61 100
125 61 100
125 61 100
125 61 100
125 61 100
125 61 100
125 61 100
124 61 100
124 61 100
124 61 100
124 61 100
124 61 100
124 61 100
124 61 100
124 61 100
124 61 100
124 61 100
124 61 100
124 61 100
124 61 100
123 61 100
123 61 100
123 61 100
123 61 100
123 61 100
123 61 100
123 61 100
123 61 100
123 61 100
123 61 100
123 61 100
123 61 100
123 61 100
122 61 100
122 61 100
122 61 100
122 61 100
122 61 100
122 61 100
122 61 100
122 61 100
122 61 100
122 61 100
122 61 100
122 61 100
121 61 100
121 61 100
121 61 100
121 61 100
121 61 100
121 61 100
121 61 100
121 61 100
121 61 100
121 61 100
121 61 100
120 61 100
120 61 100
120 61 100
120 61 100
120 61 100
120 61 100
120 61 100
120 61 100
120 61 100
119 61 100
119 61 100
119 61 100
119 61 100
119 61 100
119 61 100
119 61 100
118 61 100
118 61 100
118 61 100
118 61 100
118 61 100
117 61 100
117 61 100
117 61 100
117 61 100
116 61 100
116 61 100
116 61 100
115 61 100
115 61 100
115 61 100
114 61 100
114 61 100
113 61 100
113 61 100
112 61 100
112 61 100
111 61 100
110 61 100
109 61 100
108 61 100
107 61 100
106 61 100
105 61 100
104 61 100
103 61 100
102 61 100
101 61 100
100 61 100
99 61 100
98 61 100
97 61 100
96 61 100
95 61 100
94 61 100
93 61 100
92 61 100
91 61 100
90 61 100
89 61 100
88 61 100
87 61 100
86 61 100
85 61 100
84 61 100
83 61 100
82 61 100
81 61 100
80 61 100
79 61 100
78 61 100
77 61 100
77 61 100
76 61 100
76 61 100
75 61 100
75 61 100
75 61 100
74 61 100
74 61 100
74 61 100
74 61 100
74 61 100
73 61 100
73 61 100
73 61 100
73 61 100
73 61 100
73 61 100
72 61 100
72 61 100
72 61 100
72 61 100
72 61 100
72 61 100
72 61 100
72 61 100
71 61 100
71 61 100
71 61 100
71 61 100
71 61 100
71 61 100
71 61 100
71 61 100
71 61 100
70 61 100
70 61 100
70 61 100
70 61 100
70 61 100
70 61 100
70 61 100
70 61 100
70 61 100
70 61 100
69 61 100
69 61 100
69 61 100
69 61 100
69 61 100
69 61 100
69 61 100
69 61 100
69 61 100
69 61 100
68 61 100
68 61 100
68 61 100
68 61 100
68 61 100
68 61 100
68 61 100
68 61 100
68 61 100
68 61 100
67 61 100
67 61 100
67 61 100
67 61 100
67 61 100
67 61 100
67 61 100
67 61 100
67 61 100
67 61 100
66 61 100
66 61 100
66 61 100
66 61 100
66 61 100
66 61 100
66 61 100
66 61 100
66 61 100
66 61 100
65 61 100
65 61 100
65 61 100
65 61 100
65 61 100
65 61 100
65 61 100
65 61 100
65 61 100
65 61 100
64 61 100
64 61 100
64 61 100
64 61 100
64 61 100
64 61 100
64 61 100
64 61 100
64 61 100
64 61 100
63 61 100
63 61 100
63 61 100
63 61 100
63 61 100
63 61 100
63 61 100
63 61 100
63 61 100
62 61 100
62 61 100
62 61 100
62 61 100
62 61 100
62 61 100
62 61 100
62 61 100
61 61 100
61 61 100
61 61 100
61 61 100
61 61 100
61 61 100
60 61 100
60 61 100
60 61 100
60 61 100
59 61 100
59 61 100
59 61 100
58 61 100
58 61 100
57 61 100
56 61 100
55 61 100
54 61 100
53 61 100
52 61 100
51 61 100
50 61 100
49 61 100
48 61 100
47 61 100
46 61 100
45 61 100
44 61 100
44 61 100
43 61 100
43 61 100
42 61 100
42 61 100
42 61 100
41 61 100
41 61 100
41 61 100
40 61 100
40 61 100
40 61 100
40 61 100
39 61 100
39 61 100
39 61 100
39 61 100
39 61 100
39 61 100
38 61 100
38 61 100
38 61 100
38 61 100
38 61 100
38 61 100
38 61 100
38 61 100
37 61 100
37 61 100
37 61 100
37 61 100
37 61 100
37 61 100
37 61 100
37 61 100
37 61 100
37 61 100
36 61 100
36 61 100
36 61 100
36 61 100
36 61 100
36 61 100
36 61 100
36 61 100
36 61 100
36 61 100
36 61 100
36 61 100
36 61 100
35 61 100
35 61 100
35 61 100
35 61 100
35 61 100
35 61 100
35 61 100
35 61 100
35 61 100
35 61 100
35 61 100
35 61 100
35 61 100
35 61 100
35 61 100
35 61 100
35 61 100
34 61 100
34 61 100
34 61 100
34 61 100
34 61 100
34 61 100
34 61 100
34 61 100
34 61 100
34 61 100
34 61 100
34 61 100
34 61 100
34 61 100
34 61 100
34 61 100
34 61 100
34 61 100
34 61 100
34 61 100
34 61 100
33 61 100
33 61 100
33 61 100
33 61 100
33 61 100
33 61 100
33 61 100
33 61 100
33 61 100
33 61 100
33 61 100
33 61 100
33 61 100
33 61 100
33 61 100
33 61 100
33 61 100
33 61 100
33 61 100
33 61 100
33 61 100
33 61 100
33 61 100
33 61 100
32 61 100
32 61 100
32 61 100
32 61 100
32 61 100
32 61 100
32 61 100
32 61 100
32 61 100
32 61 100
32 61 100
32 61 100
32 61 100
32 61 100
32 61 100
32 61 100
32 61 100
32 61 100
32 61 100
32 61 100
32 61 100
32 61 100
32 61 100
32 61 100
32 61 100
31 61 100
31 61 100
31 61 100
31 61 100
31 61 100
31 61 100
31 61 100
31 61 100
31 61 100
31 61 100
31 61 100
31 61 100
31 61 100
31 61 100
31 61 100
31 61 100
31 61 100
31 61 100
31 61 100
31 61 100
31 61 100
31 61 100
31 61 100
31 61 100
31 61 100
31 61 100
30 61 100
30 61 100
30 61 100
30 61 100
30 61 100
30 61 100
30 61 100
30 61 100
30 61 100
30 61 100
30 61 100
30 61 100
30 61 100
30 61 100
30 61 100
30 61 100
30 61 100
30 61 100
30 61 100
30 61 100
30 61 100
30 61 100
30 61 100
30 61 100
30 61 100
29 61 100
29 61 100
29 61 100
29 61 100
29 61 100
29 61 100
29 61 100
29 61 100
29 61 100
29 61 100
29 61 100
29 61 100
29 61 100
29 61 100
29 61 100
29 61 100
29 61 100
29 61 100
29 61 100
29 61 100
29 61 100
29 61 100
28 61 100
28 61 100
28 61 100
28 61 100
28 61 100
28 61 100
28 61 100
28 61 100
28 61 100
28 61 100
28 61 100
28 61 100
28 61 100
28 61 100
28 61 100
28 61 100
28 61 100
28 61 100
27 61 100
27 61 100
27 61 100
27 61 100
27 61 100
27 61 100
27 61 100
27 61 100
27 61 100
27 61 100
27 61 100
27 61 100
27 61 100
27 61 100
26 61 100
26 61 100
26 61 100
26 61 100
26 61 100
26 61 100
26 61 100
26 61 100
26 61 100
26 61 100
26 61 100
25 61 100
25 61 100
25 61 100
25 61 100
25 61 100
25 61 100
25 61 100
25 61 100
25 61 100
24 61 100
24 61 100
24 61 100
24 61 100
24 61 100
24 61 100
24 61 100
24 61 100
23 61 100
23 61 100
23 61 100
23 61 100
23 61 100
23 61 100
23 61 100
22 61 100
22 61 100
22 61 100
22 61 100
22 61 100
22 61 100
21 61 100
21 61 100
21 61 100
21 61 100
21 61 100
21 61 100
20 61 100
20 61 100
20 61 100
20 61 100
20 61 100
19 61 100
19 61 100
19 61 100
19 61 100
19 61 100
18 61 100
18 61 100
18 61 100
18 61 100
17 61 100
17 61 100
17 61 100
16 61 100
16 61 100
16 61 100
15 61 100
15 61 100
14 61 100
14 61 100
13 61 100
13 61 100
12 61 100
12 61 100
11 61 100
11 61 100
10 61 100
10 61 100
9 61 100
9 61 100
8 61 100
8 61 100
7 61 100
7 61 100
6 61 100
6 61 100
5 61 100
5 61 100
4 61 100
3 61 100
2 61 100
1 61 100
# move from (43,105) to (0,191)
43 105 100
42 105 100
41 105 100
40 105 100
39 105 100
38 105 100
37 105 100
36 105 100
35 105 100
34 105 100
33 105 100
32 105 100
31 105 100
30 105 100
29 105 100
28 105 100
27 105 100
26 105 100
25 105 100
25 105 100
24 105 100
24 105 100
23 105 100
23 105 100
22 105 100
22 105 100
22 105 100
21 105 100
21 105 100
21 105 100
21 105 100
20 105 100
20 105 100
20 105 100
20 105 100
20 105 100
19 105 100
19 105 100
19 105 100
19 105 100
19 105 100
19 105 100
18 105 100
18 105 100
18 105 100
18 105 100
18 105 100
18 105 100
18 105 100
17 105 100
17 105 100
17 105 100
17 105 100
17 105 100
17 105 100
17 105 100
17 105 100
16 105 100
16 105 100
16 105 100
16 105 100
16 105 100
16 105 100
16 105 100
16 105 100
16 105 100
15 105 100
15 105 100
15 105 100
15 105 100
15 105 100
15 105 100
15 105 100
15 105 100
15 105 100
14 105 100
14 105 100
14 105 100
14 105 100
14 105 100
14 105 100
14 105 100
14 105 100
14 105 100
13 105 100
13 105 100
13 105 100
13 105 100
13 105 100
13 105 100
13 105 100
13 105 100
12 105 100
12 105 100
12 105 100
12 105 100
12 105 100
12 105 100
12 105 100
11 105 100
11 105 100
11 105 100
11 105 100
11 105 100
11 105 100
11 105 100
10 105 100
10 105 100
10 105 100
10 105 100
10 105 100
10 105 100
9 105 100
9 105 100
9 105 100
9 105 100
9 105 100
9 105 100
8 105 100
8 105 100
8 105 100
8 105 100
8 105 100
8 105 100
7 105 100
7 105 100
7 105 100
7 105 100
7 105 100
7 105 100
7 105 100
6 105 100
6 105 100
6 105 100
6 105 100
6 105 100
6 105 100
6 105 100
5 105 100
5 105 100
5 105 100
5 105 100
5 105 100
5 105 100
5 105 100
4 105 100
4 105 100
4 105 100
4 105 100
4 105 100
4 105 100
4 105 100
3 105 100
3 105 100
3 105 100
3 105 100
3 105 100
3 105 100
3 105 100
2 105 100
2 105 100
2 105 100
2 105 100
2 105 100
2 105 100
2 105 100
1 105 100
1 105 100
1 105 100
1 105 100
1 105 100
1 105 100
# move from (180,169) to (0,191)
180 169 100
179 169 100
178 169 100
177 169 100
176 169 100
175 169 100
174 169 100
173 169 100
172 169 100
171 169 100
170 169 100
169 169 100
168 169 100
167 169 100
166 169 100
165 169 100
164 169 100
163 169 100
162 169 100
161 169 100
160 169 100
160 169 100
159 169 100
159 169 100
159 169 100
158 169 100
158 169 100
158 169 100
158 169 100
157 169 100
157 169 100
157 169 100
157 169 100
157 169 100
157 169 100
156 169 100
156 169 100
156 169 100
156 169 100
156 169 100
156 169 100
156 169 100
156 169 100
155 169 100
155 169 100
155 169 100
155 169 100
155 169 100
155 169 100
155 169 100
155 169 100
155 169 100
155 169 100
155 169 100
155 169 100
154 169 100
154 169 100
154 169 100
154 169 100
154 169 100
154 169 100
154 169 100
154 169 100
154 169 100
154 169 100
154 169 100
154 169 100
154 169 100
154 169 100
154 169 100
153 169 100
153 169 100
153 169 100
153 169 100
153 169 100
153 169 100
153 169 100
153 169 100
153 169 100
153 169 100
153 169 100
153 169 100
153 169 100
153 169 100
153 169 100
153 169 100
153 169 100
153 169 100
152 169 100
152 169 100
152 169 100
152 169 100
152 169 100
152 169 100
152 169 100
152 169 100
152 169 100
152 169 100
152 169 100
152 169 100
152 169 100
152 169 100
152 169 100
152 169 100
152 169 100
152 169 100
152 169 100
152 169 100
152 169 100
152 169 100
151 169 100
151 169 100
151 169 100
151 169 100
151 169 100
151 169 100
151 169 100
151 169 100
151 169 100
151 169 100
151 169 100
151 169 100
151 169 100
151 169 100
151 169 100
151 169 100
151 169 100
151 169 100
151 169 100
151 169 100
151 169 100
151 169 100
151 169 100
151 169 100
151 169 100
150 169 100
150 169 100
150 169 100
150 169 100
150 169 100
150 169 100
150 169 100
150 169 100
150 169 100
150 169 100
150 169 100
150 169 100
150 169 100
150 169 100
150 169 100
150 169 100
150 169 100
150 169 100
150 169 100
150 169 100
150 169 100
150 169 100
150 169 100
150 169 100
150 169 100
150 169 100
150 169 100
150 169 100
150 169 100
149 169 100
149 169 100
149 169 100
149 169 100
149 169 100
149 169 100
149 169 100
149 169 100
149 169 100
149 169 100
149 169 100
149 169 100
149 169 100
149 169 100
149 169 100
149 169 100
149 169 100
149 169 100
149 169 100
149 169 100
149 169 100
149 169 100
149 169 100
149 169 100
149 169 100
149 169 100
149 169 100
149 169 100
149 169 100
149 169 100
149 169 100
149 169 100
148 169 100
148 169 100
148 169 100
148 169 100
148 169 100
148 169 100
148 169 100
148 169 100
148 169 100
148 169 100
148 169 100
148 169 100
148 169 100
148 169 100
148 169 100
148 169 100
148 169 100
148 169 100
148 169 100
148 169 100
148 169 100
148 169 100
148 169 100
148 169 100
148 169 100
148 169 100
148 169 100
148 169 100
148 169 100
148 169 100
148 169 100
148 169 100
148 169 100
148 169 100
148 169 100
147 169 100
147 169 100
147 169 100
147 169 100
147 169 100
147 169 100
147 169 100
147 169 100
147 169 100
147 169 100
147 169 100
147 169 100
147 169 100
147 169 100
147 169 100
147 169 100
147 169 100
147 169 100
147 169 100
147 169 100
147 169 100
147 169 100
147 169 100
147 169 100
147 169 100
147 169 100
147 169 100
147 169 100
147 169 100
147 169 100
147 169 100
147 169 100
147 169 100
147 169 100
147 169 100
147 169 100
147 169 100
146 169 100
146 169 100
146 169 100
146 169 100
146 169 100
146 169 100
146 169 100
146 169 100
146 169 100
146 169 100
146 169 100
146 169 100
146 169 100
146 169 100
146 169 100
146 169 100
146 169 100
146 169 100
146 169 100
146 169 100
146 169 100
146 169 100
146 169 100
146 169 100
146 169 100
146 169 100
146 169 100
146 169 100
146 169 100
146 169 100
146 169 100
146 169 100
146 169 100
146 169 100
146 169 100
146 169 100
146 169 100
146 169 100
145 169 100
145 169 100
145 169 100
145 169 100
145 169 100
145 169 100
145 169 100
145 169 100
145 169 100
145 169 100
145 169 100
145 169 100
145 169 100
145 169 100
145 169 100
145 169 100
145 169 100
145 169 100
145 169 100
145 169 100
145 169 100
145 169 100
145 169 100
145 169 100
145 169 100
145 169 100
145 169 100
145 169 100
145 169 100
145 169 100
145 169 100
145 169 100
145 169 100
145 169 100
145 169 100
145 169 100
145 169 100
145 169 100
144 169 100
144 169 100
144 169 100
144 169 100
144 169 100
144 169 100
144 169 100
144 169 100
144 169 100
144 169 100
144 169 100
144 169 100
144 169 100
144 169 100
144 169 100
144 169 100
144 169 100
144 169 100
144 169 100
144 169 100
144 169 100
144 169 100
144 169 100
144 169 100
144 169 100
144 169 100
144 169 100
144 169 100
144 169 100
144 169 100
144 169 100
144 169 100
144 169 100
144 169 100
144 169 100
144 169 100
143 169 100
143 169 100
143 169 100
143 169 100
143 169 100
143 169 100
143 169 100
143 169 100
143 169 100
143 169 100
143 169 100
143 169 100
143 169 100
143 169 100
143 169 100
143 169 100
143 169 100
143 169 100
143 169 100
143 169 100
143 169 100
143 169 100
143 169 100
143 169 100
143 169 100
143 169 100
143 169 100
143 169 100
143 169 100
143 169 100
143 169 100
143 169 100
143 169 100
142 169 100
142 169 100
142 169 100
142 169 100
142 169 100
142 169 100
142 169 100
142 169 100
142 169 100
142 169 100
142 169 100
142 169 100
142 169 100
142 169 100
142 169 100
142 169 100
142 169 100
142 169 100
142 169 100
142 169 100
142 169 100
142 169 100
142 169 100
142 169 100
142 169 100
142 169 100
142 169 100
142 169 100
142 169 100
142 169 100
141 169 100
141 169 100
141 169 100
141 169 100
141 169 100
141 169 100
141 169 100
141 169 100
141 169 100
141 169 100
141 169 100
141 169 100
141 169 100
141 169 100
141 169 100
141 169 100
141 169 100
141 169 100
141 169 100
141 169 100
141 169 100
141 169 100
141 169 100
141 169 100
141 169 100
141 169 100
140 169 100
140 169 100
140 169 100
140 169 100
140 169 100
140 169 100
140 169 100
140 169 100
140 169 100
140 169 100
140 169 100
140 169 100
140 169 100
140 169 100
140 169 100
140 169 100
140 169 100
140 169 100
140 169 100
140 169 100
140 169 100
140 169 100
139 169 100
139 169 100
139 169 100
139 169 100
139 169 100
139 169 100
139 169 100
139 169 100
139 169 100
139 169 100
139 169 100
139 169 100
139 169 100
139 169 100
139 169 100
139 169 100
139 169 100
139 169 100
139 169 100
138 169 100
138 169 100
138 169 100
138 169 100
138 169 100
138 169 100
138 169 100
138 169 100
138 169 100
138 169 100
138 169 100
138 169 100
138 169 100
138 169 100
138 169 100
138 169 100
138 169 100
137 169 100
137 169 100
137 169 100
137 169 100
137 169 100
137 169 100
137 169 100
137 169 100
137 169 100
137 169 100
137 169 100
137 169 100
137 169 100
137 169 100
137 169 100
136 169 100
136 169 100
136 169 100
136 169 100
136 169 100
136 169 100
136 169 100
136 169 100
136 169 100
136 169 100
136 169 100
136 169 100
136 169 100
136 169 100
136 169 100
135 169 100
135 169 100
135 169 100
135 169 100
135 169 100
135 169 100
135 169 100
135 169 100
135 169 100
135 169 100
135 169 100
135 169 100
135 169 100
135 169 100
134 169 100
134 169 100
134 169 100
134 169 100
134 169 100
134 169 100
134 169 100
134 169 100
134 169 100
134 169 100
134 169 100
134 169 100
133 169 100
133 169 100
133 169 100
133 169 100
133 169 100
133 169 100
133 169 100
133 169 100
133 169 100
133 169 100
132 169 100
132 169 100
132 169 100
132 169 100
132 169 100
132 169 100
132 169 100
131 169 100
131 169 100
131 169 100
131 169 100
131 169 100
130 169 100
130 169 100
130 169 100
129 169 100
129 169 100
128 169 100
127 169 100
126 169 100
125 169 100
124 169 100
123 169 100
122 169 100
121 169 100
120 169 100
119 169 100
118 169 100
117 169 100
116 169 100
115 169 100
114 169 100
113 169 100
112 169 100
111 169 100
110 169 100
109 169 100
108 169 100
107 169 100
106 169 100
105 169 100
104 169 100
103 169 100
102 169 100
101 169 100
100 169 100
100 169 100
99 169 100
99 169 100
98 169 100
98 169 100
97 169 100
97 169 100
97 169 100
96 169 100
96 169 100
96 169 100
95 169 100
95 169 100
94 169 100
94 169 100
93 169 100
93 169 100
92 169 100
92 169 100
91 169 100
91 169 100
90 169 100
90 169 100
89 169 100
89 169 100
88 169 100
88 169 100
87 169 100
87 169 100
87 169 100
86 169 100
86 169 100
86 169 100
86 169 100
85 169 100
85 169 100
85 169 100
85 169 100
85 169 100
84 169 100
84 169 100
84 169 100
84 169 100
84 169 100
84 169 100
83 169 100
83 169 100
83 169 100
83 169 100
83 169 100
83 169 100
83 169 100
83 169 100
82 169 100
82 169 100
82 169 100
82 169 100
82 169 100
82 169 100
82 169 100
82 169 100
82 169 100
81 169 100
81 169 100
81 169 100
81 169 100
81 169 100
81 169 100
81 169 100
81 169 100
81 169 100
81 169 100
80 169 100
80 169 100
80 169 100
80 169 100
80 169 100
80 169 100
80 169 100
80 169 100
80 169 100
80 169 100
80 169 100
79 169 100
79 169 100
79 169 100
79 169 100
79 169 100
79 169 100
79 169 100
79 169 100
79 169 100
79 169 100
79 169 100
79 169 100
78 169 100
78 169 100
78 169 100
78 169 100
78 169 100
78 169 100
78 169 100
78 169 100
78 169 100
78 169 100
78 169 100
78 169 100
77 169 100
77 169 100
77 169 100
77 169 100
77 169 100
77 169 100
77 169 100
77 169 100
77 169 100
77 169 100
77 169 100
77 169 100
77 169 100
76 169 100
76 169 100
76 169 100
76 169 100
76 169 100
76 169 100
76 169 100
76 169 100
76 169 100
76 169 100
76 169 100
76 169 100
76 169 100
76 169 100
75 169 100
75 169 100
75 169 100
75 169 100
75 169 100
75 169 100
75 169 100
75 169 100
75 169 100
75 169 100
75 169 100
75 169 100
75 169 100
75 169 100
75 169 100
75 169 100
74 169 100
74 169 100
74 169 100
74 169 100
74 169 100
74 169 100
74 169 100
74 169 100
74 169 100
74 169 100
74 169 100
74 169 100
74 169 100
74 169 100
74 169 100
74 169 100
74 169 100
73 169 100
73 169 100
73 169 100
73 169 100
73 169 100
73 169 100
73 169 100
73 169 100
73 169 100
73 169 100
73 169 100
73 169 100
73 169 100
73 169 100
73 169 100
73 169 100
73 169 100
73 169 100
73 169 100
72 169 100
72 169 100
72 169 100
72 169 100
72 169 100
72 169 100
72 169 100
72 169 100
72 169 100
72 169 100
72 169 100
72 169 100
72 169 100
72 169 100
72 169 100
72 169 100
72 169 100
72 169 100
72 169 100
72 169 100
72 169 100
72 169 100
71 169 100
71 169 100
71 169 100
71 169 100
71 169 100
71 169 100
71 169 100
71 169 100
71 169 100
71 169 100
71 169 100
71 169 100
71 169 100
71 169 100
71 169 100
71 169 100
71 169 100
71 169 100
71 169 100
71 169 100
71 169 100
71 169 100
71 169 100
71 169 100
70 169 100
70 169 100
70 169 100
70 169 100
70 169 100
70 169 100
70 169 100
70 169 100
70 169 100
70 169 100
70 169 100
70 169 100
70 169 100
70 169 100
70 169 100
70 169 100
70 169 100
70 169 100
70 169 100
70 169 100
70 169 100
70 169 100
70 169 100
70 169 100
70 169 100
70 169 100
70 169 100
69 169 100
69 169 100
69 169 100
69 169 100
69 169 100
69 169 100
69 169 100
69 169 100
69 169 100
69 169 100
69 169 100
69 169 100
69 169 100
69 169 100
69 169 100
69 169 100
69 169 100
69 169 100
69 169 100
69 169 100
69 169 100
69 169 100
69 169 100
69 169 100
69 169 100
69 169 100
69 169 100
69 169 100
68 169 100
68 169 100
68 169 100
68 169 100
68 169 100
68 169 100
68 169 100
68 169 100
68 169 100
68 169 100
68 169 100
68 169 100
68 169 100
68 169 100
68 169 100
68 169 100
68 169 100
68 169 100
68 169 100
68 169 100
68 169 100
68 169 100
68 169 100
68 169 100
68 169 100
68 169 100
68 169 100
68 169 100
68 169 100
67 169 100
67 169 100
67 169 100
67 169 100
67 169 100
67 169 100
67 169 100
67 169 100
67 169 100
67 169 100
67 169 100
67 169 100
67 169 100
67 169 100
67 169 100
67 169 100
67 169 100
67 169 100
67 169 100
67 169 100
67 169 100
67 169 100
67 169 100
67 169 100
67 169 100
67 169 100
67 169 100
67 169 100
67 169 100
66 169 100
66 169 100
66 169 100
66 169 100
66 169 100
66 169 100
66 169 100
66 169 100
66 169 100
66 169 100
66 169 100
66 169 100
66 169 100
66 169 100
66 169 100
66 169 100
66 169 100
66 169 100
66 169 100
66 169 100
66 169 100
66 169 100
66 169 100
66 169 100
66 169 100
66 169 100
66 169 100
66 169 100
65 169 100
65 169 100
65 169 100
65 169 100
65 169 100
65 169 100
65 169 100
65 169 100
65 169 100
65 169 100
65 169 100
65 169 100
65 169 100
65 169 100
65 169 100
65 169 100
65 169 100
65 169 100
65 169 100
65 169 100
65 169 100
65 169 100
65 169 100
65 169 100
65 169 100
65 169 100
64 169 100
64 169 100
64 169 100
64 169 100
64 169 100
64 169 100
64 169 100
64 169 100
64 169 100
64 169 100
64 169 100
64 169 100
64 169 100
64 169 100
64 169 100
64 169 100
64 169 100
64 169 100
64 169 100
64 169 100
64 169 100
64 169 100
64 169 100
63 169 100
63 169 100
63 169 100
63 169 100
63 169 100
63 169 100
63 169 100
63 169 100
63 169 100
63 169 100
63 169 100
63 169 100
63 169 100
63 169 100
63 169 100
63 169 100
63 169 100
63 169 100
63 169 100
63 169 100
62 169 100
62 169 100
62 169 100
62 169 100
62 169 100
62 169 100
62 169 100
62 169 100
62 169 100
62 169 100
62 169 100
62 169 100
62 169 100
62 169 100
62 169 100
62 169 100
62 169 100
61 169 100
61 169 100
61 169 100
61 169 100
61 169 100
61 169 100
61 169 100
61 169 100
61 169 100
61 169 100
61 169 100
61 169 100
61 169 100
61 169 100
61 169 100
60 169 100
60 169 100
60 169 100
60 169 100
60 169 100
60 169 100
60 169 100
60 169 100
60 169 100
60 169 100
60 169 100
60 169 100
60 169 100
60 169 100
59 169 100
59 169 100
59 169 100
59 169 100
59 169 100
59 169 100
59 169 100
59 169 100
59 169 100
59 169 100
59 169 100
59 169 100
59 169 100
58 169 100
58 169 100
58 169 100
58 169 100
58 169 100
58 169 100
58 169 100
58 169 100
58 169 100
58 169 100
58 169 100
58 169 100
57 169 100
57 169 100
57 169 100
57 169 100
57 169 100
57 169 100
57 169 100
57 169 100
57 169 100
57 169 100
57 169 100
57 169 100
56 169 100
56 169 100
56 169 100
56 169 100
56 169 100
56 169 100
56 169 100
56 169 100
56 169 100
56 169 100
56 169 100
56 169 100
55 169 100
55 169 100
55 169 100
55 169 100
55 169 100
55 169 100
55 169 100
55 169 100
55 169 100
55 169 100
55 169 100
54 169 100
54 169 100
54 169 100
54 169 100
54 169 100
54 169 100
54 169 100
54 169 100
54 169 100
53 169 100
53 169 100
53 169 100
53 169 100
53 169 100
53 169 100
53 169 100
53 169 100
52 169 100
52 169 100
52 169 100
52 169 100
52 169 100
52 169 100
51 169 100
51 169 100
51 169 100
51 169 100
51 169 100
50 169 100
50 169 100
50 169 100
50 169 100
49 169 100
49 169 100
49 169 100
48 169 100
48 169 100
47 169 100
47 169 100
46 169 100
46 169 100
45 169 100
45 169 100
44 169 100
44 169 100
43 169 100
43 169 100
42 169 100
42 169 100
42 169 100
41 169 100
41 169 100
41 169 100
40 169 100
40 169 100
40 169 100
40 169 100
39 169 100
39 169 100
39 169 100
39 169 100
38 169 100
38 169 100
38 169 100
38 169 100
38 169 100
37 169 100
37 169 100
37 169 100
37 169 100
37 169 100
36 169 100
36 169 100
36 169 100
36 169 100
36 169 100
36 169 100
35 169 100
35 169 100
35 169 100
35 169 100
35 169 100
35 169 100
34 169 100
34 169 100
34 169 100
34 169 100
34 169 100
34 169 100
33 169 100
33 169 100
33 169 100
33 169 100
33 169 100
33 169 100
32 169 100
32 169 100
32 169 100
32 169 100
32 169 100
31 169 100
31 169 100
31 169 100
31 169 100
30 169 100
30 169 100
30 169 100
29 169 100
29 169 100
28 169 100
28 169 100
27 169 100
26 169 100
25 169 100
24 169 100
23 169 100
22 169 100
21 169 100
20 169 100
19 169 100
18 169 100
17 169 100
16 169 100
15 169 100
14 169 100
13 169 100
12 169 100
11 169 100
10 169 100
9 169 100
8 169 100
7 169 100
6 169 100
5 169 100
5 169 100
4 169 100
4 169 100
3 169 100
3 169 100
2 169 100
2 169 100
1 169 100
1 169 100
1 169 100
# move from (120,166) to (0,191)
120 166 100
119 166 100
118 166 100
117 166 100
116 166 100
115 166 100
114 166 100
113 166 100
112 166 100
111 166 100
110 166 100
109 166 100
108 166 100
107 166 100
106 166 100
105 166 100
104 166 100
103 166 100
102 166 100
101 166 100
100 166 100
99 166 100
98 166 100
98 166 100
97 166 100
97 166 100
96 166 100
96 166 100
95 166 100
95 166 100
94 166 100
94 166 100
93 166 100
93 166 100
92 166 100
92 166 100
91 166 100
91 166 100
90 166 100
90 166 100
89 166 100
89 166 100
89 166 100
88 166 100
88 166 100
88 166 100
87 166 100
87 166 100
87 166 100
87 166 100
86 166 100
86 166 100
86 166 100
86 166 100
85 166 100
85 166 100
85 166 100
85 166 100
85 166 100
84 166 100
84 166 100
84 166 100
84 166 100
84 166 100
84 166 100
83 166 100
83 166 100
83 166 100
83 166 100
83 166 100
83 166 100
83 166 100
83 166 100
82 166 100
82 166 100
82 166 100
82 166 100
82 166 100
82 166 100
82 166 100
82 166 100
81 166 100
81 166 100
81 166 100
81 166 100
81 166 100
81 166 100
81 166 100
81 166 100
81 166 100
80 166 100
80 166 100
80 166 100
80 166 100
80 166 100
80 166 100
80 166 100
80 166 100
80 166 100
79 166 100
79 166 100
79 166 100
79 166 100
79 166 100
79 166 100
79 166 100
79 166 100
79 166 100
78 166 100
78 166 100
78 166 100
78 166 100
78 166 100
78 166 100
78 166 100
78 166 100
77 166 100
77 166 100
77 166 100
77 166 100
77 166 100
77 166 100
77 166 100
77 166 100
76 166 100
76 166 100
76 166 100
76 166 100
76 166 100
76 166 100
76 166 100
76 166 100
75 166 100
75 166 100
75 166 100
75 166 100
75 166 100
75 166 100
75 166 100
75 166 100
74 166 100
74 166 100
74 166 100
74 166 100
74 166 100
74 166 100
74 166 100
74 166 100
73 166 100
73 166 100
73 166 100
73 166 100
73 166 100
73 166 100
73 166 100
73 166 100
73 166 100
72 166 100
72 166 100
72 166 100
72 166 100
72 166 100
72 166 100
72 166 100
72 166 100
72 166 100
72 166 100
71 166 100
71 166 100
71 166 100
71 166 100
71 166 100
71 166 100
71 166 100
71 166 100
71 166 100
71 166 100
71 166 100
70 166 100
70 166 100
70 166 100
70 166 100
70 166 100
70 166 100
70 166 100
70 166 100
70 166 100
70 166 100
70 166 100
70 166 100
70 166 100
69 166 100
69 166 100
69 166 100
69 166 100
69 166 100
69 166 100
69 166 100
69 166 100
69 166 100
69 166 100
69 166 100
69 166 100
69 166 100
69 166 100
68 166 100
68 166 100
68 166 100
68 166 100
68 166 100
68 166 100
68 166 100
68 166 100
68 166 100
68 166 100
68 166 100
68 166 100
68 166 100
68 166 100
68 166 100
67 166 100
67 166 100
67 166 100
67 166 100
67 166 100
67 166 100
67 166 100
67 166 100
67 166 100
67 166 100
67 166 100
67 166 100
67 166 100
67 166 100
67 166 100
66 166 100
66 166 100
66 166 100
66 166 100
66 166 100
66 166 100
66 166 100
66 166 100
66 166 100
66 166 100
66 166 100
66 166 100
66 166 100
66 166 100
65 166 100
65 166 100
65 166 100
65 166 100
65 166 100
65 166 100
65 166 100
65 166 100
65 166 100
65 166 100
65 166 100
65 166 100
65 166 100
64 166 100
64 166 100
64 166 100
64 166 100
64 166 100
64 166 100
64 166 100
64 166 100
64 166 100
64 166 100
64 166 100
63 166 100
63 166 100
63 166 100
63 166 100
63 166 100
63 166 100
63 166 100
63 166 100
63 166 100
63 166 100
62 166 100
62 166 100
62 166 100
62 166 100
62 166 100
62 166 100
62 166 100
62 166 100
61 166 100
61 166 100
61 166 100
61 166 100
61 166 100
61 166 100
61 166 100
60 166 100
60 166 100
60 166 100
60 166 100
60 166 100
60 166 100
60 166 100
59 166 100
59 166 100
59 166 100
59 166 100
59 166 100
59 166 100
58 166 100
58 166 100
58 166 100
58 166 100
58 166 100
58 166 100
57 166 100
57 166 100
57 166 100
57 166 100
57 166 100
57 166 100
56 166 100
56 166 100
56 166 100
56 166 100
56 166 100
56 166 100
55 166 100
55 166 100
55 166 100
55 166 100
55 166 100
54 166 100
54 166 100
54 166 100
54 166 100
54 166 100
53 166 100
53 166 100
53 166 100
53 166 100
52 166 100
52 166 100
52 166 100
51 166 100
51 166 100
51 166 100
50 166 100
50 166 100
49 166 100
49 166 100
48 166 100
48 166 100
47 166 100
46 166 100
45 166 100
44 166 100
43 166 100
43 166 100
42 166 100
42 166 100
41 166 100
41 166 100
40 166 100
40 166 100
39 166 100
39 166 100
39 166 100
38 166 100
38 166 100
38 166 100
37 166 100
37 166 100
37 166 100
37 166 100
36 166 100
36 166 100
36 166 100
36 166 100
35 166 100
35 166 100
35 166 100
35 166 100
34 166 100
34 166 100
34 166 100
34 166 100
33 166 100
33 166 100
33 166 100
33 166 100
32 166 100
32 166 100
32 166 100
31 166 100
31 166 100
31 166 100
30 166 100
30 166 100
29 166 100
29 166 100
28 166 100
28 166 100
27 166 100
26 166 100
25 166 100
24 166 100
23 166 100
22 166 100
21 166 100
20 166 100
19 166 100
18 166 100
17 166 100
16 166 100
15 166 100
14 166 100
13 166 100
12 166 100
11 166 100
10 166 100
9 166 100
8 166 100
8 166 100
7 166 100
7 166 100
6 166 100
6 166 100
5 166 100
5 166 100
5 166 100
4 166 100
4 166 100
4 166 100
3 166 100
3 166 100
3 166 100
2 166 100
2 166 100
2 166 100
1 166 100
1 166 100
1 166 100
# move from (79,189) to (0,191)
79 189 100
78 189 100
77 189 100
76 189 100
75 189 100
74 189 100
73 189 100
72 189 100
72 189 100
71 189 100
71 189 100
70 189 100
70 189 100
70 189 100
69 189 100
69 189 100
69 189 100
69 189 100
68 189 100
68 189 100
68 189 100
68 189 100
68 189 100
67 189 100
67 189 100
67 189 100
67 189 100
67 189 100
67 189 100
66 189 100
66 189 100
66 189 100
66 189 100
66 189 100
66 189 100
65 189 100
65 189 100
65 189 100
65 189 100
65 189 100
65 189 100
64 189 100
64 189 100
64 189 100
64 189 100
64 189 100
64 189 100
63 189 100
63 189 100
63 189 100
63 189 100
63 189 100
62 189 100
62 189 100
62 189 100
62 189 100
62 189 100
61 189 100
61 189 100
61 189 100
61 189 100
61 189 100
60 189 100
60 189 100
60 189 100
60 189 100
59 189 100
59 189 100
59 189 100
59 189 100
58 189 100
58 189 100
58 189 100
58 189 100
57 189 100
57 189 100
57 189 100
57 189 100
56 189 100
56 189 100
56 189 100
55 189 100
55 189 100
55 189 100
54 189 100
54 189 100
53 189 100
53 189 100
52 189 100
51 189 100
50 189 100
49 189 100
48 189 100
47 189 100
46 189 100
45 189 100
44 189 100
43 189 100
42 189 100
41 189 100
40 189 100
39 189 100
38 189 100
37 189 100
36 189 100
35 189 100
34 189 100
33 189 100
32 189 100
32 189 100
31 189 100
31 189 100
30 189 100
30 189 100
30 189 100
29 189 100
29 189 100
29 189 100
28 189 100
28 189 100
28 189 100
27 189 100
27 189 100
27 189 100
26 189 100
26 189 100
26 189 100
25 189 100
25 189 100
25 189 100
24 189 100
24 189 100
24 189 100
23 189 100
23 189 100
22 189 100
22 189 100
21 189 100
20 189 100
19 189 100
18 189 100
17 189 100
16 189 100
15 189 100
14 189 100
13 189 100
12 189 100
11 189 100
10 189 100
9 189 100
8 189 100
7 189 100
6 189 100
5 189 100
4 189 100
3 189 100
2 189 100
1 189 100
1 189 100
