# move from (152,7) to (27,115)
152 7 100
151 7 100
150 7 100
149 7 100
148 7 100
147 7 100
146 7 100
145 7 100
144 7 100
143 7 100
142 7 100
141 7 100
140 7 100
139 7 100
138 7 100
137 7 100
136 7 100
135 7 100
134 7 100
133 7 100
132 7 100
131 7 100
130 7 100
129 7 100
128 7 100
127 7 100
126 7 100
125 7 100
124 7 100
123 7 100
122 7 100
121 7 100
120 7 100
119 7 100
118 7 100
117 7 100
116 7 100
115 7 100
114 7 100
113 7 100
112 7 100
111 7 100
110 7 100
109 7 100
108 7 100
107 7 100
107 7 100
106 7 100
106 7 100
105 7 100
105 7 100
104 7 100
104 7 100
103 7 100
103 7 100
103 7 100
102 7 100
102 7 100
102 7 100
101 7 100
101 7 100
101 7 100
101 7 100
100 7 100
100 7 100
100 7 100
100 7 100
99 7 100
99 7 100
99 7 100
99 7 100
98 7 100
98 7 100
98 7 100
98 7 100
97 7 100
97 7 100
97 7 100
97 7 100
97 7 100
96 7 100
96 7 100
96 7 100
96 7 100
95 7 100
95 7 100
95 7 100
95 7 100
94 7 100
94 7 100
94 7 100
93 7 100
93 7 100
93 7 100
92 7 100
92 7 100
91 7 100
91 7 100
90 7 100
89 7 100
88 7 100
87 7 100
86 7 100
85 7 100
84 7 100
83 7 100
82 7 100
81 7 100
80 7 100
79 7 100
78 7 100
77 7 100
76 7 100
75 7 100
74 7 100
73 7 100
72 7 100
71 7 100
70 7 100
69 7 100
68 7 100
67 7 100
66 7 100
65 7 100
64 7 100
63 7 100
62 7 100
61 7 100
60 7 100
59 7 100
58 7 100
57 7 100
56 7 100
55 7 100
54 7 100
53 7 100
52 7 100
51 7 100
50 7 100
49 7 100
48 7 100
47 7 100
46 7 100
45 7 100
44 7 100
43 7 100
42 7 100
41 7 100
41 7 100
40 7 100
40 7 100
39 7 100
39 7 100
39 7 100
38 7 100
38 7 100
38 7 100
38 7 100
37 7 100
37 7 100
37 7 100
37 7 100
37 7 100
37 7 100
36 7 100
36 7 100
36 7 100
36 7 100
36 7 100
36 7 100
36 7 100
35 7 100
35 7 100
35 7 100
35 7 100
35 7 100
35 7 100
35 7 100
35 7 100
35 7 100
34 7 100
34 7 100
34 7 100
34 7 100
34 7 100
34 7 100
34 7 100
34 7 100
34 7 100
34 7 100
34 7 100
33 7 100
33 7 100
33 7 100
33 7 100
33 7 100
33 7 100
33 7 100
33 7 100
33 7 100
33 7 100
33 7 100
33 7 100
32 7 100
32 7 100
32 7 100
32 7 100
32 7 100
32 7 100
32 7 100
32 7 100
32 7 100
32 7 100
32 7 100
32 7 100
32 7 100
31 7 100
31 7 100
31 7 100
31 7 100
31 7 100
31 7 100
31 7 100
31 7 100
31 7 100
31 7 100
31 7 100
31 7 100
31 7 100
31 7 100
30 7 100
30 7 100
30 7 100
30 7 100
30 7 100
30 7 100
30 7 100
30 7 100
30 7 100
30 7 100
30 7 100
30 7 100
30 7 100
30 7 100
30 7 100
29 7 100
29 7 100
29 7 100
29 7 100
29 7 100
29 7 100
29 7 100
29 7 100
29 7 100
29 7 100
29 7 100
29 7 100
29 7 100
29 7 100
29 7 100
29 7 100
29 7 100
28 7 100
28 7 100
28 7 100
28 7 100
28 7 100
28 7 100
28 7 100
28 7 100
28 7 100
28 7 100
28 7 100
28 7 100
28 7 100
28 7 100
28 7 100
28 7 100
28 7 100
28 7 100
27 7 100
27 7 100
27 7 100
27 7 100
27 7 100
27 7 100
27 7 100
27 7 100
27 7 100
27 7 100
27 7 100
27 7 100
27 7 100
27 7 100
27 7 100
27 7 100
27 7 100
27 7 100
27 7 100
27 8 100
27 8 100
27 8 100
27 8 100
27 8 100
27 8 100
27 8 100
27 8 100
27 8 100
27 8 100
27 8 100
27 8 100
27 8 100
27 8 100
27 8 100
27 8 100
27 8 100
27 9 100
27 9 100
27 9 100
27 9 100
27 9 100
27 9 100
27 9 100
27 9 100
27 9 100
27 9 100
27 9 100
27 9 100
27 9 100
27 9 100
27 10 100
27 10 100
27 10 100
27 10 100
27 10 100
27 10 100
27 10 100
27 10 100
27 10 100
27 10 100
27 10 100
27 10 100
27 11 100
27 11 100
27 11 100
27 11 100
27 11 100
27 11 100
27 11 100
27 11 100
27 11 100
27 12 100
27 12 100
27 12 100
27 12 100
27 12 100
27 12 100
27 12 100
27 13 100
27 13 100
27 13 100
27 13 100
27 13 100
27 13 100
27 14 100
27 14 100
27 14 100
27 14 100
27 15 100
27 15 100
27 15 100
27 16 100
27 16 100
27 16 100
27 17 100
27 17 100
27 18 100
27 18 100
27 19 100
27 19 100
27 20 100
27 20 100
27 21 100
27 21 100
27 22 100
27 23 100
27 24 100
27 25 100
27 26 100
27 27 100
27 28 100
27 29 100
27 30 100
27 31 100
27 32 100
27 33 100
27 34 100
27 35 100
27 36 100
27 37 100
27 38 100
27 39 100
27 40 100
27 41 100
27 42 100
27 43 100
27 44 100
27 45 100
27 46 100
27 47 100
27 48 100
27 49 100
27 50 100
27 51 100
27 52 100
27 53 100
27 54 100
27 55 100
27 56 100
27 57 100
27 58 100
27 59 100
27 60 100
27 61 100
27 61 100
27 62 100
27 62 100
27 63 100
27 63 100
27 64 100
27 64 100
27 65 100
27 65 100
27 66 100
27 66 100
27 66 100
27 67 100
27 67 100
27 67 100
27 68 100
27 68 100
27 68 100
27 69 100
27 69 100
27 69 100
27 69 100
27 70 100
27 70 100
27 70 100
27 70 100
27 70 100
27 71 100
27 71 100
27 71 100
27 71 100
27 71 100
27 71 100
27 72 100
27 72 100
27 72 100
27 72 100
27 72 100
27 72 100
27 72 100
27 73 100
27 73 100
27 73 100
27 73 100
27 73 100
27 73 100
27 73 100
27 73 100
27 73 100
27 74 100
27 74 100
27 74 100
27 74 100
27 74 100
27 74 100
27 74 100
27 74 100
27 74 100
27 74 100
27 74 100
27 75 100
27 75 100
27 75 100
27 75 100
27 75 100
27 75 100
27 75 100
27 75 100
27 75 100
27 75 100
27 75 100
27 75 100
27 75 100
27 76 100
27 76 100
27 76 100
27 76 100
27 76 100
27 76 100
27 76 100
27 76 100
27 76 100
27 76 100
27 76 100
27 76 100
27 76 100
27 76 100
27 76 100
27 77 100
27 77 100
27 77 100
27 77 100
27 77 100
27 77 100
27 77 100
27 77 100
27 77 100
27 77 100
27 77 100
27 77 100
27 77 100
27 77 100
27 77 100
27 77 100
27 77 100
27 78 100
27 78 100
27 78 100
27 78 100
27 78 100
27 78 100
27 78 100
27 78 100
27 78 100
27 78 100
27 78 100
27 78 100
27 78 100
27 78 100
27 78 100
27 78 100
27 78 100
27 78 100
27 79 100
27 79 100
27 79 100
27 79 100
27 79 100
27 79 100
27 79 100
27 79 100
27 79 100
27 79 100
27 79 100
27 79 100
27 79 100
27 79 100
27 79 100
27 79 100
27 79 100
27 79 100
27 79 100
27 79 100
27 80 100
27 80 100
27 80 100
27 80 100
27 80 100
27 80 100
27 80 100
27 80 100
27 80 100
27 80 100
27 80 100
27 80 100
27 80 100
27 80 100
27 80 100
27 80 100
27 80 100
27 80 100
27 80 100
27 80 100
27 80 100
27 81 100
27 81 100
27 81 100
27 81 100
27 81 100
27 81 100
27 81 100
27 81 100
27 81 100
27 81 100
27 81 100
27 81 100
27 81 100
27 81 100
27 81 100
27 81 100
27 81 100
27 81 100
27 81 100
27 81 100
27 81 100
27 82 100
27 82 100
27 82 100
27 82 100
27 82 100
27 82 100
27 82 100
27 82 100
27 82 100
27 82 100
27 82 100
27 82 100
27 82 100
27 82 100
27 82 100
27 82 100
27 82 100
27 82 100
27 82 100
27 82 100
27 82 100
27 82 100
27 83 100
27 83 100
27 83 100
27 83 100
27 83 100
27 83 100
27 83 100
27 83 100
27 83 100
27 83 100
27 83 100
27 83 100
27 83 100
27 83 100
27 83 100
27 83 100
27 83 100
27 83 100
27 83 100
27 83 100
27 83 100
27 83 100
27 83 100
27 84 100
27 84 100
27 84 100
27 84 100
27 84 100
27 84 100
27 84 100
27 84 100
27 84 100
27 84 100
27 84 100
27 84 100
27 84 100
27 84 100
27 84 100
27 84 100
27 84 100
27 84 100
27 84 100
27 84 100
27 84 100
27 84 100
27 84 100
27 84 100
27 85 100
27 85 100
27 85 100
27 85 100
27 85 100
27 85 100
27 85 100
27 85 100
27 85 100
27 85 100
27 85 100
27 85 100
27 85 100
27 85 100
27 85 100
27 85 100
27 85 100
27 85 100
27 85 100
27 85 100
27 85 100
27 85 100
27 85 100
27 85 100
27 85 100
27 86 100
27 86 100
27 86 100
27 86 100
27 86 100
27 86 100
27 86 100
27 86 100
27 86 100
27 86 100
27 86 100
27 86 100
27 86 100
27 86 100
27 86 100
27 86 100
27 86 100
27 86 100
27 86 100
27 86 100
27 86 100
27 86 100
27 86 100
27 86 100
27 86 100
27 86 100
27 86 100
27 87 100
27 87 100
27 87 100
27 87 100
27 87 100
27 87 100
27 87 100
27 87 100
27 87 100
27 87 100
27 87 100
27 87 100
27 87 100
27 87 100
27 87 100
27 87 100
27 87 100
27 87 100
27 87 100
27 87 100
27 87 100
27 87 100
27 87 100
27 87 100
27 87 100
27 87 100
27 87 100
27 87 100
27 88 100
27 88 100
27 88 100
27 88 100
27 88 100
27 88 100
27 88 100
27 88 100
27 88 100
27 88 100
27 88 100
27 88 100
27 88 100
27 88 100
27 88 100
27 88 100
27 88 100
27 88 100
27 88 100
27 88 100
27 88 100
27 88 100
27 88 100
27 88 100
27 88 100
27 88 100
27 88 100
27 88 100
27 88 100
27 88 100
27 89 100
27 89 100
27 89 100
27 89 100
27 89 100
27 89 100
27 89 100
27 89 100
27 89 100
27 89 100
27 89 100
27 89 100
27 89 100
27 89 100
27 89 100
27 89 100
27 89 100
27 89 100
27 89 100
27 89 100
27 89 100
27 89 100
27 89 100
27 89 100
27 89 100
27 89 100
27 89 100
27 89 100
27 89 100
27 89 100
27 89 100
27 90 100
27 90 100
27 90 100
27 90 100
27 90 100
27 90 100
27 90 100
27 90 100
27 90 100
27 90 100
27 90 100
27 90 100
27 90 100
27 90 100
27 90 100
27 90 100
27 90 100
27 90 100
27 90 100
27 90 100
27 90 100
27 90 100
27 90 100
27 90 100
27 90 100
27 90 100
27 90 100
27 90 100
27 90 100
27 90 100
27 90 100
27 90 100
27 91 100
27 91 100
27 91 100
27 91 100
27 91 100
27 91 100
27 91 100
27 91 100
27 91 100
27 91 100
27 91 100
27 91 100
27 91 100
27 91 100
27 91 100
27 91 100
27 91 100
27 91 100
27 91 100
27 91 100
27 91 100
27 91 100
27 91 100
27 91 100
27 91 100
27 91 100
27 91 100
27 91 100
27 91 100
27 91 100
27 91 100
27 91 100
27 92 100
27 92 100
27 92 100
27 92 100
27 92 100
27 92 100
27 92 100
27 92 100
27 92 100
27 92 100
27 92 100
27 92 100
27 92 100
27 92 100
27 92 100
27 92 100
27 92 100
27 92 100
27 92 100
27 92 100
27 92 100
27 92 100
27 92 100
27 92 100
27 92 100
27 92 100
27 92 100
27 92 100
27 92 100
27 92 100
27 92 100
27 92 100
27 93 100
27 93 100
27 93 100
27 93 100
27 93 100
27 93 100
27 93 100
27 93 100
27 93 100
27 93 100
27 93 100
27 93 100
27 93 100
27 93 100
27 93 100
27 93 100
27 93 100
27 93 100
27 93 100
27 93 100
27 93 100
27 93 100
27 93 100
27 93 100
27 93 100
27 93 100
27 93 100
27 93 100
27 93 100
27 93 100
27 93 100
27 94 100
27 94 100
27 94 100
27 94 100
27 94 100
27 94 100
27 94 100
27 94 100
27 94 100
27 94 100
27 94 100
27 94 100
27 94 100
27 94 100
27 94 100
27 94 100
27 94 100
27 94 100
27 94 100
27 94 100
27 94 100
27 94 100
27 94 100
27 94 100
27 94 100
27 94 100
27 94 100
27 94 100
27 95 100
27 95 100
27 95 100
27 95 100
27 95 100
27 95 100
27 95 100
27 95 100
27 95 100
27 95 100
27 95 100
27 95 100
27 95 100
27 95 100
27 95 100
27 95 100
27 95 100
27 95 100
27 95 100
27 95 100
27 95 100
27 95 100
27 95 100
27 95 100
27 95 100
27 96 100
27 96 100
27 96 100
27 96 100
27 96 100
27 96 100
27 96 100
27 96 100
27 96 100
27 96 100
27 96 100
27 96 100
27 96 100
27 96 100
27 96 100
27 96 100
27 96 100
27 96 100
27 96 100
27 96 100
27 96 100
27 96 100
27 97 100
27 97 100
27 97 100
27 97 100
27 97 100
27 97 100
27 97 100
27 97 100
27 97 100
27 97 100
27 97 100
27 97 100
27 97 100
27 97 100
27 97 100
27 97 100
27 97 100
27 97 100
27 97 100
27 98 100
27 98 100
27 98 100
27 98 100
27 98 100
27 98 100
27 98 100
27 98 100
27 98 100
27 98 100
27 98 100
27 98 100
27 98 100
27 98 100
27 98 100
27 99 100
27 99 100
27 99 100
27 99 100
27 99 100
27 99 100
27 99 100
27 99 100
27 99 100
27 99 100
27 99 100
27 99 100
27 100 100
27 100 100
27 100 100
27 100 100
27 100 100
27 100 100
27 100 100
27 100 100
27 100 100
27 101 100
27 101 100
27 101 100
27 101 100
27 101 100
27 101 100
27 102 100
27 102 100
27 102 100
27 102 100
27 103 100
27 103 100
27 103 100
27 104 100
27 104 100
27 105 100
27 105 100
27 106 100
27 106 100
27 107 100
27 108 100
27 109 100
27 110 100
27 111 100
27 112 100
27 113 100
27 114 100
27 115 100
# move from (149,46) to (27,115)
149 46 100
148 46 100
147 46 100
146 46 100
145 46 100
144 46 100
143 46 100
142 46 100
141 46 100
140 46 100
139 46 100
138 46 100
137 46 100
136 46 100
135 46 100
134 46 100
133 46 100
132 46 100
131 46 100
130 46 100
129 46 100
128 46 100
127 46 100
126 46 100
125 46 100
125 46 100
124 46 100
124 46 100
123 46 100
123 46 100
122 46 100
122 46 100
121 46 100
121 46 100
120 46 100
120 46 100
119 46 100
119 46 100
119 46 100
118 46 100
118 46 100
118 46 100
117 46 100
117 46 100
117 46 100
117 46 100
116 46 100
116 46 100
116 46 100
116 46 100
115 46 100
115 46 100
115 46 100
115 46 100
115 46 100
115 46 100
114 46 100
114 46 100
114 46 100
114 46 100
114 46 100
114 46 100
114 46 100
113 46 100
113 46 100
113 46 100
113 46 100
113 46 100
113 46 100
113 46 100
113 46 100
113 46 100
112 46 100
112 46 100
112 46 100
112 46 100
112 46 100
112 46 100
112 46 100
112 46 100
112 46 100
112 46 100
112 46 100
111 46 100
111 46 100
111 46 100
111 46 100
111 46 100
111 46 100
111 46 100
111 46 100
111 46 100
111 46 100
111 46 100
111 46 100
110 46 100
110 46 100
110 46 100
110 46 100
110 46 100
110 46 100
110 46 100
110 46 100
110 46 100
110 46 100
110 46 100
110 46 100
110 46 100
110 46 100
109 46 100
109 46 100
109 46 100
109 46 100
109 46 100
109 46 100
109 46 100
109 46 100
109 46 100
109 46 100
109 46 100
109 46 100
109 46 100
109 46 100
109 46 100
108 46 100
108 46 100
108 46 100
108 46 100
108 46 100
108 46 100
108 46 100
108 46 100
108 46 100
108 46 100
108 46 100
108 46 100
108 46 100
108 46 100
108 46 100
108 46 100
107 46 100
107 46 100
107 46 100
107 46 100
107 46 100
107 46 100
107 46 100
107 46 100
107 46 100
107 46 100
107 46 100
107 46 100
107 46 100
107 46 100
107 46 100
107 46 100
107 46 100
106 46 100
106 46 100
106 46 100
106 46 100
106 46 100
106 46 100
106 46 100
106 46 100
106 46 100
106 46 100
106 46 100
106 46 100
106 46 100
106 46 100
106 46 100
106 46 100
106 46 100
105 46 100
105 46 100
105 46 100
105 46 100
105 46 100
105 46 100
105 46 100
105 46 100
105 46 100
105 46 100
105 46 100
105 46 100
105 46 100
105 46 100
105 46 100
105 46 100
105 46 100
104 46 100
104 46 100
104 46 100
104 46 100
104 46 100
104 46 100
104 46 100
104 46 100
104 46 100
104 46 100
104 46 100
104 46 100
104 46 100
104 46 100
104 46 100
104 46 100
104 46 100
104 46 100
103 46 100
103 46 100
103 46 100
103 46 100
103 46 100
103 46 100
103 46 100
103 46 100
103 46 100
103 46 100
103 46 100
103 46 100
103 46 100
103 46 100
103 46 100
103 46 100
103 46 100
103 46 100
102 46 100
102 46 100
102 46 100
102 46 100
102 46 100
102 46 100
102 46 100
102 46 100
102 46 100
102 46 100
102 46 100
102 46 100
102 46 100
102 46 100
102 46 100
102 46 100
102 46 100
102 46 100
102 46 100
101 46 100
101 46 100
101 46 100
101 46 100
101 46 100
101 46 100
101 46 100
101 46 100
101 46 100
101 46 100
101 46 100
101 46 100
101 46 100
101 46 100
101 46 100
101 46 100
101 46 100
101 46 100
101 46 100
101 46 100
101 46 100
100 46 100
100 46 100
100 46 100
100 46 100
100 46 100
100 46 100
100 46 100
100 46 100
100 46 100
100 46 100
100 46 100
100 46 100
100 46 100
100 46 100
100 46 100
100 46 100
100 46 100
100 46 100
100 46 100
100 46 100
100 46 100
100 46 100
99 46 100
99 46 100
99 46 100
99 46 100
99 46 100
99 46 100
99 46 100
99 46 100
99 46 100
99 46 100
99 46 100
99 46 100
99 46 100
99 46 100
99 46 100
99 46 100
99 46 100
99 46 100
99 46 100
99 46 100
99 46 100
99 46 100
99 46 100
99 46 100
98 46 100
98 46 100
98 46 100
98 46 100
98 46 100
98 46 100
98 46 100
98 46 100
98 46 100
98 46 100
98 46 100
98 46 100
98 46 100
98 46 100
98 46 100
98 46 100
98 46 100
98 46 100
98 46 100
98 46 100
98 46 100
98 46 100
98 46 100
98 46 100
98 46 100
98 46 100
97 46 100
97 46 100
97 46 100
97 46 100
97 46 100
97 46 100
97 46 100
97 46 100
97 46 100
97 46 100
97 46 100
97 46 100
97 46 100
97 46 100
97 46 100
97 46 100
97 46 100
97 46 100
97 46 100
97 46 100
97 46 100
97 46 100
97 46 100
97 46 100
97 46 100
97 46 100
97 46 100
97 46 100
96 46 100
96 46 100
96 46 100
96 46 100
96 46 100
96 46 100
96 46 100
96 46 100
96 46 100
96 46 100
96 46 100
96 46 100
96 46 100
96 46 100
96 46 100
96 46 100
96 46 100
96 46 100
96 46 100
96 46 100
96 46 100
96 46 100
96 46 100
96 46 100
96 46 100
96 46 100
96 46 100
96 46 100
96 46 100
95 46 100
95 46 100
95 46 100
95 46 100
95 46 100
95 46 100
95 46 100
95 46 100
95 46 100
95 46 100
95 46 100
95 46 100
95 46 100
95 46 100
95 46 100
95 46 100
95 46 100
95 46 100
95 46 100
95 46 100
95 46 100
95 46 100
95 46 100
95 46 100
95 46 100
95 46 100
95 46 100
95 46 100
95 46 100
94 46 100
94 46 100
94 46 100
94 46 100
94 46 100
94 46 100
94 46 100
94 46 100
94 46 100
94 46 100
94 46 100
94 46 100
94 46 100
94 46 100
94 46 100
94 46 100
94 46 100
94 46 100
94 46 100
94 46 100
94 46 100
94 46 100
94 46 100
94 46 100
94 46 100
94 46 100
94 46 100
94 46 100
94 46 100
93 46 100
93 46 100
93 46 100
93 46 100
93 46 100
93 46 100
93 46 100
93 46 100
93 46 100
93 46 100
93 46 100
93 46 100
93 46 100
93 46 100
93 46 100
93 46 100
93 46 100
93 46 100
93 46 100
93 46 100
93 46 100
93 46 100
93 46 100
93 46 100
93 46 100
93 46 100
93 46 100
93 46 100
93 46 100
92 46 100
92 46 100
92 46 100
92 46 100
92 46 100
92 46 100
92 46 100
92 46 100
92 46 100
92 46 100
92 46 100
92 46 100
92 46 100
92 46 100
92 46 100
92 46 100
92 46 100
92 46 100
92 46 100
92 46 100
92 46 100
92 46 100
92 46 100
92 46 100
92 46 100
92 46 100
92 46 100
92 46 100
91 46 100
91 46 100
91 46 100
91 46 100
91 46 100
91 46 100
91 46 100
91 46 100
91 46 100
91 46 100
91 46 100
91 46 100
91 46 100
91 46 100
91 46 100
91 46 100
91 46 100
91 46 100
91 46 100
91 46 100
91 46 100
91 46 100
91 46 100
91 46 100
91 46 100
91 46 100
91 46 100
90 46 100
90 46 100
90 46 100
90 46 100
90 46 100
90 46 100
90 46 100
90 46 100
90 46 100
90 46 100
90 46 100
90 46 100
90 46 100
90 46 100
90 46 100
90 46 100
90 46 100
90 46 100
90 46 100
90 46 100
90 46 100
90 46 100
90 46 100
90 46 100
90 46 100
89 46 100
89 46 100
89 46 100
89 46 100
89 46 100
89 46 100
89 46 100
89 46 100
89 46 100
89 46 100
89 46 100
89 46 100
89 46 100
89 46 100
89 46 100
89 46 100
89 46 100
89 46 100
89 46 100
89 46 100
89 46 100
89 46 100
89 46 100
89 46 100
88 46 100
88 46 100
88 46 100
88 46 100
88 46 100
88 46 100
88 46 100
88 46 100
88 46 100
88 46 100
88 46 100
88 46 100
88 46 100
88 46 100
88 46 100
88 46 100
88 46 100
88 46 100
88 46 100
88 46 100
88 46 100
88 46 100
88 46 100
88 46 100
87 46 100
87 46 100
87 46 100
87 46 100
87 46 100
87 46 100
87 46 100
87 46 100
87 46 100
87 46 100
87 46 100
87 46 100
87 46 100
87 46 100
87 46 100
87 46 100
87 46 100
87 46 100
87 46 100
87 46 100
87 46 100
87 46 100
87 46 100
86 46 100
86 46 100
86 46 100
86 46 100
86 46 100
86 46 100
86 46 100
86 46 100
86 46 100
86 46 100
86 46 100
86 46 100
86 46 100
86 46 100
86 46 100
86 46 100
86 46 100
86 46 100
86 46 100
86 46 100
86 46 100
86 46 100
86 46 100
86 46 100
85 46 100
85 46 100
85 46 100
85 46 100
85 46 100
85 46 100
85 46 100
85 46 100
85 46 100
85 46 100
85 46 100
85 46 100
85 46 100
85 46 100
85 46 100
85 46 100
85 46 100
85 46 100
85 46 100
85 46 100
85 46 100
85 46 100
85 46 100
85 46 100
85 46 100
84 46 100
84 46 100
84 46 100
84 46 100
84 46 100
84 46 100
84 46 100
84 46 100
84 46 100
84 46 100
84 46 100
84 46 100
84 46 100
84 46 100
84 46 100
84 46 100
84 46 100
84 46 100
84 46 100
84 46 100
84 46 100
84 46 100
84 46 100
84 46 100
84 46 100
84 46 100
83 46 100
83 46 100
83 46 100
83 46 100
83 46 100
83 46 100
83 46 100
83 46 100
83 46 100
83 46 100
83 46 100
83 46 100
83 46 100
83 46 100
83 46 100
83 46 100
83 46 100
83 46 100
83 46 100
83 46 100
83 46 100
83 46 100
83 46 100
83 46 100
83 46 100
83 46 100
83 46 100
83 46 100
82 46 100
82 46 100
82 46 100
82 46 100
82 46 100
82 46 100
82 46 100
82 46 100
82 46 100
82 46 100
82 46 100
82 46 100
82 46 100
82 46 100
82 46 100
82 46 100
82 46 100
82 46 100
82 46 100
82 46 100
82 46 100
82 46 100
82 46 100
82 46 100
82 46 100
82 46 100
82 46 100
82 46 100
82 46 100
81 46 100
81 46 100
81 46 100
81 46 100
81 46 100
81 46 100
81 46 100
81 46 100
81 46 100
81 46 100
81 46 100
81 46 100
81 46 100
81 46 100
81 46 100
81 46 100
81 46 100
81 46 100
81 46 100
81 46 100
81 46 100
81 46 100
81 46 100
81 46 100
81 46 100
81 46 100
81 46 100
81 46 100
81 46 100
81 46 100
80 46 100
80 46 100
80 46 100
80 46 100
80 46 100
80 46 100
80 46 100
80 46 100
80 46 100
80 46 100
80 46 100
80 46 100
80 46 100
80 46 100
80 46 100
80 46 100
80 46 100
80 46 100
80 46 100
80 46 100
80 46 100
80 46 100
80 46 100
80 46 100
80 46 100
80 46 100
80 46 100
80 46 100
80 46 100
80 46 100
80 46 100
79 46 100
79 46 100
79 46 100
79 46 100
79 46 100
79 46 100
79 46 100
79 46 100
79 46 100
79 46 100
79 46 100
79 46 100
79 46 100
79 46 100
79 46 100
79 46 100
79 46 100
79 46 100
79 46 100
79 46 100
79 46 100
79 46 100
79 46 100
79 46 100
79 46 100
79 46 100
79 46 100
79 46 100
79 46 100
79 46 100
79 46 100
78 46 100
78 46 100
78 46 100
78 46 100
78 46 100
78 46 100
78 46 100
78 46 100
78 46 100
78 46 100
78 46 100
78 46 100
78 46 100
78 46 100
78 46 100
78 46 100
78 46 100
78 46 100
78 46 100
78 46 100
78 46 100
78 46 100
78 46 100
78 46 100
78 46 100
78 46 100
78 46 100
78 46 100
78 46 100
78 46 100
78 46 100
77 46 100
77 46 100
77 46 100
77 46 100
77 46 100
77 46 100
77 46 100
77 46 100
77 46 100
77 46 100
77 46 100
77 46 100
77 46 100
77 46 100
77 46 100
77 46 100
77 46 100
77 46 100
77 46 100
77 46 100
77 46 100
77 46 100
77 46 100
77 46 100
77 46 100
77 46 100
77 46 100
77 46 100
77 46 100
77 46 100
76 46 100
76 46 100
76 46 100
76 46 100
76 46 100
76 46 100
76 46 100
76 46 100
76 46 100
76 46 100
76 46 100
76 46 100
76 46 100
76 46 100
76 46 100
76 46 100
76 46 100
76 46 100
76 46 100
76 46 100
76 46 100
76 46 100
76 46 100
76 46 100
76 46 100
76 46 100
76 46 100
76 46 100
76 46 100
75 46 100
75 46 100
75 46 100
75 46 100
75 46 100
75 46 100
75 46 100
75 46 100
75 46 100
75 46 100
75 46 100
75 46 100
75 46 100
75 46 100
75 46 100
75 46 100
75 46 100
75 46 100
75 46 100
75 46 100
75 46 100
75 46 100
75 46 100
75 46 100
75 46 100
75 46 100
75 46 100
74 46 100
74 46 100
74 46 100
74 46 100
74 46 100
74 46 100
74 46 100
74 46 100
74 46 100
74 46 100
74 46 100
74 46 100
74 46 100
74 46 100
74 46 100
74 46 100
74 46 100
74 46 100
74 46 100
74 46 100
74 46 100
74 46 100
74 46 100
74 46 100
74 46 100
73 46 100
73 46 100
73 46 100
73 46 100
73 46 100
73 46 100
73 46 100
73 46 100
73 46 100
73 46 100
73 46 100
73 46 100
73 46 100
73 46 100
73 46 100
73 46 100
73 46 100
73 46 100
73 46 100
73 46 100
73 46 100
73 46 100
73 46 100
73 46 100
72 46 100
72 46 100
72 46 100
72 46 100
72 46 100
72 46 100
72 46 100
72 46 100
72 46 100
72 46 100
72 46 100
72 46 100
72 46 100
72 46 100
72 46 100
72 46 100
72 46 100
72 46 100
72 46 100
72 46 100
72 46 100
72 46 100
71 46 100
71 46 100
71 46 100
71 46 100
71 46 100
71 46 100
71 46 100
71 46 100
71 46 100
71 46 100
71 46 100
71 46 100
71 46 100
71 46 100
71 46 100
71 46 100
71 46 100
71 46 100
71 46 100
71 46 100
71 46 100
70 46 100
70 46 100
70 46 100
70 46 100
70 46 100
70 46 100
70 46 100
70 46 100
70 46 100
70 46 100
70 46 100
70 46 100
70 46 100
70 46 100
70 46 100
70 46 100
70 46 100
70 46 100
70 46 100
70 46 100
69 46 100
69 46 100
69 46 100
69 46 100
69 46 100
69 46 100
69 46 100
69 46 100
69 46 100
69 46 100
69 46 100
69 46 100
69 46 100
69 46 100
69 46 100
69 46 100
69 46 100
69 46 100
69 46 100
69 46 100
68 46 100
68 46 100
68 46 100
68 46 100
68 46 100
68 46 100
68 46 100
68 46 100
68 46 100
68 46 100
68 46 100
68 46 100
68 46 100
68 46 100
68 46 100
68 46 100
68 46 100
68 46 100
68 46 100
67 46 100
67 46 100
67 46 100
67 46 100
67 46 100
67 46 100
67 46 100
67 46 100
67 46 100
67 46 100
67 46 100
67 46 100
67 46 100
67 46 100
67 46 100
67 46 100
67 46 100
67 46 100
66 46 100
66 46 100
66 46 100
66 46 100
66 46 100
66 46 100
66 46 100
66 46 100
66 46 100
66 46 100
66 46 100
66 46 100
66 46 100
66 46 100
66 46 100
66 46 100
66 46 100
65 46 100
65 46 100
65 46 100
65 46 100
65 46 100
65 46 100
65 46 100
65 46 100
65 46 100
65 46 100
65 46 100
65 46 100
65 46 100
65 46 100
65 46 100
64 46 100
64 46 100
64 46 100
64 46 100
64 46 100
64 46 100
64 46 100
64 46 100
64 46 100
64 46 100
64 46 100
64 46 100
63 46 100
63 46 100
63 46 100
63 46 100
63 46 100
63 46 100
63 46 100
63 46 100
63 46 100
62 46 100
62 46 100
62 46 100
62 46 100
62 46 100
62 46 100
62 46 100
61 46 100
61 46 100
61 46 100
61 46 100
61 46 100
60 46 100
60 46 100
60 46 100
59 46 100
59 46 100
58 46 100
57 46 100
56 46 100
55 46 100
54 46 100
53 46 100
52 46 100
51 46 100
50 46 100
49 46 100
48 46 100
47 46 100
46 46 100
45 46 100
44 46 100
43 46 100
42 46 100
41 46 100
40 46 100
39 46 100
38 46 100
37 46 100
36 46 100
35 46 100
34 46 100
33 46 100
32 46 100
31 46 100
30 46 100
29 46 100
28 46 100
# move from (123,123) to (27,115)
123 123 100
122 123 100
121 123 100
120 123 100
119 123 100
118 123 100
118 123 100
117 123 100
117 123 100
116 123 100
116 123 100
115 123 100
115 123 100
115 123 100
114 123 100
114 123 100
114 123 100
114 123 100
113 123 100
113 123 100
113 123 100
113 123 100
113 123 100
112 123 100
112 123 100
112 123 100
112 123 100
112 123 100
112 123 100
112 123 100
111 123 100
111 123 100
111 123 100
111 123 100
111 123 100
111 123 100
111 123 100
111 123 100
111 123 100
111 123 100
110 123 100
110 123 100
110 123 100
110 123 100
110 123 100
110 123 100
110 123 100
110 123 100
110 123 100
110 123 100
110 123 100
110 123 100
110 123 100
109 123 100
109 123 100
109 123 100
109 123 100
109 123 100
109 123 100
109 123 100
109 123 100
109 123 100
109 123 100
109 123 100
109 123 100
109 123 100
109 123 100
109 123 100
109 123 100
108 123 100
108 123 100
108 123 100
108 123 100
108 123 100
108 123 100
108 123 100
108 123 100
108 123 100
108 123 100
108 123 100
108 123 100
108 123 100
108 123 100
108 123 100
108 123 100
108 123 100
108 123 100
107 123 100
107 123 100
107 123 100
107 123 100
107 123 100
107 123 100
107 123 100
107 123 100
107 123 100
107 123 100
107 123 100
107 123 100
107 123 100
107 123 100
107 123 100
107 123 100
107 123 100
107 123 100
107 123 100
107 123 100
107 123 100
106 123 100
106 123 100
106 123 100
106 123 100
106 123 100
106 123 100
106 123 100
106 123 100
106 123 100
106 123 100
106 123 100
106 123 100
106 123 100
106 123 100
106 123 100
106 123 100
106 123 100
106 123 100
106 123 100
106 123 100
106 123 100
106 123 100
106 123 100
105 123 100
105 123 100
105 123 100
105 123 100
105 123 100
105 123 100
105 123 100
105 123 100
105 123 100
105 123 100
105 123 100
105 123 100
105 123 100
105 123 100
105 123 100
105 123 100
105 123 100
105 123 100
105 123 100
105 123 100
105 123 100
105 123 100
105 123 100
105 123 100
105 123 100
104 123 100
104 123 100
104 123 100
104 123 100
104 123 100
104 123 100
104 123 100
104 123 100
104 123 100
104 123 100
104 123 100
104 123 100
104 123 100
104 123 100
104 123 100
104 123 100
104 123 100
104 123 100
104 123 100
104 123 100
104 123 100
104 123 100
104 123 100
104 123 100
104 123 100
104 123 100
104 123 100
103 123 100
103 123 100
103 123 100
103 123 100
103 123 100
103 123 100
103 123 100
103 123 100
103 123 100
103 123 100
103 123 100
103 123 100
103 123 100
103 123 100
103 123 100
103 123 100
103 123 100
103 123 100
103 123 100
103 123 100
103 123 100
103 123 100
103 123 100
103 123 100
103 123 100
103 123 100
103 123 100
103 123 100
102 123 100
102 123 100
102 123 100
102 123 100
102 123 100
102 123 100
102 123 100
102 123 100
102 123 100
102 123 100
102 123 100
102 123 100
102 123 100
102 123 100
102 123 100
102 123 100
102 123 100
102 123 100
102 123 100
102 123 100
102 123 100
102 123 100
102 123 100
102 123 100
102 123 100
102 123 100
102 123 100
102 123 100
101 123 100
101 123 100
101 123 100
101 123 100
101 123 100
101 123 100
101 123 100
101 123 100
101 123 100
101 123 100
101 123 100
101 123 100
101 123 100
101 123 100
101 123 100
101 123 100
101 123 100
101 123 100
101 123 100
101 123 100
101 123 100
101 123 100
101 123 100
101 123 100
101 123 100
101 123 100
101 123 100
100 123 100
100 123 100
100 123 100
100 123 100
100 123 100
100 123 100
100 123 100
100 123 100
100 123 100
100 123 100
100 123 100
100 123 100
100 123 100
100 123 100
100 123 100
100 123 100
100 123 100
100 123 100
100 123 100
100 123 100
100 123 100
100 123 100
100 123 100
100 123 100
100 123 100
100 123 100
100 123 100
99 123 100
99 123 100
99 123 100
99 123 100
99 123 100
99 123 100
99 123 100
99 123 100
99 123 100
99 123 100
99 123 100
99 123 100
99 123 100
99 123 100
99 123 100
99 123 100
99 123 100
99 123 100
99 123 100
99 123 100
99 123 100
99 123 100
99 123 100
99 123 100
99 123 100
99 123 100
99 123 100
98 123 100
98 123 100
98 123 100
98 123 100
98 123 100
98 123 100
98 123 100
98 123 100
98 123 100
98 123 100
98 123 100
98 123 100
98 123 100
98 123 100
98 123 100
98 123 100
98 123 100
98 123 100
98 123 100
98 123 100
98 123 100
98 123 100
98 123 100
98 123 100
98 123 100
98 123 100
97 123 100
97 123 100
97 123 100
97 123 100
97 123 100
97 123 100
97 123 100
97 123 100
97 123 100
97 123 100
97 123 100
97 123 100
97 123 100
97 123 100
97 123 100
97 123 100
97 123 100
97 123 100
97 123 100
97 123 100
97 123 100
97 123 100
97 123 100
97 123 100
97 123 100
96 123 100
96 123 100
96 123 100
96 123 100
96 123 100
96 123 100
96 123 100
96 123 100
96 123 100
96 123 100
96 123 100
96 123 100
96 123 100
96 123 100
96 123 100
96 123 100
96 123 100
96 123 100
96 123 100
96 123 100
96 123 100
96 123 100
96 123 100
96 123 100
95 123 100
95 123 100
95 123 100
95 123 100
95 123 100
95 123 100
95 123 100
95 123 100
95 123 100
95 123 100
95 123 100
95 123 100
95 123 100
95 123 100
95 123 100
95 123 100
95 123 100
95 123 100
95 123 100
95 123 100
95 123 100
95 123 100
94 123 100
94 123 100
94 123 100
94 123 100
94 123 100
94 123 100
94 123 100
94 123 100
94 123 100
94 123 100
94 123 100
94 123 100
94 123 100
94 123 100
94 123 100
94 123 100
94 123 100
94 123 100
94 123 100
94 123 100
93 123 100
93 123 100
93 123 100
93 123 100
93 123 100
93 123 100
93 123 100
93 123 100
93 123 100
93 123 100
93 123 100
93 123 100
93 123 100
93 123 100
93 123 100
93 123 100
93 123 100
93 123 100
92 123 100
92 123 100
92 123 100
92 123 100
92 123 100
92 123 100
92 123 100
92 123 100
92 123 100
92 123 100
92 123 100
92 123 100
92 123 100
92 123 100
92 123 100
92 123 100
91 123 100
91 123 100
91 123 100
91 123 100
91 123 100
91 123 100
91 123 100
91 123 100
91 123 100
91 123 100
91 123 100
91 123 100
91 123 100
91 123 100
91 123 100
90 123 100
90 123 100
90 123 100
90 123 100
90 123 100
90 123 100
90 123 100
90 123 100
90 123 100
90 123 100
90 123 100
90 123 100
90 123 100
90 123 100
89 123 100
89 123 100
89 123 100
89 123 100
89 123 100
89 123 100
89 123 100
89 123 100
89 123 100
89 123 100
89 123 100
89 123 100
89 123 100
88 123 100
88 123 100
88 123 100
88 123 100
88 123 100
88 123 100
88 123 100
88 123 100
88 123 100
88 123 100
88 123 100
88 123 100
88 123 100
87 123 100
87 123 100
87 123 100
87 123 100
87 123 100
87 123 100
87 123 100
87 123 100
87 123 100
87 123 100
87 123 100
87 123 100
87 123 100
86 123 100
86 123 100
86 123 100
86 123 100
86 123 100
86 123 100
86 123 100
86 123 100
86 123 100
86 123 100
86 123 100
86 123 100
85 123 100
85 123 100
85 123 100
85 123 100
85 123 100
85 123 100
85 123 100
85 123 100
85 123 100
85 123 100
85 123 100
85 123 100
84 123 100
84 123 100
84 123 100
84 123 100
84 123 100
84 123 100
84 123 100
84 123 100
84 123 100
84 123 100
84 123 100
84 123 100
83 123 100
83 123 100
83 123 100
83 123 100
83 123 100
83 123 100
83 123 100
83 123 100
83 123 100
83 123 100
83 123 100
83 123 100
82 123 100
82 123 100
82 123 100
82 123 100
82 123 100
82 123 100
82 123 100
82 123 100
82 123 100
82 123 100
82 123 100
81 123 100
81 123 100
81 123 100
81 123 100
81 123 100
81 123 100
81 123 100
81 123 100
81 123 100
81 123 100
81 123 100
80 123 100
80 123 100
80 123 100
80 123 100
80 123 100
80 123 100
80 123 100
80 123 100
80 123 100
80 123 100
79 123 100
79 123 100
79 123 100
79 123 100
79 123 100
79 123 100
79 123 100
79 123 100
79 123 100
79 123 100
78 123 100
78 123 100
78 123 100
78 123 100
78 123 100
78 123 100
78 123 100
78 123 100
78 123 100
77 123 100
77 123 100
77 123 100
77 123 100
77 123 100
77 123 100
77 123 100
77 123 100
76 123 100
76 123 100
76 123 100
76 123 100
76 123 100
76 123 100
76 123 100
75 123 100
75 123 100
75 123 100
75 123 100
75 123 100
75 123 100
74 123 100
74 123 100
74 123 100
74 123 100
74 123 100
73 123 100
73 123 100
73 123 100
73 123 100
72 123 100
72 123 100
72 123 100
72 123 100
71 123 100
71 123 100
71 123 100
71 123 100
70 123 100
70 123 100
70 123 100
69 123 100
69 123 100
69 123 100
68 123 100
68 123 100
68 123 100
68 123 100
67 123 100
67 123 100
67 123 100
67 123 100
66 123 100
66 123 100
66 123 100
66 123 100
65 123 100
65 123 100
65 123 100
65 123 100
64 123 100
64 123 100
64 123 100
64 123 100
63 123 100
63 123 100
63 123 100
63 123 100
62 123 100
62 123 100
62 123 100
61 123 100
61 123 100
61 123 100
60 123 100
60 123 100
60 123 100
59 123 100
59 123 100
59 123 100
58 123 100
58 123 100
58 123 100
57 123 100
57 123 100
57 123 100
56 123 100
56 123 100
56 123 100
55 123 100
55 123 100
55 123 100
54 123 100
54 123 100
54 123 100
53 123 100
53 123 100
53 123 100
53 123 100
52 123 100
52 123 100
52 123 100
52 123 100
51 123 100
51 123 100
51 123 100
51 123 100
51 123 100
50 123 100
50 123 100
50 123 100
50 123 100
50 123 100
49 123 100
49 123 100
49 123 100
49 123 100
49 123 100
48 123 100
48 123 100
48 123 100
48 123 100
48 123 100
47 123 100
47 123 100
47 123 100
47 123 100
46 123 100
46 123 100
46 123 100
46 123 100
45 123 100
45 123 100
45 123 100
44 123 100
44 123 100
44 123 100
43 123 100
43 123 100
42 123 100
42 123 100
41 123 100
41 123 100
40 123 100
40 123 100
39 123 100
38 123 100
37 123 100
36 123 100
35 123 100
34 123 100
33 123 100
32 123 100
31 123 100
30 123 100
29 123 100
28 123 100
27 123 100
27 122 100
27 121 100
27 120 100
27 119 100
27 118 100
27 117 100
27 116 100
# move from (96,190) to (27,115)
96 190 100
95 190 100
94 190 100
93 190 100
92 190 100
91 190 100
90 190 100
89 190 100
88 190 100
87 190 100
87 190 100
86 190 100
86 190 100
85 190 100
85 190 100
85 190 100
84 190 100
84 190 100
84 190 100
84 190 100
83 190 100
83 190 100
83 190 100
83 190 100
83 190 100
83 190 100
82 190 100
82 190 100
82 190 100
82 190 100
82 190 100
82 190 100
82 190 100
82 190 100
81 190 100
81 190 100
81 190 100
81 190 100
81 190 100
81 190 100
81 190 100
81 190 100
81 190 100
81 190 100
80 190 100
80 190 100
80 190 100
80 190 100
80 190 100
80 190 100
80 190 100
80 190 100
80 190 100
80 190 100
80 190 100
80 190 100
80 190 100
79 190 100
79 190 100
79 190 100
79 190 100
79 190 100
79 190 100
79 190 100
79 190 100
79 190 100
79 190 100
79 190 100
79 190 100
79 190 100
79 190 100
79 190 100
79 190 100
78 190 100
78 190 100
78 190 100
78 190 100
78 190 100
78 190 100
78 190 100
78 190 100
78 190 100
78 190 100
78 190 100
78 190 100
78 190 100
78 190 100
78 190 100
78 190 100
78 190 100
78 190 100
78 190 100
77 190 100
77 190 100
77 190 100
77 190 100
77 190 100
77 190 100
77 190 100
77 190 100
77 190 100
77 190 100
77 190 100
77 190 100
77 190 100
77 190 100
77 190 100
77 190 100
77 190 100
77 190 100
77 190 100
77 190 100
77 190 100
77 190 100
76 190 100
76 190 100
76 190 100
76 190 100
76 190 100
76 190 100
76 190 100
76 190 100
76 190 100
76 190 100
76 190 100
76 190 100
76 190 100
76 190 100
76 190 100
76 190 100
76 190 100
76 190 100
76 190 100
76 190 100
76 190 100
76 190 100
76 190 100
76 190 100
76 190 100
75 190 100
75 190 100
75 190 100
75 190 100
75 190 100
75 190 100
75 190 100
75 190 100
75 190 100
75 190 100
75 190 100
75 190 100
75 190 100
75 190 100
75 190 100
75 190 100
75 190 100
75 190 100
75 190 100
75 190 100
75 190 100
75 190 100
75 190 100
75 190 100
75 190 100
75 190 100
75 190 100
74 190 100
74 190 100
74 190 100
74 190 100
74 190 100
74 190 100
74 190 100
74 190 100
74 190 100
74 190 100
74 190 100
74 190 100
74 190 100
74 190 100
74 190 100
74 190 100
74 190 100
74 190 100
74 190 100
74 190 100
74 190 100
74 190 100
74 190 100
74 190 100
74 190 100
74 190 100
74 190 100
74 190 100
73 190 100
73 190 100
73 190 100
73 190 100
73 190 100
73 190 100
73 190 100
73 190 100
73 190 100
73 190 100
73 190 100
73 190 100
73 190 100
73 190 100
73 190 100
73 190 100
73 190 100
73 190 100
73 190 100
73 190 100
73 190 100
73 190 100
73 190 100
73 190 100
73 190 100
73 190 100
73 190 100
73 190 100
72 190 100
72 190 100
72 190 100
72 190 100
72 190 100
72 190 100
72 190 100
72 190 100
72 190 100
72 190 100
72 190 100
72 190 100
72 190 100
72 190 100
72 190 100
72 190 100
72 190 100
72 190 100
72 190 100
72 190 100
72 190 100
72 190 100
72 190 100
72 190 100
72 190 100
72 190 100
72 190 100
72 190 100
71 190 100
71 190 100
71 190 100
71 190 100
71 190 100
71 190 100
71 190 100
71 190 100
71 190 100
71 190 100
71 190 100
71 190 100
71 190 100
71 190 100
71 190 100
71 190 100
71 190 100
71 190 100
71 190 100
71 190 100
71 190 100
71 190 100
71 190 100
71 190 100
71 190 100
71 190 100
71 190 100
70 190 100
70 190 100
70 190 100
70 190 100
70 190 100
70 190 100
70 190 100
70 190 100
70 190 100
70 190 100
70 190 100
70 190 100
70 190 100
70 190 100
70 190 100
70 190 100
70 190 100
70 190 100
70 190 100
70 190 100
70 190 100
70 190 100
70 190 100
70 190 100
70 190 100
70 190 100
69 190 100
69 190 100
69 190 100
69 190 100
69 190 100
69 190 100
69 190 100
69 190 100
69 190 100
69 190 100
69 190 100
69 190 100
69 190 100
69 190 100
69 190 100
69 190 100
69 190 100
69 190 100
69 190 100
69 190 100
69 190 100
69 190 100
69 190 100
69 190 100
69 190 100
68 190 100
68 190 100
68 190 100
68 190 100
68 190 100
68 190 100
68 190 100
68 190 100
68 190 100
68 190 100
68 190 100
68 190 100
68 190 100
68 190 100
68 190 100
68 190 100
68 190 100
68 190 100
68 190 100
68 190 100
68 190 100
68 190 100
68 190 100
68 190 100
67 190 100
67 190 100
67 190 100
67 190 100
67 190 100
67 190 100
67 190 100
67 190 100
67 190 100
67 190 100
67 190 100
67 190 100
67 190 100
67 190 100
67 190 100
67 190 100
67 190 100
67 190 100
67 190 100
67 190 100
67 190 100
67 190 100
66 190 100
66 190 100
66 190 100
66 190 100
66 190 100
66 190 100
66 190 100
66 190 100
66 190 100
66 190 100
66 190 100
66 190 100
66 190 100
66 190 100
66 190 100
66 190 100
66 190 100
66 190 100
66 190 100
66 190 100
65 190 100
65 190 100
65 190 100
65 190 100
65 190 100
65 190 100
65 190 100
65 190 100
65 190 100
65 190 100
65 190 100
65 190 100
65 190 100
65 190 100
65 190 100
65 190 100
65 190 100
65 190 100
64 190 100
64 190 100
64 190 100
64 190 100
64 190 100
64 190 100
64 190 100
64 190 100
64 190 100
64 190 100
64 190 100
64 190 100
64 190 100
64 190 100
64 190 100
63 190 100
63 190 100
63 190 100
63 190 100
63 190 100
63 190 100
63 190 100
63 190 100
63 190 100
63 190 100
63 190 100
63 190 100
63 190 100
62 190 100
62 190 100
62 190 100
62 190 100
62 190 100
62 190 100
62 190 100
62 190 100
62 190 100
62 190 100
61 190 100
61 190 100
61 190 100
61 190 100
61 190 100
61 190 100
61 190 100
61 190 100
60 190 100
60 190 100
60 190 100
60 190 100
60 190 100
60 190 100
60 190 100
59 190 100
59 190 100
59 190 100
59 190 100
59 190 100
59 190 100
58 190 100
58 190 100
58 190 100
58 190 100
58 190 100
57 190 100
57 190 100
57 190 100
57 190 100
56 190 100
56 190 100
56 190 100
56 190 100
55 190 100
55 190 100
55 190 100
54 190 100
54 190 100
54 190 100
53 190 100
53 190 100
52 190 100
52 190 100
51 190 100
50 190 100
49 190 100
48 190 100
47 190 100
46 190 100
45 190 100
44 190 100
43 190 100
42 190 100
41 190 100
40 190 100
39 190 100
38 190 100
37 190 100
36 190 100
35 190 100
34 190 100
33 190 100
32 190 100
31 190 100
30 190 100
29 190 100
28 190 100
27 190 100
27 189 100
27 188 100
27 187 100
27 186 100
27 185 100
27 184 100
27 183 100
27 182 100
27 181 100
27 180 100
27 179 100
27 178 100
27 177 100
27 176 100
27 175 100
27 174 100
27 173 100
27 172 100
27 171 100
27 170 100
27 169 100
27 168 100
27 167 100
27 166 100
27 165 100
27 164 100
27 163 100
27 162 100
27 161 100
27 160 100
27 159 100
27 158 100
27 157 100
27 156 100
27 155 100
27 154 100
27 153 100
27 152 100
27 151 100
27 151 100
27 150 100
27 150 100
27 149 100
27 149 100
27 149 100
27 148 100
27 148 100
27 148 100
27 148 100
27 147 100
27 147 100
27 147 100
27 147 100
27 147 100
27 146 100
27 146 100
27 146 100
27 146 100
27 146 100
27 146 100
27 145 100
27 145 100
27 145 100
27 145 100
27 145 100
27 145 100
27 144 100
27 144 100
27 144 100
27 144 100
27 144 100
27 144 100
27 143 100
27 143 100
27 143 100
27 143 100
27 143 100
27 142 100
27 142 100
27 142 100
27 142 100
27 141 100
27 141 100
27 141 100
27 141 100
27 140 100
27 140 100
27 140 100
27 139 100
27 139 100
27 138 100
27 138 100
27 137 100
27 136 100
27 135 100
27 134 100
27 133 100
27 132 100
27 131 100
27 130 100
27 129 100
27 128 100
27 127 100
27 126 100
27 125 100
27 124 100
# move from (95,147) to (27,115)
95 147 100
94 147 100
93 147 100
92 147 100
91 147 100
90 147 100
89 147 100
88 147 100
87 147 100
86 147 100
85 147 100
84 147 100
83 147 100
82 147 100
81 147 100
80 147 100
79 147 100
78 147 100
77 147 100
76 147 100
75 147 100
75 147 100
74 147 100
74 147 100
73 147 100
73 147 100
73 147 100
72 147 100
72 147 100
72 147 100
72 147 100
71 147 100
71 147 100
71 147 100
71 147 100
70 147 100
70 147 100
70 147 100
70 147 100
70 147 100
69 147 100
69 147 100
69 147 100
69 147 100
69 147 100
68 147 100
68 147 100
68 147 100
68 147 100
68 147 100
68 147 100
67 147 100
67 147 100
67 147 100
67 147 100
67 147 100
67 147 100
67 147 100
66 147 100
66 147 100
66 147 100
66 147 100
66 147 100
66 147 100
66 147 100
66 147 100
65 147 100
65 147 100
65 147 100
65 147 100
65 147 100
65 147 100
65 147 100
65 147 100
65 147 100
64 147 100
64 147 100
64 147 100
64 147 100
64 147 100
64 147 100
64 147 100
64 147 100
64 147 100
64 147 100
63 147 100
63 147 100
63 147 100
63 147 100
63 147 100
63 147 100
63 147 100
63 147 100
63 147 100
63 147 100
63 147 100
63 147 100
62 147 100
62 147 100
62 147 100
62 147 100
62 147 100
62 147 100
62 147 100
62 147 100
62 147 100
62 147 100
62 147 100
62 147 100
62 147 100
61 147 100
61 147 100
61 147 100
61 147 100
61 147 100
61 147 100
61 147 100
61 147 100
61 147 100
61 147 100
61 147 100
61 147 100
61 147 100
61 147 100
61 147 100
60 147 100
60 147 100
60 147 100
60 147 100
60 147 100
60 147 100
60 147 100
60 147 100
60 147 100
60 147 100
60 147 100
60 147 100
60 147 100
60 147 100
60 147 100
60 147 100
60 147 100
59 147 100
59 147 100
59 147 100
59 147 100
59 147 100
59 147 100
59 147 100
59 147 100
59 147 100
59 147 100
59 147 100
59 147 100
59 147 100
59 147 100
59 147 100
59 147 100
59 147 100
59 147 100
59 147 100
59 147 100
58 147 100
58 147 100
58 147 100
58 147 100
58 147 100
58 147 100
58 147 100
58 147 100
58 147 100
58 147 100
58 147 100
58 147 100
58 147 100
58 147 100
58 147 100
58 147 100
58 147 100
58 147 100
58 147 100
58 147 100
58 147 100
58 147 100
58 147 100
57 147 100
57 147 100
57 147 100
57 147 100
57 147 100
57 147 100
57 147 100
57 147 100
57 147 100
57 147 100
57 147 100
57 147 100
57 147 100
57 147 100
57 147 100
57 147 100
57 147 100
57 147 100
57 147 100
57 147 100
57 147 100
57 147 100
57 147 100
57 147 100
57 147 100
57 147 100
57 147 100
56 147 100
56 147 100
56 147 100
56 147 100
56 147 100
56 147 100
56 147 100
56 147 100
56 147 100
56 147 100
56 147 100
56 147 100
56 147 100
56 147 100
56 147 100
56 147 100
56 147 100
56 147 100
56 147 100
56 147 100
56 147 100
56 147 100
56 147 100
56 147 100
56 147 100
56 147 100
56 147 100
56 147 100
56 147 100
56 147 100
55 147 100
55 147 100
55 147 100
55 147 100
55 147 100
55 147 100
55 147 100
55 147 100
55 147 100
55 147 100
55 147 100
55 147 100
55 147 100
55 147 100
55 147 100
55 147 100
55 147 100
55 147 100
55 147 100
55 147 100
55 147 100
55 147 100
55 147 100
55 147 100
55 147 100
55 147 100
55 147 100
55 147 100
55 147 100
55 147 100
55 147 100
55 147 100
55 147 100
54 147 100
54 147 100
54 147 100
54 147 100
54 147 100
54 147 100
54 147 100
54 147 100
54 147 100
54 147 100
54 147 100
54 147 100
54 147 100
54 147 100
54 147 100
54 147 100
54 147 100
54 147 100
54 147 100
54 147 100
54 147 100
54 147 100
54 147 100
54 147 100
54 147 100
54 147 100
54 147 100
54 147 100
54 147 100
54 147 100
54 147 100
54 147 100
54 147 100
54 147 100
54 147 100
53 147 100
53 147 100
53 147 100
53 147 100
53 147 100
53 147 100
53 147 100
53 147 100
53 147 100
53 147 100
53 147 100
53 147 100
53 147 100
53 147 100
53 147 100
53 147 100
53 147 100
53 147 100
53 147 100
53 147 100
53 147 100
53 147 100
53 147 100
53 147 100
53 147 100
53 147 100
53 147 100
53 147 100
53 147 100
53 147 100
53 147 100
53 147 100
53 147 100
53 147 100
53 147 100
53 147 100
53 147 100
52 147 100
52 147 100
52 147 100
52 147 100
52 147 100
52 147 100
52 147 100
52 147 100
52 147 100
52 147 100
52 147 100
52 147 100
52 147 100
52 147 100
52 147 100
52 147 100
52 147 100
52 147 100
52 147 100
52 147 100
52 147 100
52 147 100
52 147 100
52 147 100
52 147 100
52 147 100
52 147 100
52 147 100
52 147 100
52 147 100
52 147 100
52 147 100
52 147 100
52 147 100
52 147 100
52 147 100
52 147 100
52 147 100
51 147 100
51 147 100
51 147 100
51 147 100
51 147 100
51 147 100
51 147 100
51 147 100
51 147 100
51 147 100
51 147 100
51 147 100
51 147 100
51 147 100
51 147 100
51 147 100
51 147 100
51 147 100
51 147 100
51 147 100
51 147 100
51 147 100
51 147 100
51 147 100
51 147 100
51 147 100
51 147 100
51 147 100
51 147 100
51 147 100
51 147 100
51 147 100
51 147 100
51 147 100
51 147 100
51 147 100
51 147 100
51 147 100
51 147 100
50 147 100
50 147 100
50 147 100
50 147 100
50 147 100
50 147 100
50 147 100
50 147 100
50 147 100
50 147 100
50 147 100
50 147 100
50 147 100
50 147 100
50 147 100
50 147 100
50 147 100
50 147 100
50 147 100
50 147 100
50 147 100
50 147 100
50 147 100
50 147 100
50 147 100
50 147 100
50 147 100
50 147 100
50 147 100
50 147 100
50 147 100
50 147 100
50 147 100
50 147 100
50 147 100
50 147 100
50 147 100
50 147 100
50 147 100
49 147 100
49 147 100
49 147 100
49 147 100
49 147 100
49 147 100
49 147 100
49 147 100
49 147 100
49 147 100
49 147 100
49 147 100
49 147 100
49 147 100
49 147 100
49 147 100
49 147 100
49 147 100
49 147 100
49 147 100
49 147 100
49 147 100
49 147 100
49 147 100
49 147 100
49 147 100
49 147 100
49 147 100
49 147 100
49 147 100
49 147 100
49 147 100
49 147 100
49 147 100
49 147 100
49 147 100
49 147 100
49 147 100
49 147 100
48 147 100
48 147 100
48 147 100
48 147 100
48 147 100
48 147 100
48 147 100
48 147 100
48 147 100
48 147 100
48 147 100
48 147 100
48 147 100
48 147 100
48 147 100
48 147 100
48 147 100
48 147 100
48 147 100
48 147 100
48 147 100
48 147 100
48 147 100
48 147 100
48 147 100
48 147 100
48 147 100
48 147 100
48 147 100
48 147 100
48 147 100
48 147 100
48 147 100
48 147 100
48 147 100
48 147 100
48 147 100
48 147 100
48 147 100
47 147 100
47 147 100
47 147 100
47 147 100
47 147 100
47 147 100
47 147 100
47 147 100
47 147 100
47 147 100
47 147 100
47 147 100
47 147 100
47 147 100
47 147 100
47 147 100
47 147 100
47 147 100
47 147 100
47 147 100
47 147 100
47 147 100
47 147 100
47 147 100
47 147 100
47 147 100
47 147 100
47 147 100
47 147 100
47 147 100
47 147 100
47 147 100
47 147 100
47 147 100
47 147 100
47 147 100
47 147 100
46 147 100
46 147 100
46 147 100
46 147 100
46 147 100
46 147 100
46 147 100
46 147 100
46 147 100
46 147 100
46 147 100
46 147 100
46 147 100
46 147 100
46 147 100
46 147 100
46 147 100
46 147 100
46 147 100
46 147 100
46 147 100
46 147 100
46 147 100
46 147 100
46 147 100
46 147 100
46 147 100
46 147 100
46 147 100
46 147 100
46 147 100
46 147 100
46 147 100
46 147 100
46 147 100
46 147 100
45 147 100
45 147 100
45 147 100
45 147 100
45 147 100
45 147 100
45 147 100
45 147 100
45 147 100
45 147 100
45 147 100
45 147 100
45 147 100
45 147 100
45 147 100
45 147 100
45 147 100
45 147 100
45 147 100
45 147 100
45 147 100
45 147 100
45 147 100
45 147 100
45 147 100
45 147 100
45 147 100
45 147 100
45 147 100
45 147 100
45 147 100
45 147 100
45 147 100
45 147 100
44 147 100
44 147 100
44 147 100
44 147 100
44 147 100
44 147 100
44 147 100
44 147 100
44 147 100
44 147 100
44 147 100
44 147 100
44 147 100
44 147 100
44 147 100
44 147 100
44 147 100
44 147 100
44 147 100
44 147 100
44 147 100
44 147 100
44 147 100
44 147 100
44 147 100
44 147 100
44 147 100
44 147 100
44 147 100
44 147 100
44 147 100
43 147 100
43 147 100
43 147 100
43 147 100
43 147 100
43 147 100
43 147 100
43 147 100
43 147 100
43 147 100
43 147 100
43 147 100
43 147 100
43 147 100
43 147 100
43 147 100
43 147 100
43 147 100
43 147 100
43 147 100
43 147 100
43 147 100
43 147 100
43 147 100
43 147 100
43 147 100
43 147 100
43 147 100
43 147 100
42 147 100
42 147 100
42 147 100
42 147 100
42 147 100
42 147 100
42 147 100
42 147 100
42 147 100
42 147 100
42 147 100
42 147 100
42 147 100
42 147 100
42 147 100
42 147 100
42 147 100
42 147 100
42 147 100
42 147 100
42 147 100
42 147 100
42 147 100
42 147 100
42 147 100
42 147 100
42 147 100
41 147 100
41 147 100
41 147 100
41 147 100
41 147 100
41 147 100
41 147 100
41 147 100
41 147 100
41 147 100
41 147 100
41 147 100
41 147 100
41 147 100
41 147 100
41 147 100
41 147 100
41 147 100
41 147 100
41 147 100
41 147 100
41 147 100
41 147 100
41 147 100
41 147 100
40 147 100
40 147 100
40 147 100
40 147 100
40 147 100
40 147 100
40 147 100
40 147 100
40 147 100
40 147 100
40 147 100
40 147 100
40 147 100
40 147 100
40 147 100
40 147 100
40 147 100
40 147 100
40 147 100
40 147 100
40 147 100
40 147 100
39 147 100
39 147 100
39 147 100
39 147 100
39 147 100
39 147 100
39 147 100
39 147 100
39 147 100
39 147 100
39 147 100
39 147 100
39 147 100
39 147 100
39 147 100
39 147 100
39 147 100
39 147 100
39 147 100
39 147 100
39 147 100
38 147 100
38 147 100
38 147 100
38 147 100
38 147 100
38 147 100
38 147 100
38 147 100
38 147 100
38 147 100
38 147 100
38 147 100
38 147 100
38 147 100
38 147 100
38 147 100
38 147 100
38 147 100
38 147 100
37 147 100
37 147 100
37 147 100
37 147 100
37 147 100
37 147 100
37 147 100
37 147 100
37 147 100
37 147 100
37 147 100
37 147 100
37 147 100
37 147 100
37 147 100
37 147 100
37 147 100
37 147 100
36 147 100
36 147 100
36 147 100
36 147 100
36 147 100
36 147 100
36 147 100
36 147 100
36 147 100
36 147 100
36 147 100
36 147 100
36 147 100
36 147 100
36 147 100
36 147 100
36 147 100
35 147 100
35 147 100
35 147 100
35 147 100
35 147 100
35 147 100
35 147 100
35 147 100
35 147 100
35 147 100
35 147 100
35 147 100
35 147 100
35 147 100
35 147 100
34 147 100
34 147 100
34 147 100
34 147 100
34 147 100
34 147 100
34 147 100
34 147 100
34 147 100
34 147 100
34 147 100
34 147 100
34 147 100
34 147 100
33 147 100
33 147 100
33 147 100
33 147 100
33 147 100
33 147 100
33 147 100
33 147 100
33 147 100
33 147 100
33 147 100
33 147 100
33 147 100
32 147 100
32 147 100
32 147 100
32 147 100
32 147 100
32 147 100
32 147 100
32 147 100
32 147 100
32 147 100
32 147 100
32 147 100
31 147 100
31 147 100
31 147 100
31 147 100
31 147 100
31 147 100
31 147 100
31 147 100
31 147 100
31 147 100
31 147 100
30 147 100
30 147 100
30 147 100
30 147 100
30 147 100
30 147 100
30 147 100
30 147 100
30 147 100
29 147 100
29 147 100
29 147 100
29 147 100
29 147 100
29 147 100
29 147 100
29 147 100
28 147 100
28 147 100
28 147 100
28 147 100
28 147 100
28 147 100
# move from (46,50) to (27,115)
46 50 100
45 50 100
44 50 100
43 50 100
42 50 100
41 50 100
40 50 100
39 50 100
38 50 100
37 50 100
36 50 100
35 50 100
34 50 100
33 50 100
32 50 100
31 50 100
30 50 100
29 50 100
28 50 100
# move from (171,183) to (27,115)
171 183 100
170 183 100
169 183 100
168 183 100
167 183 100
166 183 100
165 183 100
165 183 100
164 183 100
164 183 100
163 183 100
163 183 100
162 183 100
162 183 100
161 183 100
161 183 100
160 183 100
160 183 100
159 183 100
159 183 100
158 183 100
158 183 100
157 183 100
157 183 100
156 183 100
156 183 100
155 183 100
155 183 100
154 183 100
154 183 100
153 183 100
153 183 100
152 183 100
152 183 100
151 183 100
151 183 100
150 183 100
150 183 100
150 183 100
149 183 100
149 183 100
149 183 100
148 183 100
148 183 100
148 183 100
148 183 100
147 183 100
147 183 100
147 183 100
147 183 100
146 183 100
146 183 100
146 183 100
146 183 100
145 183 100
145 183 100
145 183 100
145 183 100
144 183 100
144 183 100
144 183 100
144 183 100
143 183 100
143 183 100
143 183 100
143 183 100
142 183 100
142 183 100
142 183 100
142 183 100
141 183 100
141 183 100
141 183 100
140 183 100
140 183 100
139 183 100
139 183 100
138 183 100
137 183 100
136 183 100
135 183 100
134 183 100
133 183 100
132 183 100
131 183 100
130 183 100
129 183 100
128 183 100
127 183 100
126 183 100
125 183 100
124 183 100
123 183 100
122 183 100
121 183 100
120 183 100
119 183 100
118 183 100
117 183 100
116 183 100
115 183 100
114 183 100
113 183 100
112 183 100
111 183 100
110 183 100
109 183 100
108 183 100
107 183 100
106 183 100
105 183 100
104 183 100
103 183 100
102 183 100
101 183 100
100 183 100
99 183 100
98 183 100
97 183 100
96 183 100
95 183 100
94 183 100
93 183 100
92 183 100
91 183 100
90 183 100
90 183 100
89 183 100
89 183 100
89 183 100
88 183 100
88 183 100
88 183 100
88 183 100
87 183 100
87 183 100
87 183 100
87 183 100
87 183 100
87 183 100
86 183 100
86 183 100
86 183 100
86 183 100
86 183 100
86 183 100
86 183 100
86 183 100
86 183 100
85 183 100
85 183 100
85 183 100
85 183 100
85 183 100
85 183 100
85 183 100
85 183 100
85 183 100
85 183 100
85 183 100
84 183 100
84 183 100
84 183 100
84 183 100
84 183 100
84 183 100
84 183 100
84 183 100
84 183 100
84 183 100
84 183 100
84 183 100
84 183 100
84 183 100
84 183 100
83 183 100
83 183 100
83 183 100
83 183 100
83 183 100
83 183 100
83 183 100
83 183 100
83 183 100
83 183 100
83 183 100
83 183 100
83 183 100
83 183 100
83 183 100
83 183 100
83 183 100
83 183 100
82 183 100
82 183 100
82 183 100
82 183 100
82 183 100
82 183 100
82 183 100
82 183 100
82 183 100
82 183 100
82 183 100
82 183 100
82 183 100
82 183 100
82 183 100
82 183 100
82 183 100
82 183 100
82 183 100
82 183 100
82 183 100
82 183 100
81 183 100
81 183 100
81 183 100
81 183 100
81 183 100
81 183 100
81 183 100
81 183 100
81 183 100
81 183 100
81 183 100
81 183 100
81 183 100
81 183 100
81 183 100
81 183 100
81 183 100
81 183 100
81 183 100
81 183 100
81 183 100
81 183 100
81 183 100
81 183 100
81 183 100
80 183 100
80 183 100
80 183 100
80 183 100
80 183 100
80 183 100
80 183 100
80 183 100
80 183 100
80 183 100
80 183 100
80 183 100
80 183 100
80 183 100
80 183 100
80 183 100
80 183 100
80 183 100
80 183 100
80 183 100
80 183 100
80 183 100
80 183 100
80 183 100
80 183 100
80 183 100
80 183 100
80 183 100
80 183 100
79 183 100
79 183 100
79 183 100
79 183 100
79 183 100
79 183 100
79 183 100
79 183 100
79 183 100
79 183 100
79 183 100
79 183 100
79 183 100
79 183 100
79 183 100
79 183 100
79 183 100
79 183 100
79 183 100
79 183 100
79 183 100
79 183 100
79 183 100
79 183 100
79 183 100
79 183 100
79 183 100
79 183 100
79 183 100
79 183 100
79 183 100
79 183 100
78 183 100
78 183 100
78 183 100
78 183 100
78 183 100
78 183 100
78 183 100
78 183 100
78 183 100
78 183 100
78 183 100
78 183 100
78 183 100
78 183 100
78 183 100
78 183 100
78 183 100
78 183 100
78 183 100
78 183 100
78 183 100
78 183 100
78 183 100
78 183 100
78 183 100
78 183 100
78 183 100
78 183 100
78 183 100
78 183 100
78 183 100
78 183 100
78 183 100
78 183 100
78 183 100
77 183 100
77 183 100
77 183 100
77 183 100
77 183 100
77 183 100
77 183 100
77 183 100
77 183 100
77 183 100
77 183 100
77 183 100
77 183 100
77 183 100
77 183 100
77 183 100
77 183 100
77 183 100
77 183 100
77 183 100
77 183 100
77 183 100
77 183 100
77 183 100
77 183 100
77 183 100
77 183 100
77 183 100
77 183 100
77 183 100
77 183 100
77 183 100
77 183 100
77 183 100
77 183 100
77 183 100
77 183 100
76 183 100
76 183 100
76 183 100
76 183 100
76 183 100
76 183 100
76 183 100
76 183 100
76 183 100
76 183 100
76 183 100
76 183 100
76 183 100
76 183 100
76 183 100
76 183 100
76 183 100
76 183 100
76 183 100
76 183 100
76 183 100
76 183 100
76 183 100
76 183 100
76 183 100
76 183 100
76 183 100
76 183 100
76 183 100
76 183 100
76 183 100
76 183 100
76 183 100
76 183 100
76 183 100
76 183 100
76 183 100
76 183 100
76 183 100
76 183 100
75 183 100
75 183 100
75 183 100
75 183 100
75 183 100
75 183 100
75 183 100
75 183 100
75 183 100
75 183 100
75 183 100
75 183 100
75 183 100
75 183 100
75 183 100
75 183 100
75 183 100
75 183 100
75 183 100
75 183 100
75 183 100
75 183 100
75 183 100
75 183 100
75 183 100
75 183 100
75 183 100
75 183 100
75 183 100
75 183 100
75 183 100
75 183 100
75 183 100
75 183 100
75 183 100
75 183 100
75 183 100
75 183 100
75 183 100
75 183 100
75 183 100
74 183 100
74 183 100
74 183 100
74 183 100
74 183 100
74 183 100
74 183 100
74 183 100
74 183 100
74 183 100
74 183 100
74 183 100
74 183 100
74 183 100
74 183 100
74 183 100
74 183 100
74 183 100
74 183 100
74 183 100
74 183 100
74 183 100
74 183 100
74 183 100
74 183 100
74 183 100
74 183 100
74 183 100
74 183 100
74 183 100
74 183 100
74 183 100
74 183 100
74 183 100
74 183 100
74 183 100
74 183 100
74 183 100
74 183 100
74 183 100
74 183 100
74 183 100
74 183 100
73 183 100
73 183 100
73 183 100
73 183 100
73 183 100
73 183 100
73 183 100
73 183 100
73 183 100
73 183 100
73 183 100
73 183 100
73 183 100
73 183 100
73 183 100
73 183 100
73 183 100
73 183 100
73 183 100
73 183 100
73 183 100
73 183 100
73 183 100
73 183 100
73 183 100
73 183 100
73 183 100
73 183 100
73 183 100
73 183 100
73 183 100
73 183 100
73 183 100
73 183 100
73 183 100
73 183 100
73 183 100
73 183 100
73 183 100
73 183 100
73 183 100
73 183 100
73 183 100
72 183 100
72 183 100
72 183 100
72 183 100
72 183 100
72 183 100
72 183 100
72 183 100
72 183 100
72 183 100
72 183 100
72 183 100
72 183 100
72 183 100
72 183 100
72 183 100
72 183 100
72 183 100
72 183 100
72 183 100
72 183 100
72 183 100
72 183 100
72 183 100
72 183 100
72 183 100
72 183 100
72 183 100
72 183 100
72 183 100
72 183 100
72 183 100
72 183 100
72 183 100
72 183 100
72 183 100
72 183 100
72 183 100
72 183 100
72 183 100
72 183 100
72 183 100
72 183 100
72 183 100
71 183 100
71 183 100
71 183 100
71 183 100
71 183 100
71 183 100
71 183 100
71 183 100
71 183 100
71 183 100
71 183 100
71 183 100
71 183 100
71 183 100
71 183 100
71 183 100
71 183 100
71 183 100
71 183 100
71 183 100
71 183 100
71 183 100
71 183 100
71 183 100
71 183 100
71 183 100
71 183 100
71 183 100
71 183 100
71 183 100
71 183 100
71 183 100
71 183 100
71 183 100
71 183 100
71 183 100
71 183 100
71 183 100
71 183 100
71 183 100
71 183 100
71 183 100
71 183 100
71 183 100
70 183 100
70 183 100
70 183 100
70 183 100
70 183 100
70 183 100
70 183 100
70 183 100
70 183 100
70 183 100
70 183 100
70 183 100
70 183 100
70 183 100
70 183 100
70 183 100
70 183 100
70 183 100
70 183 100
70 183 100
70 183 100
70 183 100
70 183 100
70 183 100
70 183 100
70 183 100
70 183 100
70 183 100
70 183 100
70 183 100
70 183 100
70 183 100
70 183 100
70 183 100
70 183 100
70 183 100
70 183 100
70 183 100
70 183 100
70 183 100
70 183 100
70 183 100
70 183 100
70 183 100
69 183 100
69 183 100
69 183 100
69 183 100
69 183 100
69 183 100
69 183 100
69 183 100
69 183 100
69 183 100
69 183 100
69 183 100
69 183 100
69 183 100
69 183 100
69 183 100
69 183 100
69 183 100
69 183 100
69 183 100
69 183 100
69 183 100
69 183 100
69 183 100
69 183 100
69 183 100
69 183 100
69 183 100
69 183 100
69 183 100
69 183 100
69 183 100
69 183 100
69 183 100
69 183 100
69 183 100
69 183 100
69 183 100
69 183 100
69 183 100
69 183 100
69 183 100
69 183 100
68 183 100
68 183 100
68 183 100
68 183 100
68 183 100
68 183 100
68 183 100
68 183 100
68 183 100
68 183 100
68 183 100
68 183 100
68 183 100
68 183 100
68 183 100
68 183 100
68 183 100
68 183 100
68 183 100
68 183 100
68 183 100
68 183 100
68 183 100
68 183 100
68 183 100
68 183 100
68 183 100
68 183 100
68 183 100
68 183 100
68 183 100
68 183 100
68 183 100
68 183 100
68 183 100
68 183 100
68 183 100
68 183 100
68 183 100
68 183 100
68 183 100
68 183 100
67 183 100
67 183 100
67 183 100
67 183 100
67 183 100
67 183 100
67 183 100
67 183 100
67 183 100
67 183 100
67 183 100
67 183 100
67 183 100
67 183 100
67 183 100
67 183 100
67 183 100
67 183 100
67 183 100
67 183 100
67 183 100
67 183 100
67 183 100
67 183 100
67 183 100
67 183 100
67 183 100
67 183 100
67 183 100
67 183 100
67 183 100
67 183 100
67 183 100
67 183 100
67 183 100
67 183 100
67 183 100
67 183 100
67 183 100
67 183 100
67 183 100
66 183 100
66 183 100
66 183 100
66 183 100
66 183 100
66 183 100
66 183 100
66 183 100
66 183 100
66 183 100
66 183 100
66 183 100
66 183 100
66 183 100
66 183 100
66 183 100
66 183 100
66 183 100
66 183 100
66 183 100
66 183 100
66 183 100
66 183 100
66 183 100
66 183 100
66 183 100
66 183 100
66 183 100
66 183 100
66 183 100
66 183 100
66 183 100
66 183 100
66 183 100
66 183 100
66 183 100
66 183 100
66 183 100
66 183 100
66 183 100
65 183 100
65 183 100
65 183 100
65 183 100
65 183 100
65 183 100
65 183 100
65 183 100
65 183 100
65 183 100
65 183 100
65 183 100
65 183 100
65 183 100
65 183 100
65 183 100
65 183 100
65 183 100
65 183 100
65 183 100
65 183 100
65 183 100
65 183 100
65 183 100
65 183 100
65 183 100
65 183 100
65 183 100
65 183 100
65 183 100
65 183 100
65 183 100
65 183 100
65 183 100
65 183 100
65 183 100
65 183 100
65 183 100
64 183 100
64 183 100
64 183 100
64 183 100
64 183 100
64 183 100
64 183 100
64 183 100
64 183 100
64 183 100
64 183 100
64 183 100
64 183 100
64 183 100
64 183 100
64 183 100
64 183 100
64 183 100
64 183 100
64 183 100
64 183 100
64 183 100
64 183 100
64 183 100
64 183 100
64 183 100
64 183 100
64 183 100
64 183 100
64 183 100
64 183 100
64 183 100
64 183 100
64 183 100
64 183 100
63 183 100
63 183 100
63 183 100
63 183 100
63 183 100
63 183 100
63 183 100
63 183 100
63 183 100
63 183 100
63 183 100
63 183 100
63 183 100
63 183 100
63 183 100
63 183 100
63 183 100
63 183 100
63 183 100
63 183 100
63 183 100
63 183 100
63 183 100
63 183 100
63 183 100
63 183 100
63 183 100
63 183 100
63 183 100
63 183 100
63 183 100
62 183 100
62 183 100
62 183 100
62 183 100
62 183 100
62 183 100
62 183 100
62 183 100
62 183 100
62 183 100
62 183 100
62 183 100
62 183 100
62 183 100
62 183 100
62 183 100
62 183 100
62 183 100
62 183 100
62 183 100
62 183 100
62 183 100
62 183 100
62 183 100
62 183 100
62 183 100
62 183 100
62 183 100
61 183 100
61 183 100
61 183 100
61 183 100
61 183 100
61 183 100
61 183 100
61 183 100
61 183 100
61 183 100
61 183 100
61 183 100
61 183 100
61 183 100
61 183 100
61 183 100
61 183 100
61 183 100
61 183 100
61 183 100
61 183 100
61 183 100
61 183 100
61 183 100
60 183 100
60 183 100
60 183 100
60 183 100
60 183 100
60 183 100
60 183 100
60 183 100
60 183 100
60 183 100
60 183 100
60 183 100
60 183 100
60 183 100
60 183 100
60 183 100
60 183 100
60 183 100
60 183 100
60 183 100
59 183 100
59 183 100
59 183 100
59 183 100
59 183 100
59 183 100
59 183 100
59 183 100
59 183 100
59 183 100
59 183 100
59 183 100
59 183 100
59 183 100
59 183 100
59 183 100
58 183 100
58 183 100
58 183 100
58 183 100
58 183 100
58 183 100
58 183 100
58 183 100
58 183 100
58 183 100
58 183 100
58 183 100
58 183 100
57 183 100
57 183 100
57 183 100
57 183 100
57 183 100
57 183 100
57 183 100
57 183 100
57 183 100
57 183 100
56 183 100
56 183 100
56 183 100
56 183 100
56 183 100
56 183 100
56 183 100
56 183 100
55 183 100
55 183 100
55 183 100
55 183 100
55 183 100
55 183 100
54 183 100
54 183 100
54 183 100
54 183 100
54 183 100
53 183 100
53 183 100
53 183 100
52 183 100
52 183 100
51 183 100
51 183 100
50 183 100
49 183 100
48 183 100
47 183 100
46 183 100
45 183 100
44 183 100
43 183 100
42 183 100
41 183 100
40 183 100
39 183 100
38 183 100
37 183 100
36 183 100
35 183 100
34 183 100
33 183 100
32 183 100
31 183 100
30 183 100
29 183 100
28 183 100
# move from (62,114) to (27,115)
62 114 100
61 114 100
60 114 100
59 114 100
58 114 100
57 114 100
56 114 100
55 114 100
54 114 100
53 114 100
53 114 100
52 114 100
52 114 100
51 114 100
51 114 100
50 114 100
50 114 100
50 114 100
49 114 100
49 114 100
49 114 100
49 114 100
48 114 100
48 114 100
48 114 100
48 114 100
48 114 100
47 114 100
47 114 100
47 114 100
47 114 100
47 114 100
46 114 100
46 114 100
46 114 100
46 114 100
46 114 100
46 114 100
45 114 100
45 114 100
45 114 100
45 114 100
45 114 100
45 114 100
45 114 100
44 114 100
44 114 100
44 114 100
44 114 100
44 114 100
44 114 100
44 114 100
43 114 100
43 114 100
43 114 100
43 114 100
43 114 100
43 114 100
43 114 100
42 114 100
42 114 100
42 114 100
42 114 100
42 114 100
42 114 100
42 114 100
41 114 100
41 114 100
41 114 100
41 114 100
41 114 100
41 114 100
40 114 100
40 114 100
40 114 100
40 114 100
40 114 100
39 114 100
39 114 100
39 114 100
39 114 100
38 114 100
38 114 100
38 114 100
37 114 100
37 114 100
37 114 100
36 114 100
36 114 100
35 114 100
35 114 100
34 114 100
34 114 100
33 114 100
32 114 100
31 114 100
30 114 100
29 114 100
28 114 100
# move from (134,76) to (27,115)
134 76 100
134 76 100
133 76 100
133 76 100
132 76 100
132 76 100
131 76 100
131 76 100
130 76 100
130 76 100
130 76 100
129 76 100
129 76 100
129 76 100
128 76 100
128 76 100
128 76 100
128 76 100
127 76 100
127 76 100
127 76 100
127 76 100
126 76 100
126 76 100
126 76 100
126 76 100
126 76 100
125 76 100
125 76 100
125 76 100
125 76 100
125 76 100
124 76 100
124 76 100
124 76 100
124 76 100
124 76 100
124 76 100
123 76 100
123 76 100
123 76 100
123 76 100
123 76 100
123 76 100
122 76 100
122 76 100
122 76 100
122 76 100
122 76 100
122 76 100
122 76 100
121 76 100
121 76 100
121 76 100
121 76 100
121 76 100
121 76 100
121 76 100
121 76 100
120 76 100
120 76 100
120 76 100
120 76 100
120 76 100
120 76 100
120 76 100
120 76 100
120 76 100
120 76 100
119 76 100
119 76 100
119 76 100
119 76 100
119 76 100
119 76 100
119 76 100
119 76 100
119 76 100
119 76 100
119 76 100
118 76 100
118 76 100
118 76 100
118 76 100
118 76 100
118 76 100
118 76 100
118 76 100
118 76 100
118 76 100
118 76 100
118 76 100
118 76 100
117 76 100
117 76 100
117 76 100
117 76 100
117 76 100
117 76 100
117 76 100
117 76 100
117 76 100
117 76 100
117 76 100
117 76 100
117 76 100
117 76 100
116 76 100
116 76 100
116 76 100
116 76 100
116 76 100
116 76 100
116 76 100
116 76 100
116 76 100
116 76 100
116 76 100
116 76 100
116 76 100
116 76 100
116 76 100
116 76 100
115 76 100
115 76 100
115 76 100
115 76 100
115 76 100
115 76 100
115 76 100
115 76 100
115 76 100
115 76 100
115 76 100
115 76 100
115 76 100
115 76 100
115 76 100
115 76 100
115 76 100
114 76 100
114 76 100
114 76 100
114 76 100
114 76 100
114 76 100
114 76 100
114 76 100
114 76 100
114 76 100
114 76 100
114 76 100
114 76 100
114 76 100
114 76 100
114 76 100
114 76 100
113 76 100
113 76 100
113 76 100
113 76 100
113 76 100
113 76 100
113 76 100
113 76 100
113 76 100
113 76 100
113 76 100
113 76 100
113 76 100
113 76 100
113 76 100
113 76 100
113 76 100
113 76 100
112 76 100
112 76 100
112 76 100
112 76 100
112 76 100
112 76 100
112 76 100
112 76 100
112 76 100
112 76 100
112 76 100
112 76 100
112 76 100
112 76 100
112 76 100
112 76 100
112 76 100
111 76 100
111 76 100
111 76 100
111 76 100
111 76 100
111 76 100
111 76 100
111 76 100
111 76 100
111 76 100
111 76 100
111 76 100
111 76 100
111 76 100
111 76 100
111 76 100
110 76 100
110 76 100
110 76 100
110 76 100
110 76 100
110 76 100
110 76 100
110 76 100
110 76 100
110 76 100
110 76 100
110 76 100
110 76 100
110 76 100
110 76 100
109 76 100
109 76 100
109 76 100
109 76 100
109 76 100
109 76 100
109 76 100
109 76 100
109 76 100
109 76 100
109 76 100
109 76 100
109 76 100
108 76 100
108 76 100
108 76 100
108 76 100
108 76 100
108 76 100
108 76 100
108 76 100
108 76 100
108 76 100
108 76 100
107 76 100
107 76 100
107 76 100
107 76 100
107 76 100
107 76 100
107 76 100
107 76 100
107 76 100
106 76 100
106 76 100
106 76 100
106 76 100
106 76 100
106 76 100
105 76 100
105 76 100
105 76 100
105 76 100
105 76 100
104 76 100
104 76 100
104 76 100
104 76 100
103 76 100
103 76 100
103 76 100
102 76 100
102 76 100
101 76 100
101 76 100
100 76 100
99 76 100
98 76 100
97 76 100
96 76 100
95 76 100
94 76 100
93 76 100
92 76 100
91 76 100
90 76 100
89 76 100
88 76 100
87 76 100
86 76 100
85 76 100
84 76 100
83 76 100
82 76 100
81 76 100
80 76 100
79 76 100
78 76 100
77 76 100
76 76 100
75 76 100
74 76 100
73 76 100
72 76 100
71 76 100
70 76 100
69 76 100
68 76 100
67 76 100
66 76 100
65 76 100
64 76 100
63 76 100
62 76 100
61 76 100
60 76 100
59 76 100
58 76 100
57 76 100
57 76 100
56 76 100
56 76 100
55 76 100
55 76 100
54 76 100
54 76 100
54 76 100
53 76 100
53 76 100
53 76 100
52 76 100
52 76 100
52 76 100
52 76 100
51 76 100
51 76 100
51 76 100
51 76 100
50 76 100
50 76 100
50 76 100
50 76 100
50 76 100
49 76 100
49 76 100
49 76 100
49 76 100
49 76 100
49 76 100
48 76 100
48 76 100
48 76 100
48 76 100
48 76 100
48 76 100
48 76 100
47 76 100
47 76 100
47 76 100
47 76 100
47 76 100
47 76 100
47 76 100
46 76 100
46 76 100
46 76 100
46 76 100
46 76 100
46 76 100
46 76 100
46 76 100
45 76 100
45 76 100
45 76 100
45 76 100
45 76 100
45 76 100
45 76 100
45 76 100
44 76 100
44 76 100
44 76 100
44 76 100
44 76 100
44 76 100
44 76 100
44 76 100
43 76 100
43 76 100
43 76 100
43 76 100
43 76 100
43 76 100
43 76 100
43 76 100
42 76 100
42 76 100
42 76 100
42 76 100
42 76 100
42 76 100
42 76 100
41 76 100
41 76 100
41 76 100
41 76 100
41 76 100
41 76 100
41 76 100
40 76 100
40 76 100
40 76 100
40 76 100
40 76 100
40 76 100
40 76 100
39 76 100
39 76 100
39 76 100
39 76 100
39 76 100
39 76 100
39 76 100
38 76 100
38 76 100
38 76 100
38 76 100
38 76 100
38 76 100
38 76 100
37 76 100
37 76 100
37 76 100
37 76 100
37 76 100
37 76 100
37 76 100
36 76 100
36 76 100
36 76 100
36 76 100
36 76 100
36 76 100
36 76 100
35 76 100
35 76 100
35 76 100
35 76 100
35 76 100
35 76 100
35 76 100
34 76 100
34 76 100
34 76 100
34 76 100
34 76 100
34 76 100
34 76 100
33 76 100
33 76 100
33 76 100
33 76 100
33 76 100
33 76 100
33 76 100
32 76 100
32 76 100
32 76 100
32 76 100
32 76 100
32 76 100
32 76 100
31 76 100
31 76 100
31 76 100
31 76 100
31 76 100
31 76 100
31 76 100
31 76 100
30 76 100
30 76 100
30 76 100
30 76 100
30 76 100
30 76 100
30 76 100
30 76 100
30 76 100
29 76 100
29 76 100
29 76 100
29 76 100
29 76 100
29 76 100
29 76 100
29 76 100
29 76 100
29 76 100
28 76 100
28 76 100
28 76 100
28 76 100
28 76 100
28 76 100
28 76 100
28 76 100
28 76 100
28 76 100
28 76 100
28 76 100
# move from (199,67) to (27,115)
199 67 100
198 67 100
197 67 100
196 67 100
195 67 100
194 67 100
193 67 100
192 67 100
191 67 100
191 67 100
190 67 100
190 67 100
189 67 100
189 67 100
189 67 100
188 67 100
188 67 100
188 67 100
187 67 100
187 67 100
187 67 100
187 67 100
186 67 100
186 67 100
186 67 100
186 67 100
186 67 100
185 67 100
185 67 100
185 67 100
185 67 100
185 67 100
185 67 100
184 67 100
184 67 100
184 67 100
184 67 100
184 67 100
184 67 100
184 67 100
183 67 100
183 67 100
183 67 100
183 67 100
183 67 100
183 67 100
183 67 100
183 67 100
182 67 100
182 67 100
182 67 100
182 67 100
182 67 100
182 67 100
182 67 100
182 67 100
181 67 100
181 67 100
181 67 100
181 67 100
181 67 100
181 67 100
181 67 100
181 67 100
180 67 100
180 67 100
180 67 100
180 67 100
180 67 100
180 67 100
180 67 100
179 67 100
179 67 100
179 67 100
179 67 100
179 67 100
179 67 100
178 67 100
178 67 100
178 67 100
178 67 100
178 67 100
178 67 100
177 67 100
177 67 100
177 67 100
177 67 100
177 67 100
176 67 100
176 67 100
176 67 100
176 67 100
175 67 100
175 67 100
175 67 100
174 67 100
174 67 100
174 67 100
173 67 100
173 67 100
172 67 100
172 67 100
171 67 100
170 67 100
169 67 100
168 67 100
167 67 100
166 67 100
165 67 100
164 67 100
163 67 100
162 67 100
161 67 100
160 67 100
159 67 100
158 67 100
157 67 100
156 67 100
155 67 100
154 67 100
153 67 100
152 67 100
151 67 100
150 67 100
149 67 100
148 67 100
147 67 100
146 67 100
145 67 100
144 67 100
143 67 100
142 67 100
141 67 100
140 67 100
139 67 100
138 67 100
137 67 100
136 67 100
135 67 100
134 67 100
133 67 100
132 67 100
131 67 100
130 67 100
129 67 100
128 67 100
127 67 100
127 67 100
126 67 100
126 67 100
125 67 100
125 67 100
125 67 100
124 67 100
124 67 100
124 67 100
124 67 100
123 67 100
123 67 100
123 67 100
123 67 100
123 67 100
122 67 100
122 67 100
122 67 100
122 67 100
122 67 100
122 67 100
121 67 100
121 67 100
121 67 100
121 67 100
121 67 100
121 67 100
121 67 100
120 67 100
120 67 100
120 67 100
120 67 100
120 67 100
120 67 100
120 67 100
119 67 100
119 67 100
119 67 100
119 67 100
119 67 100
119 67 100
119 67 100
119 67 100
118 67 100
118 67 100
118 67 100
118 67 100
118 67 100
118 67 100
118 67 100
118 67 100
117 67 100
117 67 100
117 67 100
117 67 100
117 67 100
117 67 100
117 67 100
116 67 100
116 67 100
116 67 100
116 67 100
116 67 100
116 67 100
116 67 100
115 67 100
115 67 100
115 67 100
115 67 100
115 67 100
115 67 100
115 67 100
114 67 100
114 67 100
114 67 100
114 67 100
114 67 100
114 67 100
113 67 100
113 67 100
113 67 100
113 67 100
113 67 100
113 67 100
112 67 100
112 67 100
112 67 100
112 67 100
112 67 100
111 67 100
111 67 100
111 67 100
111 67 100
110 67 100
110 67 100
110 67 100
110 67 100
109 67 100
109 67 100
109 67 100
108 67 100
108 67 100
108 67 100
107 67 100
107 67 100
106 67 100
106 67 100
105 67 100
105 67 100
104 67 100
104 67 100
103 67 100
102 67 100
101 67 100
100 67 100
99 67 100
98 67 100
97 67 100
96 67 100
95 67 100
94 67 100
93 67 100
92 67 100
91 67 100
90 67 100
89 67 100
88 67 100
87 67 100
86 67 100
85 67 100
84 67 100
83 67 100
82 67 100
81 67 100
80 67 100
79 67 100
78 67 100
77 67 100
76 67 100
75 67 100
74 67 100
73 67 100
72 67 100
72 67 100
71 67 100
71 67 100
70 67 100
70 67 100
70 67 100
69 67 100
69 67 100
69 67 100
68 67 100
68 67 100
68 67 100
68 67 100
67 67 100
67 67 100
67 67 100
67 67 100
67 67 100
66 67 100
66 67 100
66 67 100
66 67 100
66 67 100
65 67 100
65 67 100
65 67 100
65 67 100
65 67 100
65 67 100
64 67 100
64 67 100
64 67 100
64 67 100
64 67 100
64 67 100
64 67 100
63 67 100
63 67 100
63 67 100
63 67 100
63 67 100
63 67 100
63 67 100
62 67 100
62 67 100
62 67 100
62 67 100
62 67 100
62 67 100
62 67 100
62 67 100
61 67 100
61 67 100
61 67 100
61 67 100
61 67 100
61 67 100
61 67 100
61 67 100
60 67 100
60 67 100
60 67 100
60 67 100
60 67 100
60 67 100
60 67 100
59 67 100
59 67 100
59 67 100
59 67 100
59 67 100
59 67 100
59 67 100
58 67 100
58 67 100
58 67 100
58 67 100
58 67 100
58 67 100
57 67 100
57 67 100
57 67 100
57 67 100
57 67 100
56 67 100
56 67 100
56 67 100
56 67 100
55 67 100
55 67 100
55 67 100
54 67 100
54 67 100
53 67 100
53 67 100
52 67 100
52 67 100
51 67 100
50 67 100
49 67 100
48 67 100
47 67 100
46 67 100
45 67 100
44 67 100
43 67 100
42 67 100
41 67 100
40 67 100
39 67 100
38 67 100
37 67 100
36 67 100
35 67 100
34 67 100
34 67 100
33 67 100
33 67 100
32 67 100
32 67 100
31 67 100
31 67 100
30 67 100
30 67 100
29 67 100
29 67 100
28 67 100
28 67 100
