# move from (176,161) to (116,138)
176 161 100
175 161 100
174 161 100
173 161 100
172 161 100
171 161 100
170 161 100
169 161 100
168 161 100
167 161 100
166 161 100
165 161 100
164 161 100
163 161 100
162 161 100
161 161 100
160 161 100
159 161 100
158 161 100
157 161 100
156 161 100
155 161 100
154 161 100
153 161 100
152 161 100
151 161 100
150 161 100
149 161 100
148 161 100
147 161 100
146 161 100
145 161 100
144 161 100
143 161 100
142 161 100
141 161 100
140 161 100
139 161 100
138 161 100
137 161 100
136 161 100
135 161 100
134 161 100
133 161 100
132 161 100
131 161 100
130 161 100
129 161 100
128 161 100
127 161 100
126 161 100
125 161 100
124 161 100
123 161 100
122 161 100
121 161 100
120 161 100
119 161 100
118 161 100
117 161 100
116 161 100
116 160 100
116 159 100
116 158 100
116 157 100
116 156 100
116 155 100
116 154 100
116 153 100
116 152 100
116 151 100
116 150 100
116 149 100
116 148 100
116 147 100
116 146 100
116 145 100
116 144 100
116 143 100
116 142 100
116 141 100
116 140 100
116 139 100
116 138 100
# move from (92,176) to (116,138)
92 176 100
93 176 100
94 176 100
95 176 100
96 176 100
97 176 100
98 176 100
99 176 100
100 176 100
101 176 100
102 176 100
103 176 100
104 176 100
105 176 100
106 176 100
107 176 100
108 176 100
109 176 100
110 176 100
111 176 100
112 176 100
113 176 100
114 176 100
115 176 100
116 176 100
116 175 100
116 174 100
116 173 100
116 172 100
116 171 100
116 170 100
116 169 100
116 168 100
116 167 100
116 166 100
116 165 100
116 164 100
116 163 100
116 162 100
# move from (35,82) to (116,138)
35 82 100
36 82 100
37 82 100
37 82 100
38 82 100
38 82 100
39 82 100
39 82 100
40 82 100
40 82 100
41 82 100
41 82 100
42 82 100
42 82 100
43 82 100
43 82 100
44 82 100
44 82 100
45 82 100
45 82 100
46 82 100
46 82 100
47 82 100
47 82 100
48 82 100
49 82 100
50 82 100
51 82 100
52 82 100
53 82 100
54 82 100
55 82 100
56 82 100
57 82 100
58 82 100
59 82 100
60 82 100
61 82 100
62 82 100
63 82 100
63 82 100
64 82 100
64 82 100
65 82 100
65 82 100
66 82 100
67 82 100
68 82 100
69 82 100
70 82 100
71 82 100
72 82 100
73 82 100
74 82 100
75 82 100
76 82 100
77 82 100
78 82 100
79 82 100
80 82 100
81 82 100
82 82 100
83 82 100
84 82 100
85 82 100
86 82 100
87 82 100
88 82 100
89 82 100
90 82 100
91 82 100
92 82 100
93 82 100
94 82 100
95 82 100
96 82 100
97 82 100
98 82 100
99 82 100
100 82 100
101 82 100
102 82 100
103 82 100
104 82 100
104 82 100
105 82 100
105 82 100
106 82 100
106 82 100
107 82 100
107 82 100
108 82 100
108 82 100
109 82 100
109 82 100
110 82 100
110 82 100
110 82 100
111 82 100
111 82 100
111 82 100
112 82 100
112 82 100
112 82 100
113 82 100
113 82 100
113 82 100
113 82 100
114 82 100
114 82 100
114 82 100
114 82 100
114 82 100
115 82 100
115 82 100
115 82 100
115 82 100
115 82 100
116 82 100
116 82 100
116 82 100
116 82 100
116 82 100
116 82 100
116 83 100
116 83 100
116 83 100
116 83 100
116 83 100
116 83 100
116 83 100
116 84 100
116 84 100
116 84 100
116 84 100
116 84 100
116 84 100
116 84 100
116 85 100
116 85 100
116 85 100
116 85 100
116 85 100
116 85 100
116 85 100
116 86 100
116 86 100
116 86 100
116 86 100
116 86 100
116 86 100
116 86 100
116 86 100
116 87 100
116 87 100
116 87 100
116 87 100
116 87 100
116 87 100
116 87 100
116 87 100
116 88 100
116 88 100
116 88 100
116 88 100
116 88 100
116 88 100
116 88 100
116 88 100
116 89 100
116 89 100
116 89 100
116 89 100
116 89 100
116 89 100
116 89 100
116 89 100
116 90 100
116 90 100
116 90 100
116 90 100
116 90 100
116 90 100
116 90 100
116 90 100
116 91 100
116 91 100
116 91 100
116 91 100
116 91 100
116 91 100
116 91 100
116 91 100
116 91 100
116 92 100
116 92 100
116 92 100
116 92 100
116 92 100
116 92 100
116 92 100
116 92 100
116 92 100
116 93 100
116 93 100
116 93 100
116 93 100
116 93 100
116 93 100
116 93 100
116 93 100
116 93 100
116 93 100
116 94 100
116 94 100
116 94 100
116 94 100
116 94 100
116 94 100
116 94 100
116 94 100
116 94 100
116 94 100
116 94 100
116 95 100
116 95 100
116 95 100
116 95 100
116 95 100
116 95 100
116 95 100
116 95 100
116 95 100
116 95 100
116 95 100
116 96 100
116 96 100
116 96 100
116 96 100
116 96 100
116 96 100
116 96 100
116 96 100
116 96 100
116 96 100
116 96 100
116 96 100
116 97 100
116 97 100
116 97 100
116 97 100
116 97 100
116 97 100
116 97 100
116 97 100
116 97 100
116 97 100
116 97 100
116 97 100
116 97 100
116 98 100
116 98 100
116 98 100
116 98 100
116 98 100
116 98 100
116 98 100
116 98 100
116 98 100
116 98 100
116 98 100
116 98 100
116 98 100
116 99 100
116 99 100
116 99 100
116 99 100
116 99 100
116 99 100
116 99 100
116 99 100
116 99 100
116 99 100
116 99 100
116 99 100
116 99 100
116 99 100
116 100 100
116 100 100
116 100 100
116 100 100
116 100 100
116 100 100
116 100 100
116 100 100
116 100 100
116 100 100
116 100 100
116 100 100
116 100 100
116 100 100
116 101 100
116 101 100
116 101 100
116 101 100
116 101 100
116 101 100
116 101 100
116 101 100
116 101 100
116 101 100
116 101 100
116 101 100
116 101 100
116 101 100
116 102 100
116 102 100
116 102 100
116 102 100
116 102 100
116 102 100
116 102 100
116 102 100
116 102 100
116 102 100
116 102 100
116 102 100
116 102 100
116 103 100
116 103 100
116 103 100
116 103 100
116 103 100
116 103 100
116 103 100
116 103 100
116 103 100
116 103 100
116 103 100
116 103 100
116 104 100
116 104 100
116 104 100
116 104 100
116 104 100
116 104 100
116 104 100
116 104 100
116 104 100
116 104 100
116 105 100
116 105 100
116 105 100
116 105 100
116 105 100
116 105 100
116 105 100
116 105 100
116 106 100
116 106 100
116 106 100
116 106 100
116 106 100
116 106 100
116 106 100
116 107 100
116 107 100
116 107 100
116 107 100
116 107 100
116 108 100
116 108 100
116 108 100
116 108 100
116 109 100
116 109 100
116 109 100
116 110 100
116 110 100
116 110 100
116 111 100
116 111 100
116 112 100
116 112 100
116 113 100
116 114 100
116 115 100
116 116 100
116 117 100
116 118 100
116 119 100
116 120 100
116 121 100
116 122 100
116 123 100
116 123 100
116 124 100
116 124 100
116 125 100
116 125 100
116 126 100
116 126 100
116 127 100
116 127 100
116 128 100
116 128 100
116 129 100
116 129 100
116 130 100
116 130 100
116 131 100
116 132 100
116 133 100
116 134 100
116 135 100
116 136 100
116 137 100
# move from (97,67) to (116,138)
97 67 100
98 67 100
99 67 100
100 67 100
101 67 100
102 67 100
103 67 100
104 67 100
105 67 100
106 67 100
107 67 100
108 67 100
109 67 100
110 67 100
111 67 100
112 67 100
113 67 100
114 67 100
115 67 100
116 67 100
116 68 100
116 69 100
116 70 100
116 71 100
116 72 100
116 73 100
116 74 100
116 75 100
116 75 100
116 76 100
116 76 100
116 77 100
116 77 100
116 78 100
116 78 100
116 78 100
116 79 100
116 79 100
116 79 100
116 79 100
116 80 100
116 80 100
116 80 100
116 80 100
116 81 100
116 81 100
116 81 100
116 81 100
116 81 100
# move from (81,110) to (116,138)
81 110 100
82 110 100
83 110 100
84 110 100
85 110 100
86 110 100
87 110 100
88 110 100
89 110 100
90 110 100
91 110 100
92 110 100
93 110 100
94 110 100
95 110 100
96 110 100
97 110 100
98 110 100
99 110 100
100 110 100
101 110 100
102 110 100
103 110 100
104 110 100
105 110 100
106 110 100
107 110 100
108 110 100
109 110 100
110 110 100
111 110 100
111 110 100
112 110 100
112 110 100
113 110 100
113 110 100
114 110 100
114 110 100
114 110 100
115 110 100
115 110 100
115 110 100
# move from (1,66) to (116,138)
1 66 100
2 66 100
3 66 100
4 66 100
5 66 100
6 66 100
7 66 100
8 66 100
9 66 100
10 66 100
11 66 100
12 66 100
13 66 100
14 66 100
15 66 100
16 66 100
17 66 100
18 66 100
19 66 100
20 66 100
21 66 100
22 66 100
22 66 100
23 66 100
23 66 100
24 66 100
24 66 100
25 66 100
25 66 100
26 66 100
27 66 100
28 66 100
29 66 100
30 66 100
31 66 100
32 66 100
33 66 100
34 66 100
35 66 100
36 66 100
37 66 100
38 66 100
39 66 100
40 66 100
41 66 100
42 66 100
43 66 100
44 66 100
45 66 100
46 66 100
47 66 100
48 66 100
49 66 100
50 66 100
51 66 100
52 66 100
53 66 100
54 66 100
55 66 100
56 66 100
57 66 100
58 66 100
59 66 100
60 66 100
61 66 100
62 66 100
63 66 100
63 66 100
64 66 100
64 66 100
65 66 100
65 66 100
65 66 100
66 66 100
66 66 100
66 66 100
67 66 100
67 66 100
67 66 100
68 66 100
68 66 100
68 66 100
69 66 100
69 66 100
69 66 100
70 66 100
70 66 100
70 66 100
71 66 100
71 66 100
72 66 100
72 66 100
73 66 100
73 66 100
74 66 100
75 66 100
76 66 100
77 66 100
78 66 100
79 66 100
80 66 100
81 66 100
82 66 100
83 66 100
84 66 100
85 66 100
86 66 100
87 66 100
88 66 100
89 66 100
90 66 100
91 66 100
92 66 100
93 66 100
94 66 100
95 66 100
96 66 100
97 66 100
98 66 100
99 66 100
100 66 100
101 66 100
102 66 100
103 66 100
104 66 100
105 66 100
106 66 100
107 66 100
108 66 100
109 66 100
110 66 100
111 66 100
112 66 100
113 66 100
114 66 100
115 66 100
116 66 100
# move from (98,6) to (116,138)
98 6 100
99 6 100
100 6 100
101 6 100
102 6 100
103 6 100
104 6 100
105 6 100
106 6 100
107 6 100
108 6 100
109 6 100
110 6 100
111 6 100
112 6 100
113 6 100
114 6 100
114 6 100
115 6 100
115 6 100
116 6 100
116 6 100
116 7 100
116 7 100
116 8 100
116 8 100
116 9 100
116 9 100
116 10 100
116 10 100
116 11 100
116 12 100
116 13 100
116 14 100
116 15 100
116 16 100
116 17 100
116 18 100
116 19 100
116 20 100
116 21 100
116 22 100
116 23 100
116 24 100
116 25 100
116 26 100
116 27 100
116 28 100
116 29 100
116 29 100
116 30 100
116 30 100
116 31 100
116 31 100
116 31 100
116 32 100
116 32 100
116 32 100
116 33 100
116 33 100
116 33 100
116 33 100
116 34 100
116 34 100
116 34 100
116 34 100
116 34 100
116 35 100
116 35 100
116 35 100
116 35 100
116 35 100
116 35 100
116 36 100
116 36 100
116 36 100
116 36 100
116 36 100
116 36 100
116 37 100
116 37 100
116 37 100
116 37 100
116 37 100
116 37 100
116 38 100
116 38 100
116 38 100
116 38 100
116 38 100
116 38 100
116 39 100
116 39 100
116 39 100
116 39 100
116 39 100
116 39 100
116 40 100
116 40 100
116 40 100
116 40 100
116 40 100
116 40 100
116 41 100
116 41 100
116 41 100
116 41 100
116 41 100
116 42 100
116 42 100
116 42 100
116 42 100
116 42 100
116 43 100
116 43 100
116 43 100
116 43 100
116 43 100
116 44 100
116 44 100
116 44 100
116 44 100
116 44 100
116 45 100
116 45 100
116 45 100
116 45 100
116 46 100
116 46 100
116 46 100
116 46 100
116 47 100
116 47 100
116 47 100
116 47 100
116 48 100
116 48 100
116 48 100
116 48 100
116 49 100
116 49 100
116 49 100
116 49 100
116 50 100
116 50 100
116 50 100
116 50 100
116 51 100
116 51 100
116 51 100
116 51 100
116 52 100
116 52 100
116 52 100
116 53 100
116 53 100
116 53 100
116 54 100
116 54 100
116 55 100
116 55 100
116 56 100
116 56 100
116 57 100
116 58 100
116 59 100
116 60 100
116 61 100
116 62 100
116 63 100
116 64 100
116 65 100
# move from (23,131) to (116,138)
23 131 100
24 131 100
25 131 100
26 131 100
27 131 100
28 131 100
29 131 100
30 131 100
31 131 100
32 131 100
33 131 100
34 131 100
35 131 100
36 131 100
37 131 100
38 131 100
39 131 100
40 131 100
41 131 100
42 131 100
43 131 100
44 131 100
45 131 100
46 131 100
47 131 100
48 131 100
49 131 100
50 131 100
51 131 100
52 131 100
53 131 100
54 131 100
55 131 100
56 131 100
57 131 100
58 131 100
59 131 100
60 131 100
61 131 100
62 131 100
63 131 100
64 131 100
65 131 100
66 131 100
67 131 100
68 131 100
69 131 100
70 131 100
71 131 100
72 131 100
73 131 100
74 131 100
75 131 100
76 131 100
77 131 100
78 131 100
79 131 100
80 131 100
81 131 100
82 131 100
83 131 100
84 131 100
85 131 100
86 131 100
87 131 100
88 131 100
89 131 100
90 131 100
91 131 100
92 131 100
93 131 100
94 131 100
95 131 100
96 131 100
97 131 100
98 131 100
99 131 100
100 131 100
101 131 100
102 131 100
103 131 100
104 131 100
105 131 100
106 131 100
107 131 100
108 131 100
109 131 100
110 131 100
111 131 100
112 131 100
113 131 100
114 131 100
115 131 100
