# move from (131,33) to (7,99)
131 33 100
130 33 100
129 33 100
128 33 100
127 33 100
126 33 100
125 33 100
125 33 100
124 33 100
124 33 100
124 33 100
123 33 100
123 33 100
123 33 100
123 33 100
123 33 100
123 33 100
122 33 100
122 33 100
122 33 100
122 33 100
122 33 100
122 33 100
122 33 100
122 33 100
122 33 100
121 33 100
121 33 100
121 33 100
121 33 100
121 33 100
121 33 100
121 33 100
121 33 100
121 33 100
121 33 100
121 33 100
121 33 100
121 33 100
121 33 100
120 33 100
120 33 100
120 33 100
120 33 100
120 33 100
120 33 100
120 33 100
120 33 100
120 33 100
120 33 100
120 33 100
120 33 100
120 33 100
120 33 100
120 33 100
120 33 100
120 33 100
120 33 100
119 33 100
119 33 100
119 33 100
119 33 100
119 33 100
119 33 100
119 33 100
119 33 100
119 33 100
119 33 100
119 33 100
119 33 100
119 33 100
119 33 100
119 33 100
119 33 100
119 33 100
119 33 100
119 33 100
119 33 100
119 33 100
119 33 100
119 33 100
118 33 100
118 33 100
118 33 100
118 33 100
118 33 100
118 33 100
118 33 100
118 33 100
118 33 100
118 33 100
118 33 100
118 33 100
118 33 100
118 33 100
118 33 100
118 33 100
118 33 100
118 33 100
118 33 100
118 33 100
118 33 100
118 33 100
118 33 100
118 33 100
118 33 100
118 33 100
118 33 100
117 33 100
117 33 100
117 33 100
117 33 100
117 33 100
117 33 100
117 33 100
117 33 100
117 33 100
117 33 100
117 33 100
117 33 100
117 33 100
117 33 100
117 33 100
117 33 100
117 33 100
117 33 100
117 33 100
117 33 100
117 33 100
117 33 100
117 33 100
117 33 100
117 33 100
117 33 100
117 33 100
117 33 100
117 33 100
117 33 100
116 33 100
116 33 100
116 33 100
116 33 100
116 33 100
116 33 100
116 33 100
116 33 100
116 33 100
116 33 100
116 33 100
116 33 100
116 33 100
116 33 100
116 33 100
116 33 100
116 33 100
116 33 100
116 33 100
116 33 100
116 33 100
116 33 100
116 33 100
116 33 100
116 33 100
116 33 100
116 33 100
116 33 100
116 33 100
116 33 100
116 33 100
115 33 100
115 33 100
115 33 100
115 33 100
115 33 100
115 33 100
115 33 100
115 33 100
115 33 100
115 33 100
115 33 100
115 33 100
115 33 100
115 33 100
115 33 100
115 33 100
115 33 100
115 33 100
115 33 100
115 33 100
115 33 100
115 33 100
115 33 100
115 33 100
115 33 100
115 33 100
115 33 100
115 33 100
115 33 100
115 33 100
115 33 100
115 33 100
114 33 100
114 33 100
114 33 100
114 33 100
114 33 100
114 33 100
114 33 100
114 33 100
114 33 100
114 33 100
114 33 100
114 33 100
114 33 100
114 33 100
114 33 100
114 33 100
114 33 100
114 33 100
114 33 100
114 33 100
114 33 100
114 33 100
114 33 100
114 33 100
114 33 100
114 33 100
114 33 100
114 33 100
114 33 100
114 33 100
114 33 100
114 33 100
113 33 100
113 33 100
113 33 100
113 33 100
113 33 100
113 33 100
113 33 100
113 33 100
113 33 100
113 33 100
113 33 100
113 33 100
113 33 100
113 33 100
113 33 100
113 33 100
113 33 100
113 33 100
113 33 100
113 33 100
113 33 100
113 33 100
113 33 100
113 33 100
113 33 100
113 33 100
113 33 100
113 33 100
113 33 100
113 33 100
113 33 100
112 33 100
112 33 100
112 33 100
112 33 100
112 33 100
112 33 100
112 33 100
112 33 100
112 33 100
112 33 100
112 33 100
112 33 100
112 33 100
112 33 100
112 33 100
112 33 100
112 33 100
112 33 100
112 33 100
112 33 100
112 33 100
112 33 100
112 33 100
112 33 100
112 33 100
112 33 100
112 33 100
112 33 100
112 33 100
112 33 100
111 33 100
111 33 100
111 33 100
111 33 100
111 33 100
111 33 100
111 33 100
111 33 100
111 33 100
111 33 100
111 33 100
111 33 100
111 33 100
111 33 100
111 33 100
111 33 100
111 33 100
111 33 100
111 33 100
111 33 100
111 33 100
111 33 100
111 33 100
111 33 100
111 33 100
111 33 100
111 33 100
111 33 100
111 33 100
110 33 100
110 33 100
110 33 100
110 33 100
110 33 100
110 33 100
110 33 100
110 33 100
110 33 100
110 33 100
110 33 100
110 33 100
110 33 100
110 33 100
110 33 100
110 33 100
110 33 100
110 33 100
110 33 100
110 33 100
110 33 100
110 33 100
110 33 100
110 33 100
110 33 100
110 33 100
110 33 100
110 33 100
109 33 100
109 33 100
109 33 100
109 33 100
109 33 100
109 33 100
109 33 100
109 33 100
109 33 100
109 33 100
109 33 100
109 33 100
109 33 100
109 33 100
109 33 100
109 33 100
109 33 100
109 33 100
109 33 100
109 33 100
109 33 100
109 33 100
109 33 100
109 33 100
109 33 100
109 33 100
109 33 100
109 33 100
108 33 100
108 33 100
108 33 100
108 33 100
108 33 100
108 33 100
108 33 100
108 33 100
108 33 100
108 33 100
108 33 100
108 33 100
108 33 100
108 33 100
108 33 100
108 33 100
108 33 100
108 33 100
108 33 100
108 33 100
108 33 100
108 33 100
108 33 100
108 33 100
108 33 100
108 33 100
108 33 100
108 33 100
107 33 100
107 33 100
107 33 100
107 33 100
107 33 100
107 33 100
107 33 100
107 33 100
107 33 100
107 33 100
107 33 100
107 33 100
107 33 100
107 33 100
107 33 100
107 33 100
107 33 100
107 33 100
107 33 100
107 33 100
107 33 100
107 33 100
107 33 100
107 33 100
107 33 100
107 33 100
107 33 100
106 33 100
106 33 100
106 33 100
106 33 100
106 33 100
106 33 100
106 33 100
106 33 100
106 33 100
106 33 100
106 33 100
106 33 100
106 33 100
106 33 100
106 33 100
106 33 100
106 33 100
106 33 100
106 33 100
106 33 100
106 33 100
106 33 100
106 33 100
106 33 100
106 33 100
106 33 100
106 33 100
105 33 100
105 33 100
105 33 100
105 33 100
105 33 100
105 33 100
105 33 100
105 33 100
105 33 100
105 33 100
105 33 100
105 33 100
105 33 100
105 33 100
105 33 100
105 33 100
105 33 100
105 33 100
105 33 100
105 33 100
105 33 100
105 33 100
105 33 100
105 33 100
105 33 100
105 33 100
104 33 100
104 33 100
104 33 100
104 33 100
104 33 100
104 33 100
104 33 100
104 33 100
104 33 100
104 33 100
104 33 100
104 33 100
104 33 100
104 33 100
104 33 100
104 33 100
104 33 100
104 33 100
104 33 100
104 33 100
104 33 100
104 33 100
104 33 100
103 33 100
103 33 100
103 33 100
103 33 100
103 33 100
103 33 100
103 33 100
103 33 100
103 33 100
103 33 100
103 33 100
103 33 100
103 33 100
103 33 100
103 33 100
103 33 100
103 33 100
103 33 100
103 33 100
103 33 100
102 33 100
102 33 100
102 33 100
102 33 100
102 33 100
102 33 100
102 33 100
102 33 100
102 33 100
102 33 100
102 33 100
102 33 100
102 33 100
102 33 100
102 33 100
102 33 100
101 33 100
101 33 100
101 33 100
101 33 100
101 33 100
101 33 100
101 33 100
101 33 100
101 33 100
101 33 100
101 33 100
101 33 100
100 33 100
100 33 100
100 33 100
100 33 100
100 33 100
100 33 100
100 33 100
100 33 100
99 33 100
99 33 100
99 33 100
99 33 100
99 33 100
99 33 100
98 33 100
98 33 100
98 33 100
98 33 100
97 33 100
97 33 100
97 33 100
96 33 100
96 33 100
95 33 100
95 33 100
94 33 100
93 33 100
92 33 100
91 33 100
90 33 100
89 33 100
88 33 100
87 33 100
86 33 100
85 33 100
84 33 100
83 33 100
82 33 100
81 33 100
80 33 100
79 33 100
78 33 100
77 33 100
76 33 100
75 33 100
74 33 100
73 33 100
72 33 100
71 33 100
70 33 100
69 33 100
68 33 100
67 33 100
67 33 100
66 33 100
66 33 100
65 33 100
65 33 100
64 33 100
64 33 100
63 33 100
63 33 100
62 33 100
62 33 100
62 33 100
61 33 100
61 33 100
61 33 100
60 33 100
60 33 100
60 33 100
59 33 100
59 33 100
59 33 100
58 33 100
58 33 100
58 33 100
57 33 100
57 33 100
57 33 100
56 33 100
56 33 100
56 33 100
55 33 100
55 33 100
55 33 100
54 33 100
54 33 100
54 33 100
54 33 100
53 33 100
53 33 100
53 33 100
53 33 100
53 33 100
52 33 100
52 33 100
52 33 100
52 33 100
52 33 100
51 33 100
51 33 100
51 33 100
51 33 100
51 33 100
51 33 100
50 33 100
50 33 100
50 33 100
50 33 100
50 33 100
50 33 100
50 33 100
49 33 100
49 33 100
49 33 100
49 33 100
49 33 100
49 33 100
49 33 100
49 33 100
48 33 100
48 33 100
48 33 100
48 33 100
48 33 100
48 33 100
48 33 100
48 33 100
48 33 100
47 33 100
47 33 100
47 33 100
47 33 100
47 33 100
47 33 100
47 33 100
47 33 100
47 33 100
47 33 100
46 33 100
46 33 100
46 33 100
46 33 100
46 33 100
46 33 100
46 33 100
46 33 100
46 33 100
46 33 100
46 33 100
45 33 100
45 33 100
45 33 100
45 33 100
45 33 100
45 33 100
45 33 100
45 33 100
45 33 100
45 33 100
45 33 100
44 33 100
44 33 100
44 33 100
44 33 100
44 33 100
44 33 100
44 33 100
44 33 100
44 33 100
44 33 100
44 33 100
43 33 100
43 33 100
43 33 100
43 33 100
43 33 100
43 33 100
43 33 100
43 33 100
43 33 100
43 33 100
42 33 100
42 33 100
42 33 100
42 33 100
42 33 100
42 33 100
42 33 100
42 33 100
41 33 100
41 33 100
41 33 100
41 33 100
41 33 100
41 33 100
41 33 100
40 33 100
40 33 100
40 33 100
40 33 100
40 33 100
39 33 100
39 33 100
39 33 100
39 33 100
38 33 100
38 33 100
38 33 100
38 33 100
37 33 100
37 33 100
37 33 100
36 33 100
36 33 100
36 33 100
35 33 100
35 33 100
35 33 100
34 33 100
34 33 100
34 33 100
33 33 100
33 33 100
33 33 100
32 33 100
32 33 100
32 33 100
31 33 100
31 33 100
31 33 100
30 33 100
30 33 100
30 33 100
29 33 100
29 33 100
29 33 100
28 33 100
28 33 100
28 33 100
28 33 100
27 33 100
27 33 100
27 33 100
27 33 100
26 33 100
26 33 100
26 33 100
26 33 100
26 33 100
25 33 100
25 33 100
25 33 100
25 33 100
25 33 100
24 33 100
24 33 100
24 33 100
24 33 100
24 33 100
24 33 100
23 33 100
23 33 100
23 33 100
23 33 100
23 33 100
23 33 100
22 33 100
22 33 100
22 33 100
22 33 100
22 33 100
22 33 100
21 33 100
21 33 100
21 33 100
21 33 100
21 33 100
21 33 100
20 33 100
20 33 100
20 33 100
20 33 100
20 33 100
20 33 100
19 33 100
19 33 100
19 33 100
19 33 100
19 33 100
18 33 100
18 33 100
18 33 100
18 33 100
18 33 100
17 33 100
17 33 100
17 33 100
17 33 100
17 33 100
16 33 100
16 33 100
16 33 100
16 33 100
15 33 100
15 33 100
15 33 100
14 33 100
14 33 100
14 33 100
13 33 100
13 33 100
12 33 100
12 33 100
11 33 100
11 33 100
10 33 100
10 33 100
9 33 100
9 33 100
8 33 100
8 33 100
7 33 100
7 34 100
7 35 100
7 36 100
7 37 100
7 38 100
7 38 100
7 39 100
7 39 100
7 40 100
7 40 100
7 41 100
7 41 100
7 42 100
7 42 100
7 42 100
7 43 100
7 43 100
7 43 100
7 44 100
7 44 100
7 44 100
7 45 100
7 45 100
7 45 100
7 46 100
7 46 100
7 47 100
7 47 100
7 48 100
7 48 100
7 49 100
7 50 100
7 51 100
7 52 100
7 53 100
7 54 100
7 55 100
7 56 100
7 57 100
7 58 100
7 59 100
7 60 100
7 60 100
7 61 100
7 61 100
7 62 100
7 62 100
7 63 100
7 63 100
7 64 100
7 64 100
7 65 100
7 65 100
7 66 100
7 66 100
7 67 100
7 68 100
7 69 100
7 70 100
7 71 100
7 71 100
7 72 100
7 72 100
7 73 100
7 73 100
7 74 100
7 74 100
7 75 100
7 75 100
7 75 100
7 76 100
7 76 100
7 76 100
7 77 100
7 77 100
7 77 100
7 78 100
7 78 100
7 78 100
7 79 100
7 79 100
7 80 100
7 80 100
7 81 100
7 82 100
7 83 100
7 84 100
7 85 100
7 86 100
7 87 100
7 88 100
7 89 100
7 90 100
7 91 100
7 92 100
7 93 100
7 94 100
7 95 100
7 96 100
7 97 100
7 98 100
7 99 100
# move from (39,89) to (7,99)
39 89 100
38 89 100
37 89 100
36 89 100
35 89 100
34 89 100
33 89 100
32 89 100
31 89 100
30 89 100
29 89 100
28 89 100
27 89 100
26 89 100
25 89 100
24 89 100
23 89 100
22 89 100
21 89 100
20 89 100
19 89 100
18 89 100
17 89 100
16 89 100
15 89 100
14 89 100
13 89 100
12 89 100
11 89 100
10 89 100
9 89 100
8 89 100
# move from (130,199) to (7,99)
130 199 100
129 199 100
128 199 100
127 199 100
126 199 100
125 199 100
124 199 100
123 199 100
122 199 100
121 199 100
121 199 100
120 199 100
120 199 100
119 199 100
118 199 100
117 199 100
116 199 100
115 199 100
114 199 100
113 199 100
112 199 100
112 199 100
111 199 100
111 199 100
110 199 100
110 199 100
109 199 100
109 199 100
108 199 100
108 199 100
107 199 100
106 199 100
105 199 100
104 199 100
103 199 100
102 199 100
101 199 100
100 199 100
99 199 100
98 199 100
97 199 100
96 199 100
95 199 100
94 199 100
93 199 100
92 199 100
91 199 100
90 199 100
89 199 100
88 199 100
87 199 100
86 199 100
85 199 100
84 199 100
84 199 100
83 199 100
83 199 100
82 199 100
82 199 100
81 199 100
81 199 100
80 199 100
80 199 100
80 199 100
79 199 100
79 199 100
78 199 100
78 199 100
77 199 100
77 199 100
76 199 100
76 199 100
75 199 100
74 199 100
73 199 100
72 199 100
71 199 100
70 199 100
69 199 100
68 199 100
67 199 100
66 199 100
65 199 100
64 199 100
63 199 100
62 199 100
61 199 100
60 199 100
59 199 100
58 199 100
57 199 100
57 199 100
56 199 100
56 199 100
55 199 100
55 199 100
54 199 100
54 199 100
53 199 100
53 199 100
52 199 100
52 199 100
51 199 100
51 199 100
51 199 100
50 199 100
50 199 100
50 199 100
49 199 100
49 199 100
49 199 100
49 199 100
48 199 100
48 199 100
48 199 100
48 199 100
48 199 100
48 199 100
47 199 100
47 199 100
47 199 100
47 199 100
47 199 100
47 199 100
47 199 100
47 199 100
46 199 100
46 199 100
46 199 100
46 199 100
46 199 100
46 199 100
46 199 100
46 199 100
46 199 100
46 199 100
46 199 100
45 199 100
45 199 100
45 199 100
45 199 100
45 199 100
45 199 100
45 199 100
45 199 100
45 199 100
45 199 100
45 199 100
45 199 100
45 199 100
45 199 100
44 199 100
44 199 100
44 199 100
44 199 100
44 199 100
44 199 100
44 199 100
44 199 100
44 199 100
44 199 100
44 199 100
44 199 100
44 199 100
44 199 100
44 199 100
44 199 100
43 199 100
43 199 100
43 199 100
43 199 100
43 199 100
43 199 100
43 199 100
43 199 100
43 199 100
43 199 100
43 199 100
43 199 100
43 199 100
43 199 100
43 199 100
43 199 100
43 199 100
43 199 100
42 199 100
42 199 100
42 199 100
42 199 100
42 199 100
42 199 100
42 199 100
42 199 100
42 199 100
42 199 100
42 199 100
42 199 100
42 199 100
42 199 100
42 199 100
42 199 100
42 199 100
42 199 100
42 199 100
41 199 100
41 199 100
41 199 100
41 199 100
41 199 100
41 199 100
41 199 100
41 199 100
41 199 100
41 199 100
41 199 100
41 199 100
41 199 100
41 199 100
41 199 100
41 199 100
41 199 100
41 199 100
41 199 100
41 199 100
40 199 100
40 199 100
40 199 100
40 199 100
40 199 100
40 199 100
40 199 100
40 199 100
40 199 100
40 199 100
40 199 100
40 199 100
40 199 100
40 199 100
40 199 100
40 199 100
40 199 100
40 199 100
40 199 100
40 199 100
40 199 100
39 199 100
39 199 100
39 199 100
39 199 100
39 199 100
39 199 100
39 199 100
39 199 100
39 199 100
39 199 100
39 199 100
39 199 100
39 199 100
39 199 100
39 199 100
39 199 100
39 199 100
39 199 100
39 199 100
39 199 100
39 199 100
38 199 100
38 199 100
38 199 100
38 199 100
38 199 100
38 199 100
38 199 100
38 199 100
38 199 100
38 199 100
38 199 100
38 199 100
38 199 100
38 199 100
38 199 100
38 199 100
38 199 100
38 199 100
38 199 100
38 199 100
37 199 100
37 199 100
37 199 100
37 199 100
37 199 100
37 199 100
37 199 100
37 199 100
37 199 100
37 199 100
37 199 100
37 199 100
37 199 100
37 199 100
37 199 100
37 199 100
37 199 100
37 199 100
36 199 100
36 199 100
36 199 100
36 199 100
36 199 100
36 199 100
36 199 100
36 199 100
36 199 100
36 199 100
36 199 100
36 199 100
36 199 100
36 199 100
36 199 100
36 199 100
35 199 100
35 199 100
35 199 100
35 199 100
35 199 100
35 199 100
35 199 100
35 199 100
35 199 100
35 199 100
35 199 100
35 199 100
35 199 100
35 199 100
35 199 100
34 199 100
34 199 100
34 199 100
34 199 100
34 199 100
34 199 100
34 199 100
34 199 100
34 199 100
34 199 100
34 199 100
34 199 100
34 199 100
34 199 100
33 199 100
33 199 100
33 199 100
33 199 100
33 199 100
33 199 100
33 199 100
33 199 100
33 199 100
33 199 100
33 199 100
33 199 100
33 199 100
32 199 100
32 199 100
32 199 100
32 199 100
32 199 100
32 199 100
32 199 100
32 199 100
32 199 100
32 199 100
32 199 100
32 199 100
32 199 100
32 199 100
31 199 100
31 199 100
31 199 100
31 199 100
31 199 100
31 199 100
31 199 100
31 199 100
31 199 100
31 199 100
31 199 100
31 199 100
31 199 100
31 199 100
31 199 100
30 199 100
30 199 100
30 199 100
30 199 100
30 199 100
30 199 100
30 199 100
30 199 100
30 199 100
30 199 100
30 199 100
30 199 100
30 199 100
30 199 100
30 199 100
30 199 100
30 199 100
29 199 100
29 199 100
29 199 100
29 199 100
29 199 100
29 199 100
29 199 100
29 199 100
29 199 100
29 199 100
29 199 100
29 199 100
29 199 100
29 199 100
29 199 100
29 199 100
29 199 100
29 199 100
29 199 100
28 199 100
28 199 100
28 199 100
28 199 100
28 199 100
28 199 100
28 199 100
28 199 100
28 199 100
28 199 100
28 199 100
28 199 100
28 199 100
28 199 100
28 199 100
28 199 100
28 199 100
28 199 100
28 199 100
28 199 100
27 199 100
27 199 100
27 199 100
27 199 100
27 199 100
27 199 100
27 199 100
27 199 100
27 199 100
27 199 100
27 199 100
27 199 100
27 199 100
27 199 100
27 199 100
27 199 100
27 199 100
27 199 100
27 199 100
27 199 100
27 199 100
26 199 100
26 199 100
26 199 100
26 199 100
26 199 100
26 199 100
26 199 100
26 199 100
26 199 100
26 199 100
26 199 100
26 199 100
26 199 100
26 199 100
26 199 100
26 199 100
26 199 100
26 199 100
26 199 100
26 199 100
26 199 100
26 199 100
25 199 100
25 199 100
25 199 100
25 199 100
25 199 100
25 199 100
25 199 100
25 199 100
25 199 100
25 199 100
25 199 100
25 199 100
25 199 100
25 199 100
25 199 100
25 199 100
25 199 100
25 199 100
25 199 100
25 199 100
25 199 100
25 199 100
25 199 100
24 199 100
24 199 100
24 199 100
24 199 100
24 199 100
24 199 100
24 199 100
24 199 100
24 199 100
24 199 100
24 199 100
24 199 100
24 199 100
24 199 100
24 199 100
24 199 100
24 199 100
24 199 100
24 199 100
24 199 100
24 199 100
24 199 100
24 199 100
23 199 100
23 199 100
23 199 100
23 199 100
23 199 100
23 199 100
23 199 100
23 199 100
23 199 100
23 199 100
23 199 100
23 199 100
23 199 100
23 199 100
23 199 100
23 199 100
23 199 100
23 199 100
23 199 100
23 199 100
23 199 100
23 199 100
23 199 100
22 199 100
22 199 100
22 199 100
22 199 100
22 199 100
22 199 100
22 199 100
22 199 100
22 199 100
22 199 100
22 199 100
22 199 100
22 199 100
22 199 100
22 199 100
22 199 100
22 199 100
22 199 100
22 199 100
22 199 100
22 199 100
22 199 100
22 199 100
21 199 100
21 199 100
21 199 100
21 199 100
21 199 100
21 199 100
21 199 100
21 199 100
21 199 100
21 199 100
21 199 100
21 199 100
21 199 100
21 199 100
21 199 100
21 199 100
21 199 100
21 199 100
21 199 100
21 199 100
21 199 100
21 199 100
21 199 100
21 199 100
20 199 100
20 199 100
20 199 100
20 199 100
20 199 100
20 199 100
20 199 100
20 199 100
20 199 100
20 199 100
20 199 100
20 199 100
20 199 100
20 199 100
20 199 100
20 199 100
20 199 100
20 199 100
20 199 100
20 199 100
20 199 100
20 199 100
20 199 100
20 199 100
20 199 100
19 199 100
19 199 100
19 199 100
19 199 100
19 199 100
19 199 100
19 199 100
19 199 100
19 199 100
19 199 100
19 199 100
19 199 100
19 199 100
19 199 100
19 199 100
19 199 100
19 199 100
19 199 100
19 199 100
19 199 100
19 199 100
19 199 100
19 199 100
19 199 100
19 199 100
19 199 100
19 199 100
18 199 100
18 199 100
18 199 100
18 199 100
18 199 100
18 199 100
18 199 100
18 199 100
18 199 100
18 199 100
18 199 100
18 199 100
18 199 100
18 199 100
18 199 100
18 199 100
18 199 100
18 199 100
18 199 100
18 199 100
18 199 100
18 199 100
18 199 100
18 199 100
18 199 100
18 199 100
18 199 100
18 199 100
18 199 100
18 199 100
17 199 100
17 199 100
17 199 100
17 199 100
17 199 100
17 199 100
17 199 100
17 199 100
17 199 100
17 199 100
17 199 100
17 199 100
17 199 100
17 199 100
17 199 100
17 199 100
17 199 100
17 199 100
17 199 100
17 199 100
17 199 100
17 199 100
17 199 100
17 199 100
17 199 100
17 199 100
17 199 100
17 199 100
17 199 100
17 199 100
17 199 100
17 199 100
16 199 100
16 199 100
16 199 100
16 199 100
16 199 100
16 199 100
16 199 100
16 199 100
16 199 100
16 199 100
16 199 100
16 199 100
16 199 100
16 199 100
16 199 100
16 199 100
16 199 100
16 199 100
16 199 100
16 199 100
16 199 100
16 199 100
16 199 100
16 199 100
16 199 100
16 199 100
16 199 100
16 199 100
16 199 100
16 199 100
16 199 100
16 199 100
16 199 100
16 199 100
16 199 100
15 199 100
15 199 100
15 199 100
15 199 100
15 199 100
15 199 100
15 199 100
15 199 100
15 199 100
15 199 100
15 199 100
15 199 100
15 199 100
15 199 100
15 199 100
15 199 100
15 199 100
15 199 100
15 199 100
15 199 100
15 199 100
15 199 100
15 199 100
15 199 100
15 199 100
15 199 100
15 199 100
15 199 100
15 199 100
15 199 100
15 199 100
15 199 100
15 199 100
15 199 100
15 199 100
15 199 100
15 199 100
14 199 100
14 199 100
14 199 100
14 199 100
14 199 100
14 199 100
14 199 100
14 199 100
14 199 100
14 199 100
14 199 100
14 199 100
14 199 100
14 199 100
14 199 100
14 199 100
14 199 100
14 199 100
14 199 100
14 199 100
14 199 100
14 199 100
14 199 100
14 199 100
14 199 100
14 199 100
14 199 100
14 199 100
14 199 100
14 199 100
14 199 100
14 199 100
14 199 100
14 199 100
14 199 100
14 199 100
14 199 100
14 199 100
14 199 100
13 199 100
13 199 100
13 199 100
13 199 100
13 199 100
13 199 100
13 199 100
13 199 100
13 199 100
13 199 100
13 199 100
13 199 100
13 199 100
13 199 100
13 199 100
13 199 100
13 199 100
13 199 100
13 199 100
13 199 100
13 199 100
13 199 100
13 199 100
13 199 100
13 199 100
13 199 100
13 199 100
13 199 100
13 199 100
13 199 100
13 199 100
13 199 100
13 199 100
13 199 100
13 199 100
13 199 100
13 199 100
13 199 100
13 199 100
13 199 100
12 199 100
12 199 100
12 199 100
12 199 100
12 199 100
12 199 100
12 199 100
12 199 100
12 199 100
12 199 100
12 199 100
12 199 100
12 199 100
12 199 100
12 199 100
12 199 100
12 199 100
12 199 100
12 199 100
12 199 100
12 199 100
12 199 100
12 199 100
12 199 100
12 199 100
12 199 100
12 199 100
12 199 100
12 199 100
12 199 100
12 199 100
12 199 100
12 199 100
12 199 100
12 199 100
12 199 100
12 199 100
12 199 100
12 199 100
12 199 100
11 199 100
11 199 100
11 199 100
11 199 100
11 199 100
11 199 100
11 199 100
11 199 100
11 199 100
11 199 100
11 199 100
11 199 100
11 199 100
11 199 100
11 199 100
11 199 100
11 199 100
11 199 100
11 199 100
11 199 100
11 199 100
11 199 100
11 199 100
11 199 100
11 199 100
11 199 100
11 199 100
11 199 100
11 199 100
11 199 100
11 199 100
11 199 100
11 199 100
11 199 100
11 199 100
11 199 100
11 199 100
11 199 100
11 199 100
11 199 100
11 199 100
10 199 100
10 199 100
10 199 100
10 199 100
10 199 100
10 199 100
10 199 100
10 199 100
10 199 100
10 199 100
10 199 100
10 199 100
10 199 100
10 199 100
10 199 100
10 199 100
10 199 100
10 199 100
10 199 100
10 199 100
10 199 100
10 199 100
10 199 100
10 199 100
10 199 100
10 199 100
10 199 100
10 199 100
10 199 100
10 199 100
10 199 100
10 199 100
10 199 100
10 199 100
10 199 100
10 199 100
10 199 100
10 199 100
10 199 100
10 199 100
10 199 100
9 199 100
9 199 100
9 199 100
9 199 100
9 199 100
9 199 100
9 199 100
9 199 100
9 199 100
9 199 100
9 199 100
9 199 100
9 199 100
9 199 100
9 199 100
9 199 100
9 199 100
9 199 100
9 199 100
9 199 100
9 199 100
9 199 100
9 199 100
9 199 100
9 199 100
9 199 100
9 199 100
9 199 100
9 199 100
9 199 100
9 199 100
9 199 100
9 199 100
9 199 100
9 199 100
9 199 100
9 199 100
9 199 100
9 199 100
9 199 100
9 199 100
8 199 100
8 199 100
8 199 100
8 199 100
8 199 100
8 199 100
8 199 100
8 199 100
8 199 100
8 199 100
8 199 100
8 199 100
8 199 100
8 199 100
8 199 100
8 199 100
8 199 100
8 199 100
8 199 100
8 199 100
8 199 100
8 199 100
8 199 100
8 199 100
8 199 100
8 199 100
8 199 100
8 199 100
8 199 100
8 199 100
8 199 100
8 199 100
8 199 100
8 199 100
8 199 100
8 199 100
8 199 100
8 199 100
8 199 100
8 199 100
8 199 100
8 199 100
7 199 100
7 199 100
7 199 100
7 199 100
7 199 100
7 199 100
7 199 100
7 199 100
7 199 100
7 199 100
7 199 100
7 199 100
7 199 100
7 199 100
7 199 100
7 199 100
7 199 100
7 199 100
7 199 100
7 199 100
7 199 100
7 199 100
7 199 100
7 199 100
7 199 100
7 199 100
7 199 100
7 199 100
7 199 100
7 199 100
7 199 100
7 199 100
7 199 100
7 199 100
7 199 100
7 199 100
7 199 100
7 199 100
7 199 100
7 199 100
7 199 100
7 199 100
7 198 100
7 198 100
7 198 100
7 198 100
7 198 100
7 198 100
7 198 100
7 198 100
7 198 100
7 198 100
7 198 100
7 198 100
7 198 100
7 198 100
7 198 100
7 198 100
7 198 100
7 198 100
7 198 100
7 198 100
7 198 100
7 198 100
7 198 100
7 198 100
7 198 100
7 198 100
7 198 100
7 198 100
7 198 100
7 198 100
7 198 100
7 198 100
7 198 100
7 198 100
7 198 100
7 198 100
7 198 100
7 198 100
7 198 100
7 198 100
7 198 100
7 197 100
7 197 100
7 197 100
7 197 100
7 197 100
7 197 100
7 197 100
7 197 100
7 197 100
7 197 100
7 197 100
7 197 100
7 197 100
7 197 100
7 197 100
7 197 100
7 197 100
7 197 100
7 197 100
7 197 100
7 197 100
7 197 100
7 197 100
7 197 100
7 197 100
7 197 100
7 197 100
7 197 100
7 197 100
7 197 100
7 197 100
7 197 100
7 197 100
7 197 100
7 197 100
7 197 100
7 197 100
7 197 100
7 197 100
7 197 100
7 197 100
7 196 100
7 196 100
7 196 100
7 196 100
7 196 100
7 196 100
7 196 100
7 196 100
7 196 100
7 196 100
7 196 100
7 196 100
7 196 100
7 196 100
7 196 100
7 196 100
7 196 100
7 196 100
7 196 100
7 196 100
7 196 100
7 196 100
7 196 100
7 196 100
7 196 100
7 196 100
7 196 100
7 196 100
7 196 100
7 196 100
7 196 100
7 196 100
7 196 100
7 196 100
7 196 100
7 196 100
7 196 100
7 196 100
7 196 100
7 196 100
7 196 100
7 195 100
7 195 100
7 195 100
7 195 100
7 195 100
7 195 100
7 195 100
7 195 100
7 195 100
7 195 100
7 195 100
7 195 100
7 195 100
7 195 100
7 195 100
7 195 100
7 195 100
7 195 100
7 195 100
7 195 100
7 195 100
7 195 100
7 195 100
7 195 100
7 195 100
7 195 100
7 195 100
7 195 100
7 195 100
7 195 100
7 195 100
7 195 100
7 195 100
7 195 100
7 195 100
7 195 100
7 195 100
7 195 100
7 195 100
7 195 100
7 195 100
7 195 100
7 194 100
7 194 100
7 194 100
7 194 100
7 194 100
7 194 100
7 194 100
7 194 100
7 194 100
7 194 100
7 194 100
7 194 100
7 194 100
7 194 100
7 194 100
7 194 100
7 194 100
7 194 100
7 194 100
7 194 100
7 194 100
7 194 100
7 194 100
7 194 100
7 194 100
7 194 100
7 194 100
7 194 100
7 194 100
7 194 100
7 194 100
7 194 100
7 194 100
7 194 100
7 194 100
7 194 100
7 194 100
7 194 100
7 194 100
7 194 100
7 194 100
7 194 100
7 194 100
7 193 100
7 193 100
7 193 100
7 193 100
7 193 100
7 193 100
7 193 100
7 193 100
7 193 100
7 193 100
7 193 100
7 193 100
7 193 100
7 193 100
7 193 100
7 193 100
7 193 100
7 193 100
7 193 100
7 193 100
7 193 100
7 193 100
7 193 100
7 193 100
7 193 100
7 193 100
7 193 100
7 193 100
7 193 100
7 193 100
7 193 100
7 193 100
7 193 100
7 193 100
7 193 100
7 193 100
7 193 100
7 193 100
7 193 100
7 193 100
7 193 100
7 193 100
7 193 100
7 193 100
7 192 100
7 192 100
7 192 100
7 192 100
7 192 100
7 192 100
7 192 100
7 192 100
7 192 100
7 192 100
7 192 100
7 192 100
7 192 100
7 192 100
7 192 100
7 192 100
7 192 100
7 192 100
7 192 100
7 192 100
7 192 100
7 192 100
7 192 100
7 192 100
7 192 100
7 192 100
7 192 100
7 192 100
7 192 100
7 192 100
7 192 100
7 192 100
7 192 100
7 192 100
7 192 100
7 192 100
7 192 100
7 192 100
7 192 100
7 192 100
7 192 100
7 192 100
7 192 100
7 192 100
7 192 100
7 191 100
7 191 100
7 191 100
7 191 100
7 191 100
7 191 100
7 191 100
7 191 100
7 191 100
7 191 100
7 191 100
7 191 100
7 191 100
7 191 100
7 191 100
7 191 100
7 191 100
7 191 100
7 191 100
7 191 100
7 191 100
7 191 100
7 191 100
7 191 100
7 191 100
7 191 100
7 191 100
7 191 100
7 191 100
7 191 100
7 191 100
7 191 100
7 191 100
7 191 100
7 191 100
7 191 100
7 191 100
7 191 100
7 191 100
7 191 100
7 191 100
7 191 100
7 191 100
7 191 100
7 191 100
7 190 100
7 190 100
7 190 100
7 190 100
7 190 100
7 190 100
7 190 100
7 190 100
7 190 100
7 190 100
7 190 100
7 190 100
7 190 100
7 190 100
7 190 100
7 190 100
7 190 100
7 190 100
7 190 100
7 190 100
7 190 100
7 190 100
7 190 100
7 190 100
7 190 100
7 190 100
7 190 100
7 190 100
7 190 100
7 190 100
7 190 100
7 190 100
7 190 100
7 190 100
7 190 100
7 190 100
7 190 100
7 190 100
7 190 100
7 190 100
7 190 100
7 190 100
7 190 100
7 190 100
7 189 100
7 189 100
7 189 100
7 189 100
7 189 100
7 189 100
7 189 100
7 189 100
7 189 100
7 189 100
7 189 100
7 189 100
7 189 100
7 189 100
7 189 100
7 189 100
7 189 100
7 189 100
7 189 100
7 189 100
7 189 100
7 189 100
7 189 100
7 189 100
7 189 100
7 189 100
7 189 100
7 189 100
7 189 100
7 189 100
7 189 100
7 189 100
7 189 100
7 189 100
7 189 100
7 189 100
7 189 100
7 189 100
7 189 100
7 189 100
7 189 100
7 189 100
7 189 100
7 188 100
7 188 100
7 188 100
7 188 100
7 188 100
7 188 100
7 188 100
7 188 100
7 188 100
7 188 100
7 188 100
7 188 100
7 188 100
7 188 100
7 188 100
7 188 100
7 188 100
7 188 100
7 188 100
7 188 100
7 188 100
7 188 100
7 188 100
7 188 100
7 188 100
7 188 100
7 188 100
7 188 100
7 188 100
7 188 100
7 188 100
7 188 100
7 188 100
7 188 100
7 188 100
7 188 100
7 188 100
7 188 100
7 188 100
7 188 100
7 188 100
7 188 100
7 188 100
7 187 100
7 187 100
7 187 100
7 187 100
7 187 100
7 187 100
7 187 100
7 187 100
7 187 100
7 187 100
7 187 100
7 187 100
7 187 100
7 187 100
7 187 100
7 187 100
7 187 100
7 187 100
7 187 100
7 187 100
7 187 100
7 187 100
7 187 100
7 187 100
7 187 100
7 187 100
7 187 100
7 187 100
7 187 100
7 187 100
7 187 100
7 187 100
7 187 100
7 187 100
7 187 100
7 187 100
7 187 100
7 187 100
7 187 100
7 187 100
7 186 100
7 186 100
7 186 100
7 186 100
7 186 100
7 186 100
7 186 100
7 186 100
7 186 100
7 186 100
7 186 100
7 186 100
7 186 100
7 186 100
7 186 100
7 186 100
7 186 100
7 186 100
7 186 100
7 186 100
7 186 100
7 186 100
7 186 100
7 186 100
7 186 100
7 186 100
7 186 100
7 186 100
7 186 100
7 186 100
7 186 100
7 186 100
7 186 100
7 186 100
7 186 100
7 186 100
7 186 100
7 186 100
7 185 100
7 185 100
7 185 100
7 185 100
7 185 100
7 185 100
7 185 100
7 185 100
7 185 100
7 185 100
7 185 100
7 185 100
7 185 100
7 185 100
7 185 100
7 185 100
7 185 100
7 185 100
7 185 100
7 185 100
7 185 100
7 185 100
7 185 100
7 185 100
7 185 100
7 185 100
7 185 100
7 185 100
7 185 100
7 185 100
7 185 100
7 185 100
7 185 100
7 185 100
7 185 100
7 185 100
7 184 100
7 184 100
7 184 100
7 184 100
7 184 100
7 184 100
7 184 100
7 184 100
7 184 100
7 184 100
7 184 100
7 184 100
7 184 100
7 184 100
7 184 100
7 184 100
7 184 100
7 184 100
7 184 100
7 184 100
7 184 100
7 184 100
7 184 100
7 184 100
7 184 100
7 184 100
7 184 100
7 184 100
7 184 100
7 184 100
7 184 100
7 184 100
7 184 100
7 184 100
7 183 100
7 183 100
7 183 100
7 183 100
7 183 100
7 183 100
7 183 100
7 183 100
7 183 100
7 183 100
7 183 100
7 183 100
7 183 100
7 183 100
7 183 100
7 183 100
7 183 100
7 183 100
7 183 100
7 183 100
7 183 100
7 183 100
7 183 100
7 183 100
7 183 100
7 183 100
7 183 100
7 183 100
7 183 100
7 183 100
7 183 100
7 183 100
7 183 100
7 182 100
7 182 100
7 182 100
7 182 100
7 182 100
7 182 100
7 182 100
7 182 100
7 182 100
7 182 100
7 182 100
7 182 100
7 182 100
7 182 100
7 182 100
7 182 100
7 182 100
7 182 100
7 182 100
7 182 100
7 182 100
7 182 100
7 182 100
7 182 100
7 182 100
7 182 100
7 182 100
7 182 100
7 182 100
7 182 100
7 182 100
7 182 100
7 181 100
7 181 100
7 181 100
7 181 100
7 181 100
7 181 100
7 181 100
7 181 100
7 181 100
7 181 100
7 181 100
7 181 100
7 181 100
7 181 100
7 181 100
7 181 100
7 181 100
7 181 100
7 181 100
7 181 100
7 181 100
7 181 100
7 181 100
7 181 100
7 181 100
7 181 100
7 181 100
7 181 100
7 181 100
7 181 100
7 180 100
7 180 100
7 180 100
7 180 100
7 180 100
7 180 100
7 180 100
7 180 100
7 180 100
7 180 100
7 180 100
7 180 100
7 180 100
7 180 100
7 180 100
7 180 100
7 180 100
7 180 100
7 180 100
7 180 100
7 180 100
7 180 100
7 180 100
7 180 100
7 180 100
7 180 100
7 180 100
7 180 100
7 179 100
7 179 100
7 179 100
7 179 100
7 179 100
7 179 100
7 179 100
7 179 100
7 179 100
7 179 100
7 179 100
7 179 100
7 179 100
7 179 100
7 179 100
7 179 100
7 179 100
7 179 100
7 179 100
7 179 100
7 179 100
7 179 100
7 179 100
7 179 100
7 179 100
7 178 100
7 178 100
7 178 100
7 178 100
7 178 100
7 178 100
7 178 100
7 178 100
7 178 100
7 178 100
7 178 100
7 178 100
7 178 100
7 178 100
7 178 100
7 178 100
7 178 100
7 178 100
7 178 100
7 178 100
7 178 100
7 177 100
7 177 100
7 177 100
7 177 100
7 177 100
7 177 100
7 177 100
7 177 100
7 177 100
7 177 100
7 177 100
7 177 100
7 177 100
7 177 100
7 177 100
7 177 100
7 177 100
7 177 100
7 176 100
7 176 100
7 176 100
7 176 100
7 176 100
7 176 100
7 176 100
7 176 100
7 176 100
7 176 100
7 176 100
7 176 100
7 176 100
7 176 100
7 176 100
7 175 100
7 175 100
7 175 100
7 175 100
7 175 100
7 175 100
7 175 100
7 175 100
7 175 100
7 175 100
7 175 100
7 175 100
7 175 100
7 174 100
7 174 100
7 174 100
7 174 100
7 174 100
7 174 100
7 174 100
7 174 100
7 174 100
7 174 100
7 174 100
7 173 100
7 173 100
7 173 100
7 173 100
7 173 100
7 173 100
7 173 100
7 173 100
7 173 100
7 173 100
7 173 100
7 172 100
7 172 100
7 172 100
7 172 100
7 172 100
7 172 100
7 172 100
7 172 100
7 172 100
7 172 100
7 172 100
7 171 100
7 171 100
7 171 100
7 171 100
7 171 100
7 171 100
7 171 100
7 171 100
7 171 100
7 171 100
7 171 100
7 170 100
7 170 100
7 170 100
7 170 100
7 170 100
7 170 100
7 170 100
7 170 100
7 170 100
7 170 100
7 170 100
7 170 100
7 169 100
7 169 100
7 169 100
7 169 100
7 169 100
7 169 100
7 169 100
7 169 100
7 169 100
7 169 100
7 169 100
7 169 100
7 169 100
7 168 100
7 168 100
7 168 100
7 168 100
7 168 100
7 168 100
7 168 100
7 168 100
7 168 100
7 168 100
7 168 100
7 168 100
7 168 100
7 168 100
7 167 100
7 167 100
7 167 100
7 167 100
7 167 100
7 167 100
7 167 100
7 167 100
7 167 100
7 167 100
7 167 100
7 167 100
7 167 100
7 167 100
7 166 100
7 166 100
7 166 100
7 166 100
7 166 100
7 166 100
7 166 100
7 166 100
7 166 100
7 166 100
7 166 100
7 166 100
7 166 100
7 166 100
7 165 100
7 165 100
7 165 100
7 165 100
7 165 100
7 165 100
7 165 100
7 165 100
7 165 100
7 165 100
7 165 100
7 165 100
7 165 100
7 164 100
7 164 100
7 164 100
7 164 100
7 164 100
7 164 100
7 164 100
7 164 100
7 164 100
7 164 100
7 164 100
7 164 100
7 163 100
7 163 100
7 163 100
7 163 100
7 163 100
7 163 100
7 163 100
7 163 100
7 163 100
7 163 100
7 162 100
7 162 100
7 162 100
7 162 100
7 162 100
7 162 100
7 162 100
7 162 100
7 162 100
7 161 100
7 161 100
7 161 100
7 161 100
7 161 100
7 161 100
7 161 100
7 161 100
7 160 100
7 160 100
7 160 100
7 160 100
7 160 100
7 160 100
7 160 100
7 159 100
7 159 100
7 159 100
7 159 100
7 159 100
7 158 100
7 158 100
7 158 100
7 158 100
7 157 100
7 157 100
7 157 100
7 157 100
7 156 100
7 156 100
7 156 100
7 155 100
7 155 100
7 155 100
7 154 100
7 154 100
7 154 100
7 153 100
7 153 100
7 153 100
7 152 100
7 152 100
7 152 100
7 151 100
7 151 100
7 151 100
7 150 100
7 150 100
7 150 100
7 149 100
7 149 100
7 149 100
7 148 100
7 148 100
7 148 100
7 147 100
7 147 100
7 147 100
7 146 100
7 146 100
7 146 100
7 145 100
7 145 100
7 145 100
7 144 100
7 144 100
7 143 100
7 143 100
7 142 100
7 141 100
7 140 100
7 139 100
7 138 100
7 137 100
7 136 100
7 135 100
7 134 100
7 133 100
7 132 100
7 131 100
7 130 100
7 129 100
7 128 100
7 127 100
7 126 100
7 125 100
7 124 100
7 123 100
7 122 100
7 121 100
7 120 100
7 119 100
7 118 100
7 117 100
7 116 100
7 115 100
7 114 100
7 113 100
7 112 100
7 111 100
7 110 100
7 109 100
7 108 100
7 107 100
7 106 100
7 105 100
7 104 100
7 103 100
7 102 100
7 101 100
7 100 100
# move from (195,156) to (7,99)
195 156 100
194 156 100
193 156 100
192 156 100
191 156 100
190 156 100
189 156 100
188 156 100
187 156 100
186 156 100
185 156 100
184 156 100
183 156 100
182 156 100
181 156 100
181 156 100
180 156 100
180 156 100
179 156 100
179 156 100
178 156 100
178 156 100
178 156 100
177 156 100
177 156 100
177 156 100
176 156 100
176 156 100
176 156 100
176 156 100
175 156 100
175 156 100
175 156 100
175 156 100
175 156 100
174 156 100
174 156 100
174 156 100
174 156 100
174 156 100
174 156 100
174 156 100
173 156 100
173 156 100
173 156 100
173 156 100
173 156 100
173 156 100
173 156 100
173 156 100
172 156 100
172 156 100
172 156 100
172 156 100
172 156 100
172 156 100
172 156 100
172 156 100
172 156 100
171 156 100
171 156 100
171 156 100
171 156 100
171 156 100
171 156 100
171 156 100
171 156 100
171 156 100
171 156 100
170 156 100
170 156 100
170 156 100
170 156 100
170 156 100
170 156 100
170 156 100
170 156 100
170 156 100
170 156 100
169 156 100
169 156 100
169 156 100
169 156 100
169 156 100
169 156 100
169 156 100
169 156 100
169 156 100
169 156 100
168 156 100
168 156 100
168 156 100
168 156 100
168 156 100
168 156 100
168 156 100
168 156 100
168 156 100
167 156 100
167 156 100
167 156 100
167 156 100
167 156 100
167 156 100
167 156 100
167 156 100
166 156 100
166 156 100
166 156 100
166 156 100
166 156 100
166 156 100
166 156 100
165 156 100
165 156 100
165 156 100
165 156 100
165 156 100
165 156 100
164 156 100
164 156 100
164 156 100
164 156 100
164 156 100
163 156 100
163 156 100
163 156 100
163 156 100
162 156 100
162 156 100
162 156 100
161 156 100
161 156 100
160 156 100
160 156 100
159 156 100
158 156 100
157 156 100
156 156 100
155 156 100
154 156 100
153 156 100
152 156 100
151 156 100
150 156 100
149 156 100
148 156 100
147 156 100
146 156 100
145 156 100
144 156 100
143 156 100
143 156 100
142 156 100
142 156 100
141 156 100
141 156 100
140 156 100
140 156 100
140 156 100
139 156 100
139 156 100
139 156 100
138 156 100
138 156 100
138 156 100
137 156 100
137 156 100
137 156 100
136 156 100
136 156 100
136 156 100
136 156 100
135 156 100
135 156 100
135 156 100
135 156 100
135 156 100
134 156 100
134 156 100
134 156 100
134 156 100
134 156 100
134 156 100
134 156 100
133 156 100
133 156 100
133 156 100
133 156 100
133 156 100
133 156 100
133 156 100
133 156 100
133 156 100
133 156 100
132 156 100
132 156 100
132 156 100
132 156 100
132 156 100
132 156 100
132 156 100
132 156 100
132 156 100
132 156 100
132 156 100
132 156 100
132 156 100
131 156 100
131 156 100
131 156 100
131 156 100
131 156 100
131 156 100
131 156 100
131 156 100
131 156 100
131 156 100
131 156 100
131 156 100
131 156 100
131 156 100
131 156 100
131 156 100
131 156 100
130 156 100
130 156 100
130 156 100
130 156 100
130 156 100
130 156 100
130 156 100
130 156 100
130 156 100
130 156 100
130 156 100
130 156 100
130 156 100
130 156 100
130 156 100
130 156 100
130 156 100
130 156 100
130 156 100
130 156 100
129 156 100
129 156 100
129 156 100
129 156 100
129 156 100
129 156 100
129 156 100
129 156 100
129 156 100
129 156 100
129 156 100
129 156 100
129 156 100
129 156 100
129 156 100
129 156 100
129 156 100
129 156 100
129 156 100
129 156 100
129 156 100
129 156 100
129 156 100
129 156 100
128 156 100
128 156 100
128 156 100
128 156 100
128 156 100
128 156 100
128 156 100
128 156 100
128 156 100
128 156 100
128 156 100
128 156 100
128 156 100
128 156 100
128 156 100
128 156 100
128 156 100
128 156 100
128 156 100
128 156 100
128 156 100
128 156 100
128 156 100
128 156 100
128 156 100
128 156 100
128 156 100
127 156 100
127 156 100
127 156 100
127 156 100
127 156 100
127 156 100
127 156 100
127 156 100
127 156 100
127 156 100
127 156 100
127 156 100
127 156 100
127 156 100
127 156 100
127 156 100
127 156 100
127 156 100
127 156 100
127 156 100
127 156 100
127 156 100
127 156 100
127 156 100
127 156 100
127 156 100
127 156 100
127 156 100
127 156 100
126 156 100
126 156 100
126 156 100
126 156 100
126 156 100
126 156 100
126 156 100
126 156 100
126 156 100
126 156 100
126 156 100
126 156 100
126 156 100
126 156 100
126 156 100
126 156 100
126 156 100
126 156 100
126 156 100
126 156 100
126 156 100
126 156 100
126 156 100
126 156 100
126 156 100
126 156 100
126 156 100
126 156 100
126 156 100
126 156 100
126 156 100
125 156 100
125 156 100
125 156 100
125 156 100
125 156 100
125 156 100
125 156 100
125 156 100
125 156 100
125 156 100
125 156 100
125 156 100
125 156 100
125 156 100
125 156 100
125 156 100
125 156 100
125 156 100
125 156 100
125 156 100
125 156 100
125 156 100
125 156 100
125 156 100
125 156 100
125 156 100
125 156 100
125 156 100
125 156 100
125 156 100
125 156 100
124 156 100
124 156 100
124 156 100
124 156 100
124 156 100
124 156 100
124 156 100
124 156 100
124 156 100
124 156 100
124 156 100
124 156 100
124 156 100
124 156 100
124 156 100
124 156 100
124 156 100
124 156 100
124 156 100
124 156 100
124 156 100
124 156 100
124 156 100
124 156 100
124 156 100
124 156 100
124 156 100
124 156 100
124 156 100
124 156 100
123 156 100
123 156 100
123 156 100
123 156 100
123 156 100
123 156 100
123 156 100
123 156 100
123 156 100
123 156 100
123 156 100
123 156 100
123 156 100
123 156 100
123 156 100
123 156 100
123 156 100
123 156 100
123 156 100
123 156 100
123 156 100
123 156 100
123 156 100
123 156 100
123 156 100
123 156 100
123 156 100
123 156 100
123 156 100
123 156 100
122 156 100
122 156 100
122 156 100
122 156 100
122 156 100
122 156 100
122 156 100
122 156 100
122 156 100
122 156 100
122 156 100
122 156 100
122 156 100
122 156 100
122 156 100
122 156 100
122 156 100
122 156 100
122 156 100
122 156 100
122 156 100
122 156 100
122 156 100
122 156 100
122 156 100
122 156 100
122 156 100
122 156 100
121 156 100
121 156 100
121 156 100
121 156 100
121 156 100
121 156 100
121 156 100
121 156 100
121 156 100
121 156 100
121 156 100
121 156 100
121 156 100
121 156 100
121 156 100
121 156 100
121 156 100
121 156 100
121 156 100
121 156 100
121 156 100
121 156 100
121 156 100
121 156 100
121 156 100
121 156 100
121 156 100
120 156 100
120 156 100
120 156 100
120 156 100
120 156 100
120 156 100
120 156 100
120 156 100
120 156 100
120 156 100
120 156 100
120 156 100
120 156 100
120 156 100
120 156 100
120 156 100
120 156 100
120 156 100
120 156 100
120 156 100
120 156 100
120 156 100
120 156 100
120 156 100
120 156 100
119 156 100
119 156 100
119 156 100
119 156 100
119 156 100
119 156 100
119 156 100
119 156 100
119 156 100
119 156 100
119 156 100
119 156 100
119 156 100
119 156 100
119 156 100
119 156 100
119 156 100
119 156 100
119 156 100
119 156 100
119 156 100
119 156 100
119 156 100
119 156 100
118 156 100
118 156 100
118 156 100
118 156 100
118 156 100
118 156 100
118 156 100
118 156 100
118 156 100
118 156 100
118 156 100
118 156 100
118 156 100
118 156 100
118 156 100
118 156 100
118 156 100
118 156 100
118 156 100
118 156 100
118 156 100
118 156 100
117 156 100
117 156 100
117 156 100
117 156 100
117 156 100
117 156 100
117 156 100
117 156 100
117 156 100
117 156 100
117 156 100
117 156 100
117 156 100
117 156 100
117 156 100
117 156 100
117 156 100
117 156 100
117 156 100
116 156 100
116 156 100
116 156 100
116 156 100
116 156 100
116 156 100
116 156 100
116 156 100
116 156 100
116 156 100
116 156 100
116 156 100
116 156 100
116 156 100
116 156 100
116 156 100
115 156 100
115 156 100
115 156 100
115 156 100
115 156 100
115 156 100
115 156 100
115 156 100
115 156 100
115 156 100
115 156 100
115 156 100
114 156 100
114 156 100
114 156 100
114 156 100
114 156 100
114 156 100
114 156 100
114 156 100
113 156 100
113 156 100
113 156 100
113 156 100
112 156 100
112 156 100
111 156 100
110 156 100
109 156 100
108 156 100
107 156 100
106 156 100
105 156 100
104 156 100
103 156 100
102 156 100
101 156 100
100 156 100
99 156 100
98 156 100
97 156 100
96 156 100
95 156 100
94 156 100
93 156 100
92 156 100
91 156 100
90 156 100
89 156 100
88 156 100
87 156 100
86 156 100
86 156 100
85 156 100
85 156 100
84 156 100
84 156 100
83 156 100
83 156 100
82 156 100
81 156 100
80 156 100
79 156 100
78 156 100
77 156 100
76 156 100
75 156 100
74 156 100
73 156 100
72 156 100
71 156 100
70 156 100
69 156 100
68 156 100
67 156 100
66 156 100
65 156 100
64 156 100
63 156 100
62 156 100
61 156 100
60 156 100
59 156 100
58 156 100
57 156 100
56 156 100
55 156 100
54 156 100
53 156 100
52 156 100
51 156 100
50 156 100
50 156 100
49 156 100
49 156 100
49 156 100
48 156 100
48 156 100
48 156 100
47 156 100
47 156 100
47 156 100
47 156 100
46 156 100
46 156 100
46 156 100
46 156 100
45 156 100
45 156 100
45 156 100
45 156 100
44 156 100
44 156 100
44 156 100
44 156 100
44 156 100
43 156 100
43 156 100
43 156 100
43 156 100
43 156 100
42 156 100
42 156 100
42 156 100
42 156 100
42 156 100
42 156 100
41 156 100
41 156 100
41 156 100
41 156 100
41 156 100
41 156 100
41 156 100
40 156 100
40 156 100
40 156 100
40 156 100
40 156 100
40 156 100
40 156 100
40 156 100
39 156 100
39 156 100
39 156 100
39 156 100
39 156 100
39 156 100
39 156 100
39 156 100
39 156 100
39 156 100
38 156 100
38 156 100
38 156 100
38 156 100
38 156 100
38 156 100
38 156 100
38 156 100
38 156 100
38 156 100
38 156 100
38 156 100
37 156 100
37 156 100
37 156 100
37 156 100
37 156 100
37 156 100
37 156 100
37 156 100
37 156 100
37 156 100
37 156 100
37 156 100
37 156 100
37 156 100
36 156 100
36 156 100
36 156 100
36 156 100
36 156 100
36 156 100
36 156 100
36 156 100
36 156 100
36 156 100
36 156 100
36 156 100
36 156 100
36 156 100
36 156 100
36 156 100
36 156 100
35 156 100
35 156 100
35 156 100
35 156 100
35 156 100
35 156 100
35 156 100
35 156 100
35 156 100
35 156 100
35 156 100
35 156 100
35 156 100
35 156 100
35 156 100
35 156 100
35 156 100
35 156 100
35 156 100
34 156 100
34 156 100
34 156 100
34 156 100
34 156 100
34 156 100
34 156 100
34 156 100
34 156 100
34 156 100
34 156 100
34 156 100
34 156 100
34 156 100
34 156 100
34 156 100
34 156 100
34 156 100
34 156 100
34 156 100
34 156 100
33 156 100
33 156 100
33 156 100
33 156 100
33 156 100
33 156 100
33 156 100
33 156 100
33 156 100
33 156 100
33 156 100
33 156 100
33 156 100
33 156 100
33 156 100
33 156 100
33 156 100
33 156 100
33 156 100
33 156 100
33 156 100
32 156 100
32 156 100
32 156 100
32 156 100
32 156 100
32 156 100
32 156 100
32 156 100
32 156 100
32 156 100
32 156 100
32 156 100
32 156 100
32 156 100
32 156 100
32 156 100
32 156 100
32 156 100
32 156 100
32 156 100
31 156 100
31 156 100
31 156 100
31 156 100
31 156 100
31 156 100
31 156 100
31 156 100
31 156 100
31 156 100
31 156 100
31 156 100
31 156 100
31 156 100
31 156 100
31 156 100
31 156 100
30 156 100
30 156 100
30 156 100
30 156 100
30 156 100
30 156 100
30 156 100
30 156 100
30 156 100
30 156 100
30 156 100
30 156 100
30 156 100
30 156 100
30 156 100
29 156 100
29 156 100
29 156 100
29 156 100
29 156 100
29 156 100
29 156 100
29 156 100
29 156 100
29 156 100
29 156 100
29 156 100
28 156 100
28 156 100
28 156 100
28 156 100
28 156 100
28 156 100
28 156 100
28 156 100
28 156 100
28 156 100
27 156 100
27 156 100
27 156 100
27 156 100
27 156 100
27 156 100
27 156 100
27 156 100
26 156 100
26 156 100
26 156 100
26 156 100
26 156 100
26 156 100
25 156 100
25 156 100
25 156 100
25 156 100
25 156 100
24 156 100
24 156 100
24 156 100
24 156 100
23 156 100
23 156 100
23 156 100
22 156 100
22 156 100
21 156 100
21 156 100
20 156 100
19 156 100
18 156 100
17 156 100
16 156 100
15 156 100
14 156 100
13 156 100
12 156 100
11 156 100
10 156 100
10 156 100
9 156 100
9 156 100
8 156 100
8 156 100
# move from (6,135) to (7,99)
6 135 100
# move from (170,72) to (7,99)
170 72 100
169 72 100
168 72 100
167 72 100
166 72 100
165 72 100
164 72 100
164 72 100
163 72 100
163 72 100
163 72 100
162 72 100
162 72 100
162 72 100
162 72 100
161 72 100
161 72 100
161 72 100
161 72 100
161 72 100
161 72 100
160 72 100
160 72 100
160 72 100
160 72 100
160 72 100
160 72 100
160 72 100
159 72 100
159 72 100
159 72 100
159 72 100
159 72 100
159 72 100
159 72 100
159 72 100
159 72 100
158 72 100
158 72 100
158 72 100
158 72 100
158 72 100
158 72 100
158 72 100
158 72 100
158 72 100
158 72 100
157 72 100
157 72 100
157 72 100
157 72 100
157 72 100
157 72 100
157 72 100
157 72 100
157 72 100
157 72 100
157 72 100
156 72 100
156 72 100
156 72 100
156 72 100
156 72 100
156 72 100
156 72 100
156 72 100
156 72 100
156 72 100
156 72 100
156 72 100
156 72 100
155 72 100
155 72 100
155 72 100
155 72 100
155 72 100
155 72 100
155 72 100
155 72 100
155 72 100
155 72 100
155 72 100
155 72 100
155 72 100
155 72 100
155 72 100
154 72 100
154 72 100
154 72 100
154 72 100
154 72 100
154 72 100
154 72 100
154 72 100
154 72 100
154 72 100
154 72 100
154 72 100
154 72 100
154 72 100
154 72 100
154 72 100
154 72 100
153 72 100
153 72 100
153 72 100
153 72 100
153 72 100
153 72 100
153 72 100
153 72 100
153 72 100
153 72 100
153 72 100
153 72 100
153 72 100
153 72 100
153 72 100
153 72 100
153 72 100
153 72 100
153 72 100
153 72 100
152 72 100
152 72 100
152 72 100
152 72 100
152 72 100
152 72 100
152 72 100
152 72 100
152 72 100
152 72 100
152 72 100
152 72 100
152 72 100
152 72 100
152 72 100
152 72 100
152 72 100
152 72 100
152 72 100
152 72 100
152 72 100
152 72 100
152 72 100
151 72 100
151 72 100
151 72 100
151 72 100
151 72 100
151 72 100
151 72 100
151 72 100
151 72 100
151 72 100
151 72 100
151 72 100
151 72 100
151 72 100
151 72 100
151 72 100
151 72 100
151 72 100
151 72 100
151 72 100
151 72 100
151 72 100
151 72 100
151 72 100
151 72 100
151 72 100
150 72 100
150 72 100
150 72 100
150 72 100
150 72 100
150 72 100
150 72 100
150 72 100
150 72 100
150 72 100
150 72 100
150 72 100
150 72 100
150 72 100
150 72 100
150 72 100
150 72 100
150 72 100
150 72 100
150 72 100
150 72 100
150 72 100
150 72 100
150 72 100
150 72 100
150 72 100
150 72 100
150 72 100
149 72 100
149 72 100
149 72 100
149 72 100
149 72 100
149 72 100
149 72 100
149 72 100
149 72 100
149 72 100
149 72 100
149 72 100
149 72 100
149 72 100
149 72 100
149 72 100
149 72 100
149 72 100
149 72 100
149 72 100
149 72 100
149 72 100
149 72 100
149 72 100
149 72 100
149 72 100
149 72 100
149 72 100
149 72 100
149 72 100
148 72 100
148 72 100
148 72 100
148 72 100
148 72 100
148 72 100
148 72 100
148 72 100
148 72 100
148 72 100
148 72 100
148 72 100
148 72 100
148 72 100
148 72 100
148 72 100
148 72 100
148 72 100
148 72 100
148 72 100
148 72 100
148 72 100
148 72 100
148 72 100
148 72 100
148 72 100
148 72 100
148 72 100
148 72 100
148 72 100
148 72 100
148 72 100
147 72 100
147 72 100
147 72 100
147 72 100
147 72 100
147 72 100
147 72 100
147 72 100
147 72 100
147 72 100
147 72 100
147 72 100
147 72 100
147 72 100
147 72 100
147 72 100
147 72 100
147 72 100
147 72 100
147 72 100
147 72 100
147 72 100
147 72 100
147 72 100
147 72 100
147 72 100
147 72 100
147 72 100
147 72 100
147 72 100
147 72 100
147 72 100
146 72 100
146 72 100
146 72 100
146 72 100
146 72 100
146 72 100
146 72 100
146 72 100
146 72 100
146 72 100
146 72 100
146 72 100
146 72 100
146 72 100
146 72 100
146 72 100
146 72 100
146 72 100
146 72 100
146 72 100
146 72 100
146 72 100
146 72 100
146 72 100
146 72 100
146 72 100
146 72 100
146 72 100
146 72 100
146 72 100
145 72 100
145 72 100
145 72 100
145 72 100
145 72 100
145 72 100
145 72 100
145 72 100
145 72 100
145 72 100
145 72 100
145 72 100
145 72 100
145 72 100
145 72 100
145 72 100
145 72 100
145 72 100
145 72 100
145 72 100
145 72 100
145 72 100
145 72 100
145 72 100
145 72 100
145 72 100
145 72 100
144 72 100
144 72 100
144 72 100
144 72 100
144 72 100
144 72 100
144 72 100
144 72 100
144 72 100
144 72 100
144 72 100
144 72 100
144 72 100
144 72 100
144 72 100
144 72 100
144 72 100
144 72 100
144 72 100
144 72 100
144 72 100
144 72 100
144 72 100
144 72 100
143 72 100
143 72 100
143 72 100
143 72 100
143 72 100
143 72 100
143 72 100
143 72 100
143 72 100
143 72 100
143 72 100
143 72 100
143 72 100
143 72 100
143 72 100
143 72 100
143 72 100
143 72 100
143 72 100
142 72 100
142 72 100
142 72 100
142 72 100
142 72 100
142 72 100
142 72 100
142 72 100
142 72 100
142 72 100
142 72 100
142 72 100
142 72 100
142 72 100
142 72 100
141 72 100
141 72 100
141 72 100
141 72 100
141 72 100
141 72 100
141 72 100
141 72 100
141 72 100
141 72 100
141 72 100
140 72 100
140 72 100
140 72 100
140 72 100
140 72 100
140 72 100
140 72 100
140 72 100
139 72 100
139 72 100
139 72 100
139 72 100
139 72 100
139 72 100
138 72 100
138 72 100
138 72 100
138 72 100
137 72 100
137 72 100
137 72 100
136 72 100
136 72 100
136 72 100
135 72 100
135 72 100
135 72 100
134 72 100
134 72 100
133 72 100
133 72 100
132 72 100
132 72 100
131 72 100
130 72 100
129 72 100
128 72 100
127 72 100
126 72 100
125 72 100
124 72 100
123 72 100
122 72 100
121 72 100
120 72 100
119 72 100
118 72 100
117 72 100
116 72 100
115 72 100
114 72 100
113 72 100
112 72 100
111 72 100
110 72 100
109 72 100
108 72 100
107 72 100
106 72 100
105 72 100
104 72 100
103 72 100
102 72 100
101 72 100
100 72 100
99 72 100
98 72 100
97 72 100
96 72 100
96 72 100
95 72 100
95 72 100
95 72 100
94 72 100
94 72 100
94 72 100
94 72 100
93 72 100
93 72 100
93 72 100
93 72 100
92 72 100
92 72 100
92 72 100
92 72 100
92 72 100
91 72 100
91 72 100
91 72 100
91 72 100
91 72 100
91 72 100
90 72 100
90 72 100
90 72 100
90 72 100
90 72 100
90 72 100
90 72 100
89 72 100
89 72 100
89 72 100
89 72 100
89 72 100
89 72 100
89 72 100
89 72 100
88 72 100
88 72 100
88 72 100
88 72 100
88 72 100
88 72 100
88 72 100
88 72 100
88 72 100
88 72 100
87 72 100
87 72 100
87 72 100
87 72 100
87 72 100
87 72 100
87 72 100
87 72 100
87 72 100
87 72 100
87 72 100
87 72 100
86 72 100
86 72 100
86 72 100
86 72 100
86 72 100
86 72 100
86 72 100
86 72 100
86 72 100
86 72 100
86 72 100
86 72 100
86 72 100
86 72 100
86 72 100
85 72 100
85 72 100
85 72 100
85 72 100
85 72 100
85 72 100
85 72 100
85 72 100
85 72 100
85 72 100
85 72 100
85 72 100
85 72 100
85 72 100
85 72 100
85 72 100
85 72 100
85 72 100
85 72 100
84 72 100
84 72 100
84 72 100
84 72 100
84 72 100
84 72 100
84 72 100
84 72 100
84 72 100
84 72 100
84 72 100
84 72 100
84 72 100
84 72 100
84 72 100
84 72 100
84 72 100
84 72 100
84 72 100
84 72 100
84 72 100
84 72 100
84 72 100
83 72 100
83 72 100
83 72 100
83 72 100
83 72 100
83 72 100
83 72 100
83 72 100
83 72 100
83 72 100
83 72 100
83 72 100
83 72 100
83 72 100
83 72 100
83 72 100
83 72 100
83 72 100
83 72 100
83 72 100
83 72 100
83 72 100
83 72 100
83 72 100
83 72 100
83 72 100
83 72 100
82 72 100
82 72 100
82 72 100
82 72 100
82 72 100
82 72 100
82 72 100
82 72 100
82 72 100
82 72 100
82 72 100
82 72 100
82 72 100
82 72 100
82 72 100
82 72 100
82 72 100
82 72 100
82 72 100
82 72 100
82 72 100
82 72 100
82 72 100
82 72 100
82 72 100
82 72 100
82 72 100
82 72 100
82 72 100
82 72 100
81 72 100
81 72 100
81 72 100
81 72 100
81 72 100
81 72 100
81 72 100
81 72 100
81 72 100
81 72 100
81 72 100
81 72 100
81 72 100
81 72 100
81 72 100
81 72 100
81 72 100
81 72 100
81 72 100
81 72 100
81 72 100
81 72 100
81 72 100
81 72 100
81 72 100
81 72 100
81 72 100
81 72 100
81 72 100
81 72 100
81 72 100
81 72 100
81 72 100
80 72 100
80 72 100
80 72 100
80 72 100
80 72 100
80 72 100
80 72 100
80 72 100
80 72 100
80 72 100
80 72 100
80 72 100
80 72 100
80 72 100
80 72 100
80 72 100
80 72 100
80 72 100
80 72 100
80 72 100
80 72 100
80 72 100
80 72 100
80 72 100
80 72 100
80 72 100
80 72 100
80 72 100
80 72 100
80 72 100
80 72 100
80 72 100
80 72 100
80 72 100
80 72 100
79 72 100
79 72 100
79 72 100
79 72 100
79 72 100
79 72 100
79 72 100
79 72 100
79 72 100
79 72 100
79 72 100
79 72 100
79 72 100
79 72 100
79 72 100
79 72 100
79 72 100
79 72 100
79 72 100
79 72 100
79 72 100
79 72 100
79 72 100
79 72 100
79 72 100
79 72 100
79 72 100
79 72 100
79 72 100
79 72 100
79 72 100
79 72 100
79 72 100
79 72 100
79 72 100
78 72 100
78 72 100
78 72 100
78 72 100
78 72 100
78 72 100
78 72 100
78 72 100
78 72 100
78 72 100
78 72 100
78 72 100
78 72 100
78 72 100
78 72 100
78 72 100
78 72 100
78 72 100
78 72 100
78 72 100
78 72 100
78 72 100
78 72 100
78 72 100
78 72 100
78 72 100
78 72 100
78 72 100
78 72 100
78 72 100
78 72 100
78 72 100
78 72 100
78 72 100
77 72 100
77 72 100
77 72 100
77 72 100
77 72 100
77 72 100
77 72 100
77 72 100
77 72 100
77 72 100
77 72 100
77 72 100
77 72 100
77 72 100
77 72 100
77 72 100
77 72 100
77 72 100
77 72 100
77 72 100
77 72 100
77 72 100
77 72 100
77 72 100
77 72 100
77 72 100
77 72 100
77 72 100
77 72 100
77 72 100
77 72 100
76 72 100
76 72 100
76 72 100
76 72 100
76 72 100
76 72 100
76 72 100
76 72 100
76 72 100
76 72 100
76 72 100
76 72 100
76 72 100
76 72 100
76 72 100
76 72 100
76 72 100
76 72 100
76 72 100
76 72 100
76 72 100
76 72 100
76 72 100
76 72 100
76 72 100
76 72 100
76 72 100
76 72 100
75 72 100
75 72 100
75 72 100
75 72 100
75 72 100
75 72 100
75 72 100
75 72 100
75 72 100
75 72 100
75 72 100
75 72 100
75 72 100
75 72 100
75 72 100
75 72 100
75 72 100
75 72 100
75 72 100
75 72 100
75 72 100
75 72 100
75 72 100
75 72 100
74 72 100
74 72 100
74 72 100
74 72 100
74 72 100
74 72 100
74 72 100
74 72 100
74 72 100
74 72 100
74 72 100
74 72 100
74 72 100
74 72 100
74 72 100
74 72 100
74 72 100
74 72 100
74 72 100
74 72 100
73 72 100
73 72 100
73 72 100
73 72 100
73 72 100
73 72 100
73 72 100
73 72 100
73 72 100
73 72 100
73 72 100
73 72 100
73 72 100
73 72 100
73 72 100
73 72 100
73 72 100
72 72 100
72 72 100
72 72 100
72 72 100
72 72 100
72 72 100
72 72 100
72 72 100
72 72 100
72 72 100
72 72 100
72 72 100
72 72 100
72 72 100
71 72 100
71 72 100
71 72 100
71 72 100
71 72 100
71 72 100
71 72 100
71 72 100
71 72 100
71 72 100
71 72 100
70 72 100
70 72 100
70 72 100
70 72 100
70 72 100
70 72 100
70 72 100
70 72 100
70 72 100
70 72 100
69 72 100
69 72 100
69 72 100
69 72 100
69 72 100
69 72 100
69 72 100
69 72 100
68 72 100
68 72 100
68 72 100
68 72 100
68 72 100
68 72 100
68 72 100
67 72 100
67 72 100
67 72 100
67 72 100
67 72 100
67 72 100
66 72 100
66 72 100
66 72 100
66 72 100
66 72 100
65 72 100
65 72 100
65 72 100
65 72 100
64 72 100
64 72 100
64 72 100
63 72 100
63 72 100
62 72 100
62 72 100
61 72 100
60 72 100
59 72 100
58 72 100
57 72 100
56 72 100
55 72 100
54 72 100
53 72 100
52 72 100
51 72 100
50 72 100
49 72 100
48 72 100
47 72 100
46 72 100
45 72 100
44 72 100
43 72 100
42 72 100
41 72 100
40 72 100
39 72 100
38 72 100
37 72 100
36 72 100
35 72 100
34 72 100
33 72 100
32 72 100
31 72 100
30 72 100
29 72 100
28 72 100
27 72 100
26 72 100
25 72 100
24 72 100
23 72 100
22 72 100
22 72 100
21 72 100
21 72 100
20 72 100
20 72 100
20 72 100
19 72 100
19 72 100
19 72 100
19 72 100
18 72 100
18 72 100
18 72 100
18 72 100
18 72 100
17 72 100
17 72 100
17 72 100
17 72 100
17 72 100
17 72 100
16 72 100
16 72 100
16 72 100
16 72 100
16 72 100
16 72 100
16 72 100
15 72 100
15 72 100
15 72 100
15 72 100
15 72 100
15 72 100
15 72 100
15 72 100
14 72 100
14 72 100
14 72 100
14 72 100
14 72 100
14 72 100
14 72 100
14 72 100
14 72 100
13 72 100
13 72 100
13 72 100
13 72 100
13 72 100
13 72 100
13 72 100
13 72 100
13 72 100
12 72 100
12 72 100
12 72 100
12 72 100
12 72 100
12 72 100
12 72 100
12 72 100
11 72 100
11 72 100
11 72 100
11 72 100
11 72 100
11 72 100
11 72 100
10 72 100
10 72 100
10 72 100
10 72 100
10 72 100
9 72 100
9 72 100
9 72 100
9 72 100
8 72 100
8 72 100
8 72 100
# move from (86,54) to (7,99)
86 54 100
85 54 100
84 54 100
83 54 100
82 54 100
81 54 100
80 54 100
79 54 100
78 54 100
77 54 100
76 54 100
75 54 100
74 54 100
73 54 100
72 54 100
71 54 100
70 54 100
69 54 100
68 54 100
67 54 100
66 54 100
65 54 100
64 54 100
63 54 100
62 54 100
61 54 100
60 54 100
59 54 100
58 54 100
57 54 100
56 54 100
55 54 100
54 54 100
53 54 100
52 54 100
51 54 100
50 54 100
49 54 100
48 54 100
47 54 100
46 54 100
45 54 100
44 54 100
43 54 100
42 54 100
41 54 100
40 54 100
39 54 100
38 54 100
37 54 100
36 54 100
35 54 100
34 54 100
33 54 100
32 54 100
31 54 100
30 54 100
29 54 100
28 54 100
27 54 100
26 54 100
26 54 100
25 54 100
24 54 100
23 54 100
22 54 100
21 54 100
20 54 100
19 54 100
18 54 100
17 54 100
17 54 100
16 54 100
16 54 100
15 54 100
15 54 100
14 54 100
14 54 100
14 54 100
13 54 100
13 54 100
13 54 100
12 54 100
12 54 100
12 54 100
11 54 100
11 54 100
10 54 100
10 54 100
9 54 100
8 54 100
# move from (165,20) to (7,99)
165 20 100
164 20 100
163 20 100
162 20 100
161 20 100
160 20 100
159 20 100
158 20 100
157 20 100
156 20 100
155 20 100
154 20 100
153 20 100
152 20 100
151 20 100
150 20 100
149 20 100
148 20 100
147 20 100
146 20 100
145 20 100
144 20 100
143 20 100
142 20 100
141 20 100
140 20 100
139 20 100
138 20 100
137 20 100
136 20 100
135 20 100
134 20 100
133 20 100
132 20 100
131 20 100
131 20 100
130 20 100
130 20 100
129 20 100
129 20 100
128 20 100
128 20 100
128 20 100
127 20 100
127 20 100
127 20 100
127 20 100
126 20 100
126 20 100
126 20 100
126 20 100
126 20 100
125 20 100
125 20 100
125 20 100
125 20 100
125 20 100
125 20 100
124 20 100
124 20 100
124 20 100
124 20 100
124 20 100
124 20 100
124 20 100
123 20 100
123 20 100
123 20 100
123 20 100
123 20 100
123 20 100
123 20 100
123 20 100
122 20 100
122 20 100
122 20 100
122 20 100
122 20 100
122 20 100
122 20 100
122 20 100
122 20 100
122 20 100
121 20 100
121 20 100
121 20 100
121 20 100
121 20 100
121 20 100
121 20 100
121 20 100
121 20 100
121 20 100
121 20 100
121 20 100
121 20 100
120 20 100
120 20 100
120 20 100
120 20 100
120 20 100
120 20 100
120 20 100
120 20 100
120 20 100
120 20 100
120 20 100
120 20 100
120 20 100
120 20 100
120 20 100
120 20 100
120 20 100
119 20 100
119 20 100
119 20 100
119 20 100
119 20 100
119 20 100
119 20 100
119 20 100
119 20 100
119 20 100
119 20 100
119 20 100
119 20 100
119 20 100
119 20 100
119 20 100
119 20 100
119 20 100
119 20 100
119 20 100
119 20 100
118 20 100
118 20 100
118 20 100
118 20 100
118 20 100
118 20 100
118 20 100
118 20 100
118 20 100
118 20 100
118 20 100
118 20 100
118 20 100
118 20 100
118 20 100
118 20 100
118 20 100
118 20 100
118 20 100
118 20 100
118 20 100
118 20 100
118 20 100
118 20 100
118 20 100
118 20 100
117 20 100
117 20 100
117 20 100
117 20 100
117 20 100
117 20 100
117 20 100
117 20 100
117 20 100
117 20 100
117 20 100
117 20 100
117 20 100
117 20 100
117 20 100
117 20 100
117 20 100
117 20 100
117 20 100
117 20 100
117 20 100
117 20 100
117 20 100
117 20 100
117 20 100
117 20 100
117 20 100
117 20 100
117 20 100
117 20 100
116 20 100
116 20 100
116 20 100
116 20 100
116 20 100
116 20 100
116 20 100
116 20 100
116 20 100
116 20 100
116 20 100
116 20 100
116 20 100
116 20 100
116 20 100
116 20 100
116 20 100
116 20 100
116 20 100
116 20 100
116 20 100
116 20 100
116 20 100
116 20 100
116 20 100
116 20 100
116 20 100
116 20 100
116 20 100
116 20 100
116 20 100
116 20 100
116 20 100
116 20 100
116 20 100
115 20 100
115 20 100
115 20 100
115 20 100
115 20 100
115 20 100
115 20 100
115 20 100
115 20 100
115 20 100
115 20 100
115 20 100
115 20 100
115 20 100
115 20 100
115 20 100
115 20 100
115 20 100
115 20 100
115 20 100
115 20 100
115 20 100
115 20 100
115 20 100
115 20 100
115 20 100
115 20 100
115 20 100
115 20 100
115 20 100
115 20 100
115 20 100
115 20 100
115 20 100
115 20 100
115 20 100
115 20 100
115 20 100
115 20 100
115 20 100
114 20 100
114 20 100
114 20 100
114 20 100
114 20 100
114 20 100
114 20 100
114 20 100
114 20 100
114 20 100
114 20 100
114 20 100
114 20 100
114 20 100
114 20 100
114 20 100
114 20 100
114 20 100
114 20 100
114 20 100
114 20 100
114 20 100
114 20 100
114 20 100
114 20 100
114 20 100
114 20 100
114 20 100
114 20 100
114 20 100
114 20 100
114 20 100
114 20 100
114 20 100
114 20 100
114 20 100
114 20 100
114 20 100
114 20 100
114 20 100
114 20 100
114 20 100
114 20 100
113 20 100
113 20 100
113 20 100
113 20 100
113 20 100
113 20 100
113 20 100
113 20 100
113 20 100
113 20 100
113 20 100
113 20 100
113 20 100
113 20 100
113 20 100
113 20 100
113 20 100
113 20 100
113 20 100
113 20 100
113 20 100
113 20 100
113 20 100
113 20 100
113 20 100
113 20 100
113 20 100
113 20 100
113 20 100
113 20 100
113 20 100
113 20 100
113 20 100
113 20 100
113 20 100
113 20 100
113 20 100
113 20 100
113 20 100
113 20 100
113 20 100
113 20 100
113 20 100
113 20 100
113 20 100
112 20 100
112 20 100
112 20 100
112 20 100
112 20 100
112 20 100
112 20 100
112 20 100
112 20 100
112 20 100
112 20 100
112 20 100
112 20 100
112 20 100
112 20 100
112 20 100
112 20 100
112 20 100
112 20 100
112 20 100
112 20 100
112 20 100
112 20 100
112 20 100
112 20 100
112 20 100
112 20 100
112 20 100
112 20 100
112 20 100
112 20 100
112 20 100
112 20 100
112 20 100
112 20 100
112 20 100
112 20 100
112 20 100
112 20 100
112 20 100
112 20 100
112 20 100
112 20 100
112 20 100
112 20 100
112 20 100
112 20 100
111 20 100
111 20 100
111 20 100
111 20 100
111 20 100
111 20 100
111 20 100
111 20 100
111 20 100
111 20 100
111 20 100
111 20 100
111 20 100
111 20 100
111 20 100
111 20 100
111 20 100
111 20 100
111 20 100
111 20 100
111 20 100
111 20 100
111 20 100
111 20 100
111 20 100
111 20 100
111 20 100
111 20 100
111 20 100
111 20 100
111 20 100
111 20 100
111 20 100
111 20 100
111 20 100
111 20 100
111 20 100
111 20 100
111 20 100
111 20 100
111 20 100
111 20 100
111 20 100
111 20 100
111 20 100
111 20 100
111 20 100
111 20 100
110 20 100
110 20 100
110 20 100
110 20 100
110 20 100
110 20 100
110 20 100
110 20 100
110 20 100
110 20 100
110 20 100
110 20 100
110 20 100
110 20 100
110 20 100
110 20 100
110 20 100
110 20 100
110 20 100
110 20 100
110 20 100
110 20 100
110 20 100
110 20 100
110 20 100
110 20 100
110 20 100
110 20 100
110 20 100
110 20 100
110 20 100
110 20 100
110 20 100
110 20 100
110 20 100
110 20 100
110 20 100
110 20 100
110 20 100
110 20 100
110 20 100
110 20 100
110 20 100
110 20 100
110 20 100
110 20 100
110 20 100
110 20 100
110 20 100
109 20 100
109 20 100
109 20 100
109 20 100
109 20 100
109 20 100
109 20 100
109 20 100
109 20 100
109 20 100
109 20 100
109 20 100
109 20 100
109 20 100
109 20 100
109 20 100
109 20 100
109 20 100
109 20 100
109 20 100
109 20 100
109 20 100
109 20 100
109 20 100
109 20 100
109 20 100
109 20 100
109 20 100
109 20 100
109 20 100
109 20 100
109 20 100
109 20 100
109 20 100
109 20 100
109 20 100
109 20 100
109 20 100
109 20 100
109 20 100
109 20 100
109 20 100
109 20 100
109 20 100
109 20 100
109 20 100
109 20 100
109 20 100
109 20 100
108 20 100
108 20 100
108 20 100
108 20 100
108 20 100
108 20 100
108 20 100
108 20 100
108 20 100
108 20 100
108 20 100
108 20 100
108 20 100
108 20 100
108 20 100
108 20 100
108 20 100
108 20 100
108 20 100
108 20 100
108 20 100
108 20 100
108 20 100
108 20 100
108 20 100
108 20 100
108 20 100
108 20 100
108 20 100
108 20 100
108 20 100
108 20 100
108 20 100
108 20 100
108 20 100
108 20 100
108 20 100
108 20 100
108 20 100
108 20 100
108 20 100
108 20 100
108 20 100
108 20 100
108 20 100
108 20 100
108 20 100
108 20 100
108 20 100
107 20 100
107 20 100
107 20 100
107 20 100
107 20 100
107 20 100
107 20 100
107 20 100
107 20 100
107 20 100
107 20 100
107 20 100
107 20 100
107 20 100
107 20 100
107 20 100
107 20 100
107 20 100
107 20 100
107 20 100
107 20 100
107 20 100
107 20 100
107 20 100
107 20 100
107 20 100
107 20 100
107 20 100
107 20 100
107 20 100
107 20 100
107 20 100
107 20 100
107 20 100
107 20 100
107 20 100
107 20 100
107 20 100
107 20 100
107 20 100
107 20 100
107 20 100
107 20 100
107 20 100
107 20 100
107 20 100
107 20 100
107 20 100
107 20 100
106 20 100
106 20 100
106 20 100
106 20 100
106 20 100
106 20 100
106 20 100
106 20 100
106 20 100
106 20 100
106 20 100
106 20 100
106 20 100
106 20 100
106 20 100
106 20 100
106 20 100
106 20 100
106 20 100
106 20 100
106 20 100
106 20 100
106 20 100
106 20 100
106 20 100
106 20 100
106 20 100
106 20 100
106 20 100
106 20 100
106 20 100
106 20 100
106 20 100
106 20 100
106 20 100
106 20 100
106 20 100
106 20 100
106 20 100
106 20 100
106 20 100
106 20 100
106 20 100
106 20 100
106 20 100
106 20 100
106 20 100
106 20 100
106 20 100
105 20 100
105 20 100
105 20 100
105 20 100
105 20 100
105 20 100
105 20 100
105 20 100
105 20 100
105 20 100
105 20 100
105 20 100
105 20 100
105 20 100
105 20 100
105 20 100
105 20 100
105 20 100
105 20 100
105 20 100
105 20 100
105 20 100
105 20 100
105 20 100
105 20 100
105 20 100
105 20 100
105 20 100
105 20 100
105 20 100
105 20 100
105 20 100
105 20 100
105 20 100
105 20 100
105 20 100
105 20 100
105 20 100
105 20 100
105 20 100
105 20 100
105 20 100
105 20 100
105 20 100
105 20 100
105 20 100
105 20 100
105 20 100
104 20 100
104 20 100
104 20 100
104 20 100
104 20 100
104 20 100
104 20 100
104 20 100
104 20 100
104 20 100
104 20 100
104 20 100
104 20 100
104 20 100
104 20 100
104 20 100
104 20 100
104 20 100
104 20 100
104 20 100
104 20 100
104 20 100
104 20 100
104 20 100
104 20 100
104 20 100
104 20 100
104 20 100
104 20 100
104 20 100
104 20 100
104 20 100
104 20 100
104 20 100
104 20 100
104 20 100
104 20 100
104 20 100
104 20 100
104 20 100
104 20 100
104 20 100
104 20 100
104 20 100
104 20 100
104 20 100
104 20 100
104 20 100
103 20 100
103 20 100
103 20 100
103 20 100
103 20 100
103 20 100
103 20 100
103 20 100
103 20 100
103 20 100
103 20 100
103 20 100
103 20 100
103 20 100
103 20 100
103 20 100
103 20 100
103 20 100
103 20 100
103 20 100
103 20 100
103 20 100
103 20 100
103 20 100
103 20 100
103 20 100
103 20 100
103 20 100
103 20 100
103 20 100
103 20 100
103 20 100
103 20 100
103 20 100
103 20 100
103 20 100
103 20 100
103 20 100
103 20 100
103 20 100
103 20 100
103 20 100
103 20 100
103 20 100
103 20 100
103 20 100
103 20 100
103 20 100
103 20 100
102 20 100
102 20 100
102 20 100
102 20 100
102 20 100
102 20 100
102 20 100
102 20 100
102 20 100
102 20 100
102 20 100
102 20 100
102 20 100
102 20 100
102 20 100
102 20 100
102 20 100
102 20 100
102 20 100
102 20 100
102 20 100
102 20 100
102 20 100
102 20 100
102 20 100
102 20 100
102 20 100
102 20 100
102 20 100
102 20 100
102 20 100
102 20 100
102 20 100
102 20 100
102 20 100
102 20 100
102 20 100
102 20 100
102 20 100
102 20 100
102 20 100
102 20 100
102 20 100
102 20 100
102 20 100
102 20 100
102 20 100
102 20 100
101 20 100
101 20 100
101 20 100
101 20 100
101 20 100
101 20 100
101 20 100
101 20 100
101 20 100
101 20 100
101 20 100
101 20 100
101 20 100
101 20 100
101 20 100
101 20 100
101 20 100
101 20 100
101 20 100
101 20 100
101 20 100
101 20 100
101 20 100
101 20 100
101 20 100
101 20 100
101 20 100
101 20 100
101 20 100
101 20 100
101 20 100
101 20 100
101 20 100
101 20 100
101 20 100
101 20 100
101 20 100
101 20 100
101 20 100
101 20 100
101 20 100
101 20 100
101 20 100
101 20 100
101 20 100
101 20 100
100 20 100
100 20 100
100 20 100
100 20 100
100 20 100
100 20 100
100 20 100
100 20 100
100 20 100
100 20 100
100 20 100
100 20 100
100 20 100
100 20 100
100 20 100
100 20 100
100 20 100
100 20 100
100 20 100
100 20 100
100 20 100
100 20 100
100 20 100
100 20 100
100 20 100
100 20 100
100 20 100
100 20 100
100 20 100
100 20 100
100 20 100
100 20 100
100 20 100
100 20 100
100 20 100
100 20 100
100 20 100
100 20 100
100 20 100
100 20 100
100 20 100
100 20 100
100 20 100
100 20 100
99 20 100
99 20 100
99 20 100
99 20 100
99 20 100
99 20 100
99 20 100
99 20 100
99 20 100
99 20 100
99 20 100
99 20 100
99 20 100
99 20 100
99 20 100
99 20 100
99 20 100
99 20 100
99 20 100
99 20 100
99 20 100
99 20 100
99 20 100
99 20 100
99 20 100
99 20 100
99 20 100
99 20 100
99 20 100
99 20 100
99 20 100
99 20 100
99 20 100
99 20 100
99 20 100
99 20 100
99 20 100
99 20 100
99 20 100
99 20 100
99 20 100
99 20 100
99 20 100
98 20 100
98 20 100
98 20 100
98 20 100
98 20 100
98 20 100
98 20 100
98 20 100
98 20 100
98 20 100
98 20 100
98 20 100
98 20 100
98 20 100
98 20 100
98 20 100
98 20 100
98 20 100
98 20 100
98 20 100
98 20 100
98 20 100
98 20 100
98 20 100
98 20 100
98 20 100
98 20 100
98 20 100
98 20 100
98 20 100
98 20 100
98 20 100
98 20 100
98 20 100
98 20 100
98 20 100
98 20 100
98 20 100
98 20 100
98 20 100
97 20 100
97 20 100
97 20 100
97 20 100
97 20 100
97 20 100
97 20 100
97 20 100
97 20 100
97 20 100
97 20 100
97 20 100
97 20 100
97 20 100
97 20 100
97 20 100
97 20 100
97 20 100
97 20 100
97 20 100
97 20 100
97 20 100
97 20 100
97 20 100
97 20 100
97 20 100
97 20 100
97 20 100
97 20 100
97 20 100
97 20 100
97 20 100
97 20 100
97 20 100
97 20 100
97 20 100
97 20 100
97 20 100
96 20 100
96 20 100
96 20 100
96 20 100
96 20 100
96 20 100
96 20 100
96 20 100
96 20 100
96 20 100
96 20 100
96 20 100
96 20 100
96 20 100
96 20 100
96 20 100
96 20 100
96 20 100
96 20 100
96 20 100
96 20 100
96 20 100
96 20 100
96 20 100
96 20 100
96 20 100
96 20 100
96 20 100
96 20 100
96 20 100
96 20 100
96 20 100
96 20 100
96 20 100
96 20 100
96 20 100
95 20 100
95 20 100
95 20 100
95 20 100
95 20 100
95 20 100
95 20 100
95 20 100
95 20 100
95 20 100
95 20 100
95 20 100
95 20 100
95 20 100
95 20 100
95 20 100
95 20 100
95 20 100
95 20 100
95 20 100
95 20 100
95 20 100
95 20 100
95 20 100
95 20 100
95 20 100
95 20 100
95 20 100
95 20 100
95 20 100
95 20 100
95 20 100
95 20 100
94 20 100
94 20 100
94 20 100
94 20 100
94 20 100
94 20 100
94 20 100
94 20 100
94 20 100
94 20 100
94 20 100
94 20 100
94 20 100
94 20 100
94 20 100
94 20 100
94 20 100
94 20 100
94 20 100
94 20 100
94 20 100
94 20 100
94 20 100
94 20 100
94 20 100
94 20 100
94 20 100
94 20 100
94 20 100
94 20 100
94 20 100
93 20 100
93 20 100
93 20 100
93 20 100
93 20 100
93 20 100
93 20 100
93 20 100
93 20 100
93 20 100
93 20 100
93 20 100
93 20 100
93 20 100
93 20 100
93 20 100
93 20 100
93 20 100
93 20 100
93 20 100
93 20 100
93 20 100
93 20 100
93 20 100
93 20 100
93 20 100
93 20 100
93 20 100
92 20 100
92 20 100
92 20 100
92 20 100
92 20 100
92 20 100
92 20 100
92 20 100
92 20 100
92 20 100
92 20 100
92 20 100
92 20 100
92 20 100
92 20 100
92 20 100
92 20 100
92 20 100
92 20 100
92 20 100
92 20 100
92 20 100
92 20 100
92 20 100
92 20 100
91 20 100
91 20 100
91 20 100
91 20 100
91 20 100
91 20 100
91 20 100
91 20 100
91 20 100
91 20 100
91 20 100
91 20 100
91 20 100
91 20 100
91 20 100
91 20 100
91 20 100
91 20 100
91 20 100
91 20 100
91 20 100
91 20 100
90 20 100
90 20 100
90 20 100
90 20 100
90 20 100
90 20 100
90 20 100
90 20 100
90 20 100
90 20 100
90 20 100
90 20 100
90 20 100
90 20 100
90 20 100
90 20 100
90 20 100
90 20 100
90 20 100
89 20 100
89 20 100
89 20 100
89 20 100
89 20 100
89 20 100
89 20 100
89 20 100
89 20 100
89 20 100
89 20 100
89 20 100
89 20 100
89 20 100
89 20 100
88 20 100
88 20 100
88 20 100
88 20 100
88 20 100
88 20 100
88 20 100
88 20 100
88 20 100
88 20 100
88 20 100
88 20 100
87 20 100
87 20 100
87 20 100
87 20 100
87 20 100
87 20 100
87 20 100
87 20 100
86 20 100
86 20 100
86 20 100
86 20 100
86 20 100
86 20 100
85 20 100
85 20 100
85 20 100
85 20 100
84 20 100
84 20 100
84 20 100
83 20 100
83 20 100
82 20 100
82 20 100
81 20 100
80 20 100
79 20 100
78 20 100
77 20 100
76 20 100
75 20 100
75 20 100
74 20 100
74 20 100
73 20 100
73 20 100
72 20 100
72 20 100
71 20 100
71 20 100
71 20 100
70 20 100
70 20 100
70 20 100
69 20 100
69 20 100
69 20 100
69 20 100
68 20 100
68 20 100
68 20 100
68 20 100
68 20 100
68 20 100
67 20 100
67 20 100
67 20 100
67 20 100
67 20 100
67 20 100
67 20 100
66 20 100
66 20 100
66 20 100
66 20 100
66 20 100
66 20 100
66 20 100
66 20 100
66 20 100
66 20 100
65 20 100
65 20 100
65 20 100
65 20 100
65 20 100
65 20 100
65 20 100
65 20 100
65 20 100
65 20 100
65 20 100
65 20 100
64 20 100
64 20 100
64 20 100
64 20 100
64 20 100
64 20 100
64 20 100
64 20 100
64 20 100
64 20 100
64 20 100
64 20 100
64 20 100
64 20 100
64 20 100
63 20 100
63 20 100
63 20 100
63 20 100
63 20 100
63 20 100
63 20 100
63 20 100
63 20 100
63 20 100
63 20 100
63 20 100
63 20 100
63 20 100
63 20 100
63 20 100
63 20 100
63 20 100
62 20 100
62 20 100
62 20 100
62 20 100
62 20 100
62 20 100
62 20 100
62 20 100
62 20 100
62 20 100
62 20 100
62 20 100
62 20 100
62 20 100
62 20 100
62 20 100
62 20 100
62 20 100
62 20 100
62 20 100
62 20 100
61 20 100
61 20 100
61 20 100
61 20 100
61 20 100
61 20 100
61 20 100
61 20 100
61 20 100
61 20 100
61 20 100
61 20 100
61 20 100
61 20 100
61 20 100
61 20 100
61 20 100
61 20 100
61 20 100
61 20 100
61 20 100
61 20 100
61 20 100
61 20 100
60 20 100
60 20 100
60 20 100
60 20 100
60 20 100
60 20 100
60 20 100
60 20 100
60 20 100
60 20 100
60 20 100
60 20 100
60 20 100
60 20 100
60 20 100
60 20 100
60 20 100
60 20 100
60 20 100
60 20 100
60 20 100
60 20 100
60 20 100
60 20 100
60 20 100
60 20 100
60 20 100
60 20 100
59 20 100
59 20 100
59 20 100
59 20 100
59 20 100
59 20 100
59 20 100
59 20 100
59 20 100
59 20 100
59 20 100
59 20 100
59 20 100
59 20 100
59 20 100
59 20 100
59 20 100
59 20 100
59 20 100
59 20 100
59 20 100
59 20 100
59 20 100
59 20 100
59 20 100
59 20 100
59 20 100
59 20 100
59 20 100
59 20 100
59 20 100
59 20 100
58 20 100
58 20 100
58 20 100
58 20 100
58 20 100
58 20 100
58 20 100
58 20 100
58 20 100
58 20 100
58 20 100
58 20 100
58 20 100
58 20 100
58 20 100
58 20 100
58 20 100
58 20 100
58 20 100
58 20 100
58 20 100
58 20 100
58 20 100
58 20 100
58 20 100
58 20 100
58 20 100
58 20 100
58 20 100
58 20 100
58 20 100
58 20 100
58 20 100
58 20 100
58 20 100
57 20 100
57 20 100
57 20 100
57 20 100
57 20 100
57 20 100
57 20 100
57 20 100
57 20 100
57 20 100
57 20 100
57 20 100
57 20 100
57 20 100
57 20 100
57 20 100
57 20 100
57 20 100
57 20 100
57 20 100
57 20 100
57 20 100
57 20 100
57 20 100
57 20 100
57 20 100
57 20 100
57 20 100
57 20 100
57 20 100
57 20 100
57 20 100
57 20 100
57 20 100
57 20 100
57 20 100
57 20 100
57 20 100
57 20 100
56 20 100
56 20 100
56 20 100
56 20 100
56 20 100
56 20 100
56 20 100
56 20 100
56 20 100
56 20 100
56 20 100
56 20 100
56 20 100
56 20 100
56 20 100
56 20 100
56 20 100
56 20 100
56 20 100
56 20 100
56 20 100
56 20 100
56 20 100
56 20 100
56 20 100
56 20 100
56 20 100
56 20 100
56 20 100
56 20 100
56 20 100
56 20 100
56 20 100
56 20 100
56 20 100
56 20 100
56 20 100
56 20 100
56 20 100
56 20 100
56 20 100
56 20 100
55 20 100
55 20 100
55 20 100
55 20 100
55 20 100
55 20 100
55 20 100
55 20 100
55 20 100
55 20 100
55 20 100
55 20 100
55 20 100
55 20 100
55 20 100
55 20 100
55 20 100
55 20 100
55 20 100
55 20 100
55 20 100
55 20 100
55 20 100
55 20 100
55 20 100
55 20 100
55 20 100
55 20 100
55 20 100
55 20 100
55 20 100
55 20 100
55 20 100
55 20 100
55 20 100
55 20 100
55 20 100
55 20 100
55 20 100
55 20 100
55 20 100
55 20 100
55 20 100
55 20 100
54 20 100
54 20 100
54 20 100
54 20 100
54 20 100
54 20 100
54 20 100
54 20 100
54 20 100
54 20 100
54 20 100
54 20 100
54 20 100
54 20 100
54 20 100
54 20 100
54 20 100
54 20 100
54 20 100
54 20 100
54 20 100
54 20 100
54 20 100
54 20 100
54 20 100
54 20 100
54 20 100
54 20 100
54 20 100
54 20 100
54 20 100
54 20 100
54 20 100
54 20 100
54 20 100
54 20 100
54 20 100
54 20 100
54 20 100
54 20 100
54 20 100
54 20 100
54 20 100
54 20 100
54 20 100
53 20 100
53 20 100
53 20 100
53 20 100
53 20 100
53 20 100
53 20 100
53 20 100
53 20 100
53 20 100
53 20 100
53 20 100
53 20 100
53 20 100
53 20 100
53 20 100
53 20 100
53 20 100
53 20 100
53 20 100
53 20 100
53 20 100
53 20 100
53 20 100
53 20 100
53 20 100
53 20 100
53 20 100
53 20 100
53 20 100
53 20 100
53 20 100
53 20 100
53 20 100
53 20 100
53 20 100
53 20 100
53 20 100
53 20 100
53 20 100
53 20 100
53 20 100
53 20 100
53 20 100
53 20 100
52 20 100
52 20 100
52 20 100
52 20 100
52 20 100
52 20 100
52 20 100
52 20 100
52 20 100
52 20 100
52 20 100
52 20 100
52 20 100
52 20 100
52 20 100
52 20 100
52 20 100
52 20 100
52 20 100
52 20 100
52 20 100
52 20 100
52 20 100
52 20 100
52 20 100
52 20 100
52 20 100
52 20 100
52 20 100
52 20 100
52 20 100
52 20 100
52 20 100
52 20 100
52 20 100
52 20 100
52 20 100
52 20 100
52 20 100
52 20 100
52 20 100
52 20 100
52 20 100
52 20 100
52 20 100
52 20 100
51 20 100
51 20 100
51 20 100
51 20 100
51 20 100
51 20 100
51 20 100
51 20 100
51 20 100
51 20 100
51 20 100
51 20 100
51 20 100
51 20 100
51 20 100
51 20 100
51 20 100
51 20 100
51 20 100
51 20 100
51 20 100
51 20 100
51 20 100
51 20 100
51 20 100
51 20 100
51 20 100
51 20 100
51 20 100
51 20 100
51 20 100
51 20 100
51 20 100
51 20 100
51 20 100
51 20 100
51 20 100
51 20 100
51 20 100
51 20 100
51 20 100
51 20 100
51 20 100
51 20 100
51 20 100
50 20 100
50 20 100
50 20 100
50 20 100
50 20 100
50 20 100
50 20 100
50 20 100
50 20 100
50 20 100
50 20 100
50 20 100
50 20 100
50 20 100
50 20 100
50 20 100
50 20 100
50 20 100
50 20 100
50 20 100
50 20 100
50 20 100
50 20 100
50 20 100
50 20 100
50 20 100
50 20 100
50 20 100
50 20 100
50 20 100
50 20 100
50 20 100
50 20 100
50 20 100
50 20 100
50 20 100
50 20 100
50 20 100
50 20 100
50 20 100
50 20 100
50 20 100
50 20 100
50 20 100
50 20 100
49 20 100
49 20 100
49 20 100
49 20 100
49 20 100
49 20 100
49 20 100
49 20 100
49 20 100
49 20 100
49 20 100
49 20 100
49 20 100
49 20 100
49 20 100
49 20 100
49 20 100
49 20 100
49 20 100
49 20 100
49 20 100
49 20 100
49 20 100
49 20 100
49 20 100
49 20 100
49 20 100
49 20 100
49 20 100
49 20 100
49 20 100
49 20 100
49 20 100
49 20 100
49 20 100
49 20 100
49 20 100
49 20 100
49 20 100
49 20 100
49 20 100
49 20 100
49 20 100
48 20 100
48 20 100
48 20 100
48 20 100
48 20 100
48 20 100
48 20 100
48 20 100
48 20 100
48 20 100
48 20 100
48 20 100
48 20 100
48 20 100
48 20 100
48 20 100
48 20 100
48 20 100
48 20 100
48 20 100
48 20 100
48 20 100
48 20 100
48 20 100
48 20 100
48 20 100
48 20 100
48 20 100
48 20 100
48 20 100
48 20 100
48 20 100
48 20 100
48 20 100
48 20 100
48 20 100
48 20 100
48 20 100
48 20 100
48 20 100
47 20 100
47 20 100
47 20 100
47 20 100
47 20 100
47 20 100
47 20 100
47 20 100
47 20 100
47 20 100
47 20 100
47 20 100
47 20 100
47 20 100
47 20 100
47 20 100
47 20 100
47 20 100
47 20 100
47 20 100
47 20 100
47 20 100
47 20 100
47 20 100
47 20 100
47 20 100
47 20 100
47 20 100
47 20 100
47 20 100
47 20 100
47 20 100
47 20 100
47 20 100
47 20 100
47 20 100
47 20 100
46 20 100
46 20 100
46 20 100
46 20 100
46 20 100
46 20 100
46 20 100
46 20 100
46 20 100
46 20 100
46 20 100
46 20 100
46 20 100
46 20 100
46 20 100
46 20 100
46 20 100
46 20 100
46 20 100
46 20 100
46 20 100
46 20 100
46 20 100
46 20 100
46 20 100
46 20 100
46 20 100
46 20 100
46 20 100
46 20 100
46 20 100
46 20 100
46 20 100
46 20 100
45 20 100
45 20 100
45 20 100
45 20 100
45 20 100
45 20 100
45 20 100
45 20 100
45 20 100
45 20 100
45 20 100
45 20 100
45 20 100
45 20 100
45 20 100
45 20 100
45 20 100
45 20 100
45 20 100
45 20 100
45 20 100
45 20 100
45 20 100
45 20 100
45 20 100
45 20 100
45 20 100
45 20 100
45 20 100
45 20 100
45 20 100
44 20 100
44 20 100
44 20 100
44 20 100
44 20 100
44 20 100
44 20 100
44 20 100
44 20 100
44 20 100
44 20 100
44 20 100
44 20 100
44 20 100
44 20 100
44 20 100
44 20 100
44 20 100
44 20 100
44 20 100
44 20 100
44 20 100
44 20 100
44 20 100
44 20 100
44 20 100
44 20 100
44 20 100
43 20 100
43 20 100
43 20 100
43 20 100
43 20 100
43 20 100
43 20 100
43 20 100
43 20 100
43 20 100
43 20 100
43 20 100
43 20 100
43 20 100
43 20 100
43 20 100
43 20 100
43 20 100
43 20 100
43 20 100
43 20 100
43 20 100
43 20 100
43 20 100
43 20 100
43 20 100
42 20 100
42 20 100
42 20 100
42 20 100
42 20 100
42 20 100
42 20 100
42 20 100
42 20 100
42 20 100
42 20 100
42 20 100
42 20 100
42 20 100
42 20 100
42 20 100
42 20 100
42 20 100
42 20 100
42 20 100
42 20 100
42 20 100
42 20 100
42 20 100
42 20 100
41 20 100
41 20 100
41 20 100
41 20 100
41 20 100
41 20 100
41 20 100
41 20 100
41 20 100
41 20 100
41 20 100
41 20 100
41 20 100
41 20 100
41 20 100
41 20 100
41 20 100
41 20 100
41 20 100
41 20 100
41 20 100
41 20 100
41 20 100
41 20 100
40 20 100
40 20 100
40 20 100
40 20 100
40 20 100
40 20 100
40 20 100
40 20 100
40 20 100
40 20 100
40 20 100
40 20 100
40 20 100
40 20 100
40 20 100
40 20 100
40 20 100
40 20 100
40 20 100
40 20 100
40 20 100
40 20 100
40 20 100
40 20 100
39 20 100
39 20 100
39 20 100
39 20 100
39 20 100
39 20 100
39 20 100
39 20 100
39 20 100
39 20 100
39 20 100
39 20 100
39 20 100
39 20 100
39 20 100
39 20 100
39 20 100
39 20 100
39 20 100
39 20 100
39 20 100
39 20 100
39 20 100
38 20 100
38 20 100
38 20 100
38 20 100
38 20 100
38 20 100
38 20 100
38 20 100
38 20 100
38 20 100
38 20 100
38 20 100
38 20 100
38 20 100
38 20 100
38 20 100
38 20 100
38 20 100
38 20 100
38 20 100
38 20 100
38 20 100
38 20 100
37 20 100
37 20 100
37 20 100
37 20 100
37 20 100
37 20 100
37 20 100
37 20 100
37 20 100
37 20 100
37 20 100
37 20 100
37 20 100
37 20 100
37 20 100
37 20 100
37 20 100
37 20 100
37 20 100
37 20 100
37 20 100
36 20 100
36 20 100
36 20 100
36 20 100
36 20 100
36 20 100
36 20 100
36 20 100
36 20 100
36 20 100
36 20 100
36 20 100
36 20 100
36 20 100
36 20 100
36 20 100
36 20 100
36 20 100
36 20 100
36 20 100
35 20 100
35 20 100
35 20 100
35 20 100
35 20 100
35 20 100
35 20 100
35 20 100
35 20 100
35 20 100
35 20 100
35 20 100
35 20 100
35 20 100
35 20 100
35 20 100
35 20 100
35 20 100
34 20 100
34 20 100
34 20 100
34 20 100
34 20 100
34 20 100
34 20 100
34 20 100
34 20 100
34 20 100
34 20 100
34 20 100
34 20 100
34 20 100
34 20 100
33 20 100
33 20 100
33 20 100
33 20 100
33 20 100
33 20 100
33 20 100
33 20 100
33 20 100
33 20 100
33 20 100
33 20 100
33 20 100
32 20 100
32 20 100
32 20 100
32 20 100
32 20 100
32 20 100
32 20 100
32 20 100
32 20 100
32 20 100
32 20 100
31 20 100
31 20 100
31 20 100
31 20 100
31 20 100
31 20 100
31 20 100
31 20 100
31 20 100
31 20 100
30 20 100
30 20 100
30 20 100
30 20 100
30 20 100
30 20 100
30 20 100
30 20 100
30 20 100
30 20 100
29 20 100
29 20 100
29 20 100
29 20 100
29 20 100
29 20 100
29 20 100
29 20 100
29 20 100
29 20 100
28 20 100
28 20 100
28 20 100
28 20 100
28 20 100
28 20 100
28 20 100
28 20 100
28 20 100
28 20 100
28 20 100
27 20 100
27 20 100
27 20 100
27 20 100
27 20 100
27 20 100
27 20 100
27 20 100
27 20 100
27 20 100
27 20 100
27 20 100
27 20 100
26 20 100
26 20 100
26 20 100
26 20 100
26 20 100
26 20 100
26 20 100
26 20 100
26 20 100
26 20 100
26 20 100
26 20 100
26 20 100
26 20 100
26 20 100
26 20 100
25 20 100
25 20 100
25 20 100
25 20 100
25 20 100
25 20 100
25 20 100
25 20 100
25 20 100
25 20 100
25 20 100
25 20 100
25 20 100
25 20 100
25 20 100
25 20 100
25 20 100
25 20 100
25 20 100
24 20 100
24 20 100
24 20 100
24 20 100
24 20 100
24 20 100
24 20 100
24 20 100
24 20 100
24 20 100
24 20 100
24 20 100
24 20 100
24 20 100
24 20 100
24 20 100
24 20 100
24 20 100
24 20 100
24 20 100
24 20 100
24 20 100
24 20 100
24 20 100
23 20 100
23 20 100
23 20 100
23 20 100
23 20 100
23 20 100
23 20 100
23 20 100
23 20 100
23 20 100
23 20 100
23 20 100
23 20 100
23 20 100
23 20 100
23 20 100
23 20 100
23 20 100
23 20 100
23 20 100
23 20 100
23 20 100
23 20 100
23 20 100
23 20 100
23 20 100
23 20 100
23 20 100
23 20 100
22 20 100
22 20 100
22 20 100
22 20 100
22 20 100
22 20 100
22 20 100
22 20 100
22 20 100
22 20 100
22 20 100
22 20 100
22 20 100
22 20 100
22 20 100
22 20 100
22 20 100
22 20 100
22 20 100
22 20 100
22 20 100
22 20 100
22 20 100
22 20 100
22 20 100
22 20 100
22 20 100
22 20 100
22 20 100
22 20 100
22 20 100
22 20 100
22 20 100
22 20 100
21 20 100
21 20 100
21 20 100
21 20 100
21 20 100
21 20 100
21 20 100
21 20 100
21 20 100
21 20 100
21 20 100
21 20 100
21 20 100
21 20 100
21 20 100
21 20 100
21 20 100
21 20 100
21 20 100
21 20 100
21 20 100
21 20 100
21 20 100
21 20 100
21 20 100
21 20 100
21 20 100
21 20 100
21 20 100
21 20 100
21 20 100
21 20 100
21 20 100
21 20 100
21 20 100
21 20 100
21 20 100
21 20 100
20 20 100
20 20 100
20 20 100
20 20 100
20 20 100
20 20 100
20 20 100
20 20 100
20 20 100
20 20 100
20 20 100
20 20 100
20 20 100
20 20 100
20 20 100
20 20 100
20 20 100
20 20 100
20 20 100
20 20 100
20 20 100
20 20 100
20 20 100
20 20 100
20 20 100
20 20 100
20 20 100
20 20 100
20 20 100
20 20 100
20 20 100
20 20 100
20 20 100
20 20 100
20 20 100
20 20 100
20 20 100
20 20 100
20 20 100
20 20 100
19 20 100
19 20 100
19 20 100
19 20 100
19 20 100
19 20 100
19 20 100
19 20 100
19 20 100
19 20 100
19 20 100
19 20 100
19 20 100
19 20 100
19 20 100
19 20 100
19 20 100
19 20 100
19 20 100
19 20 100
19 20 100
19 20 100
19 20 100
19 20 100
19 20 100
19 20 100
19 20 100
19 20 100
19 20 100
19 20 100
19 20 100
19 20 100
19 20 100
19 20 100
19 20 100
19 20 100
19 20 100
19 20 100
19 20 100
19 20 100
19 20 100
19 20 100
18 20 100
18 20 100
18 20 100
18 20 100
18 20 100
18 20 100
18 20 100
18 20 100
18 20 100
18 20 100
18 20 100
18 20 100
18 20 100
18 20 100
18 20 100
18 20 100
18 20 100
18 20 100
18 20 100
18 20 100
18 20 100
18 20 100
18 20 100
18 20 100
18 20 100
18 20 100
18 20 100
18 20 100
18 20 100
18 20 100
18 20 100
18 20 100
18 20 100
18 20 100
18 20 100
18 20 100
18 20 100
18 20 100
18 20 100
18 20 100
18 20 100
18 20 100
17 20 100
17 20 100
17 20 100
17 20 100
17 20 100
17 20 100
17 20 100
17 20 100
17 20 100
17 20 100
17 20 100
17 20 100
17 20 100
17 20 100
17 20 100
17 20 100
17 20 100
17 20 100
17 20 100
17 20 100
17 20 100
17 20 100
17 20 100
17 20 100
17 20 100
17 20 100
17 20 100
17 20 100
17 20 100
17 20 100
17 20 100
17 20 100
17 20 100
17 20 100
17 20 100
17 20 100
17 20 100
17 20 100
17 20 100
17 20 100
17 20 100
16 20 100
16 20 100
16 20 100
16 20 100
16 20 100
16 20 100
16 20 100
16 20 100
16 20 100
16 20 100
16 20 100
16 20 100
16 20 100
16 20 100
16 20 100
16 20 100
16 20 100
16 20 100
16 20 100
16 20 100
16 20 100
16 20 100
16 20 100
16 20 100
16 20 100
16 20 100
16 20 100
16 20 100
16 20 100
16 20 100
16 20 100
16 20 100
16 20 100
16 20 100
16 20 100
16 20 100
16 20 100
16 20 100
16 20 100
15 20 100
15 20 100
15 20 100
15 20 100
15 20 100
15 20 100
15 20 100
15 20 100
15 20 100
15 20 100
15 20 100
15 20 100
15 20 100
15 20 100
15 20 100
15 20 100
15 20 100
15 20 100
15 20 100
15 20 100
15 20 100
15 20 100
15 20 100
15 20 100
15 20 100
15 20 100
15 20 100
15 20 100
15 20 100
15 20 100
15 20 100
15 20 100
15 20 100
15 20 100
15 20 100
14 20 100
14 20 100
14 20 100
14 20 100
14 20 100
14 20 100
14 20 100
14 20 100
14 20 100
14 20 100
14 20 100
14 20 100
14 20 100
14 20 100
14 20 100
14 20 100
14 20 100
14 20 100
14 20 100
14 20 100
14 20 100
14 20 100
14 20 100
14 20 100
14 20 100
14 20 100
14 20 100
14 20 100
14 20 100
13 20 100
13 20 100
13 20 100
13 20 100
13 20 100
13 20 100
13 20 100
13 20 100
13 20 100
13 20 100
13 20 100
13 20 100
13 20 100
13 20 100
13 20 100
13 20 100
13 20 100
13 20 100
13 20 100
13 20 100
13 20 100
13 20 100
12 20 100
12 20 100
12 20 100
12 20 100
12 20 100
12 20 100
12 20 100
12 20 100
12 20 100
12 20 100
12 20 100
12 20 100
12 20 100
12 20 100
11 20 100
11 20 100
11 20 100
11 20 100
11 20 100
11 20 100
11 20 100
11 20 100
10 20 100
10 20 100
10 20 100
10 20 100
9 20 100
9 20 100
8 20 100
7 20 100
7 21 100
7 22 100
7 23 100
7 24 100
7 25 100
7 26 100
7 26 100
7 27 100
7 27 100
7 28 100
7 28 100
7 29 100
7 29 100
7 30 100
7 30 100
7 31 100
7 31 100
7 32 100
7 32 100
