# move from (179,35) to (3,29)
179 35 100
178 35 100
177 35 100
176 35 100
175 35 100
174 35 100
173 35 100
172 35 100
171 35 100
170 35 100
169 35 100
168 35 100
167 35 100
167 35 100
166 35 100
166 35 100
166 35 100
165 35 100
165 35 100
165 35 100
165 35 100
165 35 100
164 35 100
164 35 100
164 35 100
164 35 100
164 35 100
164 35 100
164 35 100
164 35 100
163 35 100
163 35 100
163 35 100
163 35 100
163 35 100
163 35 100
163 35 100
163 35 100
163 35 100
163 35 100
163 35 100
163 35 100
162 35 100
162 35 100
162 35 100
162 35 100
162 35 100
162 35 100
162 35 100
162 35 100
162 35 100
162 35 100
162 35 100
162 35 100
162 35 100
162 35 100
162 35 100
162 35 100
161 35 100
161 35 100
161 35 100
161 35 100
161 35 100
161 35 100
161 35 100
161 35 100
161 35 100
161 35 100
161 35 100
161 35 100
161 35 100
161 35 100
161 35 100
161 35 100
161 35 100
161 35 100
161 35 100
160 35 100
160 35 100
160 35 100
160 35 100
160 35 100
160 35 100
160 35 100
160 35 100
160 35 100
160 35 100
160 35 100
160 35 100
160 35 100
160 35 100
160 35 100
160 35 100
160 35 100
160 35 100
160 35 100
160 35 100
160 35 100
159 35 100
159 35 100
159 35 100
159 35 100
159 35 100
159 35 100
159 35 100
159 35 100
159 35 100
159 35 100
159 35 100
159 35 100
159 35 100
159 35 100
159 35 100
159 35 100
159 35 100
159 35 100
159 35 100
159 35 100
159 35 100
159 35 100
158 35 100
158 35 100
158 35 100
158 35 100
158 35 100
158 35 100
158 35 100
158 35 100
158 35 100
158 35 100
158 35 100
158 35 100
158 35 100
158 35 100
158 35 100
158 35 100
158 35 100
158 35 100
158 35 100
158 35 100
158 35 100
158 35 100
157 35 100
157 35 100
157 35 100
157 35 100
157 35 100
157 35 100
157 35 100
157 35 100
157 35 100
157 35 100
157 35 100
157 35 100
157 35 100
157 35 100
157 35 100
157 35 100
157 35 100
157 35 100
157 35 100
157 35 100
157 35 100
157 35 100
157 35 100
156 35 100
156 35 100
156 35 100
156 35 100
156 35 100
156 35 100
156 35 100
156 35 100
156 35 100
156 35 100
156 35 100
156 35 100
156 35 100
156 35 100
156 35 100
156 35 100
156 35 100
156 35 100
156 35 100
156 35 100
156 35 100
156 35 100
156 35 100
155 35 100
155 35 100
155 35 100
155 35 100
155 35 100
155 35 100
155 35 100
155 35 100
155 35 100
155 35 100
155 35 100
155 35 100
155 35 100
155 35 100
155 35 100
155 35 100
155 35 100
155 35 100
155 35 100
155 35 100
155 35 100
155 35 100
155 35 100
155 35 100
154 35 100
154 35 100
154 35 100
154 35 100
154 35 100
154 35 100
154 35 100
154 35 100
154 35 100
154 35 100
154 35 100
154 35 100
154 35 100
154 35 100
154 35 100
154 35 100
154 35 100
154 35 100
154 35 100
154 35 100
154 35 100
154 35 100
154 35 100
154 35 100
154 35 100
153 35 100
153 35 100
153 35 100
153 35 100
153 35 100
153 35 100
153 35 100
153 35 100
153 35 100
153 35 100
153 35 100
153 35 100
153 35 100
153 35 100
153 35 100
153 35 100
153 35 100
153 35 100
153 35 100
153 35 100
153 35 100
153 35 100
153 35 100
153 35 100
153 35 100
153 35 100
153 35 100
152 35 100
152 35 100
152 35 100
152 35 100
152 35 100
152 35 100
152 35 100
152 35 100
152 35 100
152 35 100
152 35 100
152 35 100
152 35 100
152 35 100
152 35 100
152 35 100
152 35 100
152 35 100
152 35 100
152 35 100
152 35 100
152 35 100
152 35 100
152 35 100
152 35 100
152 35 100
152 35 100
152 35 100
152 35 100
151 35 100
151 35 100
151 35 100
151 35 100
151 35 100
151 35 100
151 35 100
151 35 100
151 35 100
151 35 100
151 35 100
151 35 100
151 35 100
151 35 100
151 35 100
151 35 100
151 35 100
151 35 100
151 35 100
151 35 100
151 35 100
151 35 100
151 35 100
151 35 100
151 35 100
151 35 100
151 35 100
151 35 100
151 35 100
151 35 100
151 35 100
150 35 100
150 35 100
150 35 100
150 35 100
150 35 100
150 35 100
150 35 100
150 35 100
150 35 100
150 35 100
150 35 100
150 35 100
150 35 100
150 35 100
150 35 100
150 35 100
150 35 100
150 35 100
150 35 100
150 35 100
150 35 100
150 35 100
150 35 100
150 35 100
150 35 100
150 35 100
150 35 100
150 35 100
150 35 100
150 35 100
150 35 100
150 35 100
149 35 100
149 35 100
149 35 100
149 35 100
149 35 100
149 35 100
149 35 100
149 35 100
149 35 100
149 35 100
149 35 100
149 35 100
149 35 100
149 35 100
149 35 100
149 35 100
149 35 100
149 35 100
149 35 100
149 35 100
149 35 100
149 35 100
149 35 100
149 35 100
149 35 100
149 35 100
149 35 100
149 35 100
149 35 100
149 35 100
149 35 100
149 35 100
148 35 100
148 35 100
148 35 100
148 35 100
148 35 100
148 35 100
148 35 100
148 35 100
148 35 100
148 35 100
148 35 100
148 35 100
148 35 100
148 35 100
148 35 100
148 35 100
148 35 100
148 35 100
148 35 100
148 35 100
148 35 100
148 35 100
148 35 100
148 35 100
148 35 100
148 35 100
148 35 100
148 35 100
148 35 100
148 35 100
148 35 100
148 35 100
147 35 100
147 35 100
147 35 100
147 35 100
147 35 100
147 35 100
147 35 100
147 35 100
147 35 100
147 35 100
147 35 100
147 35 100
147 35 100
147 35 100
147 35 100
147 35 100
147 35 100
147 35 100
147 35 100
147 35 100
147 35 100
147 35 100
147 35 100
147 35 100
147 35 100
147 35 100
147 35 100
147 35 100
147 35 100
147 35 100
147 35 100
146 35 100
146 35 100
146 35 100
146 35 100
146 35 100
146 35 100
146 35 100
146 35 100
146 35 100
146 35 100
146 35 100
146 35 100
146 35 100
146 35 100
146 35 100
146 35 100
146 35 100
146 35 100
146 35 100
146 35 100
146 35 100
146 35 100
146 35 100
146 35 100
146 35 100
146 35 100
146 35 100
146 35 100
146 35 100
145 35 100
145 35 100
145 35 100
145 35 100
145 35 100
145 35 100
145 35 100
145 35 100
145 35 100
145 35 100
145 35 100
145 35 100
145 35 100
145 35 100
145 35 100
145 35 100
145 35 100
145 35 100
145 35 100
145 35 100
145 35 100
145 35 100
145 35 100
145 35 100
145 35 100
145 35 100
145 35 100
144 35 100
144 35 100
144 35 100
144 35 100
144 35 100
144 35 100
144 35 100
144 35 100
144 35 100
144 35 100
144 35 100
144 35 100
144 35 100
144 35 100
144 35 100
144 35 100
144 35 100
144 35 100
144 35 100
144 35 100
144 35 100
144 35 100
144 35 100
144 35 100
143 35 100
143 35 100
143 35 100
143 35 100
143 35 100
143 35 100
143 35 100
143 35 100
143 35 100
143 35 100
143 35 100
143 35 100
143 35 100
143 35 100
143 35 100
143 35 100
143 35 100
143 35 100
143 35 100
143 35 100
143 35 100
142 35 100
142 35 100
142 35 100
142 35 100
142 35 100
142 35 100
142 35 100
142 35 100
142 35 100
142 35 100
142 35 100
142 35 100
142 35 100
142 35 100
142 35 100
142 35 100
142 35 100
142 35 100
141 35 100
141 35 100
141 35 100
141 35 100
141 35 100
141 35 100
141 35 100
141 35 100
141 35 100
141 35 100
141 35 100
141 35 100
141 35 100
141 35 100
141 35 100
141 35 100
140 35 100
140 35 100
140 35 100
140 35 100
140 35 100
140 35 100
140 35 100
140 35 100
140 35 100
140 35 100
140 35 100
140 35 100
140 35 100
140 35 100
139 35 100
139 35 100
139 35 100
139 35 100
139 35 100
139 35 100
139 35 100
139 35 100
139 35 100
139 35 100
139 35 100
139 35 100
139 35 100
138 35 100
138 35 100
138 35 100
138 35 100
138 35 100
138 35 100
138 35 100
138 35 100
138 35 100
138 35 100
138 35 100
138 35 100
137 35 100
137 35 100
137 35 100
137 35 100
137 35 100
137 35 100
137 35 100
137 35 100
137 35 100
137 35 100
137 35 100
136 35 100
136 35 100
136 35 100
136 35 100
136 35 100
136 35 100
136 35 100
136 35 100
136 35 100
136 35 100
136 35 100
135 35 100
135 35 100
135 35 100
135 35 100
135 35 100
135 35 100
135 35 100
135 35 100
135 35 100
135 35 100
134 35 100
134 35 100
134 35 100
134 35 100
134 35 100
134 35 100
134 35 100
134 35 100
134 35 100
133 35 100
133 35 100
133 35 100
133 35 100
133 35 100
133 35 100
133 35 100
133 35 100
132 35 100
132 35 100
132 35 100
132 35 100
132 35 100
132 35 100
131 35 100
131 35 100
131 35 100
131 35 100
131 35 100
130 35 100
130 35 100
130 35 100
130 35 100
129 35 100
129 35 100
129 35 100
128 35 100
128 35 100
128 35 100
127 35 100
127 35 100
126 35 100
126 35 100
125 35 100
125 35 100
124 35 100
124 35 100
123 35 100
123 35 100
122 35 100
122 35 100
121 35 100
121 35 100
120 35 100
120 35 100
119 35 100
119 35 100
118 35 100
118 35 100
117 35 100
117 35 100
116 35 100
115 35 100
114 35 100
113 35 100
112 35 100
111 35 100
110 35 100
110 35 100
109 35 100
109 35 100
108 35 100
108 35 100
107 35 100
107 35 100
106 35 100
106 35 100
105 35 100
105 35 100
104 35 100
104 35 100
103 35 100
103 35 100
102 35 100
102 35 100
101 35 100
101 35 100
100 35 100
100 35 100
99 35 100
99 35 100
99 35 100
98 35 100
98 35 100
98 35 100
97 35 100
97 35 100
97 35 100
97 35 100
96 35 100
96 35 100
96 35 100
96 35 100
95 35 100
95 35 100
95 35 100
95 35 100
94 35 100
94 35 100
94 35 100
94 35 100
93 35 100
93 35 100
93 35 100
92 35 100
92 35 100
92 35 100
91 35 100
91 35 100
91 35 100
90 35 100
90 35 100
90 35 100
89 35 100
89 35 100
89 35 100
88 35 100
88 35 100
88 35 100
88 35 100
87 35 100
87 35 100
87 35 100
87 35 100
86 35 100
86 35 100
86 35 100
86 35 100
85 35 100
85 35 100
85 35 100
85 35 100
84 35 100
84 35 100
84 35 100
84 35 100
83 35 100
83 35 100
83 35 100
82 35 100
82 35 100
82 35 100
81 35 100
81 35 100
80 35 100
80 35 100
79 35 100
79 35 100
78 35 100
78 35 100
77 35 100
77 35 100
76 35 100
76 35 100
75 35 100
75 35 100
74 35 100
74 35 100
73 35 100
73 35 100
72 35 100
72 35 100
71 35 100
71 35 100
70 35 100
70 35 100
69 35 100
69 35 100
68 35 100
68 35 100
67 35 100
66 35 100
65 35 100
64 35 100
63 35 100
62 35 100
61 35 100
60 35 100
59 35 100
58 35 100
57 35 100
57 35 100
56 35 100
56 35 100
55 35 100
55 35 100
55 35 100
55 35 100
54 35 100
54 35 100
54 35 100
54 35 100
54 35 100
54 35 100
54 35 100
53 35 100
53 35 100
53 35 100
53 35 100
53 35 100
53 35 100
53 35 100
53 35 100
53 35 100
53 35 100
52 35 100
52 35 100
52 35 100
52 35 100
52 35 100
52 35 100
52 35 100
52 35 100
52 35 100
52 35 100
52 35 100
52 35 100
52 35 100
52 35 100
52 35 100
51 35 100
51 35 100
51 35 100
51 35 100
51 35 100
51 35 100
51 35 100
51 35 100
51 35 100
51 35 100
51 35 100
51 35 100
51 35 100
51 35 100
51 35 100
51 35 100
51 35 100
51 35 100
51 35 100
51 35 100
50 35 100
50 35 100
50 35 100
50 35 100
50 35 100
50 35 100
50 35 100
50 35 100
50 35 100
50 35 100
50 35 100
50 35 100
50 35 100
50 35 100
50 35 100
50 35 100
50 35 100
50 35 100
50 35 100
50 35 100
50 35 100
50 35 100
50 35 100
50 35 100
50 35 100
49 35 100
49 35 100
49 35 100
49 35 100
49 35 100
49 35 100
49 35 100
49 35 100
49 35 100
49 35 100
49 35 100
49 35 100
49 35 100
49 35 100
49 35 100
49 35 100
49 35 100
49 35 100
49 35 100
49 35 100
49 35 100
49 35 100
49 35 100
49 35 100
49 35 100
49 35 100
49 35 100
49 35 100
49 35 100
49 35 100
49 35 100
48 35 100
48 35 100
48 35 100
48 35 100
48 35 100
48 35 100
48 35 100
48 35 100
48 35 100
48 35 100
48 35 100
48 35 100
48 35 100
48 35 100
48 35 100
48 35 100
48 35 100
48 35 100
48 35 100
48 35 100
48 35 100
48 35 100
48 35 100
48 35 100
48 35 100
48 35 100
48 35 100
48 35 100
48 35 100
48 35 100
48 35 100
48 35 100
48 35 100
48 35 100
48 35 100
48 35 100
47 35 100
47 35 100
47 35 100
47 35 100
47 35 100
47 35 100
47 35 100
47 35 100
47 35 100
47 35 100
47 35 100
47 35 100
47 35 100
47 35 100
47 35 100
47 35 100
47 35 100
47 35 100
47 35 100
47 35 100
47 35 100
47 35 100
47 35 100
47 35 100
47 35 100
47 35 100
47 35 100
47 35 100
47 35 100
47 35 100
47 35 100
47 35 100
47 35 100
47 35 100
47 35 100
47 35 100
47 35 100
47 35 100
47 35 100
46 35 100
46 35 100
46 35 100
46 35 100
46 35 100
46 35 100
46 35 100
46 35 100
46 35 100
46 35 100
46 35 100
46 35 100
46 35 100
46 35 100
46 35 100
46 35 100
46 35 100
46 35 100
46 35 100
46 35 100
46 35 100
46 35 100
46 35 100
46 35 100
46 35 100
46 35 100
46 35 100
46 35 100
46 35 100
46 35 100
46 35 100
46 35 100
46 35 100
46 35 100
46 35 100
46 35 100
46 35 100
46 35 100
46 35 100
46 35 100
46 35 100
46 35 100
45 35 100
45 35 100
45 35 100
45 35 100
45 35 100
45 35 100
45 35 100
45 35 100
45 35 100
45 35 100
45 35 100
45 35 100
45 35 100
45 35 100
45 35 100
45 35 100
45 35 100
45 35 100
45 35 100
45 35 100
45 35 100
45 35 100
45 35 100
45 35 100
45 35 100
45 35 100
45 35 100
45 35 100
45 35 100
45 35 100
45 35 100
45 35 100
45 35 100
45 35 100
45 35 100
45 35 100
45 35 100
45 35 100
45 35 100
45 35 100
45 35 100
45 35 100
45 35 100
44 35 100
44 35 100
44 35 100
44 35 100
44 35 100
44 35 100
44 35 100
44 35 100
44 35 100
44 35 100
44 35 100
44 35 100
44 35 100
44 35 100
44 35 100
44 35 100
44 35 100
44 35 100
44 35 100
44 35 100
44 35 100
44 35 100
44 35 100
44 35 100
44 35 100
44 35 100
44 35 100
44 35 100
44 35 100
44 35 100
44 35 100
44 35 100
44 35 100
44 35 100
44 35 100
44 35 100
44 35 100
44 35 100
44 35 100
44 35 100
44 35 100
44 35 100
44 35 100
43 35 100
43 35 100
43 35 100
43 35 100
43 35 100
43 35 100
43 35 100
43 35 100
43 35 100
43 35 100
43 35 100
43 35 100
43 35 100
43 35 100
43 35 100
43 35 100
43 35 100
43 35 100
43 35 100
43 35 100
43 35 100
43 35 100
43 35 100
43 35 100
43 35 100
43 35 100
43 35 100
43 35 100
43 35 100
43 35 100
43 35 100
43 35 100
43 35 100
43 35 100
43 35 100
43 35 100
43 35 100
43 35 100
43 35 100
43 35 100
43 35 100
43 35 100
42 35 100
42 35 100
42 35 100
42 35 100
42 35 100
42 35 100
42 35 100
42 35 100
42 35 100
42 35 100
42 35 100
42 35 100
42 35 100
42 35 100
42 35 100
42 35 100
42 35 100
42 35 100
42 35 100
42 35 100
42 35 100
42 35 100
42 35 100
42 35 100
42 35 100
42 35 100
42 35 100
42 35 100
42 35 100
42 35 100
42 35 100
42 35 100
42 35 100
42 35 100
42 35 100
42 35 100
42 35 100
42 35 100
42 35 100
42 35 100
41 35 100
41 35 100
41 35 100
41 35 100
41 35 100
41 35 100
41 35 100
41 35 100
41 35 100
41 35 100
41 35 100
41 35 100
41 35 100
41 35 100
41 35 100
41 35 100
41 35 100
41 35 100
41 35 100
41 35 100
41 35 100
41 35 100
41 35 100
41 35 100
41 35 100
41 35 100
41 35 100
41 35 100
41 35 100
41 35 100
41 35 100
41 35 100
41 35 100
41 35 100
41 35 100
41 35 100
41 35 100
41 35 100
40 35 100
40 35 100
40 35 100
40 35 100
40 35 100
40 35 100
40 35 100
40 35 100
40 35 100
40 35 100
40 35 100
40 35 100
40 35 100
40 35 100
40 35 100
40 35 100
40 35 100
40 35 100
40 35 100
40 35 100
40 35 100
40 35 100
40 35 100
40 35 100
40 35 100
40 35 100
40 35 100
40 35 100
40 35 100
40 35 100
40 35 100
40 35 100
40 35 100
39 35 100
39 35 100
39 35 100
39 35 100
39 35 100
39 35 100
39 35 100
39 35 100
39 35 100
39 35 100
39 35 100
39 35 100
39 35 100
39 35 100
39 35 100
39 35 100
39 35 100
39 35 100
39 35 100
39 35 100
39 35 100
39 35 100
39 35 100
39 35 100
39 35 100
39 35 100
39 35 100
39 35 100
38 35 100
38 35 100
38 35 100
38 35 100
38 35 100
38 35 100
38 35 100
38 35 100
38 35 100
38 35 100
38 35 100
38 35 100
38 35 100
38 35 100
38 35 100
38 35 100
38 35 100
38 35 100
38 35 100
38 35 100
38 35 100
37 35 100
37 35 100
37 35 100
37 35 100
37 35 100
37 35 100
37 35 100
37 35 100
37 35 100
37 35 100
37 35 100
37 35 100
37 35 100
37 35 100
36 35 100
36 35 100
36 35 100
36 35 100
36 35 100
36 35 100
36 35 100
36 35 100
35 35 100
35 35 100
35 35 100
35 35 100
34 35 100
34 35 100
33 35 100
32 35 100
31 35 100
30 35 100
29 35 100
28 35 100
27 35 100
26 35 100
25 35 100
24 35 100
23 35 100
22 35 100
21 35 100
20 35 100
19 35 100
18 35 100
17 35 100
16 35 100
15 35 100
14 35 100
13 35 100
12 35 100
11 35 100
10 35 100
9 35 100
8 35 100
7 35 100
6 35 100
5 35 100
4 35 100
3 35 100
3 34 100
3 33 100
3 32 100
3 31 100
3 30 100
3 29 100
# move from (139,198) to (3,29)
139 198 100
138 198 100
137 198 100
136 198 100
135 198 100
135 198 100
134 198 100
134 198 100
133 198 100
133 198 100
133 198 100
132 198 100
132 198 100
132 198 100
131 198 100
131 198 100
131 198 100
131 198 100
130 198 100
130 198 100
130 198 100
130 198 100
129 198 100
129 198 100
129 198 100
129 198 100
128 198 100
128 198 100
128 198 100
127 198 100
127 198 100
126 198 100
125 198 100
124 198 100
123 198 100
122 198 100
121 198 100
120 198 100
119 198 100
118 198 100
117 198 100
116 198 100
115 198 100
114 198 100
113 198 100
112 198 100
111 198 100
110 198 100
109 198 100
109 198 100
108 198 100
107 198 100
106 198 100
105 198 100
104 198 100
103 198 100
102 198 100
101 198 100
100 198 100
99 198 100
98 198 100
97 198 100
96 198 100
95 198 100
94 198 100
93 198 100
92 198 100
91 198 100
90 198 100
89 198 100
88 198 100
87 198 100
86 198 100
85 198 100
84 198 100
83 198 100
82 198 100
81 198 100
80 198 100
80 198 100
79 198 100
79 198 100
78 198 100
78 198 100
78 198 100
77 198 100
77 198 100
77 198 100
76 198 100
76 198 100
76 198 100
76 198 100
75 198 100
75 198 100
75 198 100
75 198 100
75 198 100
74 198 100
74 198 100
74 198 100
74 198 100
74 198 100
74 198 100
73 198 100
73 198 100
73 198 100
73 198 100
73 198 100
73 198 100
73 198 100
72 198 100
72 198 100
72 198 100
72 198 100
72 198 100
72 198 100
72 198 100
72 198 100
72 198 100
71 198 100
71 198 100
71 198 100
71 198 100
71 198 100
71 198 100
71 198 100
71 198 100
71 198 100
71 198 100
71 198 100
70 198 100
70 198 100
70 198 100
70 198 100
70 198 100
70 198 100
70 198 100
70 198 100
70 198 100
70 198 100
70 198 100
70 198 100
70 198 100
70 198 100
70 198 100
69 198 100
69 198 100
69 198 100
69 198 100
69 198 100
69 198 100
69 198 100
69 198 100
69 198 100
69 198 100
69 198 100
69 198 100
69 198 100
69 198 100
69 198 100
69 198 100
69 198 100
69 198 100
69 198 100
68 198 100
68 198 100
68 198 100
68 198 100
68 198 100
68 198 100
68 198 100
68 198 100
68 198 100
68 198 100
68 198 100
68 198 100
68 198 100
68 198 100
68 198 100
68 198 100
68 198 100
68 198 100
68 198 100
68 198 100
68 198 100
68 198 100
68 198 100
67 198 100
67 198 100
67 198 100
67 198 100
67 198 100
67 198 100
67 198 100
67 198 100
67 198 100
67 198 100
67 198 100
67 198 100
67 198 100
67 198 100
67 198 100
67 198 100
67 198 100
67 198 100
67 198 100
67 198 100
67 198 100
67 198 100
67 198 100
67 198 100
67 198 100
67 198 100
67 198 100
66 198 100
66 198 100
66 198 100
66 198 100
66 198 100
66 198 100
66 198 100
66 198 100
66 198 100
66 198 100
66 198 100
66 198 100
66 198 100
66 198 100
66 198 100
66 198 100
66 198 100
66 198 100
66 198 100
66 198 100
66 198 100
66 198 100
66 198 100
66 198 100
66 198 100
66 198 100
66 198 100
66 198 100
66 198 100
66 198 100
65 198 100
65 198 100
65 198 100
65 198 100
65 198 100
65 198 100
65 198 100
65 198 100
65 198 100
65 198 100
65 198 100
65 198 100
65 198 100
65 198 100
65 198 100
65 198 100
65 198 100
65 198 100
65 198 100
65 198 100
65 198 100
65 198 100
65 198 100
65 198 100
65 198 100
65 198 100
65 198 100
65 198 100
65 198 100
65 198 100
65 198 100
65 198 100
65 198 100
64 198 100
64 198 100
64 198 100
64 198 100
64 198 100
64 198 100
64 198 100
64 198 100
64 198 100
64 198 100
64 198 100
64 198 100
64 198 100
64 198 100
64 198 100
64 198 100
64 198 100
64 198 100
64 198 100
64 198 100
64 198 100
64 198 100
64 198 100
64 198 100
64 198 100
64 198 100
64 198 100
64 198 100
64 198 100
64 198 100
64 198 100
64 198 100
64 198 100
64 198 100
64 198 100
63 198 100
63 198 100
63 198 100
63 198 100
63 198 100
63 198 100
63 198 100
63 198 100
63 198 100
63 198 100
63 198 100
63 198 100
63 198 100
63 198 100
63 198 100
63 198 100
63 198 100
63 198 100
63 198 100
63 198 100
63 198 100
63 198 100
63 198 100
63 198 100
63 198 100
63 198 100
63 198 100
63 198 100
63 198 100
63 198 100
63 198 100
63 198 100
63 198 100
63 198 100
63 198 100
63 198 100
62 198 100
62 198 100
62 198 100
62 198 100
62 198 100
62 198 100
62 198 100
62 198 100
62 198 100
62 198 100
62 198 100
62 198 100
62 198 100
62 198 100
62 198 100
62 198 100
62 198 100
62 198 100
62 198 100
62 198 100
62 198 100
62 198 100
62 198 100
62 198 100
62 198 100
62 198 100
62 198 100
62 198 100
62 198 100
62 198 100
62 198 100
62 198 100
62 198 100
62 198 100
62 198 100
62 198 100
61 198 100
61 198 100
61 198 100
61 198 100
61 198 100
61 198 100
61 198 100
61 198 100
61 198 100
61 198 100
61 198 100
61 198 100
61 198 100
61 198 100
61 198 100
61 198 100
61 198 100
61 198 100
61 198 100
61 198 100
61 198 100
61 198 100
61 198 100
61 198 100
61 198 100
61 198 100
61 198 100
61 198 100
61 198 100
61 198 100
61 198 100
61 198 100
61 198 100
61 198 100
60 198 100
60 198 100
60 198 100
60 198 100
60 198 100
60 198 100
60 198 100
60 198 100
60 198 100
60 198 100
60 198 100
60 198 100
60 198 100
60 198 100
60 198 100
60 198 100
60 198 100
60 198 100
60 198 100
60 198 100
60 198 100
60 198 100
60 198 100
60 198 100
60 198 100
60 198 100
60 198 100
60 198 100
60 198 100
60 198 100
60 198 100
60 198 100
59 198 100
59 198 100
59 198 100
59 198 100
59 198 100
59 198 100
59 198 100
59 198 100
59 198 100
59 198 100
59 198 100
59 198 100
59 198 100
59 198 100
59 198 100
59 198 100
59 198 100
59 198 100
59 198 100
59 198 100
59 198 100
59 198 100
59 198 100
59 198 100
59 198 100
59 198 100
59 198 100
59 198 100
59 198 100
59 198 100
58 198 100
58 198 100
58 198 100
58 198 100
58 198 100
58 198 100
58 198 100
58 198 100
58 198 100
58 198 100
58 198 100
58 198 100
58 198 100
58 198 100
58 198 100
58 198 100
58 198 100
58 198 100
58 198 100
58 198 100
58 198 100
58 198 100
58 198 100
58 198 100
58 198 100
58 198 100
58 198 100
57 198 100
57 198 100
57 198 100
57 198 100
57 198 100
57 198 100
57 198 100
57 198 100
57 198 100
57 198 100
57 198 100
57 198 100
57 198 100
57 198 100
57 198 100
57 198 100
57 198 100
57 198 100
57 198 100
57 198 100
57 198 100
57 198 100
57 198 100
57 198 100
57 198 100
56 198 100
56 198 100
56 198 100
56 198 100
56 198 100
56 198 100
56 198 100
56 198 100
56 198 100
56 198 100
56 198 100
56 198 100
56 198 100
56 198 100
56 198 100
56 198 100
56 198 100
56 198 100
56 198 100
56 198 100
56 198 100
56 198 100
55 198 100
55 198 100
55 198 100
55 198 100
55 198 100
55 198 100
55 198 100
55 198 100
55 198 100
55 198 100
55 198 100
55 198 100
55 198 100
55 198 100
55 198 100
55 198 100
55 198 100
55 198 100
55 198 100
55 198 100
54 198 100
54 198 100
54 198 100
54 198 100
54 198 100
54 198 100
54 198 100
54 198 100
54 198 100
54 198 100
54 198 100
54 198 100
54 198 100
54 198 100
54 198 100
54 198 100
54 198 100
54 198 100
53 198 100
53 198 100
53 198 100
53 198 100
53 198 100
53 198 100
53 198 100
53 198 100
53 198 100
53 198 100
53 198 100
53 198 100
53 198 100
53 198 100
53 198 100
52 198 100
52 198 100
52 198 100
52 198 100
52 198 100
52 198 100
52 198 100
52 198 100
52 198 100
52 198 100
52 198 100
52 198 100
52 198 100
51 198 100
51 198 100
51 198 100
51 198 100
51 198 100
51 198 100
51 198 100
51 198 100
51 198 100
51 198 100
51 198 100
50 198 100
50 198 100
50 198 100
50 198 100
50 198 100
50 198 100
50 198 100
50 198 100
50 198 100
49 198 100
49 198 100
49 198 100
49 198 100
49 198 100
49 198 100
49 198 100
48 198 100
48 198 100
48 198 100
48 198 100
48 198 100
47 198 100
47 198 100
47 198 100
47 198 100
46 198 100
46 198 100
45 198 100
45 198 100
44 198 100
43 198 100
42 198 100
41 198 100
40 198 100
40 198 100
39 198 100
39 198 100
38 198 100
38 198 100
38 198 100
37 198 100
37 198 100
37 198 100
37 198 100
36 198 100
36 198 100
36 198 100
36 198 100
36 198 100
36 198 100
35 198 100
35 198 100
35 198 100
35 198 100
35 198 100
35 198 100
35 198 100
34 198 100
34 198 100
34 198 100
34 198 100
34 198 100
34 198 100
34 198 100
34 198 100
34 198 100
33 198 100
33 198 100
33 198 100
33 198 100
33 198 100
33 198 100
33 198 100
33 198 100
33 198 100
33 198 100
32 198 100
32 198 100
32 198 100
32 198 100
32 198 100
32 198 100
32 198 100
32 198 100
32 198 100
32 198 100
31 198 100
31 198 100
31 198 100
31 198 100
31 198 100
31 198 100
31 198 100
31 198 100
31 198 100
31 198 100
30 198 100
30 198 100
30 198 100
30 198 100
30 198 100
30 198 100
30 198 100
30 198 100
30 198 100
30 198 100
29 198 100
29 198 100
29 198 100
29 198 100
29 198 100
29 198 100
29 198 100
29 198 100
29 198 100
28 198 100
28 198 100
28 198 100
28 198 100
28 198 100
28 198 100
28 198 100
28 198 100
27 198 100
27 198 100
27 198 100
27 198 100
27 198 100
27 198 100
27 198 100
26 198 100
26 198 100
26 198 100
26 198 100
26 198 100
26 198 100
25 198 100
25 198 100
25 198 100
25 198 100
25 198 100
25 198 100
24 198 100
24 198 100
24 198 100
24 198 100
24 198 100
23 198 100
23 198 100
23 198 100
23 198 100
23 198 100
22 198 100
22 198 100
22 198 100
22 198 100
21 198 100
21 198 100
21 198 100
21 198 100
20 198 100
20 198 100
20 198 100
19 198 100
19 198 100
19 198 100
18 198 100
18 198 100
17 198 100
17 198 100
16 198 100
15 198 100
14 198 100
13 198 100
12 198 100
11 198 100
10 198 100
9 198 100
8 198 100
8 198 100
7 198 100
7 198 100
6 198 100
6 198 100
6 198 100
5 198 100
5 198 100
5 198 100
4 198 100
4 198 100
4 198 100
3 198 100
3 198 100
3 198 100
3 198 100
3 197 100
3 197 100
3 197 100
3 196 100
3 196 100
3 196 100
3 195 100
3 195 100
3 194 100
3 194 100
3 193 100
3 192 100
3 191 100
3 190 100
3 189 100
3 188 100
3 187 100
3 186 100
3 185 100
3 184 100
3 183 100
3 182 100
3 181 100
3 180 100
3 180 100
3 179 100
3 179 100
3 178 100
3 178 100
3 178 100
3 177 100
3 177 100
3 177 100
3 176 100
3 176 100
3 176 100
3 176 100
3 175 100
3 175 100
3 175 100
3 175 100
3 174 100
3 174 100
3 174 100
3 174 100
3 174 100
3 174 100
3 173 100
3 173 100
3 173 100
3 173 100
3 173 100
3 173 100
3 173 100
3 172 100
3 172 100
3 172 100
3 172 100
3 172 100
3 172 100
3 172 100
3 172 100
3 172 100
3 171 100
3 171 100
3 171 100
3 171 100
3 171 100
3 171 100
3 171 100
3 171 100
3 171 100
3 171 100
3 171 100
3 170 100
3 170 100
3 170 100
3 170 100
3 170 100
3 170 100
3 170 100
3 170 100
3 170 100
3 170 100
3 170 100
3 170 100
3 170 100
3 169 100
3 169 100
3 169 100
3 169 100
3 169 100
3 169 100
3 169 100
3 169 100
3 169 100
3 169 100
3 169 100
3 169 100
3 169 100
3 168 100
3 168 100
3 168 100
3 168 100
3 168 100
3 168 100
3 168 100
3 168 100
3 168 100
3 168 100
3 168 100
3 168 100
3 168 100
3 167 100
3 167 100
3 167 100
3 167 100
3 167 100
3 167 100
3 167 100
3 167 100
3 167 100
3 167 100
3 167 100
3 166 100
3 166 100
3 166 100
3 166 100
3 166 100
3 166 100
3 166 100
3 166 100
3 165 100
3 165 100
3 165 100
3 165 100
3 165 100
3 164 100
3 164 100
3 164 100
3 163 100
3 163 100
3 162 100
3 161 100
3 160 100
3 159 100
3 158 100
3 157 100
3 156 100
3 155 100
3 154 100
3 153 100
3 152 100
3 151 100
3 150 100
3 149 100
3 148 100
3 147 100
3 146 100
3 145 100
3 144 100
3 143 100
3 142 100
3 141 100
3 141 100
3 140 100
3 140 100
3 139 100
3 139 100
3 139 100
3 138 100
3 138 100
3 138 100
3 138 100
3 137 100
3 137 100
3 137 100
3 137 100
3 137 100
3 136 100
3 136 100
3 136 100
3 136 100
3 136 100
3 135 100
3 135 100
3 135 100
3 135 100
3 135 100
3 134 100
3 134 100
3 134 100
3 134 100
3 134 100
3 133 100
3 133 100
3 133 100
3 133 100
3 132 100
3 132 100
3 132 100
3 131 100
3 131 100
3 130 100
3 129 100
3 128 100
3 127 100
3 126 100
3 125 100
3 124 100
3 123 100
3 122 100
3 121 100
3 120 100
3 119 100
3 118 100
3 117 100
3 116 100
3 115 100
3 114 100
3 113 100
3 112 100
3 111 100
3 111 100
3 110 100
3 110 100
3 109 100
3 109 100
3 109 100
3 109 100
3 108 100
3 108 100
3 108 100
3 108 100
3 108 100
3 108 100
3 107 100
3 107 100
3 107 100
3 107 100
3 107 100
3 107 100
3 107 100
3 106 100
3 106 100
3 106 100
3 106 100
3 106 100
3 106 100
3 106 100
3 106 100
3 105 100
3 105 100
3 105 100
3 105 100
3 105 100
3 105 100
3 105 100
3 105 100
3 105 100
3 104 100
3 104 100
3 104 100
3 104 100
3 104 100
3 104 100
3 104 100
3 104 100
3 103 100
3 103 100
3 103 100
3 103 100
3 103 100
3 103 100
3 103 100
3 102 100
3 102 100
3 102 100
3 102 100
3 102 100
3 102 100
3 101 100
3 101 100
3 101 100
3 101 100
3 101 100
3 100 100
3 100 100
3 100 100
3 100 100
3 99 100
3 99 100
3 99 100
3 99 100
3 98 100
3 98 100
3 98 100
3 97 100
3 97 100
3 97 100
3 96 100
3 96 100
3 96 100
3 95 100
3 95 100
3 95 100
3 94 100
3 94 100
3 94 100
3 93 100
3 93 100
3 93 100
3 92 100
3 92 100
3 92 100
3 91 100
3 91 100
3 91 100
3 91 100
3 90 100
3 90 100
3 90 100
3 90 100
3 89 100
3 89 100
3 89 100
3 89 100
3 89 100
3 88 100
3 88 100
3 88 100
3 88 100
3 88 100
3 88 100
3 87 100
3 87 100
3 87 100
3 87 100
3 87 100
3 87 100
3 87 100
3 86 100
3 86 100
3 86 100
3 86 100
3 86 100
3 86 100
3 86 100
3 86 100
3 85 100
3 85 100
3 85 100
3 85 100
3 85 100
3 85 100
3 85 100
3 85 100
3 84 100
3 84 100
3 84 100
3 84 100
3 84 100
3 84 100
3 84 100
3 84 100
3 84 100
3 83 100
3 83 100
3 83 100
3 83 100
3 83 100
3 83 100
3 83 100
3 83 100
3 83 100
3 83 100
3 82 100
3 82 100
3 82 100
3 82 100
3 82 100
3 82 100
3 82 100
3 82 100
3 82 100
3 82 100
3 82 100
3 82 100
3 81 100
3 81 100
3 81 100
3 81 100
3 81 100
3 81 100
3 81 100
3 81 100
3 81 100
3 81 100
3 81 100
3 81 100
3 81 100
3 80 100
3 80 100
3 80 100
3 80 100
3 80 100
3 80 100
3 80 100
3 80 100
3 80 100
3 80 100
3 80 100
3 80 100
3 80 100
3 80 100
3 79 100
3 79 100
3 79 100
3 79 100
3 79 100
3 79 100
3 79 100
3 79 100
3 79 100
3 79 100
3 79 100
3 79 100
3 79 100
3 79 100
3 79 100
3 78 100
3 78 100
3 78 100
3 78 100
3 78 100
3 78 100
3 78 100
3 78 100
3 78 100
3 78 100
3 78 100
3 78 100
3 78 100
3 78 100
3 78 100
3 78 100
3 77 100
3 77 100
3 77 100
3 77 100
3 77 100
3 77 100
3 77 100
3 77 100
3 77 100
3 77 100
3 77 100
3 77 100
3 77 100
3 77 100
3 77 100
3 77 100
3 77 100
3 77 100
3 76 100
3 76 100
3 76 100
3 76 100
3 76 100
3 76 100
3 76 100
3 76 100
3 76 100
3 76 100
3 76 100
3 76 100
3 76 100
3 76 100
3 76 100
3 76 100
3 76 100
3 76 100
3 75 100
3 75 100
3 75 100
3 75 100
3 75 100
3 75 100
3 75 100
3 75 100
3 75 100
3 75 100
3 75 100
3 75 100
3 75 100
3 75 100
3 75 100
3 75 100
3 75 100
3 75 100
3 74 100
3 74 100
3 74 100
3 74 100
3 74 100
3 74 100
3 74 100
3 74 100
3 74 100
3 74 100
3 74 100
3 74 100
3 74 100
3 74 100
3 74 100
3 74 100
3 74 100
3 73 100
3 73 100
3 73 100
3 73 100
3 73 100
3 73 100
3 73 100
3 73 100
3 73 100
3 73 100
3 73 100
3 73 100
3 73 100
3 73 100
3 73 100
3 72 100
3 72 100
3 72 100
3 72 100
3 72 100
3 72 100
3 72 100
3 72 100
3 72 100
3 72 100
3 72 100
3 72 100
3 72 100
3 71 100
3 71 100
3 71 100
3 71 100
3 71 100
3 71 100
3 71 100
3 71 100
3 71 100
3 71 100
3 70 100
3 70 100
3 70 100
3 70 100
3 70 100
3 70 100
3 70 100
3 70 100
3 69 100
3 69 100
3 69 100
3 69 100
3 69 100
3 69 100
3 68 100
3 68 100
3 68 100
3 68 100
3 68 100
3 68 100
3 67 100
3 67 100
3 67 100
3 67 100
3 67 100
3 66 100
3 66 100
3 66 100
3 66 100
3 66 100
3 66 100
3 65 100
3 65 100
3 65 100
3 65 100
3 65 100
3 65 100
3 65 100
3 64 100
3 64 100
3 64 100
3 64 100
3 64 100
3 64 100
3 64 100
3 64 100
3 64 100
3 63 100
3 63 100
3 63 100
3 63 100
3 63 100
3 63 100
3 63 100
3 63 100
3 63 100
3 63 100
3 63 100
3 62 100
3 62 100
3 62 100
3 62 100
3 62 100
3 62 100
3 62 100
3 62 100
3 62 100
3 62 100
3 62 100
3 62 100
3 62 100
3 61 100
3 61 100
3 61 100
3 61 100
3 61 100
3 61 100
3 61 100
3 61 100
3 61 100
3 61 100
3 61 100
3 61 100
3 61 100
3 61 100
3 61 100
3 61 100
3 60 100
3 60 100
3 60 100
3 60 100
3 60 100
3 60 100
3 60 100
3 60 100
3 60 100
3 60 100
3 60 100
3 60 100
3 60 100
3 60 100
3 60 100
3 60 100
3 60 100
3 59 100
3 59 100
3 59 100
3 59 100
3 59 100
3 59 100
3 59 100
3 59 100
3 59 100
3 59 100
3 59 100
3 59 100
3 59 100
3 59 100
3 59 100
3 59 100
3 59 100
3 59 100
3 59 100
3 58 100
3 58 100
3 58 100
3 58 100
3 58 100
3 58 100
3 58 100
3 58 100
3 58 100
3 58 100
3 58 100
3 58 100
3 58 100
3 58 100
3 58 100
3 58 100
3 58 100
3 58 100
3 58 100
3 58 100
3 57 100
3 57 100
3 57 100
3 57 100
3 57 100
3 57 100
3 57 100
3 57 100
3 57 100
3 57 100
3 57 100
3 57 100
3 57 100
3 57 100
3 57 100
3 57 100
3 57 100
3 57 100
3 57 100
3 57 100
3 57 100
3 56 100
3 56 100
3 56 100
3 56 100
3 56 100
3 56 100
3 56 100
3 56 100
3 56 100
3 56 100
3 56 100
3 56 100
3 56 100
3 56 100
3 56 100
3 56 100
3 56 100
3 56 100
3 56 100
3 56 100
3 56 100
3 56 100
3 55 100
3 55 100
3 55 100
3 55 100
3 55 100
3 55 100
3 55 100
3 55 100
3 55 100
3 55 100
3 55 100
3 55 100
3 55 100
3 55 100
3 55 100
3 55 100
3 55 100
3 55 100
3 55 100
3 55 100
3 55 100
3 55 100
3 55 100
3 54 100
3 54 100
3 54 100
3 54 100
3 54 100
3 54 100
3 54 100
3 54 100
3 54 100
3 54 100
3 54 100
3 54 100
3 54 100
3 54 100
3 54 100
3 54 100
3 54 100
3 54 100
3 54 100
3 54 100
3 54 100
3 54 100
3 54 100
3 54 100
3 54 100
3 53 100
3 53 100
3 53 100
3 53 100
3 53 100
3 53 100
3 53 100
3 53 100
3 53 100
3 53 100
3 53 100
3 53 100
3 53 100
3 53 100
3 53 100
3 53 100
3 53 100
3 53 100
3 53 100
3 53 100
3 53 100
3 53 100
3 53 100
3 53 100
3 53 100
3 53 100
3 53 100
3 52 100
3 52 100
3 52 100
3 52 100
3 52 100
3 52 100
3 52 100
3 52 100
3 52 100
3 52 100
3 52 100
3 52 100
3 52 100
3 52 100
3 52 100
3 52 100
3 52 100
3 52 100
3 52 100
3 52 100
3 52 100
3 52 100
3 52 100
3 52 100
3 52 100
3 52 100
3 52 100
3 52 100
3 51 100
3 51 100
3 51 100
3 51 100
3 51 100
3 51 100
3 51 100
3 51 100
3 51 100
3 51 100
3 51 100
3 51 100
3 51 100
3 51 100
3 51 100
3 51 100
3 51 100
3 51 100
3 51 100
3 51 100
3 51 100
3 51 100
3 51 100
3 51 100
3 51 100
3 51 100
3 51 100
3 51 100
3 50 100
3 50 100
3 50 100
3 50 100
3 50 100
3 50 100
3 50 100
3 50 100
3 50 100
3 50 100
3 50 100
3 50 100
3 50 100
3 50 100
3 50 100
3 50 100
3 50 100
3 50 100
3 50 100
3 50 100
3 50 100
3 50 100
3 50 100
3 50 100
3 50 100
3 50 100
3 50 100
3 49 100
3 49 100
3 49 100
3 49 100
3 49 100
3 49 100
3 49 100
3 49 100
3 49 100
3 49 100
3 49 100
3 49 100
3 49 100
3 49 100
3 49 100
3 49 100
3 49 100
3 49 100
3 49 100
3 49 100
3 49 100
3 49 100
3 49 100
3 49 100
3 49 100
3 48 100
3 48 100
3 48 100
3 48 100
3 48 100
3 48 100
3 48 100
3 48 100
3 48 100
3 48 100
3 48 100
3 48 100
3 48 100
3 48 100
3 48 100
3 48 100
3 48 100
3 48 100
3 48 100
3 48 100
3 48 100
3 48 100
3 47 100
3 47 100
3 47 100
3 47 100
3 47 100
3 47 100
3 47 100
3 47 100
3 47 100
3 47 100
3 47 100
3 47 100
3 47 100
3 47 100
3 47 100
3 47 100
3 47 100
3 47 100
3 46 100
3 46 100
3 46 100
3 46 100
3 46 100
3 46 100
3 46 100
3 46 100
3 46 100
3 46 100
3 46 100
3 46 100
3 46 100
3 46 100
3 45 100
3 45 100
3 45 100
3 45 100
3 45 100
3 45 100
3 45 100
3 45 100
3 45 100
3 45 100
3 44 100
3 44 100
3 44 100
3 44 100
3 44 100
3 44 100
3 44 100
3 43 100
3 43 100
3 43 100
3 43 100
3 42 100
3 42 100
3 42 100
3 41 100
3 41 100
3 40 100
3 39 100
3 38 100
3 37 100
3 36 100
# move from (87,22) to (3,29)
87 22 100
86 22 100
85 22 100
84 22 100
83 22 100
82 22 100
81 22 100
80 22 100
79 22 100
78 22 100
77 22 100
76 22 100
75 22 100
75 22 100
74 22 100
74 22 100
74 22 100
73 22 100
73 22 100
73 22 100
73 22 100
72 22 100
72 22 100
72 22 100
72 22 100
72 22 100
72 22 100
71 22 100
71 22 100
71 22 100
71 22 100
71 22 100
71 22 100
71 22 100
71 22 100
70 22 100
70 22 100
70 22 100
70 22 100
70 22 100
70 22 100
70 22 100
70 22 100
70 22 100
70 22 100
69 22 100
69 22 100
69 22 100
69 22 100
69 22 100
69 22 100
69 22 100
69 22 100
69 22 100
69 22 100
69 22 100
68 22 100
68 22 100
68 22 100
68 22 100
68 22 100
68 22 100
68 22 100
68 22 100
68 22 100
68 22 100
68 22 100
67 22 100
67 22 100
67 22 100
67 22 100
67 22 100
67 22 100
67 22 100
67 22 100
67 22 100
66 22 100
66 22 100
66 22 100
66 22 100
66 22 100
66 22 100
66 22 100
66 22 100
65 22 100
65 22 100
65 22 100
65 22 100
65 22 100
65 22 100
64 22 100
64 22 100
64 22 100
64 22 100
64 22 100
63 22 100
63 22 100
63 22 100
62 22 100
62 22 100
62 22 100
61 22 100
61 22 100
60 22 100
60 22 100
59 22 100
59 22 100
58 22 100
57 22 100
56 22 100
55 22 100
54 22 100
53 22 100
52 22 100
51 22 100
50 22 100
49 22 100
48 22 100
48 22 100
47 22 100
47 22 100
46 22 100
46 22 100
46 22 100
45 22 100
45 22 100
45 22 100
45 22 100
44 22 100
44 22 100
44 22 100
44 22 100
44 22 100
44 22 100
43 22 100
43 22 100
43 22 100
43 22 100
43 22 100
43 22 100
43 22 100
43 22 100
43 22 100
42 22 100
42 22 100
42 22 100
42 22 100
42 22 100
42 22 100
42 22 100
42 22 100
42 22 100
42 22 100
42 22 100
42 22 100
42 22 100
42 22 100
41 22 100
41 22 100
41 22 100
41 22 100
41 22 100
41 22 100
41 22 100
41 22 100
41 22 100
41 22 100
41 22 100
41 22 100
41 22 100
41 22 100
41 22 100
41 22 100
41 22 100
41 22 100
41 22 100
40 22 100
40 22 100
40 22 100
40 22 100
40 22 100
40 22 100
40 22 100
40 22 100
40 22 100
40 22 100
40 22 100
40 22 100
40 22 100
40 22 100
40 22 100
40 22 100
40 22 100
40 22 100
40 22 100
40 22 100
40 22 100
40 22 100
40 22 100
40 22 100
39 22 100
39 22 100
39 22 100
39 22 100
39 22 100
39 22 100
39 22 100
39 22 100
39 22 100
39 22 100
39 22 100
39 22 100
39 22 100
39 22 100
39 22 100
39 22 100
39 22 100
39 22 100
39 22 100
39 22 100
39 22 100
39 22 100
39 22 100
39 22 100
39 22 100
39 22 100
39 22 100
39 22 100
38 22 100
38 22 100
38 22 100
38 22 100
38 22 100
38 22 100
38 22 100
38 22 100
38 22 100
38 22 100
38 22 100
38 22 100
38 22 100
38 22 100
38 22 100
38 22 100
38 22 100
38 22 100
38 22 100
38 22 100
38 22 100
38 22 100
38 22 100
38 22 100
38 22 100
38 22 100
38 22 100
38 22 100
38 22 100
38 22 100
38 22 100
37 22 100
37 22 100
37 22 100
37 22 100
37 22 100
37 22 100
37 22 100
37 22 100
37 22 100
37 22 100
37 22 100
37 22 100
37 22 100
37 22 100
37 22 100
37 22 100
37 22 100
37 22 100
37 22 100
37 22 100
37 22 100
37 22 100
37 22 100
37 22 100
37 22 100
37 22 100
37 22 100
37 22 100
37 22 100
37 22 100
37 22 100
37 22 100
37 22 100
36 22 100
36 22 100
36 22 100
36 22 100
36 22 100
36 22 100
36 22 100
36 22 100
36 22 100
36 22 100
36 22 100
36 22 100
36 22 100
36 22 100
36 22 100
36 22 100
36 22 100
36 22 100
36 22 100
36 22 100
36 22 100
36 22 100
36 22 100
36 22 100
36 22 100
36 22 100
36 22 100
36 22 100
36 22 100
36 22 100
36 22 100
36 22 100
36 22 100
35 22 100
35 22 100
35 22 100
35 22 100
35 22 100
35 22 100
35 22 100
35 22 100
35 22 100
35 22 100
35 22 100
35 22 100
35 22 100
35 22 100
35 22 100
35 22 100
35 22 100
35 22 100
35 22 100
35 22 100
35 22 100
35 22 100
35 22 100
35 22 100
35 22 100
35 22 100
35 22 100
35 22 100
35 22 100
35 22 100
35 22 100
35 22 100
34 22 100
34 22 100
34 22 100
34 22 100
34 22 100
34 22 100
34 22 100
34 22 100
34 22 100
34 22 100
34 22 100
34 22 100
34 22 100
34 22 100
34 22 100
34 22 100
34 22 100
34 22 100
34 22 100
34 22 100
34 22 100
34 22 100
34 22 100
34 22 100
34 22 100
34 22 100
34 22 100
34 22 100
34 22 100
34 22 100
33 22 100
33 22 100
33 22 100
33 22 100
33 22 100
33 22 100
33 22 100
33 22 100
33 22 100
33 22 100
33 22 100
33 22 100
33 22 100
33 22 100
33 22 100
33 22 100
33 22 100
33 22 100
33 22 100
33 22 100
33 22 100
33 22 100
33 22 100
33 22 100
33 22 100
33 22 100
32 22 100
32 22 100
32 22 100
32 22 100
32 22 100
32 22 100
32 22 100
32 22 100
32 22 100
32 22 100
32 22 100
32 22 100
32 22 100
32 22 100
32 22 100
32 22 100
32 22 100
32 22 100
32 22 100
32 22 100
32 22 100
32 22 100
32 22 100
31 22 100
31 22 100
31 22 100
31 22 100
31 22 100
31 22 100
31 22 100
31 22 100
31 22 100
31 22 100
31 22 100
31 22 100
31 22 100
31 22 100
31 22 100
31 22 100
31 22 100
31 22 100
31 22 100
30 22 100
30 22 100
30 22 100
30 22 100
30 22 100
30 22 100
30 22 100
30 22 100
30 22 100
30 22 100
30 22 100
30 22 100
30 22 100
30 22 100
30 22 100
30 22 100
29 22 100
29 22 100
29 22 100
29 22 100
29 22 100
29 22 100
29 22 100
29 22 100
29 22 100
29 22 100
29 22 100
29 22 100
29 22 100
28 22 100
28 22 100
28 22 100
28 22 100
28 22 100
28 22 100
28 22 100
28 22 100
28 22 100
28 22 100
28 22 100
27 22 100
27 22 100
27 22 100
27 22 100
27 22 100
27 22 100
27 22 100
27 22 100
26 22 100
26 22 100
26 22 100
26 22 100
26 22 100
26 22 100
25 22 100
25 22 100
25 22 100
25 22 100
24 22 100
24 22 100
24 22 100
23 22 100
23 22 100
22 22 100
21 22 100
20 22 100
19 22 100
18 22 100
17 22 100
16 22 100
15 22 100
14 22 100
13 22 100
12 22 100
11 22 100
11 22 100
10 22 100
10 22 100
9 22 100
9 22 100
9 22 100
8 22 100
8 22 100
8 22 100
7 22 100
7 22 100
7 22 100
6 22 100
6 22 100
6 22 100
6 22 100
5 22 100
5 22 100
5 22 100
5 22 100
4 22 100
4 22 100
4 22 100
4 22 100
3 22 100
3 22 100
3 22 100
3 23 100
3 23 100
3 24 100
3 24 100
3 25 100
3 26 100
3 27 100
3 28 100
# move from (0,187) to (3,29)
0 187 100
1 187 100
2 187 100
# move from (76,77) to (3,29)
76 77 100
75 77 100
74 77 100
73 77 100
72 77 100
71 77 100
70 77 100
69 77 100
68 77 100
68 77 100
67 77 100
67 77 100
66 77 100
66 77 100
66 77 100
65 77 100
65 77 100
65 77 100
64 77 100
64 77 100
64 77 100
63 77 100
63 77 100
63 77 100
63 77 100
62 77 100
62 77 100
62 77 100
62 77 100
61 77 100
61 77 100
61 77 100
61 77 100
60 77 100
60 77 100
60 77 100
60 77 100
59 77 100
59 77 100
59 77 100
59 77 100
58 77 100
58 77 100
58 77 100
58 77 100
57 77 100
57 77 100
57 77 100
56 77 100
56 77 100
56 77 100
55 77 100
55 77 100
55 77 100
54 77 100
54 77 100
54 77 100
53 77 100
53 77 100
53 77 100
52 77 100
52 77 100
52 77 100
51 77 100
51 77 100
51 77 100
51 77 100
50 77 100
50 77 100
50 77 100
50 77 100
49 77 100
49 77 100
49 77 100
49 77 100
49 77 100
49 77 100
48 77 100
48 77 100
48 77 100
48 77 100
48 77 100
48 77 100
48 77 100
48 77 100
47 77 100
47 77 100
47 77 100
47 77 100
47 77 100
47 77 100
47 77 100
47 77 100
47 77 100
47 77 100
46 77 100
46 77 100
46 77 100
46 77 100
46 77 100
46 77 100
46 77 100
46 77 100
46 77 100
46 77 100
46 77 100
46 77 100
46 77 100
45 77 100
45 77 100
45 77 100
45 77 100
45 77 100
45 77 100
45 77 100
45 77 100
45 77 100
45 77 100
45 77 100
45 77 100
45 77 100
45 77 100
45 77 100
44 77 100
44 77 100
44 77 100
44 77 100
44 77 100
44 77 100
44 77 100
44 77 100
44 77 100
44 77 100
44 77 100
44 77 100
44 77 100
44 77 100
44 77 100
44 77 100
43 77 100
43 77 100
43 77 100
43 77 100
43 77 100
43 77 100
43 77 100
43 77 100
43 77 100
43 77 100
43 77 100
43 77 100
43 77 100
43 77 100
43 77 100
43 77 100
42 77 100
42 77 100
42 77 100
42 77 100
42 77 100
42 77 100
42 77 100
42 77 100
42 77 100
42 77 100
42 77 100
42 77 100
42 77 100
42 77 100
42 77 100
41 77 100
41 77 100
41 77 100
41 77 100
41 77 100
41 77 100
41 77 100
41 77 100
41 77 100
41 77 100
41 77 100
41 77 100
40 77 100
40 77 100
40 77 100
40 77 100
40 77 100
40 77 100
40 77 100
40 77 100
40 77 100
40 77 100
39 77 100
39 77 100
39 77 100
39 77 100
39 77 100
39 77 100
39 77 100
38 77 100
38 77 100
38 77 100
38 77 100
37 77 100
37 77 100
37 77 100
36 77 100
36 77 100
35 77 100
34 77 100
33 77 100
32 77 100
31 77 100
30 77 100
29 77 100
28 77 100
27 77 100
26 77 100
25 77 100
24 77 100
23 77 100
22 77 100
21 77 100
20 77 100
19 77 100
18 77 100
18 77 100
17 77 100
17 77 100
17 77 100
16 77 100
16 77 100
16 77 100
16 77 100
15 77 100
15 77 100
15 77 100
15 77 100
15 77 100
15 77 100
15 77 100
14 77 100
14 77 100
14 77 100
14 77 100
14 77 100
14 77 100
14 77 100
14 77 100
14 77 100
14 77 100
13 77 100
13 77 100
13 77 100
13 77 100
13 77 100
13 77 100
13 77 100
13 77 100
13 77 100
13 77 100
13 77 100
13 77 100
13 77 100
13 77 100
13 77 100
12 77 100
12 77 100
12 77 100
12 77 100
12 77 100
12 77 100
12 77 100
12 77 100
12 77 100
12 77 100
12 77 100
12 77 100
12 77 100
12 77 100
12 77 100
12 77 100
12 77 100
12 77 100
12 77 100
12 77 100
11 77 100
11 77 100
11 77 100
11 77 100
11 77 100
11 77 100
11 77 100
11 77 100
11 77 100
11 77 100
11 77 100
11 77 100
11 77 100
11 77 100
11 77 100
11 77 100
11 77 100
11 77 100
11 77 100
11 77 100
11 77 100
11 77 100
11 77 100
11 77 100
11 77 100
10 77 100
10 77 100
10 77 100
10 77 100
10 77 100
10 77 100
10 77 100
10 77 100
10 77 100
10 77 100
10 77 100
10 77 100
10 77 100
10 77 100
10 77 100
10 77 100
10 77 100
10 77 100
10 77 100
10 77 100
10 77 100
10 77 100
10 77 100
10 77 100
10 77 100
10 77 100
10 77 100
10 77 100
9 77 100
9 77 100
9 77 100
9 77 100
9 77 100
9 77 100
9 77 100
9 77 100
9 77 100
9 77 100
9 77 100
9 77 100
9 77 100
9 77 100
9 77 100
9 77 100
9 77 100
9 77 100
9 77 100
9 77 100
9 77 100
9 77 100
9 77 100
9 77 100
9 77 100
9 77 100
9 77 100
9 77 100
9 77 100
9 77 100
8 77 100
8 77 100
8 77 100
8 77 100
8 77 100
8 77 100
8 77 100
8 77 100
8 77 100
8 77 100
8 77 100
8 77 100
8 77 100
8 77 100
8 77 100
8 77 100
8 77 100
8 77 100
8 77 100
8 77 100
8 77 100
8 77 100
8 77 100
8 77 100
8 77 100
8 77 100
8 77 100
8 77 100
8 77 100
8 77 100
7 77 100
7 77 100
7 77 100
7 77 100
7 77 100
7 77 100
7 77 100
7 77 100
7 77 100
7 77 100
7 77 100
7 77 100
7 77 100
7 77 100
7 77 100
7 77 100
7 77 100
7 77 100
7 77 100
7 77 100
7 77 100
7 77 100
7 77 100
7 77 100
7 77 100
7 77 100
7 77 100
7 77 100
7 77 100
7 77 100
6 77 100
6 77 100
6 77 100
6 77 100
6 77 100
6 77 100
6 77 100
6 77 100
6 77 100
6 77 100
6 77 100
6 77 100
6 77 100
6 77 100
6 77 100
6 77 100
6 77 100
6 77 100
6 77 100
6 77 100
6 77 100
6 77 100
6 77 100
6 77 100
6 77 100
6 77 100
6 77 100
6 77 100
5 77 100
5 77 100
5 77 100
5 77 100
5 77 100
5 77 100
5 77 100
5 77 100
5 77 100
5 77 100
5 77 100
5 77 100
5 77 100
5 77 100
5 77 100
5 77 100
5 77 100
5 77 100
5 77 100
5 77 100
5 77 100
5 77 100
5 77 100
5 77 100
5 77 100
4 77 100
4 77 100
4 77 100
4 77 100
4 77 100
4 77 100
4 77 100
4 77 100
4 77 100
4 77 100
4 77 100
4 77 100
4 77 100
4 77 100
4 77 100
4 77 100
4 77 100
4 77 100
4 77 100
4 77 100
4 77 100
4 77 100
