# move from (131,68) to (1,189)
131 68 100
130 68 100
129 68 100
128 68 100
127 68 100
126 68 100
125 68 100
124 68 100
123 68 100
122 68 100
121 68 100
120 68 100
119 68 100
118 68 100
117 68 100
116 68 100
115 68 100
114 68 100
113 68 100
112 68 100
111 68 100
110 68 100
109 68 100
108 68 100
107 68 100
106 68 100
105 68 100
104 68 100
103 68 100
102 68 100
101 68 100
100 68 100
99 68 100
98 68 100
97 68 100
96 68 100
95 68 100
94 68 100
93 68 100
92 68 100
91 68 100
91 68 100
90 68 100
90 68 100
89 68 100
89 68 100
88 68 100
88 68 100
87 68 100
87 68 100
86 68 100
86 68 100
86 68 100
85 68 100
85 68 100
85 68 100
84 68 100
84 68 100
83 68 100
83 68 100
82 68 100
82 68 100
81 68 100
81 68 100
80 68 100
80 68 100
79 68 100
79 68 100
78 68 100
78 68 100
77 68 100
77 68 100
76 68 100
76 68 100
75 68 100
75 68 100
74 68 100
74 68 100
73 68 100
73 68 100
72 68 100
72 68 100
71 68 100
71 68 100
70 68 100
70 68 100
70 68 100
69 68 100
69 68 100
69 68 100
68 68 100
68 68 100
68 68 100
68 68 100
67 68 100
67 68 100
67 68 100
67 68 100
67 68 100
66 68 100
66 68 100
66 68 100
66 68 100
66 68 100
65 68 100
65 68 100
65 68 100
65 68 100
65 68 100
64 68 100
64 68 100
64 68 100
64 68 100
64 68 100
63 68 100
63 68 100
63 68 100
63 68 100
63 68 100
62 68 100
62 68 100
62 68 100
62 68 100
62 68 100
61 68 100
61 68 100
61 68 100
61 68 100
61 68 100
61 68 100
60 68 100
60 68 100
60 68 100
60 68 100
60 68 100
60 68 100
59 68 100
59 68 100
59 68 100
59 68 100
59 68 100
59 68 100
58 68 100
58 68 100
58 68 100
58 68 100
58 68 100
58 68 100
57 68 100
57 68 100
57 68 100
57 68 100
57 68 100
56 68 100
56 68 100
56 68 100
56 68 100
56 68 100
55 68 100
55 68 100
55 68 100
55 68 100
55 68 100
54 68 100
54 68 100
54 68 100
54 68 100
53 68 100
53 68 100
53 68 100
53 68 100
52 68 100
52 68 100
52 68 100
52 68 100
51 68 100
51 68 100
51 68 100
50 68 100
50 68 100
50 68 100
49 68 100
49 68 100
48 68 100
48 68 100
47 68 100
47 68 100
46 68 100
45 68 100
44 68 100
43 68 100
42 68 100
41 68 100
40 68 100
39 68 100
38 68 100
37 68 100
36 68 100
35 68 100
34 68 100
33 68 100
32 68 100
31 68 100
30 68 100
29 68 100
28 68 100
27 68 100
26 68 100
25 68 100
24 68 100
23 68 100
22 68 100
21 68 100
20 68 100
19 68 100
18 68 100
17 68 100
16 68 100
15 68 100
14 68 100
13 68 100
12 68 100
11 68 100
10 68 100
9 68 100
8 68 100
7 68 100
6 68 100
5 68 100
4 68 100
3 68 100
2 68 100
1 68 100
1 69 100
1 70 100
1 71 100
1 72 100
1 73 100
1 74 100
1 75 100
1 76 100
1 77 100
1 78 100
1 79 100
1 80 100
1 81 100
1 82 100
1 83 100
1 84 100
1 85 100
1 86 100
1 87 100
1 88 100
1 89 100
1 90 100
1 91 100
1 92 100
1 93 100
1 94 100
1 95 100
1 96 100
1 97 100
1 98 100
1 99 100
1 100 100
1 101 100
1 102 100
1 103 100
1 104 100
1 105 100
1 106 100
1 107 100
1 108 100
1 109 100
1 110 100
1 111 100
1 112 100
1 113 100
1 114 100
1 115 100
1 116 100
1 117 100
1 118 100
1 119 100
1 120 100
1 121 100
1 122 100
1 123 100
1 124 100
1 124 100
1 125 100
1 125 100
1 126 100
1 126 100
1 127 100
1 127 100
1 128 100
1 128 100
1 129 100
1 129 100
1 129 100
1 130 100
1 130 100
1 130 100
1 131 100
1 131 100
1 131 100
1 132 100
1 132 100
1 132 100
1 133 100
1 133 100
1 133 100
1 134 100
1 134 100
1 134 100
1 135 100
1 135 100
1 135 100
1 136 100
1 136 100
1 137 100
1 137 100
1 138 100
1 138 100
1 139 100
1 139 100
1 140 100
1 141 100
1 142 100
1 143 100
1 144 100
1 145 100
1 146 100
1 147 100
1 148 100
1 149 100
1 150 100
1 151 100
1 152 100
1 153 100
1 154 100
1 155 100
1 156 100
1 157 100
1 158 100
1 159 100
1 160 100
1 161 100
1 162 100
1 163 100
1 164 100
1 165 100
1 166 100
1 167 100
1 168 100
1 169 100
1 170 100
1 171 100
1 172 100
1 173 100
1 174 100
1 175 100
1 176 100
1 177 100
1 178 100
1 179 100
1 180 100
1 181 100
1 182 100
1 183 100
1 184 100
1 185 100
1 186 100
1 187 100
1 188 100
1 189 100
# move from (10,13) to (1,189)
10 13 100
9 13 100
8 13 100
7 13 100
6 13 100
5 13 100
4 13 100
3 13 100
2 13 100
1 13 100
1 14 100
1 15 100
1 16 100
1 17 100
1 18 100
1 19 100
1 20 100
1 21 100
1 22 100
1 23 100
1 24 100
1 25 100
1 26 100
1 27 100
1 28 100
1 29 100
1 30 100
1 31 100
1 32 100
1 33 100
1 34 100
1 35 100
1 36 100
1 37 100
1 38 100
1 39 100
1 40 100
1 41 100
1 42 100
1 43 100
1 44 100
1 45 100
1 46 100
1 47 100
1 48 100
1 49 100
1 50 100
1 51 100
1 52 100
1 53 100
1 54 100
1 55 100
1 56 100
1 57 100
1 58 100
1 59 100
1 60 100
1 61 100
1 62 100
1 63 100
1 64 100
1 65 100
1 66 100
1 67 100
# move from (63,58) to (1,189)
63 58 100
62 58 100
62 58 100
61 58 100
61 58 100
60 58 100
60 58 100
59 58 100
59 58 100
58 58 100
58 58 100
57 58 100
57 58 100
56 58 100
56 58 100
55 58 100
55 58 100
54 58 100
54 58 100
53 58 100
52 58 100
51 58 100
50 58 100
49 58 100
48 58 100
47 58 100
46 58 100
45 58 100
44 58 100
43 58 100
42 58 100
41 58 100
40 58 100
39 58 100
38 58 100
37 58 100
36 58 100
35 58 100
34 58 100
33 58 100
32 58 100
31 58 100
30 58 100
29 58 100
28 58 100
27 58 100
26 58 100
25 58 100
24 58 100
23 58 100
22 58 100
21 58 100
20 58 100
19 58 100
18 58 100
17 58 100
16 58 100
15 58 100
14 58 100
13 58 100
12 58 100
11 58 100
10 58 100
9 58 100
8 58 100
7 58 100
6 58 100
5 58 100
4 58 100
3 58 100
2 58 100
# move from (174,35) to (1,189)
174 35 100
173 35 100
172 35 100
171 35 100
170 35 100
169 35 100
168 35 100
167 35 100
166 35 100
165 35 100
165 35 100
164 35 100
164 35 100
163 35 100
163 35 100
162 35 100
162 35 100
161 35 100
161 35 100
160 35 100
160 35 100
159 35 100
159 35 100
158 35 100
158 35 100
157 35 100
157 35 100
156 35 100
156 35 100
155 35 100
155 35 100
154 35 100
154 35 100
153 35 100
153 35 100
152 35 100
152 35 100
151 35 100
151 35 100
150 35 100
150 35 100
149 35 100
149 35 100
148 35 100
148 35 100
147 35 100
147 35 100
146 35 100
146 35 100
145 35 100
145 35 100
145 35 100
144 35 100
144 35 100
144 35 100
143 35 100
143 35 100
143 35 100
142 35 100
142 35 100
142 35 100
142 35 100
141 35 100
141 35 100
141 35 100
141 35 100
141 35 100
140 35 100
140 35 100
140 35 100
140 35 100
140 35 100
140 35 100
139 35 100
139 35 100
139 35 100
139 35 100
139 35 100
139 35 100
139 35 100
138 35 100
138 35 100
138 35 100
138 35 100
138 35 100
138 35 100
138 35 100
138 35 100
137 35 100
137 35 100
137 35 100
137 35 100
137 35 100
137 35 100
137 35 100
137 35 100
137 35 100
136 35 100
136 35 100
136 35 100
136 35 100
136 35 100
136 35 100
136 35 100
136 35 100
136 35 100
136 35 100
136 35 100
135 35 100
135 35 100
135 35 100
135 35 100
135 35 100
135 35 100
135 35 100
135 35 100
135 35 100
135 35 100
135 35 100
135 35 100
134 35 100
134 35 100
134 35 100
134 35 100
134 35 100
134 35 100
134 35 100
134 35 100
134 35 100
134 35 100
134 35 100
134 35 100
133 35 100
133 35 100
133 35 100
133 35 100
133 35 100
133 35 100
133 35 100
133 35 100
133 35 100
133 35 100
133 35 100
133 35 100
133 35 100
132 35 100
132 35 100
132 35 100
132 35 100
132 35 100
132 35 100
132 35 100
132 35 100
132 35 100
132 35 100
132 35 100
132 35 100
132 35 100
131 35 100
131 35 100
131 35 100
131 35 100
131 35 100
131 35 100
131 35 100
131 35 100
131 35 100
131 35 100
131 35 100
131 35 100
131 35 100
130 35 100
130 35 100
130 35 100
130 35 100
130 35 100
130 35 100
130 35 100
130 35 100
130 35 100
130 35 100
130 35 100
130 35 100
129 35 100
129 35 100
129 35 100
129 35 100
129 35 100
129 35 100
129 35 100
129 35 100
129 35 100
129 35 100
129 35 100
129 35 100
128 35 100
128 35 100
128 35 100
128 35 100
128 35 100
128 35 100
128 35 100
128 35 100
128 35 100
128 35 100
128 35 100
127 35 100
127 35 100
127 35 100
127 35 100
127 35 100
127 35 100
127 35 100
127 35 100
127 35 100
127 35 100
126 35 100
126 35 100
126 35 100
126 35 100
126 35 100
126 35 100
126 35 100
126 35 100
126 35 100
126 35 100
125 35 100
125 35 100
125 35 100
125 35 100
125 35 100
125 35 100
125 35 100
125 35 100
125 35 100
124 35 100
124 35 100
124 35 100
124 35 100
124 35 100
124 35 100
124 35 100
124 35 100
123 35 100
123 35 100
123 35 100
123 35 100
123 35 100
123 35 100
123 35 100
122 35 100
122 35 100
122 35 100
122 35 100
122 35 100
122 35 100
122 35 100
121 35 100
121 35 100
121 35 100
121 35 100
121 35 100
121 35 100
120 35 100
120 35 100
120 35 100
120 35 100
120 35 100
120 35 100
119 35 100
119 35 100
119 35 100
119 35 100
119 35 100
118 35 100
118 35 100
118 35 100
118 35 100
118 35 100
117 35 100
117 35 100
117 35 100
117 35 100
117 35 100
116 35 100
116 35 100
116 35 100
116 35 100
116 35 100
116 35 100
115 35 100
115 35 100
115 35 100
115 35 100
115 35 100
115 35 100
114 35 100
114 35 100
114 35 100
114 35 100
114 35 100
114 35 100
113 35 100
113 35 100
113 35 100
113 35 100
113 35 100
113 35 100
113 35 100
112 35 100
112 35 100
112 35 100
112 35 100
112 35 100
112 35 100
112 35 100
111 35 100
111 35 100
111 35 100
111 35 100
111 35 100
111 35 100
111 35 100
110 35 100
110 35 100
110 35 100
110 35 100
110 35 100
110 35 100
110 35 100
109 35 100
109 35 100
109 35 100
109 35 100
109 35 100
109 35 100
109 35 100
109 35 100
108 35 100
108 35 100
108 35 100
108 35 100
108 35 100
108 35 100
108 35 100
108 35 100
107 35 100
107 35 100
107 35 100
107 35 100
107 35 100
107 35 100
107 35 100
107 35 100
106 35 100
106 35 100
106 35 100
106 35 100
106 35 100
106 35 100
106 35 100
106 35 100
105 35 100
105 35 100
105 35 100
105 35 100
105 35 100
105 35 100
105 35 100
104 35 100
104 35 100
104 35 100
104 35 100
104 35 100
104 35 100
104 35 100
103 35 100
103 35 100
103 35 100
103 35 100
103 35 100
103 35 100
102 35 100
102 35 100
102 35 100
102 35 100
102 35 100
101 35 100
101 35 100
101 35 100
101 35 100
100 35 100
100 35 100
100 35 100
99 35 100
99 35 100
99 35 100
98 35 100
98 35 100
97 35 100
97 35 100
96 35 100
96 35 100
95 35 100
94 35 100
93 35 100
92 35 100
91 35 100
90 35 100
89 35 100
88 35 100
87 35 100
86 35 100
85 35 100
84 35 100
83 35 100
82 35 100
81 35 100
80 35 100
79 35 100
78 35 100
77 35 100
76 35 100
75 35 100
74 35 100
73 35 100
73 35 100
72 35 100
72 35 100
71 35 100
71 35 100
70 35 100
70 35 100
69 35 100
68 35 100
67 35 100
66 35 100
65 35 100
64 35 100
63 35 100
62 35 100
61 35 100
60 35 100
59 35 100
58 35 100
57 35 100
56 35 100
55 35 100
54 35 100
53 35 100
52 35 100
51 35 100
50 35 100
49 35 100
48 35 100
47 35 100
46 35 100
45 35 100
44 35 100
43 35 100
42 35 100
41 35 100
40 35 100
39 35 100
38 35 100
37 35 100
36 35 100
35 35 100
34 35 100
33 35 100
32 35 100
31 35 100
30 35 100
29 35 100
28 35 100
27 35 100
26 35 100
25 35 100
24 35 100
23 35 100
22 35 100
21 35 100
20 35 100
19 35 100
18 35 100
17 35 100
16 35 100
15 35 100
14 35 100
13 35 100
12 35 100
11 35 100
10 35 100
9 35 100
8 35 100
7 35 100
6 35 100
5 35 100
4 35 100
3 35 100
2 35 100
# move from (110,2) to (1,189)
110 2 100
109 2 100
108 2 100
107 2 100
106 2 100
105 2 100
104 2 100
103 2 100
102 2 100
101 2 100
100 2 100
99 2 100
98 2 100
97 2 100
96 2 100
95 2 100
94 2 100
93 2 100
92 2 100
91 2 100
90 2 100
89 2 100
88 2 100
87 2 100
86 2 100
85 2 100
84 2 100
83 2 100
82 2 100
81 2 100
80 2 100
79 2 100
78 2 100
77 2 100
76 2 100
75 2 100
74 2 100
73 2 100
72 2 100
71 2 100
70 2 100
69 2 100
68 2 100
67 2 100
67 2 100
66 2 100
66 2 100
65 2 100
65 2 100
64 2 100
64 2 100
64 2 100
63 2 100
63 2 100
63 2 100
62 2 100
62 2 100
62 2 100
62 2 100
61 2 100
61 2 100
61 2 100
61 2 100
61 2 100
60 2 100
60 2 100
60 2 100
60 2 100
60 2 100
59 2 100
59 2 100
59 2 100
59 2 100
59 2 100
58 2 100
58 2 100
58 2 100
58 2 100
58 2 100
57 2 100
57 2 100
57 2 100
57 2 100
57 2 100
56 2 100
56 2 100
56 2 100
56 2 100
55 2 100
55 2 100
55 2 100
55 2 100
54 2 100
54 2 100
54 2 100
54 2 100
53 2 100
53 2 100
53 2 100
53 2 100
52 2 100
52 2 100
52 2 100
51 2 100
51 2 100
51 2 100
50 2 100
50 2 100
50 2 100
50 2 100
49 2 100
49 2 100
49 2 100
49 2 100
48 2 100
48 2 100
48 2 100
48 2 100
48 2 100
47 2 100
47 2 100
47 2 100
47 2 100
47 2 100
46 2 100
46 2 100
46 2 100
46 2 100
46 2 100
46 2 100
45 2 100
45 2 100
45 2 100
45 2 100
45 2 100
45 2 100
45 2 100
44 2 100
44 2 100
44 2 100
44 2 100
44 2 100
44 2 100
44 2 100
44 2 100
43 2 100
43 2 100
43 2 100
43 2 100
43 2 100
43 2 100
43 2 100
43 2 100
43 2 100
42 2 100
42 2 100
42 2 100
42 2 100
42 2 100
42 2 100
42 2 100
42 2 100
42 2 100
42 2 100
42 2 100
41 2 100
41 2 100
41 2 100
41 2 100
41 2 100
41 2 100
41 2 100
41 2 100
41 2 100
41 2 100
41 2 100
41 2 100
40 2 100
40 2 100
40 2 100
40 2 100
40 2 100
40 2 100
40 2 100
40 2 100
40 2 100
40 2 100
40 2 100
40 2 100
40 2 100
39 2 100
39 2 100
39 2 100
39 2 100
39 2 100
39 2 100
39 2 100
39 2 100
39 2 100
39 2 100
39 2 100
39 2 100
39 2 100
38 2 100
38 2 100
38 2 100
38 2 100
38 2 100
38 2 100
38 2 100
38 2 100
38 2 100
38 2 100
38 2 100
38 2 100
38 2 100
37 2 100
37 2 100
37 2 100
37 2 100
37 2 100
37 2 100
37 2 100
37 2 100
37 2 100
37 2 100
37 2 100
37 2 100
37 2 100
36 2 100
36 2 100
36 2 100
36 2 100
36 2 100
36 2 100
36 2 100
36 2 100
36 2 100
36 2 100
36 2 100
36 2 100
35 2 100
35 2 100
35 2 100
35 2 100
35 2 100
35 2 100
35 2 100
35 2 100
35 2 100
35 2 100
35 2 100
34 2 100
34 2 100
34 2 100
34 2 100
34 2 100
34 2 100
34 2 100
34 2 100
34 2 100
34 2 100
33 2 100
33 2 100
33 2 100
33 2 100
33 2 100
33 2 100
33 2 100
33 2 100
33 2 100
32 2 100
32 2 100
32 2 100
32 2 100
32 2 100
32 2 100
32 2 100
32 2 100
31 2 100
31 2 100
31 2 100
31 2 100
31 2 100
31 2 100
31 2 100
31 2 100
30 2 100
30 2 100
30 2 100
30 2 100
30 2 100
30 2 100
30 2 100
29 2 100
29 2 100
29 2 100
29 2 100
29 2 100
29 2 100
28 2 100
28 2 100
28 2 100
28 2 100
28 2 100
27 2 100
27 2 100
27 2 100
27 2 100
26 2 100
26 2 100
26 2 100
25 2 100
25 2 100
25 2 100
24 2 100
24 2 100
23 2 100
23 2 100
22 2 100
22 2 100
21 2 100
21 2 100
20 2 100
20 2 100
19 2 100
19 2 100
18 2 100
18 2 100
17 2 100
17 2 100
16 2 100
16 2 100
15 2 100
15 2 100
14 2 100
14 2 100
13 2 100
13 2 100
12 2 100
12 2 100
11 2 100
11 2 100
10 2 100
10 2 100
9 2 100
8 2 100
7 2 100
6 2 100
5 2 100
4 2 100
3 2 100
2 2 100
1 2 100
1 3 100
1 4 100
1 5 100
1 6 100
1 7 100
1 8 100
1 9 100
1 10 100
1 11 100
1 12 100
# move from (3,65) to (1,189)
3 65 100
2 65 100
