# move from (13,7) to (11,150)
13 7 100
12 7 100
11 7 100
11 8 100
11 9 100
11 10 100
11 11 100
11 12 100
11 13 100
11 14 100
11 15 100
11 16 100
11 17 100
11 18 100
11 19 100
11 20 100
11 21 100
11 22 100
11 23 100
11 24 100
11 24 100
11 25 100
11 25 100
11 26 100
11 26 100
11 26 100
11 27 100
11 27 100
11 27 100
11 27 100
11 27 100
11 28 100
11 28 100
11 28 100
11 28 100
11 28 100
11 28 100
11 28 100
11 28 100
11 29 100
11 29 100
11 29 100
11 29 100
11 29 100
11 29 100
11 29 100
11 29 100
11 29 100
11 29 100
11 29 100
11 29 100
11 30 100
11 30 100
11 30 100
11 30 100
11 30 100
11 30 100
11 30 100
11 30 100
11 30 100
11 30 100
11 30 100
11 30 100
11 30 100
11 30 100
11 30 100
11 30 100
11 30 100
11 31 100
11 31 100
11 31 100
11 31 100
11 31 100
11 31 100
11 31 100
11 31 100
11 31 100
11 31 100
11 31 100
11 31 100
11 31 100
11 31 100
11 31 100
11 31 100
11 31 100
11 31 100
11 31 100
11 31 100
11 31 100
11 31 100
11 32 100
11 32 100
11 32 100
11 32 100
11 32 100
11 32 100
11 32 100
11 32 100
11 32 100
11 32 100
11 32 100
11 32 100
11 32 100
11 32 100
11 32 100
11 32 100
11 32 100
11 32 100
11 32 100
11 32 100
11 32 100
11 32 100
11 32 100
11 32 100
11 32 100
11 33 100
11 33 100
11 33 100
11 33 100
11 33 100
11 33 100
11 33 100
11 33 100
11 33 100
11 33 100
11 33 100
11 33 100
11 33 100
11 33 100
11 33 100
11 33 100
11 33 100
11 33 100
11 33 100
11 33 100
11 33 100
11 33 100
11 33 100
11 33 100
11 33 100
11 33 100
11 33 100
11 33 100
11 34 100
11 34 100
11 34 100
11 34 100
11 34 100
11 34 100
11 34 100
11 34 100
11 34 100
11 34 100
11 34 100
11 34 100
11 34 100
11 34 100
11 34 100
11 34 100
11 34 100
11 34 100
11 34 100
11 34 100
11 34 100
11 34 100
11 34 100
11 34 100
11 34 100
11 34 100
11 34 100
11 34 100
11 34 100
11 34 100
11 35 100
11 35 100
11 35 100
11 35 100
11 35 100
11 35 100
11 35 100
11 35 100
11 35 100
11 35 100
11 35 100
11 35 100
11 35 100
11 35 100
11 35 100
11 35 100
11 35 100
11 35 100
11 35 100
11 35 100
11 35 100
11 35 100
11 35 100
11 35 100
11 35 100
11 35 100
11 35 100
11 35 100
11 35 100
11 35 100
11 35 100
11 36 100
11 36 100
11 36 100
11 36 100
11 36 100
11 36 100
11 36 100
11 36 100
11 36 100
11 36 100
11 36 100
11 36 100
11 36 100
11 36 100
11 36 100
11 36 100
11 36 100
11 36 100
11 36 100
11 36 100
11 36 100
11 36 100
11 36 100
11 36 100
11 36 100
11 36 100
11 36 100
11 36 100
11 36 100
11 36 100
11 36 100
11 37 100
11 37 100
11 37 100
11 37 100
11 37 100
11 37 100
11 37 100
11 37 100
11 37 100
11 37 100
11 37 100
11 37 100
11 37 100
11 37 100
11 37 100
11 37 100
11 37 100
11 37 100
11 37 100
11 37 100
11 37 100
11 37 100
11 37 100
11 37 100
11 37 100
11 37 100
11 37 100
11 37 100
11 37 100
11 37 100
11 38 100
11 38 100
11 38 100
11 38 100
11 38 100
11 38 100
11 38 100
11 38 100
11 38 100
11 38 100
11 38 100
11 38 100
11 38 100
11 38 100
11 38 100
11 38 100
11 38 100
11 38 100
11 38 100
11 38 100
11 38 100
11 38 100
11 38 100
11 38 100
11 38 100
11 38 100
11 38 100
11 38 100
11 39 100
11 39 100
11 39 100
11 39 100
11 39 100
11 39 100
11 39 100
11 39 100
11 39 100
11 39 100
11 39 100
11 39 100
11 39 100
11 39 100
11 39 100
11 39 100
11 39 100
11 39 100
11 39 100
11 39 100
11 39 100
11 39 100
11 39 100
11 39 100
11 39 100
11 39 100
11 40 100
11 40 100
11 40 100
11 40 100
11 40 100
11 40 100
11 40 100
11 40 100
11 40 100
11 40 100
11 40 100
11 40 100
11 40 100
11 40 100
11 40 100
11 40 100
11 40 100
11 40 100
11 40 100
11 40 100
11 40 100
11 40 100
11 40 100
11 40 100
11 41 100
11 41 100
11 41 100
11 41 100
11 41 100
11 41 100
11 41 100
11 41 100
11 41 100
11 41 100
11 41 100
11 41 100
11 41 100
11 41 100
11 41 100
11 41 100
11 41 100
11 41 100
11 41 100
11 41 100
11 41 100
11 41 100
11 42 100
11 42 100
11 42 100
11 42 100
11 42 100
11 42 100
11 42 100
11 42 100
11 42 100
11 42 100
11 42 100
11 42 100
11 42 100
11 42 100
11 42 100
11 42 100
11 42 100
11 42 100
11 42 100
11 42 100
11 42 100
11 43 100
11 43 100
11 43 100
11 43 100
11 43 100
11 43 100
11 43 100
11 43 100
11 43 100
11 43 100
11 43 100
11 43 100
11 43 100
11 43 100
11 43 100
11 43 100
11 43 100
11 43 100
11 43 100
11 43 100
11 43 100
11 44 100
11 44 100
11 44 100
11 44 100
11 44 100
11 44 100
11 44 100
11 44 100
11 44 100
11 44 100
11 44 100
11 44 100
11 44 100
11 44 100
11 44 100
11 44 100
11 44 100
11 44 100
11 44 100
11 44 100
11 45 100
11 45 100
11 45 100
11 45 100
11 45 100
11 45 100
11 45 100
11 45 100
11 45 100
11 45 100
11 45 100
11 45 100
11 45 100
11 45 100
11 45 100
11 45 100
11 45 100
11 45 100
11 46 100
11 46 100
11 46 100
11 46 100
11 46 100
11 46 100
11 46 100
11 46 100
11 46 100
11 46 100
11 46 100
11 46 100
11 46 100
11 46 100
11 46 100
11 46 100
11 46 100
11 47 100
11 47 100
11 47 100
11 47 100
11 47 100
11 47 100
11 47 100
11 47 100
11 47 100
11 47 100
11 47 100
11 47 100
11 47 100
11 47 100
11 47 100
11 48 100
11 48 100
11 48 100
11 48 100
11 48 100
11 48 100
11 48 100
11 48 100
11 48 100
11 48 100
11 48 100
11 48 100
11 48 100
11 48 100
11 49 100
11 49 100
11 49 100
11 49 100
11 49 100
11 49 100
11 49 100
11 49 100
11 49 100
11 49 100
11 49 100
11 49 100
11 50 100
11 50 100
11 50 100
11 50 100
11 50 100
11 50 100
11 50 100
11 50 100
11 50 100
11 50 100
11 51 100
11 51 100
11 51 100
11 51 100
11 51 100
11 51 100
11 51 100
11 51 100
11 51 100
11 52 100
11 52 100
11 52 100
11 52 100
11 52 100
11 52 100
11 52 100
11 53 100
11 53 100
11 53 100
11 53 100
11 53 100
11 53 100
11 54 100
11 54 100
11 54 100
11 54 100
11 54 100
11 55 100
11 55 100
11 55 100
11 55 100
11 56 100
11 56 100
11 56 100
11 56 100
11 57 100
11 57 100
11 57 100
11 58 100
11 58 100
11 58 100
11 59 100
11 59 100
11 60 100
11 60 100
11 61 100
11 62 100
11 63 100
11 64 100
11 65 100
11 66 100
11 67 100
11 68 100
11 69 100
11 69 100
11 70 100
11 70 100
11 71 100
11 71 100
11 72 100
11 72 100
11 72 100
11 73 100
11 73 100
11 73 100
11 74 100
11 74 100
11 74 100
11 75 100
11 75 100
11 75 100
11 76 100
11 76 100
11 76 100
11 77 100
11 77 100
11 77 100
11 78 100
11 78 100
11 78 100
11 78 100
11 79 100
11 79 100
11 79 100
11 79 100
11 80 100
11 80 100
11 80 100
11 80 100
11 81 100
11 81 100
11 81 100
11 81 100
11 82 100
11 82 100
11 82 100
11 82 100
11 82 100
11 83 100
11 83 100
11 83 100
11 83 100
11 83 100
11 84 100
11 84 100
11 84 100
11 84 100
11 85 100
11 85 100
11 85 100
11 85 100
11 86 100
11 86 100
11 86 100
11 87 100
11 87 100
11 88 100
11 88 100
11 89 100
11 90 100
11 91 100
11 92 100
11 93 100
11 94 100
11 95 100
11 96 100
11 97 100
11 98 100
11 99 100
11 100 100
11 101 100
11 102 100
11 103 100
11 104 100
11 105 100
11 106 100
11 107 100
11 108 100
11 109 100
11 110 100
11 111 100
11 112 100
11 112 100
11 113 100
11 113 100
11 114 100
11 114 100
11 114 100
11 115 100
11 115 100
11 115 100
11 116 100
11 116 100
11 116 100
11 116 100
11 117 100
11 117 100
11 117 100
11 117 100
11 118 100
11 118 100
11 118 100
11 118 100
11 118 100
11 119 100
11 119 100
11 119 100
11 119 100
11 119 100
11 119 100
11 120 100
11 120 100
11 120 100
11 120 100
11 120 100
11 120 100
11 120 100
11 121 100
11 121 100
11 121 100
11 121 100
11 121 100
11 121 100
11 121 100
11 121 100
11 121 100
11 122 100
11 122 100
11 122 100
11 122 100
11 122 100
11 122 100
11 122 100
11 122 100
11 122 100
11 122 100
11 123 100
11 123 100
11 123 100
11 123 100
11 123 100
11 123 100
11 123 100
11 123 100
11 123 100
11 123 100
11 123 100
11 123 100
11 124 100
11 124 100
11 124 100
11 124 100
11 124 100
11 124 100
11 124 100
11 124 100
11 124 100
11 124 100
11 124 100
11 124 100
11 124 100
11 124 100
11 125 100
11 125 100
11 125 100
11 125 100
11 125 100
11 125 100
11 125 100
11 125 100
11 125 100
11 125 100
11 125 100
11 125 100
11 125 100
11 125 100
11 125 100
11 125 100
11 125 100
11 126 100
11 126 100
11 126 100
11 126 100
11 126 100
11 126 100
11 126 100
11 126 100
11 126 100
11 126 100
11 126 100
11 126 100
11 126 100
11 126 100
11 126 100
11 126 100
11 126 100
11 126 100
11 126 100
11 126 100
11 127 100
11 127 100
11 127 100
11 127 100
11 127 100
11 127 100
11 127 100
11 127 100
11 127 100
11 127 100
11 127 100
11 127 100
11 127 100
11 127 100
11 127 100
11 127 100
11 127 100
11 127 100
11 127 100
11 127 100
11 127 100
11 127 100
11 127 100
11 128 100
11 128 100
11 128 100
11 128 100
11 128 100
11 128 100
11 128 100
11 128 100
11 128 100
11 128 100
11 128 100
11 128 100
11 128 100
11 128 100
11 128 100
11 128 100
11 128 100
11 128 100
11 128 100
11 128 100
11 128 100
11 128 100
11 128 100
11 128 100
11 128 100
11 128 100
11 128 100
11 129 100
11 129 100
11 129 100
11 129 100
11 129 100
11 129 100
11 129 100
11 129 100
11 129 100
11 129 100
11 129 100
11 129 100
11 129 100
11 129 100
11 129 100
11 129 100
11 129 100
11 129 100
11 129 100
11 129 100
11 129 100
11 129 100
11 129 100
11 129 100
11 129 100
11 129 100
11 129 100
11 129 100
11 129 100
11 129 100
11 130 100
11 130 100
11 130 100
11 130 100
11 130 100
11 130 100
11 130 100
11 130 100
11 130 100
11 130 100
11 130 100
11 130 100
11 130 100
11 130 100
11 130 100
11 130 100
11 130 100
11 130 100
11 130 100
11 130 100
11 130 100
11 130 100
11 130 100
11 130 100
11 130 100
11 130 100
11 130 100
11 130 100
11 130 100
11 130 100
11 130 100
11 130 100
11 130 100
11 131 100
11 131 100
11 131 100
11 131 100
11 131 100
11 131 100
11 131 100
11 131 100
11 131 100
11 131 100
11 131 100
11 131 100
11 131 100
11 131 100
11 131 100
11 131 100
11 131 100
11 131 100
11 131 100
11 131 100
11 131 100
11 131 100
11 131 100
11 131 100
11 131 100
11 131 100
11 131 100
11 131 100
11 131 100
11 131 100
11 131 100
11 131 100
11 131 100
11 131 100
11 132 100
11 132 100
11 132 100
11 132 100
11 132 100
11 132 100
11 132 100
11 132 100
11 132 100
11 132 100
11 132 100
11 132 100
11 132 100
11 132 100
11 132 100
11 132 100
11 132 100
11 132 100
11 132 100
11 132 100
11 132 100
11 132 100
11 132 100
11 132 100
11 132 100
11 132 100
11 132 100
11 132 100
11 132 100
11 132 100
11 132 100
11 132 100
11 132 100
11 132 100
11 133 100
11 133 100
11 133 100
11 133 100
11 133 100
11 133 100
11 133 100
11 133 100
11 133 100
11 133 100
11 133 100
11 133 100
11 133 100
11 133 100
11 133 100
11 133 100
11 133 100
11 133 100
11 133 100
11 133 100
11 133 100
11 133 100
11 133 100
11 133 100
11 133 100
11 133 100
11 133 100
11 133 100
11 133 100
11 133 100
11 133 100
11 133 100
11 133 100
11 134 100
11 134 100
11 134 100
11 134 100
11 134 100
11 134 100
11 134 100
11 134 100
11 134 100
11 134 100
11 134 100
11 134 100
11 134 100
11 134 100
11 134 100
11 134 100
11 134 100
11 134 100
11 134 100
11 134 100
11 134 100
11 134 100
11 134 100
11 134 100
11 134 100
11 134 100
11 134 100
11 134 100
11 134 100
11 134 100
11 134 100
11 135 100
11 135 100
11 135 100
11 135 100
11 135 100
11 135 100
11 135 100
11 135 100
11 135 100
11 135 100
11 135 100
11 135 100
11 135 100
11 135 100
11 135 100
11 135 100
11 135 100
11 135 100
11 135 100
11 135 100
11 135 100
11 135 100
11 135 100
11 135 100
11 135 100
11 135 100
11 135 100
11 135 100
11 135 100
11 136 100
11 136 100
11 136 100
11 136 100
11 136 100
11 136 100
11 136 100
11 136 100
11 136 100
11 136 100
11 136 100
11 136 100
11 136 100
11 136 100
11 136 100
11 136 100
11 136 100
11 136 100
11 136 100
11 136 100
11 136 100
11 136 100
11 136 100
11 136 100
11 136 100
11 137 100
11 137 100
11 137 100
11 137 100
11 137 100
11 137 100
11 137 100
11 137 100
11 137 100
11 137 100
11 137 100
11 137 100
11 137 100
11 137 100
11 137 100
11 137 100
11 137 100
11 137 100
11 137 100
11 137 100
11 138 100
11 138 100
11 138 100
11 138 100
11 138 100
11 138 100
11 138 100
11 138 100
11 138 100
11 138 100
11 138 100
11 138 100
11 138 100
11 138 100
11 138 100
11 139 100
11 139 100
11 139 100
11 139 100
11 139 100
11 139 100
11 139 100
11 139 100
11 139 100
11 139 100
11 139 100
11 140 100
11 140 100
11 140 100
11 140 100
11 140 100
11 140 100
11 140 100
11 140 100
11 141 100
11 141 100
11 141 100
11 141 100
11 141 100
11 142 100
11 142 100
11 142 100
11 142 100
11 143 100
11 143 100
11 143 100
11 144 100
11 144 100
11 144 100
11 145 100
11 145 100
11 146 100
11 146 100
11 147 100
11 147 100
11 148 100
11 149 100
11 150 100
# move from (56,51) to (11,150)
56 51 100
55 51 100
54 51 100
53 51 100
52 51 100
51 51 100
50 51 100
49 51 100
48 51 100
47 51 100
46 51 100
45 51 100
44 51 100
43 51 100
42 51 100
41 51 100
40 51 100
39 51 100
39 51 100
38 51 100
38 51 100
37 51 100
37 51 100
36 51 100
36 51 100
36 51 100
35 51 100
35 51 100
35 51 100
34 51 100
34 51 100
34 51 100
33 51 100
33 51 100
32 51 100
32 51 100
31 51 100
31 51 100
30 51 100
30 51 100
29 51 100
29 51 100
28 51 100
28 51 100
27 51 100
27 51 100
26 51 100
26 51 100
25 51 100
25 51 100
24 51 100
24 51 100
23 51 100
23 51 100
23 51 100
22 51 100
22 51 100
22 51 100
21 51 100
21 51 100
21 51 100
21 51 100
20 51 100
20 51 100
20 51 100
20 51 100
19 51 100
19 51 100
19 51 100
19 51 100
18 51 100
18 51 100
18 51 100
18 51 100
18 51 100
17 51 100
17 51 100
17 51 100
17 51 100
17 51 100
16 51 100
16 51 100
16 51 100
16 51 100
16 51 100
16 51 100
15 51 100
15 51 100
15 51 100
15 51 100
15 51 100
15 51 100
14 51 100
14 51 100
14 51 100
14 51 100
14 51 100
14 51 100
14 51 100
13 51 100
13 51 100
13 51 100
13 51 100
13 51 100
13 51 100
13 51 100
12 51 100
12 51 100
12 51 100
12 51 100
12 51 100
12 51 100
12 51 100
12 51 100
# move from (151,194) to (11,150)
151 194 100
150 194 100
149 194 100
148 194 100
147 194 100
146 194 100
145 194 100
144 194 100
143 194 100
142 194 100
141 194 100
140 194 100
139 194 100
138 194 100
137 194 100
136 194 100
135 194 100
134 194 100
133 194 100
132 194 100
131 194 100
130 194 100
129 194 100
128 194 100
127 194 100
126 194 100
125 194 100
124 194 100
123 194 100
122 194 100
121 194 100
120 194 100
120 194 100
119 194 100
119 194 100
119 194 100
118 194 100
118 194 100
118 194 100
118 194 100
117 194 100
117 194 100
117 194 100
117 194 100
117 194 100
117 194 100
117 194 100
116 194 100
116 194 100
116 194 100
116 194 100
116 194 100
116 194 100
116 194 100
116 194 100
116 194 100
116 194 100
116 194 100
115 194 100
115 194 100
115 194 100
115 194 100
115 194 100
115 194 100
115 194 100
115 194 100
115 194 100
115 194 100
115 194 100
115 194 100
115 194 100
115 194 100
115 194 100
115 194 100
114 194 100
114 194 100
114 194 100
114 194 100
114 194 100
114 194 100
114 194 100
114 194 100
114 194 100
114 194 100
114 194 100
114 194 100
114 194 100
114 194 100
114 194 100
114 194 100
114 194 100
114 194 100
114 194 100
114 194 100
114 194 100
113 194 100
113 194 100
113 194 100
113 194 100
113 194 100
113 194 100
113 194 100
113 194 100
113 194 100
113 194 100
113 194 100
113 194 100
113 194 100
113 194 100
113 194 100
113 194 100
113 194 100
113 194 100
113 194 100
113 194 100
113 194 100
113 194 100
113 194 100
113 194 100
113 194 100
113 194 100
112 194 100
112 194 100
112 194 100
112 194 100
112 194 100
112 194 100
112 194 100
112 194 100
112 194 100
112 194 100
112 194 100
112 194 100
112 194 100
112 194 100
112 194 100
112 194 100
112 194 100
112 194 100
112 194 100
112 194 100
112 194 100
112 194 100
112 194 100
112 194 100
112 194 100
112 194 100
112 194 100
112 194 100
112 194 100
111 194 100
111 194 100
111 194 100
111 194 100
111 194 100
111 194 100
111 194 100
111 194 100
111 194 100
111 194 100
111 194 100
111 194 100
111 194 100
111 194 100
111 194 100
111 194 100
111 194 100
111 194 100
111 194 100
111 194 100
111 194 100
111 194 100
111 194 100
111 194 100
111 194 100
111 194 100
111 194 100
111 194 100
111 194 100
111 194 100
111 194 100
110 194 100
110 194 100
110 194 100
110 194 100
110 194 100
110 194 100
110 194 100
110 194 100
110 194 100
110 194 100
110 194 100
110 194 100
110 194 100
110 194 100
110 194 100
110 194 100
110 194 100
110 194 100
110 194 100
110 194 100
110 194 100
110 194 100
110 194 100
110 194 100
110 194 100
110 194 100
110 194 100
110 194 100
110 194 100
110 194 100
110 194 100
110 194 100
109 194 100
109 194 100
109 194 100
109 194 100
109 194 100
109 194 100
109 194 100
109 194 100
109 194 100
109 194 100
109 194 100
109 194 100
109 194 100
109 194 100
109 194 100
109 194 100
109 194 100
109 194 100
109 194 100
109 194 100
109 194 100
109 194 100
109 194 100
109 194 100
109 194 100
109 194 100
109 194 100
109 194 100
109 194 100
109 194 100
109 194 100
109 194 100
108 194 100
108 194 100
108 194 100
108 194 100
108 194 100
108 194 100
108 194 100
108 194 100
108 194 100
108 194 100
108 194 100
108 194 100
108 194 100
108 194 100
108 194 100
108 194 100
108 194 100
108 194 100
108 194 100
108 194 100
108 194 100
108 194 100
108 194 100
108 194 100
108 194 100
108 194 100
108 194 100
108 194 100
108 194 100
108 194 100
108 194 100
108 194 100
107 194 100
107 194 100
107 194 100
107 194 100
107 194 100
107 194 100
107 194 100
107 194 100
107 194 100
107 194 100
107 194 100
107 194 100
107 194 100
107 194 100
107 194 100
107 194 100
107 194 100
107 194 100
107 194 100
107 194 100
107 194 100
107 194 100
107 194 100
107 194 100
107 194 100
107 194 100
107 194 100
107 194 100
107 194 100
107 194 100
107 194 100
106 194 100
106 194 100
106 194 100
106 194 100
106 194 100
106 194 100
106 194 100
106 194 100
106 194 100
106 194 100
106 194 100
106 194 100
106 194 100
106 194 100
106 194 100
106 194 100
106 194 100
106 194 100
106 194 100
106 194 100
106 194 100
106 194 100
106 194 100
106 194 100
106 194 100
106 194 100
106 194 100
106 194 100
106 194 100
106 194 100
105 194 100
105 194 100
105 194 100
105 194 100
105 194 100
105 194 100
105 194 100
105 194 100
105 194 100
105 194 100
105 194 100
105 194 100
105 194 100
105 194 100
105 194 100
105 194 100
105 194 100
105 194 100
105 194 100
105 194 100
105 194 100
105 194 100
105 194 100
105 194 100
105 194 100
105 194 100
105 194 100
105 194 100
105 194 100
104 194 100
104 194 100
104 194 100
104 194 100
104 194 100
104 194 100
104 194 100
104 194 100
104 194 100
104 194 100
104 194 100
104 194 100
104 194 100
104 194 100
104 194 100
104 194 100
104 194 100
104 194 100
104 194 100
104 194 100
104 194 100
104 194 100
104 194 100
104 194 100
104 194 100
104 194 100
104 194 100
103 194 100
103 194 100
103 194 100
103 194 100
103 194 100
103 194 100
103 194 100
103 194 100
103 194 100
103 194 100
103 194 100
103 194 100
103 194 100
103 194 100
103 194 100
103 194 100
103 194 100
103 194 100
103 194 100
103 194 100
103 194 100
103 194 100
103 194 100
103 194 100
103 194 100
103 194 100
102 194 100
102 194 100
102 194 100
102 194 100
102 194 100
102 194 100
102 194 100
102 194 100
102 194 100
102 194 100
102 194 100
102 194 100
102 194 100
102 194 100
102 194 100
102 194 100
102 194 100
102 194 100
102 194 100
102 194 100
102 194 100
102 194 100
102 194 100
102 194 100
102 194 100
101 194 100
101 194 100
101 194 100
101 194 100
101 194 100
101 194 100
101 194 100
101 194 100
101 194 100
101 194 100
101 194 100
101 194 100
101 194 100
101 194 100
101 194 100
101 194 100
101 194 100
101 194 100
101 194 100
101 194 100
101 194 100
101 194 100
101 194 100
101 194 100
101 194 100
100 194 100
100 194 100
100 194 100
100 194 100
100 194 100
100 194 100
100 194 100
100 194 100
100 194 100
100 194 100
100 194 100
100 194 100
100 194 100
100 194 100
100 194 100
100 194 100
100 194 100
100 194 100
100 194 100
100 194 100
100 194 100
100 194 100
100 194 100
100 194 100
99 194 100
99 194 100
99 194 100
99 194 100
99 194 100
99 194 100
99 194 100
99 194 100
99 194 100
99 194 100
99 194 100
99 194 100
99 194 100
99 194 100
99 194 100
99 194 100
99 194 100
99 194 100
99 194 100
99 194 100
99 194 100
99 194 100
99 194 100
99 194 100
98 194 100
98 194 100
98 194 100
98 194 100
98 194 100
98 194 100
98 194 100
98 194 100
98 194 100
98 194 100
98 194 100
98 194 100
98 194 100
98 194 100
98 194 100
98 194 100
98 194 100
98 194 100
98 194 100
98 194 100
98 194 100
98 194 100
98 194 100
97 194 100
97 194 100
97 194 100
97 194 100
97 194 100
97 194 100
97 194 100
97 194 100
97 194 100
97 194 100
97 194 100
97 194 100
97 194 100
97 194 100
97 194 100
97 194 100
97 194 100
97 194 100
97 194 100
97 194 100
97 194 100
97 194 100
96 194 100
96 194 100
96 194 100
96 194 100
96 194 100
96 194 100
96 194 100
96 194 100
96 194 100
96 194 100
96 194 100
96 194 100
96 194 100
96 194 100
96 194 100
96 194 100
96 194 100
96 194 100
96 194 100
96 194 100
96 194 100
95 194 100
95 194 100
95 194 100
95 194 100
95 194 100
95 194 100
95 194 100
95 194 100
95 194 100
95 194 100
95 194 100
95 194 100
95 194 100
95 194 100
95 194 100
95 194 100
95 194 100
95 194 100
95 194 100
95 194 100
95 194 100
94 194 100
94 194 100
94 194 100
94 194 100
94 194 100
94 194 100
94 194 100
94 194 100
94 194 100
94 194 100
94 194 100
94 194 100
94 194 100
94 194 100
94 194 100
94 194 100
94 194 100
94 194 100
94 194 100
94 194 100
94 194 100
93 194 100
93 194 100
93 194 100
93 194 100
93 194 100
93 194 100
93 194 100
93 194 100
93 194 100
93 194 100
93 194 100
93 194 100
93 194 100
93 194 100
93 194 100
93 194 100
93 194 100
93 194 100
93 194 100
93 194 100
93 194 100
93 194 100
92 194 100
92 194 100
92 194 100
92 194 100
92 194 100
92 194 100
92 194 100
92 194 100
92 194 100
92 194 100
92 194 100
92 194 100
92 194 100
92 194 100
92 194 100
92 194 100
92 194 100
92 194 100
92 194 100
92 194 100
92 194 100
92 194 100
92 194 100
91 194 100
91 194 100
91 194 100
91 194 100
91 194 100
91 194 100
91 194 100
91 194 100
91 194 100
91 194 100
91 194 100
91 194 100
91 194 100
91 194 100
91 194 100
91 194 100
91 194 100
91 194 100
91 194 100
91 194 100
91 194 100
91 194 100
91 194 100
91 194 100
91 194 100
90 194 100
90 194 100
90 194 100
90 194 100
90 194 100
90 194 100
90 194 100
90 194 100
90 194 100
90 194 100
90 194 100
90 194 100
90 194 100
90 194 100
90 194 100
90 194 100
90 194 100
90 194 100
90 194 100
90 194 100
90 194 100
90 194 100
90 194 100
90 194 100
90 194 100
90 194 100
90 194 100
89 194 100
89 194 100
89 194 100
89 194 100
89 194 100
89 194 100
89 194 100
89 194 100
89 194 100
89 194 100
89 194 100
89 194 100
89 194 100
89 194 100
89 194 100
89 194 100
89 194 100
89 194 100
89 194 100
89 194 100
89 194 100
89 194 100
89 194 100
89 194 100
89 194 100
89 194 100
89 194 100
89 194 100
88 194 100
88 194 100
88 194 100
88 194 100
88 194 100
88 194 100
88 194 100
88 194 100
88 194 100
88 194 100
88 194 100
88 194 100
88 194 100
88 194 100
88 194 100
88 194 100
88 194 100
88 194 100
88 194 100
88 194 100
88 194 100
88 194 100
88 194 100
88 194 100
88 194 100
88 194 100
88 194 100
88 194 100
88 194 100
87 194 100
87 194 100
87 194 100
87 194 100
87 194 100
87 194 100
87 194 100
87 194 100
87 194 100
87 194 100
87 194 100
87 194 100
87 194 100
87 194 100
87 194 100
87 194 100
87 194 100
87 194 100
87 194 100
87 194 100
87 194 100
87 194 100
87 194 100
87 194 100
87 194 100
87 194 100
87 194 100
87 194 100
87 194 100
86 194 100
86 194 100
86 194 100
86 194 100
86 194 100
86 194 100
86 194 100
86 194 100
86 194 100
86 194 100
86 194 100
86 194 100
86 194 100
86 194 100
86 194 100
86 194 100
86 194 100
86 194 100
86 194 100
86 194 100
86 194 100
86 194 100
86 194 100
86 194 100
86 194 100
86 194 100
86 194 100
86 194 100
86 194 100
85 194 100
85 194 100
85 194 100
85 194 100
85 194 100
85 194 100
85 194 100
85 194 100
85 194 100
85 194 100
85 194 100
85 194 100
85 194 100
85 194 100
85 194 100
85 194 100
85 194 100
85 194 100
85 194 100
85 194 100
85 194 100
85 194 100
85 194 100
85 194 100
85 194 100
85 194 100
85 194 100
85 194 100
85 194 100
84 194 100
84 194 100
84 194 100
84 194 100
84 194 100
84 194 100
84 194 100
84 194 100
84 194 100
84 194 100
84 194 100
84 194 100
84 194 100
84 194 100
84 194 100
84 194 100
84 194 100
84 194 100
84 194 100
84 194 100
84 194 100
84 194 100
84 194 100
84 194 100
84 194 100
84 194 100
84 194 100
84 194 100
83 194 100
83 194 100
83 194 100
83 194 100
83 194 100
83 194 100
83 194 100
83 194 100
83 194 100
83 194 100
83 194 100
83 194 100
83 194 100
83 194 100
83 194 100
83 194 100
83 194 100
83 194 100
83 194 100
83 194 100
83 194 100
83 194 100
83 194 100
83 194 100
83 194 100
83 194 100
83 194 100
83 194 100
82 194 100
82 194 100
82 194 100
82 194 100
82 194 100
82 194 100
82 194 100
82 194 100
82 194 100
82 194 100
82 194 100
82 194 100
82 194 100
82 194 100
82 194 100
82 194 100
82 194 100
82 194 100
82 194 100
82 194 100
82 194 100
82 194 100
82 194 100
82 194 100
82 194 100
82 194 100
82 194 100
81 194 100
81 194 100
81 194 100
81 194 100
81 194 100
81 194 100
81 194 100
81 194 100
81 194 100
81 194 100
81 194 100
81 194 100
81 194 100
81 194 100
81 194 100
81 194 100
81 194 100
81 194 100
81 194 100
81 194 100
81 194 100
81 194 100
81 194 100
81 194 100
81 194 100
81 194 100
81 194 100
80 194 100
80 194 100
80 194 100
80 194 100
80 194 100
80 194 100
80 194 100
80 194 100
80 194 100
80 194 100
80 194 100
80 194 100
80 194 100
80 194 100
80 194 100
80 194 100
80 194 100
80 194 100
80 194 100
80 194 100
80 194 100
80 194 100
80 194 100
80 194 100
80 194 100
80 194 100
80 194 100
79 194 100
79 194 100
79 194 100
79 194 100
79 194 100
79 194 100
79 194 100
79 194 100
79 194 100
79 194 100
79 194 100
79 194 100
79 194 100
79 194 100
79 194 100
79 194 100
79 194 100
79 194 100
79 194 100
79 194 100
79 194 100
79 194 100
79 194 100
79 194 100
79 194 100
79 194 100
79 194 100
79 194 100
78 194 100
78 194 100
78 194 100
78 194 100
78 194 100
78 194 100
78 194 100
78 194 100
78 194 100
78 194 100
78 194 100
78 194 100
78 194 100
78 194 100
78 194 100
78 194 100
78 194 100
78 194 100
78 194 100
78 194 100
78 194 100
78 194 100
78 194 100
78 194 100
78 194 100
78 194 100
78 194 100
78 194 100
78 194 100
77 194 100
77 194 100
77 194 100
77 194 100
77 194 100
77 194 100
77 194 100
77 194 100
77 194 100
77 194 100
77 194 100
77 194 100
77 194 100
77 194 100
77 194 100
77 194 100
77 194 100
77 194 100
77 194 100
77 194 100
77 194 100
77 194 100
77 194 100
77 194 100
77 194 100
77 194 100
77 194 100
77 194 100
77 194 100
77 194 100
76 194 100
76 194 100
76 194 100
76 194 100
76 194 100
76 194 100
76 194 100
76 194 100
76 194 100
76 194 100
76 194 100
76 194 100
76 194 100
76 194 100
76 194 100
76 194 100
76 194 100
76 194 100
76 194 100
76 194 100
76 194 100
76 194 100
76 194 100
76 194 100
76 194 100
76 194 100
76 194 100
76 194 100
76 194 100
76 194 100
76 194 100
75 194 100
75 194 100
75 194 100
75 194 100
75 194 100
75 194 100
75 194 100
75 194 100
75 194 100
75 194 100
75 194 100
75 194 100
75 194 100
75 194 100
75 194 100
75 194 100
75 194 100
75 194 100
75 194 100
75 194 100
75 194 100
75 194 100
75 194 100
75 194 100
75 194 100
75 194 100
75 194 100
75 194 100
75 194 100
75 194 100
75 194 100
75 194 100
74 194 100
74 194 100
74 194 100
74 194 100
74 194 100
74 194 100
74 194 100
74 194 100
74 194 100
74 194 100
74 194 100
74 194 100
74 194 100
74 194 100
74 194 100
74 194 100
74 194 100
74 194 100
74 194 100
74 194 100
74 194 100
74 194 100
74 194 100
74 194 100
74 194 100
74 194 100
74 194 100
74 194 100
74 194 100
74 194 100
74 194 100
74 194 100
74 194 100
73 194 100
73 194 100
73 194 100
73 194 100
73 194 100
73 194 100
73 194 100
73 194 100
73 194 100
73 194 100
73 194 100
73 194 100
73 194 100
73 194 100
73 194 100
73 194 100
73 194 100
73 194 100
73 194 100
73 194 100
73 194 100
73 194 100
73 194 100
73 194 100
73 194 100
73 194 100
73 194 100
73 194 100
73 194 100
73 194 100
73 194 100
73 194 100
73 194 100
72 194 100
72 194 100
72 194 100
72 194 100
72 194 100
72 194 100
72 194 100
72 194 100
72 194 100
72 194 100
72 194 100
72 194 100
72 194 100
72 194 100
72 194 100
72 194 100
72 194 100
72 194 100
72 194 100
72 194 100
72 194 100
72 194 100
72 194 100
72 194 100
72 194 100
72 194 100
72 194 100
72 194 100
72 194 100
72 194 100
72 194 100
72 194 100
72 194 100
71 194 100
71 194 100
71 194 100
71 194 100
71 194 100
71 194 100
71 194 100
71 194 100
71 194 100
71 194 100
71 194 100
71 194 100
71 194 100
71 194 100
71 194 100
71 194 100
71 194 100
71 194 100
71 194 100
71 194 100
71 194 100
71 194 100
71 194 100
71 194 100
71 194 100
71 194 100
71 194 100
71 194 100
71 194 100
71 194 100
71 194 100
71 194 100
71 194 100
70 194 100
70 194 100
70 194 100
70 194 100
70 194 100
70 194 100
70 194 100
70 194 100
70 194 100
70 194 100
70 194 100
70 194 100
70 194 100
70 194 100
70 194 100
70 194 100
70 194 100
70 194 100
70 194 100
70 194 100
70 194 100
70 194 100
70 194 100
70 194 100
70 194 100
70 194 100
70 194 100
70 194 100
70 194 100
70 194 100
70 194 100
69 194 100
69 194 100
69 194 100
69 194 100
69 194 100
69 194 100
69 194 100
69 194 100
69 194 100
69 194 100
69 194 100
69 194 100
69 194 100
69 194 100
69 194 100
69 194 100
69 194 100
69 194 100
69 194 100
69 194 100
69 194 100
69 194 100
69 194 100
69 194 100
69 194 100
69 194 100
69 194 100
69 194 100
69 194 100
68 194 100
68 194 100
68 194 100
68 194 100
68 194 100
68 194 100
68 194 100
68 194 100
68 194 100
68 194 100
68 194 100
68 194 100
68 194 100
68 194 100
68 194 100
68 194 100
68 194 100
68 194 100
68 194 100
68 194 100
68 194 100
68 194 100
68 194 100
68 194 100
68 194 100
68 194 100
68 194 100
67 194 100
67 194 100
67 194 100
67 194 100
67 194 100
67 194 100
67 194 100
67 194 100
67 194 100
67 194 100
67 194 100
67 194 100
67 194 100
67 194 100
67 194 100
67 194 100
67 194 100
67 194 100
67 194 100
67 194 100
67 194 100
67 194 100
67 194 100
67 194 100
67 194 100
66 194 100
66 194 100
66 194 100
66 194 100
66 194 100
66 194 100
66 194 100
66 194 100
66 194 100
66 194 100
66 194 100
66 194 100
66 194 100
66 194 100
66 194 100
66 194 100
66 194 100
66 194 100
66 194 100
66 194 100
66 194 100
66 194 100
66 194 100
65 194 100
65 194 100
65 194 100
65 194 100
65 194 100
65 194 100
65 194 100
65 194 100
65 194 100
65 194 100
65 194 100
65 194 100
65 194 100
65 194 100
65 194 100
65 194 100
65 194 100
65 194 100
65 194 100
65 194 100
64 194 100
64 194 100
64 194 100
64 194 100
64 194 100
64 194 100
64 194 100
64 194 100
64 194 100
64 194 100
64 194 100
64 194 100
64 194 100
64 194 100
64 194 100
64 194 100
64 194 100
64 194 100
63 194 100
63 194 100
63 194 100
63 194 100
63 194 100
63 194 100
63 194 100
63 194 100
63 194 100
63 194 100
63 194 100
63 194 100
63 194 100
63 194 100
63 194 100
63 194 100
62 194 100
62 194 100
62 194 100
62 194 100
62 194 100
62 194 100
62 194 100
62 194 100
62 194 100
62 194 100
62 194 100
62 194 100
62 194 100
62 194 100
61 194 100
61 194 100
61 194 100
61 194 100
61 194 100
61 194 100
61 194 100
61 194 100
61 194 100
61 194 100
61 194 100
60 194 100
60 194 100
60 194 100
60 194 100
60 194 100
60 194 100
60 194 100
60 194 100
60 194 100
59 194 100
59 194 100
59 194 100
59 194 100
59 194 100
59 194 100
58 194 100
58 194 100
58 194 100
58 194 100
57 194 100
57 194 100
57 194 100
56 194 100
56 194 100
55 194 100
54 194 100
53 194 100
52 194 100
51 194 100
50 194 100
49 194 100
48 194 100
47 194 100
46 194 100
45 194 100
44 194 100
44 194 100
43 194 100
43 194 100
42 194 100
42 194 100
42 194 100
41 194 100
41 194 100
41 194 100
41 194 100
40 194 100
40 194 100
40 194 100
40 194 100
39 194 100
39 194 100
39 194 100
39 194 100
39 194 100
39 194 100
38 194 100
38 194 100
38 194 100
38 194 100
38 194 100
38 194 100
38 194 100
38 194 100
37 194 100
37 194 100
37 194 100
37 194 100
37 194 100
37 194 100
37 194 100
37 194 100
37 194 100
37 194 100
37 194 100
36 194 100
36 194 100
36 194 100
36 194 100
36 194 100
36 194 100
36 194 100
36 194 100
36 194 100
36 194 100
36 194 100
36 194 100
36 194 100
36 194 100
36 194 100
35 194 100
35 194 100
35 194 100
35 194 100
35 194 100
35 194 100
35 194 100
35 194 100
35 194 100
35 194 100
35 194 100
35 194 100
35 194 100
35 194 100
35 194 100
35 194 100
35 194 100
35 194 100
35 194 100
35 194 100
34 194 100
34 194 100
34 194 100
34 194 100
34 194 100
34 194 100
34 194 100
34 194 100
34 194 100
34 194 100
34 194 100
34 194 100
34 194 100
34 194 100
34 194 100
34 194 100
34 194 100
34 194 100
34 194 100
34 194 100
34 194 100
34 194 100
34 194 100
34 194 100
34 194 100
33 194 100
33 194 100
33 194 100
33 194 100
33 194 100
33 194 100
33 194 100
33 194 100
33 194 100
33 194 100
33 194 100
33 194 100
33 194 100
33 194 100
33 194 100
33 194 100
33 194 100
33 194 100
33 194 100
33 194 100
33 194 100
33 194 100
33 194 100
33 194 100
33 194 100
33 194 100
33 194 100
33 194 100
33 194 100
32 194 100
32 194 100
32 194 100
32 194 100
32 194 100
32 194 100
32 194 100
32 194 100
32 194 100
32 194 100
32 194 100
32 194 100
32 194 100
32 194 100
32 194 100
32 194 100
32 194 100
32 194 100
32 194 100
32 194 100
32 194 100
32 194 100
32 194 100
32 194 100
32 194 100
32 194 100
32 194 100
32 194 100
32 194 100
32 194 100
32 194 100
32 194 100
31 194 100
31 194 100
31 194 100
31 194 100
31 194 100
31 194 100
31 194 100
31 194 100
31 194 100
31 194 100
31 194 100
31 194 100
31 194 100
31 194 100
31 194 100
31 194 100
31 194 100
31 194 100
31 194 100
31 194 100
31 194 100
31 194 100
31 194 100
31 194 100
31 194 100
31 194 100
31 194 100
31 194 100
31 194 100
31 194 100
31 194 100
31 194 100
31 194 100
30 194 100
30 194 100
30 194 100
30 194 100
30 194 100
30 194 100
30 194 100
30 194 100
30 194 100
30 194 100
30 194 100
30 194 100
30 194 100
30 194 100
30 194 100
30 194 100
30 194 100
30 194 100
30 194 100
30 194 100
30 194 100
30 194 100
30 194 100
30 194 100
30 194 100
30 194 100
30 194 100
30 194 100
30 194 100
30 194 100
30 194 100
30 194 100
30 194 100
30 194 100
29 194 100
29 194 100
29 194 100
29 194 100
29 194 100
29 194 100
29 194 100
29 194 100
29 194 100
29 194 100
29 194 100
29 194 100
29 194 100
29 194 100
29 194 100
29 194 100
29 194 100
29 194 100
29 194 100
29 194 100
29 194 100
29 194 100
29 194 100
29 194 100
29 194 100
29 194 100
29 194 100
29 194 100
29 194 100
29 194 100
29 194 100
29 194 100
29 194 100
29 194 100
28 194 100
28 194 100
28 194 100
28 194 100
28 194 100
28 194 100
28 194 100
28 194 100
28 194 100
28 194 100
28 194 100
28 194 100
28 194 100
28 194 100
28 194 100
28 194 100
28 194 100
28 194 100
28 194 100
28 194 100
28 194 100
28 194 100
28 194 100
28 194 100
28 194 100
28 194 100
28 194 100
28 194 100
28 194 100
28 194 100
28 194 100
28 194 100
28 194 100
28 194 100
27 194 100
27 194 100
27 194 100
27 194 100
27 194 100
27 194 100
27 194 100
27 194 100
27 194 100
27 194 100
27 194 100
27 194 100
27 194 100
27 194 100
27 194 100
27 194 100
27 194 100
27 194 100
27 194 100
27 194 100
27 194 100
27 194 100
27 194 100
27 194 100
27 194 100
27 194 100
27 194 100
27 194 100
27 194 100
27 194 100
27 194 100
27 194 100
27 194 100
27 194 100
26 194 100
26 194 100
26 194 100
26 194 100
26 194 100
26 194 100
26 194 100
26 194 100
26 194 100
26 194 100
26 194 100
26 194 100
26 194 100
26 194 100
26 194 100
26 194 100
26 194 100
26 194 100
26 194 100
26 194 100
26 194 100
26 194 100
26 194 100
26 194 100
26 194 100
26 194 100
26 194 100
26 194 100
26 194 100
26 194 100
26 194 100
26 194 100
26 194 100
26 194 100
25 194 100
25 194 100
25 194 100
25 194 100
25 194 100
25 194 100
25 194 100
25 194 100
25 194 100
25 194 100
25 194 100
25 194 100
25 194 100
25 194 100
25 194 100
25 194 100
25 194 100
25 194 100
25 194 100
25 194 100
25 194 100
25 194 100
25 194 100
25 194 100
25 194 100
25 194 100
25 194 100
25 194 100
25 194 100
25 194 100
25 194 100
25 194 100
25 194 100
25 194 100
24 194 100
24 194 100
24 194 100
24 194 100
24 194 100
24 194 100
24 194 100
24 194 100
24 194 100
24 194 100
24 194 100
24 194 100
24 194 100
24 194 100
24 194 100
24 194 100
24 194 100
24 194 100
24 194 100
24 194 100
24 194 100
24 194 100
24 194 100
24 194 100
24 194 100
24 194 100
24 194 100
24 194 100
24 194 100
24 194 100
24 194 100
24 194 100
24 194 100
24 194 100
23 194 100
23 194 100
23 194 100
23 194 100
23 194 100
23 194 100
23 194 100
23 194 100
23 194 100
23 194 100
23 194 100
23 194 100
23 194 100
23 194 100
23 194 100
23 194 100
23 194 100
23 194 100
23 194 100
23 194 100
23 194 100
23 194 100
23 194 100
23 194 100
23 194 100
23 194 100
23 194 100
23 194 100
23 194 100
23 194 100
23 194 100
23 194 100
23 194 100
22 194 100
22 194 100
22 194 100
22 194 100
22 194 100
22 194 100
22 194 100
22 194 100
22 194 100
22 194 100
22 194 100
22 194 100
22 194 100
22 194 100
22 194 100
22 194 100
22 194 100
22 194 100
22 194 100
22 194 100
22 194 100
22 194 100
22 194 100
22 194 100
22 194 100
22 194 100
22 194 100
22 194 100
22 194 100
22 194 100
22 194 100
21 194 100
21 194 100
21 194 100
21 194 100
21 194 100
21 194 100
21 194 100
21 194 100
21 194 100
21 194 100
21 194 100
21 194 100
21 194 100
21 194 100
21 194 100
21 194 100
21 194 100
21 194 100
21 194 100
21 194 100
21 194 100
21 194 100
21 194 100
21 194 100
21 194 100
21 194 100
21 194 100
21 194 100
21 194 100
20 194 100
20 194 100
20 194 100
20 194 100
20 194 100
20 194 100
20 194 100
20 194 100
20 194 100
20 194 100
20 194 100
20 194 100
20 194 100
20 194 100
20 194 100
20 194 100
20 194 100
20 194 100
20 194 100
20 194 100
20 194 100
20 194 100
20 194 100
20 194 100
20 194 100
19 194 100
19 194 100
19 194 100
19 194 100
19 194 100
19 194 100
19 194 100
19 194 100
19 194 100
19 194 100
19 194 100
19 194 100
19 194 100
19 194 100
19 194 100
19 194 100
19 194 100
19 194 100
19 194 100
19 194 100
18 194 100
18 194 100
18 194 100
18 194 100
18 194 100
18 194 100
18 194 100
18 194 100
18 194 100
18 194 100
18 194 100
18 194 100
18 194 100
18 194 100
18 194 100
17 194 100
17 194 100
17 194 100
17 194 100
17 194 100
17 194 100
17 194 100
17 194 100
17 194 100
17 194 100
17 194 100
16 194 100
16 194 100
16 194 100
16 194 100
16 194 100
16 194 100
16 194 100
15 194 100
15 194 100
15 194 100
15 194 100
15 194 100
14 194 100
14 194 100
14 194 100
13 194 100
13 194 100
12 194 100
12 194 100
11 194 100
11 193 100
11 192 100
11 192 100
11 191 100
11 191 100
11 190 100
11 190 100
11 189 100
11 189 100
11 189 100
11 188 100
11 188 100
11 188 100
11 188 100
11 187 100
11 187 100
11 187 100
11 187 100
11 186 100
11 186 100
11 186 100
11 186 100
11 186 100
11 185 100
11 185 100
11 185 100
11 185 100
11 185 100
11 184 100
11 184 100
11 184 100
11 184 100
11 184 100
11 183 100
11 183 100
11 183 100
11 183 100
11 183 100
11 182 100
11 182 100
11 182 100
11 182 100
11 182 100
11 181 100
11 181 100
11 181 100
11 181 100
11 180 100
11 180 100
11 180 100
11 180 100
11 179 100
11 179 100
11 179 100
11 178 100
11 178 100
11 178 100
11 177 100
11 177 100
11 177 100
11 176 100
11 176 100
11 175 100
11 175 100
11 174 100
11 173 100
11 172 100
11 171 100
11 170 100
11 169 100
11 168 100
11 167 100
11 166 100
11 165 100
11 164 100
11 163 100
11 162 100
11 161 100
11 160 100
11 159 100
11 158 100
11 157 100
11 156 100
11 155 100
11 154 100
11 153 100
11 152 100
11 151 100
