# move from (138,81) to (6,183)
138 81 100
137 81 100
136 81 100
135 81 100
134 81 100
133 81 100
132 81 100
132 81 100
131 81 100
131 81 100
130 81 100
130 81 100
130 81 100
129 81 100
129 81 100
129 81 100
129 81 100
128 81 100
128 81 100
128 81 100
128 81 100
128 81 100
127 81 100
127 81 100
127 81 100
127 81 100
127 81 100
127 81 100
126 81 100
126 81 100
126 81 100
126 81 100
126 81 100
126 81 100
126 81 100
126 81 100
125 81 100
125 81 100
125 81 100
125 81 100
125 81 100
125 81 100
125 81 100
125 81 100
125 81 100
125 81 100
125 81 100
124 81 100
124 81 100
124 81 100
124 81 100
124 81 100
124 81 100
124 81 100
124 81 100
124 81 100
124 81 100
124 81 100
124 81 100
124 81 100
124 81 100
123 81 100
123 81 100
123 81 100
123 81 100
123 81 100
123 81 100
123 81 100
123 81 100
123 81 100
123 81 100
123 81 100
123 81 100
123 81 100
123 81 100
123 81 100
123 81 100
122 81 100
122 81 100
122 81 100
122 81 100
122 81 100
122 81 100
122 81 100
122 81 100
122 81 100
122 81 100
122 81 100
122 81 100
122 81 100
122 81 100
122 81 100
122 81 100
122 81 100
122 81 100
121 81 100
121 81 100
121 81 100
121 81 100
121 81 100
121 81 100
121 81 100
121 81 100
121 81 100
121 81 100
121 81 100
121 81 100
121 81 100
121 81 100
121 81 100
121 81 100
121 81 100
121 81 100
121 81 100
120 81 100
120 81 100
120 81 100
120 81 100
120 81 100
120 81 100
120 81 100
120 81 100
120 81 100
120 81 100
120 81 100
120 81 100
120 81 100
120 81 100
120 81 100
120 81 100
120 81 100
120 81 100
120 81 100
120 81 100
119 81 100
119 81 100
119 81 100
119 81 100
119 81 100
119 81 100
119 81 100
119 81 100
119 81 100
119 81 100
119 81 100
119 81 100
119 81 100
119 81 100
119 81 100
119 81 100
119 81 100
119 81 100
119 81 100
119 81 100
119 81 100
118 81 100
118 81 100
118 81 100
118 81 100
118 81 100
118 81 100
118 81 100
118 81 100
118 81 100
118 81 100
118 81 100
118 81 100
118 81 100
118 81 100
118 81 100
118 81 100
118 81 100
118 81 100
118 81 100
118 81 100
118 81 100
118 81 100
117 81 100
117 81 100
117 81 100
117 81 100
117 81 100
117 81 100
117 81 100
117 81 100
117 81 100
117 81 100
117 81 100
117 81 100
117 81 100
117 81 100
117 81 100
117 81 100
117 81 100
117 81 100
117 81 100
117 81 100
117 81 100
117 81 100
117 81 100
116 81 100
116 81 100
116 81 100
116 81 100
116 81 100
116 81 100
116 81 100
116 81 100
116 81 100
116 81 100
116 81 100
116 81 100
116 81 100
116 81 100
116 81 100
116 81 100
116 81 100
116 81 100
116 81 100
116 81 100
116 81 100
116 81 100
116 81 100
116 81 100
116 81 100
115 81 100
115 81 100
115 81 100
115 81 100
115 81 100
115 81 100
115 81 100
115 81 100
115 81 100
115 81 100
115 81 100
115 81 100
115 81 100
115 81 100
115 81 100
115 81 100
115 81 100
115 81 100
115 81 100
115 81 100
115 81 100
115 81 100
115 81 100
115 81 100
115 81 100
115 81 100
115 81 100
114 81 100
114 81 100
114 81 100
114 81 100
114 81 100
114 81 100
114 81 100
114 81 100
114 81 100
114 81 100
114 81 100
114 81 100
114 81 100
114 81 100
114 81 100
114 81 100
114 81 100
114 81 100
114 81 100
114 81 100
114 81 100
114 81 100
114 81 100
114 81 100
114 81 100
114 81 100
114 81 100
114 81 100
114 81 100
114 81 100
113 81 100
113 81 100
113 81 100
113 81 100
113 81 100
113 81 100
113 81 100
113 81 100
113 81 100
113 81 100
113 81 100
113 81 100
113 81 100
113 81 100
113 81 100
113 81 100
113 81 100
113 81 100
113 81 100
113 81 100
113 81 100
113 81 100
113 81 100
113 81 100
113 81 100
113 81 100
113 81 100
113 81 100
113 81 100
113 81 100
113 81 100
113 81 100
113 81 100
112 81 100
112 81 100
112 81 100
112 81 100
112 81 100
112 81 100
112 81 100
112 81 100
112 81 100
112 81 100
112 81 100
112 81 100
112 81 100
112 81 100
112 81 100
112 81 100
112 81 100
112 81 100
112 81 100
112 81 100
112 81 100
112 81 100
112 81 100
112 81 100
112 81 100
112 81 100
112 81 100
112 81 100
112 81 100
112 81 100
112 81 100
112 81 100
112 81 100
112 81 100
112 81 100
112 81 100
111 81 100
111 81 100
111 81 100
111 81 100
111 81 100
111 81 100
111 81 100
111 81 100
111 81 100
111 81 100
111 81 100
111 81 100
111 81 100
111 81 100
111 81 100
111 81 100
111 81 100
111 81 100
111 81 100
111 81 100
111 81 100
111 81 100
111 81 100
111 81 100
111 81 100
111 81 100
111 81 100
111 81 100
111 81 100
111 81 100
111 81 100
111 81 100
111 81 100
111 81 100
111 81 100
111 81 100
111 81 100
111 81 100
110 81 100
110 81 100
110 81 100
110 81 100
110 81 100
110 81 100
110 81 100
110 81 100
110 81 100
110 81 100
110 81 100
110 81 100
110 81 100
110 81 100
110 81 100
110 81 100
110 81 100
110 81 100
110 81 100
110 81 100
110 81 100
110 81 100
110 81 100
110 81 100
110 81 100
110 81 100
110 81 100
110 81 100
110 81 100
110 81 100
110 81 100
110 81 100
110 81 100
110 81 100
110 81 100
110 81 100
110 81 100
110 81 100
110 81 100
109 81 100
109 81 100
109 81 100
109 81 100
109 81 100
109 81 100
109 81 100
109 81 100
109 81 100
109 81 100
109 81 100
109 81 100
109 81 100
109 81 100
109 81 100
109 81 100
109 81 100
109 81 100
109 81 100
109 81 100
109 81 100
109 81 100
109 81 100
109 81 100
109 81 100
109 81 100
109 81 100
109 81 100
109 81 100
109 81 100
109 81 100
109 81 100
109 81 100
109 81 100
109 81 100
109 81 100
109 81 100
109 81 100
109 81 100
108 81 100
108 81 100
108 81 100
108 81 100
108 81 100
108 81 100
108 81 100
108 81 100
108 81 100
108 81 100
108 81 100
108 81 100
108 81 100
108 81 100
108 81 100
108 81 100
108 81 100
108 81 100
108 81 100
108 81 100
108 81 100
108 81 100
108 81 100
108 81 100
108 81 100
108 81 100
108 81 100
108 81 100
108 81 100
108 81 100
108 81 100
108 81 100
108 81 100
108 81 100
108 81 100
108 81 100
108 81 100
108 81 100
107 81 100
107 81 100
107 81 100
107 81 100
107 81 100
107 81 100
107 81 100
107 81 100
107 81 100
107 81 100
107 81 100
107 81 100
107 81 100
107 81 100
107 81 100
107 81 100
107 81 100
107 81 100
107 81 100
107 81 100
107 81 100
107 81 100
107 81 100
107 81 100
107 81 100
107 81 100
107 81 100
107 81 100
107 81 100
107 81 100
107 81 100
107 81 100
107 81 100
107 81 100
107 81 100
107 81 100
106 81 100
106 81 100
106 81 100
106 81 100
106 81 100
106 81 100
106 81 100
106 81 100
106 81 100
106 81 100
106 81 100
106 81 100
106 81 100
106 81 100
106 81 100
106 81 100
106 81 100
106 81 100
106 81 100
106 81 100
106 81 100
106 81 100
106 81 100
106 81 100
106 81 100
106 81 100
106 81 100
106 81 100
106 81 100
106 81 100
106 81 100
106 81 100
106 81 100
106 81 100
105 81 100
105 81 100
105 81 100
105 81 100
105 81 100
105 81 100
105 81 100
105 81 100
105 81 100
105 81 100
105 81 100
105 81 100
105 81 100
105 81 100
105 81 100
105 81 100
105 81 100
105 81 100
105 81 100
105 81 100
105 81 100
105 81 100
105 81 100
105 81 100
105 81 100
105 81 100
105 81 100
105 81 100
105 81 100
105 81 100
105 81 100
105 81 100
105 81 100
104 81 100
104 81 100
104 81 100
104 81 100
104 81 100
104 81 100
104 81 100
104 81 100
104 81 100
104 81 100
104 81 100
104 81 100
104 81 100
104 81 100
104 81 100
104 81 100
104 81 100
104 81 100
104 81 100
104 81 100
104 81 100
104 81 100
104 81 100
104 81 100
104 81 100
104 81 100
104 81 100
104 81 100
104 81 100
104 81 100
104 81 100
104 81 100
103 81 100
103 81 100
103 81 100
103 81 100
103 81 100
103 81 100
103 81 100
103 81 100
103 81 100
103 81 100
103 81 100
103 81 100
103 81 100
103 81 100
103 81 100
103 81 100
103 81 100
103 81 100
103 81 100
103 81 100
103 81 100
103 81 100
103 81 100
103 81 100
103 81 100
103 81 100
103 81 100
103 81 100
103 81 100
103 81 100
103 81 100
103 81 100
102 81 100
102 81 100
102 81 100
102 81 100
102 81 100
102 81 100
102 81 100
102 81 100
102 81 100
102 81 100
102 81 100
102 81 100
102 81 100
102 81 100
102 81 100
102 81 100
102 81 100
102 81 100
102 81 100
102 81 100
102 81 100
102 81 100
102 81 100
102 81 100
102 81 100
102 81 100
102 81 100
102 81 100
102 81 100
102 81 100
102 81 100
101 81 100
101 81 100
101 81 100
101 81 100
101 81 100
101 81 100
101 81 100
101 81 100
101 81 100
101 81 100
101 81 100
101 81 100
101 81 100
101 81 100
101 81 100
101 81 100
101 81 100
101 81 100
101 81 100
101 81 100
101 81 100
101 81 100
101 81 100
101 81 100
101 81 100
101 81 100
101 81 100
101 81 100
101 81 100
101 81 100
100 81 100
100 81 100
100 81 100
100 81 100
100 81 100
100 81 100
100 81 100
100 81 100
100 81 100
100 81 100
100 81 100
100 81 100
100 81 100
100 81 100
100 81 100
100 81 100
100 81 100
100 81 100
100 81 100
100 81 100
100 81 100
100 81 100
100 81 100
100 81 100
100 81 100
100 81 100
100 81 100
100 81 100
99 81 100
99 81 100
99 81 100
99 81 100
99 81 100
99 81 100
99 81 100
99 81 100
99 81 100
99 81 100
99 81 100
99 81 100
99 81 100
99 81 100
99 81 100
99 81 100
99 81 100
99 81 100
99 81 100
99 81 100
99 81 100
99 81 100
99 81 100
99 81 100
99 81 100
98 81 100
98 81 100
98 81 100
98 81 100
98 81 100
98 81 100
98 81 100
98 81 100
98 81 100
98 81 100
98 81 100
98 81 100
98 81 100
98 81 100
98 81 100
98 81 100
98 81 100
98 81 100
98 81 100
98 81 100
98 81 100
98 81 100
97 81 100
97 81 100
97 81 100
97 81 100
97 81 100
97 81 100
97 81 100
97 81 100
97 81 100
97 81 100
97 81 100
97 81 100
97 81 100
97 81 100
97 81 100
97 81 100
97 81 100
97 81 100
96 81 100
96 81 100
96 81 100
96 81 100
96 81 100
96 81 100
96 81 100
96 81 100
96 81 100
96 81 100
96 81 100
96 81 100
96 81 100
96 81 100
96 81 100
95 81 100
95 81 100
95 81 100
95 81 100
95 81 100
95 81 100
95 81 100
95 81 100
95 81 100
95 81 100
95 81 100
95 81 100
95 81 100
94 81 100
94 81 100
94 81 100
94 81 100
94 81 100
94 81 100
94 81 100
94 81 100
94 81 100
94 81 100
94 81 100
93 81 100
93 81 100
93 81 100
93 81 100
93 81 100
93 81 100
93 81 100
93 81 100
93 81 100
93 81 100
92 81 100
92 81 100
92 81 100
92 81 100
92 81 100
92 81 100
92 81 100
92 81 100
92 81 100
92 81 100
91 81 100
91 81 100
91 81 100
91 81 100
91 81 100
91 81 100
91 81 100
91 81 100
91 81 100
90 81 100
90 81 100
90 81 100
90 81 100
90 81 100
90 81 100
90 81 100
90 81 100
89 81 100
89 81 100
89 81 100
89 81 100
89 81 100
89 81 100
89 81 100
88 81 100
88 81 100
88 81 100
88 81 100
88 81 100
87 81 100
87 81 100
87 81 100
87 81 100
86 81 100
86 81 100
86 81 100
85 81 100
85 81 100
84 81 100
84 81 100
83 81 100
82 81 100
81 81 100
80 81 100
79 81 100
78 81 100
77 81 100
76 81 100
75 81 100
74 81 100
73 81 100
72 81 100
71 81 100
70 81 100
69 81 100
68 81 100
67 81 100
66 81 100
65 81 100
64 81 100
63 81 100
63 81 100
62 81 100
62 81 100
61 81 100
61 81 100
61 81 100
60 81 100
60 81 100
60 81 100
60 81 100
59 81 100
59 81 100
59 81 100
59 81 100
58 81 100
58 81 100
58 81 100
58 81 100
58 81 100
57 81 100
57 81 100
57 81 100
57 81 100
57 81 100
57 81 100
56 81 100
56 81 100
56 81 100
56 81 100
56 81 100
56 81 100
55 81 100
55 81 100
55 81 100
55 81 100
55 81 100
55 81 100
54 81 100
54 81 100
54 81 100
54 81 100
54 81 100
54 81 100
53 81 100
53 81 100
53 81 100
53 81 100
53 81 100
53 81 100
52 81 100
52 81 100
52 81 100
52 81 100
52 81 100
52 81 100
52 81 100
51 81 100
51 81 100
51 81 100
51 81 100
51 81 100
51 81 100
51 81 100
50 81 100
50 81 100
50 81 100
50 81 100
50 81 100
50 81 100
50 81 100
50 81 100
50 81 100
49 81 100
49 81 100
49 81 100
49 81 100
49 81 100
49 81 100
49 81 100
49 81 100
49 81 100
49 81 100
49 81 100
48 81 100
48 81 100
48 81 100
48 81 100
48 81 100
48 81 100
48 81 100
48 81 100
48 81 100
48 81 100
48 81 100
48 81 100
48 81 100
47 81 100
47 81 100
47 81 100
47 81 100
47 81 100
47 81 100
47 81 100
47 81 100
47 81 100
47 81 100
47 81 100
47 81 100
47 81 100
47 81 100
47 81 100
46 81 100
46 81 100
46 81 100
46 81 100
46 81 100
46 81 100
46 81 100
46 81 100
46 81 100
46 81 100
46 81 100
46 81 100
46 81 100
46 81 100
46 81 100
46 81 100
45 81 100
45 81 100
45 81 100
45 81 100
45 81 100
45 81 100
45 81 100
45 81 100
45 81 100
45 81 100
45 81 100
45 81 100
45 81 100
45 81 100
45 81 100
45 81 100
45 81 100
44 81 100
44 81 100
44 81 100
44 81 100
44 81 100
44 81 100
44 81 100
44 81 100
44 81 100
44 81 100
44 81 100
44 81 100
44 81 100
44 81 100
44 81 100
44 81 100
44 81 100
44 81 100
43 81 100
43 81 100
43 81 100
43 81 100
43 81 100
43 81 100
43 81 100
43 81 100
43 81 100
43 81 100
43 81 100
43 81 100
43 81 100
43 81 100
43 81 100
43 81 100
43 81 100
42 81 100
42 81 100
42 81 100
42 81 100
42 81 100
42 81 100
42 81 100
42 81 100
42 81 100
42 81 100
42 81 100
42 81 100
42 81 100
42 81 100
42 81 100
42 81 100
41 81 100
41 81 100
41 81 100
41 81 100
41 81 100
41 81 100
41 81 100
41 81 100
41 81 100
41 81 100
41 81 100
41 81 100
41 81 100
41 81 100
40 81 100
40 81 100
40 81 100
40 81 100
40 81 100
40 81 100
40 81 100
40 81 100
40 81 100
40 81 100
40 81 100
40 81 100
39 81 100
39 81 100
39 81 100
39 81 100
39 81 100
39 81 100
39 81 100
39 81 100
39 81 100
39 81 100
39 81 100
38 81 100
38 81 100
38 81 100
38 81 100
38 81 100
38 81 100
38 81 100
38 81 100
38 81 100
38 81 100
37 81 100
37 81 100
37 81 100
37 81 100
37 81 100
37 81 100
37 81 100
37 81 100
37 81 100
36 81 100
36 81 100
36 81 100
36 81 100
36 81 100
36 81 100
36 81 100
36 81 100
36 81 100
35 81 100
35 81 100
35 81 100
35 81 100
35 81 100
35 81 100
35 81 100
35 81 100
35 81 100
34 81 100
34 81 100
34 81 100
34 81 100
34 81 100
34 81 100
34 81 100
34 81 100
34 81 100
33 81 100
33 81 100
33 81 100
33 81 100
33 81 100
33 81 100
33 81 100
33 81 100
33 81 100
32 81 100
32 81 100
32 81 100
32 81 100
32 81 100
32 81 100
32 81 100
32 81 100
32 81 100
31 81 100
31 81 100
31 81 100
31 81 100
31 81 100
31 81 100
31 81 100
31 81 100
30 81 100
30 81 100
30 81 100
30 81 100
30 81 100
30 81 100
30 81 100
30 81 100
29 81 100
29 81 100
29 81 100
29 81 100
29 81 100
29 81 100
28 81 100
28 81 100
28 81 100
28 81 100
28 81 100
27 81 100
27 81 100
27 81 100
27 81 100
26 81 100
26 81 100
26 81 100
26 81 100
25 81 100
25 81 100
25 81 100
24 81 100
24 81 100
24 81 100
23 81 100
23 81 100
23 81 100
22 81 100
22 81 100
22 81 100
21 81 100
21 81 100
21 81 100
20 81 100
20 81 100
20 81 100
19 81 100
19 81 100
19 81 100
19 81 100
18 81 100
18 81 100
18 81 100
18 81 100
18 81 100
18 81 100
17 81 100
17 81 100
17 81 100
17 81 100
17 81 100
17 81 100
17 81 100
16 81 100
16 81 100
16 81 100
16 81 100
16 81 100
16 81 100
16 81 100
16 81 100
16 81 100
15 81 100
15 81 100
15 81 100
15 81 100
15 81 100
15 81 100
15 81 100
15 81 100
15 81 100
15 81 100
15 81 100
15 81 100
14 81 100
14 81 100
14 81 100
14 81 100
14 81 100
14 81 100
14 81 100
14 81 100
14 81 100
14 81 100
14 81 100
14 81 100
14 81 100
14 81 100
13 81 100
13 81 100
13 81 100
13 81 100
13 81 100
13 81 100
13 81 100
13 81 100
13 81 100
13 81 100
13 81 100
13 81 100
13 81 100
13 81 100
13 81 100
12 81 100
12 81 100
12 81 100
12 81 100
12 81 100
12 81 100
12 81 100
12 81 100
12 81 100
12 81 100
12 81 100
12 81 100
12 81 100
12 81 100
12 81 100
12 81 100
11 81 100
11 81 100
11 81 100
11 81 100
11 81 100
11 81 100
11 81 100
11 81 100
11 81 100
11 81 100
11 81 100
11 81 100
11 81 100
11 81 100
11 81 100
11 81 100
10 81 100
10 81 100
10 81 100
10 81 100
10 81 100
10 81 100
10 81 100
10 81 100
10 81 100
10 81 100
10 81 100
10 81 100
10 81 100
10 81 100
10 81 100
10 81 100
9 81 100
9 81 100
9 81 100
9 81 100
9 81 100
9 81 100
9 81 100
9 81 100
9 81 100
9 81 100
9 81 100
9 81 100
9 81 100
9 81 100
9 81 100
8 81 100
8 81 100
8 81 100
8 81 100
8 81 100
8 81 100
8 81 100
8 81 100
8 81 100
8 81 100
8 81 100
8 81 100
8 81 100
8 81 100
8 81 100
7 81 100
7 81 100
7 81 100
7 81 100
7 81 100
7 81 100
7 81 100
7 81 100
7 81 100
7 81 100
7 81 100
7 81 100
7 81 100
7 81 100
7 81 100
6 81 100
6 81 100
6 81 100
6 81 100
6 81 100
6 81 100
6 81 100
6 81 100
6 81 100
6 81 100
6 81 100
6 81 100
6 81 100
6 81 100
6 81 100
6 81 100
6 82 100
6 82 100
6 82 100
6 82 100
6 82 100
6 82 100
6 82 100
6 82 100
6 82 100
6 82 100
6 82 100
6 82 100
6 82 100
6 82 100
6 82 100
6 82 100
6 83 100
6 83 100
6 83 100
6 83 100
6 83 100
6 83 100
6 83 100
6 83 100
6 83 100
6 83 100
6 83 100
6 83 100
6 83 100
6 83 100
6 83 100
6 83 100
6 83 100
6 84 100
6 84 100
6 84 100
6 84 100
6 84 100
6 84 100
6 84 100
6 84 100
6 84 100
6 84 100
6 84 100
6 84 100
6 84 100
6 84 100
6 84 100
6 84 100
6 84 100
6 84 100
6 85 100
6 85 100
6 85 100
6 85 100
6 85 100
6 85 100
6 85 100
6 85 100
6 85 100
6 85 100
6 85 100
6 85 100
6 85 100
6 85 100
6 85 100
6 85 100
6 85 100
6 85 100
6 85 100
6 86 100
6 86 100
6 86 100
6 86 100
6 86 100
6 86 100
6 86 100
6 86 100
6 86 100
6 86 100
6 86 100
6 86 100
6 86 100
6 86 100
6 86 100
6 86 100
6 86 100
6 86 100
6 86 100
6 86 100
6 86 100
6 86 100
6 87 100
6 87 100
6 87 100
6 87 100
6 87 100
6 87 100
6 87 100
6 87 100
6 87 100
6 87 100
6 87 100
6 87 100
6 87 100
6 87 100
6 87 100
6 87 100
6 87 100
6 87 100
6 87 100
6 87 100
6 87 100
6 87 100
6 87 100
6 87 100
6 88 100
6 88 100
6 88 100
6 88 100
6 88 100
6 88 100
6 88 100
6 88 100
6 88 100
6 88 100
6 88 100
6 88 100
6 88 100
6 88 100
6 88 100
6 88 100
6 88 100
6 88 100
6 88 100
6 88 100
6 88 100
6 88 100
6 88 100
6 88 100
6 88 100
6 89 100
6 89 100
6 89 100
6 89 100
6 89 100
6 89 100
6 89 100
6 89 100
6 89 100
6 89 100
6 89 100
6 89 100
6 89 100
6 89 100
6 89 100
6 89 100
6 89 100
6 89 100
6 89 100
6 89 100
6 89 100
6 89 100
6 89 100
6 89 100
6 89 100
6 89 100
6 90 100
6 90 100
6 90 100
6 90 100
6 90 100
6 90 100
6 90 100
6 90 100
6 90 100
6 90 100
6 90 100
6 90 100
6 90 100
6 90 100
6 90 100
6 90 100
6 90 100
6 90 100
6 90 100
6 90 100
6 90 100
6 90 100
6 90 100
6 90 100
6 90 100
6 90 100
6 91 100
6 91 100
6 91 100
6 91 100
6 91 100
6 91 100
6 91 100
6 91 100
6 91 100
6 91 100
6 91 100
6 91 100
6 91 100
6 91 100
6 91 100
6 91 100
6 91 100
6 91 100
6 91 100
6 91 100
6 91 100
6 91 100
6 91 100
6 91 100
6 91 100
6 92 100
6 92 100
6 92 100
6 92 100
6 92 100
6 92 100
6 92 100
6 92 100
6 92 100
6 92 100
6 92 100
6 92 100
6 92 100
6 92 100
6 92 100
6 92 100
6 92 100
6 92 100
6 92 100
6 92 100
6 92 100
6 92 100
6 92 100
6 93 100
6 93 100
6 93 100
6 93 100
6 93 100
6 93 100
6 93 100
6 93 100
6 93 100
6 93 100
6 93 100
6 93 100
6 93 100
6 93 100
6 93 100
6 93 100
6 93 100
6 93 100
6 93 100
6 93 100
6 93 100
6 94 100
6 94 100
6 94 100
6 94 100
6 94 100
6 94 100
6 94 100
6 94 100
6 94 100
6 94 100
6 94 100
6 94 100
6 94 100
6 94 100
6 94 100
6 94 100
6 94 100
6 94 100
6 95 100
6 95 100
6 95 100
6 95 100
6 95 100
6 95 100
6 95 100
6 95 100
6 95 100
6 95 100
6 95 100
6 95 100
6 95 100
6 95 100
6 95 100
6 95 100
6 96 100
6 96 100
6 96 100
6 96 100
6 96 100
6 96 100
6 96 100
6 96 100
6 96 100
6 96 100
6 96 100
6 96 100
6 96 100
6 96 100
6 97 100
6 97 100
6 97 100
6 97 100
6 97 100
6 97 100
6 97 100
6 97 100
6 97 100
6 97 100
6 97 100
6 97 100
6 97 100
6 98 100
6 98 100
6 98 100
6 98 100
6 98 100
6 98 100
6 98 100
6 98 100
6 98 100
6 98 100
6 98 100
6 98 100
6 99 100
6 99 100
6 99 100
6 99 100
6 99 100
6 99 100
6 99 100
6 99 100
6 99 100
6 99 100
6 99 100
6 99 100
6 99 100
6 100 100
6 100 100
6 100 100
6 100 100
6 100 100
6 100 100
6 100 100
6 100 100
6 100 100
6 100 100
6 100 100
6 100 100
6 100 100
6 101 100
6 101 100
6 101 100
6 101 100
6 101 100
6 101 100
6 101 100
6 101 100
6 101 100
6 101 100
6 101 100
6 101 100
6 101 100
6 101 100
6 102 100
6 102 100
6 102 100
6 102 100
6 102 100
6 102 100
6 102 100
6 102 100
6 102 100
6 102 100
6 102 100
6 102 100
6 102 100
6 102 100
6 102 100
6 103 100
6 103 100
6 103 100
6 103 100
6 103 100
6 103 100
6 103 100
6 103 100
6 103 100
6 103 100
6 103 100
6 103 100
6 103 100
6 103 100
6 103 100
6 103 100
6 104 100
6 104 100
6 104 100
6 104 100
6 104 100
6 104 100
6 104 100
6 104 100
6 104 100
6 104 100
6 104 100
6 104 100
6 104 100
6 104 100
6 104 100
6 104 100
6 104 100
6 105 100
6 105 100
6 105 100
6 105 100
6 105 100
6 105 100
6 105 100
6 105 100
6 105 100
6 105 100
6 105 100
6 105 100
6 105 100
6 105 100
6 105 100
6 105 100
6 105 100
6 105 100
6 105 100
6 106 100
6 106 100
6 106 100
6 106 100
6 106 100
6 106 100
6 106 100
6 106 100
6 106 100
6 106 100
6 106 100
6 106 100
6 106 100
6 106 100
6 106 100
6 106 100
6 106 100
6 106 100
6 106 100
6 106 100
6 107 100
6 107 100
6 107 100
6 107 100
6 107 100
6 107 100
6 107 100
6 107 100
6 107 100
6 107 100
6 107 100
6 107 100
6 107 100
6 107 100
6 107 100
6 107 100
6 107 100
6 107 100
6 107 100
6 107 100
6 107 100
6 108 100
6 108 100
6 108 100
6 108 100
6 108 100
6 108 100
6 108 100
6 108 100
6 108 100
6 108 100
6 108 100
6 108 100
6 108 100
6 108 100
6 108 100
6 108 100
6 108 100
6 108 100
6 108 100
6 108 100
6 108 100
6 109 100
6 109 100
6 109 100
6 109 100
6 109 100
6 109 100
6 109 100
6 109 100
6 109 100
6 109 100
6 109 100
6 109 100
6 109 100
6 109 100
6 109 100
6 109 100
6 109 100
6 109 100
6 109 100
6 109 100
6 110 100
6 110 100
6 110 100
6 110 100
6 110 100
6 110 100
6 110 100
6 110 100
6 110 100
6 110 100
6 110 100
6 110 100
6 110 100
6 110 100
6 110 100
6 110 100
6 110 100
6 110 100
6 110 100
6 110 100
6 111 100
6 111 100
6 111 100
6 111 100
6 111 100
6 111 100
6 111 100
6 111 100
6 111 100
6 111 100
6 111 100
6 111 100
6 111 100
6 111 100
6 111 100
6 111 100
6 111 100
6 111 100
6 111 100
6 112 100
6 112 100
6 112 100
6 112 100
6 112 100
6 112 100
6 112 100
6 112 100
6 112 100
6 112 100
6 112 100
6 112 100
6 112 100
6 112 100
6 112 100
6 112 100
6 112 100
6 112 100
6 112 100
6 113 100
6 113 100
6 113 100
6 113 100
6 113 100
6 113 100
6 113 100
6 113 100
6 113 100
6 113 100
6 113 100
6 113 100
6 113 100
6 113 100
6 113 100
6 113 100
6 113 100
6 113 100
6 113 100
6 114 100
6 114 100
6 114 100
6 114 100
6 114 100
6 114 100
6 114 100
6 114 100
6 114 100
6 114 100
6 114 100
6 114 100
6 114 100
6 114 100
6 114 100
6 114 100
6 114 100
6 114 100
6 114 100
6 115 100
6 115 100
6 115 100
6 115 100
6 115 100
6 115 100
6 115 100
6 115 100
6 115 100
6 115 100
6 115 100
6 115 100
6 115 100
6 115 100
6 115 100
6 115 100
6 115 100
6 115 100
6 115 100
6 116 100
6 116 100
6 116 100
6 116 100
6 116 100
6 116 100
6 116 100
6 116 100
6 116 100
6 116 100
6 116 100
6 116 100
6 116 100
6 116 100
6 116 100
6 116 100
6 116 100
6 116 100
6 116 100
6 116 100
6 117 100
6 117 100
6 117 100
6 117 100
6 117 100
6 117 100
6 117 100
6 117 100
6 117 100
6 117 100
6 117 100
6 117 100
6 117 100
6 117 100
6 117 100
6 117 100
6 117 100
6 117 100
6 117 100
6 117 100
6 117 100
6 118 100
6 118 100
6 118 100
6 118 100
6 118 100
6 118 100
6 118 100
6 118 100
6 118 100
6 118 100
6 118 100
6 118 100
6 118 100
6 118 100
6 118 100
6 118 100
6 118 100
6 118 100
6 118 100
6 118 100
6 118 100
6 118 100
6 118 100
6 119 100
6 119 100
6 119 100
6 119 100
6 119 100
6 119 100
6 119 100
6 119 100
6 119 100
6 119 100
6 119 100
6 119 100
6 119 100
6 119 100
6 119 100
6 119 100
6 119 100
6 119 100
6 119 100
6 119 100
6 119 100
6 119 100
6 119 100
6 119 100
6 119 100
6 119 100
6 120 100
6 120 100
6 120 100
6 120 100
6 120 100
6 120 100
6 120 100
6 120 100
6 120 100
6 120 100
6 120 100
6 120 100
6 120 100
6 120 100
6 120 100
6 120 100
6 120 100
6 120 100
6 120 100
6 120 100
6 120 100
6 120 100
6 120 100
6 120 100
6 120 100
6 120 100
6 120 100
6 120 100
6 120 100
6 120 100
6 121 100
6 121 100
6 121 100
6 121 100
6 121 100
6 121 100
6 121 100
6 121 100
6 121 100
6 121 100
6 121 100
6 121 100
6 121 100
6 121 100
6 121 100
6 121 100
6 121 100
6 121 100
6 121 100
6 121 100
6 121 100
6 121 100
6 121 100
6 121 100
6 121 100
6 121 100
6 121 100
6 121 100
6 121 100
6 121 100
6 121 100
6 121 100
6 121 100
6 121 100
6 122 100
6 122 100
6 122 100
6 122 100
6 122 100
6 122 100
6 122 100
6 122 100
6 122 100
6 122 100
6 122 100
6 122 100
6 122 100
6 122 100
6 122 100
6 122 100
6 122 100
6 122 100
6 122 100
6 122 100
6 122 100
6 122 100
6 122 100
6 122 100
6 122 100
6 122 100
6 122 100
6 122 100
6 122 100
6 122 100
6 122 100
6 122 100
6 122 100
6 122 100
6 122 100
6 122 100
6 122 100
6 122 100
6 123 100
6 123 100
6 123 100
6 123 100
6 123 100
6 123 100
6 123 100
6 123 100
6 123 100
6 123 100
6 123 100
6 123 100
6 123 100
6 123 100
6 123 100
6 123 100
6 123 100
6 123 100
6 123 100
6 123 100
6 123 100
6 123 100
6 123 100
6 123 100
6 123 100
6 123 100
6 123 100
6 123 100
6 123 100
6 123 100
6 123 100
6 123 100
6 123 100
6 123 100
6 123 100
6 123 100
6 123 100
6 123 100
6 123 100
6 123 100
6 123 100
6 124 100
6 124 100
6 124 100
6 124 100
6 124 100
6 124 100
6 124 100
6 124 100
6 124 100
6 124 100
6 124 100
6 124 100
6 124 100
6 124 100
6 124 100
6 124 100
6 124 100
6 124 100
6 124 100
6 124 100
6 124 100
6 124 100
6 124 100
6 124 100
6 124 100
6 124 100
6 124 100
6 124 100
6 124 100
6 124 100
6 124 100
6 124 100
6 124 100
6 124 100
6 124 100
6 124 100
6 124 100
6 124 100
6 124 100
6 124 100
6 124 100
6 124 100
6 124 100
6 125 100
6 125 100
6 125 100
6 125 100
6 125 100
6 125 100
6 125 100
6 125 100
6 125 100
6 125 100
6 125 100
6 125 100
6 125 100
6 125 100
6 125 100
6 125 100
6 125 100
6 125 100
6 125 100
6 125 100
6 125 100
6 125 100
6 125 100
6 125 100
6 125 100
6 125 100
6 125 100
6 125 100
6 125 100
6 125 100
6 125 100
6 125 100
6 125 100
6 125 100
6 125 100
6 125 100
6 125 100
6 125 100
6 125 100
6 125 100
6 125 100
6 125 100
6 125 100
6 125 100
6 125 100
6 126 100
6 126 100
6 126 100
6 126 100
6 126 100
6 126 100
6 126 100
6 126 100
6 126 100
6 126 100
6 126 100
6 126 100
6 126 100
6 126 100
6 126 100
6 126 100
6 126 100
6 126 100
6 126 100
6 126 100
6 126 100
6 126 100
6 126 100
6 126 100
6 126 100
6 126 100
6 126 100
6 126 100
6 126 100
6 126 100
6 126 100
6 126 100
6 126 100
6 126 100
6 126 100
6 126 100
6 126 100
6 126 100
6 126 100
6 126 100
6 126 100
6 126 100
6 126 100
6 126 100
6 126 100
6 126 100
6 127 100
6 127 100
6 127 100
6 127 100
6 127 100
6 127 100
6 127 100
6 127 100
6 127 100
6 127 100
6 127 100
6 127 100
6 127 100
6 127 100
6 127 100
6 127 100
6 127 100
6 127 100
6 127 100
6 127 100
6 127 100
6 127 100
6 127 100
6 127 100
6 127 100
6 127 100
6 127 100
6 127 100
6 127 100
6 127 100
6 127 100
6 127 100
6 127 100
6 127 100
6 127 100
6 127 100
6 127 100
6 127 100
6 127 100
6 127 100
6 127 100
6 127 100
6 127 100
6 127 100
6 127 100
6 127 100
6 127 100
6 128 100
6 128 100
6 128 100
6 128 100
6 128 100
6 128 100
6 128 100
6 128 100
6 128 100
6 128 100
6 128 100
6 128 100
6 128 100
6 128 100
6 128 100
6 128 100
6 128 100
6 128 100
6 128 100
6 128 100
6 128 100
6 128 100
6 128 100
6 128 100
6 128 100
6 128 100
6 128 100
6 128 100
6 128 100
6 128 100
6 128 100
6 128 100
6 128 100
6 128 100
6 128 100
6 128 100
6 128 100
6 128 100
6 128 100
6 128 100
6 128 100
6 128 100
6 128 100
6 128 100
6 128 100
6 128 100
6 128 100
6 129 100
6 129 100
6 129 100
6 129 100
6 129 100
6 129 100
6 129 100
6 129 100
6 129 100
6 129 100
6 129 100
6 129 100
6 129 100
6 129 100
6 129 100
6 129 100
6 129 100
6 129 100
6 129 100
6 129 100
6 129 100
6 129 100
6 129 100
6 129 100
6 129 100
6 129 100
6 129 100
6 129 100
6 129 100
6 129 100
6 129 100
6 129 100
6 129 100
6 129 100
6 129 100
6 129 100
6 129 100
6 129 100
6 129 100
6 129 100
6 129 100
6 129 100
6 129 100
6 129 100
6 129 100
6 129 100
6 129 100
6 130 100
6 130 100
6 130 100
6 130 100
6 130 100
6 130 100
6 130 100
6 130 100
6 130 100
6 130 100
6 130 100
6 130 100
6 130 100
6 130 100
6 130 100
6 130 100
6 130 100
6 130 100
6 130 100
6 130 100
6 130 100
6 130 100
6 130 100
6 130 100
6 130 100
6 130 100
6 130 100
6 130 100
6 130 100
6 130 100
6 130 100
6 130 100
6 130 100
6 130 100
6 130 100
6 130 100
6 130 100
6 130 100
6 130 100
6 130 100
6 130 100
6 130 100
6 130 100
6 130 100
6 130 100
6 130 100
6 130 100
6 131 100
6 131 100
6 131 100
6 131 100
6 131 100
6 131 100
6 131 100
6 131 100
6 131 100
6 131 100
6 131 100
6 131 100
6 131 100
6 131 100
6 131 100
6 131 100
6 131 100
6 131 100
6 131 100
6 131 100
6 131 100
6 131 100
6 131 100
6 131 100
6 131 100
6 131 100
6 131 100
6 131 100
6 131 100
6 131 100
6 131 100
6 131 100
6 131 100
6 131 100
6 131 100
6 131 100
6 131 100
6 131 100
6 131 100
6 131 100
6 131 100
6 131 100
6 131 100
6 131 100
6 131 100
6 131 100
6 131 100
6 132 100
6 132 100
6 132 100
6 132 100
6 132 100
6 132 100
6 132 100
6 132 100
6 132 100
6 132 100
6 132 100
6 132 100
6 132 100
6 132 100
6 132 100
6 132 100
6 132 100
6 132 100
6 132 100
6 132 100
6 132 100
6 132 100
6 132 100
6 132 100
6 132 100
6 132 100
6 132 100
6 132 100
6 132 100
6 132 100
6 132 100
6 132 100
6 132 100
6 132 100
6 132 100
6 132 100
6 132 100
6 132 100
6 132 100
6 132 100
6 132 100
6 132 100
6 132 100
6 132 100
6 132 100
6 132 100
6 132 100
6 133 100
6 133 100
6 133 100
6 133 100
6 133 100
6 133 100
6 133 100
6 133 100
6 133 100
6 133 100
6 133 100
6 133 100
6 133 100
6 133 100
6 133 100
6 133 100
6 133 100
6 133 100
6 133 100
6 133 100
6 133 100
6 133 100
6 133 100
6 133 100
6 133 100
6 133 100
6 133 100
6 133 100
6 133 100
6 133 100
6 133 100
6 133 100
6 133 100
6 133 100
6 133 100
6 133 100
6 133 100
6 133 100
6 133 100
6 133 100
6 133 100
6 133 100
6 133 100
6 133 100
6 133 100
6 133 100
6 133 100
6 133 100
6 134 100
6 134 100
6 134 100
6 134 100
6 134 100
6 134 100
6 134 100
6 134 100
6 134 100
6 134 100
6 134 100
6 134 100
6 134 100
6 134 100
6 134 100
6 134 100
6 134 100
6 134 100
6 134 100
6 134 100
6 134 100
6 134 100
6 134 100
6 134 100
6 134 100
6 134 100
6 134 100
6 134 100
6 134 100
6 134 100
6 134 100
6 134 100
6 134 100
6 134 100
6 134 100
6 134 100
6 134 100
6 134 100
6 134 100
6 134 100
6 134 100
6 134 100
6 134 100
6 134 100
6 134 100
6 134 100
6 134 100
6 134 100
6 134 100
6 135 100
6 135 100
6 135 100
6 135 100
6 135 100
6 135 100
6 135 100
6 135 100
6 135 100
6 135 100
6 135 100
6 135 100
6 135 100
6 135 100
6 135 100
6 135 100
6 135 100
6 135 100
6 135 100
6 135 100
6 135 100
6 135 100
6 135 100
6 135 100
6 135 100
6 135 100
6 135 100
6 135 100
6 135 100
6 135 100
6 135 100
6 135 100
6 135 100
6 135 100
6 135 100
6 135 100
6 135 100
6 135 100
6 135 100
6 135 100
6 135 100
6 135 100
6 135 100
6 135 100
6 135 100
6 135 100
6 135 100
6 135 100
6 135 100
6 136 100
6 136 100
6 136 100
6 136 100
6 136 100
6 136 100
6 136 100
6 136 100
6 136 100
6 136 100
6 136 100
6 136 100
6 136 100
6 136 100
6 136 100
6 136 100
6 136 100
6 136 100
6 136 100
6 136 100
6 136 100
6 136 100
6 136 100
6 136 100
6 136 100
6 136 100
6 136 100
6 136 100
6 136 100
6 136 100
6 136 100
6 136 100
6 136 100
6 136 100
6 136 100
6 136 100
6 136 100
6 136 100
6 136 100
6 136 100
6 136 100
6 136 100
6 136 100
6 136 100
6 136 100
6 136 100
6 136 100
6 136 100
6 137 100
6 137 100
6 137 100
6 137 100
6 137 100
6 137 100
6 137 100
6 137 100
6 137 100
6 137 100
6 137 100
6 137 100
6 137 100
6 137 100
6 137 100
6 137 100
6 137 100
6 137 100
6 137 100
6 137 100
6 137 100
6 137 100
6 137 100
6 137 100
6 137 100
6 137 100
6 137 100
6 137 100
6 137 100
6 137 100
6 137 100
6 137 100
6 137 100
6 137 100
6 137 100
6 137 100
6 137 100
6 137 100
6 137 100
6 137 100
6 137 100
6 137 100
6 137 100
6 137 100
6 137 100
6 137 100
6 137 100
6 137 100
6 138 100
6 138 100
6 138 100
6 138 100
6 138 100
6 138 100
6 138 100
6 138 100
6 138 100
6 138 100
6 138 100
6 138 100
6 138 100
6 138 100
6 138 100
6 138 100
6 138 100
6 138 100
6 138 100
6 138 100
6 138 100
6 138 100
6 138 100
6 138 100
6 138 100
6 138 100
6 138 100
6 138 100
6 138 100
6 138 100
6 138 100
6 138 100
6 138 100
6 138 100
6 138 100
6 138 100
6 138 100
6 138 100
6 138 100
6 138 100
6 138 100
6 138 100
6 138 100
6 138 100
6 138 100
6 138 100
6 139 100
6 139 100
6 139 100
6 139 100
6 139 100
6 139 100
6 139 100
6 139 100
6 139 100
6 139 100
6 139 100
6 139 100
6 139 100
6 139 100
6 139 100
6 139 100
6 139 100
6 139 100
6 139 100
6 139 100
6 139 100
6 139 100
6 139 100
6 139 100
6 139 100
6 139 100
6 139 100
6 139 100
6 139 100
6 139 100
6 139 100
6 139 100
6 139 100
6 139 100
6 139 100
6 139 100
6 139 100
6 139 100
6 139 100
6 139 100
6 139 100
6 139 100
6 139 100
6 140 100
6 140 100
6 140 100
6 140 100
6 140 100
6 140 100
6 140 100
6 140 100
6 140 100
6 140 100
6 140 100
6 140 100
6 140 100
6 140 100
6 140 100
6 140 100
6 140 100
6 140 100
6 140 100
6 140 100
6 140 100
6 140 100
6 140 100
6 140 100
6 140 100
6 140 100
6 140 100
6 140 100
6 140 100
6 140 100
6 140 100
6 140 100
6 140 100
6 140 100
6 140 100
6 140 100
6 140 100
6 140 100
6 140 100
6 140 100
6 140 100
6 141 100
6 141 100
6 141 100
6 141 100
6 141 100
6 141 100
6 141 100
6 141 100
6 141 100
6 141 100
6 141 100
6 141 100
6 141 100
6 141 100
6 141 100
6 141 100
6 141 100
6 141 100
6 141 100
6 141 100
6 141 100
6 141 100
6 141 100
6 141 100
6 141 100
6 141 100
6 141 100
6 141 100
6 141 100
6 141 100
6 141 100
6 141 100
6 141 100
6 141 100
6 141 100
6 141 100
6 141 100
6 141 100
6 141 100
6 142 100
6 142 100
6 142 100
6 142 100
6 142 100
6 142 100
6 142 100
6 142 100
6 142 100
6 142 100
6 142 100
6 142 100
6 142 100
6 142 100
6 142 100
6 142 100
6 142 100
6 142 100
6 142 100
6 142 100
6 142 100
6 142 100
6 142 100
6 142 100
6 142 100
6 142 100
6 142 100
6 142 100
6 142 100
6 142 100
6 142 100
6 142 100
6 142 100
6 142 100
6 142 100
6 142 100
6 142 100
6 143 100
6 143 100
6 143 100
6 143 100
6 143 100
6 143 100
6 143 100
6 143 100
6 143 100
6 143 100
6 143 100
6 143 100
6 143 100
6 143 100
6 143 100
6 143 100
6 143 100
6 143 100
6 143 100
6 143 100
6 143 100
6 143 100
6 143 100
6 143 100
6 143 100
6 143 100
6 143 100
6 143 100
6 143 100
6 143 100
6 143 100
6 143 100
6 143 100
6 143 100
6 143 100
6 143 100
6 144 100
6 144 100
6 144 100
6 144 100
6 144 100
6 144 100
6 144 100
6 144 100
6 144 100
6 144 100
6 144 100
6 144 100
6 144 100
6 144 100
6 144 100
6 144 100
6 144 100
6 144 100
6 144 100
6 144 100
6 144 100
6 144 100
6 144 100
6 144 100
6 144 100
6 144 100
6 144 100
6 144 100
6 144 100
6 144 100
6 144 100
6 144 100
6 144 100
6 144 100
6 145 100
6 145 100
6 145 100
6 145 100
6 145 100
6 145 100
6 145 100
6 145 100
6 145 100
6 145 100
6 145 100
6 145 100
6 145 100
6 145 100
6 145 100
6 145 100
6 145 100
6 145 100
6 145 100
6 145 100
6 145 100
6 145 100
6 145 100
6 145 100
6 145 100
6 145 100
6 145 100
6 145 100
6 145 100
6 145 100
6 145 100
6 145 100
6 145 100
6 146 100
6 146 100
6 146 100
6 146 100
6 146 100
6 146 100
6 146 100
6 146 100
6 146 100
6 146 100
6 146 100
6 146 100
6 146 100
6 146 100
6 146 100
6 146 100
6 146 100
6 146 100
6 146 100
6 146 100
6 146 100
6 146 100
6 146 100
6 146 100
6 146 100
6 146 100
6 146 100
6 146 100
6 146 100
6 146 100
6 146 100
6 146 100
6 146 100
6 147 100
6 147 100
6 147 100
6 147 100
6 147 100
6 147 100
6 147 100
6 147 100
6 147 100
6 147 100
6 147 100
6 147 100
6 147 100
6 147 100
6 147 100
6 147 100
6 147 100
6 147 100
6 147 100
6 147 100
6 147 100
6 147 100
6 147 100
6 147 100
6 147 100
6 147 100
6 147 100
6 147 100
6 147 100
6 147 100
6 147 100
6 148 100
6 148 100
6 148 100
6 148 100
6 148 100
6 148 100
6 148 100
6 148 100
6 148 100
6 148 100
6 148 100
6 148 100
6 148 100
6 148 100
6 148 100
6 148 100
6 148 100
6 148 100
6 148 100
6 148 100
6 148 100
6 148 100
6 148 100
6 148 100
6 148 100
6 148 100
6 148 100
6 148 100
6 148 100
6 149 100
6 149 100
6 149 100
6 149 100
6 149 100
6 149 100
6 149 100
6 149 100
6 149 100
6 149 100
6 149 100
6 149 100
6 149 100
6 149 100
6 149 100
6 149 100
6 149 100
6 149 100
6 149 100
6 149 100
6 149 100
6 149 100
6 149 100
6 149 100
6 149 100
6 149 100
6 149 100
6 150 100
6 150 100
6 150 100
6 150 100
6 150 100
6 150 100
6 150 100
6 150 100
6 150 100
6 150 100
6 150 100
6 150 100
6 150 100
6 150 100
6 150 100
6 150 100
6 150 100
6 150 100
6 150 100
6 150 100
6 150 100
6 150 100
6 150 100
6 151 100
6 151 100
6 151 100
6 151 100
6 151 100
6 151 100
6 151 100
6 151 100
6 151 100
6 151 100
6 151 100
6 151 100
6 151 100
6 151 100
6 151 100
6 151 100
6 151 100
6 151 100
6 151 100
6 152 100
6 152 100
6 152 100
6 152 100
6 152 100
6 152 100
6 152 100
6 152 100
6 152 100
6 152 100
6 152 100
6 152 100
6 152 100
6 152 100
6 152 100
6 152 100
6 153 100
6 153 100
6 153 100
6 153 100
6 153 100
6 153 100
6 153 100
6 153 100
6 153 100
6 153 100
6 153 100
6 153 100
6 153 100
6 154 100
6 154 100
6 154 100
6 154 100
6 154 100
6 154 100
6 154 100
6 154 100
6 154 100
6 154 100
6 154 100
6 155 100
6 155 100
6 155 100
6 155 100
6 155 100
6 155 100
6 155 100
6 155 100
6 156 100
6 156 100
6 156 100
6 156 100
6 156 100
6 156 100
6 157 100
6 157 100
6 157 100
6 157 100
6 158 100
6 158 100
6 158 100
6 159 100
6 159 100
6 159 100
6 160 100
6 160 100
6 161 100
6 161 100
6 162 100
6 162 100
6 163 100
6 163 100
6 164 100
6 165 100
6 166 100
6 167 100
6 168 100
6 169 100
6 170 100
6 171 100
6 172 100
6 173 100
6 174 100
6 175 100
6 176 100
6 177 100
6 178 100
6 179 100
6 180 100
6 181 100
6 182 100
6 183 100
