# move from (174,196) to (129,37)
174 196 100
173 196 100
172 196 100
171 196 100
170 196 100
169 196 100
168 196 100
167 196 100
166 196 100
165 196 100
164 196 100
163 196 100
162 196 100
161 196 100
160 196 100
159 196 100
158 196 100
157 196 100
156 196 100
155 196 100
154 196 100
153 196 100
152 196 100
151 196 100
150 196 100
149 196 100
148 196 100
147 196 100
146 196 100
145 196 100
144 196 100
143 196 100
142 196 100
141 196 100
140 196 100
139 196 100
138 196 100
137 196 100
137 196 100
136 196 100
136 196 100
135 196 100
135 196 100
134 196 100
134 196 100
133 196 100
133 196 100
132 196 100
132 196 100
131 196 100
131 196 100
130 196 100
130 196 100
130 196 100
129 196 100
129 196 100
129 196 100
129 195 100
129 195 100
129 195 100
129 195 100
129 194 100
129 194 100
129 194 100
129 194 100
129 194 100
129 193 100
129 193 100
129 193 100
129 193 100
129 193 100
129 193 100
129 192 100
129 192 100
129 192 100
129 192 100
129 192 100
129 192 100
129 192 100
129 191 100
129 191 100
129 191 100
129 191 100
129 191 100
129 191 100
129 191 100
129 190 100
129 190 100
129 190 100
129 190 100
129 190 100
129 190 100
129 190 100
129 190 100
129 189 100
129 189 100
129 189 100
129 189 100
129 189 100
129 189 100
129 189 100
129 189 100
129 188 100
129 188 100
129 188 100
129 188 100
129 188 100
129 188 100
129 188 100
129 188 100
129 187 100
129 187 100
129 187 100
129 187 100
129 187 100
129 187 100
129 187 100
129 187 100
129 186 100
129 186 100
129 186 100
129 186 100
129 186 100
129 186 100
129 186 100
129 185 100
129 185 100
129 185 100
129 185 100
129 185 100
129 185 100
129 184 100
129 184 100
129 184 100
129 184 100
129 184 100
129 183 100
129 183 100
129 183 100
129 183 100
129 182 100
129 182 100
129 182 100
129 181 100
129 181 100
129 180 100
129 180 100
129 179 100
129 179 100
129 178 100
129 177 100
129 176 100
129 175 100
129 174 100
129 173 100
129 172 100
129 171 100
129 170 100
129 169 100
129 168 100
129 167 100
129 166 100
129 165 100
129 164 100
129 163 100
129 162 100
129 161 100
129 160 100
129 159 100
129 158 100
129 157 100
129 156 100
129 155 100
129 155 100
129 154 100
129 154 100
129 154 100
129 153 100
129 153 100
129 153 100
129 153 100
129 152 100
129 152 100
129 152 100
129 152 100
129 152 100
129 152 100
129 151 100
129 151 100
129 151 100
129 151 100
129 151 100
129 151 100
129 151 100
129 150 100
129 150 100
129 150 100
129 150 100
129 150 100
129 150 100
129 150 100
129 150 100
129 150 100
129 149 100
129 149 100
129 149 100
129 149 100
129 149 100
129 149 100
129 149 100
129 149 100
129 149 100
129 149 100
129 148 100
129 148 100
129 148 100
129 148 100
129 148 100
129 148 100
129 148 100
129 148 100
129 148 100
129 148 100
129 148 100
129 147 100
129 147 100
129 147 100
129 147 100
129 147 100
129 147 100
129 147 100
129 147 100
129 147 100
129 147 100
129 147 100
129 147 100
129 146 100
129 146 100
129 146 100
129 146 100
129 146 100
129 146 100
129 146 100
129 146 100
129 146 100
129 146 100
129 146 100
129 146 100
129 146 100
129 145 100
129 145 100
129 145 100
129 145 100
129 145 100
129 145 100
129 145 100
129 145 100
129 145 100
129 145 100
129 145 100
129 145 100
129 145 100
129 145 100
129 144 100
129 144 100
129 144 100
129 144 100
129 144 100
129 144 100
129 144 100
129 144 100
129 144 100
129 144 100
129 144 100
129 144 100
129 144 100
129 144 100
129 143 100
129 143 100
129 143 100
129 143 100
129 143 100
129 143 100
129 143 100
129 143 100
129 143 100
129 143 100
129 143 100
129 143 100
129 143 100
129 143 100
129 143 100
129 142 100
129 142 100
129 142 100
129 142 100
129 142 100
129 142 100
129 142 100
129 142 100
129 142 100
129 142 100
129 142 100
129 142 100
129 142 100
129 142 100
129 142 100
129 141 100
129 141 100
129 141 100
129 141 100
129 141 100
129 141 100
129 141 100
129 141 100
129 141 100
129 141 100
129 141 100
129 141 100
129 141 100
129 141 100
129 141 100
129 140 100
129 140 100
129 140 100
129 140 100
129 140 100
129 140 100
129 140 100
129 140 100
129 140 100
129 140 100
129 140 100
129 140 100
129 140 100
129 140 100
129 140 100
129 139 100
129 139 100
129 139 100
129 139 100
129 139 100
129 139 100
129 139 100
129 139 100
129 139 100
129 139 100
129 139 100
129 139 100
129 139 100
129 139 100
129 138 100
129 138 100
129 138 100
129 138 100
129 138 100
129 138 100
129 138 100
129 138 100
129 138 100
129 138 100
129 138 100
129 138 100
129 138 100
129 137 100
129 137 100
129 137 100
129 137 100
129 137 100
129 137 100
129 137 100
129 137 100
129 137 100
129 137 100
129 137 100
129 136 100
129 136 100
129 136 100
129 136 100
129 136 100
129 136 100
129 136 100
129 136 100
129 136 100
129 136 100
129 135 100
129 135 100
129 135 100
129 135 100
129 135 100
129 135 100
129 135 100
129 135 100
129 134 100
129 134 100
129 134 100
129 134 100
129 134 100
129 134 100
129 133 100
129 133 100
129 133 100
129 133 100
129 133 100
129 132 100
129 132 100
129 132 100
129 131 100
129 131 100
129 130 100
129 130 100
129 129 100
129 128 100
129 127 100
129 126 100
129 125 100
129 124 100
129 123 100
129 122 100
129 121 100
129 120 100
129 119 100
129 118 100
129 117 100
129 116 100
129 115 100
129 114 100
129 113 100
129 112 100
129 111 100
129 110 100
129 109 100
129 108 100
129 107 100
129 106 100
129 105 100
129 104 100
129 103 100
129 102 100
129 101 100
129 100 100
129 99 100
129 98 100
129 97 100
129 96 100
129 96 100
129 95 100
129 95 100
129 95 100
129 94 100
129 94 100
129 94 100
129 94 100
129 93 100
129 93 100
129 93 100
129 93 100
129 93 100
129 92 100
129 92 100
129 92 100
129 92 100
129 92 100
129 92 100
129 92 100
129 91 100
129 91 100
129 91 100
129 91 100
129 91 100
129 91 100
129 91 100
129 91 100
129 90 100
129 90 100
129 90 100
129 90 100
129 90 100
129 90 100
129 90 100
129 90 100
129 90 100
129 90 100
129 89 100
129 89 100
129 89 100
129 89 100
129 89 100
129 89 100
129 89 100
129 89 100
129 89 100
129 89 100
129 89 100
129 88 100
129 88 100
129 88 100
129 88 100
129 88 100
129 88 100
129 88 100
129 88 100
129 88 100
129 88 100
129 88 100
129 88 100
129 87 100
129 87 100
129 87 100
129 87 100
129 87 100
129 87 100
129 87 100
129 87 100
129 87 100
129 87 100
129 87 100
129 87 100
129 86 100
129 86 100
129 86 100
129 86 100
129 86 100
129 86 100
129 86 100
129 86 100
129 86 100
129 86 100
129 86 100
129 86 100
129 86 100
129 85 100
129 85 100
129 85 100
129 85 100
129 85 100
129 85 100
129 85 100
129 85 100
129 85 100
129 85 100
129 85 100
129 85 100
129 85 100
129 84 100
129 84 100
129 84 100
129 84 100
129 84 100
129 84 100
129 84 100
129 84 100
129 84 100
129 84 100
129 84 100
129 84 100
129 84 100
129 83 100
129 83 100
129 83 100
129 83 100
129 83 100
129 83 100
129 83 100
129 83 100
129 83 100
129 83 100
129 83 100
129 83 100
129 82 100
129 82 100
129 82 100
129 82 100
129 82 100
129 82 100
129 82 100
129 82 100
129 82 100
129 82 100
129 82 100
129 82 100
129 81 100
129 81 100
129 81 100
129 81 100
129 81 100
129 81 100
129 81 100
129 81 100
129 81 100
129 81 100
129 81 100
129 80 100
129 80 100
129 80 100
129 80 100
129 80 100
129 80 100
129 80 100
129 80 100
129 80 100
129 80 100
129 80 100
129 79 100
129 79 100
129 79 100
129 79 100
129 79 100
129 79 100
129 79 100
129 79 100
129 79 100
129 79 100
129 78 100
129 78 100
129 78 100
129 78 100
129 78 100
129 78 100
129 78 100
129 78 100
129 77 100
129 77 100
129 77 100
129 77 100
129 77 100
129 77 100
129 77 100
129 76 100
129 76 100
129 76 100
129 76 100
129 76 100
129 76 100
129 75 100
129 75 100
129 75 100
129 75 100
129 74 100
129 74 100
129 74 100
129 73 100
129 73 100
129 72 100
129 72 100
129 71 100
129 70 100
129 69 100
129 68 100
129 67 100
129 66 100
129 65 100
129 64 100
129 63 100
129 62 100
129 61 100
129 60 100
129 59 100
129 58 100
129 57 100
129 56 100
129 55 100
129 54 100
129 53 100
129 52 100
129 51 100
129 50 100
129 49 100
129 48 100
129 47 100
129 46 100
129 45 100
129 44 100
129 43 100
129 42 100
129 41 100
129 40 100
129 39 100
129 38 100
129 37 100
# move from (94,156) to (129,37)
94 156 100
95 156 100
96 156 100
97 156 100
98 156 100
99 156 100
100 156 100
101 156 100
102 156 100
103 156 100
104 156 100
105 156 100
106 156 100
107 156 100
108 156 100
109 156 100
110 156 100
111 156 100
112 156 100
113 156 100
114 156 100
115 156 100
116 156 100
117 156 100
118 156 100
119 156 100
120 156 100
121 156 100
122 156 100
123 156 100
124 156 100
125 156 100
126 156 100
127 156 100
128 156 100
# move from (136,3) to (129,37)
136 3 100
135 3 100
134 3 100
133 3 100
132 3 100
131 3 100
130 3 100
129 3 100
129 4 100
129 5 100
129 6 100
129 7 100
129 8 100
129 9 100
129 10 100
129 11 100
129 12 100
129 13 100
129 14 100
129 15 100
129 16 100
129 17 100
129 18 100
129 19 100
129 20 100
129 21 100
129 22 100
129 23 100
129 24 100
129 25 100
129 26 100
129 27 100
129 28 100
129 29 100
129 30 100
129 31 100
129 32 100
129 33 100
129 34 100
129 35 100
129 36 100
# move from (110,114) to (129,37)
110 114 100
111 114 100
112 114 100
113 114 100
114 114 100
115 114 100
116 114 100
117 114 100
118 114 100
119 114 100
120 114 100
121 114 100
122 114 100
123 114 100
124 114 100
125 114 100
126 114 100
127 114 100
128 114 100
# move from (144,190) to (129,37)
144 190 100
143 190 100
142 190 100
141 190 100
140 190 100
139 190 100
138 190 100
137 190 100
136 190 100
135 190 100
134 190 100
134 190 100
133 190 100
133 190 100
132 190 100
132 190 100
132 190 100
131 190 100
131 190 100
131 190 100
131 190 100
130 190 100
130 190 100
130 190 100
130 190 100
130 190 100
130 190 100
# move from (194,146) to (129,37)
194 146 100
193 146 100
192 146 100
191 146 100
190 146 100
189 146 100
188 146 100
187 146 100
187 146 100
186 146 100
186 146 100
185 146 100
185 146 100
184 146 100
184 146 100
184 146 100
183 146 100
183 146 100
183 146 100
183 146 100
182 146 100
182 146 100
182 146 100
182 146 100
181 146 100
181 146 100
181 146 100
181 146 100
181 146 100
180 146 100
180 146 100
180 146 100
180 146 100
180 146 100
179 146 100
179 146 100
179 146 100
179 146 100
179 146 100
179 146 100
178 146 100
178 146 100
178 146 100
178 146 100
178 146 100
178 146 100
177 146 100
177 146 100
177 146 100
177 146 100
177 146 100
177 146 100
176 146 100
176 146 100
176 146 100
176 146 100
176 146 100
176 146 100
175 146 100
175 146 100
175 146 100
175 146 100
175 146 100
175 146 100
174 146 100
174 146 100
174 146 100
174 146 100
174 146 100
174 146 100
173 146 100
173 146 100
173 146 100
173 146 100
173 146 100
173 146 100
173 146 100
172 146 100
172 146 100
172 146 100
172 146 100
172 146 100
172 146 100
172 146 100
172 146 100
171 146 100
171 146 100
171 146 100
171 146 100
171 146 100
171 146 100
171 146 100
171 146 100
170 146 100
170 146 100
170 146 100
170 146 100
170 146 100
170 146 100
170 146 100
170 146 100
170 146 100
169 146 100
169 146 100
169 146 100
169 146 100
169 146 100
169 146 100
169 146 100
169 146 100
169 146 100
169 146 100
168 146 100
168 146 100
168 146 100
168 146 100
168 146 100
168 146 100
168 146 100
168 146 100
168 146 100
168 146 100
168 146 100
168 146 100
167 146 100
167 146 100
167 146 100
167 146 100
167 146 100
167 146 100
167 146 100
167 146 100
167 146 100
167 146 100
167 146 100
167 146 100
167 146 100
166 146 100
166 146 100
166 146 100
166 146 100
166 146 100
166 146 100
166 146 100
166 146 100
166 146 100
166 146 100
166 146 100
166 146 100
166 146 100
166 146 100
165 146 100
165 146 100
165 146 100
165 146 100
165 146 100
165 146 100
165 146 100
165 146 100
165 146 100
165 146 100
165 146 100
165 146 100
165 146 100
165 146 100
165 146 100
164 146 100
164 146 100
164 146 100
164 146 100
164 146 100
164 146 100
164 146 100
164 146 100
164 146 100
164 146 100
164 146 100
164 146 100
164 146 100
164 146 100
164 146 100
163 146 100
163 146 100
163 146 100
163 146 100
163 146 100
163 146 100
163 146 100
163 146 100
163 146 100
163 146 100
163 146 100
163 146 100
163 146 100
163 146 100
163 146 100
163 146 100
162 146 100
162 146 100
162 146 100
162 146 100
162 146 100
162 146 100
162 146 100
162 146 100
162 146 100
162 146 100
162 146 100
162 146 100
162 146 100
162 146 100
162 146 100
162 146 100
161 146 100
161 146 100
161 146 100
161 146 100
161 146 100
161 146 100
161 146 100
161 146 100
161 146 100
161 146 100
161 146 100
161 146 100
161 146 100
161 146 100
161 146 100
161 146 100
161 146 100
160 146 100
160 146 100
160 146 100
160 146 100
160 146 100
160 146 100
160 146 100
160 146 100
160 146 100
160 146 100
160 146 100
160 146 100
160 146 100
160 146 100
160 146 100
160 146 100
160 146 100
159 146 100
159 146 100
159 146 100
159 146 100
159 146 100
159 146 100
159 146 100
159 146 100
159 146 100
159 146 100
159 146 100
159 146 100
159 146 100
159 146 100
159 146 100
159 146 100
159 146 100
158 146 100
158 146 100
158 146 100
158 146 100
158 146 100
158 146 100
158 146 100
158 146 100
158 146 100
158 146 100
158 146 100
158 146 100
158 146 100
158 146 100
158 146 100
158 146 100
158 146 100
158 146 100
157 146 100
157 146 100
157 146 100
157 146 100
157 146 100
157 146 100
157 146 100
157 146 100
157 146 100
157 146 100
157 146 100
157 146 100
157 146 100
157 146 100
157 146 100
157 146 100
157 146 100
157 146 100
156 146 100
156 146 100
156 146 100
156 146 100
156 146 100
156 146 100
156 146 100
156 146 100
156 146 100
156 146 100
156 146 100
156 146 100
156 146 100
156 146 100
156 146 100
156 146 100
156 146 100
156 146 100
156 146 100
155 146 100
155 146 100
155 146 100
155 146 100
155 146 100
155 146 100
155 146 100
155 146 100
155 146 100
155 146 100
155 146 100
155 146 100
155 146 100
155 146 100
155 146 100
155 146 100
155 146 100
155 146 100
155 146 100
154 146 100
154 146 100
154 146 100
154 146 100
154 146 100
154 146 100
154 146 100
154 146 100
154 146 100
154 146 100
154 146 100
154 146 100
154 146 100
154 146 100
154 146 100
154 146 100
154 146 100
154 146 100
154 146 100
154 146 100
153 146 100
153 146 100
153 146 100
153 146 100
153 146 100
153 146 100
153 146 100
153 146 100
153 146 100
153 146 100
153 146 100
153 146 100
153 146 100
153 146 100
153 146 100
153 146 100
153 146 100
153 146 100
153 146 100
153 146 100
153 146 100
152 146 100
152 146 100
152 146 100
152 146 100
152 146 100
152 146 100
152 146 100
152 146 100
152 146 100
152 146 100
152 146 100
152 146 100
152 146 100
152 146 100
152 146 100
152 146 100
152 146 100
152 146 100
152 146 100
152 146 100
152 146 100
152 146 100
152 146 100
151 146 100
151 146 100
151 146 100
151 146 100
151 146 100
151 146 100
151 146 100
151 146 100
151 146 100
151 146 100
151 146 100
151 146 100
151 146 100
151 146 100
151 146 100
151 146 100
151 146 100
151 146 100
151 146 100
151 146 100
151 146 100
151 146 100
151 146 100
151 146 100
151 146 100
150 146 100
150 146 100
150 146 100
150 146 100
150 146 100
150 146 100
150 146 100
150 146 100
150 146 100
150 146 100
150 146 100
150 146 100
150 146 100
150 146 100
150 146 100
150 146 100
150 146 100
150 146 100
150 146 100
150 146 100
150 146 100
150 146 100
150 146 100
150 146 100
150 146 100
150 146 100
150 146 100
149 146 100
149 146 100
149 146 100
149 146 100
149 146 100
149 146 100
149 146 100
149 146 100
149 146 100
149 146 100
149 146 100
149 146 100
149 146 100
149 146 100
149 146 100
149 146 100
149 146 100
149 146 100
149 146 100
149 146 100
149 146 100
149 146 100
149 146 100
149 146 100
149 146 100
149 146 100
149 146 100
149 146 100
149 146 100
149 146 100
148 146 100
148 146 100
148 146 100
148 146 100
148 146 100
148 146 100
148 146 100
148 146 100
148 146 100
148 146 100
148 146 100
148 146 100
148 146 100
148 146 100
148 146 100
148 146 100
148 146 100
148 146 100
148 146 100
148 146 100
148 146 100
148 146 100
148 146 100
148 146 100
148 146 100
148 146 100
148 146 100
148 146 100
148 146 100
148 146 100
148 146 100
148 146 100
148 146 100
147 146 100
147 146 100
147 146 100
147 146 100
147 146 100
147 146 100
147 146 100
147 146 100
147 146 100
147 146 100
147 146 100
147 146 100
147 146 100
147 146 100
147 146 100
147 146 100
147 146 100
147 146 100
147 146 100
147 146 100
147 146 100
147 146 100
147 146 100
147 146 100
147 146 100
147 146 100
147 146 100
147 146 100
147 146 100
147 146 100
147 146 100
147 146 100
147 146 100
147 146 100
147 146 100
147 146 100
147 146 100
146 146 100
146 146 100
146 146 100
146 146 100
146 146 100
146 146 100
146 146 100
146 146 100
146 146 100
146 146 100
146 146 100
146 146 100
146 146 100
146 146 100
146 146 100
146 146 100
146 146 100
146 146 100
146 146 100
146 146 100
146 146 100
146 146 100
146 146 100
146 146 100
146 146 100
146 146 100
146 146 100
146 146 100
146 146 100
146 146 100
146 146 100
146 146 100
146 146 100
146 146 100
146 146 100
146 146 100
146 146 100
146 146 100
146 146 100
145 146 100
145 146 100
145 146 100
145 146 100
145 146 100
145 146 100
145 146 100
145 146 100
145 146 100
145 146 100
145 146 100
145 146 100
145 146 100
145 146 100
145 146 100
145 146 100
145 146 100
145 146 100
145 146 100
145 146 100
145 146 100
145 146 100
145 146 100
145 146 100
145 146 100
145 146 100
145 146 100
145 146 100
145 146 100
145 146 100
145 146 100
145 146 100
145 146 100
145 146 100
145 146 100
145 146 100
145 146 100
145 146 100
145 146 100
145 146 100
145 146 100
145 146 100
144 146 100
144 146 100
144 146 100
144 146 100
144 146 100
144 146 100
144 146 100
144 146 100
144 146 100
144 146 100
144 146 100
144 146 100
144 146 100
144 146 100
144 146 100
144 146 100
144 146 100
144 146 100
144 146 100
144 146 100
144 146 100
144 146 100
144 146 100
144 146 100
144 146 100
144 146 100
144 146 100
144 146 100
144 146 100
144 146 100
144 146 100
144 146 100
144 146 100
144 146 100
144 146 100
144 146 100
144 146 100
144 146 100
144 146 100
144 146 100
144 146 100
144 146 100
144 146 100
144 146 100
143 146 100
143 146 100
143 146 100
143 146 100
143 146 100
143 146 100
143 146 100
143 146 100
143 146 100
143 146 100
143 146 100
143 146 100
143 146 100
143 146 100
143 146 100
143 146 100
143 146 100
143 146 100
143 146 100
143 146 100
143 146 100
143 146 100
143 146 100
143 146 100
143 146 100
143 146 100
143 146 100
143 146 100
143 146 100
143 146 100
143 146 100
143 146 100
143 146 100
143 146 100
143 146 100
143 146 100
143 146 100
143 146 100
143 146 100
143 146 100
143 146 100
143 146 100
143 146 100
143 146 100
143 146 100
142 146 100
142 146 100
142 146 100
142 146 100
142 146 100
142 146 100
142 146 100
142 146 100
142 146 100
142 146 100
142 146 100
142 146 100
142 146 100
142 146 100
142 146 100
142 146 100
142 146 100
142 146 100
142 146 100
142 146 100
142 146 100
142 146 100
142 146 100
142 146 100
142 146 100
142 146 100
142 146 100
142 146 100
142 146 100
142 146 100
142 146 100
142 146 100
142 146 100
142 146 100
142 146 100
142 146 100
142 146 100
142 146 100
142 146 100
142 146 100
142 146 100
142 146 100
142 146 100
142 146 100
142 146 100
142 146 100
141 146 100
141 146 100
141 146 100
141 146 100
141 146 100
141 146 100
141 146 100
141 146 100
141 146 100
141 146 100
141 146 100
141 146 100
141 146 100
141 146 100
141 146 100
141 146 100
141 146 100
141 146 100
141 146 100
141 146 100
141 146 100
141 146 100
141 146 100
141 146 100
141 146 100
141 146 100
141 146 100
141 146 100
141 146 100
141 146 100
141 146 100
141 146 100
141 146 100
141 146 100
141 146 100
141 146 100
141 146 100
141 146 100
141 146 100
141 146 100
141 146 100
141 146 100
141 146 100
141 146 100
141 146 100
141 146 100
141 146 100
140 146 100
140 146 100
140 146 100
140 146 100
140 146 100
140 146 100
140 146 100
140 146 100
140 146 100
140 146 100
140 146 100
140 146 100
140 146 100
140 146 100
140 146 100
140 146 100
140 146 100
140 146 100
140 146 100
140 146 100
140 146 100
140 146 100
140 146 100
140 146 100
140 146 100
140 146 100
140 146 100
140 146 100
140 146 100
140 146 100
140 146 100
140 146 100
140 146 100
140 146 100
140 146 100
140 146 100
140 146 100
140 146 100
140 146 100
140 146 100
140 146 100
140 146 100
140 146 100
140 146 100
140 146 100
140 146 100
140 146 100
139 146 100
139 146 100
139 146 100
139 146 100
139 146 100
139 146 100
139 146 100
139 146 100
139 146 100
139 146 100
139 146 100
139 146 100
139 146 100
139 146 100
139 146 100
139 146 100
139 146 100
139 146 100
139 146 100
139 146 100
139 146 100
139 146 100
139 146 100
139 146 100
139 146 100
139 146 100
139 146 100
139 146 100
139 146 100
139 146 100
139 146 100
139 146 100
139 146 100
139 146 100
139 146 100
139 146 100
139 146 100
139 146 100
139 146 100
139 146 100
139 146 100
139 146 100
139 146 100
139 146 100
139 146 100
139 146 100
139 146 100
138 146 100
138 146 100
138 146 100
138 146 100
138 146 100
138 146 100
138 146 100
138 146 100
138 146 100
138 146 100
138 146 100
138 146 100
138 146 100
138 146 100
138 146 100
138 146 100
138 146 100
138 146 100
138 146 100
138 146 100
138 146 100
138 146 100
138 146 100
138 146 100
138 146 100
138 146 100
138 146 100
138 146 100
138 146 100
138 146 100
138 146 100
138 146 100
138 146 100
138 146 100
138 146 100
138 146 100
138 146 100
138 146 100
138 146 100
138 146 100
138 146 100
138 146 100
138 146 100
138 146 100
138 146 100
137 146 100
137 146 100
137 146 100
137 146 100
137 146 100
137 146 100
137 146 100
137 146 100
137 146 100
137 146 100
137 146 100
137 146 100
137 146 100
137 146 100
137 146 100
137 146 100
137 146 100
137 146 100
137 146 100
137 146 100
137 146 100
137 146 100
137 146 100
137 146 100
137 146 100
137 146 100
137 146 100
137 146 100
137 146 100
137 146 100
137 146 100
137 146 100
137 146 100
137 146 100
137 146 100
137 146 100
137 146 100
137 146 100
137 146 100
137 146 100
137 146 100
137 146 100
137 146 100
136 146 100
136 146 100
136 146 100
136 146 100
136 146 100
136 146 100
136 146 100
136 146 100
136 146 100
136 146 100
136 146 100
136 146 100
136 146 100
136 146 100
136 146 100
136 146 100
136 146 100
136 146 100
136 146 100
136 146 100
136 146 100
136 146 100
136 146 100
136 146 100
136 146 100
136 146 100
136 146 100
136 146 100
136 146 100
136 146 100
136 146 100
136 146 100
136 146 100
136 146 100
136 146 100
136 146 100
136 146 100
136 146 100
136 146 100
136 146 100
136 146 100
135 146 100
135 146 100
135 146 100
135 146 100
135 146 100
135 146 100
135 146 100
135 146 100
135 146 100
135 146 100
135 146 100
135 146 100
135 146 100
135 146 100
135 146 100
135 146 100
135 146 100
135 146 100
135 146 100
135 146 100
135 146 100
135 146 100
135 146 100
135 146 100
135 146 100
135 146 100
135 146 100
135 146 100
135 146 100
135 146 100
135 146 100
135 146 100
135 146 100
135 146 100
135 146 100
135 146 100
135 146 100
134 146 100
134 146 100
134 146 100
134 146 100
134 146 100
134 146 100
134 146 100
134 146 100
134 146 100
134 146 100
134 146 100
134 146 100
134 146 100
134 146 100
134 146 100
134 146 100
134 146 100
134 146 100
134 146 100
134 146 100
134 146 100
134 146 100
134 146 100
134 146 100
134 146 100
134 146 100
134 146 100
134 146 100
134 146 100
134 146 100
134 146 100
134 146 100
134 146 100
133 146 100
133 146 100
133 146 100
133 146 100
133 146 100
133 146 100
133 146 100
133 146 100
133 146 100
133 146 100
133 146 100
133 146 100
133 146 100
133 146 100
133 146 100
133 146 100
133 146 100
133 146 100
133 146 100
133 146 100
133 146 100
133 146 100
133 146 100
133 146 100
133 146 100
133 146 100
133 146 100
133 146 100
133 146 100
132 146 100
132 146 100
132 146 100
132 146 100
132 146 100
132 146 100
132 146 100
132 146 100
132 146 100
132 146 100
132 146 100
132 146 100
132 146 100
132 146 100
132 146 100
132 146 100
132 146 100
132 146 100
132 146 100
132 146 100
132 146 100
132 146 100
132 146 100
132 146 100
131 146 100
131 146 100
131 146 100
131 146 100
131 146 100
131 146 100
131 146 100
131 146 100
131 146 100
131 146 100
131 146 100
131 146 100
131 146 100
131 146 100
131 146 100
131 146 100
131 146 100
131 146 100
131 146 100
131 146 100
130 146 100
130 146 100
130 146 100
130 146 100
130 146 100
130 146 100
130 146 100
130 146 100
130 146 100
130 146 100
130 146 100
130 146 100
130 146 100
130 146 100
130 146 100
130 146 100
# move from (69,68) to (129,37)
69 68 100
70 68 100
71 68 100
72 68 100
73 68 100
74 68 100
75 68 100
76 68 100
77 68 100
78 68 100
79 68 100
80 68 100
81 68 100
82 68 100
83 68 100
84 68 100
85 68 100
86 68 100
87 68 100
87 68 100
88 68 100
88 68 100
89 68 100
89 68 100
89 68 100
90 68 100
90 68 100
90 68 100
91 68 100
91 68 100
91 68 100
91 68 100
92 68 100
92 68 100
92 68 100
92 68 100
92 68 100
93 68 100
93 68 100
93 68 100
93 68 100
93 68 100
93 68 100
94 68 100
94 68 100
94 68 100
94 68 100
94 68 100
94 68 100
94 68 100
95 68 100
95 68 100
95 68 100
95 68 100
95 68 100
95 68 100
95 68 100
95 68 100
95 68 100
95 68 100
96 68 100
96 68 100
96 68 100
96 68 100
96 68 100
96 68 100
96 68 100
96 68 100
96 68 100
96 68 100
96 68 100
96 68 100
97 68 100
97 68 100
97 68 100
97 68 100
97 68 100
97 68 100
97 68 100
97 68 100
97 68 100
97 68 100
97 68 100
97 68 100
97 68 100
97 68 100
97 68 100
97 68 100
98 68 100
98 68 100
98 68 100
98 68 100
98 68 100
98 68 100
98 68 100
98 68 100
98 68 100
98 68 100
98 68 100
98 68 100
98 68 100
98 68 100
98 68 100
98 68 100
98 68 100
98 68 100
98 68 100
99 68 100
99 68 100
99 68 100
99 68 100
99 68 100
99 68 100
99 68 100
99 68 100
99 68 100
99 68 100
99 68 100
99 68 100
99 68 100
99 68 100
99 68 100
99 68 100
99 68 100
99 68 100
99 68 100
99 68 100
99 68 100
99 68 100
99 68 100
100 68 100
100 68 100
100 68 100
100 68 100
100 68 100
100 68 100
100 68 100
100 68 100
100 68 100
100 68 100
100 68 100
100 68 100
100 68 100
100 68 100
100 68 100
100 68 100
100 68 100
100 68 100
100 68 100
100 68 100
100 68 100
100 68 100
100 68 100
100 68 100
100 68 100
100 68 100
100 68 100
101 68 100
101 68 100
101 68 100
101 68 100
101 68 100
101 68 100
101 68 100
101 68 100
101 68 100
101 68 100
101 68 100
101 68 100
101 68 100
101 68 100
101 68 100
101 68 100
101 68 100
101 68 100
101 68 100
101 68 100
101 68 100
101 68 100
101 68 100
101 68 100
101 68 100
101 68 100
101 68 100
101 68 100
101 68 100
101 68 100
102 68 100
102 68 100
102 68 100
102 68 100
102 68 100
102 68 100
102 68 100
102 68 100
102 68 100
102 68 100
102 68 100
102 68 100
102 68 100
102 68 100
102 68 100
102 68 100
102 68 100
102 68 100
102 68 100
102 68 100
102 68 100
102 68 100
102 68 100
102 68 100
102 68 100
102 68 100
102 68 100
102 68 100
102 68 100
102 68 100
102 68 100
102 68 100
103 68 100
103 68 100
103 68 100
103 68 100
103 68 100
103 68 100
103 68 100
103 68 100
103 68 100
103 68 100
103 68 100
103 68 100
103 68 100
103 68 100
103 68 100
103 68 100
103 68 100
103 68 100
103 68 100
103 68 100
103 68 100
103 68 100
103 68 100
103 68 100
103 68 100
103 68 100
103 68 100
103 68 100
103 68 100
103 68 100
103 68 100
103 68 100
103 68 100
103 68 100
104 68 100
104 68 100
104 68 100
104 68 100
104 68 100
104 68 100
104 68 100
104 68 100
104 68 100
104 68 100
104 68 100
104 68 100
104 68 100
104 68 100
104 68 100
104 68 100
104 68 100
104 68 100
104 68 100
104 68 100
104 68 100
104 68 100
104 68 100
104 68 100
104 68 100
104 68 100
104 68 100
104 68 100
104 68 100
104 68 100
104 68 100
104 68 100
104 68 100
104 68 100
104 68 100
105 68 100
105 68 100
105 68 100
105 68 100
105 68 100
105 68 100
105 68 100
105 68 100
105 68 100
105 68 100
105 68 100
105 68 100
105 68 100
105 68 100
105 68 100
105 68 100
105 68 100
105 68 100
105 68 100
105 68 100
105 68 100
105 68 100
105 68 100
105 68 100
105 68 100
105 68 100
105 68 100
105 68 100
105 68 100
105 68 100
105 68 100
105 68 100
105 68 100
105 68 100
105 68 100
106 68 100
106 68 100
106 68 100
106 68 100
106 68 100
106 68 100
106 68 100
106 68 100
106 68 100
106 68 100
106 68 100
106 68 100
106 68 100
106 68 100
106 68 100
106 68 100
106 68 100
106 68 100
106 68 100
106 68 100
106 68 100
106 68 100
106 68 100
106 68 100
106 68 100
106 68 100
106 68 100
106 68 100
106 68 100
106 68 100
106 68 100
106 68 100
106 68 100
106 68 100
107 68 100
107 68 100
107 68 100
107 68 100
107 68 100
107 68 100
107 68 100
107 68 100
107 68 100
107 68 100
107 68 100
107 68 100
107 68 100
107 68 100
107 68 100
107 68 100
107 68 100
107 68 100
107 68 100
107 68 100
107 68 100
107 68 100
107 68 100
107 68 100
107 68 100
107 68 100
107 68 100
107 68 100
107 68 100
107 68 100
107 68 100
107 68 100
108 68 100
108 68 100
108 68 100
108 68 100
108 68 100
108 68 100
108 68 100
108 68 100
108 68 100
108 68 100
108 68 100
108 68 100
108 68 100
108 68 100
108 68 100
108 68 100
108 68 100
108 68 100
108 68 100
108 68 100
108 68 100
108 68 100
108 68 100
108 68 100
108 68 100
108 68 100
108 68 100
108 68 100
108 68 100
108 68 100
109 68 100
109 68 100
109 68 100
109 68 100
109 68 100
109 68 100
109 68 100
109 68 100
109 68 100
109 68 100
109 68 100
109 68 100
109 68 100
109 68 100
109 68 100
109 68 100
109 68 100
109 68 100
109 68 100
109 68 100
109 68 100
109 68 100
109 68 100
109 68 100
109 68 100
109 68 100
109 68 100
110 68 100
110 68 100
110 68 100
110 68 100
110 68 100
110 68 100
110 68 100
110 68 100
110 68 100
110 68 100
110 68 100
110 68 100
110 68 100
110 68 100
110 68 100
110 68 100
110 68 100
110 68 100
110 68 100
110 68 100
110 68 100
110 68 100
110 68 100
110 68 100
111 68 100
111 68 100
111 68 100
111 68 100
111 68 100
111 68 100
111 68 100
111 68 100
111 68 100
111 68 100
111 68 100
111 68 100
111 68 100
111 68 100
111 68 100
111 68 100
111 68 100
111 68 100
111 68 100
111 68 100
112 68 100
112 68 100
112 68 100
112 68 100
112 68 100
112 68 100
112 68 100
112 68 100
112 68 100
112 68 100
112 68 100
112 68 100
112 68 100
112 68 100
112 68 100
112 68 100
113 68 100
113 68 100
113 68 100
113 68 100
113 68 100
113 68 100
113 68 100
113 68 100
113 68 100
113 68 100
113 68 100
113 68 100
114 68 100
114 68 100
114 68 100
114 68 100
114 68 100
114 68 100
114 68 100
114 68 100
114 68 100
115 68 100
115 68 100
115 68 100
115 68 100
115 68 100
115 68 100
116 68 100
116 68 100
116 68 100
116 68 100
116 68 100
117 68 100
117 68 100
117 68 100
118 68 100
118 68 100
118 68 100
119 68 100
119 68 100
120 68 100
120 68 100
121 68 100
121 68 100
122 68 100
123 68 100
124 68 100
125 68 100
126 68 100
127 68 100
128 68 100
# move from (20,181) to (129,37)
20 181 100
21 181 100
22 181 100
23 181 100
24 181 100
25 181 100
26 181 100
27 181 100
28 181 100
29 181 100
30 181 100
31 181 100
32 181 100
33 181 100
34 181 100
35 181 100
36 181 100
37 181 100
38 181 100
39 181 100
40 181 100
41 181 100
42 181 100
43 181 100
44 181 100
45 181 100
46 181 100
47 181 100
48 181 100
49 181 100
50 181 100
51 181 100
52 181 100
53 181 100
54 181 100
55 181 100
56 181 100
57 181 100
58 181 100
59 181 100
60 181 100
61 181 100
62 181 100
63 181 100
64 181 100
65 181 100
66 181 100
67 181 100
68 181 100
69 181 100
70 181 100
70 181 100
71 181 100
71 181 100
72 181 100
72 181 100
73 181 100
73 181 100
74 181 100
74 181 100
74 181 100
75 181 100
75 181 100
75 181 100
76 181 100
76 181 100
76 181 100
77 181 100
77 181 100
77 181 100
78 181 100
78 181 100
78 181 100
78 181 100
79 181 100
79 181 100
79 181 100
79 181 100
80 181 100
80 181 100
80 181 100
80 181 100
81 181 100
81 181 100
81 181 100
81 181 100
82 181 100
82 181 100
82 181 100
82 181 100
83 181 100
83 181 100
83 181 100
83 181 100
84 181 100
84 181 100
84 181 100
84 181 100
85 181 100
85 181 100
85 181 100
85 181 100
86 181 100
86 181 100
86 181 100
87 181 100
87 181 100
87 181 100
88 181 100
88 181 100
89 181 100
89 181 100
90 181 100
90 181 100
91 181 100
92 181 100
93 181 100
94 181 100
95 181 100
96 181 100
97 181 100
97 181 100
98 181 100
98 181 100
99 181 100
99 181 100
99 181 100
100 181 100
100 181 100
100 181 100
100 181 100
101 181 100
101 181 100
101 181 100
101 181 100
101 181 100
101 181 100
102 181 100
102 181 100
102 181 100
102 181 100
102 181 100
102 181 100
102 181 100
102 181 100
103 181 100
103 181 100
103 181 100
103 181 100
103 181 100
103 181 100
103 181 100
103 181 100
103 181 100
103 181 100
104 181 100
104 181 100
104 181 100
104 181 100
104 181 100
104 181 100
104 181 100
104 181 100
104 181 100
104 181 100
104 181 100
104 181 100
104 181 100
105 181 100
105 181 100
105 181 100
105 181 100
105 181 100
105 181 100
105 181 100
105 181 100
105 181 100
105 181 100
105 181 100
105 181 100
105 181 100
105 181 100
105 181 100
106 181 100
106 181 100
106 181 100
106 181 100
106 181 100
106 181 100
106 181 100
106 181 100
106 181 100
106 181 100
106 181 100
106 181 100
106 181 100
106 181 100
106 181 100
106 181 100
106 181 100
106 181 100
107 181 100
107 181 100
107 181 100
107 181 100
107 181 100
107 181 100
107 181 100
107 181 100
107 181 100
107 181 100
107 181 100
107 181 100
107 181 100
107 181 100
107 181 100
107 181 100
107 181 100
107 181 100
107 181 100
108 181 100
108 181 100
108 181 100
108 181 100
108 181 100
108 181 100
108 181 100
108 181 100
108 181 100
108 181 100
108 181 100
108 181 100
108 181 100
108 181 100
108 181 100
108 181 100
108 181 100
108 181 100
108 181 100
108 181 100
108 181 100
109 181 100
109 181 100
109 181 100
109 181 100
109 181 100
109 181 100
109 181 100
109 181 100
109 181 100
109 181 100
109 181 100
109 181 100
109 181 100
109 181 100
109 181 100
109 181 100
109 181 100
109 181 100
109 181 100
109 181 100
109 181 100
109 181 100
110 181 100
110 181 100
110 181 100
110 181 100
110 181 100
110 181 100
110 181 100
110 181 100
110 181 100
110 181 100
110 181 100
110 181 100
110 181 100
110 181 100
110 181 100
110 181 100
110 181 100
110 181 100
110 181 100
110 181 100
110 181 100
110 181 100
110 181 100
111 181 100
111 181 100
111 181 100
111 181 100
111 181 100
111 181 100
111 181 100
111 181 100
111 181 100
111 181 100
111 181 100
111 181 100
111 181 100
111 181 100
111 181 100
111 181 100
111 181 100
111 181 100
111 181 100
111 181 100
111 181 100
111 181 100
111 181 100
112 181 100
112 181 100
112 181 100
112 181 100
112 181 100
112 181 100
112 181 100
112 181 100
112 181 100
112 181 100
112 181 100
112 181 100
112 181 100
112 181 100
112 181 100
112 181 100
112 181 100
112 181 100
112 181 100
112 181 100
112 181 100
112 181 100
112 181 100
113 181 100
113 181 100
113 181 100
113 181 100
113 181 100
113 181 100
113 181 100
113 181 100
113 181 100
113 181 100
113 181 100
113 181 100
113 181 100
113 181 100
113 181 100
113 181 100
113 181 100
113 181 100
113 181 100
113 181 100
113 181 100
113 181 100
113 181 100
114 181 100
114 181 100
114 181 100
114 181 100
114 181 100
114 181 100
114 181 100
114 181 100
114 181 100
114 181 100
114 181 100
114 181 100
114 181 100
114 181 100
114 181 100
114 181 100
114 181 100
114 181 100
114 181 100
114 181 100
114 181 100
114 181 100
115 181 100
115 181 100
115 181 100
115 181 100
115 181 100
115 181 100
115 181 100
115 181 100
115 181 100
115 181 100
115 181 100
115 181 100
115 181 100
115 181 100
115 181 100
115 181 100
115 181 100
115 181 100
115 181 100
115 181 100
115 181 100
116 181 100
116 181 100
116 181 100
116 181 100
116 181 100
116 181 100
116 181 100
116 181 100
116 181 100
116 181 100
116 181 100
116 181 100
116 181 100
116 181 100
116 181 100
116 181 100
116 181 100
116 181 100
116 181 100
117 181 100
117 181 100
117 181 100
117 181 100
117 181 100
117 181 100
117 181 100
117 181 100
117 181 100
117 181 100
117 181 100
117 181 100
117 181 100
117 181 100
117 181 100
117 181 100
117 181 100
117 181 100
118 181 100
118 181 100
118 181 100
118 181 100
118 181 100
118 181 100
118 181 100
118 181 100
118 181 100
118 181 100
118 181 100
118 181 100
118 181 100
118 181 100
118 181 100
118 181 100
119 181 100
119 181 100
119 181 100
119 181 100
119 181 100
119 181 100
119 181 100
119 181 100
119 181 100
119 181 100
119 181 100
119 181 100
119 181 100
119 181 100
119 181 100
120 181 100
120 181 100
120 181 100
120 181 100
120 181 100
120 181 100
120 181 100
120 181 100
120 181 100
120 181 100
120 181 100
120 181 100
120 181 100
121 181 100
121 181 100
121 181 100
121 181 100
121 181 100
121 181 100
121 181 100
121 181 100
121 181 100
121 181 100
121 181 100
121 181 100
122 181 100
122 181 100
122 181 100
122 181 100
122 181 100
122 181 100
122 181 100
122 181 100
122 181 100
122 181 100
122 181 100
123 181 100
123 181 100
123 181 100
123 181 100
123 181 100
123 181 100
123 181 100
123 181 100
123 181 100
124 181 100
124 181 100
124 181 100
124 181 100
124 181 100
124 181 100
124 181 100
124 181 100
125 181 100
125 181 100
125 181 100
125 181 100
125 181 100
125 181 100
125 181 100
126 181 100
126 181 100
126 181 100
126 181 100
126 181 100
127 181 100
127 181 100
127 181 100
127 181 100
128 181 100
128 181 100
128 181 100
