# move from (150,65) to (41,106)
150 65 100
150 65 100
150 65 100
149 65 100
149 65 100
148 65 100
148 65 100
147 65 100
146 65 100
145 65 100
144 65 100
143 65 100
142 65 100
141 65 100
140 65 100
139 65 100
138 65 100
137 65 100
136 65 100
135 65 100
134 65 100
133 65 100
132 65 100
131 65 100
130 65 100
129 65 100
128 65 100
127 65 100
126 65 100
125 65 100
124 65 100
123 65 100
123 65 100
122 65 100
122 65 100
121 65 100
121 65 100
120 65 100
120 65 100
120 65 100
119 65 100
119 65 100
119 65 100
118 65 100
118 65 100
118 65 100
117 65 100
117 65 100
117 65 100
116 65 100
116 65 100
116 65 100
115 65 100
115 65 100
115 65 100
115 65 100
114 65 100
114 65 100
114 65 100
114 65 100
113 65 100
113 65 100
113 65 100
113 65 100
113 65 100
112 65 100
112 65 100
112 65 100
112 65 100
112 65 100
112 65 100
112 65 100
111 65 100
111 65 100
111 65 100
111 65 100
111 65 100
111 65 100
111 65 100
111 65 100
111 65 100
110 65 100
110 65 100
110 65 100
110 65 100
110 65 100
110 65 100
110 65 100
110 65 100
110 65 100
110 65 100
110 65 100
110 65 100
110 65 100
109 65 100
109 65 100
109 65 100
109 65 100
109 65 100
109 65 100
109 65 100
109 65 100
109 65 100
109 65 100
109 65 100
109 65 100
109 65 100
109 65 100
109 65 100
109 65 100
109 65 100
108 65 100
108 65 100
108 65 100
108 65 100
108 65 100
108 65 100
108 65 100
108 65 100
108 65 100
108 65 100
108 65 100
108 65 100
108 65 100
108 65 100
108 65 100
108 65 100
108 65 100
108 65 100
108 65 100
108 65 100
108 65 100
108 65 100
108 65 100
107 65 100
107 65 100
107 65 100
107 65 100
107 65 100
107 65 100
107 65 100
107 65 100
107 65 100
107 65 100
107 65 100
107 65 100
107 65 100
107 65 100
107 65 100
107 65 100
107 65 100
107 65 100
107 65 100
107 65 100
107 65 100
107 65 100
107 65 100
107 65 100
107 65 100
107 65 100
107 65 100
107 65 100
106 65 100
106 65 100
106 65 100
106 65 100
106 65 100
106 65 100
106 65 100
106 65 100
106 65 100
106 65 100
106 65 100
106 65 100
106 65 100
106 65 100
106 65 100
106 65 100
106 65 100
106 65 100
106 65 100
106 65 100
106 65 100
106 65 100
106 65 100
106 65 100
106 65 100
106 65 100
106 65 100
106 65 100
106 65 100
106 65 100
106 65 100
106 65 100
105 65 100
105 65 100
105 65 100
105 65 100
105 65 100
105 65 100
105 65 100
105 65 100
105 65 100
105 65 100
105 65 100
105 65 100
105 65 100
105 65 100
105 65 100
105 65 100
105 65 100
105 65 100
105 65 100
105 65 100
105 65 100
105 65 100
105 65 100
105 65 100
105 65 100
105 65 100
105 65 100
105 65 100
105 65 100
105 65 100
105 65 100
105 65 100
105 65 100
105 65 100
105 65 100
104 65 100
104 65 100
104 65 100
104 65 100
104 65 100
104 65 100
104 65 100
104 65 100
104 65 100
104 65 100
104 65 100
104 65 100
104 65 100
104 65 100
104 65 100
104 65 100
104 65 100
104 65 100
104 65 100
104 65 100
104 65 100
104 65 100
104 65 100
104 65 100
104 65 100
104 65 100
104 65 100
104 65 100
104 65 100
104 65 100
104 65 100
104 65 100
104 65 100
104 65 100
104 65 100
104 65 100
104 65 100
103 65 100
103 65 100
103 65 100
103 65 100
103 65 100
103 65 100
103 65 100
103 65 100
103 65 100
103 65 100
103 65 100
103 65 100
103 65 100
103 65 100
103 65 100
103 65 100
103 65 100
103 65 100
103 65 100
103 65 100
103 65 100
103 65 100
103 65 100
103 65 100
103 65 100
103 65 100
103 65 100
103 65 100
103 65 100
103 65 100
103 65 100
103 65 100
103 65 100
103 65 100
103 65 100
103 65 100
103 65 100
103 65 100
102 65 100
102 65 100
102 65 100
102 65 100
102 65 100
102 65 100
102 65 100
102 65 100
102 65 100
102 65 100
102 65 100
102 65 100
102 65 100
102 65 100
102 65 100
102 65 100
102 65 100
102 65 100
102 65 100
102 65 100
102 65 100
102 65 100
102 65 100
102 65 100
102 65 100
102 65 100
102 65 100
102 65 100
102 65 100
102 65 100
102 65 100
102 65 100
102 65 100
102 65 100
102 65 100
102 65 100
102 65 100
102 65 100
101 65 100
101 65 100
101 65 100
101 65 100
101 65 100
101 65 100
101 65 100
101 65 100
101 65 100
101 65 100
101 65 100
101 65 100
101 65 100
101 65 100
101 65 100
101 65 100
101 65 100
101 65 100
101 65 100
101 65 100
101 65 100
101 65 100
101 65 100
101 65 100
101 65 100
101 65 100
101 65 100
101 65 100
101 65 100
101 65 100
101 65 100
101 65 100
101 65 100
101 65 100
101 65 100
101 65 100
101 65 100
100 65 100
100 65 100
100 65 100
100 65 100
100 65 100
100 65 100
100 65 100
100 65 100
100 65 100
100 65 100
100 65 100
100 65 100
100 65 100
100 65 100
100 65 100
100 65 100
100 65 100
100 65 100
100 65 100
100 65 100
100 65 100
100 65 100
100 65 100
100 65 100
100 65 100
100 65 100
100 65 100
100 65 100
100 65 100
100 65 100
100 65 100
100 65 100
100 65 100
100 65 100
100 65 100
99 65 100
99 65 100
99 65 100
99 65 100
99 65 100
99 65 100
99 65 100
99 65 100
99 65 100
99 65 100
99 65 100
99 65 100
99 65 100
99 65 100
99 65 100
99 65 100
99 65 100
99 65 100
99 65 100
99 65 100
99 65 100
99 65 100
99 65 100
99 65 100
99 65 100
99 65 100
99 65 100
99 65 100
99 65 100
99 65 100
99 65 100
99 65 100
99 65 100
98 65 100
98 65 100
98 65 100
98 65 100
98 65 100
98 65 100
98 65 100
98 65 100
98 65 100
98 65 100
98 65 100
98 65 100
98 65 100
98 65 100
98 65 100
98 65 100
98 65 100
98 65 100
98 65 100
98 65 100
98 65 100
98 65 100
98 65 100
98 65 100
98 65 100
98 65 100
98 65 100
98 65 100
98 65 100
98 65 100
97 65 100
97 65 100
97 65 100
97 65 100
97 65 100
97 65 100
97 65 100
97 65 100
97 65 100
97 65 100
97 65 100
97 65 100
97 65 100
97 65 100
97 65 100
97 65 100
97 65 100
97 65 100
97 65 100
97 65 100
97 65 100
97 65 100
97 65 100
97 65 100
97 65 100
97 65 100
97 65 100
97 65 100
96 65 100
96 65 100
96 65 100
96 65 100
96 65 100
96 65 100
96 65 100
96 65 100
96 65 100
96 65 100
96 65 100
96 65 100
96 65 100
96 65 100
96 65 100
96 65 100
96 65 100
96 65 100
96 65 100
96 65 100
96 65 100
96 65 100
96 65 100
96 65 100
96 65 100
95 65 100
95 65 100
95 65 100
95 65 100
95 65 100
95 65 100
95 65 100
95 65 100
95 65 100
95 65 100
95 65 100
95 65 100
95 65 100
95 65 100
95 65 100
95 65 100
95 65 100
95 65 100
95 65 100
95 65 100
95 65 100
95 65 100
95 65 100
95 65 100
94 65 100
94 65 100
94 65 100
94 65 100
94 65 100
94 65 100
94 65 100
94 65 100
94 65 100
94 65 100
94 65 100
94 65 100
94 65 100
94 65 100
94 65 100
94 65 100
94 65 100
94 65 100
94 65 100
94 65 100
94 65 100
94 65 100
93 65 100
93 65 100
93 65 100
93 65 100
93 65 100
93 65 100
93 65 100
93 65 100
93 65 100
93 65 100
93 65 100
93 65 100
93 65 100
93 65 100
93 65 100
93 65 100
93 65 100
93 65 100
93 65 100
93 65 100
92 65 100
92 65 100
92 65 100
92 65 100
92 65 100
92 65 100
92 65 100
92 65 100
92 65 100
92 65 100
92 65 100
92 65 100
92 65 100
92 65 100
92 65 100
92 65 100
92 65 100
92 65 100
92 65 100
91 65 100
91 65 100
91 65 100
91 65 100
91 65 100
91 65 100
91 65 100
91 65 100
91 65 100
91 65 100
91 65 100
91 65 100
91 65 100
91 65 100
91 65 100
91 65 100
91 65 100
90 65 100
90 65 100
90 65 100
90 65 100
90 65 100
90 65 100
90 65 100
90 65 100
90 65 100
90 65 100
90 65 100
90 65 100
90 65 100
90 65 100
90 65 100
89 65 100
89 65 100
89 65 100
89 65 100
89 65 100
89 65 100
89 65 100
89 65 100
89 65 100
89 65 100
89 65 100
89 65 100
88 65 100
88 65 100
88 65 100
88 65 100
88 65 100
88 65 100
88 65 100
88 65 100
88 65 100
87 65 100
87 65 100
87 65 100
87 65 100
87 65 100
87 65 100
87 65 100
86 65 100
86 65 100
86 65 100
86 65 100
86 65 100
85 65 100
85 65 100
85 65 100
84 65 100
84 65 100
83 65 100
83 65 100
82 65 100
81 65 100
80 65 100
79 65 100
78 65 100
77 65 100
76 65 100
75 65 100
74 65 100
73 65 100
72 65 100
71 65 100
70 65 100
69 65 100
68 65 100
67 65 100
66 65 100
65 65 100
64 65 100
63 65 100
62 65 100
61 65 100
60 65 100
59 65 100
58 65 100
57 65 100
56 65 100
55 65 100
55 65 100
54 65 100
54 65 100
53 65 100
53 65 100
53 65 100
52 65 100
52 65 100
52 65 100
52 65 100
51 65 100
51 65 100
51 65 100
51 65 100
51 65 100
50 65 100
50 65 100
50 65 100
50 65 100
50 65 100
50 65 100
49 65 100
49 65 100
49 65 100
49 65 100
49 65 100
49 65 100
49 65 100
49 65 100
48 65 100
48 65 100
48 65 100
48 65 100
48 65 100
48 65 100
48 65 100
48 65 100
47 65 100
47 65 100
47 65 100
47 65 100
47 65 100
47 65 100
47 65 100
47 65 100
46 65 100
46 65 100
46 65 100
46 65 100
46 65 100
46 65 100
46 65 100
46 65 100
45 65 100
45 65 100
45 65 100
45 65 100
45 65 100
45 65 100
45 65 100
44 65 100
44 65 100
44 65 100
44 65 100
44 65 100
44 65 100
44 65 100
43 65 100
43 65 100
43 65 100
43 65 100
43 65 100
43 65 100
42 65 100
42 65 100
42 65 100
42 65 100
42 65 100
42 65 100
41 65 100
41 65 100
41 65 100
41 65 100
41 65 100
41 66 100
41 66 100
41 66 100
41 66 100
41 66 100
41 67 100
41 67 100
41 67 100
41 67 100
41 68 100
41 68 100
41 68 100
41 68 100
41 69 100
41 69 100
41 69 100
41 70 100
41 70 100
41 70 100
41 71 100
41 71 100
41 72 100
41 72 100
41 73 100
41 73 100
41 74 100
41 75 100
41 76 100
41 77 100
41 78 100
41 79 100
41 80 100
41 81 100
41 82 100
41 83 100
41 84 100
41 85 100
41 86 100
41 87 100
41 88 100
41 89 100
41 90 100
41 91 100
41 92 100
41 93 100
41 94 100
41 95 100
41 96 100
41 97 100
41 98 100
41 99 100
41 100 100
41 101 100
41 102 100
41 103 100
41 104 100
41 105 100
41 106 100
# move from (117,50) to (41,106)
117 50 100
116 50 100
115 50 100
114 50 100
113 50 100
112 50 100
111 50 100
110 50 100
109 50 100
108 50 100
107 50 100
106 50 100
105 50 100
104 50 100
104 50 100
103 50 100
103 50 100
102 50 100
102 50 100
102 50 100
101 50 100
101 50 100
101 50 100
101 50 100
100 50 100
100 50 100
100 50 100
100 50 100
100 50 100
100 50 100
99 50 100
99 50 100
99 50 100
99 50 100
99 50 100
99 50 100
99 50 100
99 50 100
99 50 100
98 50 100
98 50 100
98 50 100
98 50 100
98 50 100
98 50 100
98 50 100
98 50 100
98 50 100
98 50 100
98 50 100
97 50 100
97 50 100
97 50 100
97 50 100
97 50 100
97 50 100
97 50 100
97 50 100
97 50 100
97 50 100
97 50 100
97 50 100
97 50 100
96 50 100
96 50 100
96 50 100
96 50 100
96 50 100
96 50 100
96 50 100
96 50 100
96 50 100
96 50 100
96 50 100
96 50 100
96 50 100
96 50 100
96 50 100
95 50 100
95 50 100
95 50 100
95 50 100
95 50 100
95 50 100
95 50 100
95 50 100
95 50 100
95 50 100
95 50 100
95 50 100
95 50 100
95 50 100
95 50 100
95 50 100
95 50 100
94 50 100
94 50 100
94 50 100
94 50 100
94 50 100
94 50 100
94 50 100
94 50 100
94 50 100
94 50 100
94 50 100
94 50 100
94 50 100
94 50 100
94 50 100
94 50 100
94 50 100
94 50 100
93 50 100
93 50 100
93 50 100
93 50 100
93 50 100
93 50 100
93 50 100
93 50 100
93 50 100
93 50 100
93 50 100
93 50 100
93 50 100
93 50 100
93 50 100
93 50 100
93 50 100
93 50 100
93 50 100
93 50 100
92 50 100
92 50 100
92 50 100
92 50 100
92 50 100
92 50 100
92 50 100
92 50 100
92 50 100
92 50 100
92 50 100
92 50 100
92 50 100
92 50 100
92 50 100
92 50 100
92 50 100
92 50 100
92 50 100
92 50 100
92 50 100
92 50 100
92 50 100
91 50 100
91 50 100
91 50 100
91 50 100
91 50 100
91 50 100
91 50 100
91 50 100
91 50 100
91 50 100
91 50 100
91 50 100
91 50 100
91 50 100
91 50 100
91 50 100
91 50 100
91 50 100
91 50 100
91 50 100
91 50 100
91 50 100
91 50 100
91 50 100
91 50 100
91 50 100
91 50 100
90 50 100
90 50 100
90 50 100
90 50 100
90 50 100
90 50 100
90 50 100
90 50 100
90 50 100
90 50 100
90 50 100
90 50 100
90 50 100
90 50 100
90 50 100
90 50 100
90 50 100
90 50 100
90 50 100
90 50 100
90 50 100
90 50 100
90 50 100
90 50 100
90 50 100
90 50 100
90 50 100
90 50 100
90 50 100
90 50 100
90 50 100
89 50 100
89 50 100
89 50 100
89 50 100
89 50 100
89 50 100
89 50 100
89 50 100
89 50 100
89 50 100
89 50 100
89 50 100
89 50 100
89 50 100
89 50 100
89 50 100
89 50 100
89 50 100
89 50 100
89 50 100
89 50 100
89 50 100
89 50 100
89 50 100
89 50 100
89 50 100
89 50 100
89 50 100
89 50 100
89 50 100
89 50 100
89 50 100
89 50 100
89 50 100
89 50 100
89 50 100
88 50 100
88 50 100
88 50 100
88 50 100
88 50 100
88 50 100
88 50 100
88 50 100
88 50 100
88 50 100
88 50 100
88 50 100
88 50 100
88 50 100
88 50 100
88 50 100
88 50 100
88 50 100
88 50 100
88 50 100
88 50 100
88 50 100
88 50 100
88 50 100
88 50 100
88 50 100
88 50 100
88 50 100
88 50 100
88 50 100
88 50 100
88 50 100
88 50 100
88 50 100
88 50 100
88 50 100
88 50 100
88 50 100
88 50 100
87 50 100
87 50 100
87 50 100
87 50 100
87 50 100
87 50 100
87 50 100
87 50 100
87 50 100
87 50 100
87 50 100
87 50 100
87 50 100
87 50 100
87 50 100
87 50 100
87 50 100
87 50 100
87 50 100
87 50 100
87 50 100
87 50 100
87 50 100
87 50 100
87 50 100
87 50 100
87 50 100
87 50 100
87 50 100
87 50 100
87 50 100
87 50 100
87 50 100
87 50 100
87 50 100
87 50 100
87 50 100
87 50 100
87 50 100
87 50 100
87 50 100
87 50 100
86 50 100
86 50 100
86 50 100
86 50 100
86 50 100
86 50 100
86 50 100
86 50 100
86 50 100
86 50 100
86 50 100
86 50 100
86 50 100
86 50 100
86 50 100
86 50 100
86 50 100
86 50 100
86 50 100
86 50 100
86 50 100
86 50 100
86 50 100
86 50 100
86 50 100
86 50 100
86 50 100
86 50 100
86 50 100
86 50 100
86 50 100
86 50 100
86 50 100
86 50 100
86 50 100
86 50 100
86 50 100
86 50 100
86 50 100
86 50 100
86 50 100
86 50 100
86 50 100
85 50 100
85 50 100
85 50 100
85 50 100
85 50 100
85 50 100
85 50 100
85 50 100
85 50 100
85 50 100
85 50 100
85 50 100
85 50 100
85 50 100
85 50 100
85 50 100
85 50 100
85 50 100
85 50 100
85 50 100
85 50 100
85 50 100
85 50 100
85 50 100
85 50 100
85 50 100
85 50 100
85 50 100
85 50 100
85 50 100
85 50 100
85 50 100
85 50 100
85 50 100
85 50 100
85 50 100
85 50 100
85 50 100
85 50 100
85 50 100
85 50 100
85 50 100
84 50 100
84 50 100
84 50 100
84 50 100
84 50 100
84 50 100
84 50 100
84 50 100
84 50 100
84 50 100
84 50 100
84 50 100
84 50 100
84 50 100
84 50 100
84 50 100
84 50 100
84 50 100
84 50 100
84 50 100
84 50 100
84 50 100
84 50 100
84 50 100
84 50 100
84 50 100
84 50 100
84 50 100
84 50 100
84 50 100
84 50 100
84 50 100
84 50 100
84 50 100
84 50 100
84 50 100
84 50 100
84 50 100
84 50 100
84 50 100
84 50 100
83 50 100
83 50 100
83 50 100
83 50 100
83 50 100
83 50 100
83 50 100
83 50 100
83 50 100
83 50 100
83 50 100
83 50 100
83 50 100
83 50 100
83 50 100
83 50 100
83 50 100
83 50 100
83 50 100
83 50 100
83 50 100
83 50 100
83 50 100
83 50 100
83 50 100
83 50 100
83 50 100
83 50 100
83 50 100
83 50 100
83 50 100
83 50 100
83 50 100
83 50 100
83 50 100
83 50 100
83 50 100
83 50 100
83 50 100
82 50 100
82 50 100
82 50 100
82 50 100
82 50 100
82 50 100
82 50 100
82 50 100
82 50 100
82 50 100
82 50 100
82 50 100
82 50 100
82 50 100
82 50 100
82 50 100
82 50 100
82 50 100
82 50 100
82 50 100
82 50 100
82 50 100
82 50 100
82 50 100
82 50 100
82 50 100
82 50 100
82 50 100
82 50 100
82 50 100
82 50 100
82 50 100
82 50 100
82 50 100
82 50 100
82 50 100
81 50 100
81 50 100
81 50 100
81 50 100
81 50 100
81 50 100
81 50 100
81 50 100
81 50 100
81 50 100
81 50 100
81 50 100
81 50 100
81 50 100
81 50 100
81 50 100
81 50 100
81 50 100
81 50 100
81 50 100
81 50 100
81 50 100
81 50 100
81 50 100
81 50 100
81 50 100
81 50 100
81 50 100
81 50 100
81 50 100
81 50 100
81 50 100
81 50 100
80 50 100
80 50 100
80 50 100
80 50 100
80 50 100
80 50 100
80 50 100
80 50 100
80 50 100
80 50 100
80 50 100
80 50 100
80 50 100
80 50 100
80 50 100
80 50 100
80 50 100
80 50 100
80 50 100
80 50 100
80 50 100
80 50 100
80 50 100
80 50 100
80 50 100
80 50 100
80 50 100
80 50 100
80 50 100
79 50 100
79 50 100
79 50 100
79 50 100
79 50 100
79 50 100
79 50 100
79 50 100
79 50 100
79 50 100
79 50 100
79 50 100
79 50 100
79 50 100
79 50 100
79 50 100
79 50 100
79 50 100
79 50 100
79 50 100
79 50 100
79 50 100
79 50 100
79 50 100
79 50 100
78 50 100
78 50 100
78 50 100
78 50 100
78 50 100
78 50 100
78 50 100
78 50 100
78 50 100
78 50 100
78 50 100
78 50 100
78 50 100
78 50 100
78 50 100
78 50 100
78 50 100
78 50 100
78 50 100
78 50 100
78 50 100
78 50 100
77 50 100
77 50 100
77 50 100
77 50 100
77 50 100
77 50 100
77 50 100
77 50 100
77 50 100
77 50 100
77 50 100
77 50 100
77 50 100
77 50 100
77 50 100
77 50 100
77 50 100
77 50 100
77 50 100
77 50 100
76 50 100
76 50 100
76 50 100
76 50 100
76 50 100
76 50 100
76 50 100
76 50 100
76 50 100
76 50 100
76 50 100
76 50 100
76 50 100
76 50 100
76 50 100
76 50 100
76 50 100
76 50 100
76 50 100
75 50 100
75 50 100
75 50 100
75 50 100
75 50 100
75 50 100
75 50 100
75 50 100
75 50 100
75 50 100
75 50 100
75 50 100
75 50 100
75 50 100
75 50 100
75 50 100
75 50 100
75 50 100
74 50 100
74 50 100
74 50 100
74 50 100
74 50 100
74 50 100
74 50 100
74 50 100
74 50 100
74 50 100
74 50 100
74 50 100
74 50 100
74 50 100
74 50 100
74 50 100
74 50 100
73 50 100
73 50 100
73 50 100
73 50 100
73 50 100
73 50 100
73 50 100
73 50 100
73 50 100
73 50 100
73 50 100
73 50 100
73 50 100
73 50 100
73 50 100
73 50 100
72 50 100
72 50 100
72 50 100
72 50 100
72 50 100
72 50 100
72 50 100
72 50 100
72 50 100
72 50 100
72 50 100
72 50 100
72 50 100
72 50 100
72 50 100
71 50 100
71 50 100
71 50 100
71 50 100
71 50 100
71 50 100
71 50 100
71 50 100
71 50 100
71 50 100
71 50 100
71 50 100
71 50 100
71 50 100
70 50 100
70 50 100
70 50 100
70 50 100
70 50 100
70 50 100
70 50 100
70 50 100
70 50 100
70 50 100
70 50 100
70 50 100
69 50 100
69 50 100
69 50 100
69 50 100
69 50 100
69 50 100
69 50 100
69 50 100
69 50 100
69 50 100
68 50 100
68 50 100
68 50 100
68 50 100
68 50 100
68 50 100
68 50 100
68 50 100
67 50 100
67 50 100
67 50 100
67 50 100
67 50 100
67 50 100
66 50 100
66 50 100
66 50 100
66 50 100
66 50 100
65 50 100
65 50 100
65 50 100
65 50 100
64 50 100
64 50 100
64 50 100
63 50 100
63 50 100
63 50 100
62 50 100
62 50 100
62 50 100
61 50 100
61 50 100
61 50 100
61 50 100
60 50 100
60 50 100
60 50 100
60 50 100
59 50 100
59 50 100
59 50 100
59 50 100
58 50 100
58 50 100
58 50 100
58 50 100
57 50 100
57 50 100
57 50 100
57 50 100
56 50 100
56 50 100
56 50 100
56 50 100
55 50 100
55 50 100
55 50 100
54 50 100
54 50 100
53 50 100
53 50 100
52 50 100
52 50 100
51 50 100
51 50 100
50 50 100
49 50 100
48 50 100
47 50 100
46 50 100
45 50 100
44 50 100
43 50 100
43 50 100
42 50 100
42 50 100
41 50 100
41 50 100
41 51 100
41 51 100
41 52 100
41 52 100
41 53 100
41 53 100
41 54 100
41 54 100
41 55 100
41 55 100
41 55 100
41 56 100
41 56 100
41 56 100
41 57 100
41 57 100
41 57 100
41 57 100
41 58 100
41 58 100
41 58 100
41 58 100
41 59 100
41 59 100
41 59 100
41 59 100
41 59 100
41 60 100
41 60 100
41 60 100
41 60 100
41 60 100
41 60 100
41 61 100
41 61 100
41 61 100
41 61 100
41 61 100
41 61 100
41 61 100
41 62 100
41 62 100
41 62 100
41 62 100
41 62 100
41 62 100
41 62 100
41 63 100
41 63 100
41 63 100
41 63 100
41 63 100
41 63 100
41 64 100
41 64 100
41 64 100
41 64 100
41 64 100
41 64 100
# move from (98,105) to (41,106)
98 105 100
97 105 100
96 105 100
95 105 100
94 105 100
93 105 100
92 105 100
91 105 100
90 105 100
89 105 100
88 105 100
87 105 100
86 105 100
85 105 100
84 105 100
83 105 100
82 105 100
81 105 100
81 105 100
80 105 100
80 105 100
79 105 100
79 105 100
79 105 100
79 105 100
78 105 100
78 105 100
78 105 100
78 105 100
78 105 100
78 105 100
77 105 100
77 105 100
77 105 100
77 105 100
77 105 100
77 105 100
77 105 100
77 105 100
76 105 100
76 105 100
76 105 100
76 105 100
76 105 100
76 105 100
76 105 100
76 105 100
76 105 100
76 105 100
76 105 100
76 105 100
75 105 100
75 105 100
75 105 100
75 105 100
75 105 100
75 105 100
75 105 100
75 105 100
75 105 100
75 105 100
75 105 100
75 105 100
75 105 100
75 105 100
75 105 100
75 105 100
74 105 100
74 105 100
74 105 100
74 105 100
74 105 100
74 105 100
74 105 100
74 105 100
74 105 100
74 105 100
74 105 100
74 105 100
74 105 100
74 105 100
74 105 100
74 105 100
74 105 100
74 105 100
74 105 100
74 105 100
73 105 100
73 105 100
73 105 100
73 105 100
73 105 100
73 105 100
73 105 100
73 105 100
73 105 100
73 105 100
73 105 100
73 105 100
73 105 100
73 105 100
73 105 100
73 105 100
73 105 100
73 105 100
73 105 100
73 105 100
73 105 100
73 105 100
73 105 100
72 105 100
72 105 100
72 105 100
72 105 100
72 105 100
72 105 100
72 105 100
72 105 100
72 105 100
72 105 100
72 105 100
72 105 100
72 105 100
72 105 100
72 105 100
72 105 100
72 105 100
72 105 100
72 105 100
72 105 100
72 105 100
72 105 100
72 105 100
72 105 100
72 105 100
72 105 100
71 105 100
71 105 100
71 105 100
71 105 100
71 105 100
71 105 100
71 105 100
71 105 100
71 105 100
71 105 100
71 105 100
71 105 100
71 105 100
71 105 100
71 105 100
71 105 100
71 105 100
71 105 100
71 105 100
71 105 100
71 105 100
71 105 100
71 105 100
71 105 100
71 105 100
71 105 100
71 105 100
71 105 100
71 105 100
70 105 100
70 105 100
70 105 100
70 105 100
70 105 100
70 105 100
70 105 100
70 105 100
70 105 100
70 105 100
70 105 100
70 105 100
70 105 100
70 105 100
70 105 100
70 105 100
70 105 100
70 105 100
70 105 100
70 105 100
70 105 100
70 105 100
70 105 100
70 105 100
70 105 100
70 105 100
70 105 100
70 105 100
70 105 100
70 105 100
70 105 100
69 105 100
69 105 100
69 105 100
69 105 100
69 105 100
69 105 100
69 105 100
69 105 100
69 105 100
69 105 100
69 105 100
69 105 100
69 105 100
69 105 100
69 105 100
69 105 100
69 105 100
69 105 100
69 105 100
69 105 100
69 105 100
69 105 100
69 105 100
69 105 100
69 105 100
69 105 100
69 105 100
69 105 100
69 105 100
69 105 100
69 105 100
69 105 100
69 105 100
68 105 100
68 105 100
68 105 100
68 105 100
68 105 100
68 105 100
68 105 100
68 105 100
68 105 100
68 105 100
68 105 100
68 105 100
68 105 100
68 105 100
68 105 100
68 105 100
68 105 100
68 105 100
68 105 100
68 105 100
68 105 100
68 105 100
68 105 100
68 105 100
68 105 100
68 105 100
68 105 100
68 105 100
68 105 100
68 105 100
68 105 100
68 105 100
68 105 100
68 105 100
67 105 100
67 105 100
67 105 100
67 105 100
67 105 100
67 105 100
67 105 100
67 105 100
67 105 100
67 105 100
67 105 100
67 105 100
67 105 100
67 105 100
67 105 100
67 105 100
67 105 100
67 105 100
67 105 100
67 105 100
67 105 100
67 105 100
67 105 100
67 105 100
67 105 100
67 105 100
67 105 100
67 105 100
67 105 100
67 105 100
67 105 100
67 105 100
67 105 100
66 105 100
66 105 100
66 105 100
66 105 100
66 105 100
66 105 100
66 105 100
66 105 100
66 105 100
66 105 100
66 105 100
66 105 100
66 105 100
66 105 100
66 105 100
66 105 100
66 105 100
66 105 100
66 105 100
66 105 100
66 105 100
66 105 100
66 105 100
66 105 100
66 105 100
66 105 100
66 105 100
66 105 100
66 105 100
66 105 100
66 105 100
66 105 100
65 105 100
65 105 100
65 105 100
65 105 100
65 105 100
65 105 100
65 105 100
65 105 100
65 105 100
65 105 100
65 105 100
65 105 100
65 105 100
65 105 100
65 105 100
65 105 100
65 105 100
65 105 100
65 105 100
65 105 100
65 105 100
65 105 100
65 105 100
65 105 100
65 105 100
65 105 100
65 105 100
65 105 100
65 105 100
65 105 100
64 105 100
64 105 100
64 105 100
64 105 100
64 105 100
64 105 100
64 105 100
64 105 100
64 105 100
64 105 100
64 105 100
64 105 100
64 105 100
64 105 100
64 105 100
64 105 100
64 105 100
64 105 100
64 105 100
64 105 100
64 105 100
64 105 100
64 105 100
64 105 100
64 105 100
64 105 100
64 105 100
63 105 100
63 105 100
63 105 100
63 105 100
63 105 100
63 105 100
63 105 100
63 105 100
63 105 100
63 105 100
63 105 100
63 105 100
63 105 100
63 105 100
63 105 100
63 105 100
63 105 100
63 105 100
63 105 100
63 105 100
63 105 100
63 105 100
63 105 100
62 105 100
62 105 100
62 105 100
62 105 100
62 105 100
62 105 100
62 105 100
62 105 100
62 105 100
62 105 100
62 105 100
62 105 100
62 105 100
62 105 100
62 105 100
62 105 100
62 105 100
62 105 100
62 105 100
62 105 100
61 105 100
61 105 100
61 105 100
61 105 100
61 105 100
61 105 100
61 105 100
61 105 100
61 105 100
61 105 100
61 105 100
61 105 100
61 105 100
61 105 100
61 105 100
61 105 100
61 105 100
60 105 100
60 105 100
60 105 100
60 105 100
60 105 100
60 105 100
60 105 100
60 105 100
60 105 100
60 105 100
60 105 100
60 105 100
60 105 100
60 105 100
59 105 100
59 105 100
59 105 100
59 105 100
59 105 100
59 105 100
59 105 100
59 105 100
59 105 100
59 105 100
59 105 100
58 105 100
58 105 100
58 105 100
58 105 100
58 105 100
58 105 100
58 105 100
58 105 100
58 105 100
58 105 100
57 105 100
57 105 100
57 105 100
57 105 100
57 105 100
57 105 100
57 105 100
57 105 100
56 105 100
56 105 100
56 105 100
56 105 100
56 105 100
56 105 100
56 105 100
56 105 100
55 105 100
55 105 100
55 105 100
55 105 100
55 105 100
55 105 100
55 105 100
54 105 100
54 105 100
54 105 100
54 105 100
54 105 100
54 105 100
54 105 100
53 105 100
53 105 100
53 105 100
53 105 100
53 105 100
53 105 100
52 105 100
52 105 100
52 105 100
52 105 100
52 105 100
51 105 100
51 105 100
51 105 100
51 105 100
50 105 100
50 105 100
50 105 100
50 105 100
49 105 100
49 105 100
49 105 100
48 105 100
48 105 100
48 105 100
47 105 100
47 105 100
46 105 100
46 105 100
45 105 100
45 105 100
44 105 100
43 105 100
42 105 100
# move from (187,56) to (41,106)
187 56 100
186 56 100
185 56 100
184 56 100
183 56 100
182 56 100
181 56 100
180 56 100
179 56 100
178 56 100
177 56 100
176 56 100
175 56 100
174 56 100
174 56 100
173 56 100
173 56 100
173 56 100
172 56 100
172 56 100
172 56 100
172 56 100
171 56 100
171 56 100
171 56 100
171 56 100
171 56 100
170 56 100
170 56 100
170 56 100
170 56 100
170 56 100
170 56 100
170 56 100
169 56 100
169 56 100
169 56 100
169 56 100
169 56 100
169 56 100
169 56 100
169 56 100
169 56 100
169 56 100
168 56 100
168 56 100
168 56 100
168 56 100
168 56 100
168 56 100
168 56 100
168 56 100
168 56 100
168 56 100
168 56 100
168 56 100
168 56 100
168 56 100
167 56 100
167 56 100
167 56 100
167 56 100
167 56 100
167 56 100
167 56 100
167 56 100
167 56 100
167 56 100
167 56 100
167 56 100
167 56 100
167 56 100
167 56 100
167 56 100
167 56 100
167 56 100
167 56 100
166 56 100
166 56 100
166 56 100
166 56 100
166 56 100
166 56 100
166 56 100
166 56 100
166 56 100
166 56 100
166 56 100
166 56 100
166 56 100
166 56 100
166 56 100
166 56 100
166 56 100
166 56 100
166 56 100
166 56 100
166 56 100
166 56 100
166 56 100
166 56 100
165 56 100
165 56 100
165 56 100
165 56 100
165 56 100
165 56 100
165 56 100
165 56 100
165 56 100
165 56 100
165 56 100
165 56 100
165 56 100
165 56 100
165 56 100
165 56 100
165 56 100
165 56 100
165 56 100
165 56 100
165 56 100
165 56 100
165 56 100
165 56 100
165 56 100
165 56 100
165 56 100
165 56 100
165 56 100
165 56 100
164 56 100
164 56 100
164 56 100
164 56 100
164 56 100
164 56 100
164 56 100
164 56 100
164 56 100
164 56 100
164 56 100
164 56 100
164 56 100
164 56 100
164 56 100
164 56 100
164 56 100
164 56 100
164 56 100
164 56 100
164 56 100
164 56 100
164 56 100
164 56 100
164 56 100
164 56 100
164 56 100
164 56 100
164 56 100
164 56 100
164 56 100
164 56 100
164 56 100
164 56 100
163 56 100
163 56 100
163 56 100
163 56 100
163 56 100
163 56 100
163 56 100
163 56 100
163 56 100
163 56 100
163 56 100
163 56 100
163 56 100
163 56 100
163 56 100
163 56 100
163 56 100
163 56 100
163 56 100
163 56 100
163 56 100
163 56 100
163 56 100
163 56 100
163 56 100
163 56 100
163 56 100
163 56 100
163 56 100
163 56 100
163 56 100
163 56 100
163 56 100
163 56 100
163 56 100
163 56 100
163 56 100
162 56 100
162 56 100
162 56 100
162 56 100
162 56 100
162 56 100
162 56 100
162 56 100
162 56 100
162 56 100
162 56 100
162 56 100
162 56 100
162 56 100
162 56 100
162 56 100
162 56 100
162 56 100
162 56 100
162 56 100
162 56 100
162 56 100
162 56 100
162 56 100
162 56 100
162 56 100
162 56 100
162 56 100
162 56 100
162 56 100
162 56 100
162 56 100
162 56 100
162 56 100
162 56 100
162 56 100
162 56 100
162 56 100
161 56 100
161 56 100
161 56 100
161 56 100
161 56 100
161 56 100
161 56 100
161 56 100
161 56 100
161 56 100
161 56 100
161 56 100
161 56 100
161 56 100
161 56 100
161 56 100
161 56 100
161 56 100
161 56 100
161 56 100
161 56 100
161 56 100
161 56 100
161 56 100
161 56 100
161 56 100
161 56 100
161 56 100
161 56 100
161 56 100
161 56 100
161 56 100
161 56 100
161 56 100
161 56 100
161 56 100
161 56 100
161 56 100
160 56 100
160 56 100
160 56 100
160 56 100
160 56 100
160 56 100
160 56 100
160 56 100
160 56 100
160 56 100
160 56 100
160 56 100
160 56 100
160 56 100
160 56 100
160 56 100
160 56 100
160 56 100
160 56 100
160 56 100
160 56 100
160 56 100
160 56 100
160 56 100
160 56 100
160 56 100
160 56 100
160 56 100
160 56 100
160 56 100
160 56 100
160 56 100
160 56 100
160 56 100
160 56 100
160 56 100
160 56 100
160 56 100
159 56 100
159 56 100
159 56 100
159 56 100
159 56 100
159 56 100
159 56 100
159 56 100
159 56 100
159 56 100
159 56 100
159 56 100
159 56 100
159 56 100
159 56 100
159 56 100
159 56 100
159 56 100
159 56 100
159 56 100
159 56 100
159 56 100
159 56 100
159 56 100
159 56 100
159 56 100
159 56 100
159 56 100
159 56 100
159 56 100
159 56 100
159 56 100
159 56 100
159 56 100
159 56 100
159 56 100
159 56 100
158 56 100
158 56 100
158 56 100
158 56 100
158 56 100
158 56 100
158 56 100
158 56 100
158 56 100
158 56 100
158 56 100
158 56 100
158 56 100
158 56 100
158 56 100
158 56 100
158 56 100
158 56 100
158 56 100
158 56 100
158 56 100
158 56 100
158 56 100
158 56 100
158 56 100
158 56 100
158 56 100
158 56 100
158 56 100
158 56 100
158 56 100
158 56 100
158 56 100
158 56 100
158 56 100
158 56 100
157 56 100
157 56 100
157 56 100
157 56 100
157 56 100
157 56 100
157 56 100
157 56 100
157 56 100
157 56 100
157 56 100
157 56 100
157 56 100
157 56 100
157 56 100
157 56 100
157 56 100
157 56 100
157 56 100
157 56 100
157 56 100
157 56 100
157 56 100
157 56 100
157 56 100
157 56 100
157 56 100
157 56 100
157 56 100
157 56 100
157 56 100
157 56 100
157 56 100
157 56 100
157 56 100
157 56 100
156 56 100
156 56 100
156 56 100
156 56 100
156 56 100
156 56 100
156 56 100
156 56 100
156 56 100
156 56 100
156 56 100
156 56 100
156 56 100
156 56 100
156 56 100
156 56 100
156 56 100
156 56 100
156 56 100
156 56 100
156 56 100
156 56 100
156 56 100
156 56 100
156 56 100
156 56 100
156 56 100
156 56 100
156 56 100
156 56 100
156 56 100
156 56 100
156 56 100
156 56 100
156 56 100
156 56 100
155 56 100
155 56 100
155 56 100
155 56 100
155 56 100
155 56 100
155 56 100
155 56 100
155 56 100
155 56 100
155 56 100
155 56 100
155 56 100
155 56 100
155 56 100
155 56 100
155 56 100
155 56 100
155 56 100
155 56 100
155 56 100
155 56 100
155 56 100
155 56 100
155 56 100
155 56 100
155 56 100
155 56 100
155 56 100
155 56 100
155 56 100
155 56 100
155 56 100
155 56 100
155 56 100
154 56 100
154 56 100
154 56 100
154 56 100
154 56 100
154 56 100
154 56 100
154 56 100
154 56 100
154 56 100
154 56 100
154 56 100
154 56 100
154 56 100
154 56 100
154 56 100
154 56 100
154 56 100
154 56 100
154 56 100
154 56 100
154 56 100
154 56 100
154 56 100
154 56 100
154 56 100
154 56 100
154 56 100
154 56 100
154 56 100
154 56 100
154 56 100
154 56 100
154 56 100
154 56 100
153 56 100
153 56 100
153 56 100
153 56 100
153 56 100
153 56 100
153 56 100
153 56 100
153 56 100
153 56 100
153 56 100
153 56 100
153 56 100
153 56 100
153 56 100
153 56 100
153 56 100
153 56 100
153 56 100
153 56 100
153 56 100
153 56 100
153 56 100
153 56 100
153 56 100
153 56 100
153 56 100
153 56 100
153 56 100
153 56 100
153 56 100
153 56 100
153 56 100
152 56 100
152 56 100
152 56 100
152 56 100
152 56 100
152 56 100
152 56 100
152 56 100
152 56 100
152 56 100
152 56 100
152 56 100
152 56 100
152 56 100
152 56 100
152 56 100
152 56 100
152 56 100
152 56 100
152 56 100
152 56 100
152 56 100
152 56 100
152 56 100
152 56 100
152 56 100
152 56 100
152 56 100
152 56 100
152 56 100
152 56 100
151 56 100
151 56 100
151 56 100
151 56 100
151 56 100
151 56 100
151 56 100
151 56 100
151 56 100
151 56 100
151 56 100
151 56 100
151 56 100
151 56 100
151 56 100
151 56 100
151 56 100
151 56 100
151 56 100
151 56 100
151 56 100
151 56 100
151 56 100
151 56 100
151 56 100
151 56 100
151 56 100
151 56 100
150 56 100
150 56 100
150 56 100
150 56 100
150 56 100
150 56 100
150 56 100
150 56 100
150 56 100
150 56 100
150 56 100
150 56 100
150 56 100
150 56 100
150 56 100
150 56 100
150 56 100
150 56 100
150 56 100
150 56 100
150 56 100
150 56 100
150 56 100
150 56 100
149 56 100
149 56 100
149 56 100
149 56 100
149 56 100
149 56 100
149 56 100
149 56 100
149 56 100
149 56 100
149 56 100
149 56 100
149 56 100
149 56 100
149 56 100
149 56 100
149 56 100
149 56 100
149 56 100
149 56 100
148 56 100
148 56 100
148 56 100
148 56 100
148 56 100
148 56 100
148 56 100
148 56 100
148 56 100
148 56 100
148 56 100
148 56 100
148 56 100
148 56 100
148 56 100
148 56 100
147 56 100
147 56 100
147 56 100
147 56 100
147 56 100
147 56 100
147 56 100
147 56 100
147 56 100
147 56 100
147 56 100
147 56 100
146 56 100
146 56 100
146 56 100
146 56 100
146 56 100
146 56 100
146 56 100
146 56 100
145 56 100
145 56 100
145 56 100
145 56 100
145 56 100
145 56 100
144 56 100
144 56 100
144 56 100
144 56 100
143 56 100
143 56 100
143 56 100
142 56 100
142 56 100
141 56 100
141 56 100
140 56 100
140 56 100
139 56 100
138 56 100
137 56 100
136 56 100
135 56 100
134 56 100
133 56 100
132 56 100
131 56 100
130 56 100
129 56 100
128 56 100
127 56 100
126 56 100
125 56 100
124 56 100
123 56 100
122 56 100
121 56 100
120 56 100
119 56 100
118 56 100
117 56 100
116 56 100
115 56 100
114 56 100
113 56 100
112 56 100
112 56 100
111 56 100
111 56 100
111 56 100
110 56 100
110 56 100
110 56 100
110 56 100
109 56 100
109 56 100
109 56 100
109 56 100
109 56 100
108 56 100
108 56 100
108 56 100
108 56 100
108 56 100
108 56 100
107 56 100
107 56 100
107 56 100
107 56 100
107 56 100
107 56 100
107 56 100
106 56 100
106 56 100
106 56 100
106 56 100
106 56 100
106 56 100
106 56 100
106 56 100
106 56 100
105 56 100
105 56 100
105 56 100
105 56 100
105 56 100
105 56 100
105 56 100
105 56 100
105 56 100
105 56 100
105 56 100
104 56 100
104 56 100
104 56 100
104 56 100
104 56 100
104 56 100
104 56 100
104 56 100
104 56 100
104 56 100
104 56 100
104 56 100
104 56 100
103 56 100
103 56 100
103 56 100
103 56 100
103 56 100
103 56 100
103 56 100
103 56 100
103 56 100
103 56 100
103 56 100
103 56 100
103 56 100
103 56 100
103 56 100
103 56 100
102 56 100
102 56 100
102 56 100
102 56 100
102 56 100
102 56 100
102 56 100
102 56 100
102 56 100
102 56 100
102 56 100
102 56 100
102 56 100
102 56 100
102 56 100
102 56 100
102 56 100
102 56 100
102 56 100
102 56 100
101 56 100
101 56 100
101 56 100
101 56 100
101 56 100
101 56 100
101 56 100
101 56 100
101 56 100
101 56 100
101 56 100
101 56 100
101 56 100
101 56 100
101 56 100
101 56 100
101 56 100
101 56 100
101 56 100
101 56 100
101 56 100
101 56 100
101 56 100
101 56 100
100 56 100
100 56 100
100 56 100
100 56 100
100 56 100
100 56 100
100 56 100
100 56 100
100 56 100
100 56 100
100 56 100
100 56 100
100 56 100
100 56 100
100 56 100
100 56 100
100 56 100
100 56 100
100 56 100
100 56 100
100 56 100
100 56 100
100 56 100
100 56 100
100 56 100
100 56 100
100 56 100
100 56 100
100 56 100
99 56 100
99 56 100
99 56 100
99 56 100
99 56 100
99 56 100
99 56 100
99 56 100
99 56 100
99 56 100
99 56 100
99 56 100
99 56 100
99 56 100
99 56 100
99 56 100
99 56 100
99 56 100
99 56 100
99 56 100
99 56 100
99 56 100
99 56 100
99 56 100
99 56 100
99 56 100
99 56 100
99 56 100
99 56 100
99 56 100
99 56 100
99 56 100
98 56 100
98 56 100
98 56 100
98 56 100
98 56 100
98 56 100
98 56 100
98 56 100
98 56 100
98 56 100
98 56 100
98 56 100
98 56 100
98 56 100
98 56 100
98 56 100
98 56 100
98 56 100
98 56 100
98 56 100
98 56 100
98 56 100
98 56 100
98 56 100
98 56 100
98 56 100
98 56 100
98 56 100
98 56 100
98 56 100
98 56 100
98 56 100
98 56 100
98 56 100
97 56 100
97 56 100
97 56 100
97 56 100
97 56 100
97 56 100
97 56 100
97 56 100
97 56 100
97 56 100
97 56 100
97 56 100
97 56 100
97 56 100
97 56 100
97 56 100
97 56 100
97 56 100
97 56 100
97 56 100
97 56 100
97 56 100
97 56 100
97 56 100
97 56 100
97 56 100
97 56 100
97 56 100
97 56 100
97 56 100
97 56 100
97 56 100
97 56 100
97 56 100
97 56 100
96 56 100
96 56 100
96 56 100
96 56 100
96 56 100
96 56 100
96 56 100
96 56 100
96 56 100
96 56 100
96 56 100
96 56 100
96 56 100
96 56 100
96 56 100
96 56 100
96 56 100
96 56 100
96 56 100
96 56 100
96 56 100
96 56 100
96 56 100
96 56 100
96 56 100
96 56 100
96 56 100
96 56 100
96 56 100
96 56 100
96 56 100
96 56 100
96 56 100
96 56 100
96 56 100
95 56 100
95 56 100
95 56 100
95 56 100
95 56 100
95 56 100
95 56 100
95 56 100
95 56 100
95 56 100
95 56 100
95 56 100
95 56 100
95 56 100
95 56 100
95 56 100
95 56 100
95 56 100
95 56 100
95 56 100
95 56 100
95 56 100
95 56 100
95 56 100
95 56 100
95 56 100
95 56 100
95 56 100
95 56 100
95 56 100
95 56 100
95 56 100
95 56 100
95 56 100
94 56 100
94 56 100
94 56 100
94 56 100
94 56 100
94 56 100
94 56 100
94 56 100
94 56 100
94 56 100
94 56 100
94 56 100
94 56 100
94 56 100
94 56 100
94 56 100
94 56 100
94 56 100
94 56 100
94 56 100
94 56 100
94 56 100
94 56 100
94 56 100
94 56 100
94 56 100
94 56 100
94 56 100
94 56 100
94 56 100
94 56 100
94 56 100
93 56 100
93 56 100
93 56 100
93 56 100
93 56 100
93 56 100
93 56 100
93 56 100
93 56 100
93 56 100
93 56 100
93 56 100
93 56 100
93 56 100
93 56 100
93 56 100
93 56 100
93 56 100
93 56 100
93 56 100
93 56 100
93 56 100
93 56 100
93 56 100
93 56 100
93 56 100
93 56 100
93 56 100
93 56 100
93 56 100
93 56 100
92 56 100
92 56 100
92 56 100
92 56 100
92 56 100
92 56 100
92 56 100
92 56 100
92 56 100
92 56 100
92 56 100
92 56 100
92 56 100
92 56 100
92 56 100
92 56 100
92 56 100
92 56 100
92 56 100
92 56 100
92 56 100
92 56 100
92 56 100
92 56 100
92 56 100
92 56 100
92 56 100
92 56 100
92 56 100
91 56 100
91 56 100
91 56 100
91 56 100
91 56 100
91 56 100
91 56 100
91 56 100
91 56 100
91 56 100
91 56 100
91 56 100
91 56 100
91 56 100
91 56 100
91 56 100
91 56 100
91 56 100
91 56 100
91 56 100
91 56 100
91 56 100
91 56 100
91 56 100
91 56 100
91 56 100
91 56 100
91 56 100
90 56 100
90 56 100
90 56 100
90 56 100
90 56 100
90 56 100
90 56 100
90 56 100
90 56 100
90 56 100
90 56 100
90 56 100
90 56 100
90 56 100
90 56 100
90 56 100
90 56 100
90 56 100
90 56 100
90 56 100
90 56 100
90 56 100
90 56 100
90 56 100
90 56 100
90 56 100
90 56 100
90 56 100
89 56 100
89 56 100
89 56 100
89 56 100
89 56 100
89 56 100
89 56 100
89 56 100
89 56 100
89 56 100
89 56 100
89 56 100
89 56 100
89 56 100
89 56 100
89 56 100
89 56 100
89 56 100
89 56 100
89 56 100
89 56 100
89 56 100
89 56 100
89 56 100
89 56 100
89 56 100
89 56 100
88 56 100
88 56 100
88 56 100
88 56 100
88 56 100
88 56 100
88 56 100
88 56 100
88 56 100
88 56 100
88 56 100
88 56 100
88 56 100
88 56 100
88 56 100
88 56 100
88 56 100
88 56 100
88 56 100
88 56 100
88 56 100
88 56 100
88 56 100
88 56 100
88 56 100
88 56 100
87 56 100
87 56 100
87 56 100
87 56 100
87 56 100
87 56 100
87 56 100
87 56 100
87 56 100
87 56 100
87 56 100
87 56 100
87 56 100
87 56 100
87 56 100
87 56 100
87 56 100
87 56 100
87 56 100
87 56 100
87 56 100
87 56 100
87 56 100
87 56 100
87 56 100
86 56 100
86 56 100
86 56 100
86 56 100
86 56 100
86 56 100
86 56 100
86 56 100
86 56 100
86 56 100
86 56 100
86 56 100
86 56 100
86 56 100
86 56 100
86 56 100
86 56 100
86 56 100
86 56 100
86 56 100
86 56 100
86 56 100
86 56 100
85 56 100
85 56 100
85 56 100
85 56 100
85 56 100
85 56 100
85 56 100
85 56 100
85 56 100
85 56 100
85 56 100
85 56 100
85 56 100
85 56 100
85 56 100
85 56 100
85 56 100
85 56 100
85 56 100
85 56 100
84 56 100
84 56 100
84 56 100
84 56 100
84 56 100
84 56 100
84 56 100
84 56 100
84 56 100
84 56 100
84 56 100
84 56 100
84 56 100
84 56 100
84 56 100
84 56 100
84 56 100
83 56 100
83 56 100
83 56 100
83 56 100
83 56 100
83 56 100
83 56 100
83 56 100
83 56 100
83 56 100
83 56 100
83 56 100
83 56 100
83 56 100
82 56 100
82 56 100
82 56 100
82 56 100
82 56 100
82 56 100
82 56 100
82 56 100
82 56 100
82 56 100
81 56 100
81 56 100
81 56 100
81 56 100
81 56 100
81 56 100
81 56 100
80 56 100
80 56 100
80 56 100
80 56 100
80 56 100
79 56 100
79 56 100
79 56 100
79 56 100
78 56 100
78 56 100
78 56 100
77 56 100
77 56 100
76 56 100
76 56 100
75 56 100
75 56 100
74 56 100
73 56 100
72 56 100
71 56 100
70 56 100
69 56 100
68 56 100
67 56 100
66 56 100
65 56 100
64 56 100
63 56 100
62 56 100
61 56 100
60 56 100
59 56 100
58 56 100
57 56 100
57 56 100
56 56 100
56 56 100
55 56 100
55 56 100
54 56 100
54 56 100
53 56 100
53 56 100
52 56 100
52 56 100
51 56 100
51 56 100
50 56 100
50 56 100
49 56 100
49 56 100
48 56 100
48 56 100
47 56 100
47 56 100
46 56 100
46 56 100
45 56 100
45 56 100
44 56 100
44 56 100
43 56 100
43 56 100
42 56 100
42 56 100
42 56 100
# move from (190,196) to (41,106)
190 196 100
189 196 100
188 196 100
187 196 100
186 196 100
185 196 100
184 196 100
183 196 100
182 196 100
181 196 100
180 196 100
179 196 100
178 196 100
177 196 100
176 196 100
176 196 100
175 196 100
175 196 100
174 196 100
174 196 100
173 196 100
173 196 100
172 196 100
172 196 100
172 196 100
171 196 100
171 196 100
171 196 100
170 196 100
170 196 100
170 196 100
169 196 100
169 196 100
169 196 100
168 196 100
168 196 100
168 196 100
167 196 100
167 196 100
167 196 100
166 196 100
166 196 100
166 196 100
165 196 100
165 196 100
164 196 100
164 196 100
163 196 100
162 196 100
161 196 100
160 196 100
159 196 100
158 196 100
157 196 100
156 196 100
155 196 100
154 196 100
153 196 100
152 196 100
151 196 100
150 196 100
149 196 100
148 196 100
147 196 100
146 196 100
145 196 100
144 196 100
143 196 100
142 196 100
142 196 100
141 196 100
141 196 100
140 196 100
140 196 100
139 196 100
139 196 100
138 196 100
138 196 100
137 196 100
137 196 100
136 196 100
136 196 100
135 196 100
135 196 100
134 196 100
133 196 100
132 196 100
131 196 100
130 196 100
129 196 100
128 196 100
127 196 100
126 196 100
125 196 100
124 196 100
123 196 100
122 196 100
121 196 100
121 196 100
120 196 100
120 196 100
119 196 100
119 196 100
118 196 100
118 196 100
117 196 100
117 196 100
116 196 100
116 196 100
116 196 100
115 196 100
115 196 100
115 196 100
114 196 100
114 196 100
114 196 100
113 196 100
113 196 100
113 196 100
112 196 100
112 196 100
112 196 100
111 196 100
111 196 100
111 196 100
111 196 100
110 196 100
110 196 100
110 196 100
110 196 100
110 196 100
109 196 100
109 196 100
109 196 100
109 196 100
109 196 100
109 196 100
109 196 100
108 196 100
108 196 100
108 196 100
108 196 100
108 196 100
108 196 100
108 196 100
108 196 100
108 196 100
107 196 100
107 196 100
107 196 100
107 196 100
107 196 100
107 196 100
107 196 100
107 196 100
107 196 100
107 196 100
107 196 100
107 196 100
106 196 100
106 196 100
106 196 100
106 196 100
106 196 100
106 196 100
106 196 100
106 196 100
106 196 100
106 196 100
106 196 100
106 196 100
106 196 100
106 196 100
106 196 100
106 196 100
105 196 100
105 196 100
105 196 100
105 196 100
105 196 100
105 196 100
105 196 100
105 196 100
105 196 100
105 196 100
105 196 100
105 196 100
105 196 100
105 196 100
105 196 100
105 196 100
105 196 100
105 196 100
105 196 100
104 196 100
104 196 100
104 196 100
104 196 100
104 196 100
104 196 100
104 196 100
104 196 100
104 196 100
104 196 100
104 196 100
104 196 100
104 196 100
104 196 100
104 196 100
104 196 100
104 196 100
104 196 100
104 196 100
104 196 100
104 196 100
103 196 100
103 196 100
103 196 100
103 196 100
103 196 100
103 196 100
103 196 100
103 196 100
103 196 100
103 196 100
103 196 100
103 196 100
103 196 100
103 196 100
103 196 100
103 196 100
103 196 100
103 196 100
103 196 100
103 196 100
103 196 100
103 196 100
103 196 100
102 196 100
102 196 100
102 196 100
102 196 100
102 196 100
102 196 100
102 196 100
102 196 100
102 196 100
102 196 100
102 196 100
102 196 100
102 196 100
102 196 100
102 196 100
102 196 100
102 196 100
102 196 100
102 196 100
102 196 100
102 196 100
102 196 100
102 196 100
101 196 100
101 196 100
101 196 100
101 196 100
101 196 100
101 196 100
101 196 100
101 196 100
101 196 100
101 196 100
101 196 100
101 196 100
101 196 100
101 196 100
101 196 100
101 196 100
101 196 100
101 196 100
101 196 100
101 196 100
101 196 100
101 196 100
100 196 100
100 196 100
100 196 100
100 196 100
100 196 100
100 196 100
100 196 100
100 196 100
100 196 100
100 196 100
100 196 100
100 196 100
100 196 100
100 196 100
100 196 100
100 196 100
100 196 100
100 196 100
100 196 100
100 196 100
100 196 100
99 196 100
99 196 100
99 196 100
99 196 100
99 196 100
99 196 100
99 196 100
99 196 100
99 196 100
99 196 100
99 196 100
99 196 100
99 196 100
99 196 100
99 196 100
99 196 100
99 196 100
99 196 100
99 196 100
98 196 100
98 196 100
98 196 100
98 196 100
98 196 100
98 196 100
98 196 100
98 196 100
98 196 100
98 196 100
98 196 100
98 196 100
98 196 100
98 196 100
98 196 100
98 196 100
98 196 100
97 196 100
97 196 100
97 196 100
97 196 100
97 196 100
97 196 100
97 196 100
97 196 100
97 196 100
97 196 100
97 196 100
97 196 100
97 196 100
97 196 100
97 196 100
97 196 100
96 196 100
96 196 100
96 196 100
96 196 100
96 196 100
96 196 100
96 196 100
96 196 100
96 196 100
96 196 100
96 196 100
96 196 100
96 196 100
96 196 100
95 196 100
95 196 100
95 196 100
95 196 100
95 196 100
95 196 100
95 196 100
95 196 100
95 196 100
95 196 100
95 196 100
95 196 100
95 196 100
94 196 100
94 196 100
94 196 100
94 196 100
94 196 100
94 196 100
94 196 100
94 196 100
94 196 100
94 196 100
94 196 100
93 196 100
93 196 100
93 196 100
93 196 100
93 196 100
93 196 100
93 196 100
93 196 100
93 196 100
93 196 100
92 196 100
92 196 100
92 196 100
92 196 100
92 196 100
92 196 100
92 196 100
92 196 100
91 196 100
91 196 100
91 196 100
91 196 100
91 196 100
90 196 100
90 196 100
90 196 100
90 196 100
89 196 100
89 196 100
89 196 100
88 196 100
88 196 100
87 196 100
86 196 100
85 196 100
84 196 100
83 196 100
82 196 100
81 196 100
80 196 100
79 196 100
78 196 100
77 196 100
76 196 100
75 196 100
74 196 100
73 196 100
73 196 100
72 196 100
72 196 100
71 196 100
71 196 100
70 196 100
70 196 100
70 196 100
69 196 100
69 196 100
69 196 100
68 196 100
68 196 100
68 196 100
68 196 100
67 196 100
67 196 100
67 196 100
67 196 100
67 196 100
66 196 100
66 196 100
66 196 100
66 196 100
66 196 100
66 196 100
66 196 100
66 196 100
65 196 100
65 196 100
65 196 100
65 196 100
65 196 100
65 196 100
65 196 100
65 196 100
65 196 100
65 196 100
64 196 100
64 196 100
64 196 100
64 196 100
64 196 100
64 196 100
64 196 100
64 196 100
64 196 100
64 196 100
64 196 100
64 196 100
64 196 100
64 196 100
63 196 100
63 196 100
63 196 100
63 196 100
63 196 100
63 196 100
63 196 100
63 196 100
63 196 100
63 196 100
63 196 100
63 196 100
63 196 100
63 196 100
63 196 100
63 196 100
62 196 100
62 196 100
62 196 100
62 196 100
62 196 100
62 196 100
62 196 100
62 196 100
62 196 100
62 196 100
62 196 100
62 196 100
62 196 100
62 196 100
62 196 100
62 196 100
62 196 100
62 196 100
61 196 100
61 196 100
61 196 100
61 196 100
61 196 100
61 196 100
61 196 100
61 196 100
61 196 100
61 196 100
61 196 100
61 196 100
61 196 100
61 196 100
61 196 100
61 196 100
61 196 100
61 196 100
61 196 100
61 196 100
60 196 100
60 196 100
60 196 100
60 196 100
60 196 100
60 196 100
60 196 100
60 196 100
60 196 100
60 196 100
60 196 100
60 196 100
60 196 100
60 196 100
60 196 100
60 196 100
60 196 100
60 196 100
60 196 100
60 196 100
59 196 100
59 196 100
59 196 100
59 196 100
59 196 100
59 196 100
59 196 100
59 196 100
59 196 100
59 196 100
59 196 100
59 196 100
59 196 100
59 196 100
59 196 100
59 196 100
59 196 100
59 196 100
59 196 100
58 196 100
58 196 100
58 196 100
58 196 100
58 196 100
58 196 100
58 196 100
58 196 100
58 196 100
58 196 100
58 196 100
58 196 100
58 196 100
58 196 100
58 196 100
58 196 100
58 196 100
57 196 100
57 196 100
57 196 100
57 196 100
57 196 100
57 196 100
57 196 100
57 196 100
57 196 100
57 196 100
57 196 100
57 196 100
57 196 100
57 196 100
57 196 100
56 196 100
56 196 100
56 196 100
56 196 100
56 196 100
56 196 100
56 196 100
56 196 100
56 196 100
56 196 100
56 196 100
56 196 100
55 196 100
55 196 100
55 196 100
55 196 100
55 196 100
55 196 100
55 196 100
55 196 100
55 196 100
55 196 100
54 196 100
54 196 100
54 196 100
54 196 100
54 196 100
54 196 100
54 196 100
54 196 100
53 196 100
53 196 100
53 196 100
53 196 100
53 196 100
53 196 100
52 196 100
52 196 100
52 196 100
52 196 100
52 196 100
51 196 100
51 196 100
51 196 100
51 196 100
51 196 100
50 196 100
50 196 100
50 196 100
50 196 100
49 196 100
49 196 100
49 196 100
48 196 100
48 196 100
47 196 100
46 196 100
45 196 100
44 196 100
43 196 100
42 196 100
41 196 100
41 195 100
41 194 100
41 193 100
41 192 100
41 191 100
41 190 100
41 189 100
41 188 100
41 187 100
41 186 100
41 185 100
41 184 100
41 183 100
41 182 100
41 181 100
41 180 100
41 179 100
41 178 100
41 177 100
41 176 100
41 175 100
41 174 100
41 173 100
41 172 100
41 171 100
41 170 100
41 169 100
41 168 100
41 167 100
41 166 100
41 165 100
41 164 100
41 164 100
41 163 100
41 163 100
41 162 100
41 162 100
41 162 100
41 161 100
41 161 100
41 161 100
41 160 100
41 160 100
41 160 100
41 160 100
41 159 100
41 159 100
41 159 100
41 159 100
41 158 100
41 158 100
41 158 100
41 158 100
41 157 100
41 157 100
41 157 100
41 157 100
41 156 100
41 156 100
41 156 100
41 156 100
41 155 100
41 155 100
41 155 100
41 155 100
41 154 100
41 154 100
41 154 100
41 154 100
41 153 100
41 153 100
41 153 100
41 153 100
41 152 100
41 152 100
41 152 100
41 152 100
41 152 100
41 151 100
41 151 100
41 151 100
41 151 100
41 151 100
41 151 100
41 150 100
41 150 100
41 150 100
41 150 100
41 150 100
41 150 100
41 150 100
41 149 100
41 149 100
41 149 100
41 149 100
41 149 100
41 149 100
41 149 100
41 149 100
41 149 100
41 149 100
41 148 100
41 148 100
41 148 100
41 148 100
41 148 100
41 148 100
41 148 100
41 148 100
41 148 100
41 148 100
41 148 100
41 148 100
41 148 100
41 147 100
41 147 100
41 147 100
41 147 100
41 147 100
41 147 100
41 147 100
41 147 100
41 147 100
41 147 100
41 147 100
41 147 100
41 147 100
41 147 100
41 147 100
41 147 100
41 146 100
41 146 100
41 146 100
41 146 100
41 146 100
41 146 100
41 146 100
41 146 100
41 146 100
41 146 100
41 146 100
41 146 100
41 146 100
41 146 100
41 146 100
41 146 100
41 146 100
41 146 100
41 146 100
41 145 100
41 145 100
41 145 100
41 145 100
41 145 100
41 145 100
41 145 100
41 145 100
41 145 100
41 145 100
41 145 100
41 145 100
41 145 100
41 145 100
41 145 100
41 145 100
41 145 100
41 145 100
41 145 100
41 145 100
41 145 100
41 145 100
41 144 100
41 144 100
41 144 100
41 144 100
41 144 100
41 144 100
41 144 100
41 144 100
41 144 100
41 144 100
41 144 100
41 144 100
41 144 100
41 144 100
41 144 100
41 144 100
41 144 100
41 144 100
41 144 100
41 144 100
41 144 100
41 144 100
41 144 100
41 143 100
41 143 100
41 143 100
41 143 100
41 143 100
41 143 100
41 143 100
41 143 100
41 143 100
41 143 100
41 143 100
41 143 100
41 143 100
41 143 100
41 143 100
41 143 100
41 143 100
41 143 100
41 143 100
41 143 100
41 143 100
41 143 100
41 143 100
41 143 100
41 142 100
41 142 100
41 142 100
41 142 100
41 142 100
41 142 100
41 142 100
41 142 100
41 142 100
41 142 100
41 142 100
41 142 100
41 142 100
41 142 100
41 142 100
41 142 100
41 142 100
41 142 100
41 142 100
41 142 100
41 142 100
41 142 100
41 142 100
41 142 100
41 142 100
41 141 100
41 141 100
41 141 100
41 141 100
41 141 100
41 141 100
41 141 100
41 141 100
41 141 100
41 141 100
41 141 100
41 141 100
41 141 100
41 141 100
41 141 100
41 141 100
41 141 100
41 141 100
41 141 100
41 141 100
41 141 100
41 141 100
41 141 100
41 141 100
41 141 100
41 140 100
41 140 100
41 140 100
41 140 100
41 140 100
41 140 100
41 140 100
41 140 100
41 140 100
41 140 100
41 140 100
41 140 100
41 140 100
41 140 100
41 140 100
41 140 100
41 140 100
41 140 100
41 140 100
41 140 100
41 140 100
41 140 100
41 140 100
41 140 100
41 140 100
41 139 100
41 139 100
41 139 100
41 139 100
41 139 100
41 139 100
41 139 100
41 139 100
41 139 100
41 139 100
41 139 100
41 139 100
41 139 100
41 139 100
41 139 100
41 139 100
41 139 100
41 139 100
41 139 100
41 139 100
41 139 100
41 139 100
41 139 100
41 139 100
41 138 100
41 138 100
41 138 100
41 138 100
41 138 100
41 138 100
41 138 100
41 138 100
41 138 100
41 138 100
41 138 100
41 138 100
41 138 100
41 138 100
41 138 100
41 138 100
41 138 100
41 138 100
41 138 100
41 138 100
41 138 100
41 138 100
41 138 100
41 138 100
41 138 100
41 137 100
41 137 100
41 137 100
41 137 100
41 137 100
41 137 100
41 137 100
41 137 100
41 137 100
41 137 100
41 137 100
41 137 100
41 137 100
41 137 100
41 137 100
41 137 100
41 137 100
41 137 100
41 137 100
41 137 100
41 137 100
41 137 100
41 137 100
41 137 100
41 137 100
41 137 100
41 136 100
41 136 100
41 136 100
41 136 100
41 136 100
41 136 100
41 136 100
41 136 100
41 136 100
41 136 100
41 136 100
41 136 100
41 136 100
41 136 100
41 136 100
41 136 100
41 136 100
41 136 100
41 136 100
41 136 100
41 136 100
41 136 100
41 136 100
41 136 100
41 136 100
41 136 100
41 136 100
41 135 100
41 135 100
41 135 100
41 135 100
41 135 100
41 135 100
41 135 100
41 135 100
41 135 100
41 135 100
41 135 100
41 135 100
41 135 100
41 135 100
41 135 100
41 135 100
41 135 100
41 135 100
41 135 100
41 135 100
41 135 100
41 135 100
41 135 100
41 135 100
41 135 100
41 135 100
41 135 100
41 135 100
41 135 100
41 134 100
41 134 100
41 134 100
41 134 100
41 134 100
41 134 100
41 134 100
41 134 100
41 134 100
41 134 100
41 134 100
41 134 100
41 134 100
41 134 100
41 134 100
41 134 100
41 134 100
41 134 100
41 134 100
41 134 100
41 134 100
41 134 100
41 134 100
41 134 100
41 134 100
41 134 100
41 134 100
41 134 100
41 134 100
41 134 100
41 134 100
41 133 100
41 133 100
41 133 100
41 133 100
41 133 100
41 133 100
41 133 100
41 133 100
41 133 100
41 133 100
41 133 100
41 133 100
41 133 100
41 133 100
41 133 100
41 133 100
41 133 100
41 133 100
41 133 100
41 133 100
41 133 100
41 133 100
41 133 100
41 133 100
41 133 100
41 133 100
41 133 100
41 133 100
41 133 100
41 133 100
41 133 100
41 133 100
41 133 100
41 132 100
41 132 100
41 132 100
41 132 100
41 132 100
41 132 100
41 132 100
41 132 100
41 132 100
41 132 100
41 132 100
41 132 100
41 132 100
41 132 100
41 132 100
41 132 100
41 132 100
41 132 100
41 132 100
41 132 100
41 132 100
41 132 100
41 132 100
41 132 100
41 132 100
41 132 100
41 132 100
41 132 100
41 132 100
41 132 100
41 132 100
41 132 100
41 132 100
41 132 100
41 131 100
41 131 100
41 131 100
41 131 100
41 131 100
41 131 100
41 131 100
41 131 100
41 131 100
41 131 100
41 131 100
41 131 100
41 131 100
41 131 100
41 131 100
41 131 100
41 131 100
41 131 100
41 131 100
41 131 100
41 131 100
41 131 100
41 131 100
41 131 100
41 131 100
41 131 100
41 131 100
41 131 100
41 131 100
41 131 100
41 131 100
41 131 100
41 131 100
41 131 100
41 131 100
41 130 100
41 130 100
41 130 100
41 130 100
41 130 100
41 130 100
41 130 100
41 130 100
41 130 100
41 130 100
41 130 100
41 130 100
41 130 100
41 130 100
41 130 100
41 130 100
41 130 100
41 130 100
41 130 100
41 130 100
41 130 100
41 130 100
41 130 100
41 130 100
41 130 100
41 130 100
41 130 100
41 130 100
41 130 100
41 130 100
41 130 100
41 130 100
41 130 100
41 130 100
41 130 100
41 129 100
41 129 100
41 129 100
41 129 100
41 129 100
41 129 100
41 129 100
41 129 100
41 129 100
41 129 100
41 129 100
41 129 100
41 129 100
41 129 100
41 129 100
41 129 100
41 129 100
41 129 100
41 129 100
41 129 100
41 129 100
41 129 100
41 129 100
41 129 100
41 129 100
41 129 100
41 129 100
41 129 100
41 129 100
41 129 100
41 129 100
41 129 100
41 129 100
41 129 100
41 128 100
41 128 100
41 128 100
41 128 100
41 128 100
41 128 100
41 128 100
41 128 100
41 128 100
41 128 100
41 128 100
41 128 100
41 128 100
41 128 100
41 128 100
41 128 100
41 128 100
41 128 100
41 128 100
41 128 100
41 128 100
41 128 100
41 128 100
41 128 100
41 128 100
41 128 100
41 128 100
41 128 100
41 128 100
41 128 100
41 128 100
41 128 100
41 128 100
41 127 100
41 127 100
41 127 100
41 127 100
41 127 100
41 127 100
41 127 100
41 127 100
41 127 100
41 127 100
41 127 100
41 127 100
41 127 100
41 127 100
41 127 100
41 127 100
41 127 100
41 127 100
41 127 100
41 127 100
41 127 100
41 127 100
41 127 100
41 127 100
41 127 100
41 127 100
41 127 100
41 127 100
41 127 100
41 127 100
41 127 100
41 127 100
41 126 100
41 126 100
41 126 100
41 126 100
41 126 100
41 126 100
41 126 100
41 126 100
41 126 100
41 126 100
41 126 100
41 126 100
41 126 100
41 126 100
41 126 100
41 126 100
41 126 100
41 126 100
41 126 100
41 126 100
41 126 100
41 126 100
41 126 100
41 126 100
41 126 100
41 126 100
41 126 100
41 126 100
41 126 100
41 126 100
41 125 100
41 125 100
41 125 100
41 125 100
41 125 100
41 125 100
41 125 100
41 125 100
41 125 100
41 125 100
41 125 100
41 125 100
41 125 100
41 125 100
41 125 100
41 125 100
41 125 100
41 125 100
41 125 100
41 125 100
41 125 100
41 125 100
41 125 100
41 125 100
41 125 100
41 125 100
41 125 100
41 125 100
41 125 100
41 124 100
41 124 100
41 124 100
41 124 100
41 124 100
41 124 100
41 124 100
41 124 100
41 124 100
41 124 100
41 124 100
41 124 100
41 124 100
41 124 100
41 124 100
41 124 100
41 124 100
41 124 100
41 124 100
41 124 100
41 124 100
41 124 100
41 124 100
41 124 100
41 124 100
41 124 100
41 124 100
41 124 100
41 123 100
41 123 100
41 123 100
41 123 100
41 123 100
41 123 100
41 123 100
41 123 100
41 123 100
41 123 100
41 123 100
41 123 100
41 123 100
41 123 100
41 123 100
41 123 100
41 123 100
41 123 100
41 123 100
41 123 100
41 123 100
41 123 100
41 123 100
41 123 100
41 123 100
41 123 100
41 123 100
41 123 100
41 122 100
41 122 100
41 122 100
41 122 100
41 122 100
41 122 100
41 122 100
41 122 100
41 122 100
41 122 100
41 122 100
41 122 100
41 122 100
41 122 100
41 122 100
41 122 100
41 122 100
41 122 100
41 122 100
41 122 100
41 122 100
41 122 100
41 122 100
41 122 100
41 122 100
41 122 100
41 122 100
41 122 100
41 121 100
41 121 100
41 121 100
41 121 100
41 121 100
41 121 100
41 121 100
41 121 100
41 121 100
41 121 100
41 121 100
41 121 100
41 121 100
41 121 100
41 121 100
41 121 100
41 121 100
41 121 100
41 121 100
41 121 100
41 121 100
41 121 100
41 121 100
41 121 100
41 121 100
41 121 100
41 121 100
41 121 100
41 120 100
41 120 100
41 120 100
41 120 100
41 120 100
41 120 100
41 120 100
41 120 100
41 120 100
41 120 100
41 120 100
41 120 100
41 120 100
41 120 100
41 120 100
41 120 100
41 120 100
41 120 100
41 120 100
41 120 100
41 120 100
41 120 100
41 120 100
41 120 100
41 120 100
41 120 100
41 120 100
41 120 100
41 120 100
41 119 100
41 119 100
41 119 100
41 119 100
41 119 100
41 119 100
41 119 100
41 119 100
41 119 100
41 119 100
41 119 100
41 119 100
41 119 100
41 119 100
41 119 100
41 119 100
41 119 100
41 119 100
41 119 100
41 119 100
41 119 100
41 119 100
41 119 100
41 119 100
41 119 100
41 119 100
41 119 100
41 119 100
41 119 100
41 118 100
41 118 100
41 118 100
41 118 100
41 118 100
41 118 100
41 118 100
41 118 100
41 118 100
41 118 100
41 118 100
41 118 100
41 118 100
41 118 100
41 118 100
41 118 100
41 118 100
41 118 100
41 118 100
41 118 100
41 118 100
41 118 100
41 118 100
41 118 100
41 118 100
41 118 100
41 118 100
41 118 100
41 118 100
41 117 100
41 117 100
41 117 100
41 117 100
41 117 100
41 117 100
41 117 100
41 117 100
41 117 100
41 117 100
41 117 100
41 117 100
41 117 100
41 117 100
41 117 100
41 117 100
41 117 100
41 117 100
41 117 100
41 117 100
41 117 100
41 117 100
41 117 100
41 117 100
41 117 100
41 117 100
41 117 100
41 117 100
41 117 100
41 116 100
41 116 100
41 116 100
41 116 100
41 116 100
41 116 100
41 116 100
41 116 100
41 116 100
41 116 100
41 116 100
41 116 100
41 116 100
41 116 100
41 116 100
41 116 100
41 116 100
41 116 100
41 116 100
41 116 100
41 116 100
41 116 100
41 116 100
41 116 100
41 116 100
41 116 100
41 116 100
41 115 100
41 115 100
41 115 100
41 115 100
41 115 100
41 115 100
41 115 100
41 115 100
41 115 100
41 115 100
41 115 100
41 115 100
41 115 100
41 115 100
41 115 100
41 115 100
41 115 100
41 115 100
41 115 100
41 115 100
41 115 100
41 115 100
41 115 100
41 115 100
41 114 100
41 114 100
41 114 100
41 114 100
41 114 100
41 114 100
41 114 100
41 114 100
41 114 100
41 114 100
41 114 100
41 114 100
41 114 100
41 114 100
41 114 100
41 114 100
41 114 100
41 114 100
41 114 100
41 114 100
41 113 100
41 113 100
41 113 100
41 113 100
41 113 100
41 113 100
41 113 100
41 113 100
41 113 100
41 113 100
41 113 100
41 113 100
41 113 100
41 113 100
41 113 100
41 113 100
41 112 100
41 112 100
41 112 100
41 112 100
41 112 100
41 112 100
41 112 100
41 112 100
41 112 100
41 112 100
41 112 100
41 111 100
41 111 100
41 111 100
41 111 100
41 111 100
41 111 100
41 111 100
41 111 100
41 110 100
41 110 100
41 110 100
41 110 100
41 110 100
41 109 100
41 109 100
41 109 100
41 108 100
41 108 100
41 107 100
# move from (169,158) to (41,106)
169 158 100
168 158 100
167 158 100
166 158 100
165 158 100
164 158 100
163 158 100
162 158 100
161 158 100
160 158 100
159 158 100
158 158 100
157 158 100
156 158 100
155 158 100
154 158 100
153 158 100
153 158 100
152 158 100
152 158 100
152 158 100
151 158 100
151 158 100
151 158 100
151 158 100
151 158 100
150 158 100
150 158 100
150 158 100
150 158 100
150 158 100
150 158 100
150 158 100
149 158 100
149 158 100
149 158 100
149 158 100
149 158 100
149 158 100
149 158 100
149 158 100
149 158 100
148 158 100
148 158 100
148 158 100
148 158 100
148 158 100
148 158 100
148 158 100
148 158 100
148 158 100
148 158 100
148 158 100
148 158 100
147 158 100
147 158 100
147 158 100
147 158 100
147 158 100
147 158 100
147 158 100
147 158 100
147 158 100
147 158 100
147 158 100
147 158 100
147 158 100
147 158 100
146 158 100
146 158 100
146 158 100
146 158 100
146 158 100
146 158 100
146 158 100
146 158 100
146 158 100
146 158 100
146 158 100
146 158 100
146 158 100
146 158 100
146 158 100
146 158 100
145 158 100
145 158 100
145 158 100
145 158 100
145 158 100
145 158 100
145 158 100
145 158 100
145 158 100
145 158 100
145 158 100
145 158 100
145 158 100
145 158 100
145 158 100
145 158 100
145 158 100
145 158 100
144 158 100
144 158 100
144 158 100
144 158 100
144 158 100
144 158 100
144 158 100
144 158 100
144 158 100
144 158 100
144 158 100
144 158 100
144 158 100
144 158 100
144 158 100
144 158 100
144 158 100
144 158 100
144 158 100
143 158 100
143 158 100
143 158 100
143 158 100
143 158 100
143 158 100
143 158 100
143 158 100
143 158 100
143 158 100
143 158 100
143 158 100
143 158 100
143 158 100
143 158 100
143 158 100
143 158 100
143 158 100
143 158 100
143 158 100
142 158 100
142 158 100
142 158 100
142 158 100
142 158 100
142 158 100
142 158 100
142 158 100
142 158 100
142 158 100
142 158 100
142 158 100
142 158 100
142 158 100
142 158 100
142 158 100
142 158 100
142 158 100
142 158 100
142 158 100
142 158 100
142 158 100
141 158 100
141 158 100
141 158 100
141 158 100
141 158 100
141 158 100
141 158 100
141 158 100
141 158 100
141 158 100
141 158 100
141 158 100
141 158 100
141 158 100
141 158 100
141 158 100
141 158 100
141 158 100
141 158 100
141 158 100
141 158 100
141 158 100
141 158 100
141 158 100
140 158 100
140 158 100
140 158 100
140 158 100
140 158 100
140 158 100
140 158 100
140 158 100
140 158 100
140 158 100
140 158 100
140 158 100
140 158 100
140 158 100
140 158 100
140 158 100
140 158 100
140 158 100
140 158 100
140 158 100
140 158 100
140 158 100
140 158 100
140 158 100
140 158 100
140 158 100
140 158 100
139 158 100
139 158 100
139 158 100
139 158 100
139 158 100
139 158 100
139 158 100
139 158 100
139 158 100
139 158 100
139 158 100
139 158 100
139 158 100
139 158 100
139 158 100
139 158 100
139 158 100
139 158 100
139 158 100
139 158 100
139 158 100
139 158 100
139 158 100
139 158 100
139 158 100
139 158 100
139 158 100
139 158 100
139 158 100
139 158 100
138 158 100
138 158 100
138 158 100
138 158 100
138 158 100
138 158 100
138 158 100
138 158 100
138 158 100
138 158 100
138 158 100
138 158 100
138 158 100
138 158 100
138 158 100
138 158 100
138 158 100
138 158 100
138 158 100
138 158 100
138 158 100
138 158 100
138 158 100
138 158 100
138 158 100
138 158 100
138 158 100
138 158 100
138 158 100
138 158 100
138 158 100
138 158 100
138 158 100
137 158 100
137 158 100
137 158 100
137 158 100
137 158 100
137 158 100
137 158 100
137 158 100
137 158 100
137 158 100
137 158 100
137 158 100
137 158 100
137 158 100
137 158 100
137 158 100
137 158 100
137 158 100
137 158 100
137 158 100
137 158 100
137 158 100
137 158 100
137 158 100
137 158 100
137 158 100
137 158 100
137 158 100
137 158 100
137 158 100
137 158 100
137 158 100
137 158 100
137 158 100
137 158 100
137 158 100
136 158 100
136 158 100
136 158 100
136 158 100
136 158 100
136 158 100
136 158 100
136 158 100
136 158 100
136 158 100
136 158 100
136 158 100
136 158 100
136 158 100
136 158 100
136 158 100
136 158 100
136 158 100
136 158 100
136 158 100
136 158 100
136 158 100
136 158 100
136 158 100
136 158 100
136 158 100
136 158 100
136 158 100
136 158 100
136 158 100
136 158 100
136 158 100
136 158 100
136 158 100
136 158 100
136 158 100
136 158 100
136 158 100
135 158 100
135 158 100
135 158 100
135 158 100
135 158 100
135 158 100
135 158 100
135 158 100
135 158 100
135 158 100
135 158 100
135 158 100
135 158 100
135 158 100
135 158 100
135 158 100
135 158 100
135 158 100
135 158 100
135 158 100
135 158 100
135 158 100
135 158 100
135 158 100
135 158 100
135 158 100
135 158 100
135 158 100
135 158 100
135 158 100
135 158 100
135 158 100
135 158 100
135 158 100
135 158 100
135 158 100
135 158 100
135 158 100
135 158 100
134 158 100
134 158 100
134 158 100
134 158 100
134 158 100
134 158 100
134 158 100
134 158 100
134 158 100
134 158 100
134 158 100
134 158 100
134 158 100
134 158 100
134 158 100
134 158 100
134 158 100
134 158 100
134 158 100
134 158 100
134 158 100
134 158 100
134 158 100
134 158 100
134 158 100
134 158 100
134 158 100
134 158 100
134 158 100
134 158 100
134 158 100
134 158 100
134 158 100
134 158 100
134 158 100
134 158 100
134 158 100
134 158 100
133 158 100
133 158 100
133 158 100
133 158 100
133 158 100
133 158 100
133 158 100
133 158 100
133 158 100
133 158 100
133 158 100
133 158 100
133 158 100
133 158 100
133 158 100
133 158 100
133 158 100
133 158 100
133 158 100
133 158 100
133 158 100
133 158 100
133 158 100
133 158 100
133 158 100
133 158 100
133 158 100
133 158 100
133 158 100
133 158 100
133 158 100
133 158 100
133 158 100
133 158 100
133 158 100
133 158 100
133 158 100
132 158 100
132 158 100
132 158 100
132 158 100
132 158 100
132 158 100
132 158 100
132 158 100
132 158 100
132 158 100
132 158 100
132 158 100
132 158 100
132 158 100
132 158 100
132 158 100
132 158 100
132 158 100
132 158 100
132 158 100
132 158 100
132 158 100
132 158 100
132 158 100
132 158 100
132 158 100
132 158 100
132 158 100
132 158 100
132 158 100
132 158 100
132 158 100
132 158 100
132 158 100
131 158 100
131 158 100
131 158 100
131 158 100
131 158 100
131 158 100
131 158 100
131 158 100
131 158 100
131 158 100
131 158 100
131 158 100
131 158 100
131 158 100
131 158 100
131 158 100
131 158 100
131 158 100
131 158 100
131 158 100
131 158 100
131 158 100
131 158 100
131 158 100
131 158 100
131 158 100
131 158 100
131 158 100
131 158 100
131 158 100
130 158 100
130 158 100
130 158 100
130 158 100
130 158 100
130 158 100
130 158 100
130 158 100
130 158 100
130 158 100
130 158 100
130 158 100
130 158 100
130 158 100
130 158 100
130 158 100
130 158 100
130 158 100
130 158 100
130 158 100
130 158 100
130 158 100
130 158 100
130 158 100
130 158 100
129 158 100
129 158 100
129 158 100
129 158 100
129 158 100
129 158 100
129 158 100
129 158 100
129 158 100
129 158 100
129 158 100
129 158 100
129 158 100
129 158 100
129 158 100
129 158 100
129 158 100
129 158 100
129 158 100
129 158 100
128 158 100
128 158 100
128 158 100
128 158 100
128 158 100
128 158 100
128 158 100
128 158 100
128 158 100
128 158 100
128 158 100
128 158 100
128 158 100
128 158 100
128 158 100
128 158 100
127 158 100
127 158 100
127 158 100
127 158 100
127 158 100
127 158 100
127 158 100
127 158 100
127 158 100
127 158 100
127 158 100
127 158 100
126 158 100
126 158 100
126 158 100
126 158 100
126 158 100
126 158 100
126 158 100
126 158 100
125 158 100
125 158 100
125 158 100
125 158 100
125 158 100
124 158 100
124 158 100
124 158 100
124 158 100
123 158 100
123 158 100
123 158 100
122 158 100
122 158 100
121 158 100
121 158 100
120 158 100
120 158 100
119 158 100
119 158 100
118 158 100
118 158 100
117 158 100
117 158 100
116 158 100
115 158 100
114 158 100
113 158 100
112 158 100
111 158 100
110 158 100
109 158 100
108 158 100
107 158 100
106 158 100
105 158 100
104 158 100
104 158 100
103 158 100
103 158 100
102 158 100
102 158 100
102 158 100
101 158 100
101 158 100
101 158 100
101 158 100
100 158 100
100 158 100
100 158 100
100 158 100
99 158 100
99 158 100
99 158 100
99 158 100
98 158 100
98 158 100
98 158 100
98 158 100
97 158 100
97 158 100
97 158 100
97 158 100
96 158 100
96 158 100
96 158 100
95 158 100
95 158 100
95 158 100
94 158 100
94 158 100
94 158 100
93 158 100
93 158 100
93 158 100
92 158 100
92 158 100
91 158 100
91 158 100
90 158 100
90 158 100
89 158 100
89 158 100
88 158 100
88 158 100
88 158 100
87 158 100
87 158 100
87 158 100
86 158 100
86 158 100
86 158 100
85 158 100
85 158 100
85 158 100
84 158 100
84 158 100
83 158 100
83 158 100
82 158 100
82 158 100
81 158 100
81 158 100
80 158 100
80 158 100
79 158 100
79 158 100
78 158 100
77 158 100
76 158 100
75 158 100
74 158 100
73 158 100
72 158 100
71 158 100
70 158 100
70 158 100
69 158 100
69 158 100
68 158 100
68 158 100
68 158 100
67 158 100
67 158 100
67 158 100
67 158 100
66 158 100
66 158 100
66 158 100
66 158 100
66 158 100
66 158 100
65 158 100
65 158 100
65 158 100
65 158 100
65 158 100
65 158 100
65 158 100
65 158 100
64 158 100
64 158 100
64 158 100
64 158 100
64 158 100
64 158 100
64 158 100
64 158 100
64 158 100
63 158 100
63 158 100
63 158 100
63 158 100
63 158 100
63 158 100
63 158 100
63 158 100
63 158 100
63 158 100
62 158 100
62 158 100
62 158 100
62 158 100
62 158 100
62 158 100
62 158 100
62 158 100
62 158 100
61 158 100
61 158 100
61 158 100
61 158 100
61 158 100
61 158 100
61 158 100
61 158 100
61 158 100
60 158 100
60 158 100
60 158 100
60 158 100
60 158 100
60 158 100
60 158 100
60 158 100
60 158 100
59 158 100
59 158 100
59 158 100
59 158 100
59 158 100
59 158 100
59 158 100
59 158 100
58 158 100
58 158 100
58 158 100
58 158 100
58 158 100
58 158 100
58 158 100
58 158 100
57 158 100
57 158 100
57 158 100
57 158 100
57 158 100
57 158 100
57 158 100
57 158 100
56 158 100
56 158 100
56 158 100
56 158 100
56 158 100
56 158 100
56 158 100
56 158 100
55 158 100
55 158 100
55 158 100
55 158 100
55 158 100
55 158 100
55 158 100
55 158 100
54 158 100
54 158 100
54 158 100
54 158 100
54 158 100
54 158 100
54 158 100
53 158 100
53 158 100
53 158 100
53 158 100
53 158 100
53 158 100
52 158 100
52 158 100
52 158 100
52 158 100
52 158 100
51 158 100
51 158 100
51 158 100
51 158 100
50 158 100
50 158 100
50 158 100
49 158 100
49 158 100
49 158 100
48 158 100
48 158 100
48 158 100
47 158 100
47 158 100
47 158 100
46 158 100
46 158 100
46 158 100
45 158 100
45 158 100
45 158 100
44 158 100
44 158 100
44 158 100
43 158 100
43 158 100
43 158 100
43 158 100
42 158 100
42 158 100
42 158 100
42 158 100
