# move from (162,173) to (37,35)
162 173 100
161 173 100
160 173 100
159 173 100
158 173 100
157 173 100
156 173 100
155 173 100
154 173 100
153 173 100
152 173 100
151 173 100
151 173 100
150 173 100
150 173 100
150 173 100
149 173 100
149 173 100
149 173 100
149 173 100
149 173 100
148 173 100
148 173 100
148 173 100
148 173 100
148 173 100
148 173 100
148 173 100
147 173 100
147 173 100
147 173 100
147 173 100
147 173 100
147 173 100
147 173 100
147 173 100
147 173 100
147 173 100
146 173 100
146 173 100
146 173 100
146 173 100
146 173 100
146 173 100
146 173 100
146 173 100
146 173 100
146 173 100
146 173 100
146 173 100
145 173 100
145 173 100
145 173 100
145 173 100
145 173 100
145 173 100
145 173 100
145 173 100
145 173 100
145 173 100
145 173 100
145 173 100
145 173 100
145 173 100
145 173 100
144 173 100
144 173 100
144 173 100
144 173 100
144 173 100
144 173 100
144 173 100
144 173 100
144 173 100
144 173 100
144 173 100
144 173 100
144 173 100
144 173 100
144 173 100
144 173 100
143 173 100
143 173 100
143 173 100
143 173 100
143 173 100
143 173 100
143 173 100
143 173 100
143 173 100
143 173 100
143 173 100
143 173 100
143 173 100
143 173 100
143 173 100
143 173 100
143 173 100
143 173 100
142 173 100
142 173 100
142 173 100
142 173 100
142 173 100
142 173 100
142 173 100
142 173 100
142 173 100
142 173 100
142 173 100
142 173 100
142 173 100
142 173 100
142 173 100
142 173 100
142 173 100
142 173 100
142 173 100
142 173 100
141 173 100
141 173 100
141 173 100
141 173 100
141 173 100
141 173 100
141 173 100
141 173 100
141 173 100
141 173 100
141 173 100
141 173 100
141 173 100
141 173 100
141 173 100
141 173 100
141 173 100
141 173 100
141 173 100
141 173 100
141 173 100
140 173 100
140 173 100
140 173 100
140 173 100
140 173 100
140 173 100
140 173 100
140 173 100
140 173 100
140 173 100
140 173 100
140 173 100
140 173 100
140 173 100
140 173 100
140 173 100
140 173 100
140 173 100
140 173 100
140 173 100
140 173 100
140 173 100
140 173 100
139 173 100
139 173 100
139 173 100
139 173 100
139 173 100
139 173 100
139 173 100
139 173 100
139 173 100
139 173 100
139 173 100
139 173 100
139 173 100
139 173 100
139 173 100
139 173 100
139 173 100
139 173 100
139 173 100
139 173 100
139 173 100
139 173 100
139 173 100
139 173 100
138 173 100
138 173 100
138 173 100
138 173 100
138 173 100
138 173 100
138 173 100
138 173 100
138 173 100
138 173 100
138 173 100
138 173 100
138 173 100
138 173 100
138 173 100
138 173 100
138 173 100
138 173 100
138 173 100
138 173 100
138 173 100
138 173 100
138 173 100
138 173 100
137 173 100
137 173 100
137 173 100
137 173 100
137 173 100
137 173 100
137 173 100
137 173 100
137 173 100
137 173 100
137 173 100
137 173 100
137 173 100
137 173 100
137 173 100
137 173 100
137 173 100
137 173 100
137 173 100
137 173 100
137 173 100
137 173 100
137 173 100
136 173 100
136 173 100
136 173 100
136 173 100
136 173 100
136 173 100
136 173 100
136 173 100
136 173 100
136 173 100
136 173 100
136 173 100
136 173 100
136 173 100
136 173 100
136 173 100
136 173 100
136 173 100
136 173 100
136 173 100
136 173 100
136 173 100
135 173 100
135 173 100
135 173 100
135 173 100
135 173 100
135 173 100
135 173 100
135 173 100
135 173 100
135 173 100
135 173 100
135 173 100
135 173 100
135 173 100
135 173 100
135 173 100
135 173 100
135 173 100
135 173 100
135 173 100
134 173 100
134 173 100
134 173 100
134 173 100
134 173 100
134 173 100
134 173 100
134 173 100
134 173 100
134 173 100
134 173 100
134 173 100
134 173 100
134 173 100
134 173 100
134 173 100
134 173 100
133 173 100
133 173 100
133 173 100
133 173 100
133 173 100
133 173 100
133 173 100
133 173 100
133 173 100
133 173 100
133 173 100
133 173 100
133 173 100
133 173 100
132 173 100
132 173 100
132 173 100
132 173 100
132 173 100
132 173 100
132 173 100
132 173 100
132 173 100
132 173 100
132 173 100
131 173 100
131 173 100
131 173 100
131 173 100
131 173 100
131 173 100
131 173 100
131 173 100
131 173 100
130 173 100
130 173 100
130 173 100
130 173 100
130 173 100
130 173 100
130 173 100
130 173 100
129 173 100
129 173 100
129 173 100
129 173 100
129 173 100
129 173 100
129 173 100
128 173 100
128 173 100
128 173 100
128 173 100
128 173 100
128 173 100
127 173 100
127 173 100
127 173 100
127 173 100
127 173 100
126 173 100
126 173 100
126 173 100
126 173 100
126 173 100
125 173 100
125 173 100
125 173 100
125 173 100
124 173 100
124 173 100
124 173 100
124 173 100
123 173 100
123 173 100
123 173 100
122 173 100
122 173 100
122 173 100
121 173 100
121 173 100
120 173 100
120 173 100
119 173 100
119 173 100
118 173 100
118 173 100
117 173 100
117 173 100
116 173 100
116 173 100
115 173 100
115 173 100
114 173 100
114 173 100
113 173 100
113 173 100
112 173 100
112 173 100
111 173 100
111 173 100
110 173 100
110 173 100
109 173 100
109 173 100
108 173 100
108 173 100
107 173 100
107 173 100
106 173 100
106 173 100
105 173 100
104 173 100
103 173 100
102 173 100
101 173 100
100 173 100
99 173 100
98 173 100
97 173 100
96 173 100
95 173 100
94 173 100
93 173 100
92 173 100
91 173 100
90 173 100
89 173 100
88 173 100
87 173 100
86 173 100
85 173 100
84 173 100
84 173 100
83 173 100
83 173 100
83 173 100
82 173 100
82 173 100
82 173 100
82 173 100
82 173 100
81 173 100
81 173 100
81 173 100
81 173 100
81 173 100
81 173 100
81 173 100
81 173 100
81 173 100
80 173 100
80 173 100
80 173 100
80 173 100
80 173 100
80 173 100
80 173 100
80 173 100
80 173 100
80 173 100
80 173 100
80 173 100
80 173 100
80 173 100
79 173 100
79 173 100
79 173 100
79 173 100
79 173 100
79 173 100
79 173 100
79 173 100
79 173 100
79 173 100
79 173 100
79 173 100
79 173 100
79 173 100
79 173 100
79 173 100
79 173 100
79 173 100
78 173 100
78 173 100
78 173 100
78 173 100
78 173 100
78 173 100
78 173 100
78 173 100
78 173 100
78 173 100
78 173 100
78 173 100
78 173 100
78 173 100
78 173 100
78 173 100
78 173 100
78 173 100
78 173 100
78 173 100
78 173 100
77 173 100
77 173 100
77 173 100
77 173 100
77 173 100
77 173 100
77 173 100
77 173 100
77 173 100
77 173 100
77 173 100
77 173 100
77 173 100
77 173 100
77 173 100
77 173 100
77 173 100
77 173 100
77 173 100
77 173 100
77 173 100
77 173 100
77 173 100
77 173 100
76 173 100
76 173 100
76 173 100
76 173 100
76 173 100
76 173 100
76 173 100
76 173 100
76 173 100
76 173 100
76 173 100
76 173 100
76 173 100
76 173 100
76 173 100
76 173 100
76 173 100
76 173 100
76 173 100
76 173 100
76 173 100
76 173 100
76 173 100
76 173 100
76 173 100
75 173 100
75 173 100
75 173 100
75 173 100
75 173 100
75 173 100
75 173 100
75 173 100
75 173 100
75 173 100
75 173 100
75 173 100
75 173 100
75 173 100
75 173 100
75 173 100
75 173 100
75 173 100
75 173 100
75 173 100
75 173 100
75 173 100
75 173 100
75 173 100
75 173 100
75 173 100
74 173 100
74 173 100
74 173 100
74 173 100
74 173 100
74 173 100
74 173 100
74 173 100
74 173 100
74 173 100
74 173 100
74 173 100
74 173 100
74 173 100
74 173 100
74 173 100
74 173 100
74 173 100
74 173 100
74 173 100
74 173 100
74 173 100
74 173 100
74 173 100
74 173 100
74 173 100
73 173 100
73 173 100
73 173 100
73 173 100
73 173 100
73 173 100
73 173 100
73 173 100
73 173 100
73 173 100
73 173 100
73 173 100
73 173 100
73 173 100
73 173 100
73 173 100
73 173 100
73 173 100
73 173 100
73 173 100
73 173 100
73 173 100
73 173 100
73 173 100
73 173 100
73 173 100
73 173 100
72 173 100
72 173 100
72 173 100
72 173 100
72 173 100
72 173 100
72 173 100
72 173 100
72 173 100
72 173 100
72 173 100
72 173 100
72 173 100
72 173 100
72 173 100
72 173 100
72 173 100
72 173 100
72 173 100
72 173 100
72 173 100
72 173 100
72 173 100
72 173 100
72 173 100
72 173 100
72 173 100
72 173 100
71 173 100
71 173 100
71 173 100
71 173 100
71 173 100
71 173 100
71 173 100
71 173 100
71 173 100
71 173 100
71 173 100
71 173 100
71 173 100
71 173 100
71 173 100
71 173 100
71 173 100
71 173 100
71 173 100
71 173 100
71 173 100
71 173 100
71 173 100
71 173 100
71 173 100
71 173 100
71 173 100
71 173 100
70 173 100
70 173 100
70 173 100
70 173 100
70 173 100
70 173 100
70 173 100
70 173 100
70 173 100
70 173 100
70 173 100
70 173 100
70 173 100
70 173 100
70 173 100
70 173 100
70 173 100
70 173 100
70 173 100
70 173 100
70 173 100
70 173 100
70 173 100
70 173 100
70 173 100
70 173 100
70 173 100
70 173 100
70 173 100
69 173 100
69 173 100
69 173 100
69 173 100
69 173 100
69 173 100
69 173 100
69 173 100
69 173 100
69 173 100
69 173 100
69 173 100
69 173 100
69 173 100
69 173 100
69 173 100
69 173 100
69 173 100
69 173 100
69 173 100
69 173 100
69 173 100
69 173 100
69 173 100
69 173 100
69 173 100
69 173 100
69 173 100
69 173 100
69 173 100
69 173 100
68 173 100
68 173 100
68 173 100
68 173 100
68 173 100
68 173 100
68 173 100
68 173 100
68 173 100
68 173 100
68 173 100
68 173 100
68 173 100
68 173 100
68 173 100
68 173 100
68 173 100
68 173 100
68 173 100
68 173 100
68 173 100
68 173 100
68 173 100
68 173 100
68 173 100
68 173 100
68 173 100
68 173 100
68 173 100
68 173 100
68 173 100
68 173 100
67 173 100
67 173 100
67 173 100
67 173 100
67 173 100
67 173 100
67 173 100
67 173 100
67 173 100
67 173 100
67 173 100
67 173 100
67 173 100
67 173 100
67 173 100
67 173 100
67 173 100
67 173 100
67 173 100
67 173 100
67 173 100
67 173 100
67 173 100
67 173 100
67 173 100
67 173 100
67 173 100
67 173 100
67 173 100
67 173 100
67 173 100
67 173 100
66 173 100
66 173 100
66 173 100
66 173 100
66 173 100
66 173 100
66 173 100
66 173 100
66 173 100
66 173 100
66 173 100
66 173 100
66 173 100
66 173 100
66 173 100
66 173 100
66 173 100
66 173 100
66 173 100
66 173 100
66 173 100
66 173 100
66 173 100
66 173 100
66 173 100
66 173 100
66 173 100
66 173 100
66 173 100
66 173 100
66 173 100
66 173 100
66 173 100
65 173 100
65 173 100
65 173 100
65 173 100
65 173 100
65 173 100
65 173 100
65 173 100
65 173 100
65 173 100
65 173 100
65 173 100
65 173 100
65 173 100
65 173 100
65 173 100
65 173 100
65 173 100
65 173 100
65 173 100
65 173 100
65 173 100
65 173 100
65 173 100
65 173 100
65 173 100
65 173 100
65 173 100
65 173 100
65 173 100
65 173 100
65 173 100
64 173 100
64 173 100
64 173 100
64 173 100
64 173 100
64 173 100
64 173 100
64 173 100
64 173 100
64 173 100
64 173 100
64 173 100
64 173 100
64 173 100
64 173 100
64 173 100
64 173 100
64 173 100
64 173 100
64 173 100
64 173 100
64 173 100
64 173 100
64 173 100
64 173 100
64 173 100
64 173 100
64 173 100
64 173 100
64 173 100
64 173 100
63 173 100
63 173 100
63 173 100
63 173 100
63 173 100
63 173 100
63 173 100
63 173 100
63 173 100
63 173 100
63 173 100
63 173 100
63 173 100
63 173 100
63 173 100
63 173 100
63 173 100
63 173 100
63 173 100
63 173 100
63 173 100
63 173 100
63 173 100
63 173 100
63 173 100
63 173 100
63 173 100
63 173 100
63 173 100
62 173 100
62 173 100
62 173 100
62 173 100
62 173 100
62 173 100
62 173 100
62 173 100
62 173 100
62 173 100
62 173 100
62 173 100
62 173 100
62 173 100
62 173 100
62 173 100
62 173 100
62 173 100
62 173 100
62 173 100
62 173 100
62 173 100
62 173 100
62 173 100
62 173 100
62 173 100
62 173 100
61 173 100
61 173 100
61 173 100
61 173 100
61 173 100
61 173 100
61 173 100
61 173 100
61 173 100
61 173 100
61 173 100
61 173 100
61 173 100
61 173 100
61 173 100
61 173 100
61 173 100
61 173 100
61 173 100
61 173 100
61 173 100
61 173 100
61 173 100
61 173 100
60 173 100
60 173 100
60 173 100
60 173 100
60 173 100
60 173 100
60 173 100
60 173 100
60 173 100
60 173 100
60 173 100
60 173 100
60 173 100
60 173 100
60 173 100
60 173 100
60 173 100
60 173 100
60 173 100
60 173 100
60 173 100
60 173 100
59 173 100
59 173 100
59 173 100
59 173 100
59 173 100
59 173 100
59 173 100
59 173 100
59 173 100
59 173 100
59 173 100
59 173 100
59 173 100
59 173 100
59 173 100
59 173 100
59 173 100
59 173 100
59 173 100
59 173 100
58 173 100
58 173 100
58 173 100
58 173 100
58 173 100
58 173 100
58 173 100
58 173 100
58 173 100
58 173 100
58 173 100
58 173 100
58 173 100
58 173 100
58 173 100
58 173 100
58 173 100
58 173 100
58 173 100
57 173 100
57 173 100
57 173 100
57 173 100
57 173 100
57 173 100
57 173 100
57 173 100
57 173 100
57 173 100
57 173 100
57 173 100
57 173 100
57 173 100
57 173 100
57 173 100
57 173 100
57 173 100
56 173 100
56 173 100
56 173 100
56 173 100
56 173 100
56 173 100
56 173 100
56 173 100
56 173 100
56 173 100
56 173 100
56 173 100
56 173 100
56 173 100
56 173 100
56 173 100
56 173 100
56 173 100
55 173 100
55 173 100
55 173 100
55 173 100
55 173 100
55 173 100
55 173 100
55 173 100
55 173 100
55 173 100
55 173 100
55 173 100
55 173 100
55 173 100
55 173 100
55 173 100
55 173 100
55 173 100
54 173 100
54 173 100
54 173 100
54 173 100
54 173 100
54 173 100
54 173 100
54 173 100
54 173 100
54 173 100
54 173 100
54 173 100
54 173 100
54 173 100
54 173 100
54 173 100
54 173 100
54 173 100
53 173 100
53 173 100
53 173 100
53 173 100
53 173 100
53 173 100
53 173 100
53 173 100
53 173 100
53 173 100
53 173 100
53 173 100
53 173 100
53 173 100
53 173 100
53 173 100
53 173 100
53 173 100
52 173 100
52 173 100
52 173 100
52 173 100
52 173 100
52 173 100
52 173 100
52 173 100
52 173 100
52 173 100
52 173 100
52 173 100
52 173 100
52 173 100
52 173 100
52 173 100
52 173 100
52 173 100
51 173 100
51 173 100
51 173 100
51 173 100
51 173 100
51 173 100
51 173 100
51 173 100
51 173 100
51 173 100
51 173 100
51 173 100
51 173 100
51 173 100
51 173 100
51 173 100
51 173 100
51 173 100
50 173 100
50 173 100
50 173 100
50 173 100
50 173 100
50 173 100
50 173 100
50 173 100
50 173 100
50 173 100
50 173 100
50 173 100
50 173 100
50 173 100
50 173 100
50 173 100
50 173 100
50 173 100
49 173 100
49 173 100
49 173 100
49 173 100
49 173 100
49 173 100
49 173 100
49 173 100
49 173 100
49 173 100
49 173 100
49 173 100
49 173 100
49 173 100
49 173 100
49 173 100
49 173 100
49 173 100
49 173 100
48 173 100
48 173 100
48 173 100
48 173 100
48 173 100
48 173 100
48 173 100
48 173 100
48 173 100
48 173 100
48 173 100
48 173 100
48 173 100
48 173 100
48 173 100
48 173 100
48 173 100
48 173 100
48 173 100
47 173 100
47 173 100
47 173 100
47 173 100
47 173 100
47 173 100
47 173 100
47 173 100
47 173 100
47 173 100
47 173 100
47 173 100
47 173 100
47 173 100
47 173 100
47 173 100
47 173 100
47 173 100
47 173 100
46 173 100
46 173 100
46 173 100
46 173 100
46 173 100
46 173 100
46 173 100
46 173 100
46 173 100
46 173 100
46 173 100
46 173 100
46 173 100
46 173 100
46 173 100
46 173 100
46 173 100
46 173 100
46 173 100
45 173 100
45 173 100
45 173 100
45 173 100
45 173 100
45 173 100
45 173 100
45 173 100
45 173 100
45 173 100
45 173 100
45 173 100
45 173 100
45 173 100
45 173 100
45 173 100
45 173 100
45 173 100
45 173 100
45 173 100
44 173 100
44 173 100
44 173 100
44 173 100
44 173 100
44 173 100
44 173 100
44 173 100
44 173 100
44 173 100
44 173 100
44 173 100
44 173 100
44 173 100
44 173 100
44 173 100
44 173 100
44 173 100
44 173 100
44 173 100
44 173 100
44 173 100
43 173 100
43 173 100
43 173 100
43 173 100
43 173 100
43 173 100
43 173 100
43 173 100
43 173 100
43 173 100
43 173 100
43 173 100
43 173 100
43 173 100
43 173 100
43 173 100
43 173 100
43 173 100
43 173 100
43 173 100
43 173 100
43 173 100
43 173 100
43 173 100
42 173 100
42 173 100
42 173 100
42 173 100
42 173 100
42 173 100
42 173 100
42 173 100
42 173 100
42 173 100
42 173 100
42 173 100
42 173 100
42 173 100
42 173 100
42 173 100
42 173 100
42 173 100
42 173 100
42 173 100
42 173 100
42 173 100
42 173 100
42 173 100
42 173 100
42 173 100
42 173 100
41 173 100
41 173 100
41 173 100
41 173 100
41 173 100
41 173 100
41 173 100
41 173 100
41 173 100
41 173 100
41 173 100
41 173 100
41 173 100
41 173 100
41 173 100
41 173 100
41 173 100
41 173 100
41 173 100
41 173 100
41 173 100
41 173 100
41 173 100
41 173 100
41 173 100
41 173 100
41 173 100
41 173 100
41 173 100
41 173 100
40 173 100
40 173 100
40 173 100
40 173 100
40 173 100
40 173 100
40 173 100
40 173 100
40 173 100
40 173 100
40 173 100
40 173 100
40 173 100
40 173 100
40 173 100
40 173 100
40 173 100
40 173 100
40 173 100
40 173 100
40 173 100
40 173 100
40 173 100
40 173 100
40 173 100
40 173 100
40 173 100
40 173 100
40 173 100
40 173 100
40 173 100
40 173 100
40 173 100
39 173 100
39 173 100
39 173 100
39 173 100
39 173 100
39 173 100
39 173 100
39 173 100
39 173 100
39 173 100
39 173 100
39 173 100
39 173 100
39 173 100
39 173 100
39 173 100
39 173 100
39 173 100
39 173 100
39 173 100
39 173 100
39 173 100
39 173 100
39 173 100
39 173 100
39 173 100
39 173 100
39 173 100
39 173 100
39 173 100
39 173 100
39 173 100
39 173 100
39 173 100
39 173 100
38 173 100
38 173 100
38 173 100
38 173 100
38 173 100
38 173 100
38 173 100
38 173 100
38 173 100
38 173 100
38 173 100
38 173 100
38 173 100
38 173 100
38 173 100
38 173 100
38 173 100
38 173 100
38 173 100
38 173 100
38 173 100
38 173 100
38 173 100
38 173 100
38 173 100
38 173 100
38 173 100
38 173 100
38 173 100
38 173 100
38 173 100
38 173 100
38 173 100
38 173 100
38 173 100
38 173 100
37 173 100
37 173 100
37 173 100
37 173 100
37 173 100
37 173 100
37 173 100
37 173 100
37 173 100
37 173 100
37 173 100
37 173 100
37 173 100
37 173 100
37 173 100
37 173 100
37 173 100
37 173 100
37 173 100
37 173 100
37 173 100
37 173 100
37 173 100
37 173 100
37 173 100
37 173 100
37 173 100
37 173 100
37 173 100
37 173 100
37 173 100
37 173 100
37 173 100
37 173 100
37 173 100
37 173 100
37 173 100
37 172 100
37 172 100
37 172 100
37 172 100
37 172 100
37 172 100
37 172 100
37 172 100
37 172 100
37 172 100
37 172 100
37 172 100
37 172 100
37 172 100
37 172 100
37 172 100
37 172 100
37 172 100
37 172 100
37 172 100
37 172 100
37 172 100
37 172 100
37 172 100
37 172 100
37 172 100
37 172 100
37 172 100
37 172 100
37 172 100
37 172 100
37 172 100
37 172 100
37 172 100
37 172 100
37 172 100
37 172 100
37 171 100
37 171 100
37 171 100
37 171 100
37 171 100
37 171 100
37 171 100
37 171 100
37 171 100
37 171 100
37 171 100
37 171 100
37 171 100
37 171 100
37 171 100
37 171 100
37 171 100
37 171 100
37 171 100
37 171 100
37 171 100
37 171 100
37 171 100
37 171 100
37 171 100
37 171 100
37 171 100
37 171 100
37 171 100
37 171 100
37 171 100
37 171 100
37 171 100
37 171 100
37 171 100
37 171 100
37 170 100
37 170 100
37 170 100
37 170 100
37 170 100
37 170 100
37 170 100
37 170 100
37 170 100
37 170 100
37 170 100
37 170 100
37 170 100
37 170 100
37 170 100
37 170 100
37 170 100
37 170 100
37 170 100
37 170 100
37 170 100
37 170 100
37 170 100
37 170 100
37 170 100
37 170 100
37 170 100
37 170 100
37 170 100
37 170 100
37 170 100
37 170 100
37 170 100
37 170 100
37 169 100
37 169 100
37 169 100
37 169 100
37 169 100
37 169 100
37 169 100
37 169 100
37 169 100
37 169 100
37 169 100
37 169 100
37 169 100
37 169 100
37 169 100
37 169 100
37 169 100
37 169 100
37 169 100
37 169 100
37 169 100
37 169 100
37 169 100
37 169 100
37 169 100
37 169 100
37 169 100
37 169 100
37 169 100
37 169 100
37 169 100
37 169 100
37 168 100
37 168 100
37 168 100
37 168 100
37 168 100
37 168 100
37 168 100
37 168 100
37 168 100
37 168 100
37 168 100
37 168 100
37 168 100
37 168 100
37 168 100
37 168 100
37 168 100
37 168 100
37 168 100
37 168 100
37 168 100
37 168 100
37 168 100
37 168 100
37 168 100
37 168 100
37 168 100
37 168 100
37 168 100
37 168 100
37 167 100
37 167 100
37 167 100
37 167 100
37 167 100
37 167 100
37 167 100
37 167 100
37 167 100
37 167 100
37 167 100
37 167 100
37 167 100
37 167 100
37 167 100
37 167 100
37 167 100
37 167 100
37 167 100
37 167 100
37 167 100
37 167 100
37 167 100
37 167 100
37 167 100
37 167 100
37 167 100
37 167 100
37 166 100
37 166 100
37 166 100
37 166 100
37 166 100
37 166 100
37 166 100
37 166 100
37 166 100
37 166 100
37 166 100
37 166 100
37 166 100
37 166 100
37 166 100
37 166 100
37 166 100
37 166 100
37 166 100
37 166 100
37 166 100
37 166 100
37 166 100
37 166 100
37 166 100
37 166 100
37 166 100
37 165 100
37 165 100
37 165 100
37 165 100
37 165 100
37 165 100
37 165 100
37 165 100
37 165 100
37 165 100
37 165 100
37 165 100
37 165 100
37 165 100
37 165 100
37 165 100
37 165 100
37 165 100
37 165 100
37 165 100
37 165 100
37 165 100
37 165 100
37 165 100
37 165 100
37 165 100
37 164 100
37 164 100
37 164 100
37 164 100
37 164 100
37 164 100
37 164 100
37 164 100
37 164 100
37 164 100
37 164 100
37 164 100
37 164 100
37 164 100
37 164 100
37 164 100
37 164 100
37 164 100
37 164 100
37 164 100
37 164 100
37 164 100
37 164 100
37 164 100
37 164 100
37 164 100
37 163 100
37 163 100
37 163 100
37 163 100
37 163 100
37 163 100
37 163 100
37 163 100
37 163 100
37 163 100
37 163 100
37 163 100
37 163 100
37 163 100
37 163 100
37 163 100
37 163 100
37 163 100
37 163 100
37 163 100
37 163 100
37 163 100
37 163 100
37 163 100
37 163 100
37 162 100
37 162 100
37 162 100
37 162 100
37 162 100
37 162 100
37 162 100
37 162 100
37 162 100
37 162 100
37 162 100
37 162 100
37 162 100
37 162 100
37 162 100
37 162 100
37 162 100
37 162 100
37 162 100
37 162 100
37 162 100
37 162 100
37 162 100
37 162 100
37 162 100
37 161 100
37 161 100
37 161 100
37 161 100
37 161 100
37 161 100
37 161 100
37 161 100
37 161 100
37 161 100
37 161 100
37 161 100
37 161 100
37 161 100
37 161 100
37 161 100
37 161 100
37 161 100
37 161 100
37 161 100
37 161 100
37 161 100
37 161 100
37 161 100
37 160 100
37 160 100
37 160 100
37 160 100
37 160 100
37 160 100
37 160 100
37 160 100
37 160 100
37 160 100
37 160 100
37 160 100
37 160 100
37 160 100
37 160 100
37 160 100
37 160 100
37 160 100
37 160 100
37 160 100
37 160 100
37 160 100
37 160 100
37 159 100
37 159 100
37 159 100
37 159 100
37 159 100
37 159 100
37 159 100
37 159 100
37 159 100
37 159 100
37 159 100
37 159 100
37 159 100
37 159 100
37 159 100
37 159 100
37 159 100
37 159 100
37 159 100
37 159 100
37 159 100
37 158 100
37 158 100
37 158 100
37 158 100
37 158 100
37 158 100
37 158 100
37 158 100
37 158 100
37 158 100
37 158 100
37 158 100
37 158 100
37 158 100
37 158 100
37 158 100
37 158 100
37 158 100
37 157 100
37 157 100
37 157 100
37 157 100
37 157 100
37 157 100
37 157 100
37 157 100
37 157 100
37 157 100
37 157 100
37 157 100
37 157 100
37 157 100
37 156 100
37 156 100
37 156 100
37 156 100
37 156 100
37 156 100
37 156 100
37 156 100
37 156 100
37 156 100
37 155 100
37 155 100
37 155 100
37 155 100
37 155 100
37 155 100
37 155 100
37 154 100
37 154 100
37 154 100
37 154 100
37 153 100
37 153 100
37 153 100
37 152 100
37 152 100
37 151 100
37 151 100
37 150 100
37 149 100
37 148 100
37 147 100
37 146 100
37 145 100
37 144 100
37 143 100
37 142 100
37 142 100
37 141 100
37 141 100
37 140 100
37 140 100
37 140 100
37 139 100
37 139 100
37 139 100
37 139 100
37 138 100
37 138 100
37 138 100
37 138 100
37 138 100
37 138 100
37 137 100
37 137 100
37 137 100
37 137 100
37 137 100
37 137 100
37 137 100
37 137 100
37 136 100
37 136 100
37 136 100
37 136 100
37 136 100
37 136 100
37 136 100
37 136 100
37 136 100
37 136 100
37 136 100
37 135 100
37 135 100
37 135 100
37 135 100
37 135 100
37 135 100
37 135 100
37 135 100
37 135 100
37 135 100
37 135 100
37 135 100
37 135 100
37 135 100
37 134 100
37 134 100
37 134 100
37 134 100
37 134 100
37 134 100
37 134 100
37 134 100
37 134 100
37 134 100
37 134 100
37 134 100
37 134 100
37 134 100
37 134 100
37 134 100
37 133 100
37 133 100
37 133 100
37 133 100
37 133 100
37 133 100
37 133 100
37 133 100
37 133 100
37 133 100
37 133 100
37 133 100
37 133 100
37 133 100
37 133 100
37 133 100
37 133 100
37 132 100
37 132 100
37 132 100
37 132 100
37 132 100
37 132 100
37 132 100
37 132 100
37 132 100
37 132 100
37 132 100
37 132 100
37 132 100
37 132 100
37 132 100
37 132 100
37 132 100
37 131 100
37 131 100
37 131 100
37 131 100
37 131 100
37 131 100
37 131 100
37 131 100
37 131 100
37 131 100
37 131 100
37 131 100
37 131 100
37 131 100
37 131 100
37 130 100
37 130 100
37 130 100
37 130 100
37 130 100
37 130 100
37 130 100
37 130 100
37 130 100
37 130 100
37 130 100
37 130 100
37 130 100
37 129 100
37 129 100
37 129 100
37 129 100
37 129 100
37 129 100
37 129 100
37 129 100
37 129 100
37 129 100
37 129 100
37 128 100
37 128 100
37 128 100
37 128 100
37 128 100
37 128 100
37 128 100
37 128 100
37 128 100
37 127 100
37 127 100
37 127 100
37 127 100
37 127 100
37 127 100
37 126 100
37 126 100
37 126 100
37 126 100
37 125 100
37 125 100
37 125 100
37 124 100
37 124 100
37 123 100
37 123 100
37 122 100
37 121 100
37 120 100
37 119 100
37 118 100
37 117 100
37 116 100
37 115 100
37 114 100
37 113 100
37 112 100
37 111 100
37 110 100
37 109 100
37 108 100
37 107 100
37 106 100
37 105 100
37 104 100
37 103 100
37 102 100
37 101 100
37 100 100
37 99 100
37 99 100
37 98 100
37 98 100
37 97 100
37 97 100
37 96 100
37 96 100
37 95 100
37 95 100
37 94 100
37 94 100
37 93 100
37 93 100
37 92 100
37 92 100
37 91 100
37 91 100
37 90 100
37 90 100
37 89 100
37 89 100
37 88 100
37 87 100
37 86 100
37 85 100
37 84 100
37 83 100
37 82 100
37 81 100
37 80 100
37 79 100
37 78 100
37 77 100
37 76 100
37 75 100
37 74 100
37 73 100
37 72 100
37 71 100
37 70 100
37 69 100
37 68 100
37 67 100
37 66 100
37 65 100
37 64 100
37 63 100
37 62 100
37 61 100
37 60 100
37 59 100
37 58 100
37 57 100
37 56 100
37 55 100
37 54 100
37 53 100
37 52 100
37 51 100
37 50 100
37 49 100
37 48 100
37 47 100
37 46 100
37 45 100
37 44 100
37 43 100
37 42 100
37 41 100
37 40 100
37 39 100
37 38 100
37 37 100
37 36 100
37 35 100
# move from (56,154) to (37,35)
56 154 100
55 154 100
54 154 100
53 154 100
52 154 100
51 154 100
50 154 100
49 154 100
48 154 100
47 154 100
46 154 100
45 154 100
44 154 100
43 154 100
42 154 100
41 154 100
40 154 100
39 154 100
39 154 100
38 154 100
38 154 100
38 154 100
