# move from (59,194) to (185,119)
59 194 100
60 194 100
61 194 100
62 194 100
63 194 100
64 194 100
65 194 100
66 194 100
67 194 100
68 194 100
69 194 100
70 194 100
71 194 100
72 194 100
73 194 100
74 194 100
75 194 100
76 194 100
76 194 100
77 194 100
77 194 100
78 194 100
78 194 100
79 194 100
79 194 100
80 194 100
81 194 100
82 194 100
83 194 100
84 194 100
85 194 100
86 194 100
87 194 100
88 194 100
89 194 100
90 194 100
91 194 100
92 194 100
93 194 100
94 194 100
95 194 100
96 194 100
97 194 100
98 194 100
99 194 100
100 194 100
101 194 100
102 194 100
103 194 100
104 194 100
105 194 100
106 194 100
107 194 100
108 194 100
109 194 100
110 194 100
111 194 100
112 194 100
112 194 100
113 194 100
113 194 100
114 194 100
114 194 100
115 194 100
116 194 100
117 194 100
118 194 100
119 194 100
120 194 100
121 194 100
122 194 100
123 194 100
124 194 100
125 194 100
126 194 100
127 194 100
128 194 100
129 194 100
130 194 100
131 194 100
132 194 100
133 194 100
134 194 100
135 194 100
136 194 100
137 194 100
138 194 100
138 194 100
139 194 100
139 194 100
140 194 100
140 194 100
140 194 100
141 194 100
141 194 100
141 194 100
142 194 100
142 194 100
142 194 100
143 194 100
143 194 100
143 194 100
144 194 100
144 194 100
145 194 100
145 194 100
146 194 100
147 194 100
148 194 100
149 194 100
150 194 100
151 194 100
152 194 100
153 194 100
154 194 100
155 194 100
156 194 100
157 194 100
158 194 100
159 194 100
160 194 100
161 194 100
162 194 100
163 194 100
164 194 100
165 194 100
166 194 100
166 194 100
167 194 100
167 194 100
168 194 100
168 194 100
168 194 100
169 194 100
169 194 100
169 194 100
170 194 100
170 194 100
170 194 100
170 194 100
171 194 100
171 194 100
171 194 100
171 194 100
172 194 100
172 194 100
172 194 100
172 194 100
173 194 100
173 194 100
173 194 100
173 194 100
174 194 100
174 194 100
174 194 100
174 194 100
175 194 100
175 194 100
175 194 100
176 194 100
176 194 100
177 194 100
177 194 100
178 194 100
179 194 100
180 194 100
181 194 100
182 194 100
183 194 100
184 194 100
185 194 100
185 193 100
185 192 100
185 191 100
185 190 100
185 189 100
185 188 100
185 187 100
185 186 100
185 185 100
185 184 100
185 183 100
185 182 100
185 181 100
185 181 100
185 180 100
185 180 100
185 179 100
185 179 100
185 178 100
185 178 100
185 177 100
185 177 100
185 176 100
185 175 100
185 174 100
185 173 100
185 172 100
185 171 100
185 170 100
185 169 100
185 168 100
185 167 100
185 166 100
185 165 100
185 164 100
185 163 100
185 162 100
185 161 100
185 160 100
185 159 100
185 158 100
185 157 100
185 156 100
185 155 100
185 154 100
185 154 100
185 153 100
185 153 100
185 153 100
185 152 100
185 152 100
185 152 100
185 152 100
185 151 100
185 151 100
185 151 100
185 151 100
185 151 100
185 151 100
185 151 100
185 150 100
185 150 100
185 150 100
185 150 100
185 150 100
185 150 100
185 150 100
185 150 100
185 150 100
185 150 100
185 149 100
185 149 100
185 149 100
185 149 100
185 149 100
185 149 100
185 149 100
185 149 100
185 149 100
185 149 100
185 149 100
185 149 100
185 149 100
185 149 100
185 148 100
185 148 100
185 148 100
185 148 100
185 148 100
185 148 100
185 148 100
185 148 100
185 148 100
185 148 100
185 148 100
185 148 100
185 148 100
185 148 100
185 148 100
185 148 100
185 148 100
185 148 100
185 147 100
185 147 100
185 147 100
185 147 100
185 147 100
185 147 100
185 147 100
185 147 100
185 147 100
185 147 100
185 147 100
185 147 100
185 147 100
185 147 100
185 147 100
185 147 100
185 147 100
185 147 100
185 147 100
185 147 100
185 147 100
185 147 100
185 146 100
185 146 100
185 146 100
185 146 100
185 146 100
185 146 100
185 146 100
185 146 100
185 146 100
185 146 100
185 146 100
185 146 100
185 146 100
185 146 100
185 146 100
185 146 100
185 146 100
185 146 100
185 146 100
185 146 100
185 146 100
185 146 100
185 146 100
185 146 100
185 146 100
185 145 100
185 145 100
185 145 100
185 145 100
185 145 100
185 145 100
185 145 100
185 145 100
185 145 100
185 145 100
185 145 100
185 145 100
185 145 100
185 145 100
185 145 100
185 145 100
185 145 100
185 145 100
185 145 100
185 145 100
185 145 100
185 145 100
185 145 100
185 145 100
185 145 100
185 145 100
185 145 100
185 145 100
185 144 100
185 144 100
185 144 100
185 144 100
185 144 100
185 144 100
185 144 100
185 144 100
185 144 100
185 144 100
185 144 100
185 144 100
185 144 100
185 144 100
185 144 100
185 144 100
185 144 100
185 144 100
185 144 100
185 144 100
185 144 100
185 144 100
185 144 100
185 144 100
185 144 100
185 144 100
185 144 100
185 144 100
185 143 100
185 143 100
185 143 100
185 143 100
185 143 100
185 143 100
185 143 100
185 143 100
185 143 100
185 143 100
185 143 100
185 143 100
185 143 100
185 143 100
185 143 100
185 143 100
185 143 100
185 143 100
185 143 100
185 143 100
185 143 100
185 143 100
185 143 100
185 143 100
185 143 100
185 143 100
185 143 100
185 142 100
185 142 100
185 142 100
185 142 100
185 142 100
185 142 100
185 142 100
185 142 100
185 142 100
185 142 100
185 142 100
185 142 100
185 142 100
185 142 100
185 142 100
185 142 100
185 142 100
185 142 100
185 142 100
185 142 100
185 142 100
185 142 100
185 142 100
185 142 100
185 142 100
185 141 100
185 141 100
185 141 100
185 141 100
185 141 100
185 141 100
185 141 100
185 141 100
185 141 100
185 141 100
185 141 100
185 141 100
185 141 100
185 141 100
185 141 100
185 141 100
185 141 100
185 141 100
185 141 100
185 141 100
185 141 100
185 140 100
185 140 100
185 140 100
185 140 100
185 140 100
185 140 100
185 140 100
185 140 100
185 140 100
185 140 100
185 140 100
185 140 100
185 140 100
185 140 100
185 140 100
185 140 100
185 139 100
185 139 100
185 139 100
185 139 100
185 139 100
185 139 100
185 139 100
185 139 100
185 139 100
185 139 100
185 139 100
185 139 100
185 138 100
185 138 100
185 138 100
185 138 100
185 138 100
185 138 100
185 138 100
185 138 100
185 137 100
185 137 100
185 137 100
185 137 100
185 137 100
185 136 100
185 136 100
185 136 100
185 135 100
185 135 100
185 134 100
185 133 100
185 132 100
185 131 100
185 130 100
185 129 100
185 128 100
185 127 100
185 126 100
185 125 100
185 124 100
185 123 100
185 122 100
185 121 100
185 120 100
185 119 100
# move from (3,58) to (185,119)
3 58 100
4 58 100
5 58 100
6 58 100
7 58 100
8 58 100
9 58 100
10 58 100
11 58 100
12 58 100
13 58 100
14 58 100
15 58 100
16 58 100
16 58 100
17 58 100
17 58 100
18 58 100
18 58 100
18 58 100
19 58 100
19 58 100
19 58 100
20 58 100
20 58 100
20 58 100
20 58 100
21 58 100
21 58 100
21 58 100
21 58 100
21 58 100
22 58 100
22 58 100
22 58 100
22 58 100
22 58 100
22 58 100
23 58 100
23 58 100
23 58 100
23 58 100
23 58 100
23 58 100
24 58 100
24 58 100
24 58 100
24 58 100
24 58 100
24 58 100
25 58 100
25 58 100
25 58 100
25 58 100
25 58 100
26 58 100
26 58 100
26 58 100
26 58 100
27 58 100
27 58 100
27 58 100
28 58 100
28 58 100
28 58 100
29 58 100
29 58 100
30 58 100
30 58 100
31 58 100
31 58 100
32 58 100
33 58 100
34 58 100
35 58 100
36 58 100
37 58 100
38 58 100
39 58 100
40 58 100
41 58 100
42 58 100
43 58 100
44 58 100
45 58 100
46 58 100
47 58 100
48 58 100
49 58 100
49 58 100
50 58 100
50 58 100
50 58 100
50 58 100
51 58 100
51 58 100
51 58 100
51 58 100
51 58 100
51 58 100
52 58 100
52 58 100
52 58 100
52 58 100
52 58 100
52 58 100
52 58 100
52 58 100
52 58 100
53 58 100
53 58 100
53 58 100
53 58 100
53 58 100
53 58 100
53 58 100
53 58 100
53 58 100
53 58 100
53 58 100
53 58 100
53 58 100
54 58 100
54 58 100
54 58 100
54 58 100
54 58 100
54 58 100
54 58 100
54 58 100
54 58 100
54 58 100
54 58 100
54 58 100
54 58 100
54 58 100
54 58 100
54 58 100
55 58 100
55 58 100
55 58 100
55 58 100
55 58 100
55 58 100
55 58 100
55 58 100
55 58 100
55 58 100
55 58 100
55 58 100
55 58 100
55 58 100
55 58 100
55 58 100
55 58 100
55 58 100
55 58 100
56 58 100
56 58 100
56 58 100
56 58 100
56 58 100
56 58 100
56 58 100
56 58 100
56 58 100
56 58 100
56 58 100
56 58 100
56 58 100
56 58 100
56 58 100
56 58 100
56 58 100
56 58 100
56 58 100
56 58 100
56 58 100
56 58 100
57 58 100
57 58 100
57 58 100
57 58 100
57 58 100
57 58 100
57 58 100
57 58 100
57 58 100
57 58 100
57 58 100
57 58 100
57 58 100
57 58 100
57 58 100
57 58 100
57 58 100
57 58 100
57 58 100
57 58 100
57 58 100
57 58 100
57 58 100
58 58 100
58 58 100
58 58 100
58 58 100
58 58 100
58 58 100
58 58 100
58 58 100
58 58 100
58 58 100
58 58 100
58 58 100
58 58 100
58 58 100
58 58 100
58 58 100
58 58 100
58 58 100
58 58 100
58 58 100
58 58 100
58 58 100
58 58 100
58 58 100
59 58 100
59 58 100
59 58 100
59 58 100
59 58 100
59 58 100
59 58 100
59 58 100
59 58 100
59 58 100
59 58 100
59 58 100
59 58 100
59 58 100
59 58 100
59 58 100
59 58 100
59 58 100
59 58 100
59 58 100
59 58 100
59 58 100
59 58 100
59 58 100
59 58 100
60 58 100
60 58 100
60 58 100
60 58 100
60 58 100
60 58 100
60 58 100
60 58 100
60 58 100
60 58 100
60 58 100
60 58 100
60 58 100
60 58 100
60 58 100
60 58 100
60 58 100
60 58 100
60 58 100
60 58 100
60 58 100
60 58 100
60 58 100
60 58 100
61 58 100
61 58 100
61 58 100
61 58 100
61 58 100
61 58 100
61 58 100
61 58 100
61 58 100
61 58 100
61 58 100
61 58 100
61 58 100
61 58 100
61 58 100
61 58 100
61 58 100
61 58 100
61 58 100
61 58 100
61 58 100
61 58 100
61 58 100
62 58 100
62 58 100
62 58 100
62 58 100
62 58 100
62 58 100
62 58 100
62 58 100
62 58 100
62 58 100
62 58 100
62 58 100
62 58 100
62 58 100
62 58 100
62 58 100
62 58 100
62 58 100
62 58 100
62 58 100
62 58 100
62 58 100
63 58 100
63 58 100
63 58 100
63 58 100
63 58 100
63 58 100
63 58 100
63 58 100
63 58 100
63 58 100
63 58 100
63 58 100
63 58 100
63 58 100
63 58 100
63 58 100
63 58 100
63 58 100
63 58 100
64 58 100
64 58 100
64 58 100
64 58 100
64 58 100
64 58 100
64 58 100
64 58 100
64 58 100
64 58 100
64 58 100
64 58 100
64 58 100
64 58 100
64 58 100
64 58 100
65 58 100
65 58 100
65 58 100
65 58 100
65 58 100
65 58 100
65 58 100
65 58 100
65 58 100
65 58 100
65 58 100
65 58 100
66 58 100
66 58 100
66 58 100
66 58 100
66 58 100
66 58 100
66 58 100
66 58 100
67 58 100
67 58 100
67 58 100
67 58 100
67 58 100
68 58 100
68 58 100
68 58 100
68 58 100
69 58 100
69 58 100
70 58 100
70 58 100
71 58 100
72 58 100
73 58 100
74 58 100
75 58 100
76 58 100
77 58 100
78 58 100
79 58 100
80 58 100
81 58 100
82 58 100
83 58 100
84 58 100
85 58 100
86 58 100
87 58 100
87 58 100
88 58 100
88 58 100
89 58 100
89 58 100
90 58 100
90 58 100
91 58 100
91 58 100
91 58 100
92 58 100
92 58 100
92 58 100
93 58 100
93 58 100
93 58 100
94 58 100
94 58 100
94 58 100
95 58 100
95 58 100
95 58 100
96 58 100
96 58 100
96 58 100
97 58 100
97 58 100
98 58 100
98 58 100
99 58 100
99 58 100
100 58 100
100 58 100
101 58 100
101 58 100
102 58 100
103 58 100
104 58 100
105 58 100
106 58 100
107 58 100
108 58 100
109 58 100
110 58 100
111 58 100
112 58 100
113 58 100
114 58 100
115 58 100
116 58 100
117 58 100
118 58 100
119 58 100
120 58 100
121 58 100
122 58 100
123 58 100
124 58 100
125 58 100
126 58 100
127 58 100
128 58 100
129 58 100
130 58 100
131 58 100
132 58 100
133 58 100
134 58 100
135 58 100
136 58 100
137 58 100
138 58 100
139 58 100
140 58 100
141 58 100
142 58 100
143 58 100
144 58 100
145 58 100
146 58 100
147 58 100
148 58 100
149 58 100
150 58 100
151 58 100
152 58 100
153 58 100
154 58 100
155 58 100
156 58 100
157 58 100
158 58 100
159 58 100
160 58 100
161 58 100
162 58 100
163 58 100
164 58 100
165 58 100
166 58 100
167 58 100
167 58 100
168 58 100
168 58 100
168 58 100
169 58 100
169 58 100
169 58 100
169 58 100
169 58 100
170 58 100
170 58 100
170 58 100
170 58 100
170 58 100
170 58 100
170 58 100
170 58 100
171 58 100
171 58 100
171 58 100
171 58 100
171 58 100
171 58 100
171 58 100
171 58 100
171 58 100
171 58 100
171 58 100
171 58 100
172 58 100
172 58 100
172 58 100
172 58 100
172 58 100
172 58 100
172 58 100
172 58 100
172 58 100
172 58 100
172 58 100
172 58 100
172 58 100
172 58 100
172 58 100
172 58 100
172 58 100
172 58 100
173 58 100
173 58 100
173 58 100
173 58 100
173 58 100
173 58 100
173 58 100
173 58 100
173 58 100
173 58 100
173 58 100
173 58 100
173 58 100
173 58 100
173 58 100
173 58 100
173 58 100
173 58 100
173 58 100
173 58 100
173 58 100
173 58 100
173 58 100
174 58 100
174 58 100
174 58 100
174 58 100
174 58 100
174 58 100
174 58 100
174 58 100
174 58 100
174 58 100
174 58 100
174 58 100
174 58 100
174 58 100
174 58 100
174 58 100
174 58 100
174 58 100
174 58 100
174 58 100
174 58 100
174 58 100
174 58 100
174 58 100
174 58 100
174 58 100
174 58 100
174 58 100
174 58 100
175 58 100
175 58 100
175 58 100
175 58 100
175 58 100
175 58 100
175 58 100
175 58 100
175 58 100
175 58 100
175 58 100
175 58 100
175 58 100
175 58 100
175 58 100
175 58 100
175 58 100
175 58 100
175 58 100
175 58 100
175 58 100
175 58 100
175 58 100
175 58 100
175 58 100
175 58 100
175 58 100
175 58 100
175 58 100
175 58 100
175 58 100
175 58 100
175 58 100
176 58 100
176 58 100
176 58 100
176 58 100
176 58 100
176 58 100
176 58 100
176 58 100
176 58 100
176 58 100
176 58 100
176 58 100
176 58 100
176 58 100
176 58 100
176 58 100
176 58 100
176 58 100
176 58 100
176 58 100
176 58 100
176 58 100
176 58 100
176 58 100
176 58 100
176 58 100
176 58 100
176 58 100
176 58 100
176 58 100
176 58 100
176 58 100
176 58 100
176 58 100
176 58 100
176 58 100
177 58 100
177 58 100
177 58 100
177 58 100
177 58 100
177 58 100
177 58 100
177 58 100
177 58 100
177 58 100
177 58 100
177 58 100
177 58 100
177 58 100
177 58 100
177 58 100
177 58 100
177 58 100
177 58 100
177 58 100
177 58 100
177 58 100
177 58 100
177 58 100
177 58 100
177 58 100
177 58 100
177 58 100
177 58 100
177 58 100
177 58 100
177 58 100
177 58 100
177 58 100
177 58 100
177 58 100
177 58 100
178 58 100
178 58 100
178 58 100
178 58 100
178 58 100
178 58 100
178 58 100
178 58 100
178 58 100
178 58 100
178 58 100
178 58 100
178 58 100
178 58 100
178 58 100
178 58 100
178 58 100
178 58 100
178 58 100
178 58 100
178 58 100
178 58 100
178 58 100
178 58 100
178 58 100
178 58 100
178 58 100
178 58 100
178 58 100
178 58 100
178 58 100
178 58 100
178 58 100
178 58 100
178 58 100
178 58 100
178 58 100
178 58 100
179 58 100
179 58 100
179 58 100
179 58 100
179 58 100
179 58 100
179 58 100
179 58 100
179 58 100
179 58 100
179 58 100
179 58 100
179 58 100
179 58 100
179 58 100
179 58 100
179 58 100
179 58 100
179 58 100
179 58 100
179 58 100
179 58 100
179 58 100
179 58 100
179 58 100
179 58 100
179 58 100
179 58 100
179 58 100
179 58 100
179 58 100
179 58 100
179 58 100
179 58 100
179 58 100
179 58 100
180 58 100
180 58 100
180 58 100
180 58 100
180 58 100
180 58 100
180 58 100
180 58 100
180 58 100
180 58 100
180 58 100
180 58 100
180 58 100
180 58 100
180 58 100
180 58 100
180 58 100
180 58 100
180 58 100
180 58 100
180 58 100
180 58 100
180 58 100
180 58 100
180 58 100
180 58 100
180 58 100
180 58 100
180 58 100
180 58 100
180 58 100
180 58 100
180 58 100
180 58 100
181 58 100
181 58 100
181 58 100
181 58 100
181 58 100
181 58 100
181 58 100
181 58 100
181 58 100
181 58 100
181 58 100
181 58 100
181 58 100
181 58 100
181 58 100
181 58 100
181 58 100
181 58 100
181 58 100
181 58 100
181 58 100
181 58 100
181 58 100
181 58 100
181 58 100
181 58 100
181 58 100
181 58 100
181 58 100
181 58 100
181 58 100
181 58 100
182 58 100
182 58 100
182 58 100
182 58 100
182 58 100
182 58 100
182 58 100
182 58 100
182 58 100
182 58 100
182 58 100
182 58 100
182 58 100
182 58 100
182 58 100
182 58 100
182 58 100
182 58 100
182 58 100
182 58 100
182 58 100
182 58 100
182 58 100
182 58 100
182 58 100
182 58 100
182 58 100
182 58 100
182 58 100
183 58 100
183 58 100
183 58 100
183 58 100
183 58 100
183 58 100
183 58 100
183 58 100
183 58 100
183 58 100
183 58 100
183 58 100
183 58 100
183 58 100
183 58 100
183 58 100
183 58 100
183 58 100
183 58 100
183 58 100
183 58 100
183 58 100
183 58 100
183 58 100
183 58 100
184 58 100
184 58 100
184 58 100
184 58 100
184 58 100
184 58 100
184 58 100
184 58 100
184 58 100
184 58 100
184 58 100
184 58 100
184 58 100
184 58 100
184 58 100
184 58 100
184 58 100
184 58 100
184 58 100
184 58 100
184 58 100
184 58 100
185 58 100
185 58 100
185 58 100
185 58 100
185 58 100
185 58 100
185 58 100
185 58 100
185 58 100
185 58 100
185 58 100
185 58 100
185 58 100
185 58 100
185 58 100
185 58 100
185 58 100
185 58 100
185 59 100
185 59 100
185 59 100
185 59 100
185 59 100
185 59 100
185 59 100
185 59 100
185 59 100
185 59 100
185 59 100
185 59 100
185 59 100
185 59 100
185 59 100
185 59 100
185 59 100
185 59 100
185 59 100
185 59 100
185 60 100
185 60 100
185 60 100
185 60 100
185 60 100
185 60 100
185 60 100
185 60 100
185 60 100
185 60 100
185 60 100
185 60 100
185 60 100
185 60 100
185 60 100
185 60 100
185 60 100
185 60 100
185 60 100
185 60 100
185 60 100
185 61 100
185 61 100
185 61 100
185 61 100
185 61 100
185 61 100
185 61 100
185 61 100
185 61 100
185 61 100
185 61 100
185 61 100
185 61 100
185 61 100
185 61 100
185 61 100
185 61 100
185 61 100
185 61 100
185 61 100
185 61 100
185 62 100
185 62 100
185 62 100
185 62 100
185 62 100
185 62 100
185 62 100
185 62 100
185 62 100
185 62 100
185 62 100
185 62 100
185 62 100
185 62 100
185 62 100
185 62 100
185 62 100
185 62 100
185 62 100
185 62 100
185 62 100
185 62 100
185 63 100
185 63 100
185 63 100
185 63 100
185 63 100
185 63 100
185 63 100
185 63 100
185 63 100
185 63 100
185 63 100
185 63 100
185 63 100
185 63 100
185 63 100
185 63 100
185 63 100
185 63 100
185 63 100
185 63 100
185 63 100
185 63 100
185 64 100
185 64 100
185 64 100
185 64 100
185 64 100
185 64 100
185 64 100
185 64 100
185 64 100
185 64 100
185 64 100
185 64 100
185 64 100
185 64 100
185 64 100
185 64 100
185 64 100
185 64 100
185 64 100
185 64 100
185 64 100
185 64 100
185 64 100
185 65 100
185 65 100
185 65 100
185 65 100
185 65 100
185 65 100
185 65 100
185 65 100
185 65 100
185 65 100
185 65 100
185 65 100
185 65 100
185 65 100
185 65 100
185 65 100
185 65 100
185 65 100
185 65 100
185 65 100
185 65 100
185 65 100
185 66 100
185 66 100
185 66 100
185 66 100
185 66 100
185 66 100
185 66 100
185 66 100
185 66 100
185 66 100
185 66 100
185 66 100
185 66 100
185 66 100
185 66 100
185 66 100
185 66 100
185 66 100
185 66 100
185 66 100
185 66 100
185 67 100
185 67 100
185 67 100
185 67 100
185 67 100
185 67 100
185 67 100
185 67 100
185 67 100
185 67 100
185 67 100
185 67 100
185 67 100
185 67 100
185 67 100
185 67 100
185 67 100
185 67 100
185 67 100
185 67 100
185 68 100
185 68 100
185 68 100
185 68 100
185 68 100
185 68 100
185 68 100
185 68 100
185 68 100
185 68 100
185 68 100
185 68 100
185 68 100
185 68 100
185 68 100
185 68 100
185 68 100
185 69 100
185 69 100
185 69 100
185 69 100
185 69 100
185 69 100
185 69 100
185 69 100
185 69 100
185 69 100
185 69 100
185 69 100
185 69 100
185 69 100
185 70 100
185 70 100
185 70 100
185 70 100
185 70 100
185 70 100
185 70 100
185 70 100
185 70 100
185 70 100
185 70 100
185 71 100
185 71 100
185 71 100
185 71 100
185 71 100
185 71 100
185 71 100
185 71 100
185 72 100
185 72 100
185 72 100
185 72 100
185 72 100
185 73 100
185 73 100
185 73 100
185 74 100
185 74 100
185 75 100
185 76 100
185 77 100
185 78 100
185 79 100
185 80 100
185 81 100
185 82 100
185 83 100
185 84 100
185 85 100
185 86 100
185 87 100
185 88 100
185 89 100
185 90 100
185 90 100
185 91 100
185 91 100
185 91 100
185 92 100
185 92 100
185 92 100
185 93 100
185 93 100
185 93 100
185 93 100
185 94 100
185 94 100
185 94 100
185 94 100
185 94 100
185 95 100
185 95 100
185 95 100
185 95 100
185 95 100
185 95 100
185 95 100
185 96 100
185 96 100
185 96 100
185 96 100
185 96 100
185 96 100
185 96 100
185 96 100
185 97 100
185 97 100
185 97 100
185 97 100
185 97 100
185 97 100
185 97 100
185 97 100
185 97 100
185 98 100
185 98 100
185 98 100
185 98 100
185 98 100
185 98 100
185 98 100
185 98 100
185 98 100
185 99 100
185 99 100
185 99 100
185 99 100
185 99 100
185 99 100
185 99 100
185 99 100
185 99 100
185 100 100
185 100 100
185 100 100
185 100 100
185 100 100
185 100 100
185 100 100
185 100 100
185 101 100
185 101 100
185 101 100
185 101 100
185 101 100
185 101 100
185 102 100
185 102 100
185 102 100
185 102 100
185 102 100
185 103 100
185 103 100
185 103 100
185 103 100
185 104 100
185 104 100
185 104 100
185 105 100
185 105 100
185 105 100
185 106 100
185 106 100
185 107 100
185 107 100
185 108 100
185 108 100
185 109 100
185 110 100
185 111 100
185 112 100
185 113 100
185 114 100
185 115 100
185 116 100
185 117 100
185 118 100
