# move from (10,154) to (158,42)
10 154 100
11 154 100
12 154 100
13 154 100
14 154 100
15 154 100
16 154 100
17 154 100
18 154 100
19 154 100
20 154 100
21 154 100
22 154 100
23 154 100
24 154 100
25 154 100
26 154 100
27 154 100
28 154 100
29 154 100
30 154 100
31 154 100
32 154 100
33 154 100
34 154 100
35 154 100
36 154 100
37 154 100
38 154 100
39 154 100
40 154 100
41 154 100
42 154 100
43 154 100
44 154 100
45 154 100
46 154 100
47 154 100
48 154 100
49 154 100
50 154 100
51 154 100
52 154 100
53 154 100
54 154 100
55 154 100
56 154 100
57 154 100
58 154 100
59 154 100
60 154 100
61 154 100
62 154 100
63 154 100
64 154 100
65 154 100
66 154 100
66 154 100
67 154 100
67 154 100
68 154 100
68 154 100
68 154 100
69 154 100
69 154 100
69 154 100
69 154 100
69 154 100
70 154 100
70 154 100
70 154 100
70 154 100
70 154 100
70 154 100
70 154 100
71 154 100
71 154 100
71 154 100
71 154 100
71 154 100
71 154 100
71 154 100
71 154 100
71 154 100
71 154 100
72 154 100
72 154 100
72 154 100
72 154 100
72 154 100
72 154 100
72 154 100
72 154 100
72 154 100
72 154 100
72 154 100
72 154 100
72 154 100
73 154 100
73 154 100
73 154 100
73 154 100
73 154 100
73 154 100
73 154 100
73 154 100
73 154 100
73 154 100
73 154 100
73 154 100
73 154 100
73 154 100
73 154 100
74 154 100
74 154 100
74 154 100
74 154 100
74 154 100
74 154 100
74 154 100
74 154 100
74 154 100
74 154 100
74 154 100
74 154 100
74 154 100
74 154 100
74 154 100
74 154 100
74 154 100
75 154 100
75 154 100
75 154 100
75 154 100
75 154 100
75 154 100
75 154 100
75 154 100
75 154 100
75 154 100
75 154 100
75 154 100
75 154 100
75 154 100
75 154 100
75 154 100
75 154 100
75 154 100
76 154 100
76 154 100
76 154 100
76 154 100
76 154 100
76 154 100
76 154 100
76 154 100
76 154 100
76 154 100
76 154 100
76 154 100
76 154 100
76 154 100
76 154 100
76 154 100
76 154 100
76 154 100
77 154 100
77 154 100
77 154 100
77 154 100
77 154 100
77 154 100
77 154 100
77 154 100
77 154 100
77 154 100
77 154 100
77 154 100
77 154 100
77 154 100
77 154 100
77 154 100
77 154 100
77 154 100
78 154 100
78 154 100
78 154 100
78 154 100
78 154 100
78 154 100
78 154 100
78 154 100
78 154 100
78 154 100
78 154 100
78 154 100
78 154 100
78 154 100
78 154 100
78 154 100
78 154 100
79 154 100
79 154 100
79 154 100
79 154 100
79 154 100
79 154 100
79 154 100
79 154 100
79 154 100
79 154 100
79 154 100
79 154 100
79 154 100
79 154 100
79 154 100
79 154 100
80 154 100
80 154 100
80 154 100
80 154 100
80 154 100
80 154 100
80 154 100
80 154 100
80 154 100
80 154 100
80 154 100
80 154 100
80 154 100
80 154 100
81 154 100
81 154 100
81 154 100
81 154 100
81 154 100
81 154 100
81 154 100
81 154 100
81 154 100
81 154 100
81 154 100
81 154 100
81 154 100
82 154 100
82 154 100
82 154 100
82 154 100
82 154 100
82 154 100
82 154 100
82 154 100
82 154 100
82 154 100
82 154 100
83 154 100
83 154 100
83 154 100
83 154 100
83 154 100
83 154 100
83 154 100
83 154 100
83 154 100
84 154 100
84 154 100
84 154 100
84 154 100
84 154 100
84 154 100
84 154 100
84 154 100
85 154 100
85 154 100
85 154 100
85 154 100
85 154 100
85 154 100
85 154 100
86 154 100
86 154 100
86 154 100
86 154 100
86 154 100
86 154 100
87 154 100
87 154 100
87 154 100
87 154 100
87 154 100
88 154 100
88 154 100
88 154 100
88 154 100
89 154 100
89 154 100
89 154 100
90 154 100
90 154 100
90 154 100
91 154 100
91 154 100
92 154 100
92 154 100
93 154 100
94 154 100
95 154 100
96 154 100
97 154 100
98 154 100
99 154 100
100 154 100
101 154 100
102 154 100
103 154 100
104 154 100
105 154 100
106 154 100
107 154 100
108 154 100
109 154 100
110 154 100
110 154 100
111 154 100
111 154 100
112 154 100
112 154 100
113 154 100
113 154 100
113 154 100
114 154 100
114 154 100
114 154 100
115 154 100
115 154 100
115 154 100
116 154 100
116 154 100
116 154 100
117 154 100
117 154 100
118 154 100
118 154 100
119 154 100
119 154 100
120 154 100
121 154 100
122 154 100
123 154 100
124 154 100
125 154 100
126 154 100
127 154 100
128 154 100
129 154 100
130 154 100
131 154 100
132 154 100
133 154 100
134 154 100
135 154 100
136 154 100
137 154 100
138 154 100
138 154 100
139 154 100
139 154 100
140 154 100
140 154 100
140 154 100
141 154 100
141 154 100
141 154 100
142 154 100
142 154 100
142 154 100
143 154 100
143 154 100
143 154 100
144 154 100
144 154 100
144 154 100
145 154 100
145 154 100
145 154 100
146 154 100
146 154 100
147 154 100
147 154 100
148 154 100
148 154 100
149 154 100
150 154 100
151 154 100
152 154 100
153 154 100
154 154 100
155 154 100
156 154 100
157 154 100
158 154 100
158 153 100
158 152 100
158 151 100
158 150 100
158 149 100
158 148 100
158 147 100
158 146 100
158 145 100
158 144 100
158 143 100
158 142 100
158 142 100
158 141 100
158 141 100
158 140 100
158 140 100
158 139 100
158 139 100
158 139 100
158 138 100
158 138 100
158 138 100
158 137 100
158 137 100
158 137 100
158 136 100
158 136 100
158 136 100
158 135 100
158 135 100
158 135 100
158 134 100
158 134 100
158 133 100
158 133 100
158 132 100
158 132 100
158 131 100
158 130 100
158 129 100
158 128 100
158 127 100
158 126 100
158 125 100
158 124 100
158 123 100
158 122 100
158 121 100
158 120 100
158 119 100
158 118 100
158 117 100
158 116 100
158 115 100
158 114 100
158 113 100
158 112 100
158 111 100
158 110 100
158 109 100
158 109 100
158 108 100
158 108 100
158 107 100
158 107 100
158 107 100
158 106 100
158 106 100
158 106 100
158 106 100
158 105 100
158 105 100
158 105 100
158 105 100
158 105 100
158 104 100
158 104 100
158 104 100
158 104 100
158 104 100
158 104 100
158 104 100
158 103 100
158 103 100
158 103 100
158 103 100
158 103 100
158 103 100
158 103 100
158 103 100
158 103 100
158 102 100
158 102 100
158 102 100
158 102 100
158 102 100
158 102 100
158 102 100
158 102 100
158 102 100
158 102 100
158 102 100
158 101 100
158 101 100
158 101 100
158 101 100
158 101 100
158 101 100
158 101 100
158 101 100
158 101 100
158 101 100
158 101 100
158 101 100
158 101 100
158 101 100
158 100 100
158 100 100
158 100 100
158 100 100
158 100 100
158 100 100
158 100 100
158 100 100
158 100 100
158 100 100
158 100 100
158 100 100
158 100 100
158 100 100
158 100 100
158 100 100
158 99 100
158 99 100
158 99 100
158 99 100
158 99 100
158 99 100
158 99 100
158 99 100
158 99 100
158 99 100
158 99 100
158 99 100
158 99 100
158 99 100
158 99 100
158 99 100
158 99 100
158 98 100
158 98 100
158 98 100
158 98 100
158 98 100
158 98 100
158 98 100
158 98 100
158 98 100
158 98 100
158 98 100
158 98 100
158 98 100
158 98 100
158 98 100
158 98 100
158 98 100
158 97 100
158 97 100
158 97 100
158 97 100
158 97 100
158 97 100
158 97 100
158 97 100
158 97 100
158 97 100
158 97 100
158 97 100
158 97 100
158 97 100
158 97 100
158 97 100
158 97 100
158 96 100
158 96 100
158 96 100
158 96 100
158 96 100
158 96 100
158 96 100
158 96 100
158 96 100
158 96 100
158 96 100
158 96 100
158 96 100
158 96 100
158 96 100
158 95 100
158 95 100
158 95 100
158 95 100
158 95 100
158 95 100
158 95 100
158 95 100
158 95 100
158 95 100
158 95 100
158 95 100
158 95 100
158 94 100
158 94 100
158 94 100
158 94 100
158 94 100
158 94 100
158 94 100
158 94 100
158 94 100
158 94 100
158 94 100
158 93 100
158 93 100
158 93 100
158 93 100
158 93 100
158 93 100
158 93 100
158 93 100
158 93 100
158 92 100
158 92 100
158 92 100
158 92 100
158 92 100
158 92 100
158 92 100
158 91 100
158 91 100
158 91 100
158 91 100
158 91 100
158 90 100
158 90 100
158 90 100
158 89 100
158 89 100
158 88 100
158 88 100
158 87 100
158 86 100
158 85 100
158 84 100
158 83 100
158 82 100
158 81 100
158 80 100
158 79 100
158 78 100
158 77 100
158 76 100
158 75 100
158 74 100
158 73 100
158 72 100
158 71 100
158 70 100
158 69 100
158 68 100
158 67 100
158 66 100
158 65 100
158 64 100
158 63 100
158 62 100
158 61 100
158 60 100
158 59 100
158 58 100
158 57 100
158 56 100
158 55 100
158 54 100
158 53 100
158 52 100
158 51 100
158 50 100
158 49 100
158 48 100
158 47 100
158 46 100
158 45 100
158 44 100
158 43 100
158 42 100
