# move from (173,97) to (170,29)
173 97 100
172 97 100
171 97 100
170 97 100
170 96 100
170 95 100
170 94 100
170 93 100
170 92 100
170 91 100
170 90 100
170 89 100
170 88 100
170 87 100
170 86 100
170 85 100
170 84 100
170 83 100
170 82 100
170 81 100
170 80 100
170 79 100
170 78 100
170 77 100
170 76 100
170 75 100
170 74 100
170 73 100
170 72 100
170 71 100
170 70 100
170 69 100
170 68 100
170 67 100
170 66 100
170 65 100
170 64 100
170 63 100
170 62 100
170 61 100
170 60 100
170 59 100
170 58 100
170 57 100
170 56 100
170 55 100
170 54 100
170 53 100
170 52 100
170 51 100
170 50 100
170 49 100
170 48 100
170 47 100
170 46 100
170 45 100
170 44 100
170 43 100
170 42 100
170 41 100
170 40 100
170 39 100
170 38 100
170 37 100
170 36 100
170 35 100
170 34 100
170 33 100
170 32 100
170 31 100
170 30 100
170 29 100
# move from (131,132) to (170,29)
131 132 100
132 132 100
133 132 100
134 132 100
135 132 100
136 132 100
137 132 100
138 132 100
139 132 100
140 132 100
141 132 100
141 132 100
142 132 100
142 132 100
143 132 100
143 132 100
144 132 100
144 132 100
145 132 100
145 132 100
146 132 100
146 132 100
147 132 100
147 132 100
148 132 100
148 132 100
149 132 100
150 132 100
151 132 100
152 132 100
153 132 100
154 132 100
155 132 100
156 132 100
157 132 100
158 132 100
159 132 100
160 132 100
161 132 100
162 132 100
163 132 100
164 132 100
165 132 100
166 132 100
167 132 100
168 132 100
169 132 100
170 132 100
170 131 100
170 130 100
170 129 100
170 128 100
170 127 100
170 126 100
170 125 100
170 124 100
170 123 100
170 122 100
170 121 100
170 120 100
170 119 100
170 118 100
170 117 100
170 116 100
170 115 100
170 114 100
170 113 100
170 112 100
170 111 100
170 110 100
170 109 100
170 108 100
170 107 100
170 106 100
170 105 100
170 104 100
170 103 100
170 102 100
170 101 100
170 100 100
170 99 100
170 98 100
# move from (5,83) to (170,29)
5 83 100
6 83 100
7 83 100
8 83 100
9 83 100
10 83 100
11 83 100
12 83 100
13 83 100
13 83 100
14 83 100
14 83 100
15 83 100
15 83 100
16 83 100
16 83 100
17 83 100
17 83 100
18 83 100
18 83 100
18 83 100
19 83 100
19 83 100
19 83 100
20 83 100
20 83 100
20 83 100
21 83 100
21 83 100
21 83 100
22 83 100
22 83 100
22 83 100
23 83 100
23 83 100
23 83 100
23 83 100
24 83 100
24 83 100
24 83 100
24 83 100
25 83 100
25 83 100
25 83 100
25 83 100
25 83 100
26 83 100
26 83 100
26 83 100
26 83 100
26 83 100
26 83 100
27 83 100
27 83 100
27 83 100
27 83 100
27 83 100
27 83 100
28 83 100
28 83 100
28 83 100
28 83 100
28 83 100
28 83 100
28 83 100
29 83 100
29 83 100
29 83 100
29 83 100
29 83 100
29 83 100
29 83 100
30 83 100
30 83 100
30 83 100
30 83 100
30 83 100
30 83 100
31 83 100
31 83 100
31 83 100
31 83 100
31 83 100
31 83 100
32 83 100
32 83 100
32 83 100
32 83 100
32 83 100
33 83 100
33 83 100
33 83 100
33 83 100
33 83 100
34 83 100
34 83 100
34 83 100
34 83 100
35 83 100
35 83 100
35 83 100
36 83 100
36 83 100
36 83 100
37 83 100
37 83 100
38 83 100
38 83 100
39 83 100
40 83 100
41 83 100
42 83 100
43 83 100
44 83 100
45 83 100
46 83 100
47 83 100
47 83 100
48 83 100
48 83 100
49 83 100
49 83 100
50 83 100
50 83 100
51 83 100
51 83 100
52 83 100
52 83 100
52 83 100
53 83 100
53 83 100
54 83 100
54 83 100
55 83 100
55 83 100
56 83 100
56 83 100
57 83 100
57 83 100
58 83 100
58 83 100
59 83 100
59 83 100
60 83 100
60 83 100
61 83 100
61 83 100
61 83 100
62 83 100
62 83 100
62 83 100
63 83 100
63 83 100
63 83 100
63 83 100
64 83 100
64 83 100
64 83 100
64 83 100
65 83 100
65 83 100
65 83 100
65 83 100
65 83 100
65 83 100
66 83 100
66 83 100
66 83 100
66 83 100
66 83 100
66 83 100
66 83 100
66 83 100
67 83 100
67 83 100
67 83 100
67 83 100
67 83 100
67 83 100
67 83 100
67 83 100
67 83 100
67 83 100
68 83 100
68 83 100
68 83 100
68 83 100
68 83 100
68 83 100
68 83 100
68 83 100
68 83 100
68 83 100
68 83 100
68 83 100
68 83 100
69 83 100
69 83 100
69 83 100
69 83 100
69 83 100
69 83 100
69 83 100
69 83 100
69 83 100
69 83 100
69 83 100
69 83 100
69 83 100
69 83 100
69 83 100
69 83 100
69 83 100
70 83 100
70 83 100
70 83 100
70 83 100
70 83 100
70 83 100
70 83 100
70 83 100
70 83 100
70 83 100
70 83 100
70 83 100
70 83 100
70 83 100
70 83 100
70 83 100
70 83 100
70 83 100
70 83 100
70 83 100
70 83 100
71 83 100
71 83 100
71 83 100
71 83 100
71 83 100
71 83 100
71 83 100
71 83 100
71 83 100
71 83 100
71 83 100
71 83 100
71 83 100
71 83 100
71 83 100
71 83 100
71 83 100
71 83 100
71 83 100
71 83 100
71 83 100
71 83 100
71 83 100
71 83 100
72 83 100
72 83 100
72 83 100
72 83 100
72 83 100
72 83 100
72 83 100
72 83 100
72 83 100
72 83 100
72 83 100
72 83 100
72 83 100
72 83 100
72 83 100
72 83 100
72 83 100
72 83 100
72 83 100
72 83 100
72 83 100
72 83 100
72 83 100
72 83 100
72 83 100
72 83 100
72 83 100
73 83 100
73 83 100
73 83 100
73 83 100
73 83 100
73 83 100
73 83 100
73 83 100
73 83 100
73 83 100
73 83 100
73 83 100
73 83 100
73 83 100
73 83 100
73 83 100
73 83 100
73 83 100
73 83 100
73 83 100
73 83 100
73 83 100
73 83 100
73 83 100
73 83 100
73 83 100
73 83 100
73 83 100
73 83 100
74 83 100
74 83 100
74 83 100
74 83 100
74 83 100
74 83 100
74 83 100
74 83 100
74 83 100
74 83 100
74 83 100
74 83 100
74 83 100
74 83 100
74 83 100
74 83 100
74 83 100
74 83 100
74 83 100
74 83 100
74 83 100
74 83 100
74 83 100
74 83 100
74 83 100
74 83 100
74 83 100
74 83 100
74 83 100
74 83 100
75 83 100
75 83 100
75 83 100
75 83 100
75 83 100
75 83 100
75 83 100
75 83 100
75 83 100
75 83 100
75 83 100
75 83 100
75 83 100
75 83 100
75 83 100
75 83 100
75 83 100
75 83 100
75 83 100
75 83 100
75 83 100
75 83 100
75 83 100
75 83 100
75 83 100
75 83 100
75 83 100
75 83 100
75 83 100
75 83 100
76 83 100
76 83 100
76 83 100
76 83 100
76 83 100
76 83 100
76 83 100
76 83 100
76 83 100
76 83 100
76 83 100
76 83 100
76 83 100
76 83 100
76 83 100
76 83 100
76 83 100
76 83 100
76 83 100
76 83 100
76 83 100
76 83 100
76 83 100
76 83 100
76 83 100
76 83 100
76 83 100
76 83 100
76 83 100
76 83 100
76 83 100
77 83 100
77 83 100
77 83 100
77 83 100
77 83 100
77 83 100
77 83 100
77 83 100
77 83 100
77 83 100
77 83 100
77 83 100
77 83 100
77 83 100
77 83 100
77 83 100
77 83 100
77 83 100
77 83 100
77 83 100
77 83 100
77 83 100
77 83 100
77 83 100
77 83 100
77 83 100
77 83 100
77 83 100
77 83 100
77 83 100
77 83 100
78 83 100
78 83 100
78 83 100
78 83 100
78 83 100
78 83 100
78 83 100
78 83 100
78 83 100
78 83 100
78 83 100
78 83 100
78 83 100
78 83 100
78 83 100
78 83 100
78 83 100
78 83 100
78 83 100
78 83 100
78 83 100
78 83 100
78 83 100
78 83 100
78 83 100
78 83 100
78 83 100
78 83 100
78 83 100
78 83 100
79 83 100
79 83 100
79 83 100
79 83 100
79 83 100
79 83 100
79 83 100
79 83 100
79 83 100
79 83 100
79 83 100
79 83 100
79 83 100
79 83 100
79 83 100
79 83 100
79 83 100
79 83 100
79 83 100
79 83 100
79 83 100
79 83 100
79 83 100
79 83 100
79 83 100
79 83 100
79 83 100
79 83 100
79 83 100
80 83 100
80 83 100
80 83 100
80 83 100
80 83 100
80 83 100
80 83 100
80 83 100
80 83 100
80 83 100
80 83 100
80 83 100
80 83 100
80 83 100
80 83 100
80 83 100
80 83 100
80 83 100
80 83 100
80 83 100
80 83 100
80 83 100
80 83 100
80 83 100
80 83 100
80 83 100
80 83 100
80 83 100
81 83 100
81 83 100
81 83 100
81 83 100
81 83 100
81 83 100
81 83 100
81 83 100
81 83 100
81 83 100
81 83 100
81 83 100
81 83 100
81 83 100
81 83 100
81 83 100
81 83 100
81 83 100
81 83 100
81 83 100
81 83 100
81 83 100
81 83 100
81 83 100
81 83 100
81 83 100
82 83 100
82 83 100
82 83 100
82 83 100
82 83 100
82 83 100
82 83 100
82 83 100
82 83 100
82 83 100
82 83 100
82 83 100
82 83 100
82 83 100
82 83 100
82 83 100
82 83 100
82 83 100
82 83 100
82 83 100
82 83 100
82 83 100
82 83 100
82 83 100
83 83 100
83 83 100
83 83 100
83 83 100
83 83 100
83 83 100
83 83 100
83 83 100
83 83 100
83 83 100
83 83 100
83 83 100
83 83 100
83 83 100
83 83 100
83 83 100
83 83 100
83 83 100
83 83 100
83 83 100
83 83 100
83 83 100
84 83 100
84 83 100
84 83 100
84 83 100
84 83 100
84 83 100
84 83 100
84 83 100
84 83 100
84 83 100
84 83 100
84 83 100
84 83 100
84 83 100
84 83 100
84 83 100
84 83 100
84 83 100
84 83 100
84 83 100
85 83 100
85 83 100
85 83 100
85 83 100
85 83 100
85 83 100
85 83 100
85 83 100
85 83 100
85 83 100
85 83 100
85 83 100
85 83 100
85 83 100
85 83 100
85 83 100
85 83 100
86 83 100
86 83 100
86 83 100
86 83 100
86 83 100
86 83 100
86 83 100
86 83 100
86 83 100
86 83 100
86 83 100
86 83 100
86 83 100
86 83 100
86 83 100
87 83 100
87 83 100
87 83 100
87 83 100
87 83 100
87 83 100
87 83 100
87 83 100
87 83 100
87 83 100
87 83 100
87 83 100
88 83 100
88 83 100
88 83 100
88 83 100
88 83 100
88 83 100
88 83 100
88 83 100
88 83 100
88 83 100
89 83 100
89 83 100
89 83 100
89 83 100
89 83 100
89 83 100
89 83 100
89 83 100
90 83 100
90 83 100
90 83 100
90 83 100
90 83 100
90 83 100
90 83 100
91 83 100
91 83 100
91 83 100
91 83 100
91 83 100
91 83 100
92 83 100
92 83 100
92 83 100
92 83 100
92 83 100
93 83 100
93 83 100
93 83 100
93 83 100
93 83 100
94 83 100
94 83 100
94 83 100
94 83 100
95 83 100
95 83 100
95 83 100
95 83 100
96 83 100
96 83 100
96 83 100
96 83 100
97 83 100
97 83 100
97 83 100
97 83 100
98 83 100
98 83 100
98 83 100
98 83 100
99 83 100
99 83 100
99 83 100
100 83 100
100 83 100
100 83 100
101 83 100
101 83 100
102 83 100
102 83 100
103 83 100
103 83 100
104 83 100
105 83 100
106 83 100
107 83 100
108 83 100
109 83 100
110 83 100
111 83 100
112 83 100
113 83 100
114 83 100
114 83 100
115 83 100
115 83 100
116 83 100
116 83 100
116 83 100
117 83 100
117 83 100
117 83 100
117 83 100
118 83 100
118 83 100
118 83 100
118 83 100
118 83 100
119 83 100
119 83 100
119 83 100
119 83 100
119 83 100
119 83 100
120 83 100
120 83 100
120 83 100
120 83 100
120 83 100
120 83 100
121 83 100
121 83 100
121 83 100
121 83 100
121 83 100
121 83 100
121 83 100
122 83 100
122 83 100
122 83 100
122 83 100
122 83 100
122 83 100
122 83 100
123 83 100
123 83 100
123 83 100
123 83 100
123 83 100
123 83 100
123 83 100
124 83 100
124 83 100
124 83 100
124 83 100
124 83 100
124 83 100
125 83 100
125 83 100
125 83 100
125 83 100
125 83 100
125 83 100
126 83 100
126 83 100
126 83 100
126 83 100
126 83 100
127 83 100
127 83 100
127 83 100
127 83 100
128 83 100
128 83 100
128 83 100
128 83 100
129 83 100
129 83 100
129 83 100
129 83 100
130 83 100
130 83 100
130 83 100
131 83 100
131 83 100
131 83 100
132 83 100
132 83 100
132 83 100
133 83 100
133 83 100
133 83 100
134 83 100
134 83 100
134 83 100
135 83 100
135 83 100
135 83 100
136 83 100
136 83 100
136 83 100
137 83 100
137 83 100
137 83 100
138 83 100
138 83 100
138 83 100
139 83 100
139 83 100
140 83 100
140 83 100
141 83 100
142 83 100
143 83 100
144 83 100
145 83 100
146 83 100
147 83 100
148 83 100
149 83 100
150 83 100
151 83 100
152 83 100
153 83 100
154 83 100
155 83 100
156 83 100
157 83 100
158 83 100
159 83 100
160 83 100
161 83 100
162 83 100
163 83 100
164 83 100
165 83 100
166 83 100
167 83 100
168 83 100
169 83 100
# move from (84,105) to (170,29)
84 105 100
85 105 100
86 105 100
87 105 100
88 105 100
89 105 100
90 105 100
91 105 100
92 105 100
93 105 100
94 105 100
95 105 100
96 105 100
97 105 100
98 105 100
99 105 100
100 105 100
101 105 100
102 105 100
103 105 100
104 105 100
105 105 100
106 105 100
107 105 100
108 105 100
109 105 100
110 105 100
111 105 100
112 105 100
113 105 100
114 105 100
115 105 100
116 105 100
117 105 100
117 105 100
118 105 100
118 105 100
118 105 100
119 105 100
119 105 100
119 105 100
119 105 100
120 105 100
120 105 100
120 105 100
120 105 100
120 105 100
120 105 100
121 105 100
121 105 100
121 105 100
121 105 100
121 105 100
121 105 100
121 105 100
121 105 100
122 105 100
122 105 100
122 105 100
122 105 100
122 105 100
122 105 100
122 105 100
122 105 100
122 105 100
122 105 100
123 105 100
123 105 100
123 105 100
123 105 100
123 105 100
123 105 100
123 105 100
123 105 100
123 105 100
123 105 100
123 105 100
124 105 100
124 105 100
124 105 100
124 105 100
124 105 100
124 105 100
124 105 100
124 105 100
124 105 100
124 105 100
124 105 100
124 105 100
124 105 100
125 105 100
125 105 100
125 105 100
125 105 100
125 105 100
125 105 100
125 105 100
125 105 100
125 105 100
125 105 100
125 105 100
125 105 100
125 105 100
125 105 100
126 105 100
126 105 100
126 105 100
126 105 100
126 105 100
126 105 100
126 105 100
126 105 100
126 105 100
126 105 100
126 105 100
126 105 100
126 105 100
126 105 100
126 105 100
126 105 100
127 105 100
127 105 100
127 105 100
127 105 100
127 105 100
127 105 100
127 105 100
127 105 100
127 105 100
127 105 100
127 105 100
127 105 100
127 105 100
127 105 100
127 105 100
127 105 100
127 105 100
128 105 100
128 105 100
128 105 100
128 105 100
128 105 100
128 105 100
128 105 100
128 105 100
128 105 100
128 105 100
128 105 100
128 105 100
128 105 100
128 105 100
128 105 100
128 105 100
128 105 100
128 105 100
128 105 100
129 105 100
129 105 100
129 105 100
129 105 100
129 105 100
129 105 100
129 105 100
129 105 100
129 105 100
129 105 100
129 105 100
129 105 100
129 105 100
129 105 100
129 105 100
129 105 100
129 105 100
129 105 100
129 105 100
129 105 100
130 105 100
130 105 100
130 105 100
130 105 100
130 105 100
130 105 100
130 105 100
130 105 100
130 105 100
130 105 100
130 105 100
130 105 100
130 105 100
130 105 100
130 105 100
130 105 100
130 105 100
130 105 100
130 105 100
130 105 100
130 105 100
130 105 100
131 105 100
131 105 100
131 105 100
131 105 100
131 105 100
131 105 100
131 105 100
131 105 100
131 105 100
131 105 100
131 105 100
131 105 100
131 105 100
131 105 100
131 105 100
131 105 100
131 105 100
131 105 100
131 105 100
131 105 100
131 105 100
131 105 100
131 105 100
131 105 100
132 105 100
132 105 100
132 105 100
132 105 100
132 105 100
132 105 100
132 105 100
132 105 100
132 105 100
132 105 100
132 105 100
132 105 100
132 105 100
132 105 100
132 105 100
132 105 100
132 105 100
132 105 100
132 105 100
132 105 100
132 105 100
132 105 100
132 105 100
132 105 100
132 105 100
132 105 100
132 105 100
133 105 100
133 105 100
133 105 100
133 105 100
133 105 100
133 105 100
133 105 100
133 105 100
133 105 100
133 105 100
133 105 100
133 105 100
133 105 100
133 105 100
133 105 100
133 105 100
133 105 100
133 105 100
133 105 100
133 105 100
133 105 100
133 105 100
133 105 100
133 105 100
133 105 100
133 105 100
133 105 100
133 105 100
134 105 100
134 105 100
134 105 100
134 105 100
134 105 100
134 105 100
134 105 100
134 105 100
134 105 100
134 105 100
134 105 100
134 105 100
134 105 100
134 105 100
134 105 100
134 105 100
134 105 100
134 105 100
134 105 100
134 105 100
134 105 100
134 105 100
134 105 100
134 105 100
134 105 100
134 105 100
134 105 100
134 105 100
134 105 100
134 105 100
135 105 100
135 105 100
135 105 100
135 105 100
135 105 100
135 105 100
135 105 100
135 105 100
135 105 100
135 105 100
135 105 100
135 105 100
135 105 100
135 105 100
135 105 100
135 105 100
135 105 100
135 105 100
135 105 100
135 105 100
135 105 100
135 105 100
135 105 100
135 105 100
135 105 100
135 105 100
135 105 100
135 105 100
135 105 100
135 105 100
136 105 100
136 105 100
136 105 100
136 105 100
136 105 100
136 105 100
136 105 100
136 105 100
136 105 100
136 105 100
136 105 100
136 105 100
136 105 100
136 105 100
136 105 100
136 105 100
136 105 100
136 105 100
136 105 100
136 105 100
136 105 100
136 105 100
136 105 100
136 105 100
136 105 100
136 105 100
136 105 100
136 105 100
136 105 100
136 105 100
137 105 100
137 105 100
137 105 100
137 105 100
137 105 100
137 105 100
137 105 100
137 105 100
137 105 100
137 105 100
137 105 100
137 105 100
137 105 100
137 105 100
137 105 100
137 105 100
137 105 100
137 105 100
137 105 100
137 105 100
137 105 100
137 105 100
137 105 100
137 105 100
137 105 100
137 105 100
137 105 100
137 105 100
137 105 100
137 105 100
138 105 100
138 105 100
138 105 100
138 105 100
138 105 100
138 105 100
138 105 100
138 105 100
138 105 100
138 105 100
138 105 100
138 105 100
138 105 100
138 105 100
138 105 100
138 105 100
138 105 100
138 105 100
138 105 100
138 105 100
138 105 100
138 105 100
138 105 100
138 105 100
138 105 100
138 105 100
138 105 100
138 105 100
138 105 100
138 105 100
139 105 100
139 105 100
139 105 100
139 105 100
139 105 100
139 105 100
139 105 100
139 105 100
139 105 100
139 105 100
139 105 100
139 105 100
139 105 100
139 105 100
139 105 100
139 105 100
139 105 100
139 105 100
139 105 100
139 105 100
139 105 100
139 105 100
139 105 100
139 105 100
139 105 100
139 105 100
139 105 100
139 105 100
139 105 100
140 105 100
140 105 100
140 105 100
140 105 100
140 105 100
140 105 100
140 105 100
140 105 100
140 105 100
140 105 100
140 105 100
140 105 100
140 105 100
140 105 100
140 105 100
140 105 100
140 105 100
140 105 100
140 105 100
140 105 100
140 105 100
140 105 100
140 105 100
140 105 100
140 105 100
140 105 100
140 105 100
140 105 100
141 105 100
141 105 100
141 105 100
141 105 100
141 105 100
141 105 100
141 105 100
141 105 100
141 105 100
141 105 100
141 105 100
141 105 100
141 105 100
141 105 100
141 105 100
141 105 100
141 105 100
141 105 100
141 105 100
141 105 100
141 105 100
141 105 100
141 105 100
141 105 100
141 105 100
141 105 100
142 105 100
142 105 100
142 105 100
142 105 100
142 105 100
142 105 100
142 105 100
142 105 100
142 105 100
142 105 100
142 105 100
142 105 100
142 105 100
142 105 100
142 105 100
142 105 100
142 105 100
142 105 100
142 105 100
142 105 100
142 105 100
142 105 100
142 105 100
142 105 100
142 105 100
143 105 100
143 105 100
143 105 100
143 105 100
143 105 100
143 105 100
143 105 100
143 105 100
143 105 100
143 105 100
143 105 100
143 105 100
143 105 100
143 105 100
143 105 100
143 105 100
143 105 100
143 105 100
143 105 100
143 105 100
143 105 100
143 105 100
143 105 100
143 105 100
144 105 100
144 105 100
144 105 100
144 105 100
144 105 100
144 105 100
144 105 100
144 105 100
144 105 100
144 105 100
144 105 100
144 105 100
144 105 100
144 105 100
144 105 100
144 105 100
144 105 100
144 105 100
144 105 100
144 105 100
144 105 100
144 105 100
144 105 100
145 105 100
145 105 100
145 105 100
145 105 100
145 105 100
145 105 100
145 105 100
145 105 100
145 105 100
145 105 100
145 105 100
145 105 100
145 105 100
145 105 100
145 105 100
145 105 100
145 105 100
145 105 100
145 105 100
145 105 100
145 105 100
145 105 100
145 105 100
146 105 100
146 105 100
146 105 100
146 105 100
146 105 100
146 105 100
146 105 100
146 105 100
146 105 100
146 105 100
146 105 100
146 105 100
146 105 100
146 105 100
146 105 100
146 105 100
146 105 100
146 105 100
146 105 100
146 105 100
146 105 100
146 105 100
147 105 100
147 105 100
147 105 100
147 105 100
147 105 100
147 105 100
147 105 100
147 105 100
147 105 100
147 105 100
147 105 100
147 105 100
147 105 100
147 105 100
147 105 100
147 105 100
147 105 100
147 105 100
147 105 100
147 105 100
147 105 100
148 105 100
148 105 100
148 105 100
148 105 100
148 105 100
148 105 100
148 105 100
148 105 100
148 105 100
148 105 100
148 105 100
148 105 100
148 105 100
148 105 100
148 105 100
148 105 100
148 105 100
148 105 100
148 105 100
148 105 100
149 105 100
149 105 100
149 105 100
149 105 100
149 105 100
149 105 100
149 105 100
149 105 100
149 105 100
149 105 100
149 105 100
149 105 100
149 105 100
149 105 100
149 105 100
149 105 100
149 105 100
149 105 100
150 105 100
150 105 100
150 105 100
150 105 100
150 105 100
150 105 100
150 105 100
150 105 100
150 105 100
150 105 100
150 105 100
150 105 100
150 105 100
150 105 100
150 105 100
151 105 100
151 105 100
151 105 100
151 105 100
151 105 100
151 105 100
151 105 100
151 105 100
151 105 100
151 105 100
151 105 100
151 105 100
152 105 100
152 105 100
152 105 100
152 105 100
152 105 100
152 105 100
152 105 100
152 105 100
152 105 100
152 105 100
153 105 100
153 105 100
153 105 100
153 105 100
153 105 100
153 105 100
153 105 100
154 105 100
154 105 100
154 105 100
154 105 100
154 105 100
155 105 100
155 105 100
155 105 100
155 105 100
156 105 100
156 105 100
156 105 100
157 105 100
157 105 100
158 105 100
158 105 100
159 105 100
160 105 100
161 105 100
162 105 100
163 105 100
164 105 100
165 105 100
166 105 100
167 105 100
168 105 100
169 105 100
# move from (38,67) to (170,29)
38 67 100
39 67 100
40 67 100
41 67 100
42 67 100
43 67 100
44 67 100
45 67 100
46 67 100
47 67 100
48 67 100
49 67 100
50 67 100
51 67 100
52 67 100
52 67 100
53 67 100
53 67 100
54 67 100
54 67 100
54 67 100
55 67 100
55 67 100
55 67 100
55 67 100
56 67 100
56 67 100
56 67 100
56 67 100
56 67 100
57 67 100
57 67 100
57 67 100
57 67 100
57 67 100
57 67 100
58 67 100
58 67 100
58 67 100
58 67 100
58 67 100
58 67 100
58 67 100
58 67 100
59 67 100
59 67 100
59 67 100
59 67 100
59 67 100
59 67 100
59 67 100
59 67 100
59 67 100
59 67 100
60 67 100
60 67 100
60 67 100
60 67 100
60 67 100
60 67 100
60 67 100
60 67 100
60 67 100
60 67 100
60 67 100
60 67 100
61 67 100
61 67 100
61 67 100
61 67 100
61 67 100
61 67 100
61 67 100
61 67 100
61 67 100
61 67 100
61 67 100
61 67 100
61 67 100
61 67 100
61 67 100
62 67 100
62 67 100
62 67 100
62 67 100
62 67 100
62 67 100
62 67 100
62 67 100
62 67 100
62 67 100
62 67 100
62 67 100
62 67 100
62 67 100
62 67 100
62 67 100
62 67 100
62 67 100
63 67 100
63 67 100
63 67 100
63 67 100
63 67 100
63 67 100
63 67 100
63 67 100
63 67 100
63 67 100
63 67 100
63 67 100
63 67 100
63 67 100
63 67 100
63 67 100
63 67 100
63 67 100
63 67 100
63 67 100
63 67 100
64 67 100
64 67 100
64 67 100
64 67 100
64 67 100
64 67 100
64 67 100
64 67 100
64 67 100
64 67 100
64 67 100
64 67 100
64 67 100
64 67 100
64 67 100
64 67 100
64 67 100
64 67 100
64 67 100
64 67 100
64 67 100
64 67 100
64 67 100
64 67 100
65 67 100
65 67 100
65 67 100
65 67 100
65 67 100
65 67 100
65 67 100
65 67 100
65 67 100
65 67 100
65 67 100
65 67 100
65 67 100
65 67 100
65 67 100
65 67 100
65 67 100
65 67 100
65 67 100
65 67 100
65 67 100
65 67 100
65 67 100
65 67 100
65 67 100
65 67 100
65 67 100
66 67 100
66 67 100
66 67 100
66 67 100
66 67 100
66 67 100
66 67 100
66 67 100
66 67 100
66 67 100
66 67 100
66 67 100
66 67 100
66 67 100
66 67 100
66 67 100
66 67 100
66 67 100
66 67 100
66 67 100
66 67 100
66 67 100
66 67 100
66 67 100
66 67 100
66 67 100
66 67 100
66 67 100
66 67 100
67 67 100
67 67 100
67 67 100
67 67 100
67 67 100
67 67 100
67 67 100
67 67 100
67 67 100
67 67 100
67 67 100
67 67 100
67 67 100
67 67 100
67 67 100
67 67 100
67 67 100
67 67 100
67 67 100
67 67 100
67 67 100
67 67 100
67 67 100
67 67 100
67 67 100
67 67 100
67 67 100
67 67 100
67 67 100
67 67 100
67 67 100
68 67 100
68 67 100
68 67 100
68 67 100
68 67 100
68 67 100
68 67 100
68 67 100
68 67 100
68 67 100
68 67 100
68 67 100
68 67 100
68 67 100
68 67 100
68 67 100
68 67 100
68 67 100
68 67 100
68 67 100
68 67 100
68 67 100
68 67 100
68 67 100
68 67 100
68 67 100
68 67 100
68 67 100
68 67 100
68 67 100
68 67 100
68 67 100
68 67 100
69 67 100
69 67 100
69 67 100
69 67 100
69 67 100
69 67 100
69 67 100
69 67 100
69 67 100
69 67 100
69 67 100
69 67 100
69 67 100
69 67 100
69 67 100
69 67 100
69 67 100
69 67 100
69 67 100
69 67 100
69 67 100
69 67 100
69 67 100
69 67 100
69 67 100
69 67 100
69 67 100
69 67 100
69 67 100
69 67 100
69 67 100
69 67 100
69 67 100
69 67 100
70 67 100
70 67 100
70 67 100
70 67 100
70 67 100
70 67 100
70 67 100
70 67 100
70 67 100
70 67 100
70 67 100
70 67 100
70 67 100
70 67 100
70 67 100
70 67 100
70 67 100
70 67 100
70 67 100
70 67 100
70 67 100
70 67 100
70 67 100
70 67 100
70 67 100
70 67 100
70 67 100
70 67 100
70 67 100
70 67 100
70 67 100
70 67 100
70 67 100
70 67 100
70 67 100
71 67 100
71 67 100
71 67 100
71 67 100
71 67 100
71 67 100
71 67 100
71 67 100
71 67 100
71 67 100
71 67 100
71 67 100
71 67 100
71 67 100
71 67 100
71 67 100
71 67 100
71 67 100
71 67 100
71 67 100
71 67 100
71 67 100
71 67 100
71 67 100
71 67 100
71 67 100
71 67 100
71 67 100
71 67 100
71 67 100
71 67 100
71 67 100
71 67 100
71 67 100
71 67 100
71 67 100
72 67 100
72 67 100
72 67 100
72 67 100
72 67 100
72 67 100
72 67 100
72 67 100
72 67 100
72 67 100
72 67 100
72 67 100
72 67 100
72 67 100
72 67 100
72 67 100
72 67 100
72 67 100
72 67 100
72 67 100
72 67 100
72 67 100
72 67 100
72 67 100
72 67 100
72 67 100
72 67 100
72 67 100
72 67 100
72 67 100
72 67 100
72 67 100
72 67 100
72 67 100
72 67 100
72 67 100
72 67 100
72 67 100
73 67 100
73 67 100
73 67 100
73 67 100
73 67 100
73 67 100
73 67 100
73 67 100
73 67 100
73 67 100
73 67 100
73 67 100
73 67 100
73 67 100
73 67 100
73 67 100
73 67 100
73 67 100
73 67 100
73 67 100
73 67 100
73 67 100
73 67 100
73 67 100
73 67 100
73 67 100
73 67 100
73 67 100
73 67 100
73 67 100
73 67 100
73 67 100
73 67 100
73 67 100
73 67 100
73 67 100
73 67 100
73 67 100
73 67 100
74 67 100
74 67 100
74 67 100
74 67 100
74 67 100
74 67 100
74 67 100
74 67 100
74 67 100
74 67 100
74 67 100
74 67 100
74 67 100
74 67 100
74 67 100
74 67 100
74 67 100
74 67 100
74 67 100
74 67 100
74 67 100
74 67 100
74 67 100
74 67 100
74 67 100
74 67 100
74 67 100
74 67 100
74 67 100
74 67 100
74 67 100
74 67 100
74 67 100
74 67 100
74 67 100
74 67 100
74 67 100
74 67 100
75 67 100
75 67 100
75 67 100
75 67 100
75 67 100
75 67 100
75 67 100
75 67 100
75 67 100
75 67 100
75 67 100
75 67 100
75 67 100
75 67 100
75 67 100
75 67 100
75 67 100
75 67 100
75 67 100
75 67 100
75 67 100
75 67 100
75 67 100
75 67 100
75 67 100
75 67 100
75 67 100
75 67 100
75 67 100
75 67 100
75 67 100
75 67 100
75 67 100
75 67 100
75 67 100
75 67 100
75 67 100
75 67 100
76 67 100
76 67 100
76 67 100
76 67 100
76 67 100
76 67 100
76 67 100
76 67 100
76 67 100
76 67 100
76 67 100
76 67 100
76 67 100
76 67 100
76 67 100
76 67 100
76 67 100
76 67 100
76 67 100
76 67 100
76 67 100
76 67 100
76 67 100
76 67 100
76 67 100
76 67 100
76 67 100
76 67 100
76 67 100
76 67 100
76 67 100
76 67 100
76 67 100
76 67 100
76 67 100
76 67 100
76 67 100
77 67 100
77 67 100
77 67 100
77 67 100
77 67 100
77 67 100
77 67 100
77 67 100
77 67 100
77 67 100
77 67 100
77 67 100
77 67 100
77 67 100
77 67 100
77 67 100
77 67 100
77 67 100
77 67 100
77 67 100
77 67 100
77 67 100
77 67 100
77 67 100
77 67 100
77 67 100
77 67 100
77 67 100
77 67 100
77 67 100
77 67 100
77 67 100
77 67 100
77 67 100
77 67 100
77 67 100
77 67 100
78 67 100
78 67 100
78 67 100
78 67 100
78 67 100
78 67 100
78 67 100
78 67 100
78 67 100
78 67 100
78 67 100
78 67 100
78 67 100
78 67 100
78 67 100
78 67 100
78 67 100
78 67 100
78 67 100
78 67 100
78 67 100
78 67 100
78 67 100
78 67 100
78 67 100
78 67 100
78 67 100
78 67 100
78 67 100
78 67 100
78 67 100
78 67 100
78 67 100
78 67 100
78 67 100
78 67 100
78 67 100
79 67 100
79 67 100
79 67 100
79 67 100
79 67 100
79 67 100
79 67 100
79 67 100
79 67 100
79 67 100
79 67 100
79 67 100
79 67 100
79 67 100
79 67 100
79 67 100
79 67 100
79 67 100
79 67 100
79 67 100
79 67 100
79 67 100
79 67 100
79 67 100
79 67 100
79 67 100
79 67 100
79 67 100
79 67 100
79 67 100
79 67 100
79 67 100
79 67 100
79 67 100
79 67 100
79 67 100
79 67 100
80 67 100
80 67 100
80 67 100
80 67 100
80 67 100
80 67 100
80 67 100
80 67 100
80 67 100
80 67 100
80 67 100
80 67 100
80 67 100
80 67 100
80 67 100
80 67 100
80 67 100
80 67 100
80 67 100
80 67 100
80 67 100
80 67 100
80 67 100
80 67 100
80 67 100
80 67 100
80 67 100
80 67 100
80 67 100
80 67 100
80 67 100
80 67 100
80 67 100
80 67 100
80 67 100
80 67 100
80 67 100
81 67 100
81 67 100
81 67 100
81 67 100
81 67 100
81 67 100
81 67 100
81 67 100
81 67 100
81 67 100
81 67 100
81 67 100
81 67 100
81 67 100
81 67 100
81 67 100
81 67 100
81 67 100
81 67 100
81 67 100
81 67 100
81 67 100
81 67 100
81 67 100
81 67 100
81 67 100
81 67 100
81 67 100
81 67 100
81 67 100
81 67 100
81 67 100
81 67 100
81 67 100
81 67 100
81 67 100
81 67 100
81 67 100
82 67 100
82 67 100
82 67 100
82 67 100
82 67 100
82 67 100
82 67 100
82 67 100
82 67 100
82 67 100
82 67 100
82 67 100
82 67 100
82 67 100
82 67 100
82 67 100
82 67 100
82 67 100
82 67 100
82 67 100
82 67 100
82 67 100
82 67 100
82 67 100
82 67 100
82 67 100
82 67 100
82 67 100
82 67 100
82 67 100
82 67 100
82 67 100
82 67 100
82 67 100
82 67 100
82 67 100
82 67 100
82 67 100
82 67 100
83 67 100
83 67 100
83 67 100
83 67 100
83 67 100
83 67 100
83 67 100
83 67 100
83 67 100
83 67 100
83 67 100
83 67 100
83 67 100
83 67 100
83 67 100
83 67 100
83 67 100
83 67 100
83 67 100
83 67 100
83 67 100
83 67 100
83 67 100
83 67 100
83 67 100
83 67 100
83 67 100
83 67 100
83 67 100
83 67 100
83 67 100
83 67 100
83 67 100
83 67 100
83 67 100
83 67 100
83 67 100
83 67 100
83 67 100
83 67 100
84 67 100
84 67 100
84 67 100
84 67 100
84 67 100
84 67 100
84 67 100
84 67 100
84 67 100
84 67 100
84 67 100
84 67 100
84 67 100
84 67 100
84 67 100
84 67 100
84 67 100
84 67 100
84 67 100
84 67 100
84 67 100
84 67 100
84 67 100
84 67 100
84 67 100
84 67 100
84 67 100
84 67 100
84 67 100
84 67 100
84 67 100
84 67 100
84 67 100
84 67 100
84 67 100
84 67 100
84 67 100
84 67 100
84 67 100
84 67 100
84 67 100
84 67 100
85 67 100
85 67 100
85 67 100
85 67 100
85 67 100
85 67 100
85 67 100
85 67 100
85 67 100
85 67 100
85 67 100
85 67 100
85 67 100
85 67 100
85 67 100
85 67 100
85 67 100
85 67 100
85 67 100
85 67 100
85 67 100
85 67 100
85 67 100
85 67 100
85 67 100
85 67 100
85 67 100
85 67 100
85 67 100
85 67 100
85 67 100
85 67 100
85 67 100
85 67 100
85 67 100
85 67 100
85 67 100
85 67 100
85 67 100
85 67 100
85 67 100
85 67 100
85 67 100
86 67 100
86 67 100
86 67 100
86 67 100
86 67 100
86 67 100
86 67 100
86 67 100
86 67 100
86 67 100
86 67 100
86 67 100
86 67 100
86 67 100
86 67 100
86 67 100
86 67 100
86 67 100
86 67 100
86 67 100
86 67 100
86 67 100
86 67 100
86 67 100
86 67 100
86 67 100
86 67 100
86 67 100
86 67 100
86 67 100
86 67 100
86 67 100
86 67 100
86 67 100
86 67 100
86 67 100
86 67 100
86 67 100
86 67 100
86 67 100
86 67 100
86 67 100
86 67 100
86 67 100
87 67 100
87 67 100
87 67 100
87 67 100
87 67 100
87 67 100
87 67 100
87 67 100
87 67 100
87 67 100
87 67 100
87 67 100
87 67 100
87 67 100
87 67 100
87 67 100
87 67 100
87 67 100
87 67 100
87 67 100
87 67 100
87 67 100
87 67 100
87 67 100
87 67 100
87 67 100
87 67 100
87 67 100
87 67 100
87 67 100
87 67 100
87 67 100
87 67 100
87 67 100
87 67 100
87 67 100
87 67 100
87 67 100
87 67 100
87 67 100
87 67 100
87 67 100
87 67 100
87 67 100
87 67 100
88 67 100
88 67 100
88 67 100
88 67 100
88 67 100
88 67 100
88 67 100
88 67 100
88 67 100
88 67 100
88 67 100
88 67 100
88 67 100
88 67 100
88 67 100
88 67 100
88 67 100
88 67 100
88 67 100
88 67 100
88 67 100
88 67 100
88 67 100
88 67 100
88 67 100
88 67 100
88 67 100
88 67 100
88 67 100
88 67 100
88 67 100
88 67 100
88 67 100
88 67 100
88 67 100
88 67 100
88 67 100
88 67 100
88 67 100
88 67 100
88 67 100
88 67 100
88 67 100
88 67 100
89 67 100
89 67 100
89 67 100
89 67 100
89 67 100
89 67 100
89 67 100
89 67 100
89 67 100
89 67 100
89 67 100
89 67 100
89 67 100
89 67 100
89 67 100
89 67 100
89 67 100
89 67 100
89 67 100
89 67 100
89 67 100
89 67 100
89 67 100
89 67 100
89 67 100
89 67 100
89 67 100
89 67 100
89 67 100
89 67 100
89 67 100
89 67 100
89 67 100
89 67 100
89 67 100
89 67 100
89 67 100
89 67 100
89 67 100
89 67 100
89 67 100
89 67 100
90 67 100
90 67 100
90 67 100
90 67 100
90 67 100
90 67 100
90 67 100
90 67 100
90 67 100
90 67 100
90 67 100
90 67 100
90 67 100
90 67 100
90 67 100
90 67 100
90 67 100
90 67 100
90 67 100
90 67 100
90 67 100
90 67 100
90 67 100
90 67 100
90 67 100
90 67 100
90 67 100
90 67 100
90 67 100
90 67 100
90 67 100
90 67 100
90 67 100
90 67 100
90 67 100
90 67 100
90 67 100
90 67 100
90 67 100
90 67 100
90 67 100
91 67 100
91 67 100
91 67 100
91 67 100
91 67 100
91 67 100
91 67 100
91 67 100
91 67 100
91 67 100
91 67 100
91 67 100
91 67 100
91 67 100
91 67 100
91 67 100
91 67 100
91 67 100
91 67 100
91 67 100
91 67 100
91 67 100
91 67 100
91 67 100
91 67 100
91 67 100
91 67 100
91 67 100
91 67 100
91 67 100
91 67 100
91 67 100
91 67 100
91 67 100
91 67 100
91 67 100
91 67 100
91 67 100
91 67 100
92 67 100
92 67 100
92 67 100
92 67 100
92 67 100
92 67 100
92 67 100
92 67 100
92 67 100
92 67 100
92 67 100
92 67 100
92 67 100
92 67 100
92 67 100
92 67 100
92 67 100
92 67 100
92 67 100
92 67 100
92 67 100
92 67 100
92 67 100
92 67 100
92 67 100
92 67 100
92 67 100
92 67 100
92 67 100
92 67 100
92 67 100
92 67 100
92 67 100
92 67 100
92 67 100
92 67 100
92 67 100
93 67 100
93 67 100
93 67 100
93 67 100
93 67 100
93 67 100
93 67 100
93 67 100
93 67 100
93 67 100
93 67 100
93 67 100
93 67 100
93 67 100
93 67 100
93 67 100
93 67 100
93 67 100
93 67 100
93 67 100
93 67 100
93 67 100
93 67 100
93 67 100
93 67 100
93 67 100
93 67 100
93 67 100
93 67 100
93 67 100
93 67 100
93 67 100
93 67 100
93 67 100
94 67 100
94 67 100
94 67 100
94 67 100
94 67 100
94 67 100
94 67 100
94 67 100
94 67 100
94 67 100
94 67 100
94 67 100
94 67 100
94 67 100
94 67 100
94 67 100
94 67 100
94 67 100
94 67 100
94 67 100
94 67 100
94 67 100
94 67 100
94 67 100
94 67 100
94 67 100
94 67 100
94 67 100
94 67 100
94 67 100
94 67 100
95 67 100
95 67 100
95 67 100
95 67 100
95 67 100
95 67 100
95 67 100
95 67 100
95 67 100
95 67 100
95 67 100
95 67 100
95 67 100
95 67 100
95 67 100
95 67 100
95 67 100
95 67 100
95 67 100
95 67 100
95 67 100
95 67 100
95 67 100
95 67 100
95 67 100
95 67 100
95 67 100
96 67 100
96 67 100
96 67 100
96 67 100
96 67 100
96 67 100
96 67 100
96 67 100
96 67 100
96 67 100
96 67 100
96 67 100
96 67 100
96 67 100
96 67 100
96 67 100
96 67 100
96 67 100
96 67 100
96 67 100
96 67 100
96 67 100
96 67 100
97 67 100
97 67 100
97 67 100
97 67 100
97 67 100
97 67 100
97 67 100
97 67 100
97 67 100
97 67 100
97 67 100
97 67 100
97 67 100
97 67 100
97 67 100
97 67 100
97 67 100
97 67 100
97 67 100
97 67 100
98 67 100
98 67 100
98 67 100
98 67 100
98 67 100
98 67 100
98 67 100
98 67 100
98 67 100
98 67 100
98 67 100
98 67 100
98 67 100
98 67 100
98 67 100
98 67 100
99 67 100
99 67 100
99 67 100
99 67 100
99 67 100
99 67 100
99 67 100
99 67 100
99 67 100
99 67 100
99 67 100
99 67 100
99 67 100
99 67 100
100 67 100
100 67 100
100 67 100
100 67 100
100 67 100
100 67 100
100 67 100
100 67 100
100 67 100
100 67 100
100 67 100
100 67 100
101 67 100
101 67 100
101 67 100
101 67 100
101 67 100
101 67 100
101 67 100
101 67 100
101 67 100
101 67 100
102 67 100
102 67 100
102 67 100
102 67 100
102 67 100
102 67 100
102 67 100
102 67 100
102 67 100
103 67 100
103 67 100
103 67 100
103 67 100
103 67 100
103 67 100
103 67 100
103 67 100
104 67 100
104 67 100
104 67 100
104 67 100
104 67 100
104 67 100
104 67 100
105 67 100
105 67 100
105 67 100
105 67 100
105 67 100
105 67 100
105 67 100
106 67 100
106 67 100
106 67 100
106 67 100
106 67 100
106 67 100
107 67 100
107 67 100
107 67 100
107 67 100
107 67 100
107 67 100
108 67 100
108 67 100
108 67 100
108 67 100
108 67 100
108 67 100
109 67 100
109 67 100
109 67 100
109 67 100
109 67 100
109 67 100
110 67 100
110 67 100
110 67 100
110 67 100
110 67 100
111 67 100
111 67 100
111 67 100
111 67 100
111 67 100
112 67 100
112 67 100
112 67 100
112 67 100
112 67 100
113 67 100
113 67 100
113 67 100
113 67 100
114 67 100
114 67 100
114 67 100
114 67 100
115 67 100
115 67 100
115 67 100
116 67 100
116 67 100
117 67 100
117 67 100
118 67 100
118 67 100
119 67 100
120 67 100
121 67 100
122 67 100
123 67 100
124 67 100
125 67 100
126 67 100
127 67 100
128 67 100
129 67 100
130 67 100
131 67 100
132 67 100
133 67 100
134 67 100
135 67 100
136 67 100
137 67 100
138 67 100
139 67 100
140 67 100
141 67 100
142 67 100
143 67 100
144 67 100
145 67 100
146 67 100
147 67 100
148 67 100
149 67 100
150 67 100
151 67 100
152 67 100
153 67 100
154 67 100
155 67 100
156 67 100
157 67 100
158 67 100
159 67 100
160 67 100
161 67 100
162 67 100
163 67 100
164 67 100
165 67 100
166 67 100
167 67 100
168 67 100
169 67 100
# move from (106,10) to (170,29)
106 10 100
107 10 100
108 10 100
109 10 100
110 10 100
111 10 100
112 10 100
113 10 100
114 10 100
115 10 100
116 10 100
117 10 100
118 10 100
119 10 100
120 10 100
121 10 100
122 10 100
123 10 100
124 10 100
125 10 100
126 10 100
127 10 100
128 10 100
129 10 100
130 10 100
131 10 100
132 10 100
133 10 100
134 10 100
135 10 100
136 10 100
137 10 100
138 10 100
139 10 100
139 10 100
140 10 100
140 10 100
141 10 100
141 10 100
142 10 100
142 10 100
142 10 100
143 10 100
143 10 100
143 10 100
144 10 100
144 10 100
144 10 100
145 10 100
145 10 100
145 10 100
146 10 100
146 10 100
146 10 100
147 10 100
147 10 100
147 10 100
148 10 100
148 10 100
149 10 100
149 10 100
150 10 100
150 10 100
151 10 100
152 10 100
153 10 100
154 10 100
155 10 100
156 10 100
157 10 100
158 10 100
159 10 100
160 10 100
161 10 100
162 10 100
163 10 100
164 10 100
165 10 100
166 10 100
167 10 100
168 10 100
169 10 100
170 10 100
170 11 100
170 12 100
170 13 100
170 14 100
170 15 100
170 16 100
170 17 100
170 18 100
170 19 100
170 20 100
170 21 100
170 22 100
170 23 100
170 24 100
170 25 100
170 26 100
170 27 100
170 28 100
# move from (166,143) to (170,29)
166 143 100
167 143 100
168 143 100
169 143 100
170 143 100
170 142 100
170 141 100
170 140 100
170 139 100
170 138 100
170 137 100
170 136 100
170 135 100
170 134 100
170 133 100
