# move from (22,6) to (160,10)
22 6 100
23 6 100
24 6 100
25 6 100
26 6 100
27 6 100
28 6 100
29 6 100
30 6 100
31 6 100
32 6 100
33 6 100
34 6 100
35 6 100
36 6 100
37 6 100
38 6 100
39 6 100
40 6 100
41 6 100
42 6 100
43 6 100
44 6 100
45 6 100
46 6 100
47 6 100
48 6 100
49 6 100
50 6 100
51 6 100
52 6 100
53 6 100
54 6 100
55 6 100
56 6 100
57 6 100
58 6 100
59 6 100
60 6 100
61 6 100
62 6 100
63 6 100
64 6 100
65 6 100
66 6 100
67 6 100
68 6 100
69 6 100
70 6 100
71 6 100
72 6 100
73 6 100
74 6 100
75 6 100
76 6 100
77 6 100
78 6 100
79 6 100
80 6 100
81 6 100
82 6 100
83 6 100
84 6 100
85 6 100
86 6 100
87 6 100
88 6 100
89 6 100
90 6 100
91 6 100
92 6 100
93 6 100
94 6 100
95 6 100
96 6 100
97 6 100
98 6 100
99 6 100
100 6 100
101 6 100
102 6 100
103 6 100
104 6 100
105 6 100
106 6 100
107 6 100
108 6 100
109 6 100
110 6 100
111 6 100
112 6 100
113 6 100
114 6 100
115 6 100
116 6 100
117 6 100
118 6 100
119 6 100
120 6 100
121 6 100
122 6 100
123 6 100
124 6 100
125 6 100
126 6 100
127 6 100
128 6 100
129 6 100
130 6 100
130 6 100
131 6 100
131 6 100
132 6 100
132 6 100
132 6 100
133 6 100
133 6 100
133 6 100
134 6 100
134 6 100
134 6 100
135 6 100
135 6 100
135 6 100
136 6 100
136 6 100
136 6 100
137 6 100
137 6 100
137 6 100
138 6 100
138 6 100
138 6 100
139 6 100
139 6 100
139 6 100
140 6 100
140 6 100
140 6 100
141 6 100
141 6 100
141 6 100
142 6 100
142 6 100
142 6 100
143 6 100
143 6 100
143 6 100
144 6 100
144 6 100
144 6 100
144 6 100
145 6 100
145 6 100
145 6 100
145 6 100
146 6 100
146 6 100
146 6 100
146 6 100
147 6 100
147 6 100
147 6 100
147 6 100
148 6 100
148 6 100
148 6 100
148 6 100
149 6 100
149 6 100
149 6 100
150 6 100
150 6 100
150 6 100
151 6 100
151 6 100
152 6 100
152 6 100
153 6 100
154 6 100
155 6 100
156 6 100
157 6 100
158 6 100
159 6 100
160 6 100
160 7 100
160 8 100
160 9 100
160 10 100
# move from (102,91) to (160,10)
102 91 100
103 91 100
104 91 100
105 91 100
106 91 100
107 91 100
108 91 100
109 91 100
110 91 100
111 91 100
112 91 100
113 91 100
114 91 100
115 91 100
116 91 100
117 91 100
118 91 100
119 91 100
120 91 100
121 91 100
122 91 100
123 91 100
124 91 100
125 91 100
126 91 100
127 91 100
128 91 100
129 91 100
130 91 100
131 91 100
132 91 100
133 91 100
134 91 100
134 91 100
135 91 100
135 91 100
136 91 100
136 91 100
136 91 100
137 91 100
137 91 100
137 91 100
137 91 100
138 91 100
138 91 100
138 91 100
138 91 100
138 91 100
139 91 100
139 91 100
139 91 100
139 91 100
139 91 100
139 91 100
140 91 100
140 91 100
140 91 100
140 91 100
140 91 100
140 91 100
140 91 100
141 91 100
141 91 100
141 91 100
141 91 100
141 91 100
141 91 100
141 91 100
141 91 100
141 91 100
142 91 100
142 91 100
142 91 100
142 91 100
142 91 100
142 91 100
142 91 100
142 91 100
142 91 100
142 91 100
142 91 100
143 91 100
143 91 100
143 91 100
143 91 100
143 91 100
143 91 100
143 91 100
143 91 100
143 91 100
143 91 100
143 91 100
143 91 100
143 91 100
144 91 100
144 91 100
144 91 100
144 91 100
144 91 100
144 91 100
144 91 100
144 91 100
144 91 100
144 91 100
144 91 100
144 91 100
144 91 100
144 91 100
145 91 100
145 91 100
145 91 100
145 91 100
145 91 100
145 91 100
145 91 100
145 91 100
145 91 100
145 91 100
145 91 100
145 91 100
145 91 100
145 91 100
146 91 100
146 91 100
146 91 100
146 91 100
146 91 100
146 91 100
146 91 100
146 91 100
146 91 100
146 91 100
146 91 100
146 91 100
146 91 100
147 91 100
147 91 100
147 91 100
147 91 100
147 91 100
147 91 100
147 91 100
147 91 100
147 91 100
147 91 100
147 91 100
148 91 100
148 91 100
148 91 100
148 91 100
148 91 100
148 91 100
148 91 100
148 91 100
148 91 100
148 91 100
149 91 100
149 91 100
149 91 100
149 91 100
149 91 100
149 91 100
149 91 100
149 91 100
149 91 100
150 91 100
150 91 100
150 91 100
150 91 100
150 91 100
150 91 100
150 91 100
150 91 100
151 91 100
151 91 100
151 91 100
151 91 100
151 91 100
151 91 100
151 91 100
152 91 100
152 91 100
152 91 100
152 91 100
152 91 100
152 91 100
153 91 100
153 91 100
153 91 100
153 91 100
153 91 100
153 91 100
154 91 100
154 91 100
154 91 100
154 91 100
154 91 100
154 91 100
155 91 100
155 91 100
155 91 100
155 91 100
155 91 100
155 91 100
156 91 100
156 91 100
156 91 100
156 91 100
156 91 100
156 91 100
157 91 100
157 91 100
157 91 100
157 91 100
157 91 100
158 91 100
158 91 100
158 91 100
158 91 100
158 91 100
159 91 100
159 91 100
159 91 100
159 91 100
160 91 100
160 91 100
160 91 100
160 90 100
160 90 100
160 90 100
160 89 100
160 89 100
160 88 100
160 88 100
160 87 100
160 87 100
160 86 100
160 86 100
160 85 100
160 85 100
160 85 100
160 84 100
160 84 100
160 84 100
160 83 100
160 83 100
160 83 100
160 83 100
160 82 100
160 82 100
160 82 100
160 82 100
160 82 100
160 81 100
160 81 100
160 81 100
160 81 100
160 81 100
160 81 100
160 81 100
160 80 100
160 80 100
160 80 100
160 80 100
160 80 100
160 80 100
160 80 100
160 80 100
160 79 100
160 79 100
160 79 100
160 79 100
160 79 100
160 79 100
160 79 100
160 79 100
160 79 100
160 78 100
160 78 100
160 78 100
160 78 100
160 78 100
160 78 100
160 78 100
160 78 100
160 78 100
160 78 100
160 77 100
160 77 100
160 77 100
160 77 100
160 77 100
160 77 100
160 77 100
160 77 100
160 77 100
160 77 100
160 76 100
160 76 100
160 76 100
160 76 100
160 76 100
160 76 100
160 76 100
160 76 100
160 76 100
160 76 100
160 75 100
160 75 100
160 75 100
160 75 100
160 75 100
160 75 100
160 75 100
160 75 100
160 75 100
160 75 100
160 74 100
160 74 100
160 74 100
160 74 100
160 74 100
160 74 100
160 74 100
160 74 100
160 74 100
160 74 100
160 74 100
160 73 100
160 73 100
160 73 100
160 73 100
160 73 100
160 73 100
160 73 100
160 73 100
160 73 100
160 73 100
160 73 100
160 72 100
160 72 100
160 72 100
160 72 100
160 72 100
160 72 100
160 72 100
160 72 100
160 72 100
160 72 100
160 72 100
160 72 100
160 72 100
160 71 100
160 71 100
160 71 100
160 71 100
160 71 100
160 71 100
160 71 100
160 71 100
160 71 100
160 71 100
160 71 100
160 71 100
160 71 100
160 71 100
160 71 100
160 70 100
160 70 100
160 70 100
160 70 100
160 70 100
160 70 100
160 70 100
160 70 100
160 70 100
160 70 100
160 70 100
160 70 100
160 70 100
160 70 100
160 70 100
160 70 100
160 70 100
160 69 100
160 69 100
160 69 100
160 69 100
160 69 100
160 69 100
160 69 100
160 69 100
160 69 100
160 69 100
160 69 100
160 69 100
160 69 100
160 69 100
160 69 100
160 69 100
160 69 100
160 69 100
160 69 100
160 69 100
160 68 100
160 68 100
160 68 100
160 68 100
160 68 100
160 68 100
160 68 100
160 68 100
160 68 100
160 68 100
160 68 100
160 68 100
160 68 100
160 68 100
160 68 100
160 68 100
160 68 100
160 68 100
160 68 100
160 68 100
160 68 100
160 67 100
160 67 100
160 67 100
160 67 100
160 67 100
160 67 100
160 67 100
160 67 100
160 67 100
160 67 100
160 67 100
160 67 100
160 67 100
160 67 100
160 67 100
160 67 100
160 67 100
160 67 100
160 67 100
160 67 100
160 67 100
160 66 100
160 66 100
160 66 100
160 66 100
160 66 100
160 66 100
160 66 100
160 66 100
160 66 100
160 66 100
160 66 100
160 66 100
160 66 100
160 66 100
160 66 100
160 66 100
160 66 100
160 66 100
160 66 100
160 66 100
160 66 100
160 65 100
160 65 100
160 65 100
160 65 100
160 65 100
160 65 100
160 65 100
160 65 100
160 65 100
160 65 100
160 65 100
160 65 100
160 65 100
160 65 100
160 65 100
160 65 100
160 65 100
160 65 100
160 65 100
160 65 100
160 64 100
160 64 100
160 64 100
160 64 100
160 64 100
160 64 100
160 64 100
160 64 100
160 64 100
160 64 100
160 64 100
160 64 100
160 64 100
160 64 100
160 64 100
160 64 100
160 64 100
160 64 100
160 64 100
160 63 100
160 63 100
160 63 100
160 63 100
160 63 100
160 63 100
160 63 100
160 63 100
160 63 100
160 63 100
160 63 100
160 63 100
160 63 100
160 63 100
160 63 100
160 63 100
160 63 100
160 63 100
160 63 100
160 62 100
160 62 100
160 62 100
160 62 100
160 62 100
160 62 100
160 62 100
160 62 100
160 62 100
160 62 100
160 62 100
160 62 100
160 62 100
160 62 100
160 62 100
160 62 100
160 62 100
160 62 100
160 62 100
160 61 100
160 61 100
160 61 100
160 61 100
160 61 100
160 61 100
160 61 100
160 61 100
160 61 100
160 61 100
160 61 100
160 61 100
160 61 100
160 61 100
160 61 100
160 61 100
160 61 100
160 61 100
160 61 100
160 61 100
160 60 100
160 60 100
160 60 100
160 60 100
160 60 100
160 60 100
160 60 100
160 60 100
160 60 100
160 60 100
160 60 100
160 60 100
160 60 100
160 60 100
160 60 100
160 60 100
160 60 100
160 60 100
160 60 100
160 60 100
160 60 100
160 60 100
160 59 100
160 59 100
160 59 100
160 59 100
160 59 100
160 59 100
160 59 100
160 59 100
160 59 100
160 59 100
160 59 100
160 59 100
160 59 100
160 59 100
160 59 100
160 59 100
160 59 100
160 59 100
160 59 100
160 59 100
160 59 100
160 59 100
160 59 100
160 59 100
160 58 100
160 58 100
160 58 100
160 58 100
160 58 100
160 58 100
160 58 100
160 58 100
160 58 100
160 58 100
160 58 100
160 58 100
160 58 100
160 58 100
160 58 100
160 58 100
160 58 100
160 58 100
160 58 100
160 58 100
160 58 100
160 58 100
160 58 100
160 58 100
160 57 100
160 57 100
160 57 100
160 57 100
160 57 100
160 57 100
160 57 100
160 57 100
160 57 100
160 57 100
160 57 100
160 57 100
160 57 100
160 57 100
160 57 100
160 57 100
160 57 100
160 57 100
160 57 100
160 57 100
160 57 100
160 57 100
160 57 100
160 57 100
160 56 100
160 56 100
160 56 100
160 56 100
160 56 100
160 56 100
160 56 100
160 56 100
160 56 100
160 56 100
160 56 100
160 56 100
160 56 100
160 56 100
160 56 100
160 56 100
160 56 100
160 56 100
160 56 100
160 56 100
160 56 100
160 56 100
160 56 100
160 55 100
160 55 100
160 55 100
160 55 100
160 55 100
160 55 100
160 55 100
160 55 100
160 55 100
160 55 100
160 55 100
160 55 100
160 55 100
160 55 100
160 55 100
160 55 100
160 55 100
160 55 100
160 55 100
160 55 100
160 55 100
160 54 100
160 54 100
160 54 100
160 54 100
160 54 100
160 54 100
160 54 100
160 54 100
160 54 100
160 54 100
160 54 100
160 54 100
160 54 100
160 54 100
160 54 100
160 54 100
160 54 100
160 54 100
160 54 100
160 53 100
160 53 100
160 53 100
160 53 100
160 53 100
160 53 100
160 53 100
160 53 100
160 53 100
160 53 100
160 53 100
160 53 100
160 53 100
160 53 100
160 53 100
160 53 100
160 53 100
160 52 100
160 52 100
160 52 100
160 52 100
160 52 100
160 52 100
160 52 100
160 52 100
160 52 100
160 52 100
160 52 100
160 52 100
160 52 100
160 52 100
160 52 100
160 52 100
160 51 100
160 51 100
160 51 100
160 51 100
160 51 100
160 51 100
160 51 100
160 51 100
160 51 100
160 51 100
160 51 100
160 51 100
160 51 100
160 51 100
160 51 100
160 51 100
160 50 100
160 50 100
160 50 100
160 50 100
160 50 100
160 50 100
160 50 100
160 50 100
160 50 100
160 50 100
160 50 100
160 50 100
160 50 100
160 50 100
160 50 100
160 50 100
160 49 100
160 49 100
160 49 100
160 49 100
160 49 100
160 49 100
160 49 100
160 49 100
160 49 100
160 49 100
160 49 100
160 49 100
160 49 100
160 49 100
160 49 100
160 49 100
160 48 100
160 48 100
160 48 100
160 48 100
160 48 100
160 48 100
160 48 100
160 48 100
160 48 100
160 48 100
160 48 100
160 48 100
160 48 100
160 48 100
160 48 100
160 48 100
160 48 100
160 47 100
160 47 100
160 47 100
160 47 100
160 47 100
160 47 100
160 47 100
160 47 100
160 47 100
160 47 100
160 47 100
160 47 100
160 47 100
160 47 100
160 47 100
160 47 100
160 47 100
160 47 100
160 46 100
160 46 100
160 46 100
160 46 100
160 46 100
160 46 100
160 46 100
160 46 100
160 46 100
160 46 100
160 46 100
160 46 100
160 46 100
160 46 100
160 46 100
160 46 100
160 46 100
160 46 100
160 45 100
160 45 100
160 45 100
160 45 100
160 45 100
160 45 100
160 45 100
160 45 100
160 45 100
160 45 100
160 45 100
160 45 100
160 45 100
160 45 100
160 45 100
160 45 100
160 45 100
160 45 100
160 44 100
160 44 100
160 44 100
160 44 100
160 44 100
160 44 100
160 44 100
160 44 100
160 44 100
160 44 100
160 44 100
160 44 100
160 44 100
160 44 100
160 44 100
160 44 100
160 44 100
160 44 100
160 43 100
160 43 100
160 43 100
160 43 100
160 43 100
160 43 100
160 43 100
160 43 100
160 43 100
160 43 100
160 43 100
160 43 100
160 43 100
160 43 100
160 43 100
160 43 100
160 42 100
160 42 100
160 42 100
160 42 100
160 42 100
160 42 100
160 42 100
160 42 100
160 42 100
160 42 100
160 42 100
160 42 100
160 42 100
160 41 100
160 41 100
160 41 100
160 41 100
160 41 100
160 41 100
160 41 100
160 41 100
160 41 100
160 41 100
160 40 100
160 40 100
160 40 100
160 40 100
160 40 100
160 40 100
160 40 100
160 40 100
160 39 100
160 39 100
160 39 100
160 39 100
160 39 100
160 39 100
160 38 100
160 38 100
160 38 100
160 38 100
160 38 100
160 37 100
160 37 100
160 37 100
160 37 100
160 36 100
160 36 100
160 36 100
160 35 100
160 35 100
160 35 100
160 34 100
160 34 100
160 34 100
160 33 100
160 33 100
160 33 100
160 32 100
160 32 100
160 32 100
160 31 100
160 31 100
160 31 100
160 30 100
160 30 100
160 30 100
160 29 100
160 29 100
160 28 100
160 28 100
160 27 100
160 26 100
160 25 100
160 24 100
160 23 100
160 22 100
160 21 100
160 20 100
160 19 100
160 18 100
160 17 100
160 16 100
160 15 100
160 14 100
160 13 100
160 12 100
160 11 100
