# move from (7,181) to (47,143)
7 181 100
8 181 100
9 181 100
10 181 100
11 181 100
12 181 100
13 181 100
14 181 100
15 181 100
16 181 100
17 181 100
17 181 100
18 181 100
18 181 100
19 181 100
19 181 100
20 181 100
20 181 100
21 181 100
21 181 100
22 181 100
22 181 100
22 181 100
23 181 100
23 181 100
23 181 100
24 181 100
24 181 100
24 181 100
24 181 100
25 181 100
25 181 100
25 181 100
25 181 100
25 181 100
26 181 100
26 181 100
26 181 100
26 181 100
26 181 100
26 181 100
27 181 100
27 181 100
27 181 100
27 181 100
27 181 100
27 181 100
27 181 100
27 181 100
28 181 100
28 181 100
28 181 100
28 181 100
28 181 100
28 181 100
28 181 100
28 181 100
28 181 100
29 181 100
29 181 100
29 181 100
29 181 100
29 181 100
29 181 100
29 181 100
29 181 100
29 181 100
29 181 100
29 181 100
30 181 100
30 181 100
30 181 100
30 181 100
30 181 100
30 181 100
30 181 100
30 181 100
30 181 100
30 181 100
30 181 100
31 181 100
31 181 100
31 181 100
31 181 100
31 181 100
31 181 100
31 181 100
31 181 100
31 181 100
31 181 100
31 181 100
31 181 100
32 181 100
32 181 100
32 181 100
32 181 100
32 181 100
32 181 100
32 181 100
32 181 100
32 181 100
32 181 100
32 181 100
32 181 100
33 181 100
33 181 100
33 181 100
33 181 100
33 181 100
33 181 100
33 181 100
33 181 100
33 181 100
33 181 100
33 181 100
33 181 100
34 181 100
34 181 100
34 181 100
34 181 100
34 181 100
34 181 100
34 181 100
34 181 100
34 181 100
34 181 100
34 181 100
34 181 100
35 181 100
35 181 100
35 181 100
35 181 100
35 181 100
35 181 100
35 181 100
35 181 100
35 181 100
35 181 100
35 181 100
35 181 100
36 181 100
36 181 100
36 181 100
36 181 100
36 181 100
36 181 100
36 181 100
36 181 100
36 181 100
36 181 100
36 181 100
36 181 100
37 181 100
37 181 100
37 181 100
37 181 100
37 181 100
37 181 100
37 181 100
37 181 100
37 181 100
37 181 100
37 181 100
37 181 100
38 181 100
38 181 100
38 181 100
38 181 100
38 181 100
38 181 100
38 181 100
38 181 100
38 181 100
38 181 100
38 181 100
38 181 100
38 181 100
39 181 100
39 181 100
39 181 100
39 181 100
39 181 100
39 181 100
39 181 100
39 181 100
39 181 100
39 181 100
39 181 100
39 181 100
39 181 100
39 181 100
39 181 100
40 181 100
40 181 100
40 181 100
40 181 100
40 181 100
40 181 100
40 181 100
40 181 100
40 181 100
40 181 100
40 181 100
40 181 100
40 181 100
40 181 100
40 181 100
40 181 100
41 181 100
41 181 100
41 181 100
41 181 100
41 181 100
41 181 100
41 181 100
41 181 100
41 181 100
41 181 100
41 181 100
41 181 100
41 181 100
41 181 100
41 181 100
41 181 100
41 181 100
41 181 100
42 181 100
42 181 100
42 181 100
42 181 100
42 181 100
42 181 100
42 181 100
42 181 100
42 181 100
42 181 100
42 181 100
42 181 100
42 181 100
42 181 100
42 181 100
42 181 100
42 181 100
42 181 100
42 181 100
42 181 100
43 181 100
43 181 100
43 181 100
43 181 100
43 181 100
43 181 100
43 181 100
43 181 100
43 181 100
43 181 100
43 181 100
43 181 100
43 181 100
43 181 100
43 181 100
43 181 100
43 181 100
43 181 100
43 181 100
43 181 100
43 181 100
43 181 100
44 181 100
44 181 100
44 181 100
44 181 100
44 181 100
44 181 100
44 181 100
44 181 100
44 181 100
44 181 100
44 181 100
44 181 100
44 181 100
44 181 100
44 181 100
44 181 100
44 181 100
44 181 100
44 181 100
44 181 100
44 181 100
44 181 100
44 181 100
44 181 100
45 181 100
45 181 100
45 181 100
45 181 100
45 181 100
45 181 100
45 181 100
45 181 100
45 181 100
45 181 100
45 181 100
45 181 100
45 181 100
45 181 100
45 181 100
45 181 100
45 181 100
45 181 100
45 181 100
45 181 100
45 181 100
45 181 100
45 181 100
45 181 100
45 181 100
45 181 100
46 181 100
46 181 100
46 181 100
46 181 100
46 181 100
46 181 100
46 181 100
46 181 100
46 181 100
46 181 100
46 181 100
46 181 100
46 181 100
46 181 100
46 181 100
46 181 100
46 181 100
46 181 100
46 181 100
46 181 100
46 181 100
46 181 100
46 181 100
46 181 100
46 181 100
46 181 100
46 181 100
46 181 100
46 181 100
47 181 100
47 181 100
47 181 100
47 181 100
47 181 100
47 181 100
47 181 100
47 181 100
47 181 100
47 181 100
47 181 100
47 181 100
47 181 100
47 181 100
47 181 100
47 181 100
47 181 100
47 181 100
47 181 100
47 181 100
47 181 100
47 181 100
47 181 100
47 181 100
47 181 100
47 181 100
47 181 100
47 181 100
47 181 100
47 181 100
47 181 100
47 180 100
47 180 100
47 180 100
47 180 100
47 180 100
47 180 100
47 180 100
47 180 100
47 180 100
47 180 100
47 180 100
47 180 100
47 180 100
47 180 100
47 180 100
47 180 100
47 180 100
47 180 100
47 180 100
47 180 100
47 180 100
47 180 100
47 180 100
47 180 100
47 180 100
47 180 100
47 180 100
47 180 100
47 179 100
47 179 100
47 179 100
47 179 100
47 179 100
47 179 100
47 179 100
47 179 100
47 179 100
47 179 100
47 179 100
47 179 100
47 179 100
47 179 100
47 179 100
47 179 100
47 179 100
47 179 100
47 179 100
47 179 100
47 179 100
47 179 100
47 179 100
47 179 100
47 178 100
47 178 100
47 178 100
47 178 100
47 178 100
47 178 100
47 178 100
47 178 100
47 178 100
47 178 100
47 178 100
47 178 100
47 178 100
47 178 100
47 178 100
47 178 100
47 178 100
47 178 100
47 178 100
47 178 100
47 178 100
47 177 100
47 177 100
47 177 100
47 177 100
47 177 100
47 177 100
47 177 100
47 177 100
47 177 100
47 177 100
47 177 100
47 177 100
47 177 100
47 177 100
47 177 100
47 177 100
47 177 100
47 177 100
47 177 100
47 176 100
47 176 100
47 176 100
47 176 100
47 176 100
47 176 100
47 176 100
47 176 100
47 176 100
47 176 100
47 176 100
47 176 100
47 176 100
47 176 100
47 176 100
47 176 100
47 176 100
47 176 100
47 175 100
47 175 100
47 175 100
47 175 100
47 175 100
47 175 100
47 175 100
47 175 100
47 175 100
47 175 100
47 175 100
47 175 100
47 175 100
47 175 100
47 175 100
47 175 100
47 175 100
47 175 100
47 174 100
47 174 100
47 174 100
47 174 100
47 174 100
47 174 100
47 174 100
47 174 100
47 174 100
47 174 100
47 174 100
47 174 100
47 174 100
47 174 100
47 174 100
47 174 100
47 174 100
47 174 100
47 173 100
47 173 100
47 173 100
47 173 100
47 173 100
47 173 100
47 173 100
47 173 100
47 173 100
47 173 100
47 173 100
47 173 100
47 173 100
47 173 100
47 173 100
47 173 100
47 173 100
47 172 100
47 172 100
47 172 100
47 172 100
47 172 100
47 172 100
47 172 100
47 172 100
47 172 100
47 172 100
47 172 100
47 172 100
47 172 100
47 172 100
47 172 100
47 172 100
47 172 100
47 171 100
47 171 100
47 171 100
47 171 100
47 171 100
47 171 100
47 171 100
47 171 100
47 171 100
47 171 100
47 171 100
47 171 100
47 171 100
47 171 100
47 171 100
47 170 100
47 170 100
47 170 100
47 170 100
47 170 100
47 170 100
47 170 100
47 170 100
47 170 100
47 170 100
47 170 100
47 170 100
47 170 100
47 170 100
47 169 100
47 169 100
47 169 100
47 169 100
47 169 100
47 169 100
47 169 100
47 169 100
47 169 100
47 169 100
47 169 100
47 169 100
47 168 100
47 168 100
47 168 100
47 168 100
47 168 100
47 168 100
47 168 100
47 168 100
47 168 100
47 167 100
47 167 100
47 167 100
47 167 100
47 167 100
47 167 100
47 167 100
47 166 100
47 166 100
47 166 100
47 166 100
47 166 100
47 165 100
47 165 100
47 165 100
47 165 100
47 164 100
47 164 100
47 164 100
47 163 100
47 163 100
47 163 100
47 162 100
47 162 100
47 161 100
47 161 100
47 160 100
47 159 100
47 158 100
47 157 100
47 156 100
47 155 100
47 154 100
47 153 100
47 152 100
47 151 100
47 150 100
47 149 100
47 148 100
47 147 100
47 146 100
47 145 100
47 144 100
47 143 100
# move from (166,25) to (47,143)
166 25 100
165 25 100
164 25 100
163 25 100
162 25 100
161 25 100
160 25 100
159 25 100
158 25 100
157 25 100
156 25 100
155 25 100
154 25 100
153 25 100
152 25 100
151 25 100
150 25 100
149 25 100
148 25 100
147 25 100
146 25 100
145 25 100
144 25 100
143 25 100
142 25 100
141 25 100
140 25 100
139 25 100
139 25 100
138 25 100
138 25 100
137 25 100
137 25 100
136 25 100
136 25 100
136 25 100
135 25 100
135 25 100
135 25 100
135 25 100
134 25 100
134 25 100
134 25 100
134 25 100
134 25 100
133 25 100
133 25 100
133 25 100
133 25 100
133 25 100
133 25 100
132 25 100
132 25 100
132 25 100
132 25 100
132 25 100
132 25 100
132 25 100
131 25 100
131 25 100
131 25 100
131 25 100
131 25 100
131 25 100
131 25 100
131 25 100
130 25 100
130 25 100
130 25 100
130 25 100
130 25 100
130 25 100
130 25 100
130 25 100
130 25 100
129 25 100
129 25 100
129 25 100
129 25 100
129 25 100
129 25 100
129 25 100
129 25 100
129 25 100
129 25 100
128 25 100
128 25 100
128 25 100
128 25 100
128 25 100
128 25 100
128 25 100
128 25 100
128 25 100
128 25 100
128 25 100
127 25 100
127 25 100
127 25 100
127 25 100
127 25 100
127 25 100
127 25 100
127 25 100
127 25 100
127 25 100
127 25 100
127 25 100
127 25 100
126 25 100
126 25 100
126 25 100
126 25 100
126 25 100
126 25 100
126 25 100
126 25 100
126 25 100
126 25 100
126 25 100
126 25 100
126 25 100
126 25 100
125 25 100
125 25 100
125 25 100
125 25 100
125 25 100
125 25 100
125 25 100
125 25 100
125 25 100
125 25 100
125 25 100
125 25 100
125 25 100
125 25 100
125 25 100
125 25 100
124 25 100
124 25 100
124 25 100
124 25 100
124 25 100
124 25 100
124 25 100
124 25 100
124 25 100
124 25 100
124 25 100
124 25 100
124 25 100
124 25 100
124 25 100
124 25 100
124 25 100
123 25 100
123 25 100
123 25 100
123 25 100
123 25 100
123 25 100
123 25 100
123 25 100
123 25 100
123 25 100
123 25 100
123 25 100
123 25 100
123 25 100
123 25 100
123 25 100
123 25 100
123 25 100
123 25 100
122 25 100
122 25 100
122 25 100
122 25 100
122 25 100
122 25 100
122 25 100
122 25 100
122 25 100
122 25 100
122 25 100
122 25 100
122 25 100
122 25 100
122 25 100
122 25 100
122 25 100
122 25 100
122 25 100
122 25 100
121 25 100
121 25 100
121 25 100
121 25 100
121 25 100
121 25 100
121 25 100
121 25 100
121 25 100
121 25 100
121 25 100
121 25 100
121 25 100
121 25 100
121 25 100
121 25 100
121 25 100
121 25 100
121 25 100
121 25 100
121 25 100
121 25 100
120 25 100
120 25 100
120 25 100
120 25 100
120 25 100
120 25 100
120 25 100
120 25 100
120 25 100
120 25 100
120 25 100
120 25 100
120 25 100
120 25 100
120 25 100
120 25 100
120 25 100
120 25 100
120 25 100
120 25 100
120 25 100
120 25 100
120 25 100
119 25 100
119 25 100
119 25 100
119 25 100
119 25 100
119 25 100
119 25 100
119 25 100
119 25 100
119 25 100
119 25 100
119 25 100
119 25 100
119 25 100
119 25 100
119 25 100
119 25 100
119 25 100
119 25 100
119 25 100
119 25 100
119 25 100
119 25 100
118 25 100
118 25 100
118 25 100
118 25 100
118 25 100
118 25 100
118 25 100
118 25 100
118 25 100
118 25 100
118 25 100
118 25 100
118 25 100
118 25 100
118 25 100
118 25 100
118 25 100
118 25 100
118 25 100
118 25 100
118 25 100
118 25 100
118 25 100
118 25 100
117 25 100
117 25 100
117 25 100
117 25 100
117 25 100
117 25 100
117 25 100
117 25 100
117 25 100
117 25 100
117 25 100
117 25 100
117 25 100
117 25 100
117 25 100
117 25 100
117 25 100
117 25 100
117 25 100
117 25 100
117 25 100
117 25 100
117 25 100
117 25 100
117 25 100
116 25 100
116 25 100
116 25 100
116 25 100
116 25 100
116 25 100
116 25 100
116 25 100
116 25 100
116 25 100
116 25 100
116 25 100
116 25 100
116 25 100
116 25 100
116 25 100
116 25 100
116 25 100
116 25 100
116 25 100
116 25 100
116 25 100
116 25 100
116 25 100
116 25 100
116 25 100
116 25 100
115 25 100
115 25 100
115 25 100
115 25 100
115 25 100
115 25 100
115 25 100
115 25 100
115 25 100
115 25 100
115 25 100
115 25 100
115 25 100
115 25 100
115 25 100
115 25 100
115 25 100
115 25 100
115 25 100
115 25 100
115 25 100
115 25 100
115 25 100
115 25 100
115 25 100
115 25 100
115 25 100
115 25 100
115 25 100
115 25 100
114 25 100
114 25 100
114 25 100
114 25 100
114 25 100
114 25 100
114 25 100
114 25 100
114 25 100
114 25 100
114 25 100
114 25 100
114 25 100
114 25 100
114 25 100
114 25 100
114 25 100
114 25 100
114 25 100
114 25 100
114 25 100
114 25 100
114 25 100
114 25 100
114 25 100
114 25 100
114 25 100
114 25 100
114 25 100
114 25 100
114 25 100
114 25 100
114 25 100
113 25 100
113 25 100
113 25 100
113 25 100
113 25 100
113 25 100
113 25 100
113 25 100
113 25 100
113 25 100
113 25 100
113 25 100
113 25 100
113 25 100
113 25 100
113 25 100
113 25 100
113 25 100
113 25 100
113 25 100
113 25 100
113 25 100
113 25 100
113 25 100
113 25 100
113 25 100
113 25 100
113 25 100
113 25 100
113 25 100
113 25 100
113 25 100
113 25 100
113 25 100
113 25 100
113 25 100
113 25 100
112 25 100
112 25 100
112 25 100
112 25 100
112 25 100
112 25 100
112 25 100
112 25 100
112 25 100
112 25 100
112 25 100
112 25 100
112 25 100
112 25 100
112 25 100
112 25 100
112 25 100
112 25 100
112 25 100
112 25 100
112 25 100
112 25 100
112 25 100
112 25 100
112 25 100
112 25 100
112 25 100
112 25 100
112 25 100
112 25 100
112 25 100
112 25 100
112 25 100
112 25 100
112 25 100
112 25 100
112 25 100
112 25 100
112 25 100
112 25 100
111 25 100
111 25 100
111 25 100
111 25 100
111 25 100
111 25 100
111 25 100
111 25 100
111 25 100
111 25 100
111 25 100
111 25 100
111 25 100
111 25 100
111 25 100
111 25 100
111 25 100
111 25 100
111 25 100
111 25 100
111 25 100
111 25 100
111 25 100
111 25 100
111 25 100
111 25 100
111 25 100
111 25 100
111 25 100
111 25 100
111 25 100
111 25 100
111 25 100
111 25 100
111 25 100
111 25 100
111 25 100
111 25 100
111 25 100
111 25 100
111 25 100
111 25 100
111 25 100
110 25 100
110 25 100
110 25 100
110 25 100
110 25 100
110 25 100
110 25 100
110 25 100
110 25 100
110 25 100
110 25 100
110 25 100
110 25 100
110 25 100
110 25 100
110 25 100
110 25 100
110 25 100
110 25 100
110 25 100
110 25 100
110 25 100
110 25 100
110 25 100
110 25 100
110 25 100
110 25 100
110 25 100
110 25 100
110 25 100
110 25 100
110 25 100
110 25 100
110 25 100
110 25 100
110 25 100
110 25 100
110 25 100
110 25 100
110 25 100
110 25 100
110 25 100
110 25 100
110 25 100
110 25 100
110 25 100
109 25 100
109 25 100
109 25 100
109 25 100
109 25 100
109 25 100
109 25 100
109 25 100
109 25 100
109 25 100
109 25 100
109 25 100
109 25 100
109 25 100
109 25 100
109 25 100
109 25 100
109 25 100
109 25 100
109 25 100
109 25 100
109 25 100
109 25 100
109 25 100
109 25 100
109 25 100
109 25 100
109 25 100
109 25 100
109 25 100
109 25 100
109 25 100
109 25 100
109 25 100
109 25 100
109 25 100
109 25 100
109 25 100
109 25 100
109 25 100
109 25 100
109 25 100
109 25 100
109 25 100
109 25 100
109 25 100
109 25 100
108 25 100
108 25 100
108 25 100
108 25 100
108 25 100
108 25 100
108 25 100
108 25 100
108 25 100
108 25 100
108 25 100
108 25 100
108 25 100
108 25 100
108 25 100
108 25 100
108 25 100
108 25 100
108 25 100
108 25 100
108 25 100
108 25 100
108 25 100
108 25 100
108 25 100
108 25 100
108 25 100
108 25 100
108 25 100
108 25 100
108 25 100
108 25 100
108 25 100
108 25 100
108 25 100
108 25 100
108 25 100
108 25 100
108 25 100
108 25 100
108 25 100
108 25 100
108 25 100
108 25 100
108 25 100
108 25 100
108 25 100
108 25 100
107 25 100
107 25 100
107 25 100
107 25 100
107 25 100
107 25 100
107 25 100
107 25 100
107 25 100
107 25 100
107 25 100
107 25 100
107 25 100
107 25 100
107 25 100
107 25 100
107 25 100
107 25 100
107 25 100
107 25 100
107 25 100
107 25 100
107 25 100
107 25 100
107 25 100
107 25 100
107 25 100
107 25 100
107 25 100
107 25 100
107 25 100
107 25 100
107 25 100
107 25 100
107 25 100
107 25 100
107 25 100
107 25 100
107 25 100
107 25 100
107 25 100
107 25 100
107 25 100
107 25 100
107 25 100
107 25 100
107 25 100
107 25 100
107 25 100
106 25 100
106 25 100
106 25 100
106 25 100
106 25 100
106 25 100
106 25 100
106 25 100
106 25 100
106 25 100
106 25 100
106 25 100
106 25 100
106 25 100
106 25 100
106 25 100
106 25 100
106 25 100
106 25 100
106 25 100
106 25 100
106 25 100
106 25 100
106 25 100
106 25 100
106 25 100
106 25 100
106 25 100
106 25 100
106 25 100
106 25 100
106 25 100
106 25 100
106 25 100
106 25 100
106 25 100
106 25 100
106 25 100
106 25 100
106 25 100
106 25 100
106 25 100
106 25 100
106 25 100
106 25 100
106 25 100
106 25 100
106 25 100
106 25 100
105 25 100
105 25 100
105 25 100
105 25 100
105 25 100
105 25 100
105 25 100
105 25 100
105 25 100
105 25 100
105 25 100
105 25 100
105 25 100
105 25 100
105 25 100
105 25 100
105 25 100
105 25 100
105 25 100
105 25 100
105 25 100
105 25 100
105 25 100
105 25 100
105 25 100
105 25 100
105 25 100
105 25 100
105 25 100
105 25 100
105 25 100
105 25 100
105 25 100
105 25 100
105 25 100
105 25 100
105 25 100
105 25 100
105 25 100
105 25 100
105 25 100
105 25 100
105 25 100
105 25 100
105 25 100
105 25 100
105 25 100
105 25 100
104 25 100
104 25 100
104 25 100
104 25 100
104 25 100
104 25 100
104 25 100
104 25 100
104 25 100
104 25 100
104 25 100
104 25 100
104 25 100
104 25 100
104 25 100
104 25 100
104 25 100
104 25 100
104 25 100
104 25 100
104 25 100
104 25 100
104 25 100
104 25 100
104 25 100
104 25 100
104 25 100
104 25 100
104 25 100
104 25 100
104 25 100
104 25 100
104 25 100
104 25 100
104 25 100
104 25 100
104 25 100
104 25 100
104 25 100
104 25 100
104 25 100
104 25 100
104 25 100
104 25 100
104 25 100
104 25 100
104 25 100
103 25 100
103 25 100
103 25 100
103 25 100
103 25 100
103 25 100
103 25 100
103 25 100
103 25 100
103 25 100
103 25 100
103 25 100
103 25 100
103 25 100
103 25 100
103 25 100
103 25 100
103 25 100
103 25 100
103 25 100
103 25 100
103 25 100
103 25 100
103 25 100
103 25 100
103 25 100
103 25 100
103 25 100
103 25 100
103 25 100
103 25 100
103 25 100
103 25 100
103 25 100
103 25 100
103 25 100
103 25 100
103 25 100
103 25 100
103 25 100
103 25 100
103 25 100
103 25 100
103 25 100
103 25 100
102 25 100
102 25 100
102 25 100
102 25 100
102 25 100
102 25 100
102 25 100
102 25 100
102 25 100
102 25 100
102 25 100
102 25 100
102 25 100
102 25 100
102 25 100
102 25 100
102 25 100
102 25 100
102 25 100
102 25 100
102 25 100
102 25 100
102 25 100
102 25 100
102 25 100
102 25 100
102 25 100
102 25 100
102 25 100
102 25 100
102 25 100
102 25 100
102 25 100
102 25 100
102 25 100
102 25 100
102 25 100
102 25 100
102 25 100
102 25 100
102 25 100
102 25 100
102 25 100
101 25 100
101 25 100
101 25 100
101 25 100
101 25 100
101 25 100
101 25 100
101 25 100
101 25 100
101 25 100
101 25 100
101 25 100
101 25 100
101 25 100
101 25 100
101 25 100
101 25 100
101 25 100
101 25 100
101 25 100
101 25 100
101 25 100
101 25 100
101 25 100
101 25 100
101 25 100
101 25 100
101 25 100
101 25 100
101 25 100
101 25 100
101 25 100
101 25 100
101 25 100
101 25 100
101 25 100
101 25 100
101 25 100
101 25 100
101 25 100
101 25 100
101 25 100
100 25 100
100 25 100
100 25 100
100 25 100
100 25 100
100 25 100
100 25 100
100 25 100
100 25 100
100 25 100
100 25 100
100 25 100
100 25 100
100 25 100
100 25 100
100 25 100
100 25 100
100 25 100
100 25 100
100 25 100
100 25 100
100 25 100
100 25 100
100 25 100
100 25 100
100 25 100
100 25 100
100 25 100
100 25 100
100 25 100
100 25 100
100 25 100
100 25 100
100 25 100
100 25 100
100 25 100
100 25 100
100 25 100
100 25 100
100 25 100
100 25 100
99 25 100
99 25 100
99 25 100
99 25 100
99 25 100
99 25 100
99 25 100
99 25 100
99 25 100
99 25 100
99 25 100
99 25 100
99 25 100
99 25 100
99 25 100
99 25 100
99 25 100
99 25 100
99 25 100
99 25 100
99 25 100
99 25 100
99 25 100
99 25 100
99 25 100
99 25 100
99 25 100
99 25 100
99 25 100
99 25 100
99 25 100
99 25 100
99 25 100
99 25 100
99 25 100
99 25 100
99 25 100
99 25 100
99 25 100
99 25 100
99 25 100
98 25 100
98 25 100
98 25 100
98 25 100
98 25 100
98 25 100
98 25 100
98 25 100
98 25 100
98 25 100
98 25 100
98 25 100
98 25 100
98 25 100
98 25 100
98 25 100
98 25 100
98 25 100
98 25 100
98 25 100
98 25 100
98 25 100
98 25 100
98 25 100
98 25 100
98 25 100
98 25 100
98 25 100
98 25 100
98 25 100
98 25 100
98 25 100
98 25 100
98 25 100
98 25 100
98 25 100
98 25 100
98 25 100
98 25 100
98 25 100
98 25 100
97 25 100
97 25 100
97 25 100
97 25 100
97 25 100
97 25 100
97 25 100
97 25 100
97 25 100
97 25 100
97 25 100
97 25 100
97 25 100
97 25 100
97 25 100
97 25 100
97 25 100
97 25 100
97 25 100
97 25 100
97 25 100
97 25 100
97 25 100
97 25 100
97 25 100
97 25 100
97 25 100
97 25 100
97 25 100
97 25 100
97 25 100
97 25 100
97 25 100
97 25 100
97 25 100
97 25 100
97 25 100
97 25 100
97 25 100
97 25 100
97 25 100
97 25 100
96 25 100
96 25 100
96 25 100
96 25 100
96 25 100
96 25 100
96 25 100
96 25 100
96 25 100
96 25 100
96 25 100
96 25 100
96 25 100
96 25 100
96 25 100
96 25 100
96 25 100
96 25 100
96 25 100
96 25 100
96 25 100
96 25 100
96 25 100
96 25 100
96 25 100
96 25 100
96 25 100
96 25 100
96 25 100
96 25 100
96 25 100
96 25 100
96 25 100
96 25 100
96 25 100
96 25 100
96 25 100
96 25 100
96 25 100
96 25 100
96 25 100
96 25 100
95 25 100
95 25 100
95 25 100
95 25 100
95 25 100
95 25 100
95 25 100
95 25 100
95 25 100
95 25 100
95 25 100
95 25 100
95 25 100
95 25 100
95 25 100
95 25 100
95 25 100
95 25 100
95 25 100
95 25 100
95 25 100
95 25 100
95 25 100
95 25 100
95 25 100
95 25 100
95 25 100
95 25 100
95 25 100
95 25 100
95 25 100
95 25 100
95 25 100
95 25 100
95 25 100
95 25 100
95 25 100
95 25 100
95 25 100
95 25 100
95 25 100
95 25 100
94 25 100
94 25 100
94 25 100
94 25 100
94 25 100
94 25 100
94 25 100
94 25 100
94 25 100
94 25 100
94 25 100
94 25 100
94 25 100
94 25 100
94 25 100
94 25 100
94 25 100
94 25 100
94 25 100
94 25 100
94 25 100
94 25 100
94 25 100
94 25 100
94 25 100
94 25 100
94 25 100
94 25 100
94 25 100
94 25 100
94 25 100
94 25 100
94 25 100
94 25 100
94 25 100
94 25 100
94 25 100
94 25 100
94 25 100
94 25 100
94 25 100
94 25 100
93 25 100
93 25 100
93 25 100
93 25 100
93 25 100
93 25 100
93 25 100
93 25 100
93 25 100
93 25 100
93 25 100
93 25 100
93 25 100
93 25 100
93 25 100
93 25 100
93 25 100
93 25 100
93 25 100
93 25 100
93 25 100
93 25 100
93 25 100
93 25 100
93 25 100
93 25 100
93 25 100
93 25 100
93 25 100
93 25 100
93 25 100
93 25 100
93 25 100
93 25 100
93 25 100
93 25 100
93 25 100
93 25 100
93 25 100
93 25 100
93 25 100
92 25 100
92 25 100
92 25 100
92 25 100
92 25 100
92 25 100
92 25 100
92 25 100
92 25 100
92 25 100
92 25 100
92 25 100
92 25 100
92 25 100
92 25 100
92 25 100
92 25 100
92 25 100
92 25 100
92 25 100
92 25 100
92 25 100
92 25 100
92 25 100
92 25 100
92 25 100
92 25 100
92 25 100
92 25 100
92 25 100
92 25 100
92 25 100
92 25 100
92 25 100
92 25 100
92 25 100
92 25 100
92 25 100
92 25 100
92 25 100
92 25 100
91 25 100
91 25 100
91 25 100
91 25 100
91 25 100
91 25 100
91 25 100
91 25 100
91 25 100
91 25 100
91 25 100
91 25 100
91 25 100
91 25 100
91 25 100
91 25 100
91 25 100
91 25 100
91 25 100
91 25 100
91 25 100
91 25 100
91 25 100
91 25 100
91 25 100
91 25 100
91 25 100
91 25 100
91 25 100
91 25 100
91 25 100
91 25 100
91 25 100
91 25 100
91 25 100
91 25 100
91 25 100
91 25 100
91 25 100
91 25 100
90 25 100
90 25 100
90 25 100
90 25 100
90 25 100
90 25 100
90 25 100
90 25 100
90 25 100
90 25 100
90 25 100
90 25 100
90 25 100
90 25 100
90 25 100
90 25 100
90 25 100
90 25 100
90 25 100
90 25 100
90 25 100
90 25 100
90 25 100
90 25 100
90 25 100
90 25 100
90 25 100
90 25 100
90 25 100
90 25 100
90 25 100
90 25 100
90 25 100
90 25 100
90 25 100
90 25 100
90 25 100
90 25 100
90 25 100
89 25 100
89 25 100
89 25 100
89 25 100
89 25 100
89 25 100
89 25 100
89 25 100
89 25 100
89 25 100
89 25 100
89 25 100
89 25 100
89 25 100
89 25 100
89 25 100
89 25 100
89 25 100
89 25 100
89 25 100
89 25 100
89 25 100
89 25 100
89 25 100
89 25 100
89 25 100
89 25 100
89 25 100
89 25 100
89 25 100
89 25 100
89 25 100
89 25 100
89 25 100
89 25 100
89 25 100
89 25 100
89 25 100
89 25 100
88 25 100
88 25 100
88 25 100
88 25 100
88 25 100
88 25 100
88 25 100
88 25 100
88 25 100
88 25 100
88 25 100
88 25 100
88 25 100
88 25 100
88 25 100
88 25 100
88 25 100
88 25 100
88 25 100
88 25 100
88 25 100
88 25 100
88 25 100
88 25 100
88 25 100
88 25 100
88 25 100
88 25 100
88 25 100
88 25 100
88 25 100
88 25 100
88 25 100
88 25 100
88 25 100
88 25 100
88 25 100
88 25 100
87 25 100
87 25 100
87 25 100
87 25 100
87 25 100
87 25 100
87 25 100
87 25 100
87 25 100
87 25 100
87 25 100
87 25 100
87 25 100
87 25 100
87 25 100
87 25 100
87 25 100
87 25 100
87 25 100
87 25 100
87 25 100
87 25 100
87 25 100
87 25 100
87 25 100
87 25 100
87 25 100
87 25 100
87 25 100
87 25 100
87 25 100
87 25 100
87 25 100
87 25 100
87 25 100
87 25 100
87 25 100
87 25 100
87 25 100
86 25 100
86 25 100
86 25 100
86 25 100
86 25 100
86 25 100
86 25 100
86 25 100
86 25 100
86 25 100
86 25 100
86 25 100
86 25 100
86 25 100
86 25 100
86 25 100
86 25 100
86 25 100
86 25 100
86 25 100
86 25 100
86 25 100
86 25 100
86 25 100
86 25 100
86 25 100
86 25 100
86 25 100
86 25 100
86 25 100
86 25 100
86 25 100
86 25 100
86 25 100
86 25 100
86 25 100
86 25 100
86 25 100
86 25 100
85 25 100
85 25 100
85 25 100
85 25 100
85 25 100
85 25 100
85 25 100
85 25 100
85 25 100
85 25 100
85 25 100
85 25 100
85 25 100
85 25 100
85 25 100
85 25 100
85 25 100
85 25 100
85 25 100
85 25 100
85 25 100
85 25 100
85 25 100
85 25 100
85 25 100
85 25 100
85 25 100
85 25 100
85 25 100
85 25 100
85 25 100
85 25 100
85 25 100
85 25 100
85 25 100
85 25 100
85 25 100
85 25 100
85 25 100
84 25 100
84 25 100
84 25 100
84 25 100
84 25 100
84 25 100
84 25 100
84 25 100
84 25 100
84 25 100
84 25 100
84 25 100
84 25 100
84 25 100
84 25 100
84 25 100
84 25 100
84 25 100
84 25 100
84 25 100
84 25 100
84 25 100
84 25 100
84 25 100
84 25 100
84 25 100
84 25 100
84 25 100
84 25 100
84 25 100
84 25 100
84 25 100
84 25 100
84 25 100
84 25 100
84 25 100
84 25 100
84 25 100
84 25 100
83 25 100
83 25 100
83 25 100
83 25 100
83 25 100
83 25 100
83 25 100
83 25 100
83 25 100
83 25 100
83 25 100
83 25 100
83 25 100
83 25 100
83 25 100
83 25 100
83 25 100
83 25 100
83 25 100
83 25 100
83 25 100
83 25 100
83 25 100
83 25 100
83 25 100
83 25 100
83 25 100
83 25 100
83 25 100
83 25 100
83 25 100
83 25 100
83 25 100
83 25 100
83 25 100
83 25 100
83 25 100
83 25 100
82 25 100
82 25 100
82 25 100
82 25 100
82 25 100
82 25 100
82 25 100
82 25 100
82 25 100
82 25 100
82 25 100
82 25 100
82 25 100
82 25 100
82 25 100
82 25 100
82 25 100
82 25 100
82 25 100
82 25 100
82 25 100
82 25 100
82 25 100
82 25 100
82 25 100
82 25 100
82 25 100
82 25 100
82 25 100
82 25 100
82 25 100
82 25 100
82 25 100
82 25 100
82 25 100
82 25 100
82 25 100
81 25 100
81 25 100
81 25 100
81 25 100
81 25 100
81 25 100
81 25 100
81 25 100
81 25 100
81 25 100
81 25 100
81 25 100
81 25 100
81 25 100
81 25 100
81 25 100
81 25 100
81 25 100
81 25 100
81 25 100
81 25 100
81 25 100
81 25 100
81 25 100
81 25 100
81 25 100
81 25 100
81 25 100
81 25 100
81 25 100
81 25 100
81 25 100
81 25 100
81 25 100
80 25 100
80 25 100
80 25 100
80 25 100
80 25 100
80 25 100
80 25 100
80 25 100
80 25 100
80 25 100
80 25 100
80 25 100
80 25 100
80 25 100
80 25 100
80 25 100
80 25 100
80 25 100
80 25 100
80 25 100
80 25 100
80 25 100
80 25 100
80 25 100
80 25 100
80 25 100
80 25 100
80 25 100
80 25 100
80 25 100
79 25 100
79 25 100
79 25 100
79 25 100
79 25 100
79 25 100
79 25 100
79 25 100
79 25 100
79 25 100
79 25 100
79 25 100
79 25 100
79 25 100
79 25 100
79 25 100
79 25 100
79 25 100
79 25 100
79 25 100
79 25 100
79 25 100
79 25 100
79 25 100
79 25 100
79 25 100
78 25 100
78 25 100
78 25 100
78 25 100
78 25 100
78 25 100
78 25 100
78 25 100
78 25 100
78 25 100
78 25 100
78 25 100
78 25 100
78 25 100
78 25 100
78 25 100
78 25 100
78 25 100
78 25 100
78 25 100
78 25 100
78 25 100
77 25 100
77 25 100
77 25 100
77 25 100
77 25 100
77 25 100
77 25 100
77 25 100
77 25 100
77 25 100
77 25 100
77 25 100
77 25 100
77 25 100
77 25 100
77 25 100
77 25 100
77 25 100
76 25 100
76 25 100
76 25 100
76 25 100
76 25 100
76 25 100
76 25 100
76 25 100
76 25 100
76 25 100
76 25 100
76 25 100
76 25 100
76 25 100
76 25 100
76 25 100
75 25 100
75 25 100
75 25 100
75 25 100
75 25 100
75 25 100
75 25 100
75 25 100
75 25 100
75 25 100
75 25 100
75 25 100
75 25 100
75 25 100
74 25 100
74 25 100
74 25 100
74 25 100
74 25 100
74 25 100
74 25 100
74 25 100
74 25 100
74 25 100
74 25 100
73 25 100
73 25 100
73 25 100
73 25 100
73 25 100
73 25 100
73 25 100
73 25 100
73 25 100
73 25 100
72 25 100
72 25 100
72 25 100
72 25 100
72 25 100
72 25 100
72 25 100
72 25 100
71 25 100
71 25 100
71 25 100
71 25 100
71 25 100
71 25 100
71 25 100
71 25 100
70 25 100
70 25 100
70 25 100
70 25 100
70 25 100
70 25 100
70 25 100
69 25 100
69 25 100
69 25 100
69 25 100
69 25 100
69 25 100
68 25 100
68 25 100
68 25 100
68 25 100
68 25 100
68 25 100
67 25 100
67 25 100
67 25 100
67 25 100
67 25 100
67 25 100
67 25 100
66 25 100
66 25 100
66 25 100
66 25 100
66 25 100
66 25 100
66 25 100
65 25 100
65 25 100
65 25 100
65 25 100
65 25 100
65 25 100
65 25 100
64 25 100
64 25 100
64 25 100
64 25 100
64 25 100
64 25 100
64 25 100
63 25 100
63 25 100
63 25 100
63 25 100
63 25 100
63 25 100
63 25 100
62 25 100
62 25 100
62 25 100
62 25 100
62 25 100
62 25 100
62 25 100
61 25 100
61 25 100
61 25 100
61 25 100
61 25 100
61 25 100
61 25 100
60 25 100
60 25 100
60 25 100
60 25 100
60 25 100
60 25 100
60 25 100
59 25 100
59 25 100
59 25 100
59 25 100
59 25 100
59 25 100
59 25 100
58 25 100
58 25 100
58 25 100
58 25 100
58 25 100
58 25 100
57 25 100
57 25 100
57 25 100
57 25 100
57 25 100
57 25 100
56 25 100
56 25 100
56 25 100
56 25 100
56 25 100
55 25 100
55 25 100
55 25 100
55 25 100
54 25 100
54 25 100
54 25 100
54 25 100
53 25 100
53 25 100
53 25 100
52 25 100
52 25 100
52 25 100
51 25 100
51 25 100
51 25 100
50 25 100
50 25 100
50 25 100
49 25 100
49 25 100
49 25 100
48 25 100
48 25 100
48 25 100
47 25 100
47 25 100
47 25 100
47 26 100
47 26 100
47 26 100
47 26 100
47 27 100
47 27 100
47 27 100
47 27 100
47 28 100
47 28 100
47 28 100
47 28 100
47 28 100
47 29 100
47 29 100
47 29 100
47 29 100
47 29 100
47 29 100
47 30 100
47 30 100
47 30 100
47 30 100
47 30 100
47 30 100
47 30 100
47 31 100
47 31 100
47 31 100
47 31 100
47 31 100
47 31 100
47 31 100
47 31 100
47 32 100
47 32 100
47 32 100
47 32 100
47 32 100
47 32 100
47 32 100
47 32 100
47 33 100
47 33 100
47 33 100
47 33 100
47 33 100
47 33 100
47 33 100
47 33 100
47 33 100
47 34 100
47 34 100
47 34 100
47 34 100
47 34 100
47 34 100
47 34 100
47 34 100
47 34 100
47 34 100
47 35 100
47 35 100
47 35 100
47 35 100
47 35 100
47 35 100
47 35 100
47 35 100
47 35 100
47 35 100
47 35 100
47 36 100
47 36 100
47 36 100
47 36 100
47 36 100
47 36 100
47 36 100
47 36 100
47 36 100
47 36 100
47 36 100
47 36 100
47 37 100
47 37 100
47 37 100
47 37 100
47 37 100
47 37 100
47 37 100
47 37 100
47 37 100
47 37 100
47 37 100
47 38 100
47 38 100
47 38 100
47 38 100
47 38 100
47 38 100
47 38 100
47 38 100
47 38 100
47 38 100
47 38 100
47 39 100
47 39 100
47 39 100
47 39 100
47 39 100
47 39 100
47 39 100
47 39 100
47 39 100
47 40 100
47 40 100
47 40 100
47 40 100
47 40 100
47 40 100
47 40 100
47 40 100
47 41 100
47 41 100
47 41 100
47 41 100
47 41 100
47 41 100
47 41 100
47 42 100
47 42 100
47 42 100
47 42 100
47 42 100
47 42 100
47 43 100
47 43 100
47 43 100
47 43 100
47 43 100
47 43 100
47 44 100
47 44 100
47 44 100
47 44 100
47 44 100
47 44 100
47 45 100
47 45 100
47 45 100
47 45 100
47 45 100
47 45 100
47 46 100
47 46 100
47 46 100
47 46 100
47 46 100
47 46 100
47 47 100
47 47 100
47 47 100
47 47 100
47 47 100
47 47 100
47 47 100
47 48 100
47 48 100
47 48 100
47 48 100
47 48 100
47 48 100
47 48 100
47 48 100
47 49 100
47 49 100
47 49 100
47 49 100
47 49 100
47 49 100
47 49 100
47 49 100
47 49 100
47 50 100
47 50 100
47 50 100
47 50 100
47 50 100
47 50 100
47 50 100
47 50 100
47 50 100
47 50 100
47 50 100
47 51 100
47 51 100
47 51 100
47 51 100
47 51 100
47 51 100
47 51 100
47 51 100
47 51 100
47 51 100
47 51 100
47 51 100
47 52 100
47 52 100
47 52 100
47 52 100
47 52 100
47 52 100
47 52 100
47 52 100
47 52 100
47 52 100
47 52 100
47 52 100
47 52 100
47 53 100
47 53 100
47 53 100
47 53 100
47 53 100
47 53 100
47 53 100
47 53 100
47 53 100
47 53 100
47 53 100
47 53 100
47 53 100
47 53 100
47 54 100
47 54 100
47 54 100
47 54 100
47 54 100
47 54 100
47 54 100
47 54 100
47 54 100
47 54 100
47 54 100
47 54 100
47 54 100
47 54 100
47 55 100
47 55 100
47 55 100
47 55 100
47 55 100
47 55 100
47 55 100
47 55 100
47 55 100
47 55 100
47 55 100
47 55 100
47 55 100
47 55 100
47 56 100
47 56 100
47 56 100
47 56 100
47 56 100
47 56 100
47 56 100
47 56 100
47 56 100
47 56 100
47 56 100
47 56 100
47 56 100
47 56 100
47 57 100
47 57 100
47 57 100
47 57 100
47 57 100
47 57 100
47 57 100
47 57 100
47 57 100
47 57 100
47 57 100
47 57 100
47 57 100
47 58 100
47 58 100
47 58 100
47 58 100
47 58 100
47 58 100
47 58 100
47 58 100
47 58 100
47 58 100
47 58 100
47 58 100
47 58 100
47 59 100
47 59 100
47 59 100
47 59 100
47 59 100
47 59 100
47 59 100
47 59 100
47 59 100
47 59 100
47 59 100
47 59 100
47 60 100
47 60 100
47 60 100
47 60 100
47 60 100
47 60 100
47 60 100
47 60 100
47 60 100
47 60 100
47 60 100
47 60 100
47 61 100
47 61 100
47 61 100
47 61 100
47 61 100
47 61 100
47 61 100
47 61 100
47 61 100
47 61 100
47 61 100
47 61 100
47 61 100
47 62 100
47 62 100
47 62 100
47 62 100
47 62 100
47 62 100
47 62 100
47 62 100
47 62 100
47 62 100
47 62 100
47 62 100
47 62 100
47 62 100
47 63 100
47 63 100
47 63 100
47 63 100
47 63 100
47 63 100
47 63 100
47 63 100
47 63 100
47 63 100
47 63 100
47 63 100
47 63 100
47 63 100
47 63 100
47 64 100
47 64 100
47 64 100
47 64 100
47 64 100
47 64 100
47 64 100
47 64 100
47 64 100
47 64 100
47 64 100
47 64 100
47 64 100
47 64 100
47 64 100
47 64 100
47 64 100
47 65 100
47 65 100
47 65 100
47 65 100
47 65 100
47 65 100
47 65 100
47 65 100
47 65 100
47 65 100
47 65 100
47 65 100
47 65 100
47 65 100
47 65 100
47 65 100
47 65 100
47 65 100
47 65 100
47 66 100
47 66 100
47 66 100
47 66 100
47 66 100
47 66 100
47 66 100
47 66 100
47 66 100
47 66 100
47 66 100
47 66 100
47 66 100
47 66 100
47 66 100
47 66 100
47 66 100
47 66 100
47 66 100
47 66 100
47 66 100
47 67 100
47 67 100
47 67 100
47 67 100
47 67 100
47 67 100
47 67 100
47 67 100
47 67 100
47 67 100
47 67 100
47 67 100
47 67 100
47 67 100
47 67 100
47 67 100
47 67 100
47 67 100
47 67 100
47 67 100
47 67 100
47 67 100
47 68 100
47 68 100
47 68 100
47 68 100
47 68 100
47 68 100
47 68 100
47 68 100
47 68 100
47 68 100
47 68 100
47 68 100
47 68 100
47 68 100
47 68 100
47 68 100
47 68 100
47 68 100
47 68 100
47 68 100
47 68 100
47 68 100
47 68 100
47 69 100
47 69 100
47 69 100
47 69 100
47 69 100
47 69 100
47 69 100
47 69 100
47 69 100
47 69 100
47 69 100
47 69 100
47 69 100
47 69 100
47 69 100
47 69 100
47 69 100
47 69 100
47 69 100
47 69 100
47 69 100
47 69 100
47 70 100
47 70 100
47 70 100
47 70 100
47 70 100
47 70 100
47 70 100
47 70 100
47 70 100
47 70 100
47 70 100
47 70 100
47 70 100
47 70 100
47 70 100
47 70 100
47 70 100
47 70 100
47 70 100
47 70 100
47 70 100
47 71 100
47 71 100
47 71 100
47 71 100
47 71 100
47 71 100
47 71 100
47 71 100
47 71 100
47 71 100
47 71 100
47 71 100
47 71 100
47 71 100
47 71 100
47 71 100
47 71 100
47 71 100
47 72 100
47 72 100
47 72 100
47 72 100
47 72 100
47 72 100
47 72 100
47 72 100
47 72 100
47 72 100
47 72 100
47 72 100
47 72 100
47 72 100
47 72 100
47 72 100
47 73 100
47 73 100
47 73 100
47 73 100
47 73 100
47 73 100
47 73 100
47 73 100
47 73 100
47 73 100
47 73 100
47 73 100
47 73 100
47 73 100
47 74 100
47 74 100
47 74 100
47 74 100
47 74 100
47 74 100
47 74 100
47 74 100
47 74 100
47 74 100
47 74 100
47 74 100
47 75 100
47 75 100
47 75 100
47 75 100
47 75 100
47 75 100
47 75 100
47 75 100
47 75 100
47 75 100
47 75 100
47 75 100
47 76 100
47 76 100
47 76 100
47 76 100
47 76 100
47 76 100
47 76 100
47 76 100
47 76 100
47 76 100
47 76 100
47 76 100
47 77 100
47 77 100
47 77 100
47 77 100
47 77 100
47 77 100
47 77 100
47 77 100
47 77 100
47 77 100
47 77 100
47 77 100
47 78 100
47 78 100
47 78 100
47 78 100
47 78 100
47 78 100
47 78 100
47 78 100
47 78 100
47 78 100
47 78 100
47 78 100
47 78 100
47 79 100
47 79 100
47 79 100
47 79 100
47 79 100
47 79 100
47 79 100
47 79 100
47 79 100
47 79 100
47 79 100
47 79 100
47 79 100
47 79 100
47 80 100
47 80 100
47 80 100
47 80 100
47 80 100
47 80 100
47 80 100
47 80 100
47 80 100
47 80 100
47 80 100
47 80 100
47 80 100
47 80 100
47 80 100
47 81 100
47 81 100
47 81 100
47 81 100
47 81 100
47 81 100
47 81 100
47 81 100
47 81 100
47 81 100
47 81 100
47 81 100
47 81 100
47 81 100
47 81 100
47 81 100
47 82 100
47 82 100
47 82 100
47 82 100
47 82 100
47 82 100
47 82 100
47 82 100
47 82 100
47 82 100
47 82 100
47 82 100
47 82 100
47 82 100
47 82 100
47 82 100
47 83 100
47 83 100
47 83 100
47 83 100
47 83 100
47 83 100
47 83 100
47 83 100
47 83 100
47 83 100
47 83 100
47 83 100
47 83 100
47 83 100
47 83 100
47 83 100
47 84 100
47 84 100
47 84 100
47 84 100
47 84 100
47 84 100
47 84 100
47 84 100
47 84 100
47 84 100
47 84 100
47 84 100
47 84 100
47 84 100
47 84 100
47 85 100
47 85 100
47 85 100
47 85 100
47 85 100
47 85 100
47 85 100
47 85 100
47 85 100
47 85 100
47 85 100
47 85 100
47 85 100
47 86 100
47 86 100
47 86 100
47 86 100
47 86 100
47 86 100
47 86 100
47 86 100
47 86 100
47 86 100
47 86 100
47 86 100
47 87 100
47 87 100
47 87 100
47 87 100
47 87 100
47 87 100
47 87 100
47 87 100
47 87 100
47 87 100
47 88 100
47 88 100
47 88 100
47 88 100
47 88 100
47 88 100
47 88 100
47 88 100
47 88 100
47 89 100
47 89 100
47 89 100
47 89 100
47 89 100
47 89 100
47 89 100
47 89 100
47 90 100
47 90 100
47 90 100
47 90 100
47 90 100
47 90 100
47 90 100
47 91 100
47 91 100
47 91 100
47 91 100
47 91 100
47 91 100
47 91 100
47 92 100
47 92 100
47 92 100
47 92 100
47 92 100
47 92 100
47 92 100
47 93 100
47 93 100
47 93 100
47 93 100
47 93 100
47 93 100
47 93 100
47 93 100
47 94 100
47 94 100
47 94 100
47 94 100
47 94 100
47 94 100
47 94 100
47 94 100
47 95 100
47 95 100
47 95 100
47 95 100
47 95 100
47 95 100
47 95 100
47 95 100
47 96 100
47 96 100
47 96 100
47 96 100
47 96 100
47 96 100
47 96 100
47 96 100
47 97 100
47 97 100
47 97 100
47 97 100
47 97 100
47 97 100
47 97 100
47 98 100
47 98 100
47 98 100
47 98 100
47 98 100
47 98 100
47 99 100
47 99 100
47 99 100
47 99 100
47 100 100
47 100 100
47 100 100
47 101 100
47 101 100
47 101 100
47 102 100
47 102 100
47 103 100
47 104 100
47 105 100
47 106 100
47 107 100
47 108 100
47 109 100
47 110 100
47 111 100
47 112 100
47 113 100
47 114 100
47 115 100
47 116 100
47 117 100
47 118 100
47 119 100
47 120 100
47 121 100
47 122 100
47 123 100
47 124 100
47 125 100
47 126 100
47 127 100
47 128 100
47 129 100
47 130 100
47 131 100
47 132 100
47 133 100
47 134 100
47 135 100
47 136 100
47 137 100
47 138 100
47 139 100
47 140 100
47 141 100
47 142 100
# move from (18,119) to (47,143)
18 119 100
18 119 100
18 119 100
18 119 100
18 119 100
18 119 100
19 119 100
19 119 100
19 119 100
19 119 100
19 119 100
19 119 100
20 119 100
20 119 100
20 119 100
20 119 100
20 119 100
20 119 100
21 119 100
21 119 100
21 119 100
21 119 100
21 119 100
21 119 100
22 119 100
22 119 100
22 119 100
22 119 100
22 119 100
22 119 100
22 119 100
23 119 100
23 119 100
23 119 100
23 119 100
23 119 100
23 119 100
23 119 100
24 119 100
24 119 100
24 119 100
24 119 100
24 119 100
24 119 100
24 119 100
25 119 100
25 119 100
25 119 100
25 119 100
25 119 100
25 119 100
25 119 100
26 119 100
26 119 100
26 119 100
26 119 100
26 119 100
26 119 100
26 119 100
27 119 100
27 119 100
27 119 100
27 119 100
27 119 100
27 119 100
28 119 100
28 119 100
28 119 100
28 119 100
28 119 100
29 119 100
29 119 100
29 119 100
29 119 100
30 119 100
30 119 100
30 119 100
31 119 100
31 119 100
31 119 100
32 119 100
32 119 100
33 119 100
33 119 100
34 119 100
35 119 100
36 119 100
37 119 100
38 119 100
39 119 100
40 119 100
41 119 100
42 119 100
43 119 100
44 119 100
45 119 100
46 119 100
# move from (135,164) to (47,143)
135 164 100
135 164 100
134 164 100
134 164 100
133 164 100
133 164 100
132 164 100
132 164 100
131 164 100
131 164 100
130 164 100
129 164 100
128 164 100
127 164 100
126 164 100
125 164 100
124 164 100
123 164 100
122 164 100
122 164 100
121 164 100
121 164 100
120 164 100
120 164 100
119 164 100
119 164 100
119 164 100
118 164 100
118 164 100
118 164 100
117 164 100
117 164 100
117 164 100
116 164 100
116 164 100
116 164 100
115 164 100
115 164 100
115 164 100
114 164 100
114 164 100
114 164 100
113 164 100
113 164 100
113 164 100
112 164 100
112 164 100
112 164 100
111 164 100
111 164 100
111 164 100
110 164 100
110 164 100
110 164 100
109 164 100
109 164 100
109 164 100
109 164 100
108 164 100
108 164 100
108 164 100
108 164 100
107 164 100
107 164 100
107 164 100
107 164 100
107 164 100
106 164 100
106 164 100
106 164 100
106 164 100
106 164 100
106 164 100
105 164 100
105 164 100
105 164 100
105 164 100
105 164 100
105 164 100
105 164 100
105 164 100
104 164 100
104 164 100
104 164 100
104 164 100
104 164 100
104 164 100
104 164 100
104 164 100
104 164 100
103 164 100
103 164 100
103 164 100
103 164 100
103 164 100
103 164 100
103 164 100
103 164 100
103 164 100
102 164 100
102 164 100
102 164 100
102 164 100
102 164 100
102 164 100
102 164 100
102 164 100
102 164 100
101 164 100
101 164 100
101 164 100
101 164 100
101 164 100
101 164 100
101 164 100
101 164 100
101 164 100
100 164 100
100 164 100
100 164 100
100 164 100
100 164 100
100 164 100
100 164 100
100 164 100
99 164 100
99 164 100
99 164 100
99 164 100
99 164 100
99 164 100
99 164 100
99 164 100
98 164 100
98 164 100
98 164 100
98 164 100
98 164 100
98 164 100
98 164 100
97 164 100
97 164 100
97 164 100
97 164 100
97 164 100
97 164 100
97 164 100
96 164 100
96 164 100
96 164 100
96 164 100
96 164 100
96 164 100
95 164 100
95 164 100
95 164 100
95 164 100
95 164 100
95 164 100
95 164 100
94 164 100
94 164 100
94 164 100
94 164 100
94 164 100
94 164 100
94 164 100
93 164 100
93 164 100
93 164 100
93 164 100
93 164 100
93 164 100
93 164 100
93 164 100
92 164 100
92 164 100
92 164 100
92 164 100
92 164 100
92 164 100
92 164 100
92 164 100
92 164 100
91 164 100
91 164 100
91 164 100
91 164 100
91 164 100
91 164 100
91 164 100
91 164 100
91 164 100
91 164 100
90 164 100
90 164 100
90 164 100
90 164 100
90 164 100
90 164 100
90 164 100
90 164 100
90 164 100
90 164 100
90 164 100
89 164 100
89 164 100
89 164 100
89 164 100
89 164 100
89 164 100
89 164 100
89 164 100
89 164 100
89 164 100
89 164 100
88 164 100
88 164 100
88 164 100
88 164 100
88 164 100
88 164 100
88 164 100
88 164 100
88 164 100
88 164 100
88 164 100
87 164 100
87 164 100
87 164 100
87 164 100
87 164 100
87 164 100
87 164 100
87 164 100
87 164 100
87 164 100
87 164 100
86 164 100
86 164 100
86 164 100
86 164 100
86 164 100
86 164 100
86 164 100
86 164 100
86 164 100
86 164 100
85 164 100
85 164 100
85 164 100
85 164 100
85 164 100
85 164 100
85 164 100
85 164 100
85 164 100
85 164 100
84 164 100
84 164 100
84 164 100
84 164 100
84 164 100
84 164 100
84 164 100
84 164 100
84 164 100
84 164 100
83 164 100
83 164 100
83 164 100
83 164 100
83 164 100
83 164 100
83 164 100
83 164 100
83 164 100
83 164 100
83 164 100
82 164 100
82 164 100
82 164 100
82 164 100
82 164 100
82 164 100
82 164 100
82 164 100
82 164 100
82 164 100
82 164 100
82 164 100
81 164 100
81 164 100
81 164 100
81 164 100
81 164 100
81 164 100
81 164 100
81 164 100
81 164 100
81 164 100
81 164 100
81 164 100
81 164 100
80 164 100
80 164 100
80 164 100
80 164 100
80 164 100
80 164 100
80 164 100
80 164 100
80 164 100
80 164 100
80 164 100
80 164 100
80 164 100
80 164 100
79 164 100
79 164 100
79 164 100
79 164 100
79 164 100
79 164 100
79 164 100
79 164 100
79 164 100
79 164 100
79 164 100
79 164 100
79 164 100
79 164 100
79 164 100
78 164 100
78 164 100
78 164 100
78 164 100
78 164 100
78 164 100
78 164 100
78 164 100
78 164 100
78 164 100
78 164 100
78 164 100
78 164 100
78 164 100
78 164 100
77 164 100
77 164 100
77 164 100
77 164 100
77 164 100
77 164 100
77 164 100
77 164 100
77 164 100
77 164 100
77 164 100
77 164 100
77 164 100
77 164 100
77 164 100
76 164 100
76 164 100
76 164 100
76 164 100
76 164 100
76 164 100
76 164 100
76 164 100
76 164 100
76 164 100
76 164 100
76 164 100
76 164 100
76 164 100
76 164 100
75 164 100
75 164 100
75 164 100
75 164 100
75 164 100
75 164 100
75 164 100
75 164 100
75 164 100
75 164 100
75 164 100
75 164 100
75 164 100
75 164 100
74 164 100
74 164 100
74 164 100
74 164 100
74 164 100
74 164 100
74 164 100
74 164 100
74 164 100
74 164 100
74 164 100
74 164 100
74 164 100
73 164 100
73 164 100
73 164 100
73 164 100
73 164 100
73 164 100
73 164 100
73 164 100
73 164 100
73 164 100
73 164 100
73 164 100
73 164 100
72 164 100
72 164 100
72 164 100
72 164 100
72 164 100
72 164 100
72 164 100
72 164 100
72 164 100
72 164 100
72 164 100
72 164 100
72 164 100
71 164 100
71 164 100
71 164 100
71 164 100
71 164 100
71 164 100
71 164 100
71 164 100
71 164 100
71 164 100
71 164 100
71 164 100
71 164 100
71 164 100
70 164 100
70 164 100
70 164 100
70 164 100
70 164 100
70 164 100
70 164 100
70 164 100
70 164 100
70 164 100
70 164 100
70 164 100
70 164 100
70 164 100
70 164 100
69 164 100
69 164 100
69 164 100
69 164 100
69 164 100
69 164 100
69 164 100
69 164 100
69 164 100
69 164 100
69 164 100
69 164 100
69 164 100
69 164 100
69 164 100
69 164 100
68 164 100
68 164 100
68 164 100
68 164 100
68 164 100
68 164 100
68 164 100
68 164 100
68 164 100
68 164 100
68 164 100
68 164 100
68 164 100
68 164 100
68 164 100
68 164 100
68 164 100
67 164 100
67 164 100
67 164 100
67 164 100
67 164 100
67 164 100
67 164 100
67 164 100
67 164 100
67 164 100
67 164 100
67 164 100
67 164 100
67 164 100
67 164 100
67 164 100
67 164 100
66 164 100
66 164 100
66 164 100
66 164 100
66 164 100
66 164 100
66 164 100
66 164 100
66 164 100
66 164 100
66 164 100
66 164 100
66 164 100
66 164 100
66 164 100
66 164 100
65 164 100
65 164 100
65 164 100
65 164 100
65 164 100
65 164 100
65 164 100
65 164 100
65 164 100
65 164 100
65 164 100
65 164 100
65 164 100
65 164 100
65 164 100
64 164 100
64 164 100
64 164 100
64 164 100
64 164 100
64 164 100
64 164 100
64 164 100
64 164 100
64 164 100
64 164 100
64 164 100
64 164 100
63 164 100
63 164 100
63 164 100
63 164 100
63 164 100
63 164 100
63 164 100
63 164 100
63 164 100
63 164 100
63 164 100
62 164 100
62 164 100
62 164 100
62 164 100
62 164 100
62 164 100
62 164 100
62 164 100
62 164 100
62 164 100
61 164 100
61 164 100
61 164 100
61 164 100
61 164 100
61 164 100
61 164 100
61 164 100
60 164 100
60 164 100
60 164 100
60 164 100
60 164 100
60 164 100
60 164 100
59 164 100
59 164 100
59 164 100
59 164 100
59 164 100
59 164 100
59 164 100
58 164 100
58 164 100
58 164 100
58 164 100
58 164 100
58 164 100
58 164 100
57 164 100
57 164 100
57 164 100
57 164 100
57 164 100
57 164 100
57 164 100
56 164 100
56 164 100
56 164 100
56 164 100
56 164 100
56 164 100
56 164 100
55 164 100
55 164 100
55 164 100
55 164 100
55 164 100
55 164 100
55 164 100
54 164 100
54 164 100
54 164 100
54 164 100
54 164 100
54 164 100
54 164 100
54 164 100
53 164 100
53 164 100
53 164 100
53 164 100
53 164 100
53 164 100
53 164 100
53 164 100
52 164 100
52 164 100
52 164 100
52 164 100
52 164 100
52 164 100
52 164 100
51 164 100
51 164 100
51 164 100
51 164 100
51 164 100
51 164 100
51 164 100
50 164 100
50 164 100
50 164 100
50 164 100
50 164 100
50 164 100
49 164 100
49 164 100
49 164 100
49 164 100
49 164 100
48 164 100
48 164 100
48 164 100
48 164 100
# move from (186,161) to (47,143)
186 161 100
185 161 100
184 161 100
183 161 100
182 161 100
181 161 100
180 161 100
179 161 100
178 161 100
177 161 100
176 161 100
175 161 100
174 161 100
173 161 100
172 161 100
171 161 100
170 161 100
169 161 100
168 161 100
167 161 100
166 161 100
165 161 100
164 161 100
163 161 100
162 161 100
161 161 100
160 161 100
159 161 100
158 161 100
157 161 100
156 161 100
155 161 100
154 161 100
153 161 100
152 161 100
151 161 100
150 161 100
149 161 100
148 161 100
147 161 100
146 161 100
145 161 100
144 161 100
143 161 100
142 161 100
141 161 100
140 161 100
139 161 100
138 161 100
137 161 100
136 161 100
135 161 100
134 161 100
133 161 100
132 161 100
131 161 100
130 161 100
129 161 100
128 161 100
127 161 100
126 161 100
125 161 100
124 161 100
123 161 100
123 161 100
122 161 100
122 161 100
121 161 100
121 161 100
120 161 100
120 161 100
120 161 100
119 161 100
119 161 100
119 161 100
118 161 100
118 161 100
118 161 100
118 161 100
117 161 100
117 161 100
117 161 100
117 161 100
116 161 100
116 161 100
116 161 100
116 161 100
115 161 100
115 161 100
115 161 100
114 161 100
114 161 100
114 161 100
113 161 100
113 161 100
112 161 100
112 161 100
111 161 100
111 161 100
110 161 100
110 161 100
109 161 100
109 161 100
108 161 100
108 161 100
108 161 100
107 161 100
107 161 100
107 161 100
106 161 100
106 161 100
106 161 100
106 161 100
105 161 100
105 161 100
105 161 100
105 161 100
105 161 100
104 161 100
104 161 100
104 161 100
104 161 100
104 161 100
104 161 100
103 161 100
103 161 100
103 161 100
103 161 100
103 161 100
103 161 100
103 161 100
102 161 100
102 161 100
102 161 100
102 161 100
102 161 100
102 161 100
102 161 100
102 161 100
101 161 100
101 161 100
101 161 100
101 161 100
101 161 100
101 161 100
101 161 100
101 161 100
101 161 100
100 161 100
100 161 100
100 161 100
100 161 100
100 161 100
100 161 100
100 161 100
100 161 100
99 161 100
99 161 100
99 161 100
99 161 100
99 161 100
99 161 100
99 161 100
99 161 100
98 161 100
98 161 100
98 161 100
98 161 100
98 161 100
98 161 100
98 161 100
98 161 100
97 161 100
97 161 100
97 161 100
97 161 100
97 161 100
97 161 100
97 161 100
96 161 100
96 161 100
96 161 100
96 161 100
96 161 100
96 161 100
96 161 100
95 161 100
95 161 100
95 161 100
95 161 100
95 161 100
95 161 100
95 161 100
94 161 100
94 161 100
94 161 100
94 161 100
94 161 100
94 161 100
94 161 100
93 161 100
93 161 100
93 161 100
93 161 100
93 161 100
93 161 100
93 161 100
93 161 100
92 161 100
92 161 100
92 161 100
92 161 100
92 161 100
92 161 100
92 161 100
92 161 100
92 161 100
91 161 100
91 161 100
91 161 100
91 161 100
91 161 100
91 161 100
91 161 100
91 161 100
91 161 100
91 161 100
90 161 100
90 161 100
90 161 100
90 161 100
90 161 100
90 161 100
90 161 100
90 161 100
90 161 100
90 161 100
90 161 100
89 161 100
89 161 100
89 161 100
89 161 100
89 161 100
89 161 100
89 161 100
89 161 100
89 161 100
89 161 100
89 161 100
88 161 100
88 161 100
88 161 100
88 161 100
88 161 100
88 161 100
88 161 100
88 161 100
88 161 100
88 161 100
88 161 100
87 161 100
87 161 100
87 161 100
87 161 100
87 161 100
87 161 100
87 161 100
87 161 100
87 161 100
87 161 100
86 161 100
86 161 100
86 161 100
86 161 100
86 161 100
86 161 100
86 161 100
86 161 100
86 161 100
86 161 100
85 161 100
85 161 100
85 161 100
85 161 100
85 161 100
85 161 100
85 161 100
85 161 100
85 161 100
84 161 100
84 161 100
84 161 100
84 161 100
84 161 100
84 161 100
84 161 100
84 161 100
84 161 100
83 161 100
83 161 100
83 161 100
83 161 100
83 161 100
83 161 100
83 161 100
83 161 100
83 161 100
82 161 100
82 161 100
82 161 100
82 161 100
82 161 100
82 161 100
82 161 100
82 161 100
82 161 100
81 161 100
81 161 100
81 161 100
81 161 100
81 161 100
81 161 100
81 161 100
81 161 100
81 161 100
80 161 100
80 161 100
80 161 100
80 161 100
80 161 100
80 161 100
80 161 100
80 161 100
80 161 100
80 161 100
79 161 100
79 161 100
79 161 100
79 161 100
79 161 100
79 161 100
79 161 100
79 161 100
79 161 100
79 161 100
78 161 100
78 161 100
78 161 100
78 161 100
78 161 100
78 161 100
78 161 100
78 161 100
78 161 100
78 161 100
77 161 100
77 161 100
77 161 100
77 161 100
77 161 100
77 161 100
77 161 100
77 161 100
77 161 100
77 161 100
76 161 100
76 161 100
76 161 100
76 161 100
76 161 100
76 161 100
76 161 100
76 161 100
76 161 100
75 161 100
75 161 100
75 161 100
75 161 100
75 161 100
75 161 100
75 161 100
75 161 100
75 161 100
74 161 100
74 161 100
74 161 100
74 161 100
74 161 100
74 161 100
74 161 100
74 161 100
74 161 100
73 161 100
73 161 100
73 161 100
73 161 100
73 161 100
73 161 100
73 161 100
73 161 100
73 161 100
72 161 100
72 161 100
72 161 100
72 161 100
72 161 100
72 161 100
72 161 100
72 161 100
72 161 100
72 161 100
71 161 100
71 161 100
71 161 100
71 161 100
71 161 100
71 161 100
71 161 100
71 161 100
71 161 100
71 161 100
71 161 100
70 161 100
70 161 100
70 161 100
70 161 100
70 161 100
70 161 100
70 161 100
70 161 100
70 161 100
70 161 100
70 161 100
70 161 100
70 161 100
69 161 100
69 161 100
69 161 100
69 161 100
69 161 100
69 161 100
69 161 100
69 161 100
69 161 100
69 161 100
69 161 100
69 161 100
69 161 100
69 161 100
68 161 100
68 161 100
68 161 100
68 161 100
68 161 100
68 161 100
68 161 100
68 161 100
68 161 100
68 161 100
68 161 100
68 161 100
68 161 100
68 161 100
68 161 100
67 161 100
67 161 100
67 161 100
67 161 100
67 161 100
67 161 100
67 161 100
67 161 100
67 161 100
67 161 100
67 161 100
67 161 100
67 161 100
67 161 100
67 161 100
66 161 100
66 161 100
66 161 100
66 161 100
66 161 100
66 161 100
66 161 100
66 161 100
66 161 100
66 161 100
66 161 100
66 161 100
66 161 100
66 161 100
65 161 100
65 161 100
65 161 100
65 161 100
65 161 100
65 161 100
65 161 100
65 161 100
65 161 100
65 161 100
65 161 100
65 161 100
65 161 100
64 161 100
64 161 100
64 161 100
64 161 100
64 161 100
64 161 100
64 161 100
64 161 100
64 161 100
64 161 100
64 161 100
63 161 100
63 161 100
63 161 100
63 161 100
63 161 100
63 161 100
63 161 100
63 161 100
63 161 100
63 161 100
62 161 100
62 161 100
62 161 100
62 161 100
62 161 100
62 161 100
62 161 100
62 161 100
61 161 100
61 161 100
61 161 100
61 161 100
61 161 100
61 161 100
61 161 100
60 161 100
60 161 100
60 161 100
60 161 100
60 161 100
60 161 100
59 161 100
59 161 100
59 161 100
59 161 100
59 161 100
58 161 100
58 161 100
58 161 100
58 161 100
58 161 100
57 161 100
57 161 100
57 161 100
57 161 100
57 161 100
56 161 100
56 161 100
56 161 100
56 161 100
56 161 100
55 161 100
55 161 100
55 161 100
55 161 100
55 161 100
54 161 100
54 161 100
54 161 100
54 161 100
54 161 100
53 161 100
53 161 100
53 161 100
53 161 100
53 161 100
52 161 100
52 161 100
52 161 100
52 161 100
51 161 100
51 161 100
51 161 100
51 161 100
50 161 100
50 161 100
50 161 100
49 161 100
49 161 100
49 161 100
48 161 100
48 161 100
# move from (198,53) to (47,143)
198 53 100
197 53 100
196 53 100
195 53 100
194 53 100
193 53 100
192 53 100
191 53 100
190 53 100
189 53 100
188 53 100
187 53 100
186 53 100
185 53 100
184 53 100
183 53 100
182 53 100
181 53 100
180 53 100
179 53 100
178 53 100
177 53 100
176 53 100
175 53 100
174 53 100
173 53 100
172 53 100
171 53 100
170 53 100
169 53 100
168 53 100
167 53 100
166 53 100
165 53 100
164 53 100
164 53 100
163 53 100
163 53 100
162 53 100
162 53 100
161 53 100
161 53 100
161 53 100
160 53 100
160 53 100
160 53 100
159 53 100
159 53 100
159 53 100
159 53 100
158 53 100
158 53 100
158 53 100
158 53 100
157 53 100
157 53 100
157 53 100
157 53 100
156 53 100
156 53 100
156 53 100
156 53 100
155 53 100
155 53 100
155 53 100
155 53 100
155 53 100
154 53 100
154 53 100
154 53 100
154 53 100
154 53 100
154 53 100
153 53 100
153 53 100
153 53 100
153 53 100
153 53 100
153 53 100
153 53 100
152 53 100
152 53 100
152 53 100
152 53 100
152 53 100
152 53 100
152 53 100
152 53 100
151 53 100
151 53 100
151 53 100
151 53 100
151 53 100
151 53 100
151 53 100
151 53 100
151 53 100
151 53 100
150 53 100
150 53 100
150 53 100
150 53 100
150 53 100
150 53 100
150 53 100
150 53 100
150 53 100
150 53 100
150 53 100
150 53 100
149 53 100
149 53 100
149 53 100
149 53 100
149 53 100
149 53 100
149 53 100
149 53 100
149 53 100
149 53 100
149 53 100
149 53 100
149 53 100
149 53 100
148 53 100
148 53 100
148 53 100
148 53 100
148 53 100
148 53 100
148 53 100
148 53 100
148 53 100
148 53 100
148 53 100
148 53 100
148 53 100
148 53 100
148 53 100
147 53 100
147 53 100
147 53 100
147 53 100
147 53 100
147 53 100
147 53 100
147 53 100
147 53 100
147 53 100
147 53 100
147 53 100
147 53 100
147 53 100
147 53 100
147 53 100
146 53 100
146 53 100
146 53 100
146 53 100
146 53 100
146 53 100
146 53 100
146 53 100
146 53 100
146 53 100
146 53 100
146 53 100
146 53 100
146 53 100
146 53 100
146 53 100
145 53 100
145 53 100
145 53 100
145 53 100
145 53 100
145 53 100
145 53 100
145 53 100
145 53 100
145 53 100
145 53 100
145 53 100
145 53 100
145 53 100
145 53 100
145 53 100
144 53 100
144 53 100
144 53 100
144 53 100
144 53 100
144 53 100
144 53 100
144 53 100
144 53 100
144 53 100
144 53 100
144 53 100
144 53 100
144 53 100
144 53 100
143 53 100
143 53 100
143 53 100
143 53 100
143 53 100
143 53 100
143 53 100
143 53 100
143 53 100
143 53 100
143 53 100
143 53 100
143 53 100
143 53 100
143 53 100
142 53 100
142 53 100
142 53 100
142 53 100
142 53 100
142 53 100
142 53 100
142 53 100
142 53 100
142 53 100
142 53 100
142 53 100
142 53 100
142 53 100
142 53 100
141 53 100
141 53 100
141 53 100
141 53 100
141 53 100
141 53 100
141 53 100
141 53 100
141 53 100
141 53 100
141 53 100
141 53 100
141 53 100
141 53 100
141 53 100
140 53 100
140 53 100
140 53 100
140 53 100
140 53 100
140 53 100
140 53 100
140 53 100
140 53 100
140 53 100
140 53 100
140 53 100
140 53 100
140 53 100
140 53 100
139 53 100
139 53 100
139 53 100
139 53 100
139 53 100
139 53 100
139 53 100
139 53 100
139 53 100
139 53 100
139 53 100
139 53 100
139 53 100
139 53 100
139 53 100
138 53 100
138 53 100
138 53 100
138 53 100
138 53 100
138 53 100
138 53 100
138 53 100
138 53 100
138 53 100
138 53 100
138 53 100
138 53 100
138 53 100
138 53 100
137 53 100
137 53 100
137 53 100
137 53 100
137 53 100
137 53 100
137 53 100
137 53 100
137 53 100
137 53 100
137 53 100
137 53 100
137 53 100
137 53 100
137 53 100
137 53 100
136 53 100
136 53 100
136 53 100
136 53 100
136 53 100
136 53 100
136 53 100
136 53 100
136 53 100
136 53 100
136 53 100
136 53 100
136 53 100
136 53 100
136 53 100
136 53 100
136 53 100
136 53 100
135 53 100
135 53 100
135 53 100
135 53 100
135 53 100
135 53 100
135 53 100
135 53 100
135 53 100
135 53 100
135 53 100
135 53 100
135 53 100
135 53 100
135 53 100
135 53 100
135 53 100
135 53 100
135 53 100
135 53 100
134 53 100
134 53 100
134 53 100
134 53 100
134 53 100
134 53 100
134 53 100
134 53 100
134 53 100
134 53 100
134 53 100
134 53 100
134 53 100
134 53 100
134 53 100
134 53 100
134 53 100
134 53 100
134 53 100
134 53 100
134 53 100
134 53 100
134 53 100
133 53 100
133 53 100
133 53 100
133 53 100
133 53 100
133 53 100
133 53 100
133 53 100
133 53 100
133 53 100
133 53 100
133 53 100
133 53 100
133 53 100
133 53 100
133 53 100
133 53 100
133 53 100
133 53 100
133 53 100
133 53 100
133 53 100
133 53 100
133 53 100
133 53 100
133 53 100
133 53 100
132 53 100
132 53 100
132 53 100
132 53 100
132 53 100
132 53 100
132 53 100
132 53 100
132 53 100
132 53 100
132 53 100
132 53 100
132 53 100
132 53 100
132 53 100
132 53 100
132 53 100
132 53 100
132 53 100
132 53 100
132 53 100
132 53 100
132 53 100
132 53 100
132 53 100
132 53 100
132 53 100
132 53 100
132 53 100
132 53 100
131 53 100
131 53 100
131 53 100
131 53 100
131 53 100
131 53 100
131 53 100
131 53 100
131 53 100
131 53 100
131 53 100
131 53 100
131 53 100
131 53 100
131 53 100
131 53 100
131 53 100
131 53 100
131 53 100
131 53 100
131 53 100
131 53 100
131 53 100
131 53 100
131 53 100
131 53 100
131 53 100
131 53 100
131 53 100
131 53 100
131 53 100
131 53 100
131 53 100
130 53 100
130 53 100
130 53 100
130 53 100
130 53 100
130 53 100
130 53 100
130 53 100
130 53 100
130 53 100
130 53 100
130 53 100
130 53 100
130 53 100
130 53 100
130 53 100
130 53 100
130 53 100
130 53 100
130 53 100
130 53 100
130 53 100
130 53 100
130 53 100
130 53 100
130 53 100
130 53 100
130 53 100
130 53 100
130 53 100
130 53 100
130 53 100
130 53 100
130 53 100
130 53 100
129 53 100
129 53 100
129 53 100
129 53 100
129 53 100
129 53 100
129 53 100
129 53 100
129 53 100
129 53 100
129 53 100
129 53 100
129 53 100
129 53 100
129 53 100
129 53 100
129 53 100
129 53 100
129 53 100
129 53 100
129 53 100
129 53 100
129 53 100
129 53 100
129 53 100
129 53 100
129 53 100
129 53 100
129 53 100
129 53 100
129 53 100
129 53 100
129 53 100
129 53 100
129 53 100
129 53 100
129 53 100
128 53 100
128 53 100
128 53 100
128 53 100
128 53 100
128 53 100
128 53 100
128 53 100
128 53 100
128 53 100
128 53 100
128 53 100
128 53 100
128 53 100
128 53 100
128 53 100
128 53 100
128 53 100
128 53 100
128 53 100
128 53 100
128 53 100
128 53 100
128 53 100
128 53 100
128 53 100
128 53 100
128 53 100
128 53 100
128 53 100
128 53 100
128 53 100
128 53 100
128 53 100
128 53 100
128 53 100
128 53 100
128 53 100
128 53 100
128 53 100
127 53 100
127 53 100
127 53 100
127 53 100
127 53 100
127 53 100
127 53 100
127 53 100
127 53 100
127 53 100
127 53 100
127 53 100
127 53 100
127 53 100
127 53 100
127 53 100
127 53 100
127 53 100
127 53 100
127 53 100
127 53 100
127 53 100
127 53 100
127 53 100
127 53 100
127 53 100
127 53 100
127 53 100
127 53 100
127 53 100
127 53 100
127 53 100
127 53 100
127 53 100
127 53 100
127 53 100
127 53 100
127 53 100
127 53 100
127 53 100
127 53 100
127 53 100
126 53 100
126 53 100
126 53 100
126 53 100
126 53 100
126 53 100
126 53 100
126 53 100
126 53 100
126 53 100
126 53 100
126 53 100
126 53 100
126 53 100
126 53 100
126 53 100
126 53 100
126 53 100
126 53 100
126 53 100
126 53 100
126 53 100
126 53 100
126 53 100
126 53 100
126 53 100
126 53 100
126 53 100
126 53 100
126 53 100
126 53 100
126 53 100
126 53 100
126 53 100
126 53 100
126 53 100
126 53 100
126 53 100
126 53 100
126 53 100
126 53 100
126 53 100
126 53 100
125 53 100
125 53 100
125 53 100
125 53 100
125 53 100
125 53 100
125 53 100
125 53 100
125 53 100
125 53 100
125 53 100
125 53 100
125 53 100
125 53 100
125 53 100
125 53 100
125 53 100
125 53 100
125 53 100
125 53 100
125 53 100
125 53 100
125 53 100
125 53 100
125 53 100
125 53 100
125 53 100
125 53 100
125 53 100
125 53 100
125 53 100
125 53 100
125 53 100
125 53 100
125 53 100
125 53 100
125 53 100
125 53 100
125 53 100
125 53 100
125 53 100
125 53 100
125 53 100
125 53 100
124 53 100
124 53 100
124 53 100
124 53 100
124 53 100
124 53 100
124 53 100
124 53 100
124 53 100
124 53 100
124 53 100
124 53 100
124 53 100
124 53 100
124 53 100
124 53 100
124 53 100
124 53 100
124 53 100
124 53 100
124 53 100
124 53 100
124 53 100
124 53 100
124 53 100
124 53 100
124 53 100
124 53 100
124 53 100
124 53 100
124 53 100
124 53 100
124 53 100
124 53 100
124 53 100
124 53 100
124 53 100
124 53 100
124 53 100
124 53 100
124 53 100
124 53 100
124 53 100
124 53 100
123 53 100
123 53 100
123 53 100
123 53 100
123 53 100
123 53 100
123 53 100
123 53 100
123 53 100
123 53 100
123 53 100
123 53 100
123 53 100
123 53 100
123 53 100
123 53 100
123 53 100
123 53 100
123 53 100
123 53 100
123 53 100
123 53 100
123 53 100
123 53 100
123 53 100
123 53 100
123 53 100
123 53 100
123 53 100
123 53 100
123 53 100
123 53 100
123 53 100
123 53 100
123 53 100
123 53 100
123 53 100
123 53 100
123 53 100
123 53 100
123 53 100
123 53 100
123 53 100
122 53 100
122 53 100
122 53 100
122 53 100
122 53 100
122 53 100
122 53 100
122 53 100
122 53 100
122 53 100
122 53 100
122 53 100
122 53 100
122 53 100
122 53 100
122 53 100
122 53 100
122 53 100
122 53 100
122 53 100
122 53 100
122 53 100
122 53 100
122 53 100
122 53 100
122 53 100
122 53 100
122 53 100
122 53 100
122 53 100
122 53 100
122 53 100
122 53 100
122 53 100
122 53 100
122 53 100
122 53 100
122 53 100
122 53 100
122 53 100
122 53 100
122 53 100
121 53 100
121 53 100
121 53 100
121 53 100
121 53 100
121 53 100
121 53 100
121 53 100
121 53 100
121 53 100
121 53 100
121 53 100
121 53 100
121 53 100
121 53 100
121 53 100
121 53 100
121 53 100
121 53 100
121 53 100
121 53 100
121 53 100
121 53 100
121 53 100
121 53 100
121 53 100
121 53 100
121 53 100
121 53 100
121 53 100
121 53 100
121 53 100
121 53 100
121 53 100
121 53 100
121 53 100
121 53 100
121 53 100
121 53 100
121 53 100
121 53 100
120 53 100
120 53 100
120 53 100
120 53 100
120 53 100
120 53 100
120 53 100
120 53 100
120 53 100
120 53 100
120 53 100
120 53 100
120 53 100
120 53 100
120 53 100
120 53 100
120 53 100
120 53 100
120 53 100
120 53 100
120 53 100
120 53 100
120 53 100
120 53 100
120 53 100
120 53 100
120 53 100
120 53 100
120 53 100
120 53 100
120 53 100
120 53 100
120 53 100
120 53 100
120 53 100
120 53 100
120 53 100
120 53 100
120 53 100
119 53 100
119 53 100
119 53 100
119 53 100
119 53 100
119 53 100
119 53 100
119 53 100
119 53 100
119 53 100
119 53 100
119 53 100
119 53 100
119 53 100
119 53 100
119 53 100
119 53 100
119 53 100
119 53 100
119 53 100
119 53 100
119 53 100
119 53 100
119 53 100
119 53 100
119 53 100
119 53 100
119 53 100
119 53 100
119 53 100
119 53 100
119 53 100
119 53 100
119 53 100
119 53 100
119 53 100
119 53 100
119 53 100
118 53 100
118 53 100
118 53 100
118 53 100
118 53 100
118 53 100
118 53 100
118 53 100
118 53 100
118 53 100
118 53 100
118 53 100
118 53 100
118 53 100
118 53 100
118 53 100
118 53 100
118 53 100
118 53 100
118 53 100
118 53 100
118 53 100
118 53 100
118 53 100
118 53 100
118 53 100
118 53 100
118 53 100
118 53 100
118 53 100
118 53 100
118 53 100
118 53 100
118 53 100
118 53 100
118 53 100
117 53 100
117 53 100
117 53 100
117 53 100
117 53 100
117 53 100
117 53 100
117 53 100
117 53 100
117 53 100
117 53 100
117 53 100
117 53 100
117 53 100
117 53 100
117 53 100
117 53 100
117 53 100
117 53 100
117 53 100
117 53 100
117 53 100
117 53 100
117 53 100
117 53 100
117 53 100
117 53 100
117 53 100
117 53 100
117 53 100
117 53 100
117 53 100
117 53 100
117 53 100
116 53 100
116 53 100
116 53 100
116 53 100
116 53 100
116 53 100
116 53 100
116 53 100
116 53 100
116 53 100
116 53 100
116 53 100
116 53 100
116 53 100
116 53 100
116 53 100
116 53 100
116 53 100
116 53 100
116 53 100
116 53 100
116 53 100
116 53 100
116 53 100
116 53 100
116 53 100
116 53 100
116 53 100
116 53 100
116 53 100
116 53 100
116 53 100
115 53 100
115 53 100
115 53 100
115 53 100
115 53 100
115 53 100
115 53 100
115 53 100
115 53 100
115 53 100
115 53 100
115 53 100
115 53 100
115 53 100
115 53 100
115 53 100
115 53 100
115 53 100
115 53 100
115 53 100
115 53 100
115 53 100
115 53 100
115 53 100
115 53 100
115 53 100
115 53 100
115 53 100
115 53 100
115 53 100
114 53 100
114 53 100
114 53 100
114 53 100
114 53 100
114 53 100
114 53 100
114 53 100
114 53 100
114 53 100
114 53 100
114 53 100
114 53 100
114 53 100
114 53 100
114 53 100
114 53 100
114 53 100
114 53 100
114 53 100
114 53 100
114 53 100
114 53 100
114 53 100
114 53 100
114 53 100
114 53 100
114 53 100
113 53 100
113 53 100
113 53 100
113 53 100
113 53 100
113 53 100
113 53 100
113 53 100
113 53 100
113 53 100
113 53 100
113 53 100
113 53 100
113 53 100
113 53 100
113 53 100
113 53 100
113 53 100
113 53 100
113 53 100
113 53 100
113 53 100
113 53 100
113 53 100
113 53 100
113 53 100
113 53 100
113 53 100
112 53 100
112 53 100
112 53 100
112 53 100
112 53 100
112 53 100
112 53 100
112 53 100
112 53 100
112 53 100
112 53 100
112 53 100
112 53 100
112 53 100
112 53 100
112 53 100
112 53 100
112 53 100
112 53 100
112 53 100
112 53 100
112 53 100
112 53 100
112 53 100
112 53 100
112 53 100
112 53 100
112 53 100
111 53 100
111 53 100
111 53 100
111 53 100
111 53 100
111 53 100
111 53 100
111 53 100
111 53 100
111 53 100
111 53 100
111 53 100
111 53 100
111 53 100
111 53 100
111 53 100
111 53 100
111 53 100
111 53 100
111 53 100
111 53 100
111 53 100
111 53 100
111 53 100
111 53 100
111 53 100
111 53 100
111 53 100
111 53 100
110 53 100
110 53 100
110 53 100
110 53 100
110 53 100
110 53 100
110 53 100
110 53 100
110 53 100
110 53 100
110 53 100
110 53 100
110 53 100
110 53 100
110 53 100
110 53 100
110 53 100
110 53 100
110 53 100
110 53 100
110 53 100
110 53 100
110 53 100
110 53 100
110 53 100
110 53 100
110 53 100
110 53 100
110 53 100
109 53 100
109 53 100
109 53 100
109 53 100
109 53 100
109 53 100
109 53 100
109 53 100
109 53 100
109 53 100
109 53 100
109 53 100
109 53 100
109 53 100
109 53 100
109 53 100
109 53 100
109 53 100
109 53 100
109 53 100
109 53 100
109 53 100
109 53 100
109 53 100
109 53 100
109 53 100
109 53 100
109 53 100
109 53 100
109 53 100
108 53 100
108 53 100
108 53 100
108 53 100
108 53 100
108 53 100
108 53 100
108 53 100
108 53 100
108 53 100
108 53 100
108 53 100
108 53 100
108 53 100
108 53 100
108 53 100
108 53 100
108 53 100
108 53 100
108 53 100
108 53 100
108 53 100
108 53 100
108 53 100
108 53 100
108 53 100
108 53 100
108 53 100
108 53 100
108 53 100
107 53 100
107 53 100
107 53 100
107 53 100
107 53 100
107 53 100
107 53 100
107 53 100
107 53 100
107 53 100
107 53 100
107 53 100
107 53 100
107 53 100
107 53 100
107 53 100
107 53 100
107 53 100
107 53 100
107 53 100
107 53 100
107 53 100
107 53 100
107 53 100
107 53 100
107 53 100
107 53 100
107 53 100
107 53 100
106 53 100
106 53 100
106 53 100
106 53 100
106 53 100
106 53 100
106 53 100
106 53 100
106 53 100
106 53 100
106 53 100
106 53 100
106 53 100
106 53 100
106 53 100
106 53 100
106 53 100
106 53 100
106 53 100
106 53 100
106 53 100
106 53 100
106 53 100
106 53 100
106 53 100
106 53 100
106 53 100
106 53 100
105 53 100
105 53 100
105 53 100
105 53 100
105 53 100
105 53 100
105 53 100
105 53 100
105 53 100
105 53 100
105 53 100
105 53 100
105 53 100
105 53 100
105 53 100
105 53 100
105 53 100
105 53 100
105 53 100
105 53 100
105 53 100
105 53 100
105 53 100
105 53 100
105 53 100
105 53 100
105 53 100
104 53 100
104 53 100
104 53 100
104 53 100
104 53 100
104 53 100
104 53 100
104 53 100
104 53 100
104 53 100
104 53 100
104 53 100
104 53 100
104 53 100
104 53 100
104 53 100
104 53 100
104 53 100
104 53 100
104 53 100
104 53 100
104 53 100
104 53 100
104 53 100
103 53 100
103 53 100
103 53 100
103 53 100
103 53 100
103 53 100
103 53 100
103 53 100
103 53 100
103 53 100
103 53 100
103 53 100
103 53 100
103 53 100
103 53 100
103 53 100
103 53 100
103 53 100
103 53 100
103 53 100
103 53 100
103 53 100
102 53 100
102 53 100
102 53 100
102 53 100
102 53 100
102 53 100
102 53 100
102 53 100
102 53 100
102 53 100
102 53 100
102 53 100
102 53 100
102 53 100
102 53 100
102 53 100
102 53 100
102 53 100
102 53 100
101 53 100
101 53 100
101 53 100
101 53 100
101 53 100
101 53 100
101 53 100
101 53 100
101 53 100
101 53 100
101 53 100
101 53 100
101 53 100
101 53 100
101 53 100
101 53 100
101 53 100
100 53 100
100 53 100
100 53 100
100 53 100
100 53 100
100 53 100
100 53 100
100 53 100
100 53 100
100 53 100
100 53 100
100 53 100
100 53 100
100 53 100
100 53 100
99 53 100
99 53 100
99 53 100
99 53 100
99 53 100
99 53 100
99 53 100
99 53 100
99 53 100
99 53 100
99 53 100
99 53 100
99 53 100
99 53 100
98 53 100
98 53 100
98 53 100
98 53 100
98 53 100
98 53 100
98 53 100
98 53 100
98 53 100
98 53 100
98 53 100
98 53 100
98 53 100
98 53 100
97 53 100
97 53 100
97 53 100
97 53 100
97 53 100
97 53 100
97 53 100
97 53 100
97 53 100
97 53 100
97 53 100
97 53 100
97 53 100
97 53 100
96 53 100
96 53 100
96 53 100
96 53 100
96 53 100
96 53 100
96 53 100
96 53 100
96 53 100
96 53 100
96 53 100
96 53 100
96 53 100
96 53 100
95 53 100
95 53 100
95 53 100
95 53 100
95 53 100
95 53 100
95 53 100
95 53 100
95 53 100
95 53 100
95 53 100
95 53 100
95 53 100
95 53 100
95 53 100
94 53 100
94 53 100
94 53 100
94 53 100
94 53 100
94 53 100
94 53 100
94 53 100
94 53 100
94 53 100
94 53 100
94 53 100
94 53 100
94 53 100
94 53 100
93 53 100
93 53 100
93 53 100
93 53 100
93 53 100
93 53 100
93 53 100
93 53 100
93 53 100
93 53 100
93 53 100
93 53 100
93 53 100
93 53 100
93 53 100
92 53 100
92 53 100
92 53 100
92 53 100
92 53 100
92 53 100
92 53 100
92 53 100
92 53 100
92 53 100
92 53 100
92 53 100
92 53 100
92 53 100
91 53 100
91 53 100
91 53 100
91 53 100
91 53 100
91 53 100
91 53 100
91 53 100
91 53 100
91 53 100
91 53 100
91 53 100
91 53 100
90 53 100
90 53 100
90 53 100
90 53 100
90 53 100
90 53 100
90 53 100
90 53 100
90 53 100
90 53 100
90 53 100
89 53 100
89 53 100
89 53 100
89 53 100
89 53 100
89 53 100
89 53 100
89 53 100
89 53 100
88 53 100
88 53 100
88 53 100
88 53 100
88 53 100
88 53 100
88 53 100
88 53 100
87 53 100
87 53 100
87 53 100
87 53 100
87 53 100
87 53 100
86 53 100
86 53 100
86 53 100
86 53 100
86 53 100
85 53 100
85 53 100
85 53 100
85 53 100
84 53 100
84 53 100
84 53 100
83 53 100
83 53 100
83 53 100
82 53 100
82 53 100
81 53 100
81 53 100
80 53 100
80 53 100
79 53 100
79 53 100
78 53 100
78 53 100
78 53 100
77 53 100
77 53 100
77 53 100
76 53 100
76 53 100
76 53 100
75 53 100
75 53 100
75 53 100
74 53 100
74 53 100
74 53 100
73 53 100
73 53 100
73 53 100
73 53 100
72 53 100
72 53 100
72 53 100
71 53 100
71 53 100
71 53 100
70 53 100
70 53 100
70 53 100
69 53 100
69 53 100
69 53 100
68 53 100
68 53 100
68 53 100
67 53 100
67 53 100
67 53 100
66 53 100
66 53 100
66 53 100
65 53 100
65 53 100
65 53 100
64 53 100
64 53 100
64 53 100
64 53 100
63 53 100
63 53 100
63 53 100
63 53 100
62 53 100
62 53 100
62 53 100
62 53 100
62 53 100
61 53 100
61 53 100
61 53 100
61 53 100
61 53 100
60 53 100
60 53 100
60 53 100
60 53 100
59 53 100
59 53 100
59 53 100
59 53 100
58 53 100
58 53 100
58 53 100
58 53 100
57 53 100
57 53 100
57 53 100
57 53 100
56 53 100
56 53 100
56 53 100
56 53 100
55 53 100
55 53 100
55 53 100
55 53 100
54 53 100
54 53 100
54 53 100
54 53 100
54 53 100
53 53 100
53 53 100
53 53 100
53 53 100
53 53 100
53 53 100
52 53 100
52 53 100
52 53 100
52 53 100
52 53 100
52 53 100
52 53 100
51 53 100
51 53 100
51 53 100
51 53 100
51 53 100
51 53 100
51 53 100
51 53 100
51 53 100
50 53 100
50 53 100
50 53 100
50 53 100
50 53 100
50 53 100
50 53 100
50 53 100
50 53 100
50 53 100
50 53 100
49 53 100
49 53 100
49 53 100
49 53 100
49 53 100
49 53 100
49 53 100
49 53 100
49 53 100
49 53 100
49 53 100
49 53 100
48 53 100
48 53 100
48 53 100
48 53 100
48 53 100
48 53 100
48 53 100
48 53 100
48 53 100
48 53 100
48 53 100
48 53 100
48 53 100
48 53 100
# move from (35,13) to (47,143)
35 13 100
35 13 100
35 13 100
36 13 100
36 13 100
36 13 100
37 13 100
37 13 100
38 13 100
38 13 100
39 13 100
39 13 100
40 13 100
40 13 100
41 13 100
41 13 100
42 13 100
42 13 100
43 13 100
43 13 100
43 13 100
44 13 100
44 13 100
44 13 100
45 13 100
45 13 100
45 13 100
46 13 100
46 13 100
46 13 100
47 13 100
47 13 100
47 13 100
47 13 100
47 14 100
47 14 100
47 14 100
47 15 100
47 15 100
47 15 100
47 16 100
47 16 100
47 17 100
47 17 100
47 18 100
47 18 100
47 19 100
47 19 100
47 20 100
47 20 100
47 21 100
47 21 100
47 22 100
47 22 100
47 22 100
47 23 100
47 23 100
47 23 100
47 24 100
47 24 100
47 24 100
