# move from (122,108) to (30,196)
122 108 100
121 108 100
120 108 100
119 108 100
118 108 100
117 108 100
116 108 100
115 108 100
114 108 100
113 108 100
112 108 100
111 108 100
110 108 100
109 108 100
108 108 100
107 108 100
106 108 100
105 108 100
104 108 100
103 108 100
102 108 100
101 108 100
100 108 100
99 108 100
98 108 100
97 108 100
96 108 100
95 108 100
94 108 100
93 108 100
92 108 100
91 108 100
90 108 100
89 108 100
88 108 100
87 108 100
86 108 100
85 108 100
84 108 100
83 108 100
82 108 100
81 108 100
80 108 100
79 108 100
78 108 100
77 108 100
76 108 100
75 108 100
74 108 100
73 108 100
72 108 100
71 108 100
70 108 100
69 108 100
68 108 100
67 108 100
67 108 100
66 108 100
66 108 100
65 108 100
65 108 100
65 108 100
64 108 100
64 108 100
64 108 100
64 108 100
64 108 100
63 108 100
63 108 100
63 108 100
63 108 100
63 108 100
63 108 100
63 108 100
63 108 100
62 108 100
62 108 100
62 108 100
62 108 100
62 108 100
62 108 100
62 108 100
62 108 100
62 108 100
62 108 100
62 108 100
62 108 100
61 108 100
61 108 100
61 108 100
61 108 100
61 108 100
61 108 100
61 108 100
61 108 100
61 108 100
61 108 100
61 108 100
61 108 100
61 108 100
61 108 100
61 108 100
61 108 100
61 108 100
60 108 100
60 108 100
60 108 100
60 108 100
60 108 100
60 108 100
60 108 100
60 108 100
60 108 100
60 108 100
60 108 100
60 108 100
60 108 100
60 108 100
60 108 100
60 108 100
60 108 100
60 108 100
60 108 100
60 108 100
60 108 100
59 108 100
59 108 100
59 108 100
59 108 100
59 108 100
59 108 100
59 108 100
59 108 100
59 108 100
59 108 100
59 108 100
59 108 100
59 108 100
59 108 100
59 108 100
59 108 100
59 108 100
59 108 100
59 108 100
59 108 100
59 108 100
59 108 100
59 108 100
59 108 100
58 108 100
58 108 100
58 108 100
58 108 100
58 108 100
58 108 100
58 108 100
58 108 100
58 108 100
58 108 100
58 108 100
58 108 100
58 108 100
58 108 100
58 108 100
58 108 100
58 108 100
58 108 100
58 108 100
58 108 100
58 108 100
58 108 100
58 108 100
58 108 100
58 108 100
58 108 100
57 108 100
57 108 100
57 108 100
57 108 100
57 108 100
57 108 100
57 108 100
57 108 100
57 108 100
57 108 100
57 108 100
57 108 100
57 108 100
57 108 100
57 108 100
57 108 100
57 108 100
57 108 100
57 108 100
57 108 100
57 108 100
57 108 100
57 108 100
57 108 100
57 108 100
57 108 100
57 108 100
57 108 100
56 108 100
56 108 100
56 108 100
56 108 100
56 108 100
56 108 100
56 108 100
56 108 100
56 108 100
56 108 100
56 108 100
56 108 100
56 108 100
56 108 100
56 108 100
56 108 100
56 108 100
56 108 100
56 108 100
56 108 100
56 108 100
56 108 100
56 108 100
56 108 100
56 108 100
56 108 100
56 108 100
55 108 100
55 108 100
55 108 100
55 108 100
55 108 100
55 108 100
55 108 100
55 108 100
55 108 100
55 108 100
55 108 100
55 108 100
55 108 100
55 108 100
55 108 100
55 108 100
55 108 100
55 108 100
55 108 100
55 108 100
55 108 100
55 108 100
55 108 100
55 108 100
55 108 100
55 108 100
54 108 100
54 108 100
54 108 100
54 108 100
54 108 100
54 108 100
54 108 100
54 108 100
54 108 100
54 108 100
54 108 100
54 108 100
54 108 100
54 108 100
54 108 100
54 108 100
54 108 100
54 108 100
54 108 100
54 108 100
54 108 100
54 108 100
54 108 100
54 108 100
53 108 100
53 108 100
53 108 100
53 108 100
53 108 100
53 108 100
53 108 100
53 108 100
53 108 100
53 108 100
53 108 100
53 108 100
53 108 100
53 108 100
53 108 100
53 108 100
53 108 100
53 108 100
53 108 100
53 108 100
53 108 100
53 108 100
52 108 100
52 108 100
52 108 100
52 108 100
52 108 100
52 108 100
52 108 100
52 108 100
52 108 100
52 108 100
52 108 100
52 108 100
52 108 100
52 108 100
52 108 100
52 108 100
52 108 100
52 108 100
52 108 100
51 108 100
51 108 100
51 108 100
51 108 100
51 108 100
51 108 100
51 108 100
51 108 100
51 108 100
51 108 100
51 108 100
51 108 100
51 108 100
51 108 100
51 108 100
51 108 100
51 108 100
50 108 100
50 108 100
50 108 100
50 108 100
50 108 100
50 108 100
50 108 100
50 108 100
50 108 100
50 108 100
50 108 100
50 108 100
50 108 100
50 108 100
50 108 100
50 108 100
49 108 100
49 108 100
49 108 100
49 108 100
49 108 100
49 108 100
49 108 100
49 108 100
49 108 100
49 108 100
49 108 100
49 108 100
49 108 100
49 108 100
48 108 100
48 108 100
48 108 100
48 108 100
48 108 100
48 108 100
48 108 100
48 108 100
48 108 100
48 108 100
48 108 100
48 108 100
48 108 100
47 108 100
47 108 100
47 108 100
47 108 100
47 108 100
47 108 100
47 108 100
47 108 100
47 108 100
47 108 100
47 108 100
46 108 100
46 108 100
46 108 100
46 108 100
46 108 100
46 108 100
46 108 100
46 108 100
46 108 100
45 108 100
45 108 100
45 108 100
45 108 100
45 108 100
45 108 100
45 108 100
44 108 100
44 108 100
44 108 100
44 108 100
44 108 100
43 108 100
43 108 100
43 108 100
43 108 100
42 108 100
42 108 100
42 108 100
41 108 100
41 108 100
40 108 100
40 108 100
39 108 100
39 108 100
38 108 100
38 108 100
37 108 100
37 108 100
36 108 100
36 108 100
35 108 100
35 108 100
34 108 100
34 108 100
33 108 100
33 108 100
32 108 100
32 108 100
32 108 100
31 108 100
31 108 100
31 108 100
30 108 100
30 108 100
30 108 100
30 109 100
30 109 100
30 109 100
30 109 100
30 110 100
30 110 100
30 110 100
30 110 100
30 111 100
30 111 100
30 111 100
30 111 100
30 112 100
30 112 100
30 112 100
30 112 100
30 113 100
30 113 100
30 113 100
30 114 100
30 114 100
30 114 100
30 115 100
30 115 100
30 116 100
30 116 100
30 117 100
30 118 100
30 119 100
30 120 100
30 121 100
30 122 100
30 123 100
30 124 100
30 125 100
30 126 100
30 127 100
30 128 100
30 129 100
30 130 100
30 131 100
30 132 100
30 133 100
30 134 100
30 135 100
30 136 100
30 137 100
30 138 100
30 139 100
30 140 100
30 141 100
30 142 100
30 143 100
30 144 100
30 145 100
30 146 100
30 147 100
30 148 100
30 149 100
30 150 100
30 151 100
30 151 100
30 152 100
30 152 100
30 153 100
30 153 100
30 153 100
30 154 100
30 154 100
30 154 100
30 155 100
30 155 100
30 155 100
30 156 100
30 156 100
30 156 100
30 157 100
30 157 100
30 158 100
30 158 100
30 159 100
30 159 100
30 160 100
30 161 100
30 162 100
30 162 100
30 163 100
30 163 100
30 164 100
30 164 100
30 165 100
30 165 100
30 166 100
30 166 100
30 167 100
30 168 100
30 169 100
30 170 100
30 171 100
30 171 100
30 172 100
30 172 100
30 173 100
30 173 100
30 174 100
30 174 100
30 175 100
30 175 100
30 176 100
30 176 100
30 176 100
30 177 100
30 177 100
30 177 100
30 178 100
30 178 100
30 179 100
30 179 100
30 180 100
30 180 100
30 181 100
30 182 100
30 183 100
30 184 100
30 185 100
30 186 100
30 187 100
30 188 100
30 189 100
30 190 100
30 191 100
30 192 100
30 193 100
30 194 100
30 195 100
30 196 100
# move from (27,56) to (30,196)
27 56 100
28 56 100
29 56 100
30 56 100
30 56 100
30 57 100
30 57 100
30 58 100
30 58 100
30 59 100
30 59 100
30 60 100
30 60 100
30 61 100
30 61 100
30 62 100
30 62 100
30 63 100
30 64 100
30 65 100
30 66 100
30 67 100
30 68 100
30 69 100
30 70 100
30 71 100
30 72 100
30 73 100
30 74 100
30 75 100
30 76 100
30 77 100
30 78 100
30 79 100
30 80 100
30 81 100
30 82 100
30 83 100
30 84 100
30 85 100
30 86 100
30 87 100
30 88 100
30 89 100
30 90 100
30 91 100
30 92 100
30 93 100
30 94 100
30 95 100
30 96 100
30 97 100
30 98 100
30 99 100
30 100 100
30 101 100
30 102 100
30 103 100
30 104 100
30 105 100
30 105 100
30 106 100
30 106 100
30 107 100
30 107 100
30 107 100
# move from (194,6) to (30,196)
194 6 100
193 6 100
192 6 100
191 6 100
190 6 100
189 6 100
188 6 100
187 6 100
186 6 100
185 6 100
184 6 100
183 6 100
182 6 100
181 6 100
180 6 100
179 6 100
178 6 100
177 6 100
176 6 100
175 6 100
174 6 100
173 6 100
172 6 100
172 6 100
171 6 100
171 6 100
170 6 100
170 6 100
169 6 100
169 6 100
168 6 100
168 6 100
167 6 100
167 6 100
166 6 100
165 6 100
164 6 100
163 6 100
162 6 100
161 6 100
160 6 100
159 6 100
158 6 100
157 6 100
156 6 100
155 6 100
154 6 100
153 6 100
152 6 100
151 6 100
150 6 100
150 6 100
149 6 100
149 6 100
148 6 100
148 6 100
148 6 100
148 6 100
147 6 100
147 6 100
147 6 100
147 6 100
147 6 100
146 6 100
146 6 100
146 6 100
146 6 100
146 6 100
146 6 100
146 6 100
146 6 100
145 6 100
145 6 100
145 6 100
145 6 100
145 6 100
145 6 100
145 6 100
145 6 100
145 6 100
145 6 100
144 6 100
144 6 100
144 6 100
144 6 100
144 6 100
144 6 100
144 6 100
144 6 100
144 6 100
144 6 100
144 6 100
144 6 100
144 6 100
143 6 100
143 6 100
143 6 100
143 6 100
143 6 100
143 6 100
143 6 100
143 6 100
143 6 100
143 6 100
143 6 100
143 6 100
143 6 100
143 6 100
142 6 100
142 6 100
142 6 100
142 6 100
142 6 100
142 6 100
142 6 100
142 6 100
142 6 100
142 6 100
142 6 100
142 6 100
142 6 100
141 6 100
141 6 100
141 6 100
141 6 100
141 6 100
141 6 100
141 6 100
141 6 100
141 6 100
141 6 100
141 6 100
141 6 100
140 6 100
140 6 100
140 6 100
140 6 100
140 6 100
140 6 100
140 6 100
140 6 100
140 6 100
140 6 100
139 6 100
139 6 100
139 6 100
139 6 100
139 6 100
139 6 100
139 6 100
138 6 100
138 6 100
138 6 100
138 6 100
138 6 100
138 6 100
137 6 100
137 6 100
137 6 100
137 6 100
136 6 100
136 6 100
136 6 100
135 6 100
135 6 100
134 6 100
133 6 100
132 6 100
131 6 100
130 6 100
129 6 100
128 6 100
127 6 100
126 6 100
125 6 100
124 6 100
123 6 100
123 6 100
122 6 100
122 6 100
121 6 100
121 6 100
120 6 100
120 6 100
119 6 100
119 6 100
118 6 100
118 6 100
117 6 100
117 6 100
116 6 100
116 6 100
115 6 100
115 6 100
114 6 100
113 6 100
112 6 100
111 6 100
110 6 100
109 6 100
108 6 100
107 6 100
106 6 100
105 6 100
104 6 100
103 6 100
102 6 100
101 6 100
100 6 100
99 6 100
98 6 100
97 6 100
96 6 100
95 6 100
94 6 100
93 6 100
92 6 100
91 6 100
90 6 100
89 6 100
88 6 100
87 6 100
86 6 100
85 6 100
85 6 100
84 6 100
84 6 100
83 6 100
83 6 100
82 6 100
82 6 100
81 6 100
80 6 100
79 6 100
78 6 100
77 6 100
76 6 100
75 6 100
74 6 100
73 6 100
72 6 100
71 6 100
70 6 100
69 6 100
68 6 100
67 6 100
66 6 100
65 6 100
64 6 100
63 6 100
62 6 100
61 6 100
60 6 100
59 6 100
58 6 100
57 6 100
56 6 100
56 6 100
55 6 100
55 6 100
55 6 100
54 6 100
54 6 100
54 6 100
53 6 100
53 6 100
53 6 100
52 6 100
52 6 100
52 6 100
51 6 100
51 6 100
50 6 100
50 6 100
49 6 100
48 6 100
47 6 100
46 6 100
45 6 100
44 6 100
43 6 100
42 6 100
41 6 100
40 6 100
39 6 100
38 6 100
37 6 100
36 6 100
35 6 100
34 6 100
33 6 100
32 6 100
31 6 100
30 6 100
30 7 100
30 8 100
30 9 100
30 10 100
30 11 100
30 12 100
30 13 100
30 14 100
30 15 100
30 16 100
30 17 100
30 18 100
30 18 100
30 19 100
30 19 100
30 20 100
30 20 100
30 21 100
30 21 100
30 22 100
30 22 100
30 23 100
30 23 100
30 24 100
30 25 100
30 26 100
30 27 100
30 28 100
30 29 100
30 30 100
30 31 100
30 32 100
30 33 100
30 34 100
30 34 100
30 35 100
30 35 100
30 36 100
30 36 100
30 37 100
30 37 100
30 38 100
30 38 100
30 39 100
30 39 100
30 39 100
30 40 100
30 40 100
30 40 100
30 41 100
30 41 100
30 41 100
30 41 100
30 42 100
30 42 100
30 42 100
30 42 100
30 43 100
30 43 100
30 43 100
30 43 100
30 43 100
30 44 100
30 44 100
30 44 100
30 44 100
30 44 100
30 44 100
30 45 100
30 45 100
30 45 100
30 45 100
30 45 100
30 45 100
30 46 100
30 46 100
30 46 100
30 46 100
30 46 100
30 47 100
30 47 100
30 47 100
30 47 100
30 47 100
30 48 100
30 48 100
30 48 100
30 48 100
30 49 100
30 49 100
30 49 100
30 50 100
30 50 100
30 50 100
30 51 100
30 51 100
30 52 100
30 52 100
30 53 100
30 53 100
30 54 100
30 54 100
30 55 100
30 55 100
# move from (157,43) to (30,196)
157 43 100
156 43 100
155 43 100
154 43 100
153 43 100
152 43 100
151 43 100
150 43 100
149 43 100
149 43 100
148 43 100
148 43 100
147 43 100
147 43 100
146 43 100
146 43 100
145 43 100
145 43 100
145 43 100
144 43 100
144 43 100
144 43 100
143 43 100
143 43 100
143 43 100
142 43 100
142 43 100
142 43 100
141 43 100
141 43 100
141 43 100
140 43 100
140 43 100
140 43 100
139 43 100
139 43 100
138 43 100
137 43 100
136 43 100
135 43 100
134 43 100
133 43 100
132 43 100
131 43 100
130 43 100
129 43 100
128 43 100
127 43 100
126 43 100
125 43 100
124 43 100
123 43 100
122 43 100
121 43 100
120 43 100
119 43 100
118 43 100
117 43 100
116 43 100
115 43 100
114 43 100
113 43 100
112 43 100
111 43 100
110 43 100
109 43 100
109 43 100
108 43 100
108 43 100
107 43 100
107 43 100
107 43 100
106 43 100
106 43 100
106 43 100
105 43 100
105 43 100
105 43 100
104 43 100
104 43 100
104 43 100
104 43 100
103 43 100
103 43 100
103 43 100
103 43 100
102 43 100
102 43 100
102 43 100
102 43 100
102 43 100
101 43 100
101 43 100
101 43 100
101 43 100
101 43 100
100 43 100
100 43 100
100 43 100
100 43 100
100 43 100
100 43 100
99 43 100
99 43 100
99 43 100
99 43 100
99 43 100
99 43 100
99 43 100
99 43 100
98 43 100
98 43 100
98 43 100
98 43 100
98 43 100
98 43 100
98 43 100
98 43 100
98 43 100
98 43 100
97 43 100
97 43 100
97 43 100
97 43 100
97 43 100
97 43 100
97 43 100
97 43 100
97 43 100
97 43 100
97 43 100
97 43 100
97 43 100
96 43 100
96 43 100
96 43 100
96 43 100
96 43 100
96 43 100
96 43 100
96 43 100
96 43 100
96 43 100
96 43 100
96 43 100
96 43 100
96 43 100
96 43 100
96 43 100
96 43 100
95 43 100
95 43 100
95 43 100
95 43 100
95 43 100
95 43 100
95 43 100
95 43 100
95 43 100
95 43 100
95 43 100
95 43 100
95 43 100
95 43 100
95 43 100
95 43 100
95 43 100
95 43 100
95 43 100
95 43 100
95 43 100
95 43 100
94 43 100
94 43 100
94 43 100
94 43 100
94 43 100
94 43 100
94 43 100
94 43 100
94 43 100
94 43 100
94 43 100
94 43 100
94 43 100
94 43 100
94 43 100
94 43 100
94 43 100
94 43 100
94 43 100
94 43 100
94 43 100
94 43 100
94 43 100
94 43 100
94 43 100
94 43 100
93 43 100
93 43 100
93 43 100
93 43 100
93 43 100
93 43 100
93 43 100
93 43 100
93 43 100
93 43 100
93 43 100
93 43 100
93 43 100
93 43 100
93 43 100
93 43 100
93 43 100
93 43 100
93 43 100
93 43 100
93 43 100
93 43 100
93 43 100
93 43 100
93 43 100
93 43 100
93 43 100
93 43 100
93 43 100
92 43 100
92 43 100
92 43 100
92 43 100
92 43 100
92 43 100
92 43 100
92 43 100
92 43 100
92 43 100
92 43 100
92 43 100
92 43 100
92 43 100
92 43 100
92 43 100
92 43 100
92 43 100
92 43 100
92 43 100
92 43 100
92 43 100
92 43 100
92 43 100
92 43 100
92 43 100
92 43 100
92 43 100
92 43 100
92 43 100
92 43 100
91 43 100
91 43 100
91 43 100
91 43 100
91 43 100
91 43 100
91 43 100
91 43 100
91 43 100
91 43 100
91 43 100
91 43 100
91 43 100
91 43 100
91 43 100
91 43 100
91 43 100
91 43 100
91 43 100
91 43 100
91 43 100
91 43 100
91 43 100
91 43 100
91 43 100
91 43 100
91 43 100
91 43 100
91 43 100
91 43 100
91 43 100
91 43 100
90 43 100
90 43 100
90 43 100
90 43 100
90 43 100
90 43 100
90 43 100
90 43 100
90 43 100
90 43 100
90 43 100
90 43 100
90 43 100
90 43 100
90 43 100
90 43 100
90 43 100
90 43 100
90 43 100
90 43 100
90 43 100
90 43 100
90 43 100
90 43 100
90 43 100
90 43 100
90 43 100
90 43 100
90 43 100
90 43 100
90 43 100
90 43 100
89 43 100
89 43 100
89 43 100
89 43 100
89 43 100
89 43 100
89 43 100
89 43 100
89 43 100
89 43 100
89 43 100
89 43 100
89 43 100
89 43 100
89 43 100
89 43 100
89 43 100
89 43 100
89 43 100
89 43 100
89 43 100
89 43 100
89 43 100
89 43 100
89 43 100
89 43 100
89 43 100
89 43 100
89 43 100
89 43 100
88 43 100
88 43 100
88 43 100
88 43 100
88 43 100
88 43 100
88 43 100
88 43 100
88 43 100
88 43 100
88 43 100
88 43 100
88 43 100
88 43 100
88 43 100
88 43 100
88 43 100
88 43 100
88 43 100
88 43 100
88 43 100
88 43 100
88 43 100
88 43 100
88 43 100
88 43 100
88 43 100
88 43 100
87 43 100
87 43 100
87 43 100
87 43 100
87 43 100
87 43 100
87 43 100
87 43 100
87 43 100
87 43 100
87 43 100
87 43 100
87 43 100
87 43 100
87 43 100
87 43 100
87 43 100
87 43 100
87 43 100
87 43 100
87 43 100
87 43 100
87 43 100
87 43 100
86 43 100
86 43 100
86 43 100
86 43 100
86 43 100
86 43 100
86 43 100
86 43 100
86 43 100
86 43 100
86 43 100
86 43 100
86 43 100
86 43 100
86 43 100
86 43 100
86 43 100
86 43 100
86 43 100
86 43 100
85 43 100
85 43 100
85 43 100
85 43 100
85 43 100
85 43 100
85 43 100
85 43 100
85 43 100
85 43 100
85 43 100
85 43 100
85 43 100
85 43 100
85 43 100
85 43 100
84 43 100
84 43 100
84 43 100
84 43 100
84 43 100
84 43 100
84 43 100
84 43 100
84 43 100
84 43 100
84 43 100
84 43 100
84 43 100
83 43 100
83 43 100
83 43 100
83 43 100
83 43 100
83 43 100
83 43 100
83 43 100
83 43 100
83 43 100
82 43 100
82 43 100
82 43 100
82 43 100
82 43 100
82 43 100
82 43 100
82 43 100
81 43 100
81 43 100
81 43 100
81 43 100
81 43 100
81 43 100
80 43 100
80 43 100
80 43 100
80 43 100
80 43 100
79 43 100
79 43 100
79 43 100
78 43 100
78 43 100
77 43 100
76 43 100
75 43 100
74 43 100
73 43 100
72 43 100
71 43 100
70 43 100
69 43 100
68 43 100
67 43 100
66 43 100
65 43 100
64 43 100
63 43 100
62 43 100
61 43 100
60 43 100
59 43 100
58 43 100
57 43 100
56 43 100
55 43 100
54 43 100
53 43 100
52 43 100
51 43 100
50 43 100
49 43 100
48 43 100
48 43 100
47 43 100
47 43 100
46 43 100
46 43 100
46 43 100
45 43 100
45 43 100
45 43 100
45 43 100
44 43 100
44 43 100
44 43 100
44 43 100
44 43 100
43 43 100
43 43 100
43 43 100
43 43 100
43 43 100
42 43 100
42 43 100
42 43 100
42 43 100
42 43 100
42 43 100
41 43 100
41 43 100
41 43 100
41 43 100
41 43 100
41 43 100
41 43 100
40 43 100
40 43 100
40 43 100
40 43 100
40 43 100
40 43 100
40 43 100
40 43 100
39 43 100
39 43 100
39 43 100
39 43 100
39 43 100
39 43 100
39 43 100
39 43 100
39 43 100
38 43 100
38 43 100
38 43 100
38 43 100
38 43 100
38 43 100
38 43 100
38 43 100
38 43 100
38 43 100
38 43 100
37 43 100
37 43 100
37 43 100
37 43 100
37 43 100
37 43 100
37 43 100
37 43 100
37 43 100
37 43 100
37 43 100
37 43 100
36 43 100
36 43 100
36 43 100
36 43 100
36 43 100
36 43 100
36 43 100
36 43 100
36 43 100
36 43 100
36 43 100
36 43 100
36 43 100
35 43 100
35 43 100
35 43 100
35 43 100
35 43 100
35 43 100
35 43 100
35 43 100
35 43 100
35 43 100
35 43 100
35 43 100
35 43 100
34 43 100
34 43 100
34 43 100
34 43 100
34 43 100
34 43 100
34 43 100
34 43 100
34 43 100
34 43 100
34 43 100
34 43 100
34 43 100
33 43 100
33 43 100
33 43 100
33 43 100
33 43 100
33 43 100
33 43 100
33 43 100
33 43 100
33 43 100
33 43 100
32 43 100
32 43 100
32 43 100
32 43 100
32 43 100
32 43 100
32 43 100
32 43 100
32 43 100
31 43 100
31 43 100
31 43 100
31 43 100
31 43 100
31 43 100
31 43 100
# move from (2,22) to (30,196)
2 22 100
3 22 100
4 22 100
5 22 100
6 22 100
7 22 100
8 22 100
9 22 100
10 22 100
11 22 100
12 22 100
13 22 100
14 22 100
15 22 100
16 22 100
17 22 100
18 22 100
19 22 100
20 22 100
21 22 100
22 22 100
23 22 100
24 22 100
25 22 100
26 22 100
27 22 100
27 22 100
28 22 100
28 22 100
29 22 100
29 22 100
# move from (11,97) to (30,196)
11 97 100
12 97 100
13 97 100
14 97 100
15 97 100
16 97 100
17 97 100
17 97 100
18 97 100
18 97 100
19 97 100
19 97 100
20 97 100
20 97 100
21 97 100
21 97 100
22 97 100
22 97 100
23 97 100
24 97 100
25 97 100
26 97 100
27 97 100
28 97 100
29 97 100
