# move from (160,129) to (68,123)
160 129 100
159 129 100
158 129 100
157 129 100
156 129 100
155 129 100
154 129 100
153 129 100
152 129 100
151 129 100
150 129 100
149 129 100
148 129 100
147 129 100
146 129 100
145 129 100
144 129 100
143 129 100
142 129 100
141 129 100
140 129 100
139 129 100
138 129 100
137 129 100
136 129 100
135 129 100
134 129 100
133 129 100
132 129 100
131 129 100
130 129 100
129 129 100
128 129 100
127 129 100
126 129 100
125 129 100
124 129 100
123 129 100
122 129 100
121 129 100
120 129 100
119 129 100
118 129 100
117 129 100
116 129 100
115 129 100
114 129 100
113 129 100
112 129 100
111 129 100
111 129 100
110 129 100
110 129 100
109 129 100
109 129 100
109 129 100
108 129 100
108 129 100
108 129 100
108 129 100
107 129 100
107 129 100
107 129 100
107 129 100
106 129 100
106 129 100
106 129 100
106 129 100
106 129 100
105 129 100
105 129 100
105 129 100
105 129 100
105 129 100
104 129 100
104 129 100
104 129 100
104 129 100
104 129 100
103 129 100
103 129 100
103 129 100
103 129 100
103 129 100
102 129 100
102 129 100
102 129 100
102 129 100
102 129 100
101 129 100
101 129 100
101 129 100
101 129 100
100 129 100
100 129 100
100 129 100
100 129 100
99 129 100
99 129 100
99 129 100
99 129 100
98 129 100
98 129 100
98 129 100
98 129 100
97 129 100
97 129 100
97 129 100
97 129 100
96 129 100
96 129 100
96 129 100
96 129 100
95 129 100
95 129 100
95 129 100
95 129 100
94 129 100
94 129 100
94 129 100
94 129 100
93 129 100
93 129 100
93 129 100
93 129 100
92 129 100
92 129 100
92 129 100
92 129 100
91 129 100
91 129 100
91 129 100
91 129 100
90 129 100
90 129 100
90 129 100
90 129 100
89 129 100
89 129 100
89 129 100
88 129 100
88 129 100
88 129 100
87 129 100
87 129 100
87 129 100
86 129 100
86 129 100
85 129 100
85 129 100
84 129 100
84 129 100
83 129 100
83 129 100
82 129 100
82 129 100
81 129 100
81 129 100
80 129 100
80 129 100
79 129 100
79 129 100
78 129 100
78 129 100
77 129 100
76 129 100
75 129 100
74 129 100
73 129 100
72 129 100
71 129 100
70 129 100
69 129 100
68 129 100
68 128 100
68 127 100
68 126 100
68 125 100
68 124 100
68 123 100
# move from (126,59) to (68,123)
126 59 100
125 59 100
124 59 100
123 59 100
122 59 100
121 59 100
120 59 100
119 59 100
118 59 100
117 59 100
116 59 100
115 59 100
114 59 100
113 59 100
112 59 100
111 59 100
110 59 100
109 59 100
108 59 100
107 59 100
106 59 100
106 59 100
105 59 100
105 59 100
104 59 100
104 59 100
104 59 100
103 59 100
103 59 100
103 59 100
102 59 100
102 59 100
102 59 100
101 59 100
101 59 100
101 59 100
100 59 100
100 59 100
100 59 100
99 59 100
99 59 100
99 59 100
98 59 100
98 59 100
98 59 100
97 59 100
97 59 100
97 59 100
97 59 100
96 59 100
96 59 100
96 59 100
96 59 100
96 59 100
95 59 100
95 59 100
95 59 100
95 59 100
95 59 100
95 59 100
94 59 100
94 59 100
94 59 100
94 59 100
94 59 100
94 59 100
94 59 100
93 59 100
93 59 100
93 59 100
93 59 100
93 59 100
93 59 100
93 59 100
93 59 100
93 59 100
92 59 100
92 59 100
92 59 100
92 59 100
92 59 100
92 59 100
92 59 100
92 59 100
92 59 100
92 59 100
91 59 100
91 59 100
91 59 100
91 59 100
91 59 100
91 59 100
91 59 100
91 59 100
91 59 100
91 59 100
91 59 100
90 59 100
90 59 100
90 59 100
90 59 100
90 59 100
90 59 100
90 59 100
90 59 100
90 59 100
90 59 100
90 59 100
90 59 100
89 59 100
89 59 100
89 59 100
89 59 100
89 59 100
89 59 100
89 59 100
89 59 100
89 59 100
89 59 100
89 59 100
89 59 100
88 59 100
88 59 100
88 59 100
88 59 100
88 59 100
88 59 100
88 59 100
88 59 100
88 59 100
88 59 100
88 59 100
88 59 100
87 59 100
87 59 100
87 59 100
87 59 100
87 59 100
87 59 100
87 59 100
87 59 100
87 59 100
87 59 100
87 59 100
87 59 100
86 59 100
86 59 100
86 59 100
86 59 100
86 59 100
86 59 100
86 59 100
86 59 100
86 59 100
86 59 100
86 59 100
86 59 100
85 59 100
85 59 100
85 59 100
85 59 100
85 59 100
85 59 100
85 59 100
85 59 100
85 59 100
85 59 100
85 59 100
85 59 100
84 59 100
84 59 100
84 59 100
84 59 100
84 59 100
84 59 100
84 59 100
84 59 100
84 59 100
84 59 100
84 59 100
84 59 100
83 59 100
83 59 100
83 59 100
83 59 100
83 59 100
83 59 100
83 59 100
83 59 100
83 59 100
83 59 100
83 59 100
83 59 100
83 59 100
82 59 100
82 59 100
82 59 100
82 59 100
82 59 100
82 59 100
82 59 100
82 59 100
82 59 100
82 59 100
82 59 100
82 59 100
82 59 100
82 59 100
81 59 100
81 59 100
81 59 100
81 59 100
81 59 100
81 59 100
81 59 100
81 59 100
81 59 100
81 59 100
81 59 100
81 59 100
81 59 100
81 59 100
81 59 100
81 59 100
81 59 100
80 59 100
80 59 100
80 59 100
80 59 100
80 59 100
80 59 100
80 59 100
80 59 100
80 59 100
80 59 100
80 59 100
80 59 100
80 59 100
80 59 100
80 59 100
80 59 100
80 59 100
80 59 100
80 59 100
80 59 100
79 59 100
79 59 100
79 59 100
79 59 100
79 59 100
79 59 100
79 59 100
79 59 100
79 59 100
79 59 100
79 59 100
79 59 100
79 59 100
79 59 100
79 59 100
79 59 100
79 59 100
79 59 100
79 59 100
79 59 100
79 59 100
79 59 100
79 59 100
78 59 100
78 59 100
78 59 100
78 59 100
78 59 100
78 59 100
78 59 100
78 59 100
78 59 100
78 59 100
78 59 100
78 59 100
78 59 100
78 59 100
78 59 100
78 59 100
78 59 100
78 59 100
78 59 100
78 59 100
78 59 100
78 59 100
78 59 100
78 59 100
78 59 100
78 59 100
77 59 100
77 59 100
77 59 100
77 59 100
77 59 100
77 59 100
77 59 100
77 59 100
77 59 100
77 59 100
77 59 100
77 59 100
77 59 100
77 59 100
77 59 100
77 59 100
77 59 100
77 59 100
77 59 100
77 59 100
77 59 100
77 59 100
77 59 100
77 59 100
77 59 100
77 59 100
77 59 100
77 59 100
77 59 100
76 59 100
76 59 100
76 59 100
76 59 100
76 59 100
76 59 100
76 59 100
76 59 100
76 59 100
76 59 100
76 59 100
76 59 100
76 59 100
76 59 100
76 59 100
76 59 100
76 59 100
76 59 100
76 59 100
76 59 100
76 59 100
76 59 100
76 59 100
76 59 100
76 59 100
76 59 100
76 59 100
76 59 100
76 59 100
76 59 100
76 59 100
76 59 100
75 59 100
75 59 100
75 59 100
75 59 100
75 59 100
75 59 100
75 59 100
75 59 100
75 59 100
75 59 100
75 59 100
75 59 100
75 59 100
75 59 100
75 59 100
75 59 100
75 59 100
75 59 100
75 59 100
75 59 100
75 59 100
75 59 100
75 59 100
75 59 100
75 59 100
75 59 100
75 59 100
75 59 100
75 59 100
75 59 100
75 59 100
75 59 100
75 59 100
75 59 100
75 59 100
74 59 100
74 59 100
74 59 100
74 59 100
74 59 100
74 59 100
74 59 100
74 59 100
74 59 100
74 59 100
74 59 100
74 59 100
74 59 100
74 59 100
74 59 100
74 59 100
74 59 100
74 59 100
74 59 100
74 59 100
74 59 100
74 59 100
74 59 100
74 59 100
74 59 100
74 59 100
74 59 100
74 59 100
74 59 100
74 59 100
74 59 100
74 59 100
74 59 100
74 59 100
74 59 100
74 59 100
74 59 100
74 59 100
73 59 100
73 59 100
73 59 100
73 59 100
73 59 100
73 59 100
73 59 100
73 59 100
73 59 100
73 59 100
73 59 100
73 59 100
73 59 100
73 59 100
73 59 100
73 59 100
73 59 100
73 59 100
73 59 100
73 59 100
73 59 100
73 59 100
73 59 100
73 59 100
73 59 100
73 59 100
73 59 100
73 59 100
73 59 100
73 59 100
73 59 100
73 59 100
73 59 100
73 59 100
73 59 100
73 59 100
73 59 100
73 59 100
73 59 100
73 59 100
72 59 100
72 59 100
72 59 100
72 59 100
72 59 100
72 59 100
72 59 100
72 59 100
72 59 100
72 59 100
72 59 100
72 59 100
72 59 100
72 59 100
72 59 100
72 59 100
72 59 100
72 59 100
72 59 100
72 59 100
72 59 100
72 59 100
72 59 100
72 59 100
72 59 100
72 59 100
72 59 100
72 59 100
72 59 100
72 59 100
72 59 100
72 59 100
72 59 100
72 59 100
72 59 100
72 59 100
72 59 100
72 59 100
72 59 100
72 59 100
72 59 100
71 59 100
71 59 100
71 59 100
71 59 100
71 59 100
71 59 100
71 59 100
71 59 100
71 59 100
71 59 100
71 59 100
71 59 100
71 59 100
71 59 100
71 59 100
71 59 100
71 59 100
71 59 100
71 59 100
71 59 100
71 59 100
71 59 100
71 59 100
71 59 100
71 59 100
71 59 100
71 59 100
71 59 100
71 59 100
71 59 100
71 59 100
71 59 100
71 59 100
71 59 100
71 59 100
71 59 100
71 59 100
71 59 100
71 59 100
71 59 100
71 59 100
71 59 100
70 59 100
70 59 100
70 59 100
70 59 100
70 59 100
70 59 100
70 59 100
70 59 100
70 59 100
70 59 100
70 59 100
70 59 100
70 59 100
70 59 100
70 59 100
70 59 100
70 59 100
70 59 100
70 59 100
70 59 100
70 59 100
70 59 100
70 59 100
70 59 100
70 59 100
70 59 100
70 59 100
70 59 100
70 59 100
70 59 100
70 59 100
70 59 100
70 59 100
70 59 100
70 59 100
70 59 100
70 59 100
70 59 100
70 59 100
70 59 100
70 59 100
69 59 100
69 59 100
69 59 100
69 59 100
69 59 100
69 59 100
69 59 100
69 59 100
69 59 100
69 59 100
69 59 100
69 59 100
69 59 100
69 59 100
69 59 100
69 59 100
69 59 100
69 59 100
69 59 100
69 59 100
69 59 100
69 59 100
69 59 100
69 59 100
69 59 100
69 59 100
69 59 100
69 59 100
69 59 100
69 59 100
69 59 100
69 59 100
69 59 100
69 59 100
69 59 100
69 59 100
69 59 100
69 59 100
69 59 100
69 59 100
68 59 100
68 59 100
68 59 100
68 59 100
68 59 100
68 59 100
68 59 100
68 59 100
68 59 100
68 59 100
68 59 100
68 59 100
68 59 100
68 59 100
68 59 100
68 59 100
68 59 100
68 59 100
68 59 100
68 59 100
68 59 100
68 59 100
68 59 100
68 59 100
68 59 100
68 59 100
68 59 100
68 59 100
68 59 100
68 59 100
68 59 100
68 59 100
68 59 100
68 59 100
68 59 100
68 59 100
68 59 100
68 59 100
68 59 100
68 60 100
68 60 100
68 60 100
68 60 100
68 60 100
68 60 100
68 60 100
68 60 100
68 60 100
68 60 100
68 60 100
68 60 100
68 60 100
68 60 100
68 60 100
68 60 100
68 60 100
68 60 100
68 60 100
68 60 100
68 60 100
68 60 100
68 60 100
68 60 100
68 60 100
68 60 100
68 60 100
68 60 100
68 60 100
68 60 100
68 60 100
68 60 100
68 60 100
68 60 100
68 60 100
68 60 100
68 61 100
68 61 100
68 61 100
68 61 100
68 61 100
68 61 100
68 61 100
68 61 100
68 61 100
68 61 100
68 61 100
68 61 100
68 61 100
68 61 100
68 61 100
68 61 100
68 61 100
68 61 100
68 61 100
68 61 100
68 61 100
68 61 100
68 61 100
68 61 100
68 61 100
68 61 100
68 61 100
68 61 100
68 61 100
68 61 100
68 61 100
68 61 100
68 61 100
68 62 100
68 62 100
68 62 100
68 62 100
68 62 100
68 62 100
68 62 100
68 62 100
68 62 100
68 62 100
68 62 100
68 62 100
68 62 100
68 62 100
68 62 100
68 62 100
68 62 100
68 62 100
68 62 100
68 62 100
68 62 100
68 62 100
68 62 100
68 62 100
68 62 100
68 62 100
68 62 100
68 62 100
68 62 100
68 62 100
68 63 100
68 63 100
68 63 100
68 63 100
68 63 100
68 63 100
68 63 100
68 63 100
68 63 100
68 63 100
68 63 100
68 63 100
68 63 100
68 63 100
68 63 100
68 63 100
68 63 100
68 63 100
68 63 100
68 63 100
68 63 100
68 63 100
68 63 100
68 63 100
68 63 100
68 63 100
68 63 100
68 63 100
68 63 100
68 64 100
68 64 100
68 64 100
68 64 100
68 64 100
68 64 100
68 64 100
68 64 100
68 64 100
68 64 100
68 64 100
68 64 100
68 64 100
68 64 100
68 64 100
68 64 100
68 64 100
68 64 100
68 64 100
68 64 100
68 64 100
68 64 100
68 64 100
68 64 100
68 64 100
68 64 100
68 64 100
68 64 100
68 65 100
68 65 100
68 65 100
68 65 100
68 65 100
68 65 100
68 65 100
68 65 100
68 65 100
68 65 100
68 65 100
68 65 100
68 65 100
68 65 100
68 65 100
68 65 100
68 65 100
68 65 100
68 65 100
68 65 100
68 65 100
68 65 100
68 65 100
68 65 100
68 65 100
68 65 100
68 65 100
68 65 100
68 66 100
68 66 100
68 66 100
68 66 100
68 66 100
68 66 100
68 66 100
68 66 100
68 66 100
68 66 100
68 66 100
68 66 100
68 66 100
68 66 100
68 66 100
68 66 100
68 66 100
68 66 100
68 66 100
68 66 100
68 66 100
68 66 100
68 66 100
68 66 100
68 66 100
68 66 100
68 66 100
68 66 100
68 66 100
68 67 100
68 67 100
68 67 100
68 67 100
68 67 100
68 67 100
68 67 100
68 67 100
68 67 100
68 67 100
68 67 100
68 67 100
68 67 100
68 67 100
68 67 100
68 67 100
68 67 100
68 67 100
68 67 100
68 67 100
68 67 100
68 67 100
68 67 100
68 67 100
68 67 100
68 67 100
68 67 100
68 67 100
68 67 100
68 68 100
68 68 100
68 68 100
68 68 100
68 68 100
68 68 100
68 68 100
68 68 100
68 68 100
68 68 100
68 68 100
68 68 100
68 68 100
68 68 100
68 68 100
68 68 100
68 68 100
68 68 100
68 68 100
68 68 100
68 68 100
68 68 100
68 68 100
68 68 100
68 68 100
68 68 100
68 68 100
68 68 100
68 68 100
68 68 100
68 69 100
68 69 100
68 69 100
68 69 100
68 69 100
68 69 100
68 69 100
68 69 100
68 69 100
68 69 100
68 69 100
68 69 100
68 69 100
68 69 100
68 69 100
68 69 100
68 69 100
68 69 100
68 69 100
68 69 100
68 69 100
68 69 100
68 69 100
68 69 100
68 69 100
68 69 100
68 69 100
68 69 100
68 69 100
68 69 100
68 70 100
68 70 100
68 70 100
68 70 100
68 70 100
68 70 100
68 70 100
68 70 100
68 70 100
68 70 100
68 70 100
68 70 100
68 70 100
68 70 100
68 70 100
68 70 100
68 70 100
68 70 100
68 70 100
68 70 100
68 70 100
68 70 100
68 70 100
68 70 100
68 70 100
68 70 100
68 70 100
68 70 100
68 70 100
68 70 100
68 70 100
68 71 100
68 71 100
68 71 100
68 71 100
68 71 100
68 71 100
68 71 100
68 71 100
68 71 100
68 71 100
68 71 100
68 71 100
68 71 100
68 71 100
68 71 100
68 71 100
68 71 100
68 71 100
68 71 100
68 71 100
68 71 100
68 71 100
68 71 100
68 71 100
68 71 100
68 71 100
68 71 100
68 71 100
68 71 100
68 71 100
68 71 100
68 71 100
68 72 100
68 72 100
68 72 100
68 72 100
68 72 100
68 72 100
68 72 100
68 72 100
68 72 100
68 72 100
68 72 100
68 72 100
68 72 100
68 72 100
68 72 100
68 72 100
68 72 100
68 72 100
68 72 100
68 72 100
68 72 100
68 72 100
68 72 100
68 72 100
68 72 100
68 72 100
68 72 100
68 72 100
68 72 100
68 72 100
68 72 100
68 72 100
68 72 100
68 73 100
68 73 100
68 73 100
68 73 100
68 73 100
68 73 100
68 73 100
68 73 100
68 73 100
68 73 100
68 73 100
68 73 100
68 73 100
68 73 100
68 73 100
68 73 100
68 73 100
68 73 100
68 73 100
68 73 100
68 73 100
68 73 100
68 73 100
68 73 100
68 73 100
68 73 100
68 73 100
68 73 100
68 73 100
68 73 100
68 73 100
68 73 100
68 73 100
68 74 100
68 74 100
68 74 100
68 74 100
68 74 100
68 74 100
68 74 100
68 74 100
68 74 100
68 74 100
68 74 100
68 74 100
68 74 100
68 74 100
68 74 100
68 74 100
68 74 100
68 74 100
68 74 100
68 74 100
68 74 100
68 74 100
68 74 100
68 74 100
68 74 100
68 74 100
68 74 100
68 74 100
68 74 100
68 74 100
68 74 100
68 74 100
68 74 100
68 75 100
68 75 100
68 75 100
68 75 100
68 75 100
68 75 100
68 75 100
68 75 100
68 75 100
68 75 100
68 75 100
68 75 100
68 75 100
68 75 100
68 75 100
68 75 100
68 75 100
68 75 100
68 75 100
68 75 100
68 75 100
68 75 100
68 75 100
68 75 100
68 75 100
68 75 100
68 75 100
68 75 100
68 75 100
68 75 100
68 75 100
68 75 100
68 76 100
68 76 100
68 76 100
68 76 100
68 76 100
68 76 100
68 76 100
68 76 100
68 76 100
68 76 100
68 76 100
68 76 100
68 76 100
68 76 100
68 76 100
68 76 100
68 76 100
68 76 100
68 76 100
68 76 100
68 76 100
68 76 100
68 76 100
68 76 100
68 76 100
68 76 100
68 76 100
68 76 100
68 76 100
68 77 100
68 77 100
68 77 100
68 77 100
68 77 100
68 77 100
68 77 100
68 77 100
68 77 100
68 77 100
68 77 100
68 77 100
68 77 100
68 77 100
68 77 100
68 77 100
68 77 100
68 77 100
68 77 100
68 77 100
68 77 100
68 77 100
68 77 100
68 77 100
68 77 100
68 77 100
68 78 100
68 78 100
68 78 100
68 78 100
68 78 100
68 78 100
68 78 100
68 78 100
68 78 100
68 78 100
68 78 100
68 78 100
68 78 100
68 78 100
68 78 100
68 78 100
68 78 100
68 78 100
68 78 100
68 78 100
68 78 100
68 78 100
68 78 100
68 79 100
68 79 100
68 79 100
68 79 100
68 79 100
68 79 100
68 79 100
68 79 100
68 79 100
68 79 100
68 79 100
68 79 100
68 79 100
68 79 100
68 79 100
68 79 100
68 79 100
68 79 100
68 79 100
68 79 100
68 80 100
68 80 100
68 80 100
68 80 100
68 80 100
68 80 100
68 80 100
68 80 100
68 80 100
68 80 100
68 80 100
68 80 100
68 80 100
68 80 100
68 80 100
68 80 100
68 80 100
68 81 100
68 81 100
68 81 100
68 81 100
68 81 100
68 81 100
68 81 100
68 81 100
68 81 100
68 81 100
68 81 100
68 81 100
68 81 100
68 81 100
68 82 100
68 82 100
68 82 100
68 82 100
68 82 100
68 82 100
68 82 100
68 82 100
68 82 100
68 82 100
68 82 100
68 83 100
68 83 100
68 83 100
68 83 100
68 83 100
68 83 100
68 83 100
68 83 100
68 84 100
68 84 100
68 84 100
68 84 100
68 84 100
68 84 100
68 85 100
68 85 100
68 85 100
68 85 100
68 85 100
68 86 100
68 86 100
68 86 100
68 86 100
68 87 100
68 87 100
68 87 100
68 88 100
68 88 100
68 88 100
68 89 100
68 89 100
68 89 100
68 90 100
68 90 100
68 90 100
68 91 100
68 91 100
68 91 100
68 92 100
68 92 100
68 92 100
68 93 100
68 93 100
68 93 100
68 94 100
68 94 100
68 94 100
68 95 100
68 95 100
68 95 100
68 95 100
68 96 100
68 96 100
68 96 100
68 96 100
68 97 100
68 97 100
68 97 100
68 97 100
68 98 100
68 98 100
68 98 100
68 98 100
68 99 100
68 99 100
68 99 100
68 100 100
68 100 100
68 100 100
68 101 100
68 101 100
68 102 100
68 102 100
68 103 100
68 103 100
68 104 100
68 105 100
68 106 100
68 107 100
68 108 100
68 109 100
68 110 100
68 111 100
68 112 100
68 113 100
68 114 100
68 115 100
68 116 100
68 117 100
68 118 100
68 119 100
68 120 100
68 121 100
68 122 100
# move from (7,198) to (68,123)
7 198 100
8 198 100
9 198 100
10 198 100
11 198 100
12 198 100
13 198 100
14 198 100
15 198 100
16 198 100
17 198 100
18 198 100
19 198 100
20 198 100
21 198 100
22 198 100
23 198 100
24 198 100
25 198 100
26 198 100
27 198 100
28 198 100
29 198 100
30 198 100
31 198 100
32 198 100
33 198 100
34 198 100
35 198 100
36 198 100
37 198 100
38 198 100
39 198 100
40 198 100
41 198 100
42 198 100
43 198 100
44 198 100
45 198 100
46 198 100
47 198 100
48 198 100
49 198 100
50 198 100
51 198 100
52 198 100
53 198 100
54 198 100
55 198 100
56 198 100
57 198 100
58 198 100
59 198 100
60 198 100
61 198 100
62 198 100
63 198 100
64 198 100
65 198 100
66 198 100
67 198 100
68 198 100
68 197 100
68 196 100
68 195 100
68 194 100
68 193 100
68 192 100
68 191 100
68 190 100
68 189 100
68 188 100
68 187 100
68 186 100
68 185 100
68 184 100
68 183 100
68 182 100
68 181 100
68 180 100
68 179 100
68 178 100
68 178 100
68 177 100
68 177 100
68 176 100
68 176 100
68 175 100
68 175 100
68 174 100
68 174 100
68 173 100
68 173 100
68 172 100
68 172 100
68 171 100
68 171 100
68 170 100
68 170 100
68 169 100
68 168 100
68 167 100
68 166 100
68 165 100
68 164 100
68 164 100
68 163 100
68 163 100
68 162 100
68 162 100
68 161 100
68 161 100
68 161 100
68 160 100
68 160 100
68 160 100
68 159 100
68 159 100
68 159 100
68 159 100
68 158 100
68 158 100
68 158 100
68 158 100
68 158 100
68 157 100
68 157 100
68 157 100
68 157 100
68 157 100
68 157 100
68 156 100
68 156 100
68 156 100
68 156 100
68 156 100
68 156 100
68 156 100
68 155 100
68 155 100
68 155 100
68 155 100
68 155 100
68 155 100
68 155 100
68 154 100
68 154 100
68 154 100
68 154 100
68 154 100
68 154 100
68 154 100
68 153 100
68 153 100
68 153 100
68 153 100
68 153 100
68 153 100
68 152 100
68 152 100
68 152 100
68 152 100
68 152 100
68 151 100
68 151 100
68 151 100
68 151 100
68 151 100
68 150 100
68 150 100
68 150 100
68 150 100
68 149 100
68 149 100
68 149 100
68 148 100
68 148 100
68 148 100
68 147 100
68 147 100
68 147 100
68 146 100
68 146 100
68 146 100
68 145 100
68 145 100
68 145 100
68 144 100
68 144 100
68 144 100
68 143 100
68 143 100
68 143 100
68 142 100
68 142 100
68 142 100
68 142 100
68 141 100
68 141 100
68 141 100
68 141 100
68 140 100
68 140 100
68 140 100
68 140 100
68 139 100
68 139 100
68 139 100
68 138 100
68 138 100
68 138 100
68 137 100
68 137 100
68 136 100
68 136 100
68 135 100
68 135 100
68 134 100
68 133 100
68 132 100
68 131 100
68 130 100
# move from (139,185) to (68,123)
139 185 100
139 185 100
138 185 100
138 185 100
137 185 100
136 185 100
135 185 100
134 185 100
133 185 100
132 185 100
131 185 100
130 185 100
129 185 100
128 185 100
127 185 100
126 185 100
125 185 100
124 185 100
123 185 100
122 185 100
121 185 100
120 185 100
119 185 100
118 185 100
117 185 100
116 185 100
115 185 100
114 185 100
113 185 100
112 185 100
111 185 100
110 185 100
109 185 100
108 185 100
107 185 100
106 185 100
105 185 100
104 185 100
104 185 100
103 185 100
103 185 100
102 185 100
102 185 100
101 185 100
101 185 100
100 185 100
100 185 100
99 185 100
98 185 100
97 185 100
96 185 100
95 185 100
94 185 100
93 185 100
92 185 100
91 185 100
91 185 100
90 185 100
90 185 100
89 185 100
89 185 100
88 185 100
88 185 100
87 185 100
87 185 100
86 185 100
86 185 100
85 185 100
85 185 100
84 185 100
84 185 100
83 185 100
82 185 100
81 185 100
80 185 100
79 185 100
78 185 100
77 185 100
76 185 100
75 185 100
74 185 100
73 185 100
72 185 100
71 185 100
70 185 100
69 185 100
# move from (126,5) to (68,123)
126 5 100
125 5 100
124 5 100
123 5 100
123 5 100
122 5 100
122 5 100
121 5 100
121 5 100
120 5 100
120 5 100
119 5 100
119 5 100
118 5 100
118 5 100
118 5 100
117 5 100
117 5 100
117 5 100
116 5 100
116 5 100
116 5 100
115 5 100
115 5 100
115 5 100
114 5 100
114 5 100
114 5 100
114 5 100
113 5 100
113 5 100
113 5 100
113 5 100
113 5 100
112 5 100
112 5 100
112 5 100
112 5 100
112 5 100
111 5 100
111 5 100
111 5 100
111 5 100
111 5 100
111 5 100
110 5 100
110 5 100
110 5 100
110 5 100
110 5 100
110 5 100
110 5 100
109 5 100
109 5 100
109 5 100
109 5 100
109 5 100
109 5 100
109 5 100
109 5 100
108 5 100
108 5 100
108 5 100
108 5 100
108 5 100
108 5 100
108 5 100
107 5 100
107 5 100
107 5 100
107 5 100
107 5 100
107 5 100
107 5 100
106 5 100
106 5 100
106 5 100
106 5 100
106 5 100
106 5 100
105 5 100
105 5 100
105 5 100
105 5 100
105 5 100
104 5 100
104 5 100
104 5 100
104 5 100
104 5 100
103 5 100
103 5 100
103 5 100
103 5 100
102 5 100
102 5 100
102 5 100
102 5 100
101 5 100
101 5 100
101 5 100
101 5 100
101 5 100
100 5 100
100 5 100
100 5 100
100 5 100
100 5 100
99 5 100
99 5 100
99 5 100
99 5 100
99 5 100
99 5 100
98 5 100
98 5 100
98 5 100
98 5 100
98 5 100
98 5 100
98 5 100
97 5 100
97 5 100
97 5 100
97 5 100
97 5 100
97 5 100
97 5 100
97 5 100
96 5 100
96 5 100
96 5 100
96 5 100
96 5 100
96 5 100
96 5 100
96 5 100
96 5 100
95 5 100
95 5 100
95 5 100
95 5 100
95 5 100
95 5 100
95 5 100
95 5 100
95 5 100
95 5 100
94 5 100
94 5 100
94 5 100
94 5 100
94 5 100
94 5 100
94 5 100
94 5 100
94 5 100
94 5 100
94 5 100
93 5 100
93 5 100
93 5 100
93 5 100
93 5 100
93 5 100
93 5 100
93 5 100
93 5 100
93 5 100
93 5 100
93 5 100
93 5 100
92 5 100
92 5 100
92 5 100
92 5 100
92 5 100
92 5 100
92 5 100
92 5 100
92 5 100
92 5 100
92 5 100
92 5 100
92 5 100
92 5 100
91 5 100
91 5 100
91 5 100
91 5 100
91 5 100
91 5 100
91 5 100
91 5 100
91 5 100
91 5 100
91 5 100
91 5 100
91 5 100
91 5 100
90 5 100
90 5 100
90 5 100
90 5 100
90 5 100
90 5 100
90 5 100
90 5 100
90 5 100
90 5 100
90 5 100
90 5 100
90 5 100
90 5 100
90 5 100
89 5 100
89 5 100
89 5 100
89 5 100
89 5 100
89 5 100
89 5 100
89 5 100
89 5 100
89 5 100
89 5 100
89 5 100
89 5 100
89 5 100
89 5 100
88 5 100
88 5 100
88 5 100
88 5 100
88 5 100
88 5 100
88 5 100
88 5 100
88 5 100
88 5 100
88 5 100
88 5 100
88 5 100
88 5 100
88 5 100
87 5 100
87 5 100
87 5 100
87 5 100
87 5 100
87 5 100
87 5 100
87 5 100
87 5 100
87 5 100
87 5 100
87 5 100
87 5 100
87 5 100
87 5 100
87 5 100
86 5 100
86 5 100
86 5 100
86 5 100
86 5 100
86 5 100
86 5 100
86 5 100
86 5 100
86 5 100
86 5 100
86 5 100
86 5 100
86 5 100
86 5 100
86 5 100
85 5 100
85 5 100
85 5 100
85 5 100
85 5 100
85 5 100
85 5 100
85 5 100
85 5 100
85 5 100
85 5 100
85 5 100
85 5 100
85 5 100
85 5 100
85 5 100
85 5 100
84 5 100
84 5 100
84 5 100
84 5 100
84 5 100
84 5 100
84 5 100
84 5 100
84 5 100
84 5 100
84 5 100
84 5 100
84 5 100
84 5 100
84 5 100
84 5 100
84 5 100
83 5 100
83 5 100
83 5 100
83 5 100
83 5 100
83 5 100
83 5 100
83 5 100
83 5 100
83 5 100
83 5 100
83 5 100
83 5 100
83 5 100
83 5 100
83 5 100
83 5 100
82 5 100
82 5 100
82 5 100
82 5 100
82 5 100
82 5 100
82 5 100
82 5 100
82 5 100
82 5 100
82 5 100
82 5 100
82 5 100
82 5 100
82 5 100
82 5 100
81 5 100
81 5 100
81 5 100
81 5 100
81 5 100
81 5 100
81 5 100
81 5 100
81 5 100
81 5 100
81 5 100
81 5 100
81 5 100
81 5 100
81 5 100
80 5 100
80 5 100
80 5 100
80 5 100
80 5 100
80 5 100
80 5 100
80 5 100
80 5 100
80 5 100
80 5 100
80 5 100
80 5 100
80 5 100
79 5 100
79 5 100
79 5 100
79 5 100
79 5 100
79 5 100
79 5 100
79 5 100
79 5 100
79 5 100
79 5 100
79 5 100
78 5 100
78 5 100
78 5 100
78 5 100
78 5 100
78 5 100
78 5 100
78 5 100
78 5 100
78 5 100
78 5 100
77 5 100
77 5 100
77 5 100
77 5 100
77 5 100
77 5 100
77 5 100
77 5 100
77 5 100
77 5 100
76 5 100
76 5 100
76 5 100
76 5 100
76 5 100
76 5 100
76 5 100
76 5 100
76 5 100
75 5 100
75 5 100
75 5 100
75 5 100
75 5 100
75 5 100
75 5 100
75 5 100
74 5 100
74 5 100
74 5 100
74 5 100
74 5 100
74 5 100
74 5 100
74 5 100
73 5 100
73 5 100
73 5 100
73 5 100
73 5 100
73 5 100
73 5 100
73 5 100
73 5 100
72 5 100
72 5 100
72 5 100
72 5 100
72 5 100
72 5 100
72 5 100
72 5 100
72 5 100
71 5 100
71 5 100
71 5 100
71 5 100
71 5 100
71 5 100
71 5 100
71 5 100
71 5 100
71 5 100
71 5 100
70 5 100
70 5 100
70 5 100
70 5 100
70 5 100
70 5 100
70 5 100
70 5 100
70 5 100
70 5 100
70 5 100
70 5 100
69 5 100
69 5 100
69 5 100
69 5 100
69 5 100
69 5 100
69 5 100
69 5 100
69 5 100
69 5 100
69 5 100
69 5 100
69 5 100
68 5 100
68 5 100
68 5 100
68 5 100
68 5 100
68 5 100
68 5 100
68 5 100
68 5 100
68 5 100
68 5 100
68 5 100
68 5 100
68 6 100
68 6 100
68 6 100
68 6 100
68 6 100
68 6 100
68 6 100
68 6 100
68 6 100
68 6 100
68 6 100
68 6 100
68 6 100
68 6 100
68 6 100
68 6 100
68 7 100
68 7 100
68 7 100
68 7 100
68 7 100
68 7 100
68 7 100
68 7 100
68 7 100
68 7 100
68 7 100
68 7 100
68 7 100
68 7 100
68 7 100
68 7 100
68 7 100
68 7 100
68 7 100
68 8 100
68 8 100
68 8 100
68 8 100
68 8 100
68 8 100
68 8 100
68 8 100
68 8 100
68 8 100
68 8 100
68 8 100
68 8 100
68 8 100
68 8 100
68 8 100
68 8 100
68 8 100
68 8 100
68 8 100
68 8 100
68 9 100
68 9 100
68 9 100
68 9 100
68 9 100
68 9 100
68 9 100
68 9 100
68 9 100
68 9 100
68 9 100
68 9 100
68 9 100
68 9 100
68 9 100
68 9 100
68 9 100
68 9 100
68 9 100
68 9 100
68 9 100
68 9 100
68 10 100
68 10 100
68 10 100
68 10 100
68 10 100
68 10 100
68 10 100
68 10 100
68 10 100
68 10 100
68 10 100
68 10 100
68 10 100
68 10 100
68 10 100
68 10 100
68 10 100
68 10 100
68 10 100
68 10 100
68 10 100
68 10 100
68 11 100
68 11 100
68 11 100
68 11 100
68 11 100
68 11 100
68 11 100
68 11 100
68 11 100
68 11 100
68 11 100
68 11 100
68 11 100
68 11 100
68 11 100
68 11 100
68 11 100
68 11 100
68 11 100
68 11 100
68 11 100
68 11 100
68 12 100
68 12 100
68 12 100
68 12 100
68 12 100
68 12 100
68 12 100
68 12 100
68 12 100
68 12 100
68 12 100
68 12 100
68 12 100
68 12 100
68 12 100
68 12 100
68 12 100
68 12 100
68 12 100
68 12 100
68 12 100
68 12 100
68 13 100
68 13 100
68 13 100
68 13 100
68 13 100
68 13 100
68 13 100
68 13 100
68 13 100
68 13 100
68 13 100
68 13 100
68 13 100
68 13 100
68 13 100
68 13 100
68 13 100
68 13 100
68 13 100
68 13 100
68 13 100
68 13 100
68 14 100
68 14 100
68 14 100
68 14 100
68 14 100
68 14 100
68 14 100
68 14 100
68 14 100
68 14 100
68 14 100
68 14 100
68 14 100
68 14 100
68 14 100
68 14 100
68 14 100
68 14 100
68 14 100
68 14 100
68 14 100
68 14 100
68 14 100
68 15 100
68 15 100
68 15 100
68 15 100
68 15 100
68 15 100
68 15 100
68 15 100
68 15 100
68 15 100
68 15 100
68 15 100
68 15 100
68 15 100
68 15 100
68 15 100
68 15 100
68 15 100
68 15 100
68 15 100
68 15 100
68 15 100
68 15 100
68 15 100
68 15 100
68 16 100
68 16 100
68 16 100
68 16 100
68 16 100
68 16 100
68 16 100
68 16 100
68 16 100
68 16 100
68 16 100
68 16 100
68 16 100
68 16 100
68 16 100
68 16 100
68 16 100
68 16 100
68 16 100
68 16 100
68 16 100
68 16 100
68 16 100
68 16 100
68 16 100
68 16 100
68 17 100
68 17 100
68 17 100
68 17 100
68 17 100
68 17 100
68 17 100
68 17 100
68 17 100
68 17 100
68 17 100
68 17 100
68 17 100
68 17 100
68 17 100
68 17 100
68 17 100
68 17 100
68 17 100
68 17 100
68 17 100
68 17 100
68 17 100
68 17 100
68 17 100
68 17 100
68 17 100
68 18 100
68 18 100
68 18 100
68 18 100
68 18 100
68 18 100
68 18 100
68 18 100
68 18 100
68 18 100
68 18 100
68 18 100
68 18 100
68 18 100
68 18 100
68 18 100
68 18 100
68 18 100
68 18 100
68 18 100
68 18 100
68 18 100
68 18 100
68 18 100
68 18 100
68 18 100
68 18 100
68 18 100
68 19 100
68 19 100
68 19 100
68 19 100
68 19 100
68 19 100
68 19 100
68 19 100
68 19 100
68 19 100
68 19 100
68 19 100
68 19 100
68 19 100
68 19 100
68 19 100
68 19 100
68 19 100
68 19 100
68 19 100
68 19 100
68 19 100
68 19 100
68 19 100
68 19 100
68 19 100
68 19 100
68 19 100
68 19 100
68 20 100
68 20 100
68 20 100
68 20 100
68 20 100
68 20 100
68 20 100
68 20 100
68 20 100
68 20 100
68 20 100
68 20 100
68 20 100
68 20 100
68 20 100
68 20 100
68 20 100
68 20 100
68 20 100
68 20 100
68 20 100
68 20 100
68 20 100
68 20 100
68 20 100
68 20 100
68 20 100
68 20 100
68 20 100
68 21 100
68 21 100
68 21 100
68 21 100
68 21 100
68 21 100
68 21 100
68 21 100
68 21 100
68 21 100
68 21 100
68 21 100
68 21 100
68 21 100
68 21 100
68 21 100
68 21 100
68 21 100
68 21 100
68 21 100
68 21 100
68 21 100
68 21 100
68 21 100
68 21 100
68 21 100
68 21 100
68 21 100
68 22 100
68 22 100
68 22 100
68 22 100
68 22 100
68 22 100
68 22 100
68 22 100
68 22 100
68 22 100
68 22 100
68 22 100
68 22 100
68 22 100
68 22 100
68 22 100
68 22 100
68 22 100
68 22 100
68 22 100
68 22 100
68 22 100
68 22 100
68 22 100
68 22 100
68 22 100
68 22 100
68 23 100
68 23 100
68 23 100
68 23 100
68 23 100
68 23 100
68 23 100
68 23 100
68 23 100
68 23 100
68 23 100
68 23 100
68 23 100
68 23 100
68 23 100
68 23 100
68 23 100
68 23 100
68 23 100
68 23 100
68 23 100
68 23 100
68 23 100
68 23 100
68 23 100
68 23 100
68 24 100
68 24 100
68 24 100
68 24 100
68 24 100
68 24 100
68 24 100
68 24 100
68 24 100
68 24 100
68 24 100
68 24 100
68 24 100
68 24 100
68 24 100
68 24 100
68 24 100
68 24 100
68 24 100
68 24 100
68 24 100
68 24 100
68 24 100
68 24 100
68 24 100
68 24 100
68 25 100
68 25 100
68 25 100
68 25 100
68 25 100
68 25 100
68 25 100
68 25 100
68 25 100
68 25 100
68 25 100
68 25 100
68 25 100
68 25 100
68 25 100
68 25 100
68 25 100
68 25 100
68 25 100
68 25 100
68 25 100
68 25 100
68 25 100
68 25 100
68 25 100
68 25 100
68 26 100
68 26 100
68 26 100
68 26 100
68 26 100
68 26 100
68 26 100
68 26 100
68 26 100
68 26 100
68 26 100
68 26 100
68 26 100
68 26 100
68 26 100
68 26 100
68 26 100
68 26 100
68 26 100
68 26 100
68 26 100
68 26 100
68 26 100
68 26 100
68 26 100
68 26 100
68 26 100
68 27 100
68 27 100
68 27 100
68 27 100
68 27 100
68 27 100
68 27 100
68 27 100
68 27 100
68 27 100
68 27 100
68 27 100
68 27 100
68 27 100
68 27 100
68 27 100
68 27 100
68 27 100
68 27 100
68 27 100
68 27 100
68 27 100
68 27 100
68 27 100
68 27 100
68 27 100
68 27 100
68 27 100
68 28 100
68 28 100
68 28 100
68 28 100
68 28 100
68 28 100
68 28 100
68 28 100
68 28 100
68 28 100
68 28 100
68 28 100
68 28 100
68 28 100
68 28 100
68 28 100
68 28 100
68 28 100
68 28 100
68 28 100
68 28 100
68 28 100
68 28 100
68 28 100
68 28 100
68 28 100
68 28 100
68 28 100
68 28 100
68 29 100
68 29 100
68 29 100
68 29 100
68 29 100
68 29 100
68 29 100
68 29 100
68 29 100
68 29 100
68 29 100
68 29 100
68 29 100
68 29 100
68 29 100
68 29 100
68 29 100
68 29 100
68 29 100
68 29 100
68 29 100
68 29 100
68 29 100
68 29 100
68 29 100
68 29 100
68 29 100
68 29 100
68 29 100
68 29 100
68 29 100
68 30 100
68 30 100
68 30 100
68 30 100
68 30 100
68 30 100
68 30 100
68 30 100
68 30 100
68 30 100
68 30 100
68 30 100
68 30 100
68 30 100
68 30 100
68 30 100
68 30 100
68 30 100
68 30 100
68 30 100
68 30 100
68 30 100
68 30 100
68 30 100
68 30 100
68 30 100
68 30 100
68 30 100
68 30 100
68 30 100
68 30 100
68 30 100
68 31 100
68 31 100
68 31 100
68 31 100
68 31 100
68 31 100
68 31 100
68 31 100
68 31 100
68 31 100
68 31 100
68 31 100
68 31 100
68 31 100
68 31 100
68 31 100
68 31 100
68 31 100
68 31 100
68 31 100
68 31 100
68 31 100
68 31 100
68 31 100
68 31 100
68 31 100
68 31 100
68 31 100
68 31 100
68 31 100
68 31 100
68 31 100
68 32 100
68 32 100
68 32 100
68 32 100
68 32 100
68 32 100
68 32 100
68 32 100
68 32 100
68 32 100
68 32 100
68 32 100
68 32 100
68 32 100
68 32 100
68 32 100
68 32 100
68 32 100
68 32 100
68 32 100
68 32 100
68 32 100
68 32 100
68 32 100
68 32 100
68 32 100
68 32 100
68 32 100
68 32 100
68 32 100
68 32 100
68 32 100
68 33 100
68 33 100
68 33 100
68 33 100
68 33 100
68 33 100
68 33 100
68 33 100
68 33 100
68 33 100
68 33 100
68 33 100
68 33 100
68 33 100
68 33 100
68 33 100
68 33 100
68 33 100
68 33 100
68 33 100
68 33 100
68 33 100
68 33 100
68 33 100
68 33 100
68 33 100
68 33 100
68 33 100
68 33 100
68 33 100
68 33 100
68 34 100
68 34 100
68 34 100
68 34 100
68 34 100
68 34 100
68 34 100
68 34 100
68 34 100
68 34 100
68 34 100
68 34 100
68 34 100
68 34 100
68 34 100
68 34 100
68 34 100
68 34 100
68 34 100
68 34 100
68 34 100
68 34 100
68 34 100
68 34 100
68 34 100
68 34 100
68 34 100
68 34 100
68 34 100
68 34 100
68 35 100
68 35 100
68 35 100
68 35 100
68 35 100
68 35 100
68 35 100
68 35 100
68 35 100
68 35 100
68 35 100
68 35 100
68 35 100
68 35 100
68 35 100
68 35 100
68 35 100
68 35 100
68 35 100
68 35 100
68 35 100
68 35 100
68 35 100
68 35 100
68 35 100
68 35 100
68 35 100
68 35 100
68 35 100
68 36 100
68 36 100
68 36 100
68 36 100
68 36 100
68 36 100
68 36 100
68 36 100
68 36 100
68 36 100
68 36 100
68 36 100
68 36 100
68 36 100
68 36 100
68 36 100
68 36 100
68 36 100
68 36 100
68 36 100
68 36 100
68 36 100
68 36 100
68 36 100
68 36 100
68 36 100
68 36 100
68 36 100
68 37 100
68 37 100
68 37 100
68 37 100
68 37 100
68 37 100
68 37 100
68 37 100
68 37 100
68 37 100
68 37 100
68 37 100
68 37 100
68 37 100
68 37 100
68 37 100
68 37 100
68 37 100
68 37 100
68 37 100
68 37 100
68 37 100
68 37 100
68 37 100
68 37 100
68 37 100
68 37 100
68 38 100
68 38 100
68 38 100
68 38 100
68 38 100
68 38 100
68 38 100
68 38 100
68 38 100
68 38 100
68 38 100
68 38 100
68 38 100
68 38 100
68 38 100
68 38 100
68 38 100
68 38 100
68 38 100
68 38 100
68 38 100
68 38 100
68 38 100
68 38 100
68 38 100
68 38 100
68 38 100
68 39 100
68 39 100
68 39 100
68 39 100
68 39 100
68 39 100
68 39 100
68 39 100
68 39 100
68 39 100
68 39 100
68 39 100
68 39 100
68 39 100
68 39 100
68 39 100
68 39 100
68 39 100
68 39 100
68 39 100
68 39 100
68 39 100
68 39 100
68 39 100
68 39 100
68 39 100
68 39 100
68 40 100
68 40 100
68 40 100
68 40 100
68 40 100
68 40 100
68 40 100
68 40 100
68 40 100
68 40 100
68 40 100
68 40 100
68 40 100
68 40 100
68 40 100
68 40 100
68 40 100
68 40 100
68 40 100
68 40 100
68 40 100
68 40 100
68 40 100
68 40 100
68 40 100
68 40 100
68 40 100
68 40 100
68 40 100
68 41 100
68 41 100
68 41 100
68 41 100
68 41 100
68 41 100
68 41 100
68 41 100
68 41 100
68 41 100
68 41 100
68 41 100
68 41 100
68 41 100
68 41 100
68 41 100
68 41 100
68 41 100
68 41 100
68 41 100
68 41 100
68 41 100
68 41 100
68 41 100
68 41 100
68 41 100
68 41 100
68 41 100
68 41 100
68 41 100
68 41 100
68 41 100
68 42 100
68 42 100
68 42 100
68 42 100
68 42 100
68 42 100
68 42 100
68 42 100
68 42 100
68 42 100
68 42 100
68 42 100
68 42 100
68 42 100
68 42 100
68 42 100
68 42 100
68 42 100
68 42 100
68 42 100
68 42 100
68 42 100
68 42 100
68 42 100
68 42 100
68 42 100
68 42 100
68 42 100
68 42 100
68 42 100
68 42 100
68 42 100
68 42 100
68 42 100
68 42 100
68 43 100
68 43 100
68 43 100
68 43 100
68 43 100
68 43 100
68 43 100
68 43 100
68 43 100
68 43 100
68 43 100
68 43 100
68 43 100
68 43 100
68 43 100
68 43 100
68 43 100
68 43 100
68 43 100
68 43 100
68 43 100
68 43 100
68 43 100
68 43 100
68 43 100
68 43 100
68 43 100
68 43 100
68 43 100
68 43 100
68 43 100
68 43 100
68 43 100
68 43 100
68 43 100
68 43 100
68 43 100
68 44 100
68 44 100
68 44 100
68 44 100
68 44 100
68 44 100
68 44 100
68 44 100
68 44 100
68 44 100
68 44 100
68 44 100
68 44 100
68 44 100
68 44 100
68 44 100
68 44 100
68 44 100
68 44 100
68 44 100
68 44 100
68 44 100
68 44 100
68 44 100
68 44 100
68 44 100
68 44 100
68 44 100
68 44 100
68 44 100
68 44 100
68 44 100
68 44 100
68 44 100
68 44 100
68 44 100
68 44 100
68 44 100
68 44 100
68 44 100
68 45 100
68 45 100
68 45 100
68 45 100
68 45 100
68 45 100
68 45 100
68 45 100
68 45 100
68 45 100
68 45 100
68 45 100
68 45 100
68 45 100
68 45 100
68 45 100
68 45 100
68 45 100
68 45 100
68 45 100
68 45 100
68 45 100
68 45 100
68 45 100
68 45 100
68 45 100
68 45 100
68 45 100
68 45 100
68 45 100
68 45 100
68 45 100
68 45 100
68 45 100
68 45 100
68 45 100
68 45 100
68 45 100
68 45 100
68 45 100
68 45 100
68 46 100
68 46 100
68 46 100
68 46 100
68 46 100
68 46 100
68 46 100
68 46 100
68 46 100
68 46 100
68 46 100
68 46 100
68 46 100
68 46 100
68 46 100
68 46 100
68 46 100
68 46 100
68 46 100
68 46 100
68 46 100
68 46 100
68 46 100
68 46 100
68 46 100
68 46 100
68 46 100
68 46 100
68 46 100
68 46 100
68 46 100
68 46 100
68 46 100
68 46 100
68 46 100
68 46 100
68 46 100
68 46 100
68 46 100
68 46 100
68 46 100
68 46 100
68 46 100
68 47 100
68 47 100
68 47 100
68 47 100
68 47 100
68 47 100
68 47 100
68 47 100
68 47 100
68 47 100
68 47 100
68 47 100
68 47 100
68 47 100
68 47 100
68 47 100
68 47 100
68 47 100
68 47 100
68 47 100
68 47 100
68 47 100
68 47 100
68 47 100
68 47 100
68 47 100
68 47 100
68 47 100
68 47 100
68 47 100
68 47 100
68 47 100
68 47 100
68 47 100
68 47 100
68 47 100
68 47 100
68 47 100
68 47 100
68 47 100
68 47 100
68 47 100
68 47 100
68 47 100
68 47 100
68 48 100
68 48 100
68 48 100
68 48 100
68 48 100
68 48 100
68 48 100
68 48 100
68 48 100
68 48 100
68 48 100
68 48 100
68 48 100
68 48 100
68 48 100
68 48 100
68 48 100
68 48 100
68 48 100
68 48 100
68 48 100
68 48 100
68 48 100
68 48 100
68 48 100
68 48 100
68 48 100
68 48 100
68 48 100
68 48 100
68 48 100
68 48 100
68 48 100
68 48 100
68 48 100
68 48 100
68 48 100
68 48 100
68 48 100
68 48 100
68 48 100
68 48 100
68 48 100
68 48 100
68 48 100
68 48 100
68 48 100
68 49 100
68 49 100
68 49 100
68 49 100
68 49 100
68 49 100
68 49 100
68 49 100
68 49 100
68 49 100
68 49 100
68 49 100
68 49 100
68 49 100
68 49 100
68 49 100
68 49 100
68 49 100
68 49 100
68 49 100
68 49 100
68 49 100
68 49 100
68 49 100
68 49 100
68 49 100
68 49 100
68 49 100
68 49 100
68 49 100
68 49 100
68 49 100
68 49 100
68 49 100
68 49 100
68 49 100
68 49 100
68 49 100
68 49 100
68 49 100
68 49 100
68 49 100
68 49 100
68 49 100
68 49 100
68 49 100
68 49 100
68 49 100
68 49 100
68 50 100
68 50 100
68 50 100
68 50 100
68 50 100
68 50 100
68 50 100
68 50 100
68 50 100
68 50 100
68 50 100
68 50 100
68 50 100
68 50 100
68 50 100
68 50 100
68 50 100
68 50 100
68 50 100
68 50 100
68 50 100
68 50 100
68 50 100
68 50 100
68 50 100
68 50 100
68 50 100
68 50 100
68 50 100
68 50 100
68 50 100
68 50 100
68 50 100
68 50 100
68 50 100
68 50 100
68 50 100
68 50 100
68 50 100
68 50 100
68 50 100
68 50 100
68 50 100
68 50 100
68 50 100
68 50 100
68 50 100
68 50 100
68 50 100
68 50 100
68 51 100
68 51 100
68 51 100
68 51 100
68 51 100
68 51 100
68 51 100
68 51 100
68 51 100
68 51 100
68 51 100
68 51 100
68 51 100
68 51 100
68 51 100
68 51 100
68 51 100
68 51 100
68 51 100
68 51 100
68 51 100
68 51 100
68 51 100
68 51 100
68 51 100
68 51 100
68 51 100
68 51 100
68 51 100
68 51 100
68 51 100
68 51 100
68 51 100
68 51 100
68 51 100
68 51 100
68 51 100
68 51 100
68 51 100
68 51 100
68 51 100
68 51 100
68 51 100
68 51 100
68 51 100
68 51 100
68 51 100
68 51 100
68 51 100
68 51 100
68 52 100
68 52 100
68 52 100
68 52 100
68 52 100
68 52 100
68 52 100
68 52 100
68 52 100
68 52 100
68 52 100
68 52 100
68 52 100
68 52 100
68 52 100
68 52 100
68 52 100
68 52 100
68 52 100
68 52 100
68 52 100
68 52 100
68 52 100
68 52 100
68 52 100
68 52 100
68 52 100
68 52 100
68 52 100
68 52 100
68 52 100
68 52 100
68 52 100
68 52 100
68 52 100
68 52 100
68 52 100
68 52 100
68 52 100
68 52 100
68 52 100
68 52 100
68 52 100
68 52 100
68 52 100
68 52 100
68 52 100
68 52 100
68 52 100
68 52 100
68 53 100
68 53 100
68 53 100
68 53 100
68 53 100
68 53 100
68 53 100
68 53 100
68 53 100
68 53 100
68 53 100
68 53 100
68 53 100
68 53 100
68 53 100
68 53 100
68 53 100
68 53 100
68 53 100
68 53 100
68 53 100
68 53 100
68 53 100
68 53 100
68 53 100
68 53 100
68 53 100
68 53 100
68 53 100
68 53 100
68 53 100
68 53 100
68 53 100
68 53 100
68 53 100
68 53 100
68 53 100
68 53 100
68 53 100
68 53 100
68 53 100
68 53 100
68 53 100
68 53 100
68 53 100
68 53 100
68 53 100
68 53 100
68 53 100
68 54 100
68 54 100
68 54 100
68 54 100
68 54 100
68 54 100
68 54 100
68 54 100
68 54 100
68 54 100
68 54 100
68 54 100
68 54 100
68 54 100
68 54 100
68 54 100
68 54 100
68 54 100
68 54 100
68 54 100
68 54 100
68 54 100
68 54 100
68 54 100
68 54 100
68 54 100
68 54 100
68 54 100
68 54 100
68 54 100
68 54 100
68 54 100
68 54 100
68 54 100
68 54 100
68 54 100
68 54 100
68 54 100
68 54 100
68 54 100
68 54 100
68 54 100
68 54 100
68 54 100
68 54 100
68 54 100
68 54 100
68 54 100
68 55 100
68 55 100
68 55 100
68 55 100
68 55 100
68 55 100
68 55 100
68 55 100
68 55 100
68 55 100
68 55 100
68 55 100
68 55 100
68 55 100
68 55 100
68 55 100
68 55 100
68 55 100
68 55 100
68 55 100
68 55 100
68 55 100
68 55 100
68 55 100
68 55 100
68 55 100
68 55 100
68 55 100
68 55 100
68 55 100
68 55 100
68 55 100
68 55 100
68 55 100
68 55 100
68 55 100
68 55 100
68 55 100
68 55 100
68 55 100
68 55 100
68 55 100
68 55 100
68 55 100
68 55 100
68 55 100
68 56 100
68 56 100
68 56 100
68 56 100
68 56 100
68 56 100
68 56 100
68 56 100
68 56 100
68 56 100
68 56 100
68 56 100
68 56 100
68 56 100
68 56 100
68 56 100
68 56 100
68 56 100
68 56 100
68 56 100
68 56 100
68 56 100
68 56 100
68 56 100
68 56 100
68 56 100
68 56 100
68 56 100
68 56 100
68 56 100
68 56 100
68 56 100
68 56 100
68 56 100
68 56 100
68 56 100
68 56 100
68 56 100
68 56 100
68 56 100
68 56 100
68 56 100
68 56 100
68 56 100
68 56 100
68 57 100
68 57 100
68 57 100
68 57 100
68 57 100
68 57 100
68 57 100
68 57 100
68 57 100
68 57 100
68 57 100
68 57 100
68 57 100
68 57 100
68 57 100
68 57 100
68 57 100
68 57 100
68 57 100
68 57 100
68 57 100
68 57 100
68 57 100
68 57 100
68 57 100
68 57 100
68 57 100
68 57 100
68 57 100
68 57 100
68 57 100
68 57 100
68 57 100
68 57 100
68 57 100
68 57 100
68 57 100
68 57 100
68 57 100
68 57 100
68 57 100
68 57 100
68 57 100
68 58 100
68 58 100
68 58 100
68 58 100
68 58 100
68 58 100
68 58 100
68 58 100
68 58 100
68 58 100
68 58 100
68 58 100
68 58 100
68 58 100
68 58 100
68 58 100
68 58 100
68 58 100
68 58 100
68 58 100
68 58 100
68 58 100
68 58 100
68 58 100
68 58 100
68 58 100
68 58 100
68 58 100
68 58 100
68 58 100
68 58 100
68 58 100
68 58 100
68 58 100
68 58 100
68 58 100
68 58 100
68 58 100
68 58 100
68 58 100
68 58 100
# move from (180,3) to (68,123)
180 3 100
179 3 100
178 3 100
177 3 100
176 3 100
175 3 100
174 3 100
173 3 100
172 3 100
171 3 100
170 3 100
169 3 100
168 3 100
167 3 100
166 3 100
165 3 100
164 3 100
163 3 100
162 3 100
161 3 100
160 3 100
159 3 100
158 3 100
157 3 100
156 3 100
155 3 100
154 3 100
153 3 100
152 3 100
151 3 100
150 3 100
149 3 100
148 3 100
147 3 100
146 3 100
145 3 100
144 3 100
143 3 100
142 3 100
141 3 100
140 3 100
139 3 100
139 3 100
138 3 100
138 3 100
137 3 100
137 3 100
136 3 100
136 3 100
136 3 100
135 3 100
135 3 100
135 3 100
134 3 100
134 3 100
133 3 100
133 3 100
132 3 100
132 3 100
131 3 100
130 3 100
129 3 100
128 3 100
127 3 100
126 3 100
125 3 100
124 3 100
123 3 100
123 3 100
122 3 100
122 3 100
121 3 100
121 3 100
120 3 100
120 3 100
119 3 100
119 3 100
118 3 100
118 3 100
117 3 100
117 3 100
116 3 100
116 3 100
115 3 100
115 3 100
115 3 100
114 3 100
114 3 100
114 3 100
113 3 100
113 3 100
113 3 100
113 3 100
112 3 100
112 3 100
112 3 100
112 3 100
111 3 100
111 3 100
111 3 100
111 3 100
111 3 100
110 3 100
110 3 100
110 3 100
110 3 100
110 3 100
110 3 100
109 3 100
109 3 100
109 3 100
109 3 100
109 3 100
109 3 100
108 3 100
108 3 100
108 3 100
108 3 100
108 3 100
108 3 100
108 3 100
107 3 100
107 3 100
107 3 100
107 3 100
107 3 100
107 3 100
107 3 100
106 3 100
106 3 100
106 3 100
106 3 100
106 3 100
106 3 100
105 3 100
105 3 100
105 3 100
105 3 100
105 3 100
105 3 100
104 3 100
104 3 100
104 3 100
104 3 100
104 3 100
103 3 100
103 3 100
103 3 100
103 3 100
103 3 100
102 3 100
102 3 100
102 3 100
102 3 100
101 3 100
101 3 100
101 3 100
101 3 100
100 3 100
100 3 100
100 3 100
100 3 100
99 3 100
99 3 100
99 3 100
99 3 100
98 3 100
98 3 100
98 3 100
98 3 100
98 3 100
97 3 100
97 3 100
97 3 100
97 3 100
97 3 100
96 3 100
96 3 100
96 3 100
96 3 100
96 3 100
95 3 100
95 3 100
95 3 100
95 3 100
95 3 100
95 3 100
94 3 100
94 3 100
94 3 100
94 3 100
94 3 100
94 3 100
94 3 100
93 3 100
93 3 100
93 3 100
93 3 100
93 3 100
93 3 100
93 3 100
93 3 100
93 3 100
92 3 100
92 3 100
92 3 100
92 3 100
92 3 100
92 3 100
92 3 100
92 3 100
92 3 100
92 3 100
92 3 100
91 3 100
91 3 100
91 3 100
91 3 100
91 3 100
91 3 100
91 3 100
91 3 100
91 3 100
91 3 100
91 3 100
91 3 100
90 3 100
90 3 100
90 3 100
90 3 100
90 3 100
90 3 100
90 3 100
90 3 100
90 3 100
90 3 100
90 3 100
90 3 100
90 3 100
89 3 100
89 3 100
89 3 100
89 3 100
89 3 100
89 3 100
89 3 100
89 3 100
89 3 100
89 3 100
89 3 100
89 3 100
89 3 100
89 3 100
88 3 100
88 3 100
88 3 100
88 3 100
88 3 100
88 3 100
88 3 100
88 3 100
88 3 100
88 3 100
88 3 100
88 3 100
88 3 100
88 3 100
88 3 100
87 3 100
87 3 100
87 3 100
87 3 100
87 3 100
87 3 100
87 3 100
87 3 100
87 3 100
87 3 100
87 3 100
87 3 100
87 3 100
87 3 100
87 3 100
87 3 100
86 3 100
86 3 100
86 3 100
86 3 100
86 3 100
86 3 100
86 3 100
86 3 100
86 3 100
86 3 100
86 3 100
86 3 100
86 3 100
86 3 100
86 3 100
86 3 100
86 3 100
85 3 100
85 3 100
85 3 100
85 3 100
85 3 100
85 3 100
85 3 100
85 3 100
85 3 100
85 3 100
85 3 100
85 3 100
85 3 100
85 3 100
85 3 100
85 3 100
85 3 100
85 3 100
84 3 100
84 3 100
84 3 100
84 3 100
84 3 100
84 3 100
84 3 100
84 3 100
84 3 100
84 3 100
84 3 100
84 3 100
84 3 100
84 3 100
84 3 100
84 3 100
84 3 100
84 3 100
83 3 100
83 3 100
83 3 100
83 3 100
83 3 100
83 3 100
83 3 100
83 3 100
83 3 100
83 3 100
83 3 100
83 3 100
83 3 100
83 3 100
83 3 100
83 3 100
83 3 100
82 3 100
82 3 100
82 3 100
82 3 100
82 3 100
82 3 100
82 3 100
82 3 100
82 3 100
82 3 100
82 3 100
82 3 100
82 3 100
82 3 100
82 3 100
81 3 100
81 3 100
81 3 100
81 3 100
81 3 100
81 3 100
81 3 100
81 3 100
81 3 100
81 3 100
81 3 100
81 3 100
81 3 100
81 3 100
80 3 100
80 3 100
80 3 100
80 3 100
80 3 100
80 3 100
80 3 100
80 3 100
80 3 100
80 3 100
80 3 100
80 3 100
79 3 100
79 3 100
79 3 100
79 3 100
79 3 100
79 3 100
79 3 100
79 3 100
79 3 100
79 3 100
78 3 100
78 3 100
78 3 100
78 3 100
78 3 100
78 3 100
78 3 100
78 3 100
78 3 100
77 3 100
77 3 100
77 3 100
77 3 100
77 3 100
77 3 100
77 3 100
77 3 100
76 3 100
76 3 100
76 3 100
76 3 100
76 3 100
76 3 100
76 3 100
75 3 100
75 3 100
75 3 100
75 3 100
75 3 100
75 3 100
74 3 100
74 3 100
74 3 100
74 3 100
74 3 100
74 3 100
73 3 100
73 3 100
73 3 100
73 3 100
73 3 100
73 3 100
72 3 100
72 3 100
72 3 100
72 3 100
72 3 100
72 3 100
71 3 100
71 3 100
71 3 100
71 3 100
71 3 100
71 3 100
70 3 100
70 3 100
70 3 100
70 3 100
70 3 100
70 3 100
70 3 100
69 3 100
69 3 100
69 3 100
69 3 100
69 3 100
69 3 100
69 3 100
68 3 100
68 3 100
68 3 100
68 3 100
68 3 100
68 3 100
68 3 100
68 3 100
68 4 100
68 4 100
68 4 100
68 4 100
68 4 100
68 4 100
68 4 100
68 4 100
68 4 100
68 4 100
# move from (20,19) to (68,123)
20 19 100
21 19 100
22 19 100
23 19 100
24 19 100
25 19 100
26 19 100
27 19 100
28 19 100
29 19 100
30 19 100
31 19 100
32 19 100
33 19 100
34 19 100
35 19 100
36 19 100
37 19 100
38 19 100
39 19 100
40 19 100
41 19 100
42 19 100
43 19 100
44 19 100
44 19 100
45 19 100
45 19 100
46 19 100
46 19 100
46 19 100
47 19 100
47 19 100
47 19 100
47 19 100
48 19 100
48 19 100
48 19 100
48 19 100
48 19 100
48 19 100
49 19 100
49 19 100
49 19 100
49 19 100
49 19 100
49 19 100
49 19 100
49 19 100
50 19 100
50 19 100
50 19 100
50 19 100
50 19 100
50 19 100
50 19 100
50 19 100
50 19 100
50 19 100
51 19 100
51 19 100
51 19 100
51 19 100
51 19 100
51 19 100
51 19 100
51 19 100
51 19 100
51 19 100
51 19 100
52 19 100
52 19 100
52 19 100
52 19 100
52 19 100
52 19 100
52 19 100
52 19 100
52 19 100
52 19 100
52 19 100
53 19 100
53 19 100
53 19 100
53 19 100
53 19 100
53 19 100
53 19 100
53 19 100
53 19 100
53 19 100
53 19 100
53 19 100
54 19 100
54 19 100
54 19 100
54 19 100
54 19 100
54 19 100
54 19 100
54 19 100
54 19 100
54 19 100
54 19 100
54 19 100
55 19 100
55 19 100
55 19 100
55 19 100
55 19 100
55 19 100
55 19 100
55 19 100
55 19 100
55 19 100
55 19 100
55 19 100
56 19 100
56 19 100
56 19 100
56 19 100
56 19 100
56 19 100
56 19 100
56 19 100
56 19 100
56 19 100
56 19 100
56 19 100
56 19 100
57 19 100
57 19 100
57 19 100
57 19 100
57 19 100
57 19 100
57 19 100
57 19 100
57 19 100
57 19 100
57 19 100
57 19 100
57 19 100
57 19 100
58 19 100
58 19 100
58 19 100
58 19 100
58 19 100
58 19 100
58 19 100
58 19 100
58 19 100
58 19 100
58 19 100
58 19 100
58 19 100
58 19 100
58 19 100
59 19 100
59 19 100
59 19 100
59 19 100
59 19 100
59 19 100
59 19 100
59 19 100
59 19 100
59 19 100
59 19 100
59 19 100
59 19 100
59 19 100
59 19 100
59 19 100
59 19 100
60 19 100
60 19 100
60 19 100
60 19 100
60 19 100
60 19 100
60 19 100
60 19 100
60 19 100
60 19 100
60 19 100
60 19 100
60 19 100
60 19 100
60 19 100
60 19 100
60 19 100
60 19 100
60 19 100
61 19 100
61 19 100
61 19 100
61 19 100
61 19 100
61 19 100
61 19 100
61 19 100
61 19 100
61 19 100
61 19 100
61 19 100
61 19 100
61 19 100
61 19 100
61 19 100
61 19 100
61 19 100
61 19 100
61 19 100
61 19 100
61 19 100
62 19 100
62 19 100
62 19 100
62 19 100
62 19 100
62 19 100
62 19 100
62 19 100
62 19 100
62 19 100
62 19 100
62 19 100
62 19 100
62 19 100
62 19 100
62 19 100
62 19 100
62 19 100
62 19 100
62 19 100
62 19 100
62 19 100
62 19 100
62 19 100
63 19 100
63 19 100
63 19 100
63 19 100
63 19 100
63 19 100
63 19 100
63 19 100
63 19 100
63 19 100
63 19 100
63 19 100
63 19 100
63 19 100
63 19 100
63 19 100
63 19 100
63 19 100
63 19 100
63 19 100
63 19 100
63 19 100
63 19 100
63 19 100
63 19 100
63 19 100
64 19 100
64 19 100
64 19 100
64 19 100
64 19 100
64 19 100
64 19 100
64 19 100
64 19 100
64 19 100
64 19 100
64 19 100
64 19 100
64 19 100
64 19 100
64 19 100
64 19 100
64 19 100
64 19 100
64 19 100
64 19 100
64 19 100
64 19 100
64 19 100
64 19 100
64 19 100
64 19 100
65 19 100
65 19 100
65 19 100
65 19 100
65 19 100
65 19 100
65 19 100
65 19 100
65 19 100
65 19 100
65 19 100
65 19 100
65 19 100
65 19 100
65 19 100
65 19 100
65 19 100
65 19 100
65 19 100
65 19 100
65 19 100
65 19 100
65 19 100
65 19 100
65 19 100
65 19 100
65 19 100
65 19 100
66 19 100
66 19 100
66 19 100
66 19 100
66 19 100
66 19 100
66 19 100
66 19 100
66 19 100
66 19 100
66 19 100
66 19 100
66 19 100
66 19 100
66 19 100
66 19 100
66 19 100
66 19 100
66 19 100
66 19 100
66 19 100
66 19 100
66 19 100
66 19 100
66 19 100
66 19 100
66 19 100
66 19 100
67 19 100
67 19 100
67 19 100
67 19 100
67 19 100
67 19 100
67 19 100
67 19 100
67 19 100
67 19 100
67 19 100
67 19 100
67 19 100
67 19 100
67 19 100
67 19 100
67 19 100
67 19 100
67 19 100
67 19 100
67 19 100
67 19 100
67 19 100
67 19 100
67 19 100
67 19 100
67 19 100
67 19 100
# move from (104,192) to (68,123)
104 192 100
103 192 100
102 192 100
101 192 100
100 192 100
99 192 100
98 192 100
97 192 100
96 192 100
95 192 100
94 192 100
93 192 100
92 192 100
91 192 100
90 192 100
90 192 100
89 192 100
89 192 100
88 192 100
88 192 100
87 192 100
87 192 100
86 192 100
85 192 100
84 192 100
83 192 100
82 192 100
81 192 100
80 192 100
79 192 100
78 192 100
77 192 100
76 192 100
75 192 100
74 192 100
73 192 100
72 192 100
71 192 100
70 192 100
69 192 100
# move from (2,47) to (68,123)
2 47 100
3 47 100
4 47 100
5 47 100
6 47 100
7 47 100
8 47 100
9 47 100
10 47 100
10 47 100
11 47 100
11 47 100
12 47 100
12 47 100
13 47 100
13 47 100
14 47 100
14 47 100
15 47 100
15 47 100
16 47 100
16 47 100
17 47 100
17 47 100
17 47 100
18 47 100
18 47 100
18 47 100
19 47 100
19 47 100
19 47 100
19 47 100
20 47 100
20 47 100
20 47 100
20 47 100
20 47 100
21 47 100
21 47 100
21 47 100
21 47 100
21 47 100
21 47 100
21 47 100
22 47 100
22 47 100
22 47 100
22 47 100
22 47 100
22 47 100
22 47 100
22 47 100
23 47 100
23 47 100
23 47 100
23 47 100
23 47 100
23 47 100
23 47 100
23 47 100
23 47 100
23 47 100
24 47 100
24 47 100
24 47 100
24 47 100
24 47 100
24 47 100
24 47 100
24 47 100
24 47 100
24 47 100
24 47 100
24 47 100
25 47 100
25 47 100
25 47 100
25 47 100
25 47 100
25 47 100
25 47 100
25 47 100
25 47 100
25 47 100
25 47 100
25 47 100
25 47 100
26 47 100
26 47 100
26 47 100
26 47 100
26 47 100
26 47 100
26 47 100
26 47 100
26 47 100
26 47 100
26 47 100
26 47 100
26 47 100
26 47 100
27 47 100
27 47 100
27 47 100
27 47 100
27 47 100
27 47 100
27 47 100
27 47 100
27 47 100
27 47 100
27 47 100
27 47 100
27 47 100
28 47 100
28 47 100
28 47 100
28 47 100
28 47 100
28 47 100
28 47 100
28 47 100
28 47 100
28 47 100
28 47 100
28 47 100
29 47 100
29 47 100
29 47 100
29 47 100
29 47 100
29 47 100
29 47 100
29 47 100
29 47 100
29 47 100
29 47 100
29 47 100
30 47 100
30 47 100
30 47 100
30 47 100
30 47 100
30 47 100
30 47 100
30 47 100
30 47 100
30 47 100
30 47 100
31 47 100
31 47 100
31 47 100
31 47 100
31 47 100
31 47 100
31 47 100
31 47 100
31 47 100
31 47 100
31 47 100
32 47 100
32 47 100
32 47 100
32 47 100
32 47 100
32 47 100
32 47 100
32 47 100
32 47 100
32 47 100
33 47 100
33 47 100
33 47 100
33 47 100
33 47 100
33 47 100
33 47 100
33 47 100
33 47 100
33 47 100
34 47 100
34 47 100
34 47 100
34 47 100
34 47 100
34 47 100
34 47 100
34 47 100
34 47 100
35 47 100
35 47 100
35 47 100
35 47 100
35 47 100
35 47 100
35 47 100
35 47 100
35 47 100
36 47 100
36 47 100
36 47 100
36 47 100
36 47 100
36 47 100
36 47 100
36 47 100
37 47 100
37 47 100
37 47 100
37 47 100
37 47 100
37 47 100
37 47 100
37 47 100
38 47 100
38 47 100
38 47 100
38 47 100
38 47 100
38 47 100
38 47 100
38 47 100
38 47 100
39 47 100
39 47 100
39 47 100
39 47 100
39 47 100
39 47 100
39 47 100
39 47 100
39 47 100
39 47 100
39 47 100
40 47 100
40 47 100
40 47 100
40 47 100
40 47 100
40 47 100
40 47 100
40 47 100
40 47 100
40 47 100
40 47 100
40 47 100
40 47 100
41 47 100
41 47 100
41 47 100
41 47 100
41 47 100
41 47 100
41 47 100
41 47 100
41 47 100
41 47 100
41 47 100
41 47 100
41 47 100
41 47 100
41 47 100
42 47 100
42 47 100
42 47 100
42 47 100
42 47 100
42 47 100
42 47 100
42 47 100
42 47 100
42 47 100
42 47 100
42 47 100
42 47 100
42 47 100
42 47 100
42 47 100
42 47 100
43 47 100
43 47 100
43 47 100
43 47 100
43 47 100
43 47 100
43 47 100
43 47 100
43 47 100
43 47 100
43 47 100
43 47 100
43 47 100
43 47 100
43 47 100
43 47 100
43 47 100
43 47 100
43 47 100
43 47 100
44 47 100
44 47 100
44 47 100
44 47 100
44 47 100
44 47 100
44 47 100
44 47 100
44 47 100
44 47 100
44 47 100
44 47 100
44 47 100
44 47 100
44 47 100
44 47 100
44 47 100
44 47 100
44 47 100
44 47 100
44 47 100
44 47 100
45 47 100
45 47 100
45 47 100
45 47 100
45 47 100
45 47 100
45 47 100
45 47 100
45 47 100
45 47 100
45 47 100
45 47 100
45 47 100
45 47 100
45 47 100
45 47 100
45 47 100
45 47 100
45 47 100
45 47 100
45 47 100
45 47 100
45 47 100
45 47 100
45 47 100
46 47 100
46 47 100
46 47 100
46 47 100
46 47 100
46 47 100
46 47 100
46 47 100
46 47 100
46 47 100
46 47 100
46 47 100
46 47 100
46 47 100
46 47 100
46 47 100
46 47 100
46 47 100
46 47 100
46 47 100
46 47 100
46 47 100
46 47 100
46 47 100
46 47 100
46 47 100
46 47 100
46 47 100
47 47 100
47 47 100
47 47 100
47 47 100
47 47 100
47 47 100
47 47 100
47 47 100
47 47 100
47 47 100
47 47 100
47 47 100
47 47 100
47 47 100
47 47 100
47 47 100
47 47 100
47 47 100
47 47 100
47 47 100
47 47 100
47 47 100
47 47 100
47 47 100
47 47 100
47 47 100
47 47 100
47 47 100
47 47 100
47 47 100
47 47 100
48 47 100
48 47 100
48 47 100
48 47 100
48 47 100
48 47 100
48 47 100
48 47 100
48 47 100
48 47 100
48 47 100
48 47 100
48 47 100
48 47 100
48 47 100
48 47 100
48 47 100
48 47 100
48 47 100
48 47 100
48 47 100
48 47 100
48 47 100
48 47 100
48 47 100
48 47 100
48 47 100
48 47 100
48 47 100
48 47 100
48 47 100
48 47 100
48 47 100
48 47 100
49 47 100
49 47 100
49 47 100
49 47 100
49 47 100
49 47 100
49 47 100
49 47 100
49 47 100
49 47 100
49 47 100
49 47 100
49 47 100
49 47 100
49 47 100
49 47 100
49 47 100
49 47 100
49 47 100
49 47 100
49 47 100
49 47 100
49 47 100
49 47 100
49 47 100
49 47 100
49 47 100
49 47 100
49 47 100
49 47 100
49 47 100
49 47 100
49 47 100
49 47 100
49 47 100
50 47 100
50 47 100
50 47 100
50 47 100
50 47 100
50 47 100
50 47 100
50 47 100
50 47 100
50 47 100
50 47 100
50 47 100
50 47 100
50 47 100
50 47 100
50 47 100
50 47 100
50 47 100
50 47 100
50 47 100
50 47 100
50 47 100
50 47 100
50 47 100
50 47 100
50 47 100
50 47 100
50 47 100
50 47 100
50 47 100
50 47 100
50 47 100
50 47 100
50 47 100
50 47 100
50 47 100
51 47 100
51 47 100
51 47 100
51 47 100
51 47 100
51 47 100
51 47 100
51 47 100
51 47 100
51 47 100
51 47 100
51 47 100
51 47 100
51 47 100
51 47 100
51 47 100
51 47 100
51 47 100
51 47 100
51 47 100
51 47 100
51 47 100
51 47 100
51 47 100
51 47 100
51 47 100
51 47 100
51 47 100
51 47 100
51 47 100
51 47 100
51 47 100
51 47 100
51 47 100
51 47 100
52 47 100
52 47 100
52 47 100
52 47 100
52 47 100
52 47 100
52 47 100
52 47 100
52 47 100
52 47 100
52 47 100
52 47 100
52 47 100
52 47 100
52 47 100
52 47 100
52 47 100
52 47 100
52 47 100
52 47 100
52 47 100
52 47 100
52 47 100
52 47 100
52 47 100
52 47 100
52 47 100
52 47 100
52 47 100
52 47 100
52 47 100
52 47 100
52 47 100
52 47 100
52 47 100
53 47 100
53 47 100
53 47 100
53 47 100
53 47 100
53 47 100
53 47 100
53 47 100
53 47 100
53 47 100
53 47 100
53 47 100
53 47 100
53 47 100
53 47 100
53 47 100
53 47 100
53 47 100
53 47 100
53 47 100
53 47 100
53 47 100
53 47 100
53 47 100
53 47 100
53 47 100
53 47 100
53 47 100
53 47 100
53 47 100
53 47 100
53 47 100
53 47 100
53 47 100
54 47 100
54 47 100
54 47 100
54 47 100
54 47 100
54 47 100
54 47 100
54 47 100
54 47 100
54 47 100
54 47 100
54 47 100
54 47 100
54 47 100
54 47 100
54 47 100
54 47 100
54 47 100
54 47 100
54 47 100
54 47 100
54 47 100
54 47 100
54 47 100
54 47 100
54 47 100
54 47 100
54 47 100
54 47 100
54 47 100
54 47 100
54 47 100
54 47 100
55 47 100
55 47 100
55 47 100
55 47 100
55 47 100
55 47 100
55 47 100
55 47 100
55 47 100
55 47 100
55 47 100
55 47 100
55 47 100
55 47 100
55 47 100
55 47 100
55 47 100
55 47 100
55 47 100
55 47 100
55 47 100
55 47 100
55 47 100
55 47 100
55 47 100
55 47 100
55 47 100
55 47 100
55 47 100
55 47 100
55 47 100
55 47 100
56 47 100
56 47 100
56 47 100
56 47 100
56 47 100
56 47 100
56 47 100
56 47 100
56 47 100
56 47 100
56 47 100
56 47 100
56 47 100
56 47 100
56 47 100
56 47 100
56 47 100
56 47 100
56 47 100
56 47 100
56 47 100
56 47 100
56 47 100
56 47 100
56 47 100
56 47 100
56 47 100
56 47 100
56 47 100
56 47 100
56 47 100
57 47 100
57 47 100
57 47 100
57 47 100
57 47 100
57 47 100
57 47 100
57 47 100
57 47 100
57 47 100
57 47 100
57 47 100
57 47 100
57 47 100
57 47 100
57 47 100
57 47 100
57 47 100
57 47 100
57 47 100
57 47 100
57 47 100
57 47 100
57 47 100
57 47 100
57 47 100
57 47 100
57 47 100
57 47 100
57 47 100
58 47 100
58 47 100
58 47 100
58 47 100
58 47 100
58 47 100
58 47 100
58 47 100
58 47 100
58 47 100
58 47 100
58 47 100
58 47 100
58 47 100
58 47 100
58 47 100
58 47 100
58 47 100
58 47 100
58 47 100
58 47 100
58 47 100
58 47 100
58 47 100
58 47 100
58 47 100
58 47 100
58 47 100
58 47 100
58 47 100
59 47 100
59 47 100
59 47 100
59 47 100
59 47 100
59 47 100
59 47 100
59 47 100
59 47 100
59 47 100
59 47 100
59 47 100
59 47 100
59 47 100
59 47 100
59 47 100
59 47 100
59 47 100
59 47 100
59 47 100
59 47 100
59 47 100
59 47 100
59 47 100
59 47 100
59 47 100
59 47 100
59 47 100
59 47 100
59 47 100
60 47 100
60 47 100
60 47 100
60 47 100
60 47 100
60 47 100
60 47 100
60 47 100
60 47 100
60 47 100
60 47 100
60 47 100
60 47 100
60 47 100
60 47 100
60 47 100
60 47 100
60 47 100
60 47 100
60 47 100
60 47 100
60 47 100
60 47 100
60 47 100
60 47 100
60 47 100
60 47 100
60 47 100
60 47 100
60 47 100
61 47 100
61 47 100
61 47 100
61 47 100
61 47 100
61 47 100
61 47 100
61 47 100
61 47 100
61 47 100
61 47 100
61 47 100
61 47 100
61 47 100
61 47 100
61 47 100
61 47 100
61 47 100
61 47 100
61 47 100
61 47 100
61 47 100
61 47 100
61 47 100
61 47 100
61 47 100
61 47 100
61 47 100
61 47 100
61 47 100
61 47 100
61 47 100
62 47 100
62 47 100
62 47 100
62 47 100
62 47 100
62 47 100
62 47 100
62 47 100
62 47 100
62 47 100
62 47 100
62 47 100
62 47 100
62 47 100
62 47 100
62 47 100
62 47 100
62 47 100
62 47 100
62 47 100
62 47 100
62 47 100
62 47 100
62 47 100
62 47 100
62 47 100
62 47 100
62 47 100
62 47 100
62 47 100
62 47 100
62 47 100
62 47 100
62 47 100
62 47 100
63 47 100
63 47 100
63 47 100
63 47 100
63 47 100
63 47 100
63 47 100
63 47 100
63 47 100
63 47 100
63 47 100
63 47 100
63 47 100
63 47 100
63 47 100
63 47 100
63 47 100
63 47 100
63 47 100
63 47 100
63 47 100
63 47 100
63 47 100
63 47 100
63 47 100
63 47 100
63 47 100
63 47 100
63 47 100
63 47 100
63 47 100
63 47 100
63 47 100
63 47 100
63 47 100
63 47 100
63 47 100
63 47 100
64 47 100
64 47 100
64 47 100
64 47 100
64 47 100
64 47 100
64 47 100
64 47 100
64 47 100
64 47 100
64 47 100
64 47 100
64 47 100
64 47 100
64 47 100
64 47 100
64 47 100
64 47 100
64 47 100
64 47 100
64 47 100
64 47 100
64 47 100
64 47 100
64 47 100
64 47 100
64 47 100
64 47 100
64 47 100
64 47 100
64 47 100
64 47 100
64 47 100
64 47 100
64 47 100
64 47 100
64 47 100
64 47 100
64 47 100
64 47 100
65 47 100
65 47 100
65 47 100
65 47 100
65 47 100
65 47 100
65 47 100
65 47 100
65 47 100
65 47 100
65 47 100
65 47 100
65 47 100
65 47 100
65 47 100
65 47 100
65 47 100
65 47 100
65 47 100
65 47 100
65 47 100
65 47 100
65 47 100
65 47 100
65 47 100
65 47 100
65 47 100
65 47 100
65 47 100
65 47 100
65 47 100
65 47 100
65 47 100
65 47 100
65 47 100
65 47 100
65 47 100
65 47 100
65 47 100
65 47 100
65 47 100
65 47 100
66 47 100
66 47 100
66 47 100
66 47 100
66 47 100
66 47 100
66 47 100
66 47 100
66 47 100
66 47 100
66 47 100
66 47 100
66 47 100
66 47 100
66 47 100
66 47 100
66 47 100
66 47 100
66 47 100
66 47 100
66 47 100
66 47 100
66 47 100
66 47 100
66 47 100
66 47 100
66 47 100
66 47 100
66 47 100
66 47 100
66 47 100
66 47 100
66 47 100
66 47 100
66 47 100
66 47 100
66 47 100
66 47 100
66 47 100
66 47 100
66 47 100
66 47 100
66 47 100
66 47 100
67 47 100
67 47 100
67 47 100
67 47 100
67 47 100
67 47 100
67 47 100
67 47 100
67 47 100
67 47 100
67 47 100
67 47 100
67 47 100
67 47 100
67 47 100
67 47 100
67 47 100
67 47 100
67 47 100
67 47 100
67 47 100
67 47 100
67 47 100
67 47 100
67 47 100
67 47 100
67 47 100
67 47 100
67 47 100
67 47 100
67 47 100
67 47 100
67 47 100
67 47 100
67 47 100
67 47 100
67 47 100
67 47 100
67 47 100
67 47 100
67 47 100
67 47 100
67 47 100
67 47 100
67 47 100
