# move from (77,94) to (3,63)
77 94 100
76 94 100
75 94 100
74 94 100
73 94 100
72 94 100
71 94 100
70 94 100
69 94 100
68 94 100
67 94 100
66 94 100
65 94 100
64 94 100
63 94 100
62 94 100
61 94 100
60 94 100
59 94 100
58 94 100
57 94 100
57 94 100
56 94 100
56 94 100
55 94 100
55 94 100
54 94 100
54 94 100
53 94 100
53 94 100
52 94 100
52 94 100
51 94 100
51 94 100
50 94 100
50 94 100
49 94 100
49 94 100
48 94 100
48 94 100
47 94 100
47 94 100
47 94 100
46 94 100
46 94 100
46 94 100
45 94 100
45 94 100
45 94 100
44 94 100
44 94 100
44 94 100
43 94 100
43 94 100
43 94 100
43 94 100
42 94 100
42 94 100
42 94 100
42 94 100
41 94 100
41 94 100
41 94 100
41 94 100
40 94 100
40 94 100
40 94 100
40 94 100
39 94 100
39 94 100
39 94 100
39 94 100
38 94 100
38 94 100
38 94 100
38 94 100
37 94 100
37 94 100
37 94 100
37 94 100
36 94 100
36 94 100
36 94 100
36 94 100
35 94 100
35 94 100
35 94 100
35 94 100
34 94 100
34 94 100
34 94 100
34 94 100
33 94 100
33 94 100
33 94 100
33 94 100
32 94 100
32 94 100
32 94 100
32 94 100
32 94 100
31 94 100
31 94 100
31 94 100
31 94 100
31 94 100
30 94 100
30 94 100
30 94 100
30 94 100
30 94 100
30 94 100
29 94 100
29 94 100
29 94 100
29 94 100
29 94 100
29 94 100
28 94 100
28 94 100
28 94 100
28 94 100
28 94 100
28 94 100
28 94 100
27 94 100
27 94 100
27 94 100
27 94 100
27 94 100
27 94 100
27 94 100
26 94 100
26 94 100
26 94 100
26 94 100
26 94 100
26 94 100
26 94 100
25 94 100
25 94 100
25 94 100
25 94 100
25 94 100
25 94 100
25 94 100
24 94 100
24 94 100
24 94 100
24 94 100
24 94 100
24 94 100
24 94 100
23 94 100
23 94 100
23 94 100
23 94 100
23 94 100
23 94 100
22 94 100
22 94 100
22 94 100
22 94 100
22 94 100
22 94 100
21 94 100
21 94 100
21 94 100
21 94 100
21 94 100
20 94 100
20 94 100
20 94 100
20 94 100
20 94 100
19 94 100
19 94 100
19 94 100
19 94 100
19 94 100
18 94 100
18 94 100
18 94 100
18 94 100
18 94 100
17 94 100
17 94 100
17 94 100
17 94 100
17 94 100
16 94 100
16 94 100
16 94 100
16 94 100
16 94 100
15 94 100
15 94 100
15 94 100
15 94 100
15 94 100
14 94 100
14 94 100
14 94 100
14 94 100
14 94 100
13 94 100
13 94 100
13 94 100
13 94 100
13 94 100
13 94 100
12 94 100
12 94 100
12 94 100
12 94 100
12 94 100
12 94 100
11 94 100
11 94 100
11 94 100
11 94 100
11 94 100
11 94 100
11 94 100
10 94 100
10 94 100
10 94 100
10 94 100
10 94 100
10 94 100
10 94 100
9 94 100
9 94 100
9 94 100
9 94 100
9 94 100
9 94 100
9 94 100
8 94 100
8 94 100
8 94 100
8 94 100
8 94 100
8 94 100
8 94 100
7 94 100
7 94 100
7 94 100
7 94 100
7 94 100
7 94 100
6 94 100
6 94 100
6 94 100
6 94 100
6 94 100
6 94 100
5 94 100
5 94 100
5 94 100
5 94 100
5 94 100
4 94 100
4 94 100
4 94 100
4 94 100
4 94 100
3 94 100
3 94 100
3 94 100
3 94 100
3 94 100
3 93 100
3 93 100
3 93 100
3 93 100
3 93 100
3 92 100
3 92 100
3 92 100
3 92 100
3 92 100
3 92 100
3 91 100
3 91 100
3 91 100
3 91 100
3 91 100
3 91 100
3 90 100
3 90 100
3 90 100
3 90 100
3 90 100
3 90 100
3 90 100
3 89 100
3 89 100
3 89 100
3 89 100
3 89 100
3 89 100
3 89 100
3 88 100
3 88 100
3 88 100
3 88 100
3 88 100
3 88 100
3 88 100
3 87 100
3 87 100
3 87 100
3 87 100
3 87 100
3 87 100
3 86 100
3 86 100
3 86 100
3 86 100
3 86 100
3 86 100
3 85 100
3 85 100
3 85 100
3 85 100
3 85 100
3 84 100
3 84 100
3 84 100
3 84 100
3 84 100
3 83 100
3 83 100
3 83 100
3 83 100
3 82 100
3 82 100
3 82 100
3 82 100
3 81 100
3 81 100
3 81 100
3 81 100
3 80 100
3 80 100
3 80 100
3 80 100
3 79 100
3 79 100
3 79 100
3 79 100
3 78 100
3 78 100
3 78 100
3 78 100
3 77 100
3 77 100
3 77 100
3 77 100
3 76 100
3 76 100
3 76 100
3 76 100
3 76 100
3 75 100
3 75 100
3 75 100
3 75 100
3 75 100
3 74 100
3 74 100
3 74 100
3 74 100
3 74 100
3 73 100
3 73 100
3 73 100
3 73 100
3 73 100
3 72 100
3 72 100
3 72 100
3 72 100
3 72 100
3 71 100
3 71 100
3 71 100
3 71 100
3 71 100
3 70 100
3 70 100
3 70 100
3 70 100
3 70 100
3 69 100
3 69 100
3 69 100
3 69 100
3 68 100
3 68 100
3 68 100
3 68 100
3 67 100
3 67 100
3 67 100
3 67 100
3 66 100
3 66 100
3 66 100
3 65 100
3 65 100
3 65 100
3 64 100
3 64 100
3 64 100
3 63 100
3 63 100
3 63 100
# move from (178,45) to (3,63)
178 45 100
178 45 100
177 45 100
177 45 100
176 45 100
176 45 100
175 45 100
175 45 100
174 45 100
173 45 100
172 45 100
171 45 100
170 45 100
169 45 100
168 45 100
167 45 100
166 45 100
165 45 100
164 45 100
163 45 100
162 45 100
161 45 100
160 45 100
159 45 100
158 45 100
157 45 100
156 45 100
155 45 100
154 45 100
153 45 100
152 45 100
151 45 100
150 45 100
149 45 100
148 45 100
147 45 100
146 45 100
145 45 100
144 45 100
143 45 100
142 45 100
141 45 100
140 45 100
139 45 100
138 45 100
137 45 100
136 45 100
135 45 100
134 45 100
133 45 100
132 45 100
131 45 100
130 45 100
129 45 100
128 45 100
127 45 100
126 45 100
125 45 100
124 45 100
123 45 100
122 45 100
121 45 100
120 45 100
119 45 100
118 45 100
117 45 100
116 45 100
116 45 100
115 45 100
115 45 100
114 45 100
114 45 100
113 45 100
113 45 100
112 45 100
112 45 100
111 45 100
111 45 100
110 45 100
110 45 100
109 45 100
108 45 100
107 45 100
106 45 100
105 45 100
104 45 100
103 45 100
102 45 100
102 45 100
101 45 100
101 45 100
100 45 100
100 45 100
99 45 100
99 45 100
98 45 100
98 45 100
97 45 100
97 45 100
97 45 100
96 45 100
96 45 100
96 45 100
95 45 100
95 45 100
95 45 100
95 45 100
94 45 100
94 45 100
94 45 100
94 45 100
94 45 100
94 45 100
93 45 100
93 45 100
93 45 100
93 45 100
93 45 100
93 45 100
93 45 100
92 45 100
92 45 100
92 45 100
92 45 100
92 45 100
92 45 100
92 45 100
92 45 100
92 45 100
91 45 100
91 45 100
91 45 100
91 45 100
91 45 100
91 45 100
91 45 100
91 45 100
91 45 100
91 45 100
90 45 100
90 45 100
90 45 100
90 45 100
90 45 100
90 45 100
90 45 100
90 45 100
90 45 100
90 45 100
90 45 100
89 45 100
89 45 100
89 45 100
89 45 100
89 45 100
89 45 100
89 45 100
89 45 100
89 45 100
89 45 100
89 45 100
89 45 100
88 45 100
88 45 100
88 45 100
88 45 100
88 45 100
88 45 100
88 45 100
88 45 100
88 45 100
88 45 100
88 45 100
88 45 100
88 45 100
87 45 100
87 45 100
87 45 100
87 45 100
87 45 100
87 45 100
87 45 100
87 45 100
87 45 100
87 45 100
87 45 100
87 45 100
87 45 100
86 45 100
86 45 100
86 45 100
86 45 100
86 45 100
86 45 100
86 45 100
86 45 100
86 45 100
86 45 100
86 45 100
86 45 100
86 45 100
85 45 100
85 45 100
85 45 100
85 45 100
85 45 100
85 45 100
85 45 100
85 45 100
85 45 100
85 45 100
85 45 100
85 45 100
84 45 100
84 45 100
84 45 100
84 45 100
84 45 100
84 45 100
84 45 100
84 45 100
84 45 100
84 45 100
84 45 100
84 45 100
83 45 100
83 45 100
83 45 100
83 45 100
83 45 100
83 45 100
83 45 100
83 45 100
83 45 100
83 45 100
83 45 100
82 45 100
82 45 100
82 45 100
82 45 100
82 45 100
82 45 100
82 45 100
82 45 100
82 45 100
82 45 100
82 45 100
81 45 100
81 45 100
81 45 100
81 45 100
81 45 100
81 45 100
81 45 100
81 45 100
81 45 100
81 45 100
80 45 100
80 45 100
80 45 100
80 45 100
80 45 100
80 45 100
80 45 100
80 45 100
80 45 100
80 45 100
79 45 100
79 45 100
79 45 100
79 45 100
79 45 100
79 45 100
79 45 100
79 45 100
79 45 100
78 45 100
78 45 100
78 45 100
78 45 100
78 45 100
78 45 100
78 45 100
78 45 100
78 45 100
77 45 100
77 45 100
77 45 100
77 45 100
77 45 100
77 45 100
77 45 100
77 45 100
76 45 100
76 45 100
76 45 100
76 45 100
76 45 100
76 45 100
76 45 100
76 45 100
75 45 100
75 45 100
75 45 100
75 45 100
75 45 100
75 45 100
75 45 100
74 45 100
74 45 100
74 45 100
74 45 100
74 45 100
74 45 100
74 45 100
73 45 100
73 45 100
73 45 100
73 45 100
73 45 100
73 45 100
72 45 100
72 45 100
72 45 100
72 45 100
72 45 100
72 45 100
71 45 100
71 45 100
71 45 100
71 45 100
71 45 100
70 45 100
70 45 100
70 45 100
70 45 100
69 45 100
69 45 100
69 45 100
69 45 100
68 45 100
68 45 100
68 45 100
68 45 100
67 45 100
67 45 100
67 45 100
66 45 100
66 45 100
66 45 100
65 45 100
65 45 100
65 45 100
64 45 100
64 45 100
64 45 100
63 45 100
63 45 100
63 45 100
62 45 100
62 45 100
62 45 100
61 45 100
61 45 100
61 45 100
60 45 100
60 45 100
60 45 100
59 45 100
59 45 100
59 45 100
59 45 100
58 45 100
58 45 100
58 45 100
58 45 100
57 45 100
57 45 100
57 45 100
57 45 100
56 45 100
56 45 100
56 45 100
56 45 100
55 45 100
55 45 100
55 45 100
54 45 100
54 45 100
54 45 100
53 45 100
53 45 100
53 45 100
52 45 100
52 45 100
52 45 100
51 45 100
51 45 100
51 45 100
50 45 100
50 45 100
49 45 100
49 45 100
48 45 100
48 45 100
47 45 100
47 45 100
46 45 100
46 45 100
45 45 100
45 45 100
44 45 100
44 45 100
43 45 100
43 45 100
42 45 100
42 45 100
41 45 100
41 45 100
40 45 100
40 45 100
39 45 100
39 45 100
38 45 100
38 45 100
37 45 100
37 45 100
36 45 100
36 45 100
35 45 100
35 45 100
34 45 100
34 45 100
33 45 100
33 45 100
32 45 100
32 45 100
31 45 100
31 45 100
30 45 100
30 45 100
29 45 100
29 45 100
28 45 100
28 45 100
28 45 100
27 45 100
27 45 100
27 45 100
26 45 100
26 45 100
26 45 100
25 45 100
25 45 100
25 45 100
24 45 100
24 45 100
24 45 100
23 45 100
23 45 100
23 45 100
23 45 100
22 45 100
22 45 100
22 45 100
22 45 100
21 45 100
21 45 100
21 45 100
21 45 100
20 45 100
20 45 100
20 45 100
20 45 100
19 45 100
19 45 100
19 45 100
19 45 100
18 45 100
18 45 100
18 45 100
18 45 100
17 45 100
17 45 100
17 45 100
17 45 100
16 45 100
16 45 100
16 45 100
16 45 100
15 45 100
15 45 100
15 45 100
15 45 100
15 45 100
14 45 100
14 45 100
14 45 100
14 45 100
14 45 100
13 45 100
13 45 100
13 45 100
13 45 100
13 45 100
12 45 100
12 45 100
12 45 100
12 45 100
12 45 100
11 45 100
11 45 100
11 45 100
11 45 100
11 45 100
11 45 100
10 45 100
10 45 100
10 45 100
10 45 100
10 45 100
10 45 100
10 45 100
9 45 100
9 45 100
9 45 100
9 45 100
9 45 100
9 45 100
9 45 100
8 45 100
8 45 100
8 45 100
8 45 100
8 45 100
8 45 100
8 45 100
8 45 100
7 45 100
7 45 100
7 45 100
7 45 100
7 45 100
7 45 100
7 45 100
7 45 100
7 45 100
6 45 100
6 45 100
6 45 100
6 45 100
6 45 100
6 45 100
6 45 100
6 45 100
6 45 100
6 45 100
6 45 100
5 45 100
5 45 100
5 45 100
5 45 100
5 45 100
5 45 100
5 45 100
5 45 100
5 45 100
5 45 100
5 45 100
5 45 100
4 45 100
4 45 100
4 45 100
4 45 100
4 45 100
4 45 100
4 45 100
4 45 100
4 45 100
4 45 100
4 45 100
4 45 100
4 45 100
3 45 100
3 45 100
3 45 100
3 45 100
3 45 100
3 45 100
3 45 100
3 45 100
3 45 100
3 45 100
3 45 100
3 45 100
3 45 100
3 45 100
3 46 100
3 46 100
3 46 100
3 46 100
3 46 100
3 46 100
3 46 100
3 46 100
3 46 100
3 46 100
3 46 100
3 46 100
3 46 100
3 47 100
3 47 100
3 47 100
3 47 100
3 47 100
3 47 100
3 47 100
3 47 100
3 47 100
3 47 100
3 47 100
3 47 100
3 47 100
3 48 100
3 48 100
3 48 100
3 48 100
3 48 100
3 48 100
3 48 100
3 48 100
3 48 100
3 48 100
3 48 100
3 48 100
3 49 100
3 49 100
3 49 100
3 49 100
3 49 100
3 49 100
3 49 100
3 49 100
3 49 100
3 49 100
3 49 100
3 50 100
3 50 100
3 50 100
3 50 100
3 50 100
3 50 100
3 50 100
3 50 100
3 50 100
3 51 100
3 51 100
3 51 100
3 51 100
3 51 100
3 51 100
3 51 100
3 51 100
3 52 100
3 52 100
3 52 100
3 52 100
3 52 100
3 52 100
3 52 100
3 53 100
3 53 100
3 53 100
3 53 100
3 53 100
3 53 100
3 54 100
3 54 100
3 54 100
3 54 100
3 54 100
3 55 100
3 55 100
3 55 100
3 55 100
3 55 100
3 56 100
3 56 100
3 56 100
3 56 100
3 57 100
3 57 100
3 57 100
3 57 100
3 58 100
3 58 100
3 58 100
3 59 100
3 59 100
3 59 100
3 60 100
3 60 100
3 60 100
3 61 100
3 61 100
3 61 100
3 62 100
3 62 100
3 62 100
# move from (141,195) to (3,63)
141 195 100
140 195 100
139 195 100
138 195 100
137 195 100
136 195 100
135 195 100
134 195 100
133 195 100
132 195 100
131 195 100
130 195 100
129 195 100
128 195 100
127 195 100
126 195 100
125 195 100
124 195 100
123 195 100
122 195 100
121 195 100
120 195 100
119 195 100
118 195 100
117 195 100
116 195 100
115 195 100
114 195 100
113 195 100
112 195 100
111 195 100
110 195 100
110 195 100
109 195 100
109 195 100
108 195 100
108 195 100
107 195 100
107 195 100
106 195 100
106 195 100
105 195 100
105 195 100
104 195 100
104 195 100
103 195 100
103 195 100
102 195 100
102 195 100
101 195 100
101 195 100
100 195 100
100 195 100
99 195 100
99 195 100
98 195 100
98 195 100
97 195 100
97 195 100
96 195 100
96 195 100
95 195 100
95 195 100
94 195 100
94 195 100
93 195 100
93 195 100
93 195 100
92 195 100
92 195 100
92 195 100
91 195 100
91 195 100
91 195 100
90 195 100
90 195 100
90 195 100
90 195 100
89 195 100
89 195 100
89 195 100
89 195 100
88 195 100
88 195 100
88 195 100
88 195 100
87 195 100
87 195 100
87 195 100
87 195 100
86 195 100
86 195 100
86 195 100
86 195 100
85 195 100
85 195 100
85 195 100
85 195 100
84 195 100
84 195 100
84 195 100
84 195 100
83 195 100
83 195 100
83 195 100
82 195 100
82 195 100
82 195 100
81 195 100
81 195 100
81 195 100
81 195 100
80 195 100
80 195 100
80 195 100
80 195 100
79 195 100
79 195 100
79 195 100
79 195 100
78 195 100
78 195 100
78 195 100
78 195 100
77 195 100
77 195 100
77 195 100
77 195 100
76 195 100
76 195 100
76 195 100
76 195 100
76 195 100
75 195 100
75 195 100
75 195 100
75 195 100
75 195 100
74 195 100
74 195 100
74 195 100
74 195 100
74 195 100
73 195 100
73 195 100
73 195 100
73 195 100
73 195 100
72 195 100
72 195 100
72 195 100
72 195 100
71 195 100
71 195 100
71 195 100
71 195 100
70 195 100
70 195 100
70 195 100
70 195 100
69 195 100
69 195 100
69 195 100
68 195 100
68 195 100
68 195 100
67 195 100
67 195 100
67 195 100
66 195 100
66 195 100
66 195 100
65 195 100
65 195 100
64 195 100
64 195 100
63 195 100
63 195 100
62 195 100
62 195 100
61 195 100
61 195 100
60 195 100
60 195 100
59 195 100
59 195 100
58 195 100
58 195 100
57 195 100
57 195 100
56 195 100
56 195 100
55 195 100
55 195 100
54 195 100
54 195 100
53 195 100
52 195 100
51 195 100
50 195 100
49 195 100
48 195 100
47 195 100
46 195 100
45 195 100
44 195 100
43 195 100
42 195 100
41 195 100
40 195 100
39 195 100
38 195 100
37 195 100
36 195 100
35 195 100
34 195 100
33 195 100
32 195 100
31 195 100
30 195 100
29 195 100
28 195 100
27 195 100
26 195 100
25 195 100
24 195 100
23 195 100
22 195 100
21 195 100
20 195 100
19 195 100
18 195 100
17 195 100
16 195 100
15 195 100
14 195 100
13 195 100
13 195 100
12 195 100
12 195 100
11 195 100
11 195 100
10 195 100
10 195 100
9 195 100
9 195 100
8 195 100
8 195 100
7 195 100
7 195 100
6 195 100
6 195 100
5 195 100
5 195 100
4 195 100
4 195 100
3 195 100
3 195 100
3 194 100
3 193 100
3 192 100
3 191 100
3 190 100
3 189 100
3 188 100
3 187 100
3 186 100
3 185 100
3 184 100
3 183 100
3 182 100
3 181 100
3 180 100
3 179 100
3 178 100
3 177 100
3 176 100
3 175 100
3 174 100
3 173 100
3 172 100
3 171 100
3 170 100
3 169 100
3 168 100
3 167 100
3 166 100
3 165 100
3 164 100
3 163 100
3 162 100
3 161 100
3 160 100
3 159 100
3 158 100
3 157 100
3 156 100
3 155 100
3 154 100
3 153 100
3 152 100
3 151 100
3 150 100
3 149 100
3 148 100
3 147 100
3 146 100
3 145 100
3 144 100
3 143 100
3 142 100
3 141 100
3 140 100
3 139 100
3 138 100
3 137 100
3 136 100
3 135 100
3 134 100
3 133 100
3 132 100
3 132 100
3 131 100
3 131 100
3 130 100
3 130 100
3 129 100
3 129 100
3 129 100
3 128 100
3 128 100
3 128 100
3 127 100
3 127 100
3 127 100
3 127 100
3 126 100
3 126 100
3 126 100
3 126 100
3 125 100
3 125 100
3 125 100
3 125 100
3 124 100
3 124 100
3 124 100
3 124 100
3 124 100
3 123 100
3 123 100
3 123 100
3 123 100
3 123 100
3 122 100
3 122 100
3 122 100
3 122 100
3 121 100
3 121 100
3 121 100
3 121 100
3 120 100
3 120 100
3 120 100
3 120 100
3 119 100
3 119 100
3 119 100
3 119 100
3 118 100
3 118 100
3 118 100
3 118 100
3 117 100
3 117 100
3 117 100
3 116 100
3 116 100
3 116 100
3 115 100
3 115 100
3 115 100
3 114 100
3 114 100
3 114 100
3 113 100
3 113 100
3 113 100
3 112 100
3 112 100
3 112 100
3 111 100
3 111 100
3 111 100
3 110 100
3 110 100
3 110 100
3 110 100
3 109 100
3 109 100
3 109 100
3 109 100
3 108 100
3 108 100
3 108 100
3 108 100
3 107 100
3 107 100
3 107 100
3 107 100
3 106 100
3 106 100
3 106 100
3 106 100
3 106 100
3 105 100
3 105 100
3 105 100
3 105 100
3 105 100
3 104 100
3 104 100
3 104 100
3 104 100
3 104 100
3 103 100
3 103 100
3 103 100
3 103 100
3 103 100
3 102 100
3 102 100
3 102 100
3 102 100
3 102 100
3 101 100
3 101 100
3 101 100
3 101 100
3 100 100
3 100 100
3 100 100
3 100 100
3 99 100
3 99 100
3 99 100
3 99 100
3 98 100
3 98 100
3 98 100
3 98 100
3 97 100
3 97 100
3 97 100
3 97 100
3 96 100
3 96 100
3 96 100
3 96 100
3 95 100
3 95 100
3 95 100
3 95 100
# move from (126,73) to (3,63)
126 73 100
125 73 100
124 73 100
123 73 100
122 73 100
121 73 100
120 73 100
119 73 100
118 73 100
117 73 100
116 73 100
115 73 100
114 73 100
113 73 100
112 73 100
111 73 100
110 73 100
109 73 100
108 73 100
107 73 100
106 73 100
105 73 100
104 73 100
103 73 100
102 73 100
101 73 100
100 73 100
99 73 100
98 73 100
97 73 100
96 73 100
95 73 100
94 73 100
93 73 100
92 73 100
91 73 100
90 73 100
89 73 100
88 73 100
87 73 100
86 73 100
85 73 100
84 73 100
83 73 100
82 73 100
81 73 100
80 73 100
79 73 100
78 73 100
77 73 100
76 73 100
75 73 100
74 73 100
73 73 100
72 73 100
71 73 100
70 73 100
69 73 100
68 73 100
67 73 100
66 73 100
65 73 100
64 73 100
63 73 100
62 73 100
61 73 100
60 73 100
59 73 100
58 73 100
57 73 100
56 73 100
55 73 100
54 73 100
53 73 100
52 73 100
51 73 100
50 73 100
49 73 100
48 73 100
47 73 100
46 73 100
45 73 100
44 73 100
43 73 100
42 73 100
41 73 100
40 73 100
40 73 100
39 73 100
39 73 100
38 73 100
38 73 100
37 73 100
37 73 100
36 73 100
36 73 100
35 73 100
35 73 100
34 73 100
34 73 100
34 73 100
33 73 100
33 73 100
33 73 100
32 73 100
32 73 100
32 73 100
31 73 100
31 73 100
31 73 100
30 73 100
30 73 100
30 73 100
30 73 100
29 73 100
29 73 100
29 73 100
29 73 100
28 73 100
28 73 100
28 73 100
28 73 100
27 73 100
27 73 100
27 73 100
26 73 100
26 73 100
26 73 100
25 73 100
25 73 100
25 73 100
24 73 100
24 73 100
24 73 100
23 73 100
23 73 100
23 73 100
22 73 100
22 73 100
22 73 100
21 73 100
21 73 100
20 73 100
20 73 100
19 73 100
19 73 100
18 73 100
18 73 100
17 73 100
17 73 100
16 73 100
16 73 100
15 73 100
15 73 100
14 73 100
14 73 100
13 73 100
13 73 100
12 73 100
12 73 100
11 73 100
11 73 100
10 73 100
10 73 100
10 73 100
9 73 100
9 73 100
9 73 100
8 73 100
8 73 100
8 73 100
7 73 100
7 73 100
7 73 100
7 73 100
6 73 100
6 73 100
6 73 100
6 73 100
5 73 100
5 73 100
5 73 100
5 73 100
4 73 100
4 73 100
4 73 100
4 73 100
4 73 100
# move from (169,119) to (3,63)
169 119 100
168 119 100
167 119 100
166 119 100
165 119 100
164 119 100
163 119 100
162 119 100
161 119 100
160 119 100
159 119 100
158 119 100
157 119 100
156 119 100
155 119 100
154 119 100
154 119 100
153 119 100
153 119 100
152 119 100
152 119 100
151 119 100
151 119 100
150 119 100
150 119 100
149 119 100
149 119 100
148 119 100
148 119 100
147 119 100
147 119 100
146 119 100
146 119 100
145 119 100
145 119 100
144 119 100
144 119 100
143 119 100
143 119 100
142 119 100
142 119 100
141 119 100
141 119 100
140 119 100
140 119 100
140 119 100
139 119 100
139 119 100
139 119 100
138 119 100
138 119 100
138 119 100
137 119 100
137 119 100
137 119 100
136 119 100
136 119 100
136 119 100
135 119 100
135 119 100
135 119 100
134 119 100
134 119 100
134 119 100
133 119 100
133 119 100
133 119 100
132 119 100
132 119 100
132 119 100
131 119 100
131 119 100
131 119 100
130 119 100
130 119 100
130 119 100
129 119 100
129 119 100
129 119 100
128 119 100
128 119 100
128 119 100
128 119 100
127 119 100
127 119 100
127 119 100
127 119 100
126 119 100
126 119 100
126 119 100
126 119 100
126 119 100
125 119 100
125 119 100
125 119 100
125 119 100
125 119 100
124 119 100
124 119 100
124 119 100
124 119 100
124 119 100
124 119 100
123 119 100
123 119 100
123 119 100
123 119 100
123 119 100
123 119 100
123 119 100
122 119 100
122 119 100
122 119 100
122 119 100
122 119 100
122 119 100
122 119 100
122 119 100
121 119 100
121 119 100
121 119 100
121 119 100
121 119 100
121 119 100
121 119 100
121 119 100
121 119 100
120 119 100
120 119 100
120 119 100
120 119 100
120 119 100
120 119 100
120 119 100
120 119 100
120 119 100
119 119 100
119 119 100
119 119 100
119 119 100
119 119 100
119 119 100
119 119 100
119 119 100
119 119 100
118 119 100
118 119 100
118 119 100
118 119 100
118 119 100
118 119 100
118 119 100
118 119 100
118 119 100
117 119 100
117 119 100
117 119 100
117 119 100
117 119 100
117 119 100
117 119 100
117 119 100
116 119 100
116 119 100
116 119 100
116 119 100
116 119 100
116 119 100
116 119 100
116 119 100
115 119 100
115 119 100
115 119 100
115 119 100
115 119 100
115 119 100
115 119 100
114 119 100
114 119 100
114 119 100
114 119 100
114 119 100
114 119 100
113 119 100
113 119 100
113 119 100
113 119 100
113 119 100
113 119 100
112 119 100
112 119 100
112 119 100
112 119 100
112 119 100
111 119 100
111 119 100
111 119 100
111 119 100
110 119 100
110 119 100
110 119 100
110 119 100
109 119 100
109 119 100
109 119 100
109 119 100
108 119 100
108 119 100
108 119 100
108 119 100
107 119 100
107 119 100
107 119 100
107 119 100
106 119 100
106 119 100
106 119 100
106 119 100
105 119 100
105 119 100
105 119 100
105 119 100
104 119 100
104 119 100
104 119 100
104 119 100
103 119 100
103 119 100
103 119 100
103 119 100
102 119 100
102 119 100
102 119 100
102 119 100
101 119 100
101 119 100
101 119 100
101 119 100
100 119 100
100 119 100
100 119 100
100 119 100
99 119 100
99 119 100
99 119 100
99 119 100
98 119 100
98 119 100
98 119 100
98 119 100
97 119 100
97 119 100
97 119 100
97 119 100
96 119 100
96 119 100
96 119 100
96 119 100
96 119 100
95 119 100
95 119 100
95 119 100
95 119 100
95 119 100
94 119 100
94 119 100
94 119 100
94 119 100
94 119 100
93 119 100
93 119 100
93 119 100
93 119 100
92 119 100
92 119 100
92 119 100
92 119 100
91 119 100
91 119 100
91 119 100
91 119 100
90 119 100
90 119 100
90 119 100
89 119 100
89 119 100
89 119 100
88 119 100
88 119 100
87 119 100
87 119 100
86 119 100
86 119 100
85 119 100
85 119 100
84 119 100
84 119 100
83 119 100
82 119 100
81 119 100
80 119 100
79 119 100
78 119 100
77 119 100
76 119 100
75 119 100
74 119 100
73 119 100
72 119 100
71 119 100
70 119 100
69 119 100
69 119 100
68 119 100
68 119 100
67 119 100
67 119 100
66 119 100
66 119 100
65 119 100
65 119 100
65 119 100
64 119 100
64 119 100
64 119 100
63 119 100
63 119 100
63 119 100
62 119 100
62 119 100
62 119 100
62 119 100
61 119 100
61 119 100
61 119 100
61 119 100
60 119 100
60 119 100
60 119 100
60 119 100
59 119 100
59 119 100
59 119 100
59 119 100
58 119 100
58 119 100
58 119 100
58 119 100
57 119 100
57 119 100
57 119 100
57 119 100
56 119 100
56 119 100
56 119 100
56 119 100
55 119 100
55 119 100
55 119 100
55 119 100
54 119 100
54 119 100
54 119 100
54 119 100
53 119 100
53 119 100
53 119 100
53 119 100
52 119 100
52 119 100
52 119 100
52 119 100
51 119 100
51 119 100
51 119 100
51 119 100
50 119 100
50 119 100
50 119 100
50 119 100
50 119 100
49 119 100
49 119 100
49 119 100
49 119 100
49 119 100
48 119 100
48 119 100
48 119 100
48 119 100
48 119 100
48 119 100
47 119 100
47 119 100
47 119 100
47 119 100
47 119 100
47 119 100
47 119 100
46 119 100
46 119 100
46 119 100
46 119 100
46 119 100
46 119 100
46 119 100
46 119 100
46 119 100
45 119 100
45 119 100
45 119 100
45 119 100
45 119 100
45 119 100
45 119 100
45 119 100
45 119 100
45 119 100
44 119 100
44 119 100
44 119 100
44 119 100
44 119 100
44 119 100
44 119 100
44 119 100
44 119 100
44 119 100
44 119 100
43 119 100
43 119 100
43 119 100
43 119 100
43 119 100
43 119 100
43 119 100
43 119 100
43 119 100
43 119 100
43 119 100
43 119 100
43 119 100
42 119 100
42 119 100
42 119 100
42 119 100
42 119 100
42 119 100
42 119 100
42 119 100
42 119 100
42 119 100
42 119 100
42 119 100
42 119 100
42 119 100
41 119 100
41 119 100
41 119 100
41 119 100
41 119 100
41 119 100
41 119 100
41 119 100
41 119 100
41 119 100
41 119 100
41 119 100
41 119 100
41 119 100
41 119 100
40 119 100
40 119 100
40 119 100
40 119 100
40 119 100
40 119 100
40 119 100
40 119 100
40 119 100
40 119 100
40 119 100
40 119 100
40 119 100
40 119 100
40 119 100
39 119 100
39 119 100
39 119 100
39 119 100
39 119 100
39 119 100
39 119 100
39 119 100
39 119 100
39 119 100
39 119 100
39 119 100
39 119 100
39 119 100
39 119 100
38 119 100
38 119 100
38 119 100
38 119 100
38 119 100
38 119 100
38 119 100
38 119 100
38 119 100
38 119 100
38 119 100
38 119 100
38 119 100
38 119 100
37 119 100
37 119 100
37 119 100
37 119 100
37 119 100
37 119 100
37 119 100
37 119 100
37 119 100
37 119 100
37 119 100
37 119 100
37 119 100
37 119 100
36 119 100
36 119 100
36 119 100
36 119 100
36 119 100
36 119 100
36 119 100
36 119 100
36 119 100
36 119 100
36 119 100
36 119 100
36 119 100
36 119 100
35 119 100
35 119 100
35 119 100
35 119 100
35 119 100
35 119 100
35 119 100
35 119 100
35 119 100
35 119 100
35 119 100
35 119 100
35 119 100
34 119 100
34 119 100
34 119 100
34 119 100
34 119 100
34 119 100
34 119 100
34 119 100
34 119 100
34 119 100
34 119 100
34 119 100
33 119 100
33 119 100
33 119 100
33 119 100
33 119 100
33 119 100
33 119 100
33 119 100
33 119 100
33 119 100
33 119 100
32 119 100
32 119 100
32 119 100
32 119 100
32 119 100
32 119 100
32 119 100
32 119 100
32 119 100
32 119 100
32 119 100
31 119 100
31 119 100
31 119 100
31 119 100
31 119 100
31 119 100
31 119 100
31 119 100
31 119 100
31 119 100
31 119 100
30 119 100
30 119 100
30 119 100
30 119 100
30 119 100
30 119 100
30 119 100
30 119 100
30 119 100
30 119 100
30 119 100
29 119 100
29 119 100
29 119 100
29 119 100
29 119 100
29 119 100
29 119 100
29 119 100
29 119 100
29 119 100
29 119 100
28 119 100
28 119 100
28 119 100
28 119 100
28 119 100
28 119 100
28 119 100
28 119 100
28 119 100
28 119 100
28 119 100
27 119 100
27 119 100
27 119 100
27 119 100
27 119 100
27 119 100
27 119 100
27 119 100
27 119 100
27 119 100
27 119 100
27 119 100
26 119 100
26 119 100
26 119 100
26 119 100
26 119 100
26 119 100
26 119 100
26 119 100
26 119 100
26 119 100
26 119 100
26 119 100
26 119 100
25 119 100
25 119 100
25 119 100
25 119 100
25 119 100
25 119 100
25 119 100
25 119 100
25 119 100
25 119 100
25 119 100
25 119 100
25 119 100
24 119 100
24 119 100
24 119 100
24 119 100
24 119 100
24 119 100
24 119 100
24 119 100
24 119 100
24 119 100
24 119 100
24 119 100
24 119 100
24 119 100
23 119 100
23 119 100
23 119 100
23 119 100
23 119 100
23 119 100
23 119 100
23 119 100
23 119 100
23 119 100
23 119 100
23 119 100
23 119 100
23 119 100
22 119 100
22 119 100
22 119 100
22 119 100
22 119 100
22 119 100
22 119 100
22 119 100
22 119 100
22 119 100
22 119 100
22 119 100
22 119 100
22 119 100
22 119 100
21 119 100
21 119 100
21 119 100
21 119 100
21 119 100
21 119 100
21 119 100
21 119 100
21 119 100
21 119 100
21 119 100
21 119 100
21 119 100
21 119 100
21 119 100
20 119 100
20 119 100
20 119 100
20 119 100
20 119 100
20 119 100
20 119 100
20 119 100
20 119 100
20 119 100
20 119 100
20 119 100
20 119 100
20 119 100
20 119 100
20 119 100
19 119 100
19 119 100
19 119 100
19 119 100
19 119 100
19 119 100
19 119 100
19 119 100
19 119 100
19 119 100
19 119 100
19 119 100
19 119 100
19 119 100
19 119 100
19 119 100
18 119 100
18 119 100
18 119 100
18 119 100
18 119 100
18 119 100
18 119 100
18 119 100
18 119 100
18 119 100
18 119 100
18 119 100
18 119 100
18 119 100
18 119 100
18 119 100
17 119 100
17 119 100
17 119 100
17 119 100
17 119 100
17 119 100
17 119 100
17 119 100
17 119 100
17 119 100
17 119 100
17 119 100
17 119 100
17 119 100
17 119 100
17 119 100
17 119 100
16 119 100
16 119 100
16 119 100
16 119 100
16 119 100
16 119 100
16 119 100
16 119 100
16 119 100
16 119 100
16 119 100
16 119 100
16 119 100
16 119 100
16 119 100
16 119 100
16 119 100
15 119 100
15 119 100
15 119 100
15 119 100
15 119 100
15 119 100
15 119 100
15 119 100
15 119 100
15 119 100
15 119 100
15 119 100
15 119 100
15 119 100
15 119 100
15 119 100
14 119 100
14 119 100
14 119 100
14 119 100
14 119 100
14 119 100
14 119 100
14 119 100
14 119 100
14 119 100
14 119 100
14 119 100
14 119 100
14 119 100
14 119 100
13 119 100
13 119 100
13 119 100
13 119 100
13 119 100
13 119 100
13 119 100
13 119 100
13 119 100
13 119 100
13 119 100
13 119 100
13 119 100
13 119 100
12 119 100
12 119 100
12 119 100
12 119 100
12 119 100
12 119 100
12 119 100
12 119 100
12 119 100
12 119 100
12 119 100
12 119 100
12 119 100
11 119 100
11 119 100
11 119 100
11 119 100
11 119 100
11 119 100
11 119 100
11 119 100
11 119 100
11 119 100
11 119 100
10 119 100
10 119 100
10 119 100
10 119 100
10 119 100
10 119 100
10 119 100
10 119 100
10 119 100
10 119 100
9 119 100
9 119 100
9 119 100
9 119 100
9 119 100
9 119 100
9 119 100
9 119 100
8 119 100
8 119 100
8 119 100
8 119 100
8 119 100
8 119 100
8 119 100
7 119 100
7 119 100
7 119 100
7 119 100
7 119 100
7 119 100
6 119 100
6 119 100
6 119 100
6 119 100
6 119 100
5 119 100
5 119 100
5 119 100
5 119 100
5 119 100
4 119 100
4 119 100
4 119 100
4 119 100
