# move from (96,42) to (193,69)
96 42 100
97 42 100
98 42 100
99 42 100
100 42 100
101 42 100
102 42 100
103 42 100
104 42 100
105 42 100
106 42 100
107 42 100
107 42 100
108 42 100
108 42 100
109 42 100
109 42 100
110 42 100
110 42 100
111 42 100
111 42 100
111 42 100
112 42 100
112 42 100
112 42 100
113 42 100
113 42 100
113 42 100
114 42 100
114 42 100
114 42 100
114 42 100
115 42 100
115 42 100
115 42 100
115 42 100
116 42 100
116 42 100
116 42 100
116 42 100
116 42 100
117 42 100
117 42 100
117 42 100
117 42 100
117 42 100
118 42 100
118 42 100
118 42 100
118 42 100
118 42 100
118 42 100
119 42 100
119 42 100
119 42 100
119 42 100
119 42 100
119 42 100
119 42 100
120 42 100
120 42 100
120 42 100
120 42 100
120 42 100
120 42 100
120 42 100
121 42 100
121 42 100
121 42 100
121 42 100
121 42 100
121 42 100
121 42 100
121 42 100
122 42 100
122 42 100
122 42 100
122 42 100
122 42 100
122 42 100
122 42 100
122 42 100
123 42 100
123 42 100
123 42 100
123 42 100
123 42 100
123 42 100
123 42 100
123 42 100
124 42 100
124 42 100
124 42 100
124 42 100
124 42 100
124 42 100
124 42 100
124 42 100
125 42 100
125 42 100
125 42 100
125 42 100
125 42 100
125 42 100
125 42 100
125 42 100
126 42 100
126 42 100
126 42 100
126 42 100
126 42 100
126 42 100
126 42 100
127 42 100
127 42 100
127 42 100
127 42 100
127 42 100
127 42 100
127 42 100
128 42 100
128 42 100
128 42 100
128 42 100
128 42 100
128 42 100
129 42 100
129 42 100
129 42 100
129 42 100
129 42 100
130 42 100
130 42 100
130 42 100
130 42 100
131 42 100
131 42 100
131 42 100
131 42 100
132 42 100
132 42 100
132 42 100
133 42 100
133 42 100
133 42 100
134 42 100
134 42 100
135 42 100
135 42 100
136 42 100
136 42 100
137 42 100
137 42 100
138 42 100
138 42 100
139 42 100
139 42 100
140 42 100
140 42 100
141 42 100
141 42 100
142 42 100
142 42 100
143 42 100
143 42 100
143 42 100
144 42 100
144 42 100
144 42 100
145 42 100
145 42 100
145 42 100
146 42 100
146 42 100
146 42 100
146 42 100
147 42 100
147 42 100
147 42 100
147 42 100
148 42 100
148 42 100
148 42 100
148 42 100
149 42 100
149 42 100
149 42 100
149 42 100
149 42 100
150 42 100
150 42 100
150 42 100
150 42 100
150 42 100
151 42 100
151 42 100
151 42 100
151 42 100
151 42 100
151 42 100
152 42 100
152 42 100
152 42 100
152 42 100
152 42 100
152 42 100
153 42 100
153 42 100
153 42 100
153 42 100
153 42 100
153 42 100
153 42 100
154 42 100
154 42 100
154 42 100
154 42 100
154 42 100
154 42 100
154 42 100
155 42 100
155 42 100
155 42 100
155 42 100
155 42 100
155 42 100
155 42 100
155 42 100
156 42 100
156 42 100
156 42 100
156 42 100
156 42 100
156 42 100
156 42 100
156 42 100
157 42 100
157 42 100
157 42 100
157 42 100
157 42 100
157 42 100
157 42 100
157 42 100
157 42 100
158 42 100
158 42 100
158 42 100
158 42 100
158 42 100
158 42 100
158 42 100
158 42 100
158 42 100
158 42 100
159 42 100
159 42 100
159 42 100
159 42 100
159 42 100
159 42 100
159 42 100
159 42 100
159 42 100
159 42 100
159 42 100
160 42 100
160 42 100
160 42 100
160 42 100
160 42 100
160 42 100
160 42 100
160 42 100
160 42 100
160 42 100
160 42 100
160 42 100
160 42 100
161 42 100
161 42 100
161 42 100
161 42 100
161 42 100
161 42 100
161 42 100
161 42 100
161 42 100
161 42 100
161 42 100
161 42 100
161 42 100
161 42 100
161 42 100
162 42 100
162 42 100
162 42 100
162 42 100
162 42 100
162 42 100
162 42 100
162 42 100
162 42 100
162 42 100
162 42 100
162 42 100
162 42 100
162 42 100
162 42 100
162 42 100
162 42 100
163 42 100
163 42 100
163 42 100
163 42 100
163 42 100
163 42 100
163 42 100
163 42 100
163 42 100
163 42 100
163 42 100
163 42 100
163 42 100
163 42 100
163 42 100
163 42 100
163 42 100
163 42 100
163 42 100
164 42 100
164 42 100
164 42 100
164 42 100
164 42 100
164 42 100
164 42 100
164 42 100
164 42 100
164 42 100
164 42 100
164 42 100
164 42 100
164 42 100
164 42 100
164 42 100
164 42 100
164 42 100
164 42 100
164 42 100
164 42 100
165 42 100
165 42 100
165 42 100
165 42 100
165 42 100
165 42 100
165 42 100
165 42 100
165 42 100
165 42 100
165 42 100
165 42 100
165 42 100
165 42 100
165 42 100
165 42 100
165 42 100
165 42 100
165 42 100
165 42 100
165 42 100
165 42 100
165 42 100
166 42 100
166 42 100
166 42 100
166 42 100
166 42 100
166 42 100
166 42 100
166 42 100
166 42 100
166 42 100
166 42 100
166 42 100
166 42 100
166 42 100
166 42 100
166 42 100
166 42 100
166 42 100
166 42 100
166 42 100
166 42 100
166 42 100
166 42 100
166 42 100
166 42 100
166 42 100
167 42 100
167 42 100
167 42 100
167 42 100
167 42 100
167 42 100
167 42 100
167 42 100
167 42 100
167 42 100
167 42 100
167 42 100
167 42 100
167 42 100
167 42 100
167 42 100
167 42 100
167 42 100
167 42 100
167 42 100
167 42 100
167 42 100
167 42 100
167 42 100
167 42 100
167 42 100
167 42 100
167 42 100
168 42 100
168 42 100
168 42 100
168 42 100
168 42 100
168 42 100
168 42 100
168 42 100
168 42 100
168 42 100
168 42 100
168 42 100
168 42 100
168 42 100
168 42 100
168 42 100
168 42 100
168 42 100
168 42 100
168 42 100
168 42 100
168 42 100
168 42 100
168 42 100
168 42 100
168 42 100
168 42 100
168 42 100
168 42 100
168 42 100
168 42 100
169 42 100
169 42 100
169 42 100
169 42 100
169 42 100
169 42 100
169 42 100
169 42 100
169 42 100
169 42 100
169 42 100
169 42 100
169 42 100
169 42 100
169 42 100
169 42 100
169 42 100
169 42 100
169 42 100
169 42 100
169 42 100
169 42 100
169 42 100
169 42 100
169 42 100
169 42 100
169 42 100
169 42 100
169 42 100
169 42 100
169 42 100
169 42 100
169 42 100
169 42 100
170 42 100
170 42 100
170 42 100
170 42 100
170 42 100
170 42 100
170 42 100
170 42 100
170 42 100
170 42 100
170 42 100
170 42 100
170 42 100
170 42 100
170 42 100
170 42 100
170 42 100
170 42 100
170 42 100
170 42 100
170 42 100
170 42 100
170 42 100
170 42 100
170 42 100
170 42 100
170 42 100
170 42 100
170 42 100
170 42 100
170 42 100
170 42 100
170 42 100
170 42 100
170 42 100
170 42 100
171 42 100
171 42 100
171 42 100
171 42 100
171 42 100
171 42 100
171 42 100
171 42 100
171 42 100
171 42 100
171 42 100
171 42 100
171 42 100
171 42 100
171 42 100
171 42 100
171 42 100
171 42 100
171 42 100
171 42 100
171 42 100
171 42 100
171 42 100
171 42 100
171 42 100
171 42 100
171 42 100
171 42 100
171 42 100
171 42 100
171 42 100
171 42 100
171 42 100
171 42 100
171 42 100
171 42 100
171 42 100
171 42 100
172 42 100
172 42 100
172 42 100
172 42 100
172 42 100
172 42 100
172 42 100
172 42 100
172 42 100
172 42 100
172 42 100
172 42 100
172 42 100
172 42 100
172 42 100
172 42 100
172 42 100
172 42 100
172 42 100
172 42 100
172 42 100
172 42 100
172 42 100
172 42 100
172 42 100
172 42 100
172 42 100
172 42 100
172 42 100
172 42 100
172 42 100
172 42 100
172 42 100
172 42 100
172 42 100
172 42 100
172 42 100
172 42 100
172 42 100
173 42 100
173 42 100
173 42 100
173 42 100
173 42 100
173 42 100
173 42 100
173 42 100
173 42 100
173 42 100
173 42 100
173 42 100
173 42 100
173 42 100
173 42 100
173 42 100
173 42 100
173 42 100
173 42 100
173 42 100
173 42 100
173 42 100
173 42 100
173 42 100
173 42 100
173 42 100
173 42 100
173 42 100
173 42 100
173 42 100
173 42 100
173 42 100
173 42 100
173 42 100
173 42 100
173 42 100
173 42 100
173 42 100
173 42 100
173 42 100
173 42 100
174 42 100
174 42 100
174 42 100
174 42 100
174 42 100
174 42 100
174 42 100
174 42 100
174 42 100
174 42 100
174 42 100
174 42 100
174 42 100
174 42 100
174 42 100
174 42 100
174 42 100
174 42 100
174 42 100
174 42 100
174 42 100
174 42 100
174 42 100
174 42 100
174 42 100
174 42 100
174 42 100
174 42 100
174 42 100
174 42 100
174 42 100
174 42 100
174 42 100
174 42 100
174 42 100
174 42 100
174 42 100
174 42 100
174 42 100
174 42 100
174 42 100
174 42 100
175 42 100
175 42 100
175 42 100
175 42 100
175 42 100
175 42 100
175 42 100
175 42 100
175 42 100
175 42 100
175 42 100
175 42 100
175 42 100
175 42 100
175 42 100
175 42 100
175 42 100
175 42 100
175 42 100
175 42 100
175 42 100
175 42 100
175 42 100
175 42 100
175 42 100
175 42 100
175 42 100
175 42 100
175 42 100
175 42 100
175 42 100
175 42 100
175 42 100
175 42 100
175 42 100
175 42 100
175 42 100
175 42 100
175 42 100
175 42 100
175 42 100
175 42 100
176 42 100
176 42 100
176 42 100
176 42 100
176 42 100
176 42 100
176 42 100
176 42 100
176 42 100
176 42 100
176 42 100
176 42 100
176 42 100
176 42 100
176 42 100
176 42 100
176 42 100
176 42 100
176 42 100
176 42 100
176 42 100
176 42 100
176 42 100
176 42 100
176 42 100
176 42 100
176 42 100
176 42 100
176 42 100
176 42 100
176 42 100
176 42 100
176 42 100
176 42 100
176 42 100
176 42 100
176 42 100
176 42 100
176 42 100
176 42 100
176 42 100
176 42 100
176 42 100
177 42 100
177 42 100
177 42 100
177 42 100
177 42 100
177 42 100
177 42 100
177 42 100
177 42 100
177 42 100
177 42 100
177 42 100
177 42 100
177 42 100
177 42 100
177 42 100
177 42 100
177 42 100
177 42 100
177 42 100
177 42 100
177 42 100
177 42 100
177 42 100
177 42 100
177 42 100
177 42 100
177 42 100
177 42 100
177 42 100
177 42 100
177 42 100
177 42 100
177 42 100
177 42 100
177 42 100
177 42 100
177 42 100
177 42 100
177 42 100
177 42 100
177 42 100
177 42 100
178 42 100
178 42 100
178 42 100
178 42 100
178 42 100
178 42 100
178 42 100
178 42 100
178 42 100
178 42 100
178 42 100
178 42 100
178 42 100
178 42 100
178 42 100
178 42 100
178 42 100
178 42 100
178 42 100
178 42 100
178 42 100
178 42 100
178 42 100
178 42 100
178 42 100
178 42 100
178 42 100
178 42 100
178 42 100
178 42 100
178 42 100
178 42 100
178 42 100
178 42 100
178 42 100
178 42 100
178 42 100
178 42 100
178 42 100
178 42 100
178 42 100
178 42 100
178 42 100
179 42 100
179 42 100
179 42 100
179 42 100
179 42 100
179 42 100
179 42 100
179 42 100
179 42 100
179 42 100
179 42 100
179 42 100
179 42 100
179 42 100
179 42 100
179 42 100
179 42 100
179 42 100
179 42 100
179 42 100
179 42 100
179 42 100
179 42 100
179 42 100
179 42 100
179 42 100
179 42 100
179 42 100
179 42 100
179 42 100
179 42 100
179 42 100
179 42 100
179 42 100
179 42 100
179 42 100
179 42 100
179 42 100
179 42 100
179 42 100
179 42 100
179 42 100
179 42 100
180 42 100
180 42 100
180 42 100
180 42 100
180 42 100
180 42 100
180 42 100
180 42 100
180 42 100
180 42 100
180 42 100
180 42 100
180 42 100
180 42 100
180 42 100
180 42 100
180 42 100
180 42 100
180 42 100
180 42 100
180 42 100
180 42 100
180 42 100
180 42 100
180 42 100
180 42 100
180 42 100
180 42 100
180 42 100
180 42 100
180 42 100
180 42 100
180 42 100
180 42 100
180 42 100
180 42 100
180 42 100
180 42 100
180 42 100
180 42 100
180 42 100
180 42 100
180 42 100
181 42 100
181 42 100
181 42 100
181 42 100
181 42 100
181 42 100
181 42 100
181 42 100
181 42 100
181 42 100
181 42 100
181 42 100
181 42 100
181 42 100
181 42 100
181 42 100
181 42 100
181 42 100
181 42 100
181 42 100
181 42 100
181 42 100
181 42 100
181 42 100
181 42 100
181 42 100
181 42 100
181 42 100
181 42 100
181 42 100
181 42 100
181 42 100
181 42 100
181 42 100
181 42 100
181 42 100
181 42 100
181 42 100
181 42 100
181 42 100
181 42 100
181 42 100
181 42 100
182 42 100
182 42 100
182 42 100
182 42 100
182 42 100
182 42 100
182 42 100
182 42 100
182 42 100
182 42 100
182 42 100
182 42 100
182 42 100
182 42 100
182 42 100
182 42 100
182 42 100
182 42 100
182 42 100
182 42 100
182 42 100
182 42 100
182 42 100
182 42 100
182 42 100
182 42 100
182 42 100
182 42 100
182 42 100
182 42 100
182 42 100
182 42 100
182 42 100
182 42 100
182 42 100
182 42 100
182 42 100
182 42 100
182 42 100
182 42 100
182 42 100
182 42 100
182 42 100
182 42 100
183 42 100
183 42 100
183 42 100
183 42 100
183 42 100
183 42 100
183 42 100
183 42 100
183 42 100
183 42 100
183 42 100
183 42 100
183 42 100
183 42 100
183 42 100
183 42 100
183 42 100
183 42 100
183 42 100
183 42 100
183 42 100
183 42 100
183 42 100
183 42 100
183 42 100
183 42 100
183 42 100
183 42 100
183 42 100
183 42 100
183 42 100
183 42 100
183 42 100
183 42 100
183 42 100
183 42 100
183 42 100
183 42 100
183 42 100
183 42 100
183 42 100
183 42 100
183 42 100
183 42 100
184 42 100
184 42 100
184 42 100
184 42 100
184 42 100
184 42 100
184 42 100
184 42 100
184 42 100
184 42 100
184 42 100
184 42 100
184 42 100
184 42 100
184 42 100
184 42 100
184 42 100
184 42 100
184 42 100
184 42 100
184 42 100
184 42 100
184 42 100
184 42 100
184 42 100
184 42 100
184 42 100
184 42 100
184 42 100
184 42 100
184 42 100
184 42 100
184 42 100
184 42 100
184 42 100
184 42 100
184 42 100
184 42 100
184 42 100
184 42 100
184 42 100
184 42 100
184 42 100
184 42 100
185 42 100
185 42 100
185 42 100
185 42 100
185 42 100
185 42 100
185 42 100
185 42 100
185 42 100
185 42 100
185 42 100
185 42 100
185 42 100
185 42 100
185 42 100
185 42 100
185 42 100
185 42 100
185 42 100
185 42 100
185 42 100
185 42 100
185 42 100
185 42 100
185 42 100
185 42 100
185 42 100
185 42 100
185 42 100
185 42 100
185 42 100
185 42 100
185 42 100
185 42 100
185 42 100
185 42 100
185 42 100
185 42 100
185 42 100
185 42 100
185 42 100
185 42 100
185 42 100
185 42 100
186 42 100
186 42 100
186 42 100
186 42 100
186 42 100
186 42 100
186 42 100
186 42 100
186 42 100
186 42 100
186 42 100
186 42 100
186 42 100
186 42 100
186 42 100
186 42 100
186 42 100
186 42 100
186 42 100
186 42 100
186 42 100
186 42 100
186 42 100
186 42 100
186 42 100
186 42 100
186 42 100
186 42 100
186 42 100
186 42 100
186 42 100
186 42 100
186 42 100
186 42 100
186 42 100
186 42 100
186 42 100
186 42 100
186 42 100
186 42 100
186 42 100
186 42 100
186 42 100
186 42 100
187 42 100
187 42 100
187 42 100
187 42 100
187 42 100
187 42 100
187 42 100
187 42 100
187 42 100
187 42 100
187 42 100
187 42 100
187 42 100
187 42 100
187 42 100
187 42 100
187 42 100
187 42 100
187 42 100
187 42 100
187 42 100
187 42 100
187 42 100
187 42 100
187 42 100
187 42 100
187 42 100
187 42 100
187 42 100
187 42 100
187 42 100
187 42 100
187 42 100
187 42 100
187 42 100
187 42 100
187 42 100
187 42 100
187 42 100
187 42 100
187 42 100
187 42 100
187 42 100
187 42 100
188 42 100
188 42 100
188 42 100
188 42 100
188 42 100
188 42 100
188 42 100
188 42 100
188 42 100
188 42 100
188 42 100
188 42 100
188 42 100
188 42 100
188 42 100
188 42 100
188 42 100
188 42 100
188 42 100
188 42 100
188 42 100
188 42 100
188 42 100
188 42 100
188 42 100
188 42 100
188 42 100
188 42 100
188 42 100
188 42 100
188 42 100
188 42 100
188 42 100
188 42 100
188 42 100
188 42 100
188 42 100
188 42 100
188 42 100
188 42 100
188 42 100
188 42 100
188 42 100
188 42 100
189 42 100
189 42 100
189 42 100
189 42 100
189 42 100
189 42 100
189 42 100
189 42 100
189 42 100
189 42 100
189 42 100
189 42 100
189 42 100
189 42 100
189 42 100
189 42 100
189 42 100
189 42 100
189 42 100
189 42 100
189 42 100
189 42 100
189 42 100
189 42 100
189 42 100
189 42 100
189 42 100
189 42 100
189 42 100
189 42 100
189 42 100
189 42 100
189 42 100
189 42 100
189 42 100
189 42 100
189 42 100
189 42 100
189 42 100
189 42 100
189 42 100
189 42 100
189 42 100
189 42 100
190 42 100
190 42 100
190 42 100
190 42 100
190 42 100
190 42 100
190 42 100
190 42 100
190 42 100
190 42 100
190 42 100
190 42 100
190 42 100
190 42 100
190 42 100
190 42 100
190 42 100
190 42 100
190 42 100
190 42 100
190 42 100
190 42 100
190 42 100
190 42 100
190 42 100
190 42 100
190 42 100
190 42 100
190 42 100
190 42 100
190 42 100
190 42 100
190 42 100
190 42 100
190 42 100
190 42 100
190 42 100
190 42 100
190 42 100
190 42 100
190 42 100
190 42 100
190 42 100
191 42 100
191 42 100
191 42 100
191 42 100
191 42 100
191 42 100
191 42 100
191 42 100
191 42 100
191 42 100
191 42 100
191 42 100
191 42 100
191 42 100
191 42 100
191 42 100
191 42 100
191 42 100
191 42 100
191 42 100
191 42 100
191 42 100
191 42 100
191 42 100
191 42 100
191 42 100
191 42 100
191 42 100
191 42 100
191 42 100
191 42 100
191 42 100
191 42 100
191 42 100
191 42 100
191 42 100
191 42 100
191 42 100
191 42 100
191 42 100
191 42 100
191 42 100
191 42 100
192 42 100
192 42 100
192 42 100
192 42 100
192 42 100
192 42 100
192 42 100
192 42 100
192 42 100
192 42 100
192 42 100
192 42 100
192 42 100
192 42 100
192 42 100
192 42 100
192 42 100
192 42 100
192 42 100
192 42 100
192 42 100
192 42 100
192 42 100
192 42 100
192 42 100
192 42 100
192 42 100
192 42 100
192 42 100
192 42 100
192 42 100
192 42 100
192 42 100
192 42 100
192 42 100
192 42 100
192 42 100
192 42 100
192 42 100
192 42 100
192 42 100
192 42 100
193 42 100
193 42 100
193 42 100
193 42 100
193 42 100
193 42 100
193 42 100
193 42 100
193 42 100
193 42 100
193 42 100
193 42 100
193 42 100
193 42 100
193 42 100
193 42 100
193 42 100
193 42 100
193 42 100
193 42 100
193 42 100
193 42 100
193 42 100
193 42 100
193 42 100
193 42 100
193 42 100
193 42 100
193 42 100
193 42 100
193 42 100
193 42 100
193 42 100
193 42 100
193 42 100
193 42 100
193 42 100
193 42 100
193 42 100
193 42 100
193 42 100
193 43 100
193 43 100
193 43 100
193 43 100
193 43 100
193 43 100
193 43 100
193 43 100
193 43 100
193 43 100
193 43 100
193 43 100
193 43 100
193 43 100
193 43 100
193 43 100
193 43 100
193 43 100
193 43 100
193 43 100
193 43 100
193 43 100
193 43 100
193 43 100
193 43 100
193 43 100
193 43 100
193 43 100
193 43 100
193 43 100
193 43 100
193 43 100
193 43 100
193 43 100
193 43 100
193 43 100
193 43 100
193 43 100
193 43 100
193 43 100
193 43 100
193 44 100
193 44 100
193 44 100
193 44 100
193 44 100
193 44 100
193 44 100
193 44 100
193 44 100
193 44 100
193 44 100
193 44 100
193 44 100
193 44 100
193 44 100
193 44 100
193 44 100
193 44 100
193 44 100
193 44 100
193 44 100
193 44 100
193 44 100
193 44 100
193 44 100
193 44 100
193 44 100
193 44 100
193 44 100
193 44 100
193 44 100
193 44 100
193 44 100
193 44 100
193 44 100
193 44 100
193 44 100
193 44 100
193 44 100
193 44 100
193 45 100
193 45 100
193 45 100
193 45 100
193 45 100
193 45 100
193 45 100
193 45 100
193 45 100
193 45 100
193 45 100
193 45 100
193 45 100
193 45 100
193 45 100
193 45 100
193 45 100
193 45 100
193 45 100
193 45 100
193 45 100
193 45 100
193 45 100
193 45 100
193 45 100
193 45 100
193 45 100
193 45 100
193 45 100
193 45 100
193 45 100
193 45 100
193 45 100
193 45 100
193 45 100
193 45 100
193 45 100
193 45 100
193 46 100
193 46 100
193 46 100
193 46 100
193 46 100
193 46 100
193 46 100
193 46 100
193 46 100
193 46 100
193 46 100
193 46 100
193 46 100
193 46 100
193 46 100
193 46 100
193 46 100
193 46 100
193 46 100
193 46 100
193 46 100
193 46 100
193 46 100
193 46 100
193 46 100
193 46 100
193 46 100
193 46 100
193 46 100
193 46 100
193 46 100
193 46 100
193 46 100
193 46 100
193 46 100
193 46 100
193 47 100
193 47 100
193 47 100
193 47 100
193 47 100
193 47 100
193 47 100
193 47 100
193 47 100
193 47 100
193 47 100
193 47 100
193 47 100
193 47 100
193 47 100
193 47 100
193 47 100
193 47 100
193 47 100
193 47 100
193 47 100
193 47 100
193 47 100
193 47 100
193 47 100
193 47 100
193 47 100
193 47 100
193 47 100
193 47 100
193 47 100
193 47 100
193 47 100
193 48 100
193 48 100
193 48 100
193 48 100
193 48 100
193 48 100
193 48 100
193 48 100
193 48 100
193 48 100
193 48 100
193 48 100
193 48 100
193 48 100
193 48 100
193 48 100
193 48 100
193 48 100
193 48 100
193 48 100
193 48 100
193 48 100
193 48 100
193 48 100
193 48 100
193 48 100
193 48 100
193 48 100
193 48 100
193 48 100
193 49 100
193 49 100
193 49 100
193 49 100
193 49 100
193 49 100
193 49 100
193 49 100
193 49 100
193 49 100
193 49 100
193 49 100
193 49 100
193 49 100
193 49 100
193 49 100
193 49 100
193 49 100
193 49 100
193 49 100
193 49 100
193 49 100
193 49 100
193 49 100
193 49 100
193 49 100
193 49 100
193 50 100
193 50 100
193 50 100
193 50 100
193 50 100
193 50 100
193 50 100
193 50 100
193 50 100
193 50 100
193 50 100
193 50 100
193 50 100
193 50 100
193 50 100
193 50 100
193 50 100
193 50 100
193 50 100
193 50 100
193 50 100
193 50 100
193 50 100
193 51 100
193 51 100
193 51 100
193 51 100
193 51 100
193 51 100
193 51 100
193 51 100
193 51 100
193 51 100
193 51 100
193 51 100
193 51 100
193 51 100
193 51 100
193 51 100
193 51 100
193 51 100
193 51 100
193 52 100
193 52 100
193 52 100
193 52 100
193 52 100
193 52 100
193 52 100
193 52 100
193 52 100
193 52 100
193 52 100
193 52 100
193 52 100
193 52 100
193 52 100
193 52 100
193 53 100
193 53 100
193 53 100
193 53 100
193 53 100
193 53 100
193 53 100
193 53 100
193 53 100
193 53 100
193 53 100
193 53 100
193 54 100
193 54 100
193 54 100
193 54 100
193 54 100
193 54 100
193 54 100
193 54 100
193 54 100
193 55 100
193 55 100
193 55 100
193 55 100
193 55 100
193 55 100
193 56 100
193 56 100
193 56 100
193 56 100
193 57 100
193 57 100
193 57 100
193 58 100
193 58 100
193 59 100
193 60 100
193 61 100
193 62 100
193 63 100
193 64 100
193 65 100
193 66 100
193 67 100
193 68 100
193 69 100
# move from (14,95) to (193,69)
14 95 100
15 95 100
16 95 100
17 95 100
18 95 100
19 95 100
20 95 100
21 95 100
22 95 100
23 95 100
24 95 100
25 95 100
26 95 100
27 95 100
28 95 100
28 95 100
29 95 100
29 95 100
30 95 100
30 95 100
31 95 100
31 95 100
32 95 100
32 95 100
33 95 100
33 95 100
34 95 100
34 95 100
35 95 100
35 95 100
36 95 100
36 95 100
37 95 100
37 95 100
38 95 100
38 95 100
39 95 100
39 95 100
40 95 100
41 95 100
42 95 100
43 95 100
44 95 100
45 95 100
46 95 100
47 95 100
48 95 100
49 95 100
50 95 100
51 95 100
52 95 100
53 95 100
54 95 100
55 95 100
56 95 100
57 95 100
58 95 100
59 95 100
60 95 100
61 95 100
62 95 100
63 95 100
64 95 100
65 95 100
66 95 100
67 95 100
68 95 100
69 95 100
70 95 100
71 95 100
72 95 100
73 95 100
74 95 100
75 95 100
76 95 100
77 95 100
78 95 100
79 95 100
80 95 100
81 95 100
82 95 100
83 95 100
84 95 100
85 95 100
86 95 100
87 95 100
88 95 100
89 95 100
90 95 100
91 95 100
92 95 100
92 95 100
93 95 100
93 95 100
94 95 100
94 95 100
95 95 100
95 95 100
96 95 100
96 95 100
97 95 100
97 95 100
98 95 100
98 95 100
99 95 100
100 95 100
101 95 100
102 95 100
103 95 100
104 95 100
105 95 100
106 95 100
107 95 100
108 95 100
109 95 100
110 95 100
111 95 100
112 95 100
113 95 100
114 95 100
115 95 100
116 95 100
117 95 100
118 95 100
119 95 100
120 95 100
121 95 100
122 95 100
123 95 100
124 95 100
125 95 100
126 95 100
127 95 100
128 95 100
129 95 100
130 95 100
130 95 100
131 95 100
131 95 100
132 95 100
132 95 100
133 95 100
133 95 100
134 95 100
134 95 100
135 95 100
135 95 100
136 95 100
136 95 100
136 95 100
137 95 100
137 95 100
137 95 100
137 95 100
138 95 100
138 95 100
138 95 100
138 95 100
138 95 100
139 95 100
139 95 100
139 95 100
139 95 100
139 95 100
139 95 100
140 95 100
140 95 100
140 95 100
140 95 100
140 95 100
140 95 100
140 95 100
140 95 100
140 95 100
141 95 100
141 95 100
141 95 100
141 95 100
141 95 100
141 95 100
141 95 100
141 95 100
141 95 100
141 95 100
141 95 100
141 95 100
142 95 100
142 95 100
142 95 100
142 95 100
142 95 100
142 95 100
142 95 100
142 95 100
142 95 100
142 95 100
142 95 100
142 95 100
142 95 100
142 95 100
142 95 100
143 95 100
143 95 100
143 95 100
143 95 100
143 95 100
143 95 100
143 95 100
143 95 100
143 95 100
143 95 100
143 95 100
143 95 100
143 95 100
143 95 100
143 95 100
143 95 100
143 95 100
143 95 100
143 95 100
144 95 100
144 95 100
144 95 100
144 95 100
144 95 100
144 95 100
144 95 100
144 95 100
144 95 100
144 95 100
144 95 100
144 95 100
144 95 100
144 95 100
144 95 100
144 95 100
144 95 100
144 95 100
144 95 100
144 95 100
144 95 100
144 95 100
144 95 100
145 95 100
145 95 100
145 95 100
145 95 100
145 95 100
145 95 100
145 95 100
145 95 100
145 95 100
145 95 100
145 95 100
145 95 100
145 95 100
145 95 100
145 95 100
145 95 100
145 95 100
145 95 100
145 95 100
145 95 100
145 95 100
145 95 100
145 95 100
145 95 100
145 95 100
145 95 100
146 95 100
146 95 100
146 95 100
146 95 100
146 95 100
146 95 100
146 95 100
146 95 100
146 95 100
146 95 100
146 95 100
146 95 100
146 95 100
146 95 100
146 95 100
146 95 100
146 95 100
146 95 100
146 95 100
146 95 100
146 95 100
146 95 100
146 95 100
146 95 100
146 95 100
146 95 100
146 95 100
146 95 100
146 95 100
146 95 100
147 95 100
147 95 100
147 95 100
147 95 100
147 95 100
147 95 100
147 95 100
147 95 100
147 95 100
147 95 100
147 95 100
147 95 100
147 95 100
147 95 100
147 95 100
147 95 100
147 95 100
147 95 100
147 95 100
147 95 100
147 95 100
147 95 100
147 95 100
147 95 100
147 95 100
147 95 100
147 95 100
147 95 100
147 95 100
147 95 100
147 95 100
147 95 100
147 95 100
148 95 100
148 95 100
148 95 100
148 95 100
148 95 100
148 95 100
148 95 100
148 95 100
148 95 100
148 95 100
148 95 100
148 95 100
148 95 100
148 95 100
148 95 100
148 95 100
148 95 100
148 95 100
148 95 100
148 95 100
148 95 100
148 95 100
148 95 100
148 95 100
148 95 100
148 95 100
148 95 100
148 95 100
148 95 100
148 95 100
148 95 100
148 95 100
148 95 100
148 95 100
148 95 100
149 95 100
149 95 100
149 95 100
149 95 100
149 95 100
149 95 100
149 95 100
149 95 100
149 95 100
149 95 100
149 95 100
149 95 100
149 95 100
149 95 100
149 95 100
149 95 100
149 95 100
149 95 100
149 95 100
149 95 100
149 95 100
149 95 100
149 95 100
149 95 100
149 95 100
149 95 100
149 95 100
149 95 100
149 95 100
149 95 100
149 95 100
149 95 100
149 95 100
149 95 100
149 95 100
149 95 100
149 95 100
149 95 100
150 95 100
150 95 100
150 95 100
150 95 100
150 95 100
150 95 100
150 95 100
150 95 100
150 95 100
150 95 100
150 95 100
150 95 100
150 95 100
150 95 100
150 95 100
150 95 100
150 95 100
150 95 100
150 95 100
150 95 100
150 95 100
150 95 100
150 95 100
150 95 100
150 95 100
150 95 100
150 95 100
150 95 100
150 95 100
150 95 100
150 95 100
150 95 100
150 95 100
150 95 100
150 95 100
150 95 100
150 95 100
150 95 100
150 95 100
151 95 100
151 95 100
151 95 100
151 95 100
151 95 100
151 95 100
151 95 100
151 95 100
151 95 100
151 95 100
151 95 100
151 95 100
151 95 100
151 95 100
151 95 100
151 95 100
151 95 100
151 95 100
151 95 100
151 95 100
151 95 100
151 95 100
151 95 100
151 95 100
151 95 100
151 95 100
151 95 100
151 95 100
151 95 100
151 95 100
151 95 100
151 95 100
151 95 100
151 95 100
151 95 100
151 95 100
151 95 100
151 95 100
151 95 100
151 95 100
151 95 100
152 95 100
152 95 100
152 95 100
152 95 100
152 95 100
152 95 100
152 95 100
152 95 100
152 95 100
152 95 100
152 95 100
152 95 100
152 95 100
152 95 100
152 95 100
152 95 100
152 95 100
152 95 100
152 95 100
152 95 100
152 95 100
152 95 100
152 95 100
152 95 100
152 95 100
152 95 100
152 95 100
152 95 100
152 95 100
152 95 100
152 95 100
152 95 100
152 95 100
152 95 100
152 95 100
152 95 100
152 95 100
152 95 100
152 95 100
152 95 100
152 95 100
153 95 100
153 95 100
153 95 100
153 95 100
153 95 100
153 95 100
153 95 100
153 95 100
153 95 100
153 95 100
153 95 100
153 95 100
153 95 100
153 95 100
153 95 100
153 95 100
153 95 100
153 95 100
153 95 100
153 95 100
153 95 100
153 95 100
153 95 100
153 95 100
153 95 100
153 95 100
153 95 100
153 95 100
153 95 100
153 95 100
153 95 100
153 95 100
153 95 100
153 95 100
153 95 100
153 95 100
153 95 100
153 95 100
153 95 100
153 95 100
153 95 100
154 95 100
154 95 100
154 95 100
154 95 100
154 95 100
154 95 100
154 95 100
154 95 100
154 95 100
154 95 100
154 95 100
154 95 100
154 95 100
154 95 100
154 95 100
154 95 100
154 95 100
154 95 100
154 95 100
154 95 100
154 95 100
154 95 100
154 95 100
154 95 100
154 95 100
154 95 100
154 95 100
154 95 100
154 95 100
154 95 100
154 95 100
154 95 100
154 95 100
154 95 100
154 95 100
154 95 100
154 95 100
154 95 100
154 95 100
154 95 100
155 95 100
155 95 100
155 95 100
155 95 100
155 95 100
155 95 100
155 95 100
155 95 100
155 95 100
155 95 100
155 95 100
155 95 100
155 95 100
155 95 100
155 95 100
155 95 100
155 95 100
155 95 100
155 95 100
155 95 100
155 95 100
155 95 100
155 95 100
155 95 100
155 95 100
155 95 100
155 95 100
155 95 100
155 95 100
155 95 100
155 95 100
155 95 100
155 95 100
155 95 100
155 95 100
155 95 100
155 95 100
155 95 100
155 95 100
156 95 100
156 95 100
156 95 100
156 95 100
156 95 100
156 95 100
156 95 100
156 95 100
156 95 100
156 95 100
156 95 100
156 95 100
156 95 100
156 95 100
156 95 100
156 95 100
156 95 100
156 95 100
156 95 100
156 95 100
156 95 100
156 95 100
156 95 100
156 95 100
156 95 100
156 95 100
156 95 100
156 95 100
156 95 100
156 95 100
156 95 100
156 95 100
156 95 100
156 95 100
156 95 100
156 95 100
156 95 100
157 95 100
157 95 100
157 95 100
157 95 100
157 95 100
157 95 100
157 95 100
157 95 100
157 95 100
157 95 100
157 95 100
157 95 100
157 95 100
157 95 100
157 95 100
157 95 100
157 95 100
157 95 100
157 95 100
157 95 100
157 95 100
157 95 100
157 95 100
157 95 100
157 95 100
157 95 100
157 95 100
157 95 100
157 95 100
157 95 100
157 95 100
157 95 100
157 95 100
157 95 100
157 95 100
158 95 100
158 95 100
158 95 100
158 95 100
158 95 100
158 95 100
158 95 100
158 95 100
158 95 100
158 95 100
158 95 100
158 95 100
158 95 100
158 95 100
158 95 100
158 95 100
158 95 100
158 95 100
158 95 100
158 95 100
158 95 100
158 95 100
158 95 100
158 95 100
158 95 100
158 95 100
158 95 100
158 95 100
158 95 100
158 95 100
158 95 100
158 95 100
159 95 100
159 95 100
159 95 100
159 95 100
159 95 100
159 95 100
159 95 100
159 95 100
159 95 100
159 95 100
159 95 100
159 95 100
159 95 100
159 95 100
159 95 100
159 95 100
159 95 100
159 95 100
159 95 100
159 95 100
159 95 100
159 95 100
159 95 100
159 95 100
159 95 100
159 95 100
159 95 100
159 95 100
159 95 100
160 95 100
160 95 100
160 95 100
160 95 100
160 95 100
160 95 100
160 95 100
160 95 100
160 95 100
160 95 100
160 95 100
160 95 100
160 95 100
160 95 100
160 95 100
160 95 100
160 95 100
160 95 100
160 95 100
160 95 100
160 95 100
160 95 100
160 95 100
160 95 100
160 95 100
161 95 100
161 95 100
161 95 100
161 95 100
161 95 100
161 95 100
161 95 100
161 95 100
161 95 100
161 95 100
161 95 100
161 95 100
161 95 100
161 95 100
161 95 100
161 95 100
161 95 100
161 95 100
161 95 100
161 95 100
161 95 100
161 95 100
162 95 100
162 95 100
162 95 100
162 95 100
162 95 100
162 95 100
162 95 100
162 95 100
162 95 100
162 95 100
162 95 100
162 95 100
162 95 100
162 95 100
162 95 100
162 95 100
162 95 100
162 95 100
162 95 100
163 95 100
163 95 100
163 95 100
163 95 100
163 95 100
163 95 100
163 95 100
163 95 100
163 95 100
163 95 100
163 95 100
163 95 100
163 95 100
163 95 100
163 95 100
163 95 100
164 95 100
164 95 100
164 95 100
164 95 100
164 95 100
164 95 100
164 95 100
164 95 100
164 95 100
164 95 100
164 95 100
164 95 100
164 95 100
165 95 100
165 95 100
165 95 100
165 95 100
165 95 100
165 95 100
165 95 100
165 95 100
165 95 100
165 95 100
165 95 100
166 95 100
166 95 100
166 95 100
166 95 100
166 95 100
166 95 100
166 95 100
166 95 100
166 95 100
167 95 100
167 95 100
167 95 100
167 95 100
167 95 100
167 95 100
167 95 100
167 95 100
168 95 100
168 95 100
168 95 100
168 95 100
168 95 100
168 95 100
168 95 100
169 95 100
169 95 100
169 95 100
169 95 100
169 95 100
169 95 100
169 95 100
170 95 100
170 95 100
170 95 100
170 95 100
170 95 100
170 95 100
171 95 100
171 95 100
171 95 100
171 95 100
171 95 100
171 95 100
172 95 100
172 95 100
172 95 100
172 95 100
172 95 100
172 95 100
173 95 100
173 95 100
173 95 100
173 95 100
173 95 100
173 95 100
174 95 100
174 95 100
174 95 100
174 95 100
174 95 100
174 95 100
175 95 100
175 95 100
175 95 100
175 95 100
175 95 100
176 95 100
176 95 100
176 95 100
176 95 100
176 95 100
177 95 100
177 95 100
177 95 100
177 95 100
177 95 100
178 95 100
178 95 100
178 95 100
178 95 100
179 95 100
179 95 100
179 95 100
179 95 100
180 95 100
180 95 100
180 95 100
180 95 100
181 95 100
181 95 100
181 95 100
182 95 100
182 95 100
182 95 100
183 95 100
183 95 100
183 95 100
184 95 100
184 95 100
184 95 100
184 95 100
185 95 100
185 95 100
185 95 100
185 95 100
186 95 100
186 95 100
186 95 100
186 95 100
187 95 100
187 95 100
187 95 100
187 95 100
187 95 100
188 95 100
188 95 100
188 95 100
188 95 100
188 95 100
189 95 100
189 95 100
189 95 100
189 95 100
189 95 100
189 95 100
190 95 100
190 95 100
190 95 100
190 95 100
190 95 100
190 95 100
190 95 100
191 95 100
191 95 100
191 95 100
191 95 100
191 95 100
191 95 100
191 95 100
192 95 100
192 95 100
192 95 100
192 95 100
192 95 100
192 95 100
192 95 100
192 95 100
193 95 100
193 95 100
193 95 100
193 95 100
193 95 100
193 95 100
193 95 100
193 95 100
193 95 100
193 94 100
193 94 100
193 94 100
193 94 100
193 94 100
193 94 100
193 94 100
193 93 100
193 93 100
193 93 100
193 93 100
193 93 100
193 93 100
193 92 100
193 92 100
193 92 100
193 92 100
193 91 100
193 91 100
193 91 100
193 90 100
193 90 100
193 89 100
193 89 100
193 88 100
193 87 100
193 86 100
193 85 100
193 84 100
193 83 100
193 82 100
193 81 100
193 80 100
193 79 100
193 78 100
193 77 100
193 76 100
193 75 100
193 74 100
193 73 100
193 72 100
193 71 100
193 70 100
# move from (2,33) to (193,69)
2 33 100
3 33 100
4 33 100
5 33 100
6 33 100
7 33 100
8 33 100
9 33 100
10 33 100
11 33 100
12 33 100
13 33 100
14 33 100
15 33 100
16 33 100
17 33 100
18 33 100
18 33 100
19 33 100
19 33 100
19 33 100
20 33 100
20 33 100
20 33 100
20 33 100
21 33 100
21 33 100
21 33 100
21 33 100
21 33 100
21 33 100
22 33 100
22 33 100
22 33 100
22 33 100
22 33 100
22 33 100
22 33 100
22 33 100
22 33 100
23 33 100
23 33 100
23 33 100
23 33 100
23 33 100
23 33 100
23 33 100
23 33 100
23 33 100
23 33 100
23 33 100
23 33 100
24 33 100
24 33 100
24 33 100
24 33 100
24 33 100
24 33 100
24 33 100
24 33 100
24 33 100
24 33 100
24 33 100
24 33 100
24 33 100
24 33 100
24 33 100
24 33 100
25 33 100
25 33 100
25 33 100
25 33 100
25 33 100
25 33 100
25 33 100
25 33 100
25 33 100
25 33 100
25 33 100
25 33 100
25 33 100
25 33 100
25 33 100
25 33 100
25 33 100
25 33 100
25 33 100
25 33 100
26 33 100
26 33 100
26 33 100
26 33 100
26 33 100
26 33 100
26 33 100
26 33 100
26 33 100
26 33 100
26 33 100
26 33 100
26 33 100
26 33 100
26 33 100
26 33 100
26 33 100
26 33 100
26 33 100
26 33 100
26 33 100
26 33 100
26 33 100
26 33 100
27 33 100
27 33 100
27 33 100
27 33 100
27 33 100
27 33 100
27 33 100
27 33 100
27 33 100
27 33 100
27 33 100
27 33 100
27 33 100
27 33 100
27 33 100
27 33 100
27 33 100
27 33 100
27 33 100
27 33 100
27 33 100
27 33 100
27 33 100
27 33 100
27 33 100
27 33 100
27 33 100
28 33 100
28 33 100
28 33 100
28 33 100
28 33 100
28 33 100
28 33 100
28 33 100
28 33 100
28 33 100
28 33 100
28 33 100
28 33 100
28 33 100
28 33 100
28 33 100
28 33 100
28 33 100
28 33 100
28 33 100
28 33 100
28 33 100
28 33 100
28 33 100
28 33 100
28 33 100
28 33 100
28 33 100
28 33 100
28 33 100
29 33 100
29 33 100
29 33 100
29 33 100
29 33 100
29 33 100
29 33 100
29 33 100
29 33 100
29 33 100
29 33 100
29 33 100
29 33 100
29 33 100
29 33 100
29 33 100
29 33 100
29 33 100
29 33 100
29 33 100
29 33 100
29 33 100
29 33 100
29 33 100
29 33 100
29 33 100
29 33 100
29 33 100
29 33 100
29 33 100
29 33 100
29 33 100
29 33 100
30 33 100
30 33 100
30 33 100
30 33 100
30 33 100
30 33 100
30 33 100
30 33 100
30 33 100
30 33 100
30 33 100
30 33 100
30 33 100
30 33 100
30 33 100
30 33 100
30 33 100
30 33 100
30 33 100
30 33 100
30 33 100
30 33 100
30 33 100
30 33 100
30 33 100
30 33 100
30 33 100
30 33 100
30 33 100
30 33 100
30 33 100
30 33 100
30 33 100
30 33 100
31 33 100
31 33 100
31 33 100
31 33 100
31 33 100
31 33 100
31 33 100
31 33 100
31 33 100
31 33 100
31 33 100
31 33 100
31 33 100
31 33 100
31 33 100
31 33 100
31 33 100
31 33 100
31 33 100
31 33 100
31 33 100
31 33 100
31 33 100
31 33 100
31 33 100
31 33 100
31 33 100
31 33 100
31 33 100
31 33 100
31 33 100
31 33 100
31 33 100
31 33 100
31 33 100
32 33 100
32 33 100
32 33 100
32 33 100
32 33 100
32 33 100
32 33 100
32 33 100
32 33 100
32 33 100
32 33 100
32 33 100
32 33 100
32 33 100
32 33 100
32 33 100
32 33 100
32 33 100
32 33 100
32 33 100
32 33 100
32 33 100
32 33 100
32 33 100
32 33 100
32 33 100
32 33 100
32 33 100
32 33 100
32 33 100
32 33 100
32 33 100
32 33 100
32 33 100
32 33 100
33 33 100
33 33 100
33 33 100
33 33 100
33 33 100
33 33 100
33 33 100
33 33 100
33 33 100
33 33 100
33 33 100
33 33 100
33 33 100
33 33 100
33 33 100
33 33 100
33 33 100
33 33 100
33 33 100
33 33 100
33 33 100
33 33 100
33 33 100
33 33 100
33 33 100
33 33 100
33 33 100
33 33 100
33 33 100
33 33 100
33 33 100
33 33 100
33 33 100
33 33 100
33 33 100
34 33 100
34 33 100
34 33 100
34 33 100
34 33 100
34 33 100
34 33 100
34 33 100
34 33 100
34 33 100
34 33 100
34 33 100
34 33 100
34 33 100
34 33 100
34 33 100
34 33 100
34 33 100
34 33 100
34 33 100
34 33 100
34 33 100
34 33 100
34 33 100
34 33 100
34 33 100
34 33 100
34 33 100
34 33 100
34 33 100
34 33 100
34 33 100
34 33 100
34 33 100
35 33 100
35 33 100
35 33 100
35 33 100
35 33 100
35 33 100
35 33 100
35 33 100
35 33 100
35 33 100
35 33 100
35 33 100
35 33 100
35 33 100
35 33 100
35 33 100
35 33 100
35 33 100
35 33 100
35 33 100
35 33 100
35 33 100
35 33 100
35 33 100
35 33 100
35 33 100
35 33 100
35 33 100
35 33 100
35 33 100
35 33 100
35 33 100
35 33 100
36 33 100
36 33 100
36 33 100
36 33 100
36 33 100
36 33 100
36 33 100
36 33 100
36 33 100
36 33 100
36 33 100
36 33 100
36 33 100
36 33 100
36 33 100
36 33 100
36 33 100
36 33 100
36 33 100
36 33 100
36 33 100
36 33 100
36 33 100
36 33 100
36 33 100
36 33 100
36 33 100
36 33 100
36 33 100
36 33 100
36 33 100
36 33 100
37 33 100
37 33 100
37 33 100
37 33 100
37 33 100
37 33 100
37 33 100
37 33 100
37 33 100
37 33 100
37 33 100
37 33 100
37 33 100
37 33 100
37 33 100
37 33 100
37 33 100
37 33 100
37 33 100
37 33 100
37 33 100
37 33 100
37 33 100
37 33 100
37 33 100
37 33 100
37 33 100
37 33 100
37 33 100
37 33 100
37 33 100
38 33 100
38 33 100
38 33 100
38 33 100
38 33 100
38 33 100
38 33 100
38 33 100
38 33 100
38 33 100
38 33 100
38 33 100
38 33 100
38 33 100
38 33 100
38 33 100
38 33 100
38 33 100
38 33 100
38 33 100
38 33 100
38 33 100
38 33 100
38 33 100
38 33 100
38 33 100
38 33 100
38 33 100
38 33 100
39 33 100
39 33 100
39 33 100
39 33 100
39 33 100
39 33 100
39 33 100
39 33 100
39 33 100
39 33 100
39 33 100
39 33 100
39 33 100
39 33 100
39 33 100
39 33 100
39 33 100
39 33 100
39 33 100
39 33 100
39 33 100
39 33 100
39 33 100
39 33 100
39 33 100
39 33 100
39 33 100
39 33 100
40 33 100
40 33 100
40 33 100
40 33 100
40 33 100
40 33 100
40 33 100
40 33 100
40 33 100
40 33 100
40 33 100
40 33 100
40 33 100
40 33 100
40 33 100
40 33 100
40 33 100
40 33 100
40 33 100
40 33 100
40 33 100
40 33 100
40 33 100
40 33 100
40 33 100
40 33 100
40 33 100
41 33 100
41 33 100
41 33 100
41 33 100
41 33 100
41 33 100
41 33 100
41 33 100
41 33 100
41 33 100
41 33 100
41 33 100
41 33 100
41 33 100
41 33 100
41 33 100
41 33 100
41 33 100
41 33 100
41 33 100
41 33 100
41 33 100
41 33 100
41 33 100
41 33 100
41 33 100
41 33 100
42 33 100
42 33 100
42 33 100
42 33 100
42 33 100
42 33 100
42 33 100
42 33 100
42 33 100
42 33 100
42 33 100
42 33 100
42 33 100
42 33 100
42 33 100
42 33 100
42 33 100
42 33 100
42 33 100
42 33 100
42 33 100
42 33 100
42 33 100
42 33 100
42 33 100
42 33 100
43 33 100
43 33 100
43 33 100
43 33 100
43 33 100
43 33 100
43 33 100
43 33 100
43 33 100
43 33 100
43 33 100
43 33 100
43 33 100
43 33 100
43 33 100
43 33 100
43 33 100
43 33 100
43 33 100
43 33 100
43 33 100
43 33 100
43 33 100
43 33 100
43 33 100
44 33 100
44 33 100
44 33 100
44 33 100
44 33 100
44 33 100
44 33 100
44 33 100
44 33 100
44 33 100
44 33 100
44 33 100
44 33 100
44 33 100
44 33 100
44 33 100
44 33 100
44 33 100
44 33 100
44 33 100
44 33 100
44 33 100
44 33 100
45 33 100
45 33 100
45 33 100
45 33 100
45 33 100
45 33 100
45 33 100
45 33 100
45 33 100
45 33 100
45 33 100
45 33 100
45 33 100
45 33 100
45 33 100
45 33 100
45 33 100
45 33 100
45 33 100
45 33 100
45 33 100
45 33 100
46 33 100
46 33 100
46 33 100
46 33 100
46 33 100
46 33 100
46 33 100
46 33 100
46 33 100
46 33 100
46 33 100
46 33 100
46 33 100
46 33 100
46 33 100
46 33 100
46 33 100
46 33 100
46 33 100
46 33 100
47 33 100
47 33 100
47 33 100
47 33 100
47 33 100
47 33 100
47 33 100
47 33 100
47 33 100
47 33 100
47 33 100
47 33 100
47 33 100
47 33 100
47 33 100
47 33 100
47 33 100
47 33 100
48 33 100
48 33 100
48 33 100
48 33 100
48 33 100
48 33 100
48 33 100
48 33 100
48 33 100
48 33 100
48 33 100
48 33 100
48 33 100
48 33 100
48 33 100
48 33 100
48 33 100
49 33 100
49 33 100
49 33 100
49 33 100
49 33 100
49 33 100
49 33 100
49 33 100
49 33 100
49 33 100
49 33 100
49 33 100
49 33 100
49 33 100
49 33 100
50 33 100
50 33 100
50 33 100
50 33 100
50 33 100
50 33 100
50 33 100
50 33 100
50 33 100
50 33 100
50 33 100
50 33 100
50 33 100
51 33 100
51 33 100
51 33 100
51 33 100
51 33 100
51 33 100
51 33 100
51 33 100
51 33 100
51 33 100
51 33 100
52 33 100
52 33 100
52 33 100
52 33 100
52 33 100
52 33 100
52 33 100
52 33 100
52 33 100
52 33 100
53 33 100
53 33 100
53 33 100
53 33 100
53 33 100
53 33 100
53 33 100
53 33 100
53 33 100
54 33 100
54 33 100
54 33 100
54 33 100
54 33 100
54 33 100
54 33 100
55 33 100
55 33 100
55 33 100
55 33 100
55 33 100
55 33 100
56 33 100
56 33 100
56 33 100
56 33 100
56 33 100
57 33 100
57 33 100
57 33 100
57 33 100
57 33 100
58 33 100
58 33 100
58 33 100
58 33 100
59 33 100
59 33 100
59 33 100
60 33 100
60 33 100
60 33 100
61 33 100
61 33 100
62 33 100
62 33 100
63 33 100
63 33 100
64 33 100
65 33 100
66 33 100
67 33 100
68 33 100
69 33 100
70 33 100
71 33 100
72 33 100
73 33 100
74 33 100
75 33 100
76 33 100
77 33 100
78 33 100
79 33 100
80 33 100
81 33 100
82 33 100
83 33 100
84 33 100
85 33 100
86 33 100
87 33 100
88 33 100
89 33 100
90 33 100
91 33 100
92 33 100
93 33 100
94 33 100
95 33 100
95 33 100
96 33 100
96 33 100
97 33 100
97 33 100
97 33 100
98 33 100
98 33 100
98 33 100
99 33 100
99 33 100
99 33 100
99 33 100
100 33 100
100 33 100
100 33 100
100 33 100
100 33 100
101 33 100
101 33 100
101 33 100
101 33 100
101 33 100
101 33 100
102 33 100
102 33 100
102 33 100
102 33 100
102 33 100
102 33 100
102 33 100
102 33 100
103 33 100
103 33 100
103 33 100
103 33 100
103 33 100
103 33 100
103 33 100
103 33 100
103 33 100
104 33 100
104 33 100
104 33 100
104 33 100
104 33 100
104 33 100
104 33 100
104 33 100
104 33 100
104 33 100
104 33 100
105 33 100
105 33 100
105 33 100
105 33 100
105 33 100
105 33 100
105 33 100
105 33 100
105 33 100
105 33 100
105 33 100
105 33 100
105 33 100
106 33 100
106 33 100
106 33 100
106 33 100
106 33 100
106 33 100
106 33 100
106 33 100
106 33 100
106 33 100
106 33 100
106 33 100
106 33 100
106 33 100
106 33 100
107 33 100
107 33 100
107 33 100
107 33 100
107 33 100
107 33 100
107 33 100
107 33 100
107 33 100
107 33 100
107 33 100
107 33 100
107 33 100
107 33 100
107 33 100
107 33 100
107 33 100
108 33 100
108 33 100
108 33 100
108 33 100
108 33 100
108 33 100
108 33 100
108 33 100
108 33 100
108 33 100
108 33 100
108 33 100
108 33 100
108 33 100
108 33 100
108 33 100
108 33 100
108 33 100
108 33 100
109 33 100
109 33 100
109 33 100
109 33 100
109 33 100
109 33 100
109 33 100
109 33 100
109 33 100
109 33 100
109 33 100
109 33 100
109 33 100
109 33 100
109 33 100
109 33 100
109 33 100
109 33 100
109 33 100
109 33 100
109 33 100
110 33 100
110 33 100
110 33 100
110 33 100
110 33 100
110 33 100
110 33 100
110 33 100
110 33 100
110 33 100
110 33 100
110 33 100
110 33 100
110 33 100
110 33 100
110 33 100
110 33 100
110 33 100
110 33 100
110 33 100
110 33 100
110 33 100
110 33 100
111 33 100
111 33 100
111 33 100
111 33 100
111 33 100
111 33 100
111 33 100
111 33 100
111 33 100
111 33 100
111 33 100
111 33 100
111 33 100
111 33 100
111 33 100
111 33 100
111 33 100
111 33 100
111 33 100
111 33 100
111 33 100
111 33 100
111 33 100
111 33 100
111 33 100
111 33 100
112 33 100
112 33 100
112 33 100
112 33 100
112 33 100
112 33 100
112 33 100
112 33 100
112 33 100
112 33 100
112 33 100
112 33 100
112 33 100
112 33 100
112 33 100
112 33 100
112 33 100
112 33 100
112 33 100
112 33 100
112 33 100
112 33 100
112 33 100
112 33 100
112 33 100
112 33 100
112 33 100
113 33 100
113 33 100
113 33 100
113 33 100
113 33 100
113 33 100
113 33 100
113 33 100
113 33 100
113 33 100
113 33 100
113 33 100
113 33 100
113 33 100
113 33 100
113 33 100
113 33 100
113 33 100
113 33 100
113 33 100
113 33 100
113 33 100
113 33 100
113 33 100
113 33 100
113 33 100
113 33 100
113 33 100
113 33 100
114 33 100
114 33 100
114 33 100
114 33 100
114 33 100
114 33 100
114 33 100
114 33 100
114 33 100
114 33 100
114 33 100
114 33 100
114 33 100
114 33 100
114 33 100
114 33 100
114 33 100
114 33 100
114 33 100
114 33 100
114 33 100
114 33 100
114 33 100
114 33 100
114 33 100
114 33 100
114 33 100
114 33 100
114 33 100
114 33 100
115 33 100
115 33 100
115 33 100
115 33 100
115 33 100
115 33 100
115 33 100
115 33 100
115 33 100
115 33 100
115 33 100
115 33 100
115 33 100
115 33 100
115 33 100
115 33 100
115 33 100
115 33 100
115 33 100
115 33 100
115 33 100
115 33 100
115 33 100
115 33 100
115 33 100
115 33 100
115 33 100
115 33 100
115 33 100
115 33 100
115 33 100
116 33 100
116 33 100
116 33 100
116 33 100
116 33 100
116 33 100
116 33 100
116 33 100
116 33 100
116 33 100
116 33 100
116 33 100
116 33 100
116 33 100
116 33 100
116 33 100
116 33 100
116 33 100
116 33 100
116 33 100
116 33 100
116 33 100
116 33 100
116 33 100
116 33 100
116 33 100
116 33 100
116 33 100
116 33 100
116 33 100
116 33 100
116 33 100
117 33 100
117 33 100
117 33 100
117 33 100
117 33 100
117 33 100
117 33 100
117 33 100
117 33 100
117 33 100
117 33 100
117 33 100
117 33 100
117 33 100
117 33 100
117 33 100
117 33 100
117 33 100
117 33 100
117 33 100
117 33 100
117 33 100
117 33 100
117 33 100
117 33 100
117 33 100
117 33 100
117 33 100
117 33 100
117 33 100
117 33 100
117 33 100
117 33 100
118 33 100
118 33 100
118 33 100
118 33 100
118 33 100
118 33 100
118 33 100
118 33 100
118 33 100
118 33 100
118 33 100
118 33 100
118 33 100
118 33 100
118 33 100
118 33 100
118 33 100
118 33 100
118 33 100
118 33 100
118 33 100
118 33 100
118 33 100
118 33 100
118 33 100
118 33 100
118 33 100
118 33 100
118 33 100
118 33 100
118 33 100
118 33 100
118 33 100
119 33 100
119 33 100
119 33 100
119 33 100
119 33 100
119 33 100
119 33 100
119 33 100
119 33 100
119 33 100
119 33 100
119 33 100
119 33 100
119 33 100
119 33 100
119 33 100
119 33 100
119 33 100
119 33 100
119 33 100
119 33 100
119 33 100
119 33 100
119 33 100
119 33 100
119 33 100
119 33 100
119 33 100
119 33 100
119 33 100
119 33 100
119 33 100
119 33 100
120 33 100
120 33 100
120 33 100
120 33 100
120 33 100
120 33 100
120 33 100
120 33 100
120 33 100
120 33 100
120 33 100
120 33 100
120 33 100
120 33 100
120 33 100
120 33 100
120 33 100
120 33 100
120 33 100
120 33 100
120 33 100
120 33 100
120 33 100
120 33 100
120 33 100
120 33 100
120 33 100
120 33 100
120 33 100
120 33 100
120 33 100
120 33 100
121 33 100
121 33 100
121 33 100
121 33 100
121 33 100
121 33 100
121 33 100
121 33 100
121 33 100
121 33 100
121 33 100
121 33 100
121 33 100
121 33 100
121 33 100
121 33 100
121 33 100
121 33 100
121 33 100
121 33 100
121 33 100
121 33 100
121 33 100
121 33 100
121 33 100
121 33 100
121 33 100
121 33 100
121 33 100
121 33 100
122 33 100
122 33 100
122 33 100
122 33 100
122 33 100
122 33 100
122 33 100
122 33 100
122 33 100
122 33 100
122 33 100
122 33 100
122 33 100
122 33 100
122 33 100
122 33 100
122 33 100
122 33 100
122 33 100
122 33 100
122 33 100
122 33 100
122 33 100
122 33 100
122 33 100
122 33 100
122 33 100
122 33 100
123 33 100
123 33 100
123 33 100
123 33 100
123 33 100
123 33 100
123 33 100
123 33 100
123 33 100
123 33 100
123 33 100
123 33 100
123 33 100
123 33 100
123 33 100
123 33 100
123 33 100
123 33 100
123 33 100
123 33 100
123 33 100
123 33 100
123 33 100
123 33 100
123 33 100
123 33 100
124 33 100
124 33 100
124 33 100
124 33 100
124 33 100
124 33 100
124 33 100
124 33 100
124 33 100
124 33 100
124 33 100
124 33 100
124 33 100
124 33 100
124 33 100
124 33 100
124 33 100
124 33 100
124 33 100
124 33 100
124 33 100
124 33 100
124 33 100
125 33 100
125 33 100
125 33 100
125 33 100
125 33 100
125 33 100
125 33 100
125 33 100
125 33 100
125 33 100
125 33 100
125 33 100
125 33 100
125 33 100
125 33 100
125 33 100
125 33 100
125 33 100
125 33 100
125 33 100
126 33 100
126 33 100
126 33 100
126 33 100
126 33 100
126 33 100
126 33 100
126 33 100
126 33 100
126 33 100
126 33 100
126 33 100
126 33 100
126 33 100
126 33 100
126 33 100
126 33 100
127 33 100
127 33 100
127 33 100
127 33 100
127 33 100
127 33 100
127 33 100
127 33 100
127 33 100
127 33 100
127 33 100
127 33 100
127 33 100
127 33 100
128 33 100
128 33 100
128 33 100
128 33 100
128 33 100
128 33 100
128 33 100
128 33 100
128 33 100
128 33 100
128 33 100
128 33 100
129 33 100
129 33 100
129 33 100
129 33 100
129 33 100
129 33 100
129 33 100
129 33 100
129 33 100
129 33 100
130 33 100
130 33 100
130 33 100
130 33 100
130 33 100
130 33 100
130 33 100
130 33 100
131 33 100
131 33 100
131 33 100
131 33 100
131 33 100
131 33 100
131 33 100
132 33 100
132 33 100
132 33 100
132 33 100
132 33 100
132 33 100
133 33 100
133 33 100
133 33 100
133 33 100
133 33 100
134 33 100
134 33 100
134 33 100
134 33 100
135 33 100
135 33 100
135 33 100
135 33 100
136 33 100
136 33 100
136 33 100
137 33 100
137 33 100
137 33 100
138 33 100
138 33 100
138 33 100
139 33 100
139 33 100
140 33 100
140 33 100
141 33 100
141 33 100
142 33 100
143 33 100
144 33 100
145 33 100
146 33 100
147 33 100
148 33 100
149 33 100
150 33 100
151 33 100
152 33 100
153 33 100
154 33 100
155 33 100
156 33 100
157 33 100
158 33 100
159 33 100
160 33 100
160 33 100
161 33 100
161 33 100
162 33 100
162 33 100
163 33 100
163 33 100
163 33 100
164 33 100
164 33 100
164 33 100
165 33 100
165 33 100
165 33 100
165 33 100
166 33 100
166 33 100
166 33 100
166 33 100
167 33 100
167 33 100
167 33 100
167 33 100
167 33 100
168 33 100
168 33 100
168 33 100
168 33 100
168 33 100
168 33 100
168 33 100
169 33 100
169 33 100
169 33 100
169 33 100
169 33 100
169 33 100
169 33 100
169 33 100
170 33 100
170 33 100
170 33 100
170 33 100
170 33 100
170 33 100
170 33 100
170 33 100
170 33 100
170 33 100
171 33 100
171 33 100
171 33 100
171 33 100
171 33 100
171 33 100
171 33 100
171 33 100
171 33 100
171 33 100
171 33 100
171 33 100
171 33 100
172 33 100
172 33 100
172 33 100
172 33 100
172 33 100
172 33 100
172 33 100
172 33 100
172 33 100
172 33 100
172 33 100
172 33 100
172 33 100
172 33 100
172 33 100
172 33 100
173 33 100
173 33 100
173 33 100
173 33 100
173 33 100
173 33 100
173 33 100
173 33 100
173 33 100
173 33 100
173 33 100
173 33 100
173 33 100
173 33 100
173 33 100
173 33 100
173 33 100
173 33 100
173 33 100
174 33 100
174 33 100
174 33 100
174 33 100
174 33 100
174 33 100
174 33 100
174 33 100
174 33 100
174 33 100
174 33 100
174 33 100
174 33 100
174 33 100
174 33 100
174 33 100
174 33 100
174 33 100
174 33 100
174 33 100
174 33 100
174 33 100
174 33 100
175 33 100
175 33 100
175 33 100
175 33 100
175 33 100
175 33 100
175 33 100
175 33 100
175 33 100
175 33 100
175 33 100
175 33 100
175 33 100
175 33 100
175 33 100
175 33 100
175 33 100
175 33 100
175 33 100
175 33 100
175 33 100
175 33 100
175 33 100
175 33 100
175 33 100
175 33 100
176 33 100
176 33 100
176 33 100
176 33 100
176 33 100
176 33 100
176 33 100
176 33 100
176 33 100
176 33 100
176 33 100
176 33 100
176 33 100
176 33 100
176 33 100
176 33 100
176 33 100
176 33 100
176 33 100
176 33 100
176 33 100
176 33 100
176 33 100
176 33 100
176 33 100
176 33 100
176 33 100
176 33 100
176 33 100
177 33 100
177 33 100
177 33 100
177 33 100
177 33 100
177 33 100
177 33 100
177 33 100
177 33 100
177 33 100
177 33 100
177 33 100
177 33 100
177 33 100
177 33 100
177 33 100
177 33 100
177 33 100
177 33 100
177 33 100
177 33 100
177 33 100
177 33 100
177 33 100
177 33 100
177 33 100
177 33 100
177 33 100
177 33 100
177 33 100
177 33 100
178 33 100
178 33 100
178 33 100
178 33 100
178 33 100
178 33 100
178 33 100
178 33 100
178 33 100
178 33 100
178 33 100
178 33 100
178 33 100
178 33 100
178 33 100
178 33 100
178 33 100
178 33 100
178 33 100
178 33 100
178 33 100
178 33 100
178 33 100
178 33 100
178 33 100
178 33 100
178 33 100
178 33 100
178 33 100
178 33 100
178 33 100
178 33 100
178 33 100
179 33 100
179 33 100
179 33 100
179 33 100
179 33 100
179 33 100
179 33 100
179 33 100
179 33 100
179 33 100
179 33 100
179 33 100
179 33 100
179 33 100
179 33 100
179 33 100
179 33 100
179 33 100
179 33 100
179 33 100
179 33 100
179 33 100
179 33 100
179 33 100
179 33 100
179 33 100
179 33 100
179 33 100
179 33 100
179 33 100
179 33 100
179 33 100
179 33 100
179 33 100
179 33 100
180 33 100
180 33 100
180 33 100
180 33 100
180 33 100
180 33 100
180 33 100
180 33 100
180 33 100
180 33 100
180 33 100
180 33 100
180 33 100
180 33 100
180 33 100
180 33 100
180 33 100
180 33 100
180 33 100
180 33 100
180 33 100
180 33 100
180 33 100
180 33 100
180 33 100
180 33 100
180 33 100
180 33 100
180 33 100
180 33 100
180 33 100
180 33 100
180 33 100
180 33 100
180 33 100
180 33 100
181 33 100
181 33 100
181 33 100
181 33 100
181 33 100
181 33 100
181 33 100
181 33 100
181 33 100
181 33 100
181 33 100
181 33 100
181 33 100
181 33 100
181 33 100
181 33 100
181 33 100
181 33 100
181 33 100
181 33 100
181 33 100
181 33 100
181 33 100
181 33 100
181 33 100
181 33 100
181 33 100
181 33 100
181 33 100
181 33 100
181 33 100
181 33 100
181 33 100
181 33 100
181 33 100
181 33 100
181 33 100
182 33 100
182 33 100
182 33 100
182 33 100
182 33 100
182 33 100
182 33 100
182 33 100
182 33 100
182 33 100
182 33 100
182 33 100
182 33 100
182 33 100
182 33 100
182 33 100
182 33 100
182 33 100
182 33 100
182 33 100
182 33 100
182 33 100
182 33 100
182 33 100
182 33 100
182 33 100
182 33 100
182 33 100
182 33 100
182 33 100
182 33 100
182 33 100
182 33 100
182 33 100
182 33 100
182 33 100
182 33 100
182 33 100
182 33 100
183 33 100
183 33 100
183 33 100
183 33 100
183 33 100
183 33 100
183 33 100
183 33 100
183 33 100
183 33 100
183 33 100
183 33 100
183 33 100
183 33 100
183 33 100
183 33 100
183 33 100
183 33 100
183 33 100
183 33 100
183 33 100
183 33 100
183 33 100
183 33 100
183 33 100
183 33 100
183 33 100
183 33 100
183 33 100
183 33 100
183 33 100
183 33 100
183 33 100
183 33 100
183 33 100
183 33 100
183 33 100
183 33 100
183 33 100
183 33 100
184 33 100
184 33 100
184 33 100
184 33 100
184 33 100
184 33 100
184 33 100
184 33 100
184 33 100
184 33 100
184 33 100
184 33 100
184 33 100
184 33 100
184 33 100
184 33 100
184 33 100
184 33 100
184 33 100
184 33 100
184 33 100
184 33 100
184 33 100
184 33 100
184 33 100
184 33 100
184 33 100
184 33 100
184 33 100
184 33 100
184 33 100
184 33 100
184 33 100
184 33 100
184 33 100
184 33 100
184 33 100
184 33 100
184 33 100
184 33 100
184 33 100
185 33 100
185 33 100
185 33 100
185 33 100
185 33 100
185 33 100
185 33 100
185 33 100
185 33 100
185 33 100
185 33 100
185 33 100
185 33 100
185 33 100
185 33 100
185 33 100
185 33 100
185 33 100
185 33 100
185 33 100
185 33 100
185 33 100
185 33 100
185 33 100
185 33 100
185 33 100
185 33 100
185 33 100
185 33 100
185 33 100
185 33 100
185 33 100
185 33 100
185 33 100
185 33 100
185 33 100
185 33 100
185 33 100
185 33 100
185 33 100
185 33 100
185 33 100
186 33 100
186 33 100
186 33 100
186 33 100
186 33 100
186 33 100
186 33 100
186 33 100
186 33 100
186 33 100
186 33 100
186 33 100
186 33 100
186 33 100
186 33 100
186 33 100
186 33 100
186 33 100
186 33 100
186 33 100
186 33 100
186 33 100
186 33 100
186 33 100
186 33 100
186 33 100
186 33 100
186 33 100
186 33 100
186 33 100
186 33 100
186 33 100
186 33 100
186 33 100
186 33 100
186 33 100
186 33 100
186 33 100
186 33 100
186 33 100
186 33 100
186 33 100
186 33 100
187 33 100
187 33 100
187 33 100
187 33 100
187 33 100
187 33 100
187 33 100
187 33 100
187 33 100
187 33 100
187 33 100
187 33 100
187 33 100
187 33 100
187 33 100
187 33 100
187 33 100
187 33 100
187 33 100
187 33 100
187 33 100
187 33 100
187 33 100
187 33 100
187 33 100
187 33 100
187 33 100
187 33 100
187 33 100
187 33 100
187 33 100
187 33 100
187 33 100
187 33 100
187 33 100
187 33 100
187 33 100
187 33 100
187 33 100
187 33 100
187 33 100
187 33 100
187 33 100
188 33 100
188 33 100
188 33 100
188 33 100
188 33 100
188 33 100
188 33 100
188 33 100
188 33 100
188 33 100
188 33 100
188 33 100
188 33 100
188 33 100
188 33 100
188 33 100
188 33 100
188 33 100
188 33 100
188 33 100
188 33 100
188 33 100
188 33 100
188 33 100
188 33 100
188 33 100
188 33 100
188 33 100
188 33 100
188 33 100
188 33 100
188 33 100
188 33 100
188 33 100
188 33 100
188 33 100
188 33 100
188 33 100
188 33 100
188 33 100
188 33 100
188 33 100
188 33 100
189 33 100
189 33 100
189 33 100
189 33 100
189 33 100
189 33 100
189 33 100
189 33 100
189 33 100
189 33 100
189 33 100
189 33 100
189 33 100
189 33 100
189 33 100
189 33 100
189 33 100
189 33 100
189 33 100
189 33 100
189 33 100
189 33 100
189 33 100
189 33 100
189 33 100
189 33 100
189 33 100
189 33 100
189 33 100
189 33 100
189 33 100
189 33 100
189 33 100
189 33 100
189 33 100
189 33 100
189 33 100
189 33 100
189 33 100
189 33 100
189 33 100
189 33 100
189 33 100
189 33 100
190 33 100
190 33 100
190 33 100
190 33 100
190 33 100
190 33 100
190 33 100
190 33 100
190 33 100
190 33 100
190 33 100
190 33 100
190 33 100
190 33 100
190 33 100
190 33 100
190 33 100
190 33 100
190 33 100
190 33 100
190 33 100
190 33 100
190 33 100
190 33 100
190 33 100
190 33 100
190 33 100
190 33 100
190 33 100
190 33 100
190 33 100
190 33 100
190 33 100
190 33 100
190 33 100
190 33 100
190 33 100
190 33 100
190 33 100
190 33 100
190 33 100
190 33 100
190 33 100
191 33 100
191 33 100
191 33 100
191 33 100
191 33 100
191 33 100
191 33 100
191 33 100
191 33 100
191 33 100
191 33 100
191 33 100
191 33 100
191 33 100
191 33 100
191 33 100
191 33 100
191 33 100
191 33 100
191 33 100
191 33 100
191 33 100
191 33 100
191 33 100
191 33 100
191 33 100
191 33 100
191 33 100
191 33 100
191 33 100
191 33 100
191 33 100
191 33 100
191 33 100
191 33 100
191 33 100
191 33 100
191 33 100
191 33 100
191 33 100
191 33 100
191 33 100
191 33 100
192 33 100
192 33 100
192 33 100
192 33 100
192 33 100
192 33 100
192 33 100
192 33 100
192 33 100
192 33 100
192 33 100
192 33 100
192 33 100
192 33 100
192 33 100
192 33 100
192 33 100
192 33 100
192 33 100
192 33 100
192 33 100
192 33 100
192 33 100
192 33 100
192 33 100
192 33 100
192 33 100
192 33 100
192 33 100
192 33 100
192 33 100
192 33 100
192 33 100
192 33 100
192 33 100
192 33 100
192 33 100
192 33 100
192 33 100
192 33 100
192 33 100
192 33 100
193 33 100
193 33 100
193 33 100
193 33 100
193 33 100
193 33 100
193 33 100
193 33 100
193 33 100
193 33 100
193 33 100
193 33 100
193 33 100
193 33 100
193 33 100
193 33 100
193 33 100
193 33 100
193 33 100
193 33 100
193 33 100
193 33 100
193 33 100
193 33 100
193 33 100
193 33 100
193 33 100
193 33 100
193 33 100
193 33 100
193 33 100
193 33 100
193 33 100
193 33 100
193 33 100
193 33 100
193 33 100
193 33 100
193 33 100
193 33 100
193 33 100
193 34 100
193 34 100
193 34 100
193 34 100
193 34 100
193 34 100
193 34 100
193 34 100
193 34 100
193 34 100
193 34 100
193 34 100
193 34 100
193 34 100
193 34 100
193 34 100
193 34 100
193 34 100
193 34 100
193 34 100
193 34 100
193 34 100
193 34 100
193 34 100
193 34 100
193 34 100
193 34 100
193 34 100
193 34 100
193 34 100
193 34 100
193 34 100
193 34 100
193 34 100
193 34 100
193 34 100
193 34 100
193 34 100
193 34 100
193 34 100
193 34 100
193 35 100
193 35 100
193 35 100
193 35 100
193 35 100
193 35 100
193 35 100
193 35 100
193 35 100
193 35 100
193 35 100
193 35 100
193 35 100
193 35 100
193 35 100
193 35 100
193 35 100
193 35 100
193 35 100
193 35 100
193 35 100
193 35 100
193 35 100
193 35 100
193 35 100
193 35 100
193 35 100
193 35 100
193 35 100
193 35 100
193 35 100
193 35 100
193 35 100
193 35 100
193 35 100
193 35 100
193 35 100
193 35 100
193 35 100
193 35 100
193 35 100
193 36 100
193 36 100
193 36 100
193 36 100
193 36 100
193 36 100
193 36 100
193 36 100
193 36 100
193 36 100
193 36 100
193 36 100
193 36 100
193 36 100
193 36 100
193 36 100
193 36 100
193 36 100
193 36 100
193 36 100
193 36 100
193 36 100
193 36 100
193 36 100
193 36 100
193 36 100
193 36 100
193 36 100
193 36 100
193 36 100
193 36 100
193 36 100
193 36 100
193 36 100
193 36 100
193 36 100
193 36 100
193 36 100
193 36 100
193 36 100
193 36 100
193 36 100
193 37 100
193 37 100
193 37 100
193 37 100
193 37 100
193 37 100
193 37 100
193 37 100
193 37 100
193 37 100
193 37 100
193 37 100
193 37 100
193 37 100
193 37 100
193 37 100
193 37 100
193 37 100
193 37 100
193 37 100
193 37 100
193 37 100
193 37 100
193 37 100
193 37 100
193 37 100
193 37 100
193 37 100
193 37 100
193 37 100
193 37 100
193 37 100
193 37 100
193 37 100
193 37 100
193 37 100
193 37 100
193 37 100
193 37 100
193 37 100
193 37 100
193 37 100
193 38 100
193 38 100
193 38 100
193 38 100
193 38 100
193 38 100
193 38 100
193 38 100
193 38 100
193 38 100
193 38 100
193 38 100
193 38 100
193 38 100
193 38 100
193 38 100
193 38 100
193 38 100
193 38 100
193 38 100
193 38 100
193 38 100
193 38 100
193 38 100
193 38 100
193 38 100
193 38 100
193 38 100
193 38 100
193 38 100
193 38 100
193 38 100
193 38 100
193 38 100
193 38 100
193 38 100
193 38 100
193 38 100
193 38 100
193 38 100
193 38 100
193 38 100
193 39 100
193 39 100
193 39 100
193 39 100
193 39 100
193 39 100
193 39 100
193 39 100
193 39 100
193 39 100
193 39 100
193 39 100
193 39 100
193 39 100
193 39 100
193 39 100
193 39 100
193 39 100
193 39 100
193 39 100
193 39 100
193 39 100
193 39 100
193 39 100
193 39 100
193 39 100
193 39 100
193 39 100
193 39 100
193 39 100
193 39 100
193 39 100
193 39 100
193 39 100
193 39 100
193 39 100
193 39 100
193 39 100
193 39 100
193 39 100
193 39 100
193 39 100
193 40 100
193 40 100
193 40 100
193 40 100
193 40 100
193 40 100
193 40 100
193 40 100
193 40 100
193 40 100
193 40 100
193 40 100
193 40 100
193 40 100
193 40 100
193 40 100
193 40 100
193 40 100
193 40 100
193 40 100
193 40 100
193 40 100
193 40 100
193 40 100
193 40 100
193 40 100
193 40 100
193 40 100
193 40 100
193 40 100
193 40 100
193 40 100
193 40 100
193 40 100
193 40 100
193 40 100
193 40 100
193 40 100
193 40 100
193 40 100
193 40 100
193 40 100
193 41 100
193 41 100
193 41 100
193 41 100
193 41 100
193 41 100
193 41 100
193 41 100
193 41 100
193 41 100
193 41 100
193 41 100
193 41 100
193 41 100
193 41 100
193 41 100
193 41 100
193 41 100
193 41 100
193 41 100
193 41 100
193 41 100
193 41 100
193 41 100
193 41 100
193 41 100
193 41 100
193 41 100
193 41 100
193 41 100
193 41 100
193 41 100
193 41 100
193 41 100
193 41 100
193 41 100
193 41 100
193 41 100
193 41 100
193 41 100
193 41 100
193 41 100
# move from (166,128) to (193,69)
166 128 100
167 128 100
168 128 100
169 128 100
170 128 100
171 128 100
172 128 100
173 128 100
174 128 100
175 128 100
176 128 100
177 128 100
178 128 100
179 128 100
180 128 100
181 128 100
182 128 100
183 128 100
184 128 100
185 128 100
186 128 100
187 128 100
188 128 100
189 128 100
190 128 100
191 128 100
191 128 100
192 128 100
192 128 100
193 128 100
193 128 100
193 127 100
193 127 100
193 126 100
193 126 100
193 125 100
193 125 100
193 124 100
193 124 100
193 123 100
193 122 100
193 121 100
193 120 100
193 119 100
193 118 100
193 117 100
193 117 100
193 116 100
193 116 100
193 115 100
193 115 100
193 114 100
193 114 100
193 113 100
193 113 100
193 113 100
193 112 100
193 112 100
193 112 100
193 111 100
193 111 100
193 111 100
193 111 100
193 110 100
193 110 100
193 110 100
193 110 100
193 110 100
193 109 100
193 109 100
193 109 100
193 109 100
193 109 100
193 109 100
193 108 100
193 108 100
193 108 100
193 108 100
193 108 100
193 108 100
193 108 100
193 107 100
193 107 100
193 107 100
193 107 100
193 107 100
193 107 100
193 107 100
193 107 100
193 107 100
193 106 100
193 106 100
193 106 100
193 106 100
193 106 100
193 106 100
193 106 100
193 106 100
193 106 100
193 106 100
193 105 100
193 105 100
193 105 100
193 105 100
193 105 100
193 105 100
193 105 100
193 105 100
193 105 100
193 105 100
193 105 100
193 104 100
193 104 100
193 104 100
193 104 100
193 104 100
193 104 100
193 104 100
193 104 100
193 104 100
193 104 100
193 104 100
193 104 100
193 103 100
193 103 100
193 103 100
193 103 100
193 103 100
193 103 100
193 103 100
193 103 100
193 103 100
193 103 100
193 103 100
193 103 100
193 102 100
193 102 100
193 102 100
193 102 100
193 102 100
193 102 100
193 102 100
193 102 100
193 102 100
193 102 100
193 102 100
193 102 100
193 102 100
193 101 100
193 101 100
193 101 100
193 101 100
193 101 100
193 101 100
193 101 100
193 101 100
193 101 100
193 101 100
193 101 100
193 101 100
193 101 100
193 100 100
193 100 100
193 100 100
193 100 100
193 100 100
193 100 100
193 100 100
193 100 100
193 100 100
193 100 100
193 100 100
193 100 100
193 100 100
193 99 100
193 99 100
193 99 100
193 99 100
193 99 100
193 99 100
193 99 100
193 99 100
193 99 100
193 99 100
193 99 100
193 99 100
193 99 100
193 98 100
193 98 100
193 98 100
193 98 100
193 98 100
193 98 100
193 98 100
193 98 100
193 98 100
193 98 100
193 98 100
193 98 100
193 98 100
193 97 100
193 97 100
193 97 100
193 97 100
193 97 100
193 97 100
193 97 100
193 97 100
193 97 100
193 97 100
193 97 100
193 97 100
193 96 100
193 96 100
193 96 100
193 96 100
193 96 100
193 96 100
193 96 100
193 96 100
193 96 100
193 96 100
193 96 100
# move from (131,173) to (193,69)
131 173 100
132 173 100
133 173 100
134 173 100
135 173 100
136 173 100
137 173 100
137 173 100
138 173 100
138 173 100
139 173 100
139 173 100
140 173 100
140 173 100
140 173 100
141 173 100
141 173 100
141 173 100
141 173 100
142 173 100
142 173 100
142 173 100
142 173 100
143 173 100
143 173 100
143 173 100
143 173 100
143 173 100
143 173 100
144 173 100
144 173 100
144 173 100
144 173 100
144 173 100
144 173 100
144 173 100
145 173 100
145 173 100
145 173 100
145 173 100
145 173 100
145 173 100
145 173 100
145 173 100
145 173 100
146 173 100
146 173 100
146 173 100
146 173 100
146 173 100
146 173 100
146 173 100
146 173 100
146 173 100
146 173 100
146 173 100
147 173 100
147 173 100
147 173 100
147 173 100
147 173 100
147 173 100
147 173 100
147 173 100
147 173 100
147 173 100
147 173 100
147 173 100
148 173 100
148 173 100
148 173 100
148 173 100
148 173 100
148 173 100
148 173 100
148 173 100
148 173 100
148 173 100
148 173 100
148 173 100
148 173 100
148 173 100
149 173 100
149 173 100
149 173 100
149 173 100
149 173 100
149 173 100
149 173 100
149 173 100
149 173 100
149 173 100
149 173 100
149 173 100
149 173 100
149 173 100
150 173 100
150 173 100
150 173 100
150 173 100
150 173 100
150 173 100
150 173 100
150 173 100
150 173 100
150 173 100
150 173 100
150 173 100
150 173 100
150 173 100
150 173 100
151 173 100
151 173 100
151 173 100
151 173 100
151 173 100
151 173 100
151 173 100
151 173 100
151 173 100
151 173 100
151 173 100
151 173 100
151 173 100
151 173 100
152 173 100
152 173 100
152 173 100
152 173 100
152 173 100
152 173 100
152 173 100
152 173 100
152 173 100
152 173 100
152 173 100
152 173 100
152 173 100
153 173 100
153 173 100
153 173 100
153 173 100
153 173 100
153 173 100
153 173 100
153 173 100
153 173 100
153 173 100
153 173 100
153 173 100
154 173 100
154 173 100
154 173 100
154 173 100
154 173 100
154 173 100
154 173 100
154 173 100
154 173 100
154 173 100
154 173 100
155 173 100
155 173 100
155 173 100
155 173 100
155 173 100
155 173 100
155 173 100
155 173 100
155 173 100
156 173 100
156 173 100
156 173 100
156 173 100
156 173 100
156 173 100
156 173 100
156 173 100
157 173 100
157 173 100
157 173 100
157 173 100
157 173 100
157 173 100
157 173 100
158 173 100
158 173 100
158 173 100
158 173 100
158 173 100
158 173 100
159 173 100
159 173 100
159 173 100
159 173 100
159 173 100
160 173 100
160 173 100
160 173 100
160 173 100
161 173 100
161 173 100
161 173 100
161 173 100
162 173 100
162 173 100
162 173 100
163 173 100
163 173 100
163 173 100
164 173 100
164 173 100
164 173 100
165 173 100
165 173 100
165 173 100
166 173 100
166 173 100
166 173 100
167 173 100
167 173 100
167 173 100
168 173 100
168 173 100
168 173 100
169 173 100
169 173 100
169 173 100
170 173 100
170 173 100
170 173 100
171 173 100
171 173 100
171 173 100
172 173 100
172 173 100
173 173 100
173 173 100
174 173 100
174 173 100
175 173 100
175 173 100
176 173 100
176 173 100
177 173 100
177 173 100
178 173 100
178 173 100
179 173 100
179 173 100
180 173 100
181 173 100
181 173 100
182 173 100
182 173 100
183 173 100
183 173 100
184 173 100
184 173 100
185 173 100
185 173 100
186 173 100
186 173 100
187 173 100
187 173 100
187 173 100
188 173 100
188 173 100
188 173 100
189 173 100
189 173 100
189 173 100
190 173 100
190 173 100
190 173 100
190 173 100
191 173 100
191 173 100
191 173 100
191 173 100
192 173 100
192 173 100
192 173 100
192 173 100
192 173 100
193 173 100
193 173 100
193 173 100
193 173 100
193 173 100
193 173 100
193 172 100
193 172 100
193 172 100
193 172 100
193 172 100
193 172 100
193 171 100
193 171 100
193 171 100
193 171 100
193 171 100
193 171 100
193 170 100
193 170 100
193 170 100
193 170 100
193 170 100
193 170 100
193 169 100
193 169 100
193 169 100
193 169 100
193 169 100
193 169 100
193 168 100
193 168 100
193 168 100
193 168 100
193 168 100
193 168 100
193 167 100
193 167 100
193 167 100
193 167 100
193 167 100
193 167 100
193 166 100
193 166 100
193 166 100
193 166 100
193 166 100
193 166 100
193 165 100
193 165 100
193 165 100
193 165 100
193 165 100
193 165 100
193 164 100
193 164 100
193 164 100
193 164 100
193 164 100
193 163 100
193 163 100
193 163 100
193 163 100
193 163 100
193 162 100
193 162 100
193 162 100
193 162 100
193 162 100
193 161 100
193 161 100
193 161 100
193 161 100
193 161 100
193 160 100
193 160 100
193 160 100
193 160 100
193 160 100
193 159 100
193 159 100
193 159 100
193 159 100
193 158 100
193 158 100
193 158 100
193 158 100
193 157 100
193 157 100
193 157 100
193 157 100
193 156 100
193 156 100
193 156 100
193 155 100
193 155 100
193 155 100
193 154 100
193 154 100
193 154 100
193 153 100
193 153 100
193 152 100
193 152 100
193 151 100
193 151 100
193 150 100
193 150 100
193 149 100
193 149 100
193 148 100
193 148 100
193 147 100
193 147 100
193 146 100
193 146 100
193 145 100
193 145 100
193 144 100
193 144 100
193 143 100
193 143 100
193 142 100
193 142 100
193 141 100
193 141 100
193 140 100
193 140 100
193 139 100
193 139 100
193 138 100
193 138 100
193 137 100
193 137 100
193 136 100
193 136 100
193 135 100
193 135 100
193 135 100
193 134 100
193 134 100
193 134 100
193 133 100
193 133 100
193 133 100
193 132 100
193 132 100
193 132 100
193 131 100
193 131 100
193 131 100
193 130 100
193 130 100
193 129 100
193 129 100
# move from (151,14) to (193,69)
151 14 100
152 14 100
153 14 100
154 14 100
155 14 100
156 14 100
157 14 100
158 14 100
159 14 100
160 14 100
161 14 100
162 14 100
163 14 100
164 14 100
165 14 100
166 14 100
167 14 100
168 14 100
169 14 100
169 14 100
170 14 100
170 14 100
171 14 100
171 14 100
172 14 100
172 14 100
172 14 100
173 14 100
173 14 100
173 14 100
173 14 100
174 14 100
174 14 100
174 14 100
174 14 100
175 14 100
175 14 100
175 14 100
175 14 100
175 14 100
176 14 100
176 14 100
176 14 100
176 14 100
176 14 100
176 14 100
176 14 100
177 14 100
177 14 100
177 14 100
177 14 100
177 14 100
177 14 100
177 14 100
177 14 100
178 14 100
178 14 100
178 14 100
178 14 100
178 14 100
178 14 100
178 14 100
178 14 100
178 14 100
179 14 100
179 14 100
179 14 100
179 14 100
179 14 100
179 14 100
179 14 100
179 14 100
179 14 100
180 14 100
180 14 100
180 14 100
180 14 100
180 14 100
180 14 100
180 14 100
180 14 100
180 14 100
180 14 100
181 14 100
181 14 100
181 14 100
181 14 100
181 14 100
181 14 100
181 14 100
181 14 100
181 14 100
181 14 100
181 14 100
182 14 100
182 14 100
182 14 100
182 14 100
182 14 100
182 14 100
182 14 100
182 14 100
182 14 100
182 14 100
182 14 100
182 14 100
183 14 100
183 14 100
183 14 100
183 14 100
183 14 100
183 14 100
183 14 100
183 14 100
183 14 100
183 14 100
183 14 100
183 14 100
183 14 100
184 14 100
184 14 100
184 14 100
184 14 100
184 14 100
184 14 100
184 14 100
184 14 100
184 14 100
184 14 100
184 14 100
184 14 100
184 14 100
184 14 100
185 14 100
185 14 100
185 14 100
185 14 100
185 14 100
185 14 100
185 14 100
185 14 100
185 14 100
185 14 100
185 14 100
185 14 100
185 14 100
185 14 100
185 14 100
186 14 100
186 14 100
186 14 100
186 14 100
186 14 100
186 14 100
186 14 100
186 14 100
186 14 100
186 14 100
186 14 100
186 14 100
186 14 100
186 14 100
186 14 100
186 14 100
187 14 100
187 14 100
187 14 100
187 14 100
187 14 100
187 14 100
187 14 100
187 14 100
187 14 100
187 14 100
187 14 100
187 14 100
187 14 100
187 14 100
187 14 100
187 14 100
187 14 100
188 14 100
188 14 100
188 14 100
188 14 100
188 14 100
188 14 100
188 14 100
188 14 100
188 14 100
188 14 100
188 14 100
188 14 100
188 14 100
188 14 100
188 14 100
188 14 100
188 14 100
188 14 100
189 14 100
189 14 100
189 14 100
189 14 100
189 14 100
189 14 100
189 14 100
189 14 100
189 14 100
189 14 100
189 14 100
189 14 100
189 14 100
189 14 100
189 14 100
189 14 100
189 14 100
189 14 100
190 14 100
190 14 100
190 14 100
190 14 100
190 14 100
190 14 100
190 14 100
190 14 100
190 14 100
190 14 100
190 14 100
190 14 100
190 14 100
190 14 100
190 14 100
190 14 100
190 14 100
190 14 100
191 14 100
191 14 100
191 14 100
191 14 100
191 14 100
191 14 100
191 14 100
191 14 100
191 14 100
191 14 100
191 14 100
191 14 100
191 14 100
191 14 100
191 14 100
191 14 100
191 14 100
191 14 100
192 14 100
192 14 100
192 14 100
192 14 100
192 14 100
192 14 100
192 14 100
192 14 100
192 14 100
192 14 100
192 14 100
192 14 100
192 14 100
192 14 100
192 14 100
192 14 100
192 14 100
192 14 100
193 14 100
193 14 100
193 14 100
193 14 100
193 14 100
193 14 100
193 14 100
193 14 100
193 14 100
193 14 100
193 14 100
193 14 100
193 14 100
193 14 100
193 14 100
193 14 100
193 14 100
193 15 100
193 15 100
193 15 100
193 15 100
193 15 100
193 15 100
193 15 100
193 15 100
193 15 100
193 15 100
193 15 100
193 15 100
193 15 100
193 15 100
193 15 100
193 15 100
193 15 100
193 15 100
193 16 100
193 16 100
193 16 100
193 16 100
193 16 100
193 16 100
193 16 100
193 16 100
193 16 100
193 16 100
193 16 100
193 16 100
193 16 100
193 16 100
193 16 100
193 16 100
193 16 100
193 16 100
193 16 100
193 16 100
193 17 100
193 17 100
193 17 100
193 17 100
193 17 100
193 17 100
193 17 100
193 17 100
193 17 100
193 17 100
193 17 100
193 17 100
193 17 100
193 17 100
193 17 100
193 17 100
193 17 100
193 17 100
193 17 100
193 17 100
193 17 100
193 17 100
193 18 100
193 18 100
193 18 100
193 18 100
193 18 100
193 18 100
193 18 100
193 18 100
193 18 100
193 18 100
193 18 100
193 18 100
193 18 100
193 18 100
193 18 100
193 18 100
193 18 100
193 18 100
193 18 100
193 18 100
193 18 100
193 18 100
193 18 100
193 18 100
193 19 100
193 19 100
193 19 100
193 19 100
193 19 100
193 19 100
193 19 100
193 19 100
193 19 100
193 19 100
193 19 100
193 19 100
193 19 100
193 19 100
193 19 100
193 19 100
193 19 100
193 19 100
193 19 100
193 19 100
193 19 100
193 19 100
193 19 100
193 19 100
193 19 100
193 19 100
193 20 100
193 20 100
193 20 100
193 20 100
193 20 100
193 20 100
193 20 100
193 20 100
193 20 100
193 20 100
193 20 100
193 20 100
193 20 100
193 20 100
193 20 100
193 20 100
193 20 100
193 20 100
193 20 100
193 20 100
193 20 100
193 20 100
193 20 100
193 20 100
193 20 100
193 20 100
193 20 100
193 20 100
193 21 100
193 21 100
193 21 100
193 21 100
193 21 100
193 21 100
193 21 100
193 21 100
193 21 100
193 21 100
193 21 100
193 21 100
193 21 100
193 21 100
193 21 100
193 21 100
193 21 100
193 21 100
193 21 100
193 21 100
193 21 100
193 21 100
193 21 100
193 21 100
193 21 100
193 21 100
193 21 100
193 21 100
193 21 100
193 21 100
193 22 100
193 22 100
193 22 100
193 22 100
193 22 100
193 22 100
193 22 100
193 22 100
193 22 100
193 22 100
193 22 100
193 22 100
193 22 100
193 22 100
193 22 100
193 22 100
193 22 100
193 22 100
193 22 100
193 22 100
193 22 100
193 22 100
193 22 100
193 22 100
193 22 100
193 22 100
193 22 100
193 22 100
193 22 100
193 22 100
193 22 100
193 23 100
193 23 100
193 23 100
193 23 100
193 23 100
193 23 100
193 23 100
193 23 100
193 23 100
193 23 100
193 23 100
193 23 100
193 23 100
193 23 100
193 23 100
193 23 100
193 23 100
193 23 100
193 23 100
193 23 100
193 23 100
193 23 100
193 23 100
193 23 100
193 23 100
193 23 100
193 23 100
193 23 100
193 23 100
193 23 100
193 23 100
193 23 100
193 24 100
193 24 100
193 24 100
193 24 100
193 24 100
193 24 100
193 24 100
193 24 100
193 24 100
193 24 100
193 24 100
193 24 100
193 24 100
193 24 100
193 24 100
193 24 100
193 24 100
193 24 100
193 24 100
193 24 100
193 24 100
193 24 100
193 24 100
193 24 100
193 24 100
193 24 100
193 24 100
193 24 100
193 24 100
193 24 100
193 24 100
193 24 100
193 24 100
193 25 100
193 25 100
193 25 100
193 25 100
193 25 100
193 25 100
193 25 100
193 25 100
193 25 100
193 25 100
193 25 100
193 25 100
193 25 100
193 25 100
193 25 100
193 25 100
193 25 100
193 25 100
193 25 100
193 25 100
193 25 100
193 25 100
193 25 100
193 25 100
193 25 100
193 25 100
193 25 100
193 25 100
193 25 100
193 25 100
193 25 100
193 25 100
193 25 100
193 25 100
193 26 100
193 26 100
193 26 100
193 26 100
193 26 100
193 26 100
193 26 100
193 26 100
193 26 100
193 26 100
193 26 100
193 26 100
193 26 100
193 26 100
193 26 100
193 26 100
193 26 100
193 26 100
193 26 100
193 26 100
193 26 100
193 26 100
193 26 100
193 26 100
193 26 100
193 26 100
193 26 100
193 26 100
193 26 100
193 26 100
193 26 100
193 26 100
193 26 100
193 26 100
193 26 100
193 27 100
193 27 100
193 27 100
193 27 100
193 27 100
193 27 100
193 27 100
193 27 100
193 27 100
193 27 100
193 27 100
193 27 100
193 27 100
193 27 100
193 27 100
193 27 100
193 27 100
193 27 100
193 27 100
193 27 100
193 27 100
193 27 100
193 27 100
193 27 100
193 27 100
193 27 100
193 27 100
193 27 100
193 27 100
193 27 100
193 27 100
193 27 100
193 27 100
193 27 100
193 27 100
193 27 100
193 28 100
193 28 100
193 28 100
193 28 100
193 28 100
193 28 100
193 28 100
193 28 100
193 28 100
193 28 100
193 28 100
193 28 100
193 28 100
193 28 100
193 28 100
193 28 100
193 28 100
193 28 100
193 28 100
193 28 100
193 28 100
193 28 100
193 28 100
193 28 100
193 28 100
193 28 100
193 28 100
193 28 100
193 28 100
193 28 100
193 28 100
193 28 100
193 28 100
193 28 100
193 28 100
193 28 100
193 28 100
193 29 100
193 29 100
193 29 100
193 29 100
193 29 100
193 29 100
193 29 100
193 29 100
193 29 100
193 29 100
193 29 100
193 29 100
193 29 100
193 29 100
193 29 100
193 29 100
193 29 100
193 29 100
193 29 100
193 29 100
193 29 100
193 29 100
193 29 100
193 29 100
193 29 100
193 29 100
193 29 100
193 29 100
193 29 100
193 29 100
193 29 100
193 29 100
193 29 100
193 29 100
193 29 100
193 29 100
193 29 100
193 29 100
193 30 100
193 30 100
193 30 100
193 30 100
193 30 100
193 30 100
193 30 100
193 30 100
193 30 100
193 30 100
193 30 100
193 30 100
193 30 100
193 30 100
193 30 100
193 30 100
193 30 100
193 30 100
193 30 100
193 30 100
193 30 100
193 30 100
193 30 100
193 30 100
193 30 100
193 30 100
193 30 100
193 30 100
193 30 100
193 30 100
193 30 100
193 30 100
193 30 100
193 30 100
193 30 100
193 30 100
193 30 100
193 30 100
193 30 100
193 31 100
193 31 100
193 31 100
193 31 100
193 31 100
193 31 100
193 31 100
193 31 100
193 31 100
193 31 100
193 31 100
193 31 100
193 31 100
193 31 100
193 31 100
193 31 100
193 31 100
193 31 100
193 31 100
193 31 100
193 31 100
193 31 100
193 31 100
193 31 100
193 31 100
193 31 100
193 31 100
193 31 100
193 31 100
193 31 100
193 31 100
193 31 100
193 31 100
193 31 100
193 31 100
193 31 100
193 31 100
193 31 100
193 31 100
193 31 100
193 32 100
193 32 100
193 32 100
193 32 100
193 32 100
193 32 100
193 32 100
193 32 100
193 32 100
193 32 100
193 32 100
193 32 100
193 32 100
193 32 100
193 32 100
193 32 100
193 32 100
193 32 100
193 32 100
193 32 100
193 32 100
193 32 100
193 32 100
193 32 100
193 32 100
193 32 100
193 32 100
193 32 100
193 32 100
193 32 100
193 32 100
193 32 100
193 32 100
193 32 100
193 32 100
193 32 100
193 32 100
193 32 100
193 32 100
193 32 100
# move from (118,108) to (193,69)
118 108 100
118 108 100
118 108 100
118 108 100
118 108 100
118 108 100
119 108 100
119 108 100
119 108 100
119 108 100
119 108 100
119 108 100
120 108 100
120 108 100
120 108 100
120 108 100
120 108 100
120 108 100
121 108 100
121 108 100
121 108 100
121 108 100
121 108 100
122 108 100
122 108 100
122 108 100
122 108 100
122 108 100
123 108 100
123 108 100
123 108 100
123 108 100
124 108 100
124 108 100
124 108 100
124 108 100
125 108 100
125 108 100
125 108 100
125 108 100
126 108 100
126 108 100
126 108 100
126 108 100
127 108 100
127 108 100
127 108 100
127 108 100
128 108 100
128 108 100
128 108 100
128 108 100
129 108 100
129 108 100
129 108 100
129 108 100
129 108 100
130 108 100
130 108 100
130 108 100
130 108 100
130 108 100
131 108 100
131 108 100
131 108 100
131 108 100
131 108 100
131 108 100
132 108 100
132 108 100
132 108 100
132 108 100
132 108 100
132 108 100
133 108 100
133 108 100
133 108 100
133 108 100
133 108 100
133 108 100
133 108 100
134 108 100
134 108 100
134 108 100
134 108 100
134 108 100
134 108 100
134 108 100
134 108 100
135 108 100
135 108 100
135 108 100
135 108 100
135 108 100
135 108 100
135 108 100
135 108 100
135 108 100
135 108 100
136 108 100
136 108 100
136 108 100
136 108 100
136 108 100
136 108 100
136 108 100
136 108 100
136 108 100
136 108 100
136 108 100
136 108 100
137 108 100
137 108 100
137 108 100
137 108 100
137 108 100
137 108 100
137 108 100
137 108 100
137 108 100
137 108 100
137 108 100
137 108 100
137 108 100
137 108 100
138 108 100
138 108 100
138 108 100
138 108 100
138 108 100
138 108 100
138 108 100
138 108 100
138 108 100
138 108 100
138 108 100
138 108 100
138 108 100
138 108 100
138 108 100
138 108 100
138 108 100
139 108 100
139 108 100
139 108 100
139 108 100
139 108 100
139 108 100
139 108 100
139 108 100
139 108 100
139 108 100
139 108 100
139 108 100
139 108 100
139 108 100
139 108 100
139 108 100
139 108 100
139 108 100
139 108 100
139 108 100
140 108 100
140 108 100
140 108 100
140 108 100
140 108 100
140 108 100
140 108 100
140 108 100
140 108 100
140 108 100
140 108 100
140 108 100
140 108 100
140 108 100
140 108 100
140 108 100
140 108 100
140 108 100
140 108 100
140 108 100
140 108 100
140 108 100
140 108 100
141 108 100
141 108 100
141 108 100
141 108 100
141 108 100
141 108 100
141 108 100
141 108 100
141 108 100
141 108 100
141 108 100
141 108 100
141 108 100
141 108 100
141 108 100
141 108 100
141 108 100
141 108 100
141 108 100
141 108 100
141 108 100
141 108 100
141 108 100
141 108 100
141 108 100
142 108 100
142 108 100
142 108 100
142 108 100
142 108 100
142 108 100
142 108 100
142 108 100
142 108 100
142 108 100
142 108 100
142 108 100
142 108 100
142 108 100
142 108 100
142 108 100
142 108 100
142 108 100
142 108 100
142 108 100
142 108 100
142 108 100
142 108 100
142 108 100
142 108 100
142 108 100
142 108 100
142 108 100
143 108 100
143 108 100
143 108 100
143 108 100
143 108 100
143 108 100
143 108 100
143 108 100
143 108 100
143 108 100
143 108 100
143 108 100
143 108 100
143 108 100
143 108 100
143 108 100
143 108 100
143 108 100
143 108 100
143 108 100
143 108 100
143 108 100
143 108 100
143 108 100
143 108 100
143 108 100
143 108 100
143 108 100
143 108 100
143 108 100
144 108 100
144 108 100
144 108 100
144 108 100
144 108 100
144 108 100
144 108 100
144 108 100
144 108 100
144 108 100
144 108 100
144 108 100
144 108 100
144 108 100
144 108 100
144 108 100
144 108 100
144 108 100
144 108 100
144 108 100
144 108 100
144 108 100
144 108 100
144 108 100
144 108 100
144 108 100
144 108 100
144 108 100
144 108 100
144 108 100
144 108 100
144 108 100
145 108 100
145 108 100
145 108 100
145 108 100
145 108 100
145 108 100
145 108 100
145 108 100
145 108 100
145 108 100
145 108 100
145 108 100
145 108 100
145 108 100
145 108 100
145 108 100
145 108 100
145 108 100
145 108 100
145 108 100
145 108 100
145 108 100
145 108 100
145 108 100
145 108 100
145 108 100
145 108 100
145 108 100
145 108 100
145 108 100
145 108 100
145 108 100
145 108 100
146 108 100
146 108 100
146 108 100
146 108 100
146 108 100
146 108 100
146 108 100
146 108 100
146 108 100
146 108 100
146 108 100
146 108 100
146 108 100
146 108 100
146 108 100
146 108 100
146 108 100
146 108 100
146 108 100
146 108 100
146 108 100
146 108 100
146 108 100
146 108 100
146 108 100
146 108 100
146 108 100
146 108 100
146 108 100
146 108 100
146 108 100
146 108 100
146 108 100
147 108 100
147 108 100
147 108 100
147 108 100
147 108 100
147 108 100
147 108 100
147 108 100
147 108 100
147 108 100
147 108 100
147 108 100
147 108 100
147 108 100
147 108 100
147 108 100
147 108 100
147 108 100
147 108 100
147 108 100
147 108 100
147 108 100
147 108 100
147 108 100
147 108 100
147 108 100
147 108 100
147 108 100
147 108 100
147 108 100
147 108 100
147 108 100
147 108 100
147 108 100
148 108 100
148 108 100
148 108 100
148 108 100
148 108 100
148 108 100
148 108 100
148 108 100
148 108 100
148 108 100
148 108 100
148 108 100
148 108 100
148 108 100
148 108 100
148 108 100
148 108 100
148 108 100
148 108 100
148 108 100
148 108 100
148 108 100
148 108 100
148 108 100
148 108 100
148 108 100
148 108 100
148 108 100
148 108 100
148 108 100
148 108 100
148 108 100
148 108 100
148 108 100
148 108 100
149 108 100
149 108 100
149 108 100
149 108 100
149 108 100
149 108 100
149 108 100
149 108 100
149 108 100
149 108 100
149 108 100
149 108 100
149 108 100
149 108 100
149 108 100
149 108 100
149 108 100
149 108 100
149 108 100
149 108 100
149 108 100
149 108 100
149 108 100
149 108 100
149 108 100
149 108 100
149 108 100
149 108 100
149 108 100
149 108 100
149 108 100
149 108 100
149 108 100
149 108 100
149 108 100
150 108 100
150 108 100
150 108 100
150 108 100
150 108 100
150 108 100
150 108 100
150 108 100
150 108 100
150 108 100
150 108 100
150 108 100
150 108 100
150 108 100
150 108 100
150 108 100
150 108 100
150 108 100
150 108 100
150 108 100
150 108 100
150 108 100
150 108 100
150 108 100
150 108 100
150 108 100
150 108 100
150 108 100
150 108 100
150 108 100
150 108 100
150 108 100
150 108 100
150 108 100
150 108 100
151 108 100
151 108 100
151 108 100
151 108 100
151 108 100
151 108 100
151 108 100
151 108 100
151 108 100
151 108 100
151 108 100
151 108 100
151 108 100
151 108 100
151 108 100
151 108 100
151 108 100
151 108 100
151 108 100
151 108 100
151 108 100
151 108 100
151 108 100
151 108 100
151 108 100
151 108 100
151 108 100
151 108 100
151 108 100
151 108 100
151 108 100
151 108 100
151 108 100
151 108 100
151 108 100
151 108 100
152 108 100
152 108 100
152 108 100
152 108 100
152 108 100
152 108 100
152 108 100
152 108 100
152 108 100
152 108 100
152 108 100
152 108 100
152 108 100
152 108 100
152 108 100
152 108 100
152 108 100
152 108 100
152 108 100
152 108 100
152 108 100
152 108 100
152 108 100
152 108 100
152 108 100
152 108 100
152 108 100
152 108 100
152 108 100
152 108 100
152 108 100
152 108 100
152 108 100
152 108 100
152 108 100
152 108 100
153 108 100
153 108 100
153 108 100
153 108 100
153 108 100
153 108 100
153 108 100
153 108 100
153 108 100
153 108 100
153 108 100
153 108 100
153 108 100
153 108 100
153 108 100
153 108 100
153 108 100
153 108 100
153 108 100
153 108 100
153 108 100
153 108 100
153 108 100
153 108 100
153 108 100
153 108 100
153 108 100
153 108 100
153 108 100
153 108 100
153 108 100
153 108 100
153 108 100
153 108 100
153 108 100
153 108 100
154 108 100
154 108 100
154 108 100
154 108 100
154 108 100
154 108 100
154 108 100
154 108 100
154 108 100
154 108 100
154 108 100
154 108 100
154 108 100
154 108 100
154 108 100
154 108 100
154 108 100
154 108 100
154 108 100
154 108 100
154 108 100
154 108 100
154 108 100
154 108 100
154 108 100
154 108 100
154 108 100
154 108 100
154 108 100
154 108 100
154 108 100
154 108 100
154 108 100
154 108 100
154 108 100
155 108 100
155 108 100
155 108 100
155 108 100
155 108 100
155 108 100
155 108 100
155 108 100
155 108 100
155 108 100
155 108 100
155 108 100
155 108 100
155 108 100
155 108 100
155 108 100
155 108 100
155 108 100
155 108 100
155 108 100
155 108 100
155 108 100
155 108 100
155 108 100
155 108 100
155 108 100
155 108 100
155 108 100
155 108 100
155 108 100
155 108 100
155 108 100
155 108 100
155 108 100
156 108 100
156 108 100
156 108 100
156 108 100
156 108 100
156 108 100
156 108 100
156 108 100
156 108 100
156 108 100
156 108 100
156 108 100
156 108 100
156 108 100
156 108 100
156 108 100
156 108 100
156 108 100
156 108 100
156 108 100
156 108 100
156 108 100
156 108 100
156 108 100
156 108 100
156 108 100
156 108 100
156 108 100
156 108 100
156 108 100
156 108 100
156 108 100
157 108 100
157 108 100
157 108 100
157 108 100
157 108 100
157 108 100
157 108 100
157 108 100
157 108 100
157 108 100
157 108 100
157 108 100
157 108 100
157 108 100
157 108 100
157 108 100
157 108 100
157 108 100
157 108 100
157 108 100
157 108 100
157 108 100
157 108 100
157 108 100
157 108 100
157 108 100
157 108 100
157 108 100
157 108 100
157 108 100
158 108 100
158 108 100
158 108 100
158 108 100
158 108 100
158 108 100
158 108 100
158 108 100
158 108 100
158 108 100
158 108 100
158 108 100
158 108 100
158 108 100
158 108 100
158 108 100
158 108 100
158 108 100
158 108 100
158 108 100
158 108 100
158 108 100
158 108 100
158 108 100
158 108 100
158 108 100
158 108 100
158 108 100
159 108 100
159 108 100
159 108 100
159 108 100
159 108 100
159 108 100
159 108 100
159 108 100
159 108 100
159 108 100
159 108 100
159 108 100
159 108 100
159 108 100
159 108 100
159 108 100
159 108 100
159 108 100
159 108 100
159 108 100
159 108 100
159 108 100
159 108 100
159 108 100
159 108 100
160 108 100
160 108 100
160 108 100
160 108 100
160 108 100
160 108 100
160 108 100
160 108 100
160 108 100
160 108 100
160 108 100
160 108 100
160 108 100
160 108 100
160 108 100
160 108 100
160 108 100
160 108 100
160 108 100
160 108 100
160 108 100
161 108 100
161 108 100
161 108 100
161 108 100
161 108 100
161 108 100
161 108 100
161 108 100
161 108 100
161 108 100
161 108 100
161 108 100
161 108 100
161 108 100
161 108 100
161 108 100
161 108 100
161 108 100
162 108 100
162 108 100
162 108 100
162 108 100
162 108 100
162 108 100
162 108 100
162 108 100
162 108 100
162 108 100
162 108 100
162 108 100
162 108 100
162 108 100
163 108 100
163 108 100
163 108 100
163 108 100
163 108 100
163 108 100
163 108 100
163 108 100
163 108 100
163 108 100
163 108 100
163 108 100
164 108 100
164 108 100
164 108 100
164 108 100
164 108 100
164 108 100
164 108 100
164 108 100
164 108 100
165 108 100
165 108 100
165 108 100
165 108 100
165 108 100
165 108 100
165 108 100
166 108 100
166 108 100
166 108 100
166 108 100
166 108 100
167 108 100
167 108 100
167 108 100
167 108 100
168 108 100
168 108 100
168 108 100
169 108 100
169 108 100
169 108 100
170 108 100
170 108 100
171 108 100
171 108 100
172 108 100
173 108 100
174 108 100
175 108 100
176 108 100
177 108 100
178 108 100
179 108 100
180 108 100
181 108 100
182 108 100
183 108 100
184 108 100
185 108 100
186 108 100
187 108 100
188 108 100
188 108 100
189 108 100
189 108 100
190 108 100
190 108 100
190 108 100
191 108 100
191 108 100
191 108 100
191 108 100
191 108 100
192 108 100
192 108 100
192 108 100
192 108 100
192 108 100
192 108 100
# move from (47,15) to (193,69)
47 15 100
48 15 100
49 15 100
50 15 100
51 15 100
52 15 100
53 15 100
54 15 100
55 15 100
56 15 100
57 15 100
58 15 100
59 15 100
60 15 100
61 15 100
62 15 100
63 15 100
64 15 100
65 15 100
66 15 100
67 15 100
68 15 100
69 15 100
70 15 100
71 15 100
72 15 100
73 15 100
74 15 100
75 15 100
76 15 100
77 15 100
78 15 100
79 15 100
80 15 100
81 15 100
82 15 100
83 15 100
84 15 100
85 15 100
85 15 100
86 15 100
86 15 100
87 15 100
87 15 100
88 15 100
88 15 100
88 15 100
89 15 100
89 15 100
89 15 100
89 15 100
90 15 100
90 15 100
90 15 100
90 15 100
90 15 100
91 15 100
91 15 100
91 15 100
91 15 100
91 15 100
91 15 100
92 15 100
92 15 100
92 15 100
92 15 100
92 15 100
92 15 100
92 15 100
93 15 100
93 15 100
93 15 100
93 15 100
93 15 100
93 15 100
93 15 100
93 15 100
93 15 100
94 15 100
94 15 100
94 15 100
94 15 100
94 15 100
94 15 100
94 15 100
94 15 100
94 15 100
94 15 100
94 15 100
95 15 100
95 15 100
95 15 100
95 15 100
95 15 100
95 15 100
95 15 100
95 15 100
95 15 100
95 15 100
95 15 100
95 15 100
95 15 100
95 15 100
96 15 100
96 15 100
96 15 100
96 15 100
96 15 100
96 15 100
96 15 100
96 15 100
96 15 100
96 15 100
96 15 100
96 15 100
96 15 100
96 15 100
96 15 100
96 15 100
96 15 100
97 15 100
97 15 100
97 15 100
97 15 100
97 15 100
97 15 100
97 15 100
97 15 100
97 15 100
97 15 100
97 15 100
97 15 100
97 15 100
97 15 100
97 15 100
97 15 100
97 15 100
97 15 100
97 15 100
97 15 100
98 15 100
98 15 100
98 15 100
98 15 100
98 15 100
98 15 100
98 15 100
98 15 100
98 15 100
98 15 100
98 15 100
98 15 100
98 15 100
98 15 100
98 15 100
98 15 100
98 15 100
98 15 100
98 15 100
98 15 100
98 15 100
98 15 100
98 15 100
99 15 100
99 15 100
99 15 100
99 15 100
99 15 100
99 15 100
99 15 100
99 15 100
99 15 100
99 15 100
99 15 100
99 15 100
99 15 100
99 15 100
99 15 100
99 15 100
99 15 100
99 15 100
99 15 100
99 15 100
99 15 100
99 15 100
99 15 100
99 15 100
99 15 100
99 15 100
99 15 100
100 15 100
100 15 100
100 15 100
100 15 100
100 15 100
100 15 100
100 15 100
100 15 100
100 15 100
100 15 100
100 15 100
100 15 100
100 15 100
100 15 100
100 15 100
100 15 100
100 15 100
100 15 100
100 15 100
100 15 100
100 15 100
100 15 100
100 15 100
100 15 100
100 15 100
100 15 100
100 15 100
100 15 100
100 15 100
100 15 100
101 15 100
101 15 100
101 15 100
101 15 100
101 15 100
101 15 100
101 15 100
101 15 100
101 15 100
101 15 100
101 15 100
101 15 100
101 15 100
101 15 100
101 15 100
101 15 100
101 15 100
101 15 100
101 15 100
101 15 100
101 15 100
101 15 100
101 15 100
101 15 100
101 15 100
101 15 100
101 15 100
101 15 100
101 15 100
101 15 100
101 15 100
101 15 100
102 15 100
102 15 100
102 15 100
102 15 100
102 15 100
102 15 100
102 15 100
102 15 100
102 15 100
102 15 100
102 15 100
102 15 100
102 15 100
102 15 100
102 15 100
102 15 100
102 15 100
102 15 100
102 15 100
102 15 100
102 15 100
102 15 100
102 15 100
102 15 100
102 15 100
102 15 100
102 15 100
102 15 100
102 15 100
102 15 100
102 15 100
102 15 100
102 15 100
102 15 100
103 15 100
103 15 100
103 15 100
103 15 100
103 15 100
103 15 100
103 15 100
103 15 100
103 15 100
103 15 100
103 15 100
103 15 100
103 15 100
103 15 100
103 15 100
103 15 100
103 15 100
103 15 100
103 15 100
103 15 100
103 15 100
103 15 100
103 15 100
103 15 100
103 15 100
103 15 100
103 15 100
103 15 100
103 15 100
103 15 100
103 15 100
103 15 100
103 15 100
103 15 100
103 15 100
103 15 100
104 15 100
104 15 100
104 15 100
104 15 100
104 15 100
104 15 100
104 15 100
104 15 100
104 15 100
104 15 100
104 15 100
104 15 100
104 15 100
104 15 100
104 15 100
104 15 100
104 15 100
104 15 100
104 15 100
104 15 100
104 15 100
104 15 100
104 15 100
104 15 100
104 15 100
104 15 100
104 15 100
104 15 100
104 15 100
104 15 100
104 15 100
104 15 100
104 15 100
104 15 100
104 15 100
104 15 100
104 15 100
105 15 100
105 15 100
105 15 100
105 15 100
105 15 100
105 15 100
105 15 100
105 15 100
105 15 100
105 15 100
105 15 100
105 15 100
105 15 100
105 15 100
105 15 100
105 15 100
105 15 100
105 15 100
105 15 100
105 15 100
105 15 100
105 15 100
105 15 100
105 15 100
105 15 100
105 15 100
105 15 100
105 15 100
105 15 100
105 15 100
105 15 100
105 15 100
105 15 100
105 15 100
105 15 100
105 15 100
105 15 100
106 15 100
106 15 100
106 15 100
106 15 100
106 15 100
106 15 100
106 15 100
106 15 100
106 15 100
106 15 100
106 15 100
106 15 100
106 15 100
106 15 100
106 15 100
106 15 100
106 15 100
106 15 100
106 15 100
106 15 100
106 15 100
106 15 100
106 15 100
106 15 100
106 15 100
106 15 100
106 15 100
106 15 100
106 15 100
106 15 100
106 15 100
106 15 100
106 15 100
106 15 100
106 15 100
106 15 100
106 15 100
107 15 100
107 15 100
107 15 100
107 15 100
107 15 100
107 15 100
107 15 100
107 15 100
107 15 100
107 15 100
107 15 100
107 15 100
107 15 100
107 15 100
107 15 100
107 15 100
107 15 100
107 15 100
107 15 100
107 15 100
107 15 100
107 15 100
107 15 100
107 15 100
107 15 100
107 15 100
107 15 100
107 15 100
107 15 100
107 15 100
107 15 100
107 15 100
107 15 100
107 15 100
107 15 100
107 15 100
108 15 100
108 15 100
108 15 100
108 15 100
108 15 100
108 15 100
108 15 100
108 15 100
108 15 100
108 15 100
108 15 100
108 15 100
108 15 100
108 15 100
108 15 100
108 15 100
108 15 100
108 15 100
108 15 100
108 15 100
108 15 100
108 15 100
108 15 100
108 15 100
108 15 100
108 15 100
108 15 100
108 15 100
108 15 100
108 15 100
108 15 100
108 15 100
108 15 100
108 15 100
108 15 100
109 15 100
109 15 100
109 15 100
109 15 100
109 15 100
109 15 100
109 15 100
109 15 100
109 15 100
109 15 100
109 15 100
109 15 100
109 15 100
109 15 100
109 15 100
109 15 100
109 15 100
109 15 100
109 15 100
109 15 100
109 15 100
109 15 100
109 15 100
109 15 100
109 15 100
109 15 100
109 15 100
109 15 100
109 15 100
109 15 100
109 15 100
109 15 100
109 15 100
109 15 100
110 15 100
110 15 100
110 15 100
110 15 100
110 15 100
110 15 100
110 15 100
110 15 100
110 15 100
110 15 100
110 15 100
110 15 100
110 15 100
110 15 100
110 15 100
110 15 100
110 15 100
110 15 100
110 15 100
110 15 100
110 15 100
110 15 100
110 15 100
110 15 100
110 15 100
110 15 100
110 15 100
110 15 100
110 15 100
110 15 100
110 15 100
110 15 100
110 15 100
111 15 100
111 15 100
111 15 100
111 15 100
111 15 100
111 15 100
111 15 100
111 15 100
111 15 100
111 15 100
111 15 100
111 15 100
111 15 100
111 15 100
111 15 100
111 15 100
111 15 100
111 15 100
111 15 100
111 15 100
111 15 100
111 15 100
111 15 100
111 15 100
111 15 100
111 15 100
111 15 100
111 15 100
111 15 100
111 15 100
111 15 100
112 15 100
112 15 100
112 15 100
112 15 100
112 15 100
112 15 100
112 15 100
112 15 100
112 15 100
112 15 100
112 15 100
112 15 100
112 15 100
112 15 100
112 15 100
112 15 100
112 15 100
112 15 100
112 15 100
112 15 100
112 15 100
112 15 100
112 15 100
112 15 100
112 15 100
112 15 100
112 15 100
112 15 100
112 15 100
113 15 100
113 15 100
113 15 100
113 15 100
113 15 100
113 15 100
113 15 100
113 15 100
113 15 100
113 15 100
113 15 100
113 15 100
113 15 100
113 15 100
113 15 100
113 15 100
113 15 100
113 15 100
113 15 100
113 15 100
113 15 100
113 15 100
113 15 100
113 15 100
113 15 100
113 15 100
114 15 100
114 15 100
114 15 100
114 15 100
114 15 100
114 15 100
114 15 100
114 15 100
114 15 100
114 15 100
114 15 100
114 15 100
114 15 100
114 15 100
114 15 100
114 15 100
114 15 100
114 15 100
114 15 100
114 15 100
114 15 100
114 15 100
114 15 100
114 15 100
115 15 100
115 15 100
115 15 100
115 15 100
115 15 100
115 15 100
115 15 100
115 15 100
115 15 100
115 15 100
115 15 100
115 15 100
115 15 100
115 15 100
115 15 100
115 15 100
115 15 100
115 15 100
115 15 100
115 15 100
115 15 100
115 15 100
116 15 100
116 15 100
116 15 100
116 15 100
116 15 100
116 15 100
116 15 100
116 15 100
116 15 100
116 15 100
116 15 100
116 15 100
116 15 100
116 15 100
116 15 100
116 15 100
116 15 100
116 15 100
116 15 100
116 15 100
117 15 100
117 15 100
117 15 100
117 15 100
117 15 100
117 15 100
117 15 100
117 15 100
117 15 100
117 15 100
117 15 100
117 15 100
117 15 100
117 15 100
117 15 100
117 15 100
117 15 100
117 15 100
118 15 100
118 15 100
118 15 100
118 15 100
118 15 100
118 15 100
118 15 100
118 15 100
118 15 100
118 15 100
118 15 100
118 15 100
118 15 100
118 15 100
118 15 100
118 15 100
119 15 100
119 15 100
119 15 100
119 15 100
119 15 100
119 15 100
119 15 100
119 15 100
119 15 100
119 15 100
119 15 100
119 15 100
119 15 100
119 15 100
120 15 100
120 15 100
120 15 100
120 15 100
120 15 100
120 15 100
120 15 100
120 15 100
120 15 100
120 15 100
120 15 100
120 15 100
120 15 100
121 15 100
121 15 100
121 15 100
121 15 100
121 15 100
121 15 100
121 15 100
121 15 100
121 15 100
121 15 100
121 15 100
122 15 100
122 15 100
122 15 100
122 15 100
122 15 100
122 15 100
122 15 100
122 15 100
122 15 100
123 15 100
123 15 100
123 15 100
123 15 100
123 15 100
123 15 100
123 15 100
123 15 100
124 15 100
124 15 100
124 15 100
124 15 100
124 15 100
124 15 100
124 15 100
125 15 100
125 15 100
125 15 100
125 15 100
125 15 100
126 15 100
126 15 100
126 15 100
126 15 100
127 15 100
127 15 100
127 15 100
128 15 100
128 15 100
129 15 100
129 15 100
130 15 100
130 15 100
131 15 100
132 15 100
133 15 100
134 15 100
135 15 100
136 15 100
137 15 100
138 15 100
139 15 100
140 15 100
141 15 100
142 15 100
143 15 100
144 15 100
145 15 100
146 15 100
147 15 100
148 15 100
149 15 100
150 15 100
151 15 100
