# move from (52,186) to (160,97)
52 186 100
53 186 100
54 186 100
55 186 100
56 186 100
57 186 100
58 186 100
59 186 100
60 186 100
61 186 100
62 186 100
63 186 100
64 186 100
65 186 100
66 186 100
67 186 100
68 186 100
69 186 100
70 186 100
71 186 100
72 186 100
73 186 100
74 186 100
74 186 100
75 186 100
75 186 100
76 186 100
76 186 100
77 186 100
77 186 100
78 186 100
78 186 100
79 186 100
79 186 100
79 186 100
80 186 100
80 186 100
80 186 100
81 186 100
81 186 100
81 186 100
82 186 100
82 186 100
82 186 100
83 186 100
83 186 100
83 186 100
84 186 100
84 186 100
84 186 100
85 186 100
85 186 100
85 186 100
86 186 100
86 186 100
86 186 100
87 186 100
87 186 100
87 186 100
87 186 100
88 186 100
88 186 100
88 186 100
88 186 100
89 186 100
89 186 100
89 186 100
89 186 100
89 186 100
89 186 100
90 186 100
90 186 100
90 186 100
90 186 100
90 186 100
90 186 100
90 186 100
90 186 100
91 186 100
91 186 100
91 186 100
91 186 100
91 186 100
91 186 100
91 186 100
91 186 100
91 186 100
91 186 100
92 186 100
92 186 100
92 186 100
92 186 100
92 186 100
92 186 100
92 186 100
92 186 100
92 186 100
92 186 100
92 186 100
92 186 100
92 186 100
93 186 100
93 186 100
93 186 100
93 186 100
93 186 100
93 186 100
93 186 100
93 186 100
93 186 100
93 186 100
93 186 100
93 186 100
93 186 100
93 186 100
93 186 100
93 186 100
94 186 100
94 186 100
94 186 100
94 186 100
94 186 100
94 186 100
94 186 100
94 186 100
94 186 100
94 186 100
94 186 100
94 186 100
94 186 100
94 186 100
94 186 100
94 186 100
94 186 100
94 186 100
95 186 100
95 186 100
95 186 100
95 186 100
95 186 100
95 186 100
95 186 100
95 186 100
95 186 100
95 186 100
95 186 100
95 186 100
95 186 100
95 186 100
95 186 100
95 186 100
95 186 100
95 186 100
95 186 100
96 186 100
96 186 100
96 186 100
96 186 100
96 186 100
96 186 100
96 186 100
96 186 100
96 186 100
96 186 100
96 186 100
96 186 100
96 186 100
96 186 100
96 186 100
96 186 100
96 186 100
96 186 100
97 186 100
97 186 100
97 186 100
97 186 100
97 186 100
97 186 100
97 186 100
97 186 100
97 186 100
97 186 100
97 186 100
97 186 100
97 186 100
97 186 100
97 186 100
97 186 100
97 186 100
98 186 100
98 186 100
98 186 100
98 186 100
98 186 100
98 186 100
98 186 100
98 186 100
98 186 100
98 186 100
98 186 100
98 186 100
98 186 100
98 186 100
98 186 100
99 186 100
99 186 100
99 186 100
99 186 100
99 186 100
99 186 100
99 186 100
99 186 100
99 186 100
99 186 100
99 186 100
99 186 100
100 186 100
100 186 100
100 186 100
100 186 100
100 186 100
100 186 100
100 186 100
100 186 100
100 186 100
101 186 100
101 186 100
101 186 100
101 186 100
101 186 100
101 186 100
101 186 100
102 186 100
102 186 100
102 186 100
102 186 100
102 186 100
103 186 100
103 186 100
103 186 100
104 186 100
104 186 100
105 186 100
105 186 100
106 186 100
107 186 100
108 186 100
109 186 100
110 186 100
111 186 100
112 186 100
113 186 100
114 186 100
115 186 100
116 186 100
117 186 100
118 186 100
119 186 100
120 186 100
120 186 100
121 186 100
121 186 100
122 186 100
122 186 100
123 186 100
123 186 100
124 186 100
124 186 100
125 186 100
125 186 100
125 186 100
126 186 100
126 186 100
126 186 100
127 186 100
127 186 100
127 186 100
127 186 100
128 186 100
128 186 100
128 186 100
128 186 100
128 186 100
129 186 100
129 186 100
129 186 100
129 186 100
129 186 100
129 186 100
130 186 100
130 186 100
130 186 100
130 186 100
130 186 100
130 186 100
130 186 100
130 186 100
131 186 100
131 186 100
131 186 100
131 186 100
131 186 100
131 186 100
131 186 100
131 186 100
131 186 100
131 186 100
132 186 100
132 186 100
132 186 100
132 186 100
132 186 100
132 186 100
132 186 100
132 186 100
132 186 100
132 186 100
132 186 100
132 186 100
133 186 100
133 186 100
133 186 100
133 186 100
133 186 100
133 186 100
133 186 100
133 186 100
133 186 100
133 186 100
133 186 100
133 186 100
133 186 100
133 186 100
133 186 100
133 186 100
134 186 100
134 186 100
134 186 100
134 186 100
134 186 100
134 186 100
134 186 100
134 186 100
134 186 100
134 186 100
134 186 100
134 186 100
134 186 100
134 186 100
134 186 100
134 186 100
134 186 100
134 186 100
134 186 100
135 186 100
135 186 100
135 186 100
135 186 100
135 186 100
135 186 100
135 186 100
135 186 100
135 186 100
135 186 100
135 186 100
135 186 100
135 186 100
135 186 100
135 186 100
135 186 100
135 186 100
135 186 100
135 186 100
135 186 100
135 186 100
135 186 100
135 186 100
136 186 100
136 186 100
136 186 100
136 186 100
136 186 100
136 186 100
136 186 100
136 186 100
136 186 100
136 186 100
136 186 100
136 186 100
136 186 100
136 186 100
136 186 100
136 186 100
136 186 100
136 186 100
136 186 100
136 186 100
136 186 100
136 186 100
136 186 100
136 186 100
136 186 100
136 186 100
136 186 100
137 186 100
137 186 100
137 186 100
137 186 100
137 186 100
137 186 100
137 186 100
137 186 100
137 186 100
137 186 100
137 186 100
137 186 100
137 186 100
137 186 100
137 186 100
137 186 100
137 186 100
137 186 100
137 186 100
137 186 100
137 186 100
137 186 100
137 186 100
137 186 100
137 186 100
137 186 100
137 186 100
137 186 100
137 186 100
138 186 100
138 186 100
138 186 100
138 186 100
138 186 100
138 186 100
138 186 100
138 186 100
138 186 100
138 186 100
138 186 100
138 186 100
138 186 100
138 186 100
138 186 100
138 186 100
138 186 100
138 186 100
138 186 100
138 186 100
138 186 100
138 186 100
138 186 100
138 186 100
138 186 100
138 186 100
138 186 100
138 186 100
138 186 100
138 186 100
138 186 100
138 186 100
139 186 100
139 186 100
139 186 100
139 186 100
139 186 100
139 186 100
139 186 100
139 186 100
139 186 100
139 186 100
139 186 100
139 186 100
139 186 100
139 186 100
139 186 100
139 186 100
139 186 100
139 186 100
139 186 100
139 186 100
139 186 100
139 186 100
139 186 100
139 186 100
139 186 100
139 186 100
139 186 100
139 186 100
139 186 100
139 186 100
139 186 100
139 186 100
139 186 100
140 186 100
140 186 100
140 186 100
140 186 100
140 186 100
140 186 100
140 186 100
140 186 100
140 186 100
140 186 100
140 186 100
140 186 100
140 186 100
140 186 100
140 186 100
140 186 100
140 186 100
140 186 100
140 186 100
140 186 100
140 186 100
140 186 100
140 186 100
140 186 100
140 186 100
140 186 100
140 186 100
140 186 100
140 186 100
140 186 100
140 186 100
140 186 100
140 186 100
140 186 100
141 186 100
141 186 100
141 186 100
141 186 100
141 186 100
141 186 100
141 186 100
141 186 100
141 186 100
141 186 100
141 186 100
141 186 100
141 186 100
141 186 100
141 186 100
141 186 100
141 186 100
141 186 100
141 186 100
141 186 100
141 186 100
141 186 100
141 186 100
141 186 100
141 186 100
141 186 100
141 186 100
141 186 100
141 186 100
141 186 100
141 186 100
141 186 100
141 186 100
141 186 100
141 186 100
142 186 100
142 186 100
142 186 100
142 186 100
142 186 100
142 186 100
142 186 100
142 186 100
142 186 100
142 186 100
142 186 100
142 186 100
142 186 100
142 186 100
142 186 100
142 186 100
142 186 100
142 186 100
142 186 100
142 186 100
142 186 100
142 186 100
142 186 100
142 186 100
142 186 100
142 186 100
142 186 100
142 186 100
142 186 100
142 186 100
142 186 100
142 186 100
142 186 100
142 186 100
143 186 100
143 186 100
143 186 100
143 186 100
143 186 100
143 186 100
143 186 100
143 186 100
143 186 100
143 186 100
143 186 100
143 186 100
143 186 100
143 186 100
143 186 100
143 186 100
143 186 100
143 186 100
143 186 100
143 186 100
143 186 100
143 186 100
143 186 100
143 186 100
143 186 100
143 186 100
143 186 100
143 186 100
143 186 100
143 186 100
143 186 100
143 186 100
143 186 100
144 186 100
144 186 100
144 186 100
144 186 100
144 186 100
144 186 100
144 186 100
144 186 100
144 186 100
144 186 100
144 186 100
144 186 100
144 186 100
144 186 100
144 186 100
144 186 100
144 186 100
144 186 100
144 186 100
144 186 100
144 186 100
144 186 100
144 186 100
144 186 100
144 186 100
144 186 100
144 186 100
144 186 100
144 186 100
144 186 100
145 186 100
145 186 100
145 186 100
145 186 100
145 186 100
145 186 100
145 186 100
145 186 100
145 186 100
145 186 100
145 186 100
145 186 100
145 186 100
145 186 100
145 186 100
145 186 100
145 186 100
145 186 100
145 186 100
145 186 100
145 186 100
145 186 100
145 186 100
145 186 100
145 186 100
145 186 100
145 186 100
146 186 100
146 186 100
146 186 100
146 186 100
146 186 100
146 186 100
146 186 100
146 186 100
146 186 100
146 186 100
146 186 100
146 186 100
146 186 100
146 186 100
146 186 100
146 186 100
146 186 100
146 186 100
146 186 100
146 186 100
146 186 100
146 186 100
146 186 100
147 186 100
147 186 100
147 186 100
147 186 100
147 186 100
147 186 100
147 186 100
147 186 100
147 186 100
147 186 100
147 186 100
147 186 100
147 186 100
147 186 100
147 186 100
147 186 100
147 186 100
147 186 100
148 186 100
148 186 100
148 186 100
148 186 100
148 186 100
148 186 100
148 186 100
148 186 100
148 186 100
148 186 100
148 186 100
148 186 100
148 186 100
148 186 100
149 186 100
149 186 100
149 186 100
149 186 100
149 186 100
149 186 100
149 186 100
149 186 100
149 186 100
149 186 100
149 186 100
150 186 100
150 186 100
150 186 100
150 186 100
150 186 100
150 186 100
150 186 100
150 186 100
151 186 100
151 186 100
151 186 100
151 186 100
151 186 100
151 186 100
151 186 100
152 186 100
152 186 100
152 186 100
152 186 100
152 186 100
153 186 100
153 186 100
153 186 100
153 186 100
154 186 100
154 186 100
154 186 100
155 186 100
155 186 100
155 186 100
156 186 100
156 186 100
156 186 100
157 186 100
157 186 100
158 186 100
158 186 100
159 186 100
159 186 100
160 186 100
160 185 100
160 184 100
160 183 100
160 182 100
160 181 100
160 180 100
160 179 100
160 178 100
160 177 100
160 176 100
160 175 100
160 174 100
160 173 100
160 172 100
160 171 100
160 170 100
160 169 100
160 168 100
160 167 100
160 166 100
160 165 100
160 164 100
160 163 100
160 162 100
160 162 100
160 161 100
160 161 100
160 161 100
160 160 100
160 160 100
160 160 100
160 160 100
160 159 100
160 159 100
160 159 100
160 159 100
160 159 100
160 159 100
160 158 100
160 158 100
160 158 100
160 158 100
160 158 100
160 158 100
160 158 100
160 157 100
160 157 100
160 157 100
160 157 100
160 157 100
160 157 100
160 157 100
160 157 100
160 156 100
160 156 100
160 156 100
160 156 100
160 156 100
160 156 100
160 156 100
160 156 100
160 156 100
160 155 100
160 155 100
160 155 100
160 155 100
160 155 100
160 155 100
160 155 100
160 155 100
160 155 100
160 155 100
160 154 100
160 154 100
160 154 100
160 154 100
160 154 100
160 154 100
160 154 100
160 154 100
160 154 100
160 154 100
160 154 100
160 153 100
160 153 100
160 153 100
160 153 100
160 153 100
160 153 100
160 153 100
160 153 100
160 153 100
160 153 100
160 153 100
160 152 100
160 152 100
160 152 100
160 152 100
160 152 100
160 152 100
160 152 100
160 152 100
160 152 100
160 152 100
160 152 100
160 151 100
160 151 100
160 151 100
160 151 100
160 151 100
160 151 100
160 151 100
160 151 100
160 151 100
160 151 100
160 151 100
160 151 100
160 150 100
160 150 100
160 150 100
160 150 100
160 150 100
160 150 100
160 150 100
160 150 100
160 150 100
160 150 100
160 150 100
160 150 100
160 149 100
160 149 100
160 149 100
160 149 100
160 149 100
160 149 100
160 149 100
160 149 100
160 149 100
160 149 100
160 149 100
160 149 100
160 148 100
160 148 100
160 148 100
160 148 100
160 148 100
160 148 100
160 148 100
160 148 100
160 148 100
160 148 100
160 148 100
160 147 100
160 147 100
160 147 100
160 147 100
160 147 100
160 147 100
160 147 100
160 147 100
160 147 100
160 147 100
160 146 100
160 146 100
160 146 100
160 146 100
160 146 100
160 146 100
160 146 100
160 146 100
160 146 100
160 145 100
160 145 100
160 145 100
160 145 100
160 145 100
160 145 100
160 145 100
160 145 100
160 144 100
160 144 100
160 144 100
160 144 100
160 144 100
160 144 100
160 144 100
160 143 100
160 143 100
160 143 100
160 143 100
160 143 100
160 143 100
160 142 100
160 142 100
160 142 100
160 142 100
160 142 100
160 141 100
160 141 100
160 141 100
160 141 100
160 140 100
160 140 100
160 140 100
160 140 100
160 139 100
160 139 100
160 139 100
160 139 100
160 138 100
160 138 100
160 138 100
160 138 100
160 137 100
160 137 100
160 137 100
160 137 100
160 136 100
160 136 100
160 136 100
160 136 100
160 136 100
160 135 100
160 135 100
160 135 100
160 135 100
160 135 100
160 134 100
160 134 100
160 134 100
160 134 100
160 134 100
160 134 100
160 133 100
160 133 100
160 133 100
160 133 100
160 133 100
160 133 100
160 132 100
160 132 100
160 132 100
160 132 100
160 132 100
160 132 100
160 132 100
160 131 100
160 131 100
160 131 100
160 131 100
160 131 100
160 131 100
160 131 100
160 130 100
160 130 100
160 130 100
160 130 100
160 130 100
160 130 100
160 130 100
160 130 100
160 129 100
160 129 100
160 129 100
160 129 100
160 129 100
160 129 100
160 129 100
160 129 100
160 128 100
160 128 100
160 128 100
160 128 100
160 128 100
160 128 100
160 128 100
160 128 100
160 127 100
160 127 100
160 127 100
160 127 100
160 127 100
160 127 100
160 127 100
160 127 100
160 127 100
160 126 100
160 126 100
160 126 100
160 126 100
160 126 100
160 126 100
160 126 100
160 126 100
160 126 100
160 126 100
160 125 100
160 125 100
160 125 100
160 125 100
160 125 100
160 125 100
160 125 100
160 125 100
160 125 100
160 125 100
160 125 100
160 124 100
160 124 100
160 124 100
160 124 100
160 124 100
160 124 100
160 124 100
160 124 100
160 124 100
160 124 100
160 124 100
160 123 100
160 123 100
160 123 100
160 123 100
160 123 100
160 123 100
160 123 100
160 123 100
160 123 100
160 123 100
160 123 100
160 123 100
160 122 100
160 122 100
160 122 100
160 122 100
160 122 100
160 122 100
160 122 100
160 122 100
160 122 100
160 122 100
160 122 100
160 122 100
160 122 100
160 121 100
160 121 100
160 121 100
160 121 100
160 121 100
160 121 100
160 121 100
160 121 100
160 121 100
160 121 100
160 121 100
160 121 100
160 121 100
160 121 100
160 120 100
160 120 100
160 120 100
160 120 100
160 120 100
160 120 100
160 120 100
160 120 100
160 120 100
160 120 100
160 120 100
160 120 100
160 120 100
160 120 100
160 120 100
160 119 100
160 119 100
160 119 100
160 119 100
160 119 100
160 119 100
160 119 100
160 119 100
160 119 100
160 119 100
160 119 100
160 119 100
160 119 100
160 119 100
160 119 100
160 118 100
160 118 100
160 118 100
160 118 100
160 118 100
160 118 100
160 118 100
160 118 100
160 118 100
160 118 100
160 118 100
160 118 100
160 118 100
160 118 100
160 118 100
160 117 100
160 117 100
160 117 100
160 117 100
160 117 100
160 117 100
160 117 100
160 117 100
160 117 100
160 117 100
160 117 100
160 117 100
160 117 100
160 117 100
160 116 100
160 116 100
160 116 100
160 116 100
160 116 100
160 116 100
160 116 100
160 116 100
160 116 100
160 116 100
160 116 100
160 116 100
160 116 100
160 115 100
160 115 100
160 115 100
160 115 100
160 115 100
160 115 100
160 115 100
160 115 100
160 115 100
160 115 100
160 115 100
160 115 100
160 114 100
160 114 100
160 114 100
160 114 100
160 114 100
160 114 100
160 114 100
160 114 100
160 114 100
160 114 100
160 113 100
160 113 100
160 113 100
160 113 100
160 113 100
160 113 100
160 113 100
160 113 100
160 112 100
160 112 100
160 112 100
160 112 100
160 112 100
160 112 100
160 111 100
160 111 100
160 111 100
160 111 100
160 111 100
160 110 100
160 110 100
160 110 100
160 109 100
160 109 100
160 108 100
160 108 100
160 107 100
160 106 100
160 105 100
160 104 100
160 103 100
160 102 100
160 101 100
160 100 100
160 99 100
160 98 100
160 97 100
# move from (167,181) to (160,97)
167 181 100
166 181 100
165 181 100
164 181 100
163 181 100
162 181 100
161 181 100
# move from (24,132) to (160,97)
24 132 100
25 132 100
26 132 100
27 132 100
28 132 100
29 132 100
30 132 100
31 132 100
32 132 100
33 132 100
34 132 100
35 132 100
36 132 100
37 132 100
38 132 100
39 132 100
40 132 100
41 132 100
42 132 100
43 132 100
44 132 100
45 132 100
46 132 100
47 132 100
48 132 100
49 132 100
50 132 100
51 132 100
51 132 100
52 132 100
52 132 100
53 132 100
53 132 100
54 132 100
54 132 100
54 132 100
55 132 100
55 132 100
55 132 100
56 132 100
56 132 100
56 132 100
57 132 100
57 132 100
57 132 100
57 132 100
58 132 100
58 132 100
58 132 100
58 132 100
59 132 100
59 132 100
59 132 100
59 132 100
60 132 100
60 132 100
60 132 100
60 132 100
61 132 100
61 132 100
61 132 100
61 132 100
62 132 100
62 132 100
62 132 100
62 132 100
62 132 100
63 132 100
63 132 100
63 132 100
63 132 100
63 132 100
64 132 100
64 132 100
64 132 100
64 132 100
64 132 100
64 132 100
65 132 100
65 132 100
65 132 100
65 132 100
65 132 100
65 132 100
66 132 100
66 132 100
66 132 100
66 132 100
66 132 100
66 132 100
66 132 100
67 132 100
67 132 100
67 132 100
67 132 100
67 132 100
67 132 100
67 132 100
67 132 100
68 132 100
68 132 100
68 132 100
68 132 100
68 132 100
68 132 100
68 132 100
68 132 100
69 132 100
69 132 100
69 132 100
69 132 100
69 132 100
69 132 100
69 132 100
69 132 100
69 132 100
70 132 100
70 132 100
70 132 100
70 132 100
70 132 100
70 132 100
70 132 100
70 132 100
70 132 100
71 132 100
71 132 100
71 132 100
71 132 100
71 132 100
71 132 100
71 132 100
71 132 100
71 132 100
71 132 100
72 132 100
72 132 100
72 132 100
72 132 100
72 132 100
72 132 100
72 132 100
72 132 100
72 132 100
72 132 100
73 132 100
73 132 100
73 132 100
73 132 100
73 132 100
73 132 100
73 132 100
73 132 100
73 132 100
73 132 100
74 132 100
74 132 100
74 132 100
74 132 100
74 132 100
74 132 100
74 132 100
74 132 100
74 132 100
75 132 100
75 132 100
75 132 100
75 132 100
75 132 100
75 132 100
75 132 100
75 132 100
75 132 100
76 132 100
76 132 100
76 132 100
76 132 100
76 132 100
76 132 100
76 132 100
76 132 100
77 132 100
77 132 100
77 132 100
77 132 100
77 132 100
77 132 100
77 132 100
77 132 100
78 132 100
78 132 100
78 132 100
78 132 100
78 132 100
78 132 100
78 132 100
78 132 100
79 132 100
79 132 100
79 132 100
79 132 100
79 132 100
79 132 100
79 132 100
80 132 100
80 132 100
80 132 100
80 132 100
80 132 100
80 132 100
81 132 100
81 132 100
81 132 100
81 132 100
81 132 100
81 132 100
82 132 100
82 132 100
82 132 100
82 132 100
82 132 100
83 132 100
83 132 100
83 132 100
83 132 100
83 132 100
84 132 100
84 132 100
84 132 100
84 132 100
85 132 100
85 132 100
85 132 100
85 132 100
86 132 100
86 132 100
86 132 100
87 132 100
87 132 100
87 132 100
88 132 100
88 132 100
88 132 100
89 132 100
89 132 100
89 132 100
90 132 100
90 132 100
90 132 100
91 132 100
91 132 100
91 132 100
92 132 100
92 132 100
93 132 100
93 132 100
94 132 100
94 132 100
95 132 100
95 132 100
96 132 100
97 132 100
98 132 100
99 132 100
100 132 100
101 132 100
102 132 100
103 132 100
104 132 100
105 132 100
106 132 100
107 132 100
108 132 100
109 132 100
110 132 100
111 132 100
112 132 100
113 132 100
114 132 100
115 132 100
116 132 100
117 132 100
118 132 100
119 132 100
120 132 100
121 132 100
122 132 100
123 132 100
124 132 100
125 132 100
126 132 100
127 132 100
128 132 100
129 132 100
130 132 100
131 132 100
132 132 100
133 132 100
134 132 100
135 132 100
136 132 100
137 132 100
138 132 100
139 132 100
140 132 100
141 132 100
142 132 100
143 132 100
144 132 100
145 132 100
146 132 100
147 132 100
148 132 100
149 132 100
150 132 100
151 132 100
152 132 100
153 132 100
153 132 100
154 132 100
154 132 100
155 132 100
155 132 100
155 132 100
156 132 100
156 132 100
156 132 100
157 132 100
157 132 100
157 132 100
157 132 100
158 132 100
158 132 100
158 132 100
158 132 100
158 132 100
159 132 100
159 132 100
159 132 100
159 132 100
159 132 100
159 132 100
