# move from (138,153) to (134,4)
138 153 100
138 153 100
138 153 100
137 153 100
137 153 100
137 153 100
136 153 100
136 153 100
136 153 100
136 153 100
135 153 100
135 153 100
135 153 100
135 153 100
134 153 100
134 153 100
134 153 100
134 153 100
134 152 100
134 152 100
134 152 100
134 152 100
134 151 100
134 151 100
134 151 100
134 151 100
134 150 100
134 150 100
134 150 100
134 150 100
134 149 100
134 149 100
134 149 100
134 149 100
134 148 100
134 148 100
134 148 100
134 147 100
134 147 100
134 146 100
134 146 100
134 145 100
134 145 100
134 144 100
134 143 100
134 142 100
134 141 100
134 140 100
134 139 100
134 138 100
134 137 100
134 136 100
134 135 100
134 134 100
134 133 100
134 132 100
134 131 100
134 130 100
134 129 100
134 128 100
134 127 100
134 126 100
134 125 100
134 124 100
134 123 100
134 122 100
134 121 100
134 120 100
134 119 100
134 118 100
134 117 100
134 116 100
134 115 100
134 114 100
134 113 100
134 112 100
134 111 100
134 110 100
134 109 100
134 108 100
134 107 100
134 106 100
134 105 100
134 104 100
134 103 100
134 102 100
134 101 100
134 100 100
134 99 100
134 98 100
134 97 100
134 96 100
134 95 100
134 94 100
134 93 100
134 92 100
134 91 100
134 90 100
134 89 100
134 88 100
134 87 100
134 86 100
134 86 100
134 85 100
134 85 100
134 85 100
134 84 100
134 84 100
134 84 100
134 83 100
134 83 100
134 83 100
134 83 100
134 82 100
134 82 100
134 82 100
134 82 100
134 82 100
134 81 100
134 81 100
134 81 100
134 81 100
134 81 100
134 81 100
134 80 100
134 80 100
134 80 100
134 80 100
134 80 100
134 80 100
134 80 100
134 79 100
134 79 100
134 79 100
134 79 100
134 79 100
134 79 100
134 79 100
134 79 100
134 79 100
134 78 100
134 78 100
134 78 100
134 78 100
134 78 100
134 78 100
134 78 100
134 78 100
134 78 100
134 78 100
134 77 100
134 77 100
134 77 100
134 77 100
134 77 100
134 77 100
134 77 100
134 77 100
134 77 100
134 77 100
134 77 100
134 76 100
134 76 100
134 76 100
134 76 100
134 76 100
134 76 100
134 76 100
134 76 100
134 76 100
134 76 100
134 76 100
134 76 100
134 76 100
134 75 100
134 75 100
134 75 100
134 75 100
134 75 100
134 75 100
134 75 100
134 75 100
134 75 100
134 75 100
134 75 100
134 75 100
134 75 100
134 75 100
134 75 100
134 75 100
134 74 100
134 74 100
134 74 100
134 74 100
134 74 100
134 74 100
134 74 100
134 74 100
134 74 100
134 74 100
134 74 100
134 74 100
134 74 100
134 74 100
134 74 100
134 74 100
134 74 100
134 74 100
134 73 100
134 73 100
134 73 100
134 73 100
134 73 100
134 73 100
134 73 100
134 73 100
134 73 100
134 73 100
134 73 100
134 73 100
134 73 100
134 73 100
134 73 100
134 73 100
134 73 100
134 73 100
134 73 100
134 73 100
134 73 100
134 72 100
134 72 100
134 72 100
134 72 100
134 72 100
134 72 100
134 72 100
134 72 100
134 72 100
134 72 100
134 72 100
134 72 100
134 72 100
134 72 100
134 72 100
134 72 100
134 72 100
134 72 100
134 72 100
134 72 100
134 72 100
134 72 100
134 72 100
134 72 100
134 71 100
134 71 100
134 71 100
134 71 100
134 71 100
134 71 100
134 71 100
134 71 100
134 71 100
134 71 100
134 71 100
134 71 100
134 71 100
134 71 100
134 71 100
134 71 100
134 71 100
134 71 100
134 71 100
134 71 100
134 71 100
134 71 100
134 71 100
134 71 100
134 71 100
134 71 100
134 71 100
134 70 100
134 70 100
134 70 100
134 70 100
134 70 100
134 70 100
134 70 100
134 70 100
134 70 100
134 70 100
134 70 100
134 70 100
134 70 100
134 70 100
134 70 100
134 70 100
134 70 100
134 70 100
134 70 100
134 70 100
134 70 100
134 70 100
134 70 100
134 70 100
134 70 100
134 70 100
134 70 100
134 70 100
134 70 100
134 69 100
134 69 100
134 69 100
134 69 100
134 69 100
134 69 100
134 69 100
134 69 100
134 69 100
134 69 100
134 69 100
134 69 100
134 69 100
134 69 100
134 69 100
134 69 100
134 69 100
134 69 100
134 69 100
134 69 100
134 69 100
134 69 100
134 69 100
134 69 100
134 69 100
134 69 100
134 69 100
134 69 100
134 69 100
134 69 100
134 69 100
134 68 100
134 68 100
134 68 100
134 68 100
134 68 100
134 68 100
134 68 100
134 68 100
134 68 100
134 68 100
134 68 100
134 68 100
134 68 100
134 68 100
134 68 100
134 68 100
134 68 100
134 68 100
134 68 100
134 68 100
134 68 100
134 68 100
134 68 100
134 68 100
134 68 100
134 68 100
134 68 100
134 68 100
134 68 100
134 68 100
134 68 100
134 67 100
134 67 100
134 67 100
134 67 100
134 67 100
134 67 100
134 67 100
134 67 100
134 67 100
134 67 100
134 67 100
134 67 100
134 67 100
134 67 100
134 67 100
134 67 100
134 67 100
134 67 100
134 67 100
134 67 100
134 67 100
134 67 100
134 67 100
134 67 100
134 67 100
134 67 100
134 67 100
134 67 100
134 67 100
134 67 100
134 67 100
134 66 100
134 66 100
134 66 100
134 66 100
134 66 100
134 66 100
134 66 100
134 66 100
134 66 100
134 66 100
134 66 100
134 66 100
134 66 100
134 66 100
134 66 100
134 66 100
134 66 100
134 66 100
134 66 100
134 66 100
134 66 100
134 66 100
134 66 100
134 66 100
134 66 100
134 66 100
134 66 100
134 66 100
134 66 100
134 66 100
134 65 100
134 65 100
134 65 100
134 65 100
134 65 100
134 65 100
134 65 100
134 65 100
134 65 100
134 65 100
134 65 100
134 65 100
134 65 100
134 65 100
134 65 100
134 65 100
134 65 100
134 65 100
134 65 100
134 65 100
134 65 100
134 65 100
134 65 100
134 65 100
134 65 100
134 65 100
134 65 100
134 65 100
134 65 100
134 64 100
134 64 100
134 64 100
134 64 100
134 64 100
134 64 100
134 64 100
134 64 100
134 64 100
134 64 100
134 64 100
134 64 100
134 64 100
134 64 100
134 64 100
134 64 100
134 64 100
134 64 100
134 64 100
134 64 100
134 64 100
134 64 100
134 64 100
134 64 100
134 64 100
134 64 100
134 64 100
134 64 100
134 64 100
134 63 100
134 63 100
134 63 100
134 63 100
134 63 100
134 63 100
134 63 100
134 63 100
134 63 100
134 63 100
134 63 100
134 63 100
134 63 100
134 63 100
134 63 100
134 63 100
134 63 100
134 63 100
134 63 100
134 63 100
134 63 100
134 63 100
134 63 100
134 63 100
134 63 100
134 63 100
134 63 100
134 63 100
134 62 100
134 62 100
134 62 100
134 62 100
134 62 100
134 62 100
134 62 100
134 62 100
134 62 100
134 62 100
134 62 100
134 62 100
134 62 100
134 62 100
134 62 100
134 62 100
134 62 100
134 62 100
134 62 100
134 62 100
134 62 100
134 62 100
134 62 100
134 62 100
134 62 100
134 62 100
134 62 100
134 62 100
134 61 100
134 61 100
134 61 100
134 61 100
134 61 100
134 61 100
134 61 100
134 61 100
134 61 100
134 61 100
134 61 100
134 61 100
134 61 100
134 61 100
134 61 100
134 61 100
134 61 100
134 61 100
134 61 100
134 61 100
134 61 100
134 61 100
134 61 100
134 61 100
134 61 100
134 61 100
134 61 100
134 61 100
134 60 100
134 60 100
134 60 100
134 60 100
134 60 100
134 60 100
134 60 100
134 60 100
134 60 100
134 60 100
134 60 100
134 60 100
134 60 100
134 60 100
134 60 100
134 60 100
134 60 100
134 60 100
134 60 100
134 60 100
134 60 100
134 60 100
134 60 100
134 60 100
134 60 100
134 60 100
134 60 100
134 60 100
134 60 100
134 59 100
134 59 100
134 59 100
134 59 100
134 59 100
134 59 100
134 59 100
134 59 100
134 59 100
134 59 100
134 59 100
134 59 100
134 59 100
134 59 100
134 59 100
134 59 100
134 59 100
134 59 100
134 59 100
134 59 100
134 59 100
134 59 100
134 59 100
134 59 100
134 59 100
134 59 100
134 59 100
134 59 100
134 59 100
134 59 100
134 59 100
134 58 100
134 58 100
134 58 100
134 58 100
134 58 100
134 58 100
134 58 100
134 58 100
134 58 100
134 58 100
134 58 100
134 58 100
134 58 100
134 58 100
134 58 100
134 58 100
134 58 100
134 58 100
134 58 100
134 58 100
134 58 100
134 58 100
134 58 100
134 58 100
134 58 100
134 58 100
134 58 100
134 58 100
134 58 100
134 58 100
134 58 100
134 58 100
134 57 100
134 57 100
134 57 100
134 57 100
134 57 100
134 57 100
134 57 100
134 57 100
134 57 100
134 57 100
134 57 100
134 57 100
134 57 100
134 57 100
134 57 100
134 57 100
134 57 100
134 57 100
134 57 100
134 57 100
134 57 100
134 57 100
134 57 100
134 57 100
134 57 100
134 57 100
134 57 100
134 57 100
134 57 100
134 57 100
134 57 100
134 57 100
134 57 100
134 57 100
134 57 100
134 56 100
134 56 100
134 56 100
134 56 100
134 56 100
134 56 100
134 56 100
134 56 100
134 56 100
134 56 100
134 56 100
134 56 100
134 56 100
134 56 100
134 56 100
134 56 100
134 56 100
134 56 100
134 56 100
134 56 100
134 56 100
134 56 100
134 56 100
134 56 100
134 56 100
134 56 100
134 56 100
134 56 100
134 56 100
134 56 100
134 56 100
134 56 100
134 56 100
134 56 100
134 56 100
134 56 100
134 56 100
134 55 100
134 55 100
134 55 100
134 55 100
134 55 100
134 55 100
134 55 100
134 55 100
134 55 100
134 55 100
134 55 100
134 55 100
134 55 100
134 55 100
134 55 100
134 55 100
134 55 100
134 55 100
134 55 100
134 55 100
134 55 100
134 55 100
134 55 100
134 55 100
134 55 100
134 55 100
134 55 100
134 55 100
134 55 100
134 55 100
134 55 100
134 55 100
134 55 100
134 55 100
134 55 100
134 55 100
134 55 100
134 55 100
134 54 100
134 54 100
134 54 100
134 54 100
134 54 100
134 54 100
134 54 100
134 54 100
134 54 100
134 54 100
134 54 100
134 54 100
134 54 100
134 54 100
134 54 100
134 54 100
134 54 100
134 54 100
134 54 100
134 54 100
134 54 100
134 54 100
134 54 100
134 54 100
134 54 100
134 54 100
134 54 100
134 54 100
134 54 100
134 54 100
134 54 100
134 54 100
134 54 100
134 54 100
134 54 100
134 54 100
134 54 100
134 54 100
134 54 100
134 53 100
134 53 100
134 53 100
134 53 100
134 53 100
134 53 100
134 53 100
134 53 100
134 53 100
134 53 100
134 53 100
134 53 100
134 53 100
134 53 100
134 53 100
134 53 100
134 53 100
134 53 100
134 53 100
134 53 100
134 53 100
134 53 100
134 53 100
134 53 100
134 53 100
134 53 100
134 53 100
134 53 100
134 53 100
134 53 100
134 53 100
134 53 100
134 53 100
134 53 100
134 53 100
134 53 100
134 53 100
134 53 100
134 53 100
134 52 100
134 52 100
134 52 100
134 52 100
134 52 100
134 52 100
134 52 100
134 52 100
134 52 100
134 52 100
134 52 100
134 52 100
134 52 100
134 52 100
134 52 100
134 52 100
134 52 100
134 52 100
134 52 100
134 52 100
134 52 100
134 52 100
134 52 100
134 52 100
134 52 100
134 52 100
134 52 100
134 52 100
134 52 100
134 52 100
134 52 100
134 52 100
134 52 100
134 52 100
134 52 100
134 52 100
134 52 100
134 52 100
134 51 100
134 51 100
134 51 100
134 51 100
134 51 100
134 51 100
134 51 100
134 51 100
134 51 100
134 51 100
134 51 100
134 51 100
134 51 100
134 51 100
134 51 100
134 51 100
134 51 100
134 51 100
134 51 100
134 51 100
134 51 100
134 51 100
134 51 100
134 51 100
134 51 100
134 51 100
134 51 100
134 51 100
134 51 100
134 51 100
134 51 100
134 51 100
134 51 100
134 51 100
134 51 100
134 51 100
134 50 100
134 50 100
134 50 100
134 50 100
134 50 100
134 50 100
134 50 100
134 50 100
134 50 100
134 50 100
134 50 100
134 50 100
134 50 100
134 50 100
134 50 100
134 50 100
134 50 100
134 50 100
134 50 100
134 50 100
134 50 100
134 50 100
134 50 100
134 50 100
134 50 100
134 50 100
134 50 100
134 50 100
134 50 100
134 50 100
134 50 100
134 50 100
134 50 100
134 50 100
134 49 100
134 49 100
134 49 100
134 49 100
134 49 100
134 49 100
134 49 100
134 49 100
134 49 100
134 49 100
134 49 100
134 49 100
134 49 100
134 49 100
134 49 100
134 49 100
134 49 100
134 49 100
134 49 100
134 49 100
134 49 100
134 49 100
134 49 100
134 49 100
134 49 100
134 49 100
134 49 100
134 49 100
134 49 100
134 49 100
134 49 100
134 49 100
134 49 100
134 48 100
134 48 100
134 48 100
134 48 100
134 48 100
134 48 100
134 48 100
134 48 100
134 48 100
134 48 100
134 48 100
134 48 100
134 48 100
134 48 100
134 48 100
134 48 100
134 48 100
134 48 100
134 48 100
134 48 100
134 48 100
134 48 100
134 48 100
134 48 100
134 48 100
134 48 100
134 48 100
134 48 100
134 48 100
134 48 100
134 48 100
134 48 100
134 48 100
134 47 100
134 47 100
134 47 100
134 47 100
134 47 100
134 47 100
134 47 100
134 47 100
134 47 100
134 47 100
134 47 100
134 47 100
134 47 100
134 47 100
134 47 100
134 47 100
134 47 100
134 47 100
134 47 100
134 47 100
134 47 100
134 47 100
134 47 100
134 47 100
134 47 100
134 47 100
134 47 100
134 47 100
134 47 100
134 47 100
134 47 100
134 47 100
134 47 100
134 47 100
134 46 100
134 46 100
134 46 100
134 46 100
134 46 100
134 46 100
134 46 100
134 46 100
134 46 100
134 46 100
134 46 100
134 46 100
134 46 100
134 46 100
134 46 100
134 46 100
134 46 100
134 46 100
134 46 100
134 46 100
134 46 100
134 46 100
134 46 100
134 46 100
134 46 100
134 46 100
134 46 100
134 46 100
134 46 100
134 46 100
134 46 100
134 46 100
134 46 100
134 46 100
134 46 100
134 45 100
134 45 100
134 45 100
134 45 100
134 45 100
134 45 100
134 45 100
134 45 100
134 45 100
134 45 100
134 45 100
134 45 100
134 45 100
134 45 100
134 45 100
134 45 100
134 45 100
134 45 100
134 45 100
134 45 100
134 45 100
134 45 100
134 45 100
134 45 100
134 45 100
134 45 100
134 45 100
134 45 100
134 45 100
134 45 100
134 45 100
134 45 100
134 45 100
134 45 100
134 45 100
134 45 100
134 44 100
134 44 100
134 44 100
134 44 100
134 44 100
134 44 100
134 44 100
134 44 100
134 44 100
134 44 100
134 44 100
134 44 100
134 44 100
134 44 100
134 44 100
134 44 100
134 44 100
134 44 100
134 44 100
134 44 100
134 44 100
134 44 100
134 44 100
134 44 100
134 44 100
134 44 100
134 44 100
134 44 100
134 44 100
134 44 100
134 44 100
134 44 100
134 44 100
134 44 100
134 44 100
134 44 100
134 44 100
134 43 100
134 43 100
134 43 100
134 43 100
134 43 100
134 43 100
134 43 100
134 43 100
134 43 100
134 43 100
134 43 100
134 43 100
134 43 100
134 43 100
134 43 100
134 43 100
134 43 100
134 43 100
134 43 100
134 43 100
134 43 100
134 43 100
134 43 100
134 43 100
134 43 100
134 43 100
134 43 100
134 43 100
134 43 100
134 43 100
134 43 100
134 43 100
134 43 100
134 43 100
134 43 100
134 43 100
134 43 100
134 42 100
134 42 100
134 42 100
134 42 100
134 42 100
134 42 100
134 42 100
134 42 100
134 42 100
134 42 100
134 42 100
134 42 100
134 42 100
134 42 100
134 42 100
134 42 100
134 42 100
134 42 100
134 42 100
134 42 100
134 42 100
134 42 100
134 42 100
134 42 100
134 42 100
134 42 100
134 42 100
134 42 100
134 42 100
134 42 100
134 42 100
134 42 100
134 42 100
134 42 100
134 42 100
134 42 100
134 41 100
134 41 100
134 41 100
134 41 100
134 41 100
134 41 100
134 41 100
134 41 100
134 41 100
134 41 100
134 41 100
134 41 100
134 41 100
134 41 100
134 41 100
134 41 100
134 41 100
134 41 100
134 41 100
134 41 100
134 41 100
134 41 100
134 41 100
134 41 100
134 41 100
134 41 100
134 41 100
134 41 100
134 41 100
134 41 100
134 41 100
134 41 100
134 41 100
134 41 100
134 40 100
134 40 100
134 40 100
134 40 100
134 40 100
134 40 100
134 40 100
134 40 100
134 40 100
134 40 100
134 40 100
134 40 100
134 40 100
134 40 100
134 40 100
134 40 100
134 40 100
134 40 100
134 40 100
134 40 100
134 40 100
134 40 100
134 40 100
134 40 100
134 40 100
134 40 100
134 40 100
134 40 100
134 40 100
134 40 100
134 40 100
134 39 100
134 39 100
134 39 100
134 39 100
134 39 100
134 39 100
134 39 100
134 39 100
134 39 100
134 39 100
134 39 100
134 39 100
134 39 100
134 39 100
134 39 100
134 39 100
134 39 100
134 39 100
134 39 100
134 39 100
134 39 100
134 39 100
134 39 100
134 39 100
134 39 100
134 39 100
134 39 100
134 38 100
134 38 100
134 38 100
134 38 100
134 38 100
134 38 100
134 38 100
134 38 100
134 38 100
134 38 100
134 38 100
134 38 100
134 38 100
134 38 100
134 38 100
134 38 100
134 38 100
134 38 100
134 38 100
134 38 100
134 38 100
134 38 100
134 38 100
134 37 100
134 37 100
134 37 100
134 37 100
134 37 100
134 37 100
134 37 100
134 37 100
134 37 100
134 37 100
134 37 100
134 37 100
134 37 100
134 37 100
134 37 100
134 37 100
134 37 100
134 37 100
134 37 100
134 37 100
134 36 100
134 36 100
134 36 100
134 36 100
134 36 100
134 36 100
134 36 100
134 36 100
134 36 100
134 36 100
134 36 100
134 36 100
134 36 100
134 36 100
134 36 100
134 36 100
134 36 100
134 35 100
134 35 100
134 35 100
134 35 100
134 35 100
134 35 100
134 35 100
134 35 100
134 35 100
134 35 100
134 35 100
134 35 100
134 35 100
134 35 100
134 34 100
134 34 100
134 34 100
134 34 100
134 34 100
134 34 100
134 34 100
134 34 100
134 34 100
134 34 100
134 34 100
134 34 100
134 33 100
134 33 100
134 33 100
134 33 100
134 33 100
134 33 100
134 33 100
134 33 100
134 33 100
134 33 100
134 32 100
134 32 100
134 32 100
134 32 100
134 32 100
134 32 100
134 32 100
134 32 100
134 31 100
134 31 100
134 31 100
134 31 100
134 31 100
134 31 100
134 31 100
134 30 100
134 30 100
134 30 100
134 30 100
134 30 100
134 29 100
134 29 100
134 29 100
134 29 100
134 28 100
134 28 100
134 28 100
134 27 100
134 27 100
134 26 100
134 26 100
134 25 100
134 24 100
134 23 100
134 22 100
134 21 100
134 20 100
134 19 100
134 18 100
134 17 100
134 16 100
134 15 100
134 14 100
134 13 100
134 12 100
134 11 100
134 10 100
134 9 100
134 8 100
134 7 100
134 6 100
134 5 100
134 4 100
# move from (74,191) to (134,4)
74 191 100
75 191 100
76 191 100
77 191 100
78 191 100
79 191 100
80 191 100
81 191 100
82 191 100
83 191 100
84 191 100
85 191 100
86 191 100
87 191 100
88 191 100
88 191 100
89 191 100
89 191 100
90 191 100
90 191 100
91 191 100
91 191 100
92 191 100
92 191 100
93 191 100
93 191 100
94 191 100
94 191 100
95 191 100
95 191 100
96 191 100
96 191 100
96 191 100
97 191 100
97 191 100
97 191 100
98 191 100
98 191 100
98 191 100
98 191 100
99 191 100
99 191 100
99 191 100
99 191 100
99 191 100
100 191 100
100 191 100
100 191 100
100 191 100
100 191 100
100 191 100
101 191 100
101 191 100
101 191 100
101 191 100
101 191 100
101 191 100
101 191 100
102 191 100
102 191 100
102 191 100
102 191 100
102 191 100
102 191 100
102 191 100
102 191 100
103 191 100
103 191 100
103 191 100
103 191 100
103 191 100
103 191 100
103 191 100
103 191 100
104 191 100
104 191 100
104 191 100
104 191 100
104 191 100
104 191 100
104 191 100
104 191 100
105 191 100
105 191 100
105 191 100
105 191 100
105 191 100
105 191 100
105 191 100
106 191 100
106 191 100
106 191 100
106 191 100
106 191 100
106 191 100
107 191 100
107 191 100
107 191 100
107 191 100
107 191 100
108 191 100
108 191 100
108 191 100
108 191 100
109 191 100
109 191 100
109 191 100
109 191 100
110 191 100
110 191 100
110 191 100
111 191 100
111 191 100
112 191 100
112 191 100
113 191 100
113 191 100
114 191 100
115 191 100
116 191 100
117 191 100
118 191 100
119 191 100
120 191 100
121 191 100
122 191 100
122 191 100
123 191 100
123 191 100
124 191 100
124 191 100
125 191 100
125 191 100
126 191 100
126 191 100
127 191 100
127 191 100
128 191 100
129 191 100
130 191 100
131 191 100
132 191 100
133 191 100
134 191 100
134 190 100
134 189 100
134 188 100
134 187 100
134 186 100
134 185 100
134 184 100
134 183 100
134 182 100
134 181 100
134 180 100
134 179 100
134 178 100
134 177 100
134 176 100
134 175 100
134 174 100
134 173 100
134 172 100
134 171 100
134 170 100
134 169 100
134 168 100
134 167 100
134 166 100
134 165 100
134 164 100
134 163 100
134 162 100
134 161 100
134 160 100
134 159 100
134 158 100
134 158 100
134 157 100
134 157 100
134 156 100
134 156 100
134 155 100
134 155 100
134 155 100
134 154 100
134 154 100
134 154 100
# move from (49,113) to (134,4)
49 113 100
50 113 100
51 113 100
52 113 100
53 113 100
54 113 100
55 113 100
56 113 100
57 113 100
58 113 100
59 113 100
60 113 100
61 113 100
62 113 100
63 113 100
64 113 100
65 113 100
66 113 100
67 113 100
68 113 100
69 113 100
70 113 100
71 113 100
72 113 100
73 113 100
74 113 100
75 113 100
76 113 100
77 113 100
78 113 100
79 113 100
80 113 100
81 113 100
82 113 100
83 113 100
84 113 100
85 113 100
86 113 100
87 113 100
88 113 100
89 113 100
90 113 100
91 113 100
92 113 100
93 113 100
94 113 100
95 113 100
96 113 100
97 113 100
98 113 100
99 113 100
100 113 100
101 113 100
102 113 100
103 113 100
104 113 100
105 113 100
106 113 100
107 113 100
108 113 100
109 113 100
110 113 100
111 113 100
112 113 100
113 113 100
114 113 100
115 113 100
116 113 100
117 113 100
118 113 100
119 113 100
120 113 100
121 113 100
122 113 100
123 113 100
124 113 100
125 113 100
126 113 100
127 113 100
128 113 100
129 113 100
130 113 100
131 113 100
132 113 100
133 113 100
# move from (144,112) to (134,4)
144 112 100
143 112 100
142 112 100
141 112 100
140 112 100
139 112 100
138 112 100
137 112 100
136 112 100
135 112 100
# move from (70,136) to (134,4)
70 136 100
71 136 100
72 136 100
73 136 100
74 136 100
75 136 100
76 136 100
77 136 100
78 136 100
79 136 100
80 136 100
81 136 100
82 136 100
83 136 100
84 136 100
85 136 100
85 136 100
86 136 100
86 136 100
87 136 100
87 136 100
87 136 100
88 136 100
88 136 100
88 136 100
88 136 100
89 136 100
89 136 100
89 136 100
89 136 100
89 136 100
90 136 100
90 136 100
90 136 100
90 136 100
90 136 100
90 136 100
90 136 100
91 136 100
91 136 100
91 136 100
91 136 100
91 136 100
91 136 100
91 136 100
91 136 100
91 136 100
92 136 100
92 136 100
92 136 100
92 136 100
92 136 100
92 136 100
92 136 100
92 136 100
92 136 100
92 136 100
93 136 100
93 136 100
93 136 100
93 136 100
93 136 100
93 136 100
93 136 100
93 136 100
93 136 100
93 136 100
94 136 100
94 136 100
94 136 100
94 136 100
94 136 100
94 136 100
94 136 100
94 136 100
94 136 100
94 136 100
95 136 100
95 136 100
95 136 100
95 136 100
95 136 100
95 136 100
95 136 100
95 136 100
95 136 100
95 136 100
96 136 100
96 136 100
96 136 100
96 136 100
96 136 100
96 136 100
96 136 100
96 136 100
96 136 100
96 136 100
97 136 100
97 136 100
97 136 100
97 136 100
97 136 100
97 136 100
97 136 100
97 136 100
97 136 100
98 136 100
98 136 100
98 136 100
98 136 100
98 136 100
98 136 100
98 136 100
98 136 100
98 136 100
99 136 100
99 136 100
99 136 100
99 136 100
99 136 100
99 136 100
99 136 100
99 136 100
100 136 100
100 136 100
100 136 100
100 136 100
100 136 100
100 136 100
100 136 100
101 136 100
101 136 100
101 136 100
101 136 100
101 136 100
101 136 100
102 136 100
102 136 100
102 136 100
102 136 100
102 136 100
103 136 100
103 136 100
103 136 100
103 136 100
103 136 100
104 136 100
104 136 100
104 136 100
104 136 100
104 136 100
105 136 100
105 136 100
105 136 100
105 136 100
105 136 100
106 136 100
106 136 100
106 136 100
106 136 100
106 136 100
107 136 100
107 136 100
107 136 100
107 136 100
107 136 100
107 136 100
108 136 100
108 136 100
108 136 100
108 136 100
108 136 100
108 136 100
109 136 100
109 136 100
109 136 100
109 136 100
109 136 100
109 136 100
109 136 100
110 136 100
110 136 100
110 136 100
110 136 100
110 136 100
110 136 100
110 136 100
111 136 100
111 136 100
111 136 100
111 136 100
111 136 100
111 136 100
111 136 100
112 136 100
112 136 100
112 136 100
112 136 100
112 136 100
112 136 100
112 136 100
112 136 100
113 136 100
113 136 100
113 136 100
113 136 100
113 136 100
113 136 100
113 136 100
113 136 100
114 136 100
114 136 100
114 136 100
114 136 100
114 136 100
114 136 100
114 136 100
115 136 100
115 136 100
115 136 100
115 136 100
115 136 100
115 136 100
115 136 100
116 136 100
116 136 100
116 136 100
116 136 100
116 136 100
116 136 100
117 136 100
117 136 100
117 136 100
117 136 100
117 136 100
118 136 100
118 136 100
118 136 100
118 136 100
119 136 100
119 136 100
119 136 100
120 136 100
120 136 100
121 136 100
121 136 100
122 136 100
122 136 100
123 136 100
123 136 100
124 136 100
124 136 100
125 136 100
125 136 100
126 136 100
126 136 100
127 136 100
127 136 100
128 136 100
128 136 100
129 136 100
129 136 100
130 136 100
130 136 100
131 136 100
131 136 100
132 136 100
133 136 100
# move from (80,97) to (134,4)
80 97 100
81 97 100
82 97 100
83 97 100
84 97 100
85 97 100
86 97 100
87 97 100
88 97 100
89 97 100
90 97 100
91 97 100
92 97 100
93 97 100
94 97 100
95 97 100
96 97 100
97 97 100
98 97 100
99 97 100
100 97 100
101 97 100
102 97 100
103 97 100
104 97 100
105 97 100
106 97 100
107 97 100
108 97 100
109 97 100
110 97 100
111 97 100
112 97 100
113 97 100
114 97 100
115 97 100
116 97 100
117 97 100
118 97 100
119 97 100
120 97 100
121 97 100
122 97 100
123 97 100
124 97 100
125 97 100
126 97 100
127 97 100
128 97 100
129 97 100
130 97 100
131 97 100
132 97 100
133 97 100
# move from (37,178) to (134,4)
37 178 100
37 178 100
37 178 100
37 178 100
37 178 100
38 178 100
38 178 100
38 178 100
38 178 100
38 178 100
39 178 100
39 178 100
39 178 100
39 178 100
40 178 100
40 178 100
40 178 100
40 178 100
41 178 100
41 178 100
41 178 100
42 178 100
42 178 100
43 178 100
43 178 100
44 178 100
45 178 100
46 178 100
47 178 100
48 178 100
49 178 100
50 178 100
51 178 100
52 178 100
53 178 100
54 178 100
55 178 100
56 178 100
57 178 100
58 178 100
59 178 100
60 178 100
61 178 100
62 178 100
63 178 100
64 178 100
65 178 100
66 178 100
67 178 100
68 178 100
69 178 100
70 178 100
71 178 100
72 178 100
73 178 100
74 178 100
75 178 100
76 178 100
77 178 100
78 178 100
79 178 100
80 178 100
81 178 100
82 178 100
83 178 100
84 178 100
85 178 100
86 178 100
87 178 100
88 178 100
89 178 100
90 178 100
91 178 100
92 178 100
93 178 100
94 178 100
94 178 100
95 178 100
95 178 100
96 178 100
96 178 100
97 178 100
97 178 100
98 178 100
99 178 100
99 178 100
100 178 100
100 178 100
101 178 100
101 178 100
102 178 100
102 178 100
103 178 100
103 178 100
104 178 100
104 178 100
105 178 100
105 178 100
106 178 100
106 178 100
107 178 100
107 178 100
108 178 100
108 178 100
109 178 100
109 178 100
110 178 100
111 178 100
112 178 100
113 178 100
114 178 100
115 178 100
116 178 100
117 178 100
118 178 100
119 178 100
120 178 100
121 178 100
122 178 100
123 178 100
124 178 100
125 178 100
126 178 100
127 178 100
128 178 100
129 178 100
130 178 100
131 178 100
132 178 100
133 178 100
# move from (189,56) to (134,4)
189 56 100
188 56 100
187 56 100
186 56 100
185 56 100
184 56 100
183 56 100
182 56 100
181 56 100
180 56 100
179 56 100
178 56 100
177 56 100
176 56 100
175 56 100
174 56 100
173 56 100
172 56 100
171 56 100
170 56 100
169 56 100
168 56 100
168 56 100
167 56 100
167 56 100
166 56 100
166 56 100
166 56 100
165 56 100
165 56 100
165 56 100
165 56 100
164 56 100
164 56 100
164 56 100
164 56 100
164 56 100
163 56 100
163 56 100
163 56 100
163 56 100
163 56 100
163 56 100
163 56 100
162 56 100
162 56 100
162 56 100
162 56 100
162 56 100
162 56 100
162 56 100
162 56 100
162 56 100
162 56 100
161 56 100
161 56 100
161 56 100
161 56 100
161 56 100
161 56 100
161 56 100
161 56 100
161 56 100
161 56 100
161 56 100
161 56 100
161 56 100
160 56 100
160 56 100
160 56 100
160 56 100
160 56 100
160 56 100
160 56 100
160 56 100
160 56 100
160 56 100
160 56 100
160 56 100
160 56 100
160 56 100
160 56 100
159 56 100
159 56 100
159 56 100
159 56 100
159 56 100
159 56 100
159 56 100
159 56 100
159 56 100
159 56 100
159 56 100
159 56 100
159 56 100
159 56 100
159 56 100
159 56 100
159 56 100
159 56 100
158 56 100
158 56 100
158 56 100
158 56 100
158 56 100
158 56 100
158 56 100
158 56 100
158 56 100
158 56 100
158 56 100
158 56 100
158 56 100
158 56 100
158 56 100
158 56 100
158 56 100
158 56 100
158 56 100
157 56 100
157 56 100
157 56 100
157 56 100
157 56 100
157 56 100
157 56 100
157 56 100
157 56 100
157 56 100
157 56 100
157 56 100
157 56 100
157 56 100
157 56 100
157 56 100
157 56 100
157 56 100
157 56 100
157 56 100
156 56 100
156 56 100
156 56 100
156 56 100
156 56 100
156 56 100
156 56 100
156 56 100
156 56 100
156 56 100
156 56 100
156 56 100
156 56 100
156 56 100
156 56 100
156 56 100
156 56 100
156 56 100
156 56 100
156 56 100
155 56 100
155 56 100
155 56 100
155 56 100
155 56 100
155 56 100
155 56 100
155 56 100
155 56 100
155 56 100
155 56 100
155 56 100
155 56 100
155 56 100
155 56 100
155 56 100
155 56 100
155 56 100
155 56 100
155 56 100
154 56 100
154 56 100
154 56 100
154 56 100
154 56 100
154 56 100
154 56 100
154 56 100
154 56 100
154 56 100
154 56 100
154 56 100
154 56 100
154 56 100
154 56 100
154 56 100
154 56 100
154 56 100
154 56 100
154 56 100
153 56 100
153 56 100
153 56 100
153 56 100
153 56 100
153 56 100
153 56 100
153 56 100
153 56 100
153 56 100
153 56 100
153 56 100
153 56 100
153 56 100
153 56 100
153 56 100
153 56 100
153 56 100
153 56 100
152 56 100
152 56 100
152 56 100
152 56 100
152 56 100
152 56 100
152 56 100
152 56 100
152 56 100
152 56 100
152 56 100
152 56 100
152 56 100
152 56 100
152 56 100
152 56 100
152 56 100
151 56 100
151 56 100
151 56 100
151 56 100
151 56 100
151 56 100
151 56 100
151 56 100
151 56 100
151 56 100
151 56 100
151 56 100
151 56 100
151 56 100
151 56 100
151 56 100
150 56 100
150 56 100
150 56 100
150 56 100
150 56 100
150 56 100
150 56 100
150 56 100
150 56 100
150 56 100
150 56 100
150 56 100
150 56 100
150 56 100
150 56 100
149 56 100
149 56 100
149 56 100
149 56 100
149 56 100
149 56 100
149 56 100
149 56 100
149 56 100
149 56 100
149 56 100
149 56 100
149 56 100
149 56 100
149 56 100
148 56 100
148 56 100
148 56 100
148 56 100
148 56 100
148 56 100
148 56 100
148 56 100
148 56 100
148 56 100
148 56 100
148 56 100
148 56 100
148 56 100
148 56 100
147 56 100
147 56 100
147 56 100
147 56 100
147 56 100
147 56 100
147 56 100
147 56 100
147 56 100
147 56 100
147 56 100
147 56 100
147 56 100
147 56 100
147 56 100
147 56 100
147 56 100
146 56 100
146 56 100
146 56 100
146 56 100
146 56 100
146 56 100
146 56 100
146 56 100
146 56 100
146 56 100
146 56 100
146 56 100
146 56 100
146 56 100
146 56 100
146 56 100
146 56 100
146 56 100
146 56 100
145 56 100
145 56 100
145 56 100
145 56 100
145 56 100
145 56 100
145 56 100
145 56 100
145 56 100
145 56 100
145 56 100
145 56 100
145 56 100
145 56 100
145 56 100
145 56 100
145 56 100
145 56 100
145 56 100
145 56 100
145 56 100
145 56 100
144 56 100
144 56 100
144 56 100
144 56 100
144 56 100
144 56 100
144 56 100
144 56 100
144 56 100
144 56 100
144 56 100
144 56 100
144 56 100
144 56 100
144 56 100
144 56 100
144 56 100
144 56 100
144 56 100
144 56 100
144 56 100
144 56 100
144 56 100
144 56 100
144 56 100
143 56 100
143 56 100
143 56 100
143 56 100
143 56 100
143 56 100
143 56 100
143 56 100
143 56 100
143 56 100
143 56 100
143 56 100
143 56 100
143 56 100
143 56 100
143 56 100
143 56 100
143 56 100
143 56 100
143 56 100
143 56 100
143 56 100
143 56 100
143 56 100
143 56 100
143 56 100
143 56 100
143 56 100
142 56 100
142 56 100
142 56 100
142 56 100
142 56 100
142 56 100
142 56 100
142 56 100
142 56 100
142 56 100
142 56 100
142 56 100
142 56 100
142 56 100
142 56 100
142 56 100
142 56 100
142 56 100
142 56 100
142 56 100
142 56 100
142 56 100
142 56 100
142 56 100
142 56 100
142 56 100
142 56 100
142 56 100
142 56 100
142 56 100
141 56 100
141 56 100
141 56 100
141 56 100
141 56 100
141 56 100
141 56 100
141 56 100
141 56 100
141 56 100
141 56 100
141 56 100
141 56 100
141 56 100
141 56 100
141 56 100
141 56 100
141 56 100
141 56 100
141 56 100
141 56 100
141 56 100
141 56 100
141 56 100
141 56 100
141 56 100
141 56 100
141 56 100
141 56 100
141 56 100
141 56 100
141 56 100
141 56 100
140 56 100
140 56 100
140 56 100
140 56 100
140 56 100
140 56 100
140 56 100
140 56 100
140 56 100
140 56 100
140 56 100
140 56 100
140 56 100
140 56 100
140 56 100
140 56 100
140 56 100
140 56 100
140 56 100
140 56 100
140 56 100
140 56 100
140 56 100
140 56 100
140 56 100
140 56 100
140 56 100
140 56 100
140 56 100
140 56 100
140 56 100
140 56 100
140 56 100
140 56 100
139 56 100
139 56 100
139 56 100
139 56 100
139 56 100
139 56 100
139 56 100
139 56 100
139 56 100
139 56 100
139 56 100
139 56 100
139 56 100
139 56 100
139 56 100
139 56 100
139 56 100
139 56 100
139 56 100
139 56 100
139 56 100
139 56 100
139 56 100
139 56 100
139 56 100
139 56 100
139 56 100
139 56 100
139 56 100
139 56 100
139 56 100
139 56 100
139 56 100
139 56 100
139 56 100
138 56 100
138 56 100
138 56 100
138 56 100
138 56 100
138 56 100
138 56 100
138 56 100
138 56 100
138 56 100
138 56 100
138 56 100
138 56 100
138 56 100
138 56 100
138 56 100
138 56 100
138 56 100
138 56 100
138 56 100
138 56 100
138 56 100
138 56 100
138 56 100
138 56 100
138 56 100
138 56 100
138 56 100
138 56 100
138 56 100
138 56 100
138 56 100
138 56 100
138 56 100
138 56 100
137 56 100
137 56 100
137 56 100
137 56 100
137 56 100
137 56 100
137 56 100
137 56 100
137 56 100
137 56 100
137 56 100
137 56 100
137 56 100
137 56 100
137 56 100
137 56 100
137 56 100
137 56 100
137 56 100
137 56 100
137 56 100
137 56 100
137 56 100
137 56 100
137 56 100
137 56 100
137 56 100
137 56 100
137 56 100
137 56 100
137 56 100
137 56 100
137 56 100
137 56 100
137 56 100
136 56 100
136 56 100
136 56 100
136 56 100
136 56 100
136 56 100
136 56 100
136 56 100
136 56 100
136 56 100
136 56 100
136 56 100
136 56 100
136 56 100
136 56 100
136 56 100
136 56 100
136 56 100
136 56 100
136 56 100
136 56 100
136 56 100
136 56 100
136 56 100
136 56 100
136 56 100
136 56 100
136 56 100
136 56 100
136 56 100
136 56 100
136 56 100
136 56 100
136 56 100
136 56 100
135 56 100
135 56 100
135 56 100
135 56 100
135 56 100
135 56 100
135 56 100
135 56 100
135 56 100
135 56 100
135 56 100
135 56 100
135 56 100
135 56 100
135 56 100
135 56 100
135 56 100
135 56 100
135 56 100
135 56 100
135 56 100
135 56 100
135 56 100
135 56 100
135 56 100
135 56 100
135 56 100
135 56 100
135 56 100
135 56 100
135 56 100
135 56 100
135 56 100
135 56 100
135 56 100
