# move from (108,177) to (96,10)
108 177 100
107 177 100
106 177 100
105 177 100
104 177 100
103 177 100
102 177 100
101 177 100
100 177 100
99 177 100
98 177 100
97 177 100
96 177 100
96 176 100
96 175 100
96 174 100
96 173 100
96 172 100
96 171 100
96 170 100
96 169 100
96 168 100
96 167 100
96 166 100
96 165 100
96 164 100
96 163 100
96 162 100
96 161 100
96 160 100
96 159 100
96 158 100
96 157 100
96 156 100
96 155 100
96 154 100
96 153 100
96 152 100
96 151 100
96 150 100
96 149 100
96 148 100
96 147 100
96 146 100
96 145 100
96 144 100
96 143 100
96 142 100
96 141 100
96 140 100
96 139 100
96 138 100
96 137 100
96 136 100
96 135 100
96 134 100
96 133 100
96 132 100
96 131 100
96 130 100
96 129 100
96 128 100
96 127 100
96 126 100
96 125 100
96 124 100
96 123 100
96 122 100
96 121 100
96 120 100
96 119 100
96 118 100
96 117 100
96 116 100
96 115 100
96 114 100
96 113 100
96 112 100
96 111 100
96 110 100
96 109 100
96 108 100
96 107 100
96 106 100
96 105 100
96 104 100
96 103 100
96 102 100
96 101 100
96 100 100
96 99 100
96 98 100
96 97 100
96 96 100
96 95 100
96 94 100
96 93 100
96 92 100
96 91 100
96 90 100
96 89 100
96 88 100
96 87 100
96 86 100
96 85 100
96 84 100
96 83 100
96 82 100
96 81 100
96 80 100
96 79 100
96 78 100
96 77 100
96 76 100
96 75 100
96 74 100
96 73 100
96 72 100
96 71 100
96 70 100
96 69 100
96 68 100
96 67 100
96 66 100
96 66 100
96 65 100
96 65 100
96 64 100
96 64 100
96 63 100
96 63 100
96 62 100
96 62 100
96 61 100
96 61 100
96 60 100
96 60 100
96 59 100
96 59 100
96 58 100
96 58 100
96 57 100
96 57 100
96 56 100
96 55 100
96 54 100
96 53 100
96 52 100
96 51 100
96 50 100
96 49 100
96 48 100
96 47 100
96 46 100
96 45 100
96 44 100
96 43 100
96 42 100
96 41 100
96 40 100
96 39 100
96 38 100
96 37 100
96 36 100
96 35 100
96 34 100
96 33 100
96 32 100
96 31 100
96 30 100
96 29 100
96 28 100
96 27 100
96 26 100
96 25 100
96 24 100
96 23 100
96 22 100
96 21 100
96 20 100
96 19 100
96 18 100
96 17 100
96 16 100
96 15 100
96 14 100
96 13 100
96 12 100
96 11 100
96 10 100
# move from (0,84) to (96,10)
0 84 100
1 84 100
2 84 100
2 84 100
3 84 100
3 84 100
4 84 100
4 84 100
5 84 100
5 84 100
6 84 100
6 84 100
7 84 100
7 84 100
7 84 100
8 84 100
8 84 100
8 84 100
9 84 100
9 84 100
9 84 100
9 84 100
10 84 100
10 84 100
10 84 100
10 84 100
11 84 100
11 84 100
11 84 100
11 84 100
11 84 100
11 84 100
12 84 100
12 84 100
12 84 100
12 84 100
12 84 100
12 84 100
12 84 100
13 84 100
13 84 100
13 84 100
13 84 100
13 84 100
13 84 100
13 84 100
13 84 100
13 84 100
13 84 100
14 84 100
14 84 100
14 84 100
14 84 100
14 84 100
14 84 100
14 84 100
14 84 100
14 84 100
14 84 100
14 84 100
14 84 100
15 84 100
15 84 100
15 84 100
15 84 100
15 84 100
15 84 100
15 84 100
15 84 100
15 84 100
15 84 100
15 84 100
15 84 100
15 84 100
15 84 100
15 84 100
16 84 100
16 84 100
16 84 100
16 84 100
16 84 100
16 84 100
16 84 100
16 84 100
16 84 100
16 84 100
16 84 100
16 84 100
16 84 100
16 84 100
16 84 100
16 84 100
16 84 100
16 84 100
17 84 100
17 84 100
17 84 100
17 84 100
17 84 100
17 84 100
17 84 100
17 84 100
17 84 100
17 84 100
17 84 100
17 84 100
17 84 100
17 84 100
17 84 100
17 84 100
17 84 100
17 84 100
17 84 100
17 84 100
17 84 100
18 84 100
18 84 100
18 84 100
18 84 100
18 84 100
18 84 100
18 84 100
18 84 100
18 84 100
18 84 100
18 84 100
18 84 100
18 84 100
18 84 100
18 84 100
18 84 100
18 84 100
18 84 100
18 84 100
18 84 100
18 84 100
18 84 100
18 84 100
18 84 100
19 84 100
19 84 100
19 84 100
19 84 100
19 84 100
19 84 100
19 84 100
19 84 100
19 84 100
19 84 100
19 84 100
19 84 100
19 84 100
19 84 100
19 84 100
19 84 100
19 84 100
19 84 100
19 84 100
19 84 100
19 84 100
19 84 100
19 84 100
19 84 100
19 84 100
19 84 100
20 84 100
20 84 100
20 84 100
20 84 100
20 84 100
20 84 100
20 84 100
20 84 100
20 84 100
20 84 100
20 84 100
20 84 100
20 84 100
20 84 100
20 84 100
20 84 100
20 84 100
20 84 100
20 84 100
20 84 100
20 84 100
20 84 100
20 84 100
20 84 100
20 84 100
20 84 100
20 84 100
20 84 100
21 84 100
21 84 100
21 84 100
21 84 100
21 84 100
21 84 100
21 84 100
21 84 100
21 84 100
21 84 100
21 84 100
21 84 100
21 84 100
21 84 100
21 84 100
21 84 100
21 84 100
21 84 100
21 84 100
21 84 100
21 84 100
21 84 100
21 84 100
21 84 100
21 84 100
21 84 100
21 84 100
21 84 100
21 84 100
21 84 100
22 84 100
22 84 100
22 84 100
22 84 100
22 84 100
22 84 100
22 84 100
22 84 100
22 84 100
22 84 100
22 84 100
22 84 100
22 84 100
22 84 100
22 84 100
22 84 100
22 84 100
22 84 100
22 84 100
22 84 100
22 84 100
22 84 100
22 84 100
22 84 100
22 84 100
22 84 100
22 84 100
22 84 100
22 84 100
22 84 100
22 84 100
23 84 100
23 84 100
23 84 100
23 84 100
23 84 100
23 84 100
23 84 100
23 84 100
23 84 100
23 84 100
23 84 100
23 84 100
23 84 100
23 84 100
23 84 100
23 84 100
23 84 100
23 84 100
23 84 100
23 84 100
23 84 100
23 84 100
23 84 100
23 84 100
23 84 100
23 84 100
23 84 100
23 84 100
23 84 100
23 84 100
23 84 100
23 84 100
24 84 100
24 84 100
24 84 100
24 84 100
24 84 100
24 84 100
24 84 100
24 84 100
24 84 100
24 84 100
24 84 100
24 84 100
24 84 100
24 84 100
24 84 100
24 84 100
24 84 100
24 84 100
24 84 100
24 84 100
24 84 100
24 84 100
24 84 100
24 84 100
24 84 100
24 84 100
24 84 100
24 84 100
24 84 100
24 84 100
24 84 100
24 84 100
25 84 100
25 84 100
25 84 100
25 84 100
25 84 100
25 84 100
25 84 100
25 84 100
25 84 100
25 84 100
25 84 100
25 84 100
25 84 100
25 84 100
25 84 100
25 84 100
25 84 100
25 84 100
25 84 100
25 84 100
25 84 100
25 84 100
25 84 100
25 84 100
25 84 100
25 84 100
25 84 100
25 84 100
25 84 100
25 84 100
25 84 100
26 84 100
26 84 100
26 84 100
26 84 100
26 84 100
26 84 100
26 84 100
26 84 100
26 84 100
26 84 100
26 84 100
26 84 100
26 84 100
26 84 100
26 84 100
26 84 100
26 84 100
26 84 100
26 84 100
26 84 100
26 84 100
26 84 100
26 84 100
26 84 100
26 84 100
26 84 100
26 84 100
26 84 100
26 84 100
26 84 100
26 84 100
27 84 100
27 84 100
27 84 100
27 84 100
27 84 100
27 84 100
27 84 100
27 84 100
27 84 100
27 84 100
27 84 100
27 84 100
27 84 100
27 84 100
27 84 100
27 84 100
27 84 100
27 84 100
27 84 100
27 84 100
27 84 100
27 84 100
27 84 100
27 84 100
27 84 100
27 84 100
27 84 100
27 84 100
27 84 100
27 84 100
28 84 100
28 84 100
28 84 100
28 84 100
28 84 100
28 84 100
28 84 100
28 84 100
28 84 100
28 84 100
28 84 100
28 84 100
28 84 100
28 84 100
28 84 100
28 84 100
28 84 100
28 84 100
28 84 100
28 84 100
28 84 100
28 84 100
28 84 100
28 84 100
28 84 100
28 84 100
28 84 100
28 84 100
28 84 100
29 84 100
29 84 100
29 84 100
29 84 100
29 84 100
29 84 100
29 84 100
29 84 100
29 84 100
29 84 100
29 84 100
29 84 100
29 84 100
29 84 100
29 84 100
29 84 100
29 84 100
29 84 100
29 84 100
29 84 100
29 84 100
29 84 100
29 84 100
29 84 100
29 84 100
29 84 100
29 84 100
29 84 100
30 84 100
30 84 100
30 84 100
30 84 100
30 84 100
30 84 100
30 84 100
30 84 100
30 84 100
30 84 100
30 84 100
30 84 100
30 84 100
30 84 100
30 84 100
30 84 100
30 84 100
30 84 100
30 84 100
30 84 100
30 84 100
30 84 100
30 84 100
30 84 100
30 84 100
30 84 100
30 84 100
31 84 100
31 84 100
31 84 100
31 84 100
31 84 100
31 84 100
31 84 100
31 84 100
31 84 100
31 84 100
31 84 100
31 84 100
31 84 100
31 84 100
31 84 100
31 84 100
31 84 100
31 84 100
31 84 100
31 84 100
31 84 100
31 84 100
31 84 100
31 84 100
31 84 100
31 84 100
31 84 100
32 84 100
32 84 100
32 84 100
32 84 100
32 84 100
32 84 100
32 84 100
32 84 100
32 84 100
32 84 100
32 84 100
32 84 100
32 84 100
32 84 100
32 84 100
32 84 100
32 84 100
32 84 100
32 84 100
32 84 100
32 84 100
32 84 100
32 84 100
32 84 100
32 84 100
32 84 100
33 84 100
33 84 100
33 84 100
33 84 100
33 84 100
33 84 100
33 84 100
33 84 100
33 84 100
33 84 100
33 84 100
33 84 100
33 84 100
33 84 100
33 84 100
33 84 100
33 84 100
33 84 100
33 84 100
33 84 100
33 84 100
33 84 100
33 84 100
33 84 100
33 84 100
33 84 100
34 84 100
34 84 100
34 84 100
34 84 100
34 84 100
34 84 100
34 84 100
34 84 100
34 84 100
34 84 100
34 84 100
34 84 100
34 84 100
34 84 100
34 84 100
34 84 100
34 84 100
34 84 100
34 84 100
34 84 100
34 84 100
34 84 100
34 84 100
34 84 100
34 84 100
34 84 100
35 84 100
35 84 100
35 84 100
35 84 100
35 84 100
35 84 100
35 84 100
35 84 100
35 84 100
35 84 100
35 84 100
35 84 100
35 84 100
35 84 100
35 84 100
35 84 100
35 84 100
35 84 100
35 84 100
35 84 100
35 84 100
35 84 100
35 84 100
35 84 100
35 84 100
35 84 100
35 84 100
36 84 100
36 84 100
36 84 100
36 84 100
36 84 100
36 84 100
36 84 100
36 84 100
36 84 100
36 84 100
36 84 100
36 84 100
36 84 100
36 84 100
36 84 100
36 84 100
36 84 100
36 84 100
36 84 100
36 84 100
36 84 100
36 84 100
36 84 100
36 84 100
36 84 100
36 84 100
36 84 100
37 84 100
37 84 100
37 84 100
37 84 100
37 84 100
37 84 100
37 84 100
37 84 100
37 84 100
37 84 100
37 84 100
37 84 100
37 84 100
37 84 100
37 84 100
37 84 100
37 84 100
37 84 100
37 84 100
37 84 100
37 84 100
37 84 100
37 84 100
37 84 100
37 84 100
37 84 100
37 84 100
38 84 100
38 84 100
38 84 100
38 84 100
38 84 100
38 84 100
38 84 100
38 84 100
38 84 100
38 84 100
38 84 100
38 84 100
38 84 100
38 84 100
38 84 100
38 84 100
38 84 100
38 84 100
38 84 100
38 84 100
38 84 100
38 84 100
38 84 100
38 84 100
38 84 100
38 84 100
38 84 100
39 84 100
39 84 100
39 84 100
39 84 100
39 84 100
39 84 100
39 84 100
39 84 100
39 84 100
39 84 100
39 84 100
39 84 100
39 84 100
39 84 100
39 84 100
39 84 100
39 84 100
39 84 100
39 84 100
39 84 100
39 84 100
39 84 100
39 84 100
39 84 100
39 84 100
39 84 100
39 84 100
39 84 100
40 84 100
40 84 100
40 84 100
40 84 100
40 84 100
40 84 100
40 84 100
40 84 100
40 84 100
40 84 100
40 84 100
40 84 100
40 84 100
40 84 100
40 84 100
40 84 100
40 84 100
40 84 100
40 84 100
40 84 100
40 84 100
40 84 100
40 84 100
40 84 100
40 84 100
40 84 100
40 84 100
40 84 100
41 84 100
41 84 100
41 84 100
41 84 100
41 84 100
41 84 100
41 84 100
41 84 100
41 84 100
41 84 100
41 84 100
41 84 100
41 84 100
41 84 100
41 84 100
41 84 100
41 84 100
41 84 100
41 84 100
41 84 100
41 84 100
41 84 100
41 84 100
41 84 100
41 84 100
41 84 100
41 84 100
41 84 100
42 84 100
42 84 100
42 84 100
42 84 100
42 84 100
42 84 100
42 84 100
42 84 100
42 84 100
42 84 100
42 84 100
42 84 100
42 84 100
42 84 100
42 84 100
42 84 100
42 84 100
42 84 100
42 84 100
42 84 100
42 84 100
42 84 100
42 84 100
42 84 100
42 84 100
42 84 100
42 84 100
42 84 100
43 84 100
43 84 100
43 84 100
43 84 100
43 84 100
43 84 100
43 84 100
43 84 100
43 84 100
43 84 100
43 84 100
43 84 100
43 84 100
43 84 100
43 84 100
43 84 100
43 84 100
43 84 100
43 84 100
43 84 100
43 84 100
43 84 100
43 84 100
43 84 100
43 84 100
43 84 100
43 84 100
44 84 100
44 84 100
44 84 100
44 84 100
44 84 100
44 84 100
44 84 100
44 84 100
44 84 100
44 84 100
44 84 100
44 84 100
44 84 100
44 84 100
44 84 100
44 84 100
44 84 100
44 84 100
44 84 100
44 84 100
44 84 100
44 84 100
44 84 100
44 84 100
44 84 100
44 84 100
45 84 100
45 84 100
45 84 100
45 84 100
45 84 100
45 84 100
45 84 100
45 84 100
45 84 100
45 84 100
45 84 100
45 84 100
45 84 100
45 84 100
45 84 100
45 84 100
45 84 100
45 84 100
45 84 100
45 84 100
45 84 100
45 84 100
45 84 100
45 84 100
45 84 100
46 84 100
46 84 100
46 84 100
46 84 100
46 84 100
46 84 100
46 84 100
46 84 100
46 84 100
46 84 100
46 84 100
46 84 100
46 84 100
46 84 100
46 84 100
46 84 100
46 84 100
46 84 100
46 84 100
46 84 100
46 84 100
46 84 100
46 84 100
47 84 100
47 84 100
47 84 100
47 84 100
47 84 100
47 84 100
47 84 100
47 84 100
47 84 100
47 84 100
47 84 100
47 84 100
47 84 100
47 84 100
47 84 100
47 84 100
47 84 100
47 84 100
47 84 100
47 84 100
47 84 100
48 84 100
48 84 100
48 84 100
48 84 100
48 84 100
48 84 100
48 84 100
48 84 100
48 84 100
48 84 100
48 84 100
48 84 100
48 84 100
48 84 100
48 84 100
48 84 100
48 84 100
48 84 100
49 84 100
49 84 100
49 84 100
49 84 100
49 84 100
49 84 100
49 84 100
49 84 100
49 84 100
49 84 100
49 84 100
49 84 100
49 84 100
49 84 100
49 84 100
49 84 100
50 84 100
50 84 100
50 84 100
50 84 100
50 84 100
50 84 100
50 84 100
50 84 100
50 84 100
50 84 100
50 84 100
50 84 100
50 84 100
50 84 100
51 84 100
51 84 100
51 84 100
51 84 100
51 84 100
51 84 100
51 84 100
51 84 100
51 84 100
51 84 100
51 84 100
51 84 100
52 84 100
52 84 100
52 84 100
52 84 100
52 84 100
52 84 100
52 84 100
52 84 100
52 84 100
52 84 100
53 84 100
53 84 100
53 84 100
53 84 100
53 84 100
53 84 100
53 84 100
53 84 100
54 84 100
54 84 100
54 84 100
54 84 100
54 84 100
54 84 100
54 84 100
55 84 100
55 84 100
55 84 100
55 84 100
55 84 100
55 84 100
56 84 100
56 84 100
56 84 100
56 84 100
56 84 100
57 84 100
57 84 100
57 84 100
57 84 100
57 84 100
58 84 100
58 84 100
58 84 100
58 84 100
59 84 100
59 84 100
59 84 100
59 84 100
60 84 100
60 84 100
60 84 100
60 84 100
61 84 100
61 84 100
61 84 100
62 84 100
62 84 100
62 84 100
63 84 100
63 84 100
63 84 100
64 84 100
64 84 100
65 84 100
65 84 100
66 84 100
66 84 100
67 84 100
67 84 100
68 84 100
69 84 100
70 84 100
71 84 100
72 84 100
73 84 100
74 84 100
75 84 100
76 84 100
77 84 100
78 84 100
79 84 100
80 84 100
81 84 100
82 84 100
83 84 100
84 84 100
85 84 100
86 84 100
87 84 100
88 84 100
89 84 100
90 84 100
91 84 100
92 84 100
93 84 100
94 84 100
95 84 100
# move from (197,166) to (96,10)
197 166 100
196 166 100
195 166 100
194 166 100
193 166 100
192 166 100
191 166 100
190 166 100
189 166 100
188 166 100
187 166 100
186 166 100
185 166 100
185 166 100
184 166 100
184 166 100
183 166 100
183 166 100
183 166 100
182 166 100
182 166 100
182 166 100
182 166 100
181 166 100
181 166 100
181 166 100
181 166 100
181 166 100
180 166 100
180 166 100
180 166 100
180 166 100
180 166 100
180 166 100
179 166 100
179 166 100
179 166 100
179 166 100
179 166 100
179 166 100
179 166 100
178 166 100
178 166 100
178 166 100
178 166 100
178 166 100
178 166 100
178 166 100
178 166 100
177 166 100
177 166 100
177 166 100
177 166 100
177 166 100
177 166 100
177 166 100
177 166 100
177 166 100
176 166 100
176 166 100
176 166 100
176 166 100
176 166 100
176 166 100
176 166 100
176 166 100
176 166 100
175 166 100
175 166 100
175 166 100
175 166 100
175 166 100
175 166 100
175 166 100
175 166 100
175 166 100
175 166 100
174 166 100
174 166 100
174 166 100
174 166 100
174 166 100
174 166 100
174 166 100
174 166 100
174 166 100
174 166 100
173 166 100
173 166 100
173 166 100
173 166 100
173 166 100
173 166 100
173 166 100
173 166 100
173 166 100
173 166 100
173 166 100
172 166 100
172 166 100
172 166 100
172 166 100
172 166 100
172 166 100
172 166 100
172 166 100
172 166 100
172 166 100
172 166 100
171 166 100
171 166 100
171 166 100
171 166 100
171 166 100
171 166 100
171 166 100
171 166 100
171 166 100
171 166 100
171 166 100
171 166 100
170 166 100
170 166 100
170 166 100
170 166 100
170 166 100
170 166 100
170 166 100
170 166 100
170 166 100
170 166 100
170 166 100
170 166 100
169 166 100
169 166 100
169 166 100
169 166 100
169 166 100
169 166 100
169 166 100
169 166 100
169 166 100
169 166 100
169 166 100
169 166 100
169 166 100
168 166 100
168 166 100
168 166 100
168 166 100
168 166 100
168 166 100
168 166 100
168 166 100
168 166 100
168 166 100
168 166 100
168 166 100
168 166 100
167 166 100
167 166 100
167 166 100
167 166 100
167 166 100
167 166 100
167 166 100
167 166 100
167 166 100
167 166 100
167 166 100
167 166 100
167 166 100
167 166 100
166 166 100
166 166 100
166 166 100
166 166 100
166 166 100
166 166 100
166 166 100
166 166 100
166 166 100
166 166 100
166 166 100
166 166 100
166 166 100
166 166 100
166 166 100
165 166 100
165 166 100
165 166 100
165 166 100
165 166 100
165 166 100
165 166 100
165 166 100
165 166 100
165 166 100
165 166 100
165 166 100
165 166 100
165 166 100
165 166 100
165 166 100
165 166 100
164 166 100
164 166 100
164 166 100
164 166 100
164 166 100
164 166 100
164 166 100
164 166 100
164 166 100
164 166 100
164 166 100
164 166 100
164 166 100
164 166 100
164 166 100
164 166 100
164 166 100
164 166 100
163 166 100
163 166 100
163 166 100
163 166 100
163 166 100
163 166 100
163 166 100
163 166 100
163 166 100
163 166 100
163 166 100
163 166 100
163 166 100
163 166 100
163 166 100
163 166 100
163 166 100
163 166 100
163 166 100
163 166 100
162 166 100
162 166 100
162 166 100
162 166 100
162 166 100
162 166 100
162 166 100
162 166 100
162 166 100
162 166 100
162 166 100
162 166 100
162 166 100
162 166 100
162 166 100
162 166 100
162 166 100
162 166 100
162 166 100
162 166 100
162 166 100
162 166 100
161 166 100
161 166 100
161 166 100
161 166 100
161 166 100
161 166 100
161 166 100
161 166 100
161 166 100
161 166 100
161 166 100
161 166 100
161 166 100
161 166 100
161 166 100
161 166 100
161 166 100
161 166 100
161 166 100
161 166 100
161 166 100
161 166 100
161 166 100
161 166 100
160 166 100
160 166 100
160 166 100
160 166 100
160 166 100
160 166 100
160 166 100
160 166 100
160 166 100
160 166 100
160 166 100
160 166 100
160 166 100
160 166 100
160 166 100
160 166 100
160 166 100
160 166 100
160 166 100
160 166 100
160 166 100
160 166 100
160 166 100
160 166 100
160 166 100
159 166 100
159 166 100
159 166 100
159 166 100
159 166 100
159 166 100
159 166 100
159 166 100
159 166 100
159 166 100
159 166 100
159 166 100
159 166 100
159 166 100
159 166 100
159 166 100
159 166 100
159 166 100
159 166 100
159 166 100
159 166 100
159 166 100
159 166 100
159 166 100
159 166 100
159 166 100
158 166 100
158 166 100
158 166 100
158 166 100
158 166 100
158 166 100
158 166 100
158 166 100
158 166 100
158 166 100
158 166 100
158 166 100
158 166 100
158 166 100
158 166 100
158 166 100
158 166 100
158 166 100
158 166 100
158 166 100
158 166 100
158 166 100
158 166 100
158 166 100
158 166 100
158 166 100
158 166 100
157 166 100
157 166 100
157 166 100
157 166 100
157 166 100
157 166 100
157 166 100
157 166 100
157 166 100
157 166 100
157 166 100
157 166 100
157 166 100
157 166 100
157 166 100
157 166 100
157 166 100
157 166 100
157 166 100
157 166 100
157 166 100
157 166 100
157 166 100
157 166 100
157 166 100
157 166 100
157 166 100
156 166 100
156 166 100
156 166 100
156 166 100
156 166 100
156 166 100
156 166 100
156 166 100
156 166 100
156 166 100
156 166 100
156 166 100
156 166 100
156 166 100
156 166 100
156 166 100
156 166 100
156 166 100
156 166 100
156 166 100
156 166 100
156 166 100
156 166 100
156 166 100
156 166 100
156 166 100
156 166 100
155 166 100
155 166 100
155 166 100
155 166 100
155 166 100
155 166 100
155 166 100
155 166 100
155 166 100
155 166 100
155 166 100
155 166 100
155 166 100
155 166 100
155 166 100
155 166 100
155 166 100
155 166 100
155 166 100
155 166 100
155 166 100
155 166 100
155 166 100
155 166 100
155 166 100
155 166 100
155 166 100
154 166 100
154 166 100
154 166 100
154 166 100
154 166 100
154 166 100
154 166 100
154 166 100
154 166 100
154 166 100
154 166 100
154 166 100
154 166 100
154 166 100
154 166 100
154 166 100
154 166 100
154 166 100
154 166 100
154 166 100
154 166 100
154 166 100
154 166 100
154 166 100
154 166 100
153 166 100
153 166 100
153 166 100
153 166 100
153 166 100
153 166 100
153 166 100
153 166 100
153 166 100
153 166 100
153 166 100
153 166 100
153 166 100
153 166 100
153 166 100
153 166 100
153 166 100
153 166 100
153 166 100
153 166 100
153 166 100
153 166 100
153 166 100
153 166 100
152 166 100
152 166 100
152 166 100
152 166 100
152 166 100
152 166 100
152 166 100
152 166 100
152 166 100
152 166 100
152 166 100
152 166 100
152 166 100
152 166 100
152 166 100
152 166 100
152 166 100
152 166 100
152 166 100
152 166 100
152 166 100
152 166 100
152 166 100
151 166 100
151 166 100
151 166 100
151 166 100
151 166 100
151 166 100
151 166 100
151 166 100
151 166 100
151 166 100
151 166 100
151 166 100
151 166 100
151 166 100
151 166 100
151 166 100
151 166 100
151 166 100
151 166 100
151 166 100
151 166 100
150 166 100
150 166 100
150 166 100
150 166 100
150 166 100
150 166 100
150 166 100
150 166 100
150 166 100
150 166 100
150 166 100
150 166 100
150 166 100
150 166 100
150 166 100
150 166 100
150 166 100
150 166 100
150 166 100
149 166 100
149 166 100
149 166 100
149 166 100
149 166 100
149 166 100
149 166 100
149 166 100
149 166 100
149 166 100
149 166 100
149 166 100
149 166 100
149 166 100
149 166 100
149 166 100
149 166 100
148 166 100
148 166 100
148 166 100
148 166 100
148 166 100
148 166 100
148 166 100
148 166 100
148 166 100
148 166 100
148 166 100
148 166 100
148 166 100
148 166 100
148 166 100
147 166 100
147 166 100
147 166 100
147 166 100
147 166 100
147 166 100
147 166 100
147 166 100
147 166 100
147 166 100
147 166 100
147 166 100
147 166 100
146 166 100
146 166 100
146 166 100
146 166 100
146 166 100
146 166 100
146 166 100
146 166 100
146 166 100
146 166 100
146 166 100
145 166 100
145 166 100
145 166 100
145 166 100
145 166 100
145 166 100
145 166 100
145 166 100
145 166 100
145 166 100
144 166 100
144 166 100
144 166 100
144 166 100
144 166 100
144 166 100
144 166 100
144 166 100
144 166 100
143 166 100
143 166 100
143 166 100
143 166 100
143 166 100
143 166 100
143 166 100
143 166 100
142 166 100
142 166 100
142 166 100
142 166 100
142 166 100
142 166 100
142 166 100
142 166 100
141 166 100
141 166 100
141 166 100
141 166 100
141 166 100
141 166 100
141 166 100
141 166 100
140 166 100
140 166 100
140 166 100
140 166 100
140 166 100
140 166 100
140 166 100
139 166 100
139 166 100
139 166 100
139 166 100
139 166 100
139 166 100
139 166 100
138 166 100
138 166 100
138 166 100
138 166 100
138 166 100
138 166 100
138 166 100
137 166 100
137 166 100
137 166 100
137 166 100
137 166 100
137 166 100
137 166 100
136 166 100
136 166 100
136 166 100
136 166 100
136 166 100
136 166 100
135 166 100
135 166 100
135 166 100
135 166 100
135 166 100
135 166 100
134 166 100
134 166 100
134 166 100
134 166 100
134 166 100
133 166 100
133 166 100
133 166 100
133 166 100
133 166 100
132 166 100
132 166 100
132 166 100
132 166 100
131 166 100
131 166 100
131 166 100
130 166 100
130 166 100
130 166 100
129 166 100
129 166 100
128 166 100
128 166 100
127 166 100
127 166 100
126 166 100
125 166 100
124 166 100
123 166 100
122 166 100
121 166 100
120 166 100
119 166 100
118 166 100
117 166 100
116 166 100
115 166 100
114 166 100
113 166 100
112 166 100
111 166 100
110 166 100
109 166 100
108 166 100
107 166 100
106 166 100
105 166 100
104 166 100
103 166 100
102 166 100
101 166 100
100 166 100
99 166 100
98 166 100
97 166 100
# move from (45,160) to (96,10)
45 160 100
46 160 100
47 160 100
48 160 100
49 160 100
50 160 100
51 160 100
52 160 100
53 160 100
54 160 100
55 160 100
56 160 100
57 160 100
57 160 100
58 160 100
58 160 100
59 160 100
59 160 100
60 160 100
60 160 100
60 160 100
61 160 100
61 160 100
61 160 100
62 160 100
62 160 100
62 160 100
63 160 100
63 160 100
63 160 100
64 160 100
64 160 100
64 160 100
65 160 100
65 160 100
65 160 100
66 160 100
66 160 100
66 160 100
67 160 100
67 160 100
67 160 100
68 160 100
68 160 100
69 160 100
69 160 100
70 160 100
70 160 100
71 160 100
71 160 100
72 160 100
72 160 100
73 160 100
73 160 100
74 160 100
75 160 100
76 160 100
77 160 100
78 160 100
79 160 100
80 160 100
81 160 100
82 160 100
83 160 100
84 160 100
85 160 100
86 160 100
87 160 100
88 160 100
89 160 100
90 160 100
91 160 100
92 160 100
93 160 100
94 160 100
95 160 100
