# move from (2,81) to (153,46)
2 81 100
3 81 100
4 81 100
5 81 100
6 81 100
7 81 100
8 81 100
9 81 100
10 81 100
11 81 100
11 81 100
12 81 100
12 81 100
13 81 100
13 81 100
13 81 100
14 81 100
14 81 100
14 81 100
15 81 100
15 81 100
15 81 100
15 81 100
16 81 100
16 81 100
16 81 100
16 81 100
16 81 100
17 81 100
17 81 100
17 81 100
17 81 100
17 81 100
18 81 100
18 81 100
18 81 100
18 81 100
18 81 100
19 81 100
19 81 100
19 81 100
19 81 100
19 81 100
19 81 100
20 81 100
20 81 100
20 81 100
20 81 100
20 81 100
20 81 100
21 81 100
21 81 100
21 81 100
21 81 100
21 81 100
21 81 100
21 81 100
22 81 100
22 81 100
22 81 100
22 81 100
22 81 100
22 81 100
22 81 100
22 81 100
23 81 100
23 81 100
23 81 100
23 81 100
23 81 100
23 81 100
23 81 100
23 81 100
23 81 100
23 81 100
24 81 100
24 81 100
24 81 100
24 81 100
24 81 100
24 81 100
24 81 100
24 81 100
24 81 100
24 81 100
24 81 100
24 81 100
25 81 100
25 81 100
25 81 100
25 81 100
25 81 100
25 81 100
25 81 100
25 81 100
25 81 100
25 81 100
25 81 100
25 81 100
25 81 100
25 81 100
26 81 100
26 81 100
26 81 100
26 81 100
26 81 100
26 81 100
26 81 100
26 81 100
26 81 100
26 81 100
26 81 100
26 81 100
26 81 100
26 81 100
26 81 100
27 81 100
27 81 100
27 81 100
27 81 100
27 81 100
27 81 100
27 81 100
27 81 100
27 81 100
27 81 100
27 81 100
27 81 100
27 81 100
27 81 100
27 81 100
28 81 100
28 81 100
28 81 100
28 81 100
28 81 100
28 81 100
28 81 100
28 81 100
28 81 100
28 81 100
28 81 100
28 81 100
28 81 100
28 81 100
28 81 100
29 81 100
29 81 100
29 81 100
29 81 100
29 81 100
29 81 100
29 81 100
29 81 100
29 81 100
29 81 100
29 81 100
29 81 100
29 81 100
29 81 100
30 81 100
30 81 100
30 81 100
30 81 100
30 81 100
30 81 100
30 81 100
30 81 100
30 81 100
30 81 100
30 81 100
30 81 100
30 81 100
30 81 100
31 81 100
31 81 100
31 81 100
31 81 100
31 81 100
31 81 100
31 81 100
31 81 100
31 81 100
31 81 100
31 81 100
31 81 100
31 81 100
31 81 100
32 81 100
32 81 100
32 81 100
32 81 100
32 81 100
32 81 100
32 81 100
32 81 100
32 81 100
32 81 100
32 81 100
32 81 100
32 81 100
32 81 100
33 81 100
33 81 100
33 81 100
33 81 100
33 81 100
33 81 100
33 81 100
33 81 100
33 81 100
33 81 100
33 81 100
33 81 100
33 81 100
33 81 100
33 81 100
34 81 100
34 81 100
34 81 100
34 81 100
34 81 100
34 81 100
34 81 100
34 81 100
34 81 100
34 81 100
34 81 100
34 81 100
34 81 100
34 81 100
34 81 100
34 81 100
35 81 100
35 81 100
35 81 100
35 81 100
35 81 100
35 81 100
35 81 100
35 81 100
35 81 100
35 81 100
35 81 100
35 81 100
35 81 100
35 81 100
35 81 100
35 81 100
35 81 100
35 81 100
36 81 100
36 81 100
36 81 100
36 81 100
36 81 100
36 81 100
36 81 100
36 81 100
36 81 100
36 81 100
36 81 100
36 81 100
36 81 100
36 81 100
36 81 100
36 81 100
36 81 100
36 81 100
36 81 100
37 81 100
37 81 100
37 81 100
37 81 100
37 81 100
37 81 100
37 81 100
37 81 100
37 81 100
37 81 100
37 81 100
37 81 100
37 81 100
37 81 100
37 81 100
37 81 100
37 81 100
37 81 100
37 81 100
38 81 100
38 81 100
38 81 100
38 81 100
38 81 100
38 81 100
38 81 100
38 81 100
38 81 100
38 81 100
38 81 100
38 81 100
38 81 100
38 81 100
38 81 100
38 81 100
38 81 100
38 81 100
38 81 100
39 81 100
39 81 100
39 81 100
39 81 100
39 81 100
39 81 100
39 81 100
39 81 100
39 81 100
39 81 100
39 81 100
39 81 100
39 81 100
39 81 100
39 81 100
39 81 100
39 81 100
39 81 100
39 81 100
40 81 100
40 81 100
40 81 100
40 81 100
40 81 100
40 81 100
40 81 100
40 81 100
40 81 100
40 81 100
40 81 100
40 81 100
40 81 100
40 81 100
40 81 100
40 81 100
40 81 100
40 81 100
40 81 100
41 81 100
41 81 100
41 81 100
41 81 100
41 81 100
41 81 100
41 81 100
41 81 100
41 81 100
41 81 100
41 81 100
41 81 100
41 81 100
41 81 100
41 81 100
41 81 100
41 81 100
41 81 100
42 81 100
42 81 100
42 81 100
42 81 100
42 81 100
42 81 100
42 81 100
42 81 100
42 81 100
42 81 100
42 81 100
42 81 100
42 81 100
42 81 100
42 81 100
42 81 100
42 81 100
42 81 100
42 81 100
43 81 100
43 81 100
43 81 100
43 81 100
43 81 100
43 81 100
43 81 100
43 81 100
43 81 100
43 81 100
43 81 100
43 81 100
43 81 100
43 81 100
43 81 100
43 81 100
43 81 100
43 81 100
43 81 100
43 81 100
44 81 100
44 81 100
44 81 100
44 81 100
44 81 100
44 81 100
44 81 100
44 81 100
44 81 100
44 81 100
44 81 100
44 81 100
44 81 100
44 81 100
44 81 100
44 81 100
44 81 100
44 81 100
44 81 100
44 81 100
44 81 100
44 81 100
45 81 100
45 81 100
45 81 100
45 81 100
45 81 100
45 81 100
45 81 100
45 81 100
45 81 100
45 81 100
45 81 100
45 81 100
45 81 100
45 81 100
45 81 100
45 81 100
45 81 100
45 81 100
45 81 100
45 81 100
45 81 100
45 81 100
45 81 100
45 81 100
45 81 100
46 81 100
46 81 100
46 81 100
46 81 100
46 81 100
46 81 100
46 81 100
46 81 100
46 81 100
46 81 100
46 81 100
46 81 100
46 81 100
46 81 100
46 81 100
46 81 100
46 81 100
46 81 100
46 81 100
46 81 100
46 81 100
46 81 100
46 81 100
46 81 100
46 81 100
46 81 100
46 81 100
47 81 100
47 81 100
47 81 100
47 81 100
47 81 100
47 81 100
47 81 100
47 81 100
47 81 100
47 81 100
47 81 100
47 81 100
47 81 100
47 81 100
47 81 100
47 81 100
47 81 100
47 81 100
47 81 100
47 81 100
47 81 100
47 81 100
47 81 100
47 81 100
47 81 100
47 81 100
47 81 100
47 81 100
47 81 100
47 81 100
47 81 100
48 81 100
48 81 100
48 81 100
48 81 100
48 81 100
48 81 100
48 81 100
48 81 100
48 81 100
48 81 100
48 81 100
48 81 100
48 81 100
48 81 100
48 81 100
48 81 100
48 81 100
48 81 100
48 81 100
48 81 100
48 81 100
48 81 100
48 81 100
48 81 100
48 81 100
48 81 100
48 81 100
48 81 100
48 81 100
48 81 100
48 81 100
48 81 100
48 81 100
48 81 100
49 81 100
49 81 100
49 81 100
49 81 100
49 81 100
49 81 100
49 81 100
49 81 100
49 81 100
49 81 100
49 81 100
49 81 100
49 81 100
49 81 100
49 81 100
49 81 100
49 81 100
49 81 100
49 81 100
49 81 100
49 81 100
49 81 100
49 81 100
49 81 100
49 81 100
49 81 100
49 81 100
49 81 100
49 81 100
49 81 100
49 81 100
49 81 100
49 81 100
49 81 100
49 81 100
49 81 100
49 81 100
50 81 100
50 81 100
50 81 100
50 81 100
50 81 100
50 81 100
50 81 100
50 81 100
50 81 100
50 81 100
50 81 100
50 81 100
50 81 100
50 81 100
50 81 100
50 81 100
50 81 100
50 81 100
50 81 100
50 81 100
50 81 100
50 81 100
50 81 100
50 81 100
50 81 100
50 81 100
50 81 100
50 81 100
50 81 100
50 81 100
50 81 100
50 81 100
50 81 100
50 81 100
50 81 100
50 81 100
50 81 100
50 81 100
51 81 100
51 81 100
51 81 100
51 81 100
51 81 100
51 81 100
51 81 100
51 81 100
51 81 100
51 81 100
51 81 100
51 81 100
51 81 100
51 81 100
51 81 100
51 81 100
51 81 100
51 81 100
51 81 100
51 81 100
51 81 100
51 81 100
51 81 100
51 81 100
51 81 100
51 81 100
51 81 100
51 81 100
51 81 100
51 81 100
51 81 100
51 81 100
51 81 100
51 81 100
51 81 100
51 81 100
51 81 100
51 81 100
51 81 100
52 81 100
52 81 100
52 81 100
52 81 100
52 81 100
52 81 100
52 81 100
52 81 100
52 81 100
52 81 100
52 81 100
52 81 100
52 81 100
52 81 100
52 81 100
52 81 100
52 81 100
52 81 100
52 81 100
52 81 100
52 81 100
52 81 100
52 81 100
52 81 100
52 81 100
52 81 100
52 81 100
52 81 100
52 81 100
52 81 100
52 81 100
52 81 100
52 81 100
52 81 100
52 81 100
52 81 100
52 81 100
52 81 100
53 81 100
53 81 100
53 81 100
53 81 100
53 81 100
53 81 100
53 81 100
53 81 100
53 81 100
53 81 100
53 81 100
53 81 100
53 81 100
53 81 100
53 81 100
53 81 100
53 81 100
53 81 100
53 81 100
53 81 100
53 81 100
53 81 100
53 81 100
53 81 100
53 81 100
53 81 100
53 81 100
53 81 100
53 81 100
53 81 100
53 81 100
53 81 100
53 81 100
53 81 100
53 81 100
53 81 100
53 81 100
54 81 100
54 81 100
54 81 100
54 81 100
54 81 100
54 81 100
54 81 100
54 81 100
54 81 100
54 81 100
54 81 100
54 81 100
54 81 100
54 81 100
54 81 100
54 81 100
54 81 100
54 81 100
54 81 100
54 81 100
54 81 100
54 81 100
54 81 100
54 81 100
54 81 100
54 81 100
54 81 100
54 81 100
54 81 100
54 81 100
54 81 100
54 81 100
54 81 100
54 81 100
54 81 100
55 81 100
55 81 100
55 81 100
55 81 100
55 81 100
55 81 100
55 81 100
55 81 100
55 81 100
55 81 100
55 81 100
55 81 100
55 81 100
55 81 100
55 81 100
55 81 100
55 81 100
55 81 100
55 81 100
55 81 100
55 81 100
55 81 100
55 81 100
55 81 100
55 81 100
55 81 100
55 81 100
55 81 100
55 81 100
55 81 100
55 81 100
55 81 100
55 81 100
56 81 100
56 81 100
56 81 100
56 81 100
56 81 100
56 81 100
56 81 100
56 81 100
56 81 100
56 81 100
56 81 100
56 81 100
56 81 100
56 81 100
56 81 100
56 81 100
56 81 100
56 81 100
56 81 100
56 81 100
56 81 100
56 81 100
56 81 100
56 81 100
56 81 100
56 81 100
56 81 100
56 81 100
56 81 100
56 81 100
57 81 100
57 81 100
57 81 100
57 81 100
57 81 100
57 81 100
57 81 100
57 81 100
57 81 100
57 81 100
57 81 100
57 81 100
57 81 100
57 81 100
57 81 100
57 81 100
57 81 100
57 81 100
57 81 100
57 81 100
57 81 100
57 81 100
57 81 100
57 81 100
57 81 100
57 81 100
57 81 100
57 81 100
58 81 100
58 81 100
58 81 100
58 81 100
58 81 100
58 81 100
58 81 100
58 81 100
58 81 100
58 81 100
58 81 100
58 81 100
58 81 100
58 81 100
58 81 100
58 81 100
58 81 100
58 81 100
58 81 100
58 81 100
58 81 100
58 81 100
58 81 100
58 81 100
58 81 100
59 81 100
59 81 100
59 81 100
59 81 100
59 81 100
59 81 100
59 81 100
59 81 100
59 81 100
59 81 100
59 81 100
59 81 100
59 81 100
59 81 100
59 81 100
59 81 100
59 81 100
59 81 100
59 81 100
59 81 100
59 81 100
59 81 100
59 81 100
60 81 100
60 81 100
60 81 100
60 81 100
60 81 100
60 81 100
60 81 100
60 81 100
60 81 100
60 81 100
60 81 100
60 81 100
60 81 100
60 81 100
60 81 100
60 81 100
60 81 100
60 81 100
60 81 100
60 81 100
60 81 100
61 81 100
61 81 100
61 81 100
61 81 100
61 81 100
61 81 100
61 81 100
61 81 100
61 81 100
61 81 100
61 81 100
61 81 100
61 81 100
61 81 100
61 81 100
61 81 100
61 81 100
61 81 100
61 81 100
61 81 100
62 81 100
62 81 100
62 81 100
62 81 100
62 81 100
62 81 100
62 81 100
62 81 100
62 81 100
62 81 100
62 81 100
62 81 100
62 81 100
62 81 100
62 81 100
62 81 100
62 81 100
62 81 100
62 81 100
63 81 100
63 81 100
63 81 100
63 81 100
63 81 100
63 81 100
63 81 100
63 81 100
63 81 100
63 81 100
63 81 100
63 81 100
63 81 100
63 81 100
63 81 100
63 81 100
63 81 100
64 81 100
64 81 100
64 81 100
64 81 100
64 81 100
64 81 100
64 81 100
64 81 100
64 81 100
64 81 100
64 81 100
64 81 100
64 81 100
64 81 100
64 81 100
65 81 100
65 81 100
65 81 100
65 81 100
65 81 100
65 81 100
65 81 100
65 81 100
65 81 100
65 81 100
65 81 100
65 81 100
65 81 100
66 81 100
66 81 100
66 81 100
66 81 100
66 81 100
66 81 100
66 81 100
66 81 100
66 81 100
66 81 100
66 81 100
67 81 100
67 81 100
67 81 100
67 81 100
67 81 100
67 81 100
67 81 100
67 81 100
67 81 100
68 81 100
68 81 100
68 81 100
68 81 100
68 81 100
68 81 100
68 81 100
69 81 100
69 81 100
69 81 100
69 81 100
69 81 100
70 81 100
70 81 100
70 81 100
70 81 100
71 81 100
71 81 100
71 81 100
71 81 100
72 81 100
72 81 100
72 81 100
73 81 100
73 81 100
73 81 100
74 81 100
74 81 100
74 81 100
74 81 100
75 81 100
75 81 100
75 81 100
75 81 100
75 81 100
76 81 100
76 81 100
76 81 100
76 81 100
76 81 100
76 81 100
77 81 100
77 81 100
77 81 100
77 81 100
77 81 100
77 81 100
77 81 100
78 81 100
78 81 100
78 81 100
78 81 100
78 81 100
78 81 100
78 81 100
78 81 100
78 81 100
79 81 100
79 81 100
79 81 100
79 81 100
79 81 100
79 81 100
79 81 100
79 81 100
79 81 100
79 81 100
79 81 100
80 81 100
80 81 100
80 81 100
80 81 100
80 81 100
80 81 100
80 81 100
80 81 100
80 81 100
80 81 100
80 81 100
80 81 100
80 81 100
80 81 100
81 81 100
81 81 100
81 81 100
81 81 100
81 81 100
81 81 100
81 81 100
81 81 100
81 81 100
81 81 100
81 81 100
81 81 100
81 81 100
81 81 100
81 81 100
81 81 100
81 81 100
81 81 100
82 81 100
82 81 100
82 81 100
82 81 100
82 81 100
82 81 100
82 81 100
82 81 100
82 81 100
82 81 100
82 81 100
82 81 100
82 81 100
82 81 100
82 81 100
82 81 100
82 81 100
82 81 100
82 81 100
82 81 100
82 81 100
83 81 100
83 81 100
83 81 100
83 81 100
83 81 100
83 81 100
83 81 100
83 81 100
83 81 100
83 81 100
83 81 100
83 81 100
83 81 100
83 81 100
83 81 100
83 81 100
83 81 100
83 81 100
83 81 100
83 81 100
83 81 100
83 81 100
83 81 100
83 81 100
84 81 100
84 81 100
84 81 100
84 81 100
84 81 100
84 81 100
84 81 100
84 81 100
84 81 100
84 81 100
84 81 100
84 81 100
84 81 100
84 81 100
84 81 100
84 81 100
84 81 100
84 81 100
84 81 100
84 81 100
84 81 100
84 81 100
84 81 100
84 81 100
84 81 100
84 81 100
85 81 100
85 81 100
85 81 100
85 81 100
85 81 100
85 81 100
85 81 100
85 81 100
85 81 100
85 81 100
85 81 100
85 81 100
85 81 100
85 81 100
85 81 100
85 81 100
85 81 100
85 81 100
85 81 100
85 81 100
85 81 100
85 81 100
85 81 100
85 81 100
85 81 100
85 81 100
85 81 100
85 81 100
86 81 100
86 81 100
86 81 100
86 81 100
86 81 100
86 81 100
86 81 100
86 81 100
86 81 100
86 81 100
86 81 100
86 81 100
86 81 100
86 81 100
86 81 100
86 81 100
86 81 100
86 81 100
86 81 100
86 81 100
86 81 100
86 81 100
86 81 100
86 81 100
86 81 100
86 81 100
86 81 100
86 81 100
86 81 100
87 81 100
87 81 100
87 81 100
87 81 100
87 81 100
87 81 100
87 81 100
87 81 100
87 81 100
87 81 100
87 81 100
87 81 100
87 81 100
87 81 100
87 81 100
87 81 100
87 81 100
87 81 100
87 81 100
87 81 100
87 81 100
87 81 100
87 81 100
87 81 100
87 81 100
87 81 100
87 81 100
87 81 100
87 81 100
87 81 100
88 81 100
88 81 100
88 81 100
88 81 100
88 81 100
88 81 100
88 81 100
88 81 100
88 81 100
88 81 100
88 81 100
88 81 100
88 81 100
88 81 100
88 81 100
88 81 100
88 81 100
88 81 100
88 81 100
88 81 100
88 81 100
88 81 100
88 81 100
88 81 100
88 81 100
88 81 100
88 81 100
88 81 100
88 81 100
88 81 100
88 81 100
88 81 100
89 81 100
89 81 100
89 81 100
89 81 100
89 81 100
89 81 100
89 81 100
89 81 100
89 81 100
89 81 100
89 81 100
89 81 100
89 81 100
89 81 100
89 81 100
89 81 100
89 81 100
89 81 100
89 81 100
89 81 100
89 81 100
89 81 100
89 81 100
89 81 100
89 81 100
89 81 100
89 81 100
89 81 100
89 81 100
89 81 100
89 81 100
89 81 100
89 81 100
90 81 100
90 81 100
90 81 100
90 81 100
90 81 100
90 81 100
90 81 100
90 81 100
90 81 100
90 81 100
90 81 100
90 81 100
90 81 100
90 81 100
90 81 100
90 81 100
90 81 100
90 81 100
90 81 100
90 81 100
90 81 100
90 81 100
90 81 100
90 81 100
90 81 100
90 81 100
90 81 100
90 81 100
90 81 100
90 81 100
90 81 100
90 81 100
90 81 100
90 81 100
90 81 100
91 81 100
91 81 100
91 81 100
91 81 100
91 81 100
91 81 100
91 81 100
91 81 100
91 81 100
91 81 100
91 81 100
91 81 100
91 81 100
91 81 100
91 81 100
91 81 100
91 81 100
91 81 100
91 81 100
91 81 100
91 81 100
91 81 100
91 81 100
91 81 100
91 81 100
91 81 100
91 81 100
91 81 100
91 81 100
91 81 100
91 81 100
91 81 100
91 81 100
91 81 100
91 81 100
91 81 100
91 81 100
92 81 100
92 81 100
92 81 100
92 81 100
92 81 100
92 81 100
92 81 100
92 81 100
92 81 100
92 81 100
92 81 100
92 81 100
92 81 100
92 81 100
92 81 100
92 81 100
92 81 100
92 81 100
92 81 100
92 81 100
92 81 100
92 81 100
92 81 100
92 81 100
92 81 100
92 81 100
92 81 100
92 81 100
92 81 100
92 81 100
92 81 100
92 81 100
92 81 100
92 81 100
92 81 100
92 81 100
92 81 100
92 81 100
92 81 100
92 81 100
93 81 100
93 81 100
93 81 100
93 81 100
93 81 100
93 81 100
93 81 100
93 81 100
93 81 100
93 81 100
93 81 100
93 81 100
93 81 100
93 81 100
93 81 100
93 81 100
93 81 100
93 81 100
93 81 100
93 81 100
93 81 100
93 81 100
93 81 100
93 81 100
93 81 100
93 81 100
93 81 100
93 81 100
93 81 100
93 81 100
93 81 100
93 81 100
93 81 100
93 81 100
93 81 100
93 81 100
93 81 100
93 81 100
93 81 100
93 81 100
93 81 100
93 81 100
94 81 100
94 81 100
94 81 100
94 81 100
94 81 100
94 81 100
94 81 100
94 81 100
94 81 100
94 81 100
94 81 100
94 81 100
94 81 100
94 81 100
94 81 100
94 81 100
94 81 100
94 81 100
94 81 100
94 81 100
94 81 100
94 81 100
94 81 100
94 81 100
94 81 100
94 81 100
94 81 100
94 81 100
94 81 100
94 81 100
94 81 100
94 81 100
94 81 100
94 81 100
94 81 100
94 81 100
94 81 100
94 81 100
94 81 100
94 81 100
94 81 100
94 81 100
94 81 100
94 81 100
95 81 100
95 81 100
95 81 100
95 81 100
95 81 100
95 81 100
95 81 100
95 81 100
95 81 100
95 81 100
95 81 100
95 81 100
95 81 100
95 81 100
95 81 100
95 81 100
95 81 100
95 81 100
95 81 100
95 81 100
95 81 100
95 81 100
95 81 100
95 81 100
95 81 100
95 81 100
95 81 100
95 81 100
95 81 100
95 81 100
95 81 100
95 81 100
95 81 100
95 81 100
95 81 100
95 81 100
95 81 100
95 81 100
95 81 100
95 81 100
95 81 100
95 81 100
95 81 100
95 81 100
95 81 100
95 81 100
96 81 100
96 81 100
96 81 100
96 81 100
96 81 100
96 81 100
96 81 100
96 81 100
96 81 100
96 81 100
96 81 100
96 81 100
96 81 100
96 81 100
96 81 100
96 81 100
96 81 100
96 81 100
96 81 100
96 81 100
96 81 100
96 81 100
96 81 100
96 81 100
96 81 100
96 81 100
96 81 100
96 81 100
96 81 100
96 81 100
96 81 100
96 81 100
96 81 100
96 81 100
96 81 100
96 81 100
96 81 100
96 81 100
96 81 100
96 81 100
96 81 100
96 81 100
96 81 100
96 81 100
96 81 100
96 81 100
96 81 100
96 81 100
97 81 100
97 81 100
97 81 100
97 81 100
97 81 100
97 81 100
97 81 100
97 81 100
97 81 100
97 81 100
97 81 100
97 81 100
97 81 100
97 81 100
97 81 100
97 81 100
97 81 100
97 81 100
97 81 100
97 81 100
97 81 100
97 81 100
97 81 100
97 81 100
97 81 100
97 81 100
97 81 100
97 81 100
97 81 100
97 81 100
97 81 100
97 81 100
97 81 100
97 81 100
97 81 100
97 81 100
97 81 100
97 81 100
97 81 100
97 81 100
97 81 100
97 81 100
97 81 100
97 81 100
97 81 100
97 81 100
97 81 100
97 81 100
98 81 100
98 81 100
98 81 100
98 81 100
98 81 100
98 81 100
98 81 100
98 81 100
98 81 100
98 81 100
98 81 100
98 81 100
98 81 100
98 81 100
98 81 100
98 81 100
98 81 100
98 81 100
98 81 100
98 81 100
98 81 100
98 81 100
98 81 100
98 81 100
98 81 100
98 81 100
98 81 100
98 81 100
98 81 100
98 81 100
98 81 100
98 81 100
98 81 100
98 81 100
98 81 100
98 81 100
98 81 100
98 81 100
98 81 100
98 81 100
98 81 100
98 81 100
98 81 100
98 81 100
98 81 100
98 81 100
98 81 100
98 81 100
99 81 100
99 81 100
99 81 100
99 81 100
99 81 100
99 81 100
99 81 100
99 81 100
99 81 100
99 81 100
99 81 100
99 81 100
99 81 100
99 81 100
99 81 100
99 81 100
99 81 100
99 81 100
99 81 100
99 81 100
99 81 100
99 81 100
99 81 100
99 81 100
99 81 100
99 81 100
99 81 100
99 81 100
99 81 100
99 81 100
99 81 100
99 81 100
99 81 100
99 81 100
99 81 100
99 81 100
99 81 100
99 81 100
99 81 100
99 81 100
99 81 100
99 81 100
99 81 100
99 81 100
99 81 100
99 81 100
99 81 100
99 81 100
100 81 100
100 81 100
100 81 100
100 81 100
100 81 100
100 81 100
100 81 100
100 81 100
100 81 100
100 81 100
100 81 100
100 81 100
100 81 100
100 81 100
100 81 100
100 81 100
100 81 100
100 81 100
100 81 100
100 81 100
100 81 100
100 81 100
100 81 100
100 81 100
100 81 100
100 81 100
100 81 100
100 81 100
100 81 100
100 81 100
100 81 100
100 81 100
100 81 100
100 81 100
100 81 100
100 81 100
100 81 100
100 81 100
100 81 100
100 81 100
100 81 100
100 81 100
100 81 100
100 81 100
100 81 100
100 81 100
100 81 100
101 81 100
101 81 100
101 81 100
101 81 100
101 81 100
101 81 100
101 81 100
101 81 100
101 81 100
101 81 100
101 81 100
101 81 100
101 81 100
101 81 100
101 81 100
101 81 100
101 81 100
101 81 100
101 81 100
101 81 100
101 81 100
101 81 100
101 81 100
101 81 100
101 81 100
101 81 100
101 81 100
101 81 100
101 81 100
101 81 100
101 81 100
101 81 100
101 81 100
101 81 100
101 81 100
101 81 100
101 81 100
101 81 100
101 81 100
101 81 100
101 81 100
101 81 100
101 81 100
101 81 100
101 81 100
102 81 100
102 81 100
102 81 100
102 81 100
102 81 100
102 81 100
102 81 100
102 81 100
102 81 100
102 81 100
102 81 100
102 81 100
102 81 100
102 81 100
102 81 100
102 81 100
102 81 100
102 81 100
102 81 100
102 81 100
102 81 100
102 81 100
102 81 100
102 81 100
102 81 100
102 81 100
102 81 100
102 81 100
102 81 100
102 81 100
102 81 100
102 81 100
102 81 100
102 81 100
102 81 100
102 81 100
102 81 100
102 81 100
102 81 100
102 81 100
102 81 100
102 81 100
102 81 100
102 81 100
103 81 100
103 81 100
103 81 100
103 81 100
103 81 100
103 81 100
103 81 100
103 81 100
103 81 100
103 81 100
103 81 100
103 81 100
103 81 100
103 81 100
103 81 100
103 81 100
103 81 100
103 81 100
103 81 100
103 81 100
103 81 100
103 81 100
103 81 100
103 81 100
103 81 100
103 81 100
103 81 100
103 81 100
103 81 100
103 81 100
103 81 100
103 81 100
103 81 100
103 81 100
103 81 100
103 81 100
103 81 100
103 81 100
103 81 100
103 81 100
103 81 100
103 81 100
103 81 100
103 81 100
104 81 100
104 81 100
104 81 100
104 81 100
104 81 100
104 81 100
104 81 100
104 81 100
104 81 100
104 81 100
104 81 100
104 81 100
104 81 100
104 81 100
104 81 100
104 81 100
104 81 100
104 81 100
104 81 100
104 81 100
104 81 100
104 81 100
104 81 100
104 81 100
104 81 100
104 81 100
104 81 100
104 81 100
104 81 100
104 81 100
104 81 100
104 81 100
104 81 100
104 81 100
104 81 100
104 81 100
104 81 100
104 81 100
104 81 100
104 81 100
104 81 100
104 81 100
104 81 100
105 81 100
105 81 100
105 81 100
105 81 100
105 81 100
105 81 100
105 81 100
105 81 100
105 81 100
105 81 100
105 81 100
105 81 100
105 81 100
105 81 100
105 81 100
105 81 100
105 81 100
105 81 100
105 81 100
105 81 100
105 81 100
105 81 100
105 81 100
105 81 100
105 81 100
105 81 100
105 81 100
105 81 100
105 81 100
105 81 100
105 81 100
105 81 100
105 81 100
105 81 100
105 81 100
105 81 100
105 81 100
105 81 100
105 81 100
105 81 100
105 81 100
105 81 100
105 81 100
106 81 100
106 81 100
106 81 100
106 81 100
106 81 100
106 81 100
106 81 100
106 81 100
106 81 100
106 81 100
106 81 100
106 81 100
106 81 100
106 81 100
106 81 100
106 81 100
106 81 100
106 81 100
106 81 100
106 81 100
106 81 100
106 81 100
106 81 100
106 81 100
106 81 100
106 81 100
106 81 100
106 81 100
106 81 100
106 81 100
106 81 100
106 81 100
106 81 100
106 81 100
106 81 100
106 81 100
106 81 100
106 81 100
106 81 100
106 81 100
106 81 100
106 81 100
107 81 100
107 81 100
107 81 100
107 81 100
107 81 100
107 81 100
107 81 100
107 81 100
107 81 100
107 81 100
107 81 100
107 81 100
107 81 100
107 81 100
107 81 100
107 81 100
107 81 100
107 81 100
107 81 100
107 81 100
107 81 100
107 81 100
107 81 100
107 81 100
107 81 100
107 81 100
107 81 100
107 81 100
107 81 100
107 81 100
107 81 100
107 81 100
107 81 100
107 81 100
107 81 100
107 81 100
107 81 100
107 81 100
107 81 100
107 81 100
107 81 100
108 81 100
108 81 100
108 81 100
108 81 100
108 81 100
108 81 100
108 81 100
108 81 100
108 81 100
108 81 100
108 81 100
108 81 100
108 81 100
108 81 100
108 81 100
108 81 100
108 81 100
108 81 100
108 81 100
108 81 100
108 81 100
108 81 100
108 81 100
108 81 100
108 81 100
108 81 100
108 81 100
108 81 100
108 81 100
108 81 100
108 81 100
108 81 100
108 81 100
108 81 100
108 81 100
108 81 100
108 81 100
108 81 100
108 81 100
109 81 100
109 81 100
109 81 100
109 81 100
109 81 100
109 81 100
109 81 100
109 81 100
109 81 100
109 81 100
109 81 100
109 81 100
109 81 100
109 81 100
109 81 100
109 81 100
109 81 100
109 81 100
109 81 100
109 81 100
109 81 100
109 81 100
109 81 100
109 81 100
109 81 100
109 81 100
109 81 100
109 81 100
109 81 100
109 81 100
109 81 100
109 81 100
109 81 100
109 81 100
109 81 100
109 81 100
109 81 100
110 81 100
110 81 100
110 81 100
110 81 100
110 81 100
110 81 100
110 81 100
110 81 100
110 81 100
110 81 100
110 81 100
110 81 100
110 81 100
110 81 100
110 81 100
110 81 100
110 81 100
110 81 100
110 81 100
110 81 100
110 81 100
110 81 100
110 81 100
110 81 100
110 81 100
110 81 100
110 81 100
110 81 100
110 81 100
110 81 100
110 81 100
110 81 100
110 81 100
110 81 100
111 81 100
111 81 100
111 81 100
111 81 100
111 81 100
111 81 100
111 81 100
111 81 100
111 81 100
111 81 100
111 81 100
111 81 100
111 81 100
111 81 100
111 81 100
111 81 100
111 81 100
111 81 100
111 81 100
111 81 100
111 81 100
111 81 100
111 81 100
111 81 100
111 81 100
111 81 100
111 81 100
111 81 100
111 81 100
111 81 100
111 81 100
112 81 100
112 81 100
112 81 100
112 81 100
112 81 100
112 81 100
112 81 100
112 81 100
112 81 100
112 81 100
112 81 100
112 81 100
112 81 100
112 81 100
112 81 100
112 81 100
112 81 100
112 81 100
112 81 100
112 81 100
112 81 100
112 81 100
112 81 100
112 81 100
112 81 100
112 81 100
112 81 100
112 81 100
113 81 100
113 81 100
113 81 100
113 81 100
113 81 100
113 81 100
113 81 100
113 81 100
113 81 100
113 81 100
113 81 100
113 81 100
113 81 100
113 81 100
113 81 100
113 81 100
113 81 100
113 81 100
113 81 100
113 81 100
113 81 100
113 81 100
113 81 100
113 81 100
114 81 100
114 81 100
114 81 100
114 81 100
114 81 100
114 81 100
114 81 100
114 81 100
114 81 100
114 81 100
114 81 100
114 81 100
114 81 100
114 81 100
114 81 100
114 81 100
114 81 100
114 81 100
114 81 100
114 81 100
114 81 100
115 81 100
115 81 100
115 81 100
115 81 100
115 81 100
115 81 100
115 81 100
115 81 100
115 81 100
115 81 100
115 81 100
115 81 100
115 81 100
115 81 100
115 81 100
115 81 100
115 81 100
115 81 100
116 81 100
116 81 100
116 81 100
116 81 100
116 81 100
116 81 100
116 81 100
116 81 100
116 81 100
116 81 100
116 81 100
116 81 100
116 81 100
116 81 100
116 81 100
116 81 100
116 81 100
117 81 100
117 81 100
117 81 100
117 81 100
117 81 100
117 81 100
117 81 100
117 81 100
117 81 100
117 81 100
117 81 100
117 81 100
117 81 100
117 81 100
117 81 100
118 81 100
118 81 100
118 81 100
118 81 100
118 81 100
118 81 100
118 81 100
118 81 100
118 81 100
118 81 100
118 81 100
118 81 100
118 81 100
118 81 100
118 81 100
119 81 100
119 81 100
119 81 100
119 81 100
119 81 100
119 81 100
119 81 100
119 81 100
119 81 100
119 81 100
119 81 100
119 81 100
119 81 100
119 81 100
120 81 100
120 81 100
120 81 100
120 81 100
120 81 100
120 81 100
120 81 100
120 81 100
120 81 100
120 81 100
120 81 100
120 81 100
120 81 100
121 81 100
121 81 100
121 81 100
121 81 100
121 81 100
121 81 100
121 81 100
121 81 100
121 81 100
121 81 100
121 81 100
122 81 100
122 81 100
122 81 100
122 81 100
122 81 100
122 81 100
122 81 100
122 81 100
122 81 100
122 81 100
123 81 100
123 81 100
123 81 100
123 81 100
123 81 100
123 81 100
123 81 100
123 81 100
124 81 100
124 81 100
124 81 100
124 81 100
124 81 100
124 81 100
125 81 100
125 81 100
125 81 100
125 81 100
125 81 100
126 81 100
126 81 100
126 81 100
127 81 100
127 81 100
128 81 100
128 81 100
129 81 100
130 81 100
131 81 100
132 81 100
133 81 100
134 81 100
135 81 100
136 81 100
137 81 100
138 81 100
139 81 100
140 81 100
141 81 100
142 81 100
143 81 100
143 81 100
144 81 100
144 81 100
145 81 100
145 81 100
146 81 100
146 81 100
147 81 100
147 81 100
148 81 100
148 81 100
149 81 100
149 81 100
150 81 100
150 81 100
150 81 100
151 81 100
151 81 100
151 81 100
151 81 100
152 81 100
152 81 100
152 81 100
152 81 100
152 81 100
153 81 100
153 81 100
153 81 100
153 81 100
153 81 100
153 81 100
153 80 100
153 80 100
153 80 100
153 80 100
153 80 100
153 80 100
153 79 100
153 79 100
153 79 100
153 79 100
153 79 100
153 79 100
153 78 100
153 78 100
153 78 100
153 78 100
153 78 100
153 78 100
153 78 100
153 77 100
153 77 100
153 77 100
153 77 100
153 77 100
153 77 100
153 77 100
153 77 100
153 77 100
153 76 100
153 76 100
153 76 100
153 76 100
153 76 100
153 76 100
153 76 100
153 76 100
153 76 100
153 76 100
153 76 100
153 75 100
153 75 100
153 75 100
153 75 100
153 75 100
153 75 100
153 75 100
153 75 100
153 75 100
153 75 100
153 75 100
153 75 100
153 75 100
153 75 100
153 74 100
153 74 100
153 74 100
153 74 100
153 74 100
153 74 100
153 74 100
153 74 100
153 74 100
153 74 100
153 74 100
153 74 100
153 74 100
153 74 100
153 74 100
153 74 100
153 74 100
153 73 100
153 73 100
153 73 100
153 73 100
153 73 100
153 73 100
153 73 100
153 73 100
153 73 100
153 73 100
153 73 100
153 73 100
153 73 100
153 73 100
153 73 100
153 73 100
153 73 100
153 73 100
153 73 100
153 72 100
153 72 100
153 72 100
153 72 100
153 72 100
153 72 100
153 72 100
153 72 100
153 72 100
153 72 100
153 72 100
153 72 100
153 72 100
153 72 100
153 72 100
153 72 100
153 72 100
153 72 100
153 72 100
153 72 100
153 72 100
153 71 100
153 71 100
153 71 100
153 71 100
153 71 100
153 71 100
153 71 100
153 71 100
153 71 100
153 71 100
153 71 100
153 71 100
153 71 100
153 71 100
153 71 100
153 71 100
153 71 100
153 71 100
153 71 100
153 71 100
153 71 100
153 71 100
153 70 100
153 70 100
153 70 100
153 70 100
153 70 100
153 70 100
153 70 100
153 70 100
153 70 100
153 70 100
153 70 100
153 70 100
153 70 100
153 70 100
153 70 100
153 70 100
153 70 100
153 70 100
153 70 100
153 70 100
153 70 100
153 70 100
153 70 100
153 69 100
153 69 100
153 69 100
153 69 100
153 69 100
153 69 100
153 69 100
153 69 100
153 69 100
153 69 100
153 69 100
153 69 100
153 69 100
153 69 100
153 69 100
153 69 100
153 69 100
153 69 100
153 69 100
153 69 100
153 69 100
153 69 100
153 69 100
153 68 100
153 68 100
153 68 100
153 68 100
153 68 100
153 68 100
153 68 100
153 68 100
153 68 100
153 68 100
153 68 100
153 68 100
153 68 100
153 68 100
153 68 100
153 68 100
153 68 100
153 68 100
153 68 100
153 68 100
153 68 100
153 68 100
153 68 100
153 67 100
153 67 100
153 67 100
153 67 100
153 67 100
153 67 100
153 67 100
153 67 100
153 67 100
153 67 100
153 67 100
153 67 100
153 67 100
153 67 100
153 67 100
153 67 100
153 67 100
153 67 100
153 67 100
153 67 100
153 67 100
153 67 100
153 67 100
153 67 100
153 66 100
153 66 100
153 66 100
153 66 100
153 66 100
153 66 100
153 66 100
153 66 100
153 66 100
153 66 100
153 66 100
153 66 100
153 66 100
153 66 100
153 66 100
153 66 100
153 66 100
153 66 100
153 66 100
153 66 100
153 66 100
153 66 100
153 66 100
153 66 100
153 66 100
153 65 100
153 65 100
153 65 100
153 65 100
153 65 100
153 65 100
153 65 100
153 65 100
153 65 100
153 65 100
153 65 100
153 65 100
153 65 100
153 65 100
153 65 100
153 65 100
153 65 100
153 65 100
153 65 100
153 65 100
153 65 100
153 65 100
153 65 100
153 65 100
153 65 100
153 65 100
153 65 100
153 64 100
153 64 100
153 64 100
153 64 100
153 64 100
153 64 100
153 64 100
153 64 100
153 64 100
153 64 100
153 64 100
153 64 100
153 64 100
153 64 100
153 64 100
153 64 100
153 64 100
153 64 100
153 64 100
153 64 100
153 64 100
153 64 100
153 64 100
153 64 100
153 64 100
153 64 100
153 64 100
153 63 100
153 63 100
153 63 100
153 63 100
153 63 100
153 63 100
153 63 100
153 63 100
153 63 100
153 63 100
153 63 100
153 63 100
153 63 100
153 63 100
153 63 100
153 63 100
153 63 100
153 63 100
153 63 100
153 63 100
153 63 100
153 63 100
153 63 100
153 63 100
153 63 100
153 63 100
153 63 100
153 63 100
153 62 100
153 62 100
153 62 100
153 62 100
153 62 100
153 62 100
153 62 100
153 62 100
153 62 100
153 62 100
153 62 100
153 62 100
153 62 100
153 62 100
153 62 100
153 62 100
153 62 100
153 62 100
153 62 100
153 62 100
153 62 100
153 62 100
153 62 100
153 62 100
153 62 100
153 62 100
153 62 100
153 61 100
153 61 100
153 61 100
153 61 100
153 61 100
153 61 100
153 61 100
153 61 100
153 61 100
153 61 100
153 61 100
153 61 100
153 61 100
153 61 100
153 61 100
153 61 100
153 61 100
153 61 100
153 61 100
153 61 100
153 61 100
153 61 100
153 61 100
153 61 100
153 61 100
153 60 100
153 60 100
153 60 100
153 60 100
153 60 100
153 60 100
153 60 100
153 60 100
153 60 100
153 60 100
153 60 100
153 60 100
153 60 100
153 60 100
153 60 100
153 60 100
153 60 100
153 60 100
153 60 100
153 60 100
153 60 100
153 60 100
153 60 100
153 59 100
153 59 100
153 59 100
153 59 100
153 59 100
153 59 100
153 59 100
153 59 100
153 59 100
153 59 100
153 59 100
153 59 100
153 59 100
153 59 100
153 59 100
153 59 100
153 59 100
153 59 100
153 59 100
153 59 100
153 58 100
153 58 100
153 58 100
153 58 100
153 58 100
153 58 100
153 58 100
153 58 100
153 58 100
153 58 100
153 58 100
153 58 100
153 58 100
153 58 100
153 58 100
153 58 100
153 57 100
153 57 100
153 57 100
153 57 100
153 57 100
153 57 100
153 57 100
153 57 100
153 57 100
153 57 100
153 57 100
153 57 100
153 57 100
153 56 100
153 56 100
153 56 100
153 56 100
153 56 100
153 56 100
153 56 100
153 56 100
153 56 100
153 56 100
153 55 100
153 55 100
153 55 100
153 55 100
153 55 100
153 55 100
153 55 100
153 55 100
153 54 100
153 54 100
153 54 100
153 54 100
153 54 100
153 54 100
153 53 100
153 53 100
153 53 100
153 53 100
153 53 100
153 52 100
153 52 100
153 52 100
153 52 100
153 51 100
153 51 100
153 51 100
153 51 100
153 50 100
153 50 100
153 50 100
153 50 100
153 49 100
153 49 100
153 49 100
153 48 100
153 48 100
153 48 100
153 47 100
153 47 100
153 47 100
153 46 100
153 46 100
# move from (150,195) to (153,46)
150 195 100
151 195 100
152 195 100
153 195 100
153 194 100
153 193 100
153 192 100
153 192 100
153 191 100
153 191 100
153 191 100
153 190 100
153 190 100
153 190 100
153 190 100
153 189 100
153 189 100
153 189 100
153 189 100
153 189 100
153 188 100
153 188 100
153 188 100
153 188 100
153 188 100
153 188 100
153 187 100
153 187 100
153 187 100
153 187 100
153 187 100
153 187 100
153 187 100
153 187 100
153 186 100
153 186 100
153 186 100
153 186 100
153 186 100
153 186 100
153 186 100
153 186 100
153 186 100
153 186 100
153 186 100
153 185 100
153 185 100
153 185 100
153 185 100
153 185 100
153 185 100
153 185 100
153 185 100
153 185 100
153 185 100
153 185 100
153 185 100
153 185 100
153 184 100
153 184 100
153 184 100
153 184 100
153 184 100
153 184 100
153 184 100
153 184 100
153 184 100
153 184 100
153 184 100
153 184 100
153 184 100
153 184 100
153 184 100
153 183 100
153 183 100
153 183 100
153 183 100
153 183 100
153 183 100
153 183 100
153 183 100
153 183 100
153 183 100
153 183 100
153 183 100
153 183 100
153 183 100
153 183 100
153 183 100
153 183 100
153 182 100
153 182 100
153 182 100
153 182 100
153 182 100
153 182 100
153 182 100
153 182 100
153 182 100
153 182 100
153 182 100
153 182 100
153 182 100
153 182 100
153 182 100
153 182 100
153 182 100
153 182 100
153 181 100
153 181 100
153 181 100
153 181 100
153 181 100
153 181 100
153 181 100
153 181 100
153 181 100
153 181 100
153 181 100
153 181 100
153 181 100
153 181 100
153 181 100
153 181 100
153 181 100
153 181 100
153 180 100
153 180 100
153 180 100
153 180 100
153 180 100
153 180 100
153 180 100
153 180 100
153 180 100
153 180 100
153 180 100
153 180 100
153 180 100
153 180 100
153 180 100
153 180 100
153 180 100
153 180 100
153 180 100
153 179 100
153 179 100
153 179 100
153 179 100
153 179 100
153 179 100
153 179 100
153 179 100
153 179 100
153 179 100
153 179 100
153 179 100
153 179 100
153 179 100
153 179 100
153 179 100
153 179 100
153 179 100
153 179 100
153 179 100
153 178 100
153 178 100
153 178 100
153 178 100
153 178 100
153 178 100
153 178 100
153 178 100
153 178 100
153 178 100
153 178 100
153 178 100
153 178 100
153 178 100
153 178 100
153 178 100
153 178 100
153 178 100
153 178 100
153 178 100
153 177 100
153 177 100
153 177 100
153 177 100
153 177 100
153 177 100
153 177 100
153 177 100
153 177 100
153 177 100
153 177 100
153 177 100
153 177 100
153 177 100
153 177 100
153 177 100
153 177 100
153 177 100
153 177 100
153 177 100
153 176 100
153 176 100
153 176 100
153 176 100
153 176 100
153 176 100
153 176 100
153 176 100
153 176 100
153 176 100
153 176 100
153 176 100
153 176 100
153 176 100
153 176 100
153 176 100
153 176 100
153 176 100
153 176 100
153 175 100
153 175 100
153 175 100
153 175 100
153 175 100
153 175 100
153 175 100
153 175 100
153 175 100
153 175 100
153 175 100
153 175 100
153 175 100
153 175 100
153 175 100
153 175 100
153 175 100
153 175 100
153 175 100
153 174 100
153 174 100
153 174 100
153 174 100
153 174 100
153 174 100
153 174 100
153 174 100
153 174 100
153 174 100
153 174 100
153 174 100
153 174 100
153 174 100
153 174 100
153 174 100
153 174 100
153 174 100
153 174 100
153 173 100
153 173 100
153 173 100
153 173 100
153 173 100
153 173 100
153 173 100
153 173 100
153 173 100
153 173 100
153 173 100
153 173 100
153 173 100
153 173 100
153 173 100
153 173 100
153 173 100
153 173 100
153 173 100
153 172 100
153 172 100
153 172 100
153 172 100
153 172 100
153 172 100
153 172 100
153 172 100
153 172 100
153 172 100
153 172 100
153 172 100
153 172 100
153 172 100
153 172 100
153 172 100
153 172 100
153 172 100
153 172 100
153 171 100
153 171 100
153 171 100
153 171 100
153 171 100
153 171 100
153 171 100
153 171 100
153 171 100
153 171 100
153 171 100
153 171 100
153 171 100
153 171 100
153 171 100
153 171 100
153 171 100
153 171 100
153 171 100
153 171 100
153 170 100
153 170 100
153 170 100
153 170 100
153 170 100
153 170 100
153 170 100
153 170 100
153 170 100
153 170 100
153 170 100
153 170 100
153 170 100
153 170 100
153 170 100
153 170 100
153 170 100
153 170 100
153 170 100
153 170 100
153 169 100
153 169 100
153 169 100
153 169 100
153 169 100
153 169 100
153 169 100
153 169 100
153 169 100
153 169 100
153 169 100
153 169 100
153 169 100
153 169 100
153 169 100
153 169 100
153 169 100
153 169 100
153 169 100
153 169 100
153 168 100
153 168 100
153 168 100
153 168 100
153 168 100
153 168 100
153 168 100
153 168 100
153 168 100
153 168 100
153 168 100
153 168 100
153 168 100
153 168 100
153 168 100
153 168 100
153 168 100
153 168 100
153 168 100
153 167 100
153 167 100
153 167 100
153 167 100
153 167 100
153 167 100
153 167 100
153 167 100
153 167 100
153 167 100
153 167 100
153 167 100
153 167 100
153 167 100
153 167 100
153 167 100
153 167 100
153 167 100
153 166 100
153 166 100
153 166 100
153 166 100
153 166 100
153 166 100
153 166 100
153 166 100
153 166 100
153 166 100
153 166 100
153 166 100
153 166 100
153 166 100
153 166 100
153 166 100
153 165 100
153 165 100
153 165 100
153 165 100
153 165 100
153 165 100
153 165 100
153 165 100
153 165 100
153 165 100
153 165 100
153 165 100
153 165 100
153 164 100
153 164 100
153 164 100
153 164 100
153 164 100
153 164 100
153 164 100
153 164 100
153 164 100
153 164 100
153 164 100
153 163 100
153 163 100
153 163 100
153 163 100
153 163 100
153 163 100
153 163 100
153 163 100
153 162 100
153 162 100
153 162 100
153 162 100
153 162 100
153 162 100
153 161 100
153 161 100
153 161 100
153 161 100
153 161 100
153 160 100
153 160 100
153 160 100
153 160 100
153 159 100
153 159 100
153 159 100
153 158 100
153 158 100
153 158 100
153 157 100
153 157 100
153 157 100
153 156 100
153 156 100
153 156 100
153 155 100
153 155 100
153 155 100
153 154 100
153 154 100
153 153 100
153 153 100
153 152 100
153 152 100
153 151 100
153 150 100
153 149 100
153 148 100
153 147 100
153 147 100
153 146 100
153 146 100
153 145 100
153 145 100
153 144 100
153 144 100
153 143 100
153 143 100
153 143 100
153 142 100
153 142 100
153 142 100
153 141 100
153 141 100
153 141 100
153 140 100
153 140 100
153 140 100
153 139 100
153 139 100
153 139 100
153 138 100
153 138 100
153 138 100
153 138 100
153 137 100
153 137 100
153 137 100
153 137 100
153 136 100
153 136 100
153 136 100
153 136 100
153 136 100
153 135 100
153 135 100
153 135 100
153 135 100
153 135 100
153 135 100
153 134 100
153 134 100
153 134 100
153 134 100
153 134 100
153 134 100
153 134 100
153 133 100
153 133 100
153 133 100
153 133 100
153 133 100
153 133 100
153 133 100
153 132 100
153 132 100
153 132 100
153 132 100
153 132 100
153 132 100
153 132 100
153 131 100
153 131 100
153 131 100
153 131 100
153 131 100
153 131 100
153 130 100
153 130 100
153 130 100
153 130 100
153 130 100
153 130 100
153 129 100
153 129 100
153 129 100
153 129 100
153 129 100
153 128 100
153 128 100
153 128 100
153 128 100
153 127 100
153 127 100
153 127 100
153 126 100
153 126 100
153 126 100
153 125 100
153 125 100
153 125 100
153 124 100
153 124 100
153 124 100
153 123 100
153 123 100
153 122 100
153 122 100
153 121 100
153 121 100
153 120 100
153 120 100
153 119 100
153 118 100
153 117 100
153 116 100
153 115 100
153 114 100
153 114 100
153 113 100
153 113 100
153 112 100
153 112 100
153 112 100
153 111 100
153 111 100
153 111 100
153 110 100
153 110 100
153 110 100
153 110 100
153 109 100
153 109 100
153 109 100
153 109 100
153 108 100
153 108 100
153 108 100
153 108 100
153 108 100
153 107 100
153 107 100
153 107 100
153 107 100
153 107 100
153 107 100
153 106 100
153 106 100
153 106 100
153 106 100
153 106 100
153 106 100
153 106 100
153 105 100
153 105 100
153 105 100
153 105 100
153 105 100
153 105 100
153 105 100
153 105 100
153 104 100
153 104 100
153 104 100
153 104 100
153 104 100
153 104 100
153 104 100
153 104 100
153 104 100
153 104 100
153 103 100
153 103 100
153 103 100
153 103 100
153 103 100
153 103 100
153 103 100
153 103 100
153 103 100
153 103 100
153 103 100
153 103 100
153 103 100
153 102 100
153 102 100
153 102 100
153 102 100
153 102 100
153 102 100
153 102 100
153 102 100
153 102 100
153 102 100
153 102 100
153 102 100
153 102 100
153 102 100
153 102 100
153 101 100
153 101 100
153 101 100
153 101 100
153 101 100
153 101 100
153 101 100
153 101 100
153 101 100
153 101 100
153 101 100
153 101 100
153 101 100
153 101 100
153 101 100
153 101 100
153 101 100
153 101 100
153 100 100
153 100 100
153 100 100
153 100 100
153 100 100
153 100 100
153 100 100
153 100 100
153 100 100
153 100 100
153 100 100
153 100 100
153 100 100
153 100 100
153 100 100
153 100 100
153 100 100
153 100 100
153 100 100
153 99 100
153 99 100
153 99 100
153 99 100
153 99 100
153 99 100
153 99 100
153 99 100
153 99 100
153 99 100
153 99 100
153 99 100
153 99 100
153 99 100
153 99 100
153 99 100
153 99 100
153 99 100
153 99 100
153 99 100
153 98 100
153 98 100
153 98 100
153 98 100
153 98 100
153 98 100
153 98 100
153 98 100
153 98 100
153 98 100
153 98 100
153 98 100
153 98 100
153 98 100
153 98 100
153 98 100
153 98 100
153 98 100
153 98 100
153 98 100
153 97 100
153 97 100
153 97 100
153 97 100
153 97 100
153 97 100
153 97 100
153 97 100
153 97 100
153 97 100
153 97 100
153 97 100
153 97 100
153 97 100
153 97 100
153 97 100
153 97 100
153 97 100
153 97 100
153 96 100
153 96 100
153 96 100
153 96 100
153 96 100
153 96 100
153 96 100
153 96 100
153 96 100
153 96 100
153 96 100
153 96 100
153 96 100
153 96 100
153 96 100
153 96 100
153 96 100
153 96 100
153 95 100
153 95 100
153 95 100
153 95 100
153 95 100
153 95 100
153 95 100
153 95 100
153 95 100
153 95 100
153 95 100
153 95 100
153 95 100
153 95 100
153 95 100
153 95 100
153 95 100
153 94 100
153 94 100
153 94 100
153 94 100
153 94 100
153 94 100
153 94 100
153 94 100
153 94 100
153 94 100
153 94 100
153 94 100
153 94 100
153 94 100
153 94 100
153 94 100
153 93 100
153 93 100
153 93 100
153 93 100
153 93 100
153 93 100
153 93 100
153 93 100
153 93 100
153 93 100
153 93 100
153 93 100
153 93 100
153 93 100
153 93 100
153 92 100
153 92 100
153 92 100
153 92 100
153 92 100
153 92 100
153 92 100
153 92 100
153 92 100
153 92 100
153 92 100
153 92 100
153 92 100
153 92 100
153 92 100
153 91 100
153 91 100
153 91 100
153 91 100
153 91 100
153 91 100
153 91 100
153 91 100
153 91 100
153 91 100
153 91 100
153 91 100
153 91 100
153 91 100
153 90 100
153 90 100
153 90 100
153 90 100
153 90 100
153 90 100
153 90 100
153 90 100
153 90 100
153 90 100
153 90 100
153 90 100
153 90 100
153 90 100
153 89 100
153 89 100
153 89 100
153 89 100
153 89 100
153 89 100
153 89 100
153 89 100
153 89 100
153 89 100
153 89 100
153 89 100
153 89 100
153 89 100
153 88 100
153 88 100
153 88 100
153 88 100
153 88 100
153 88 100
153 88 100
153 88 100
153 88 100
153 88 100
153 88 100
153 88 100
153 88 100
153 87 100
153 87 100
153 87 100
153 87 100
153 87 100
153 87 100
153 87 100
153 87 100
153 87 100
153 87 100
153 87 100
153 87 100
153 86 100
153 86 100
153 86 100
153 86 100
153 86 100
153 86 100
153 86 100
153 86 100
153 86 100
153 86 100
153 86 100
153 85 100
153 85 100
153 85 100
153 85 100
153 85 100
153 85 100
153 85 100
153 85 100
153 85 100
153 85 100
153 84 100
153 84 100
153 84 100
153 84 100
153 84 100
153 84 100
153 84 100
153 84 100
153 83 100
153 83 100
153 83 100
153 83 100
153 83 100
153 83 100
153 83 100
153 82 100
153 82 100
153 82 100
153 82 100
153 82 100
153 82 100
153 82 100
# move from (63,11) to (153,46)
63 11 100
64 11 100
65 11 100
66 11 100
67 11 100
68 11 100
69 11 100
70 11 100
71 11 100
72 11 100
73 11 100
74 11 100
75 11 100
76 11 100
77 11 100
78 11 100
79 11 100
80 11 100
81 11 100
82 11 100
83 11 100
84 11 100
85 11 100
86 11 100
87 11 100
88 11 100
89 11 100
90 11 100
91 11 100
92 11 100
93 11 100
94 11 100
95 11 100
96 11 100
97 11 100
98 11 100
99 11 100
100 11 100
101 11 100
102 11 100
103 11 100
104 11 100
105 11 100
106 11 100
107 11 100
108 11 100
109 11 100
110 11 100
111 11 100
112 11 100
113 11 100
114 11 100
115 11 100
116 11 100
117 11 100
118 11 100
119 11 100
120 11 100
121 11 100
122 11 100
123 11 100
124 11 100
125 11 100
126 11 100
127 11 100
128 11 100
129 11 100
130 11 100
131 11 100
132 11 100
133 11 100
134 11 100
135 11 100
136 11 100
136 11 100
137 11 100
137 11 100
138 11 100
138 11 100
138 11 100
139 11 100
139 11 100
139 11 100
139 11 100
140 11 100
140 11 100
140 11 100
140 11 100
140 11 100
141 11 100
141 11 100
141 11 100
141 11 100
141 11 100
141 11 100
142 11 100
142 11 100
142 11 100
142 11 100
142 11 100
142 11 100
142 11 100
143 11 100
143 11 100
143 11 100
143 11 100
143 11 100
143 11 100
143 11 100
143 11 100
144 11 100
144 11 100
144 11 100
144 11 100
144 11 100
144 11 100
144 11 100
144 11 100
144 11 100
145 11 100
145 11 100
145 11 100
145 11 100
145 11 100
145 11 100
145 11 100
145 11 100
145 11 100
145 11 100
146 11 100
146 11 100
146 11 100
146 11 100
146 11 100
146 11 100
146 11 100
146 11 100
146 11 100
146 11 100
147 11 100
147 11 100
147 11 100
147 11 100
147 11 100
147 11 100
147 11 100
147 11 100
147 11 100
148 11 100
148 11 100
148 11 100
148 11 100
148 11 100
148 11 100
148 11 100
148 11 100
148 11 100
149 11 100
149 11 100
149 11 100
149 11 100
149 11 100
149 11 100
149 11 100
149 11 100
150 11 100
150 11 100
150 11 100
150 11 100
150 11 100
150 11 100
150 11 100
150 11 100
151 11 100
151 11 100
151 11 100
151 11 100
151 11 100
151 11 100
151 11 100
151 11 100
151 11 100
152 11 100
152 11 100
152 11 100
152 11 100
152 11 100
152 11 100
152 11 100
152 11 100
152 11 100
152 11 100
153 11 100
153 11 100
153 11 100
153 11 100
153 11 100
153 11 100
153 11 100
153 11 100
153 11 100
153 11 100
153 11 100
153 12 100
153 12 100
153 12 100
153 12 100
153 12 100
153 12 100
153 12 100
153 12 100
153 12 100
153 12 100
153 12 100
153 12 100
153 12 100
153 13 100
153 13 100
153 13 100
153 13 100
153 13 100
153 13 100
153 13 100
153 13 100
153 13 100
153 13 100
153 13 100
153 13 100
153 13 100
153 13 100
153 13 100
153 14 100
153 14 100
153 14 100
153 14 100
153 14 100
153 14 100
153 14 100
153 14 100
153 14 100
153 14 100
153 14 100
153 14 100
153 14 100
153 14 100
153 14 100
153 14 100
153 14 100
153 14 100
153 15 100
153 15 100
153 15 100
153 15 100
153 15 100
153 15 100
153 15 100
153 15 100
153 15 100
153 15 100
153 15 100
153 15 100
153 15 100
153 15 100
153 15 100
153 15 100
153 15 100
153 15 100
153 15 100
153 15 100
153 16 100
153 16 100
153 16 100
153 16 100
153 16 100
153 16 100
153 16 100
153 16 100
153 16 100
153 16 100
153 16 100
153 16 100
153 16 100
153 16 100
153 16 100
153 16 100
153 16 100
153 16 100
153 16 100
153 16 100
153 16 100
153 17 100
153 17 100
153 17 100
153 17 100
153 17 100
153 17 100
153 17 100
153 17 100
153 17 100
153 17 100
153 17 100
153 17 100
153 17 100
153 17 100
153 17 100
153 17 100
153 17 100
153 17 100
153 17 100
153 17 100
153 17 100
153 17 100
153 18 100
153 18 100
153 18 100
153 18 100
153 18 100
153 18 100
153 18 100
153 18 100
153 18 100
153 18 100
153 18 100
153 18 100
153 18 100
153 18 100
153 18 100
153 18 100
153 18 100
153 18 100
153 18 100
153 18 100
153 18 100
153 18 100
153 19 100
153 19 100
153 19 100
153 19 100
153 19 100
153 19 100
153 19 100
153 19 100
153 19 100
153 19 100
153 19 100
153 19 100
153 19 100
153 19 100
153 19 100
153 19 100
153 19 100
153 19 100
153 19 100
153 19 100
153 19 100
153 19 100
153 20 100
153 20 100
153 20 100
153 20 100
153 20 100
153 20 100
153 20 100
153 20 100
153 20 100
153 20 100
153 20 100
153 20 100
153 20 100
153 20 100
153 20 100
153 20 100
153 20 100
153 20 100
153 20 100
153 20 100
153 21 100
153 21 100
153 21 100
153 21 100
153 21 100
153 21 100
153 21 100
153 21 100
153 21 100
153 21 100
153 21 100
153 21 100
153 21 100
153 21 100
153 21 100
153 21 100
153 21 100
153 21 100
153 22 100
153 22 100
153 22 100
153 22 100
153 22 100
153 22 100
153 22 100
153 22 100
153 22 100
153 22 100
153 22 100
153 22 100
153 22 100
153 22 100
153 22 100
153 22 100
153 23 100
153 23 100
153 23 100
153 23 100
153 23 100
153 23 100
153 23 100
153 23 100
153 23 100
153 23 100
153 23 100
153 23 100
153 23 100
153 24 100
153 24 100
153 24 100
153 24 100
153 24 100
153 24 100
153 24 100
153 24 100
153 24 100
153 24 100
153 24 100
153 24 100
153 25 100
153 25 100
153 25 100
153 25 100
153 25 100
153 25 100
153 25 100
153 25 100
153 25 100
153 25 100
153 25 100
153 26 100
153 26 100
153 26 100
153 26 100
153 26 100
153 26 100
153 26 100
153 26 100
153 26 100
153 26 100
153 27 100
153 27 100
153 27 100
153 27 100
153 27 100
153 27 100
153 27 100
153 27 100
153 27 100
153 28 100
153 28 100
153 28 100
153 28 100
153 28 100
153 28 100
153 28 100
153 28 100
153 29 100
153 29 100
153 29 100
153 29 100
153 29 100
153 29 100
153 29 100
153 30 100
153 30 100
153 30 100
153 30 100
153 30 100
153 30 100
153 31 100
153 31 100
153 31 100
153 31 100
153 32 100
153 32 100
153 32 100
153 33 100
153 33 100
153 34 100
153 34 100
153 35 100
153 36 100
153 37 100
153 38 100
153 39 100
153 40 100
153 41 100
153 41 100
153 42 100
153 42 100
153 43 100
153 43 100
153 44 100
153 44 100
153 45 100
153 45 100
# move from (154,142) to (153,46)
154 142 100
154 142 100
154 142 100
# move from (27,136) to (153,46)
27 136 100
28 136 100
29 136 100
30 136 100
31 136 100
32 136 100
33 136 100
34 136 100
35 136 100
36 136 100
37 136 100
38 136 100
39 136 100
40 136 100
41 136 100
42 136 100
43 136 100
44 136 100
45 136 100
46 136 100
47 136 100
48 136 100
49 136 100
50 136 100
51 136 100
52 136 100
53 136 100
54 136 100
55 136 100
56 136 100
56 136 100
57 136 100
57 136 100
58 136 100
58 136 100
59 136 100
59 136 100
60 136 100
60 136 100
61 136 100
61 136 100
62 136 100
63 136 100
64 136 100
65 136 100
66 136 100
67 136 100
68 136 100
69 136 100
70 136 100
70 136 100
71 136 100
71 136 100
72 136 100
72 136 100
73 136 100
73 136 100
74 136 100
74 136 100
75 136 100
75 136 100
76 136 100
76 136 100
77 136 100
77 136 100
78 136 100
78 136 100
79 136 100
79 136 100
80 136 100
80 136 100
80 136 100
81 136 100
81 136 100
81 136 100
82 136 100
82 136 100
82 136 100
82 136 100
83 136 100
83 136 100
83 136 100
83 136 100
83 136 100
84 136 100
84 136 100
84 136 100
84 136 100
84 136 100
84 136 100
85 136 100
85 136 100
85 136 100
85 136 100
85 136 100
85 136 100
85 136 100
85 136 100
86 136 100
86 136 100
86 136 100
86 136 100
86 136 100
86 136 100
86 136 100
86 136 100
86 136 100
86 136 100
87 136 100
87 136 100
87 136 100
87 136 100
87 136 100
87 136 100
87 136 100
87 136 100
87 136 100
87 136 100
87 136 100
88 136 100
88 136 100
88 136 100
88 136 100
88 136 100
88 136 100
88 136 100
88 136 100
88 136 100
88 136 100
88 136 100
88 136 100
89 136 100
89 136 100
89 136 100
89 136 100
89 136 100
89 136 100
89 136 100
89 136 100
89 136 100
89 136 100
89 136 100
89 136 100
90 136 100
90 136 100
90 136 100
90 136 100
90 136 100
90 136 100
90 136 100
90 136 100
90 136 100
90 136 100
90 136 100
90 136 100
90 136 100
91 136 100
91 136 100
91 136 100
91 136 100
91 136 100
91 136 100
91 136 100
91 136 100
91 136 100
91 136 100
91 136 100
91 136 100
91 136 100
91 136 100
92 136 100
92 136 100
92 136 100
92 136 100
92 136 100
92 136 100
92 136 100
92 136 100
92 136 100
92 136 100
92 136 100
92 136 100
92 136 100
92 136 100
92 136 100
92 136 100
93 136 100
93 136 100
93 136 100
93 136 100
93 136 100
93 136 100
93 136 100
93 136 100
93 136 100
93 136 100
93 136 100
93 136 100
93 136 100
93 136 100
93 136 100
93 136 100
93 136 100
93 136 100
94 136 100
94 136 100
94 136 100
94 136 100
94 136 100
94 136 100
94 136 100
94 136 100
94 136 100
94 136 100
94 136 100
94 136 100
94 136 100
94 136 100
94 136 100
94 136 100
94 136 100
94 136 100
94 136 100
94 136 100
95 136 100
95 136 100
95 136 100
95 136 100
95 136 100
95 136 100
95 136 100
95 136 100
95 136 100
95 136 100
95 136 100
95 136 100
95 136 100
95 136 100
95 136 100
95 136 100
95 136 100
95 136 100
95 136 100
95 136 100
95 136 100
95 136 100
96 136 100
96 136 100
96 136 100
96 136 100
96 136 100
96 136 100
96 136 100
96 136 100
96 136 100
96 136 100
96 136 100
96 136 100
96 136 100
96 136 100
96 136 100
96 136 100
96 136 100
96 136 100
96 136 100
96 136 100
96 136 100
96 136 100
96 136 100
97 136 100
97 136 100
97 136 100
97 136 100
97 136 100
97 136 100
97 136 100
97 136 100
97 136 100
97 136 100
97 136 100
97 136 100
97 136 100
97 136 100
97 136 100
97 136 100
97 136 100
97 136 100
97 136 100
97 136 100
97 136 100
97 136 100
97 136 100
98 136 100
98 136 100
98 136 100
98 136 100
98 136 100
98 136 100
98 136 100
98 136 100
98 136 100
98 136 100
98 136 100
98 136 100
98 136 100
98 136 100
98 136 100
98 136 100
98 136 100
98 136 100
98 136 100
98 136 100
98 136 100
98 136 100
99 136 100
99 136 100
99 136 100
99 136 100
99 136 100
99 136 100
99 136 100
99 136 100
99 136 100
99 136 100
99 136 100
99 136 100
99 136 100
99 136 100
99 136 100
99 136 100
99 136 100
99 136 100
99 136 100
99 136 100
100 136 100
100 136 100
100 136 100
100 136 100
100 136 100
100 136 100
100 136 100
100 136 100
100 136 100
100 136 100
100 136 100
100 136 100
100 136 100
100 136 100
100 136 100
100 136 100
100 136 100
100 136 100
101 136 100
101 136 100
101 136 100
101 136 100
101 136 100
101 136 100
101 136 100
101 136 100
101 136 100
101 136 100
101 136 100
101 136 100
101 136 100
101 136 100
101 136 100
102 136 100
102 136 100
102 136 100
102 136 100
102 136 100
102 136 100
102 136 100
102 136 100
102 136 100
102 136 100
102 136 100
102 136 100
102 136 100
103 136 100
103 136 100
103 136 100
103 136 100
103 136 100
103 136 100
103 136 100
103 136 100
103 136 100
103 136 100
103 136 100
103 136 100
104 136 100
104 136 100
104 136 100
104 136 100
104 136 100
104 136 100
104 136 100
104 136 100
104 136 100
104 136 100
104 136 100
105 136 100
105 136 100
105 136 100
105 136 100
105 136 100
105 136 100
105 136 100
105 136 100
105 136 100
105 136 100
106 136 100
106 136 100
106 136 100
106 136 100
106 136 100
106 136 100
106 136 100
106 136 100
106 136 100
106 136 100
107 136 100
107 136 100
107 136 100
107 136 100
107 136 100
107 136 100
107 136 100
107 136 100
107 136 100
108 136 100
108 136 100
108 136 100
108 136 100
108 136 100
108 136 100
108 136 100
108 136 100
109 136 100
109 136 100
109 136 100
109 136 100
109 136 100
109 136 100
110 136 100
110 136 100
110 136 100
110 136 100
110 136 100
111 136 100
111 136 100
111 136 100
111 136 100
112 136 100
112 136 100
112 136 100
113 136 100
113 136 100
113 136 100
114 136 100
114 136 100
115 136 100
115 136 100
116 136 100
116 136 100
117 136 100
117 136 100
118 136 100
118 136 100
119 136 100
119 136 100
120 136 100
120 136 100
121 136 100
121 136 100
121 136 100
122 136 100
122 136 100
122 136 100
123 136 100
123 136 100
123 136 100
123 136 100
124 136 100
124 136 100
124 136 100
124 136 100
124 136 100
125 136 100
125 136 100
125 136 100
125 136 100
125 136 100
125 136 100
125 136 100
126 136 100
126 136 100
126 136 100
126 136 100
126 136 100
126 136 100
126 136 100
126 136 100
126 136 100
127 136 100
127 136 100
127 136 100
127 136 100
127 136 100
127 136 100
127 136 100
127 136 100
127 136 100
127 136 100
127 136 100
128 136 100
128 136 100
128 136 100
128 136 100
128 136 100
128 136 100
128 136 100
128 136 100
128 136 100
128 136 100
128 136 100
128 136 100
129 136 100
129 136 100
129 136 100
129 136 100
129 136 100
129 136 100
129 136 100
129 136 100
129 136 100
129 136 100
129 136 100
129 136 100
129 136 100
130 136 100
130 136 100
130 136 100
130 136 100
130 136 100
130 136 100
130 136 100
130 136 100
130 136 100
130 136 100
130 136 100
130 136 100
130 136 100
130 136 100
131 136 100
131 136 100
131 136 100
131 136 100
131 136 100
131 136 100
131 136 100
131 136 100
131 136 100
131 136 100
131 136 100
131 136 100
131 136 100
131 136 100
132 136 100
132 136 100
132 136 100
132 136 100
132 136 100
132 136 100
132 136 100
132 136 100
132 136 100
132 136 100
132 136 100
132 136 100
132 136 100
132 136 100
132 136 100
133 136 100
133 136 100
133 136 100
133 136 100
133 136 100
133 136 100
133 136 100
133 136 100
133 136 100
133 136 100
133 136 100
133 136 100
133 136 100
133 136 100
133 136 100
134 136 100
134 136 100
134 136 100
134 136 100
134 136 100
134 136 100
134 136 100
134 136 100
134 136 100
134 136 100
134 136 100
134 136 100
134 136 100
134 136 100
134 136 100
135 136 100
135 136 100
135 136 100
135 136 100
135 136 100
135 136 100
135 136 100
135 136 100
135 136 100
135 136 100
135 136 100
135 136 100
135 136 100
135 136 100
135 136 100
136 136 100
136 136 100
136 136 100
136 136 100
136 136 100
136 136 100
136 136 100
136 136 100
136 136 100
136 136 100
136 136 100
136 136 100
136 136 100
136 136 100
137 136 100
137 136 100
137 136 100
137 136 100
137 136 100
137 136 100
137 136 100
137 136 100
137 136 100
137 136 100
137 136 100
137 136 100
137 136 100
137 136 100
138 136 100
138 136 100
138 136 100
138 136 100
138 136 100
138 136 100
138 136 100
138 136 100
138 136 100
138 136 100
138 136 100
138 136 100
138 136 100
138 136 100
139 136 100
139 136 100
139 136 100
139 136 100
139 136 100
139 136 100
139 136 100
139 136 100
139 136 100
139 136 100
139 136 100
139 136 100
139 136 100
139 136 100
139 136 100
140 136 100
140 136 100
140 136 100
140 136 100
140 136 100
140 136 100
140 136 100
140 136 100
140 136 100
140 136 100
140 136 100
140 136 100
140 136 100
140 136 100
140 136 100
140 136 100
141 136 100
141 136 100
141 136 100
141 136 100
141 136 100
141 136 100
141 136 100
141 136 100
141 136 100
141 136 100
141 136 100
141 136 100
141 136 100
141 136 100
141 136 100
141 136 100
142 136 100
142 136 100
142 136 100
142 136 100
142 136 100
142 136 100
142 136 100
142 136 100
142 136 100
142 136 100
142 136 100
142 136 100
142 136 100
142 136 100
142 136 100
142 136 100
142 136 100
143 136 100
143 136 100
143 136 100
143 136 100
143 136 100
143 136 100
143 136 100
143 136 100
143 136 100
143 136 100
143 136 100
143 136 100
143 136 100
143 136 100
143 136 100
143 136 100
143 136 100
144 136 100
144 136 100
144 136 100
144 136 100
144 136 100
144 136 100
144 136 100
144 136 100
144 136 100
144 136 100
144 136 100
144 136 100
144 136 100
144 136 100
144 136 100
144 136 100
145 136 100
145 136 100
145 136 100
145 136 100
145 136 100
145 136 100
145 136 100
145 136 100
145 136 100
145 136 100
145 136 100
145 136 100
145 136 100
145 136 100
145 136 100
145 136 100
146 136 100
146 136 100
146 136 100
146 136 100
146 136 100
146 136 100
146 136 100
146 136 100
146 136 100
146 136 100
146 136 100
146 136 100
146 136 100
146 136 100
146 136 100
146 136 100
147 136 100
147 136 100
147 136 100
147 136 100
147 136 100
147 136 100
147 136 100
147 136 100
147 136 100
147 136 100
147 136 100
147 136 100
147 136 100
147 136 100
147 136 100
148 136 100
148 136 100
148 136 100
148 136 100
148 136 100
148 136 100
148 136 100
148 136 100
148 136 100
148 136 100
148 136 100
148 136 100
148 136 100
148 136 100
149 136 100
149 136 100
149 136 100
149 136 100
149 136 100
149 136 100
149 136 100
149 136 100
149 136 100
149 136 100
149 136 100
149 136 100
150 136 100
150 136 100
150 136 100
150 136 100
150 136 100
150 136 100
150 136 100
150 136 100
150 136 100
150 136 100
151 136 100
151 136 100
151 136 100
151 136 100
151 136 100
151 136 100
151 136 100
151 136 100
152 136 100
152 136 100
152 136 100
152 136 100
152 136 100
152 136 100
# move from (24,14) to (153,46)
24 14 100
25 14 100
26 14 100
27 14 100
28 14 100
29 14 100
30 14 100
31 14 100
32 14 100
33 14 100
34 14 100
35 14 100
36 14 100
37 14 100
38 14 100
39 14 100
40 14 100
41 14 100
42 14 100
43 14 100
44 14 100
45 14 100
46 14 100
47 14 100
48 14 100
49 14 100
50 14 100
51 14 100
52 14 100
53 14 100
54 14 100
55 14 100
56 14 100
57 14 100
58 14 100
59 14 100
60 14 100
61 14 100
62 14 100
63 14 100
64 14 100
65 14 100
66 14 100
67 14 100
68 14 100
69 14 100
70 14 100
71 14 100
72 14 100
73 14 100
74 14 100
75 14 100
76 14 100
77 14 100
78 14 100
79 14 100
80 14 100
81 14 100
82 14 100
83 14 100
84 14 100
85 14 100
86 14 100
87 14 100
88 14 100
88 14 100
89 14 100
89 14 100
90 14 100
90 14 100
91 14 100
91 14 100
92 14 100
92 14 100
93 14 100
93 14 100
94 14 100
94 14 100
95 14 100
95 14 100
96 14 100
96 14 100
97 14 100
98 14 100
99 14 100
100 14 100
101 14 100
102 14 100
103 14 100
104 14 100
105 14 100
106 14 100
107 14 100
108 14 100
109 14 100
110 14 100
111 14 100
112 14 100
113 14 100
114 14 100
115 14 100
116 14 100
117 14 100
118 14 100
118 14 100
119 14 100
119 14 100
120 14 100
120 14 100
121 14 100
121 14 100
122 14 100
122 14 100
123 14 100
124 14 100
125 14 100
126 14 100
127 14 100
128 14 100
129 14 100
130 14 100
131 14 100
132 14 100
132 14 100
133 14 100
133 14 100
134 14 100
134 14 100
135 14 100
135 14 100
135 14 100
136 14 100
136 14 100
136 14 100
136 14 100
137 14 100
137 14 100
137 14 100
137 14 100
137 14 100
138 14 100
138 14 100
138 14 100
138 14 100
138 14 100
138 14 100
139 14 100
139 14 100
139 14 100
139 14 100
139 14 100
139 14 100
139 14 100
140 14 100
140 14 100
140 14 100
140 14 100
140 14 100
140 14 100
140 14 100
141 14 100
141 14 100
141 14 100
141 14 100
141 14 100
141 14 100
141 14 100
142 14 100
142 14 100
142 14 100
142 14 100
142 14 100
142 14 100
142 14 100
142 14 100
143 14 100
143 14 100
143 14 100
143 14 100
143 14 100
143 14 100
143 14 100
143 14 100
144 14 100
144 14 100
144 14 100
144 14 100
144 14 100
144 14 100
144 14 100
144 14 100
145 14 100
145 14 100
145 14 100
145 14 100
145 14 100
145 14 100
145 14 100
145 14 100
145 14 100
146 14 100
146 14 100
146 14 100
146 14 100
146 14 100
146 14 100
146 14 100
146 14 100
146 14 100
147 14 100
147 14 100
147 14 100
147 14 100
147 14 100
147 14 100
147 14 100
147 14 100
147 14 100
148 14 100
148 14 100
148 14 100
148 14 100
148 14 100
148 14 100
148 14 100
148 14 100
148 14 100
149 14 100
149 14 100
149 14 100
149 14 100
149 14 100
149 14 100
149 14 100
149 14 100
149 14 100
149 14 100
150 14 100
150 14 100
150 14 100
150 14 100
150 14 100
150 14 100
150 14 100
150 14 100
150 14 100
150 14 100
150 14 100
151 14 100
151 14 100
151 14 100
151 14 100
151 14 100
151 14 100
151 14 100
151 14 100
151 14 100
151 14 100
151 14 100
151 14 100
151 14 100
152 14 100
152 14 100
152 14 100
152 14 100
152 14 100
152 14 100
152 14 100
152 14 100
152 14 100
152 14 100
152 14 100
152 14 100
152 14 100
152 14 100
152 14 100
# move from (39,173) to (153,46)
39 173 100
39 173 100
40 173 100
40 173 100
41 173 100
41 173 100
42 173 100
42 173 100
43 173 100
43 173 100
43 173 100
44 173 100
44 173 100
44 173 100
45 173 100
45 173 100
45 173 100
46 173 100
46 173 100
46 173 100
47 173 100
47 173 100
47 173 100
48 173 100
48 173 100
48 173 100
48 173 100
49 173 100
49 173 100
49 173 100
49 173 100
50 173 100
50 173 100
50 173 100
50 173 100
50 173 100
51 173 100
51 173 100
51 173 100
51 173 100
51 173 100
51 173 100
52 173 100
52 173 100
52 173 100
52 173 100
52 173 100
52 173 100
52 173 100
52 173 100
53 173 100
53 173 100
53 173 100
53 173 100
53 173 100
53 173 100
53 173 100
53 173 100
53 173 100
53 173 100
54 173 100
54 173 100
54 173 100
54 173 100
54 173 100
54 173 100
54 173 100
54 173 100
54 173 100
54 173 100
54 173 100
55 173 100
55 173 100
55 173 100
55 173 100
55 173 100
55 173 100
55 173 100
55 173 100
55 173 100
55 173 100
55 173 100
55 173 100
56 173 100
56 173 100
56 173 100
56 173 100
56 173 100
56 173 100
56 173 100
56 173 100
56 173 100
56 173 100
56 173 100
56 173 100
56 173 100
57 173 100
57 173 100
57 173 100
57 173 100
57 173 100
57 173 100
57 173 100
57 173 100
57 173 100
57 173 100
57 173 100
57 173 100
57 173 100
58 173 100
58 173 100
58 173 100
58 173 100
58 173 100
58 173 100
58 173 100
58 173 100
58 173 100
58 173 100
58 173 100
58 173 100
58 173 100
59 173 100
59 173 100
59 173 100
59 173 100
59 173 100
59 173 100
59 173 100
59 173 100
59 173 100
59 173 100
59 173 100
59 173 100
59 173 100
60 173 100
60 173 100
60 173 100
60 173 100
60 173 100
60 173 100
60 173 100
60 173 100
60 173 100
60 173 100
60 173 100
60 173 100
60 173 100
61 173 100
61 173 100
61 173 100
61 173 100
61 173 100
61 173 100
61 173 100
61 173 100
61 173 100
61 173 100
61 173 100
61 173 100
61 173 100
62 173 100
62 173 100
62 173 100
62 173 100
62 173 100
62 173 100
62 173 100
62 173 100
62 173 100
62 173 100
62 173 100
62 173 100
62 173 100
63 173 100
63 173 100
63 173 100
63 173 100
63 173 100
63 173 100
63 173 100
63 173 100
63 173 100
63 173 100
63 173 100
63 173 100
64 173 100
64 173 100
64 173 100
64 173 100
64 173 100
64 173 100
64 173 100
64 173 100
64 173 100
64 173 100
64 173 100
65 173 100
65 173 100
65 173 100
65 173 100
65 173 100
65 173 100
65 173 100
65 173 100
65 173 100
65 173 100
66 173 100
66 173 100
66 173 100
66 173 100
66 173 100
66 173 100
66 173 100
66 173 100
66 173 100
67 173 100
67 173 100
67 173 100
67 173 100
67 173 100
67 173 100
67 173 100
67 173 100
68 173 100
68 173 100
68 173 100
68 173 100
68 173 100
68 173 100
68 173 100
69 173 100
69 173 100
69 173 100
69 173 100
69 173 100
70 173 100
70 173 100
70 173 100
70 173 100
71 173 100
71 173 100
71 173 100
71 173 100
72 173 100
72 173 100
72 173 100
73 173 100
73 173 100
73 173 100
74 173 100
74 173 100
74 173 100
75 173 100
75 173 100
76 173 100
76 173 100
76 173 100
77 173 100
77 173 100
77 173 100
78 173 100
78 173 100
78 173 100
79 173 100
79 173 100
79 173 100
80 173 100
80 173 100
80 173 100
80 173 100
81 173 100
81 173 100
81 173 100
81 173 100
81 173 100
82 173 100
82 173 100
82 173 100
82 173 100
82 173 100
83 173 100
83 173 100
83 173 100
83 173 100
83 173 100
83 173 100
84 173 100
84 173 100
84 173 100
84 173 100
84 173 100
84 173 100
85 173 100
85 173 100
85 173 100
85 173 100
85 173 100
85 173 100
86 173 100
86 173 100
86 173 100
86 173 100
86 173 100
86 173 100
87 173 100
87 173 100
87 173 100
87 173 100
87 173 100
88 173 100
88 173 100
88 173 100
88 173 100
88 173 100
89 173 100
89 173 100
89 173 100
89 173 100
90 173 100
90 173 100
90 173 100
90 173 100
91 173 100
91 173 100
91 173 100
91 173 100
92 173 100
92 173 100
92 173 100
92 173 100
93 173 100
93 173 100
93 173 100
93 173 100
94 173 100
94 173 100
94 173 100
94 173 100
95 173 100
95 173 100
95 173 100
95 173 100
96 173 100
96 173 100
96 173 100
97 173 100
97 173 100
97 173 100
98 173 100
98 173 100
99 173 100
99 173 100
100 173 100
101 173 100
102 173 100
103 173 100
104 173 100
105 173 100
106 173 100
107 173 100
108 173 100
109 173 100
110 173 100
111 173 100
112 173 100
113 173 100
114 173 100
115 173 100
116 173 100
117 173 100
118 173 100
119 173 100
120 173 100
121 173 100
121 173 100
122 173 100
122 173 100
123 173 100
123 173 100
124 173 100
124 173 100
124 173 100
125 173 100
125 173 100
125 173 100
125 173 100
126 173 100
126 173 100
126 173 100
126 173 100
126 173 100
127 173 100
127 173 100
127 173 100
127 173 100
127 173 100
127 173 100
127 173 100
128 173 100
128 173 100
128 173 100
128 173 100
128 173 100
128 173 100
128 173 100
128 173 100
128 173 100
128 173 100
129 173 100
129 173 100
129 173 100
129 173 100
129 173 100
129 173 100
129 173 100
129 173 100
129 173 100
129 173 100
129 173 100
129 173 100
129 173 100
130 173 100
130 173 100
130 173 100
130 173 100
130 173 100
130 173 100
130 173 100
130 173 100
130 173 100
130 173 100
130 173 100
130 173 100
130 173 100
130 173 100
130 173 100
130 173 100
131 173 100
131 173 100
131 173 100
131 173 100
131 173 100
131 173 100
131 173 100
131 173 100
131 173 100
131 173 100
131 173 100
131 173 100
131 173 100
131 173 100
131 173 100
131 173 100
131 173 100
131 173 100
131 173 100
132 173 100
132 173 100
132 173 100
132 173 100
132 173 100
132 173 100
132 173 100
132 173 100
132 173 100
132 173 100
132 173 100
132 173 100
132 173 100
132 173 100
132 173 100
132 173 100
132 173 100
132 173 100
132 173 100
132 173 100
132 173 100
132 173 100
133 173 100
133 173 100
133 173 100
133 173 100
133 173 100
133 173 100
133 173 100
133 173 100
133 173 100
133 173 100
133 173 100
133 173 100
133 173 100
133 173 100
133 173 100
133 173 100
133 173 100
133 173 100
133 173 100
133 173 100
133 173 100
133 173 100
133 173 100
133 173 100
133 173 100
134 173 100
134 173 100
134 173 100
134 173 100
134 173 100
134 173 100
134 173 100
134 173 100
134 173 100
134 173 100
134 173 100
134 173 100
134 173 100
134 173 100
134 173 100
134 173 100
134 173 100
134 173 100
134 173 100
134 173 100
134 173 100
134 173 100
134 173 100
134 173 100
134 173 100
134 173 100
134 173 100
134 173 100
135 173 100
135 173 100
135 173 100
135 173 100
135 173 100
135 173 100
135 173 100
135 173 100
135 173 100
135 173 100
135 173 100
135 173 100
135 173 100
135 173 100
135 173 100
135 173 100
135 173 100
135 173 100
135 173 100
135 173 100
135 173 100
135 173 100
135 173 100
135 173 100
135 173 100
135 173 100
135 173 100
135 173 100
135 173 100
135 173 100
135 173 100
136 173 100
136 173 100
136 173 100
136 173 100
136 173 100
136 173 100
136 173 100
136 173 100
136 173 100
136 173 100
136 173 100
136 173 100
136 173 100
136 173 100
136 173 100
136 173 100
136 173 100
136 173 100
136 173 100
136 173 100
136 173 100
136 173 100
136 173 100
136 173 100
136 173 100
136 173 100
136 173 100
136 173 100
136 173 100
136 173 100
136 173 100
136 173 100
136 173 100
137 173 100
137 173 100
137 173 100
137 173 100
137 173 100
137 173 100
137 173 100
137 173 100
137 173 100
137 173 100
137 173 100
137 173 100
137 173 100
137 173 100
137 173 100
137 173 100
137 173 100
137 173 100
137 173 100
137 173 100
137 173 100
137 173 100
137 173 100
137 173 100
137 173 100
137 173 100
137 173 100
137 173 100
137 173 100
137 173 100
137 173 100
137 173 100
137 173 100
137 173 100
137 173 100
137 173 100
138 173 100
138 173 100
138 173 100
138 173 100
138 173 100
138 173 100
138 173 100
138 173 100
138 173 100
138 173 100
138 173 100
138 173 100
138 173 100
138 173 100
138 173 100
138 173 100
138 173 100
138 173 100
138 173 100
138 173 100
138 173 100
138 173 100
138 173 100
138 173 100
138 173 100
138 173 100
138 173 100
138 173 100
138 173 100
138 173 100
138 173 100
138 173 100
138 173 100
138 173 100
138 173 100
138 173 100
138 173 100
138 173 100
138 173 100
139 173 100
139 173 100
139 173 100
139 173 100
139 173 100
139 173 100
139 173 100
139 173 100
139 173 100
139 173 100
139 173 100
139 173 100
139 173 100
139 173 100
139 173 100
139 173 100
139 173 100
139 173 100
139 173 100
139 173 100
139 173 100
139 173 100
139 173 100
139 173 100
139 173 100
139 173 100
139 173 100
139 173 100
139 173 100
139 173 100
139 173 100
139 173 100
139 173 100
139 173 100
139 173 100
139 173 100
139 173 100
139 173 100
139 173 100
139 173 100
139 173 100
139 173 100
140 173 100
140 173 100
140 173 100
140 173 100
140 173 100
140 173 100
140 173 100
140 173 100
140 173 100
140 173 100
140 173 100
140 173 100
140 173 100
140 173 100
140 173 100
140 173 100
140 173 100
140 173 100
140 173 100
140 173 100
140 173 100
140 173 100
140 173 100
140 173 100
140 173 100
140 173 100
140 173 100
140 173 100
140 173 100
140 173 100
140 173 100
140 173 100
140 173 100
140 173 100
140 173 100
140 173 100
140 173 100
140 173 100
140 173 100
140 173 100
140 173 100
140 173 100
140 173 100
141 173 100
141 173 100
141 173 100
141 173 100
141 173 100
141 173 100
141 173 100
141 173 100
141 173 100
141 173 100
141 173 100
141 173 100
141 173 100
141 173 100
141 173 100
141 173 100
141 173 100
141 173 100
141 173 100
141 173 100
141 173 100
141 173 100
141 173 100
141 173 100
141 173 100
141 173 100
141 173 100
141 173 100
141 173 100
141 173 100
141 173 100
141 173 100
141 173 100
141 173 100
141 173 100
141 173 100
141 173 100
141 173 100
141 173 100
141 173 100
141 173 100
141 173 100
141 173 100
141 173 100
142 173 100
142 173 100
142 173 100
142 173 100
142 173 100
142 173 100
142 173 100
142 173 100
142 173 100
142 173 100
142 173 100
142 173 100
142 173 100
142 173 100
142 173 100
142 173 100
142 173 100
142 173 100
142 173 100
142 173 100
142 173 100
142 173 100
142 173 100
142 173 100
142 173 100
142 173 100
142 173 100
142 173 100
142 173 100
142 173 100
142 173 100
142 173 100
142 173 100
142 173 100
142 173 100
142 173 100
142 173 100
142 173 100
142 173 100
142 173 100
142 173 100
142 173 100
142 173 100
142 173 100
142 173 100
143 173 100
143 173 100
143 173 100
143 173 100
143 173 100
143 173 100
143 173 100
143 173 100
143 173 100
143 173 100
143 173 100
143 173 100
143 173 100
143 173 100
143 173 100
143 173 100
143 173 100
143 173 100
143 173 100
143 173 100
143 173 100
143 173 100
143 173 100
143 173 100
143 173 100
143 173 100
143 173 100
143 173 100
143 173 100
143 173 100
143 173 100
143 173 100
143 173 100
143 173 100
143 173 100
143 173 100
143 173 100
143 173 100
143 173 100
143 173 100
143 173 100
143 173 100
143 173 100
143 173 100
144 173 100
144 173 100
144 173 100
144 173 100
144 173 100
144 173 100
144 173 100
144 173 100
144 173 100
144 173 100
144 173 100
144 173 100
144 173 100
144 173 100
144 173 100
144 173 100
144 173 100
144 173 100
144 173 100
144 173 100
144 173 100
144 173 100
144 173 100
144 173 100
144 173 100
144 173 100
144 173 100
144 173 100
144 173 100
144 173 100
144 173 100
144 173 100
144 173 100
144 173 100
144 173 100
144 173 100
144 173 100
144 173 100
144 173 100
144 173 100
144 173 100
144 173 100
144 173 100
145 173 100
145 173 100
145 173 100
145 173 100
145 173 100
145 173 100
145 173 100
145 173 100
145 173 100
145 173 100
145 173 100
145 173 100
145 173 100
145 173 100
145 173 100
145 173 100
145 173 100
145 173 100
145 173 100
145 173 100
145 173 100
145 173 100
145 173 100
145 173 100
145 173 100
145 173 100
145 173 100
145 173 100
145 173 100
145 173 100
145 173 100
145 173 100
145 173 100
145 173 100
145 173 100
145 173 100
145 173 100
145 173 100
145 173 100
145 173 100
145 173 100
145 173 100
146 173 100
146 173 100
146 173 100
146 173 100
146 173 100
146 173 100
146 173 100
146 173 100
146 173 100
146 173 100
146 173 100
146 173 100
146 173 100
146 173 100
146 173 100
146 173 100
146 173 100
146 173 100
146 173 100
146 173 100
146 173 100
146 173 100
146 173 100
146 173 100
146 173 100
146 173 100
146 173 100
146 173 100
146 173 100
146 173 100
146 173 100
146 173 100
146 173 100
146 173 100
146 173 100
146 173 100
146 173 100
146 173 100
146 173 100
146 173 100
147 173 100
147 173 100
147 173 100
147 173 100
147 173 100
147 173 100
147 173 100
147 173 100
147 173 100
147 173 100
147 173 100
147 173 100
147 173 100
147 173 100
147 173 100
147 173 100
147 173 100
147 173 100
147 173 100
147 173 100
147 173 100
147 173 100
147 173 100
147 173 100
147 173 100
147 173 100
147 173 100
147 173 100
147 173 100
147 173 100
147 173 100
147 173 100
147 173 100
147 173 100
147 173 100
147 173 100
147 173 100
148 173 100
148 173 100
148 173 100
148 173 100
148 173 100
148 173 100
148 173 100
148 173 100
148 173 100
148 173 100
148 173 100
148 173 100
148 173 100
148 173 100
148 173 100
148 173 100
148 173 100
148 173 100
148 173 100
148 173 100
148 173 100
148 173 100
148 173 100
148 173 100
148 173 100
148 173 100
148 173 100
148 173 100
148 173 100
148 173 100
148 173 100
148 173 100
148 173 100
148 173 100
149 173 100
149 173 100
149 173 100
149 173 100
149 173 100
149 173 100
149 173 100
149 173 100
149 173 100
149 173 100
149 173 100
149 173 100
149 173 100
149 173 100
149 173 100
149 173 100
149 173 100
149 173 100
149 173 100
149 173 100
149 173 100
149 173 100
149 173 100
149 173 100
149 173 100
149 173 100
149 173 100
149 173 100
149 173 100
149 173 100
149 173 100
150 173 100
150 173 100
150 173 100
150 173 100
150 173 100
150 173 100
150 173 100
150 173 100
150 173 100
150 173 100
150 173 100
150 173 100
150 173 100
150 173 100
150 173 100
150 173 100
150 173 100
150 173 100
150 173 100
150 173 100
150 173 100
150 173 100
150 173 100
150 173 100
150 173 100
150 173 100
150 173 100
151 173 100
151 173 100
151 173 100
151 173 100
151 173 100
151 173 100
151 173 100
151 173 100
151 173 100
151 173 100
151 173 100
151 173 100
151 173 100
151 173 100
151 173 100
151 173 100
151 173 100
151 173 100
151 173 100
151 173 100
151 173 100
151 173 100
151 173 100
151 173 100
152 173 100
152 173 100
152 173 100
152 173 100
152 173 100
152 173 100
152 173 100
152 173 100
152 173 100
152 173 100
152 173 100
152 173 100
152 173 100
152 173 100
152 173 100
152 173 100
152 173 100
152 173 100
152 173 100
152 173 100
152 173 100
# move from (102,169) to (153,46)
102 169 100
103 169 100
104 169 100
105 169 100
106 169 100
107 169 100
108 169 100
109 169 100
110 169 100
111 169 100
112 169 100
113 169 100
114 169 100
115 169 100
116 169 100
117 169 100
117 169 100
118 169 100
118 169 100
119 169 100
119 169 100
120 169 100
120 169 100
121 169 100
121 169 100
122 169 100
122 169 100
122 169 100
123 169 100
123 169 100
123 169 100
123 169 100
124 169 100
124 169 100
124 169 100
124 169 100
124 169 100
125 169 100
125 169 100
125 169 100
125 169 100
125 169 100
125 169 100
125 169 100
126 169 100
126 169 100
126 169 100
126 169 100
126 169 100
126 169 100
126 169 100
126 169 100
126 169 100
126 169 100
126 169 100
127 169 100
127 169 100
127 169 100
127 169 100
127 169 100
127 169 100
127 169 100
127 169 100
127 169 100
127 169 100
127 169 100
127 169 100
127 169 100
127 169 100
127 169 100
128 169 100
128 169 100
128 169 100
128 169 100
128 169 100
128 169 100
128 169 100
128 169 100
128 169 100
128 169 100
128 169 100
128 169 100
128 169 100
128 169 100
128 169 100
128 169 100
128 169 100
128 169 100
128 169 100
128 169 100
129 169 100
129 169 100
129 169 100
129 169 100
129 169 100
129 169 100
129 169 100
129 169 100
129 169 100
129 169 100
129 169 100
129 169 100
129 169 100
129 169 100
129 169 100
129 169 100
129 169 100
129 169 100
129 169 100
129 169 100
129 169 100
129 169 100
129 169 100
129 169 100
129 169 100
130 169 100
130 169 100
130 169 100
130 169 100
130 169 100
130 169 100
130 169 100
130 169 100
130 169 100
130 169 100
130 169 100
130 169 100
130 169 100
130 169 100
130 169 100
130 169 100
130 169 100
130 169 100
130 169 100
130 169 100
130 169 100
130 169 100
130 169 100
130 169 100
130 169 100
130 169 100
130 169 100
130 169 100
130 169 100
131 169 100
131 169 100
131 169 100
131 169 100
131 169 100
131 169 100
131 169 100
131 169 100
131 169 100
131 169 100
131 169 100
131 169 100
131 169 100
131 169 100
131 169 100
131 169 100
131 169 100
131 169 100
131 169 100
131 169 100
131 169 100
131 169 100
131 169 100
131 169 100
131 169 100
131 169 100
131 169 100
131 169 100
131 169 100
131 169 100
131 169 100
131 169 100
132 169 100
132 169 100
132 169 100
132 169 100
132 169 100
132 169 100
132 169 100
132 169 100
132 169 100
132 169 100
132 169 100
132 169 100
132 169 100
132 169 100
132 169 100
132 169 100
132 169 100
132 169 100
132 169 100
132 169 100
132 169 100
132 169 100
132 169 100
132 169 100
132 169 100
132 169 100
132 169 100
132 169 100
132 169 100
132 169 100
132 169 100
132 169 100
132 169 100
132 169 100
133 169 100
133 169 100
133 169 100
133 169 100
133 169 100
133 169 100
133 169 100
133 169 100
133 169 100
133 169 100
133 169 100
133 169 100
133 169 100
133 169 100
133 169 100
133 169 100
133 169 100
133 169 100
133 169 100
133 169 100
133 169 100
133 169 100
133 169 100
133 169 100
133 169 100
133 169 100
133 169 100
133 169 100
133 169 100
133 169 100
133 169 100
133 169 100
133 169 100
133 169 100
133 169 100
133 169 100
134 169 100
134 169 100
134 169 100
134 169 100
134 169 100
134 169 100
134 169 100
134 169 100
134 169 100
134 169 100
134 169 100
134 169 100
134 169 100
134 169 100
134 169 100
134 169 100
134 169 100
134 169 100
134 169 100
134 169 100
134 169 100
134 169 100
134 169 100
134 169 100
134 169 100
134 169 100
134 169 100
134 169 100
134 169 100
134 169 100
134 169 100
134 169 100
134 169 100
134 169 100
134 169 100
134 169 100
135 169 100
135 169 100
135 169 100
135 169 100
135 169 100
135 169 100
135 169 100
135 169 100
135 169 100
135 169 100
135 169 100
135 169 100
135 169 100
135 169 100
135 169 100
135 169 100
135 169 100
135 169 100
135 169 100
135 169 100
135 169 100
135 169 100
135 169 100
135 169 100
135 169 100
135 169 100
135 169 100
135 169 100
135 169 100
135 169 100
135 169 100
135 169 100
135 169 100
135 169 100
135 169 100
135 169 100
135 169 100
136 169 100
136 169 100
136 169 100
136 169 100
136 169 100
136 169 100
136 169 100
136 169 100
136 169 100
136 169 100
136 169 100
136 169 100
136 169 100
136 169 100
136 169 100
136 169 100
136 169 100
136 169 100
136 169 100
136 169 100
136 169 100
136 169 100
136 169 100
136 169 100
136 169 100
136 169 100
136 169 100
136 169 100
136 169 100
136 169 100
136 169 100
136 169 100
136 169 100
136 169 100
136 169 100
136 169 100
136 169 100
137 169 100
137 169 100
137 169 100
137 169 100
137 169 100
137 169 100
137 169 100
137 169 100
137 169 100
137 169 100
137 169 100
137 169 100
137 169 100
137 169 100
137 169 100
137 169 100
137 169 100
137 169 100
137 169 100
137 169 100
137 169 100
137 169 100
137 169 100
137 169 100
137 169 100
137 169 100
137 169 100
137 169 100
137 169 100
137 169 100
137 169 100
137 169 100
137 169 100
137 169 100
137 169 100
137 169 100
137 169 100
138 169 100
138 169 100
138 169 100
138 169 100
138 169 100
138 169 100
138 169 100
138 169 100
138 169 100
138 169 100
138 169 100
138 169 100
138 169 100
138 169 100
138 169 100
138 169 100
138 169 100
138 169 100
138 169 100
138 169 100
138 169 100
138 169 100
138 169 100
138 169 100
138 169 100
138 169 100
138 169 100
138 169 100
138 169 100
138 169 100
138 169 100
138 169 100
138 169 100
138 169 100
138 169 100
138 169 100
138 169 100
139 169 100
139 169 100
139 169 100
139 169 100
139 169 100
139 169 100
139 169 100
139 169 100
139 169 100
139 169 100
139 169 100
139 169 100
139 169 100
139 169 100
139 169 100
139 169 100
139 169 100
139 169 100
139 169 100
139 169 100
139 169 100
139 169 100
139 169 100
139 169 100
139 169 100
139 169 100
139 169 100
139 169 100
139 169 100
139 169 100
139 169 100
139 169 100
139 169 100
139 169 100
139 169 100
139 169 100
139 169 100
139 169 100
140 169 100
140 169 100
140 169 100
140 169 100
140 169 100
140 169 100
140 169 100
140 169 100
140 169 100
140 169 100
140 169 100
140 169 100
140 169 100
140 169 100
140 169 100
140 169 100
140 169 100
140 169 100
140 169 100
140 169 100
140 169 100
140 169 100
140 169 100
140 169 100
140 169 100
140 169 100
140 169 100
140 169 100
140 169 100
140 169 100
140 169 100
140 169 100
140 169 100
140 169 100
140 169 100
140 169 100
140 169 100
140 169 100
140 169 100
141 169 100
141 169 100
141 169 100
141 169 100
141 169 100
141 169 100
141 169 100
141 169 100
141 169 100
141 169 100
141 169 100
141 169 100
141 169 100
141 169 100
141 169 100
141 169 100
141 169 100
141 169 100
141 169 100
141 169 100
141 169 100
141 169 100
141 169 100
141 169 100
141 169 100
141 169 100
141 169 100
141 169 100
141 169 100
141 169 100
141 169 100
141 169 100
141 169 100
141 169 100
141 169 100
141 169 100
141 169 100
141 169 100
141 169 100
141 169 100
142 169 100
142 169 100
142 169 100
142 169 100
142 169 100
142 169 100
142 169 100
142 169 100
142 169 100
142 169 100
142 169 100
142 169 100
142 169 100
142 169 100
142 169 100
142 169 100
142 169 100
142 169 100
142 169 100
142 169 100
142 169 100
142 169 100
142 169 100
142 169 100
142 169 100
142 169 100
142 169 100
142 169 100
142 169 100
142 169 100
142 169 100
142 169 100
142 169 100
142 169 100
142 169 100
142 169 100
142 169 100
142 169 100
142 169 100
142 169 100
143 169 100
143 169 100
143 169 100
143 169 100
143 169 100
143 169 100
143 169 100
143 169 100
143 169 100
143 169 100
143 169 100
143 169 100
143 169 100
143 169 100
143 169 100
143 169 100
143 169 100
143 169 100
143 169 100
143 169 100
143 169 100
143 169 100
143 169 100
143 169 100
143 169 100
143 169 100
143 169 100
143 169 100
143 169 100
143 169 100
143 169 100
143 169 100
143 169 100
143 169 100
143 169 100
143 169 100
143 169 100
143 169 100
143 169 100
143 169 100
144 169 100
144 169 100
144 169 100
144 169 100
144 169 100
144 169 100
144 169 100
144 169 100
144 169 100
144 169 100
144 169 100
144 169 100
144 169 100
144 169 100
144 169 100
144 169 100
144 169 100
144 169 100
144 169 100
144 169 100
144 169 100
144 169 100
144 169 100
144 169 100
144 169 100
144 169 100
144 169 100
144 169 100
144 169 100
144 169 100
144 169 100
144 169 100
144 169 100
144 169 100
144 169 100
144 169 100
144 169 100
144 169 100
144 169 100
144 169 100
145 169 100
145 169 100
145 169 100
145 169 100
145 169 100
145 169 100
145 169 100
145 169 100
145 169 100
145 169 100
145 169 100
145 169 100
145 169 100
145 169 100
145 169 100
145 169 100
145 169 100
145 169 100
145 169 100
145 169 100
145 169 100
145 169 100
145 169 100
145 169 100
145 169 100
145 169 100
145 169 100
145 169 100
145 169 100
145 169 100
145 169 100
145 169 100
145 169 100
145 169 100
145 169 100
145 169 100
145 169 100
145 169 100
145 169 100
146 169 100
146 169 100
146 169 100
146 169 100
146 169 100
146 169 100
146 169 100
146 169 100
146 169 100
146 169 100
146 169 100
146 169 100
146 169 100
146 169 100
146 169 100
146 169 100
146 169 100
146 169 100
146 169 100
146 169 100
146 169 100
146 169 100
146 169 100
146 169 100
146 169 100
146 169 100
146 169 100
146 169 100
146 169 100
146 169 100
146 169 100
146 169 100
146 169 100
146 169 100
146 169 100
146 169 100
146 169 100
146 169 100
146 169 100
147 169 100
147 169 100
147 169 100
147 169 100
147 169 100
147 169 100
147 169 100
147 169 100
147 169 100
147 169 100
147 169 100
147 169 100
147 169 100
147 169 100
147 169 100
147 169 100
147 169 100
147 169 100
147 169 100
147 169 100
147 169 100
147 169 100
147 169 100
147 169 100
147 169 100
147 169 100
147 169 100
147 169 100
147 169 100
147 169 100
147 169 100
147 169 100
147 169 100
147 169 100
147 169 100
147 169 100
147 169 100
147 169 100
148 169 100
148 169 100
148 169 100
148 169 100
148 169 100
148 169 100
148 169 100
148 169 100
148 169 100
148 169 100
148 169 100
148 169 100
148 169 100
148 169 100
148 169 100
148 169 100
148 169 100
148 169 100
148 169 100
148 169 100
148 169 100
148 169 100
148 169 100
148 169 100
148 169 100
148 169 100
148 169 100
148 169 100
148 169 100
148 169 100
148 169 100
148 169 100
148 169 100
148 169 100
148 169 100
148 169 100
149 169 100
149 169 100
149 169 100
149 169 100
149 169 100
149 169 100
149 169 100
149 169 100
149 169 100
149 169 100
149 169 100
149 169 100
149 169 100
149 169 100
149 169 100
149 169 100
149 169 100
149 169 100
149 169 100
149 169 100
149 169 100
149 169 100
149 169 100
149 169 100
149 169 100
149 169 100
149 169 100
149 169 100
149 169 100
149 169 100
149 169 100
149 169 100
149 169 100
149 169 100
150 169 100
150 169 100
150 169 100
150 169 100
150 169 100
150 169 100
150 169 100
150 169 100
150 169 100
150 169 100
150 169 100
150 169 100
150 169 100
150 169 100
150 169 100
150 169 100
150 169 100
150 169 100
150 169 100
150 169 100
150 169 100
150 169 100
150 169 100
150 169 100
150 169 100
150 169 100
150 169 100
150 169 100
150 169 100
150 169 100
150 169 100
151 169 100
151 169 100
151 169 100
151 169 100
151 169 100
151 169 100
151 169 100
151 169 100
151 169 100
151 169 100
151 169 100
151 169 100
151 169 100
151 169 100
151 169 100
151 169 100
151 169 100
151 169 100
151 169 100
151 169 100
151 169 100
151 169 100
151 169 100
151 169 100
151 169 100
151 169 100
151 169 100
152 169 100
152 169 100
152 169 100
152 169 100
152 169 100
152 169 100
152 169 100
152 169 100
152 169 100
152 169 100
152 169 100
152 169 100
152 169 100
152 169 100
152 169 100
152 169 100
152 169 100
152 169 100
152 169 100
152 169 100
152 169 100
152 169 100
152 169 100
