# move from (171,73) to (144,160)
171 73 100
170 73 100
169 73 100
168 73 100
167 73 100
166 73 100
166 73 100
165 73 100
165 73 100
164 73 100
164 73 100
164 73 100
163 73 100
163 73 100
163 73 100
163 73 100
163 73 100
162 73 100
162 73 100
162 73 100
162 73 100
162 73 100
162 73 100
162 73 100
162 73 100
161 73 100
161 73 100
161 73 100
161 73 100
161 73 100
161 73 100
161 73 100
161 73 100
161 73 100
161 73 100
160 73 100
160 73 100
160 73 100
160 73 100
160 73 100
160 73 100
160 73 100
160 73 100
160 73 100
160 73 100
160 73 100
160 73 100
160 73 100
159 73 100
159 73 100
159 73 100
159 73 100
159 73 100
159 73 100
159 73 100
159 73 100
159 73 100
159 73 100
159 73 100
159 73 100
159 73 100
159 73 100
159 73 100
158 73 100
158 73 100
158 73 100
158 73 100
158 73 100
158 73 100
158 73 100
158 73 100
158 73 100
158 73 100
158 73 100
158 73 100
158 73 100
158 73 100
158 73 100
157 73 100
157 73 100
157 73 100
157 73 100
157 73 100
157 73 100
157 73 100
157 73 100
157 73 100
157 73 100
157 73 100
157 73 100
157 73 100
157 73 100
156 73 100
156 73 100
156 73 100
156 73 100
156 73 100
156 73 100
156 73 100
156 73 100
156 73 100
156 73 100
156 73 100
156 73 100
156 73 100
155 73 100
155 73 100
155 73 100
155 73 100
155 73 100
155 73 100
155 73 100
155 73 100
155 73 100
155 73 100
155 73 100
154 73 100
154 73 100
154 73 100
154 73 100
154 73 100
154 73 100
154 73 100
154 73 100
154 73 100
154 73 100
153 73 100
153 73 100
153 73 100
153 73 100
153 73 100
153 73 100
153 73 100
153 73 100
153 73 100
152 73 100
152 73 100
152 73 100
152 73 100
152 73 100
152 73 100
152 73 100
152 73 100
151 73 100
151 73 100
151 73 100
151 73 100
151 73 100
151 73 100
151 73 100
150 73 100
150 73 100
150 73 100
150 73 100
150 73 100
150 73 100
150 73 100
149 73 100
149 73 100
149 73 100
149 73 100
149 73 100
149 73 100
149 73 100
148 73 100
148 73 100
148 73 100
148 73 100
148 73 100
148 73 100
148 73 100
147 73 100
147 73 100
147 73 100
147 73 100
147 73 100
147 73 100
146 73 100
146 73 100
146 73 100
146 73 100
146 73 100
146 73 100
145 73 100
145 73 100
145 73 100
145 73 100
145 73 100
144 73 100
144 73 100
144 73 100
144 73 100
144 73 100
144 74 100
144 74 100
144 74 100
144 74 100
144 74 100
144 75 100
144 75 100
144 75 100
144 75 100
144 75 100
144 75 100
144 76 100
144 76 100
144 76 100
144 76 100
144 76 100
144 76 100
144 77 100
144 77 100
144 77 100
144 77 100
144 77 100
144 77 100
144 77 100
144 78 100
144 78 100
144 78 100
144 78 100
144 78 100
144 78 100
144 78 100
144 78 100
144 78 100
144 79 100
144 79 100
144 79 100
144 79 100
144 79 100
144 79 100
144 79 100
144 79 100
144 79 100
144 79 100
144 79 100
144 80 100
144 80 100
144 80 100
144 80 100
144 80 100
144 80 100
144 80 100
144 80 100
144 80 100
144 80 100
144 80 100
144 80 100
144 80 100
144 81 100
144 81 100
144 81 100
144 81 100
144 81 100
144 81 100
144 81 100
144 81 100
144 81 100
144 81 100
144 81 100
144 81 100
144 81 100
144 81 100
144 82 100
144 82 100
144 82 100
144 82 100
144 82 100
144 82 100
144 82 100
144 82 100
144 82 100
144 82 100
144 82 100
144 82 100
144 82 100
144 82 100
144 82 100
144 83 100
144 83 100
144 83 100
144 83 100
144 83 100
144 83 100
144 83 100
144 83 100
144 83 100
144 83 100
144 83 100
144 83 100
144 83 100
144 83 100
144 84 100
144 84 100
144 84 100
144 84 100
144 84 100
144 84 100
144 84 100
144 84 100
144 84 100
144 84 100
144 84 100
144 84 100
144 85 100
144 85 100
144 85 100
144 85 100
144 85 100
144 85 100
144 85 100
144 85 100
144 85 100
144 85 100
144 86 100
144 86 100
144 86 100
144 86 100
144 86 100
144 86 100
144 86 100
144 86 100
144 87 100
144 87 100
144 87 100
144 87 100
144 87 100
144 87 100
144 87 100
144 88 100
144 88 100
144 88 100
144 88 100
144 88 100
144 89 100
144 89 100
144 89 100
144 89 100
144 90 100
144 90 100
144 90 100
144 90 100
144 91 100
144 91 100
144 91 100
144 92 100
144 92 100
144 93 100
144 93 100
144 94 100
144 94 100
144 95 100
144 96 100
144 97 100
144 98 100
144 99 100
144 100 100
144 101 100
144 102 100
144 103 100
144 104 100
144 105 100
144 106 100
144 107 100
144 108 100
144 109 100
144 110 100
144 111 100
144 112 100
144 113 100
144 114 100
144 115 100
144 116 100
144 117 100
144 118 100
144 119 100
144 120 100
144 121 100
144 122 100
144 123 100
144 124 100
144 125 100
144 126 100
144 127 100
144 128 100
144 129 100
144 130 100
144 131 100
144 132 100
144 132 100
144 133 100
144 133 100
144 134 100
144 134 100
144 135 100
144 135 100
144 135 100
144 136 100
144 136 100
144 136 100
144 137 100
144 137 100
144 137 100
144 137 100
144 138 100
144 138 100
144 138 100
144 138 100
144 138 100
144 139 100
144 139 100
144 139 100
144 139 100
144 139 100
144 140 100
144 140 100
144 140 100
144 140 100
144 140 100
144 140 100
144 141 100
144 141 100
144 141 100
144 141 100
144 141 100
144 141 100
144 142 100
144 142 100
144 142 100
144 142 100
144 142 100
144 143 100
144 143 100
144 143 100
144 143 100
144 144 100
144 144 100
144 144 100
144 145 100
144 145 100
144 146 100
144 146 100
144 147 100
144 148 100
144 149 100
144 150 100
144 151 100
144 152 100
144 153 100
144 154 100
144 155 100
144 156 100
144 157 100
144 158 100
144 159 100
144 160 100
# move from (10,131) to (144,160)
10 131 100
11 131 100
12 131 100
13 131 100
14 131 100
15 131 100
16 131 100
17 131 100
18 131 100
19 131 100
20 131 100
21 131 100
22 131 100
23 131 100
24 131 100
25 131 100
26 131 100
27 131 100
28 131 100
29 131 100
29 131 100
30 131 100
30 131 100
30 131 100
31 131 100
31 131 100
31 131 100
31 131 100
31 131 100
32 131 100
32 131 100
32 131 100
32 131 100
32 131 100
32 131 100
33 131 100
33 131 100
33 131 100
33 131 100
33 131 100
33 131 100
33 131 100
34 131 100
34 131 100
34 131 100
34 131 100
34 131 100
34 131 100
34 131 100
34 131 100
35 131 100
35 131 100
35 131 100
35 131 100
35 131 100
35 131 100
35 131 100
35 131 100
35 131 100
36 131 100
36 131 100
36 131 100
36 131 100
36 131 100
36 131 100
36 131 100
36 131 100
36 131 100
36 131 100
37 131 100
37 131 100
37 131 100
37 131 100
37 131 100
37 131 100
37 131 100
37 131 100
37 131 100
37 131 100
37 131 100
37 131 100
38 131 100
38 131 100
38 131 100
38 131 100
38 131 100
38 131 100
38 131 100
38 131 100
38 131 100
38 131 100
38 131 100
38 131 100
38 131 100
38 131 100
38 131 100
39 131 100
39 131 100
39 131 100
39 131 100
39 131 100
39 131 100
39 131 100
39 131 100
39 131 100
39 131 100
39 131 100
39 131 100
39 131 100
39 131 100
39 131 100
39 131 100
39 131 100
39 131 100
39 131 100
40 131 100
40 131 100
40 131 100
40 131 100
40 131 100
40 131 100
40 131 100
40 131 100
40 131 100
40 131 100
40 131 100
40 131 100
40 131 100
40 131 100
40 131 100
40 131 100
40 131 100
40 131 100
40 131 100
40 131 100
40 131 100
40 131 100
40 131 100
41 131 100
41 131 100
41 131 100
41 131 100
41 131 100
41 131 100
41 131 100
41 131 100
41 131 100
41 131 100
41 131 100
41 131 100
41 131 100
41 131 100
41 131 100
41 131 100
41 131 100
41 131 100
41 131 100
41 131 100
41 131 100
41 131 100
41 131 100
41 131 100
41 131 100
41 131 100
41 131 100
41 131 100
42 131 100
42 131 100
42 131 100
42 131 100
42 131 100
42 131 100
42 131 100
42 131 100
42 131 100
42 131 100
42 131 100
42 131 100
42 131 100
42 131 100
42 131 100
42 131 100
42 131 100
42 131 100
42 131 100
42 131 100
42 131 100
42 131 100
42 131 100
42 131 100
42 131 100
42 131 100
42 131 100
42 131 100
42 131 100
42 131 100
42 131 100
42 131 100
42 131 100
43 131 100
43 131 100
43 131 100
43 131 100
43 131 100
43 131 100
43 131 100
43 131 100
43 131 100
43 131 100
43 131 100
43 131 100
43 131 100
43 131 100
43 131 100
43 131 100
43 131 100
43 131 100
43 131 100
43 131 100
43 131 100
43 131 100
43 131 100
43 131 100
43 131 100
43 131 100
43 131 100
43 131 100
43 131 100
43 131 100
43 131 100
43 131 100
43 131 100
43 131 100
43 131 100
43 131 100
43 131 100
44 131 100
44 131 100
44 131 100
44 131 100
44 131 100
44 131 100
44 131 100
44 131 100
44 131 100
44 131 100
44 131 100
44 131 100
44 131 100
44 131 100
44 131 100
44 131 100
44 131 100
44 131 100
44 131 100
44 131 100
44 131 100
44 131 100
44 131 100
44 131 100
44 131 100
44 131 100
44 131 100
44 131 100
44 131 100
44 131 100
44 131 100
44 131 100
44 131 100
44 131 100
44 131 100
44 131 100
44 131 100
44 131 100
44 131 100
44 131 100
45 131 100
45 131 100
45 131 100
45 131 100
45 131 100
45 131 100
45 131 100
45 131 100
45 131 100
45 131 100
45 131 100
45 131 100
45 131 100
45 131 100
45 131 100
45 131 100
45 131 100
45 131 100
45 131 100
45 131 100
45 131 100
45 131 100
45 131 100
45 131 100
45 131 100
45 131 100
45 131 100
45 131 100
45 131 100
45 131 100
45 131 100
45 131 100
45 131 100
45 131 100
45 131 100
45 131 100
45 131 100
45 131 100
45 131 100
45 131 100
45 131 100
45 131 100
46 131 100
46 131 100
46 131 100
46 131 100
46 131 100
46 131 100
46 131 100
46 131 100
46 131 100
46 131 100
46 131 100
46 131 100
46 131 100
46 131 100
46 131 100
46 131 100
46 131 100
46 131 100
46 131 100
46 131 100
46 131 100
46 131 100
46 131 100
46 131 100
46 131 100
46 131 100
46 131 100
46 131 100
46 131 100
46 131 100
46 131 100
46 131 100
46 131 100
46 131 100
46 131 100
46 131 100
46 131 100
46 131 100
46 131 100
46 131 100
46 131 100
46 131 100
46 131 100
47 131 100
47 131 100
47 131 100
47 131 100
47 131 100
47 131 100
47 131 100
47 131 100
47 131 100
47 131 100
47 131 100
47 131 100
47 131 100
47 131 100
47 131 100
47 131 100
47 131 100
47 131 100
47 131 100
47 131 100
47 131 100
47 131 100
47 131 100
47 131 100
47 131 100
47 131 100
47 131 100
47 131 100
47 131 100
47 131 100
47 131 100
47 131 100
47 131 100
47 131 100
47 131 100
47 131 100
47 131 100
47 131 100
47 131 100
47 131 100
47 131 100
47 131 100
47 131 100
48 131 100
48 131 100
48 131 100
48 131 100
48 131 100
48 131 100
48 131 100
48 131 100
48 131 100
48 131 100
48 131 100
48 131 100
48 131 100
48 131 100
48 131 100
48 131 100
48 131 100
48 131 100
48 131 100
48 131 100
48 131 100
48 131 100
48 131 100
48 131 100
48 131 100
48 131 100
48 131 100
48 131 100
48 131 100
48 131 100
48 131 100
48 131 100
48 131 100
48 131 100
48 131 100
48 131 100
48 131 100
48 131 100
48 131 100
48 131 100
48 131 100
48 131 100
49 131 100
49 131 100
49 131 100
49 131 100
49 131 100
49 131 100
49 131 100
49 131 100
49 131 100
49 131 100
49 131 100
49 131 100
49 131 100
49 131 100
49 131 100
49 131 100
49 131 100
49 131 100
49 131 100
49 131 100
49 131 100
49 131 100
49 131 100
49 131 100
49 131 100
49 131 100
49 131 100
49 131 100
49 131 100
49 131 100
49 131 100
49 131 100
49 131 100
49 131 100
49 131 100
49 131 100
49 131 100
49 131 100
49 131 100
49 131 100
49 131 100
49 131 100
50 131 100
50 131 100
50 131 100
50 131 100
50 131 100
50 131 100
50 131 100
50 131 100
50 131 100
50 131 100
50 131 100
50 131 100
50 131 100
50 131 100
50 131 100
50 131 100
50 131 100
50 131 100
50 131 100
50 131 100
50 131 100
50 131 100
50 131 100
50 131 100
50 131 100
50 131 100
50 131 100
50 131 100
50 131 100
50 131 100
50 131 100
50 131 100
50 131 100
50 131 100
50 131 100
50 131 100
50 131 100
50 131 100
50 131 100
50 131 100
50 131 100
51 131 100
51 131 100
51 131 100
51 131 100
51 131 100
51 131 100
51 131 100
51 131 100
51 131 100
51 131 100
51 131 100
51 131 100
51 131 100
51 131 100
51 131 100
51 131 100
51 131 100
51 131 100
51 131 100
51 131 100
51 131 100
51 131 100
51 131 100
51 131 100
51 131 100
51 131 100
51 131 100
51 131 100
51 131 100
51 131 100
51 131 100
51 131 100
51 131 100
51 131 100
51 131 100
51 131 100
51 131 100
51 131 100
51 131 100
52 131 100
52 131 100
52 131 100
52 131 100
52 131 100
52 131 100
52 131 100
52 131 100
52 131 100
52 131 100
52 131 100
52 131 100
52 131 100
52 131 100
52 131 100
52 131 100
52 131 100
52 131 100
52 131 100
52 131 100
52 131 100
52 131 100
52 131 100
52 131 100
52 131 100
52 131 100
52 131 100
52 131 100
52 131 100
52 131 100
52 131 100
52 131 100
52 131 100
52 131 100
52 131 100
52 131 100
52 131 100
53 131 100
53 131 100
53 131 100
53 131 100
53 131 100
53 131 100
53 131 100
53 131 100
53 131 100
53 131 100
53 131 100
53 131 100
53 131 100
53 131 100
53 131 100
53 131 100
53 131 100
53 131 100
53 131 100
53 131 100
53 131 100
53 131 100
53 131 100
53 131 100
53 131 100
53 131 100
53 131 100
53 131 100
53 131 100
53 131 100
53 131 100
53 131 100
53 131 100
53 131 100
53 131 100
54 131 100
54 131 100
54 131 100
54 131 100
54 131 100
54 131 100
54 131 100
54 131 100
54 131 100
54 131 100
54 131 100
54 131 100
54 131 100
54 131 100
54 131 100
54 131 100
54 131 100
54 131 100
54 131 100
54 131 100
54 131 100
54 131 100
54 131 100
54 131 100
54 131 100
54 131 100
54 131 100
54 131 100
54 131 100
54 131 100
54 131 100
54 131 100
54 131 100
55 131 100
55 131 100
55 131 100
55 131 100
55 131 100
55 131 100
55 131 100
55 131 100
55 131 100
55 131 100
55 131 100
55 131 100
55 131 100
55 131 100
55 131 100
55 131 100
55 131 100
55 131 100
55 131 100
55 131 100
55 131 100
55 131 100
55 131 100
55 131 100
55 131 100
55 131 100
55 131 100
55 131 100
55 131 100
55 131 100
55 131 100
56 131 100
56 131 100
56 131 100
56 131 100
56 131 100
56 131 100
56 131 100
56 131 100
56 131 100
56 131 100
56 131 100
56 131 100
56 131 100
56 131 100
56 131 100
56 131 100
56 131 100
56 131 100
56 131 100
56 131 100
56 131 100
56 131 100
56 131 100
56 131 100
56 131 100
56 131 100
56 131 100
56 131 100
56 131 100
56 131 100
57 131 100
57 131 100
57 131 100
57 131 100
57 131 100
57 131 100
57 131 100
57 131 100
57 131 100
57 131 100
57 131 100
57 131 100
57 131 100
57 131 100
57 131 100
57 131 100
57 131 100
57 131 100
57 131 100
57 131 100
57 131 100
57 131 100
57 131 100
57 131 100
57 131 100
57 131 100
57 131 100
57 131 100
57 131 100
58 131 100
58 131 100
58 131 100
58 131 100
58 131 100
58 131 100
58 131 100
58 131 100
58 131 100
58 131 100
58 131 100
58 131 100
58 131 100
58 131 100
58 131 100
58 131 100
58 131 100
58 131 100
58 131 100
58 131 100
58 131 100
58 131 100
58 131 100
58 131 100
58 131 100
58 131 100
58 131 100
58 131 100
58 131 100
59 131 100
59 131 100
59 131 100
59 131 100
59 131 100
59 131 100
59 131 100
59 131 100
59 131 100
59 131 100
59 131 100
59 131 100
59 131 100
59 131 100
59 131 100
59 131 100
59 131 100
59 131 100
59 131 100
59 131 100
59 131 100
59 131 100
59 131 100
59 131 100
59 131 100
59 131 100
59 131 100
59 131 100
60 131 100
60 131 100
60 131 100
60 131 100
60 131 100
60 131 100
60 131 100
60 131 100
60 131 100
60 131 100
60 131 100
60 131 100
60 131 100
60 131 100
60 131 100
60 131 100
60 131 100
60 131 100
60 131 100
60 131 100
60 131 100
60 131 100
60 131 100
60 131 100
60 131 100
60 131 100
60 131 100
61 131 100
61 131 100
61 131 100
61 131 100
61 131 100
61 131 100
61 131 100
61 131 100
61 131 100
61 131 100
61 131 100
61 131 100
61 131 100
61 131 100
61 131 100
61 131 100
61 131 100
61 131 100
61 131 100
61 131 100
61 131 100
61 131 100
61 131 100
61 131 100
61 131 100
62 131 100
62 131 100
62 131 100
62 131 100
62 131 100
62 131 100
62 131 100
62 131 100
62 131 100
62 131 100
62 131 100
62 131 100
62 131 100
62 131 100
62 131 100
62 131 100
62 131 100
62 131 100
62 131 100
62 131 100
62 131 100
62 131 100
62 131 100
62 131 100
63 131 100
63 131 100
63 131 100
63 131 100
63 131 100
63 131 100
63 131 100
63 131 100
63 131 100
63 131 100
63 131 100
63 131 100
63 131 100
63 131 100
63 131 100
63 131 100
63 131 100
63 131 100
63 131 100
63 131 100
63 131 100
63 131 100
63 131 100
64 131 100
64 131 100
64 131 100
64 131 100
64 131 100
64 131 100
64 131 100
64 131 100
64 131 100
64 131 100
64 131 100
64 131 100
64 131 100
64 131 100
64 131 100
64 131 100
64 131 100
64 131 100
64 131 100
64 131 100
64 131 100
64 131 100
65 131 100
65 131 100
65 131 100
65 131 100
65 131 100
65 131 100
65 131 100
65 131 100
65 131 100
65 131 100
65 131 100
65 131 100
65 131 100
65 131 100
65 131 100
65 131 100
65 131 100
65 131 100
65 131 100
66 131 100
66 131 100
66 131 100
66 131 100
66 131 100
66 131 100
66 131 100
66 131 100
66 131 100
66 131 100
66 131 100
66 131 100
66 131 100
66 131 100
66 131 100
66 131 100
66 131 100
67 131 100
67 131 100
67 131 100
67 131 100
67 131 100
67 131 100
67 131 100
67 131 100
67 131 100
67 131 100
67 131 100
67 131 100
67 131 100
68 131 100
68 131 100
68 131 100
68 131 100
68 131 100
68 131 100
68 131 100
68 131 100
68 131 100
68 131 100
69 131 100
69 131 100
69 131 100
69 131 100
69 131 100
69 131 100
69 131 100
69 131 100
70 131 100
70 131 100
70 131 100
70 131 100
70 131 100
70 131 100
70 131 100
71 131 100
71 131 100
71 131 100
71 131 100
71 131 100
71 131 100
72 131 100
72 131 100
72 131 100
72 131 100
72 131 100
73 131 100
73 131 100
73 131 100
73 131 100
73 131 100
74 131 100
74 131 100
74 131 100
74 131 100
74 131 100
74 131 100
75 131 100
75 131 100
75 131 100
75 131 100
75 131 100
75 131 100
75 131 100
76 131 100
76 131 100
76 131 100
76 131 100
76 131 100
76 131 100
76 131 100
76 131 100
76 131 100
77 131 100
77 131 100
77 131 100
77 131 100
77 131 100
77 131 100
77 131 100
77 131 100
77 131 100
77 131 100
77 131 100
78 131 100
78 131 100
78 131 100
78 131 100
78 131 100
78 131 100
78 131 100
78 131 100
78 131 100
78 131 100
78 131 100
78 131 100
78 131 100
79 131 100
79 131 100
79 131 100
79 131 100
79 131 100
79 131 100
79 131 100
79 131 100
79 131 100
79 131 100
79 131 100
79 131 100
79 131 100
79 131 100
79 131 100
80 131 100
80 131 100
80 131 100
80 131 100
80 131 100
80 131 100
80 131 100
80 131 100
80 131 100
80 131 100
80 131 100
80 131 100
80 131 100
80 131 100
80 131 100
80 131 100
80 131 100
81 131 100
81 131 100
81 131 100
81 131 100
81 131 100
81 131 100
81 131 100
81 131 100
81 131 100
81 131 100
81 131 100
81 131 100
81 131 100
81 131 100
81 131 100
81 131 100
81 131 100
81 131 100
82 131 100
82 131 100
82 131 100
82 131 100
82 131 100
82 131 100
82 131 100
82 131 100
82 131 100
82 131 100
82 131 100
82 131 100
82 131 100
82 131 100
82 131 100
82 131 100
82 131 100
82 131 100
83 131 100
83 131 100
83 131 100
83 131 100
83 131 100
83 131 100
83 131 100
83 131 100
83 131 100
83 131 100
83 131 100
83 131 100
83 131 100
83 131 100
83 131 100
83 131 100
83 131 100
83 131 100
84 131 100
84 131 100
84 131 100
84 131 100
84 131 100
84 131 100
84 131 100
84 131 100
84 131 100
84 131 100
84 131 100
84 131 100
84 131 100
84 131 100
84 131 100
84 131 100
84 131 100
84 131 100
84 131 100
85 131 100
85 131 100
85 131 100
85 131 100
85 131 100
85 131 100
85 131 100
85 131 100
85 131 100
85 131 100
85 131 100
85 131 100
85 131 100
85 131 100
85 131 100
85 131 100
85 131 100
85 131 100
85 131 100
85 131 100
86 131 100
86 131 100
86 131 100
86 131 100
86 131 100
86 131 100
86 131 100
86 131 100
86 131 100
86 131 100
86 131 100
86 131 100
86 131 100
86 131 100
86 131 100
86 131 100
86 131 100
86 131 100
86 131 100
86 131 100
86 131 100
86 131 100
87 131 100
87 131 100
87 131 100
87 131 100
87 131 100
87 131 100
87 131 100
87 131 100
87 131 100
87 131 100
87 131 100
87 131 100
87 131 100
87 131 100
87 131 100
87 131 100
87 131 100
87 131 100
87 131 100
87 131 100
87 131 100
87 131 100
87 131 100
87 131 100
88 131 100
88 131 100
88 131 100
88 131 100
88 131 100
88 131 100
88 131 100
88 131 100
88 131 100
88 131 100
88 131 100
88 131 100
88 131 100
88 131 100
88 131 100
88 131 100
88 131 100
88 131 100
88 131 100
88 131 100
88 131 100
88 131 100
88 131 100
88 131 100
88 131 100
89 131 100
89 131 100
89 131 100
89 131 100
89 131 100
89 131 100
89 131 100
89 131 100
89 131 100
89 131 100
89 131 100
89 131 100
89 131 100
89 131 100
89 131 100
89 131 100
89 131 100
89 131 100
89 131 100
89 131 100
89 131 100
89 131 100
89 131 100
89 131 100
89 131 100
90 131 100
90 131 100
90 131 100
90 131 100
90 131 100
90 131 100
90 131 100
90 131 100
90 131 100
90 131 100
90 131 100
90 131 100
90 131 100
90 131 100
90 131 100
90 131 100
90 131 100
90 131 100
90 131 100
90 131 100
90 131 100
90 131 100
90 131 100
90 131 100
90 131 100
91 131 100
91 131 100
91 131 100
91 131 100
91 131 100
91 131 100
91 131 100
91 131 100
91 131 100
91 131 100
91 131 100
91 131 100
91 131 100
91 131 100
91 131 100
91 131 100
91 131 100
91 131 100
91 131 100
91 131 100
91 131 100
91 131 100
92 131 100
92 131 100
92 131 100
92 131 100
92 131 100
92 131 100
92 131 100
92 131 100
92 131 100
92 131 100
92 131 100
92 131 100
92 131 100
92 131 100
92 131 100
92 131 100
92 131 100
92 131 100
92 131 100
93 131 100
93 131 100
93 131 100
93 131 100
93 131 100
93 131 100
93 131 100
93 131 100
93 131 100
93 131 100
93 131 100
93 131 100
93 131 100
93 131 100
93 131 100
94 131 100
94 131 100
94 131 100
94 131 100
94 131 100
94 131 100
94 131 100
94 131 100
94 131 100
94 131 100
94 131 100
95 131 100
95 131 100
95 131 100
95 131 100
95 131 100
95 131 100
95 131 100
95 131 100
96 131 100
96 131 100
96 131 100
96 131 100
96 131 100
96 131 100
97 131 100
97 131 100
97 131 100
97 131 100
97 131 100
98 131 100
98 131 100
98 131 100
98 131 100
99 131 100
99 131 100
99 131 100
99 131 100
100 131 100
100 131 100
100 131 100
100 131 100
101 131 100
101 131 100
101 131 100
101 131 100
102 131 100
102 131 100
102 131 100
102 131 100
103 131 100
103 131 100
103 131 100
103 131 100
103 131 100
104 131 100
104 131 100
104 131 100
104 131 100
104 131 100
105 131 100
105 131 100
105 131 100
105 131 100
105 131 100
105 131 100
106 131 100
106 131 100
106 131 100
106 131 100
106 131 100
107 131 100
107 131 100
107 131 100
107 131 100
107 131 100
108 131 100
108 131 100
108 131 100
108 131 100
109 131 100
109 131 100
109 131 100
109 131 100
110 131 100
110 131 100
110 131 100
111 131 100
111 131 100
111 131 100
112 131 100
112 131 100
112 131 100
113 131 100
113 131 100
113 131 100
114 131 100
114 131 100
114 131 100
115 131 100
115 131 100
115 131 100
116 131 100
116 131 100
116 131 100
117 131 100
117 131 100
117 131 100
118 131 100
118 131 100
118 131 100
119 131 100
119 131 100
119 131 100
120 131 100
120 131 100
121 131 100
121 131 100
122 131 100
123 131 100
124 131 100
125 131 100
126 131 100
127 131 100
128 131 100
129 131 100
130 131 100
131 131 100
132 131 100
133 131 100
134 131 100
135 131 100
136 131 100
137 131 100
138 131 100
139 131 100
140 131 100
141 131 100
142 131 100
143 131 100
# move from (109,8) to (144,160)
109 8 100
110 8 100
111 8 100
112 8 100
113 8 100
114 8 100
115 8 100
116 8 100
117 8 100
118 8 100
119 8 100
120 8 100
120 8 100
121 8 100
121 8 100
121 8 100
122 8 100
122 8 100
122 8 100
122 8 100
123 8 100
123 8 100
123 8 100
123 8 100
123 8 100
123 8 100
124 8 100
124 8 100
124 8 100
124 8 100
124 8 100
124 8 100
124 8 100
124 8 100
125 8 100
125 8 100
125 8 100
125 8 100
125 8 100
125 8 100
125 8 100
125 8 100
125 8 100
125 8 100
126 8 100
126 8 100
126 8 100
126 8 100
126 8 100
126 8 100
126 8 100
126 8 100
126 8 100
126 8 100
126 8 100
127 8 100
127 8 100
127 8 100
127 8 100
127 8 100
127 8 100
127 8 100
127 8 100
127 8 100
127 8 100
127 8 100
127 8 100
128 8 100
128 8 100
128 8 100
128 8 100
128 8 100
128 8 100
128 8 100
128 8 100
128 8 100
128 8 100
128 8 100
128 8 100
129 8 100
129 8 100
129 8 100
129 8 100
129 8 100
129 8 100
129 8 100
129 8 100
129 8 100
129 8 100
129 8 100
130 8 100
130 8 100
130 8 100
130 8 100
130 8 100
130 8 100
130 8 100
130 8 100
130 8 100
131 8 100
131 8 100
131 8 100
131 8 100
131 8 100
131 8 100
131 8 100
131 8 100
132 8 100
132 8 100
132 8 100
132 8 100
132 8 100
132 8 100
132 8 100
133 8 100
133 8 100
133 8 100
133 8 100
133 8 100
133 8 100
134 8 100
134 8 100
134 8 100
134 8 100
134 8 100
135 8 100
135 8 100
135 8 100
135 8 100
135 8 100
136 8 100
136 8 100
136 8 100
136 8 100
137 8 100
137 8 100
137 8 100
137 8 100
138 8 100
138 8 100
138 8 100
138 8 100
139 8 100
139 8 100
139 8 100
140 8 100
140 8 100
141 8 100
141 8 100
142 8 100
143 8 100
144 8 100
144 9 100
144 10 100
144 11 100
144 12 100
144 13 100
144 14 100
144 15 100
144 16 100
144 17 100
144 18 100
144 19 100
144 20 100
144 21 100
144 22 100
144 23 100
144 24 100
144 25 100
144 26 100
144 27 100
144 28 100
144 29 100
144 30 100
144 31 100
144 32 100
144 33 100
144 33 100
144 34 100
144 34 100
144 34 100
144 35 100
144 35 100
144 35 100
144 36 100
144 36 100
144 36 100
144 36 100
144 37 100
144 37 100
144 37 100
144 37 100
144 38 100
144 38 100
144 38 100
144 38 100
144 38 100
144 39 100
144 39 100
144 39 100
144 39 100
144 39 100
144 39 100
144 40 100
144 40 100
144 40 100
144 40 100
144 40 100
144 40 100
144 40 100
144 40 100
144 41 100
144 41 100
144 41 100
144 41 100
144 41 100
144 41 100
144 41 100
144 41 100
144 41 100
144 41 100
144 42 100
144 42 100
144 42 100
144 42 100
144 42 100
144 42 100
144 42 100
144 42 100
144 42 100
144 42 100
144 42 100
144 42 100
144 43 100
144 43 100
144 43 100
144 43 100
144 43 100
144 43 100
144 43 100
144 43 100
144 43 100
144 43 100
144 43 100
144 43 100
144 43 100
144 43 100
144 44 100
144 44 100
144 44 100
144 44 100
144 44 100
144 44 100
144 44 100
144 44 100
144 44 100
144 44 100
144 44 100
144 44 100
144 44 100
144 44 100
144 45 100
144 45 100
144 45 100
144 45 100
144 45 100
144 45 100
144 45 100
144 45 100
144 45 100
144 45 100
144 45 100
144 45 100
144 45 100
144 45 100
144 46 100
144 46 100
144 46 100
144 46 100
144 46 100
144 46 100
144 46 100
144 46 100
144 46 100
144 46 100
144 46 100
144 46 100
144 47 100
144 47 100
144 47 100
144 47 100
144 47 100
144 47 100
144 47 100
144 47 100
144 47 100
144 47 100
144 48 100
144 48 100
144 48 100
144 48 100
144 48 100
144 48 100
144 48 100
144 48 100
144 49 100
144 49 100
144 49 100
144 49 100
144 49 100
144 49 100
144 50 100
144 50 100
144 50 100
144 50 100
144 51 100
144 51 100
144 51 100
144 52 100
144 52 100
144 53 100
144 53 100
144 54 100
144 54 100
144 55 100
144 55 100
144 56 100
144 57 100
144 58 100
144 59 100
144 60 100
144 61 100
144 62 100
144 63 100
144 64 100
144 65 100
144 66 100
144 67 100
144 68 100
144 68 100
144 69 100
144 69 100
144 70 100
144 70 100
144 70 100
144 71 100
144 71 100
144 71 100
144 71 100
144 72 100
144 72 100
144 72 100
144 72 100
144 72 100
# move from (84,58) to (144,160)
84 58 100
85 58 100
86 58 100
87 58 100
88 58 100
89 58 100
90 58 100
91 58 100
92 58 100
93 58 100
94 58 100
95 58 100
96 58 100
97 58 100
98 58 100
99 58 100
100 58 100
101 58 100
102 58 100
103 58 100
104 58 100
105 58 100
105 58 100
106 58 100
106 58 100
106 58 100
107 58 100
107 58 100
107 58 100
107 58 100
108 58 100
108 58 100
108 58 100
108 58 100
108 58 100
109 58 100
109 58 100
109 58 100
109 58 100
109 58 100
109 58 100
110 58 100
110 58 100
110 58 100
110 58 100
110 58 100
110 58 100
111 58 100
111 58 100
111 58 100
111 58 100
111 58 100
111 58 100
111 58 100
112 58 100
112 58 100
112 58 100
112 58 100
112 58 100
112 58 100
112 58 100
113 58 100
113 58 100
113 58 100
113 58 100
113 58 100
113 58 100
113 58 100
114 58 100
114 58 100
114 58 100
114 58 100
114 58 100
114 58 100
114 58 100
115 58 100
115 58 100
115 58 100
115 58 100
115 58 100
115 58 100
115 58 100
115 58 100
116 58 100
116 58 100
116 58 100
116 58 100
116 58 100
116 58 100
116 58 100
116 58 100
117 58 100
117 58 100
117 58 100
117 58 100
117 58 100
117 58 100
117 58 100
117 58 100
117 58 100
118 58 100
118 58 100
118 58 100
118 58 100
118 58 100
118 58 100
118 58 100
118 58 100
118 58 100
118 58 100
118 58 100
119 58 100
119 58 100
119 58 100
119 58 100
119 58 100
119 58 100
119 58 100
119 58 100
119 58 100
119 58 100
119 58 100
119 58 100
119 58 100
119 58 100
120 58 100
120 58 100
120 58 100
120 58 100
120 58 100
120 58 100
120 58 100
120 58 100
120 58 100
120 58 100
120 58 100
120 58 100
120 58 100
120 58 100
120 58 100
120 58 100
121 58 100
121 58 100
121 58 100
121 58 100
121 58 100
121 58 100
121 58 100
121 58 100
121 58 100
121 58 100
121 58 100
121 58 100
121 58 100
121 58 100
121 58 100
121 58 100
121 58 100
121 58 100
121 58 100
122 58 100
122 58 100
122 58 100
122 58 100
122 58 100
122 58 100
122 58 100
122 58 100
122 58 100
122 58 100
122 58 100
122 58 100
122 58 100
122 58 100
122 58 100
122 58 100
122 58 100
122 58 100
122 58 100
122 58 100
122 58 100
123 58 100
123 58 100
123 58 100
123 58 100
123 58 100
123 58 100
123 58 100
123 58 100
123 58 100
123 58 100
123 58 100
123 58 100
123 58 100
123 58 100
123 58 100
123 58 100
123 58 100
123 58 100
123 58 100
123 58 100
123 58 100
123 58 100
123 58 100
124 58 100
124 58 100
124 58 100
124 58 100
124 58 100
124 58 100
124 58 100
124 58 100
124 58 100
124 58 100
124 58 100
124 58 100
124 58 100
124 58 100
124 58 100
124 58 100
124 58 100
124 58 100
124 58 100
124 58 100
124 58 100
124 58 100
124 58 100
124 58 100
125 58 100
125 58 100
125 58 100
125 58 100
125 58 100
125 58 100
125 58 100
125 58 100
125 58 100
125 58 100
125 58 100
125 58 100
125 58 100
125 58 100
125 58 100
125 58 100
125 58 100
125 58 100
125 58 100
125 58 100
125 58 100
125 58 100
125 58 100
125 58 100
126 58 100
126 58 100
126 58 100
126 58 100
126 58 100
126 58 100
126 58 100
126 58 100
126 58 100
126 58 100
126 58 100
126 58 100
126 58 100
126 58 100
126 58 100
126 58 100
126 58 100
126 58 100
126 58 100
126 58 100
126 58 100
126 58 100
126 58 100
127 58 100
127 58 100
127 58 100
127 58 100
127 58 100
127 58 100
127 58 100
127 58 100
127 58 100
127 58 100
127 58 100
127 58 100
127 58 100
127 58 100
127 58 100
127 58 100
127 58 100
127 58 100
127 58 100
127 58 100
127 58 100
128 58 100
128 58 100
128 58 100
128 58 100
128 58 100
128 58 100
128 58 100
128 58 100
128 58 100
128 58 100
128 58 100
128 58 100
128 58 100
128 58 100
128 58 100
128 58 100
128 58 100
128 58 100
128 58 100
129 58 100
129 58 100
129 58 100
129 58 100
129 58 100
129 58 100
129 58 100
129 58 100
129 58 100
129 58 100
129 58 100
129 58 100
129 58 100
129 58 100
129 58 100
129 58 100
129 58 100
130 58 100
130 58 100
130 58 100
130 58 100
130 58 100
130 58 100
130 58 100
130 58 100
130 58 100
130 58 100
130 58 100
130 58 100
130 58 100
130 58 100
130 58 100
131 58 100
131 58 100
131 58 100
131 58 100
131 58 100
131 58 100
131 58 100
131 58 100
131 58 100
131 58 100
131 58 100
131 58 100
131 58 100
131 58 100
132 58 100
132 58 100
132 58 100
132 58 100
132 58 100
132 58 100
132 58 100
132 58 100
132 58 100
132 58 100
132 58 100
132 58 100
132 58 100
133 58 100
133 58 100
133 58 100
133 58 100
133 58 100
133 58 100
133 58 100
133 58 100
133 58 100
133 58 100
133 58 100
133 58 100
134 58 100
134 58 100
134 58 100
134 58 100
134 58 100
134 58 100
134 58 100
134 58 100
134 58 100
134 58 100
135 58 100
135 58 100
135 58 100
135 58 100
135 58 100
135 58 100
135 58 100
135 58 100
135 58 100
136 58 100
136 58 100
136 58 100
136 58 100
136 58 100
136 58 100
136 58 100
137 58 100
137 58 100
137 58 100
137 58 100
137 58 100
137 58 100
138 58 100
138 58 100
138 58 100
138 58 100
138 58 100
139 58 100
139 58 100
139 58 100
139 58 100
140 58 100
140 58 100
140 58 100
140 58 100
141 58 100
141 58 100
141 58 100
142 58 100
142 58 100
143 58 100
143 58 100
