# move from (52,2) to (131,61)
52 2 100
53 2 100
54 2 100
55 2 100
56 2 100
57 2 100
58 2 100
59 2 100
60 2 100
61 2 100
62 2 100
62 2 100
63 2 100
63 2 100
64 2 100
64 2 100
65 2 100
65 2 100
65 2 100
66 2 100
66 2 100
66 2 100
67 2 100
67 2 100
67 2 100
67 2 100
68 2 100
68 2 100
68 2 100
68 2 100
69 2 100
69 2 100
69 2 100
69 2 100
69 2 100
70 2 100
70 2 100
70 2 100
70 2 100
70 2 100
71 2 100
71 2 100
71 2 100
71 2 100
71 2 100
72 2 100
72 2 100
72 2 100
72 2 100
73 2 100
73 2 100
73 2 100
73 2 100
74 2 100
74 2 100
74 2 100
75 2 100
75 2 100
75 2 100
76 2 100
76 2 100
76 2 100
77 2 100
77 2 100
77 2 100
77 2 100
78 2 100
78 2 100
78 2 100
78 2 100
78 2 100
79 2 100
79 2 100
79 2 100
79 2 100
79 2 100
79 2 100
80 2 100
80 2 100
80 2 100
80 2 100
80 2 100
80 2 100
80 2 100
80 2 100
81 2 100
81 2 100
81 2 100
81 2 100
81 2 100
81 2 100
81 2 100
81 2 100
81 2 100
81 2 100
82 2 100
82 2 100
82 2 100
82 2 100
82 2 100
82 2 100
82 2 100
82 2 100
82 2 100
82 2 100
82 2 100
82 2 100
83 2 100
83 2 100
83 2 100
83 2 100
83 2 100
83 2 100
83 2 100
83 2 100
83 2 100
83 2 100
83 2 100
83 2 100
83 2 100
84 2 100
84 2 100
84 2 100
84 2 100
84 2 100
84 2 100
84 2 100
84 2 100
84 2 100
84 2 100
84 2 100
84 2 100
84 2 100
84 2 100
85 2 100
85 2 100
85 2 100
85 2 100
85 2 100
85 2 100
85 2 100
85 2 100
85 2 100
85 2 100
85 2 100
85 2 100
85 2 100
85 2 100
86 2 100
86 2 100
86 2 100
86 2 100
86 2 100
86 2 100
86 2 100
86 2 100
86 2 100
86 2 100
86 2 100
86 2 100
86 2 100
87 2 100
87 2 100
87 2 100
87 2 100
87 2 100
87 2 100
87 2 100
87 2 100
87 2 100
87 2 100
87 2 100
87 2 100
87 2 100
88 2 100
88 2 100
88 2 100
88 2 100
88 2 100
88 2 100
88 2 100
88 2 100
88 2 100
88 2 100
88 2 100
88 2 100
89 2 100
89 2 100
89 2 100
89 2 100
89 2 100
89 2 100
89 2 100
89 2 100
89 2 100
89 2 100
89 2 100
89 2 100
90 2 100
90 2 100
90 2 100
90 2 100
90 2 100
90 2 100
90 2 100
90 2 100
90 2 100
90 2 100
90 2 100
90 2 100
91 2 100
91 2 100
91 2 100
91 2 100
91 2 100
91 2 100
91 2 100
91 2 100
91 2 100
91 2 100
91 2 100
91 2 100
92 2 100
92 2 100
92 2 100
92 2 100
92 2 100
92 2 100
92 2 100
92 2 100
92 2 100
92 2 100
92 2 100
92 2 100
92 2 100
93 2 100
93 2 100
93 2 100
93 2 100
93 2 100
93 2 100
93 2 100
93 2 100
93 2 100
93 2 100
93 2 100
93 2 100
93 2 100
93 2 100
93 2 100
93 2 100
94 2 100
94 2 100
94 2 100
94 2 100
94 2 100
94 2 100
94 2 100
94 2 100
94 2 100
94 2 100
94 2 100
94 2 100
94 2 100
94 2 100
94 2 100
94 2 100
94 2 100
94 2 100
94 2 100
95 2 100
95 2 100
95 2 100
95 2 100
95 2 100
95 2 100
95 2 100
95 2 100
95 2 100
95 2 100
95 2 100
95 2 100
95 2 100
95 2 100
95 2 100
95 2 100
95 2 100
95 2 100
95 2 100
95 2 100
95 2 100
95 2 100
96 2 100
96 2 100
96 2 100
96 2 100
96 2 100
96 2 100
96 2 100
96 2 100
96 2 100
96 2 100
96 2 100
96 2 100
96 2 100
96 2 100
96 2 100
96 2 100
96 2 100
96 2 100
96 2 100
96 2 100
96 2 100
96 2 100
96 2 100
96 2 100
96 2 100
96 2 100
97 2 100
97 2 100
97 2 100
97 2 100
97 2 100
97 2 100
97 2 100
97 2 100
97 2 100
97 2 100
97 2 100
97 2 100
97 2 100
97 2 100
97 2 100
97 2 100
97 2 100
97 2 100
97 2 100
97 2 100
97 2 100
97 2 100
97 2 100
97 2 100
97 2 100
97 2 100
97 2 100
97 2 100
98 2 100
98 2 100
98 2 100
98 2 100
98 2 100
98 2 100
98 2 100
98 2 100
98 2 100
98 2 100
98 2 100
98 2 100
98 2 100
98 2 100
98 2 100
98 2 100
98 2 100
98 2 100
98 2 100
98 2 100
98 2 100
98 2 100
98 2 100
98 2 100
98 2 100
98 2 100
98 2 100
98 2 100
98 2 100
98 2 100
99 2 100
99 2 100
99 2 100
99 2 100
99 2 100
99 2 100
99 2 100
99 2 100
99 2 100
99 2 100
99 2 100
99 2 100
99 2 100
99 2 100
99 2 100
99 2 100
99 2 100
99 2 100
99 2 100
99 2 100
99 2 100
99 2 100
99 2 100
99 2 100
99 2 100
99 2 100
99 2 100
99 2 100
99 2 100
99 2 100
100 2 100
100 2 100
100 2 100
100 2 100
100 2 100
100 2 100
100 2 100
100 2 100
100 2 100
100 2 100
100 2 100
100 2 100
100 2 100
100 2 100
100 2 100
100 2 100
100 2 100
100 2 100
100 2 100
100 2 100
100 2 100
100 2 100
100 2 100
100 2 100
100 2 100
100 2 100
100 2 100
100 2 100
100 2 100
100 2 100
101 2 100
101 2 100
101 2 100
101 2 100
101 2 100
101 2 100
101 2 100
101 2 100
101 2 100
101 2 100
101 2 100
101 2 100
101 2 100
101 2 100
101 2 100
101 2 100
101 2 100
101 2 100
101 2 100
101 2 100
101 2 100
101 2 100
101 2 100
101 2 100
101 2 100
101 2 100
101 2 100
101 2 100
101 2 100
102 2 100
102 2 100
102 2 100
102 2 100
102 2 100
102 2 100
102 2 100
102 2 100
102 2 100
102 2 100
102 2 100
102 2 100
102 2 100
102 2 100
102 2 100
102 2 100
102 2 100
102 2 100
102 2 100
102 2 100
102 2 100
102 2 100
102 2 100
102 2 100
102 2 100
102 2 100
102 2 100
103 2 100
103 2 100
103 2 100
103 2 100
103 2 100
103 2 100
103 2 100
103 2 100
103 2 100
103 2 100
103 2 100
103 2 100
103 2 100
103 2 100
103 2 100
103 2 100
103 2 100
103 2 100
103 2 100
103 2 100
103 2 100
103 2 100
103 2 100
103 2 100
103 2 100
104 2 100
104 2 100
104 2 100
104 2 100
104 2 100
104 2 100
104 2 100
104 2 100
104 2 100
104 2 100
104 2 100
104 2 100
104 2 100
104 2 100
104 2 100
104 2 100
104 2 100
104 2 100
104 2 100
104 2 100
104 2 100
104 2 100
105 2 100
105 2 100
105 2 100
105 2 100
105 2 100
105 2 100
105 2 100
105 2 100
105 2 100
105 2 100
105 2 100
105 2 100
105 2 100
105 2 100
105 2 100
105 2 100
105 2 100
105 2 100
105 2 100
105 2 100
106 2 100
106 2 100
106 2 100
106 2 100
106 2 100
106 2 100
106 2 100
106 2 100
106 2 100
106 2 100
106 2 100
106 2 100
106 2 100
106 2 100
106 2 100
106 2 100
106 2 100
106 2 100
107 2 100
107 2 100
107 2 100
107 2 100
107 2 100
107 2 100
107 2 100
107 2 100
107 2 100
107 2 100
107 2 100
107 2 100
107 2 100
107 2 100
107 2 100
107 2 100
107 2 100
108 2 100
108 2 100
108 2 100
108 2 100
108 2 100
108 2 100
108 2 100
108 2 100
108 2 100
108 2 100
108 2 100
108 2 100
108 2 100
108 2 100
108 2 100
108 2 100
108 2 100
109 2 100
109 2 100
109 2 100
109 2 100
109 2 100
109 2 100
109 2 100
109 2 100
109 2 100
109 2 100
109 2 100
109 2 100
109 2 100
109 2 100
109 2 100
109 2 100
109 2 100
110 2 100
110 2 100
110 2 100
110 2 100
110 2 100
110 2 100
110 2 100
110 2 100
110 2 100
110 2 100
110 2 100
110 2 100
110 2 100
110 2 100
110 2 100
110 2 100
110 2 100
111 2 100
111 2 100
111 2 100
111 2 100
111 2 100
111 2 100
111 2 100
111 2 100
111 2 100
111 2 100
111 2 100
111 2 100
111 2 100
111 2 100
111 2 100
111 2 100
111 2 100
112 2 100
112 2 100
112 2 100
112 2 100
112 2 100
112 2 100
112 2 100
112 2 100
112 2 100
112 2 100
112 2 100
112 2 100
112 2 100
112 2 100
112 2 100
112 2 100
112 2 100
113 2 100
113 2 100
113 2 100
113 2 100
113 2 100
113 2 100
113 2 100
113 2 100
113 2 100
113 2 100
113 2 100
113 2 100
113 2 100
113 2 100
113 2 100
113 2 100
114 2 100
114 2 100
114 2 100
114 2 100
114 2 100
114 2 100
114 2 100
114 2 100
114 2 100
114 2 100
114 2 100
114 2 100
114 2 100
114 2 100
115 2 100
115 2 100
115 2 100
115 2 100
115 2 100
115 2 100
115 2 100
115 2 100
115 2 100
115 2 100
115 2 100
116 2 100
116 2 100
116 2 100
116 2 100
116 2 100
116 2 100
116 2 100
116 2 100
117 2 100
117 2 100
117 2 100
117 2 100
117 2 100
117 2 100
118 2 100
118 2 100
118 2 100
118 2 100
118 2 100
119 2 100
119 2 100
119 2 100
119 2 100
120 2 100
120 2 100
120 2 100
121 2 100
121 2 100
122 2 100
122 2 100
123 2 100
123 2 100
124 2 100
124 2 100
124 2 100
125 2 100
125 2 100
125 2 100
126 2 100
126 2 100
126 2 100
127 2 100
127 2 100
127 2 100
128 2 100
128 2 100
128 2 100
129 2 100
129 2 100
129 2 100
130 2 100
130 2 100
131 2 100
131 2 100
131 3 100
131 3 100
131 4 100
131 4 100
131 4 100
131 5 100
131 5 100
131 5 100
131 5 100
131 6 100
131 6 100
131 6 100
131 6 100
131 7 100
131 7 100
131 7 100
131 7 100
131 8 100
131 8 100
131 8 100
131 8 100
131 9 100
131 9 100
131 9 100
131 9 100
131 10 100
131 10 100
131 10 100
131 10 100
131 11 100
131 11 100
131 11 100
131 11 100
131 11 100
131 12 100
131 12 100
131 12 100
131 12 100
131 12 100
131 13 100
131 13 100
131 13 100
131 13 100
131 13 100
131 13 100
131 13 100
131 14 100
131 14 100
131 14 100
131 14 100
131 14 100
131 14 100
131 14 100
131 14 100
131 15 100
131 15 100
131 15 100
131 15 100
131 15 100
131 15 100
131 15 100
131 15 100
131 15 100
131 15 100
131 16 100
131 16 100
131 16 100
131 16 100
131 16 100
131 16 100
131 16 100
131 16 100
131 16 100
131 16 100
131 16 100
131 17 100
131 17 100
131 17 100
131 17 100
131 17 100
131 17 100
131 17 100
131 17 100
131 17 100
131 17 100
131 17 100
131 17 100
131 18 100
131 18 100
131 18 100
131 18 100
131 18 100
131 18 100
131 18 100
131 18 100
131 18 100
131 18 100
131 18 100
131 19 100
131 19 100
131 19 100
131 19 100
131 19 100
131 19 100
131 19 100
131 19 100
131 19 100
131 19 100
131 19 100
131 20 100
131 20 100
131 20 100
131 20 100
131 20 100
131 20 100
131 20 100
131 20 100
131 20 100
131 20 100
131 21 100
131 21 100
131 21 100
131 21 100
131 21 100
131 21 100
131 21 100
131 21 100
131 22 100
131 22 100
131 22 100
131 22 100
131 22 100
131 22 100
131 22 100
131 23 100
131 23 100
131 23 100
131 23 100
131 23 100
131 23 100
131 24 100
131 24 100
131 24 100
131 24 100
131 24 100
131 25 100
131 25 100
131 25 100
131 25 100
131 25 100
131 26 100
131 26 100
131 26 100
131 26 100
131 26 100
131 27 100
131 27 100
131 27 100
131 27 100
131 27 100
131 28 100
131 28 100
131 28 100
131 28 100
131 28 100
131 28 100
131 29 100
131 29 100
131 29 100
131 29 100
131 29 100
131 29 100
131 30 100
131 30 100
131 30 100
131 30 100
131 30 100
131 30 100
131 31 100
131 31 100
131 31 100
131 31 100
131 31 100
131 31 100
131 32 100
131 32 100
131 32 100
131 32 100
131 32 100
131 33 100
131 33 100
131 33 100
131 33 100
131 33 100
131 34 100
131 34 100
131 34 100
131 34 100
131 35 100
131 35 100
131 35 100
131 36 100
131 36 100
131 37 100
131 37 100
131 38 100
131 38 100
131 39 100
131 39 100
131 40 100
131 40 100
131 41 100
131 41 100
131 42 100
131 42 100
131 43 100
131 44 100
131 45 100
131 46 100
131 47 100
131 48 100
131 49 100
131 50 100
131 51 100
131 52 100
131 53 100
131 54 100
131 55 100
131 56 100
131 57 100
131 58 100
131 59 100
131 60 100
131 61 100
# move from (86,27) to (131,61)
86 27 100
86 27 100
86 27 100
86 27 100
86 27 100
86 27 100
86 27 100
86 27 100
87 27 100
87 27 100
87 27 100
87 27 100
87 27 100
87 27 100
87 27 100
88 27 100
88 27 100
88 27 100
88 27 100
88 27 100
88 27 100
88 27 100
89 27 100
89 27 100
89 27 100
89 27 100
89 27 100
89 27 100
90 27 100
90 27 100
90 27 100
90 27 100
90 27 100
90 27 100
91 27 100
91 27 100
91 27 100
91 27 100
91 27 100
92 27 100
92 27 100
92 27 100
92 27 100
93 27 100
93 27 100
93 27 100
94 27 100
94 27 100
94 27 100
95 27 100
95 27 100
95 27 100
96 27 100
96 27 100
96 27 100
97 27 100
97 27 100
97 27 100
97 27 100
98 27 100
98 27 100
98 27 100
98 27 100
99 27 100
99 27 100
99 27 100
99 27 100
100 27 100
100 27 100
100 27 100
100 27 100
100 27 100
101 27 100
101 27 100
101 27 100
101 27 100
101 27 100
102 27 100
102 27 100
102 27 100
102 27 100
102 27 100
102 27 100
103 27 100
103 27 100
103 27 100
103 27 100
103 27 100
103 27 100
104 27 100
104 27 100
104 27 100
104 27 100
104 27 100
104 27 100
105 27 100
105 27 100
105 27 100
105 27 100
105 27 100
106 27 100
106 27 100
106 27 100
106 27 100
106 27 100
107 27 100
107 27 100
107 27 100
107 27 100
108 27 100
108 27 100
108 27 100
109 27 100
109 27 100
109 27 100
110 27 100
110 27 100
111 27 100
111 27 100
112 27 100
112 27 100
113 27 100
113 27 100
114 27 100
114 27 100
115 27 100
115 27 100
115 27 100
116 27 100
116 27 100
116 27 100
117 27 100
117 27 100
117 27 100
118 27 100
118 27 100
118 27 100
119 27 100
119 27 100
119 27 100
120 27 100
120 27 100
120 27 100
121 27 100
121 27 100
122 27 100
122 27 100
122 27 100
123 27 100
123 27 100
123 27 100
124 27 100
124 27 100
124 27 100
125 27 100
125 27 100
125 27 100
125 27 100
126 27 100
126 27 100
126 27 100
126 27 100
127 27 100
127 27 100
127 27 100
127 27 100
127 27 100
128 27 100
128 27 100
128 27 100
128 27 100
128 27 100
129 27 100
129 27 100
129 27 100
129 27 100
129 27 100
130 27 100
130 27 100
130 27 100
130 27 100
130 27 100
# move from (197,198) to (131,61)
197 198 100
196 198 100
195 198 100
194 198 100
193 198 100
192 198 100
191 198 100
190 198 100
190 198 100
189 198 100
189 198 100
188 198 100
188 198 100
187 198 100
187 198 100
187 198 100
186 198 100
186 198 100
186 198 100
186 198 100
185 198 100
185 198 100
185 198 100
185 198 100
184 198 100
184 198 100
184 198 100
184 198 100
184 198 100
183 198 100
183 198 100
183 198 100
183 198 100
183 198 100
183 198 100
182 198 100
182 198 100
182 198 100
182 198 100
182 198 100
182 198 100
182 198 100
182 198 100
181 198 100
181 198 100
181 198 100
181 198 100
181 198 100
181 198 100
181 198 100
181 198 100
181 198 100
180 198 100
180 198 100
180 198 100
180 198 100
180 198 100
180 198 100
180 198 100
180 198 100
180 198 100
180 198 100
180 198 100
179 198 100
179 198 100
179 198 100
179 198 100
179 198 100
179 198 100
179 198 100
179 198 100
179 198 100
179 198 100
179 198 100
179 198 100
178 198 100
178 198 100
178 198 100
178 198 100
178 198 100
178 198 100
178 198 100
178 198 100
178 198 100
178 198 100
178 198 100
177 198 100
177 198 100
177 198 100
177 198 100
177 198 100
177 198 100
177 198 100
177 198 100
177 198 100
176 198 100
176 198 100
176 198 100
176 198 100
176 198 100
176 198 100
176 198 100
176 198 100
175 198 100
175 198 100
175 198 100
175 198 100
175 198 100
175 198 100
174 198 100
174 198 100
174 198 100
174 198 100
174 198 100
173 198 100
173 198 100
173 198 100
173 198 100
173 198 100
172 198 100
172 198 100
172 198 100
172 198 100
171 198 100
171 198 100
171 198 100
171 198 100
171 198 100
170 198 100
170 198 100
170 198 100
170 198 100
170 198 100
169 198 100
169 198 100
169 198 100
169 198 100
169 198 100
169 198 100
168 198 100
168 198 100
168 198 100
168 198 100
168 198 100
168 198 100
168 198 100
167 198 100
167 198 100
167 198 100
167 198 100
167 198 100
167 198 100
167 198 100
166 198 100
166 198 100
166 198 100
166 198 100
166 198 100
166 198 100
166 198 100
165 198 100
165 198 100
165 198 100
165 198 100
165 198 100
165 198 100
165 198 100
164 198 100
164 198 100
164 198 100
164 198 100
164 198 100
164 198 100
163 198 100
163 198 100
163 198 100
163 198 100
163 198 100
162 198 100
162 198 100
162 198 100
162 198 100
162 198 100
161 198 100
161 198 100
161 198 100
161 198 100
160 198 100
160 198 100
160 198 100
159 198 100
159 198 100
159 198 100
158 198 100
158 198 100
158 198 100
157 198 100
157 198 100
156 198 100
156 198 100
155 198 100
155 198 100
154 198 100
154 198 100
153 198 100
153 198 100
152 198 100
151 198 100
150 198 100
149 198 100
148 198 100
147 198 100
146 198 100
145 198 100
144 198 100
143 198 100
142 198 100
141 198 100
140 198 100
139 198 100
139 198 100
138 198 100
138 198 100
137 198 100
137 198 100
136 198 100
136 198 100
135 198 100
135 198 100
134 198 100
134 198 100
133 198 100
133 198 100
132 198 100
132 198 100
131 198 100
131 198 100
131 198 100
131 197 100
131 197 100
131 196 100
131 196 100
131 195 100
131 195 100
131 194 100
131 194 100
131 193 100
131 193 100
131 192 100
131 192 100
131 191 100
131 191 100
131 191 100
131 190 100
131 190 100
131 190 100
131 189 100
131 189 100
131 189 100
131 188 100
131 188 100
131 188 100
131 187 100
131 187 100
131 186 100
131 186 100
131 185 100
131 185 100
131 184 100
131 184 100
131 183 100
131 182 100
131 181 100
131 180 100
131 179 100
131 178 100
131 177 100
131 177 100
131 176 100
131 176 100
131 175 100
131 175 100
131 174 100
131 174 100
131 174 100
131 173 100
131 173 100
131 173 100
131 173 100
131 172 100
131 172 100
131 172 100
131 172 100
131 172 100
131 171 100
131 171 100
131 171 100
131 171 100
131 171 100
131 171 100
131 170 100
131 170 100
131 170 100
131 170 100
131 170 100
131 170 100
131 170 100
131 169 100
131 169 100
131 169 100
131 169 100
131 169 100
131 169 100
131 169 100
131 169 100
131 168 100
131 168 100
131 168 100
131 168 100
131 168 100
131 168 100
131 168 100
131 168 100
131 168 100
131 167 100
131 167 100
131 167 100
131 167 100
131 167 100
131 167 100
131 167 100
131 167 100
131 167 100
131 166 100
131 166 100
131 166 100
131 166 100
131 166 100
131 166 100
131 166 100
131 166 100
131 165 100
131 165 100
131 165 100
131 165 100
131 165 100
131 165 100
131 165 100
131 165 100
131 164 100
131 164 100
131 164 100
131 164 100
131 164 100
131 164 100
131 164 100
131 163 100
131 163 100
131 163 100
131 163 100
131 163 100
131 163 100
131 163 100
131 162 100
131 162 100
131 162 100
131 162 100
131 162 100
131 162 100
131 161 100
131 161 100
131 161 100
131 161 100
131 161 100
131 161 100
131 160 100
131 160 100
131 160 100
131 160 100
131 160 100
131 159 100
131 159 100
131 159 100
131 159 100
131 159 100
131 158 100
131 158 100
131 158 100
131 158 100
131 158 100
131 157 100
131 157 100
131 157 100
131 157 100
131 157 100
131 156 100
131 156 100
131 156 100
131 156 100
131 156 100
131 156 100
131 155 100
131 155 100
131 155 100
131 155 100
131 155 100
131 155 100
131 154 100
131 154 100
131 154 100
131 154 100
131 154 100
131 154 100
131 154 100
131 153 100
131 153 100
131 153 100
131 153 100
131 153 100
131 153 100
131 153 100
131 152 100
131 152 100
131 152 100
131 152 100
131 152 100
131 152 100
131 152 100
131 152 100
131 151 100
131 151 100
131 151 100
131 151 100
131 151 100
131 151 100
131 151 100
131 151 100
131 150 100
131 150 100
131 150 100
131 150 100
131 150 100
131 150 100
131 150 100
131 149 100
131 149 100
131 149 100
131 149 100
131 149 100
131 149 100
131 148 100
131 148 100
131 148 100
131 148 100
131 148 100
131 147 100
131 147 100
131 147 100
131 147 100
131 146 100
131 146 100
131 146 100
131 146 100
131 145 100
131 145 100
131 145 100
131 144 100
131 144 100
131 144 100
131 143 100
131 143 100
131 143 100
131 142 100
131 142 100
131 142 100
131 141 100
131 141 100
131 141 100
131 140 100
131 140 100
131 140 100
131 139 100
131 139 100
131 139 100
131 138 100
131 138 100
131 138 100
131 137 100
131 137 100
131 137 100
131 136 100
131 136 100
131 136 100
131 135 100
131 135 100
131 134 100
131 134 100
131 133 100
131 133 100
131 132 100
131 131 100
131 130 100
131 129 100
131 128 100
131 127 100
131 127 100
131 126 100
131 126 100
131 125 100
131 125 100
131 124 100
131 124 100
131 123 100
131 123 100
131 122 100
131 122 100
131 121 100
131 121 100
131 120 100
131 120 100
131 119 100
131 119 100
131 119 100
131 118 100
131 118 100
131 118 100
131 117 100
131 117 100
131 117 100
131 117 100
131 116 100
131 116 100
131 116 100
131 116 100
131 116 100
131 115 100
131 115 100
131 115 100
131 115 100
131 115 100
131 115 100
131 114 100
131 114 100
131 114 100
131 114 100
131 114 100
131 114 100
131 114 100
131 113 100
131 113 100
131 113 100
131 113 100
131 113 100
131 113 100
131 113 100
131 113 100
131 112 100
131 112 100
131 112 100
131 112 100
131 112 100
131 112 100
131 112 100
131 112 100
131 111 100
131 111 100
131 111 100
131 111 100
131 111 100
131 111 100
131 111 100
131 110 100
131 110 100
131 110 100
131 110 100
131 110 100
131 110 100
131 110 100
131 109 100
131 109 100
131 109 100
131 109 100
131 109 100
131 109 100
131 108 100
131 108 100
131 108 100
131 108 100
131 108 100
131 108 100
131 107 100
131 107 100
131 107 100
131 107 100
131 107 100
131 107 100
131 106 100
131 106 100
131 106 100
131 106 100
131 106 100
131 106 100
131 105 100
131 105 100
131 105 100
131 105 100
131 105 100
131 105 100
131 105 100
131 104 100
131 104 100
131 104 100
131 104 100
131 104 100
131 104 100
131 104 100
131 104 100
131 103 100
131 103 100
131 103 100
131 103 100
131 103 100
131 103 100
131 103 100
131 103 100
131 103 100
131 103 100
131 102 100
131 102 100
131 102 100
131 102 100
131 102 100
131 102 100
131 102 100
131 102 100
131 102 100
131 102 100
131 102 100
131 101 100
131 101 100
131 101 100
131 101 100
131 101 100
131 101 100
131 101 100
131 101 100
131 101 100
131 101 100
131 101 100
131 101 100
131 100 100
131 100 100
131 100 100
131 100 100
131 100 100
131 100 100
131 100 100
131 100 100
131 100 100
131 100 100
131 100 100
131 100 100
131 100 100
131 99 100
131 99 100
131 99 100
131 99 100
131 99 100
131 99 100
131 99 100
131 99 100
131 99 100
131 99 100
131 99 100
131 99 100
131 99 100
131 99 100
131 98 100
131 98 100
131 98 100
131 98 100
131 98 100
131 98 100
131 98 100
131 98 100
131 98 100
131 98 100
131 98 100
131 98 100
131 98 100
131 98 100
131 97 100
131 97 100
131 97 100
131 97 100
131 97 100
131 97 100
131 97 100
131 97 100
131 97 100
131 97 100
131 97 100
131 97 100
131 97 100
131 97 100
131 96 100
131 96 100
131 96 100
131 96 100
131 96 100
131 96 100
131 96 100
131 96 100
131 96 100
131 96 100
131 96 100
131 96 100
131 96 100
131 95 100
131 95 100
131 95 100
131 95 100
131 95 100
131 95 100
131 95 100
131 95 100
131 95 100
131 95 100
131 95 100
131 94 100
131 94 100
131 94 100
131 94 100
131 94 100
131 94 100
131 94 100
131 94 100
131 94 100
131 93 100
131 93 100
131 93 100
131 93 100
131 93 100
131 93 100
131 93 100
131 92 100
131 92 100
131 92 100
131 92 100
131 92 100
131 91 100
131 91 100
131 91 100
131 91 100
131 90 100
131 90 100
131 90 100
131 89 100
131 89 100
131 89 100
131 88 100
131 88 100
131 88 100
131 87 100
131 87 100
131 87 100
131 86 100
131 86 100
131 86 100
131 85 100
131 85 100
131 85 100
131 84 100
131 84 100
131 84 100
131 83 100
131 83 100
131 83 100
131 82 100
131 82 100
131 81 100
131 81 100
131 80 100
131 79 100
131 78 100
131 77 100
131 76 100
131 75 100
131 74 100
131 73 100
131 72 100
131 71 100
131 70 100
131 69 100
131 68 100
131 67 100
131 66 100
131 65 100
131 64 100
131 63 100
131 62 100
# move from (2,129) to (131,61)
2 129 100
3 129 100
4 129 100
5 129 100
6 129 100
7 129 100
8 129 100
9 129 100
10 129 100
11 129 100
11 129 100
12 129 100
12 129 100
13 129 100
13 129 100
13 129 100
14 129 100
14 129 100
14 129 100
15 129 100
15 129 100
15 129 100
15 129 100
16 129 100
16 129 100
16 129 100
16 129 100
16 129 100
17 129 100
17 129 100
17 129 100
17 129 100
17 129 100
17 129 100
18 129 100
18 129 100
18 129 100
18 129 100
18 129 100
18 129 100
18 129 100
19 129 100
19 129 100
19 129 100
19 129 100
19 129 100
19 129 100
19 129 100
19 129 100
19 129 100
20 129 100
20 129 100
20 129 100
20 129 100
20 129 100
20 129 100
20 129 100
20 129 100
20 129 100
20 129 100
21 129 100
21 129 100
21 129 100
21 129 100
21 129 100
21 129 100
21 129 100
21 129 100
21 129 100
21 129 100
21 129 100
22 129 100
22 129 100
22 129 100
22 129 100
22 129 100
22 129 100
22 129 100
22 129 100
22 129 100
22 129 100
22 129 100
22 129 100
22 129 100
23 129 100
23 129 100
23 129 100
23 129 100
23 129 100
23 129 100
23 129 100
23 129 100
23 129 100
23 129 100
23 129 100
23 129 100
23 129 100
23 129 100
23 129 100
24 129 100
24 129 100
24 129 100
24 129 100
24 129 100
24 129 100
24 129 100
24 129 100
24 129 100
24 129 100
24 129 100
24 129 100
24 129 100
24 129 100
24 129 100
24 129 100
24 129 100
25 129 100
25 129 100
25 129 100
25 129 100
25 129 100
25 129 100
25 129 100
25 129 100
25 129 100
25 129 100
25 129 100
25 129 100
25 129 100
25 129 100
25 129 100
25 129 100
25 129 100
25 129 100
25 129 100
26 129 100
26 129 100
26 129 100
26 129 100
26 129 100
26 129 100
26 129 100
26 129 100
26 129 100
26 129 100
26 129 100
26 129 100
26 129 100
26 129 100
26 129 100
26 129 100
26 129 100
26 129 100
26 129 100
26 129 100
26 129 100
27 129 100
27 129 100
27 129 100
27 129 100
27 129 100
27 129 100
27 129 100
27 129 100
27 129 100
27 129 100
27 129 100
27 129 100
27 129 100
27 129 100
27 129 100
27 129 100
27 129 100
27 129 100
27 129 100
27 129 100
27 129 100
27 129 100
27 129 100
28 129 100
28 129 100
28 129 100
28 129 100
28 129 100
28 129 100
28 129 100
28 129 100
28 129 100
28 129 100
28 129 100
28 129 100
28 129 100
28 129 100
28 129 100
28 129 100
28 129 100
28 129 100
28 129 100
28 129 100
28 129 100
28 129 100
28 129 100
28 129 100
28 129 100
29 129 100
29 129 100
29 129 100
29 129 100
29 129 100
29 129 100
29 129 100
29 129 100
29 129 100
29 129 100
29 129 100
29 129 100
29 129 100
29 129 100
29 129 100
29 129 100
29 129 100
29 129 100
29 129 100
29 129 100
29 129 100
29 129 100
29 129 100
29 129 100
29 129 100
29 129 100
29 129 100
30 129 100
30 129 100
30 129 100
30 129 100
30 129 100
30 129 100
30 129 100
30 129 100
30 129 100
30 129 100
30 129 100
30 129 100
30 129 100
30 129 100
30 129 100
30 129 100
30 129 100
30 129 100
30 129 100
30 129 100
30 129 100
30 129 100
30 129 100
30 129 100
30 129 100
30 129 100
30 129 100
31 129 100
31 129 100
31 129 100
31 129 100
31 129 100
31 129 100
31 129 100
31 129 100
31 129 100
31 129 100
31 129 100
31 129 100
31 129 100
31 129 100
31 129 100
31 129 100
31 129 100
31 129 100
31 129 100
31 129 100
31 129 100
31 129 100
31 129 100
31 129 100
31 129 100
31 129 100
31 129 100
32 129 100
32 129 100
32 129 100
32 129 100
32 129 100
32 129 100
32 129 100
32 129 100
32 129 100
32 129 100
32 129 100
32 129 100
32 129 100
32 129 100
32 129 100
32 129 100
32 129 100
32 129 100
32 129 100
32 129 100
32 129 100
32 129 100
32 129 100
32 129 100
32 129 100
32 129 100
32 129 100
33 129 100
33 129 100
33 129 100
33 129 100
33 129 100
33 129 100
33 129 100
33 129 100
33 129 100
33 129 100
33 129 100
33 129 100
33 129 100
33 129 100
33 129 100
33 129 100
33 129 100
33 129 100
33 129 100
33 129 100
33 129 100
33 129 100
33 129 100
33 129 100
33 129 100
33 129 100
33 129 100
34 129 100
34 129 100
34 129 100
34 129 100
34 129 100
34 129 100
34 129 100
34 129 100
34 129 100
34 129 100
34 129 100
34 129 100
34 129 100
34 129 100
34 129 100
34 129 100
34 129 100
34 129 100
34 129 100
34 129 100
34 129 100
34 129 100
34 129 100
34 129 100
34 129 100
34 129 100
34 129 100
35 129 100
35 129 100
35 129 100
35 129 100
35 129 100
35 129 100
35 129 100
35 129 100
35 129 100
35 129 100
35 129 100
35 129 100
35 129 100
35 129 100
35 129 100
35 129 100
35 129 100
35 129 100
35 129 100
35 129 100
35 129 100
35 129 100
35 129 100
35 129 100
35 129 100
35 129 100
35 129 100
35 129 100
36 129 100
36 129 100
36 129 100
36 129 100
36 129 100
36 129 100
36 129 100
36 129 100
36 129 100
36 129 100
36 129 100
36 129 100
36 129 100
36 129 100
36 129 100
36 129 100
36 129 100
36 129 100
36 129 100
36 129 100
36 129 100
36 129 100
36 129 100
36 129 100
36 129 100
36 129 100
36 129 100
36 129 100
36 129 100
36 129 100
37 129 100
37 129 100
37 129 100
37 129 100
37 129 100
37 129 100
37 129 100
37 129 100
37 129 100
37 129 100
37 129 100
37 129 100
37 129 100
37 129 100
37 129 100
37 129 100
37 129 100
37 129 100
37 129 100
37 129 100
37 129 100
37 129 100
37 129 100
37 129 100
37 129 100
37 129 100
37 129 100
37 129 100
37 129 100
37 129 100
37 129 100
38 129 100
38 129 100
38 129 100
38 129 100
38 129 100
38 129 100
38 129 100
38 129 100
38 129 100
38 129 100
38 129 100
38 129 100
38 129 100
38 129 100
38 129 100
38 129 100
38 129 100
38 129 100
38 129 100
38 129 100
38 129 100
38 129 100
38 129 100
38 129 100
38 129 100
38 129 100
38 129 100
38 129 100
38 129 100
38 129 100
38 129 100
38 129 100
38 129 100
39 129 100
39 129 100
39 129 100
39 129 100
39 129 100
39 129 100
39 129 100
39 129 100
39 129 100
39 129 100
39 129 100
39 129 100
39 129 100
39 129 100
39 129 100
39 129 100
39 129 100
39 129 100
39 129 100
39 129 100
39 129 100
39 129 100
39 129 100
39 129 100
39 129 100
39 129 100
39 129 100
39 129 100
39 129 100
39 129 100
39 129 100
39 129 100
39 129 100
39 129 100
40 129 100
40 129 100
40 129 100
40 129 100
40 129 100
40 129 100
40 129 100
40 129 100
40 129 100
40 129 100
40 129 100
40 129 100
40 129 100
40 129 100
40 129 100
40 129 100
40 129 100
40 129 100
40 129 100
40 129 100
40 129 100
40 129 100
40 129 100
40 129 100
40 129 100
40 129 100
40 129 100
40 129 100
40 129 100
40 129 100
40 129 100
40 129 100
40 129 100
40 129 100
40 129 100
41 129 100
41 129 100
41 129 100
41 129 100
41 129 100
41 129 100
41 129 100
41 129 100
41 129 100
41 129 100
41 129 100
41 129 100
41 129 100
41 129 100
41 129 100
41 129 100
41 129 100
41 129 100
41 129 100
41 129 100
41 129 100
41 129 100
41 129 100
41 129 100
41 129 100
41 129 100
41 129 100
41 129 100
41 129 100
41 129 100
41 129 100
41 129 100
41 129 100
41 129 100
41 129 100
42 129 100
42 129 100
42 129 100
42 129 100
42 129 100
42 129 100
42 129 100
42 129 100
42 129 100
42 129 100
42 129 100
42 129 100
42 129 100
42 129 100
42 129 100
42 129 100
42 129 100
42 129 100
42 129 100
42 129 100
42 129 100
42 129 100
42 129 100
42 129 100
42 129 100
42 129 100
42 129 100
42 129 100
42 129 100
42 129 100
42 129 100
42 129 100
42 129 100
42 129 100
42 129 100
43 129 100
43 129 100
43 129 100
43 129 100
43 129 100
43 129 100
43 129 100
43 129 100
43 129 100
43 129 100
43 129 100
43 129 100
43 129 100
43 129 100
43 129 100
43 129 100
43 129 100
43 129 100
43 129 100
43 129 100
43 129 100
43 129 100
43 129 100
43 129 100
43 129 100
43 129 100
43 129 100
43 129 100
43 129 100
43 129 100
43 129 100
43 129 100
43 129 100
43 129 100
43 129 100
44 129 100
44 129 100
44 129 100
44 129 100
44 129 100
44 129 100
44 129 100
44 129 100
44 129 100
44 129 100
44 129 100
44 129 100
44 129 100
44 129 100
44 129 100
44 129 100
44 129 100
44 129 100
44 129 100
44 129 100
44 129 100
44 129 100
44 129 100
44 129 100
44 129 100
44 129 100
44 129 100
44 129 100
44 129 100
44 129 100
44 129 100
44 129 100
44 129 100
44 129 100
44 129 100
45 129 100
45 129 100
45 129 100
45 129 100
45 129 100
45 129 100
45 129 100
45 129 100
45 129 100
45 129 100
45 129 100
45 129 100
45 129 100
45 129 100
45 129 100
45 129 100
45 129 100
45 129 100
45 129 100
45 129 100
45 129 100
45 129 100
45 129 100
45 129 100
45 129 100
45 129 100
45 129 100
45 129 100
45 129 100
45 129 100
45 129 100
45 129 100
45 129 100
45 129 100
45 129 100
46 129 100
46 129 100
46 129 100
46 129 100
46 129 100
46 129 100
46 129 100
46 129 100
46 129 100
46 129 100
46 129 100
46 129 100
46 129 100
46 129 100
46 129 100
46 129 100
46 129 100
46 129 100
46 129 100
46 129 100
46 129 100
46 129 100
46 129 100
46 129 100
46 129 100
46 129 100
46 129 100
46 129 100
46 129 100
46 129 100
46 129 100
46 129 100
46 129 100
46 129 100
46 129 100
47 129 100
47 129 100
47 129 100
47 129 100
47 129 100
47 129 100
47 129 100
47 129 100
47 129 100
47 129 100
47 129 100
47 129 100
47 129 100
47 129 100
47 129 100
47 129 100
47 129 100
47 129 100
47 129 100
47 129 100
47 129 100
47 129 100
47 129 100
47 129 100
47 129 100
47 129 100
47 129 100
47 129 100
47 129 100
47 129 100
47 129 100
47 129 100
47 129 100
47 129 100
48 129 100
48 129 100
48 129 100
48 129 100
48 129 100
48 129 100
48 129 100
48 129 100
48 129 100
48 129 100
48 129 100
48 129 100
48 129 100
48 129 100
48 129 100
48 129 100
48 129 100
48 129 100
48 129 100
48 129 100
48 129 100
48 129 100
48 129 100
48 129 100
48 129 100
48 129 100
48 129 100
48 129 100
48 129 100
48 129 100
48 129 100
48 129 100
48 129 100
48 129 100
49 129 100
49 129 100
49 129 100
49 129 100
49 129 100
49 129 100
49 129 100
49 129 100
49 129 100
49 129 100
49 129 100
49 129 100
49 129 100
49 129 100
49 129 100
49 129 100
49 129 100
49 129 100
49 129 100
49 129 100
49 129 100
49 129 100
49 129 100
49 129 100
49 129 100
49 129 100
49 129 100
49 129 100
49 129 100
49 129 100
49 129 100
49 129 100
49 129 100
50 129 100
50 129 100
50 129 100
50 129 100
50 129 100
50 129 100
50 129 100
50 129 100
50 129 100
50 129 100
50 129 100
50 129 100
50 129 100
50 129 100
50 129 100
50 129 100
50 129 100
50 129 100
50 129 100
50 129 100
50 129 100
50 129 100
50 129 100
50 129 100
50 129 100
50 129 100
50 129 100
50 129 100
50 129 100
50 129 100
50 129 100
50 129 100
51 129 100
51 129 100
51 129 100
51 129 100
51 129 100
51 129 100
51 129 100
51 129 100
51 129 100
51 129 100
51 129 100
51 129 100
51 129 100
51 129 100
51 129 100
51 129 100
51 129 100
51 129 100
51 129 100
51 129 100
51 129 100
51 129 100
51 129 100
51 129 100
51 129 100
51 129 100
51 129 100
51 129 100
51 129 100
51 129 100
52 129 100
52 129 100
52 129 100
52 129 100
52 129 100
52 129 100
52 129 100
52 129 100
52 129 100
52 129 100
52 129 100
52 129 100
52 129 100
52 129 100
52 129 100
52 129 100
52 129 100
52 129 100
52 129 100
52 129 100
52 129 100
52 129 100
52 129 100
52 129 100
52 129 100
52 129 100
52 129 100
53 129 100
53 129 100
53 129 100
53 129 100
53 129 100
53 129 100
53 129 100
53 129 100
53 129 100
53 129 100
53 129 100
53 129 100
53 129 100
53 129 100
53 129 100
53 129 100
53 129 100
53 129 100
53 129 100
53 129 100
53 129 100
53 129 100
53 129 100
53 129 100
54 129 100
54 129 100
54 129 100
54 129 100
54 129 100
54 129 100
54 129 100
54 129 100
54 129 100
54 129 100
54 129 100
54 129 100
54 129 100
54 129 100
54 129 100
54 129 100
54 129 100
54 129 100
54 129 100
54 129 100
54 129 100
54 129 100
55 129 100
55 129 100
55 129 100
55 129 100
55 129 100
55 129 100
55 129 100
55 129 100
55 129 100
55 129 100
55 129 100
55 129 100
55 129 100
55 129 100
55 129 100
55 129 100
55 129 100
55 129 100
55 129 100
56 129 100
56 129 100
56 129 100
56 129 100
56 129 100
56 129 100
56 129 100
56 129 100
56 129 100
56 129 100
56 129 100
56 129 100
56 129 100
56 129 100
56 129 100
56 129 100
56 129 100
57 129 100
57 129 100
57 129 100
57 129 100
57 129 100
57 129 100
57 129 100
57 129 100
57 129 100
57 129 100
57 129 100
57 129 100
57 129 100
57 129 100
57 129 100
57 129 100
58 129 100
58 129 100
58 129 100
58 129 100
58 129 100
58 129 100
58 129 100
58 129 100
58 129 100
58 129 100
58 129 100
58 129 100
58 129 100
58 129 100
59 129 100
59 129 100
59 129 100
59 129 100
59 129 100
59 129 100
59 129 100
59 129 100
59 129 100
59 129 100
59 129 100
59 129 100
59 129 100
60 129 100
60 129 100
60 129 100
60 129 100
60 129 100
60 129 100
60 129 100
60 129 100
60 129 100
60 129 100
60 129 100
61 129 100
61 129 100
61 129 100
61 129 100
61 129 100
61 129 100
61 129 100
61 129 100
62 129 100
62 129 100
62 129 100
62 129 100
62 129 100
62 129 100
63 129 100
63 129 100
63 129 100
63 129 100
63 129 100
64 129 100
64 129 100
64 129 100
64 129 100
65 129 100
65 129 100
65 129 100
66 129 100
66 129 100
66 129 100
67 129 100
67 129 100
67 129 100
68 129 100
68 129 100
69 129 100
69 129 100
70 129 100
70 129 100
71 129 100
72 129 100
73 129 100
74 129 100
75 129 100
76 129 100
77 129 100
78 129 100
79 129 100
80 129 100
81 129 100
82 129 100
83 129 100
84 129 100
85 129 100
86 129 100
87 129 100
88 129 100
89 129 100
90 129 100
91 129 100
92 129 100
93 129 100
94 129 100
95 129 100
96 129 100
97 129 100
98 129 100
99 129 100
100 129 100
101 129 100
102 129 100
103 129 100
104 129 100
105 129 100
106 129 100
107 129 100
108 129 100
109 129 100
109 129 100
110 129 100
110 129 100
111 129 100
111 129 100
112 129 100
112 129 100
112 129 100
113 129 100
113 129 100
113 129 100
113 129 100
114 129 100
114 129 100
114 129 100
114 129 100
115 129 100
115 129 100
115 129 100
115 129 100
115 129 100
116 129 100
116 129 100
116 129 100
116 129 100
117 129 100
117 129 100
117 129 100
117 129 100
118 129 100
118 129 100
118 129 100
118 129 100
119 129 100
119 129 100
119 129 100
120 129 100
120 129 100
120 129 100
121 129 100
121 129 100
121 129 100
122 129 100
122 129 100
122 129 100
123 129 100
123 129 100
123 129 100
124 129 100
124 129 100
124 129 100
125 129 100
125 129 100
125 129 100
126 129 100
126 129 100
126 129 100
127 129 100
127 129 100
128 129 100
128 129 100
129 129 100
129 129 100
130 129 100
130 129 100
# move from (15,166) to (131,61)
15 166 100
16 166 100
17 166 100
18 166 100
19 166 100
20 166 100
21 166 100
22 166 100
23 166 100
23 166 100
24 166 100
24 166 100
25 166 100
25 166 100
25 166 100
26 166 100
26 166 100
26 166 100
26 166 100
27 166 100
27 166 100
27 166 100
27 166 100
27 166 100
28 166 100
28 166 100
28 166 100
28 166 100
28 166 100
28 166 100
29 166 100
29 166 100
29 166 100
29 166 100
29 166 100
29 166 100
29 166 100
29 166 100
29 166 100
30 166 100
30 166 100
30 166 100
30 166 100
30 166 100
30 166 100
30 166 100
30 166 100
30 166 100
30 166 100
30 166 100
31 166 100
31 166 100
31 166 100
31 166 100
31 166 100
31 166 100
31 166 100
31 166 100
31 166 100
31 166 100
31 166 100
31 166 100
31 166 100
31 166 100
31 166 100
32 166 100
32 166 100
32 166 100
32 166 100
32 166 100
32 166 100
32 166 100
32 166 100
32 166 100
32 166 100
32 166 100
32 166 100
32 166 100
32 166 100
32 166 100
32 166 100
32 166 100
32 166 100
33 166 100
33 166 100
33 166 100
33 166 100
33 166 100
33 166 100
33 166 100
33 166 100
33 166 100
33 166 100
33 166 100
33 166 100
33 166 100
33 166 100
33 166 100
33 166 100
33 166 100
33 166 100
33 166 100
33 166 100
34 166 100
34 166 100
34 166 100
34 166 100
34 166 100
34 166 100
34 166 100
34 166 100
34 166 100
34 166 100
34 166 100
34 166 100
34 166 100
34 166 100
34 166 100
34 166 100
34 166 100
34 166 100
34 166 100
34 166 100
34 166 100
35 166 100
35 166 100
35 166 100
35 166 100
35 166 100
35 166 100
35 166 100
35 166 100
35 166 100
35 166 100
35 166 100
35 166 100
35 166 100
35 166 100
35 166 100
35 166 100
35 166 100
35 166 100
35 166 100
35 166 100
35 166 100
35 166 100
36 166 100
36 166 100
36 166 100
36 166 100
36 166 100
36 166 100
36 166 100
36 166 100
36 166 100
36 166 100
36 166 100
36 166 100
36 166 100
36 166 100
36 166 100
36 166 100
36 166 100
36 166 100
36 166 100
36 166 100
36 166 100
36 166 100
37 166 100
37 166 100
37 166 100
37 166 100
37 166 100
37 166 100
37 166 100
37 166 100
37 166 100
37 166 100
37 166 100
37 166 100
37 166 100
37 166 100
37 166 100
37 166 100
37 166 100
37 166 100
37 166 100
37 166 100
37 166 100
37 166 100
37 166 100
38 166 100
38 166 100
38 166 100
38 166 100
38 166 100
38 166 100
38 166 100
38 166 100
38 166 100
38 166 100
38 166 100
38 166 100
38 166 100
38 166 100
38 166 100
38 166 100
38 166 100
38 166 100
38 166 100
38 166 100
38 166 100
38 166 100
38 166 100
39 166 100
39 166 100
39 166 100
39 166 100
39 166 100
39 166 100
39 166 100
39 166 100
39 166 100
39 166 100
39 166 100
39 166 100
39 166 100
39 166 100
39 166 100
39 166 100
39 166 100
39 166 100
39 166 100
39 166 100
39 166 100
39 166 100
39 166 100
40 166 100
40 166 100
40 166 100
40 166 100
40 166 100
40 166 100
40 166 100
40 166 100
40 166 100
40 166 100
40 166 100
40 166 100
40 166 100
40 166 100
40 166 100
40 166 100
40 166 100
40 166 100
40 166 100
40 166 100
40 166 100
40 166 100
41 166 100
41 166 100
41 166 100
41 166 100
41 166 100
41 166 100
41 166 100
41 166 100
41 166 100
41 166 100
41 166 100
41 166 100
41 166 100
41 166 100
41 166 100
41 166 100
41 166 100
41 166 100
41 166 100
41 166 100
41 166 100
41 166 100
42 166 100
42 166 100
42 166 100
42 166 100
42 166 100
42 166 100
42 166 100
42 166 100
42 166 100
42 166 100
42 166 100
42 166 100
42 166 100
42 166 100
42 166 100
42 166 100
42 166 100
42 166 100
42 166 100
42 166 100
42 166 100
42 166 100
43 166 100
43 166 100
43 166 100
43 166 100
43 166 100
43 166 100
43 166 100
43 166 100
43 166 100
43 166 100
43 166 100
43 166 100
43 166 100
43 166 100
43 166 100
43 166 100
43 166 100
43 166 100
43 166 100
43 166 100
43 166 100
43 166 100
43 166 100
43 166 100
44 166 100
44 166 100
44 166 100
44 166 100
44 166 100
44 166 100
44 166 100
44 166 100
44 166 100
44 166 100
44 166 100
44 166 100
44 166 100
44 166 100
44 166 100
44 166 100
44 166 100
44 166 100
44 166 100
44 166 100
44 166 100
44 166 100
44 166 100
44 166 100
44 166 100
44 166 100
45 166 100
45 166 100
45 166 100
45 166 100
45 166 100
45 166 100
45 166 100
45 166 100
45 166 100
45 166 100
45 166 100
45 166 100
45 166 100
45 166 100
45 166 100
45 166 100
45 166 100
45 166 100
45 166 100
45 166 100
45 166 100
45 166 100
45 166 100
45 166 100
45 166 100
45 166 100
45 166 100
45 166 100
45 166 100
46 166 100
46 166 100
46 166 100
46 166 100
46 166 100
46 166 100
46 166 100
46 166 100
46 166 100
46 166 100
46 166 100
46 166 100
46 166 100
46 166 100
46 166 100
46 166 100
46 166 100
46 166 100
46 166 100
46 166 100
46 166 100
46 166 100
46 166 100
46 166 100
46 166 100
46 166 100
46 166 100
46 166 100
46 166 100
46 166 100
46 166 100
47 166 100
47 166 100
47 166 100
47 166 100
47 166 100
47 166 100
47 166 100
47 166 100
47 166 100
47 166 100
47 166 100
47 166 100
47 166 100
47 166 100
47 166 100
47 166 100
47 166 100
47 166 100
47 166 100
47 166 100
47 166 100
47 166 100
47 166 100
47 166 100
47 166 100
47 166 100
47 166 100
47 166 100
47 166 100
47 166 100
47 166 100
47 166 100
47 166 100
47 166 100
48 166 100
48 166 100
48 166 100
48 166 100
48 166 100
48 166 100
48 166 100
48 166 100
48 166 100
48 166 100
48 166 100
48 166 100
48 166 100
48 166 100
48 166 100
48 166 100
48 166 100
48 166 100
48 166 100
48 166 100
48 166 100
48 166 100
48 166 100
48 166 100
48 166 100
48 166 100
48 166 100
48 166 100
48 166 100
48 166 100
48 166 100
48 166 100
48 166 100
48 166 100
48 166 100
48 166 100
49 166 100
49 166 100
49 166 100
49 166 100
49 166 100
49 166 100
49 166 100
49 166 100
49 166 100
49 166 100
49 166 100
49 166 100
49 166 100
49 166 100
49 166 100
49 166 100
49 166 100
49 166 100
49 166 100
49 166 100
49 166 100
49 166 100
49 166 100
49 166 100
49 166 100
49 166 100
49 166 100
49 166 100
49 166 100
49 166 100
49 166 100
49 166 100
49 166 100
49 166 100
49 166 100
49 166 100
49 166 100
49 166 100
50 166 100
50 166 100
50 166 100
50 166 100
50 166 100
50 166 100
50 166 100
50 166 100
50 166 100
50 166 100
50 166 100
50 166 100
50 166 100
50 166 100
50 166 100
50 166 100
50 166 100
50 166 100
50 166 100
50 166 100
50 166 100
50 166 100
50 166 100
50 166 100
50 166 100
50 166 100
50 166 100
50 166 100
50 166 100
50 166 100
50 166 100
50 166 100
50 166 100
50 166 100
50 166 100
50 166 100
50 166 100
50 166 100
50 166 100
50 166 100
51 166 100
51 166 100
51 166 100
51 166 100
51 166 100
51 166 100
51 166 100
51 166 100
51 166 100
51 166 100
51 166 100
51 166 100
51 166 100
51 166 100
51 166 100
51 166 100
51 166 100
51 166 100
51 166 100
51 166 100
51 166 100
51 166 100
51 166 100
51 166 100
51 166 100
51 166 100
51 166 100
51 166 100
51 166 100
51 166 100
51 166 100
51 166 100
51 166 100
51 166 100
51 166 100
51 166 100
51 166 100
51 166 100
51 166 100
51 166 100
51 166 100
51 166 100
52 166 100
52 166 100
52 166 100
52 166 100
52 166 100
52 166 100
52 166 100
52 166 100
52 166 100
52 166 100
52 166 100
52 166 100
52 166 100
52 166 100
52 166 100
52 166 100
52 166 100
52 166 100
52 166 100
52 166 100
52 166 100
52 166 100
52 166 100
52 166 100
52 166 100
52 166 100
52 166 100
52 166 100
52 166 100
52 166 100
52 166 100
52 166 100
52 166 100
52 166 100
52 166 100
52 166 100
52 166 100
52 166 100
52 166 100
52 166 100
52 166 100
52 166 100
53 166 100
53 166 100
53 166 100
53 166 100
53 166 100
53 166 100
53 166 100
53 166 100
53 166 100
53 166 100
53 166 100
53 166 100
53 166 100
53 166 100
53 166 100
53 166 100
53 166 100
53 166 100
53 166 100
53 166 100
53 166 100
53 166 100
53 166 100
53 166 100
53 166 100
53 166 100
53 166 100
53 166 100
53 166 100
53 166 100
53 166 100
53 166 100
53 166 100
53 166 100
53 166 100
53 166 100
53 166 100
53 166 100
53 166 100
53 166 100
53 166 100
53 166 100
54 166 100
54 166 100
54 166 100
54 166 100
54 166 100
54 166 100
54 166 100
54 166 100
54 166 100
54 166 100
54 166 100
54 166 100
54 166 100
54 166 100
54 166 100
54 166 100
54 166 100
54 166 100
54 166 100
54 166 100
54 166 100
54 166 100
54 166 100
54 166 100
54 166 100
54 166 100
54 166 100
54 166 100
54 166 100
54 166 100
54 166 100
54 166 100
54 166 100
54 166 100
54 166 100
54 166 100
54 166 100
54 166 100
54 166 100
54 166 100
54 166 100
55 166 100
55 166 100
55 166 100
55 166 100
55 166 100
55 166 100
55 166 100
55 166 100
55 166 100
55 166 100
55 166 100
55 166 100
55 166 100
55 166 100
55 166 100
55 166 100
55 166 100
55 166 100
55 166 100
55 166 100
55 166 100
55 166 100
55 166 100
55 166 100
55 166 100
55 166 100
55 166 100
55 166 100
55 166 100
55 166 100
55 166 100
55 166 100
55 166 100
55 166 100
55 166 100
55 166 100
55 166 100
55 166 100
55 166 100
55 166 100
56 166 100
56 166 100
56 166 100
56 166 100
56 166 100
56 166 100
56 166 100
56 166 100
56 166 100
56 166 100
56 166 100
56 166 100
56 166 100
56 166 100
56 166 100
56 166 100
56 166 100
56 166 100
56 166 100
56 166 100
56 166 100
56 166 100
56 166 100
56 166 100
56 166 100
56 166 100
56 166 100
56 166 100
56 166 100
56 166 100
56 166 100
56 166 100
56 166 100
56 166 100
56 166 100
56 166 100
56 166 100
56 166 100
57 166 100
57 166 100
57 166 100
57 166 100
57 166 100
57 166 100
57 166 100
57 166 100
57 166 100
57 166 100
57 166 100
57 166 100
57 166 100
57 166 100
57 166 100
57 166 100
57 166 100
57 166 100
57 166 100
57 166 100
57 166 100
57 166 100
57 166 100
57 166 100
57 166 100
57 166 100
57 166 100
57 166 100
57 166 100
57 166 100
57 166 100
57 166 100
57 166 100
57 166 100
57 166 100
57 166 100
57 166 100
58 166 100
58 166 100
58 166 100
58 166 100
58 166 100
58 166 100
58 166 100
58 166 100
58 166 100
58 166 100
58 166 100
58 166 100
58 166 100
58 166 100
58 166 100
58 166 100
58 166 100
58 166 100
58 166 100
58 166 100
58 166 100
58 166 100
58 166 100
58 166 100
58 166 100
58 166 100
58 166 100
58 166 100
58 166 100
58 166 100
58 166 100
58 166 100
58 166 100
58 166 100
58 166 100
59 166 100
59 166 100
59 166 100
59 166 100
59 166 100
59 166 100
59 166 100
59 166 100
59 166 100
59 166 100
59 166 100
59 166 100
59 166 100
59 166 100
59 166 100
59 166 100
59 166 100
59 166 100
59 166 100
59 166 100
59 166 100
59 166 100
59 166 100
59 166 100
59 166 100
59 166 100
59 166 100
59 166 100
59 166 100
59 166 100
59 166 100
59 166 100
59 166 100
59 166 100
60 166 100
60 166 100
60 166 100
60 166 100
60 166 100
60 166 100
60 166 100
60 166 100
60 166 100
60 166 100
60 166 100
60 166 100
60 166 100
60 166 100
60 166 100
60 166 100
60 166 100
60 166 100
60 166 100
60 166 100
60 166 100
60 166 100
60 166 100
60 166 100
60 166 100
60 166 100
60 166 100
60 166 100
60 166 100
60 166 100
60 166 100
60 166 100
61 166 100
61 166 100
61 166 100
61 166 100
61 166 100
61 166 100
61 166 100
61 166 100
61 166 100
61 166 100
61 166 100
61 166 100
61 166 100
61 166 100
61 166 100
61 166 100
61 166 100
61 166 100
61 166 100
61 166 100
61 166 100
61 166 100
61 166 100
61 166 100
61 166 100
61 166 100
61 166 100
61 166 100
61 166 100
61 166 100
61 166 100
62 166 100
62 166 100
62 166 100
62 166 100
62 166 100
62 166 100
62 166 100
62 166 100
62 166 100
62 166 100
62 166 100
62 166 100
62 166 100
62 166 100
62 166 100
62 166 100
62 166 100
62 166 100
62 166 100
62 166 100
62 166 100
62 166 100
62 166 100
62 166 100
62 166 100
62 166 100
62 166 100
62 166 100
62 166 100
62 166 100
62 166 100
63 166 100
63 166 100
63 166 100
63 166 100
63 166 100
63 166 100
63 166 100
63 166 100
63 166 100
63 166 100
63 166 100
63 166 100
63 166 100
63 166 100
63 166 100
63 166 100
63 166 100
63 166 100
63 166 100
63 166 100
63 166 100
63 166 100
63 166 100
63 166 100
63 166 100
63 166 100
63 166 100
63 166 100
63 166 100
63 166 100
63 166 100
64 166 100
64 166 100
64 166 100
64 166 100
64 166 100
64 166 100
64 166 100
64 166 100
64 166 100
64 166 100
64 166 100
64 166 100
64 166 100
64 166 100
64 166 100
64 166 100
64 166 100
64 166 100
64 166 100
64 166 100
64 166 100
64 166 100
64 166 100
64 166 100
64 166 100
64 166 100
64 166 100
64 166 100
64 166 100
64 166 100
64 166 100
64 166 100
64 166 100
65 166 100
65 166 100
65 166 100
65 166 100
65 166 100
65 166 100
65 166 100
65 166 100
65 166 100
65 166 100
65 166 100
65 166 100
65 166 100
65 166 100
65 166 100
65 166 100
65 166 100
65 166 100
65 166 100
65 166 100
65 166 100
65 166 100
65 166 100
65 166 100
65 166 100
65 166 100
65 166 100
65 166 100
65 166 100
65 166 100
65 166 100
65 166 100
65 166 100
65 166 100
65 166 100
66 166 100
66 166 100
66 166 100
66 166 100
66 166 100
66 166 100
66 166 100
66 166 100
66 166 100
66 166 100
66 166 100
66 166 100
66 166 100
66 166 100
66 166 100
66 166 100
66 166 100
66 166 100
66 166 100
66 166 100
66 166 100
66 166 100
66 166 100
66 166 100
66 166 100
66 166 100
66 166 100
66 166 100
66 166 100
66 166 100
66 166 100
66 166 100
66 166 100
66 166 100
66 166 100
66 166 100
67 166 100
67 166 100
67 166 100
67 166 100
67 166 100
67 166 100
67 166 100
67 166 100
67 166 100
67 166 100
67 166 100
67 166 100
67 166 100
67 166 100
67 166 100
67 166 100
67 166 100
67 166 100
67 166 100
67 166 100
67 166 100
67 166 100
67 166 100
67 166 100
67 166 100
67 166 100
67 166 100
67 166 100
67 166 100
67 166 100
67 166 100
67 166 100
67 166 100
67 166 100
67 166 100
67 166 100
67 166 100
67 166 100
68 166 100
68 166 100
68 166 100
68 166 100
68 166 100
68 166 100
68 166 100
68 166 100
68 166 100
68 166 100
68 166 100
68 166 100
68 166 100
68 166 100
68 166 100
68 166 100
68 166 100
68 166 100
68 166 100
68 166 100
68 166 100
68 166 100
68 166 100
68 166 100
68 166 100
68 166 100
68 166 100
68 166 100
68 166 100
68 166 100
68 166 100
68 166 100
68 166 100
68 166 100
68 166 100
68 166 100
68 166 100
68 166 100
69 166 100
69 166 100
69 166 100
69 166 100
69 166 100
69 166 100
69 166 100
69 166 100
69 166 100
69 166 100
69 166 100
69 166 100
69 166 100
69 166 100
69 166 100
69 166 100
69 166 100
69 166 100
69 166 100
69 166 100
69 166 100
69 166 100
69 166 100
69 166 100
69 166 100
69 166 100
69 166 100
69 166 100
69 166 100
69 166 100
69 166 100
69 166 100
69 166 100
69 166 100
69 166 100
69 166 100
69 166 100
69 166 100
69 166 100
70 166 100
70 166 100
70 166 100
70 166 100
70 166 100
70 166 100
70 166 100
70 166 100
70 166 100
70 166 100
70 166 100
70 166 100
70 166 100
70 166 100
70 166 100
70 166 100
70 166 100
70 166 100
70 166 100
70 166 100
70 166 100
70 166 100
70 166 100
70 166 100
70 166 100
70 166 100
70 166 100
70 166 100
70 166 100
70 166 100
70 166 100
70 166 100
70 166 100
70 166 100
70 166 100
70 166 100
70 166 100
70 166 100
70 166 100
71 166 100
71 166 100
71 166 100
71 166 100
71 166 100
71 166 100
71 166 100
71 166 100
71 166 100
71 166 100
71 166 100
71 166 100
71 166 100
71 166 100
71 166 100
71 166 100
71 166 100
71 166 100
71 166 100
71 166 100
71 166 100
71 166 100
71 166 100
71 166 100
71 166 100
71 166 100
71 166 100
71 166 100
71 166 100
71 166 100
71 166 100
71 166 100
71 166 100
71 166 100
71 166 100
71 166 100
71 166 100
71 166 100
72 166 100
72 166 100
72 166 100
72 166 100
72 166 100
72 166 100
72 166 100
72 166 100
72 166 100
72 166 100
72 166 100
72 166 100
72 166 100
72 166 100
72 166 100
72 166 100
72 166 100
72 166 100
72 166 100
72 166 100
72 166 100
72 166 100
72 166 100
72 166 100
72 166 100
72 166 100
72 166 100
72 166 100
72 166 100
72 166 100
72 166 100
72 166 100
72 166 100
72 166 100
72 166 100
72 166 100
72 166 100
73 166 100
73 166 100
73 166 100
73 166 100
73 166 100
73 166 100
73 166 100
73 166 100
73 166 100
73 166 100
73 166 100
73 166 100
73 166 100
73 166 100
73 166 100
73 166 100
73 166 100
73 166 100
73 166 100
73 166 100
73 166 100
73 166 100
73 166 100
73 166 100
73 166 100
73 166 100
73 166 100
73 166 100
73 166 100
73 166 100
73 166 100
73 166 100
73 166 100
73 166 100
73 166 100
74 166 100
74 166 100
74 166 100
74 166 100
74 166 100
74 166 100
74 166 100
74 166 100
74 166 100
74 166 100
74 166 100
74 166 100
74 166 100
74 166 100
74 166 100
74 166 100
74 166 100
74 166 100
74 166 100
74 166 100
74 166 100
74 166 100
74 166 100
74 166 100
74 166 100
74 166 100
74 166 100
74 166 100
74 166 100
74 166 100
74 166 100
74 166 100
74 166 100
74 166 100
75 166 100
75 166 100
75 166 100
75 166 100
75 166 100
75 166 100
75 166 100
75 166 100
75 166 100
75 166 100
75 166 100
75 166 100
75 166 100
75 166 100
75 166 100
75 166 100
75 166 100
75 166 100
75 166 100
75 166 100
75 166 100
75 166 100
75 166 100
75 166 100
75 166 100
75 166 100
75 166 100
75 166 100
75 166 100
75 166 100
75 166 100
75 166 100
76 166 100
76 166 100
76 166 100
76 166 100
76 166 100
76 166 100
76 166 100
76 166 100
76 166 100
76 166 100
76 166 100
76 166 100
76 166 100
76 166 100
76 166 100
76 166 100
76 166 100
76 166 100
76 166 100
76 166 100
76 166 100
76 166 100
76 166 100
76 166 100
76 166 100
76 166 100
76 166 100
76 166 100
76 166 100
76 166 100
76 166 100
76 166 100
77 166 100
77 166 100
77 166 100
77 166 100
77 166 100
77 166 100
77 166 100
77 166 100
77 166 100
77 166 100
77 166 100
77 166 100
77 166 100
77 166 100
77 166 100
77 166 100
77 166 100
77 166 100
77 166 100
77 166 100
77 166 100
77 166 100
77 166 100
77 166 100
77 166 100
77 166 100
77 166 100
77 166 100
77 166 100
77 166 100
77 166 100
77 166 100
78 166 100
78 166 100
78 166 100
78 166 100
78 166 100
78 166 100
78 166 100
78 166 100
78 166 100
78 166 100
78 166 100
78 166 100
78 166 100
78 166 100
78 166 100
78 166 100
78 166 100
78 166 100
78 166 100
78 166 100
78 166 100
78 166 100
78 166 100
78 166 100
78 166 100
78 166 100
78 166 100
78 166 100
78 166 100
78 166 100
78 166 100
78 166 100
79 166 100
79 166 100
79 166 100
79 166 100
79 166 100
79 166 100
79 166 100
79 166 100
79 166 100
79 166 100
79 166 100
79 166 100
79 166 100
79 166 100
79 166 100
79 166 100
79 166 100
79 166 100
79 166 100
79 166 100
79 166 100
79 166 100
79 166 100
79 166 100
79 166 100
79 166 100
79 166 100
79 166 100
79 166 100
79 166 100
79 166 100
79 166 100
79 166 100
80 166 100
80 166 100
80 166 100
80 166 100
80 166 100
80 166 100
80 166 100
80 166 100
80 166 100
80 166 100
80 166 100
80 166 100
80 166 100
80 166 100
80 166 100
80 166 100
80 166 100
80 166 100
80 166 100
80 166 100
80 166 100
80 166 100
80 166 100
80 166 100
80 166 100
80 166 100
80 166 100
80 166 100
80 166 100
80 166 100
80 166 100
80 166 100
80 166 100
81 166 100
81 166 100
81 166 100
81 166 100
81 166 100
81 166 100
81 166 100
81 166 100
81 166 100
81 166 100
81 166 100
81 166 100
81 166 100
81 166 100
81 166 100
81 166 100
81 166 100
81 166 100
81 166 100
81 166 100
81 166 100
81 166 100
81 166 100
81 166 100
81 166 100
81 166 100
81 166 100
81 166 100
81 166 100
81 166 100
81 166 100
81 166 100
82 166 100
82 166 100
82 166 100
82 166 100
82 166 100
82 166 100
82 166 100
82 166 100
82 166 100
82 166 100
82 166 100
82 166 100
82 166 100
82 166 100
82 166 100
82 166 100
82 166 100
82 166 100
82 166 100
82 166 100
82 166 100
82 166 100
82 166 100
82 166 100
82 166 100
82 166 100
82 166 100
82 166 100
82 166 100
82 166 100
83 166 100
83 166 100
83 166 100
83 166 100
83 166 100
83 166 100
83 166 100
83 166 100
83 166 100
83 166 100
83 166 100
83 166 100
83 166 100
83 166 100
83 166 100
83 166 100
83 166 100
83 166 100
83 166 100
83 166 100
83 166 100
83 166 100
83 166 100
83 166 100
83 166 100
83 166 100
83 166 100
83 166 100
84 166 100
84 166 100
84 166 100
84 166 100
84 166 100
84 166 100
84 166 100
84 166 100
84 166 100
84 166 100
84 166 100
84 166 100
84 166 100
84 166 100
84 166 100
84 166 100
84 166 100
84 166 100
84 166 100
84 166 100
84 166 100
84 166 100
84 166 100
84 166 100
84 166 100
84 166 100
85 166 100
85 166 100
85 166 100
85 166 100
85 166 100
85 166 100
85 166 100
85 166 100
85 166 100
85 166 100
85 166 100
85 166 100
85 166 100
85 166 100
85 166 100
85 166 100
85 166 100
85 166 100
85 166 100
85 166 100
85 166 100
85 166 100
85 166 100
85 166 100
86 166 100
86 166 100
86 166 100
86 166 100
86 166 100
86 166 100
86 166 100
86 166 100
86 166 100
86 166 100
86 166 100
86 166 100
86 166 100
86 166 100
86 166 100
86 166 100
86 166 100
86 166 100
86 166 100
86 166 100
86 166 100
86 166 100
86 166 100
86 166 100
87 166 100
87 166 100
87 166 100
87 166 100
87 166 100
87 166 100
87 166 100
87 166 100
87 166 100
87 166 100
87 166 100
87 166 100
87 166 100
87 166 100
87 166 100
87 166 100
87 166 100
87 166 100
87 166 100
87 166 100
87 166 100
87 166 100
87 166 100
87 166 100
88 166 100
88 166 100
88 166 100
88 166 100
88 166 100
88 166 100
88 166 100
88 166 100
88 166 100
88 166 100
88 166 100
88 166 100
88 166 100
88 166 100
88 166 100
88 166 100
88 166 100
88 166 100
88 166 100
88 166 100
88 166 100
88 166 100
88 166 100
88 166 100
88 166 100
89 166 100
89 166 100
89 166 100
89 166 100
89 166 100
89 166 100
89 166 100
89 166 100
89 166 100
89 166 100
89 166 100
89 166 100
89 166 100
89 166 100
89 166 100
89 166 100
89 166 100
89 166 100
89 166 100
89 166 100
89 166 100
89 166 100
89 166 100
89 166 100
89 166 100
89 166 100
90 166 100
90 166 100
90 166 100
90 166 100
90 166 100
90 166 100
90 166 100
90 166 100
90 166 100
90 166 100
90 166 100
90 166 100
90 166 100
90 166 100
90 166 100
90 166 100
90 166 100
90 166 100
90 166 100
90 166 100
90 166 100
90 166 100
90 166 100
90 166 100
90 166 100
90 166 100
90 166 100
91 166 100
91 166 100
91 166 100
91 166 100
91 166 100
91 166 100
91 166 100
91 166 100
91 166 100
91 166 100
91 166 100
91 166 100
91 166 100
91 166 100
91 166 100
91 166 100
91 166 100
91 166 100
91 166 100
91 166 100
91 166 100
91 166 100
91 166 100
91 166 100
91 166 100
91 166 100
91 166 100
91 166 100
92 166 100
92 166 100
92 166 100
92 166 100
92 166 100
92 166 100
92 166 100
92 166 100
92 166 100
92 166 100
92 166 100
92 166 100
92 166 100
92 166 100
92 166 100
92 166 100
92 166 100
92 166 100
92 166 100
92 166 100
92 166 100
92 166 100
92 166 100
92 166 100
92 166 100
92 166 100
92 166 100
92 166 100
93 166 100
93 166 100
93 166 100
93 166 100
93 166 100
93 166 100
93 166 100
93 166 100
93 166 100
93 166 100
93 166 100
93 166 100
93 166 100
93 166 100
93 166 100
93 166 100
93 166 100
93 166 100
93 166 100
93 166 100
93 166 100
93 166 100
93 166 100
93 166 100
93 166 100
93 166 100
93 166 100
93 166 100
94 166 100
94 166 100
94 166 100
94 166 100
94 166 100
94 166 100
94 166 100
94 166 100
94 166 100
94 166 100
94 166 100
94 166 100
94 166 100
94 166 100
94 166 100
94 166 100
94 166 100
94 166 100
94 166 100
94 166 100
94 166 100
94 166 100
94 166 100
94 166 100
94 166 100
94 166 100
94 166 100
94 166 100
95 166 100
95 166 100
95 166 100
95 166 100
95 166 100
95 166 100
95 166 100
95 166 100
95 166 100
95 166 100
95 166 100
95 166 100
95 166 100
95 166 100
95 166 100
95 166 100
95 166 100
95 166 100
95 166 100
95 166 100
95 166 100
95 166 100
95 166 100
95 166 100
95 166 100
95 166 100
95 166 100
95 166 100
95 166 100
96 166 100
96 166 100
96 166 100
96 166 100
96 166 100
96 166 100
96 166 100
96 166 100
96 166 100
96 166 100
96 166 100
96 166 100
96 166 100
96 166 100
96 166 100
96 166 100
96 166 100
96 166 100
96 166 100
96 166 100
96 166 100
96 166 100
96 166 100
96 166 100
96 166 100
96 166 100
96 166 100
96 166 100
96 166 100
96 166 100
97 166 100
97 166 100
97 166 100
97 166 100
97 166 100
97 166 100
97 166 100
97 166 100
97 166 100
97 166 100
97 166 100
97 166 100
97 166 100
97 166 100
97 166 100
97 166 100
97 166 100
97 166 100
97 166 100
97 166 100
97 166 100
97 166 100
97 166 100
97 166 100
97 166 100
97 166 100
97 166 100
97 166 100
97 166 100
97 166 100
97 166 100
98 166 100
98 166 100
98 166 100
98 166 100
98 166 100
98 166 100
98 166 100
98 166 100
98 166 100
98 166 100
98 166 100
98 166 100
98 166 100
98 166 100
98 166 100
98 166 100
98 166 100
98 166 100
98 166 100
98 166 100
98 166 100
98 166 100
98 166 100
98 166 100
98 166 100
98 166 100
98 166 100
98 166 100
98 166 100
98 166 100
98 166 100
98 166 100
99 166 100
99 166 100
99 166 100
99 166 100
99 166 100
99 166 100
99 166 100
99 166 100
99 166 100
99 166 100
99 166 100
99 166 100
99 166 100
99 166 100
99 166 100
99 166 100
99 166 100
99 166 100
99 166 100
99 166 100
99 166 100
99 166 100
99 166 100
99 166 100
99 166 100
99 166 100
99 166 100
99 166 100
99 166 100
99 166 100
99 166 100
99 166 100
99 166 100
99 166 100
100 166 100
100 166 100
100 166 100
100 166 100
100 166 100
100 166 100
100 166 100
100 166 100
100 166 100
100 166 100
100 166 100
100 166 100
100 166 100
100 166 100
100 166 100
100 166 100
100 166 100
100 166 100
100 166 100
100 166 100
100 166 100
100 166 100
100 166 100
100 166 100
100 166 100
100 166 100
100 166 100
100 166 100
100 166 100
100 166 100
100 166 100
100 166 100
100 166 100
100 166 100
100 166 100
101 166 100
101 166 100
101 166 100
101 166 100
101 166 100
101 166 100
101 166 100
101 166 100
101 166 100
101 166 100
101 166 100
101 166 100
101 166 100
101 166 100
101 166 100
101 166 100
101 166 100
101 166 100
101 166 100
101 166 100
101 166 100
101 166 100
101 166 100
101 166 100
101 166 100
101 166 100
101 166 100
101 166 100
101 166 100
101 166 100
101 166 100
101 166 100
101 166 100
101 166 100
101 166 100
101 166 100
102 166 100
102 166 100
102 166 100
102 166 100
102 166 100
102 166 100
102 166 100
102 166 100
102 166 100
102 166 100
102 166 100
102 166 100
102 166 100
102 166 100
102 166 100
102 166 100
102 166 100
102 166 100
102 166 100
102 166 100
102 166 100
102 166 100
102 166 100
102 166 100
102 166 100
102 166 100
102 166 100
102 166 100
102 166 100
102 166 100
102 166 100
102 166 100
102 166 100
102 166 100
102 166 100
102 166 100
102 166 100
103 166 100
103 166 100
103 166 100
103 166 100
103 166 100
103 166 100
103 166 100
103 166 100
103 166 100
103 166 100
103 166 100
103 166 100
103 166 100
103 166 100
103 166 100
103 166 100
103 166 100
103 166 100
103 166 100
103 166 100
103 166 100
103 166 100
103 166 100
103 166 100
103 166 100
103 166 100
103 166 100
103 166 100
103 166 100
103 166 100
103 166 100
103 166 100
103 166 100
103 166 100
103 166 100
103 166 100
103 166 100
104 166 100
104 166 100
104 166 100
104 166 100
104 166 100
104 166 100
104 166 100
104 166 100
104 166 100
104 166 100
104 166 100
104 166 100
104 166 100
104 166 100
104 166 100
104 166 100
104 166 100
104 166 100
104 166 100
104 166 100
104 166 100
104 166 100
104 166 100
104 166 100
104 166 100
104 166 100
104 166 100
104 166 100
104 166 100
104 166 100
104 166 100
104 166 100
104 166 100
104 166 100
104 166 100
104 166 100
105 166 100
105 166 100
105 166 100
105 166 100
105 166 100
105 166 100
105 166 100
105 166 100
105 166 100
105 166 100
105 166 100
105 166 100
105 166 100
105 166 100
105 166 100
105 166 100
105 166 100
105 166 100
105 166 100
105 166 100
105 166 100
105 166 100
105 166 100
105 166 100
105 166 100
105 166 100
105 166 100
105 166 100
105 166 100
105 166 100
105 166 100
105 166 100
105 166 100
105 166 100
106 166 100
106 166 100
106 166 100
106 166 100
106 166 100
106 166 100
106 166 100
106 166 100
106 166 100
106 166 100
106 166 100
106 166 100
106 166 100
106 166 100
106 166 100
106 166 100
106 166 100
106 166 100
106 166 100
106 166 100
106 166 100
106 166 100
106 166 100
106 166 100
106 166 100
106 166 100
106 166 100
106 166 100
106 166 100
106 166 100
106 166 100
107 166 100
107 166 100
107 166 100
107 166 100
107 166 100
107 166 100
107 166 100
107 166 100
107 166 100
107 166 100
107 166 100
107 166 100
107 166 100
107 166 100
107 166 100
107 166 100
107 166 100
107 166 100
107 166 100
107 166 100
107 166 100
107 166 100
107 166 100
107 166 100
107 166 100
107 166 100
107 166 100
107 166 100
107 166 100
108 166 100
108 166 100
108 166 100
108 166 100
108 166 100
108 166 100
108 166 100
108 166 100
108 166 100
108 166 100
108 166 100
108 166 100
108 166 100
108 166 100
108 166 100
108 166 100
108 166 100
108 166 100
108 166 100
108 166 100
108 166 100
108 166 100
108 166 100
108 166 100
108 166 100
108 166 100
109 166 100
109 166 100
109 166 100
109 166 100
109 166 100
109 166 100
109 166 100
109 166 100
109 166 100
109 166 100
109 166 100
109 166 100
109 166 100
109 166 100
109 166 100
109 166 100
109 166 100
109 166 100
109 166 100
109 166 100
109 166 100
109 166 100
109 166 100
109 166 100
109 166 100
110 166 100
110 166 100
110 166 100
110 166 100
110 166 100
110 166 100
110 166 100
110 166 100
110 166 100
110 166 100
110 166 100
110 166 100
110 166 100
110 166 100
110 166 100
110 166 100
110 166 100
110 166 100
110 166 100
110 166 100
110 166 100
110 166 100
110 166 100
111 166 100
111 166 100
111 166 100
111 166 100
111 166 100
111 166 100
111 166 100
111 166 100
111 166 100
111 166 100
111 166 100
111 166 100
111 166 100
111 166 100
111 166 100
111 166 100
111 166 100
111 166 100
111 166 100
111 166 100
111 166 100
111 166 100
111 166 100
112 166 100
112 166 100
112 166 100
112 166 100
112 166 100
112 166 100
112 166 100
112 166 100
112 166 100
112 166 100
112 166 100
112 166 100
112 166 100
112 166 100
112 166 100
112 166 100
112 166 100
112 166 100
112 166 100
112 166 100
112 166 100
112 166 100
112 166 100
113 166 100
113 166 100
113 166 100
113 166 100
113 166 100
113 166 100
113 166 100
113 166 100
113 166 100
113 166 100
113 166 100
113 166 100
113 166 100
113 166 100
113 166 100
113 166 100
113 166 100
113 166 100
113 166 100
113 166 100
113 166 100
113 166 100
113 166 100
113 166 100
114 166 100
114 166 100
114 166 100
114 166 100
114 166 100
114 166 100
114 166 100
114 166 100
114 166 100
114 166 100
114 166 100
114 166 100
114 166 100
114 166 100
114 166 100
114 166 100
114 166 100
114 166 100
114 166 100
114 166 100
114 166 100
114 166 100
114 166 100
114 166 100
114 166 100
114 166 100
115 166 100
115 166 100
115 166 100
115 166 100
115 166 100
115 166 100
115 166 100
115 166 100
115 166 100
115 166 100
115 166 100
115 166 100
115 166 100
115 166 100
115 166 100
115 166 100
115 166 100
115 166 100
115 166 100
115 166 100
115 166 100
115 166 100
115 166 100
115 166 100
115 166 100
115 166 100
115 166 100
116 166 100
116 166 100
116 166 100
116 166 100
116 166 100
116 166 100
116 166 100
116 166 100
116 166 100
116 166 100
116 166 100
116 166 100
116 166 100
116 166 100
116 166 100
116 166 100
116 166 100
116 166 100
116 166 100
116 166 100
116 166 100
116 166 100
116 166 100
116 166 100
116 166 100
116 166 100
116 166 100
116 166 100
117 166 100
117 166 100
117 166 100
117 166 100
117 166 100
117 166 100
117 166 100
117 166 100
117 166 100
117 166 100
117 166 100
117 166 100
117 166 100
117 166 100
117 166 100
117 166 100
117 166 100
117 166 100
117 166 100
117 166 100
117 166 100
117 166 100
117 166 100
117 166 100
117 166 100
117 166 100
117 166 100
117 166 100
118 166 100
118 166 100
118 166 100
118 166 100
118 166 100
118 166 100
118 166 100
118 166 100
118 166 100
118 166 100
118 166 100
118 166 100
118 166 100
118 166 100
118 166 100
118 166 100
118 166 100
118 166 100
118 166 100
118 166 100
118 166 100
118 166 100
118 166 100
118 166 100
118 166 100
118 166 100
119 166 100
119 166 100
119 166 100
119 166 100
119 166 100
119 166 100
119 166 100
119 166 100
119 166 100
119 166 100
119 166 100
119 166 100
119 166 100
119 166 100
119 166 100
119 166 100
119 166 100
119 166 100
119 166 100
119 166 100
119 166 100
119 166 100
119 166 100
119 166 100
120 166 100
120 166 100
120 166 100
120 166 100
120 166 100
120 166 100
120 166 100
120 166 100
120 166 100
120 166 100
120 166 100
120 166 100
120 166 100
120 166 100
120 166 100
120 166 100
120 166 100
120 166 100
120 166 100
120 166 100
120 166 100
121 166 100
121 166 100
121 166 100
121 166 100
121 166 100
121 166 100
121 166 100
121 166 100
121 166 100
121 166 100
121 166 100
121 166 100
121 166 100
121 166 100
121 166 100
121 166 100
121 166 100
121 166 100
121 166 100
122 166 100
122 166 100
122 166 100
122 166 100
122 166 100
122 166 100
122 166 100
122 166 100
122 166 100
122 166 100
122 166 100
122 166 100
122 166 100
122 166 100
122 166 100
122 166 100
122 166 100
122 166 100
123 166 100
123 166 100
123 166 100
123 166 100
123 166 100
123 166 100
123 166 100
123 166 100
123 166 100
123 166 100
123 166 100
123 166 100
123 166 100
123 166 100
123 166 100
123 166 100
123 166 100
124 166 100
124 166 100
124 166 100
124 166 100
124 166 100
124 166 100
124 166 100
124 166 100
124 166 100
124 166 100
124 166 100
124 166 100
124 166 100
124 166 100
124 166 100
124 166 100
124 166 100
125 166 100
125 166 100
125 166 100
125 166 100
125 166 100
125 166 100
125 166 100
125 166 100
125 166 100
125 166 100
125 166 100
125 166 100
125 166 100
125 166 100
125 166 100
125 166 100
125 166 100
126 166 100
126 166 100
126 166 100
126 166 100
126 166 100
126 166 100
126 166 100
126 166 100
126 166 100
126 166 100
126 166 100
126 166 100
126 166 100
126 166 100
126 166 100
126 166 100
126 166 100
127 166 100
127 166 100
127 166 100
127 166 100
127 166 100
127 166 100
127 166 100
127 166 100
127 166 100
127 166 100
127 166 100
127 166 100
127 166 100
127 166 100
127 166 100
127 166 100
128 166 100
128 166 100
128 166 100
128 166 100
128 166 100
128 166 100
128 166 100
128 166 100
128 166 100
128 166 100
128 166 100
128 166 100
128 166 100
128 166 100
129 166 100
129 166 100
129 166 100
129 166 100
129 166 100
129 166 100
129 166 100
129 166 100
129 166 100
129 166 100
129 166 100
129 166 100
130 166 100
130 166 100
130 166 100
130 166 100
130 166 100
130 166 100
130 166 100
130 166 100
130 166 100
130 166 100
# move from (191,50) to (131,61)
191 50 100
190 50 100
189 50 100
188 50 100
187 50 100
186 50 100
185 50 100
184 50 100
183 50 100
182 50 100
181 50 100
180 50 100
179 50 100
178 50 100
177 50 100
176 50 100
175 50 100
174 50 100
174 50 100
173 50 100
173 50 100
172 50 100
172 50 100
172 50 100
171 50 100
171 50 100
171 50 100
171 50 100
170 50 100
170 50 100
170 50 100
170 50 100
170 50 100
169 50 100
169 50 100
169 50 100
169 50 100
169 50 100
169 50 100
168 50 100
168 50 100
168 50 100
168 50 100
168 50 100
168 50 100
168 50 100
168 50 100
167 50 100
167 50 100
167 50 100
167 50 100
167 50 100
167 50 100
167 50 100
167 50 100
167 50 100
167 50 100
166 50 100
166 50 100
166 50 100
166 50 100
166 50 100
166 50 100
166 50 100
166 50 100
166 50 100
166 50 100
166 50 100
166 50 100
165 50 100
165 50 100
165 50 100
165 50 100
165 50 100
165 50 100
165 50 100
165 50 100
165 50 100
165 50 100
165 50 100
165 50 100
164 50 100
164 50 100
164 50 100
164 50 100
164 50 100
164 50 100
164 50 100
164 50 100
164 50 100
164 50 100
164 50 100
164 50 100
163 50 100
163 50 100
163 50 100
163 50 100
163 50 100
163 50 100
163 50 100
163 50 100
163 50 100
163 50 100
163 50 100
162 50 100
162 50 100
162 50 100
162 50 100
162 50 100
162 50 100
162 50 100
162 50 100
162 50 100
162 50 100
161 50 100
161 50 100
161 50 100
161 50 100
161 50 100
161 50 100
161 50 100
161 50 100
161 50 100
161 50 100
160 50 100
160 50 100
160 50 100
160 50 100
160 50 100
160 50 100
160 50 100
160 50 100
160 50 100
159 50 100
159 50 100
159 50 100
159 50 100
159 50 100
159 50 100
159 50 100
159 50 100
158 50 100
158 50 100
158 50 100
158 50 100
158 50 100
158 50 100
158 50 100
158 50 100
157 50 100
157 50 100
157 50 100
157 50 100
157 50 100
157 50 100
157 50 100
157 50 100
156 50 100
156 50 100
156 50 100
156 50 100
156 50 100
156 50 100
156 50 100
156 50 100
156 50 100
155 50 100
155 50 100
155 50 100
155 50 100
155 50 100
155 50 100
155 50 100
155 50 100
155 50 100
154 50 100
154 50 100
154 50 100
154 50 100
154 50 100
154 50 100
154 50 100
154 50 100
154 50 100
153 50 100
153 50 100
153 50 100
153 50 100
153 50 100
153 50 100
153 50 100
153 50 100
153 50 100
152 50 100
152 50 100
152 50 100
152 50 100
152 50 100
152 50 100
152 50 100
152 50 100
151 50 100
151 50 100
151 50 100
151 50 100
151 50 100
151 50 100
151 50 100
150 50 100
150 50 100
150 50 100
150 50 100
150 50 100
150 50 100
149 50 100
149 50 100
149 50 100
149 50 100
148 50 100
148 50 100
148 50 100
147 50 100
147 50 100
147 50 100
146 50 100
146 50 100
145 50 100
145 50 100
144 50 100
144 50 100
143 50 100
142 50 100
142 50 100
141 50 100
141 50 100
140 50 100
139 50 100
138 50 100
137 50 100
136 50 100
135 50 100
134 50 100
133 50 100
132 50 100
# move from (14,42) to (131,61)
14 42 100
15 42 100
16 42 100
17 42 100
18 42 100
18 42 100
19 42 100
19 42 100
20 42 100
20 42 100
21 42 100
21 42 100
22 42 100
22 42 100
23 42 100
23 42 100
23 42 100
24 42 100
24 42 100
24 42 100
25 42 100
25 42 100
25 42 100
25 42 100
26 42 100
26 42 100
26 42 100
26 42 100
26 42 100
27 42 100
27 42 100
27 42 100
27 42 100
27 42 100
27 42 100
28 42 100
28 42 100
28 42 100
28 42 100
28 42 100
28 42 100
28 42 100
29 42 100
29 42 100
29 42 100
29 42 100
29 42 100
29 42 100
29 42 100
30 42 100
30 42 100
30 42 100
30 42 100
30 42 100
30 42 100
30 42 100
31 42 100
31 42 100
31 42 100
31 42 100
31 42 100
31 42 100
32 42 100
32 42 100
32 42 100
32 42 100
32 42 100
33 42 100
33 42 100
33 42 100
33 42 100
34 42 100
34 42 100
34 42 100
34 42 100
35 42 100
35 42 100
35 42 100
35 42 100
36 42 100
36 42 100
36 42 100
36 42 100
37 42 100
37 42 100
37 42 100
37 42 100
37 42 100
38 42 100
38 42 100
38 42 100
38 42 100
38 42 100
39 42 100
39 42 100
39 42 100
39 42 100
39 42 100
39 42 100
40 42 100
40 42 100
40 42 100
40 42 100
40 42 100
40 42 100
40 42 100
41 42 100
41 42 100
41 42 100
41 42 100
41 42 100
41 42 100
41 42 100
42 42 100
42 42 100
42 42 100
42 42 100
42 42 100
42 42 100
42 42 100
43 42 100
43 42 100
43 42 100
43 42 100
43 42 100
43 42 100
43 42 100
44 42 100
44 42 100
44 42 100
44 42 100
44 42 100
44 42 100
45 42 100
45 42 100
45 42 100
45 42 100
45 42 100
46 42 100
46 42 100
46 42 100
46 42 100
47 42 100
47 42 100
47 42 100
47 42 100
48 42 100
48 42 100
48 42 100
49 42 100
49 42 100
49 42 100
50 42 100
50 42 100
51 42 100
51 42 100
52 42 100
52 42 100
53 42 100
53 42 100
54 42 100
54 42 100
55 42 100
55 42 100
56 42 100
56 42 100
56 42 100
57 42 100
57 42 100
57 42 100
58 42 100
58 42 100
58 42 100
59 42 100
59 42 100
59 42 100
60 42 100
60 42 100
60 42 100
60 42 100
61 42 100
61 42 100
61 42 100
61 42 100
61 42 100
62 42 100
62 42 100
62 42 100
62 42 100
62 42 100
62 42 100
63 42 100
63 42 100
63 42 100
63 42 100
63 42 100
63 42 100
63 42 100
64 42 100
64 42 100
64 42 100
64 42 100
64 42 100
64 42 100
64 42 100
64 42 100
65 42 100
65 42 100
65 42 100
65 42 100
65 42 100
65 42 100
65 42 100
65 42 100
66 42 100
66 42 100
66 42 100
66 42 100
66 42 100
66 42 100
66 42 100
66 42 100
67 42 100
67 42 100
67 42 100
67 42 100
67 42 100
67 42 100
67 42 100
67 42 100
68 42 100
68 42 100
68 42 100
68 42 100
68 42 100
68 42 100
68 42 100
69 42 100
69 42 100
69 42 100
69 42 100
69 42 100
69 42 100
69 42 100
70 42 100
70 42 100
70 42 100
70 42 100
70 42 100
70 42 100
70 42 100
70 42 100
71 42 100
71 42 100
71 42 100
71 42 100
71 42 100
71 42 100
71 42 100
71 42 100
71 42 100
72 42 100
72 42 100
72 42 100
72 42 100
72 42 100
72 42 100
72 42 100
72 42 100
72 42 100
72 42 100
73 42 100
73 42 100
73 42 100
73 42 100
73 42 100
73 42 100
73 42 100
73 42 100
73 42 100
73 42 100
73 42 100
74 42 100
74 42 100
74 42 100
74 42 100
74 42 100
74 42 100
74 42 100
74 42 100
74 42 100
74 42 100
74 42 100
74 42 100
74 42 100
75 42 100
75 42 100
75 42 100
75 42 100
75 42 100
75 42 100
75 42 100
75 42 100
75 42 100
75 42 100
75 42 100
75 42 100
75 42 100
75 42 100
76 42 100
76 42 100
76 42 100
76 42 100
76 42 100
76 42 100
76 42 100
76 42 100
76 42 100
76 42 100
76 42 100
76 42 100
76 42 100
76 42 100
77 42 100
77 42 100
77 42 100
77 42 100
77 42 100
77 42 100
77 42 100
77 42 100
77 42 100
77 42 100
77 42 100
77 42 100
77 42 100
77 42 100
77 42 100
78 42 100
78 42 100
78 42 100
78 42 100
78 42 100
78 42 100
78 42 100
78 42 100
78 42 100
78 42 100
78 42 100
78 42 100
78 42 100
78 42 100
79 42 100
79 42 100
79 42 100
79 42 100
79 42 100
79 42 100
79 42 100
79 42 100
79 42 100
79 42 100
79 42 100
79 42 100
79 42 100
79 42 100
80 42 100
80 42 100
80 42 100
80 42 100
80 42 100
80 42 100
80 42 100
80 42 100
80 42 100
80 42 100
80 42 100
80 42 100
80 42 100
80 42 100
81 42 100
81 42 100
81 42 100
81 42 100
81 42 100
81 42 100
81 42 100
81 42 100
81 42 100
81 42 100
81 42 100
81 42 100
81 42 100
81 42 100
81 42 100
82 42 100
82 42 100
82 42 100
82 42 100
82 42 100
82 42 100
82 42 100
82 42 100
82 42 100
82 42 100
82 42 100
82 42 100
82 42 100
82 42 100
82 42 100
82 42 100
83 42 100
83 42 100
83 42 100
83 42 100
83 42 100
83 42 100
83 42 100
83 42 100
83 42 100
83 42 100
83 42 100
83 42 100
83 42 100
83 42 100
83 42 100
83 42 100
83 42 100
84 42 100
84 42 100
84 42 100
84 42 100
84 42 100
84 42 100
84 42 100
84 42 100
84 42 100
84 42 100
84 42 100
84 42 100
84 42 100
84 42 100
84 42 100
84 42 100
84 42 100
84 42 100
85 42 100
85 42 100
85 42 100
85 42 100
85 42 100
85 42 100
85 42 100
85 42 100
85 42 100
85 42 100
85 42 100
85 42 100
85 42 100
85 42 100
85 42 100
85 42 100
85 42 100
85 42 100
86 42 100
86 42 100
86 42 100
86 42 100
86 42 100
86 42 100
86 42 100
86 42 100
86 42 100
86 42 100
86 42 100
86 42 100
86 42 100
86 42 100
86 42 100
86 42 100
86 42 100
86 42 100
87 42 100
87 42 100
87 42 100
87 42 100
87 42 100
87 42 100
87 42 100
87 42 100
87 42 100
87 42 100
87 42 100
87 42 100
87 42 100
87 42 100
87 42 100
87 42 100
87 42 100
88 42 100
88 42 100
88 42 100
88 42 100
88 42 100
88 42 100
88 42 100
88 42 100
88 42 100
88 42 100
88 42 100
88 42 100
88 42 100
88 42 100
88 42 100
88 42 100
89 42 100
89 42 100
89 42 100
89 42 100
89 42 100
89 42 100
89 42 100
89 42 100
89 42 100
89 42 100
89 42 100
89 42 100
89 42 100
89 42 100
90 42 100
90 42 100
90 42 100
90 42 100
90 42 100
90 42 100
90 42 100
90 42 100
90 42 100
90 42 100
90 42 100
90 42 100
90 42 100
91 42 100
91 42 100
91 42 100
91 42 100
91 42 100
91 42 100
91 42 100
91 42 100
91 42 100
91 42 100
91 42 100
91 42 100
91 42 100
92 42 100
92 42 100
92 42 100
92 42 100
92 42 100
92 42 100
92 42 100
92 42 100
92 42 100
92 42 100
92 42 100
92 42 100
92 42 100
93 42 100
93 42 100
93 42 100
93 42 100
93 42 100
93 42 100
93 42 100
93 42 100
93 42 100
93 42 100
93 42 100
93 42 100
93 42 100
93 42 100
94 42 100
94 42 100
94 42 100
94 42 100
94 42 100
94 42 100
94 42 100
94 42 100
94 42 100
94 42 100
94 42 100
94 42 100
94 42 100
94 42 100
95 42 100
95 42 100
95 42 100
95 42 100
95 42 100
95 42 100
95 42 100
95 42 100
95 42 100
95 42 100
95 42 100
95 42 100
95 42 100
95 42 100
96 42 100
96 42 100
96 42 100
96 42 100
96 42 100
96 42 100
96 42 100
96 42 100
96 42 100
96 42 100
96 42 100
96 42 100
96 42 100
96 42 100
97 42 100
97 42 100
97 42 100
97 42 100
97 42 100
97 42 100
97 42 100
97 42 100
97 42 100
97 42 100
97 42 100
97 42 100
97 42 100
98 42 100
98 42 100
98 42 100
98 42 100
98 42 100
98 42 100
98 42 100
98 42 100
98 42 100
98 42 100
98 42 100
99 42 100
99 42 100
99 42 100
99 42 100
99 42 100
99 42 100
99 42 100
99 42 100
100 42 100
100 42 100
100 42 100
100 42 100
100 42 100
100 42 100
100 42 100
101 42 100
101 42 100
101 42 100
101 42 100
101 42 100
102 42 100
102 42 100
102 42 100
102 42 100
102 42 100
103 42 100
103 42 100
103 42 100
103 42 100
104 42 100
104 42 100
104 42 100
104 42 100
105 42 100
105 42 100
105 42 100
106 42 100
106 42 100
106 42 100
107 42 100
107 42 100
108 42 100
108 42 100
109 42 100
110 42 100
111 42 100
112 42 100
113 42 100
114 42 100
115 42 100
116 42 100
117 42 100
118 42 100
119 42 100
120 42 100
121 42 100
122 42 100
123 42 100
124 42 100
125 42 100
125 42 100
126 42 100
126 42 100
127 42 100
127 42 100
128 42 100
128 42 100
129 42 100
129 42 100
130 42 100
130 42 100
