# move from (125,42) to (3,189)
125 42 100
124 42 100
123 42 100
122 42 100
121 42 100
120 42 100
119 42 100
118 42 100
117 42 100
116 42 100
115 42 100
114 42 100
113 42 100
112 42 100
111 42 100
110 42 100
110 42 100
109 42 100
109 42 100
108 42 100
108 42 100
107 42 100
107 42 100
106 42 100
106 42 100
105 42 100
105 42 100
105 42 100
104 42 100
104 42 100
104 42 100
103 42 100
103 42 100
103 42 100
102 42 100
102 42 100
102 42 100
102 42 100
101 42 100
101 42 100
101 42 100
101 42 100
100 42 100
100 42 100
100 42 100
100 42 100
100 42 100
99 42 100
99 42 100
99 42 100
99 42 100
99 42 100
98 42 100
98 42 100
98 42 100
98 42 100
98 42 100
97 42 100
97 42 100
97 42 100
97 42 100
97 42 100
96 42 100
96 42 100
96 42 100
96 42 100
95 42 100
95 42 100
95 42 100
95 42 100
94 42 100
94 42 100
94 42 100
93 42 100
93 42 100
92 42 100
92 42 100
91 42 100
91 42 100
90 42 100
90 42 100
89 42 100
89 42 100
88 42 100
88 42 100
87 42 100
87 42 100
86 42 100
86 42 100
85 42 100
85 42 100
85 42 100
84 42 100
84 42 100
84 42 100
83 42 100
83 42 100
83 42 100
82 42 100
82 42 100
82 42 100
82 42 100
81 42 100
81 42 100
81 42 100
81 42 100
80 42 100
80 42 100
80 42 100
80 42 100
79 42 100
79 42 100
79 42 100
78 42 100
78 42 100
78 42 100
77 42 100
77 42 100
77 42 100
76 42 100
76 42 100
75 42 100
75 42 100
74 42 100
74 42 100
73 42 100
72 42 100
71 42 100
70 42 100
69 42 100
68 42 100
67 42 100
66 42 100
65 42 100
64 42 100
63 42 100
62 42 100
61 42 100
60 42 100
59 42 100
58 42 100
58 42 100
57 42 100
57 42 100
56 42 100
56 42 100
55 42 100
55 42 100
54 42 100
54 42 100
54 42 100
53 42 100
53 42 100
53 42 100
52 42 100
52 42 100
52 42 100
51 42 100
51 42 100
51 42 100
50 42 100
50 42 100
50 42 100
49 42 100
49 42 100
49 42 100
48 42 100
48 42 100
48 42 100
47 42 100
47 42 100
47 42 100
46 42 100
46 42 100
46 42 100
45 42 100
45 42 100
45 42 100
44 42 100
44 42 100
44 42 100
43 42 100
43 42 100
43 42 100
43 42 100
42 42 100
42 42 100
42 42 100
42 42 100
41 42 100
41 42 100
41 42 100
41 42 100
40 42 100
40 42 100
40 42 100
39 42 100
39 42 100
39 42 100
38 42 100
38 42 100
38 42 100
37 42 100
37 42 100
37 42 100
36 42 100
36 42 100
36 42 100
35 42 100
35 42 100
35 42 100
35 42 100
34 42 100
34 42 100
34 42 100
34 42 100
33 42 100
33 42 100
33 42 100
33 42 100
32 42 100
32 42 100
32 42 100
32 42 100
32 42 100
31 42 100
31 42 100
31 42 100
31 42 100
31 42 100
31 42 100
30 42 100
30 42 100
30 42 100
30 42 100
30 42 100
30 42 100
29 42 100
29 42 100
29 42 100
29 42 100
29 42 100
29 42 100
29 42 100
28 42 100
28 42 100
28 42 100
28 42 100
28 42 100
28 42 100
28 42 100
28 42 100
27 42 100
27 42 100
27 42 100
27 42 100
27 42 100
27 42 100
27 42 100
27 42 100
26 42 100
26 42 100
26 42 100
26 42 100
26 42 100
26 42 100
26 42 100
26 42 100
26 42 100
25 42 100
25 42 100
25 42 100
25 42 100
25 42 100
25 42 100
25 42 100
25 42 100
25 42 100
25 42 100
24 42 100
24 42 100
24 42 100
24 42 100
24 42 100
24 42 100
24 42 100
24 42 100
24 42 100
24 42 100
23 42 100
23 42 100
23 42 100
23 42 100
23 42 100
23 42 100
23 42 100
23 42 100
23 42 100
23 42 100
23 42 100
22 42 100
22 42 100
22 42 100
22 42 100
22 42 100
22 42 100
22 42 100
22 42 100
22 42 100
22 42 100
22 42 100
22 42 100
21 42 100
21 42 100
21 42 100
21 42 100
21 42 100
21 42 100
21 42 100
21 42 100
21 42 100
21 42 100
21 42 100
21 42 100
20 42 100
20 42 100
20 42 100
20 42 100
20 42 100
20 42 100
20 42 100
20 42 100
20 42 100
20 42 100
20 42 100
20 42 100
20 42 100
19 42 100
19 42 100
19 42 100
19 42 100
19 42 100
19 42 100
19 42 100
19 42 100
19 42 100
19 42 100
19 42 100
19 42 100
19 42 100
19 42 100
18 42 100
18 42 100
18 42 100
18 42 100
18 42 100
18 42 100
18 42 100
18 42 100
18 42 100
18 42 100
18 42 100
18 42 100
18 42 100
18 42 100
18 42 100
17 42 100
17 42 100
17 42 100
17 42 100
17 42 100
17 42 100
17 42 100
17 42 100
17 42 100
17 42 100
17 42 100
17 42 100
17 42 100
17 42 100
17 42 100
17 42 100
16 42 100
16 42 100
16 42 100
16 42 100
16 42 100
16 42 100
16 42 100
16 42 100
16 42 100
16 42 100
16 42 100
16 42 100
16 42 100
16 42 100
16 42 100
16 42 100
16 42 100
15 42 100
15 42 100
15 42 100
15 42 100
15 42 100
15 42 100
15 42 100
15 42 100
15 42 100
15 42 100
15 42 100
15 42 100
15 42 100
15 42 100
15 42 100
15 42 100
15 42 100
15 42 100
14 42 100
14 42 100
14 42 100
14 42 100
14 42 100
14 42 100
14 42 100
14 42 100
14 42 100
14 42 100
14 42 100
14 42 100
14 42 100
14 42 100
14 42 100
14 42 100
14 42 100
14 42 100
14 42 100
14 42 100
13 42 100
13 42 100
13 42 100
13 42 100
13 42 100
13 42 100
13 42 100
13 42 100
13 42 100
13 42 100
13 42 100
13 42 100
13 42 100
13 42 100
13 42 100
13 42 100
13 42 100
13 42 100
13 42 100
13 42 100
13 42 100
13 42 100
12 42 100
12 42 100
12 42 100
12 42 100
12 42 100
12 42 100
12 42 100
12 42 100
12 42 100
12 42 100
12 42 100
12 42 100
12 42 100
12 42 100
12 42 100
12 42 100
12 42 100
12 42 100
12 42 100
12 42 100
12 42 100
12 42 100
12 42 100
12 42 100
11 42 100
11 42 100
11 42 100
11 42 100
11 42 100
11 42 100
11 42 100
11 42 100
11 42 100
11 42 100
11 42 100
11 42 100
11 42 100
11 42 100
11 42 100
11 42 100
11 42 100
11 42 100
11 42 100
11 42 100
11 42 100
11 42 100
11 42 100
11 42 100
11 42 100
11 42 100
11 42 100
10 42 100
10 42 100
10 42 100
10 42 100
10 42 100
10 42 100
10 42 100
10 42 100
10 42 100
10 42 100
10 42 100
10 42 100
10 42 100
10 42 100
10 42 100
10 42 100
10 42 100
10 42 100
10 42 100
10 42 100
10 42 100
10 42 100
10 42 100
10 42 100
10 42 100
10 42 100
10 42 100
10 42 100
10 42 100
9 42 100
9 42 100
9 42 100
9 42 100
9 42 100
9 42 100
9 42 100
9 42 100
9 42 100
9 42 100
9 42 100
9 42 100
9 42 100
9 42 100
9 42 100
9 42 100
9 42 100
9 42 100
9 42 100
9 42 100
9 42 100
9 42 100
9 42 100
9 42 100
9 42 100
9 42 100
9 42 100
9 42 100
9 42 100
9 42 100
9 42 100
8 42 100
8 42 100
8 42 100
8 42 100
8 42 100
8 42 100
8 42 100
8 42 100
8 42 100
8 42 100
8 42 100
8 42 100
8 42 100
8 42 100
8 42 100
8 42 100
8 42 100
8 42 100
8 42 100
8 42 100
8 42 100
8 42 100
8 42 100
8 42 100
8 42 100
8 42 100
8 42 100
8 42 100
8 42 100
8 42 100
8 42 100
7 42 100
7 42 100
7 42 100
7 42 100
7 42 100
7 42 100
7 42 100
7 42 100
7 42 100
7 42 100
7 42 100
7 42 100
7 42 100
7 42 100
7 42 100
7 42 100
7 42 100
7 42 100
7 42 100
7 42 100
7 42 100
7 42 100
7 42 100
7 42 100
7 42 100
7 42 100
7 42 100
7 42 100
7 42 100
7 42 100
7 42 100
6 42 100
6 42 100
6 42 100
6 42 100
6 42 100
6 42 100
6 42 100
6 42 100
6 42 100
6 42 100
6 42 100
6 42 100
6 42 100
6 42 100
6 42 100
6 42 100
6 42 100
6 42 100
6 42 100
6 42 100
6 42 100
6 42 100
6 42 100
6 42 100
6 42 100
6 42 100
6 42 100
6 42 100
6 42 100
6 42 100
6 42 100
5 42 100
5 42 100
5 42 100
5 42 100
5 42 100
5 42 100
5 42 100
5 42 100
5 42 100
5 42 100
5 42 100
5 42 100
5 42 100
5 42 100
5 42 100
5 42 100
5 42 100
5 42 100
5 42 100
5 42 100
5 42 100
5 42 100
5 42 100
5 42 100
5 42 100
5 42 100
5 42 100
5 42 100
5 42 100
4 42 100
4 42 100
4 42 100
4 42 100
4 42 100
4 42 100
4 42 100
4 42 100
4 42 100
4 42 100
4 42 100
4 42 100
4 42 100
4 42 100
4 42 100
4 42 100
4 42 100
4 42 100
4 42 100
4 42 100
4 42 100
4 42 100
4 42 100
4 42 100
4 42 100
4 42 100
4 42 100
4 42 100
3 42 100
3 42 100
3 42 100
3 42 100
3 42 100
3 42 100
3 42 100
3 42 100
3 42 100
3 42 100
3 42 100
3 42 100
3 42 100
3 42 100
3 42 100
3 42 100
3 42 100
3 42 100
3 42 100
3 42 100
3 42 100
3 42 100
3 42 100
3 42 100
3 42 100
3 43 100
3 43 100
3 43 100
3 43 100
3 43 100
3 43 100
3 43 100
3 43 100
3 43 100
3 43 100
3 43 100
3 43 100
3 43 100
3 43 100
3 43 100
3 43 100
3 43 100
3 43 100
3 43 100
3 43 100
3 43 100
3 43 100
3 43 100
3 44 100
3 44 100
3 44 100
3 44 100
3 44 100
3 44 100
3 44 100
3 44 100
3 44 100
3 44 100
3 44 100
3 44 100
3 44 100
3 44 100
3 44 100
3 44 100
3 44 100
3 44 100
3 44 100
3 44 100
3 44 100
3 45 100
3 45 100
3 45 100
3 45 100
3 45 100
3 45 100
3 45 100
3 45 100
3 45 100
3 45 100
3 45 100
3 45 100
3 45 100
3 45 100
3 45 100
3 45 100
3 45 100
3 45 100
3 45 100
3 46 100
3 46 100
3 46 100
3 46 100
3 46 100
3 46 100
3 46 100
3 46 100
3 46 100
3 46 100
3 46 100
3 46 100
3 46 100
3 46 100
3 46 100
3 46 100
3 46 100
3 47 100
3 47 100
3 47 100
3 47 100
3 47 100
3 47 100
3 47 100
3 47 100
3 47 100
3 47 100
3 47 100
3 47 100
3 47 100
3 47 100
3 47 100
3 47 100
3 48 100
3 48 100
3 48 100
3 48 100
3 48 100
3 48 100
3 48 100
3 48 100
3 48 100
3 48 100
3 48 100
3 48 100
3 48 100
3 48 100
3 48 100
3 49 100
3 49 100
3 49 100
3 49 100
3 49 100
3 49 100
3 49 100
3 49 100
3 49 100
3 49 100
3 49 100
3 49 100
3 49 100
3 49 100
3 49 100
3 50 100
3 50 100
3 50 100
3 50 100
3 50 100
3 50 100
3 50 100
3 50 100
3 50 100
3 50 100
3 50 100
3 50 100
3 50 100
3 50 100
3 51 100
3 51 100
3 51 100
3 51 100
3 51 100
3 51 100
3 51 100
3 51 100
3 51 100
3 51 100
3 51 100
3 51 100
3 51 100
3 51 100
3 52 100
3 52 100
3 52 100
3 52 100
3 52 100
3 52 100
3 52 100
3 52 100
3 52 100
3 52 100
3 52 100
3 52 100
3 52 100
3 52 100
3 53 100
3 53 100
3 53 100
3 53 100
3 53 100
3 53 100
3 53 100
3 53 100
3 53 100
3 53 100
3 53 100
3 53 100
3 53 100
3 53 100
3 54 100
3 54 100
3 54 100
3 54 100
3 54 100
3 54 100
3 54 100
3 54 100
3 54 100
3 54 100
3 54 100
3 54 100
3 54 100
3 54 100
3 55 100
3 55 100
3 55 100
3 55 100
3 55 100
3 55 100
3 55 100
3 55 100
3 55 100
3 55 100
3 55 100
3 55 100
3 55 100
3 55 100
3 56 100
3 56 100
3 56 100
3 56 100
3 56 100
3 56 100
3 56 100
3 56 100
3 56 100
3 56 100
3 56 100
3 56 100
3 56 100
3 57 100
3 57 100
3 57 100
3 57 100
3 57 100
3 57 100
3 57 100
3 57 100
3 57 100
3 57 100
3 57 100
3 57 100
3 58 100
3 58 100
3 58 100
3 58 100
3 58 100
3 58 100
3 58 100
3 58 100
3 58 100
3 58 100
3 59 100
3 59 100
3 59 100
3 59 100
3 59 100
3 59 100
3 59 100
3 59 100
3 59 100
3 60 100
3 60 100
3 60 100
3 60 100
3 60 100
3 60 100
3 60 100
3 61 100
3 61 100
3 61 100
3 61 100
3 61 100
3 62 100
3 62 100
3 62 100
3 62 100
3 63 100
3 63 100
3 63 100
3 64 100
3 64 100
3 65 100
3 65 100
3 66 100
3 67 100
3 68 100
3 69 100
3 70 100
3 71 100
3 72 100
3 73 100
3 74 100
3 75 100
3 76 100
3 77 100
3 78 100
3 79 100
3 80 100
3 81 100
3 82 100
3 83 100
3 84 100
3 85 100
3 86 100
3 87 100
3 88 100
3 89 100
3 90 100
3 91 100
3 92 100
3 93 100
3 94 100
3 95 100
3 96 100
3 97 100
3 98 100
3 99 100
3 100 100
3 101 100
3 102 100
3 103 100
3 104 100
3 105 100
3 106 100
3 106 100
3 107 100
3 107 100
3 108 100
3 108 100
3 109 100
3 109 100
3 109 100
3 110 100
3 110 100
3 110 100
3 110 100
3 111 100
3 111 100
3 111 100
3 111 100
3 111 100
3 112 100
3 112 100
3 112 100
3 112 100
3 112 100
3 112 100
3 113 100
3 113 100
3 113 100
3 113 100
3 113 100
3 113 100
3 114 100
3 114 100
3 114 100
3 114 100
3 114 100
3 114 100
3 114 100
3 115 100
3 115 100
3 115 100
3 115 100
3 115 100
3 115 100
3 115 100
3 116 100
3 116 100
3 116 100
3 116 100
3 116 100
3 116 100
3 116 100
3 117 100
3 117 100
3 117 100
3 117 100
3 117 100
3 117 100
3 117 100
3 118 100
3 118 100
3 118 100
3 118 100
3 118 100
3 118 100
3 119 100
3 119 100
3 119 100
3 119 100
3 119 100
3 119 100
3 120 100
3 120 100
3 120 100
3 120 100
3 120 100
3 120 100
3 121 100
3 121 100
3 121 100
3 121 100
3 121 100
3 121 100
3 122 100
3 122 100
3 122 100
3 122 100
3 122 100
3 123 100
3 123 100
3 123 100
3 123 100
3 123 100
3 124 100
3 124 100
3 124 100
3 124 100
3 124 100
3 125 100
3 125 100
3 125 100
3 125 100
3 126 100
3 126 100
3 126 100
3 126 100
3 127 100
3 127 100
3 127 100
3 127 100
3 128 100
3 128 100
3 128 100
3 128 100
3 129 100
3 129 100
3 129 100
3 129 100
3 129 100
3 130 100
3 130 100
3 130 100
3 130 100
3 130 100
3 130 100
3 131 100
3 131 100
3 131 100
3 131 100
3 131 100
3 131 100
3 132 100
3 132 100
3 132 100
3 132 100
3 132 100
3 132 100
3 132 100
3 132 100
3 133 100
3 133 100
3 133 100
3 133 100
3 133 100
3 133 100
3 133 100
3 133 100
3 133 100
3 134 100
3 134 100
3 134 100
3 134 100
3 134 100
3 134 100
3 134 100
3 134 100
3 134 100
3 134 100
3 135 100
3 135 100
3 135 100
3 135 100
3 135 100
3 135 100
3 135 100
3 135 100
3 135 100
3 135 100
3 135 100
3 136 100
3 136 100
3 136 100
3 136 100
3 136 100
3 136 100
3 136 100
3 136 100
3 136 100
3 136 100
3 136 100
3 136 100
3 137 100
3 137 100
3 137 100
3 137 100
3 137 100
3 137 100
3 137 100
3 137 100
3 137 100
3 137 100
3 137 100
3 137 100
3 138 100
3 138 100
3 138 100
3 138 100
3 138 100
3 138 100
3 138 100
3 138 100
3 138 100
3 138 100
3 138 100
3 138 100
3 139 100
3 139 100
3 139 100
3 139 100
3 139 100
3 139 100
3 139 100
3 139 100
3 139 100
3 139 100
3 139 100
3 139 100
3 140 100
3 140 100
3 140 100
3 140 100
3 140 100
3 140 100
3 140 100
3 140 100
3 140 100
3 140 100
3 140 100
3 141 100
3 141 100
3 141 100
3 141 100
3 141 100
3 141 100
3 141 100
3 141 100
3 141 100
3 141 100
3 142 100
3 142 100
3 142 100
3 142 100
3 142 100
3 142 100
3 142 100
3 142 100
3 142 100
3 143 100
3 143 100
3 143 100
3 143 100
3 143 100
3 143 100
3 143 100
3 143 100
3 144 100
3 144 100
3 144 100
3 144 100
3 144 100
3 144 100
3 144 100
3 144 100
3 145 100
3 145 100
3 145 100
3 145 100
3 145 100
3 145 100
3 145 100
3 146 100
3 146 100
3 146 100
3 146 100
3 146 100
3 146 100
3 146 100
3 147 100
3 147 100
3 147 100
3 147 100
3 147 100
3 147 100
3 147 100
3 148 100
3 148 100
3 148 100
3 148 100
3 148 100
3 148 100
3 148 100
3 149 100
3 149 100
3 149 100
3 149 100
3 149 100
3 149 100
3 149 100
3 150 100
3 150 100
3 150 100
3 150 100
3 150 100
3 150 100
3 150 100
3 150 100
3 151 100
3 151 100
3 151 100
3 151 100
3 151 100
3 151 100
3 151 100
3 151 100
3 152 100
3 152 100
3 152 100
3 152 100
3 152 100
3 152 100
3 152 100
3 152 100
3 152 100
3 153 100
3 153 100
3 153 100
3 153 100
3 153 100
3 153 100
3 153 100
3 153 100
3 153 100
3 154 100
3 154 100
3 154 100
3 154 100
3 154 100
3 154 100
3 154 100
3 154 100
3 154 100
3 155 100
3 155 100
3 155 100
3 155 100
3 155 100
3 155 100
3 155 100
3 155 100
3 155 100
3 156 100
3 156 100
3 156 100
3 156 100
3 156 100
3 156 100
3 156 100
3 156 100
3 156 100
3 157 100
3 157 100
3 157 100
3 157 100
3 157 100
3 157 100
3 157 100
3 157 100
3 158 100
3 158 100
3 158 100
3 158 100
3 158 100
3 158 100
3 158 100
3 159 100
3 159 100
3 159 100
3 159 100
3 159 100
3 159 100
3 160 100
3 160 100
3 160 100
3 160 100
3 160 100
3 161 100
3 161 100
3 161 100
3 161 100
3 162 100
3 162 100
3 162 100
3 163 100
3 163 100
3 163 100
3 164 100
3 164 100
3 165 100
3 165 100
3 166 100
3 166 100
3 167 100
3 167 100
3 168 100
3 168 100
3 169 100
3 169 100
3 170 100
3 170 100
3 171 100
3 171 100
3 172 100
3 172 100
3 173 100
3 173 100
3 174 100
3 174 100
3 175 100
3 175 100
3 176 100
3 176 100
3 177 100
3 177 100
3 178 100
3 179 100
3 180 100
3 181 100
3 182 100
3 183 100
3 184 100
3 185 100
3 186 100
3 187 100
3 188 100
3 189 100
# move from (151,191) to (3,189)
151 191 100
150 191 100
149 191 100
148 191 100
147 191 100
146 191 100
145 191 100
144 191 100
144 191 100
143 191 100
143 191 100
142 191 100
142 191 100
141 191 100
141 191 100
140 191 100
140 191 100
140 191 100
139 191 100
139 191 100
139 191 100
138 191 100
138 191 100
138 191 100
138 191 100
137 191 100
137 191 100
137 191 100
137 191 100
136 191 100
136 191 100
136 191 100
136 191 100
135 191 100
135 191 100
135 191 100
134 191 100
134 191 100
134 191 100
133 191 100
133 191 100
132 191 100
132 191 100
131 191 100
131 191 100
130 191 100
130 191 100
129 191 100
128 191 100
127 191 100
126 191 100
125 191 100
124 191 100
123 191 100
122 191 100
121 191 100
120 191 100
119 191 100
118 191 100
117 191 100
116 191 100
115 191 100
114 191 100
113 191 100
112 191 100
111 191 100
110 191 100
109 191 100
108 191 100
107 191 100
106 191 100
105 191 100
104 191 100
103 191 100
102 191 100
101 191 100
100 191 100
99 191 100
98 191 100
97 191 100
96 191 100
95 191 100
94 191 100
93 191 100
92 191 100
91 191 100
90 191 100
89 191 100
88 191 100
87 191 100
86 191 100
85 191 100
84 191 100
83 191 100
82 191 100
81 191 100
80 191 100
79 191 100
78 191 100
77 191 100
76 191 100
75 191 100
74 191 100
73 191 100
72 191 100
71 191 100
71 191 100
70 191 100
70 191 100
69 191 100
69 191 100
68 191 100
68 191 100
68 191 100
67 191 100
67 191 100
67 191 100
66 191 100
66 191 100
66 191 100
65 191 100
65 191 100
65 191 100
64 191 100
64 191 100
64 191 100
63 191 100
63 191 100
63 191 100
62 191 100
62 191 100
61 191 100
61 191 100
60 191 100
60 191 100
59 191 100
59 191 100
58 191 100
57 191 100
56 191 100
55 191 100
54 191 100
53 191 100
52 191 100
51 191 100
50 191 100
49 191 100
48 191 100
47 191 100
46 191 100
45 191 100
44 191 100
43 191 100
42 191 100
41 191 100
40 191 100
39 191 100
38 191 100
37 191 100
36 191 100
35 191 100
34 191 100
33 191 100
32 191 100
31 191 100
30 191 100
29 191 100
28 191 100
27 191 100
26 191 100
25 191 100
24 191 100
23 191 100
22 191 100
21 191 100
20 191 100
19 191 100
18 191 100
17 191 100
16 191 100
15 191 100
14 191 100
13 191 100
12 191 100
11 191 100
10 191 100
9 191 100
9 191 100
8 191 100
8 191 100
7 191 100
7 191 100
6 191 100
6 191 100
5 191 100
5 191 100
4 191 100
4 191 100
3 191 100
3 191 100
3 190 100
