# move from (41,67) to (178,47)
41 67 100
42 67 100
43 67 100
44 67 100
45 67 100
46 67 100
47 67 100
48 67 100
49 67 100
49 67 100
50 67 100
50 67 100
51 67 100
51 67 100
51 67 100
51 67 100
52 67 100
52 67 100
52 67 100
52 67 100
52 67 100
53 67 100
53 67 100
53 67 100
53 67 100
53 67 100
53 67 100
54 67 100
54 67 100
54 67 100
54 67 100
54 67 100
54 67 100
54 67 100
55 67 100
55 67 100
55 67 100
55 67 100
55 67 100
55 67 100
55 67 100
56 67 100
56 67 100
56 67 100
56 67 100
56 67 100
56 67 100
56 67 100
57 67 100
57 67 100
57 67 100
57 67 100
57 67 100
57 67 100
58 67 100
58 67 100
58 67 100
58 67 100
58 67 100
58 67 100
59 67 100
59 67 100
59 67 100
59 67 100
59 67 100
60 67 100
60 67 100
60 67 100
60 67 100
60 67 100
61 67 100
61 67 100
61 67 100
61 67 100
61 67 100
62 67 100
62 67 100
62 67 100
62 67 100
62 67 100
63 67 100
63 67 100
63 67 100
63 67 100
63 67 100
63 67 100
64 67 100
64 67 100
64 67 100
64 67 100
64 67 100
65 67 100
65 67 100
65 67 100
65 67 100
65 67 100
66 67 100
66 67 100
66 67 100
66 67 100
67 67 100
67 67 100
67 67 100
68 67 100
68 67 100
68 67 100
69 67 100
69 67 100
70 67 100
70 67 100
71 67 100
71 67 100
72 67 100
72 67 100
73 67 100
73 67 100
73 67 100
74 67 100
74 67 100
74 67 100
75 67 100
75 67 100
75 67 100
76 67 100
76 67 100
76 67 100
77 67 100
77 67 100
77 67 100
78 67 100
78 67 100
78 67 100
79 67 100
79 67 100
79 67 100
80 67 100
80 67 100
80 67 100
81 67 100
81 67 100
81 67 100
82 67 100
82 67 100
82 67 100
83 67 100
83 67 100
83 67 100
84 67 100
84 67 100
84 67 100
85 67 100
85 67 100
85 67 100
85 67 100
86 67 100
86 67 100
86 67 100
86 67 100
87 67 100
87 67 100
87 67 100
88 67 100
88 67 100
88 67 100
89 67 100
89 67 100
90 67 100
90 67 100
91 67 100
91 67 100
92 67 100
92 67 100
93 67 100
93 67 100
94 67 100
94 67 100
95 67 100
95 67 100
96 67 100
96 67 100
97 67 100
97 67 100
98 67 100
98 67 100
99 67 100
99 67 100
100 67 100
101 67 100
102 67 100
103 67 100
104 67 100
105 67 100
106 67 100
107 67 100
108 67 100
109 67 100
110 67 100
111 67 100
112 67 100
113 67 100
114 67 100
115 67 100
116 67 100
117 67 100
118 67 100
119 67 100
120 67 100
121 67 100
122 67 100
123 67 100
124 67 100
125 67 100
126 67 100
127 67 100
128 67 100
129 67 100
130 67 100
131 67 100
132 67 100
133 67 100
134 67 100
135 67 100
136 67 100
136 67 100
137 67 100
137 67 100
138 67 100
138 67 100
138 67 100
139 67 100
139 67 100
139 67 100
139 67 100
139 67 100
140 67 100
140 67 100
140 67 100
140 67 100
140 67 100
140 67 100
140 67 100
141 67 100
141 67 100
141 67 100
141 67 100
141 67 100
141 67 100
141 67 100
141 67 100
141 67 100
142 67 100
142 67 100
142 67 100
142 67 100
142 67 100
142 67 100
142 67 100
142 67 100
142 67 100
142 67 100
142 67 100
142 67 100
143 67 100
143 67 100
143 67 100
143 67 100
143 67 100
143 67 100
143 67 100
143 67 100
143 67 100
143 67 100
143 67 100
143 67 100
143 67 100
144 67 100
144 67 100
144 67 100
144 67 100
144 67 100
144 67 100
144 67 100
144 67 100
144 67 100
144 67 100
144 67 100
144 67 100
144 67 100
144 67 100
145 67 100
145 67 100
145 67 100
145 67 100
145 67 100
145 67 100
145 67 100
145 67 100
145 67 100
145 67 100
145 67 100
145 67 100
145 67 100
145 67 100
146 67 100
146 67 100
146 67 100
146 67 100
146 67 100
146 67 100
146 67 100
146 67 100
146 67 100
146 67 100
146 67 100
146 67 100
146 67 100
147 67 100
147 67 100
147 67 100
147 67 100
147 67 100
147 67 100
147 67 100
147 67 100
147 67 100
147 67 100
147 67 100
147 67 100
148 67 100
148 67 100
148 67 100
148 67 100
148 67 100
148 67 100
148 67 100
148 67 100
148 67 100
148 67 100
149 67 100
149 67 100
149 67 100
149 67 100
149 67 100
149 67 100
149 67 100
149 67 100
149 67 100
150 67 100
150 67 100
150 67 100
150 67 100
150 67 100
150 67 100
150 67 100
151 67 100
151 67 100
151 67 100
151 67 100
151 67 100
151 67 100
152 67 100
152 67 100
152 67 100
152 67 100
152 67 100
152 67 100
153 67 100
153 67 100
153 67 100
153 67 100
153 67 100
153 67 100
154 67 100
154 67 100
154 67 100
154 67 100
154 67 100
154 67 100
155 67 100
155 67 100
155 67 100
155 67 100
155 67 100
155 67 100
155 67 100
156 67 100
156 67 100
156 67 100
156 67 100
156 67 100
156 67 100
156 67 100
157 67 100
157 67 100
157 67 100
157 67 100
157 67 100
157 67 100
157 67 100
158 67 100
158 67 100
158 67 100
158 67 100
158 67 100
158 67 100
158 67 100
159 67 100
159 67 100
159 67 100
159 67 100
159 67 100
159 67 100
160 67 100
160 67 100
160 67 100
160 67 100
160 67 100
161 67 100
161 67 100
161 67 100
161 67 100
162 67 100
162 67 100
162 67 100
163 67 100
163 67 100
163 67 100
164 67 100
164 67 100
165 67 100
165 67 100
166 67 100
166 67 100
167 67 100
167 67 100
168 67 100
168 67 100
168 67 100
169 67 100
169 67 100
169 67 100
170 67 100
170 67 100
170 67 100
170 67 100
171 67 100
171 67 100
171 67 100
171 67 100
171 67 100
172 67 100
172 67 100
172 67 100
172 67 100
172 67 100
172 67 100
173 67 100
173 67 100
173 67 100
173 67 100
173 67 100
173 67 100
174 67 100
174 67 100
174 67 100
174 67 100
174 67 100
174 67 100
174 67 100
175 67 100
175 67 100
175 67 100
175 67 100
175 67 100
175 67 100
176 67 100
176 67 100
176 67 100
176 67 100
176 67 100
176 67 100
177 67 100
177 67 100
177 67 100
177 67 100
177 67 100
177 67 100
178 67 100
178 67 100
178 67 100
178 67 100
178 67 100
178 66 100
178 66 100
178 66 100
178 66 100
178 66 100
178 66 100
178 65 100
178 65 100
178 65 100
178 65 100
178 65 100
178 65 100
178 65 100
178 64 100
178 64 100
178 64 100
178 64 100
178 64 100
178 64 100
178 64 100
178 63 100
178 63 100
178 63 100
178 63 100
178 63 100
178 63 100
178 63 100
178 63 100
178 62 100
178 62 100
178 62 100
178 62 100
178 62 100
178 62 100
178 62 100
178 62 100
178 62 100
178 61 100
178 61 100
178 61 100
178 61 100
178 61 100
178 61 100
178 61 100
178 61 100
178 61 100
178 61 100
178 60 100
178 60 100
178 60 100
178 60 100
178 60 100
178 60 100
178 60 100
178 60 100
178 60 100
178 60 100
178 60 100
178 59 100
178 59 100
178 59 100
178 59 100
178 59 100
178 59 100
178 59 100
178 59 100
178 59 100
178 59 100
178 59 100
178 58 100
178 58 100
178 58 100
178 58 100
178 58 100
178 58 100
178 58 100
178 58 100
178 58 100
178 58 100
178 58 100
178 57 100
178 57 100
178 57 100
178 57 100
178 57 100
178 57 100
178 57 100
178 57 100
178 57 100
178 57 100
178 56 100
178 56 100
178 56 100
178 56 100
178 56 100
178 56 100
178 56 100
178 56 100
178 56 100
178 56 100
178 55 100
178 55 100
178 55 100
178 55 100
178 55 100
178 55 100
178 55 100
178 55 100
178 55 100
178 54 100
178 54 100
178 54 100
178 54 100
178 54 100
178 54 100
178 54 100
178 53 100
178 53 100
178 53 100
178 53 100
178 53 100
178 53 100
178 52 100
178 52 100
178 52 100
178 52 100
178 51 100
178 51 100
178 51 100
178 50 100
178 50 100
178 49 100
178 49 100
178 48 100
178 47 100
# move from (20,144) to (178,47)
20 144 100
21 144 100
22 144 100
23 144 100
24 144 100
25 144 100
26 144 100
27 144 100
28 144 100
29 144 100
30 144 100
31 144 100
32 144 100
32 144 100
33 144 100
33 144 100
34 144 100
34 144 100
35 144 100
35 144 100
36 144 100
36 144 100
37 144 100
37 144 100
38 144 100
39 144 100
40 144 100
41 144 100
42 144 100
43 144 100
44 144 100
45 144 100
46 144 100
47 144 100
48 144 100
49 144 100
50 144 100
51 144 100
52 144 100
53 144 100
54 144 100
55 144 100
56 144 100
57 144 100
58 144 100
59 144 100
60 144 100
61 144 100
62 144 100
62 144 100
63 144 100
63 144 100
64 144 100
64 144 100
64 144 100
65 144 100
65 144 100
65 144 100
65 144 100
66 144 100
66 144 100
66 144 100
66 144 100
66 144 100
67 144 100
67 144 100
67 144 100
67 144 100
67 144 100
68 144 100
68 144 100
68 144 100
68 144 100
68 144 100
69 144 100
69 144 100
69 144 100
69 144 100
69 144 100
70 144 100
70 144 100
70 144 100
70 144 100
71 144 100
71 144 100
71 144 100
71 144 100
72 144 100
72 144 100
72 144 100
73 144 100
73 144 100
73 144 100
74 144 100
74 144 100
74 144 100
75 144 100
75 144 100
75 144 100
76 144 100
76 144 100
76 144 100
77 144 100
77 144 100
77 144 100
78 144 100
78 144 100
78 144 100
78 144 100
79 144 100
79 144 100
79 144 100
79 144 100
80 144 100
80 144 100
80 144 100
80 144 100
80 144 100
81 144 100
81 144 100
81 144 100
81 144 100
81 144 100
82 144 100
82 144 100
82 144 100
82 144 100
82 144 100
83 144 100
83 144 100
83 144 100
83 144 100
83 144 100
84 144 100
84 144 100
84 144 100
84 144 100
84 144 100
85 144 100
85 144 100
85 144 100
85 144 100
85 144 100
86 144 100
86 144 100
86 144 100
86 144 100
86 144 100
87 144 100
87 144 100
87 144 100
87 144 100
87 144 100
87 144 100
88 144 100
88 144 100
88 144 100
88 144 100
88 144 100
88 144 100
88 144 100
88 144 100
89 144 100
89 144 100
89 144 100
89 144 100
89 144 100
89 144 100
89 144 100
89 144 100
89 144 100
89 144 100
90 144 100
90 144 100
90 144 100
90 144 100
90 144 100
90 144 100
90 144 100
90 144 100
90 144 100
90 144 100
90 144 100
90 144 100
91 144 100
91 144 100
91 144 100
91 144 100
91 144 100
91 144 100
91 144 100
91 144 100
91 144 100
91 144 100
91 144 100
91 144 100
91 144 100
91 144 100
91 144 100
92 144 100
92 144 100
92 144 100
92 144 100
92 144 100
92 144 100
92 144 100
92 144 100
92 144 100
92 144 100
92 144 100
92 144 100
92 144 100
92 144 100
92 144 100
92 144 100
92 144 100
93 144 100
93 144 100
93 144 100
93 144 100
93 144 100
93 144 100
93 144 100
93 144 100
93 144 100
93 144 100
93 144 100
93 144 100
93 144 100
93 144 100
93 144 100
93 144 100
93 144 100
93 144 100
93 144 100
94 144 100
94 144 100
94 144 100
94 144 100
94 144 100
94 144 100
94 144 100
94 144 100
94 144 100
94 144 100
94 144 100
94 144 100
94 144 100
94 144 100
94 144 100
94 144 100
94 144 100
94 144 100
94 144 100
94 144 100
95 144 100
95 144 100
95 144 100
95 144 100
95 144 100
95 144 100
95 144 100
95 144 100
95 144 100
95 144 100
95 144 100
95 144 100
95 144 100
95 144 100
95 144 100
95 144 100
95 144 100
95 144 100
95 144 100
95 144 100
95 144 100
96 144 100
96 144 100
96 144 100
96 144 100
96 144 100
96 144 100
96 144 100
96 144 100
96 144 100
96 144 100
96 144 100
96 144 100
96 144 100
96 144 100
96 144 100
96 144 100
96 144 100
96 144 100
96 144 100
96 144 100
96 144 100
97 144 100
97 144 100
97 144 100
97 144 100
97 144 100
97 144 100
97 144 100
97 144 100
97 144 100
97 144 100
97 144 100
97 144 100
97 144 100
97 144 100
97 144 100
97 144 100
97 144 100
97 144 100
97 144 100
97 144 100
98 144 100
98 144 100
98 144 100
98 144 100
98 144 100
98 144 100
98 144 100
98 144 100
98 144 100
98 144 100
98 144 100
98 144 100
98 144 100
98 144 100
98 144 100
98 144 100
98 144 100
98 144 100
98 144 100
99 144 100
99 144 100
99 144 100
99 144 100
99 144 100
99 144 100
99 144 100
99 144 100
99 144 100
99 144 100
99 144 100
99 144 100
99 144 100
99 144 100
99 144 100
99 144 100
99 144 100
100 144 100
100 144 100
100 144 100
100 144 100
100 144 100
100 144 100
100 144 100
100 144 100
100 144 100
100 144 100
100 144 100
100 144 100
100 144 100
100 144 100
100 144 100
100 144 100
101 144 100
101 144 100
101 144 100
101 144 100
101 144 100
101 144 100
101 144 100
101 144 100
101 144 100
101 144 100
101 144 100
101 144 100
101 144 100
101 144 100
101 144 100
101 144 100
102 144 100
102 144 100
102 144 100
102 144 100
102 144 100
102 144 100
102 144 100
102 144 100
102 144 100
102 144 100
102 144 100
102 144 100
102 144 100
102 144 100
102 144 100
103 144 100
103 144 100
103 144 100
103 144 100
103 144 100
103 144 100
103 144 100
103 144 100
103 144 100
103 144 100
103 144 100
103 144 100
103 144 100
103 144 100
103 144 100
104 144 100
104 144 100
104 144 100
104 144 100
104 144 100
104 144 100
104 144 100
104 144 100
104 144 100
104 144 100
104 144 100
104 144 100
104 144 100
104 144 100
105 144 100
105 144 100
105 144 100
105 144 100
105 144 100
105 144 100
105 144 100
105 144 100
105 144 100
105 144 100
105 144 100
105 144 100
105 144 100
106 144 100
106 144 100
106 144 100
106 144 100
106 144 100
106 144 100
106 144 100
106 144 100
106 144 100
106 144 100
106 144 100
107 144 100
107 144 100
107 144 100
107 144 100
107 144 100
107 144 100
107 144 100
107 144 100
107 144 100
108 144 100
108 144 100
108 144 100
108 144 100
108 144 100
108 144 100
108 144 100
109 144 100
109 144 100
109 144 100
109 144 100
109 144 100
110 144 100
110 144 100
110 144 100
111 144 100
111 144 100
112 144 100
113 144 100
114 144 100
115 144 100
116 144 100
117 144 100
118 144 100
119 144 100
120 144 100
121 144 100
122 144 100
123 144 100
124 144 100
124 144 100
125 144 100
125 144 100
126 144 100
126 144 100
127 144 100
127 144 100
128 144 100
128 144 100
129 144 100
129 144 100
130 144 100
130 144 100
130 144 100
131 144 100
131 144 100
131 144 100
132 144 100
132 144 100
132 144 100
132 144 100
133 144 100
133 144 100
133 144 100
133 144 100
133 144 100
134 144 100
134 144 100
134 144 100
134 144 100
134 144 100
134 144 100
134 144 100
135 144 100
135 144 100
135 144 100
135 144 100
135 144 100
135 144 100
135 144 100
135 144 100
135 144 100
135 144 100
135 144 100
136 144 100
136 144 100
136 144 100
136 144 100
136 144 100
136 144 100
136 144 100
136 144 100
136 144 100
136 144 100
136 144 100
136 144 100
136 144 100
136 144 100
136 144 100
137 144 100
137 144 100
137 144 100
137 144 100
137 144 100
137 144 100
137 144 100
137 144 100
137 144 100
137 144 100
137 144 100
137 144 100
137 144 100
137 144 100
137 144 100
137 144 100
137 144 100
137 144 100
137 144 100
137 144 100
137 144 100
138 144 100
138 144 100
138 144 100
138 144 100
138 144 100
138 144 100
138 144 100
138 144 100
138 144 100
138 144 100
138 144 100
138 144 100
138 144 100
138 144 100
138 144 100
138 144 100
138 144 100
138 144 100
138 144 100
138 144 100
138 144 100
138 144 100
138 144 100
138 144 100
138 144 100
138 144 100
139 144 100
139 144 100
139 144 100
139 144 100
139 144 100
139 144 100
139 144 100
139 144 100
139 144 100
139 144 100
139 144 100
139 144 100
139 144 100
139 144 100
139 144 100
139 144 100
139 144 100
139 144 100
139 144 100
139 144 100
139 144 100
139 144 100
139 144 100
139 144 100
139 144 100
139 144 100
139 144 100
139 144 100
139 144 100
139 144 100
139 144 100
140 144 100
140 144 100
140 144 100
140 144 100
140 144 100
140 144 100
140 144 100
140 144 100
140 144 100
140 144 100
140 144 100
140 144 100
140 144 100
140 144 100
140 144 100
140 144 100
140 144 100
140 144 100
140 144 100
140 144 100
140 144 100
140 144 100
140 144 100
140 144 100
140 144 100
140 144 100
140 144 100
140 144 100
140 144 100
140 144 100
140 144 100
140 144 100
140 144 100
140 144 100
140 144 100
141 144 100
141 144 100
141 144 100
141 144 100
141 144 100
141 144 100
141 144 100
141 144 100
141 144 100
141 144 100
141 144 100
141 144 100
141 144 100
141 144 100
141 144 100
141 144 100
141 144 100
141 144 100
141 144 100
141 144 100
141 144 100
141 144 100
141 144 100
141 144 100
141 144 100
141 144 100
141 144 100
141 144 100
141 144 100
141 144 100
141 144 100
141 144 100
141 144 100
141 144 100
141 144 100
141 144 100
141 144 100
142 144 100
142 144 100
142 144 100
142 144 100
142 144 100
142 144 100
142 144 100
142 144 100
142 144 100
142 144 100
142 144 100
142 144 100
142 144 100
142 144 100
142 144 100
142 144 100
142 144 100
142 144 100
142 144 100
142 144 100
142 144 100
142 144 100
142 144 100
142 144 100
142 144 100
142 144 100
142 144 100
142 144 100
142 144 100
142 144 100
142 144 100
142 144 100
142 144 100
142 144 100
142 144 100
142 144 100
142 144 100
142 144 100
143 144 100
143 144 100
143 144 100
143 144 100
143 144 100
143 144 100
143 144 100
143 144 100
143 144 100
143 144 100
143 144 100
143 144 100
143 144 100
143 144 100
143 144 100
143 144 100
143 144 100
143 144 100
143 144 100
143 144 100
143 144 100
143 144 100
143 144 100
143 144 100
143 144 100
143 144 100
143 144 100
143 144 100
143 144 100
143 144 100
143 144 100
143 144 100
143 144 100
143 144 100
143 144 100
143 144 100
143 144 100
143 144 100
143 144 100
144 144 100
144 144 100
144 144 100
144 144 100
144 144 100
144 144 100
144 144 100
144 144 100
144 144 100
144 144 100
144 144 100
144 144 100
144 144 100
144 144 100
144 144 100
144 144 100
144 144 100
144 144 100
144 144 100
144 144 100
144 144 100
144 144 100
144 144 100
144 144 100
144 144 100
144 144 100
144 144 100
144 144 100
144 144 100
144 144 100
144 144 100
144 144 100
144 144 100
144 144 100
144 144 100
144 144 100
144 144 100
144 144 100
145 144 100
145 144 100
145 144 100
145 144 100
145 144 100
145 144 100
145 144 100
145 144 100
145 144 100
145 144 100
145 144 100
145 144 100
145 144 100
145 144 100
145 144 100
145 144 100
145 144 100
145 144 100
145 144 100
145 144 100
145 144 100
145 144 100
145 144 100
145 144 100
145 144 100
145 144 100
145 144 100
145 144 100
145 144 100
145 144 100
145 144 100
145 144 100
145 144 100
145 144 100
145 144 100
145 144 100
145 144 100
145 144 100
146 144 100
146 144 100
146 144 100
146 144 100
146 144 100
146 144 100
146 144 100
146 144 100
146 144 100
146 144 100
146 144 100
146 144 100
146 144 100
146 144 100
146 144 100
146 144 100
146 144 100
146 144 100
146 144 100
146 144 100
146 144 100
146 144 100
146 144 100
146 144 100
146 144 100
146 144 100
146 144 100
146 144 100
146 144 100
146 144 100
146 144 100
146 144 100
146 144 100
146 144 100
146 144 100
146 144 100
146 144 100
147 144 100
147 144 100
147 144 100
147 144 100
147 144 100
147 144 100
147 144 100
147 144 100
147 144 100
147 144 100
147 144 100
147 144 100
147 144 100
147 144 100
147 144 100
147 144 100
147 144 100
147 144 100
147 144 100
147 144 100
147 144 100
147 144 100
147 144 100
147 144 100
147 144 100
147 144 100
147 144 100
147 144 100
147 144 100
147 144 100
147 144 100
147 144 100
147 144 100
147 144 100
147 144 100
147 144 100
148 144 100
148 144 100
148 144 100
148 144 100
148 144 100
148 144 100
148 144 100
148 144 100
148 144 100
148 144 100
148 144 100
148 144 100
148 144 100
148 144 100
148 144 100
148 144 100
148 144 100
148 144 100
148 144 100
148 144 100
148 144 100
148 144 100
148 144 100
148 144 100
148 144 100
148 144 100
148 144 100
148 144 100
148 144 100
148 144 100
148 144 100
148 144 100
148 144 100
148 144 100
148 144 100
148 144 100
149 144 100
149 144 100
149 144 100
149 144 100
149 144 100
149 144 100
149 144 100
149 144 100
149 144 100
149 144 100
149 144 100
149 144 100
149 144 100
149 144 100
149 144 100
149 144 100
149 144 100
149 144 100
149 144 100
149 144 100
149 144 100
149 144 100
149 144 100
149 144 100
149 144 100
149 144 100
149 144 100
149 144 100
149 144 100
149 144 100
149 144 100
149 144 100
149 144 100
149 144 100
149 144 100
150 144 100
150 144 100
150 144 100
150 144 100
150 144 100
150 144 100
150 144 100
150 144 100
150 144 100
150 144 100
150 144 100
150 144 100
150 144 100
150 144 100
150 144 100
150 144 100
150 144 100
150 144 100
150 144 100
150 144 100
150 144 100
150 144 100
150 144 100
150 144 100
150 144 100
150 144 100
150 144 100
150 144 100
150 144 100
150 144 100
150 144 100
150 144 100
150 144 100
150 144 100
150 144 100
151 144 100
151 144 100
151 144 100
151 144 100
151 144 100
151 144 100
151 144 100
151 144 100
151 144 100
151 144 100
151 144 100
151 144 100
151 144 100
151 144 100
151 144 100
151 144 100
151 144 100
151 144 100
151 144 100
151 144 100
151 144 100
151 144 100
151 144 100
151 144 100
151 144 100
151 144 100
151 144 100
151 144 100
151 144 100
151 144 100
151 144 100
151 144 100
151 144 100
151 144 100
152 144 100
152 144 100
152 144 100
152 144 100
152 144 100
152 144 100
152 144 100
152 144 100
152 144 100
152 144 100
152 144 100
152 144 100
152 144 100
152 144 100
152 144 100
152 144 100
152 144 100
152 144 100
152 144 100
152 144 100
152 144 100
152 144 100
152 144 100
152 144 100
152 144 100
152 144 100
152 144 100
152 144 100
152 144 100
152 144 100
152 144 100
152 144 100
152 144 100
152 144 100
153 144 100
153 144 100
153 144 100
153 144 100
153 144 100
153 144 100
153 144 100
153 144 100
153 144 100
153 144 100
153 144 100
153 144 100
153 144 100
153 144 100
153 144 100
153 144 100
153 144 100
153 144 100
153 144 100
153 144 100
153 144 100
153 144 100
153 144 100
153 144 100
153 144 100
153 144 100
153 144 100
153 144 100
153 144 100
153 144 100
153 144 100
153 144 100
153 144 100
154 144 100
154 144 100
154 144 100
154 144 100
154 144 100
154 144 100
154 144 100
154 144 100
154 144 100
154 144 100
154 144 100
154 144 100
154 144 100
154 144 100
154 144 100
154 144 100
154 144 100
154 144 100
154 144 100
154 144 100
154 144 100
154 144 100
154 144 100
154 144 100
154 144 100
154 144 100
154 144 100
154 144 100
154 144 100
154 144 100
154 144 100
155 144 100
155 144 100
155 144 100
155 144 100
155 144 100
155 144 100
155 144 100
155 144 100
155 144 100
155 144 100
155 144 100
155 144 100
155 144 100
155 144 100
155 144 100
155 144 100
155 144 100
155 144 100
155 144 100
155 144 100
155 144 100
155 144 100
155 144 100
155 144 100
155 144 100
155 144 100
155 144 100
155 144 100
155 144 100
156 144 100
156 144 100
156 144 100
156 144 100
156 144 100
156 144 100
156 144 100
156 144 100
156 144 100
156 144 100
156 144 100
156 144 100
156 144 100
156 144 100
156 144 100
156 144 100
156 144 100
156 144 100
156 144 100
156 144 100
156 144 100
156 144 100
156 144 100
156 144 100
156 144 100
157 144 100
157 144 100
157 144 100
157 144 100
157 144 100
157 144 100
157 144 100
157 144 100
157 144 100
157 144 100
157 144 100
157 144 100
157 144 100
157 144 100
157 144 100
157 144 100
157 144 100
157 144 100
157 144 100
157 144 100
157 144 100
158 144 100
158 144 100
158 144 100
158 144 100
158 144 100
158 144 100
158 144 100
158 144 100
158 144 100
158 144 100
158 144 100
158 144 100
158 144 100
158 144 100
158 144 100
158 144 100
158 144 100
159 144 100
159 144 100
159 144 100
159 144 100
159 144 100
159 144 100
159 144 100
159 144 100
159 144 100
159 144 100
159 144 100
159 144 100
159 144 100
160 144 100
160 144 100
160 144 100
160 144 100
160 144 100
160 144 100
160 144 100
160 144 100
160 144 100
160 144 100
161 144 100
161 144 100
161 144 100
161 144 100
161 144 100
161 144 100
161 144 100
161 144 100
162 144 100
162 144 100
162 144 100
162 144 100
162 144 100
162 144 100
163 144 100
163 144 100
163 144 100
163 144 100
164 144 100
164 144 100
164 144 100
165 144 100
165 144 100
166 144 100
166 144 100
167 144 100
167 144 100
168 144 100
169 144 100
170 144 100
171 144 100
172 144 100
173 144 100
174 144 100
175 144 100
176 144 100
177 144 100
178 144 100
178 143 100
178 142 100
178 141 100
178 140 100
178 139 100
178 138 100
178 137 100
178 136 100
178 135 100
178 134 100
178 133 100
178 132 100
178 131 100
178 130 100
178 129 100
178 128 100
178 127 100
178 126 100
178 125 100
178 124 100
178 123 100
178 122 100
178 121 100
178 120 100
178 119 100
178 118 100
178 117 100
178 116 100
178 115 100
178 114 100
178 113 100
178 112 100
178 111 100
178 110 100
178 109 100
178 108 100
178 107 100
178 106 100
178 105 100
178 104 100
178 103 100
178 102 100
178 101 100
178 101 100
178 100 100
178 100 100
178 99 100
178 99 100
178 98 100
178 98 100
178 97 100
178 97 100
178 96 100
178 96 100
178 95 100
178 95 100
178 94 100
178 94 100
178 93 100
178 93 100
178 93 100
178 92 100
178 92 100
178 92 100
178 91 100
178 91 100
178 91 100
178 90 100
178 90 100
178 90 100
178 89 100
178 89 100
178 88 100
178 88 100
178 87 100
178 87 100
178 86 100
178 86 100
178 85 100
178 85 100
178 84 100
178 83 100
178 82 100
178 81 100
178 80 100
178 79 100
178 78 100
178 77 100
178 76 100
178 75 100
178 74 100
178 73 100
178 73 100
178 72 100
178 72 100
178 71 100
178 71 100
178 70 100
178 70 100
178 70 100
178 69 100
178 69 100
178 69 100
178 69 100
178 68 100
178 68 100
178 68 100
178 68 100
# move from (107,62) to (178,47)
107 62 100
108 62 100
109 62 100
110 62 100
111 62 100
112 62 100
113 62 100
114 62 100
115 62 100
116 62 100
117 62 100
118 62 100
119 62 100
120 62 100
121 62 100
122 62 100
123 62 100
124 62 100
125 62 100
126 62 100
127 62 100
128 62 100
129 62 100
129 62 100
130 62 100
130 62 100
131 62 100
131 62 100
131 62 100
132 62 100
132 62 100
132 62 100
132 62 100
133 62 100
133 62 100
133 62 100
133 62 100
133 62 100
134 62 100
134 62 100
134 62 100
134 62 100
134 62 100
134 62 100
135 62 100
135 62 100
135 62 100
135 62 100
135 62 100
135 62 100
135 62 100
135 62 100
136 62 100
136 62 100
136 62 100
136 62 100
136 62 100
136 62 100
136 62 100
136 62 100
136 62 100
136 62 100
137 62 100
137 62 100
137 62 100
137 62 100
137 62 100
137 62 100
137 62 100
137 62 100
137 62 100
137 62 100
137 62 100
137 62 100
138 62 100
138 62 100
138 62 100
138 62 100
138 62 100
138 62 100
138 62 100
138 62 100
138 62 100
138 62 100
138 62 100
138 62 100
138 62 100
138 62 100
139 62 100
139 62 100
139 62 100
139 62 100
139 62 100
139 62 100
139 62 100
139 62 100
139 62 100
139 62 100
139 62 100
139 62 100
139 62 100
139 62 100
139 62 100
139 62 100
139 62 100
140 62 100
140 62 100
140 62 100
140 62 100
140 62 100
140 62 100
140 62 100
140 62 100
140 62 100
140 62 100
140 62 100
140 62 100
140 62 100
140 62 100
140 62 100
140 62 100
140 62 100
140 62 100
140 62 100
141 62 100
141 62 100
141 62 100
141 62 100
141 62 100
141 62 100
141 62 100
141 62 100
141 62 100
141 62 100
141 62 100
141 62 100
141 62 100
141 62 100
141 62 100
141 62 100
141 62 100
141 62 100
141 62 100
141 62 100
141 62 100
142 62 100
142 62 100
142 62 100
142 62 100
142 62 100
142 62 100
142 62 100
142 62 100
142 62 100
142 62 100
142 62 100
142 62 100
142 62 100
142 62 100
142 62 100
142 62 100
142 62 100
142 62 100
142 62 100
142 62 100
142 62 100
142 62 100
142 62 100
143 62 100
143 62 100
143 62 100
143 62 100
143 62 100
143 62 100
143 62 100
143 62 100
143 62 100
143 62 100
143 62 100
143 62 100
143 62 100
143 62 100
143 62 100
143 62 100
143 62 100
143 62 100
143 62 100
143 62 100
143 62 100
143 62 100
143 62 100
143 62 100
144 62 100
144 62 100
144 62 100
144 62 100
144 62 100
144 62 100
144 62 100
144 62 100
144 62 100
144 62 100
144 62 100
144 62 100
144 62 100
144 62 100
144 62 100
144 62 100
144 62 100
144 62 100
144 62 100
144 62 100
144 62 100
144 62 100
144 62 100
144 62 100
145 62 100
145 62 100
145 62 100
145 62 100
145 62 100
145 62 100
145 62 100
145 62 100
145 62 100
145 62 100
145 62 100
145 62 100
145 62 100
145 62 100
145 62 100
145 62 100
145 62 100
145 62 100
145 62 100
145 62 100
145 62 100
145 62 100
145 62 100
145 62 100
146 62 100
146 62 100
146 62 100
146 62 100
146 62 100
146 62 100
146 62 100
146 62 100
146 62 100
146 62 100
146 62 100
146 62 100
146 62 100
146 62 100
146 62 100
146 62 100
146 62 100
146 62 100
146 62 100
146 62 100
146 62 100
146 62 100
147 62 100
147 62 100
147 62 100
147 62 100
147 62 100
147 62 100
147 62 100
147 62 100
147 62 100
147 62 100
147 62 100
147 62 100
147 62 100
147 62 100
147 62 100
147 62 100
147 62 100
147 62 100
147 62 100
147 62 100
148 62 100
148 62 100
148 62 100
148 62 100
148 62 100
148 62 100
148 62 100
148 62 100
148 62 100
148 62 100
148 62 100
148 62 100
148 62 100
148 62 100
148 62 100
148 62 100
148 62 100
149 62 100
149 62 100
149 62 100
149 62 100
149 62 100
149 62 100
149 62 100
149 62 100
149 62 100
149 62 100
149 62 100
149 62 100
149 62 100
149 62 100
149 62 100
150 62 100
150 62 100
150 62 100
150 62 100
150 62 100
150 62 100
150 62 100
150 62 100
150 62 100
150 62 100
150 62 100
150 62 100
151 62 100
151 62 100
151 62 100
151 62 100
151 62 100
151 62 100
151 62 100
151 62 100
151 62 100
151 62 100
152 62 100
152 62 100
152 62 100
152 62 100
152 62 100
152 62 100
152 62 100
152 62 100
152 62 100
153 62 100
153 62 100
153 62 100
153 62 100
153 62 100
153 62 100
153 62 100
153 62 100
154 62 100
154 62 100
154 62 100
154 62 100
154 62 100
154 62 100
154 62 100
154 62 100
155 62 100
155 62 100
155 62 100
155 62 100
155 62 100
155 62 100
155 62 100
155 62 100
155 62 100
156 62 100
156 62 100
156 62 100
156 62 100
156 62 100
156 62 100
156 62 100
156 62 100
156 62 100
156 62 100
157 62 100
157 62 100
157 62 100
157 62 100
157 62 100
157 62 100
157 62 100
157 62 100
157 62 100
157 62 100
157 62 100
158 62 100
158 62 100
158 62 100
158 62 100
158 62 100
158 62 100
158 62 100
158 62 100
158 62 100
158 62 100
158 62 100
159 62 100
159 62 100
159 62 100
159 62 100
159 62 100
159 62 100
159 62 100
159 62 100
159 62 100
159 62 100
159 62 100
160 62 100
160 62 100
160 62 100
160 62 100
160 62 100
160 62 100
160 62 100
160 62 100
160 62 100
160 62 100
161 62 100
161 62 100
161 62 100
161 62 100
161 62 100
161 62 100
161 62 100
161 62 100
161 62 100
162 62 100
162 62 100
162 62 100
162 62 100
162 62 100
162 62 100
162 62 100
162 62 100
163 62 100
163 62 100
163 62 100
163 62 100
163 62 100
163 62 100
163 62 100
163 62 100
164 62 100
164 62 100
164 62 100
164 62 100
164 62 100
164 62 100
164 62 100
164 62 100
165 62 100
165 62 100
165 62 100
165 62 100
165 62 100
165 62 100
165 62 100
165 62 100
166 62 100
166 62 100
166 62 100
166 62 100
166 62 100
166 62 100
166 62 100
166 62 100
167 62 100
167 62 100
167 62 100
167 62 100
167 62 100
167 62 100
167 62 100
167 62 100
168 62 100
168 62 100
168 62 100
168 62 100
168 62 100
168 62 100
168 62 100
168 62 100
169 62 100
169 62 100
169 62 100
169 62 100
169 62 100
169 62 100
169 62 100
169 62 100
170 62 100
170 62 100
170 62 100
170 62 100
170 62 100
170 62 100
170 62 100
170 62 100
171 62 100
171 62 100
171 62 100
171 62 100
171 62 100
171 62 100
171 62 100
171 62 100
171 62 100
172 62 100
172 62 100
172 62 100
172 62 100
172 62 100
172 62 100
172 62 100
172 62 100
172 62 100
172 62 100
173 62 100
173 62 100
173 62 100
173 62 100
173 62 100
173 62 100
173 62 100
173 62 100
173 62 100
173 62 100
174 62 100
174 62 100
174 62 100
174 62 100
174 62 100
174 62 100
174 62 100
174 62 100
174 62 100
174 62 100
174 62 100
175 62 100
175 62 100
175 62 100
175 62 100
175 62 100
175 62 100
175 62 100
175 62 100
175 62 100
175 62 100
176 62 100
176 62 100
176 62 100
176 62 100
176 62 100
176 62 100
176 62 100
176 62 100
176 62 100
176 62 100
177 62 100
177 62 100
177 62 100
177 62 100
177 62 100
177 62 100
177 62 100
177 62 100
177 62 100
177 62 100
