# move from (158,5) to (174,109)
158 5 100
159 5 100
160 5 100
161 5 100
162 5 100
163 5 100
164 5 100
165 5 100
166 5 100
167 5 100
168 5 100
169 5 100
170 5 100
171 5 100
172 5 100
173 5 100
174 5 100
174 6 100
174 7 100
174 8 100
174 9 100
174 10 100
174 11 100
174 12 100
174 13 100
174 14 100
174 15 100
174 15 100
174 16 100
174 16 100
174 17 100
174 17 100
174 18 100
174 18 100
174 18 100
174 19 100
174 19 100
174 19 100
174 20 100
174 20 100
174 20 100
174 21 100
174 21 100
174 21 100
174 21 100
174 22 100
174 22 100
174 22 100
174 22 100
174 23 100
174 23 100
174 23 100
174 23 100
174 24 100
174 24 100
174 24 100
174 24 100
174 25 100
174 25 100
174 25 100
174 25 100
174 26 100
174 26 100
174 26 100
174 26 100
174 27 100
174 27 100
174 27 100
174 27 100
174 27 100
174 28 100
174 28 100
174 28 100
174 28 100
174 28 100
174 29 100
174 29 100
174 29 100
174 29 100
174 29 100
174 29 100
174 30 100
174 30 100
174 30 100
174 30 100
174 30 100
174 30 100
174 30 100
174 31 100
174 31 100
174 31 100
174 31 100
174 31 100
174 31 100
174 31 100
174 31 100
174 32 100
174 32 100
174 32 100
174 32 100
174 32 100
174 32 100
174 32 100
174 32 100
174 32 100
174 32 100
174 33 100
174 33 100
174 33 100
174 33 100
174 33 100
174 33 100
174 33 100
174 33 100
174 33 100
174 33 100
174 33 100
174 33 100
174 33 100
174 34 100
174 34 100
174 34 100
174 34 100
174 34 100
174 34 100
174 34 100
174 34 100
174 34 100
174 34 100
174 34 100
174 34 100
174 34 100
174 34 100
174 34 100
174 34 100
174 35 100
174 35 100
174 35 100
174 35 100
174 35 100
174 35 100
174 35 100
174 35 100
174 35 100
174 35 100
174 35 100
174 35 100
174 35 100
174 35 100
174 35 100
174 35 100
174 35 100
174 35 100
174 35 100
174 35 100
174 36 100
174 36 100
174 36 100
174 36 100
174 36 100
174 36 100
174 36 100
174 36 100
174 36 100
174 36 100
174 36 100
174 36 100
174 36 100
174 36 100
174 36 100
174 36 100
174 36 100
174 36 100
174 36 100
174 36 100
174 36 100
174 36 100
174 36 100
174 36 100
174 37 100
174 37 100
174 37 100
174 37 100
174 37 100
174 37 100
174 37 100
174 37 100
174 37 100
174 37 100
174 37 100
174 37 100
174 37 100
174 37 100
174 37 100
174 37 100
174 37 100
174 37 100
174 37 100
174 37 100
174 37 100
174 37 100
174 37 100
174 37 100
174 37 100
174 37 100
174 37 100
174 37 100
174 38 100
174 38 100
174 38 100
174 38 100
174 38 100
174 38 100
174 38 100
174 38 100
174 38 100
174 38 100
174 38 100
174 38 100
174 38 100
174 38 100
174 38 100
174 38 100
174 38 100
174 38 100
174 38 100
174 38 100
174 38 100
174 38 100
174 38 100
174 38 100
174 38 100
174 38 100
174 38 100
174 38 100
174 38 100
174 38 100
174 38 100
174 39 100
174 39 100
174 39 100
174 39 100
174 39 100
174 39 100
174 39 100
174 39 100
174 39 100
174 39 100
174 39 100
174 39 100
174 39 100
174 39 100
174 39 100
174 39 100
174 39 100
174 39 100
174 39 100
174 39 100
174 39 100
174 39 100
174 39 100
174 39 100
174 39 100
174 39 100
174 39 100
174 39 100
174 39 100
174 39 100
174 39 100
174 39 100
174 39 100
174 39 100
174 40 100
174 40 100
174 40 100
174 40 100
174 40 100
174 40 100
174 40 100
174 40 100
174 40 100
174 40 100
174 40 100
174 40 100
174 40 100
174 40 100
174 40 100
174 40 100
174 40 100
174 40 100
174 40 100
174 40 100
174 40 100
174 40 100
174 40 100
174 40 100
174 40 100
174 40 100
174 40 100
174 40 100
174 40 100
174 40 100
174 40 100
174 40 100
174 40 100
174 40 100
174 40 100
174 40 100
174 41 100
174 41 100
174 41 100
174 41 100
174 41 100
174 41 100
174 41 100
174 41 100
174 41 100
174 41 100
174 41 100
174 41 100
174 41 100
174 41 100
174 41 100
174 41 100
174 41 100
174 41 100
174 41 100
174 41 100
174 41 100
174 41 100
174 41 100
174 41 100
174 41 100
174 41 100
174 41 100
174 41 100
174 41 100
174 41 100
174 41 100
174 41 100
174 41 100
174 41 100
174 41 100
174 41 100
174 41 100
174 42 100
174 42 100
174 42 100
174 42 100
174 42 100
174 42 100
174 42 100
174 42 100
174 42 100
174 42 100
174 42 100
174 42 100
174 42 100
174 42 100
174 42 100
174 42 100
174 42 100
174 42 100
174 42 100
174 42 100
174 42 100
174 42 100
174 42 100
174 42 100
174 42 100
174 42 100
174 42 100
174 42 100
174 42 100
174 42 100
174 42 100
174 42 100
174 42 100
174 42 100
174 42 100
174 42 100
174 42 100
174 42 100
174 43 100
174 43 100
174 43 100
174 43 100
174 43 100
174 43 100
174 43 100
174 43 100
174 43 100
174 43 100
174 43 100
174 43 100
174 43 100
174 43 100
174 43 100
174 43 100
174 43 100
174 43 100
174 43 100
174 43 100
174 43 100
174 43 100
174 43 100
174 43 100
174 43 100
174 43 100
174 43 100
174 43 100
174 43 100
174 43 100
174 43 100
174 43 100
174 43 100
174 43 100
174 43 100
174 43 100
174 43 100
174 43 100
174 44 100
174 44 100
174 44 100
174 44 100
174 44 100
174 44 100
174 44 100
174 44 100
174 44 100
174 44 100
174 44 100
174 44 100
174 44 100
174 44 100
174 44 100
174 44 100
174 44 100
174 44 100
174 44 100
174 44 100
174 44 100
174 44 100
174 44 100
174 44 100
174 44 100
174 44 100
174 44 100
174 44 100
174 44 100
174 44 100
174 44 100
174 44 100
174 44 100
174 44 100
174 44 100
174 44 100
174 44 100
174 44 100
174 45 100
174 45 100
174 45 100
174 45 100
174 45 100
174 45 100
174 45 100
174 45 100
174 45 100
174 45 100
174 45 100
174 45 100
174 45 100
174 45 100
174 45 100
174 45 100
174 45 100
174 45 100
174 45 100
174 45 100
174 45 100
174 45 100
174 45 100
174 45 100
174 45 100
174 45 100
174 45 100
174 45 100
174 45 100
174 45 100
174 45 100
174 45 100
174 45 100
174 45 100
174 45 100
174 45 100
174 45 100
174 45 100
174 46 100
174 46 100
174 46 100
174 46 100
174 46 100
174 46 100
174 46 100
174 46 100
174 46 100
174 46 100
174 46 100
174 46 100
174 46 100
174 46 100
174 46 100
174 46 100
174 46 100
174 46 100
174 46 100
174 46 100
174 46 100
174 46 100
174 46 100
174 46 100
174 46 100
174 46 100
174 46 100
174 46 100
174 46 100
174 46 100
174 46 100
174 46 100
174 46 100
174 46 100
174 46 100
174 46 100
174 46 100
174 46 100
174 47 100
174 47 100
174 47 100
174 47 100
174 47 100
174 47 100
174 47 100
174 47 100
174 47 100
174 47 100
174 47 100
174 47 100
174 47 100
174 47 100
174 47 100
174 47 100
174 47 100
174 47 100
174 47 100
174 47 100
174 47 100
174 47 100
174 47 100
174 47 100
174 47 100
174 47 100
174 47 100
174 47 100
174 47 100
174 47 100
174 47 100
174 47 100
174 47 100
174 47 100
174 47 100
174 47 100
174 47 100
174 47 100
174 48 100
174 48 100
174 48 100
174 48 100
174 48 100
174 48 100
174 48 100
174 48 100
174 48 100
174 48 100
174 48 100
174 48 100
174 48 100
174 48 100
174 48 100
174 48 100
174 48 100
174 48 100
174 48 100
174 48 100
174 48 100
174 48 100
174 48 100
174 48 100
174 48 100
174 48 100
174 48 100
174 48 100
174 48 100
174 48 100
174 48 100
174 48 100
174 48 100
174 48 100
174 48 100
174 48 100
174 48 100
174 48 100
174 49 100
174 49 100
174 49 100
174 49 100
174 49 100
174 49 100
174 49 100
174 49 100
174 49 100
174 49 100
174 49 100
174 49 100
174 49 100
174 49 100
174 49 100
174 49 100
174 49 100
174 49 100
174 49 100
174 49 100
174 49 100
174 49 100
174 49 100
174 49 100
174 49 100
174 49 100
174 49 100
174 49 100
174 49 100
174 49 100
174 49 100
174 49 100
174 49 100
174 49 100
174 49 100
174 49 100
174 49 100
174 49 100
174 50 100
174 50 100
174 50 100
174 50 100
174 50 100
174 50 100
174 50 100
174 50 100
174 50 100
174 50 100
174 50 100
174 50 100
174 50 100
174 50 100
174 50 100
174 50 100
174 50 100
174 50 100
174 50 100
174 50 100
174 50 100
174 50 100
174 50 100
174 50 100
174 50 100
174 50 100
174 50 100
174 50 100
174 50 100
174 50 100
174 50 100
174 50 100
174 50 100
174 50 100
174 50 100
174 50 100
174 50 100
174 50 100
174 51 100
174 51 100
174 51 100
174 51 100
174 51 100
174 51 100
174 51 100
174 51 100
174 51 100
174 51 100
174 51 100
174 51 100
174 51 100
174 51 100
174 51 100
174 51 100
174 51 100
174 51 100
174 51 100
174 51 100
174 51 100
174 51 100
174 51 100
174 51 100
174 51 100
174 51 100
174 51 100
174 51 100
174 51 100
174 51 100
174 51 100
174 51 100
174 51 100
174 51 100
174 51 100
174 51 100
174 51 100
174 52 100
174 52 100
174 52 100
174 52 100
174 52 100
174 52 100
174 52 100
174 52 100
174 52 100
174 52 100
174 52 100
174 52 100
174 52 100
174 52 100
174 52 100
174 52 100
174 52 100
174 52 100
174 52 100
174 52 100
174 52 100
174 52 100
174 52 100
174 52 100
174 52 100
174 52 100
174 52 100
174 52 100
174 52 100
174 52 100
174 52 100
174 52 100
174 52 100
174 52 100
174 52 100
174 52 100
174 53 100
174 53 100
174 53 100
174 53 100
174 53 100
174 53 100
174 53 100
174 53 100
174 53 100
174 53 100
174 53 100
174 53 100
174 53 100
174 53 100
174 53 100
174 53 100
174 53 100
174 53 100
174 53 100
174 53 100
174 53 100
174 53 100
174 53 100
174 53 100
174 53 100
174 53 100
174 53 100
174 53 100
174 53 100
174 53 100
174 53 100
174 53 100
174 53 100
174 53 100
174 53 100
174 54 100
174 54 100
174 54 100
174 54 100
174 54 100
174 54 100
174 54 100
174 54 100
174 54 100
174 54 100
174 54 100
174 54 100
174 54 100
174 54 100
174 54 100
174 54 100
174 54 100
174 54 100
174 54 100
174 54 100
174 54 100
174 54 100
174 54 100
174 54 100
174 54 100
174 54 100
174 54 100
174 54 100
174 54 100
174 54 100
174 54 100
174 54 100
174 55 100
174 55 100
174 55 100
174 55 100
174 55 100
174 55 100
174 55 100
174 55 100
174 55 100
174 55 100
174 55 100
174 55 100
174 55 100
174 55 100
174 55 100
174 55 100
174 55 100
174 55 100
174 55 100
174 55 100
174 55 100
174 55 100
174 55 100
174 55 100
174 55 100
174 55 100
174 55 100
174 55 100
174 55 100
174 55 100
174 56 100
174 56 100
174 56 100
174 56 100
174 56 100
174 56 100
174 56 100
174 56 100
174 56 100
174 56 100
174 56 100
174 56 100
174 56 100
174 56 100
174 56 100
174 56 100
174 56 100
174 56 100
174 56 100
174 56 100
174 56 100
174 56 100
174 56 100
174 56 100
174 56 100
174 56 100
174 57 100
174 57 100
174 57 100
174 57 100
174 57 100
174 57 100
174 57 100
174 57 100
174 57 100
174 57 100
174 57 100
174 57 100
174 57 100
174 57 100
174 57 100
174 57 100
174 57 100
174 57 100
174 57 100
174 57 100
174 57 100
174 57 100
174 58 100
174 58 100
174 58 100
174 58 100
174 58 100
174 58 100
174 58 100
174 58 100
174 58 100
174 58 100
174 58 100
174 58 100
174 58 100
174 58 100
174 58 100
174 58 100
174 58 100
174 58 100
174 58 100
174 59 100
174 59 100
174 59 100
174 59 100
174 59 100
174 59 100
174 59 100
174 59 100
174 59 100
174 59 100
174 59 100
174 59 100
174 59 100
174 59 100
174 59 100
174 60 100
174 60 100
174 60 100
174 60 100
174 60 100
174 60 100
174 60 100
174 60 100
174 60 100
174 60 100
174 60 100
174 61 100
174 61 100
174 61 100
174 61 100
174 61 100
174 61 100
174 61 100
174 61 100
174 62 100
174 62 100
174 62 100
174 62 100
174 62 100
174 62 100
174 63 100
174 63 100
174 63 100
174 63 100
174 63 100
174 64 100
174 64 100
174 64 100
174 65 100
174 65 100
174 65 100
174 66 100
174 66 100
174 67 100
174 67 100
174 68 100
174 68 100
174 69 100
174 69 100
174 70 100
174 70 100
174 71 100
174 72 100
174 73 100
174 74 100
174 75 100
174 76 100
174 77 100
174 78 100
174 79 100
174 80 100
174 81 100
174 82 100
174 83 100
174 84 100
174 85 100
174 86 100
174 87 100
174 88 100
174 89 100
174 90 100
174 91 100
174 92 100
174 93 100
174 94 100
174 95 100
174 96 100
174 97 100
174 98 100
174 99 100
174 100 100
174 101 100
174 102 100
174 103 100
174 104 100
174 105 100
174 106 100
174 107 100
174 108 100
174 109 100
# move from (84,47) to (174,109)
84 47 100
84 47 100
84 47 100
84 47 100
85 47 100
85 47 100
85 47 100
86 47 100
86 47 100
86 47 100
87 47 100
87 47 100
87 47 100
88 47 100
88 47 100
89 47 100
89 47 100
90 47 100
90 47 100
91 47 100
92 47 100
93 47 100
94 47 100
95 47 100
96 47 100
97 47 100
98 47 100
99 47 100
100 47 100
101 47 100
102 47 100
103 47 100
104 47 100
105 47 100
106 47 100
107 47 100
108 47 100
109 47 100
110 47 100
111 47 100
112 47 100
113 47 100
114 47 100
115 47 100
116 47 100
117 47 100
118 47 100
119 47 100
120 47 100
121 47 100
122 47 100
123 47 100
124 47 100
125 47 100
126 47 100
127 47 100
128 47 100
129 47 100
130 47 100
131 47 100
132 47 100
133 47 100
134 47 100
135 47 100
136 47 100
137 47 100
138 47 100
139 47 100
140 47 100
141 47 100
142 47 100
143 47 100
143 47 100
144 47 100
144 47 100
145 47 100
145 47 100
145 47 100
146 47 100
146 47 100
146 47 100
146 47 100
146 47 100
147 47 100
147 47 100
147 47 100
147 47 100
147 47 100
147 47 100
147 47 100
148 47 100
148 47 100
148 47 100
148 47 100
148 47 100
148 47 100
148 47 100
148 47 100
148 47 100
149 47 100
149 47 100
149 47 100
149 47 100
149 47 100
149 47 100
149 47 100
149 47 100
149 47 100
149 47 100
149 47 100
149 47 100
150 47 100
150 47 100
150 47 100
150 47 100
150 47 100
150 47 100
150 47 100
150 47 100
150 47 100
150 47 100
150 47 100
150 47 100
150 47 100
150 47 100
150 47 100
151 47 100
151 47 100
151 47 100
151 47 100
151 47 100
151 47 100
151 47 100
151 47 100
151 47 100
151 47 100
151 47 100
151 47 100
151 47 100
151 47 100
151 47 100
151 47 100
151 47 100
151 47 100
152 47 100
152 47 100
152 47 100
152 47 100
152 47 100
152 47 100
152 47 100
152 47 100
152 47 100
152 47 100
152 47 100
152 47 100
152 47 100
152 47 100
152 47 100
152 47 100
152 47 100
152 47 100
152 47 100
152 47 100
152 47 100
153 47 100
153 47 100
153 47 100
153 47 100
153 47 100
153 47 100
153 47 100
153 47 100
153 47 100
153 47 100
153 47 100
153 47 100
153 47 100
153 47 100
153 47 100
153 47 100
153 47 100
153 47 100
153 47 100
153 47 100
153 47 100
153 47 100
153 47 100
154 47 100
154 47 100
154 47 100
154 47 100
154 47 100
154 47 100
154 47 100
154 47 100
154 47 100
154 47 100
154 47 100
154 47 100
154 47 100
154 47 100
154 47 100
154 47 100
154 47 100
154 47 100
154 47 100
154 47 100
154 47 100
154 47 100
154 47 100
154 47 100
154 47 100
155 47 100
155 47 100
155 47 100
155 47 100
155 47 100
155 47 100
155 47 100
155 47 100
155 47 100
155 47 100
155 47 100
155 47 100
155 47 100
155 47 100
155 47 100
155 47 100
155 47 100
155 47 100
155 47 100
155 47 100
155 47 100
155 47 100
155 47 100
155 47 100
155 47 100
155 47 100
155 47 100
156 47 100
156 47 100
156 47 100
156 47 100
156 47 100
156 47 100
156 47 100
156 47 100
156 47 100
156 47 100
156 47 100
156 47 100
156 47 100
156 47 100
156 47 100
156 47 100
156 47 100
156 47 100
156 47 100
156 47 100
156 47 100
156 47 100
156 47 100
156 47 100
156 47 100
156 47 100
156 47 100
156 47 100
156 47 100
157 47 100
157 47 100
157 47 100
157 47 100
157 47 100
157 47 100
157 47 100
157 47 100
157 47 100
157 47 100
157 47 100
157 47 100
157 47 100
157 47 100
157 47 100
157 47 100
157 47 100
157 47 100
157 47 100
157 47 100
157 47 100
157 47 100
157 47 100
157 47 100
157 47 100
157 47 100
157 47 100
157 47 100
157 47 100
157 47 100
157 47 100
158 47 100
158 47 100
158 47 100
158 47 100
158 47 100
158 47 100
158 47 100
158 47 100
158 47 100
158 47 100
158 47 100
158 47 100
158 47 100
158 47 100
158 47 100
158 47 100
158 47 100
158 47 100
158 47 100
158 47 100
158 47 100
158 47 100
158 47 100
158 47 100
158 47 100
158 47 100
158 47 100
158 47 100
158 47 100
158 47 100
158 47 100
158 47 100
158 47 100
158 47 100
159 47 100
159 47 100
159 47 100
159 47 100
159 47 100
159 47 100
159 47 100
159 47 100
159 47 100
159 47 100
159 47 100
159 47 100
159 47 100
159 47 100
159 47 100
159 47 100
159 47 100
159 47 100
159 47 100
159 47 100
159 47 100
159 47 100
159 47 100
159 47 100
159 47 100
159 47 100
159 47 100
159 47 100
159 47 100
159 47 100
159 47 100
159 47 100
159 47 100
159 47 100
159 47 100
159 47 100
160 47 100
160 47 100
160 47 100
160 47 100
160 47 100
160 47 100
160 47 100
160 47 100
160 47 100
160 47 100
160 47 100
160 47 100
160 47 100
160 47 100
160 47 100
160 47 100
160 47 100
160 47 100
160 47 100
160 47 100
160 47 100
160 47 100
160 47 100
160 47 100
160 47 100
160 47 100
160 47 100
160 47 100
160 47 100
160 47 100
160 47 100
160 47 100
160 47 100
160 47 100
160 47 100
160 47 100
160 47 100
160 47 100
160 47 100
161 47 100
161 47 100
161 47 100
161 47 100
161 47 100
161 47 100
161 47 100
161 47 100
161 47 100
161 47 100
161 47 100
161 47 100
161 47 100
161 47 100
161 47 100
161 47 100
161 47 100
161 47 100
161 47 100
161 47 100
161 47 100
161 47 100
161 47 100
161 47 100
161 47 100
161 47 100
161 47 100
161 47 100
161 47 100
161 47 100
161 47 100
161 47 100
161 47 100
161 47 100
161 47 100
161 47 100
161 47 100
161 47 100
161 47 100
161 47 100
161 47 100
162 47 100
162 47 100
162 47 100
162 47 100
162 47 100
162 47 100
162 47 100
162 47 100
162 47 100
162 47 100
162 47 100
162 47 100
162 47 100
162 47 100
162 47 100
162 47 100
162 47 100
162 47 100
162 47 100
162 47 100
162 47 100
162 47 100
162 47 100
162 47 100
162 47 100
162 47 100
162 47 100
162 47 100
162 47 100
162 47 100
162 47 100
162 47 100
162 47 100
162 47 100
162 47 100
162 47 100
162 47 100
162 47 100
162 47 100
162 47 100
162 47 100
162 47 100
162 47 100
163 47 100
163 47 100
163 47 100
163 47 100
163 47 100
163 47 100
163 47 100
163 47 100
163 47 100
163 47 100
163 47 100
163 47 100
163 47 100
163 47 100
163 47 100
163 47 100
163 47 100
163 47 100
163 47 100
163 47 100
163 47 100
163 47 100
163 47 100
163 47 100
163 47 100
163 47 100
163 47 100
163 47 100
163 47 100
163 47 100
163 47 100
163 47 100
163 47 100
163 47 100
163 47 100
163 47 100
163 47 100
163 47 100
163 47 100
163 47 100
163 47 100
163 47 100
163 47 100
163 47 100
163 47 100
164 47 100
164 47 100
164 47 100
164 47 100
164 47 100
164 47 100
164 47 100
164 47 100
164 47 100
164 47 100
164 47 100
164 47 100
164 47 100
164 47 100
164 47 100
164 47 100
164 47 100
164 47 100
164 47 100
164 47 100
164 47 100
164 47 100
164 47 100
164 47 100
164 47 100
164 47 100
164 47 100
164 47 100
164 47 100
164 47 100
164 47 100
164 47 100
164 47 100
164 47 100
164 47 100
164 47 100
164 47 100
164 47 100
164 47 100
164 47 100
164 47 100
164 47 100
164 47 100
164 47 100
164 47 100
164 47 100
164 47 100
165 47 100
165 47 100
165 47 100
165 47 100
165 47 100
165 47 100
165 47 100
165 47 100
165 47 100
165 47 100
165 47 100
165 47 100
165 47 100
165 47 100
165 47 100
165 47 100
165 47 100
165 47 100
165 47 100
165 47 100
165 47 100
165 47 100
165 47 100
165 47 100
165 47 100
165 47 100
165 47 100
165 47 100
165 47 100
165 47 100
165 47 100
165 47 100
165 47 100
165 47 100
165 47 100
165 47 100
165 47 100
165 47 100
165 47 100
165 47 100
165 47 100
165 47 100
165 47 100
165 47 100
165 47 100
165 47 100
165 47 100
165 47 100
166 47 100
166 47 100
166 47 100
166 47 100
166 47 100
166 47 100
166 47 100
166 47 100
166 47 100
166 47 100
166 47 100
166 47 100
166 47 100
166 47 100
166 47 100
166 47 100
166 47 100
166 47 100
166 47 100
166 47 100
166 47 100
166 47 100
166 47 100
166 47 100
166 47 100
166 47 100
166 47 100
166 47 100
166 47 100
166 47 100
166 47 100
166 47 100
166 47 100
166 47 100
166 47 100
166 47 100
166 47 100
166 47 100
166 47 100
166 47 100
166 47 100
166 47 100
166 47 100
166 47 100
166 47 100
166 47 100
166 47 100
166 47 100
166 47 100
167 47 100
167 47 100
167 47 100
167 47 100
167 47 100
167 47 100
167 47 100
167 47 100
167 47 100
167 47 100
167 47 100
167 47 100
167 47 100
167 47 100
167 47 100
167 47 100
167 47 100
167 47 100
167 47 100
167 47 100
167 47 100
167 47 100
167 47 100
167 47 100
167 47 100
167 47 100
167 47 100
167 47 100
167 47 100
167 47 100
167 47 100
167 47 100
167 47 100
167 47 100
167 47 100
167 47 100
167 47 100
167 47 100
167 47 100
167 47 100
167 47 100
167 47 100
167 47 100
167 47 100
167 47 100
167 47 100
167 47 100
167 47 100
167 47 100
168 47 100
168 47 100
168 47 100
168 47 100
168 47 100
168 47 100
168 47 100
168 47 100
168 47 100
168 47 100
168 47 100
168 47 100
168 47 100
168 47 100
168 47 100
168 47 100
168 47 100
168 47 100
168 47 100
168 47 100
168 47 100
168 47 100
168 47 100
168 47 100
168 47 100
168 47 100
168 47 100
168 47 100
168 47 100
168 47 100
168 47 100
168 47 100
168 47 100
168 47 100
168 47 100
168 47 100
168 47 100
168 47 100
168 47 100
168 47 100
168 47 100
168 47 100
168 47 100
168 47 100
168 47 100
168 47 100
168 47 100
168 47 100
168 47 100
169 47 100
169 47 100
169 47 100
169 47 100
169 47 100
169 47 100
169 47 100
169 47 100
169 47 100
169 47 100
169 47 100
169 47 100
169 47 100
169 47 100
169 47 100
169 47 100
169 47 100
169 47 100
169 47 100
169 47 100
169 47 100
169 47 100
169 47 100
169 47 100
169 47 100
169 47 100
169 47 100
169 47 100
169 47 100
169 47 100
169 47 100
169 47 100
169 47 100
169 47 100
169 47 100
169 47 100
169 47 100
169 47 100
169 47 100
169 47 100
169 47 100
169 47 100
169 47 100
169 47 100
169 47 100
169 47 100
169 47 100
169 47 100
170 47 100
170 47 100
170 47 100
170 47 100
170 47 100
170 47 100
170 47 100
170 47 100
170 47 100
170 47 100
170 47 100
170 47 100
170 47 100
170 47 100
170 47 100
170 47 100
170 47 100
170 47 100
170 47 100
170 47 100
170 47 100
170 47 100
170 47 100
170 47 100
170 47 100
170 47 100
170 47 100
170 47 100
170 47 100
170 47 100
170 47 100
170 47 100
170 47 100
170 47 100
170 47 100
170 47 100
170 47 100
170 47 100
170 47 100
170 47 100
170 47 100
170 47 100
170 47 100
170 47 100
170 47 100
170 47 100
170 47 100
171 47 100
171 47 100
171 47 100
171 47 100
171 47 100
171 47 100
171 47 100
171 47 100
171 47 100
171 47 100
171 47 100
171 47 100
171 47 100
171 47 100
171 47 100
171 47 100
171 47 100
171 47 100
171 47 100
171 47 100
171 47 100
171 47 100
171 47 100
171 47 100
171 47 100
171 47 100
171 47 100
171 47 100
171 47 100
171 47 100
171 47 100
171 47 100
171 47 100
171 47 100
171 47 100
171 47 100
171 47 100
171 47 100
171 47 100
171 47 100
171 47 100
171 47 100
171 47 100
171 47 100
171 47 100
172 47 100
172 47 100
172 47 100
172 47 100
172 47 100
172 47 100
172 47 100
172 47 100
172 47 100
172 47 100
172 47 100
172 47 100
172 47 100
172 47 100
172 47 100
172 47 100
172 47 100
172 47 100
172 47 100
172 47 100
172 47 100
172 47 100
172 47 100
172 47 100
172 47 100
172 47 100
172 47 100
172 47 100
172 47 100
172 47 100
172 47 100
172 47 100
172 47 100
172 47 100
172 47 100
172 47 100
172 47 100
172 47 100
172 47 100
172 47 100
172 47 100
172 47 100
172 47 100
173 47 100
173 47 100
173 47 100
173 47 100
173 47 100
173 47 100
173 47 100
173 47 100
173 47 100
173 47 100
173 47 100
173 47 100
173 47 100
173 47 100
173 47 100
173 47 100
173 47 100
173 47 100
173 47 100
173 47 100
173 47 100
173 47 100
173 47 100
173 47 100
173 47 100
173 47 100
173 47 100
173 47 100
173 47 100
173 47 100
173 47 100
173 47 100
173 47 100
173 47 100
173 47 100
173 47 100
173 47 100
173 47 100
173 47 100
173 47 100
173 47 100
# move from (143,132) to (174,109)
143 132 100
144 132 100
145 132 100
146 132 100
147 132 100
148 132 100
149 132 100
150 132 100
151 132 100
152 132 100
153 132 100
154 132 100
155 132 100
156 132 100
157 132 100
158 132 100
159 132 100
160 132 100
161 132 100
162 132 100
163 132 100
164 132 100
165 132 100
166 132 100
167 132 100
168 132 100
169 132 100
170 132 100
171 132 100
171 132 100
172 132 100
172 132 100
173 132 100
173 132 100
173 132 100
174 132 100
174 132 100
174 132 100
174 132 100
174 131 100
174 131 100
174 131 100
174 130 100
174 130 100
174 129 100
174 128 100
174 127 100
174 126 100
174 125 100
174 124 100
174 123 100
174 122 100
174 121 100
174 120 100
174 119 100
174 118 100
174 117 100
174 116 100
174 115 100
174 114 100
174 113 100
174 112 100
174 111 100
174 110 100
# move from (34,41) to (174,109)
34 41 100
35 41 100
36 41 100
37 41 100
38 41 100
39 41 100
40 41 100
41 41 100
42 41 100
43 41 100
44 41 100
45 41 100
46 41 100
47 41 100
48 41 100
49 41 100
50 41 100
51 41 100
52 41 100
53 41 100
54 41 100
55 41 100
56 41 100
57 41 100
58 41 100
59 41 100
60 41 100
61 41 100
62 41 100
63 41 100
64 41 100
65 41 100
66 41 100
67 41 100
68 41 100
69 41 100
70 41 100
71 41 100
72 41 100
72 41 100
73 41 100
73 41 100
73 41 100
74 41 100
74 41 100
74 41 100
75 41 100
75 41 100
75 41 100
75 41 100
76 41 100
76 41 100
76 41 100
76 41 100
76 41 100
77 41 100
77 41 100
77 41 100
77 41 100
77 41 100
77 41 100
77 41 100
78 41 100
78 41 100
78 41 100
78 41 100
78 41 100
78 41 100
78 41 100
78 41 100
79 41 100
79 41 100
79 41 100
79 41 100
79 41 100
79 41 100
79 41 100
79 41 100
79 41 100
80 41 100
80 41 100
80 41 100
80 41 100
80 41 100
80 41 100
80 41 100
80 41 100
80 41 100
81 41 100
81 41 100
81 41 100
81 41 100
81 41 100
81 41 100
81 41 100
81 41 100
81 41 100
82 41 100
82 41 100
82 41 100
82 41 100
82 41 100
82 41 100
82 41 100
82 41 100
82 41 100
83 41 100
83 41 100
83 41 100
83 41 100
83 41 100
83 41 100
83 41 100
83 41 100
83 41 100
84 41 100
84 41 100
84 41 100
84 41 100
84 41 100
84 41 100
84 41 100
84 41 100
84 41 100
85 41 100
85 41 100
85 41 100
85 41 100
85 41 100
85 41 100
85 41 100
85 41 100
86 41 100
86 41 100
86 41 100
86 41 100
86 41 100
86 41 100
86 41 100
86 41 100
87 41 100
87 41 100
87 41 100
87 41 100
87 41 100
87 41 100
87 41 100
88 41 100
88 41 100
88 41 100
88 41 100
88 41 100
88 41 100
88 41 100
89 41 100
89 41 100
89 41 100
89 41 100
89 41 100
89 41 100
90 41 100
90 41 100
90 41 100
90 41 100
90 41 100
90 41 100
91 41 100
91 41 100
91 41 100
91 41 100
91 41 100
92 41 100
92 41 100
92 41 100
92 41 100
93 41 100
93 41 100
93 41 100
93 41 100
94 41 100
94 41 100
94 41 100
95 41 100
95 41 100
95 41 100
96 41 100
96 41 100
96 41 100
97 41 100
97 41 100
97 41 100
98 41 100
98 41 100
99 41 100
99 41 100
100 41 100
100 41 100
101 41 100
101 41 100
102 41 100
102 41 100
103 41 100
103 41 100
104 41 100
105 41 100
106 41 100
107 41 100
108 41 100
109 41 100
110 41 100
111 41 100
112 41 100
113 41 100
114 41 100
115 41 100
116 41 100
117 41 100
118 41 100
119 41 100
120 41 100
121 41 100
122 41 100
123 41 100
124 41 100
125 41 100
126 41 100
127 41 100
128 41 100
129 41 100
130 41 100
131 41 100
132 41 100
133 41 100
134 41 100
135 41 100
136 41 100
137 41 100
138 41 100
139 41 100
140 41 100
141 41 100
142 41 100
143 41 100
144 41 100
145 41 100
146 41 100
146 41 100
147 41 100
147 41 100
147 41 100
148 41 100
148 41 100
148 41 100
148 41 100
149 41 100
149 41 100
149 41 100
149 41 100
149 41 100
149 41 100
150 41 100
150 41 100
150 41 100
150 41 100
150 41 100
150 41 100
150 41 100
150 41 100
151 41 100
151 41 100
151 41 100
151 41 100
151 41 100
151 41 100
151 41 100
151 41 100
151 41 100
151 41 100
152 41 100
152 41 100
152 41 100
152 41 100
152 41 100
152 41 100
152 41 100
152 41 100
152 41 100
152 41 100
152 41 100
152 41 100
153 41 100
153 41 100
153 41 100
153 41 100
153 41 100
153 41 100
153 41 100
153 41 100
153 41 100
153 41 100
153 41 100
153 41 100
153 41 100
153 41 100
154 41 100
154 41 100
154 41 100
154 41 100
154 41 100
154 41 100
154 41 100
154 41 100
154 41 100
154 41 100
154 41 100
154 41 100
154 41 100
154 41 100
154 41 100
155 41 100
155 41 100
155 41 100
155 41 100
155 41 100
155 41 100
155 41 100
155 41 100
155 41 100
155 41 100
155 41 100
155 41 100
155 41 100
155 41 100
155 41 100
155 41 100
155 41 100
156 41 100
156 41 100
156 41 100
156 41 100
156 41 100
156 41 100
156 41 100
156 41 100
156 41 100
156 41 100
156 41 100
156 41 100
156 41 100
156 41 100
156 41 100
156 41 100
156 41 100
156 41 100
157 41 100
157 41 100
157 41 100
157 41 100
157 41 100
157 41 100
157 41 100
157 41 100
157 41 100
157 41 100
157 41 100
157 41 100
157 41 100
157 41 100
157 41 100
157 41 100
157 41 100
157 41 100
157 41 100
157 41 100
158 41 100
158 41 100
158 41 100
158 41 100
158 41 100
158 41 100
158 41 100
158 41 100
158 41 100
158 41 100
158 41 100
158 41 100
158 41 100
158 41 100
158 41 100
158 41 100
158 41 100
158 41 100
158 41 100
158 41 100
158 41 100
158 41 100
159 41 100
159 41 100
159 41 100
159 41 100
159 41 100
159 41 100
159 41 100
159 41 100
159 41 100
159 41 100
159 41 100
159 41 100
159 41 100
159 41 100
159 41 100
159 41 100
159 41 100
159 41 100
159 41 100
159 41 100
159 41 100
159 41 100
159 41 100
159 41 100
160 41 100
160 41 100
160 41 100
160 41 100
160 41 100
160 41 100
160 41 100
160 41 100
160 41 100
160 41 100
160 41 100
160 41 100
160 41 100
160 41 100
160 41 100
160 41 100
160 41 100
160 41 100
160 41 100
160 41 100
160 41 100
160 41 100
160 41 100
160 41 100
160 41 100
160 41 100
160 41 100
161 41 100
161 41 100
161 41 100
161 41 100
161 41 100
161 41 100
161 41 100
161 41 100
161 41 100
161 41 100
161 41 100
161 41 100
161 41 100
161 41 100
161 41 100
161 41 100
161 41 100
161 41 100
161 41 100
161 41 100
161 41 100
161 41 100
161 41 100
161 41 100
161 41 100
161 41 100
161 41 100
161 41 100
161 41 100
161 41 100
162 41 100
162 41 100
162 41 100
162 41 100
162 41 100
162 41 100
162 41 100
162 41 100
162 41 100
162 41 100
162 41 100
162 41 100
162 41 100
162 41 100
162 41 100
162 41 100
162 41 100
162 41 100
162 41 100
162 41 100
162 41 100
162 41 100
162 41 100
162 41 100
162 41 100
162 41 100
162 41 100
162 41 100
162 41 100
162 41 100
162 41 100
162 41 100
162 41 100
163 41 100
163 41 100
163 41 100
163 41 100
163 41 100
163 41 100
163 41 100
163 41 100
163 41 100
163 41 100
163 41 100
163 41 100
163 41 100
163 41 100
163 41 100
163 41 100
163 41 100
163 41 100
163 41 100
163 41 100
163 41 100
163 41 100
163 41 100
163 41 100
163 41 100
163 41 100
163 41 100
163 41 100
163 41 100
163 41 100
163 41 100
163 41 100
163 41 100
163 41 100
163 41 100
164 41 100
164 41 100
164 41 100
164 41 100
164 41 100
164 41 100
164 41 100
164 41 100
164 41 100
164 41 100
164 41 100
164 41 100
164 41 100
164 41 100
164 41 100
164 41 100
164 41 100
164 41 100
164 41 100
164 41 100
164 41 100
164 41 100
164 41 100
164 41 100
164 41 100
164 41 100
164 41 100
164 41 100
164 41 100
164 41 100
164 41 100
164 41 100
164 41 100
164 41 100
164 41 100
164 41 100
164 41 100
164 41 100
165 41 100
165 41 100
165 41 100
165 41 100
165 41 100
165 41 100
165 41 100
165 41 100
165 41 100
165 41 100
165 41 100
165 41 100
165 41 100
165 41 100
165 41 100
165 41 100
165 41 100
165 41 100
165 41 100
165 41 100
165 41 100
165 41 100
165 41 100
165 41 100
165 41 100
165 41 100
165 41 100
165 41 100
165 41 100
165 41 100
165 41 100
165 41 100
165 41 100
165 41 100
165 41 100
165 41 100
165 41 100
165 41 100
165 41 100
165 41 100
166 41 100
166 41 100
166 41 100
166 41 100
166 41 100
166 41 100
166 41 100
166 41 100
166 41 100
166 41 100
166 41 100
166 41 100
166 41 100
166 41 100
166 41 100
166 41 100
166 41 100
166 41 100
166 41 100
166 41 100
166 41 100
166 41 100
166 41 100
166 41 100
166 41 100
166 41 100
166 41 100
166 41 100
166 41 100
166 41 100
166 41 100
166 41 100
166 41 100
166 41 100
166 41 100
166 41 100
166 41 100
166 41 100
166 41 100
166 41 100
166 41 100
166 41 100
167 41 100
167 41 100
167 41 100
167 41 100
167 41 100
167 41 100
167 41 100
167 41 100
167 41 100
167 41 100
167 41 100
167 41 100
167 41 100
167 41 100
167 41 100
167 41 100
167 41 100
167 41 100
167 41 100
167 41 100
167 41 100
167 41 100
167 41 100
167 41 100
167 41 100
167 41 100
167 41 100
167 41 100
167 41 100
167 41 100
167 41 100
167 41 100
167 41 100
167 41 100
167 41 100
167 41 100
167 41 100
167 41 100
167 41 100
167 41 100
167 41 100
167 41 100
167 41 100
168 41 100
168 41 100
168 41 100
168 41 100
168 41 100
168 41 100
168 41 100
168 41 100
168 41 100
168 41 100
168 41 100
168 41 100
168 41 100
168 41 100
168 41 100
168 41 100
168 41 100
168 41 100
168 41 100
168 41 100
168 41 100
168 41 100
168 41 100
168 41 100
168 41 100
168 41 100
168 41 100
168 41 100
168 41 100
168 41 100
168 41 100
168 41 100
168 41 100
168 41 100
168 41 100
168 41 100
168 41 100
168 41 100
168 41 100
168 41 100
168 41 100
168 41 100
168 41 100
168 41 100
169 41 100
169 41 100
169 41 100
169 41 100
169 41 100
169 41 100
169 41 100
169 41 100
169 41 100
169 41 100
169 41 100
169 41 100
169 41 100
169 41 100
169 41 100
169 41 100
169 41 100
169 41 100
169 41 100
169 41 100
169 41 100
169 41 100
169 41 100
169 41 100
169 41 100
169 41 100
169 41 100
169 41 100
169 41 100
169 41 100
169 41 100
169 41 100
169 41 100
169 41 100
169 41 100
169 41 100
169 41 100
169 41 100
169 41 100
169 41 100
169 41 100
169 41 100
169 41 100
169 41 100
170 41 100
170 41 100
170 41 100
170 41 100
170 41 100
170 41 100
170 41 100
170 41 100
170 41 100
170 41 100
170 41 100
170 41 100
170 41 100
170 41 100
170 41 100
170 41 100
170 41 100
170 41 100
170 41 100
170 41 100
170 41 100
170 41 100
170 41 100
170 41 100
170 41 100
170 41 100
170 41 100
170 41 100
170 41 100
170 41 100
170 41 100
170 41 100
170 41 100
170 41 100
170 41 100
170 41 100
170 41 100
170 41 100
170 41 100
170 41 100
170 41 100
170 41 100
170 41 100
170 41 100
171 41 100
171 41 100
171 41 100
171 41 100
171 41 100
171 41 100
171 41 100
171 41 100
171 41 100
171 41 100
171 41 100
171 41 100
171 41 100
171 41 100
171 41 100
171 41 100
171 41 100
171 41 100
171 41 100
171 41 100
171 41 100
171 41 100
171 41 100
171 41 100
171 41 100
171 41 100
171 41 100
171 41 100
171 41 100
171 41 100
171 41 100
171 41 100
171 41 100
171 41 100
171 41 100
171 41 100
171 41 100
171 41 100
171 41 100
171 41 100
171 41 100
171 41 100
171 41 100
172 41 100
172 41 100
172 41 100
172 41 100
172 41 100
172 41 100
172 41 100
172 41 100
172 41 100
172 41 100
172 41 100
172 41 100
172 41 100
172 41 100
172 41 100
172 41 100
172 41 100
172 41 100
172 41 100
172 41 100
172 41 100
172 41 100
172 41 100
172 41 100
172 41 100
172 41 100
172 41 100
172 41 100
172 41 100
172 41 100
172 41 100
172 41 100
172 41 100
172 41 100
172 41 100
172 41 100
172 41 100
172 41 100
172 41 100
172 41 100
172 41 100
173 41 100
173 41 100
173 41 100
173 41 100
173 41 100
173 41 100
173 41 100
173 41 100
173 41 100
173 41 100
173 41 100
173 41 100
173 41 100
173 41 100
173 41 100
173 41 100
173 41 100
173 41 100
173 41 100
173 41 100
173 41 100
173 41 100
173 41 100
173 41 100
173 41 100
173 41 100
173 41 100
173 41 100
173 41 100
173 41 100
173 41 100
173 41 100
173 41 100
173 41 100
173 41 100
173 41 100
173 41 100
173 41 100
173 41 100
# move from (95,161) to (174,109)
95 161 100
95 161 100
95 161 100
95 161 100
95 161 100
95 161 100
95 161 100
95 161 100
95 161 100
95 161 100
95 161 100
96 161 100
96 161 100
96 161 100
96 161 100
96 161 100
96 161 100
96 161 100
96 161 100
96 161 100
96 161 100
96 161 100
97 161 100
97 161 100
97 161 100
97 161 100
97 161 100
97 161 100
97 161 100
97 161 100
97 161 100
97 161 100
97 161 100
98 161 100
98 161 100
98 161 100
98 161 100
98 161 100
98 161 100
98 161 100
98 161 100
98 161 100
98 161 100
98 161 100
99 161 100
99 161 100
99 161 100
99 161 100
99 161 100
99 161 100
99 161 100
99 161 100
99 161 100
99 161 100
99 161 100
99 161 100
100 161 100
100 161 100
100 161 100
100 161 100
100 161 100
100 161 100
100 161 100
100 161 100
100 161 100
100 161 100
100 161 100
100 161 100
100 161 100
101 161 100
101 161 100
101 161 100
101 161 100
101 161 100
101 161 100
101 161 100
101 161 100
101 161 100
101 161 100
101 161 100
101 161 100
101 161 100
101 161 100
102 161 100
102 161 100
102 161 100
102 161 100
102 161 100
102 161 100
102 161 100
102 161 100
102 161 100
102 161 100
102 161 100
102 161 100
102 161 100
102 161 100
102 161 100
103 161 100
103 161 100
103 161 100
103 161 100
103 161 100
103 161 100
103 161 100
103 161 100
103 161 100
103 161 100
103 161 100
103 161 100
103 161 100
103 161 100
103 161 100
103 161 100
103 161 100
104 161 100
104 161 100
104 161 100
104 161 100
104 161 100
104 161 100
104 161 100
104 161 100
104 161 100
104 161 100
104 161 100
104 161 100
104 161 100
104 161 100
104 161 100
104 161 100
104 161 100
104 161 100
104 161 100
105 161 100
105 161 100
105 161 100
105 161 100
105 161 100
105 161 100
105 161 100
105 161 100
105 161 100
105 161 100
105 161 100
105 161 100
105 161 100
105 161 100
105 161 100
105 161 100
105 161 100
105 161 100
105 161 100
105 161 100
105 161 100
106 161 100
106 161 100
106 161 100
106 161 100
106 161 100
106 161 100
106 161 100
106 161 100
106 161 100
106 161 100
106 161 100
106 161 100
106 161 100
106 161 100
106 161 100
106 161 100
106 161 100
106 161 100
106 161 100
106 161 100
106 161 100
106 161 100
106 161 100
107 161 100
107 161 100
107 161 100
107 161 100
107 161 100
107 161 100
107 161 100
107 161 100
107 161 100
107 161 100
107 161 100
107 161 100
107 161 100
107 161 100
107 161 100
107 161 100
107 161 100
107 161 100
107 161 100
107 161 100
107 161 100
107 161 100
107 161 100
107 161 100
107 161 100
108 161 100
108 161 100
108 161 100
108 161 100
108 161 100
108 161 100
108 161 100
108 161 100
108 161 100
108 161 100
108 161 100
108 161 100
108 161 100
108 161 100
108 161 100
108 161 100
108 161 100
108 161 100
108 161 100
108 161 100
108 161 100
108 161 100
108 161 100
108 161 100
108 161 100
108 161 100
109 161 100
109 161 100
109 161 100
109 161 100
109 161 100
109 161 100
109 161 100
109 161 100
109 161 100
109 161 100
109 161 100
109 161 100
109 161 100
109 161 100
109 161 100
109 161 100
109 161 100
109 161 100
109 161 100
109 161 100
109 161 100
109 161 100
109 161 100
109 161 100
109 161 100
109 161 100
109 161 100
109 161 100
110 161 100
110 161 100
110 161 100
110 161 100
110 161 100
110 161 100
110 161 100
110 161 100
110 161 100
110 161 100
110 161 100
110 161 100
110 161 100
110 161 100
110 161 100
110 161 100
110 161 100
110 161 100
110 161 100
110 161 100
110 161 100
110 161 100
110 161 100
110 161 100
110 161 100
110 161 100
110 161 100
110 161 100
111 161 100
111 161 100
111 161 100
111 161 100
111 161 100
111 161 100
111 161 100
111 161 100
111 161 100
111 161 100
111 161 100
111 161 100
111 161 100
111 161 100
111 161 100
111 161 100
111 161 100
111 161 100
111 161 100
111 161 100
111 161 100
111 161 100
111 161 100
111 161 100
111 161 100
111 161 100
111 161 100
111 161 100
112 161 100
112 161 100
112 161 100
112 161 100
112 161 100
112 161 100
112 161 100
112 161 100
112 161 100
112 161 100
112 161 100
112 161 100
112 161 100
112 161 100
112 161 100
112 161 100
112 161 100
112 161 100
112 161 100
112 161 100
112 161 100
112 161 100
112 161 100
112 161 100
112 161 100
112 161 100
112 161 100
112 161 100
113 161 100
113 161 100
113 161 100
113 161 100
113 161 100
113 161 100
113 161 100
113 161 100
113 161 100
113 161 100
113 161 100
113 161 100
113 161 100
113 161 100
113 161 100
113 161 100
113 161 100
113 161 100
113 161 100
113 161 100
113 161 100
113 161 100
113 161 100
113 161 100
113 161 100
113 161 100
113 161 100
114 161 100
114 161 100
114 161 100
114 161 100
114 161 100
114 161 100
114 161 100
114 161 100
114 161 100
114 161 100
114 161 100
114 161 100
114 161 100
114 161 100
114 161 100
114 161 100
114 161 100
114 161 100
114 161 100
114 161 100
114 161 100
114 161 100
114 161 100
114 161 100
114 161 100
114 161 100
114 161 100
115 161 100
115 161 100
115 161 100
115 161 100
115 161 100
115 161 100
115 161 100
115 161 100
115 161 100
115 161 100
115 161 100
115 161 100
115 161 100
115 161 100
115 161 100
115 161 100
115 161 100
115 161 100
115 161 100
115 161 100
115 161 100
115 161 100
115 161 100
115 161 100
115 161 100
115 161 100
116 161 100
116 161 100
116 161 100
116 161 100
116 161 100
116 161 100
116 161 100
116 161 100
116 161 100
116 161 100
116 161 100
116 161 100
116 161 100
116 161 100
116 161 100
116 161 100
116 161 100
116 161 100
116 161 100
116 161 100
116 161 100
116 161 100
116 161 100
116 161 100
116 161 100
116 161 100
117 161 100
117 161 100
117 161 100
117 161 100
117 161 100
117 161 100
117 161 100
117 161 100
117 161 100
117 161 100
117 161 100
117 161 100
117 161 100
117 161 100
117 161 100
117 161 100
117 161 100
117 161 100
117 161 100
117 161 100
117 161 100
117 161 100
117 161 100
117 161 100
117 161 100
117 161 100
118 161 100
118 161 100
118 161 100
118 161 100
118 161 100
118 161 100
118 161 100
118 161 100
118 161 100
118 161 100
118 161 100
118 161 100
118 161 100
118 161 100
118 161 100
118 161 100
118 161 100
118 161 100
118 161 100
118 161 100
118 161 100
118 161 100
118 161 100
118 161 100
118 161 100
119 161 100
119 161 100
119 161 100
119 161 100
119 161 100
119 161 100
119 161 100
119 161 100
119 161 100
119 161 100
119 161 100
119 161 100
119 161 100
119 161 100
119 161 100
119 161 100
119 161 100
119 161 100
119 161 100
119 161 100
119 161 100
119 161 100
119 161 100
119 161 100
119 161 100
120 161 100
120 161 100
120 161 100
120 161 100
120 161 100
120 161 100
120 161 100
120 161 100
120 161 100
120 161 100
120 161 100
120 161 100
120 161 100
120 161 100
120 161 100
120 161 100
120 161 100
120 161 100
120 161 100
120 161 100
120 161 100
120 161 100
120 161 100
120 161 100
121 161 100
121 161 100
121 161 100
121 161 100
121 161 100
121 161 100
121 161 100
121 161 100
121 161 100
121 161 100
121 161 100
121 161 100
121 161 100
121 161 100
121 161 100
121 161 100
121 161 100
121 161 100
121 161 100
121 161 100
121 161 100
121 161 100
121 161 100
122 161 100
122 161 100
122 161 100
122 161 100
122 161 100
122 161 100
122 161 100
122 161 100
122 161 100
122 161 100
122 161 100
122 161 100
122 161 100
122 161 100
122 161 100
122 161 100
122 161 100
122 161 100
122 161 100
122 161 100
122 161 100
122 161 100
122 161 100
123 161 100
123 161 100
123 161 100
123 161 100
123 161 100
123 161 100
123 161 100
123 161 100
123 161 100
123 161 100
123 161 100
123 161 100
123 161 100
123 161 100
123 161 100
123 161 100
123 161 100
123 161 100
123 161 100
123 161 100
123 161 100
123 161 100
124 161 100
124 161 100
124 161 100
124 161 100
124 161 100
124 161 100
124 161 100
124 161 100
124 161 100
124 161 100
124 161 100
124 161 100
124 161 100
124 161 100
124 161 100
124 161 100
124 161 100
124 161 100
124 161 100
124 161 100
124 161 100
124 161 100
125 161 100
125 161 100
125 161 100
125 161 100
125 161 100
125 161 100
125 161 100
125 161 100
125 161 100
125 161 100
125 161 100
125 161 100
125 161 100
125 161 100
125 161 100
125 161 100
125 161 100
125 161 100
125 161 100
125 161 100
125 161 100
125 161 100
125 161 100
126 161 100
126 161 100
126 161 100
126 161 100
126 161 100
126 161 100
126 161 100
126 161 100
126 161 100
126 161 100
126 161 100
126 161 100
126 161 100
126 161 100
126 161 100
126 161 100
126 161 100
126 161 100
126 161 100
126 161 100
126 161 100
126 161 100
126 161 100
127 161 100
127 161 100
127 161 100
127 161 100
127 161 100
127 161 100
127 161 100
127 161 100
127 161 100
127 161 100
127 161 100
127 161 100
127 161 100
127 161 100
127 161 100
127 161 100
127 161 100
127 161 100
127 161 100
127 161 100
127 161 100
127 161 100
127 161 100
127 161 100
128 161 100
128 161 100
128 161 100
128 161 100
128 161 100
128 161 100
128 161 100
128 161 100
128 161 100
128 161 100
128 161 100
128 161 100
128 161 100
128 161 100
128 161 100
128 161 100
128 161 100
128 161 100
128 161 100
128 161 100
128 161 100
128 161 100
128 161 100
128 161 100
128 161 100
129 161 100
129 161 100
129 161 100
129 161 100
129 161 100
129 161 100
129 161 100
129 161 100
129 161 100
129 161 100
129 161 100
129 161 100
129 161 100
129 161 100
129 161 100
129 161 100
129 161 100
129 161 100
129 161 100
129 161 100
129 161 100
129 161 100
129 161 100
129 161 100
129 161 100
130 161 100
130 161 100
130 161 100
130 161 100
130 161 100
130 161 100
130 161 100
130 161 100
130 161 100
130 161 100
130 161 100
130 161 100
130 161 100
130 161 100
130 161 100
130 161 100
130 161 100
130 161 100
130 161 100
130 161 100
130 161 100
130 161 100
130 161 100
130 161 100
130 161 100
130 161 100
131 161 100
131 161 100
131 161 100
131 161 100
131 161 100
131 161 100
131 161 100
131 161 100
131 161 100
131 161 100
131 161 100
131 161 100
131 161 100
131 161 100
131 161 100
131 161 100
131 161 100
131 161 100
131 161 100
131 161 100
131 161 100
131 161 100
131 161 100
131 161 100
131 161 100
131 161 100
132 161 100
132 161 100
132 161 100
132 161 100
132 161 100
132 161 100
132 161 100
132 161 100
132 161 100
132 161 100
132 161 100
132 161 100
132 161 100
132 161 100
132 161 100
132 161 100
132 161 100
132 161 100
132 161 100
132 161 100
132 161 100
132 161 100
132 161 100
132 161 100
132 161 100
133 161 100
133 161 100
133 161 100
133 161 100
133 161 100
133 161 100
133 161 100
133 161 100
133 161 100
133 161 100
133 161 100
133 161 100
133 161 100
133 161 100
133 161 100
133 161 100
133 161 100
133 161 100
133 161 100
133 161 100
133 161 100
133 161 100
133 161 100
133 161 100
133 161 100
134 161 100
134 161 100
134 161 100
134 161 100
134 161 100
134 161 100
134 161 100
134 161 100
134 161 100
134 161 100
134 161 100
134 161 100
134 161 100
134 161 100
134 161 100
134 161 100
134 161 100
134 161 100
134 161 100
134 161 100
134 161 100
134 161 100
134 161 100
134 161 100
135 161 100
135 161 100
135 161 100
135 161 100
135 161 100
135 161 100
135 161 100
135 161 100
135 161 100
135 161 100
135 161 100
135 161 100
135 161 100
135 161 100
135 161 100
135 161 100
135 161 100
135 161 100
135 161 100
135 161 100
135 161 100
135 161 100
136 161 100
136 161 100
136 161 100
136 161 100
136 161 100
136 161 100
136 161 100
136 161 100
136 161 100
136 161 100
136 161 100
136 161 100
136 161 100
136 161 100
136 161 100
136 161 100
136 161 100
136 161 100
136 161 100
136 161 100
137 161 100
137 161 100
137 161 100
137 161 100
137 161 100
137 161 100
137 161 100
137 161 100
137 161 100
137 161 100
137 161 100
137 161 100
137 161 100
137 161 100
137 161 100
137 161 100
137 161 100
137 161 100
138 161 100
138 161 100
138 161 100
138 161 100
138 161 100
138 161 100
138 161 100
138 161 100
138 161 100
138 161 100
138 161 100
138 161 100
138 161 100
138 161 100
138 161 100
139 161 100
139 161 100
139 161 100
139 161 100
139 161 100
139 161 100
139 161 100
139 161 100
139 161 100
139 161 100
139 161 100
139 161 100
140 161 100
140 161 100
140 161 100
140 161 100
140 161 100
140 161 100
140 161 100
140 161 100
140 161 100
140 161 100
141 161 100
141 161 100
141 161 100
141 161 100
141 161 100
141 161 100
141 161 100
141 161 100
142 161 100
142 161 100
142 161 100
142 161 100
142 161 100
142 161 100
142 161 100
143 161 100
143 161 100
143 161 100
143 161 100
143 161 100
143 161 100
144 161 100
144 161 100
144 161 100
144 161 100
144 161 100
145 161 100
145 161 100
145 161 100
145 161 100
145 161 100
146 161 100
146 161 100
146 161 100
146 161 100
146 161 100
147 161 100
147 161 100
147 161 100
147 161 100
147 161 100
148 161 100
148 161 100
148 161 100
148 161 100
148 161 100
149 161 100
149 161 100
149 161 100
149 161 100
149 161 100
150 161 100
150 161 100
150 161 100
150 161 100
151 161 100
151 161 100
151 161 100
151 161 100
152 161 100
152 161 100
152 161 100
152 161 100
153 161 100
153 161 100
153 161 100
153 161 100
154 161 100
154 161 100
154 161 100
154 161 100
155 161 100
155 161 100
155 161 100
156 161 100
156 161 100
156 161 100
157 161 100
157 161 100
157 161 100
157 161 100
158 161 100
158 161 100
158 161 100
158 161 100
159 161 100
159 161 100
159 161 100
159 161 100
160 161 100
160 161 100
160 161 100
160 161 100
160 161 100
161 161 100
161 161 100
161 161 100
161 161 100
161 161 100
161 161 100
162 161 100
162 161 100
162 161 100
162 161 100
162 161 100
162 161 100
162 161 100
163 161 100
163 161 100
163 161 100
163 161 100
163 161 100
163 161 100
163 161 100
163 161 100
164 161 100
164 161 100
164 161 100
164 161 100
164 161 100
164 161 100
164 161 100
164 161 100
164 161 100
164 161 100
165 161 100
165 161 100
165 161 100
165 161 100
165 161 100
165 161 100
165 161 100
165 161 100
165 161 100
165 161 100
165 161 100
165 161 100
166 161 100
166 161 100
166 161 100
166 161 100
166 161 100
166 161 100
166 161 100
166 161 100
166 161 100
166 161 100
166 161 100
166 161 100
166 161 100
166 161 100
167 161 100
167 161 100
167 161 100
167 161 100
167 161 100
167 161 100
167 161 100
167 161 100
167 161 100
167 161 100
167 161 100
167 161 100
167 161 100
167 161 100
167 161 100
167 161 100
168 161 100
168 161 100
168 161 100
168 161 100
168 161 100
168 161 100
168 161 100
168 161 100
168 161 100
168 161 100
168 161 100
168 161 100
168 161 100
168 161 100
168 161 100
168 161 100
168 161 100
168 161 100
169 161 100
169 161 100
169 161 100
169 161 100
169 161 100
169 161 100
169 161 100
169 161 100
169 161 100
169 161 100
169 161 100
169 161 100
169 161 100
169 161 100
169 161 100
169 161 100
169 161 100
169 161 100
169 161 100
169 161 100
170 161 100
170 161 100
170 161 100
170 161 100
170 161 100
170 161 100
170 161 100
170 161 100
170 161 100
170 161 100
170 161 100
170 161 100
170 161 100
170 161 100
170 161 100
170 161 100
170 161 100
170 161 100
170 161 100
170 161 100
170 161 100
171 161 100
171 161 100
171 161 100
171 161 100
171 161 100
171 161 100
171 161 100
171 161 100
171 161 100
171 161 100
171 161 100
171 161 100
171 161 100
171 161 100
171 161 100
171 161 100
171 161 100
171 161 100
171 161 100
171 161 100
171 161 100
172 161 100
172 161 100
172 161 100
172 161 100
172 161 100
172 161 100
172 161 100
172 161 100
172 161 100
172 161 100
172 161 100
172 161 100
172 161 100
172 161 100
172 161 100
172 161 100
172 161 100
172 161 100
172 161 100
172 161 100
172 161 100
173 161 100
173 161 100
173 161 100
173 161 100
173 161 100
173 161 100
173 161 100
173 161 100
173 161 100
173 161 100
173 161 100
173 161 100
173 161 100
173 161 100
173 161 100
173 161 100
173 161 100
173 161 100
173 161 100
173 161 100
173 161 100
174 161 100
174 161 100
174 161 100
174 161 100
174 161 100
174 161 100
174 161 100
174 161 100
174 161 100
174 161 100
174 161 100
174 161 100
174 161 100
174 161 100
174 161 100
174 161 100
174 161 100
174 161 100
174 161 100
174 161 100
174 160 100
174 160 100
174 160 100
174 160 100
174 160 100
174 160 100
174 160 100
174 160 100
174 160 100
174 160 100
174 160 100
174 160 100
174 160 100
174 160 100
174 160 100
174 160 100
174 160 100
174 160 100
174 160 100
174 160 100
174 160 100
174 160 100
174 159 100
174 159 100
174 159 100
174 159 100
174 159 100
174 159 100
174 159 100
174 159 100
174 159 100
174 159 100
174 159 100
174 159 100
174 159 100
174 159 100
174 159 100
174 159 100
174 159 100
174 159 100
174 159 100
174 159 100
174 159 100
174 159 100
174 159 100
174 158 100
174 158 100
174 158 100
174 158 100
174 158 100
174 158 100
174 158 100
174 158 100
174 158 100
174 158 100
174 158 100
174 158 100
174 158 100
174 158 100
174 158 100
174 158 100
174 158 100
174 158 100
174 158 100
174 158 100
174 158 100
174 158 100
174 158 100
174 158 100
174 158 100
174 157 100
174 157 100
174 157 100
174 157 100
174 157 100
174 157 100
174 157 100
174 157 100
174 157 100
174 157 100
174 157 100
174 157 100
174 157 100
174 157 100
174 157 100
174 157 100
174 157 100
174 157 100
174 157 100
174 157 100
174 157 100
174 157 100
174 157 100
174 157 100
174 157 100
174 157 100
174 156 100
174 156 100
174 156 100
174 156 100
174 156 100
174 156 100
174 156 100
174 156 100
174 156 100
174 156 100
174 156 100
174 156 100
174 156 100
174 156 100
174 156 100
174 156 100
174 156 100
174 156 100
174 156 100
174 156 100
174 156 100
174 156 100
174 156 100
174 156 100
174 156 100
174 156 100
174 156 100
174 156 100
174 155 100
174 155 100
174 155 100
174 155 100
174 155 100
174 155 100
174 155 100
174 155 100
174 155 100
174 155 100
174 155 100
174 155 100
174 155 100
174 155 100
174 155 100
174 155 100
174 155 100
174 155 100
174 155 100
174 155 100
174 155 100
174 155 100
174 155 100
174 155 100
174 155 100
174 155 100
174 155 100
174 155 100
174 155 100
174 155 100
174 154 100
174 154 100
174 154 100
174 154 100
174 154 100
174 154 100
174 154 100
174 154 100
174 154 100
174 154 100
174 154 100
174 154 100
174 154 100
174 154 100
174 154 100
174 154 100
174 154 100
174 154 100
174 154 100
174 154 100
174 154 100
174 154 100
174 154 100
174 154 100
174 154 100
174 154 100
174 154 100
174 154 100
174 154 100
174 154 100
174 154 100
174 154 100
174 153 100
174 153 100
174 153 100
174 153 100
174 153 100
174 153 100
174 153 100
174 153 100
174 153 100
174 153 100
174 153 100
174 153 100
174 153 100
174 153 100
174 153 100
174 153 100
174 153 100
174 153 100
174 153 100
174 153 100
174 153 100
174 153 100
174 153 100
174 153 100
174 153 100
174 153 100
174 153 100
174 153 100
174 153 100
174 153 100
174 153 100
174 153 100
174 153 100
174 152 100
174 152 100
174 152 100
174 152 100
174 152 100
174 152 100
174 152 100
174 152 100
174 152 100
174 152 100
174 152 100
174 152 100
174 152 100
174 152 100
174 152 100
174 152 100
174 152 100
174 152 100
174 152 100
174 152 100
174 152 100
174 152 100
174 152 100
174 152 100
174 152 100
174 152 100
174 152 100
174 152 100
174 152 100
174 152 100
174 152 100
174 152 100
174 152 100
174 152 100
174 151 100
174 151 100
174 151 100
174 151 100
174 151 100
174 151 100
174 151 100
174 151 100
174 151 100
174 151 100
174 151 100
174 151 100
174 151 100
174 151 100
174 151 100
174 151 100
174 151 100
174 151 100
174 151 100
174 151 100
174 151 100
174 151 100
174 151 100
174 151 100
174 151 100
174 151 100
174 151 100
174 151 100
174 151 100
174 151 100
174 151 100
174 151 100
174 151 100
174 151 100
174 151 100
174 150 100
174 150 100
174 150 100
174 150 100
174 150 100
174 150 100
174 150 100
174 150 100
174 150 100
174 150 100
174 150 100
174 150 100
174 150 100
174 150 100
174 150 100
174 150 100
174 150 100
174 150 100
174 150 100
174 150 100
174 150 100
174 150 100
174 150 100
174 150 100
174 150 100
174 150 100
174 150 100
174 150 100
174 150 100
174 150 100
174 150 100
174 150 100
174 150 100
174 150 100
174 150 100
174 149 100
174 149 100
174 149 100
174 149 100
174 149 100
174 149 100
174 149 100
174 149 100
174 149 100
174 149 100
174 149 100
174 149 100
174 149 100
174 149 100
174 149 100
174 149 100
174 149 100
174 149 100
174 149 100
174 149 100
174 149 100
174 149 100
174 149 100
174 149 100
174 149 100
174 149 100
174 149 100
174 149 100
174 149 100
174 149 100
174 149 100
174 149 100
174 149 100
174 149 100
174 148 100
174 148 100
174 148 100
174 148 100
174 148 100
174 148 100
174 148 100
174 148 100
174 148 100
174 148 100
174 148 100
174 148 100
174 148 100
174 148 100
174 148 100
174 148 100
174 148 100
174 148 100
174 148 100
174 148 100
174 148 100
174 148 100
174 148 100
174 148 100
174 148 100
174 148 100
174 148 100
174 148 100
174 148 100
174 148 100
174 148 100
174 148 100
174 148 100
174 147 100
174 147 100
174 147 100
174 147 100
174 147 100
174 147 100
174 147 100
174 147 100
174 147 100
174 147 100
174 147 100
174 147 100
174 147 100
174 147 100
174 147 100
174 147 100
174 147 100
174 147 100
174 147 100
174 147 100
174 147 100
174 147 100
174 147 100
174 147 100
174 147 100
174 147 100
174 147 100
174 147 100
174 147 100
174 147 100
174 147 100
174 147 100
174 146 100
174 146 100
174 146 100
174 146 100
174 146 100
174 146 100
174 146 100
174 146 100
174 146 100
174 146 100
174 146 100
174 146 100
174 146 100
174 146 100
174 146 100
174 146 100
174 146 100
174 146 100
174 146 100
174 146 100
174 146 100
174 146 100
174 146 100
174 146 100
174 146 100
174 146 100
174 146 100
174 146 100
174 146 100
174 146 100
174 145 100
174 145 100
174 145 100
174 145 100
174 145 100
174 145 100
174 145 100
174 145 100
174 145 100
174 145 100
174 145 100
174 145 100
174 145 100
174 145 100
174 145 100
174 145 100
174 145 100
174 145 100
174 145 100
174 145 100
174 145 100
174 145 100
174 145 100
174 145 100
174 145 100
174 145 100
174 145 100
174 145 100
174 144 100
174 144 100
174 144 100
174 144 100
174 144 100
174 144 100
174 144 100
174 144 100
174 144 100
174 144 100
174 144 100
174 144 100
174 144 100
174 144 100
174 144 100
174 144 100
174 144 100
174 144 100
174 144 100
174 144 100
174 144 100
174 144 100
174 144 100
174 144 100
174 144 100
174 144 100
174 144 100
174 143 100
174 143 100
174 143 100
174 143 100
174 143 100
174 143 100
174 143 100
174 143 100
174 143 100
174 143 100
174 143 100
174 143 100
174 143 100
174 143 100
174 143 100
174 143 100
174 143 100
174 143 100
174 143 100
174 143 100
174 143 100
174 143 100
174 143 100
174 143 100
174 143 100
174 142 100
174 142 100
174 142 100
174 142 100
174 142 100
174 142 100
174 142 100
174 142 100
174 142 100
174 142 100
174 142 100
174 142 100
174 142 100
174 142 100
174 142 100
174 142 100
174 142 100
174 142 100
174 142 100
174 142 100
174 142 100
174 142 100
174 142 100
174 142 100
174 141 100
174 141 100
174 141 100
174 141 100
174 141 100
174 141 100
174 141 100
174 141 100
174 141 100
174 141 100
174 141 100
174 141 100
174 141 100
174 141 100
174 141 100
174 141 100
174 141 100
174 141 100
174 141 100
174 141 100
174 141 100
174 141 100
174 140 100
174 140 100
174 140 100
174 140 100
174 140 100
174 140 100
174 140 100
174 140 100
174 140 100
174 140 100
174 140 100
174 140 100
174 140 100
174 140 100
174 140 100
174 140 100
174 140 100
174 140 100
174 140 100
174 140 100
174 140 100
174 139 100
174 139 100
174 139 100
174 139 100
174 139 100
174 139 100
174 139 100
174 139 100
174 139 100
174 139 100
174 139 100
174 139 100
174 139 100
174 139 100
174 139 100
174 139 100
174 139 100
174 139 100
174 139 100
174 138 100
174 138 100
174 138 100
174 138 100
174 138 100
174 138 100
174 138 100
174 138 100
174 138 100
174 138 100
174 138 100
174 138 100
174 138 100
174 138 100
174 138 100
174 138 100
174 138 100
174 137 100
174 137 100
174 137 100
174 137 100
174 137 100
174 137 100
174 137 100
174 137 100
174 137 100
174 137 100
174 137 100
174 137 100
174 137 100
174 137 100
174 137 100
174 136 100
174 136 100
174 136 100
174 136 100
174 136 100
174 136 100
174 136 100
174 136 100
174 136 100
174 136 100
174 136 100
174 136 100
174 136 100
174 135 100
174 135 100
174 135 100
174 135 100
174 135 100
174 135 100
174 135 100
174 135 100
174 135 100
174 135 100
174 134 100
174 134 100
174 134 100
174 134 100
174 134 100
174 134 100
174 134 100
174 134 100
174 133 100
174 133 100
174 133 100
174 133 100
174 133 100
174 133 100
# move from (10,172) to (174,109)
10 172 100
11 172 100
12 172 100
13 172 100
14 172 100
15 172 100
16 172 100
17 172 100
18 172 100
19 172 100
20 172 100
21 172 100
22 172 100
23 172 100
24 172 100
25 172 100
26 172 100
27 172 100
28 172 100
29 172 100
30 172 100
31 172 100
31 172 100
32 172 100
32 172 100
33 172 100
33 172 100
33 172 100
34 172 100
34 172 100
34 172 100
35 172 100
35 172 100
35 172 100
35 172 100
36 172 100
36 172 100
36 172 100
36 172 100
37 172 100
37 172 100
37 172 100
37 172 100
37 172 100
38 172 100
38 172 100
38 172 100
38 172 100
38 172 100
39 172 100
39 172 100
39 172 100
39 172 100
39 172 100
40 172 100
40 172 100
40 172 100
40 172 100
40 172 100
40 172 100
41 172 100
41 172 100
41 172 100
41 172 100
41 172 100
41 172 100
42 172 100
42 172 100
42 172 100
42 172 100
42 172 100
42 172 100
43 172 100
43 172 100
43 172 100
43 172 100
43 172 100
43 172 100
43 172 100
44 172 100
44 172 100
44 172 100
44 172 100
44 172 100
44 172 100
44 172 100
44 172 100
45 172 100
45 172 100
45 172 100
45 172 100
45 172 100
45 172 100
45 172 100
45 172 100
46 172 100
46 172 100
46 172 100
46 172 100
46 172 100
46 172 100
46 172 100
46 172 100
46 172 100
46 172 100
47 172 100
47 172 100
47 172 100
47 172 100
47 172 100
47 172 100
47 172 100
47 172 100
47 172 100
47 172 100
47 172 100
48 172 100
48 172 100
48 172 100
48 172 100
48 172 100
48 172 100
48 172 100
48 172 100
48 172 100
48 172 100
48 172 100
48 172 100
48 172 100
49 172 100
49 172 100
49 172 100
49 172 100
49 172 100
49 172 100
49 172 100
49 172 100
49 172 100
49 172 100
49 172 100
49 172 100
49 172 100
49 172 100
49 172 100
50 172 100
50 172 100
50 172 100
50 172 100
50 172 100
50 172 100
50 172 100
50 172 100
50 172 100
50 172 100
50 172 100
50 172 100
50 172 100
50 172 100
50 172 100
50 172 100
50 172 100
51 172 100
51 172 100
51 172 100
51 172 100
51 172 100
51 172 100
51 172 100
51 172 100
51 172 100
51 172 100
51 172 100
51 172 100
51 172 100
51 172 100
51 172 100
51 172 100
51 172 100
51 172 100
51 172 100
52 172 100
52 172 100
52 172 100
52 172 100
52 172 100
52 172 100
52 172 100
52 172 100
52 172 100
52 172 100
52 172 100
52 172 100
52 172 100
52 172 100
52 172 100
52 172 100
52 172 100
52 172 100
52 172 100
52 172 100
53 172 100
53 172 100
53 172 100
53 172 100
53 172 100
53 172 100
53 172 100
53 172 100
53 172 100
53 172 100
53 172 100
53 172 100
53 172 100
53 172 100
53 172 100
53 172 100
53 172 100
53 172 100
53 172 100
53 172 100
53 172 100
54 172 100
54 172 100
54 172 100
54 172 100
54 172 100
54 172 100
54 172 100
54 172 100
54 172 100
54 172 100
54 172 100
54 172 100
54 172 100
54 172 100
54 172 100
54 172 100
54 172 100
54 172 100
54 172 100
54 172 100
54 172 100
54 172 100
55 172 100
55 172 100
55 172 100
55 172 100
55 172 100
55 172 100
55 172 100
55 172 100
55 172 100
55 172 100
55 172 100
55 172 100
55 172 100
55 172 100
55 172 100
55 172 100
55 172 100
55 172 100
55 172 100
55 172 100
55 172 100
55 172 100
56 172 100
56 172 100
56 172 100
56 172 100
56 172 100
56 172 100
56 172 100
56 172 100
56 172 100
56 172 100
56 172 100
56 172 100
56 172 100
56 172 100
56 172 100
56 172 100
56 172 100
56 172 100
56 172 100
56 172 100
56 172 100
57 172 100
57 172 100
57 172 100
57 172 100
57 172 100
57 172 100
57 172 100
57 172 100
57 172 100
57 172 100
57 172 100
57 172 100
57 172 100
57 172 100
57 172 100
57 172 100
57 172 100
57 172 100
57 172 100
58 172 100
58 172 100
58 172 100
58 172 100
58 172 100
58 172 100
58 172 100
58 172 100
58 172 100
58 172 100
58 172 100
58 172 100
58 172 100
58 172 100
58 172 100
58 172 100
58 172 100
59 172 100
59 172 100
59 172 100
59 172 100
59 172 100
59 172 100
59 172 100
59 172 100
59 172 100
59 172 100
59 172 100
59 172 100
59 172 100
59 172 100
59 172 100
60 172 100
60 172 100
60 172 100
60 172 100
60 172 100
60 172 100
60 172 100
60 172 100
60 172 100
60 172 100
60 172 100
60 172 100
60 172 100
61 172 100
61 172 100
61 172 100
61 172 100
61 172 100
61 172 100
61 172 100
61 172 100
61 172 100
61 172 100
61 172 100
62 172 100
62 172 100
62 172 100
62 172 100
62 172 100
62 172 100
62 172 100
62 172 100
62 172 100
63 172 100
63 172 100
63 172 100
63 172 100
63 172 100
63 172 100
63 172 100
63 172 100
64 172 100
64 172 100
64 172 100
64 172 100
64 172 100
64 172 100
64 172 100
65 172 100
65 172 100
65 172 100
65 172 100
65 172 100
65 172 100
66 172 100
66 172 100
66 172 100
66 172 100
66 172 100
66 172 100
67 172 100
67 172 100
67 172 100
67 172 100
67 172 100
68 172 100
68 172 100
68 172 100
68 172 100
68 172 100
69 172 100
69 172 100
69 172 100
69 172 100
69 172 100
70 172 100
70 172 100
70 172 100
70 172 100
70 172 100
71 172 100
71 172 100
71 172 100
71 172 100
72 172 100
72 172 100
72 172 100
72 172 100
73 172 100
73 172 100
73 172 100
73 172 100
74 172 100
74 172 100
74 172 100
74 172 100
75 172 100
75 172 100
75 172 100
76 172 100
76 172 100
76 172 100
77 172 100
77 172 100
77 172 100
78 172 100
78 172 100
78 172 100
79 172 100
79 172 100
79 172 100
80 172 100
80 172 100
80 172 100
81 172 100
81 172 100
82 172 100
82 172 100
83 172 100
83 172 100
84 172 100
84 172 100
85 172 100
86 172 100
87 172 100
88 172 100
89 172 100
90 172 100
91 172 100
92 172 100
93 172 100
94 172 100
95 172 100
95 172 100
96 172 100
96 172 100
97 172 100
97 172 100
98 172 100
98 172 100
98 172 100
99 172 100
99 172 100
99 172 100
99 172 100
100 172 100
100 172 100
100 172 100
100 172 100
100 172 100
101 172 100
101 172 100
101 172 100
101 172 100
101 172 100
101 172 100
101 172 100
102 172 100
102 172 100
102 172 100
102 172 100
102 172 100
102 172 100
102 172 100
102 172 100
102 172 100
103 172 100
103 172 100
103 172 100
103 172 100
103 172 100
103 172 100
103 172 100
103 172 100
103 172 100
103 172 100
103 172 100
103 172 100
104 172 100
104 172 100
104 172 100
104 172 100
104 172 100
104 172 100
104 172 100
104 172 100
104 172 100
104 172 100
104 172 100
104 172 100
104 172 100
104 172 100
104 172 100
105 172 100
105 172 100
105 172 100
105 172 100
105 172 100
105 172 100
105 172 100
105 172 100
105 172 100
105 172 100
105 172 100
105 172 100
105 172 100
105 172 100
105 172 100
105 172 100
105 172 100
106 172 100
106 172 100
106 172 100
106 172 100
106 172 100
106 172 100
106 172 100
106 172 100
106 172 100
106 172 100
106 172 100
106 172 100
106 172 100
106 172 100
106 172 100
106 172 100
106 172 100
106 172 100
106 172 100
106 172 100
107 172 100
107 172 100
107 172 100
107 172 100
107 172 100
107 172 100
107 172 100
107 172 100
107 172 100
107 172 100
107 172 100
107 172 100
107 172 100
107 172 100
107 172 100
107 172 100
107 172 100
107 172 100
107 172 100
107 172 100
107 172 100
108 172 100
108 172 100
108 172 100
108 172 100
108 172 100
108 172 100
108 172 100
108 172 100
108 172 100
108 172 100
108 172 100
108 172 100
108 172 100
108 172 100
108 172 100
108 172 100
108 172 100
108 172 100
108 172 100
108 172 100
108 172 100
108 172 100
109 172 100
109 172 100
109 172 100
109 172 100
109 172 100
109 172 100
109 172 100
109 172 100
109 172 100
109 172 100
109 172 100
109 172 100
109 172 100
109 172 100
109 172 100
109 172 100
109 172 100
109 172 100
109 172 100
109 172 100
109 172 100
109 172 100
109 172 100
110 172 100
110 172 100
110 172 100
110 172 100
110 172 100
110 172 100
110 172 100
110 172 100
110 172 100
110 172 100
110 172 100
110 172 100
110 172 100
110 172 100
110 172 100
110 172 100
110 172 100
110 172 100
110 172 100
110 172 100
110 172 100
110 172 100
110 172 100
111 172 100
111 172 100
111 172 100
111 172 100
111 172 100
111 172 100
111 172 100
111 172 100
111 172 100
111 172 100
111 172 100
111 172 100
111 172 100
111 172 100
111 172 100
111 172 100
111 172 100
111 172 100
111 172 100
111 172 100
111 172 100
111 172 100
112 172 100
112 172 100
112 172 100
112 172 100
112 172 100
112 172 100
112 172 100
112 172 100
112 172 100
112 172 100
112 172 100
112 172 100
112 172 100
112 172 100
112 172 100
112 172 100
112 172 100
112 172 100
112 172 100
112 172 100
112 172 100
112 172 100
113 172 100
113 172 100
113 172 100
113 172 100
113 172 100
113 172 100
113 172 100
113 172 100
113 172 100
113 172 100
113 172 100
113 172 100
113 172 100
113 172 100
113 172 100
113 172 100
113 172 100
113 172 100
113 172 100
113 172 100
113 172 100
113 172 100
114 172 100
114 172 100
114 172 100
114 172 100
114 172 100
114 172 100
114 172 100
114 172 100
114 172 100
114 172 100
114 172 100
114 172 100
114 172 100
114 172 100
114 172 100
114 172 100
114 172 100
114 172 100
114 172 100
114 172 100
114 172 100
115 172 100
115 172 100
115 172 100
115 172 100
115 172 100
115 172 100
115 172 100
115 172 100
115 172 100
115 172 100
115 172 100
115 172 100
115 172 100
115 172 100
115 172 100
115 172 100
115 172 100
115 172 100
115 172 100
115 172 100
115 172 100
116 172 100
116 172 100
116 172 100
116 172 100
116 172 100
116 172 100
116 172 100
116 172 100
116 172 100
116 172 100
116 172 100
116 172 100
116 172 100
116 172 100
116 172 100
116 172 100
116 172 100
116 172 100
116 172 100
116 172 100
116 172 100
117 172 100
117 172 100
117 172 100
117 172 100
117 172 100
117 172 100
117 172 100
117 172 100
117 172 100
117 172 100
117 172 100
117 172 100
117 172 100
117 172 100
117 172 100
117 172 100
117 172 100
117 172 100
117 172 100
117 172 100
117 172 100
118 172 100
118 172 100
118 172 100
118 172 100
118 172 100
118 172 100
118 172 100
118 172 100
118 172 100
118 172 100
118 172 100
118 172 100
118 172 100
118 172 100
118 172 100
118 172 100
118 172 100
118 172 100
118 172 100
118 172 100
119 172 100
119 172 100
119 172 100
119 172 100
119 172 100
119 172 100
119 172 100
119 172 100
119 172 100
119 172 100
119 172 100
119 172 100
119 172 100
119 172 100
119 172 100
119 172 100
119 172 100
119 172 100
119 172 100
119 172 100
119 172 100
120 172 100
120 172 100
120 172 100
120 172 100
120 172 100
120 172 100
120 172 100
120 172 100
120 172 100
120 172 100
120 172 100
120 172 100
120 172 100
120 172 100
120 172 100
120 172 100
120 172 100
120 172 100
120 172 100
120 172 100
120 172 100
121 172 100
121 172 100
121 172 100
121 172 100
121 172 100
121 172 100
121 172 100
121 172 100
121 172 100
121 172 100
121 172 100
121 172 100
121 172 100
121 172 100
121 172 100
121 172 100
121 172 100
121 172 100
121 172 100
121 172 100
121 172 100
121 172 100
122 172 100
122 172 100
122 172 100
122 172 100
122 172 100
122 172 100
122 172 100
122 172 100
122 172 100
122 172 100
122 172 100
122 172 100
122 172 100
122 172 100
122 172 100
122 172 100
122 172 100
122 172 100
122 172 100
122 172 100
122 172 100
122 172 100
122 172 100
123 172 100
123 172 100
123 172 100
123 172 100
123 172 100
123 172 100
123 172 100
123 172 100
123 172 100
123 172 100
123 172 100
123 172 100
123 172 100
123 172 100
123 172 100
123 172 100
123 172 100
123 172 100
123 172 100
123 172 100
123 172 100
123 172 100
123 172 100
124 172 100
124 172 100
124 172 100
124 172 100
124 172 100
124 172 100
124 172 100
124 172 100
124 172 100
124 172 100
124 172 100
124 172 100
124 172 100
124 172 100
124 172 100
124 172 100
124 172 100
124 172 100
124 172 100
124 172 100
124 172 100
124 172 100
124 172 100
124 172 100
125 172 100
125 172 100
125 172 100
125 172 100
125 172 100
125 172 100
125 172 100
125 172 100
125 172 100
125 172 100
125 172 100
125 172 100
125 172 100
125 172 100
125 172 100
125 172 100
125 172 100
125 172 100
125 172 100
125 172 100
125 172 100
125 172 100
125 172 100
125 172 100
126 172 100
126 172 100
126 172 100
126 172 100
126 172 100
126 172 100
126 172 100
126 172 100
126 172 100
126 172 100
126 172 100
126 172 100
126 172 100
126 172 100
126 172 100
126 172 100
126 172 100
126 172 100
126 172 100
126 172 100
126 172 100
126 172 100
126 172 100
127 172 100
127 172 100
127 172 100
127 172 100
127 172 100
127 172 100
127 172 100
127 172 100
127 172 100
127 172 100
127 172 100
127 172 100
127 172 100
127 172 100
127 172 100
127 172 100
127 172 100
127 172 100
127 172 100
127 172 100
127 172 100
127 172 100
127 172 100
128 172 100
128 172 100
128 172 100
128 172 100
128 172 100
128 172 100
128 172 100
128 172 100
128 172 100
128 172 100
128 172 100
128 172 100
128 172 100
128 172 100
128 172 100
128 172 100
128 172 100
128 172 100
128 172 100
128 172 100
128 172 100
129 172 100
129 172 100
129 172 100
129 172 100
129 172 100
129 172 100
129 172 100
129 172 100
129 172 100
129 172 100
129 172 100
129 172 100
129 172 100
129 172 100
129 172 100
129 172 100
129 172 100
129 172 100
129 172 100
129 172 100
130 172 100
130 172 100
130 172 100
130 172 100
130 172 100
130 172 100
130 172 100
130 172 100
130 172 100
130 172 100
130 172 100
130 172 100
130 172 100
130 172 100
130 172 100
130 172 100
130 172 100
130 172 100
131 172 100
131 172 100
131 172 100
131 172 100
131 172 100
131 172 100
131 172 100
131 172 100
131 172 100
131 172 100
131 172 100
131 172 100
131 172 100
131 172 100
131 172 100
131 172 100
132 172 100
132 172 100
132 172 100
132 172 100
132 172 100
132 172 100
132 172 100
132 172 100
132 172 100
132 172 100
132 172 100
132 172 100
132 172 100
132 172 100
132 172 100
133 172 100
133 172 100
133 172 100
133 172 100
133 172 100
133 172 100
133 172 100
133 172 100
133 172 100
133 172 100
133 172 100
133 172 100
133 172 100
134 172 100
134 172 100
134 172 100
134 172 100
134 172 100
134 172 100
134 172 100
134 172 100
134 172 100
134 172 100
134 172 100
135 172 100
135 172 100
135 172 100
135 172 100
135 172 100
135 172 100
135 172 100
135 172 100
135 172 100
135 172 100
136 172 100
136 172 100
136 172 100
136 172 100
136 172 100
136 172 100
136 172 100
136 172 100
137 172 100
137 172 100
137 172 100
137 172 100
137 172 100
137 172 100
137 172 100
138 172 100
138 172 100
138 172 100
138 172 100
138 172 100
138 172 100
139 172 100
139 172 100
139 172 100
139 172 100
139 172 100
140 172 100
140 172 100
140 172 100
140 172 100
140 172 100
141 172 100
141 172 100
141 172 100
141 172 100
141 172 100
142 172 100
142 172 100
142 172 100
142 172 100
142 172 100
143 172 100
143 172 100
143 172 100
143 172 100
143 172 100
144 172 100
144 172 100
144 172 100
144 172 100
144 172 100
145 172 100
145 172 100
145 172 100
145 172 100
145 172 100
146 172 100
146 172 100
146 172 100
146 172 100
146 172 100
147 172 100
147 172 100
147 172 100
147 172 100
147 172 100
148 172 100
148 172 100
148 172 100
148 172 100
148 172 100
149 172 100
149 172 100
149 172 100
149 172 100
149 172 100
150 172 100
150 172 100
150 172 100
150 172 100
151 172 100
151 172 100
151 172 100
151 172 100
152 172 100
152 172 100
152 172 100
153 172 100
153 172 100
154 172 100
154 172 100
155 172 100
155 172 100
156 172 100
157 172 100
158 172 100
159 172 100
160 172 100
161 172 100
162 172 100
163 172 100
164 172 100
165 172 100
166 172 100
167 172 100
168 172 100
169 172 100
170 172 100
170 172 100
171 172 100
171 172 100
172 172 100
172 172 100
173 172 100
173 172 100
174 172 100
174 172 100
174 172 100
174 171 100
174 171 100
174 171 100
174 171 100
174 170 100
174 170 100
174 170 100
174 170 100
174 170 100
174 170 100
174 169 100
174 169 100
174 169 100
174 169 100
174 169 100
174 169 100
174 169 100
174 169 100
174 168 100
174 168 100
174 168 100
174 168 100
174 168 100
174 168 100
174 168 100
174 168 100
174 168 100
174 168 100
174 167 100
174 167 100
174 167 100
174 167 100
174 167 100
174 167 100
174 167 100
174 167 100
174 167 100
174 167 100
174 167 100
174 167 100
174 166 100
174 166 100
174 166 100
174 166 100
174 166 100
174 166 100
174 166 100
174 166 100
174 166 100
174 166 100
174 166 100
174 166 100
174 166 100
174 165 100
174 165 100
174 165 100
174 165 100
174 165 100
174 165 100
174 165 100
174 165 100
174 165 100
174 165 100
174 165 100
174 165 100
174 165 100
174 165 100
174 165 100
174 164 100
174 164 100
174 164 100
174 164 100
174 164 100
174 164 100
174 164 100
174 164 100
174 164 100
174 164 100
174 164 100
174 164 100
174 164 100
174 164 100
174 164 100
174 164 100
174 164 100
174 163 100
174 163 100
174 163 100
174 163 100
174 163 100
174 163 100
174 163 100
174 163 100
174 163 100
174 163 100
174 163 100
174 163 100
174 163 100
174 163 100
174 163 100
174 163 100
174 163 100
174 163 100
174 162 100
174 162 100
174 162 100
174 162 100
174 162 100
174 162 100
174 162 100
174 162 100
174 162 100
174 162 100
174 162 100
174 162 100
174 162 100
174 162 100
174 162 100
174 162 100
174 162 100
174 162 100
174 162 100
# move from (197,93) to (174,109)
197 93 100
196 93 100
195 93 100
194 93 100
193 93 100
192 93 100
191 93 100
190 93 100
189 93 100
188 93 100
187 93 100
186 93 100
185 93 100
184 93 100
183 93 100
182 93 100
181 93 100
180 93 100
179 93 100
178 93 100
177 93 100
176 93 100
175 93 100
# move from (168,178) to (174,109)
168 178 100
169 178 100
170 178 100
171 178 100
172 178 100
173 178 100
174 178 100
174 177 100
174 176 100
174 175 100
174 174 100
174 174 100
174 173 100
174 173 100
# move from (10,91) to (174,109)
10 91 100
11 91 100
12 91 100
13 91 100
14 91 100
14 91 100
15 91 100
15 91 100
15 91 100
16 91 100
16 91 100
16 91 100
16 91 100
17 91 100
17 91 100
17 91 100
17 91 100
17 91 100
17 91 100
17 91 100
18 91 100
18 91 100
18 91 100
18 91 100
18 91 100
18 91 100
18 91 100
18 91 100
18 91 100
19 91 100
19 91 100
19 91 100
19 91 100
19 91 100
19 91 100
19 91 100
19 91 100
19 91 100
19 91 100
19 91 100
19 91 100
19 91 100
20 91 100
20 91 100
20 91 100
20 91 100
20 91 100
20 91 100
20 91 100
20 91 100
20 91 100
20 91 100
20 91 100
20 91 100
20 91 100
20 91 100
20 91 100
21 91 100
21 91 100
21 91 100
21 91 100
21 91 100
21 91 100
21 91 100
21 91 100
21 91 100
21 91 100
21 91 100
21 91 100
21 91 100
21 91 100
21 91 100
21 91 100
21 91 100
21 91 100
22 91 100
22 91 100
22 91 100
22 91 100
22 91 100
22 91 100
22 91 100
22 91 100
22 91 100
22 91 100
22 91 100
22 91 100
22 91 100
22 91 100
22 91 100
22 91 100
22 91 100
22 91 100
22 91 100
22 91 100
23 91 100
23 91 100
23 91 100
23 91 100
23 91 100
23 91 100
23 91 100
23 91 100
23 91 100
23 91 100
23 91 100
23 91 100
23 91 100
23 91 100
23 91 100
23 91 100
23 91 100
23 91 100
23 91 100
23 91 100
23 91 100
23 91 100
24 91 100
24 91 100
24 91 100
24 91 100
24 91 100
24 91 100
24 91 100
24 91 100
24 91 100
24 91 100
24 91 100
24 91 100
24 91 100
24 91 100
24 91 100
24 91 100
24 91 100
24 91 100
24 91 100
24 91 100
24 91 100
24 91 100
24 91 100
25 91 100
25 91 100
25 91 100
25 91 100
25 91 100
25 91 100
25 91 100
25 91 100
25 91 100
25 91 100
25 91 100
25 91 100
25 91 100
25 91 100
25 91 100
25 91 100
25 91 100
25 91 100
25 91 100
25 91 100
25 91 100
25 91 100
25 91 100
25 91 100
26 91 100
26 91 100
26 91 100
26 91 100
26 91 100
26 91 100
26 91 100
26 91 100
26 91 100
26 91 100
26 91 100
26 91 100
26 91 100
26 91 100
26 91 100
26 91 100
26 91 100
26 91 100
26 91 100
26 91 100
26 91 100
26 91 100
26 91 100
26 91 100
26 91 100
27 91 100
27 91 100
27 91 100
27 91 100
27 91 100
27 91 100
27 91 100
27 91 100
27 91 100
27 91 100
27 91 100
27 91 100
27 91 100
27 91 100
27 91 100
27 91 100
27 91 100
27 91 100
27 91 100
27 91 100
27 91 100
27 91 100
27 91 100
27 91 100
27 91 100
27 91 100
28 91 100
28 91 100
28 91 100
28 91 100
28 91 100
28 91 100
28 91 100
28 91 100
28 91 100
28 91 100
28 91 100
28 91 100
28 91 100
28 91 100
28 91 100
28 91 100
28 91 100
28 91 100
28 91 100
28 91 100
28 91 100
28 91 100
28 91 100
28 91 100
28 91 100
28 91 100
28 91 100
29 91 100
29 91 100
29 91 100
29 91 100
29 91 100
29 91 100
29 91 100
29 91 100
29 91 100
29 91 100
29 91 100
29 91 100
29 91 100
29 91 100
29 91 100
29 91 100
29 91 100
29 91 100
29 91 100
29 91 100
29 91 100
29 91 100
29 91 100
29 91 100
29 91 100
29 91 100
29 91 100
30 91 100
30 91 100
30 91 100
30 91 100
30 91 100
30 91 100
30 91 100
30 91 100
30 91 100
30 91 100
30 91 100
30 91 100
30 91 100
30 91 100
30 91 100
30 91 100
30 91 100
30 91 100
30 91 100
30 91 100
30 91 100
30 91 100
30 91 100
30 91 100
30 91 100
30 91 100
30 91 100
30 91 100
31 91 100
31 91 100
31 91 100
31 91 100
31 91 100
31 91 100
31 91 100
31 91 100
31 91 100
31 91 100
31 91 100
31 91 100
31 91 100
31 91 100
31 91 100
31 91 100
31 91 100
31 91 100
31 91 100
31 91 100
31 91 100
31 91 100
31 91 100
31 91 100
31 91 100
31 91 100
31 91 100
31 91 100
32 91 100
32 91 100
32 91 100
32 91 100
32 91 100
32 91 100
32 91 100
32 91 100
32 91 100
32 91 100
32 91 100
32 91 100
32 91 100
32 91 100
32 91 100
32 91 100
32 91 100
32 91 100
32 91 100
32 91 100
32 91 100
32 91 100
32 91 100
32 91 100
32 91 100
32 91 100
32 91 100
32 91 100
32 91 100
33 91 100
33 91 100
33 91 100
33 91 100
33 91 100
33 91 100
33 91 100
33 91 100
33 91 100
33 91 100
33 91 100
33 91 100
33 91 100
33 91 100
33 91 100
33 91 100
33 91 100
33 91 100
33 91 100
33 91 100
33 91 100
33 91 100
33 91 100
33 91 100
33 91 100
33 91 100
33 91 100
33 91 100
33 91 100
34 91 100
34 91 100
34 91 100
34 91 100
34 91 100
34 91 100
34 91 100
34 91 100
34 91 100
34 91 100
34 91 100
34 91 100
34 91 100
34 91 100
34 91 100
34 91 100
34 91 100
34 91 100
34 91 100
34 91 100
34 91 100
34 91 100
34 91 100
34 91 100
34 91 100
34 91 100
34 91 100
34 91 100
34 91 100
34 91 100
35 91 100
35 91 100
35 91 100
35 91 100
35 91 100
35 91 100
35 91 100
35 91 100
35 91 100
35 91 100
35 91 100
35 91 100
35 91 100
35 91 100
35 91 100
35 91 100
35 91 100
35 91 100
35 91 100
35 91 100
35 91 100
35 91 100
35 91 100
35 91 100
35 91 100
35 91 100
35 91 100
35 91 100
35 91 100
35 91 100
35 91 100
36 91 100
36 91 100
36 91 100
36 91 100
36 91 100
36 91 100
36 91 100
36 91 100
36 91 100
36 91 100
36 91 100
36 91 100
36 91 100
36 91 100
36 91 100
36 91 100
36 91 100
36 91 100
36 91 100
36 91 100
36 91 100
36 91 100
36 91 100
36 91 100
36 91 100
36 91 100
36 91 100
36 91 100
36 91 100
36 91 100
36 91 100
37 91 100
37 91 100
37 91 100
37 91 100
37 91 100
37 91 100
37 91 100
37 91 100
37 91 100
37 91 100
37 91 100
37 91 100
37 91 100
37 91 100
37 91 100
37 91 100
37 91 100
37 91 100
37 91 100
37 91 100
37 91 100
37 91 100
37 91 100
37 91 100
37 91 100
37 91 100
37 91 100
37 91 100
37 91 100
37 91 100
37 91 100
38 91 100
38 91 100
38 91 100
38 91 100
38 91 100
38 91 100
38 91 100
38 91 100
38 91 100
38 91 100
38 91 100
38 91 100
38 91 100
38 91 100
38 91 100
38 91 100
38 91 100
38 91 100
38 91 100
38 91 100
38 91 100
38 91 100
38 91 100
38 91 100
38 91 100
38 91 100
38 91 100
38 91 100
38 91 100
38 91 100
39 91 100
39 91 100
39 91 100
39 91 100
39 91 100
39 91 100
39 91 100
39 91 100
39 91 100
39 91 100
39 91 100
39 91 100
39 91 100
39 91 100
39 91 100
39 91 100
39 91 100
39 91 100
39 91 100
39 91 100
39 91 100
39 91 100
39 91 100
39 91 100
39 91 100
39 91 100
39 91 100
39 91 100
39 91 100
40 91 100
40 91 100
40 91 100
40 91 100
40 91 100
40 91 100
40 91 100
40 91 100
40 91 100
40 91 100
40 91 100
40 91 100
40 91 100
40 91 100
40 91 100
40 91 100
40 91 100
40 91 100
40 91 100
40 91 100
40 91 100
40 91 100
40 91 100
40 91 100
40 91 100
40 91 100
40 91 100
41 91 100
41 91 100
41 91 100
41 91 100
41 91 100
41 91 100
41 91 100
41 91 100
41 91 100
41 91 100
41 91 100
41 91 100
41 91 100
41 91 100
41 91 100
41 91 100
41 91 100
41 91 100
41 91 100
41 91 100
41 91 100
41 91 100
41 91 100
41 91 100
41 91 100
42 91 100
42 91 100
42 91 100
42 91 100
42 91 100
42 91 100
42 91 100
42 91 100
42 91 100
42 91 100
42 91 100
42 91 100
42 91 100
42 91 100
42 91 100
42 91 100
42 91 100
42 91 100
42 91 100
42 91 100
42 91 100
42 91 100
42 91 100
43 91 100
43 91 100
43 91 100
43 91 100
43 91 100
43 91 100
43 91 100
43 91 100
43 91 100
43 91 100
43 91 100
43 91 100
43 91 100
43 91 100
43 91 100
43 91 100
43 91 100
43 91 100
43 91 100
43 91 100
44 91 100
44 91 100
44 91 100
44 91 100
44 91 100
44 91 100
44 91 100
44 91 100
44 91 100
44 91 100
44 91 100
44 91 100
44 91 100
44 91 100
44 91 100
44 91 100
44 91 100
44 91 100
45 91 100
45 91 100
45 91 100
45 91 100
45 91 100
45 91 100
45 91 100
45 91 100
45 91 100
45 91 100
45 91 100
45 91 100
45 91 100
45 91 100
45 91 100
45 91 100
46 91 100
46 91 100
46 91 100
46 91 100
46 91 100
46 91 100
46 91 100
46 91 100
46 91 100
46 91 100
46 91 100
46 91 100
46 91 100
46 91 100
47 91 100
47 91 100
47 91 100
47 91 100
47 91 100
47 91 100
47 91 100
47 91 100
47 91 100
47 91 100
47 91 100
47 91 100
48 91 100
48 91 100
48 91 100
48 91 100
48 91 100
48 91 100
48 91 100
48 91 100
48 91 100
48 91 100
49 91 100
49 91 100
49 91 100
49 91 100
49 91 100
49 91 100
49 91 100
49 91 100
49 91 100
50 91 100
50 91 100
50 91 100
50 91 100
50 91 100
50 91 100
50 91 100
50 91 100
50 91 100
51 91 100
51 91 100
51 91 100
51 91 100
51 91 100
51 91 100
51 91 100
51 91 100
51 91 100
52 91 100
52 91 100
52 91 100
52 91 100
52 91 100
52 91 100
52 91 100
52 91 100
52 91 100
53 91 100
53 91 100
53 91 100
53 91 100
53 91 100
53 91 100
53 91 100
53 91 100
53 91 100
53 91 100
54 91 100
54 91 100
54 91 100
54 91 100
54 91 100
54 91 100
54 91 100
54 91 100
54 91 100
54 91 100
54 91 100
55 91 100
55 91 100
55 91 100
55 91 100
55 91 100
55 91 100
55 91 100
55 91 100
55 91 100
55 91 100
55 91 100
55 91 100
55 91 100
56 91 100
56 91 100
56 91 100
56 91 100
56 91 100
56 91 100
56 91 100
56 91 100
56 91 100
56 91 100
56 91 100
56 91 100
56 91 100
56 91 100
56 91 100
57 91 100
57 91 100
57 91 100
57 91 100
57 91 100
57 91 100
57 91 100
57 91 100
57 91 100
57 91 100
57 91 100
57 91 100
57 91 100
57 91 100
57 91 100
57 91 100
57 91 100
57 91 100
58 91 100
58 91 100
58 91 100
58 91 100
58 91 100
58 91 100
58 91 100
58 91 100
58 91 100
58 91 100
58 91 100
58 91 100
58 91 100
58 91 100
58 91 100
58 91 100
58 91 100
58 91 100
58 91 100
58 91 100
59 91 100
59 91 100
59 91 100
59 91 100
59 91 100
59 91 100
59 91 100
59 91 100
59 91 100
59 91 100
59 91 100
59 91 100
59 91 100
59 91 100
59 91 100
59 91 100
59 91 100
59 91 100
59 91 100
59 91 100
59 91 100
59 91 100
59 91 100
60 91 100
60 91 100
60 91 100
60 91 100
60 91 100
60 91 100
60 91 100
60 91 100
60 91 100
60 91 100
60 91 100
60 91 100
60 91 100
60 91 100
60 91 100
60 91 100
60 91 100
60 91 100
60 91 100
60 91 100
60 91 100
60 91 100
60 91 100
60 91 100
60 91 100
60 91 100
60 91 100
61 91 100
61 91 100
61 91 100
61 91 100
61 91 100
61 91 100
61 91 100
61 91 100
61 91 100
61 91 100
61 91 100
61 91 100
61 91 100
61 91 100
61 91 100
61 91 100
61 91 100
61 91 100
61 91 100
61 91 100
61 91 100
61 91 100
61 91 100
61 91 100
61 91 100
61 91 100
61 91 100
61 91 100
61 91 100
61 91 100
61 91 100
62 91 100
62 91 100
62 91 100
62 91 100
62 91 100
62 91 100
62 91 100
62 91 100
62 91 100
62 91 100
62 91 100
62 91 100
62 91 100
62 91 100
62 91 100
62 91 100
62 91 100
62 91 100
62 91 100
62 91 100
62 91 100
62 91 100
62 91 100
62 91 100
62 91 100
62 91 100
62 91 100
62 91 100
62 91 100
62 91 100
62 91 100
62 91 100
62 91 100
62 91 100
63 91 100
63 91 100
63 91 100
63 91 100
63 91 100
63 91 100
63 91 100
63 91 100
63 91 100
63 91 100
63 91 100
63 91 100
63 91 100
63 91 100
63 91 100
63 91 100
63 91 100
63 91 100
63 91 100
63 91 100
63 91 100
63 91 100
63 91 100
63 91 100
63 91 100
63 91 100
63 91 100
63 91 100
63 91 100
63 91 100
63 91 100
63 91 100
63 91 100
63 91 100
63 91 100
63 91 100
63 91 100
64 91 100
64 91 100
64 91 100
64 91 100
64 91 100
64 91 100
64 91 100
64 91 100
64 91 100
64 91 100
64 91 100
64 91 100
64 91 100
64 91 100
64 91 100
64 91 100
64 91 100
64 91 100
64 91 100
64 91 100
64 91 100
64 91 100
64 91 100
64 91 100
64 91 100
64 91 100
64 91 100
64 91 100
64 91 100
64 91 100
64 91 100
64 91 100
64 91 100
64 91 100
64 91 100
64 91 100
64 91 100
64 91 100
64 91 100
64 91 100
65 91 100
65 91 100
65 91 100
65 91 100
65 91 100
65 91 100
65 91 100
65 91 100
65 91 100
65 91 100
65 91 100
65 91 100
65 91 100
65 91 100
65 91 100
65 91 100
65 91 100
65 91 100
65 91 100
65 91 100
65 91 100
65 91 100
65 91 100
65 91 100
65 91 100
65 91 100
65 91 100
65 91 100
65 91 100
65 91 100
65 91 100
65 91 100
65 91 100
65 91 100
65 91 100
65 91 100
65 91 100
65 91 100
65 91 100
65 91 100
65 91 100
65 91 100
66 91 100
66 91 100
66 91 100
66 91 100
66 91 100
66 91 100
66 91 100
66 91 100
66 91 100
66 91 100
66 91 100
66 91 100
66 91 100
66 91 100
66 91 100
66 91 100
66 91 100
66 91 100
66 91 100
66 91 100
66 91 100
66 91 100
66 91 100
66 91 100
66 91 100
66 91 100
66 91 100
66 91 100
66 91 100
66 91 100
66 91 100
66 91 100
66 91 100
66 91 100
66 91 100
66 91 100
66 91 100
66 91 100
66 91 100
66 91 100
66 91 100
66 91 100
66 91 100
67 91 100
67 91 100
67 91 100
67 91 100
67 91 100
67 91 100
67 91 100
67 91 100
67 91 100
67 91 100
67 91 100
67 91 100
67 91 100
67 91 100
67 91 100
67 91 100
67 91 100
67 91 100
67 91 100
67 91 100
67 91 100
67 91 100
67 91 100
67 91 100
67 91 100
67 91 100
67 91 100
67 91 100
67 91 100
67 91 100
67 91 100
67 91 100
67 91 100
67 91 100
67 91 100
67 91 100
67 91 100
67 91 100
67 91 100
67 91 100
67 91 100
67 91 100
67 91 100
67 91 100
68 91 100
68 91 100
68 91 100
68 91 100
68 91 100
68 91 100
68 91 100
68 91 100
68 91 100
68 91 100
68 91 100
68 91 100
68 91 100
68 91 100
68 91 100
68 91 100
68 91 100
68 91 100
68 91 100
68 91 100
68 91 100
68 91 100
68 91 100
68 91 100
68 91 100
68 91 100
68 91 100
68 91 100
68 91 100
68 91 100
68 91 100
68 91 100
68 91 100
68 91 100
68 91 100
68 91 100
68 91 100
68 91 100
68 91 100
68 91 100
68 91 100
68 91 100
68 91 100
68 91 100
69 91 100
69 91 100
69 91 100
69 91 100
69 91 100
69 91 100
69 91 100
69 91 100
69 91 100
69 91 100
69 91 100
69 91 100
69 91 100
69 91 100
69 91 100
69 91 100
69 91 100
69 91 100
69 91 100
69 91 100
69 91 100
69 91 100
69 91 100
69 91 100
69 91 100
69 91 100
69 91 100
69 91 100
69 91 100
69 91 100
69 91 100
69 91 100
69 91 100
69 91 100
69 91 100
69 91 100
69 91 100
69 91 100
69 91 100
69 91 100
69 91 100
69 91 100
69 91 100
69 91 100
70 91 100
70 91 100
70 91 100
70 91 100
70 91 100
70 91 100
70 91 100
70 91 100
70 91 100
70 91 100
70 91 100
70 91 100
70 91 100
70 91 100
70 91 100
70 91 100
70 91 100
70 91 100
70 91 100
70 91 100
70 91 100
70 91 100
70 91 100
70 91 100
70 91 100
70 91 100
70 91 100
70 91 100
70 91 100
70 91 100
70 91 100
70 91 100
70 91 100
70 91 100
70 91 100
70 91 100
70 91 100
70 91 100
70 91 100
70 91 100
70 91 100
70 91 100
70 91 100
70 91 100
71 91 100
71 91 100
71 91 100
71 91 100
71 91 100
71 91 100
71 91 100
71 91 100
71 91 100
71 91 100
71 91 100
71 91 100
71 91 100
71 91 100
71 91 100
71 91 100
71 91 100
71 91 100
71 91 100
71 91 100
71 91 100
71 91 100
71 91 100
71 91 100
71 91 100
71 91 100
71 91 100
71 91 100
71 91 100
71 91 100
71 91 100
71 91 100
71 91 100
71 91 100
71 91 100
71 91 100
71 91 100
71 91 100
71 91 100
71 91 100
71 91 100
71 91 100
71 91 100
72 91 100
72 91 100
72 91 100
72 91 100
72 91 100
72 91 100
72 91 100
72 91 100
72 91 100
72 91 100
72 91 100
72 91 100
72 91 100
72 91 100
72 91 100
72 91 100
72 91 100
72 91 100
72 91 100
72 91 100
72 91 100
72 91 100
72 91 100
72 91 100
72 91 100
72 91 100
72 91 100
72 91 100
72 91 100
72 91 100
72 91 100
72 91 100
72 91 100
72 91 100
72 91 100
72 91 100
72 91 100
72 91 100
72 91 100
72 91 100
72 91 100
73 91 100
73 91 100
73 91 100
73 91 100
73 91 100
73 91 100
73 91 100
73 91 100
73 91 100
73 91 100
73 91 100
73 91 100
73 91 100
73 91 100
73 91 100
73 91 100
73 91 100
73 91 100
73 91 100
73 91 100
73 91 100
73 91 100
73 91 100
73 91 100
73 91 100
73 91 100
73 91 100
73 91 100
73 91 100
73 91 100
73 91 100
73 91 100
73 91 100
73 91 100
73 91 100
73 91 100
73 91 100
73 91 100
73 91 100
73 91 100
74 91 100
74 91 100
74 91 100
74 91 100
74 91 100
74 91 100
74 91 100
74 91 100
74 91 100
74 91 100
74 91 100
74 91 100
74 91 100
74 91 100
74 91 100
74 91 100
74 91 100
74 91 100
74 91 100
74 91 100
74 91 100
74 91 100
74 91 100
74 91 100
74 91 100
74 91 100
74 91 100
74 91 100
74 91 100
74 91 100
74 91 100
74 91 100
74 91 100
74 91 100
74 91 100
74 91 100
74 91 100
74 91 100
75 91 100
75 91 100
75 91 100
75 91 100
75 91 100
75 91 100
75 91 100
75 91 100
75 91 100
75 91 100
75 91 100
75 91 100
75 91 100
75 91 100
75 91 100
75 91 100
75 91 100
75 91 100
75 91 100
75 91 100
75 91 100
75 91 100
75 91 100
75 91 100
75 91 100
75 91 100
75 91 100
75 91 100
75 91 100
75 91 100
75 91 100
75 91 100
75 91 100
75 91 100
75 91 100
75 91 100
76 91 100
76 91 100
76 91 100
76 91 100
76 91 100
76 91 100
76 91 100
76 91 100
76 91 100
76 91 100
76 91 100
76 91 100
76 91 100
76 91 100
76 91 100
76 91 100
76 91 100
76 91 100
76 91 100
76 91 100
76 91 100
76 91 100
76 91 100
76 91 100
76 91 100
76 91 100
76 91 100
76 91 100
76 91 100
76 91 100
76 91 100
76 91 100
76 91 100
76 91 100
77 91 100
77 91 100
77 91 100
77 91 100
77 91 100
77 91 100
77 91 100
77 91 100
77 91 100
77 91 100
77 91 100
77 91 100
77 91 100
77 91 100
77 91 100
77 91 100
77 91 100
77 91 100
77 91 100
77 91 100
77 91 100
77 91 100
77 91 100
77 91 100
77 91 100
77 91 100
77 91 100
77 91 100
77 91 100
77 91 100
77 91 100
77 91 100
78 91 100
78 91 100
78 91 100
78 91 100
78 91 100
78 91 100
78 91 100
78 91 100
78 91 100
78 91 100
78 91 100
78 91 100
78 91 100
78 91 100
78 91 100
78 91 100
78 91 100
78 91 100
78 91 100
78 91 100
78 91 100
78 91 100
78 91 100
78 91 100
78 91 100
78 91 100
78 91 100
78 91 100
78 91 100
78 91 100
79 91 100
79 91 100
79 91 100
79 91 100
79 91 100
79 91 100
79 91 100
79 91 100
79 91 100
79 91 100
79 91 100
79 91 100
79 91 100
79 91 100
79 91 100
79 91 100
79 91 100
79 91 100
79 91 100
79 91 100
79 91 100
79 91 100
79 91 100
79 91 100
79 91 100
79 91 100
79 91 100
79 91 100
80 91 100
80 91 100
80 91 100
80 91 100
80 91 100
80 91 100
80 91 100
80 91 100
80 91 100
80 91 100
80 91 100
80 91 100
80 91 100
80 91 100
80 91 100
80 91 100
80 91 100
80 91 100
80 91 100
80 91 100
80 91 100
80 91 100
80 91 100
80 91 100
80 91 100
81 91 100
81 91 100
81 91 100
81 91 100
81 91 100
81 91 100
81 91 100
81 91 100
81 91 100
81 91 100
81 91 100
81 91 100
81 91 100
81 91 100
81 91 100
81 91 100
81 91 100
81 91 100
81 91 100
81 91 100
81 91 100
81 91 100
81 91 100
82 91 100
82 91 100
82 91 100
82 91 100
82 91 100
82 91 100
82 91 100
82 91 100
82 91 100
82 91 100
82 91 100
82 91 100
82 91 100
82 91 100
82 91 100
82 91 100
82 91 100
82 91 100
82 91 100
82 91 100
83 91 100
83 91 100
83 91 100
83 91 100
83 91 100
83 91 100
83 91 100
83 91 100
83 91 100
83 91 100
83 91 100
83 91 100
83 91 100
83 91 100
83 91 100
83 91 100
83 91 100
83 91 100
84 91 100
84 91 100
84 91 100
84 91 100
84 91 100
84 91 100
84 91 100
84 91 100
84 91 100
84 91 100
84 91 100
84 91 100
84 91 100
84 91 100
84 91 100
84 91 100
85 91 100
85 91 100
85 91 100
85 91 100
85 91 100
85 91 100
85 91 100
85 91 100
85 91 100
85 91 100
85 91 100
85 91 100
85 91 100
86 91 100
86 91 100
86 91 100
86 91 100
86 91 100
86 91 100
86 91 100
86 91 100
86 91 100
86 91 100
86 91 100
87 91 100
87 91 100
87 91 100
87 91 100
87 91 100
87 91 100
87 91 100
87 91 100
87 91 100
88 91 100
88 91 100
88 91 100
88 91 100
88 91 100
88 91 100
88 91 100
88 91 100
89 91 100
89 91 100
89 91 100
89 91 100
89 91 100
89 91 100
89 91 100
90 91 100
90 91 100
90 91 100
90 91 100
90 91 100
90 91 100
91 91 100
91 91 100
91 91 100
91 91 100
91 91 100
92 91 100
92 91 100
92 91 100
92 91 100
92 91 100
93 91 100
93 91 100
93 91 100
93 91 100
94 91 100
94 91 100
94 91 100
94 91 100
95 91 100
95 91 100
95 91 100
95 91 100
96 91 100
96 91 100
96 91 100
96 91 100
97 91 100
97 91 100
97 91 100
97 91 100
98 91 100
98 91 100
98 91 100
99 91 100
99 91 100
99 91 100
100 91 100
100 91 100
100 91 100
101 91 100
101 91 100
102 91 100
102 91 100
103 91 100
103 91 100
104 91 100
104 91 100
105 91 100
105 91 100
106 91 100
106 91 100
107 91 100
107 91 100
108 91 100
108 91 100
109 91 100
109 91 100
110 91 100
110 91 100
111 91 100
111 91 100
112 91 100
112 91 100
113 91 100
113 91 100
114 91 100
114 91 100
115 91 100
115 91 100
116 91 100
117 91 100
118 91 100
119 91 100
120 91 100
121 91 100
122 91 100
123 91 100
124 91 100
125 91 100
126 91 100
127 91 100
128 91 100
129 91 100
130 91 100
131 91 100
132 91 100
132 91 100
133 91 100
133 91 100
134 91 100
134 91 100
135 91 100
135 91 100
136 91 100
136 91 100
136 91 100
137 91 100
137 91 100
137 91 100
138 91 100
138 91 100
138 91 100
139 91 100
139 91 100
139 91 100
139 91 100
140 91 100
140 91 100
140 91 100
140 91 100
141 91 100
141 91 100
141 91 100
141 91 100
141 91 100
142 91 100
142 91 100
142 91 100
142 91 100
142 91 100
143 91 100
143 91 100
143 91 100
143 91 100
143 91 100
143 91 100
144 91 100
144 91 100
144 91 100
144 91 100
144 91 100
144 91 100
144 91 100
145 91 100
145 91 100
145 91 100
145 91 100
145 91 100
145 91 100
145 91 100
145 91 100
146 91 100
146 91 100
146 91 100
146 91 100
146 91 100
146 91 100
146 91 100
146 91 100
146 91 100
147 91 100
147 91 100
147 91 100
147 91 100
147 91 100
147 91 100
147 91 100
147 91 100
147 91 100
147 91 100
148 91 100
148 91 100
148 91 100
148 91 100
148 91 100
148 91 100
148 91 100
148 91 100
148 91 100
148 91 100
148 91 100
149 91 100
149 91 100
149 91 100
149 91 100
149 91 100
149 91 100
149 91 100
149 91 100
149 91 100
149 91 100
149 91 100
149 91 100
150 91 100
150 91 100
150 91 100
150 91 100
150 91 100
150 91 100
150 91 100
150 91 100
150 91 100
150 91 100
150 91 100
150 91 100
150 91 100
151 91 100
151 91 100
151 91 100
151 91 100
151 91 100
151 91 100
151 91 100
151 91 100
151 91 100
151 91 100
151 91 100
151 91 100
151 91 100
152 91 100
152 91 100
152 91 100
152 91 100
152 91 100
152 91 100
152 91 100
152 91 100
152 91 100
152 91 100
152 91 100
152 91 100
152 91 100
152 91 100
153 91 100
153 91 100
153 91 100
153 91 100
153 91 100
153 91 100
153 91 100
153 91 100
153 91 100
153 91 100
153 91 100
153 91 100
153 91 100
154 91 100
154 91 100
154 91 100
154 91 100
154 91 100
154 91 100
154 91 100
154 91 100
154 91 100
154 91 100
154 91 100
154 91 100
154 91 100
155 91 100
155 91 100
155 91 100
155 91 100
155 91 100
155 91 100
155 91 100
155 91 100
155 91 100
155 91 100
155 91 100
155 91 100
156 91 100
156 91 100
156 91 100
156 91 100
156 91 100
156 91 100
156 91 100
156 91 100
156 91 100
156 91 100
156 91 100
157 91 100
157 91 100
157 91 100
157 91 100
157 91 100
157 91 100
157 91 100
157 91 100
157 91 100
158 91 100
158 91 100
158 91 100
158 91 100
158 91 100
158 91 100
158 91 100
158 91 100
159 91 100
159 91 100
159 91 100
159 91 100
159 91 100
159 91 100
159 91 100
160 91 100
160 91 100
160 91 100
160 91 100
160 91 100
160 91 100
161 91 100
161 91 100
161 91 100
161 91 100
161 91 100
162 91 100
162 91 100
162 91 100
162 91 100
163 91 100
163 91 100
163 91 100
164 91 100
164 91 100
164 91 100
165 91 100
165 91 100
166 91 100
166 91 100
167 91 100
168 91 100
169 91 100
170 91 100
171 91 100
172 91 100
173 91 100
