simanneal start at 0.000039
2147483648
2147483648
2147483648
2147483648
2147483648
2147483648
2147483648
2147483648
2147483648
2147483648
2147483648
2147483648
2147483648
2147483648
2147483648
2147483648
2147483648
2147483648
2147483648
2147483648
2147483648
2147483648
2147483648
2147483648
2147483648
2147483648
2147483648
2147483648
2147483648
2147483648
2147483648
2147483648
2147483648
2147483648
2147483648
2147483648
2147483648
1000
6000
1000
1000
5000
4000
1000
1000
3000
6000
6000
6000
5000
5000
5000
8000
5000
5000
8000
5000
6000
9000
5000
7000
9000
5000
5000
1000
1000
===== simanneal =====
all iter   : 146
accepted   : 66

0.911556167
1.955436584
