simanneal start at 0.000135375
2147483648
10000
3000
3000
3000
3000
3000
5000
2000
3000
7000
3000
3000
3000
9000
16000
21000
13000
9000
3000
7000
1000
7000
2000
14000
14000
3000
1000
1000
11000
11000
1000
6000
6000
6000
10000
12000
14000
17000
5000
11000
11000
17000
8000
8000
11000
9000
3000
1000
7000
13000
13000
7000
7000
11000
11000
18000
11000
10000
10000
11000
17000
13000
14000
14000
16000
21000
13000
11000
11000
11000
6000
4000
4000
4000
3000
6000
6000
===== simanneal =====
all iter   : 212
accepted   : 78

0.904534251
2.002934209
