simanneal start at 0.000505917
1000
2000
6000
1000
1000
2000
1000
2000
1000
2000
1000
2000
2000
1000
2000
1000
1000
1000
6000
1000
1000
1000
1000
1000
1000
1000
2000
2000
1000
1000
1000
1000
1000
1000
1000
1000
5000
1000
1000
1000
6000
1000
5000
1000
1000
1000
5000
1000
5000
1000
1000
1000
5000
2000
1000
1000
1000
1000
1000
1000
1000
1000
1000
1000
1000
7000
1000
1000
5000
5000
1000
1000
5000
1000
5000
3000
5000
1000
1000
2000
1000
2000
1000
1000
1000
1000
5000
5000
1000
2000
5000
5000
4000
3000
5000
2000
1000
1000
1000
1000
5000
1000
1000
6000
1000
1000
1000
1000
1000
5000
6000
2000
1000
1000
1000
6000
5000
1000
1000
2000
1000
2000
2000
6000
3000
2000
5000
6000
5000
1000
1000
1000
1000
1000
1000
1000
1000
1000
1000
2000
6000
1000
2000
2000
5000
5000
5000
5000
1000
1000
2000
1000
2000
5000
5000
1000
2000
2000
2000
1000
2000
1000
5000
5000
1000
1000
1000
1000
1000
1000
2000
2000
2000
2000
6000
1000
2000
6000
6000
1000
1000
1000
6000
1000
1000
5000
1000
1000
1000
1000
1000
1000
1000
1000
1000
1000
1000
1000
1000
2000
1000
1000
1000
1000
1000
2000
5000
1000
1000
1000
2000
1000
1000
1000
1000
1000
1000
5000
5000
1000
3000
5000
3000
1000
3000
1000
3000
1000
2000
2000
2000
1000
1000
1000
2000
1000
1000
===== simanneal =====
all iter   : 588
accepted   : 237

0.901804334
1.914832876
