simanneal start at 0.000122333
2147483648
2147483648
2147483648
2147483648
2147483648
2147483648
2147483648
2147483648
2147483648
2147483648
2147483648
2147483648
2147483648
2147483648
2147483648
2147483648
2147483648
2147483648
2147483648
2147483648
2147483648
2147483648
2147483648
2147483648
2147483648
2147483648
2147483648
2147483648
2147483648
2147483648
2147483648
2147483648
2147483648
2147483648
2147483648
7000
7000
7000
9000
9000
9000
9000
9000
2000
2000
9000
9000
9000
9000
2000
2000
2000
2000
2000
===== simanneal =====
all iter   : 261
accepted   : 54

0.9030185
2.0294805
