simanneal start at 0.000198417
1000
9000
3000
1000
4000
5000
8000
4000
1000
1000
1000
3000
4000
4000
4000
5000
4000
4000
4000
8000
5000
5000
10000
7000
12000
4000
6000
6000
7000
14000
10000
12000
16000
5000
4000
6000
4000
4000
7000
3000
2000
3000
4000
4000
9000
3000
5000
3000
4000
7000
3000
5000
5000
9000
6000
3000
3000
6000
2000
6000
4000
9000
13000
14000
9000
7000
7000
1000
1000
1000
7000
7000
7000
10000
14000
12000
13000
14000
11000
6000
8000
8000
7000
10000
10000
4000
5000
===== simanneal =====
all iter   : 134
accepted   : 87

0.903837751
1.8852050839999999
