simanneal start at 0.000050833
1000
1000
9000
1000
2000
3000
8000
1000
1000
12000
1000
1000
3000
4000
1000
1000
10000
3000
1000
11000
2000
2000
4000
1000
4000
2000
1000
6000
2000
5000
1000
1000
1000
1000
14000
3000
1000
6000
9000
6000
6000
12000
2000
4000
1000
1000
1000
3000
1000
1000
1000
2000
4000
6000
18000
1000
6000
2000
1000
6000
5000
1000
4000
6000
5000
1000
1000
3000
10000
1000
1000
1000
1000
7000
2000
2000
6000
6000
1000
3000
1000
1000
3000
3000
3000
1000
3000
6000
8000
2000
8000
2000
1000
2000
5000
1000
8000
7000
4000
1000
1000
1000
1000
1000
1000
1000
2000
1000
1000
1000
1000
1000
1000
1000
1000
1000
1000
1000
1000
===== simanneal =====
all iter   : 178
accepted   : 119

0.901412458
1.997078626
