simanneal start at 0.043115084
6299922
6199923
6099909
5999910
5899911
5799847
5799782
5699783
5699833
5599819
5599804
5499740
5399726
5299727
5199728
5099729
5099744
4999680
4999665
4999600
4999535
4899536
4799472
4799457
4699458
4599444
4499380
4399366
4299352
4299402
4199388
4199438
4199423
4099409
3999410
3999410
3899346
3799282
3699058
3599044
3598675
3498611
3498561
3398547
3298483
3298418
3198244
3098180
3098165
3098150
3098135
2998071
2997896
2897832
2897767
2897752
2797578
2797513
2697514
2697499
2697514
2697499
2697484
2697309
2697244
2697179
2696810
2696985
2696314
2695209
2695563
2695548
2695723
2695613
2695723
2695658
2695643
2695578
2695209
2695194
2695259
2695244
2695309
2695244
2595325
2595215
2495231
2496336
2496336
2495967
2395439
2395374
2394703
2395072
2395007
2393902
2393917
2394286
2393917
2393902
2393533
2392428
2392797
2392428
2392363
2390668
2390493
2390124
2290205
2290030
2289661
2290030
2291725
2291356
2187966
2187295
2186926
2188031
2188400
2187360
2187360
2184960
2181536
2081537
2079842
2079777
1979858
1869394
1869329
1870000
1869329
1870000
1873439
1872768
1873137
1869698
1874339
1875444
1875619
1874514
1874145
1872450
1867809
1866704
1866033
1861392
1858927
1852832
1849393
1850498
1850563
1850498
1849393
1849458
1849473
1849458
1849393
1849218
1849283
1850388
1850323
1849954
1849283
1849108
1849283
1849173
1848804
1848869
1848804
1840979
1841348
1841523
1841588
1841653
1841668
1841653
1741734
1735639
1735654
1735589
1735574
1735509
1727684
1717829
1718500
1719171
1719540
1719171
1718500
1718325
1718150
1717781
1717110
1717781
1716676
1716851
1704642
1705011
1703971
1705076
1705091
1705076
1706116
1705011
1706116
1705747
1709186
1708081
1707906
1708275
1706580
1704115
1703010
1699571
1707396
1705766
1705397
1705766
1705397
1705766
1705397
1705028
1706658
1705987
1691076
1683251
1682146
1664161
1662466
1660836
1660661
1662291
1661922
1661747
1661378
1659748
1677062
1678692
1677062
1678692
1677062
1659748
1661443
1660772
1677652
1679282
1677652
1679282
1677652
1679282
1662402
1663073
1680387
1681492
1681557
1681492
1679797
1662483
1661443
1662483
1661443
1662483
1661443
4971857714
4942200851
4928311962
===== simanneal =====
all iter   : 17801
accepted   : 266

