simanneal start at 0.125860209
13699848
13599834
13599819
13599754
13499740
13399741
13399676
13299677
13299612
13199438
13099439
12999425
12999425
12899361
12799362
12799412
12699413
12699413
12699413
12599399
12599224
12499160
12399161
12299147
12299147
12299082
12199068
12099069
11999070
11899006
11899006
11799022
11698958
11598590
11498591
11398592
11298578
11198579
11198579
11098580
10998581
10898582
10798568
10798503
10798328
10698329
10598330
10498316
10398317
10298303
10298303
10198239
10098175
10098110
9998096
9898082
9798068
9798003
9797988
9697924
9597910
9597845
9497846
9497781
9397782
9297768
9197754
9097755
8997741
8897727
8897712
8797538
8797169
8697105
8697040
8696975
8596976
8596911
8596976
8596961
8596946
8596931
8496867
8496867
8496917
8496917
8396693
8296629
8296260
8296245
8296180
8295811
8295140
8295125
8195206
8195271
8195256
8195241
8095177
8095162
7995163
7995148
7895149
7895149
7895134
7894765
7794766
7694767
7694702
7694687
7694672
7594448
7594433
7594418
7494354
7494339
7394340
7394325
7394310
7294246
7294231
7294216
7294201
7294136
7294136
7294071
7294056
7194057
7194007
7093943
7093272
6993273
6993208
6993193
6893274
6792746
6792731
6792731
6792716
6792731
6792716
6692717
6592543
6592718
6592703
6592703
6592688
6592753
6592593
6592543
6592718
6592703
6492529
6492514
6392515
6391844
6391779
6391714
6391699
6391684
6391315
6391300
6291301
6291126
6290757
6290757
6291126
6291061
6291046
6191047
6190872
6190697
6190747
6190378
6190313
6190248
6189879
6089895
6089880
5989706
5989035
5989020
5988970
5988299
5988284
5988219
5987850
5987835
5987164
5987114
5987099
5987034
5987019
5987069
5987054
5987039
5987710
5987695
5987630
5987580
5887581
5887566
5787822
5787757
5787742
5787677
5787006
5786991
5786816
5786751
5786736
5686512
5685841
5685170
5685155
5685090
5685025
5585041
5584672
5585343
5584238
5583567
5583502
5582831
5581136
5580767
5579662
5579597
5578492
5578557
5578382
5578397
5578382
5578272
5578207
5578142
5578077
5578012
5578683
5578314
5578489
5576794
5576794
5476810
5474345
5473240
5472569
5473674
5474345
5373817
5373817
5373752
5372647
5371542
5371477
5370806
5370631
5370566
5370197
5270278
5270647
5170119
5169014
5168949
5168774
5167079
5167448
5167273
5167208
5167143
5166968
5165863
5165494
5164823
5165494
5165125
5065206
5063511
5063880
5064249
5064074
5063403
5062732
5062363
5059898
5059227
5058923
5058252
4958333
4958637
4958268
4957964
4957899
4957530
4959225
4958120
4858201
4858570
4856105
4857210
4856539
4856170
4855065
4856170
4855065
4854394
4855499
4854394
4853289
4851594
4852090
4853195
4852699
4851004
4849899
4851004
4848539
4845100
4843995
4840556
4841227
4840122
4838427
4837322
4739723
4739354
4740459
4741564
4741933
4741262
4740157
4739788
4632270
4631901
4627260
4623821
4619180
4618075
4611980
4611611
4610506
4612201
4607560
4605865
4605194
4599099
4597994
4598665
4596970
4596299
4591658
4589963
4588268
4588637
4586172
4585997
4585628
4584957
4578862
4584957
4585022
4584351
4584351
4584526
4576701
4476782
4476717
4474252
4474187
4475882
4474777
4475882
4474187
4475882
4473417
4469978
4468873
4465434
4461995
4463100
4461995
4457354
4458459
4453818
4353899
4350460
4349355
4348684
4346219
4352314
4350619
4345978
4346043
4345978
4347083
4345388
4346059
4350700
4350029
4343934
4244015
4242910
4243581
4241116
4240445
4237071
4237742
4241116
4237742
4237567
4237742
4241116
4241006
4239311
4237616
4240081
4241776
4242881
4240416
4239311
4241006
4241116
4235021
4232556
4229182
4232556
4232381
4229007
4221182
4220813
4221484
4219789
4217324
4220698
4210843
4210172
4209501
4208830
4213471
4210097
4213536
4203681
4200242
4203616
4204112
4203441
4201746
4200816
4201185
4196544
4194849
4188754
4187649
4186544
4183170
4186544
4187215
4193310
4189871
4186432
4183967
4180593
4179488
4177023
4077104
4080478
4075837
4075166
4070525
4067086
4066717
4065022
4061583
4062254
4056159
4051518
4056159
4048334
4052975
4040766
4041135
4048960
4045586
4045217
4030306
4025665
4021024
4020849
4020480
4015839
4015168
4002959
4001854
4000159
4004800
4000159
3996720
3992079
3896175
3881264
3875169
3876864
3877233
3877408
3777489
3775794
3773329
3779424
3777729
3759744
3753649
3749008
3753649
3752544
3755983
3734528
3736223
3731582
3725487
3717662
3709837
3705196
3709837
3724748
3716923
9292829373
9287334868
9283168202
9275592445
9075592445
9071915974
9062825064
9051713953
9048445979
9042951474
9040027497
8956694164
8906694164
8899118407
8891542650
8873685508
8870761531
8865267026
8831933692
8808124168
8474790835
8460901946
8449790835
===== simanneal =====
all iter   : 28090
accepted   : 548

