simanneal start at 0.014648625
2699958
2599959
2499960
2499895
2399881
2299817
2199803
2099789
1999725
1899551
1799183
1699169
1599155
1599090
1599140
1599090
1499076
1398902
1399062
1399112
1298888
1298888
1298888
1298888
1298888
1298888
1298888
1298888
1298888
1298888
1298888
1298888
1298888
1298888
1298888
1298888
1298888
1298888
1298888
1298888
1298888
1298888
1298888
1298888
1298888
1298888
1298888
1298888
1298888
1298888
1298888
1298888
1298888
1298888
1298888
1298888
1298888
1298888
1298888
1298888
1298888
1298888
1298888
1298888
1298888
1298728
1298888
1298888
1298888
1298888
1298888
1298888
1298888
1298888
1298888
1298728
1298888
1298728
1298888
1298728
1298888
1298728
1298888
1298728
1298888
1298888
1298888
1298728
1298888
1298728
1298888
1298728
1298888
1298728
1298888
1298728
1298888
1298888
1298888
1298728
1298888
1298728
1298888
1298888
1298888
1298728
1298888
1298728
1298888
1298728
1298888
1298728
1298888
1298728
1298888
1298728
1298888
1298888
1298888
1298888
1298888
1298728
1298888
1298888
1298888
1298728
1298888
1298728
1298888
1298728
1298888
1298888
1298888
1298728
1298888
1298888
1298888
1298728
1298888
1298728
1298888
1298728
1298888
1298728
1298888
1298728
1298888
1298888
1298888
1298888
1298888
1298888
1298888
1298888
1298888
1298888
1298888
1298888
1298888
1298888
1298888
1298888
1298888
1298888
1298888
1298728
1298888
1298728
1298888
1298728
1298888
1298728
1298888
1298728
1298888
1298728
1298888
1298728
1298888
1298728
1298888
1298728
1298888
1298728
1298888
1298728
1298888
1298888
1298888
1298888
1298888
1298888
1298888
1298728
1298888
1298728
1298888
1298888
1298888
1298888
1298888
1298728
1298888
1298888
1298888
1298728
1298888
1298888
1298888
1298888
1298888
1298728
1298888
1298728
1298888
1298728
1298888
1298888
1298888
1298728
1298888
1298728
1298888
1298728
1298888
1298728
1298888
1298728
1298888
1298728
1298888
1298728
1298888
1298728
1298888
1298728
1298888
1298728
1298888
1298728
1298888
1298728
1298888
1298728
1298888
1298728
1298888
1298728
1298888
1298728
1298888
1298888
1298888
1298888
1298888
1298888
1298888
1298728
1298888
1298728
1298888
1298728
1298888
1298728
1298888
1298728
1298888
1298728
1298888
1298728
1298888
1298728
1298888
1298888
1298888
1298888
1298888
1298728
1298888
1298888
1298888
1298888
1298888
1298728
1298888
1298888
1298888
1298888
1298888
1298728
1298888
1298888
1298888
1298888
1298888
1298728
1298888
1298888
1298888
1298888
1298888
1298728
1298888
1298888
1298888
1298888
1298888
1298888
1298888
1298888
1298888
1298888
1298888
1298728
1298888
1298888
1298888
1298888
1298888
1298728
1298888
1298728
1298888
1298728
1298888
1298888
1298888
1298888
1298888
1298888
1298888
1298888
1298888
1298728
1298888
1298888
1298888
1298728
1298888
1298728
1298888
1298888
1298888
1298888
1298888
1298888
1298888
1298888
1298888
1298888
1298888
1298728
1298888
1298888
1298888
1298888
1298888
1298888
1298888
1298888
1298888
1298728
1298888
1298888
1298888
1298888
1298888
1298888
1298888
1298888
1298888
1298888
1298888
1298888
1298888
1298888
1298888
1298888
1298888
1298888
1298888
1298888
1298888
1298888
1298888
1298728
1298888
1298728
1298888
1298888
1298888
1298888
1298888
1298888
1298888
1298888
1298888
1298888
1298888
1298888
1298888
1298888
1298888
1298888
1298888
1298888
1298888
1298888
1298888
1298888
1298888
1298728
1298888
1298728
1298888
1298888
1298888
1298888
1298888
1298888
1298888
1298888
1298888
1298888
1298888
1298888
1298888
1298888
1298888
1298888
1298888
1298888
1298888
1298888
1298888
1298888
1298888
1298888
1298888
1298888
1298888
1298888
1298888
1298888
1298888
1298888
1298888
1298888
1298888
1298888
1298888
1298888
1298888
1298888
1298888
1298888
1298888
1298888
1298888
1298888
1298888
1298888
1298888
1298888
1298888
1298888
1298888
1298888
1298888
1298888
1298888
1298888
1298888
1298888
1298888
1298888
1298888
1298888
1298888
1298888
1298888
1298888
1298888
1298888
1298888
1298888
1298888
1298888
1298888
1298888
1298888
1298888
1298888
1298888
1298888
1298888
1298888
1298888
1298888
1298888
1298888
1298888
1298888
1298888
1298888
1298888
1298888
1298888
1298888
1298888
1298888
1298888
1298888
1298888
1298888
1298888
1298888
1298888
1298888
1298888
1298888
1298888
1298888
1298728
1298888
1298728
1298888
1298728
1298888
1298888
1298888
1298888
1298888
1298728
1298888
1298728
1298888
1298888
1298888
1298888
1298888
1298888
1298888
1298728
1298888
1298728
1298888
1298888
1298888
1298888
1298888
1298728
1298888
1298888
1298888
1298888
1298888
1298888
1298888
1298728
1298888
1298728
1298888
1298888
1298888
1298888
1298888
1298728
1298888
1298728
1298888
1298728
1298888
1298888
1298888
1298888
1298888
1298888
1298888
1298888
1298888
1298888
1298888
1298728
1298888
1298888
1298888
1298888
1298888
1298888
1298888
1298888
1298888
1298888
1298888
1298888
1298888
1298888
1298888
1298728
1298888
1298728
1298888
1298728
1298888
1298728
1298888
1298888
1298888
1298728
1298888
1298888
1298888
1298888
1298888
1298888
1298888
1298888
1298888
1298888
1298888
1298888
1298888
1298888
1298888
1298728
1298888
1298888
1298888
1298888
1298888
1298888
1298888
1298888
1298888
1298728
1298888
1298888
1298888
1298888
1298888
1298888
1298888
1298888
1298888
1298888
1298888
1298728
1298888
1298888
1298888
1298888
1298888
1298728
1298888
1298888
1298888
1298728
1298888
1298728
1298888
1298888
1298888
1298888
1298888
1298728
1298888
1298728
1298888
1298728
1298888
1298728
1298888
1298888
1298888
1298888
1298888
1298888
1298888
1298888
1298888
1298888
1298888
1298888
1298888
1298888
1298888
1298888
1298888
1298888
1298888
1298888
1298888
1298888
1298888
1298888
1298888
1298888
1298888
1298888
1298888
1298728
1298888
1298728
1298888
1298888
1298888
1298728
1298888
1298888
1298888
1298888
1298888
1298888
1298888
1298728
1298888
1298888
1298888
1298888
1298888
1298888
1298888
1298728
1298888
1298888
1298888
1298888
1298888
1298728
1298888
1298888
1298888
1298728
1298888
1298888
1298888
1298888
1298888
1298888
1298888
1298888
1298888
1298888
1298888
1298888
1298888
1298728
1298888
1298888
1298888
1298888
1298888
1298888
1298888
1298888
1298888
1298888
1298888
1298888
1298888
1298888
1298888
1298888
1298888
1298888
1298888
1298888
1298888
1298888
1298888
1298888
1298888
1298888
1298888
1298888
1298888
1298728
1298888
1298888
1298888
1298728
1298888
1298728
1298888
1298888
1298888
1298888
1298888
1298888
1298888
1298888
1298888
1298888
1298888
1298888
1298888
1298888
1298888
1298888
1298888
1298888
1298888
1298728
1298888
1298888
1298888
1298888
1298888
1298728
1298888
1298888
1298888
1298888
1298888
1298728
1298888
1298888
1298888
1298888
1298888
1298728
1298888
1298728
1298888
1298728
1298888
1298728
1298888
1298728
1298888
1298728
1298888
1298728
1298888
1298728
1298888
1298728
1298888
1298728
1298888
1298728
1298888
1298728
1298888
1298728
1298888
1298728
1298888
1298888
1298888
1298888
1298888
1298888
1298888
1298728
1298888
1298728
1298888
1298728
1298888
1298888
1298888
1298888
1298888
1298728
1298888
1298888
1298888
1298728
1298888
1298728
1298888
1298888
1298888
1298728
1298888
1298888
1298888
1298888
1298888
1298728
1298888
1298728
1298888
1298728
1298888
1298728
1298888
1298888
1298888
1298888
1298888
1298888
1298888
1298888
1298888
1298888
1298888
1298888
1298888
1298888
1298888
1298888
1298888
1298728
1298888
1298888
1298888
1298728
1298888
1298888
1298888
1298888
1298888
1298888
1298888
1298888
1298888
1298888
1298888
1298888
1298888
1298888
1298888
1298888
1298888
1298728
1298888
1298728
1298888
1298888
1298888
1298888
1298888
1298888
1298888
1298888
1298888
1298728
1298888
1298728
1298888
1298888
1298888
1298728
1298888
1298728
1298888
1298888
1298888
1298888
1298888
1298728
1298888
1298728
1298888
1298728
1298888
1298728
1298888
1298728
1298888
1298888
1298888
1298888
1298888
1298888
1298888
1298888
1298888
1298888
1298888
1298888
1298888
1298888
1298888
1298728
1298888
1298888
1298888
1298888
1298888
1298888
1298888
1298888
1298888
1298888
1298888
1298728
1298888
1298888
1298888
1298888
1298888
1298728
1298888
1298728
1298888
1298728
1298888
1298888
1298888
1298888
1298888
1298888
1298888
1298728
1298888
1298888
1298888
1298888
1298888
1298888
1298888
1298888
1298888
1298888
1298888
1298888
1298888
1298728
1298888
1298888
1298888
1298888
1298888
1298728
1298888
1298888
1298888
1298728
1298888
1298728
1298888
1298888
1298888
1298888
1298888
1298888
1298888
1298888
1298888
1298888
1298888
1298888
1298888
1298888
1298888
1298888
1298888
1298888
1298888
1298888
1298888
1298888
1298888
1298888
1298888
1298888
1298888
8116666666
8116666666
8116666666
8116666666
8116666666
8116666666
8116666666
8116666666
8116666666
8116666666
8116666666
8116666666
8116666666
8116666666
8116666666
8116666666
8116666666
8116666666
8116666666
8116666666
8116666666
8116666666
8116666666
8116666666
8116666666
8116666666
8116666666
8116666666
8116666666
8116666666
8116666666
8116666666
8116666666
8116666666
8116666666
8116666666
8116666666
8116666666
8116666666
8116666666
8116666666
8116666666
8116666666
8116666666
8116666666
8116666666
8116666666
8116666666
8116666666
8116666666
8116666666
8116666666
8116666666
8116666666
8116666666
8116666666
8116666666
8116666666
8116666666
8116666666
8116666666
8116666666
8116666666
8116666666
8116666666
8116666666
8116666666
8116666666
8116666666
8116666666
8116666666
8116666666
8116666666
8116666666
8116666666
8116666666
8116666666
8116666666
8116666666
8116666666
8116666666
8116666666
8116666666
8116666666
8116666666
8116666666
8116666666
8116666666
8116666666
8116666666
8116666666
8116666666
8116666666
8116666666
8116666666
8116666666
8116666666
8116666666
8116666666
8116666666
8116666666
8116666666
8116666666
8116666666
8116666666
8116666666
8116666666
8116666666
8116666666
8116666666
8116666666
8116666666
8116666666
8116666666
8116666666
8116666666
8116666666
8116666666
8116666666
8116666666
8116666666
8116666666
8116666666
8116666666
8116666666
8116666666
8116666666
8116666666
8116666666
8116666666
8116666666
8116666666
8116666666
8116666666
8116666666
8116666666
8116666666
8116666666
8116666666
8116666666
8116666666
8116666666
8116666666
8116666666
8116666666
8116666666
8116666666
8116666666
8116666666
8116666666
8116666666
8116666666
8116666666
8116666666
8116666666
8116666666
8116666666
8116666666
8116666666
8116666666
8116666666
8116666666
8116666666
8116666666
8116666666
8116666666
8116666666
8116666666
8116666666
8116666666
8116666666
8116666666
8116666666
8116666666
8116666666
8116666666
8116666666
8116666666
8116666666
8116666666
8116666666
8116666666
8116666666
8116666666
8116666666
8116666666
8116666666
8116666666
8116666666
8116666666
8116666666
8116666666
8116666666
8116666666
8116666666
8116666666
8116666666
8116666666
8116666666
8116666666
8116666666
8116666666
8116666666
8116666666
8116666666
8116666666
8116666666
8116666666
8116666666
8116666666
8116666666
8116666666
8116666666
8116666666
8116666666
8116666666
8116666666
8116666666
8116666666
8116666666
8116666666
8116666666
8116666666
8116666666
8116666666
8116666666
8116666666
8116666666
8116666666
8116666666
8116666666
8116666666
8116666666
8116666666
8116666666
8116666666
8116666666
8116666666
8116666666
8116666666
8116666666
8116666666
8116666666
8116666666
8116666666
8116666666
8116666666
8116666666
8116666666
8116666666
8116666666
8116666666
8116666666
8116666666
8116666666
8116666666
8116666666
8116666666
8116666666
8116666666
8116666666
8116666666
8116666666
8116666666
8116666666
8116666666
8116666666
8116666666
8116666666
8116666666
8116666666
8116666666
8116666666
8116666666
8116666666
8116666666
8116666666
8116666666
8116666666
8116666666
8116666666
8116666666
8116666666
===== simanneal =====
all iter   : 58381
accepted   : 1344

