simanneal start at 0.020967
3999960
3999945
3899931
3899931
3799917
3699918
3599904
3599904
3499840
3399826
3299762
3199763
3199748
3099749
3099734
2999670
2899656
2799642
2799627
2799562
2699548
2599374
2599309
2499245
2499230
2399231
2399231
2299232
2299217
2299167
2199103
2199038
2199023
2098495
2098480
1998481
1998481
1998466
1998401
1997730
1997745
1997730
1997665
1997600
1997490
1997425
1897506
1897137
1897202
1896531
1896596
1896531
1896466
1796467
1796452
1796437
1796372
1796307
1796132
1796307
1795202
1795377
1795362
1794257
1794192
1794257
1794307
1794242
1694323
1694258
1692628
1692578
1692513
1692563
1693668
1691268
1691268
1691108
1691268
1691203
1691043
1690674
1689569
1589650
1590019
1590194
1590179
1591284
1587845
1587845
1587685
1587845
1586740
1586675
1586690
1586675
1586690
1586675
1590114
1590129
1589954
1589939
1589954
1589939
1589570
1589585
1589570
1592035
1592050
1590355
1590340
1590355
1590340
1587875
1587890
1587219
1584754
1584739
1581365
1581300
1581235
1481316
1481316
1481316
1481316
1481141
1480966
1480901
1480966
1480901
1477462
1477287
1477112
1476743
1476374
1476743
1475638
1474118
1471653
1474118
1474293
1474358
1474358
1473989
1473318
1373399
1374070
1374005
1369364
1368693
1373334
1373399
1374070
1374005
1369364
1363269
1366708
1366037
1372132
1371461
1372132
1373827
1376292
1370197
1376292
1375621
1374516
1373411
1371716
1371541
1369076
1368707
1369812
1368707
1365268
1360627
1358162
1358531
1358162
1358531
1358421
1258437
1256742
1256567
1258262
1257893
1257958
1257893
1256198
1256373
1256438
1254743
1254678
1256373
1255702
1256373
1261014
1262709
1262774
1262599
1262230
1262165
1260470
1258005
1254566
1253895
1249254
1243159
1245624
1246729
1242088
1240983
1239878
1240053
1241158
1241829
1242198
1241527
1240422
1241527
1242632
1241527
1241352
1240247
1241352
1240247
1241352
1241417
1240312
1240247
1240422
1245063
1242598
1242229
1244694
1242229
1242294
1242359
1242294
1242229
1238790
1242229
1238790
1244885
1249526
1244885
1245990
1246055
1244950
1144886
1145991
1146360
1151001
1146360
1147465
1152106
1152777
1153146
1152777
1153448
1153513
1153528
1153513
1152842
1148201
1148136
1148505
1143864
1143495
1143864
1143495
1142824
1143495
1143864
1137769
1137400
1140839
1140168
1140233
1139128
1139799
1139814
1139799
1139734
1136295
1136360
1136295
1134600
1138039
1138104
1138039
1139734
1138039
1138104
1138039
1138408
1138039
1134600
1139241
1138570
1130745
1129640
1129705
1129720
1129705
1129640
1129705
1129720
1129705
1129770
1129705
1129640
1124999
1115144
1115209
1115144
1102935
1107576
1107401
1107032
1107401
1107576
1107641
1111080
1111095
1111080
1111015
1110840
1111015
1112710
1111015
1111080
1111015
1114454
1115559
1115624
1118089
1114650
1115321
1115256
1127465
1127290
1124825
1124521
1123850
1124154
1124219
1124154
1123850
1123481
2398448770
2315115437
2231782104
2181782104
2170670993
2120670993
2096861469
2092099564
2083008654
===== simanneal =====
all iter   : 24872
accepted   : 359

