simanneal start at 0.024746792
6699933
6599919
6499905
6499840
6399826
6299652
6299587
6299652
6299812
6199798
6199798
6099799
6099784
5999770
5999770
5899756
5799757
5699758
5599759
5499760
5399746
5299682
5199683
5099684
5099509
4999445
4999620
4899446
4799382
4799317
4699143
4699128
4699063
4599064
4499050
4498985
4398971
4298957
4298588
4298523
4198509
4098495
4097824
4096719
4097824
4097809
4097440
4097440
3997441
3997331
3997381
3997316
3897252
3897302
3797238
3797223
3696999
3696934
3697094
3697029
3697014
3696645
3696630
3696455
3596391
3595720
3595049
3595034
3595019
3594844
3594859
3594844
3595515
3595500
3595515
3495451
3395227
3395212
3295213
3194685
3194620
3194605
3194590
3193919
3193248
3193248
3193248
3193233
3093234
3093249
2993185
2993120
2993105
2993090
2893171
2893221
2792997
2792932
2792917
2792852
2792852
2792837
2792822
2792932
2792772
2792757
2792692
2792867
2792867
2692883
2692514
2692449
2692384
2692319
2691648
2691648
2691473
2691298
2691233
2591314
2591139
2590770
2589665
2589730
2588690
2589730
2589665
2589600
2589535
2489616
2489551
2489376
2490481
2490656
2489616
2489312
2488207
2488317
2488252
2488077
2489182
2488077
2488142
2488077
2486972
2387053
2385948
2385579
2386684
2386013
2386684
2387789
2388894
2389999
2388894
2387199
2386094
2384989
2385054
2384685
2384014
2384620
2382155
2380460
2379789
2279870
2279501
2280172
2279501
2278396
2275931
2275260
2275931
2275260
2274589
2273549
2273374
2273309
2272204
2272379
2270684
2268989
2266524
2268989
2267294
2264829
2263724
2262029
2263724
2263549
2263724
2260350
2260285
2262750
2262575
2262271
2262206
2162287
2161616
2165055
2163360
2165825
2166194
2163729
2165424
2165793
2165618
2165249
2163554
2162449
2159984
2157519
2157584
2160049
2159984
2162449
2159984
2162449
2163554
2164659
2166354
2165249
2161810
2159345
2161810
2162481
2157840
2155375
2152910
2149471
2148800
2151265
2151936
2150241
2148546
2146081
2143616
2142945
2140545
2143010
2143681
2139040
2138671
2138561
2138576
2138561
2138496
2138865
2143506
2143137
2139698
2142163
2141794
2146435
2145764
2143299
2140899
2040915
2041586
2042257
2039792
2042257
2041586
2040915
2038450
2037345
2038016
2034577
2029936
2031041
2024946
2025121
2024016
2024081
2024450
2025490
2027955
2028626
2020801
2020130
2019090
2009235
2011700
2011029
2011204
2011139
2011508
2011333
2010964
2011333
2010964
2008499
2009170
2008801
2009906
2010577
2009906
2010275
2009604
2009669
2010340
2009669
2008564
2008195
2008020
1908101
1908036
1907365
1906260
1905589
1905414
1905239
1904134
1906599
1906230
1904535
1904710
1900069
1899700
1897235
1895540
1896211
1891570
1890899
1890228
1889123
1888018
1888083
1887908
1887843
1888948
1889123
1884482
1885587
1890228
1890597
1888132
1887763
1883122
1879683
1873588
1879683
1880052
1884693
1885798
1883333
1882228
1885667
1884562
3982647900
3932647900
3821536789
3813961032
3809199127
3725865794
3708008652
3696897541
3683008652
3599675319
3592099562
3585689305
3535689305
3452355972
3402355972
3352355972
3019022639
2935689306
2917832164
2903943275
2870609941
2837276607
2823387718
2814296808
2614296808
2603185697
2595609940
2586519030
2580108773
2568997662
2557886551
2552392046
===== simanneal =====
all iter   : 21300
accepted   : 381

