simanneal start at 0.0265185
3799947
3799932
3699933
3599919
3499905
3399891
3299892
3199878
3199863
3199848
3099784
2999770
2899756
2899741
2799727
2699713
2699698
2599699
2599684
2599509
2499445
2499605
2499540
2499475
2399411
2399476
2399541
2299477
2299477
2199478
2199478
2199413
2199363
2099364
2099349
1999285
1999270
1999205
1999205
1999140
1898612
1898547
1898482
1898467
1898452
1798468
1798418
1798418
1798353
1798288
1798273
1798273
1798113
1798273
1798208
1798208
1798143
1797968
1698049
1698114
1698049
1697939
1697779
1697954
1697585
1697410
1696739
1696914
1696899
1697074
1695969
1695904
1697009
1697680
1697009
1697680
1697009
1697680
1697009
1697680
1697009
1595875
1596546
1595441
1594835
1594850
1494851
1493811
1389667
1386228
1387333
1388004
1387333
1387398
1387333
1387398
1387333
1387223
1387158
1386053
1381412
1379717
1379782
1379717
1379348
1381043
1381108
1381043
1380372
1379267
1380372
1378677
1377572
1376901
1378006
1378021
1378006
1377831
1377831
1377766
1378437
1378612
1379283
1373188
1373542
1373188
1373542
1373367
1372696
1378791
1377686
1377332
1377317
1377252
1376646
1376821
1376646
1377252
1376581
1376646
1376581
1376277
1376581
1370486
1369446
1369142
1370247
1370182
1270263
1271368
1273063
1271958
1273063
1273734
1272629
1272694
1273799
1266039
1256199
1256184
1156200
1156215
1156200
1156135
1155464
1154359
1155464
1154359
1152664
1150969
1051050
1048585
1045146
1045211
1045276
1045211
1045276
1045291
1045276
1033082
1033067
1030602
1029497
1029512
1028841
1028776
1028761
1029866
1029801
1041835
1042010
1042075
1042090
1041915
1041980
1041965
1041596
1040491
1042956
1042891
1042956
1042891
1042220
1037579
1037644
1031549
1019355
1031549
1031374
931390
932495
932126
931951
930846
931021
928556
926861
926686
924221
924396
930426
940281
936842
944667
936857
936842
936857
937528
936857
936842
935737
935752
929722
929707
929036
928971
928796
929467
930572
929467
924826
925931
928396
929067
929738
929067
933708
933037
931932
933037
932366
931261
932366
933037
934732
935101
935772
935101
934926
938365
934926
925071
923966
924141
925246
925917
913708
913339
914444
913339
913404
908763
909434
908763
908778
909449
909434
909369
909434
909369
908698
909067
915162
909067
907372
913467
912796
912427
911322
911387
905292
904621
916830
926620
928315
934410
935081
935752
929657
919867
924508
922813
922748
918107
919212
919277
929067
927962
921867
914042
904252
904267
904252
904267
904252
914107
914042
914411
904556
904187
894332
894397
894412
894397
894332
894397
894412
894397
894332
894397
894412
894397
894332
891867
901722
901547
904012
911837
912012
912187
911516
911341
911166
911341
911406
911775
911406
911341
911406
911421
911406
911341
899132
899197
899212
899197
891372
891307
891132
892237
1835256407
1801923073
1778113549
1754304025
1750137359
1746460888
1743192914
===== simanneal =====
all iter   : 17389
accepted   : 367

