simanneal start at 0.016488417
4299957
4199943
4099944
3999930
3999930
3899916
3799917
3799902
3699903
3599904
3499840
3499825
3399651
3299652
3199638
3099574
2999510
2899496
2799497
2699483
2599309
2599309
2499245
2399231
2299217
2299152
2299137
2198609
2198594
2197923
2197908
2197893
2097829
2097814
2097814
2097814
2097445
2097430
1997446
1997077
1997062
1997047
1896983
1896968
1896953
1896938
1896267
1896282
1896217
1796233
1796183
1696184
1695079
1694904
1694854
1694904
1694889
1694839
1694774
1694759
1694694
1694023
1693958
1693893
1593365
1592694
1591589
1589894
1587429
1586324
1582950
1582885
1581780
1581715
1481796
1481731
1481796
1482901
1482836
1483507
1483572
1376054
1375989
1375318
1375143
1374774
1374405
1373734
1369093
1369764
1370869
1369764
1370869
1369764
1369093
1369764
1368069
1367894
1368069
1372710
1372039
1371864
1375303
1371864
1367223
1367592
1361497
1356856
1357527
1358198
1357527
1356422
1350327
1350502
1356597
1356662
1356597
1355926
1362021
1362692
1363061
1362886
1362886
1362711
1362517
1362407
1362422
1362053
1362038
1361669
1361734
1362839
1362168
1362183
1362248
1361143
1361128
1361303
1361128
1361193
1360522
1360347
1361018
1354923
1354252
1354556
1354491
1354491
1354666
1354601
1252537
1252472
1251367
1252038
1251367
1249672
1243577
1245272
1243577
1245272
1245097
1243402
1245097
1245768
1245593
1245768
1238008
1237833
1237898
1237529
1236858
1236489
1237160
1237175
1237110
1243205
1243190
1247831
1246136
1246071
1246136
1245465
1245530
1245899
1246570
1246505
1246440
1245769
1244664
1144745
1134890
1144745
1144376
1144745
1146440
1147545
1147720
1146615
1136760
1135065
1136170
1137865
1136760
1137865
1136760
1135065
1136170
1137865
1138040
1139735
1139560
1137865
1138536
1136841
1137016
1136345
1135240
1136935
1124726
1123031
1121336
1118871
1121336
1133545
1133370
1130905
1130730
1037291
1037356
1037291
1037356
1038461
1038396
1038698
1038396
1038698
1038763
1038588
1038523
1038588
1038523
1040218
1043657
1043355
1045820
1047515
1048620
1047515
1045995
1044300
1044475
1044300
1044475
1042010
1042681
1044376
1044551
1042086
1040391
1040216
1041911
1041240
1042345
1042410
1042345
1041240
1041065
1039370
1039435
1039370
1039001
1048856
1046391
1046456
1048921
1046456
1043017
1043082
1033227
1033162
1035627
1035692
1035627
1035562
1035627
1035562
1034891
1032426
1034891
1036586
1034891
1036586
1034891
1036586
1034891
1034956
1036651
1036586
1034891
1034285
1036750
1036685
1034220
1036685
1036750
1036685
1034220
1034716
1034891
1032426
1034891
1034220
1031755
931836
931901
931836
931901
931836
931901
930796
930731
930796
930731
930796
930731
930556
930187
940042
939371
938266
938937
937242
937611
934172
1459920632
1409920632
1396031743
===== simanneal =====
all iter   : 21647
accepted   : 337

