simanneal start at 0.087609166
13499850
13399836
13299822
13299757
13299757
13199583
13099584
12999216
12899217
12799218
12699204
12599220
12599205
12499191
12399192
12299178
12199179
12099165
11999166
11999101
11999086
11899087
11899022
11799023
11698959
11598960
11598945
11498946
11398947
11298773
11198759
11098760
10998696
10898697
10798633
10698634
10598460
10498461
10398462
10298463
10297792
10197728
10097714
10097649
9997635
9997620
9897621
9898292
9897621
9797607
9697593
9597579
9497515
9397451
9397082
9297068
9296893
9196894
9196525
9096526
8996527
8996158
8996093
8896094
8896144
8896079
8896014
8796000
8696001
8695986
8695921
8595922
8495908
8395894
8395829
8295815
8295750
8195751
8195736
8195736
8095672
7995658
7995593
7995418
7995403
7895404
7895339
7795340
7695341
7694670
7694605
7694590
7694575
7594401
7594226
7594211
7494212
7494147
7493972
7393908
7393893
7394262
7394247
7394232
7294168
7294103
7194104
7194089
7094090
7092985
7092314
7092299
7092234
7092169
7091800
7091735
7091670
7091845
7091670
7090565
7090550
7090485
7090116
7091221
7091156
6991157
6991092
6991748
6991733
6991077
6889943
6889878
6789879
6789864
6689865
6689850
6689690
6690346
6589978
6588873
6588217
6588202
6588092
6588077
6588012
6587997
6587932
6587563
6587498
6487499
6487514
6487449
6487434
6487369
6387370
6287306
6287291
6286922
6286251
6286236
6285565
6283870
6284541
6285197
6184527
6183422
6083438
6083278
6083263
5983264
5982608
5980913
5880914
5880899
5880899
5880884
5880869
5880819
5780645
5779540
5778435
5775970
5775970
5775955
5775890
5775825
5672435
5671330
5671330
5671315
5671250
5671185
5671170
5571171
5571171
5571156
5573556
5571091
5471092
5471077
5471012
5370948
5369253
5269334
5269269
5269204
5269269
5266804
5166885
5166950
5166935
5167000
5167000
5166985
5166970
5163531
5163516
5163451
5163276
5161581
5161516
5161501
5061582
5059887
5060256
5060241
5057776
5057761
5057090
5057075
4957091
4959491
4959122
4959297
4959232
4958863
4858944
4858959
4858944
4858944
4858879
4858894
4862333
4859868
4759949
4761644
4760973
4760958
4759263
4759198
4756733
4756668
4754268
4753163
4752058
4752123
4748684
4748619
4748444
4748284
4744910
4744910
4744845
4744830
4745935
4746045
4746045
4746220
4746155
4745050
4744379
4744204
4644285
4644220
4639579
4639514
4641209
4641144
4641079
4637640
4638311
4636616
4634921
4633226
4634746
4634075
4632555
4635994
4636059
4635994
4636059
4635994
4632555
4634250
4631785
4631610
4632715
4630250
4625609
4624504
4621065
4619370
4616905
4615800
4515881
4518346
4518521
4516826
4513387
4507292
4503853
4504958
4502493
4505932
4507627
4513722
4516187
4517882
4511787
4507146
4506971
4500876
4494781
4490140
4486701
4490140
4485499
4486604
4480509
4380590
4379485
4377790
4377680
4377790
4376685
4376316
4376381
4376316
4375645
4275726
4273261
4272156
4266061
4262622
4254797
4258236
4250411
4242586
4234761
4134842
4133147
4129708
4129773
4129708
4131228
4130859
4131964
4128525
4128525
4127854
4124415
4123981
4119340
4114699
4104844
4112669
4012750
4004925
3998830
3998895
3998830
3997135
3997200
3997265
3991170
3991105
3991040
3989714
3989345
3990369
3996289
3995920
3996591
3995265
4003090
4002915
4004610
4004241
4005936
4004241
3998515
3999620
4001315
4001490
4001121
4001296
3999601
4007426
4006321
4006146
3998321
3990496
3985855
3993680
3993505
3992834
3993505
3993680
3991215
3985120
3984449
3983778
3983843
3982738
3982673
3974848
3974913
3974848
3964993
3961554
3953729
3945904
3936049
3934354
3926529
3926354
3924659
3924834
3914979
3902770
3902945
3898304
3898369
3888579
3888644
3888709
3788725
3788660
3788660
3788595
3688676
3688611
3693252
3685427
3686098
3676243
3676612
3676243
3675572
3673877
3677316
3665107
3662642
3659203
3558069
3545860
3544755
3546450
3531539
3516628
3520067
3516628
3514933
3516038
3503829
3501364
3491509
3493974
3508885
3507780
3519814
9311248462
9306486557
9302319891
9252319891
8918986558
8885653224
8881486558
8877810087
8854000563
8850324092
8841233182
8817423658
8799566516
8785677627
8780915722
8775421217
8772153243
8722153243
8597153243
8589577486
8578466375
8573704470
8540371136
8490371136
8466561612
8462394946
8429061612
8425793638
8342460305
8328571416
8324894945
8320133040
===== simanneal =====
all iter   : 23891
accepted   : 503

