simanneal start at 0.10236625
9299892
9199878
9199878
9199893
9099894
8999830
8899831
8799657
8699658
8599644
8599579
8499565
8399566
8299567
8299502
8199503
8099504
7999505
7899506
7799507
7699508
7699493
7599429
7499430
7399431
7299417
7199418
7099419
7099419
6999405
6999036
6899022
6798958
6798893
6698879
6698814
6598800
6498736
6498671
6498656
6398592
6397921
6397906
6397841
6296737
6296802
6296852
6297942
6296852
6196838
6096664
5996650
5996635
5996585
5996570
5896571
5796557
5796717
5796652
5796652
5696653
5596639
5596624
5596559
5596544
5596544
5596594
5596544
5496545
5496530
5396531
5396516
5396501
5296437
5296437
5196373
5196358
5197448
5197273
5197258
5196168
5197258
5197083
5196714
5196714
5196764
5196699
5196699
5096525
4996526
4996511
4996446
4995356
4996446
4996431
4995341
4995326
4995261
4895262
4896367
4896352
4896402
4796178
4696114
4596050
4595379
4595364
4595349
4595334
4495335
4495320
4495145
4395146
4294922
4294553
4194489
4194474
4194105
4194090
4194105
4194090
4194025
4094041
4094026
4094011
4093996
4094667
4094652
4094637
4094622
3994703
3994688
3994638
3994688
3993583
3993518
3993453
3993084
3991389
3990718
3990653
3890734
3890684
3890669
3890604
3790685
3790620
3790635
3790620
3790635
3790620
3790555
3790859
3790490
3790859
3790924
3790620
3789964
3688860
3688795
3688635
3588267
3588636
3588571
3588506
3488522
3488457
3488392
3388408
3388343
3388168
3287640
3287655
3287640
3187656
3187287
3187958
3187589
3187524
3187459
3187828
3187157
3187047
3186376
3186201
3186091
3186460
3186475
3186460
3186395
3186026
3184921
3184552
3184183
3183512
3182841
3181736
3180631
3179526
3178855
3177160
3177529
3177594
3177529
3177594
3177225
3174760
3174695
3174760
3074776
3074601
3074536
3075207
3073512
3073337
3072666
3072491
3072316
2972397
2972766
2972591
2972222
2971853
2971549
2971180
2968715
2968044
2967373
2969838
2969469
2969484
2969469
2969773
2969102
2967407
2967232
2966863
2965758
2966127
2964432
2966897
2965792
2965423
2965054
2965119
2965054
2964879
2965984
2966159
2965054
2966159
2965984
2967679
2967008
2966337
2965968
2866224
2865119
2864750
2864381
2863710
2862605
2860910
2858445
2855006
2855375
2856046
2851405
2851470
2849775
2849710
2849535
2849710
2849039
2849710
2849039
2850144
2850815
2850880
2844785
2836960
2827105
2826434
2825329
2825264
2822799
2821694
2821325
2823020
2820555
2817116
2817181
2817116
2813677
2713758
2714863
2715232
2713537
2712866
2708225
2706530
2706595
2706530
2707201
2704736
2704065
2704130
2704065
2705760
2704655
2706350
2709789
2708684
2708509
2708684
2707579
2706908
2709373
2711068
2711133
2720988
2719293
2719228
2718123
2618204
2616509
2616140
2617245
2614780
2615885
2616556
2617661
2617292
2618397
2618462
2617791
2617726
2616621
2615516
2615147
2614042
2615147
2611708
2612813
2613182
2612511
2613616
2608975
2607870
2608541
2608716
2607611
2605916
2606587
2606652
2607021
2604556
2604491
2602796
2602427
2601756
2603451
2604122
2603451
2602780
2592925
2594620
2592925
2495326
2493631
2491166
2490061
2483966
2384047
2381582
2381951
2381582
2379887
2380558
2378093
2379198
2378093
4967496384
4934163050
4925072140
4901262616
4883405474
4850072140
4836183251
4828607494
4822197237
4811086126
4799975015
4788863904
4779772994
4772197237
4754340095
4730530571
4712673429
4703582519
4620249186
4570249186
4562673429
4479340096
4429340096
4346006763
4339596506
4306263172
4301501267
4287612378
4254279044
3920945711
===== simanneal =====
all iter   : 24578
accepted   : 412

