simanneal start at 0.006180375
3099954
3099889
3099874
3099859
2999845
2899781
2899796
2799797
2699798
2699783
2599784
2499785
2399786
2299772
2199758
2199758
2099744
1999745
1899681
1899666
1899616
1899601
1799427
1799252
1799237
1699173
1599189
1599174
1599189
1599029
1599014
1598999
1598934
1599044
1498980
1498965
1498790
1498421
1498356
1498341
1497972
1498037
1497972
1498037
1498087
1498087
1498022
1498391
1498281
1498231
1497877
1497812
1397813
1397863
1397928
1397863
1297639
1297270
1296966
1297270
1296966
1297335
1296966
1296791
1296422
1296791
1296422
1296791
1296966
1296791
1296966
1296791
1296966
1296791
1296422
1296791
1296422
1296791
1296422
1296791
1296422
1296791
1296422
1296791
1296966
1296791
1296422
1296791
1296422
1296791
1296966
1296791
1296966
1297031
1297046
1297415
1297046
1297031
1297335
1297270
1297335
1297270
1297639
1297270
1297639
1297270
1297639
1297270
1296966
1297270
1297639
1297270
1297639
1297270
1297639
1297335
1297704
1297529
1297160
1297335
1297400
1297031
1296360
1196376
1196311
1196376
1196311
1196376
1196311
1196680
1196311
1196136
1195767
1196136
1195767
1196136
1195767
1196136
1195767
1196136
1195767
1196136
1195767
1196136
1195767
1196136
1195767
1196136
1195767
1196136
1195767
1196136
1195767
1196136
1195767
1196136
1195767
1196136
1195767
1196136
1195767
1196136
1195767
1196136
1195767
1196136
1195767
1196136
1195767
1196136
1195767
1196136
1195767
1196136
1195767
1196136
1195767
1196136
1195767
1196136
1195767
1196136
1195767
1196136
1195767
1196136
1195767
1196136
1195767
1196136
1195767
1196136
1195767
1196136
1195767
1196136
1195767
1196136
1195767
1196136
1195767
1196136
1195767
1196136
1195767
1196136
1195767
1196136
1195767
1196136
1195767
1196136
1195767
1196136
1195767
1196136
1195767
1196136
1195767
1196136
1195767
1196136
1195767
1196136
1195767
1196136
1195767
1196136
1195767
1196136
1195767
1196136
1195767
1196136
1195767
1196136
1195767
1196136
1195767
1196136
1195767
1196136
1195767
1196136
1195767
1196136
1195767
1196136
1195767
1196136
1195767
1196136
1195767
1196136
1195767
1196136
1195767
1196136
1195767
1196136
1195767
1196136
1195767
1196136
1195767
1196136
1195767
1196136
1195767
1196136
1195767
1196136
1195767
1196136
1195767
1196136
1195767
1196136
1195767
1196136
1195767
1196136
1195767
1196136
1195767
1196136
1195767
1196136
1195767
1196136
1195767
1196136
1195767
1196136
1195767
1196136
1195767
1196136
1195767
1196136
1195767
1196136
1195767
1196136
1195767
1196136
1195767
1196136
1195767
1196136
1195767
1196136
1195767
1196136
1195767
1196136
1195767
1196136
5383333332
===== simanneal =====
all iter   : 59408
accepted   : 319

