simanneal start at 0.035787125
8399901
8399901
8299837
8199838
8099839
7999840
7899826
7799827
7699813
7599799
7499785
7399721
7399656
7299657
7299642
7199643
7099644
6999580
6999515
6899516
6799517
6699518
6599519
6499455
6399441
6299377
6199363
6099364
5999365
5899301
5799287
5799287
5799272
5699258
5599244
5499230
5399006
5298992
5198928
5199103
5199153
5099089
5099139
5099089
4999075
4999075
4999060
4999110
4999110
4899111
4899096
4799082
4799032
4799032
4698808
4698793
4698778
4698763
4698813
4698798
4598799
4498575
4498206
4498191
4398127
4398112
4398097
4398112
4298048
4298048
4298098
4298083
4298148
4297973
4297973
4297958
4297893
4297878
4297863
4297798
4197799
4197799
4097800
4097800
4097815
4097815
4097830
4097830
3997766
3997751
3997736
3997786
3997786
3897787
3897772
3897947
3797723
3697659
3697644
3697629
3697614
3697599
3697584
3697569
3697554
3697539
3597555
3597555
3597490
3597440
3597490
3597555
3597749
3597924
3597859
3597794
3597619
3597684
3597749
3597380
3597749
3597684
3497460
3497091
3496722
3396738
3396848
3396673
3396608
3396239
3396064
3395695
3395520
3394849
3394480
3393390
3394480
3394111
3393021
3392350
3292126
3292061
3291996
3291996
3293086
3292415
3292046
3290941
3290876
3291245
3290574
3290509
3290574
3289534
3287854
3287839
3287168
3187249
3187920
3187249
3186880
3185775
3185790
3185775
3184095
3184080
3084096
2983568
2985198
2984527
2983422
2985117
2984942
2983837
2983468
2984573
2982878
2982509
2981838
2981232
2881008
2880639
2880464
2879793
2880833
2879793
2879793
2878688
2778769
2778704
2778639
2780334
2779229
2779294
2779229
2779164
2779099
2780139
2780074
2778969
2679050
2678379
2678394
2677289
2677274
2677209
2675514
2675579
2673884
2675579
2675469
2675404
2675100
2675404
2675339
2575420
2575595
2575226
2576331
2577002
2578107
2476973
2475278
2474607
2473502
2472831
2471726
2470096
2470031
2468336
2465871
2463406
2465871
2464766
2465437
2466108
2463643
2465338
2462873
2465338
2465403
2465338
2463643
2464314
2462619
2463724
2465419
2465244
2463549
2464654
2463983
2464158
2463053
2460588
2458893
2458222
2458416
2454977
2454608
2453503
2455968
2453503
2451038
2351119
2350944
2352049
2352224
2347583
2344144
2338049
2338418
2336723
2337394
2336723
2333284
2332915
2332740
2332934
2332263
2332438
2332263
2331894
2335333
2334727
2334662
2332197
2332003
2330898
2326257
2325888
2330529
2331200
2328735
2328064
2327393
2328498
2323857
2322752
2321647
2320542
2318847
2319041
2319216
2318847
2319952
2318847
2218928
2215489
2216160
2222255
2221584
2219119
2217424
2220863
2218398
2219069
2221534
2226175
2226000
2223232
2221537
2221602
2221777
2221712
2220607
2214512
2212047
2209582
2209951
2208256
2208081
2108162
2107491
2107122
2109587
2109218
2109889
2112657
2111552
2110447
2109776
2107311
2109776
2107311
2106640
2104175
2102480
2099041
2098866
2099041
2098370
2097265
2096160
2093695
2092000
2092671
2093776
2093601
2092496
2092127
2090432
2091537
2088769
2089138
2091603
2089138
2091603
2091668
2091603
2091234
2091299
2091364
2088899
2085525
2085460
2085395
2085330
2085395
2085330
2081891
2079491
2079860
2079875
2079204
2079189
2079204
2079189
2078084
2078019
2077348
2077173
2077348
2078019
2078388
2078019
2078084
2081523
2081892
2081907
2081972
2081987
2081972
2081957
2081892
2081717
2081348
2081283
2081458
2084722
2084051
2080612
2083077
2082708
2078067
2075971
2071330
2071395
2071330
2071505
2069040
2065666
2068066
2070356
2070421
2070356
2074997
2071558
2075830
2078598
2075159
2081254
2078964
2081254
3560786430
3551695520
3501695520
3490584409
3481493499
3472402589
3463311679
3449422790
3438311679
3430735922
3416847033
3333513700
3283513700
3274422790
3266847033
===== simanneal =====
all iter   : 21040
accepted   : 448

