simanneal start at 0.025479209
6199923
6199923
6099859
5999845
5899781
5899766
5899701
5899686
5799672
5799607
5799657
5699643
5599629
5599629
5499630
5399631
5299647
5299632
5199568
5199568
5099554
4999540
4899316
4799317
4699253
4699188
4599189
4599124
4499125
4399111
4299097
4199083
4199083
4199133
4098959
3998945
3998930
3898916
3898916
3898866
3898916
3798917
3698853
3698903
3698728
3598504
3598439
3498071
3398057
3397992
3297978
3197610
3197595
3197530
3197515
3097516
3097501
3097436
3097371
3097196
3097181
3097166
3096797
3096782
3096767
2996783
2996798
2896624
2896464
2895793
2895953
2895888
2895823
2895808
2895137
2895122
2895107
2895092
2895763
2895603
2895538
2895698
2895713
2895698
2895344
2795345
2794976
2794911
2794846
2794911
2794976
2794976
2693842
2693171
2692066
2591538
2590867
2589172
2589107
2488579
2488514
2490209
2488514
2488449
2489120
2488449
2488384
2487279
2486673
2486608
2487279
2486910
2485870
2485199
2485214
2385215
2384110
2384125
2384110
2384045
2383980
2382875
2382810
2382139
2379674
2378569
2377898
2380363
2379692
2377227
2277308
2278413
2279084
2278413
2276718
2277389
2277454
2277389
2275694
2276799
2276128
2176209
2176209
2175104
2175039
2176144
2173679
2173504
2171039
2169409
2169234
2169299
2170929
2169824
2166385
2164755
2164755
2164690
2160049
2161569
2162674
2161154
2161329
2165970
2161329
2160224
2162689
2162514
2160049
2162514
2156419
2056500
2056675
2054210
2052515
2051410
2051235
2051410
2050739
2049634
2041809
2040704
2037265
2033826
2032131
2027490
2035315
2032850
2031745
2030050
2031570
2030050
2029875
2027410
2027475
2029940
2028245
1928326
1927957
1927892
1925427
1922962
1922291
1920596
1921267
1917828
1921267
1921157
1917718
1917828
1919523
1917828
1921267
1920596
1922116
1921011
1921121
1920946
1922641
1919202
1914561
1914451
1914386
1912691
1912322
1911953
1904128
1905233
1904128
1906593
1906962
1908657
1908832
1905393
1907088
1907153
1904688
1904623
1804704
1808143
1809073
1808143
1809073
1813714
1803859
1802929
1798288
1798353
1798288
1801727
1800032
1801137
1800032
1798337
1802978
1804673
1805603
1793394
1792464
1793569
1798210
1798275
1798210
1797105
1798210
1794771
1792306
1788867
1789797
1788867
1792306
1795745
1795570
1794465
1794290
1790851
1786210
1780115
1779940
1786035
1784340
1779699
1779330
1775891
1776821
1775126
1774455
1769814
1767524
1764150
1767524
1764150
1767524
1764085
1760711
1759781
1758676
1762050
1758676
1762050
1764515
1761141
1764515
1766805
1765110
1765479
1765110
1759015
1754374
1752084
1751413
1748039
1748104
1747929
1746824
1746759
1746934
1746949
1751590
1751575
1751510
1746869
1745174
1745174
1739079
1738904
1732809
1730344
1733783
1733608
1725783
1717958
1624519
1624150
1624325
1614470
1614295
1615990
1617685
1618054
1618229
1614790
1615895
1614200
1613831
1615526
1614421
1615526
1614421
1614052
1612357
1616998
1607143
1616998
1615303
1627512
1629207
1619352
1619417
1619352
1617657
1621096
1630951
1630776
1628311
1624872
1622407
1622582
1619143
1523239
1518598
1517927
1513286
1517927
1524022
1522917
1423542
1420103
1415462
1409367
1397158
1382247
1376152
3887475020
3837475020
3829899263
3826222792
3820728287
3811637377
3806875472
3773542138
3767131881
===== simanneal =====
all iter   : 19235
accepted   : 392

