simanneal start at 0.101881208
11799867
11799802
11699803
11599804
11499805
11499870
11499805
11499855
11399856
11299857
11299842
11199843
11199843
11199778
11099764
10999765
10899751
10799752
10699738
10599739
10599674
10599689
10499690
10399691
10299677
10199678
10099664
9999650
9899651
9899586
9799522
9699508
9599509
9499510
9499445
9399446
9299447
9199448
9199448
9099449
8999385
8999370
8899306
8799292
8699228
8699213
8599214
8599039
8499040
8498975
8398976
8298977
8298912
8298847
8198833
8098769
7998755
7898581
7798213
7797542
7697528
7697463
7597449
7497435
7397421
7297247
7297232
7297057
7297042
7297107
7297042
7296977
7296912
7196913
7196898
7196723
7196708
7196643
7096579
7096404
7096035
7095364
7095364
7095299
7095474
7094369
7094384
6994385
6994385
6994385
6994320
6994255
6994240
6994225
6894226
6894161
6894336
6893231
6793232
6793167
6792992
6792977
6792962
6692963
6692898
6592899
6594004
6593939
6593874
6593859
6593490
6593859
6593909
6593959
6593909
6593894
6593879
6593864
6493865
6493800
6393801
6393432
6393417
6393432
6293368
6293353
6193354
6193289
6192920
6192249
6192234
6192169
6092170
6092185
6092170
6092155
6091050
5990986
5990971
5991325
5991375
5991006
5990652
5989547
5889548
5890653
5890588
5890573
5890558
5890543
5890478
5890463
5890448
5889777
5890433
5890368
5790304
5790289
5790274
5690275
5590276
5588581
5488597
5488532
5488357
5488357
5388373
5388423
5388373
5388423
5288199
5286504
5186520
5186889
5086715
5086650
5086635
4986636
4986571
4986506
4986491
4986476
4986461
4986286
4986301
4986286
4886367
4885998
4786079
4786254
4786189
4786254
4786239
4786224
4786289
4786304
4786289
4686115
4685746
4685731
4685716
4685891
4683426
4683376
4683426
4683491
4682820
4682835
4682820
4679381
4679316
4679156
4679141
4579157
4579092
4579027
4578658
4579027
4578962
4578962
4577857
4577186
4577201
4577186
4577121
4576752
4576752
4576687
4576577
4576512
4576337
4476353
4476368
4476353
4476368
4476353
4471712
4371793
4372162
4371793
4371122
4370753
4370688
4370623
4369518
4369518
4369453
4363358
4363358
4263374
4263309
4255484
4255549
4255484
4253789
4153870
4151405
4151470
4151485
4151470
4151295
4152400
4052481
4052112
4052047
4051376
4051745
4050705
4050640
4051745
4051074
4051745
4051074
4047635
4055285
4054180
4052485
4050020
4045379
4044274
4044339
4043234
4043169
4042064
4041889
4034064
3934145
3934320
3935425
3935056
3935231
3934862
3942687
3942577
3942946
3942592
3942577
3939138
3939073
3938704
3937599
3935134
3934463
3934528
3936993
3936833
3836834
3837203
3840642
3841313
3837874
3837505
3838176
3837807
3837438
3840877
3840508
3839837
3839166
3839101
3838926
3843567
3844238
3843869
3836044
3834349
3833678
3833007
3733088
3732417
3722562
3724257
3724626
3723521
3722850
3723955
3724020
3724691
3722996
3722325
3719860
3719795
3719426
3718755
3714114
3708019
3707844
3707475
3705780
3705109
3705174
3705109
3705780
3704675
3704004
3703333
3702228
3703333
3695508
3697203
3696532
3697203
3697268
3697203
3695508
3696179
3692740
3692069
3691398
3692069
3692740
3693109
3692004
3694469
3697908
3697539
3696868
3696933
3696868
3695763
3695828
3693428
3693363
3693378
3694483
3691044
3692149
3692134
3692069
3691894
3689429
3685990
3686055
3686726
3686661
3686836
3686165
3685494
3685319
3673110
3573191
3574296
3573191
3572086
3570981
3569876
3570981
3574420
3575091
3573986
3573315
3572946
3571841
3570146
3573585
3571120
3572225
3573330
3571635
3570964
3569859
3469940
3467475
3452564
3434579
3431140
3430035
3431140
3432245
3428806
3427701
3430166
3420311
3419206
3437191
3437256
3440695
3428486
3428421
3426726
3326807
3325702
3326807
3311896
3310791
3311896
3309431
3308326
3309431
3310536
3308071
3308136
3304697
3303592
3304263
3300824
3300759
3303224
3301529
3299064
3302503
3303174
3302503
3303174
3300709
3303174
3303845
3303174
3300709
3297270
8828968245
8795634911
8762301577
8753210667
8669877334
8658766223
8608766223
8597655112
8564321778
8560645307
8551554397
8540443286
8516633762
8433300429
8099967096
8086078207
8076987297
7743653964
7740385990
7732810233
7726399976
7720905471
7707016582
7683207058
7599873725
7549873725
7216540392
7205429281
7155429281
6155429281
6122095947
6088762613
6005429280
5955429280
5951752809
5946990904
5939415147
5915605623
5891796099
5882705189
5879437215
5870346305
5862770548
5858603882
5840746740
5822889598
===== simanneal =====
all iter   : 20081
accepted   : 516

