simanneal start at 0.063812375
9599889
9499875
9499875
9399861
9299847
9299832
9199768
9099754
8999755
8899756
8899741
8799677
8699678
8599664
8499665
8499730
8499715
8399701
8299687
8199688
8199623
8199673
8099674
7999675
7999625
7899626
7899676
7799677
7699663
7599664
7499665
7399666
7299652
7199638
7199623
7099609
6999595
6999580
6899566
6799552
6799537
6799472
6699408
6699343
6599329
6499155
6399091
6399076
6299062
6298887
6298518
6198519
6098520
6098505
6098505
6098455
5998456
5997785
5997945
5997930
5897931
5897771
5897821
5897821
5797757
5797742
5797727
5697728
5697553
5597489
5597474
5597409
5597249
5497025
5396961
5296737
5296368
5296193
5295088
5295073
5295008
5295058
5293363
5193364
5093365
5093300
5093285
5093235
5093220
4993221
4993206
4993141
4993076
4993076
4993236
4993061
4992692
4892693
4892678
4890213
4890038
4890213
4889844
4889173
4789189
4789364
4789524
4789509
4689510
4688405
4588406
4588391
4588391
4588391
4587720
4587705
4587690
4588361
4588346
4588331
4488267
4488202
4388203
4388138
4388123
4388108
4388043
4288059
4288044
4288044
4288029
4188045
4188030
4088046
4087936
4088046
4087996
4084557
4084542
4084367
3984383
3884399
3884224
3884159
3884094
3884029
3883660
3883595
3883899
3883595
3883595
3883530
3882859
3882490
3882425
3882250
3882185
3882250
3881579
3881514
3881339
3781420
3781485
3781550
3784989
3784924
3785034
3784859
3784699
3784684
3784699
3784874
3784505
3784874
3784505
3784490
3784121
3783450
3783340
3782986
3782971
3682987
3682812
3681707
3682076
3681722
3681657
3678218
3678572
3677901
3677916
3677901
3677901
3677901
3676796
3576877
3575772
3574667
3574602
3575707
3574012
3572907
3573017
3571322
3569627
3569692
3469708
3469643
3469578
3470618
3470553
3472183
3371655
3369190
3369125
3369060
3368995
3368820
3371285
3370916
3370547
3370916
3371587
3370916
3370741
3370372
3368677
3368852
3368917
3364276
3364211
3364386
3364211
3362516
3362406
3364101
3362996
3363106
3364801
3364130
3363459
3361764
3361589
3361764
3360659
3360724
3360659
3358964
3356499
3354034
3254115
3252420
3248981
3244340
3246035
3244340
3240901
3242596
3240131
3237666
3137747
3138852
3132757
3124932
3115077
3102868
3103539
3103364
3003445
3002774
3007415
3007590
3004151
2999510
2994869
2994198
2990759
2991430
2990325
2994966
2998405
2983494
2988135
2986440
2988135
2988504
2988679
2988569
2988744
2988569
2988744
2988854
2988679
2989048
2984407
2982712
2981017
2980648
2978183
2978073
2977719
2982360
2964375
2964729
2964360
2966055
2964360
2964185
2963529
2963160
2963816
2963160
2964855
2965030
2965686
2965030
2964855
2960214
2860295
2860120
2860776
2861080
2860905
2860601
2860905
2859210
2858539
2858170
2857499
2857130
2835675
2835500
2833035
2833404
2833035
2832364
2826269
2825900
2821259
2820154
2812329
2811658
2805563
2809002
2807897
2808072
2808247
2804808
2804633
2804698
2804633
2794778
2794953
2794778
2795147
2791708
2797803
2797628
2797259
2796588
2796413
2796044
2796715
2796890
2797259
2797930
2801369
2801544
2822999
2816904
2813465
2813290
2812619
2811948
2811579
2811754
2811579
2811210
2811881
2812250
2812075
2812250
2812315
2822170
2822105
2814280
2809639
2808968
2809143
2813784
2813609
2803754
2813609
2811914
2813609
2812504
2802649
2805114
2800473
2795832
2796007
2794902
2793207
2793032
2791927
2793622
2791157
2789462
2786088
2783623
2783558
2771349
2772454
2771349
2772454
2766359
2766534
2766359
2764664
2764839
2765510
2765335
2665416
2660775
2660406
2660471
2660406
2660231
2660406
2650551
2650376
2649705
2649530
2659385
2659016
2661481
2661850
2661915
2663610
2663785
2662090
2662265
2662200
2647289
2647960
2654055
2650616
2650441
2645800
2645625
2645256
2644585
2659496
2659865
2660970
2661145
2661320
2661689
2662360
2667001
2667066
2667001
2660906
2659801
2659432
2659497
2659432
2660537
2660362
2659691
6277088586
6193755253
6160421919
6151331009
6101331009
6093755252
6069945728
6036612394
6012802870
6007308365
5999732608
5975923084
5969512827
5964018322
5940208798
5856875465
5833065941
5826655684
5808798542
5790941400
5773084258
5768322353
5754433464
5736576322
5731814417
===== simanneal =====
all iter   : 23757
accepted   : 495

