simanneal start at 0.001236
1499970
1499955
1399891
1299892
1199878
1099864
1099914
1099899
999675
899451
799437
799372
799357
799517
799452
799502
799437
698909
699019
698413
598429
497295
497360
497295
497360
497295
497901
498572
497901
497295
497901
497295
497901
497966
497901
497295
497360
497966
498572
497966
497360
497295
496190
496255
496190
496255
496190
497295
496190
496255
496190
496255
496190
496255
496861
496255
496190
496255
496190
496255
496190
496255
496190
496255
497360
496255
496190
497295
497360
497295
497360
497295
497901
497966
496861
496796
497901
497966
497901
496796
496861
496796
497901
497966
497901
497966
497901
497966
497901
496796
496861
496796
496861
497966
497901
496796
496861
496796
496861
496796
496861
496796
497901
497966
496861
496796
496861
496796
497901
497966
497901
497966
497901
497295
497360
497295
496190
496255
496190
497295
497966
497295
496190
496255
496190
496255
496190
496255
496190
497295
497360
497966
497901
497295
497901
497966
497901
497966
497901
497295
497901
497295
497360
497295
497966
498572
497966
498572
497966
498572
497966
498572
497901
497966
497901
497966
497901
497295
497360
496255
496190
496255
496861
496796
497901
497966
497360
497295
497966
497295
496190
497295
497360
497966
497360
497295
497360
496255
496190
496255
496190
496255
496190
497295
496190
497295
497360
497295
496190
496255
497360
497295
496190
496796
497901
497295
497901
497966
497360
497295
496190
496255
497360
497295
497901
496796
496861
497966
496861
496796
497901
497966
497360
497295
496190
496255
496190
496255
497360
496255
496190
496255
496190
496255
496190
496255
496190
496255
497360
496255
496190
496255
496190
496255
496861
496796
496861
496796
496861
496796
496861
496796
496861
496796
496861
496796
496861
496796
496861
496796
496190
496255
496190
496255
496861
496796
496861
496255
497360
497295
496190
497295
496190
496255
496190
496255
496190
496255
496190
496796
496861
496796
496861
496255
496190
496255
496190
497295
496190
496255
496190
496255
496190
496255
496190
496255
496190
496255
496861
496796
496190
496796
497901
497295
496190
496796
496861
496796
496861
496796
496190
496255
496190
497295
496190
496255
496190
496255
496190
496255
497360
497295
497360
497295
497360
497295
496190
496255
496190
496255
496190
497295
497360
497295
496190
497295
497360
497295
496190
497295
497360
496255
496861
496796
496861
497966
497901
496796
497901
497295
496190
496255
497360
496255
496190
497295
497360
497295
497360
496255
496861
496796
496190
496796
496861
496255
496190
496796
496861
496796
496190
496255
496190
496255
496190
496255
496190
496255
496861
496796
496861
496796
496190
496255
496190
496255
496190
496255
497360
497966
497901
497966
496861
496796
496861
496796
496861
496796
496861
496796
496861
496796
497901
497966
496861
496796
496861
496796
496861
496796
497901
497966
497901
497966
497901
498572
497966
498572
497966
498572
497901
497966
497901
497295
497901
497295
497966
498572
497901
497966
497901
497966
497901
497966
498572
497966
498572
497966
497901
497966
497901
497966
497901
497966
497901
498572
497901
497966
497901
497966
497901
497966
497901
497966
497901
497966
497901
496796
497901
496796
496861
496796
496861
496796
496861
496796
496861
496796
496861
496796
496861
496796
496861
496796
496861
496796
496861
496796
496861
496796
496861
496796
497901
496796
497901
497966
497901
497966
498572
497966
496861
496796
497901
496796
497901
496796
496861
496796
496861
497966
497901
497966
497901
498572
497966
497295
497360
497295
497360
497295
497360
497295
497360
497295
496190
497295
497360
497295
497360
497295
497360
497295
497360
497295
497360
497295
496190
497295
497360
497295
497360
497295
497360
497966
498572
497966
497360
496255
496190
496255
496190
497295
496190
497295
496190
497295
497360
497295
496190
496796
496861
496255
497360
497295
497360
497966
498572
497966
497360
497966
497360
496255
496190
496255
496861
496255
496190
497295
497360
497295
497360
497295
496190
496255
496190
496255
496190
496255
496190
496255
496190
496255
496190
497295
496190
496255
496190
496255
496190
497295
496190
497295
497360
497295
496190
496255
496190
496255
496190
497295
496190
496255
496190
496255
496861
496255
496861
496796
496861
496796
496861
496796
496861
496796
496861
496796
496861
496796
496861
496796
496861
496796
497901
496796
497901
496796
497901
497966
497901
497966
497901
497966
497901
497966
498572
497901
498572
497901
497726
496796
496861
496796
496861
496796
497901
498572
497901
496796
497901
496796
496861
497901
498572
497966
497901
497966
497901
496796
497901
497966
497901
496796
496861
496796
496861
496796
496861
496796
496861
496796
497901
498572
497901
498572
497901
497966
497901
498397
498397
498397
498766
498397
498572
498397
498572
498397
498766
498397
498572
498397
498572
498397
498766
498397
497901
498397
498766
498572
497901
498572
497901
498572
498397
497726
498397
498572
498397
498028
498397
498028
498397
498572
498397
498572
498397
498572
498397
498572
498397
498028
498397
498028
498397
498028
498397
498028
498397
498028
498397
498028
498397
498028
498397
498572
498397
498572
498397
498766
498397
498572
497901
498572
497901
498572
497901
498572
497901
498572
497901
498572
497901
498572
498397
497726
497901
498572
497901
498572
498397
498572
497901
497726
497901
497726
497901
497726
497901
497726
498397
498572
498397
498572
497901
498572
497901
498572
497901
498572
498397
498766
498397
498766
498397
498028
498397
498028
498397
498572
498397
498028
498397
498028
498397
498028
498397
498028
498397
498572
498397
498572
498397
498028
498397
498028
498397
498028
498397
498028
498397
498028
498397
498028
498397
498028
498397
498028
498397
498572
498397
498572
498397
498028
498397
498572
498397
498028
498397
498028
498397
498028
498397
498028
498397
498028
498397
498028
498397
498028
498397
498572
498397
498028
498397
498028
498397
498572
498397
498572
498397
498572
498397
498028
498397
498028
498397
498028
498397
498028
498397
498028
498397
498028
498397
498028
498397
498028
498397
498028
498397
498028
498397
498572
497901
497726
498397
498766
498572
498397
498766
498397
498766
498397
498766
498397
498572
497966
497901
497966
497901
498572
497966
498572
497966
497295
497966
498572
497901
496796
497901
497295
496190
496255
496190
496255
496190
496796
497901
497295
497360
496255
496190
497295
497360
497295
497360
497295
497901
498572
497966
498160
498766
498397
498572
497966
498572
498397
497791
497966
498572
497966
498572
497966
498572
497966
497791
498397
497791
498397
497791
498397
498572
498397
497791
497966
497791
498397
498572
498397
497791
497966
497791
498397
497791
498160
497791
497791
497966
497791
498397
498572
497966
497791
497966
497295
497120
497726
497120
497726
497120
497726
497120
497295
497966
497791
497120
497726
497901
497726
496796
496621
===== simanneal =====
all iter   : 39716
accepted   : 970

