simanneal start at 0.009890791
3899961
3799962
3699948
3599884
3599934
3499935
3499885
3499870
3499805
3399806
3399871
3299857
3299792
3199793
3099729
3099714
2999650
2899636
2799462
2699398
2699029
2599015
2499001
2398987
2398922
2298923
2198909
2098845
2098895
2098880
2098865
2098850
1998851
1998851
1998836
1998836
1998771
1998771
1998721
1998706
1998691
1998641
1998626
1898452
1898387
1898372
1898387
1898337
1897968
1898033
1898083
1798019
1798004
1797989
1797974
1797799
1797734
1797749
1697525
1697510
1697525
1697510
1697141
1697076
1697091
1597107
1497108
1497043
1497412
1497043
1497108
1497043
1497043
1497108
1497108
1497043
1497043
1497043
1497412
1497412
1497347
1497412
1497237
1497172
1496803
1496628
1496259
1496628
1495957
1494852
1494483
1493812
1493987
1493877
1494548
1494483
1394564
1394629
1394564
1394195
1394260
1394195
1393524
1394195
1392500
1392325
1391956
1391846
1391175
1391240
1391305
1391240
1391609
1391674
1391849
1391674
1391849
1391864
1391799
1391784
1391784
1391113
1391048
1390377
1389272
1389943
1389768
1389097
1387402
1388073
1387402
1386297
1386122
1383657
1383288
1383463
1385158
1383463
1383528
1383463
1385928
1385753
1383288
1385753
1383288
1383463
1385928
1383463
1385928
1383463
1384568
1385239
1384568
1383463
1385928
1383463
1385158
1387623
1389318
1387623
1388728
1388553
1386088
1386263
1388728
1386263
1386632
1386807
1385702
1388167
1385702
1386807
1385702
1388167
1385702
1385767
1385702
1385527
1387992
1388167
1389862
1388167
1385702
1384007
1383832
1386297
1386472
1384007
1385112
1384007
1385112
1385783
1385112
1385783
1385112
1387577
1385112
1385783
1388248
1387577
1389272
1388167
1387992
1388057
1387992
1385527
1385592
1385223
1385238
1385303
1386408
1386518
1385413
1385463
1385413
1383718
1383653
1383638
1383653
1383638
1384743
1384568
1283544
1284215
1284280
1283609
1283544
1283609
1283544
1284215
1283544
1282873
1283544
1283609
1283544
1285239
1285608
1285239
1283544
1282439
1282264
1282633
1282264
1282439
1282504
1282329
1283434
1283609
1283544
1283609
1283544
1283609
1286074
1283609
1285304
1285673
1285608
1285783
1286888
1286713
1286888
1285783
1284088
1281623
1281448
1280343
1280518
1282983
1284678
1285783
1284088
1281623
1281448
1281079
1279974
1280039
1279974
1281079
1281448
1281079
1283544
1283913
1281448
1281623
1281448
1281623
1280518
1282983
1280518
1280343
1280518
1280408
1280473
1280583
1280518
1282983
1280518
1282983
1283048
1280583
1280518
1282983
1280518
1280408
1280518
1281623
1281688
1281623
1284088
1281623
1281688
1281623
1281688
1281623
1281688
1281623
1281448
1281623
1281688
1284153
1281688
1281753
1280648
1283113
1283048
1282983
1280518
1280583
1280518
1280343
1282808
1282983
1284088
1285783
1285608
1285783
1284088
1281623
1281688
1281623
1282294
1282663
1282728
1282793
1282728
1282663
1285128
1282663
1285128
1282663
1282294
1282663
1285128
1282663
1282728
1282663
1282488
1282663
1282294
1282119
1284584
1282119
1282294
1278855
1178936
1178826
1178936
1178761
1178586
1178217
1180682
1178217
1178392
1178282
1178392
1178457
2727777775
2644444442
2594444442
2561111108
===== simanneal =====
all iter   : 30197
accepted   : 380

