simanneal start at 0.017710792
4599939
4499875
4399861
4299862
4199863
4099864
4099689
4099674
3999675
3999610
3999595
3899596
3799582
3699568
3599554
3499540
3499605
3399541
3299527
3299477
3299462
3299397
3299382
3199368
3199303
3099239
2999240
2899226
2799212
2699198
2699183
2699168
2598944
2598929
2498401
2398402
2298338
2298323
2297717
2297652
2297587
2297587
2297522
2298128
2197954
2197889
2197824
2197809
2097890
2097284
2097269
2096900
2096740
1996372
1996372
1996197
1995828
1895844
1895894
1895288
1895657
1896263
1895592
1894986
1895001
1894986
1894986
1894986
1895051
1895001
1794827
1794762
1794697
1794328
1793223
1693239
1693174
1691479
1691304
1691239
1690870
1689765
1689094
1589175
1590280
1590215
1589175
1589110
1588935
1588935
1589000
1587960
1587975
1487976
1486281
1486216
1485847
1485832
1484202
1384218
1384283
1384218
1384283
1384218
1384283
1384218
1381753
1383448
1383513
1383448
1381753
1381818
1381753
1381818
1381753
1381818
1381753
1381818
1381753
1381818
1381753
1381818
1381753
1381818
1381753
1381818
1381753
1381818
1381753
1381578
1383273
1384968
1383273
1384968
1383273
1382904
1381209
1382904
1381209
1382904
1381209
1383674
1385369
1382904
1381209
1382904
1381209
1382904
1381209
1382904
1385369
1382904
1381209
1382904
1381209
1383674
1385369
1383674
1385369
1383674
1385369
1383674
1385369
1383674
1385369
1383674
1385369
1387064
1385369
1383674
1385369
1387064
1385369
1383674
1385369
1387064
1385369
1383674
1385369
1387064
1385369
1387064
1385369
1383674
1381209
1383674
1381209
1382904
1381209
1382904
1384599
1382904
1381209
1383674
1381209
1383674
1385369
1383674
1381209
1382904
1381209
1383674
1381209
1382904
1381209
1383674
1385369
1383674
1385369
1383674
1385369
1387064
1385369
1382904
1381209
1382904
1381209
1383674
1385369
1383674
1381209
1382904
1381209
===== simanneal =====
all iter   : 33469
accepted   : 223

