simanneal start at 0.04558875
7599909
7499895
7399881
7299882
7199883
7099819
6999820
6999755
6999690
6999675
6899676
6899661
6899596
6799532
6699533
6699358
6699343
6599344
6499330
6399331
6299267
6299252
6299237
6199223
6199288
6099289
6099274
5999275
5899276
5799277
5699263
5599264
5499200
5399186
5399186
5299172
5299157
5199093
5099079
5099129
4999115
4999115
4999115
4999115
4999050
4898986
4798972
4698958
4698943
4598929
4598914
4598899
4498900
4498835
4498820
4398836
4398661
4398661
4298597
4298582
4198518
4198503
4198438
4198613
4098549
4098549
4098534
4098424
4098409
4098424
4098409
4098474
4098409
4098394
4098394
3998220
3997866
3897802
3897787
3897418
3797354
3797289
3797114
3797099
3796730
3796665
3797019
3797004
3797308
3797677
3797662
3797647
3797582
3797567
3797552
3797487
3797312
3797008
3796833
3797008
3796639
3796624
3796255
3796320
3795664
3695665
3695600
3695775
3696144
3695969
3695904
3595920
3596095
3596030
3595965
3596030
3595965
3495981
3495931
3495916
3495851
3495482
3495851
3495786
3495611
3395692
3395867
3395802
3395737
3295818
3195290
3195115
3194010
3193945
3193880
3193945
3193880
3193815
3192120
3092201
3092570
3090105
3089801
3089130
3089130
3089065
3088890
3089050
3089721
3089546
3089371
3089546
3092011
3092121
2992202
2991833
2993528
2991833
2992008
2992073
2992008
2991833
2991162
2991337
2991512
2990841
2990666
2991337
2991162
2890634
2890459
2890090
2890155
2890090
2889419
2889484
2889484
2889419
2889594
2888923
2888748
2889419
2888748
2887708
2886013
2886188
2885083
2885452
2885452
2885387
2886907
2887643
2887468
2887533
2887598
2887533
2887468
2888573
2888942
2889613
2889788
2788654
2787983
2788654
2788829
2788158
2788829
2787724
2787355
2787420
2787789
2787724
2786619
2784924
2784749
2784380
2784555
2783884
2784555
2784380
2783709
2783534
2683615
2683246
2682877
2682942
2682271
2681166
2680126
2681166
2681101
2680430
2679390
2677695
2678735
2677630
2678735
2678625
2677585
2679280
2676815
2674350
2674285
2675390
2674285
2675390
2675455
2676560
2675455
2675280
2674175
2673806
2673916
2675021
2674350
2674285
2674956
2674522
2672892
2673932
2673261
2673695
2674366
2673326
2672221
2672156
2672221
2668782
2568863
2568798
2569903
2570574
2569469
2568798
2564157
2563052
2564572
2565308
2565677
2566782
2567887
2568558
2567887
2567952
2568623
2566928
2566863
2566688
2566017
2564912
2565281
2564176
2564241
2563872
2563503
2463584
2464689
2464624
2464689
2464624
2464993
2465362
2464993
2464322
2463968
2464322
2464691
2464322
2464387
2464033
2464387
2465492
2465427
2465073
2465427
2464322
2464497
2464562
2464497
2464866
2464512
2462047
2461678
2462032
2461678
2462032
2460337
2459232
2458878
2459232
2458878
2459232
2458878
2459232
2459601
2459232
2457537
2457362
2457008
2457362
2454897
2453792
2451327
2449632
2449697
2449328
2449697
2451392
2451023
2450669
2450684
2450669
2451023
2453488
2452817
2450352
2449998
2446559
2446494
2446848
2445743
2445389
2445743
2445389
2445743
2445389
2445743
2445389
2440748
2441102
2440748
2441102
2435007
2434653
2435007
2433312
2432958
2433312
2430847
2430493
2430847
2430493
2430847
2431952
2431598
2431952
2431598
2431952
2434417
2436112
2436177
2436112
2442207
2441853
2442207
2441102
2440748
2441102
2441167
2440813
2441167
2441102
2440748
2445389
2445743
2445808
2445743
2446848
2447953
2447599
2447953
2447599
2448270
2448624
2448270
2448624
2448449
2450914
2450560
2450385
2450739
2450385
2450016
2450370
2450545
2450191
2445550
2444879
2445233
2449874
2448769
2448834
2448769
2448834
2449939
2448834
2448163
2448098
2447744
2448098
2446993
2445888
2446993
2444528
2442898
2442544
2442898
2442898
2445363
2445298
2442833
2342914
2342739
2342370
2341699
2340594
2338899
2337794
2335329
2332864
2328223
2324784
2325889
2325714
2324609
2321170
2321235
2321300
2321235
2321250
2323715
2323540
2323525
2323700
2321235
2317796
2317811
2317442
2317427
2317442
2317427
2317362
2317187
2317012
2317381
2322022
2321351
2322022
2321351
2322022
2325461
2325092
2325461
2327926
2325461
2325636
2324965
2325030
2325701
2325332
2325701
2325716
2325701
2325030
2325095
2325030
2325095
2329671
2325095
2329671
2329606
2325030
2325030
2324676
2325030
2324965
2328404
2328050
2328404
2328050
2328404
2324965
2324531
2324965
2324611
2324965
2326070
2325716
2326070
2322631
2326070
2325716
2326070
2326741
2327846
5613131308
5589321784
5555988450
5472655117
5422655117
5398845593
5389754683
5306421350
===== simanneal =====
all iter   : 26668
accepted   : 543

