simanneal start at 0.009515958
3999960
3999945
3899931
3799932
3799932
3699918
3599919
3499920
3399856
3299842
3199828
3199763
3099699
2999700
2899701
2799637
2799462
2699448
2599434
2499420
2399421
2399246
2399406
2399391
2299023
2298973
2298908
2198734
2098720
2098351
2097680
2097665
2097715
2097650
2096545
2096495
2096864
2096914
2096864
2096799
2096430
2096415
2094720
1994656
1994641
1994945
1994945
1994930
1994865
1994800
1994690
1994675
1994660
1994356
1994341
1894357
1893988
1893938
1894003
1893938
1893763
1893813
1893798
1793814
1793764
1794133
1794068
1794003
1794068
1794053
1794103
1794053
1693879
1693510
1692839
1692854
1692854
1692485
1692470
1592551
1591880
1590775
1591144
1592249
1591880
1590775
1590790
1590855
1590790
1590725
1590725
1590740
1591845
1590740
1591411
1591396
1491222
1491157
1488692
1488323
1487652
1487717
1487652
1488021
1487652
1488323
1488388
1484949
1484278
1483173
1483108
1484213
1485318
1484278
1479637
1479652
1479637
1477942
1477877
1478548
1478613
1478678
1378694
1378629
1380324
1380389
1380324
1380389
1378694
1378325
1375860
1376229
1376164
1375795
1375124
1374019
1373844
1374019
1374388
1370949
1371124
1271205
1271574
1269879
1271574
1271205
1271270
1271205
1271574
1271399
1271030
1270359
1271464
1271833
1267192
1267863
1261768
1261399
1260294
1260359
1260294
1261399
1261768
1261399
1261289
1260184
1260294
1258599
1260294
1259623
1260294
1259623
1259254
1259925
1260294
1259940
1258245
1258599
1258245
1257574
1257399
1262040
1262105
1262120
1262105
1261736
1261751
1262105
1259640
1259625
1259560
1259206
1265301
1265366
1265301
1265655
1265765
1265655
1265765
1266134
1265959
1265590
1262151
1162232
1157591
1157416
1156745
1157416
1157047
1161688
1161863
1161688
1157047
1157222
1152581
1151910
1145815
1139720
1140391
1140216
1140391
1139720
1139049
1143690
1144361
1136536
1136905
1140344
1140713
1140344
1140519
1139848
1129993
1129818
1130489
1131160
1130489
1130664
1025480
1035335
1037800
1038471
1040166
1038471
1038296
1039991
1040166
1046261
1047366
1037511
1036840
1037511
1036840
1035735
1036840
1035735
1023526
1024197
1025302
1024197
1022502
1024197
1025302
1024197
1025302
1025973
1025302
1024631
1036840
1041481
1036840
1046695
1036840
1041481
1042152
1041481
1040376
1039271
1034630
1035735
1034630
1032935
1034040
1032935
1031240
1030470
1031240
1032935
1034630
1034455
1035560
1035385
1035016
1033911
1035016
1028921
1029290
1028185
1026490
1024025
1026490
1026121
1026296
1032391
1029926
1028231
1032872
1032697
1030232
1029863
1030232
1029863
1029192
1024551
1024920
1025095
1024920
1025095
1027560
1029255
1039110
1029255
1023160
1023831
1022136
1028231
1027560
1027385
1027560
1025095
1027560
1027385
1024920
1025095
1021656
1021481
1021656
1022327
1026968
1022327
1022152
1021481
1022152
1021481
1021656
1024121
1024792
1022327
1025766
1030407
1025766
1025591
1022152
1022327
1026968
1022327
1022152
1022327
1024792
1020151
1021846
1021671
1026312
1026487
1020392
1018697
1020392
1012567
1012392
1012023
1010328
1010697
1010872
1006231
1014056
1007961
1014056
1020151
1014056
1020151
1017686
2864357861
2781024528
2731024528
2723448771
2717038514
2683705180
2678210675
2654401151
2636544009
2631782104
2627615438
2623938967
===== simanneal =====
all iter   : 22593
accepted   : 393

