simanneal start at 0.025000375
5899926
5799912
5699848
5599784
5499770
5399771
5299772
5299757
5199743
5199678
5099679
4999680
4899681
4799667
4699668
4599654
4599639
4599464
4599095
4499081
4399082
4398411
4398396
4298382
4298382
4298432
4298417
4298402
4298387
4198373
4197268
4097254
3995560
3895496
3895481
3795467
3695453
3695388
3695388
3695373
3695373
3595309
3595294
3595229
3495005
3394991
3395006
3394831
3394781
3294557
3194383
3094319
3094369
3096049
3096034
2995970
2996145
2995970
2996020
2996005
2994325
2994310
2994245
2894261
2894326
2894311
2894296
2894296
2894311
2894296
2894281
2894266
2894251
2794027
2693499
2693674
2693624
2693734
2693365
2693315
2693365
2592837
2592822
2592647
2592278
2592582
2592517
2592213
2592163
2591492
2591477
2590806
2588341
2488117
2487942
2487573
2486483
2386484
2386115
2385746
2285762
2285091
2285041
2285026
2284355
2283684
2283699
2283684
2283509
2283444
2183525
2183460
2183395
2182290
2082306
2082241
2082416
1982497
1983602
1983427
1983252
1982581
1981476
1981107
1981778
1982147
1981476
1981107
1980738
1981409
1982080
1981409
1980304
1979633
1977938
1977267
1977636
1976596
1976596
1975556
1975556
1975491
1973796
1972691
1974386
1974321
1974146
1975251
1974882
1974513
1975618
1975987
1975812
1973347
1973412
1973347
1972978
1973153
1973218
1973153
1971458
1972129
1970434
1970803
1970132
1971827
1971892
1969427
1969362
1869378
1869203
1869268
1867573
1867508
1867333
1866228
1866053
1766054
1765879
1765510
1767975
1765510
1766615
1765944
1764839
1767304
1766633
1764168
1763799
1765494
1764823
1765494
1765125
1764454
1763349
1762244
1760549
1760724
1761093
1761158
1760983
1761158
1760053
1759878
1760053
1759988
1759813
1759444
1759075
1757380
1757205
1758310
1755845
1756516
1758211
1756516
1756885
1758580
1758211
1756516
1756885
1756516
1758211
1757540
1755845
1757540
1758211
1757540
1758211
1760676
1761045
1760676
1760005
1761700
1762805
1761700
1760595
1758900
1760005
1760676
1761045
1761414
1761589
1761414
1761045
1760374
1761479
1761110
1760005
1760676
1761045
1762150
1762821
1762452
1761781
1760676
1760005
1761700
1760005
1761700
1762069
1760374
1760005
1761110
1760005
1761110
1760005
1761700
1762805
1761700
1760005
1760676
1761781
1761110
1762805
1761110
1761781
1762150
1761781
1762452
1762821
1762996
3403571423
3320238090
3296428566
3246428566
3228571424
3195238090
3171428566
3153571424
===== simanneal =====
all iter   : 28414
accepted   : 290

